[CMD] /home/ryreu/miniconda3/envs/gals_a100/bin/python -u main.py --config configs/waterbirds_95_gals_vit.yaml --name rrr_waterbird_complete95_forest2water2_21047520_trial_000 DATA.ROOT=/home/ryreu/guided_cnn/waterbirds DATA.WATERBIRDS_DIR=waterbird_complete95_forest2water2 SEED=0 EXP.BASE.LR=0.0010000000000000002 EXP.CLASSIFIER.LR=9.999999999999991e-05 EXP.WEIGHT_DECAY=9.999999999999997e-06 EXP.AUX_LOSSES_ON_VAL=False EXP.LOSSES.GRADIENT_OUTSIDE.WEIGHT=10.000000000000002 EXP.NUM_EPOCHS=1
SEED: 0
DATA:
  BATCH_SIZE: 96
  NUM_WORKERS: 4
  SIZE: 224
  NORMALIZATION: imagenet
  ATTENTION_DIR: clip_vit_attention
  SEPARATE_CLASSES: false
  REMOVE_BACKGROUND: false
  ROOT: /home/ryreu/guided_cnn/waterbirds
  USE_CLASS_WEIGHTS: false
  USE_GROUP_WEIGHTS: false
  DATASET: waterbirds
  NUM_CLASSES: 2
  CONFOUNDING_FACTOR: 0.95
  WATERBIRDS_DIR: waterbird_complete95_forest2water2
EXP:
  NUM_TRIALS: 1
  LOSSES:
    CLASSIFICATION:
      WEIGHT: 1
    GRADIENT_OUTSIDE:
      COMPUTE: true
      LOG: false
      WEIGHT: 10.000000000000002
      CRITERION: L1
      GT: clip_vit
      COMBINE_ATT_MODE: average_nonzero
    GRADIENT_INSIDE:
      COMPUTE: false
      LOG: false
      WEIGHT: 1
      CRITERION: L1
      GT: segmentation
      COMBINE_ATT_MODE: average_nonzero
    GRADCAM:
      COMPUTE: false
      LOG: false
      WEIGHT: 1
      CRITERION: L1
      GT: segmentation
      MODE: match
      COMBINE_ATT_MODE: average_nonzero
  APPROACH: generic
  MODEL: resnet50
  PRETRAINED: true
  NUM_EPOCHS: 1
  OPTIMIZER: SGD
  WEIGHT_DECAY: 9.999999999999997e-06
  MOMENTUM: 0.9
  SCHEDULER: NONE
  BASE:
    LR: 0.0010000000000000002
  CLASSIFIER:
    LR: 9.999999999999991e-05
  AUX_LOSSES_ON_VAL: false
LOGGING:
  SAVE_EVERY: 0
  SAVE_BEST: true
  SAVE_LAST: false
  LOG_ATTENTION: false
  LOG_ATTENTION_STEP: 10
  SAVE_STATS_PATH: null
yaml: configs/waterbirds_95_gals_vit.yaml
name: rrr_waterbird_complete95_forest2water2_21047520_trial_000
test_checkpoint: null

WATERBIRDS DIR: /home/ryreu/guided_cnn/waterbirds/waterbird_complete95_forest2water2
NUMBER OF SAMPLES WITH LABEL Landbird: 3682
NUMBER OF SAMPLES WITH LABEL Waterbird: 1113
NUMBER OF SAMPLES WITH GROUP Land_on_Land: 3498
NUMBER OF SAMPLES WITH GROUP Land_on_Water: 184
NUMBER OF SAMPLES WITH GROUP Water_on_Land: 56
NUMBER OF SAMPLES WITH GROUP Water_on_Water: 1057
WATERBIRDS DIR: /home/ryreu/guided_cnn/waterbirds/waterbird_complete95_forest2water2
NUMBER OF SAMPLES WITH LABEL Landbird: 933
NUMBER OF SAMPLES WITH LABEL Waterbird: 266
NUMBER OF SAMPLES WITH GROUP Land_on_Land: 467
NUMBER OF SAMPLES WITH GROUP Land_on_Water: 466
NUMBER OF SAMPLES WITH GROUP Water_on_Land: 133
NUMBER OF SAMPLES WITH GROUP Water_on_Water: 133
NUM TRAIN: 4795

NUM VAL:   1199

Number classifier outputs: 1
Using pretrained model: True
USING SGD OPTIMIZER
class weights: None
group weights: None
WANDB DISABLED: skipping wandb.init()
EPOCH: 0

>>> TRAINING 


  0%|          | 0/50 [00:00<?, ?it/s]
  2%|▏         | 1/50 [00:05<04:52,  5.97s/it]
  4%|▍         | 2/50 [00:07<02:29,  3.11s/it]
  6%|▌         | 3/50 [00:08<01:43,  2.20s/it]
  8%|▊         | 4/50 [00:09<01:21,  1.77s/it]
 10%|█         | 5/50 [00:10<01:08,  1.53s/it]
 12%|█▏        | 6/50 [00:11<01:00,  1.38s/it]
 14%|█▍        | 7/50 [00:12<00:55,  1.29s/it]
 16%|█▌        | 8/50 [00:13<00:51,  1.23s/it]
 18%|█▊        | 9/50 [00:14<00:48,  1.19s/it]
 20%|██        | 10/50 [00:15<00:46,  1.16s/it]
 22%|██▏       | 11/50 [00:17<00:44,  1.14s/it]
 24%|██▍       | 12/50 [00:18<00:43,  1.13s/it]
 26%|██▌       | 13/50 [00:19<00:41,  1.12s/it]
 28%|██▊       | 14/50 [00:20<00:40,  1.12s/it]
 30%|███       | 15/50 [00:21<00:38,  1.11s/it]
 32%|███▏      | 16/50 [00:22<00:37,  1.11s/it]
 34%|███▍      | 17/50 [00:23<00:36,  1.11s/it]
 36%|███▌      | 18/50 [00:24<00:35,  1.10s/it]
 38%|███▊      | 19/50 [00:25<00:34,  1.10s/it]
 40%|████      | 20/50 [00:26<00:32,  1.09s/it]
 42%|████▏     | 21/50 [00:27<00:31,  1.09s/it]
 44%|████▍     | 22/50 [00:29<00:30,  1.09s/it]
 46%|████▌     | 23/50 [00:30<00:29,  1.09s/it]
 48%|████▊     | 24/50 [00:31<00:28,  1.09s/it]
 50%|█████     | 25/50 [00:32<00:27,  1.09s/it]
 52%|█████▏    | 26/50 [00:33<00:26,  1.09s/it]
 54%|█████▍    | 27/50 [00:34<00:25,  1.09s/it]
 56%|█████▌    | 28/50 [00:35<00:23,  1.09s/it]
 58%|█████▊    | 29/50 [00:36<00:22,  1.09s/it]
 60%|██████    | 30/50 [00:37<00:21,  1.09s/it]
 62%|██████▏   | 31/50 [00:38<00:20,  1.09s/it]
 64%|██████▍   | 32/50 [00:39<00:19,  1.09s/it]
 66%|██████▌   | 33/50 [00:41<00:18,  1.09s/it]
 68%|██████▊   | 34/50 [00:42<00:17,  1.09s/it]
 70%|███████   | 35/50 [00:43<00:16,  1.09s/it]
 72%|███████▏  | 36/50 [00:44<00:15,  1.09s/it]
 74%|███████▍  | 37/50 [00:45<00:14,  1.09s/it]
 76%|███████▌  | 38/50 [00:46<00:13,  1.09s/it]
 78%|███████▊  | 39/50 [00:47<00:11,  1.09s/it]
 80%|████████  | 40/50 [00:48<00:10,  1.09s/it]
 82%|████████▏ | 41/50 [00:49<00:09,  1.09s/it]
 84%|████████▍ | 42/50 [00:50<00:08,  1.09s/it]
 86%|████████▌ | 43/50 [00:51<00:07,  1.09s/it]
 88%|████████▊ | 44/50 [00:53<00:06,  1.09s/it]
 90%|█████████ | 45/50 [00:54<00:05,  1.09s/it]
 92%|█████████▏| 46/50 [00:55<00:04,  1.09s/it]
 94%|█████████▍| 47/50 [00:56<00:03,  1.09s/it]
 96%|█████████▌| 48/50 [00:57<00:02,  1.09s/it]
 98%|█████████▊| 49/50 [00:58<00:01,  1.09s/it]
100%|██████████| 50/50 [00:59<00:00,  1.08s/it]
100%|██████████| 50/50 [00:59<00:00,  1.19s/it]
>>> VALIDATING 


  0%|          | 0/13 [00:00<?, ?it/s]
  8%|▊         | 1/13 [00:02<00:27,  2.31s/it]
 23%|██▎       | 3/13 [00:02<00:06,  1.52it/s]
 38%|███▊      | 5/13 [00:03<00:04,  1.80it/s]
 54%|█████▍    | 7/13 [00:03<00:02,  2.83it/s]
 69%|██████▉   | 9/13 [00:04<00:01,  2.51it/s]
 85%|████████▍ | 11/13 [00:04<00:00,  3.50it/s]
100%|██████████| 13/13 [00:05<00:00,  3.93it/s]
100%|██████████| 13/13 [00:05<00:00,  2.55it/s]
>>> LOGGING 

BALANCED ACCS CHECKED FOR TRAIN
BALANCED ACCS CHECKED FOR VAL
train_acc: 0.7067778936392075
val_acc: 0.713094245204337
train_cls_loss: 0.49542282981345503
val_cls_loss: 0.52809833426392
train_total_loss: 0.4954488380111917
val_total_loss: 0.52809833426392
balanced_train_acc: 0.5683488260071946
balanced_val_acc: 0.5455459388019889
Land_on_Land_train_acc: 0.8319039451114922
Land_on_Land_val_acc: 0.9978586723768736
Land_on_Water_train_acc: 0.7282608695652174
Land_on_Water_val_acc: 0.6952789699570815
Water_on_Land_train_acc: 0.14285714285714285
Water_on_Land_val_acc: 0.007518796992481203
Water_on_Water_train_acc: 0.31882686849574265
Water_on_Water_val_acc: 0.48120300751879697
train_dydx_outside_clip_vit_loss: 2.6005404255294888e-05
train_acc_Landbird: 0.8267246061922868
train_acc_Waterbird: 0.30997304582210244
val_acc_Landbird: 0.8467309753483387
val_acc_Waterbird: 0.24436090225563908
TRAIN ACC:        0.7067778936392075
VAL ACC:          0.713094245204337
BALANCED VAL ACC: 0.5455459388019889
prev best list: []
Saving to trained_weights/waterbirds/rrr_waterbird_complete95_forest2water2_21047520_trial_000/best_balanced_valacc_0.55_epoch_0.ckpt
>>> EVALUATING ON TEST SET
WATERBIRDS DIR: /home/ryreu/guided_cnn/waterbirds/waterbird_complete95_forest2water2
NUMBER OF SAMPLES WITH LABEL Landbird: 4510
NUMBER OF SAMPLES WITH LABEL Waterbird: 1284
NUMBER OF SAMPLES WITH GROUP Land_on_Land: 2255
NUMBER OF SAMPLES WITH GROUP Land_on_Water: 2255
NUMBER OF SAMPLES WITH GROUP Water_on_Land: 642
NUMBER OF SAMPLES WITH GROUP Water_on_Water: 642
NUM TEST:   5794

Loaded checkpoint trained_weights/waterbirds/rrr_waterbird_complete95_forest2water2_21047520_trial_000/best_balanced_valacc_0.55_epoch_0.ckpt

  0%|          | 0/5794 [00:00<?, ?it/s]
  0%|          | 1/5794 [00:00<25:03,  3.85it/s]
  0%|          | 7/5794 [00:00<04:04, 23.70it/s]
  0%|          | 14/5794 [00:00<02:32, 37.88it/s]
  0%|          | 21/5794 [00:00<02:03, 46.81it/s]
  0%|          | 28/5794 [00:00<01:47, 53.72it/s]
  1%|          | 35/5794 [00:00<01:39, 57.61it/s]
  1%|          | 42/5794 [00:00<01:36, 59.86it/s]
  1%|          | 49/5794 [00:01<01:35, 59.85it/s]
  1%|          | 56/5794 [00:01<01:34, 60.42it/s]
  1%|          | 63/5794 [00:01<01:33, 61.02it/s]
  1%|          | 70/5794 [00:01<01:32, 61.58it/s]
  1%|▏         | 77/5794 [00:01<01:32, 61.73it/s]
  1%|▏         | 84/5794 [00:01<01:31, 62.22it/s]
  2%|▏         | 91/5794 [00:01<01:31, 62.20it/s]
  2%|▏         | 98/5794 [00:01<01:31, 62.18it/s]
  2%|▏         | 105/5794 [00:01<01:31, 62.22it/s]
  2%|▏         | 112/5794 [00:02<01:30, 62.47it/s]
  2%|▏         | 119/5794 [00:02<01:46, 53.51it/s]
  2%|▏         | 126/5794 [00:02<01:41, 55.93it/s]
  2%|▏         | 133/5794 [00:02<01:38, 57.67it/s]
  2%|▏         | 140/5794 [00:02<01:36, 58.70it/s]
  3%|▎         | 147/5794 [00:02<01:34, 59.61it/s]
  3%|▎         | 154/5794 [00:02<01:33, 60.57it/s]
  3%|▎         | 161/5794 [00:02<01:33, 60.54it/s]
  3%|▎         | 168/5794 [00:02<01:31, 61.48it/s]
  3%|▎         | 175/5794 [00:03<01:31, 61.70it/s]
  3%|▎         | 182/5794 [00:03<01:30, 61.90it/s]
  3%|▎         | 189/5794 [00:03<01:27, 63.90it/s]
  3%|▎         | 197/5794 [00:03<01:24, 65.93it/s]
  4%|▎         | 205/5794 [00:03<01:23, 67.29it/s]
  4%|▎         | 212/5794 [00:03<01:23, 66.53it/s]
  4%|▍         | 219/5794 [00:03<01:25, 65.41it/s]
  4%|▍         | 226/5794 [00:03<01:26, 64.38it/s]
  4%|▍         | 233/5794 [00:03<01:27, 63.80it/s]
  4%|▍         | 240/5794 [00:04<01:27, 63.33it/s]
  4%|▍         | 247/5794 [00:04<01:28, 62.82it/s]
  4%|▍         | 254/5794 [00:04<01:28, 62.57it/s]
  5%|▍         | 261/5794 [00:04<01:28, 62.46it/s]
  5%|▍         | 268/5794 [00:04<01:28, 62.52it/s]
  5%|▍         | 275/5794 [00:04<01:29, 61.33it/s]
  5%|▍         | 282/5794 [00:04<01:28, 62.11it/s]
  5%|▍         | 289/5794 [00:04<01:28, 62.30it/s]
  5%|▌         | 296/5794 [00:05<01:29, 61.66it/s]
  5%|▌         | 303/5794 [00:05<01:27, 62.64it/s]
  5%|▌         | 310/5794 [00:05<01:27, 62.76it/s]
  5%|▌         | 317/5794 [00:05<01:27, 62.63it/s]
  6%|▌         | 324/5794 [00:05<01:27, 62.69it/s]
  6%|▌         | 331/5794 [00:05<01:27, 62.64it/s]
  6%|▌         | 338/5794 [00:05<01:27, 62.24it/s]
  6%|▌         | 345/5794 [00:05<01:27, 62.59it/s]
  6%|▌         | 352/5794 [00:05<01:28, 61.84it/s]
  6%|▌         | 359/5794 [00:06<01:27, 62.28it/s]
  6%|▋         | 366/5794 [00:06<01:27, 62.26it/s]
  6%|▋         | 373/5794 [00:06<01:26, 62.38it/s]
  7%|▋         | 380/5794 [00:06<01:27, 62.11it/s]
  7%|▋         | 387/5794 [00:06<01:26, 62.53it/s]
  7%|▋         | 394/5794 [00:06<01:26, 62.62it/s]
  7%|▋         | 401/5794 [00:06<01:26, 62.31it/s]
  7%|▋         | 409/5794 [00:06<01:22, 64.89it/s]
  7%|▋         | 416/5794 [00:06<01:21, 66.27it/s]
  7%|▋         | 424/5794 [00:07<01:19, 67.62it/s]
  7%|▋         | 432/5794 [00:07<01:18, 68.54it/s]
  8%|▊         | 439/5794 [00:07<01:17, 68.69it/s]
  8%|▊         | 446/5794 [00:07<01:17, 68.73it/s]
  8%|▊         | 454/5794 [00:07<01:16, 69.62it/s]
  8%|▊         | 462/5794 [00:07<01:16, 69.87it/s]
  8%|▊         | 470/5794 [00:07<01:15, 70.06it/s]
  8%|▊         | 478/5794 [00:07<01:15, 70.31it/s]
  8%|▊         | 486/5794 [00:07<01:15, 70.17it/s]
  9%|▊         | 494/5794 [00:08<01:15, 70.14it/s]
  9%|▊         | 502/5794 [00:08<01:15, 70.12it/s]
  9%|▉         | 510/5794 [00:08<01:14, 70.63it/s]
  9%|▉         | 518/5794 [00:08<01:14, 70.51it/s]
  9%|▉         | 526/5794 [00:08<01:14, 70.57it/s]
  9%|▉         | 534/5794 [00:08<01:14, 70.45it/s]
  9%|▉         | 542/5794 [00:08<01:14, 70.48it/s]
  9%|▉         | 550/5794 [00:08<01:14, 70.29it/s]
 10%|▉         | 558/5794 [00:08<01:14, 70.39it/s]
 10%|▉         | 566/5794 [00:09<01:14, 70.33it/s]
 10%|▉         | 574/5794 [00:09<01:14, 70.20it/s]
 10%|█         | 582/5794 [00:09<01:15, 69.40it/s]
 10%|█         | 589/5794 [00:09<01:15, 69.28it/s]
 10%|█         | 597/5794 [00:09<01:14, 70.04it/s]
 10%|█         | 605/5794 [00:09<01:16, 68.14it/s]
 11%|█         | 612/5794 [00:09<01:17, 66.65it/s]
 11%|█         | 619/5794 [00:09<01:19, 65.42it/s]
 11%|█         | 626/5794 [00:09<01:20, 64.44it/s]
 11%|█         | 633/5794 [00:10<01:20, 63.99it/s]
 11%|█         | 640/5794 [00:10<01:20, 64.06it/s]
 11%|█         | 647/5794 [00:10<01:20, 63.67it/s]
 11%|█▏        | 654/5794 [00:10<01:20, 64.02it/s]
 11%|█▏        | 662/5794 [00:10<01:17, 66.09it/s]
 12%|█▏        | 669/5794 [00:10<01:16, 67.03it/s]
 12%|█▏        | 677/5794 [00:10<01:14, 68.24it/s]
 12%|█▏        | 685/5794 [00:10<01:14, 68.86it/s]
 12%|█▏        | 693/5794 [00:10<01:13, 69.34it/s]
 12%|█▏        | 701/5794 [00:11<01:13, 69.67it/s]
 12%|█▏        | 709/5794 [00:11<01:12, 70.04it/s]
 12%|█▏        | 717/5794 [00:11<01:12, 70.18it/s]
 13%|█▎        | 725/5794 [00:11<01:12, 70.31it/s]
 13%|█▎        | 733/5794 [00:11<01:12, 70.24it/s]
 13%|█▎        | 741/5794 [00:11<01:11, 70.33it/s]
 13%|█▎        | 749/5794 [00:11<01:12, 69.78it/s]
 13%|█▎        | 757/5794 [00:11<01:11, 69.97it/s]
 13%|█▎        | 764/5794 [00:11<01:11, 69.96it/s]
 13%|█▎        | 771/5794 [00:12<01:12, 69.70it/s]
 13%|█▎        | 779/5794 [00:12<01:11, 70.19it/s]
 14%|█▎        | 787/5794 [00:12<01:11, 69.91it/s]
 14%|█▎        | 794/5794 [00:12<01:11, 69.84it/s]
 14%|█▍        | 802/5794 [00:12<01:11, 69.98it/s]
 14%|█▍        | 810/5794 [00:12<01:11, 70.11it/s]
 14%|█▍        | 818/5794 [00:12<01:11, 70.06it/s]
 14%|█▍        | 826/5794 [00:12<01:10, 70.20it/s]
 14%|█▍        | 834/5794 [00:12<01:10, 69.92it/s]
 15%|█▍        | 842/5794 [00:13<01:10, 70.42it/s]
 15%|█▍        | 850/5794 [00:13<01:10, 69.86it/s]
 15%|█▍        | 858/5794 [00:13<01:09, 70.54it/s]
 15%|█▍        | 866/5794 [00:13<01:10, 69.70it/s]
 15%|█▌        | 874/5794 [00:13<01:11, 69.25it/s]
 15%|█▌        | 882/5794 [00:21<26:36,  3.08it/s]
 15%|█▌        | 890/5794 [00:22<18:54,  4.32it/s]
 15%|█▌        | 898/5794 [00:22<13:33,  6.02it/s]
 16%|█▌        | 905/5794 [00:22<10:10,  8.01it/s]
 16%|█▌        | 912/5794 [00:22<07:38, 10.65it/s]
 16%|█▌        | 920/5794 [00:22<05:35, 14.53it/s]
 16%|█▌        | 927/5794 [00:22<04:20, 18.71it/s]
 16%|█▌        | 934/5794 [00:22<03:26, 23.59it/s]
 16%|█▋        | 942/5794 [00:22<02:41, 30.03it/s]
 16%|█▋        | 950/5794 [00:22<02:12, 36.52it/s]
 17%|█▋        | 957/5794 [00:22<01:54, 42.18it/s]
 17%|█▋        | 965/5794 [00:23<01:39, 48.35it/s]
 17%|█▋        | 973/5794 [00:23<01:30, 53.51it/s]
 17%|█▋        | 981/5794 [00:23<01:23, 57.81it/s]
 17%|█▋        | 989/5794 [00:23<01:19, 60.55it/s]
 17%|█▋        | 997/5794 [00:23<01:15, 63.74it/s]
 17%|█▋        | 1005/5794 [00:23<01:13, 65.42it/s]
 17%|█▋        | 1013/5794 [00:23<01:11, 66.75it/s]
 18%|█▊        | 1021/5794 [00:23<01:10, 67.82it/s]
 18%|█▊        | 1029/5794 [00:23<01:09, 68.60it/s]
 18%|█▊        | 1037/5794 [00:24<01:08, 69.04it/s]
 18%|█▊        | 1045/5794 [00:24<01:08, 69.52it/s]
 18%|█▊        | 1053/5794 [00:24<01:08, 69.60it/s]
 18%|█▊        | 1061/5794 [00:24<01:07, 69.80it/s]
 18%|█▊        | 1069/5794 [00:24<01:07, 69.80it/s]
 19%|█▊        | 1077/5794 [00:24<01:07, 70.02it/s]
 19%|█▊        | 1085/5794 [00:24<01:07, 70.04it/s]
 19%|█▉        | 1093/5794 [00:24<01:07, 70.11it/s]
 19%|█▉        | 1101/5794 [00:25<01:08, 68.71it/s]
 19%|█▉        | 1109/5794 [00:25<01:07, 69.66it/s]
 19%|█▉        | 1116/5794 [00:25<01:09, 67.05it/s]
 19%|█▉        | 1123/5794 [00:25<01:10, 66.08it/s]
 20%|█▉        | 1130/5794 [00:25<01:11, 65.34it/s]
 20%|█▉        | 1137/5794 [00:25<01:12, 64.52it/s]
 20%|█▉        | 1144/5794 [00:25<01:12, 64.13it/s]
 20%|█▉        | 1151/5794 [00:25<01:13, 63.44it/s]
 20%|█▉        | 1158/5794 [00:25<01:13, 63.30it/s]
 20%|██        | 1165/5794 [00:26<01:13, 63.16it/s]
 20%|██        | 1172/5794 [00:26<01:13, 62.93it/s]
 20%|██        | 1179/5794 [00:26<01:13, 62.93it/s]
 20%|██        | 1186/5794 [00:26<01:13, 62.72it/s]
 21%|██        | 1193/5794 [00:26<01:13, 62.72it/s]
 21%|██        | 1200/5794 [00:26<01:11, 64.67it/s]
 21%|██        | 1208/5794 [00:26<01:09, 66.43it/s]
 21%|██        | 1216/5794 [00:26<01:07, 67.59it/s]
 21%|██        | 1223/5794 [00:26<01:07, 67.48it/s]
 21%|██        | 1230/5794 [00:27<01:08, 66.36it/s]
 21%|██▏       | 1237/5794 [00:27<01:09, 65.13it/s]
 21%|██▏       | 1244/5794 [00:27<01:10, 64.32it/s]
 22%|██▏       | 1251/5794 [00:27<01:10, 64.02it/s]
 22%|██▏       | 1258/5794 [00:27<01:11, 63.60it/s]
 22%|██▏       | 1265/5794 [00:27<01:11, 63.16it/s]
 22%|██▏       | 1272/5794 [00:27<01:11, 62.87it/s]
 22%|██▏       | 1279/5794 [00:27<01:11, 62.72it/s]
 22%|██▏       | 1286/5794 [00:27<01:12, 62.29it/s]
 22%|██▏       | 1293/5794 [00:28<01:12, 62.24it/s]
 22%|██▏       | 1300/5794 [00:28<01:11, 62.47it/s]
 23%|██▎       | 1307/5794 [00:28<01:11, 62.40it/s]
 23%|██▎       | 1314/5794 [00:28<01:11, 62.54it/s]
 23%|██▎       | 1321/5794 [00:28<01:11, 62.55it/s]
 23%|██▎       | 1328/5794 [00:28<01:11, 62.61it/s]
 23%|██▎       | 1335/5794 [00:28<01:11, 62.56it/s]
 23%|██▎       | 1342/5794 [00:28<01:11, 62.56it/s]
 23%|██▎       | 1349/5794 [00:28<01:11, 62.54it/s]
 23%|██▎       | 1356/5794 [00:29<01:10, 62.60it/s]
 24%|██▎       | 1363/5794 [00:29<01:10, 62.73it/s]
 24%|██▎       | 1370/5794 [00:29<01:10, 62.64it/s]
 24%|██▍       | 1377/5794 [00:29<01:10, 62.56it/s]
 24%|██▍       | 1384/5794 [00:29<01:10, 62.76it/s]
 24%|██▍       | 1391/5794 [00:29<01:10, 62.64it/s]
 24%|██▍       | 1398/5794 [00:29<01:10, 62.67it/s]
 24%|██▍       | 1405/5794 [00:29<01:10, 62.45it/s]
 24%|██▍       | 1412/5794 [00:29<01:10, 62.59it/s]
 24%|██▍       | 1419/5794 [00:30<01:09, 62.63it/s]
 25%|██▍       | 1426/5794 [00:30<01:09, 62.58it/s]
 25%|██▍       | 1433/5794 [00:30<01:09, 62.49it/s]
 25%|██▍       | 1440/5794 [00:30<01:09, 62.58it/s]
 25%|██▍       | 1447/5794 [00:30<01:09, 62.69it/s]
 25%|██▌       | 1454/5794 [00:30<01:09, 62.57it/s]
 25%|██▌       | 1461/5794 [00:30<01:09, 62.75it/s]
 25%|██▌       | 1468/5794 [00:30<01:09, 62.54it/s]
 25%|██▌       | 1475/5794 [00:30<01:08, 62.72it/s]
 26%|██▌       | 1482/5794 [00:31<01:08, 62.70it/s]
 26%|██▌       | 1489/5794 [00:31<01:09, 62.38it/s]
 26%|██▌       | 1496/5794 [00:31<01:08, 62.91it/s]
 26%|██▌       | 1503/5794 [00:31<01:08, 62.85it/s]
 26%|██▌       | 1510/5794 [00:31<01:08, 62.83it/s]
 26%|██▌       | 1517/5794 [00:31<01:08, 62.74it/s]
 26%|██▋       | 1524/5794 [00:31<01:08, 62.61it/s]
 26%|██▋       | 1531/5794 [00:31<01:08, 62.63it/s]
 27%|██▋       | 1538/5794 [00:31<01:07, 62.67it/s]
 27%|██▋       | 1545/5794 [00:32<01:08, 62.19it/s]
 27%|██▋       | 1552/5794 [00:32<01:07, 62.66it/s]
 27%|██▋       | 1559/5794 [00:32<01:08, 62.17it/s]
 27%|██▋       | 1566/5794 [00:32<01:07, 62.19it/s]
 27%|██▋       | 1573/5794 [00:32<01:07, 62.22it/s]
 27%|██▋       | 1580/5794 [00:32<01:07, 62.43it/s]
 27%|██▋       | 1587/5794 [00:32<01:07, 62.32it/s]
 28%|██▊       | 1594/5794 [00:32<01:07, 62.22it/s]
 28%|██▊       | 1601/5794 [00:32<01:07, 62.38it/s]
 28%|██▊       | 1608/5794 [00:33<01:07, 62.03it/s]
 28%|██▊       | 1615/5794 [00:33<01:06, 62.37it/s]
 28%|██▊       | 1622/5794 [00:33<01:06, 62.43it/s]
 28%|██▊       | 1629/5794 [00:33<01:06, 62.31it/s]
 28%|██▊       | 1636/5794 [00:33<01:06, 62.41it/s]
 28%|██▊       | 1643/5794 [00:33<01:06, 62.47it/s]
 28%|██▊       | 1650/5794 [00:33<01:06, 62.59it/s]
 29%|██▊       | 1657/5794 [00:33<01:06, 62.62it/s]
 29%|██▊       | 1664/5794 [00:33<01:04, 64.21it/s]
 29%|██▉       | 1672/5794 [00:34<01:02, 66.47it/s]
 29%|██▉       | 1680/5794 [00:34<01:00, 67.80it/s]
 29%|██▉       | 1688/5794 [00:34<00:59, 68.83it/s]
 29%|██▉       | 1696/5794 [00:34<00:58, 69.53it/s]
 29%|██▉       | 1703/5794 [00:34<00:59, 68.58it/s]
 30%|██▉       | 1710/5794 [00:34<01:01, 66.77it/s]
 30%|██▉       | 1717/5794 [00:34<01:02, 65.75it/s]
 30%|██▉       | 1724/5794 [00:34<01:02, 65.13it/s]
 30%|██▉       | 1731/5794 [00:34<01:03, 64.30it/s]
 30%|██▉       | 1738/5794 [00:35<01:03, 63.90it/s]
 30%|███       | 1745/5794 [00:35<01:03, 63.40it/s]
 30%|███       | 1752/5794 [00:35<01:03, 63.32it/s]
 30%|███       | 1759/5794 [00:35<01:03, 63.41it/s]
 30%|███       | 1766/5794 [00:35<01:03, 63.12it/s]
 31%|███       | 1773/5794 [00:35<01:03, 63.17it/s]
 31%|███       | 1780/5794 [00:35<01:03, 63.01it/s]
 31%|███       | 1787/5794 [00:35<01:04, 62.54it/s]
 31%|███       | 1794/5794 [00:35<01:04, 62.40it/s]
 31%|███       | 1801/5794 [00:36<01:03, 62.60it/s]
 31%|███       | 1808/5794 [00:36<01:03, 62.69it/s]
 31%|███▏      | 1815/5794 [00:36<01:03, 62.72it/s]
 31%|███▏      | 1822/5794 [00:36<01:03, 62.68it/s]
 32%|███▏      | 1829/5794 [00:36<01:03, 62.57it/s]
 32%|███▏      | 1836/5794 [00:36<01:03, 62.59it/s]
 32%|███▏      | 1843/5794 [00:36<01:03, 62.66it/s]
 32%|███▏      | 1850/5794 [00:36<01:03, 62.44it/s]
 32%|███▏      | 1857/5794 [00:36<01:02, 62.68it/s]
 32%|███▏      | 1864/5794 [00:37<01:02, 62.74it/s]
 32%|███▏      | 1871/5794 [00:37<01:02, 62.68it/s]
 32%|███▏      | 1878/5794 [00:37<01:01, 63.75it/s]
 33%|███▎      | 1886/5794 [00:37<00:59, 65.99it/s]
 33%|███▎      | 1894/5794 [00:37<00:57, 67.50it/s]
 33%|███▎      | 1902/5794 [00:37<00:56, 68.51it/s]
 33%|███▎      | 1910/5794 [00:37<00:56, 69.18it/s]
 33%|███▎      | 1918/5794 [00:37<00:55, 69.75it/s]
 33%|███▎      | 1926/5794 [00:37<00:55, 70.28it/s]
 33%|███▎      | 1934/5794 [00:38<00:54, 70.41it/s]
 34%|███▎      | 1942/5794 [00:38<00:54, 70.34it/s]
 34%|███▎      | 1950/5794 [00:38<00:54, 70.75it/s]
 34%|███▍      | 1958/5794 [00:38<00:53, 71.33it/s]
 34%|███▍      | 1966/5794 [00:38<00:54, 70.79it/s]
 34%|███▍      | 1974/5794 [00:38<00:53, 71.23it/s]
 34%|███▍      | 1982/5794 [00:38<00:53, 70.91it/s]
 34%|███▍      | 1990/5794 [00:38<00:53, 70.98it/s]
 34%|███▍      | 1998/5794 [00:38<00:54, 69.51it/s]
 35%|███▍      | 2006/5794 [00:39<00:53, 70.33it/s]
 35%|███▍      | 2014/5794 [00:39<00:53, 70.30it/s]
 35%|███▍      | 2022/5794 [00:39<00:53, 69.95it/s]
 35%|███▌      | 2029/5794 [00:39<00:55, 67.96it/s]
 35%|███▌      | 2036/5794 [00:39<00:56, 66.46it/s]
 35%|███▌      | 2043/5794 [00:39<00:57, 65.01it/s]
 35%|███▌      | 2050/5794 [00:39<00:58, 64.32it/s]
 36%|███▌      | 2057/5794 [00:39<00:58, 63.82it/s]
 36%|███▌      | 2064/5794 [00:39<00:58, 63.24it/s]
 36%|███▌      | 2071/5794 [00:40<00:59, 63.03it/s]
 36%|███▌      | 2078/5794 [00:40<00:59, 62.64it/s]
 36%|███▌      | 2085/5794 [00:40<00:59, 62.52it/s]
 36%|███▌      | 2092/5794 [00:40<00:59, 62.66it/s]
 36%|███▌      | 2099/5794 [00:40<00:58, 62.78it/s]
 36%|███▋      | 2106/5794 [00:40<00:58, 62.82it/s]
 36%|███▋      | 2113/5794 [00:40<00:58, 62.68it/s]
 37%|███▋      | 2120/5794 [00:40<00:58, 62.72it/s]
 37%|███▋      | 2127/5794 [00:41<00:58, 62.76it/s]
 37%|███▋      | 2134/5794 [00:41<00:58, 62.68it/s]
 37%|███▋      | 2141/5794 [00:41<00:58, 62.10it/s]
 37%|███▋      | 2148/5794 [00:41<00:58, 61.87it/s]
 37%|███▋      | 2155/5794 [00:41<00:58, 62.61it/s]
 37%|███▋      | 2162/5794 [00:41<00:57, 62.69it/s]
 37%|███▋      | 2169/5794 [00:41<00:57, 62.71it/s]
 38%|███▊      | 2176/5794 [00:41<00:57, 62.71it/s]
 38%|███▊      | 2183/5794 [00:41<00:57, 62.67it/s]
 38%|███▊      | 2190/5794 [00:42<00:57, 62.79it/s]
 38%|███▊      | 2197/5794 [00:42<00:57, 62.67it/s]
 38%|███▊      | 2204/5794 [00:42<00:57, 62.50it/s]
 38%|███▊      | 2211/5794 [00:42<00:57, 62.47it/s]
 38%|███▊      | 2218/5794 [00:42<00:57, 62.52it/s]
 38%|███▊      | 2225/5794 [00:42<00:56, 62.70it/s]
 39%|███▊      | 2232/5794 [00:42<00:56, 62.51it/s]
 39%|███▊      | 2239/5794 [00:42<00:56, 62.63it/s]
 39%|███▉      | 2246/5794 [00:42<00:56, 62.45it/s]
 39%|███▉      | 2253/5794 [00:43<00:56, 62.86it/s]
 39%|███▉      | 2260/5794 [00:43<00:56, 62.80it/s]
 39%|███▉      | 2267/5794 [00:43<00:56, 62.70it/s]
 39%|███▉      | 2274/5794 [00:43<00:56, 62.73it/s]
 39%|███▉      | 2281/5794 [00:43<00:55, 62.85it/s]
 39%|███▉      | 2288/5794 [00:43<00:55, 62.68it/s]
 40%|███▉      | 2295/5794 [00:43<00:55, 62.64it/s]
 40%|███▉      | 2302/5794 [00:43<00:56, 61.96it/s]
 40%|███▉      | 2309/5794 [00:43<00:56, 62.17it/s]
 40%|███▉      | 2316/5794 [00:44<00:55, 62.43it/s]
 40%|████      | 2323/5794 [00:44<00:55, 62.12it/s]
 40%|████      | 2330/5794 [00:44<00:55, 62.15it/s]
 40%|████      | 2337/5794 [00:44<00:55, 61.93it/s]
 40%|████      | 2344/5794 [00:44<00:55, 62.17it/s]
 41%|████      | 2351/5794 [00:44<00:55, 62.24it/s]
 41%|████      | 2358/5794 [00:44<00:55, 62.00it/s]
 41%|████      | 2365/5794 [00:44<00:54, 62.50it/s]
 41%|████      | 2372/5794 [00:44<00:55, 62.20it/s]
 41%|████      | 2379/5794 [00:45<00:54, 62.38it/s]
 41%|████      | 2386/5794 [00:45<00:54, 62.40it/s]
 41%|████▏     | 2393/5794 [00:45<00:54, 62.33it/s]
 41%|████▏     | 2400/5794 [00:45<00:54, 62.44it/s]
 42%|████▏     | 2407/5794 [00:45<00:54, 62.15it/s]
 42%|████▏     | 2414/5794 [00:45<00:54, 62.48it/s]
 42%|████▏     | 2421/5794 [00:45<00:54, 62.43it/s]
 42%|████▏     | 2428/5794 [00:45<00:53, 62.60it/s]
 42%|████▏     | 2435/5794 [00:45<00:53, 62.71it/s]
 42%|████▏     | 2442/5794 [00:46<00:53, 62.64it/s]
 42%|████▏     | 2449/5794 [00:46<00:53, 62.74it/s]
 42%|████▏     | 2456/5794 [00:46<00:51, 64.55it/s]
 43%|████▎     | 2464/5794 [00:46<00:49, 66.70it/s]
 43%|████▎     | 2471/5794 [00:46<00:49, 67.36it/s]
 43%|████▎     | 2479/5794 [00:46<00:48, 68.91it/s]
 43%|████▎     | 2487/5794 [00:46<00:47, 69.53it/s]
 43%|████▎     | 2495/5794 [00:46<00:47, 70.06it/s]
 43%|████▎     | 2503/5794 [00:46<00:46, 70.33it/s]
 43%|████▎     | 2511/5794 [00:47<00:46, 70.44it/s]
 43%|████▎     | 2519/5794 [00:47<00:46, 70.77it/s]
 44%|████▎     | 2527/5794 [00:47<00:46, 70.40it/s]
 44%|████▍     | 2535/5794 [00:47<00:46, 70.53it/s]
 44%|████▍     | 2543/5794 [00:47<00:46, 70.54it/s]
 44%|████▍     | 2551/5794 [00:47<00:45, 70.55it/s]
 44%|████▍     | 2559/5794 [00:47<00:45, 70.67it/s]
 44%|████▍     | 2567/5794 [00:47<00:45, 70.76it/s]
 44%|████▍     | 2575/5794 [00:47<00:45, 70.67it/s]
 45%|████▍     | 2583/5794 [00:48<00:45, 70.86it/s]
 45%|████▍     | 2591/5794 [00:48<00:45, 70.89it/s]
 45%|████▍     | 2599/5794 [00:48<00:44, 71.08it/s]
 45%|████▍     | 2607/5794 [00:48<00:44, 70.95it/s]
 45%|████▌     | 2615/5794 [00:48<00:44, 71.11it/s]
 45%|████▌     | 2623/5794 [00:48<00:44, 71.10it/s]
 45%|████▌     | 2631/5794 [00:48<00:44, 70.92it/s]
 46%|████▌     | 2639/5794 [00:48<00:44, 70.57it/s]
 46%|████▌     | 2647/5794 [00:48<00:44, 70.81it/s]
 46%|████▌     | 2655/5794 [00:49<00:44, 70.53it/s]
 46%|████▌     | 2663/5794 [00:49<00:44, 70.43it/s]
 46%|████▌     | 2671/5794 [00:49<00:44, 70.60it/s]
 46%|████▌     | 2679/5794 [00:49<00:44, 70.18it/s]
 46%|████▋     | 2687/5794 [00:49<00:43, 70.69it/s]
 47%|████▋     | 2695/5794 [00:49<00:43, 70.72it/s]
 47%|████▋     | 2703/5794 [00:49<00:43, 70.82it/s]
 47%|████▋     | 2711/5794 [00:49<00:43, 70.88it/s]
 47%|████▋     | 2719/5794 [00:49<00:43, 70.91it/s]
 47%|████▋     | 2727/5794 [00:50<00:43, 70.46it/s]
 47%|████▋     | 2735/5794 [00:50<00:43, 70.80it/s]
 47%|████▋     | 2743/5794 [00:50<00:43, 70.81it/s]
 47%|████▋     | 2751/5794 [00:50<00:42, 70.87it/s]
 48%|████▊     | 2759/5794 [00:50<00:42, 70.66it/s]
 48%|████▊     | 2767/5794 [00:50<00:42, 70.64it/s]
 48%|████▊     | 2775/5794 [00:50<00:43, 69.51it/s]
 48%|████▊     | 2783/5794 [00:50<00:42, 70.43it/s]
 48%|████▊     | 2791/5794 [00:50<00:42, 70.40it/s]
 48%|████▊     | 2799/5794 [00:51<00:42, 70.32it/s]
 48%|████▊     | 2807/5794 [00:51<00:42, 70.63it/s]
 49%|████▊     | 2815/5794 [00:51<00:42, 70.59it/s]
 49%|████▊     | 2823/5794 [00:51<00:42, 70.46it/s]
 49%|████▉     | 2831/5794 [00:51<00:42, 70.46it/s]
 49%|████▉     | 2839/5794 [00:51<00:41, 70.81it/s]
 49%|████▉     | 2847/5794 [00:51<00:41, 70.77it/s]
 49%|████▉     | 2855/5794 [00:51<00:41, 70.81it/s]
 49%|████▉     | 2863/5794 [00:52<00:41, 70.62it/s]
 50%|████▉     | 2871/5794 [00:52<00:41, 70.58it/s]
 50%|████▉     | 2879/5794 [00:52<00:41, 70.34it/s]
 50%|████▉     | 2887/5794 [00:52<00:41, 70.49it/s]
 50%|████▉     | 2895/5794 [00:52<00:41, 70.55it/s]
 50%|█████     | 2903/5794 [00:52<00:40, 70.84it/s]
 50%|█████     | 2911/5794 [00:52<00:40, 70.87it/s]
 50%|█████     | 2919/5794 [00:52<00:40, 70.96it/s]
 51%|█████     | 2927/5794 [00:52<00:40, 70.84it/s]
 51%|█████     | 2935/5794 [00:53<00:40, 70.39it/s]
 51%|█████     | 2943/5794 [00:53<00:40, 70.55it/s]
 51%|█████     | 2951/5794 [00:53<00:40, 70.38it/s]
 51%|█████     | 2959/5794 [00:53<00:40, 70.67it/s]
 51%|█████     | 2967/5794 [00:53<00:40, 70.61it/s]
 51%|█████▏    | 2975/5794 [00:53<00:39, 70.63it/s]
 51%|█████▏    | 2983/5794 [00:53<00:39, 70.74it/s]
 52%|█████▏    | 2991/5794 [00:53<00:39, 70.87it/s]
 52%|█████▏    | 2999/5794 [00:53<00:39, 70.69it/s]
 52%|█████▏    | 3007/5794 [00:54<00:39, 70.83it/s]
 52%|█████▏    | 3015/5794 [00:54<00:39, 70.98it/s]
 52%|█████▏    | 3023/5794 [00:54<00:38, 71.20it/s]
 52%|█████▏    | 3031/5794 [00:54<00:38, 71.00it/s]
 52%|█████▏    | 3039/5794 [00:54<00:39, 70.51it/s]
 53%|█████▎    | 3047/5794 [00:54<00:38, 71.39it/s]
 53%|█████▎    | 3055/5794 [00:54<00:38, 71.35it/s]
 53%|█████▎    | 3063/5794 [00:54<00:38, 70.98it/s]
 53%|█████▎    | 3071/5794 [00:54<00:38, 70.15it/s]
 53%|█████▎    | 3079/5794 [00:55<00:38, 70.13it/s]
 53%|█████▎    | 3087/5794 [00:55<00:38, 70.39it/s]
 53%|█████▎    | 3095/5794 [00:55<00:37, 71.06it/s]
 54%|█████▎    | 3103/5794 [00:55<00:37, 70.87it/s]
 54%|█████▎    | 3111/5794 [00:55<00:37, 70.97it/s]
 54%|█████▍    | 3119/5794 [00:55<00:37, 70.93it/s]
 54%|█████▍    | 3127/5794 [00:55<00:37, 70.91it/s]
 54%|█████▍    | 3135/5794 [00:55<00:37, 70.63it/s]
 54%|█████▍    | 3143/5794 [00:55<00:37, 70.94it/s]
 54%|█████▍    | 3151/5794 [00:56<00:37, 70.88it/s]
 55%|█████▍    | 3159/5794 [00:56<00:37, 70.58it/s]
 55%|█████▍    | 3167/5794 [00:56<00:37, 70.82it/s]
 55%|█████▍    | 3175/5794 [00:56<00:36, 70.84it/s]
 55%|█████▍    | 3183/5794 [00:56<00:36, 70.80it/s]
 55%|█████▌    | 3191/5794 [00:56<00:36, 70.76it/s]
 55%|█████▌    | 3199/5794 [00:56<00:37, 70.03it/s]
 55%|█████▌    | 3207/5794 [00:56<00:36, 70.28it/s]
 55%|█████▌    | 3215/5794 [00:56<00:36, 70.64it/s]
 56%|█████▌    | 3223/5794 [00:57<00:36, 70.72it/s]
 56%|█████▌    | 3231/5794 [00:57<00:36, 70.55it/s]
 56%|█████▌    | 3239/5794 [00:57<00:36, 70.40it/s]
 56%|█████▌    | 3247/5794 [00:57<00:36, 70.57it/s]
 56%|█████▌    | 3255/5794 [00:57<00:35, 70.68it/s]
 56%|█████▋    | 3263/5794 [00:57<00:35, 70.31it/s]
 56%|█████▋    | 3271/5794 [00:57<00:35, 70.54it/s]
 57%|█████▋    | 3279/5794 [00:57<00:35, 70.78it/s]
 57%|█████▋    | 3287/5794 [00:58<00:35, 70.70it/s]
 57%|█████▋    | 3295/5794 [00:58<00:35, 70.74it/s]
 57%|█████▋    | 3303/5794 [00:58<00:35, 70.60it/s]
 57%|█████▋    | 3311/5794 [00:58<00:35, 70.75it/s]
 57%|█████▋    | 3319/5794 [00:58<00:34, 70.73it/s]
 57%|█████▋    | 3327/5794 [00:58<00:34, 70.81it/s]
 58%|█████▊    | 3335/5794 [00:58<00:34, 70.90it/s]
 58%|█████▊    | 3343/5794 [00:58<00:35, 69.91it/s]
 58%|█████▊    | 3350/5794 [00:58<00:34, 69.93it/s]
 58%|█████▊    | 3358/5794 [00:59<00:34, 70.75it/s]
 58%|█████▊    | 3366/5794 [00:59<00:34, 70.14it/s]
 58%|█████▊    | 3374/5794 [00:59<00:34, 70.92it/s]
 58%|█████▊    | 3382/5794 [00:59<00:34, 70.93it/s]
 59%|█████▊    | 3390/5794 [00:59<00:34, 70.62it/s]
 59%|█████▊    | 3398/5794 [00:59<00:33, 70.59it/s]
 59%|█████▉    | 3406/5794 [00:59<00:33, 70.54it/s]
 59%|█████▉    | 3414/5794 [00:59<00:33, 70.47it/s]
 59%|█████▉    | 3422/5794 [00:59<00:33, 70.97it/s]
 59%|█████▉    | 3430/5794 [01:00<00:33, 70.84it/s]
 59%|█████▉    | 3438/5794 [01:00<00:33, 70.90it/s]
 59%|█████▉    | 3446/5794 [01:00<00:33, 70.99it/s]
 60%|█████▉    | 3454/5794 [01:00<00:32, 71.03it/s]
 60%|█████▉    | 3462/5794 [01:00<00:32, 70.75it/s]
 60%|█████▉    | 3470/5794 [01:00<00:32, 71.19it/s]
 60%|██████    | 3478/5794 [01:00<00:32, 71.11it/s]
 60%|██████    | 3486/5794 [01:00<00:32, 71.22it/s]
 60%|██████    | 3494/5794 [01:00<00:32, 71.22it/s]
 60%|██████    | 3502/5794 [01:01<00:32, 71.18it/s]
 61%|██████    | 3510/5794 [01:01<00:32, 70.97it/s]
 61%|██████    | 3518/5794 [01:01<00:31, 71.14it/s]
 61%|██████    | 3526/5794 [01:01<00:31, 70.90it/s]
 61%|██████    | 3534/5794 [01:01<00:31, 70.94it/s]
 61%|██████    | 3542/5794 [01:01<00:31, 70.79it/s]
 61%|██████▏   | 3550/5794 [01:01<00:31, 70.93it/s]
 61%|██████▏   | 3558/5794 [01:01<00:31, 70.46it/s]
 62%|██████▏   | 3566/5794 [01:01<00:31, 70.80it/s]
 62%|██████▏   | 3574/5794 [01:02<00:31, 70.64it/s]
 62%|██████▏   | 3582/5794 [01:02<00:31, 69.68it/s]
 62%|██████▏   | 3590/5794 [01:02<00:31, 69.87it/s]
 62%|██████▏   | 3598/5794 [01:02<00:31, 70.26it/s]
 62%|██████▏   | 3606/5794 [01:02<00:31, 70.20it/s]
 62%|██████▏   | 3614/5794 [01:02<00:30, 70.69it/s]
 63%|██████▎   | 3622/5794 [01:02<00:30, 70.82it/s]
 63%|██████▎   | 3630/5794 [01:02<00:30, 70.78it/s]
 63%|██████▎   | 3638/5794 [01:02<00:30, 70.77it/s]
 63%|██████▎   | 3646/5794 [01:03<00:30, 70.68it/s]
 63%|██████▎   | 3654/5794 [01:03<00:30, 70.79it/s]
 63%|██████▎   | 3662/5794 [01:03<00:30, 70.69it/s]
 63%|██████▎   | 3670/5794 [01:03<00:30, 70.73it/s]
 63%|██████▎   | 3678/5794 [01:03<00:29, 70.71it/s]
 64%|██████▎   | 3686/5794 [01:03<00:29, 70.48it/s]
 64%|██████▍   | 3694/5794 [01:03<00:29, 70.97it/s]
 64%|██████▍   | 3702/5794 [01:03<00:29, 70.94it/s]
 64%|██████▍   | 3710/5794 [01:03<00:29, 70.76it/s]
 64%|██████▍   | 3718/5794 [01:04<00:29, 70.81it/s]
 64%|██████▍   | 3726/5794 [01:04<00:29, 70.80it/s]
 64%|██████▍   | 3734/5794 [01:04<00:29, 70.65it/s]
 65%|██████▍   | 3742/5794 [01:04<00:29, 70.71it/s]
 65%|██████▍   | 3750/5794 [01:04<00:28, 70.53it/s]
 65%|██████▍   | 3758/5794 [01:04<00:28, 70.48it/s]
 65%|██████▍   | 3766/5794 [01:04<00:28, 70.42it/s]
 65%|██████▌   | 3774/5794 [01:04<00:28, 70.53it/s]
 65%|██████▌   | 3782/5794 [01:05<00:28, 70.35it/s]
 65%|██████▌   | 3790/5794 [01:05<00:28, 70.21it/s]
 66%|██████▌   | 3798/5794 [01:05<00:28, 70.09it/s]
 66%|██████▌   | 3806/5794 [01:05<00:28, 70.62it/s]
 66%|██████▌   | 3814/5794 [01:05<00:28, 70.60it/s]
 66%|██████▌   | 3822/5794 [01:05<00:28, 70.09it/s]
 66%|██████▌   | 3830/5794 [01:05<00:28, 69.96it/s]
 66%|██████▌   | 3838/5794 [01:05<00:27, 69.97it/s]
 66%|██████▋   | 3846/5794 [01:05<00:27, 70.00it/s]
 67%|██████▋   | 3854/5794 [01:06<00:27, 70.06it/s]
 67%|██████▋   | 3862/5794 [01:06<00:27, 70.10it/s]
 67%|██████▋   | 3870/5794 [01:06<00:27, 70.47it/s]
 67%|██████▋   | 3878/5794 [01:06<00:27, 70.55it/s]
 67%|██████▋   | 3886/5794 [01:06<00:27, 70.36it/s]
 67%|██████▋   | 3894/5794 [01:06<00:27, 70.04it/s]
 67%|██████▋   | 3902/5794 [01:06<00:26, 70.28it/s]
 67%|██████▋   | 3910/5794 [01:06<00:26, 70.90it/s]
 68%|██████▊   | 3918/5794 [01:06<00:26, 70.68it/s]
 68%|██████▊   | 3926/5794 [01:07<00:26, 70.74it/s]
 68%|██████▊   | 3934/5794 [01:07<00:26, 70.49it/s]
 68%|██████▊   | 3942/5794 [01:07<00:26, 70.53it/s]
 68%|██████▊   | 3950/5794 [01:07<00:26, 70.13it/s]
 68%|██████▊   | 3958/5794 [01:07<00:25, 70.62it/s]
 68%|██████▊   | 3966/5794 [01:07<00:25, 70.57it/s]
 69%|██████▊   | 3974/5794 [01:07<00:25, 70.64it/s]
 69%|██████▊   | 3982/5794 [01:07<00:25, 70.57it/s]
 69%|██████▉   | 3990/5794 [01:07<00:25, 70.34it/s]
 69%|██████▉   | 3998/5794 [01:08<00:25, 70.54it/s]
 69%|██████▉   | 4006/5794 [01:08<00:25, 70.82it/s]
 69%|██████▉   | 4014/5794 [01:08<00:25, 70.74it/s]
 69%|██████▉   | 4022/5794 [01:08<00:25, 70.52it/s]
 70%|██████▉   | 4030/5794 [01:08<00:25, 70.14it/s]
 70%|██████▉   | 4038/5794 [01:08<00:24, 70.64it/s]
 70%|██████▉   | 4046/5794 [01:08<00:24, 69.93it/s]
 70%|██████▉   | 4054/5794 [01:08<00:24, 70.01it/s]
 70%|███████   | 4062/5794 [01:08<00:24, 70.24it/s]
 70%|███████   | 4070/5794 [01:09<00:24, 70.21it/s]
 70%|███████   | 4078/5794 [01:09<00:24, 70.22it/s]
 71%|███████   | 4086/5794 [01:09<00:24, 70.20it/s]
 71%|███████   | 4094/5794 [01:09<00:24, 70.34it/s]
 71%|███████   | 4102/5794 [01:09<00:24, 70.32it/s]
 71%|███████   | 4110/5794 [01:09<00:24, 70.03it/s]
 71%|███████   | 4118/5794 [01:09<00:23, 70.21it/s]
 71%|███████   | 4126/5794 [01:09<00:23, 69.91it/s]
 71%|███████▏  | 4134/5794 [01:10<00:23, 70.90it/s]
 71%|███████▏  | 4142/5794 [01:10<00:23, 70.83it/s]
 72%|███████▏  | 4150/5794 [01:10<00:23, 70.94it/s]
 72%|███████▏  | 4158/5794 [01:10<00:23, 70.94it/s]
 72%|███████▏  | 4166/5794 [01:10<00:22, 70.97it/s]
 72%|███████▏  | 4174/5794 [01:10<00:22, 70.93it/s]
 72%|███████▏  | 4182/5794 [01:10<00:22, 70.71it/s]
 72%|███████▏  | 4190/5794 [01:10<00:24, 65.22it/s]
 72%|███████▏  | 4198/5794 [01:10<00:23, 66.95it/s]
 73%|███████▎  | 4206/5794 [01:11<00:23, 67.79it/s]
 73%|███████▎  | 4214/5794 [01:11<00:22, 68.99it/s]
 73%|███████▎  | 4222/5794 [01:11<00:22, 69.49it/s]
 73%|███████▎  | 4230/5794 [01:11<00:22, 69.83it/s]
 73%|███████▎  | 4238/5794 [01:11<00:22, 70.52it/s]
 73%|███████▎  | 4246/5794 [01:11<00:21, 70.78it/s]
 73%|███████▎  | 4254/5794 [01:11<00:21, 70.83it/s]
 74%|███████▎  | 4262/5794 [01:11<00:21, 71.04it/s]
 74%|███████▎  | 4270/5794 [01:11<00:21, 71.25it/s]
 74%|███████▍  | 4278/5794 [01:12<00:21, 71.34it/s]
 74%|███████▍  | 4286/5794 [01:12<00:21, 71.18it/s]
 74%|███████▍  | 4294/5794 [01:12<00:21, 70.97it/s]
 74%|███████▍  | 4302/5794 [01:12<00:20, 71.05it/s]
 74%|███████▍  | 4310/5794 [01:12<00:20, 71.17it/s]
 75%|███████▍  | 4318/5794 [01:12<00:20, 71.08it/s]
 75%|███████▍  | 4326/5794 [01:12<00:20, 70.96it/s]
 75%|███████▍  | 4334/5794 [01:12<00:20, 71.26it/s]
 75%|███████▍  | 4342/5794 [01:12<00:20, 70.99it/s]
 75%|███████▌  | 4350/5794 [01:13<00:20, 70.69it/s]
 75%|███████▌  | 4358/5794 [01:13<00:20, 70.94it/s]
 75%|███████▌  | 4366/5794 [01:13<00:20, 71.01it/s]
 75%|███████▌  | 4374/5794 [01:13<00:19, 71.02it/s]
 76%|███████▌  | 4382/5794 [01:13<00:19, 70.96it/s]
 76%|███████▌  | 4390/5794 [01:13<00:19, 70.88it/s]
 76%|███████▌  | 4398/5794 [01:13<00:19, 70.82it/s]
 76%|███████▌  | 4406/5794 [01:13<00:19, 70.33it/s]
 76%|███████▌  | 4414/5794 [01:13<00:19, 70.90it/s]
 76%|███████▋  | 4422/5794 [01:14<00:19, 70.70it/s]
 76%|███████▋  | 4430/5794 [01:14<00:19, 70.77it/s]
 77%|███████▋  | 4438/5794 [01:14<00:19, 70.76it/s]
 77%|███████▋  | 4446/5794 [01:14<00:19, 70.61it/s]
 77%|███████▋  | 4454/5794 [01:14<00:18, 70.69it/s]
 77%|███████▋  | 4462/5794 [01:14<00:18, 70.63it/s]
 77%|███████▋  | 4470/5794 [01:14<00:18, 70.70it/s]
 77%|███████▋  | 4478/5794 [01:14<00:18, 70.72it/s]
 77%|███████▋  | 4486/5794 [01:15<00:18, 70.64it/s]
 78%|███████▊  | 4494/5794 [01:15<00:18, 69.81it/s]
 78%|███████▊  | 4502/5794 [01:15<00:18, 70.14it/s]
 78%|███████▊  | 4510/5794 [01:15<00:18, 70.36it/s]
 78%|███████▊  | 4518/5794 [01:15<00:18, 70.58it/s]
 78%|███████▊  | 4526/5794 [01:15<00:18, 70.43it/s]
 78%|███████▊  | 4534/5794 [01:15<00:17, 70.36it/s]
 78%|███████▊  | 4542/5794 [01:15<00:17, 70.43it/s]
 79%|███████▊  | 4550/5794 [01:15<00:17, 70.08it/s]
 79%|███████▊  | 4558/5794 [01:16<00:17, 69.95it/s]
 79%|███████▉  | 4566/5794 [01:16<00:17, 70.38it/s]
 79%|███████▉  | 4574/5794 [01:16<00:17, 70.42it/s]
 79%|███████▉  | 4582/5794 [01:16<00:17, 70.48it/s]
 79%|███████▉  | 4590/5794 [01:16<00:17, 70.34it/s]
 79%|███████▉  | 4598/5794 [01:16<00:16, 70.45it/s]
 79%|███████▉  | 4606/5794 [01:16<00:16, 70.69it/s]
 80%|███████▉  | 4614/5794 [01:16<00:16, 70.95it/s]
 80%|███████▉  | 4622/5794 [01:16<00:16, 71.08it/s]
 80%|███████▉  | 4630/5794 [01:17<00:16, 71.32it/s]
 80%|████████  | 4638/5794 [01:17<00:16, 71.30it/s]
 80%|████████  | 4646/5794 [01:17<00:16, 71.09it/s]
 80%|████████  | 4654/5794 [01:17<00:16, 70.94it/s]
 80%|████████  | 4662/5794 [01:17<00:15, 71.03it/s]
 81%|████████  | 4670/5794 [01:17<00:15, 71.64it/s]
 81%|████████  | 4678/5794 [01:17<00:15, 71.53it/s]
 81%|████████  | 4686/5794 [01:17<00:15, 71.58it/s]
 81%|████████  | 4694/5794 [01:17<00:15, 71.54it/s]
 81%|████████  | 4702/5794 [01:18<00:15, 71.50it/s]
 81%|████████▏ | 4710/5794 [01:18<00:15, 71.45it/s]
 81%|████████▏ | 4718/5794 [01:18<00:15, 71.58it/s]
 82%|████████▏ | 4726/5794 [01:18<00:15, 71.18it/s]
 82%|████████▏ | 4734/5794 [01:18<00:14, 71.68it/s]
 82%|████████▏ | 4742/5794 [01:18<00:14, 71.32it/s]
 82%|████████▏ | 4750/5794 [01:18<00:14, 71.21it/s]
 82%|████████▏ | 4758/5794 [01:18<00:14, 71.11it/s]
 82%|████████▏ | 4766/5794 [01:18<00:14, 71.21it/s]
 82%|████████▏ | 4774/5794 [01:19<00:17, 59.49it/s]
 83%|████████▎ | 4782/5794 [01:19<00:15, 63.72it/s]
 83%|████████▎ | 4790/5794 [01:19<00:15, 65.82it/s]
 83%|████████▎ | 4798/5794 [01:19<00:14, 67.38it/s]
 83%|████████▎ | 4806/5794 [01:19<00:14, 68.15it/s]
 83%|████████▎ | 4814/5794 [01:19<00:14, 69.00it/s]
 83%|████████▎ | 4821/5794 [01:19<00:14, 69.02it/s]
 83%|████████▎ | 4829/5794 [01:19<00:13, 69.63it/s]
 83%|████████▎ | 4837/5794 [01:20<00:13, 69.91it/s]
 84%|████████▎ | 4845/5794 [01:20<00:13, 70.16it/s]
 84%|████████▍ | 4853/5794 [01:20<00:13, 70.48it/s]
 84%|████████▍ | 4861/5794 [01:20<00:13, 70.10it/s]
 84%|████████▍ | 4869/5794 [01:20<00:13, 70.62it/s]
 84%|████████▍ | 4877/5794 [01:20<00:12, 70.58it/s]
 84%|████████▍ | 4885/5794 [01:20<00:12, 70.66it/s]
 84%|████████▍ | 4893/5794 [01:20<00:12, 70.58it/s]
 85%|████████▍ | 4901/5794 [01:20<00:12, 70.24it/s]
 85%|████████▍ | 4909/5794 [01:21<00:12, 70.75it/s]
 85%|████████▍ | 4917/5794 [01:21<00:12, 70.94it/s]
 85%|████████▌ | 4925/5794 [01:21<00:12, 70.81it/s]
 85%|████████▌ | 4933/5794 [01:21<00:12, 70.98it/s]
 85%|████████▌ | 4941/5794 [01:21<00:12, 70.97it/s]
 85%|████████▌ | 4949/5794 [01:21<00:11, 71.03it/s]
 86%|████████▌ | 4957/5794 [01:21<00:11, 70.92it/s]
 86%|████████▌ | 4965/5794 [01:21<00:11, 70.75it/s]
 86%|████████▌ | 4973/5794 [01:21<00:11, 69.48it/s]
 86%|████████▌ | 4981/5794 [01:22<00:11, 70.10it/s]
 86%|████████▌ | 4989/5794 [01:22<00:12, 65.07it/s]
 86%|████████▌ | 4997/5794 [01:22<00:11, 68.40it/s]
 86%|████████▋ | 5005/5794 [01:22<00:11, 69.06it/s]
 87%|████████▋ | 5013/5794 [01:22<00:11, 69.73it/s]
 87%|████████▋ | 5021/5794 [01:22<00:11, 70.27it/s]
 87%|████████▋ | 5029/5794 [01:22<00:10, 70.32it/s]
 87%|████████▋ | 5037/5794 [01:22<00:10, 70.55it/s]
 87%|████████▋ | 5045/5794 [01:22<00:10, 70.58it/s]
 87%|████████▋ | 5053/5794 [01:23<00:10, 70.74it/s]
 87%|████████▋ | 5061/5794 [01:23<00:10, 70.56it/s]
 87%|████████▋ | 5069/5794 [01:23<00:10, 70.70it/s]
 88%|████████▊ | 5077/5794 [01:23<00:10, 70.62it/s]
 88%|████████▊ | 5085/5794 [01:23<00:10, 70.77it/s]
 88%|████████▊ | 5093/5794 [01:23<00:09, 70.69it/s]
 88%|████████▊ | 5101/5794 [01:23<00:09, 70.77it/s]
 88%|████████▊ | 5109/5794 [01:23<00:09, 70.84it/s]
 88%|████████▊ | 5117/5794 [01:24<00:09, 70.93it/s]
 88%|████████▊ | 5125/5794 [01:24<00:09, 70.81it/s]
 89%|████████▊ | 5133/5794 [01:24<00:09, 70.77it/s]
 89%|████████▊ | 5141/5794 [01:24<00:09, 70.64it/s]
 89%|████████▉ | 5149/5794 [01:24<00:09, 70.66it/s]
 89%|████████▉ | 5157/5794 [01:24<00:09, 70.53it/s]
 89%|████████▉ | 5165/5794 [01:24<00:08, 70.43it/s]
 89%|████████▉ | 5173/5794 [01:24<00:08, 70.46it/s]
 89%|████████▉ | 5181/5794 [01:24<00:08, 70.54it/s]
 90%|████████▉ | 5189/5794 [01:25<00:08, 70.67it/s]
 90%|████████▉ | 5197/5794 [01:25<00:08, 70.74it/s]
 90%|████████▉ | 5205/5794 [01:25<00:08, 70.90it/s]
 90%|████████▉ | 5213/5794 [01:25<00:08, 70.79it/s]
 90%|█████████ | 5221/5794 [01:25<00:08, 70.66it/s]
 90%|█████████ | 5229/5794 [01:25<00:07, 70.96it/s]
 90%|█████████ | 5237/5794 [01:25<00:07, 70.69it/s]
 91%|█████████ | 5245/5794 [01:25<00:07, 70.52it/s]
 91%|█████████ | 5253/5794 [01:25<00:07, 70.52it/s]
 91%|█████████ | 5261/5794 [01:26<00:07, 70.48it/s]
 91%|█████████ | 5269/5794 [01:26<00:07, 70.68it/s]
 91%|█████████ | 5277/5794 [01:26<00:07, 70.68it/s]
 91%|█████████ | 5285/5794 [01:26<00:07, 70.88it/s]
 91%|█████████▏| 5293/5794 [01:26<00:07, 70.65it/s]
 91%|█████████▏| 5301/5794 [01:26<00:06, 70.79it/s]
 92%|█████████▏| 5309/5794 [01:26<00:06, 70.83it/s]
 92%|█████████▏| 5317/5794 [01:26<00:06, 71.03it/s]
 92%|█████████▏| 5325/5794 [01:26<00:06, 71.14it/s]
 92%|█████████▏| 5333/5794 [01:27<00:06, 71.23it/s]
 92%|█████████▏| 5341/5794 [01:27<00:06, 71.20it/s]
 92%|█████████▏| 5349/5794 [01:27<00:06, 70.60it/s]
 92%|█████████▏| 5357/5794 [01:27<00:06, 71.17it/s]
 93%|█████████▎| 5365/5794 [01:27<00:06, 71.06it/s]
 93%|█████████▎| 5373/5794 [01:27<00:05, 71.05it/s]
 93%|█████████▎| 5381/5794 [01:27<00:05, 70.59it/s]
 93%|█████████▎| 5389/5794 [01:27<00:05, 71.21it/s]
 93%|█████████▎| 5397/5794 [01:27<00:05, 71.16it/s]
 93%|█████████▎| 5405/5794 [01:28<00:05, 71.10it/s]
 93%|█████████▎| 5413/5794 [01:28<00:05, 70.93it/s]
 94%|█████████▎| 5421/5794 [01:28<00:05, 70.97it/s]
 94%|█████████▎| 5429/5794 [01:28<00:05, 70.79it/s]
 94%|█████████▍| 5437/5794 [01:28<00:05, 70.31it/s]
 94%|█████████▍| 5445/5794 [01:28<00:04, 70.68it/s]
 94%|█████████▍| 5453/5794 [01:28<00:04, 69.99it/s]
 94%|█████████▍| 5461/5794 [01:28<00:04, 70.25it/s]
 94%|█████████▍| 5469/5794 [01:28<00:04, 70.35it/s]
 95%|█████████▍| 5477/5794 [01:29<00:04, 70.44it/s]
 95%|█████████▍| 5485/5794 [01:29<00:04, 70.52it/s]
 95%|█████████▍| 5493/5794 [01:29<00:04, 70.63it/s]
 95%|█████████▍| 5501/5794 [01:29<00:04, 70.58it/s]
 95%|█████████▌| 5509/5794 [01:29<00:04, 70.61it/s]
 95%|█████████▌| 5517/5794 [01:29<00:03, 70.55it/s]
 95%|█████████▌| 5525/5794 [01:29<00:03, 70.65it/s]
 95%|█████████▌| 5533/5794 [01:29<00:03, 71.01it/s]
 96%|█████████▌| 5541/5794 [01:30<00:03, 71.34it/s]
 96%|█████████▌| 5549/5794 [01:30<00:03, 71.23it/s]
 96%|█████████▌| 5557/5794 [01:30<00:03, 71.52it/s]
 96%|█████████▌| 5565/5794 [01:30<00:03, 71.68it/s]
 96%|█████████▌| 5573/5794 [01:30<00:03, 70.71it/s]
 96%|█████████▋| 5581/5794 [01:30<00:02, 71.54it/s]
 96%|█████████▋| 5589/5794 [01:30<00:02, 71.88it/s]
 97%|█████████▋| 5597/5794 [01:30<00:02, 71.53it/s]
 97%|█████████▋| 5605/5794 [01:30<00:02, 71.60it/s]
 97%|█████████▋| 5613/5794 [01:31<00:02, 71.48it/s]
 97%|█████████▋| 5621/5794 [01:31<00:02, 71.36it/s]
 97%|█████████▋| 5629/5794 [01:31<00:02, 71.04it/s]
 97%|█████████▋| 5637/5794 [01:31<00:02, 71.51it/s]
 97%|█████████▋| 5645/5794 [01:31<00:02, 71.37it/s]
 98%|█████████▊| 5653/5794 [01:31<00:01, 71.19it/s]
 98%|█████████▊| 5661/5794 [01:31<00:01, 71.02it/s]
 98%|█████████▊| 5669/5794 [01:31<00:01, 70.05it/s]
 98%|█████████▊| 5677/5794 [01:31<00:01, 70.42it/s]
 98%|█████████▊| 5685/5794 [01:32<00:01, 70.35it/s]
 98%|█████████▊| 5693/5794 [01:32<00:01, 70.47it/s]
 98%|█████████▊| 5701/5794 [01:32<00:01, 70.27it/s]
 99%|█████████▊| 5709/5794 [01:32<00:01, 70.57it/s]
 99%|█████████▊| 5717/5794 [01:32<00:01, 70.61it/s]
 99%|█████████▉| 5725/5794 [01:32<00:00, 70.65it/s]
 99%|█████████▉| 5733/5794 [01:32<00:00, 70.42it/s]
 99%|█████████▉| 5741/5794 [01:32<00:00, 70.68it/s]
 99%|█████████▉| 5749/5794 [01:32<00:00, 70.74it/s]
 99%|█████████▉| 5757/5794 [01:33<00:00, 70.66it/s]
 99%|█████████▉| 5765/5794 [01:33<00:00, 70.81it/s]
100%|█████████▉| 5773/5794 [01:33<00:00, 70.97it/s]
100%|█████████▉| 5781/5794 [01:33<00:00, 71.33it/s]
100%|█████████▉| 5789/5794 [01:33<00:00, 71.71it/s]
100%|██████████| 5794/5794 [01:33<00:00, 61.87it/s]
BALANCED ACCS CHECKED FOR TEST
TEST SET RESULTS FOR CHECKPOINT trained_weights/waterbirds/rrr_waterbird_complete95_forest2water2_21047520_trial_000/best_balanced_valacc_0.55_epoch_0.ckpt
test_acc: 0.7279944770452192
balanced_test_acc: 0.5662318420125577
Land_on_Land_test_acc: 0.9991130820399113
Land_on_Water_test_acc: 0.7144124168514412
Water_on_Land_test_acc: 0.010903426791277258
Water_on_Water_test_acc: 0.5404984423676013
test_acc_Waterbird: 0.2757009345794392
test_acc_Landbird: 0.8567627494456763
