[CMD] /home/ryreu/miniconda3/envs/gals_a100/bin/python -u main.py --config configs/waterbirds_100_abn.yaml --name abn_cls_waterbird_1.0_forest2water2_21050510_trial_000 DATA.ROOT=/home/ryreu/guided_cnn/waterbirds DATA.WATERBIRDS_DIR=waterbird_1.0_forest2water2 SEED=0 EXP.BASE.LR=0.0010000000000000002 EXP.CLASSIFIER.LR=9.999999999999991e-05 EXP.WEIGHT_DECAY=9.999999999999997e-06 EXP.AUX_LOSSES_ON_VAL=False EXP.LOSSES.ABN_CLASSIFICATION.WEIGHT=1.0 EXP.NUM_EPOCHS=1
SEED: 0
DATA:
  BATCH_SIZE: 96
  NUM_WORKERS: 4
  SIZE: 224
  NORMALIZATION: imagenet
  ATTENTION_DIR: NONE
  SEPARATE_CLASSES: false
  REMOVE_BACKGROUND: false
  ROOT: /home/ryreu/guided_cnn/waterbirds
  USE_CLASS_WEIGHTS: false
  USE_GROUP_WEIGHTS: false
  DATASET: waterbirds
  NUM_CLASSES: 2
  CONFOUNDING_FACTOR: 1.0
  WATERBIRDS_DIR: waterbird_1.0_forest2water2
EXP:
  NUM_TRIALS: 1
  LOSSES:
    CLASSIFICATION:
      WEIGHT: 1
    GRADIENT_OUTSIDE:
      COMPUTE: false
      LOG: false
      WEIGHT: 0.01
      CRITERION: L1
      GT: segmentation
      COMBINE_ATT_MODE: average_nonzero
    GRADIENT_INSIDE:
      COMPUTE: false
      LOG: false
      WEIGHT: 1
      CRITERION: L1
      GT: segmentation
      COMBINE_ATT_MODE: average_nonzero
    GRADCAM:
      COMPUTE: false
      LOG: false
      WEIGHT: 1
      CRITERION: L1
      GT: segmentation
      MODE: match
      COMBINE_ATT_MODE: average_nonzero
    ABN_CLASSIFICATION:
      COMPUTE: true
      LOG: false
      WEIGHT: 1.0
    ABN_SUPERVISION:
      COMPUTE: false
      LOG: false
      WEIGHT: 1
      CRITERION: L1
      GT: segmentation
      MODE: suppress_outside
  APPROACH: abn
  MODEL: resnet50_abn
  PRETRAINED: true
  PROVIDED_ATT: NONE
  PROVIDED_ATT_SHAPE:
  - 14
  - 14
  ABN_ADD_AFTER_ATTENTION: true
  NUM_EPOCHS: 1
  OPTIMIZER: SGD
  WEIGHT_DECAY: 9.999999999999997e-06
  MOMENTUM: 0.9
  SCHEDULER: NONE
  BASE:
    LR: 0.0010000000000000002
  CLASSIFIER:
    LR: 9.999999999999991e-05
  AUX_LOSSES_ON_VAL: false
LOGGING:
  SAVE_EVERY: 0
  SAVE_BEST: true
  SAVE_LAST: false
  LOG_ATTENTION: false
  LOG_ATTENTION_STEP: 10
  SAVE_STATS_PATH: null
yaml: configs/waterbirds_100_abn.yaml
name: abn_cls_waterbird_1.0_forest2water2_21050510_trial_000
test_checkpoint: null

WATERBIRDS DIR: /home/ryreu/guided_cnn/waterbirds/waterbird_1.0_forest2water2
NUMBER OF SAMPLES WITH LABEL Landbird: 3684
NUMBER OF SAMPLES WITH LABEL Waterbird: 1111
NUMBER OF SAMPLES WITH GROUP Land_on_Land: 3684
NUMBER OF SAMPLES WITH GROUP Land_on_Water: 0
NUMBER OF SAMPLES WITH GROUP Water_on_Land: 0
NUMBER OF SAMPLES WITH GROUP Water_on_Water: 1111
WATERBIRDS DIR: /home/ryreu/guided_cnn/waterbirds/waterbird_1.0_forest2water2
NUMBER OF SAMPLES WITH LABEL Landbird: 931
NUMBER OF SAMPLES WITH LABEL Waterbird: 268
NUMBER OF SAMPLES WITH GROUP Land_on_Land: 465
NUMBER OF SAMPLES WITH GROUP Land_on_Water: 466
NUMBER OF SAMPLES WITH GROUP Water_on_Land: 134
NUMBER OF SAMPLES WITH GROUP Water_on_Water: 134
NUM TRAIN: 4795

NUM VAL:   1199

Number classifier outputs: 1
Using pretrained model: True
Removing att_conv.weight from pretained weights, with weight shape torch.Size([1000, 2048, 1, 1])
Removing bn_att2.weight from pretained weights, with weight shape torch.Size([1000])
Removing bn_att2.bias from pretained weights, with weight shape torch.Size([1000])
Removing bn_att2.running_mean from pretained weights, with weight shape torch.Size([1000])
Removing bn_att2.running_var from pretained weights, with weight shape torch.Size([1000])
Removing att_conv2.weight from pretained weights, with weight shape torch.Size([1000, 1000, 1, 1])
Removing att_conv3.weight from pretained weights, with weight shape torch.Size([1, 1000, 3, 3])
Removing fc.weight from pretained weights, with weight shape torch.Size([1000, 2048])
Removing fc.bias from pretained weights, with weight shape torch.Size([1000])
Keys missing in state dict:    ['att_conv.weight', 'bn_att2.weight', 'bn_att2.bias', 'bn_att2.running_mean', 'bn_att2.running_var', 'att_conv2.weight', 'att_conv3.weight', 'fc.weight', 'fc.bias']
Unexpected keys in state dict: []
USING SGD OPTIMIZER
class weights: None
group weights: None
WANDB DISABLED: skipping wandb.init()
EPOCH: 0

>>> TRAINING 


  0%|          | 0/50 [00:00<?, ?it/s]
  2%|▏         | 1/50 [00:03<02:43,  3.34s/it]
  4%|▍         | 2/50 [00:03<01:12,  1.50s/it]
  6%|▌         | 3/50 [00:03<00:42,  1.11it/s]
  8%|▊         | 4/50 [00:03<00:28,  1.63it/s]
 10%|█         | 5/50 [00:04<00:20,  2.17it/s]
 12%|█▏        | 6/50 [00:04<00:16,  2.70it/s]
 14%|█▍        | 7/50 [00:04<00:13,  3.24it/s]
 16%|█▌        | 8/50 [00:04<00:11,  3.70it/s]
 18%|█▊        | 9/50 [00:04<00:09,  4.14it/s]
 20%|██        | 10/50 [00:05<00:08,  4.51it/s]
 22%|██▏       | 11/50 [00:05<00:08,  4.78it/s]
 24%|██▍       | 12/50 [00:05<00:07,  4.97it/s]
 26%|██▌       | 13/50 [00:05<00:07,  5.14it/s]
 28%|██▊       | 14/50 [00:05<00:06,  5.19it/s]
 30%|███       | 15/50 [00:05<00:06,  5.20it/s]
 32%|███▏      | 16/50 [00:06<00:06,  5.25it/s]
 34%|███▍      | 17/50 [00:06<00:06,  5.30it/s]
 36%|███▌      | 18/50 [00:06<00:05,  5.34it/s]
 38%|███▊      | 19/50 [00:06<00:05,  5.37it/s]
 40%|████      | 20/50 [00:06<00:05,  5.40it/s]
 42%|████▏     | 21/50 [00:07<00:05,  5.38it/s]
 44%|████▍     | 22/50 [00:07<00:05,  5.35it/s]
 46%|████▌     | 23/50 [00:07<00:05,  5.36it/s]
 48%|████▊     | 24/50 [00:07<00:04,  5.40it/s]
 50%|█████     | 25/50 [00:07<00:04,  5.42it/s]
 52%|█████▏    | 26/50 [00:07<00:04,  5.41it/s]
 54%|█████▍    | 27/50 [00:08<00:04,  5.42it/s]
 56%|█████▌    | 28/50 [00:08<00:04,  5.42it/s]
 58%|█████▊    | 29/50 [00:08<00:03,  5.40it/s]
 60%|██████    | 30/50 [00:08<00:03,  5.38it/s]
 62%|██████▏   | 31/50 [00:08<00:03,  5.35it/s]
 64%|██████▍   | 32/50 [00:09<00:03,  5.39it/s]
 66%|██████▌   | 33/50 [00:09<00:03,  5.39it/s]
 68%|██████▊   | 34/50 [00:09<00:02,  5.37it/s]
 70%|███████   | 35/50 [00:09<00:02,  5.37it/s]
 72%|███████▏  | 36/50 [00:09<00:02,  5.39it/s]
 74%|███████▍  | 37/50 [00:10<00:02,  5.38it/s]
 76%|███████▌  | 38/50 [00:10<00:02,  5.34it/s]
 78%|███████▊  | 39/50 [00:10<00:02,  5.34it/s]
 80%|████████  | 40/50 [00:10<00:01,  5.37it/s]
 82%|████████▏ | 41/50 [00:10<00:01,  5.38it/s]
 84%|████████▍ | 42/50 [00:10<00:01,  5.38it/s]
 86%|████████▌ | 43/50 [00:11<00:01,  5.36it/s]
 88%|████████▊ | 44/50 [00:11<00:01,  5.39it/s]
 90%|█████████ | 45/50 [00:11<00:00,  5.39it/s]
 92%|█████████▏| 46/50 [00:11<00:00,  5.35it/s]
 94%|█████████▍| 47/50 [00:11<00:00,  5.36it/s]
 96%|█████████▌| 48/50 [00:12<00:00,  5.38it/s]
 98%|█████████▊| 49/50 [00:12<00:00,  5.39it/s]
100%|██████████| 50/50 [00:12<00:00,  5.44it/s]
100%|██████████| 50/50 [00:12<00:00,  4.01it/s]
>>> VALIDATING 


  0%|          | 0/13 [00:00<?, ?it/s]
  8%|▊         | 1/13 [00:00<00:09,  1.29it/s]
 23%|██▎       | 3/13 [00:00<00:02,  3.80it/s]
 38%|███▊      | 5/13 [00:01<00:01,  4.72it/s]
 54%|█████▍    | 7/13 [00:01<00:00,  6.37it/s]
 69%|██████▉   | 9/13 [00:01<00:00,  6.32it/s]
 85%|████████▍ | 11/13 [00:01<00:00,  7.81it/s]
100%|██████████| 13/13 [00:02<00:00,  9.40it/s]
100%|██████████| 13/13 [00:02<00:00,  6.21it/s]
>>> LOGGING 

BALANCED ACCS CHECKED FOR TRAIN
BALANCED ACCS CHECKED FOR VAL
train_acc: 0.7806047966631908
val_acc: 0.6213511259382819
train_abn_acc: 0
val_abn_acc: 0
train_cls_loss: 0.4466595675201933
val_cls_loss: 0.6518973028341664
train_total_loss: 1.2118942629184664
val_total_loss: 0.6518973028341664
test_abn_acc: 0
balanced_train_acc: 0.6180206375686428
balanced_val_acc: 0.5276544239062475
Land_on_Land_train_acc: 0.9210097719869706
Land_on_Land_val_acc: 0.9913978494623656
Land_on_Water_train_acc: 0
Land_on_Water_val_acc: 0.4034334763948498
Water_on_Land_train_acc: 0
Water_on_Land_val_acc: 0.022388059701492536
Water_on_Water_train_acc: 0.31503150315031503
Water_on_Water_val_acc: 0.6940298507462687
train_abn_cls_loss: 0.7652346918182652
train_acc_Landbird: 0.9210097719869706
train_acc_Waterbird: 0.31503150315031503
val_acc_Landbird: 0.6970998925886144
val_acc_Waterbird: 0.3582089552238806
TRAIN ACC:        0.7806047966631908
VAL ACC:          0.6213511259382819
BALANCED VAL ACC: 0.5276544239062475
prev best list: []
Saving to trained_weights/waterbirds/abn_cls_waterbird_1.0_forest2water2_21050510_trial_000/best_balanced_valacc_0.53_epoch_0.ckpt
>>> EVALUATING ON TEST SET
WATERBIRDS DIR: /home/ryreu/guided_cnn/waterbirds/waterbird_1.0_forest2water2
NUMBER OF SAMPLES WITH LABEL Landbird: 4510
NUMBER OF SAMPLES WITH LABEL Waterbird: 1284
NUMBER OF SAMPLES WITH GROUP Land_on_Land: 2255
NUMBER OF SAMPLES WITH GROUP Land_on_Water: 2255
NUMBER OF SAMPLES WITH GROUP Water_on_Land: 642
NUMBER OF SAMPLES WITH GROUP Water_on_Water: 642
NUM TEST:   5794

Loaded checkpoint trained_weights/waterbirds/abn_cls_waterbird_1.0_forest2water2_21050510_trial_000/best_balanced_valacc_0.53_epoch_0.ckpt

  0%|          | 0/5794 [00:00<?, ?it/s]
  0%|          | 1/5794 [00:00<28:18,  3.41it/s]
  0%|          | 7/5794 [00:00<04:28, 21.58it/s]
  0%|          | 13/5794 [00:00<02:56, 32.82it/s]
  0%|          | 19/5794 [00:00<02:23, 40.19it/s]
  0%|          | 25/5794 [00:00<02:07, 45.11it/s]
  1%|          | 31/5794 [00:00<01:58, 48.50it/s]
  1%|          | 37/5794 [00:00<01:53, 50.75it/s]
  1%|          | 43/5794 [00:01<01:49, 52.29it/s]
  1%|          | 49/5794 [00:01<01:47, 53.36it/s]
  1%|          | 55/5794 [00:01<01:46, 53.95it/s]
  1%|          | 61/5794 [00:01<01:45, 54.45it/s]
  1%|          | 67/5794 [00:01<01:48, 52.60it/s]
  1%|▏         | 73/5794 [00:01<01:51, 51.43it/s]
  1%|▏         | 79/5794 [00:01<01:53, 50.41it/s]
  1%|▏         | 85/5794 [00:01<01:53, 50.15it/s]
  2%|▏         | 91/5794 [00:01<01:54, 49.77it/s]
  2%|▏         | 96/5794 [00:02<01:55, 49.32it/s]
  2%|▏         | 101/5794 [00:02<01:55, 49.23it/s]
  2%|▏         | 106/5794 [00:02<01:55, 49.23it/s]
  2%|▏         | 111/5794 [00:02<01:55, 49.28it/s]
  2%|▏         | 116/5794 [00:02<01:55, 49.37it/s]
  2%|▏         | 121/5794 [00:02<01:55, 49.28it/s]
  2%|▏         | 126/5794 [00:02<01:55, 49.23it/s]
  2%|▏         | 131/5794 [00:02<01:54, 49.25it/s]
  2%|▏         | 136/5794 [00:02<01:55, 49.18it/s]
  2%|▏         | 141/5794 [00:03<01:55, 49.06it/s]
  3%|▎         | 146/5794 [00:03<01:55, 48.99it/s]
  3%|▎         | 151/5794 [00:03<01:54, 49.21it/s]
  3%|▎         | 156/5794 [00:03<01:54, 49.11it/s]
  3%|▎         | 161/5794 [00:03<01:54, 49.05it/s]
  3%|▎         | 166/5794 [00:03<01:54, 49.26it/s]
  3%|▎         | 172/5794 [00:03<01:52, 49.93it/s]
  3%|▎         | 178/5794 [00:03<01:48, 51.66it/s]
  3%|▎         | 184/5794 [00:03<01:46, 52.88it/s]
  3%|▎         | 190/5794 [00:03<01:44, 53.73it/s]
  3%|▎         | 196/5794 [00:04<01:42, 54.35it/s]
  3%|▎         | 202/5794 [00:04<01:42, 54.76it/s]
  4%|▎         | 208/5794 [00:04<01:41, 55.00it/s]
  4%|▎         | 214/5794 [00:04<01:40, 55.30it/s]
  4%|▍         | 220/5794 [00:04<01:40, 55.30it/s]
  4%|▍         | 226/5794 [00:04<01:40, 55.24it/s]
  4%|▍         | 232/5794 [00:04<01:43, 53.75it/s]
  4%|▍         | 238/5794 [00:04<01:45, 52.52it/s]
  4%|▍         | 244/5794 [00:04<01:48, 51.37it/s]
  4%|▍         | 250/5794 [00:05<01:48, 50.88it/s]
  4%|▍         | 256/5794 [00:05<01:50, 50.27it/s]
  5%|▍         | 262/5794 [00:05<01:51, 49.60it/s]
  5%|▍         | 267/5794 [00:05<01:51, 49.55it/s]
  5%|▍         | 272/5794 [00:05<01:51, 49.55it/s]
  5%|▍         | 277/5794 [00:05<01:51, 49.31it/s]
  5%|▍         | 282/5794 [00:05<01:51, 49.43it/s]
  5%|▍         | 287/5794 [00:05<01:51, 49.41it/s]
  5%|▌         | 292/5794 [00:05<01:51, 49.24it/s]
  5%|▌         | 297/5794 [00:06<01:52, 49.07it/s]
  5%|▌         | 302/5794 [00:06<01:51, 49.13it/s]
  5%|▌         | 308/5794 [00:06<01:51, 49.39it/s]
  5%|▌         | 313/5794 [00:06<01:51, 49.29it/s]
  5%|▌         | 318/5794 [00:06<01:50, 49.44it/s]
  6%|▌         | 323/5794 [00:06<01:50, 49.36it/s]
  6%|▌         | 328/5794 [00:06<01:50, 49.29it/s]
  6%|▌         | 333/5794 [00:06<01:50, 49.25it/s]
  6%|▌         | 338/5794 [00:06<01:50, 49.29it/s]
  6%|▌         | 343/5794 [00:06<01:50, 49.36it/s]
  6%|▌         | 348/5794 [00:07<01:50, 49.20it/s]
  6%|▌         | 353/5794 [00:07<01:50, 49.28it/s]
  6%|▌         | 358/5794 [00:07<01:50, 49.35it/s]
  6%|▋         | 363/5794 [00:07<01:50, 49.36it/s]
  6%|▋         | 368/5794 [00:07<01:49, 49.44it/s]
  6%|▋         | 373/5794 [00:07<01:49, 49.46it/s]
  7%|▋         | 378/5794 [00:07<01:49, 49.40it/s]
  7%|▋         | 383/5794 [00:07<01:49, 49.53it/s]
  7%|▋         | 388/5794 [00:07<01:49, 49.41it/s]
  7%|▋         | 393/5794 [00:07<01:49, 49.41it/s]
  7%|▋         | 398/5794 [00:08<01:49, 49.38it/s]
  7%|▋         | 403/5794 [00:08<01:49, 49.43it/s]
  7%|▋         | 408/5794 [00:08<01:48, 49.57it/s]
  7%|▋         | 413/5794 [00:08<01:49, 49.24it/s]
  7%|▋         | 419/5794 [00:08<01:48, 49.54it/s]
  7%|▋         | 424/5794 [00:08<01:48, 49.49it/s]
  7%|▋         | 429/5794 [00:08<01:48, 49.29it/s]
  7%|▋         | 434/5794 [00:08<01:48, 49.46it/s]
  8%|▊         | 439/5794 [00:08<01:48, 49.55it/s]
  8%|▊         | 444/5794 [00:09<01:47, 49.64it/s]
  8%|▊         | 449/5794 [00:09<01:48, 49.47it/s]
  8%|▊         | 454/5794 [00:09<01:47, 49.51it/s]
  8%|▊         | 459/5794 [00:09<01:47, 49.45it/s]
  8%|▊         | 464/5794 [00:09<01:48, 49.30it/s]
  8%|▊         | 469/5794 [00:09<01:47, 49.41it/s]
  8%|▊         | 474/5794 [00:09<01:47, 49.54it/s]
  8%|▊         | 479/5794 [00:09<01:47, 49.52it/s]
  8%|▊         | 484/5794 [00:09<01:47, 49.46it/s]
  8%|▊         | 489/5794 [00:09<01:47, 49.44it/s]
  9%|▊         | 494/5794 [00:10<01:47, 49.38it/s]
  9%|▊         | 499/5794 [00:10<01:47, 49.44it/s]
  9%|▊         | 504/5794 [00:10<01:46, 49.56it/s]
  9%|▉         | 509/5794 [00:10<01:46, 49.59it/s]
  9%|▉         | 514/5794 [00:10<01:46, 49.44it/s]
  9%|▉         | 519/5794 [00:10<01:46, 49.56it/s]
  9%|▉         | 524/5794 [00:10<01:46, 49.58it/s]
  9%|▉         | 529/5794 [00:10<01:46, 49.66it/s]
  9%|▉         | 534/5794 [00:10<01:46, 49.53it/s]
  9%|▉         | 539/5794 [00:10<01:46, 49.48it/s]
  9%|▉         | 544/5794 [00:11<01:45, 49.63it/s]
  9%|▉         | 549/5794 [00:11<01:45, 49.51it/s]
 10%|▉         | 554/5794 [00:11<01:45, 49.63it/s]
 10%|▉         | 559/5794 [00:11<01:45, 49.66it/s]
 10%|▉         | 564/5794 [00:11<01:45, 49.67it/s]
 10%|▉         | 569/5794 [00:11<01:45, 49.56it/s]
 10%|▉         | 574/5794 [00:11<01:45, 49.55it/s]
 10%|▉         | 579/5794 [00:11<01:45, 49.61it/s]
 10%|█         | 584/5794 [00:11<01:45, 49.44it/s]
 10%|█         | 589/5794 [00:11<01:45, 49.54it/s]
 10%|█         | 594/5794 [00:12<01:44, 49.63it/s]
 10%|█         | 599/5794 [00:12<01:45, 49.24it/s]
 10%|█         | 604/5794 [00:12<01:44, 49.43it/s]
 11%|█         | 609/5794 [00:12<01:44, 49.43it/s]
 11%|█         | 614/5794 [00:12<01:44, 49.55it/s]
 11%|█         | 619/5794 [00:12<01:45, 49.02it/s]
 11%|█         | 624/5794 [00:12<01:46, 48.76it/s]
 11%|█         | 629/5794 [00:12<01:45, 48.92it/s]
 11%|█         | 634/5794 [00:12<01:45, 48.99it/s]
 11%|█         | 639/5794 [00:12<01:45, 49.08it/s]
 11%|█         | 644/5794 [00:13<01:45, 49.04it/s]
 11%|█         | 649/5794 [00:13<01:44, 49.29it/s]
 11%|█▏        | 654/5794 [00:13<01:44, 49.29it/s]
 11%|█▏        | 659/5794 [00:13<01:44, 49.24it/s]
 11%|█▏        | 665/5794 [00:13<01:43, 49.62it/s]
 12%|█▏        | 671/5794 [00:13<01:42, 49.97it/s]
 12%|█▏        | 677/5794 [00:13<01:41, 50.29it/s]
 12%|█▏        | 683/5794 [00:13<01:41, 50.12it/s]
 12%|█▏        | 689/5794 [00:13<01:43, 49.48it/s]
 12%|█▏        | 695/5794 [00:14<01:41, 50.00it/s]
 12%|█▏        | 701/5794 [00:14<01:42, 49.89it/s]
 12%|█▏        | 707/5794 [00:14<01:41, 50.12it/s]
 12%|█▏        | 713/5794 [00:14<01:42, 49.54it/s]
 12%|█▏        | 718/5794 [00:14<01:43, 48.97it/s]
 12%|█▏        | 723/5794 [00:14<01:43, 48.96it/s]
 13%|█▎        | 728/5794 [00:14<01:43, 49.09it/s]
 13%|█▎        | 733/5794 [00:14<01:42, 49.17it/s]
 13%|█▎        | 738/5794 [00:14<01:42, 49.15it/s]
 13%|█▎        | 743/5794 [00:15<01:43, 48.87it/s]
 13%|█▎        | 748/5794 [00:15<01:43, 48.92it/s]
 13%|█▎        | 753/5794 [00:15<01:43, 48.92it/s]
 13%|█▎        | 759/5794 [00:15<01:42, 49.28it/s]
 13%|█▎        | 764/5794 [00:15<01:41, 49.37it/s]
 13%|█▎        | 769/5794 [00:15<01:42, 49.14it/s]
 13%|█▎        | 774/5794 [00:15<01:41, 49.34it/s]
 13%|█▎        | 779/5794 [00:15<01:41, 49.33it/s]
 14%|█▎        | 784/5794 [00:15<01:42, 49.11it/s]
 14%|█▎        | 789/5794 [00:15<01:42, 48.60it/s]
 14%|█▎        | 795/5794 [00:16<01:41, 49.15it/s]
 14%|█▍        | 801/5794 [00:16<01:40, 49.44it/s]
 14%|█▍        | 806/5794 [00:16<01:40, 49.58it/s]
 14%|█▍        | 812/5794 [00:16<01:40, 49.81it/s]
 14%|█▍        | 817/5794 [00:16<01:40, 49.37it/s]
 14%|█▍        | 822/5794 [00:16<01:40, 49.47it/s]
 14%|█▍        | 827/5794 [00:16<01:40, 49.60it/s]
 14%|█▍        | 832/5794 [00:16<01:40, 49.17it/s]
 14%|█▍        | 837/5794 [00:16<01:40, 49.23it/s]
 15%|█▍        | 842/5794 [00:17<01:40, 49.39it/s]
 15%|█▍        | 847/5794 [00:17<01:40, 49.35it/s]
 15%|█▍        | 852/5794 [00:17<01:40, 49.01it/s]
 15%|█▍        | 857/5794 [00:17<01:41, 48.85it/s]
 15%|█▍        | 862/5794 [00:17<01:40, 49.03it/s]
 15%|█▍        | 868/5794 [00:17<01:36, 50.90it/s]
 15%|█▌        | 874/5794 [00:17<01:34, 51.91it/s]
 15%|█▌        | 880/5794 [00:17<01:31, 53.56it/s]
 15%|█▌        | 886/5794 [00:17<01:29, 54.56it/s]
 15%|█▌        | 892/5794 [00:18<01:28, 55.09it/s]
 15%|█▌        | 898/5794 [00:18<01:28, 55.51it/s]
 16%|█▌        | 904/5794 [00:18<01:29, 54.72it/s]
 16%|█▌        | 910/5794 [00:18<01:29, 54.74it/s]
 16%|█▌        | 916/5794 [00:18<01:27, 55.69it/s]
 16%|█▌        | 922/5794 [00:18<01:26, 56.29it/s]
 16%|█▌        | 928/5794 [00:18<01:26, 56.27it/s]
 16%|█▌        | 934/5794 [00:18<01:26, 56.16it/s]
 16%|█▌        | 940/5794 [00:18<01:26, 56.02it/s]
 16%|█▋        | 946/5794 [00:18<01:27, 55.57it/s]
 16%|█▋        | 952/5794 [00:19<01:26, 55.99it/s]
 17%|█▋        | 958/5794 [00:19<01:25, 56.43it/s]
 17%|█▋        | 964/5794 [00:19<01:25, 56.59it/s]
 17%|█▋        | 970/5794 [00:19<01:25, 56.67it/s]
 17%|█▋        | 976/5794 [00:19<01:25, 56.67it/s]
 17%|█▋        | 982/5794 [00:19<01:25, 56.57it/s]
 17%|█▋        | 988/5794 [00:19<01:24, 56.72it/s]
 17%|█▋        | 994/5794 [00:19<01:24, 56.85it/s]
 17%|█▋        | 1000/5794 [00:19<01:24, 56.69it/s]
 17%|█▋        | 1006/5794 [00:20<01:25, 55.99it/s]
 17%|█▋        | 1012/5794 [00:20<01:26, 55.15it/s]
 18%|█▊        | 1018/5794 [00:20<01:27, 54.65it/s]
 18%|█▊        | 1024/5794 [00:20<01:28, 53.90it/s]
 18%|█▊        | 1030/5794 [00:20<01:26, 54.83it/s]
 18%|█▊        | 1036/5794 [00:20<01:25, 55.48it/s]
 18%|█▊        | 1042/5794 [00:20<01:25, 55.86it/s]
 18%|█▊        | 1048/5794 [00:20<01:24, 56.16it/s]
 18%|█▊        | 1054/5794 [00:20<01:23, 56.64it/s]
 18%|█▊        | 1060/5794 [00:21<01:23, 56.77it/s]
 18%|█▊        | 1066/5794 [00:21<01:22, 57.02it/s]
 19%|█▊        | 1072/5794 [00:21<01:22, 57.17it/s]
 19%|█▊        | 1078/5794 [00:21<01:22, 57.21it/s]
 19%|█▊        | 1084/5794 [00:21<01:22, 57.29it/s]
 19%|█▉        | 1090/5794 [00:21<01:21, 57.46it/s]
 19%|█▉        | 1096/5794 [00:21<01:21, 57.44it/s]
 19%|█▉        | 1102/5794 [00:21<01:21, 57.58it/s]
 19%|█▉        | 1108/5794 [00:21<01:21, 57.20it/s]
 19%|█▉        | 1114/5794 [00:21<01:22, 56.95it/s]
 19%|█▉        | 1120/5794 [00:22<01:22, 57.00it/s]
 19%|█▉        | 1126/5794 [00:22<01:22, 56.70it/s]
 20%|█▉        | 1132/5794 [00:22<01:22, 56.71it/s]
 20%|█▉        | 1138/5794 [00:22<01:22, 56.75it/s]
 20%|█▉        | 1144/5794 [00:22<01:22, 56.53it/s]
 20%|█▉        | 1150/5794 [00:22<01:22, 56.59it/s]
 20%|█▉        | 1156/5794 [00:22<01:22, 56.17it/s]
 20%|██        | 1162/5794 [00:22<01:23, 55.74it/s]
 20%|██        | 1168/5794 [00:22<01:23, 55.29it/s]
 20%|██        | 1174/5794 [00:23<01:24, 54.72it/s]
 20%|██        | 1180/5794 [00:23<01:24, 54.52it/s]
 20%|██        | 1186/5794 [00:23<01:23, 54.90it/s]
 21%|██        | 1192/5794 [00:23<01:23, 55.14it/s]
 21%|██        | 1198/5794 [00:23<01:22, 55.45it/s]
 21%|██        | 1204/5794 [00:23<01:22, 55.79it/s]
 21%|██        | 1210/5794 [00:23<01:22, 55.62it/s]
 21%|██        | 1216/5794 [00:23<01:22, 55.73it/s]
 21%|██        | 1222/5794 [00:23<01:21, 55.77it/s]
 21%|██        | 1228/5794 [00:24<01:22, 55.56it/s]
 21%|██▏       | 1234/5794 [00:24<01:22, 55.59it/s]
 21%|██▏       | 1240/5794 [00:24<01:22, 55.27it/s]
 22%|██▏       | 1246/5794 [00:24<01:22, 54.94it/s]
 22%|██▏       | 1252/5794 [00:24<01:23, 54.59it/s]
 22%|██▏       | 1258/5794 [00:24<01:23, 54.54it/s]
 22%|██▏       | 1264/5794 [00:24<01:22, 55.05it/s]
 22%|██▏       | 1270/5794 [00:24<01:21, 55.48it/s]
 22%|██▏       | 1276/5794 [00:24<01:20, 55.84it/s]
 22%|██▏       | 1282/5794 [00:24<01:23, 54.36it/s]
 22%|██▏       | 1288/5794 [00:25<01:25, 52.64it/s]
 22%|██▏       | 1294/5794 [00:25<01:26, 51.84it/s]
 22%|██▏       | 1300/5794 [00:25<01:28, 50.99it/s]
 23%|██▎       | 1306/5794 [00:25<01:27, 51.02it/s]
 23%|██▎       | 1312/5794 [00:25<01:27, 51.23it/s]
 23%|██▎       | 1318/5794 [00:25<01:27, 51.12it/s]
 23%|██▎       | 1324/5794 [00:25<01:27, 50.93it/s]
 23%|██▎       | 1330/5794 [00:25<01:27, 51.06it/s]
 23%|██▎       | 1336/5794 [00:26<01:27, 51.21it/s]
 23%|██▎       | 1342/5794 [00:26<01:26, 51.49it/s]
 23%|██▎       | 1348/5794 [00:26<01:26, 51.16it/s]
 23%|██▎       | 1354/5794 [00:26<01:26, 51.40it/s]
 23%|██▎       | 1360/5794 [00:26<01:26, 51.53it/s]
 24%|██▎       | 1366/5794 [00:26<01:25, 51.51it/s]
 24%|██▎       | 1372/5794 [00:26<01:25, 51.85it/s]
 24%|██▍       | 1378/5794 [00:26<01:22, 53.35it/s]
 24%|██▍       | 1384/5794 [00:26<01:21, 54.39it/s]
 24%|██▍       | 1390/5794 [00:27<01:19, 55.48it/s]
 24%|██▍       | 1396/5794 [00:27<01:18, 56.27it/s]
 24%|██▍       | 1402/5794 [00:27<01:17, 56.63it/s]
 24%|██▍       | 1408/5794 [00:27<01:16, 56.99it/s]
 24%|██▍       | 1414/5794 [00:27<01:17, 56.69it/s]
 25%|██▍       | 1420/5794 [00:27<01:17, 56.53it/s]
 25%|██▍       | 1426/5794 [00:27<01:16, 57.01it/s]
 25%|██▍       | 1432/5794 [00:27<01:16, 57.22it/s]
 25%|██▍       | 1438/5794 [00:27<01:16, 57.22it/s]
 25%|██▍       | 1444/5794 [00:28<01:15, 57.35it/s]
 25%|██▌       | 1450/5794 [00:28<01:17, 55.90it/s]
 25%|██▌       | 1456/5794 [00:28<01:19, 54.47it/s]
 25%|██▌       | 1462/5794 [00:28<01:20, 53.69it/s]
 25%|██▌       | 1468/5794 [00:28<01:21, 52.80it/s]
 25%|██▌       | 1474/5794 [00:28<01:22, 52.37it/s]
 26%|██▌       | 1480/5794 [00:28<01:22, 52.19it/s]
 26%|██▌       | 1486/5794 [00:28<01:23, 51.51it/s]
 26%|██▌       | 1492/5794 [00:28<01:22, 52.31it/s]
 26%|██▌       | 1498/5794 [00:29<01:19, 53.73it/s]
 26%|██▌       | 1504/5794 [00:29<01:18, 54.76it/s]
 26%|██▌       | 1510/5794 [00:29<01:17, 55.56it/s]
 26%|██▌       | 1516/5794 [00:29<01:16, 55.98it/s]
 26%|██▋       | 1522/5794 [00:29<01:15, 56.34it/s]
 26%|██▋       | 1528/5794 [00:29<01:15, 56.63it/s]
 26%|██▋       | 1534/5794 [00:29<01:15, 56.52it/s]
 27%|██▋       | 1540/5794 [00:29<01:15, 56.56it/s]
 27%|██▋       | 1546/5794 [00:29<01:14, 56.80it/s]
 27%|██▋       | 1552/5794 [00:29<01:14, 56.84it/s]
 27%|██▋       | 1558/5794 [00:30<01:16, 55.53it/s]
 27%|██▋       | 1564/5794 [00:30<01:18, 54.21it/s]
 27%|██▋       | 1570/5794 [00:30<01:19, 53.15it/s]
 27%|██▋       | 1576/5794 [00:30<01:20, 52.58it/s]
 27%|██▋       | 1582/5794 [00:30<01:20, 52.04it/s]
 27%|██▋       | 1588/5794 [00:30<01:21, 51.65it/s]
 28%|██▊       | 1594/5794 [00:30<01:21, 51.55it/s]
 28%|██▊       | 1600/5794 [00:30<01:21, 51.50it/s]
 28%|██▊       | 1606/5794 [00:31<01:21, 51.40it/s]
 28%|██▊       | 1612/5794 [00:31<01:21, 51.42it/s]
 28%|██▊       | 1618/5794 [00:31<01:21, 51.38it/s]
 28%|██▊       | 1624/5794 [00:31<01:21, 51.21it/s]
 28%|██▊       | 1630/5794 [00:31<01:21, 51.23it/s]
 28%|██▊       | 1636/5794 [00:31<01:21, 51.04it/s]
 28%|██▊       | 1642/5794 [00:31<01:21, 50.92it/s]
 28%|██▊       | 1648/5794 [00:31<01:21, 50.79it/s]
 29%|██▊       | 1654/5794 [00:31<01:21, 50.70it/s]
 29%|██▊       | 1660/5794 [00:32<01:21, 50.80it/s]
 29%|██▉       | 1666/5794 [00:32<01:19, 51.80it/s]
 29%|██▉       | 1672/5794 [00:32<01:17, 53.41it/s]
 29%|██▉       | 1678/5794 [00:32<01:15, 54.69it/s]
 29%|██▉       | 1684/5794 [00:32<01:13, 55.62it/s]
 29%|██▉       | 1690/5794 [00:32<01:13, 56.05it/s]
 29%|██▉       | 1696/5794 [00:32<01:12, 56.57it/s]
 29%|██▉       | 1702/5794 [00:32<01:11, 56.92it/s]
 29%|██▉       | 1708/5794 [00:32<01:11, 57.00it/s]
 30%|██▉       | 1714/5794 [00:33<01:11, 57.10it/s]
 30%|██▉       | 1720/5794 [00:33<01:12, 56.55it/s]
 30%|██▉       | 1726/5794 [00:33<01:14, 54.60it/s]
 30%|██▉       | 1732/5794 [00:33<01:15, 53.52it/s]
 30%|██▉       | 1738/5794 [00:33<01:16, 52.74it/s]
 30%|███       | 1744/5794 [00:33<01:17, 52.31it/s]
 30%|███       | 1750/5794 [00:33<01:17, 52.00it/s]
 30%|███       | 1756/5794 [00:33<01:18, 51.57it/s]
 30%|███       | 1762/5794 [00:33<01:19, 51.00it/s]
 31%|███       | 1768/5794 [00:34<01:19, 50.42it/s]
 31%|███       | 1774/5794 [00:34<01:20, 49.79it/s]
 31%|███       | 1779/5794 [00:34<01:20, 49.72it/s]
 31%|███       | 1784/5794 [00:34<01:20, 49.54it/s]
 31%|███       | 1789/5794 [00:34<01:21, 49.23it/s]
 31%|███       | 1794/5794 [00:34<01:21, 49.37it/s]
 31%|███       | 1799/5794 [00:34<01:20, 49.36it/s]
 31%|███       | 1804/5794 [00:34<01:20, 49.45it/s]
 31%|███       | 1809/5794 [00:34<01:20, 49.42it/s]
 31%|███▏      | 1814/5794 [00:35<01:20, 49.33it/s]
 31%|███▏      | 1819/5794 [00:35<01:20, 49.44it/s]
 31%|███▏      | 1824/5794 [00:35<01:20, 49.09it/s]
 32%|███▏      | 1829/5794 [00:35<01:20, 49.14it/s]
 32%|███▏      | 1834/5794 [00:35<01:20, 49.18it/s]
 32%|███▏      | 1839/5794 [00:35<01:20, 49.20it/s]
 32%|███▏      | 1844/5794 [00:35<01:20, 49.09it/s]
 32%|███▏      | 1849/5794 [00:35<01:20, 49.12it/s]
 32%|███▏      | 1854/5794 [00:35<01:19, 49.31it/s]
 32%|███▏      | 1859/5794 [00:35<01:20, 49.16it/s]
 32%|███▏      | 1864/5794 [00:36<01:19, 49.16it/s]
 32%|███▏      | 1869/5794 [00:36<01:20, 49.00it/s]
 32%|███▏      | 1874/5794 [00:36<01:20, 48.94it/s]
 32%|███▏      | 1879/5794 [00:36<01:19, 49.13it/s]
 33%|███▎      | 1884/5794 [00:36<01:19, 49.08it/s]
 33%|███▎      | 1889/5794 [00:36<01:19, 49.16it/s]
 33%|███▎      | 1894/5794 [00:36<01:19, 49.07it/s]
 33%|███▎      | 1899/5794 [00:36<01:19, 49.25it/s]
 33%|███▎      | 1904/5794 [00:36<01:19, 49.15it/s]
 33%|███▎      | 1909/5794 [00:36<01:19, 49.05it/s]
 33%|███▎      | 1915/5794 [00:37<01:17, 50.05it/s]
 33%|███▎      | 1921/5794 [00:37<01:14, 51.79it/s]
 33%|███▎      | 1927/5794 [00:37<01:14, 51.96it/s]
 33%|███▎      | 1933/5794 [00:37<01:15, 50.95it/s]
 33%|███▎      | 1939/5794 [00:37<01:16, 50.36it/s]
 34%|███▎      | 1945/5794 [00:37<01:17, 49.92it/s]
 34%|███▎      | 1950/5794 [00:37<01:17, 49.69it/s]
 34%|███▎      | 1955/5794 [00:37<01:17, 49.58it/s]
 34%|███▍      | 1960/5794 [00:37<01:17, 49.28it/s]
 34%|███▍      | 1965/5794 [00:38<01:17, 49.17it/s]
 34%|███▍      | 1970/5794 [00:38<01:17, 49.33it/s]
 34%|███▍      | 1975/5794 [00:38<01:17, 49.29it/s]
 34%|███▍      | 1980/5794 [00:38<01:17, 49.24it/s]
 34%|███▍      | 1985/5794 [00:38<01:17, 49.12it/s]
 34%|███▍      | 1990/5794 [00:38<01:17, 49.04it/s]
 34%|███▍      | 1995/5794 [00:38<01:17, 48.76it/s]
 35%|███▍      | 2000/5794 [00:38<01:18, 48.41it/s]
 35%|███▍      | 2005/5794 [00:38<01:17, 48.74it/s]
 35%|███▍      | 2010/5794 [00:39<01:17, 48.52it/s]
 35%|███▍      | 2015/5794 [00:39<01:17, 48.80it/s]
 35%|███▍      | 2020/5794 [00:39<01:17, 48.86it/s]
 35%|███▍      | 2025/5794 [00:39<01:16, 49.02it/s]
 35%|███▌      | 2030/5794 [00:39<01:16, 48.91it/s]
 35%|███▌      | 2036/5794 [00:39<01:14, 50.13it/s]
 35%|███▌      | 2042/5794 [00:39<01:12, 51.80it/s]
 35%|███▌      | 2048/5794 [00:39<01:10, 52.81it/s]
 35%|███▌      | 2054/5794 [00:39<01:09, 53.54it/s]
 36%|███▌      | 2060/5794 [00:39<01:09, 54.10it/s]
 36%|███▌      | 2066/5794 [00:40<01:08, 54.53it/s]
 36%|███▌      | 2072/5794 [00:40<01:07, 55.02it/s]
 36%|███▌      | 2078/5794 [00:40<01:07, 55.34it/s]
 36%|███▌      | 2084/5794 [00:40<01:06, 55.39it/s]
 36%|███▌      | 2090/5794 [00:40<01:06, 55.55it/s]
 36%|███▌      | 2096/5794 [00:40<01:06, 55.52it/s]
 36%|███▋      | 2102/5794 [00:40<01:06, 55.62it/s]
 36%|███▋      | 2108/5794 [00:40<01:06, 55.68it/s]
 36%|███▋      | 2114/5794 [00:40<01:06, 55.49it/s]
 37%|███▋      | 2120/5794 [00:41<01:06, 55.28it/s]
 37%|███▋      | 2126/5794 [00:41<01:06, 55.39it/s]
 37%|███▋      | 2132/5794 [00:41<01:06, 55.28it/s]
 37%|███▋      | 2138/5794 [00:41<01:06, 55.35it/s]
 37%|███▋      | 2144/5794 [00:41<01:05, 55.35it/s]
 37%|███▋      | 2150/5794 [00:41<01:06, 54.99it/s]
 37%|███▋      | 2156/5794 [00:41<01:05, 55.13it/s]
 37%|███▋      | 2162/5794 [00:41<01:05, 55.26it/s]
 37%|███▋      | 2168/5794 [00:41<01:05, 55.34it/s]
 38%|███▊      | 2174/5794 [00:42<01:05, 55.42it/s]
 38%|███▊      | 2180/5794 [00:42<01:05, 55.38it/s]
 38%|███▊      | 2186/5794 [00:42<01:05, 55.47it/s]
 38%|███▊      | 2192/5794 [00:42<01:06, 53.92it/s]
 38%|███▊      | 2198/5794 [00:42<01:08, 52.26it/s]
 38%|███▊      | 2204/5794 [00:42<01:10, 51.28it/s]
 38%|███▊      | 2210/5794 [00:42<01:10, 50.73it/s]
 38%|███▊      | 2216/5794 [00:42<01:11, 50.23it/s]
 38%|███▊      | 2222/5794 [00:42<01:11, 49.82it/s]
 38%|███▊      | 2227/5794 [00:43<01:11, 49.63it/s]
 39%|███▊      | 2232/5794 [00:43<01:12, 49.38it/s]
 39%|███▊      | 2237/5794 [00:43<01:12, 49.26it/s]
 39%|███▊      | 2242/5794 [00:43<01:12, 49.19it/s]
 39%|███▉      | 2247/5794 [00:43<01:12, 48.97it/s]
 39%|███▉      | 2252/5794 [00:43<01:12, 48.96it/s]
 39%|███▉      | 2257/5794 [00:43<01:12, 48.99it/s]
 39%|███▉      | 2262/5794 [00:43<01:11, 49.20it/s]
 39%|███▉      | 2268/5794 [00:43<01:08, 51.41it/s]
 39%|███▉      | 2274/5794 [00:43<01:06, 53.08it/s]
 39%|███▉      | 2280/5794 [00:44<01:04, 54.46it/s]
 39%|███▉      | 2286/5794 [00:44<01:03, 54.84it/s]
 40%|███▉      | 2292/5794 [00:44<01:03, 55.08it/s]
 40%|███▉      | 2298/5794 [00:44<01:04, 54.30it/s]
 40%|███▉      | 2304/5794 [00:44<01:04, 54.48it/s]
 40%|███▉      | 2310/5794 [00:44<01:03, 54.93it/s]
 40%|███▉      | 2316/5794 [00:44<01:02, 55.30it/s]
 40%|████      | 2322/5794 [00:44<01:02, 55.60it/s]
 40%|████      | 2328/5794 [00:44<01:02, 55.67it/s]
 40%|████      | 2334/5794 [00:45<01:01, 55.98it/s]
 40%|████      | 2340/5794 [00:45<01:02, 55.66it/s]
 40%|████      | 2346/5794 [00:45<01:01, 56.42it/s]
 41%|████      | 2352/5794 [00:45<01:00, 56.60it/s]
 41%|████      | 2358/5794 [00:45<01:00, 56.92it/s]
 41%|████      | 2364/5794 [00:45<00:59, 57.21it/s]
 41%|████      | 2370/5794 [00:45<01:00, 56.63it/s]
 41%|████      | 2376/5794 [00:45<01:00, 56.31it/s]
 41%|████      | 2382/5794 [00:45<01:00, 56.68it/s]
 41%|████      | 2388/5794 [00:46<00:59, 56.83it/s]
 41%|████▏     | 2394/5794 [00:46<01:00, 56.63it/s]
 41%|████▏     | 2400/5794 [00:46<00:59, 57.06it/s]
 42%|████▏     | 2406/5794 [00:46<00:59, 57.12it/s]
 42%|████▏     | 2412/5794 [00:46<00:58, 57.43it/s]
 42%|████▏     | 2418/5794 [00:46<00:59, 56.95it/s]
 42%|████▏     | 2424/5794 [00:46<00:59, 56.50it/s]
 42%|████▏     | 2430/5794 [00:46<00:59, 56.57it/s]
 42%|████▏     | 2436/5794 [00:46<00:59, 56.24it/s]
 42%|████▏     | 2442/5794 [00:46<00:59, 56.33it/s]
 42%|████▏     | 2448/5794 [00:47<00:58, 56.83it/s]
 42%|████▏     | 2454/5794 [00:47<00:58, 56.95it/s]
 42%|████▏     | 2460/5794 [00:47<00:58, 57.14it/s]
 43%|████▎     | 2466/5794 [00:47<00:57, 57.49it/s]
 43%|████▎     | 2472/5794 [00:47<00:57, 57.46it/s]
 43%|████▎     | 2478/5794 [00:47<00:57, 57.78it/s]
 43%|████▎     | 2484/5794 [00:47<00:57, 57.75it/s]
 43%|████▎     | 2490/5794 [00:47<00:57, 57.70it/s]
 43%|████▎     | 2496/5794 [00:47<00:57, 57.77it/s]
 43%|████▎     | 2502/5794 [00:48<00:57, 57.39it/s]
 43%|████▎     | 2508/5794 [00:48<00:57, 57.16it/s]
 43%|████▎     | 2514/5794 [00:48<00:57, 57.13it/s]
 43%|████▎     | 2520/5794 [00:48<00:57, 57.17it/s]
 44%|████▎     | 2526/5794 [00:48<00:57, 57.13it/s]
 44%|████▎     | 2532/5794 [00:48<00:57, 57.13it/s]
 44%|████▍     | 2538/5794 [00:48<00:57, 56.85it/s]
 44%|████▍     | 2544/5794 [00:48<00:57, 56.49it/s]
 44%|████▍     | 2550/5794 [00:48<00:57, 56.12it/s]
 44%|████▍     | 2556/5794 [00:48<00:58, 55.79it/s]
 44%|████▍     | 2562/5794 [00:49<00:58, 55.19it/s]
 44%|████▍     | 2568/5794 [00:49<00:58, 55.56it/s]
 44%|████▍     | 2574/5794 [00:49<00:58, 55.49it/s]
 45%|████▍     | 2580/5794 [00:49<00:57, 55.55it/s]
 45%|████▍     | 2586/5794 [00:49<00:57, 55.65it/s]
 45%|████▍     | 2592/5794 [00:49<00:57, 55.61it/s]
 45%|████▍     | 2598/5794 [00:49<00:57, 55.59it/s]
 45%|████▍     | 2604/5794 [00:49<00:57, 55.75it/s]
 45%|████▌     | 2610/5794 [00:49<00:57, 55.59it/s]
 45%|████▌     | 2616/5794 [00:50<00:56, 55.88it/s]
 45%|████▌     | 2622/5794 [00:50<00:56, 56.18it/s]
 45%|████▌     | 2628/5794 [00:50<00:57, 55.39it/s]
 45%|████▌     | 2634/5794 [00:50<00:57, 55.33it/s]
 46%|████▌     | 2640/5794 [00:50<00:57, 55.32it/s]
 46%|████▌     | 2646/5794 [00:50<00:56, 55.71it/s]
 46%|████▌     | 2652/5794 [00:50<00:56, 55.53it/s]
 46%|████▌     | 2658/5794 [00:50<00:56, 55.51it/s]
 46%|████▌     | 2664/5794 [00:50<00:56, 55.63it/s]
 46%|████▌     | 2670/5794 [00:51<00:55, 55.84it/s]
 46%|████▌     | 2676/5794 [00:51<00:55, 55.71it/s]
 46%|████▋     | 2682/5794 [00:51<00:55, 55.75it/s]
 46%|████▋     | 2688/5794 [00:51<00:55, 55.91it/s]
 46%|████▋     | 2694/5794 [00:51<00:55, 55.55it/s]
 47%|████▋     | 2700/5794 [00:51<00:55, 55.34it/s]
 47%|████▋     | 2706/5794 [00:51<00:55, 55.16it/s]
 47%|████▋     | 2712/5794 [00:51<00:55, 55.33it/s]
 47%|████▋     | 2718/5794 [00:51<00:55, 55.59it/s]
 47%|████▋     | 2724/5794 [00:51<00:55, 55.72it/s]
 47%|████▋     | 2730/5794 [00:52<00:54, 56.18it/s]
 47%|████▋     | 2736/5794 [00:52<00:54, 56.20it/s]
 47%|████▋     | 2742/5794 [00:52<00:54, 56.06it/s]
 47%|████▋     | 2748/5794 [00:52<00:54, 55.81it/s]
 48%|████▊     | 2754/5794 [00:52<00:54, 55.82it/s]
 48%|████▊     | 2760/5794 [00:52<00:54, 55.71it/s]
 48%|████▊     | 2766/5794 [00:52<00:54, 55.59it/s]
 48%|████▊     | 2772/5794 [00:52<00:54, 55.38it/s]
 48%|████▊     | 2778/5794 [00:52<00:54, 54.98it/s]
 48%|████▊     | 2784/5794 [00:53<00:54, 55.24it/s]
 48%|████▊     | 2790/5794 [00:53<00:54, 55.60it/s]
 48%|████▊     | 2796/5794 [00:53<00:53, 55.67it/s]
 48%|████▊     | 2802/5794 [00:53<00:53, 56.12it/s]
 48%|████▊     | 2808/5794 [00:53<00:53, 56.15it/s]
 49%|████▊     | 2814/5794 [00:53<00:52, 56.23it/s]
 49%|████▊     | 2820/5794 [00:53<00:52, 56.29it/s]
 49%|████▉     | 2826/5794 [00:53<00:52, 56.09it/s]
 49%|████▉     | 2832/5794 [00:53<00:53, 55.78it/s]
 49%|████▉     | 2838/5794 [00:54<00:53, 55.73it/s]
 49%|████▉     | 2844/5794 [00:54<00:52, 55.85it/s]
 49%|████▉     | 2850/5794 [00:54<00:52, 56.07it/s]
 49%|████▉     | 2856/5794 [00:54<00:52, 55.64it/s]
 49%|████▉     | 2862/5794 [00:54<00:52, 55.47it/s]
 49%|████▉     | 2868/5794 [00:54<00:52, 55.66it/s]
 50%|████▉     | 2874/5794 [00:54<00:52, 55.94it/s]
 50%|████▉     | 2880/5794 [00:54<00:51, 56.10it/s]
 50%|████▉     | 2886/5794 [00:54<00:51, 56.20it/s]
 50%|████▉     | 2892/5794 [00:54<00:51, 56.20it/s]
 50%|█████     | 2898/5794 [00:55<00:51, 56.21it/s]
 50%|█████     | 2904/5794 [00:55<00:51, 56.41it/s]
 50%|█████     | 2910/5794 [00:55<00:50, 56.62it/s]
 50%|█████     | 2916/5794 [00:55<00:51, 55.97it/s]
 50%|█████     | 2922/5794 [00:55<00:51, 56.10it/s]
 51%|█████     | 2928/5794 [00:55<00:50, 56.22it/s]
 51%|█████     | 2934/5794 [00:55<00:50, 56.25it/s]
 51%|█████     | 2940/5794 [00:55<00:50, 56.31it/s]
 51%|█████     | 2946/5794 [00:55<00:50, 56.43it/s]
 51%|█████     | 2952/5794 [00:56<00:50, 56.41it/s]
 51%|█████     | 2958/5794 [00:56<00:50, 56.46it/s]
 51%|█████     | 2964/5794 [00:56<00:50, 56.28it/s]
 51%|█████▏    | 2970/5794 [00:56<00:49, 56.51it/s]
 51%|█████▏    | 2976/5794 [00:56<00:49, 56.39it/s]
 51%|█████▏    | 2982/5794 [00:56<00:49, 56.45it/s]
 52%|█████▏    | 2988/5794 [00:56<00:49, 56.57it/s]
 52%|█████▏    | 2994/5794 [00:56<00:49, 56.51it/s]
 52%|█████▏    | 3000/5794 [00:56<00:49, 56.45it/s]
 52%|█████▏    | 3006/5794 [00:57<00:50, 55.44it/s]
 52%|█████▏    | 3012/5794 [00:57<00:52, 53.23it/s]
 52%|█████▏    | 3018/5794 [00:57<00:53, 51.85it/s]
 52%|█████▏    | 3024/5794 [00:57<00:54, 51.08it/s]
 52%|█████▏    | 3030/5794 [00:57<00:54, 50.33it/s]
 52%|█████▏    | 3036/5794 [00:57<00:55, 50.01it/s]
 53%|█████▎    | 3042/5794 [00:57<00:55, 49.85it/s]
 53%|█████▎    | 3047/5794 [00:57<00:55, 49.63it/s]
 53%|█████▎    | 3052/5794 [00:57<00:55, 49.42it/s]
 53%|█████▎    | 3057/5794 [00:58<00:55, 49.50it/s]
 53%|█████▎    | 3062/5794 [00:58<00:55, 49.37it/s]
 53%|█████▎    | 3067/5794 [00:58<00:55, 49.27it/s]
 53%|█████▎    | 3072/5794 [00:58<00:55, 49.23it/s]
 53%|█████▎    | 3077/5794 [00:58<00:55, 49.24it/s]
 53%|█████▎    | 3082/5794 [00:58<00:55, 49.19it/s]
 53%|█████▎    | 3087/5794 [00:58<00:55, 49.18it/s]
 53%|█████▎    | 3092/5794 [00:58<00:55, 49.11it/s]
 53%|█████▎    | 3097/5794 [00:58<00:54, 49.16it/s]
 54%|█████▎    | 3102/5794 [00:58<00:54, 49.11it/s]
 54%|█████▎    | 3107/5794 [00:59<00:54, 48.96it/s]
 54%|█████▎    | 3112/5794 [00:59<00:54, 49.02it/s]
 54%|█████▍    | 3117/5794 [00:59<00:54, 48.90it/s]
 54%|█████▍    | 3122/5794 [00:59<00:54, 48.97it/s]
 54%|█████▍    | 3127/5794 [00:59<00:54, 49.01it/s]
 54%|█████▍    | 3132/5794 [00:59<00:54, 48.79it/s]
 54%|█████▍    | 3137/5794 [00:59<00:54, 49.02it/s]
 54%|█████▍    | 3143/5794 [00:59<00:53, 49.78it/s]
 54%|█████▍    | 3149/5794 [00:59<00:51, 51.61it/s]
 54%|█████▍    | 3155/5794 [01:00<00:49, 53.11it/s]
 55%|█████▍    | 3161/5794 [01:00<00:48, 54.08it/s]
 55%|█████▍    | 3167/5794 [01:00<00:47, 54.86it/s]
 55%|█████▍    | 3173/5794 [01:00<00:48, 54.38it/s]
 55%|█████▍    | 3179/5794 [01:00<00:49, 52.58it/s]
 55%|█████▍    | 3185/5794 [01:00<00:50, 51.44it/s]
 55%|█████▌    | 3191/5794 [01:00<00:51, 50.85it/s]
 55%|█████▌    | 3197/5794 [01:00<00:51, 50.28it/s]
 55%|█████▌    | 3203/5794 [01:00<00:52, 49.80it/s]
 55%|█████▌    | 3208/5794 [01:01<00:52, 49.52it/s]
 55%|█████▌    | 3213/5794 [01:01<00:52, 49.27it/s]
 56%|█████▌    | 3218/5794 [01:01<00:52, 48.91it/s]
 56%|█████▌    | 3223/5794 [01:01<00:52, 48.93it/s]
 56%|█████▌    | 3228/5794 [01:01<00:52, 48.48it/s]
 56%|█████▌    | 3233/5794 [01:01<00:52, 48.37it/s]
 56%|█████▌    | 3238/5794 [01:01<00:52, 48.49it/s]
 56%|█████▌    | 3243/5794 [01:01<00:52, 48.65it/s]
 56%|█████▌    | 3248/5794 [01:01<00:52, 48.80it/s]
 56%|█████▌    | 3253/5794 [01:01<00:52, 48.68it/s]
 56%|█████▌    | 3258/5794 [01:02<00:52, 48.74it/s]
 56%|█████▋    | 3263/5794 [01:02<00:51, 48.95it/s]
 56%|█████▋    | 3268/5794 [01:02<00:51, 48.71it/s]
 56%|█████▋    | 3273/5794 [01:02<00:51, 48.95it/s]
 57%|█████▋    | 3278/5794 [01:02<00:51, 48.72it/s]
 57%|█████▋    | 3283/5794 [01:02<00:51, 48.77it/s]
 57%|█████▋    | 3288/5794 [01:02<00:51, 48.75it/s]
 57%|█████▋    | 3293/5794 [01:02<00:51, 48.79it/s]
 57%|█████▋    | 3298/5794 [01:02<00:50, 48.96it/s]
 57%|█████▋    | 3304/5794 [01:03<00:49, 49.82it/s]
 57%|█████▋    | 3310/5794 [01:03<00:48, 51.18it/s]
 57%|█████▋    | 3316/5794 [01:03<00:49, 50.14it/s]
 57%|█████▋    | 3322/5794 [01:03<00:50, 49.37it/s]
 57%|█████▋    | 3327/5794 [01:03<00:49, 49.37it/s]
 58%|█████▊    | 3332/5794 [01:03<00:49, 49.37it/s]
 58%|█████▊    | 3337/5794 [01:03<00:49, 49.34it/s]
 58%|█████▊    | 3342/5794 [01:03<00:49, 49.50it/s]
 58%|█████▊    | 3347/5794 [01:03<00:49, 48.99it/s]
 58%|█████▊    | 3352/5794 [01:04<00:50, 48.24it/s]
 58%|█████▊    | 3357/5794 [01:04<00:50, 48.28it/s]
 58%|█████▊    | 3363/5794 [01:04<00:49, 49.02it/s]
 58%|█████▊    | 3368/5794 [01:04<00:49, 49.17it/s]
 58%|█████▊    | 3373/5794 [01:04<00:49, 49.29it/s]
 58%|█████▊    | 3378/5794 [01:04<00:48, 49.34it/s]
 58%|█████▊    | 3383/5794 [01:04<00:49, 49.11it/s]
 58%|█████▊    | 3388/5794 [01:04<00:49, 49.00it/s]
 59%|█████▊    | 3393/5794 [01:04<00:48, 49.23it/s]
 59%|█████▊    | 3398/5794 [01:04<00:48, 49.16it/s]
 59%|█████▉    | 3404/5794 [01:05<00:48, 49.58it/s]
 59%|█████▉    | 3410/5794 [01:05<00:47, 49.86it/s]
 59%|█████▉    | 3415/5794 [01:05<00:47, 49.69it/s]
 59%|█████▉    | 3420/5794 [01:05<00:47, 49.54it/s]
 59%|█████▉    | 3425/5794 [01:05<00:47, 49.45it/s]
 59%|█████▉    | 3430/5794 [01:05<00:47, 49.44it/s]
 59%|█████▉    | 3435/5794 [01:05<00:47, 49.35it/s]
 59%|█████▉    | 3440/5794 [01:05<00:48, 48.84it/s]
 59%|█████▉    | 3445/5794 [01:05<00:47, 48.99it/s]
 60%|█████▉    | 3450/5794 [01:05<00:47, 49.18it/s]
 60%|█████▉    | 3455/5794 [01:06<00:48, 48.58it/s]
 60%|█████▉    | 3460/5794 [01:06<00:47, 48.81it/s]
 60%|█████▉    | 3465/5794 [01:06<00:47, 48.91it/s]
 60%|█████▉    | 3470/5794 [01:06<00:47, 49.05it/s]
 60%|█████▉    | 3475/5794 [01:06<00:47, 48.92it/s]
 60%|██████    | 3480/5794 [01:06<00:47, 48.54it/s]
 60%|██████    | 3485/5794 [01:06<00:47, 48.62it/s]
 60%|██████    | 3490/5794 [01:06<00:47, 48.94it/s]
 60%|██████    | 3496/5794 [01:06<00:46, 49.36it/s]
 60%|██████    | 3502/5794 [01:07<00:46, 49.70it/s]
 61%|██████    | 3507/5794 [01:07<00:46, 49.57it/s]
 61%|██████    | 3513/5794 [01:07<00:45, 49.74it/s]
 61%|██████    | 3518/5794 [01:07<00:45, 49.75it/s]
 61%|██████    | 3523/5794 [01:07<00:45, 49.40it/s]
 61%|██████    | 3528/5794 [01:07<00:46, 48.92it/s]
 61%|██████    | 3533/5794 [01:07<00:46, 49.11it/s]
 61%|██████    | 3538/5794 [01:07<00:45, 49.30it/s]
 61%|██████    | 3543/5794 [01:07<00:46, 48.90it/s]
 61%|██████    | 3548/5794 [01:07<00:46, 48.71it/s]
 61%|██████▏   | 3553/5794 [01:08<00:45, 48.80it/s]
 61%|██████▏   | 3558/5794 [01:08<00:46, 48.51it/s]
 61%|██████▏   | 3563/5794 [01:08<00:46, 48.41it/s]
 62%|██████▏   | 3568/5794 [01:08<00:45, 48.40it/s]
 62%|██████▏   | 3573/5794 [01:08<00:45, 48.81it/s]
 62%|██████▏   | 3578/5794 [01:08<00:45, 48.85it/s]
 62%|██████▏   | 3583/5794 [01:08<00:45, 48.88it/s]
 62%|██████▏   | 3588/5794 [01:08<00:45, 48.47it/s]
 62%|██████▏   | 3593/5794 [01:08<00:45, 47.96it/s]
 62%|██████▏   | 3599/5794 [01:09<00:45, 48.68it/s]
 62%|██████▏   | 3604/5794 [01:09<00:45, 48.51it/s]
 62%|██████▏   | 3609/5794 [01:09<00:45, 48.18it/s]
 62%|██████▏   | 3614/5794 [01:09<00:45, 47.98it/s]
 62%|██████▏   | 3619/5794 [01:09<00:45, 47.82it/s]
 63%|██████▎   | 3624/5794 [01:09<00:45, 47.81it/s]
 63%|██████▎   | 3629/5794 [01:09<00:45, 47.60it/s]
 63%|██████▎   | 3634/5794 [01:09<00:45, 47.60it/s]
 63%|██████▎   | 3639/5794 [01:09<00:45, 47.55it/s]
 63%|██████▎   | 3644/5794 [01:09<00:45, 47.40it/s]
 63%|██████▎   | 3649/5794 [01:10<00:45, 47.43it/s]
 63%|██████▎   | 3654/5794 [01:10<00:44, 47.84it/s]
 63%|██████▎   | 3659/5794 [01:10<00:44, 47.72it/s]
 63%|██████▎   | 3664/5794 [01:10<00:44, 47.83it/s]
 63%|██████▎   | 3669/5794 [01:10<00:44, 47.69it/s]
 63%|██████▎   | 3674/5794 [01:10<00:44, 47.52it/s]
 63%|██████▎   | 3679/5794 [01:10<00:44, 47.26it/s]
 64%|██████▎   | 3684/5794 [01:10<00:44, 47.35it/s]
 64%|██████▎   | 3689/5794 [01:10<00:44, 47.35it/s]
 64%|██████▍   | 3694/5794 [01:11<00:44, 47.33it/s]
 64%|██████▍   | 3699/5794 [01:11<00:44, 47.50it/s]
 64%|██████▍   | 3704/5794 [01:11<00:43, 47.77it/s]
 64%|██████▍   | 3709/5794 [01:11<00:43, 47.75it/s]
 64%|██████▍   | 3714/5794 [01:11<00:43, 47.53it/s]
 64%|██████▍   | 3719/5794 [01:11<00:43, 47.47it/s]
 64%|██████▍   | 3724/5794 [01:11<00:43, 47.47it/s]
 64%|██████▍   | 3729/5794 [01:11<00:44, 46.64it/s]
 64%|██████▍   | 3734/5794 [01:11<00:43, 46.84it/s]
 65%|██████▍   | 3739/5794 [01:11<00:43, 46.95it/s]
 65%|██████▍   | 3744/5794 [01:12<00:43, 46.96it/s]
 65%|██████▍   | 3749/5794 [01:12<00:43, 47.12it/s]
 65%|██████▍   | 3754/5794 [01:12<00:43, 47.32it/s]
 65%|██████▍   | 3759/5794 [01:12<00:42, 47.95it/s]
 65%|██████▍   | 3764/5794 [01:12<00:42, 48.15it/s]
 65%|██████▌   | 3769/5794 [01:12<00:41, 48.57it/s]
 65%|██████▌   | 3774/5794 [01:12<00:41, 48.69it/s]
 65%|██████▌   | 3779/5794 [01:12<00:41, 48.80it/s]
 65%|██████▌   | 3784/5794 [01:12<00:41, 48.88it/s]
 65%|██████▌   | 3789/5794 [01:13<00:41, 48.53it/s]
 65%|██████▌   | 3794/5794 [01:13<00:41, 48.61it/s]
 66%|██████▌   | 3799/5794 [01:13<00:41, 48.52it/s]
 66%|██████▌   | 3804/5794 [01:13<00:40, 48.58it/s]
 66%|██████▌   | 3809/5794 [01:13<00:40, 48.78it/s]
 66%|██████▌   | 3814/5794 [01:13<00:40, 49.00it/s]
 66%|██████▌   | 3819/5794 [01:13<00:40, 49.04it/s]
 66%|██████▌   | 3824/5794 [01:13<00:40, 49.07it/s]
 66%|██████▌   | 3829/5794 [01:13<00:40, 49.07it/s]
 66%|██████▌   | 3834/5794 [01:13<00:39, 49.19it/s]
 66%|██████▋   | 3839/5794 [01:14<00:39, 49.33it/s]
 66%|██████▋   | 3844/5794 [01:14<00:39, 49.32it/s]
 66%|██████▋   | 3849/5794 [01:14<00:39, 49.22it/s]
 67%|██████▋   | 3854/5794 [01:14<00:39, 49.06it/s]
 67%|██████▋   | 3859/5794 [01:14<00:39, 49.05it/s]
 67%|██████▋   | 3864/5794 [01:14<00:39, 48.91it/s]
 67%|██████▋   | 3870/5794 [01:14<00:38, 49.49it/s]
 67%|██████▋   | 3876/5794 [01:14<00:37, 50.91it/s]
 67%|██████▋   | 3882/5794 [01:14<00:36, 52.02it/s]
 67%|██████▋   | 3888/5794 [01:15<00:36, 52.34it/s]
 67%|██████▋   | 3894/5794 [01:15<00:35, 53.37it/s]
 67%|██████▋   | 3900/5794 [01:15<00:35, 53.81it/s]
 67%|██████▋   | 3906/5794 [01:15<00:34, 54.24it/s]
 68%|██████▊   | 3912/5794 [01:15<00:34, 54.59it/s]
 68%|██████▊   | 3918/5794 [01:15<00:34, 54.67it/s]
 68%|██████▊   | 3924/5794 [01:15<00:33, 55.23it/s]
 68%|██████▊   | 3930/5794 [01:15<00:34, 54.66it/s]
 68%|██████▊   | 3936/5794 [01:15<00:33, 54.74it/s]
 68%|██████▊   | 3942/5794 [01:15<00:33, 55.09it/s]
 68%|██████▊   | 3948/5794 [01:16<00:33, 55.43it/s]
 68%|██████▊   | 3954/5794 [01:16<00:33, 55.51it/s]
 68%|██████▊   | 3960/5794 [01:16<00:33, 55.55it/s]
 68%|██████▊   | 3966/5794 [01:16<00:32, 55.69it/s]
 69%|██████▊   | 3972/5794 [01:16<00:32, 55.96it/s]
 69%|██████▊   | 3978/5794 [01:16<00:32, 55.87it/s]
 69%|██████▉   | 3984/5794 [01:16<00:32, 55.81it/s]
 69%|██████▉   | 3990/5794 [01:16<00:32, 55.91it/s]
 69%|██████▉   | 3996/5794 [01:16<00:32, 56.04it/s]
 69%|██████▉   | 4002/5794 [01:17<00:32, 55.98it/s]
 69%|██████▉   | 4008/5794 [01:17<00:31, 56.00it/s]
 69%|██████▉   | 4014/5794 [01:17<00:31, 56.04it/s]
 69%|██████▉   | 4020/5794 [01:17<00:31, 55.75it/s]
 69%|██████▉   | 4026/5794 [01:17<00:31, 55.67it/s]
 70%|██████▉   | 4032/5794 [01:17<00:31, 55.97it/s]
 70%|██████▉   | 4038/5794 [01:17<00:31, 56.14it/s]
 70%|██████▉   | 4044/5794 [01:17<00:31, 56.21it/s]
 70%|██████▉   | 4050/5794 [01:17<00:31, 56.18it/s]
 70%|███████   | 4056/5794 [01:18<00:30, 56.35it/s]
 70%|███████   | 4062/5794 [01:18<00:30, 56.39it/s]
 70%|███████   | 4068/5794 [01:18<00:30, 56.24it/s]
 70%|███████   | 4074/5794 [01:18<00:30, 56.31it/s]
 70%|███████   | 4080/5794 [01:18<00:30, 56.52it/s]
 71%|███████   | 4086/5794 [01:18<00:30, 56.40it/s]
 71%|███████   | 4092/5794 [01:18<00:30, 56.57it/s]
 71%|███████   | 4098/5794 [01:18<00:30, 56.52it/s]
 71%|███████   | 4104/5794 [01:18<00:30, 56.25it/s]
 71%|███████   | 4110/5794 [01:18<00:30, 56.11it/s]
 71%|███████   | 4116/5794 [01:19<00:29, 56.12it/s]
 71%|███████   | 4122/5794 [01:19<00:29, 56.16it/s]
 71%|███████   | 4128/5794 [01:19<00:29, 55.97it/s]
 71%|███████▏  | 4134/5794 [01:19<00:29, 56.08it/s]
 71%|███████▏  | 4140/5794 [01:19<00:29, 56.11it/s]
 72%|███████▏  | 4146/5794 [01:19<00:29, 56.24it/s]
 72%|███████▏  | 4152/5794 [01:19<00:29, 56.17it/s]
 72%|███████▏  | 4158/5794 [01:19<00:29, 56.12it/s]
 72%|███████▏  | 4164/5794 [01:19<00:29, 55.85it/s]
 72%|███████▏  | 4170/5794 [01:20<00:29, 55.66it/s]
 72%|███████▏  | 4176/5794 [01:20<00:28, 55.90it/s]
 72%|███████▏  | 4182/5794 [01:20<00:28, 56.19it/s]
 72%|███████▏  | 4188/5794 [01:20<00:29, 54.56it/s]
 72%|███████▏  | 4194/5794 [01:20<00:29, 54.88it/s]
 72%|███████▏  | 4200/5794 [01:20<00:28, 55.19it/s]
 73%|███████▎  | 4206/5794 [01:20<00:28, 55.02it/s]
 73%|███████▎  | 4212/5794 [01:20<00:28, 55.14it/s]
 73%|███████▎  | 4218/5794 [01:20<00:28, 55.23it/s]
 73%|███████▎  | 4224/5794 [01:21<00:28, 55.01it/s]
 73%|███████▎  | 4230/5794 [01:21<00:28, 55.12it/s]
 73%|███████▎  | 4236/5794 [01:21<00:28, 55.20it/s]
 73%|███████▎  | 4242/5794 [01:21<00:28, 54.98it/s]
 73%|███████▎  | 4248/5794 [01:21<00:27, 55.27it/s]
 73%|███████▎  | 4254/5794 [01:21<00:27, 55.24it/s]
 74%|███████▎  | 4260/5794 [01:21<00:27, 55.30it/s]
 74%|███████▎  | 4266/5794 [01:21<00:27, 55.51it/s]
 74%|███████▎  | 4272/5794 [01:21<00:27, 55.37it/s]
 74%|███████▍  | 4278/5794 [01:22<00:27, 55.42it/s]
 74%|███████▍  | 4284/5794 [01:22<00:27, 55.50it/s]
 74%|███████▍  | 4290/5794 [01:22<00:27, 55.20it/s]
 74%|███████▍  | 4296/5794 [01:22<00:27, 55.27it/s]
 74%|███████▍  | 4302/5794 [01:22<00:26, 55.46it/s]
 74%|███████▍  | 4308/5794 [01:22<00:26, 55.49it/s]
 74%|███████▍  | 4314/5794 [01:22<00:26, 55.49it/s]
 75%|███████▍  | 4320/5794 [01:22<00:26, 55.58it/s]
 75%|███████▍  | 4326/5794 [01:22<00:26, 55.47it/s]
 75%|███████▍  | 4332/5794 [01:22<00:26, 55.44it/s]
 75%|███████▍  | 4338/5794 [01:23<00:26, 55.26it/s]
 75%|███████▍  | 4344/5794 [01:23<00:26, 55.26it/s]
 75%|███████▌  | 4350/5794 [01:23<00:26, 55.43it/s]
 75%|███████▌  | 4356/5794 [01:23<00:26, 54.42it/s]
 75%|███████▌  | 4362/5794 [01:23<00:27, 52.74it/s]
 75%|███████▌  | 4368/5794 [01:23<00:27, 51.57it/s]
 75%|███████▌  | 4374/5794 [01:23<00:27, 50.80it/s]
 76%|███████▌  | 4380/5794 [01:23<00:28, 50.33it/s]
 76%|███████▌  | 4386/5794 [01:24<00:28, 49.95it/s]
 76%|███████▌  | 4392/5794 [01:24<00:28, 49.55it/s]
 76%|███████▌  | 4397/5794 [01:24<00:28, 49.42it/s]
 76%|███████▌  | 4402/5794 [01:24<00:28, 49.39it/s]
 76%|███████▌  | 4407/5794 [01:24<00:28, 49.07it/s]
 76%|███████▌  | 4412/5794 [01:24<00:28, 49.19it/s]
 76%|███████▌  | 4417/5794 [01:24<00:28, 49.09it/s]
 76%|███████▋  | 4422/5794 [01:24<00:27, 49.27it/s]
 76%|███████▋  | 4427/5794 [01:24<00:27, 49.17it/s]
 76%|███████▋  | 4432/5794 [01:24<00:27, 49.21it/s]
 77%|███████▋  | 4437/5794 [01:25<00:27, 49.16it/s]
 77%|███████▋  | 4442/5794 [01:25<00:27, 49.02it/s]
 77%|███████▋  | 4447/5794 [01:25<00:27, 49.30it/s]
 77%|███████▋  | 4452/5794 [01:25<00:27, 49.05it/s]
 77%|███████▋  | 4457/5794 [01:25<00:27, 48.76it/s]
 77%|███████▋  | 4462/5794 [01:25<00:27, 48.69it/s]
 77%|███████▋  | 4467/5794 [01:25<00:27, 48.91it/s]
 77%|███████▋  | 4472/5794 [01:25<00:27, 48.92it/s]
 77%|███████▋  | 4477/5794 [01:25<00:26, 48.88it/s]
 77%|███████▋  | 4482/5794 [01:25<00:26, 49.20it/s]
 77%|███████▋  | 4487/5794 [01:26<00:26, 49.19it/s]
 78%|███████▊  | 4492/5794 [01:26<00:26, 49.14it/s]
 78%|███████▊  | 4497/5794 [01:26<00:26, 49.13it/s]
 78%|███████▊  | 4502/5794 [01:26<00:26, 49.22it/s]
 78%|███████▊  | 4507/5794 [01:26<00:26, 49.21it/s]
 78%|███████▊  | 4512/5794 [01:26<00:26, 49.26it/s]
 78%|███████▊  | 4517/5794 [01:26<00:25, 49.23it/s]
 78%|███████▊  | 4523/5794 [01:26<00:24, 51.40it/s]
 78%|███████▊  | 4529/5794 [01:26<00:23, 52.95it/s]
 78%|███████▊  | 4535/5794 [01:27<00:23, 54.05it/s]
 78%|███████▊  | 4541/5794 [01:27<00:22, 54.74it/s]
 78%|███████▊  | 4547/5794 [01:27<00:22, 55.36it/s]
 79%|███████▊  | 4553/5794 [01:27<00:22, 55.76it/s]
 79%|███████▊  | 4559/5794 [01:27<00:22, 55.32it/s]
 79%|███████▉  | 4565/5794 [01:27<00:22, 55.68it/s]
 79%|███████▉  | 4571/5794 [01:27<00:21, 55.94it/s]
 79%|███████▉  | 4577/5794 [01:27<00:21, 55.96it/s]
 79%|███████▉  | 4583/5794 [01:27<00:21, 55.09it/s]
 79%|███████▉  | 4589/5794 [01:28<00:22, 53.20it/s]
 79%|███████▉  | 4595/5794 [01:28<00:23, 51.82it/s]
 79%|███████▉  | 4601/5794 [01:28<00:23, 51.00it/s]
 80%|███████▉  | 4607/5794 [01:28<00:23, 50.55it/s]
 80%|███████▉  | 4613/5794 [01:28<00:23, 50.08it/s]
 80%|███████▉  | 4619/5794 [01:28<00:23, 49.88it/s]
 80%|███████▉  | 4624/5794 [01:28<00:23, 49.63it/s]
 80%|███████▉  | 4629/5794 [01:28<00:23, 49.55it/s]
 80%|███████▉  | 4634/5794 [01:28<00:23, 49.50it/s]
 80%|████████  | 4639/5794 [01:29<00:23, 49.44it/s]
 80%|████████  | 4644/5794 [01:29<00:23, 49.34it/s]
 80%|████████  | 4649/5794 [01:29<00:23, 49.20it/s]
 80%|████████  | 4654/5794 [01:29<00:23, 49.27it/s]
 80%|████████  | 4659/5794 [01:29<00:23, 48.99it/s]
 80%|████████  | 4664/5794 [01:29<00:23, 48.95it/s]
 81%|████████  | 4669/5794 [01:29<00:22, 49.00it/s]
 81%|████████  | 4674/5794 [01:29<00:22, 48.98it/s]
 81%|████████  | 4679/5794 [01:29<00:22, 48.94it/s]
 81%|████████  | 4684/5794 [01:29<00:22, 49.00it/s]
 81%|████████  | 4689/5794 [01:30<00:22, 49.14it/s]
 81%|████████  | 4694/5794 [01:30<00:22, 49.28it/s]
 81%|████████  | 4699/5794 [01:30<00:22, 49.34it/s]
 81%|████████  | 4704/5794 [01:30<00:22, 49.49it/s]
 81%|████████▏ | 4709/5794 [01:30<00:21, 49.55it/s]
 81%|████████▏ | 4714/5794 [01:30<00:21, 49.33it/s]
 81%|████████▏ | 4719/5794 [01:30<00:21, 49.28it/s]
 82%|████████▏ | 4724/5794 [01:30<00:21, 49.42it/s]
 82%|████████▏ | 4729/5794 [01:30<00:21, 49.36it/s]
 82%|████████▏ | 4734/5794 [01:30<00:21, 49.26it/s]
 82%|████████▏ | 4739/5794 [01:31<00:21, 49.13it/s]
 82%|████████▏ | 4744/5794 [01:31<00:21, 49.04it/s]
 82%|████████▏ | 4749/5794 [01:31<00:21, 49.12it/s]
 82%|████████▏ | 4754/5794 [01:31<00:21, 49.20it/s]
 82%|████████▏ | 4760/5794 [01:31<00:20, 49.97it/s]
 82%|████████▏ | 4765/5794 [01:31<00:20, 49.52it/s]
 82%|████████▏ | 4770/5794 [01:31<00:20, 49.51it/s]
 82%|████████▏ | 4775/5794 [01:31<00:20, 49.35it/s]
 82%|████████▏ | 4780/5794 [01:31<00:20, 49.21it/s]
 83%|████████▎ | 4786/5794 [01:32<00:20, 49.99it/s]
 83%|████████▎ | 4792/5794 [01:32<00:19, 51.34it/s]
 83%|████████▎ | 4798/5794 [01:32<00:19, 51.46it/s]
 83%|████████▎ | 4804/5794 [01:32<00:19, 50.83it/s]
 83%|████████▎ | 4810/5794 [01:32<00:19, 50.17it/s]
 83%|████████▎ | 4816/5794 [01:32<00:19, 49.82it/s]
 83%|████████▎ | 4821/5794 [01:32<00:19, 49.81it/s]
 83%|████████▎ | 4826/5794 [01:32<00:19, 49.68it/s]
 83%|████████▎ | 4831/5794 [01:32<00:19, 49.53it/s]
 83%|████████▎ | 4836/5794 [01:33<00:19, 48.50it/s]
 84%|████████▎ | 4841/5794 [01:33<00:19, 48.66it/s]
 84%|████████▎ | 4846/5794 [01:33<00:19, 48.92it/s]
 84%|████████▎ | 4851/5794 [01:33<00:19, 48.86it/s]
 84%|████████▍ | 4856/5794 [01:33<00:19, 49.01it/s]
 84%|████████▍ | 4861/5794 [01:33<00:19, 49.10it/s]
 84%|████████▍ | 4866/5794 [01:33<00:18, 49.07it/s]
 84%|████████▍ | 4871/5794 [01:33<00:18, 49.27it/s]
 84%|████████▍ | 4876/5794 [01:33<00:18, 49.27it/s]
 84%|████████▍ | 4882/5794 [01:33<00:18, 50.14it/s]
 84%|████████▍ | 4888/5794 [01:34<00:17, 51.93it/s]
 84%|████████▍ | 4894/5794 [01:34<00:17, 51.00it/s]
 85%|████████▍ | 4900/5794 [01:34<00:17, 50.43it/s]
 85%|████████▍ | 4906/5794 [01:34<00:17, 50.07it/s]
 85%|████████▍ | 4912/5794 [01:34<00:17, 49.74it/s]
 85%|████████▍ | 4917/5794 [01:34<00:17, 49.47it/s]
 85%|████████▍ | 4922/5794 [01:34<00:17, 49.50it/s]
 85%|████████▌ | 4927/5794 [01:34<00:17, 49.38it/s]
 85%|████████▌ | 4932/5794 [01:34<00:17, 49.17it/s]
 85%|████████▌ | 4937/5794 [01:35<00:17, 49.14it/s]
 85%|████████▌ | 4942/5794 [01:35<00:17, 49.13it/s]
 85%|████████▌ | 4947/5794 [01:35<00:17, 49.02it/s]
 85%|████████▌ | 4952/5794 [01:35<00:17, 49.00it/s]
 86%|████████▌ | 4957/5794 [01:35<00:17, 49.16it/s]
 86%|████████▌ | 4962/5794 [01:35<00:16, 49.30it/s]
 86%|████████▌ | 4967/5794 [01:35<00:16, 49.20it/s]
 86%|████████▌ | 4972/5794 [01:35<00:16, 49.21it/s]
 86%|████████▌ | 4977/5794 [01:35<00:16, 49.25it/s]
 86%|████████▌ | 4982/5794 [01:35<00:16, 49.42it/s]
 86%|████████▌ | 4987/5794 [01:36<00:16, 49.14it/s]
 86%|████████▌ | 4992/5794 [01:36<00:16, 49.22it/s]
 86%|████████▌ | 4997/5794 [01:36<00:16, 49.29it/s]
 86%|████████▋ | 5002/5794 [01:36<00:16, 49.29it/s]
 86%|████████▋ | 5007/5794 [01:36<00:15, 49.24it/s]
 87%|████████▋ | 5012/5794 [01:36<00:15, 49.29it/s]
 87%|████████▋ | 5017/5794 [01:36<00:15, 49.43it/s]
 87%|████████▋ | 5022/5794 [01:36<00:15, 49.29it/s]
 87%|████████▋ | 5027/5794 [01:36<00:15, 49.38it/s]
 87%|████████▋ | 5032/5794 [01:36<00:15, 49.38it/s]
 87%|████████▋ | 5037/5794 [01:37<00:15, 49.27it/s]
 87%|████████▋ | 5042/5794 [01:37<00:15, 49.39it/s]
 87%|████████▋ | 5047/5794 [01:37<00:15, 49.35it/s]
 87%|████████▋ | 5052/5794 [01:37<00:15, 49.43it/s]
 87%|████████▋ | 5057/5794 [01:37<00:15, 49.12it/s]
 87%|████████▋ | 5063/5794 [01:37<00:14, 51.39it/s]
 87%|████████▋ | 5069/5794 [01:37<00:13, 53.04it/s]
 88%|████████▊ | 5075/5794 [01:37<00:13, 54.05it/s]
 88%|████████▊ | 5081/5794 [01:37<00:12, 54.88it/s]
 88%|████████▊ | 5087/5794 [01:38<00:12, 54.76it/s]
 88%|████████▊ | 5093/5794 [01:38<00:12, 54.79it/s]
 88%|████████▊ | 5099/5794 [01:38<00:12, 55.34it/s]
 88%|████████▊ | 5105/5794 [01:38<00:12, 55.67it/s]
 88%|████████▊ | 5111/5794 [01:38<00:12, 54.49it/s]
 88%|████████▊ | 5117/5794 [01:38<00:12, 52.83it/s]
 88%|████████▊ | 5123/5794 [01:38<00:13, 51.55it/s]
 89%|████████▊ | 5129/5794 [01:38<00:13, 51.01it/s]
 89%|████████▊ | 5135/5794 [01:38<00:12, 52.64it/s]
 89%|████████▊ | 5141/5794 [01:39<00:12, 53.51it/s]
 89%|████████▉ | 5147/5794 [01:39<00:11, 54.13it/s]
 89%|████████▉ | 5153/5794 [01:39<00:11, 54.57it/s]
 89%|████████▉ | 5159/5794 [01:39<00:11, 54.68it/s]
 89%|████████▉ | 5165/5794 [01:39<00:11, 55.17it/s]
 89%|████████▉ | 5171/5794 [01:39<00:11, 55.54it/s]
 89%|████████▉ | 5177/5794 [01:39<00:11, 55.84it/s]
 89%|████████▉ | 5183/5794 [01:39<00:10, 56.05it/s]
 90%|████████▉ | 5189/5794 [01:39<00:10, 56.12it/s]
 90%|████████▉ | 5195/5794 [01:39<00:10, 56.35it/s]
 90%|████████▉ | 5201/5794 [01:40<00:10, 56.31it/s]
 90%|████████▉ | 5207/5794 [01:40<00:10, 56.34it/s]
 90%|████████▉ | 5213/5794 [01:40<00:10, 56.25it/s]
 90%|█████████ | 5219/5794 [01:40<00:10, 56.46it/s]
 90%|█████████ | 5225/5794 [01:40<00:10, 56.33it/s]
 90%|█████████ | 5231/5794 [01:40<00:10, 55.01it/s]
 90%|█████████ | 5237/5794 [01:40<00:10, 53.17it/s]
 90%|█████████ | 5243/5794 [01:40<00:10, 51.83it/s]
 91%|█████████ | 5249/5794 [01:41<00:10, 51.06it/s]
 91%|█████████ | 5255/5794 [01:41<00:10, 50.51it/s]
 91%|█████████ | 5261/5794 [01:41<00:10, 49.92it/s]
 91%|█████████ | 5267/5794 [01:41<00:10, 49.83it/s]
 91%|█████████ | 5272/5794 [01:41<00:10, 49.81it/s]
 91%|█████████ | 5277/5794 [01:41<00:10, 49.53it/s]
 91%|█████████ | 5282/5794 [01:41<00:10, 49.35it/s]
 91%|█████████ | 5287/5794 [01:41<00:10, 49.38it/s]
 91%|█████████▏| 5292/5794 [01:41<00:10, 49.16it/s]
 91%|█████████▏| 5297/5794 [01:41<00:10, 49.35it/s]
 92%|█████████▏| 5302/5794 [01:42<00:09, 49.27it/s]
 92%|█████████▏| 5307/5794 [01:42<00:09, 49.18it/s]
 92%|█████████▏| 5312/5794 [01:42<00:09, 49.14it/s]
 92%|█████████▏| 5317/5794 [01:42<00:09, 49.19it/s]
 92%|█████████▏| 5322/5794 [01:42<00:09, 49.25it/s]
 92%|█████████▏| 5327/5794 [01:42<00:09, 49.08it/s]
 92%|█████████▏| 5332/5794 [01:42<00:09, 49.04it/s]
 92%|█████████▏| 5337/5794 [01:42<00:09, 49.15it/s]
 92%|█████████▏| 5342/5794 [01:42<00:09, 49.04it/s]
 92%|█████████▏| 5347/5794 [01:42<00:09, 48.76it/s]
 92%|█████████▏| 5352/5794 [01:43<00:09, 48.77it/s]
 92%|█████████▏| 5357/5794 [01:43<00:08, 48.80it/s]
 93%|█████████▎| 5362/5794 [01:43<00:08, 48.82it/s]
 93%|█████████▎| 5367/5794 [01:43<00:08, 48.89it/s]
 93%|█████████▎| 5372/5794 [01:43<00:08, 48.99it/s]
 93%|█████████▎| 5377/5794 [01:43<00:08, 48.72it/s]
 93%|█████████▎| 5382/5794 [01:43<00:08, 48.63it/s]
 93%|█████████▎| 5387/5794 [01:43<00:08, 48.87it/s]
 93%|█████████▎| 5392/5794 [01:43<00:08, 48.64it/s]
 93%|█████████▎| 5397/5794 [01:44<00:08, 48.71it/s]
 93%|█████████▎| 5402/5794 [01:44<00:08, 48.85it/s]
 93%|█████████▎| 5407/5794 [01:44<00:07, 48.83it/s]
 93%|█████████▎| 5412/5794 [01:44<00:07, 48.70it/s]
 93%|█████████▎| 5417/5794 [01:44<00:07, 48.58it/s]
 94%|█████████▎| 5422/5794 [01:44<00:07, 48.69it/s]
 94%|█████████▎| 5427/5794 [01:44<00:07, 48.54it/s]
 94%|█████████▍| 5432/5794 [01:44<00:07, 48.78it/s]
 94%|█████████▍| 5437/5794 [01:44<00:07, 48.86it/s]
 94%|█████████▍| 5442/5794 [01:44<00:07, 48.50it/s]
 94%|█████████▍| 5447/5794 [01:45<00:07, 48.12it/s]
 94%|█████████▍| 5452/5794 [01:45<00:07, 48.46it/s]
 94%|█████████▍| 5457/5794 [01:45<00:06, 48.76it/s]
 94%|█████████▍| 5462/5794 [01:45<00:06, 48.89it/s]
 94%|█████████▍| 5467/5794 [01:45<00:06, 49.07it/s]
 94%|█████████▍| 5472/5794 [01:45<00:06, 49.26it/s]
 95%|█████████▍| 5477/5794 [01:45<00:06, 49.18it/s]
 95%|█████████▍| 5482/5794 [01:45<00:06, 48.95it/s]
 95%|█████████▍| 5488/5794 [01:45<00:06, 49.54it/s]
 95%|█████████▍| 5494/5794 [01:46<00:06, 49.85it/s]
 95%|█████████▍| 5500/5794 [01:46<00:05, 49.76it/s]
 95%|█████████▌| 5505/5794 [01:46<00:05, 49.18it/s]
 95%|█████████▌| 5510/5794 [01:46<00:05, 49.04it/s]
 95%|█████████▌| 5516/5794 [01:46<00:05, 49.62it/s]
 95%|█████████▌| 5521/5794 [01:46<00:05, 49.41it/s]
 95%|█████████▌| 5526/5794 [01:46<00:05, 49.47it/s]
 95%|█████████▌| 5532/5794 [01:46<00:05, 49.88it/s]
 96%|█████████▌| 5538/5794 [01:46<00:05, 50.23it/s]
 96%|█████████▌| 5544/5794 [01:47<00:05, 49.88it/s]
 96%|█████████▌| 5549/5794 [01:47<00:04, 49.63it/s]
 96%|█████████▌| 5554/5794 [01:47<00:04, 49.66it/s]
 96%|█████████▌| 5559/5794 [01:47<00:04, 49.62it/s]
 96%|█████████▌| 5564/5794 [01:47<00:04, 49.03it/s]
 96%|█████████▌| 5569/5794 [01:47<00:04, 49.03it/s]
 96%|█████████▌| 5574/5794 [01:47<00:04, 49.17it/s]
 96%|█████████▋| 5580/5794 [01:47<00:04, 49.40it/s]
 96%|█████████▋| 5585/5794 [01:47<00:04, 49.38it/s]
 96%|█████████▋| 5590/5794 [01:47<00:04, 49.35it/s]
 97%|█████████▋| 5595/5794 [01:48<00:04, 49.43it/s]
 97%|█████████▋| 5600/5794 [01:48<00:03, 49.20it/s]
 97%|█████████▋| 5605/5794 [01:48<00:03, 48.80it/s]
 97%|█████████▋| 5610/5794 [01:48<00:03, 48.79it/s]
 97%|█████████▋| 5615/5794 [01:48<00:03, 49.05it/s]
 97%|█████████▋| 5621/5794 [01:48<00:03, 49.52it/s]
 97%|█████████▋| 5627/5794 [01:48<00:03, 49.77it/s]
 97%|█████████▋| 5632/5794 [01:48<00:03, 49.81it/s]
 97%|█████████▋| 5638/5794 [01:48<00:03, 49.98it/s]
 97%|█████████▋| 5644/5794 [01:49<00:02, 50.18it/s]
 98%|█████████▊| 5650/5794 [01:49<00:02, 49.51it/s]
 98%|█████████▊| 5655/5794 [01:49<00:02, 49.29it/s]
 98%|█████████▊| 5660/5794 [01:49<00:02, 49.42it/s]
 98%|█████████▊| 5665/5794 [01:49<00:02, 49.21it/s]
 98%|█████████▊| 5670/5794 [01:49<00:02, 48.74it/s]
 98%|█████████▊| 5675/5794 [01:49<00:02, 48.53it/s]
 98%|█████████▊| 5680/5794 [01:49<00:02, 48.69it/s]
 98%|█████████▊| 5686/5794 [01:49<00:02, 49.24it/s]
 98%|█████████▊| 5691/5794 [01:49<00:02, 48.72it/s]
 98%|█████████▊| 5696/5794 [01:50<00:02, 48.43it/s]
 98%|█████████▊| 5701/5794 [01:50<00:01, 48.13it/s]
 98%|█████████▊| 5706/5794 [01:50<00:01, 48.20it/s]
 99%|█████████▊| 5711/5794 [01:50<00:01, 48.39it/s]
 99%|█████████▊| 5716/5794 [01:50<00:01, 47.51it/s]
 99%|█████████▊| 5721/5794 [01:50<00:01, 48.01it/s]
 99%|█████████▉| 5726/5794 [01:50<00:01, 48.49it/s]
 99%|█████████▉| 5731/5794 [01:50<00:01, 48.22it/s]
 99%|█████████▉| 5736/5794 [01:50<00:01, 47.93it/s]
 99%|█████████▉| 5741/5794 [01:51<00:01, 47.87it/s]
 99%|█████████▉| 5746/5794 [01:51<00:01, 47.79it/s]
 99%|█████████▉| 5751/5794 [01:51<00:00, 47.64it/s]
 99%|█████████▉| 5756/5794 [01:51<00:00, 47.68it/s]
 99%|█████████▉| 5761/5794 [01:51<00:00, 47.65it/s]
100%|█████████▉| 5766/5794 [01:51<00:00, 47.61it/s]
100%|█████████▉| 5771/5794 [01:51<00:00, 47.61it/s]
100%|█████████▉| 5776/5794 [01:51<00:00, 47.65it/s]
100%|█████████▉| 5781/5794 [01:51<00:00, 47.95it/s]
100%|█████████▉| 5786/5794 [01:51<00:00, 47.83it/s]
100%|█████████▉| 5791/5794 [01:52<00:00, 48.17it/s]
100%|██████████| 5794/5794 [01:52<00:00, 51.63it/s]
BALANCED ACCS CHECKED FOR TEST
TEST SET RESULTS FOR CHECKPOINT trained_weights/waterbirds/abn_cls_waterbird_1.0_forest2water2_21050510_trial_000/best_balanced_valacc_0.53_epoch_0.ckpt
test_acc: 0.6206420434932689
balanced_test_acc: 0.5242926760193685
Land_on_Land_test_acc: 0.9951219512195122
Land_on_Water_test_acc: 0.39955654101995564
Water_on_Land_test_acc: 0.017133956386292833
Water_on_Water_test_acc: 0.6853582554517134
test_acc_Waterbird: 0.3512461059190031
test_acc_Landbird: 0.697339246119734
