[SWEEP] run_name_prefix=abn_cls_waterbird_1.0_forest2water2_21048936
[SWEEP] Trial 0 done. best_balanced_val_acc=0.5276544239062475
[SWEEP] Best trial:
  trial: 0
  name: abn_cls_waterbird_1.0_forest2water2_21048936_trial_000
  method: abn_cls
  seed: 0
  base_lr: 0.0010000000000000002
  classifier_lr: 9.999999999999991e-05
  grad_weight: None
  cam_weight: None
  abn_cls_weight: 1.0
  abn_att_weight: None
  weight_decay: 9.999999999999997e-06
  best_balanced_val_acc: 0.5276544239062475
  test_acc: 62.06420434932689
  balanced_test_acc: 52.42926760193684
  per_group: 52.42926760193684
  worst_group: 1.7133956386292832
  checkpoint: trained_weights/waterbirds/abn_cls_waterbird_1.0_forest2water2_21048936_trial_000/best_balanced_valacc_0.53_epoch_0.ckpt
  log_path: /home/ryreu/guided_cnn/logsWaterbird/smoke_debug_21048936/abn100_baseline_logs/abn_cls_waterbird_1.0_forest2water2_21048936_trial_000.log
  seconds: 122
  sampler: random
  run_dir: trained_weights/waterbirds/abn_cls_waterbird_1.0_forest2water2_21048936_trial_000
[TIME] sweep: median min/trial=2.03 | total tuning GPU-hours=0.03
[TIME] sweep: median min/epoch=0.0102 (epochs/trial=200)
