[CMD] /home/ryreu/miniconda3/envs/gals_a100/bin/python -u main.py --config configs/waterbirds_100_gals_ourmasks.yaml --name gals_waterbird_1.0_forest2water2_21047520_trial_000 DATA.ROOT=/home/ryreu/guided_cnn/waterbirds DATA.WATERBIRDS_DIR=waterbird_1.0_forest2water2 SEED=0 EXP.BASE.LR=0.0010000000000000002 EXP.CLASSIFIER.LR=9.999999999999991e-05 EXP.WEIGHT_DECAY=9.999999999999997e-06 EXP.AUX_LOSSES_ON_VAL=False EXP.LOSSES.GRADIENT_OUTSIDE.WEIGHT=10.000000000000002 DATA.SEGMENTATION_DIR=/home/ryreu/guided_cnn/waterbirds/L100/LearningToLook/code/WeCLIPPlus/results/val/prediction_cmap DATA.SEG_TRAIN_ONLY=True EXP.NUM_EPOCHS=1
SEED: 0
DATA:
  BATCH_SIZE: 96
  NUM_WORKERS: 4
  SIZE: 224
  NORMALIZATION: imagenet
  ATTENTION_DIR: NONE
  SEPARATE_CLASSES: false
  REMOVE_BACKGROUND: false
  ROOT: /home/ryreu/guided_cnn/waterbirds
  USE_CLASS_WEIGHTS: false
  USE_GROUP_WEIGHTS: false
  DATASET: waterbirds
  NUM_CLASSES: 2
  CONFOUNDING_FACTOR: 1.0
  WATERBIRDS_DIR: waterbird_1.0_forest2water2
  SEGMENTATION_DIR: /home/ryreu/guided_cnn/waterbirds/L100/LearningToLook/code/WeCLIPPlus/results/val/prediction_cmap
  SEG_TRAIN_ONLY: true
EXP:
  NUM_TRIALS: 1
  LOSSES:
    CLASSIFICATION:
      WEIGHT: 1
    GRADIENT_OUTSIDE:
      COMPUTE: true
      LOG: false
      WEIGHT: 10.000000000000002
      CRITERION: L1
      GT: segmentation
      COMBINE_ATT_MODE: average_nonzero
    GRADIENT_INSIDE:
      COMPUTE: false
      LOG: false
      WEIGHT: 1
      CRITERION: L1
      GT: segmentation
      COMBINE_ATT_MODE: average_nonzero
    GRADCAM:
      COMPUTE: false
      LOG: false
      WEIGHT: 1
      CRITERION: L1
      GT: segmentation
      MODE: match
      COMBINE_ATT_MODE: average_nonzero
  APPROACH: generic
  MODEL: resnet50
  PRETRAINED: true
  NUM_EPOCHS: 1
  OPTIMIZER: SGD
  WEIGHT_DECAY: 9.999999999999997e-06
  MOMENTUM: 0.9
  SCHEDULER: NONE
  AUX_LOSSES_ON_VAL: false
  BASE:
    LR: 0.0010000000000000002
  CLASSIFIER:
    LR: 9.999999999999991e-05
LOGGING:
  SAVE_EVERY: 0
  SAVE_BEST: true
  SAVE_LAST: false
  LOG_ATTENTION: false
  LOG_ATTENTION_STEP: 10
  SAVE_STATS_PATH: null
yaml: configs/waterbirds_100_gals_ourmasks.yaml
name: gals_waterbird_1.0_forest2water2_21047520_trial_000
test_checkpoint: null

WATERBIRDS DIR: /home/ryreu/guided_cnn/waterbirds/waterbird_1.0_forest2water2
NUMBER OF SAMPLES WITH LABEL Landbird: 3684
NUMBER OF SAMPLES WITH LABEL Waterbird: 1111
NUMBER OF SAMPLES WITH GROUP Land_on_Land: 3684
NUMBER OF SAMPLES WITH GROUP Land_on_Water: 0
NUMBER OF SAMPLES WITH GROUP Water_on_Land: 0
NUMBER OF SAMPLES WITH GROUP Water_on_Water: 1111
WATERBIRDS DIR: /home/ryreu/guided_cnn/waterbirds/waterbird_1.0_forest2water2
NUMBER OF SAMPLES WITH LABEL Landbird: 931
NUMBER OF SAMPLES WITH LABEL Waterbird: 268
NUMBER OF SAMPLES WITH GROUP Land_on_Land: 465
NUMBER OF SAMPLES WITH GROUP Land_on_Water: 466
NUMBER OF SAMPLES WITH GROUP Water_on_Land: 134
NUMBER OF SAMPLES WITH GROUP Water_on_Water: 134
NUM TRAIN: 4795

NUM VAL:   1199

Number classifier outputs: 1
Using pretrained model: True
USING SGD OPTIMIZER
class weights: None
group weights: None
WANDB DISABLED: skipping wandb.init()
EPOCH: 0

>>> TRAINING 


  0%|          | 0/50 [00:00<?, ?it/s]
  2%|▏         | 1/50 [00:14<12:02, 14.74s/it]
  4%|▍         | 2/50 [00:15<05:20,  6.68s/it]
  6%|▌         | 3/50 [00:16<03:13,  4.11s/it]
  8%|▊         | 4/50 [00:17<02:13,  2.90s/it]
 10%|█         | 5/50 [00:18<01:40,  2.24s/it]
 12%|█▏        | 6/50 [00:19<01:20,  1.83s/it]
 14%|█▍        | 7/50 [00:21<01:07,  1.57s/it]
 16%|█▌        | 8/50 [00:22<00:58,  1.40s/it]
 18%|█▊        | 9/50 [00:23<00:53,  1.29s/it]
 20%|██        | 10/50 [00:24<00:48,  1.22s/it]
 22%|██▏       | 11/50 [00:25<00:45,  1.16s/it]
 24%|██▍       | 12/50 [00:26<00:42,  1.13s/it]
 26%|██▌       | 13/50 [00:27<00:40,  1.11s/it]
 28%|██▊       | 14/50 [00:28<00:39,  1.09s/it]
 30%|███       | 15/50 [00:29<00:37,  1.08s/it]
 32%|███▏      | 16/50 [00:30<00:36,  1.07s/it]
 34%|███▍      | 17/50 [00:31<00:35,  1.06s/it]
 36%|███▌      | 18/50 [00:32<00:33,  1.06s/it]
 38%|███▊      | 19/50 [00:33<00:32,  1.05s/it]
 40%|████      | 20/50 [00:34<00:31,  1.05s/it]
 42%|████▏     | 21/50 [00:35<00:30,  1.05s/it]
 44%|████▍     | 22/50 [00:36<00:29,  1.05s/it]
 46%|████▌     | 23/50 [00:37<00:28,  1.05s/it]
 48%|████▊     | 24/50 [00:38<00:27,  1.05s/it]
 50%|█████     | 25/50 [00:39<00:26,  1.05s/it]
 52%|█████▏    | 26/50 [00:40<00:25,  1.05s/it]
 54%|█████▍    | 27/50 [00:41<00:24,  1.05s/it]
 56%|█████▌    | 28/50 [00:43<00:23,  1.05s/it]
 58%|█████▊    | 29/50 [00:44<00:22,  1.05s/it]
 60%|██████    | 30/50 [00:45<00:20,  1.05s/it]
 62%|██████▏   | 31/50 [00:46<00:19,  1.05s/it]
 64%|██████▍   | 32/50 [00:47<00:18,  1.05s/it]
 66%|██████▌   | 33/50 [00:48<00:17,  1.05s/it]
 68%|██████▊   | 34/50 [00:49<00:16,  1.05s/it]
 70%|███████   | 35/50 [00:50<00:15,  1.05s/it]
 72%|███████▏  | 36/50 [00:51<00:14,  1.05s/it]
 74%|███████▍  | 37/50 [00:52<00:13,  1.05s/it]
 76%|███████▌  | 38/50 [00:53<00:12,  1.05s/it]
 78%|███████▊  | 39/50 [00:54<00:11,  1.05s/it]
 80%|████████  | 40/50 [00:55<00:10,  1.05s/it]
 82%|████████▏ | 41/50 [00:56<00:09,  1.05s/it]
 84%|████████▍ | 42/50 [00:57<00:08,  1.05s/it]
 86%|████████▌ | 43/50 [00:58<00:07,  1.05s/it]
 88%|████████▊ | 44/50 [00:59<00:06,  1.05s/it]
 90%|█████████ | 45/50 [01:00<00:05,  1.05s/it]
 92%|█████████▏| 46/50 [01:01<00:04,  1.05s/it]
 94%|█████████▍| 47/50 [01:02<00:03,  1.05s/it]
 96%|█████████▌| 48/50 [01:03<00:02,  1.05s/it]
 98%|█████████▊| 49/50 [01:05<00:01,  1.05s/it]
100%|██████████| 50/50 [01:06<00:00,  1.04s/it]
100%|██████████| 50/50 [01:06<00:00,  1.32s/it]
>>> VALIDATING 


  0%|          | 0/13 [00:00<?, ?it/s]
  8%|▊         | 1/13 [00:00<00:09,  1.32it/s]
 23%|██▎       | 3/13 [00:00<00:02,  4.01it/s]
 38%|███▊      | 5/13 [00:01<00:01,  4.78it/s]
 54%|█████▍    | 7/13 [00:01<00:00,  6.62it/s]
 69%|██████▉   | 9/13 [00:01<00:00,  6.39it/s]
 85%|████████▍ | 11/13 [00:01<00:00,  7.91it/s]
100%|██████████| 13/13 [00:01<00:00,  9.72it/s]
100%|██████████| 13/13 [00:02<00:00,  6.32it/s]
>>> LOGGING 

BALANCED ACCS CHECKED FOR TRAIN
BALANCED ACCS CHECKED FOR VAL
train_acc: 0.7293013555787279
val_acc: 0.6839032527105922
train_cls_loss: 0.47431053930079725
val_cls_loss: 0.5665843930216607
train_total_loss: 0.4743357773990651
val_total_loss: 0.5665843930216607
balanced_train_acc: 0.6122934361840093
balanced_val_acc: 0.5705909229363387
Land_on_Land_train_acc: 0.8303474484256244
Land_on_Land_val_acc: 0.9956989247311828
Land_on_Water_train_acc: 0
Land_on_Water_val_acc: 0.555793991416309
Water_on_Land_train_acc: 0
Water_on_Land_val_acc: 0.03731343283582089
Water_on_Water_train_acc: 0.39423942394239425
Water_on_Water_val_acc: 0.6940298507462687
train_dydx_outside_segmentation_loss: 2.5237776774837688e-05
train_acc_Landbird: 0.8303474484256244
train_acc_Waterbird: 0.39423942394239425
val_acc_Landbird: 0.7755102040816326
val_acc_Waterbird: 0.3656716417910448
TRAIN ACC:        0.7293013555787279
VAL ACC:          0.6839032527105922
BALANCED VAL ACC: 0.5705909229363387
prev best list: []
Saving to trained_weights/waterbirds/gals_waterbird_1.0_forest2water2_21047520_trial_000/best_balanced_valacc_0.57_epoch_0.ckpt
>>> EVALUATING ON TEST SET
WATERBIRDS DIR: /home/ryreu/guided_cnn/waterbirds/waterbird_1.0_forest2water2
NUMBER OF SAMPLES WITH LABEL Landbird: 4510
NUMBER OF SAMPLES WITH LABEL Waterbird: 1284
NUMBER OF SAMPLES WITH GROUP Land_on_Land: 2255
NUMBER OF SAMPLES WITH GROUP Land_on_Water: 2255
NUMBER OF SAMPLES WITH GROUP Water_on_Land: 642
NUMBER OF SAMPLES WITH GROUP Water_on_Water: 642
NUM TEST:   5794

Loaded checkpoint trained_weights/waterbirds/gals_waterbird_1.0_forest2water2_21047520_trial_000/best_balanced_valacc_0.57_epoch_0.ckpt

  0%|          | 0/5794 [00:00<?, ?it/s]
  0%|          | 1/5794 [00:00<25:20,  3.81it/s]
  0%|          | 8/5794 [00:00<03:33, 27.04it/s]
  0%|          | 16/5794 [00:00<02:13, 43.39it/s]
  0%|          | 24/5794 [00:00<01:48, 53.14it/s]
  1%|          | 32/5794 [00:00<01:36, 59.42it/s]
  1%|          | 40/5794 [00:00<01:31, 63.18it/s]
  1%|          | 48/5794 [00:00<01:26, 66.07it/s]
  1%|          | 56/5794 [00:01<01:24, 67.89it/s]
  1%|          | 64/5794 [00:01<01:22, 69.07it/s]
  1%|          | 72/5794 [00:01<01:21, 69.88it/s]
  1%|▏         | 80/5794 [00:01<01:20, 70.82it/s]
  2%|▏         | 88/5794 [00:01<01:19, 71.34it/s]
  2%|▏         | 96/5794 [00:01<01:19, 71.50it/s]
  2%|▏         | 104/5794 [00:01<01:19, 71.76it/s]
  2%|▏         | 112/5794 [00:01<01:18, 72.00it/s]
  2%|▏         | 120/5794 [00:01<01:18, 72.11it/s]
  2%|▏         | 128/5794 [00:02<01:18, 72.24it/s]
  2%|▏         | 136/5794 [00:02<01:18, 72.06it/s]
  2%|▏         | 144/5794 [00:02<01:18, 71.64it/s]
  3%|▎         | 152/5794 [00:02<01:18, 71.44it/s]
  3%|▎         | 160/5794 [00:02<01:18, 71.44it/s]
  3%|▎         | 168/5794 [00:02<01:18, 71.71it/s]
  3%|▎         | 176/5794 [00:02<01:18, 71.48it/s]
  3%|▎         | 184/5794 [00:02<01:18, 71.64it/s]
  3%|▎         | 192/5794 [00:02<01:18, 71.48it/s]
  3%|▎         | 200/5794 [00:03<01:18, 71.47it/s]
  4%|▎         | 208/5794 [00:03<01:18, 71.60it/s]
  4%|▎         | 216/5794 [00:03<01:17, 71.71it/s]
  4%|▍         | 224/5794 [00:03<01:17, 71.80it/s]
  4%|▍         | 232/5794 [00:03<01:17, 71.78it/s]
  4%|▍         | 240/5794 [00:03<01:17, 71.94it/s]
  4%|▍         | 248/5794 [00:03<01:17, 71.80it/s]
  4%|▍         | 256/5794 [00:03<01:17, 71.80it/s]
  5%|▍         | 264/5794 [00:03<01:17, 71.81it/s]
  5%|▍         | 272/5794 [00:04<01:16, 71.76it/s]
  5%|▍         | 280/5794 [00:04<01:16, 71.91it/s]
  5%|▍         | 288/5794 [00:04<01:16, 71.52it/s]
  5%|▌         | 296/5794 [00:04<01:17, 71.04it/s]
  5%|▌         | 304/5794 [00:04<01:17, 70.95it/s]
  5%|▌         | 312/5794 [00:04<01:17, 70.62it/s]
  6%|▌         | 320/5794 [00:04<01:17, 70.54it/s]
  6%|▌         | 328/5794 [00:04<01:17, 70.38it/s]
  6%|▌         | 336/5794 [00:04<01:17, 70.40it/s]
  6%|▌         | 344/5794 [00:05<01:17, 70.31it/s]
  6%|▌         | 352/5794 [00:05<01:17, 70.27it/s]
  6%|▌         | 360/5794 [00:05<01:17, 70.28it/s]
  6%|▋         | 368/5794 [00:05<01:17, 70.19it/s]
  6%|▋         | 376/5794 [00:05<01:17, 69.91it/s]
  7%|▋         | 384/5794 [00:05<01:17, 69.99it/s]
  7%|▋         | 392/5794 [00:05<01:17, 70.04it/s]
  7%|▋         | 400/5794 [00:05<01:16, 70.07it/s]
  7%|▋         | 408/5794 [00:05<01:16, 70.15it/s]
  7%|▋         | 416/5794 [00:06<01:16, 70.04it/s]
  7%|▋         | 424/5794 [00:06<01:16, 70.11it/s]
  7%|▋         | 432/5794 [00:06<01:16, 70.12it/s]
  8%|▊         | 440/5794 [00:06<01:16, 70.31it/s]
  8%|▊         | 448/5794 [00:06<01:16, 69.91it/s]
  8%|▊         | 456/5794 [00:06<01:16, 70.00it/s]
  8%|▊         | 464/5794 [00:06<01:16, 69.94it/s]
  8%|▊         | 472/5794 [00:06<01:15, 70.13it/s]
  8%|▊         | 480/5794 [00:06<01:16, 69.74it/s]
  8%|▊         | 488/5794 [00:07<01:15, 70.13it/s]
  9%|▊         | 496/5794 [00:07<01:15, 70.19it/s]
  9%|▊         | 504/5794 [00:07<01:15, 70.30it/s]
  9%|▉         | 512/5794 [00:07<01:15, 70.31it/s]
  9%|▉         | 520/5794 [00:07<01:15, 70.27it/s]
  9%|▉         | 528/5794 [00:07<01:14, 70.43it/s]
  9%|▉         | 536/5794 [00:07<01:14, 70.31it/s]
  9%|▉         | 544/5794 [00:07<01:14, 70.24it/s]
 10%|▉         | 552/5794 [00:08<01:14, 70.27it/s]
 10%|▉         | 560/5794 [00:08<01:14, 70.32it/s]
 10%|▉         | 568/5794 [00:08<01:14, 70.38it/s]
 10%|▉         | 576/5794 [00:08<01:14, 70.34it/s]
 10%|█         | 584/5794 [00:08<01:14, 70.12it/s]
 10%|█         | 592/5794 [00:08<01:14, 70.25it/s]
 10%|█         | 600/5794 [00:08<01:14, 70.13it/s]
 10%|█         | 608/5794 [00:08<01:13, 70.72it/s]
 11%|█         | 616/5794 [00:08<01:12, 70.98it/s]
 11%|█         | 624/5794 [00:09<01:12, 71.40it/s]
 11%|█         | 632/5794 [00:09<01:12, 71.57it/s]
 11%|█         | 640/5794 [00:09<01:12, 71.46it/s]
 11%|█         | 648/5794 [00:09<01:12, 71.02it/s]
 11%|█▏        | 656/5794 [00:09<01:12, 70.83it/s]
 11%|█▏        | 664/5794 [00:09<01:12, 70.71it/s]
 12%|█▏        | 672/5794 [00:09<01:12, 70.59it/s]
 12%|█▏        | 680/5794 [00:09<01:12, 70.57it/s]
 12%|█▏        | 688/5794 [00:09<01:12, 70.30it/s]
 12%|█▏        | 696/5794 [00:10<01:12, 69.95it/s]
 12%|█▏        | 704/5794 [00:10<01:12, 70.02it/s]
 12%|█▏        | 712/5794 [00:10<01:12, 70.09it/s]
 12%|█▏        | 720/5794 [00:10<01:12, 69.81it/s]
 13%|█▎        | 728/5794 [00:10<01:12, 70.05it/s]
 13%|█▎        | 736/5794 [00:10<01:12, 69.70it/s]
 13%|█▎        | 744/5794 [00:10<01:12, 69.99it/s]
 13%|█▎        | 752/5794 [00:10<01:12, 69.98it/s]
 13%|█▎        | 759/5794 [00:10<01:12, 69.11it/s]
 13%|█▎        | 767/5794 [00:11<01:12, 69.65it/s]
 13%|█▎        | 774/5794 [00:11<01:12, 69.33it/s]
 13%|█▎        | 781/5794 [00:11<01:12, 69.47it/s]
 14%|█▎        | 789/5794 [00:11<01:11, 69.68it/s]
 14%|█▍        | 797/5794 [00:11<01:11, 69.90it/s]
 14%|█▍        | 804/5794 [00:11<01:11, 69.84it/s]
 14%|█▍        | 812/5794 [00:11<01:11, 70.04it/s]
 14%|█▍        | 820/5794 [00:11<01:11, 69.85it/s]
 14%|█▍        | 828/5794 [00:11<01:10, 70.10it/s]
 14%|█▍        | 836/5794 [00:12<01:10, 70.12it/s]
 15%|█▍        | 844/5794 [00:12<01:10, 70.18it/s]
 15%|█▍        | 852/5794 [00:12<01:10, 70.22it/s]
 15%|█▍        | 860/5794 [00:12<01:10, 70.22it/s]
 15%|█▍        | 868/5794 [00:12<01:10, 70.30it/s]
 15%|█▌        | 876/5794 [00:12<01:10, 70.25it/s]
 15%|█▌        | 884/5794 [00:12<01:09, 70.15it/s]
 15%|█▌        | 892/5794 [00:12<01:09, 70.23it/s]
 16%|█▌        | 900/5794 [00:12<01:09, 70.30it/s]
 16%|█▌        | 908/5794 [00:13<01:09, 70.22it/s]
 16%|█▌        | 916/5794 [00:13<01:09, 70.24it/s]
 16%|█▌        | 924/5794 [00:13<01:09, 70.17it/s]
 16%|█▌        | 932/5794 [00:13<01:09, 70.33it/s]
 16%|█▌        | 940/5794 [00:13<01:09, 69.99it/s]
 16%|█▋        | 948/5794 [00:13<01:09, 70.12it/s]
 16%|█▋        | 956/5794 [00:13<01:09, 69.91it/s]
 17%|█▋        | 964/5794 [00:13<01:09, 69.92it/s]
 17%|█▋        | 972/5794 [00:14<01:08, 70.09it/s]
 17%|█▋        | 980/5794 [00:14<01:08, 69.89it/s]
 17%|█▋        | 987/5794 [00:14<01:08, 69.73it/s]
 17%|█▋        | 994/5794 [00:14<01:08, 69.63it/s]
 17%|█▋        | 1001/5794 [00:14<01:08, 69.70it/s]
 17%|█▋        | 1008/5794 [00:14<01:08, 69.59it/s]
 18%|█▊        | 1016/5794 [00:14<01:08, 69.83it/s]
 18%|█▊        | 1023/5794 [00:14<01:08, 69.79it/s]
 18%|█▊        | 1030/5794 [00:14<01:08, 69.57it/s]
 18%|█▊        | 1038/5794 [00:14<01:08, 69.81it/s]
 18%|█▊        | 1045/5794 [00:15<01:08, 69.79it/s]
 18%|█▊        | 1052/5794 [00:15<01:08, 69.55it/s]
 18%|█▊        | 1059/5794 [00:15<01:08, 69.32it/s]
 18%|█▊        | 1067/5794 [00:15<01:07, 69.65it/s]
 19%|█▊        | 1074/5794 [00:15<01:07, 69.74it/s]
 19%|█▊        | 1082/5794 [00:15<01:07, 69.87it/s]
 19%|█▉        | 1089/5794 [00:15<01:07, 69.84it/s]
 19%|█▉        | 1096/5794 [00:15<01:07, 69.56it/s]
 19%|█▉        | 1103/5794 [00:15<01:07, 69.67it/s]
 19%|█▉        | 1110/5794 [00:15<01:07, 69.41it/s]
 19%|█▉        | 1117/5794 [00:16<01:07, 69.47it/s]
 19%|█▉        | 1124/5794 [00:16<01:07, 69.50it/s]
 20%|█▉        | 1131/5794 [00:16<01:07, 69.52it/s]
 20%|█▉        | 1138/5794 [00:16<01:06, 69.55it/s]
 20%|█▉        | 1146/5794 [00:16<01:06, 69.80it/s]
 20%|█▉        | 1154/5794 [00:16<01:05, 70.47it/s]
 20%|██        | 1162/5794 [00:16<01:05, 70.79it/s]
 20%|██        | 1170/5794 [00:16<01:05, 70.70it/s]
 20%|██        | 1178/5794 [00:16<01:05, 70.33it/s]
 20%|██        | 1186/5794 [00:17<01:05, 70.51it/s]
 21%|██        | 1194/5794 [00:17<01:05, 70.69it/s]
 21%|██        | 1202/5794 [00:17<01:04, 71.07it/s]
 21%|██        | 1210/5794 [00:17<01:04, 71.56it/s]
 21%|██        | 1218/5794 [00:17<01:03, 71.57it/s]
 21%|██        | 1226/5794 [00:17<01:04, 71.19it/s]
 21%|██▏       | 1234/5794 [00:17<01:03, 71.49it/s]
 21%|██▏       | 1242/5794 [00:17<01:03, 71.74it/s]
 22%|██▏       | 1250/5794 [00:17<01:03, 71.93it/s]
 22%|██▏       | 1258/5794 [00:18<01:02, 72.14it/s]
 22%|██▏       | 1266/5794 [00:18<01:02, 72.05it/s]
 22%|██▏       | 1274/5794 [00:18<01:02, 72.16it/s]
 22%|██▏       | 1282/5794 [00:18<01:02, 72.18it/s]
 22%|██▏       | 1290/5794 [00:18<01:02, 72.32it/s]
 22%|██▏       | 1298/5794 [00:18<01:02, 72.33it/s]
 23%|██▎       | 1306/5794 [00:18<01:01, 72.40it/s]
 23%|██▎       | 1314/5794 [00:18<01:02, 72.13it/s]
 23%|██▎       | 1322/5794 [00:18<01:01, 72.37it/s]
 23%|██▎       | 1330/5794 [00:19<01:01, 72.28it/s]
 23%|██▎       | 1338/5794 [00:19<01:01, 72.58it/s]
 23%|██▎       | 1346/5794 [00:19<01:01, 72.55it/s]
 23%|██▎       | 1354/5794 [00:19<01:01, 72.46it/s]
 24%|██▎       | 1362/5794 [00:19<01:01, 72.43it/s]
 24%|██▎       | 1370/5794 [00:19<01:01, 71.65it/s]
 24%|██▍       | 1378/5794 [00:19<01:02, 71.07it/s]
 24%|██▍       | 1386/5794 [00:19<01:02, 70.72it/s]
 24%|██▍       | 1394/5794 [00:19<01:02, 70.58it/s]
 24%|██▍       | 1402/5794 [00:20<01:01, 70.92it/s]
 24%|██▍       | 1410/5794 [00:20<01:01, 71.43it/s]
 24%|██▍       | 1418/5794 [00:20<01:01, 71.67it/s]
 25%|██▍       | 1426/5794 [00:20<01:00, 71.97it/s]
 25%|██▍       | 1434/5794 [00:20<01:00, 72.03it/s]
 25%|██▍       | 1442/5794 [00:20<01:00, 72.22it/s]
 25%|██▌       | 1450/5794 [00:20<01:00, 72.31it/s]
 25%|██▌       | 1458/5794 [00:20<01:00, 72.07it/s]
 25%|██▌       | 1466/5794 [00:20<01:00, 72.00it/s]
 25%|██▌       | 1474/5794 [00:21<00:59, 72.32it/s]
 26%|██▌       | 1482/5794 [00:21<00:59, 72.25it/s]
 26%|██▌       | 1490/5794 [00:21<00:59, 72.46it/s]
 26%|██▌       | 1498/5794 [00:21<00:59, 72.57it/s]
 26%|██▌       | 1506/5794 [00:21<00:59, 72.58it/s]
 26%|██▌       | 1514/5794 [00:21<00:59, 72.40it/s]
 26%|██▋       | 1522/5794 [00:21<00:59, 71.71it/s]
 26%|██▋       | 1530/5794 [00:21<00:59, 71.20it/s]
 27%|██▋       | 1538/5794 [00:21<01:00, 70.66it/s]
 27%|██▋       | 1546/5794 [00:22<01:00, 70.68it/s]
 27%|██▋       | 1554/5794 [00:22<01:00, 70.57it/s]
 27%|██▋       | 1562/5794 [00:22<00:59, 70.71it/s]
 27%|██▋       | 1570/5794 [00:22<00:59, 71.14it/s]
 27%|██▋       | 1578/5794 [00:22<00:58, 71.70it/s]
 27%|██▋       | 1586/5794 [00:22<00:58, 71.82it/s]
 28%|██▊       | 1594/5794 [00:22<00:58, 71.84it/s]
 28%|██▊       | 1602/5794 [00:22<00:58, 71.73it/s]
 28%|██▊       | 1610/5794 [00:22<00:58, 71.99it/s]
 28%|██▊       | 1618/5794 [00:23<00:57, 72.16it/s]
 28%|██▊       | 1626/5794 [00:23<00:57, 72.25it/s]
 28%|██▊       | 1634/5794 [00:23<00:57, 72.41it/s]
 28%|██▊       | 1642/5794 [00:23<00:57, 72.18it/s]
 28%|██▊       | 1650/5794 [00:23<00:57, 72.24it/s]
 29%|██▊       | 1658/5794 [00:23<00:57, 72.23it/s]
 29%|██▉       | 1666/5794 [00:23<00:57, 72.33it/s]
 29%|██▉       | 1674/5794 [00:23<00:57, 72.03it/s]
 29%|██▉       | 1682/5794 [00:23<00:56, 72.18it/s]
 29%|██▉       | 1690/5794 [00:24<00:56, 72.27it/s]
 29%|██▉       | 1698/5794 [00:24<00:56, 72.27it/s]
 29%|██▉       | 1706/5794 [00:24<00:56, 72.33it/s]
 30%|██▉       | 1714/5794 [00:24<00:56, 72.50it/s]
 30%|██▉       | 1722/5794 [00:24<00:56, 72.44it/s]
 30%|██▉       | 1730/5794 [00:24<00:56, 72.57it/s]
 30%|██▉       | 1738/5794 [00:24<00:56, 72.42it/s]
 30%|███       | 1746/5794 [00:24<00:55, 72.45it/s]
 30%|███       | 1754/5794 [00:24<00:55, 72.45it/s]
 30%|███       | 1762/5794 [00:25<00:56, 71.83it/s]
 31%|███       | 1770/5794 [00:25<00:56, 71.35it/s]
 31%|███       | 1778/5794 [00:25<00:56, 70.88it/s]
 31%|███       | 1786/5794 [00:25<00:57, 69.98it/s]
 31%|███       | 1794/5794 [00:25<00:57, 70.02it/s]
 31%|███       | 1802/5794 [00:25<00:56, 70.19it/s]
 31%|███       | 1810/5794 [00:25<00:56, 70.27it/s]
 31%|███▏      | 1818/5794 [00:25<00:56, 70.30it/s]
 32%|███▏      | 1826/5794 [00:25<00:56, 70.31it/s]
 32%|███▏      | 1834/5794 [00:26<00:56, 70.45it/s]
 32%|███▏      | 1842/5794 [00:26<00:56, 70.10it/s]
 32%|███▏      | 1850/5794 [00:26<00:56, 70.35it/s]
 32%|███▏      | 1858/5794 [00:26<00:56, 70.27it/s]
 32%|███▏      | 1866/5794 [00:26<00:55, 70.31it/s]
 32%|███▏      | 1874/5794 [00:26<00:55, 70.15it/s]
 32%|███▏      | 1882/5794 [00:26<00:55, 70.10it/s]
 33%|███▎      | 1890/5794 [00:26<00:55, 69.90it/s]
 33%|███▎      | 1898/5794 [00:27<00:55, 69.99it/s]
 33%|███▎      | 1905/5794 [00:27<00:55, 69.98it/s]
 33%|███▎      | 1912/5794 [00:27<00:55, 69.92it/s]
 33%|███▎      | 1920/5794 [00:27<00:55, 70.09it/s]
 33%|███▎      | 1928/5794 [00:27<00:55, 69.95it/s]
 33%|███▎      | 1935/5794 [00:27<00:55, 69.21it/s]
 34%|███▎      | 1942/5794 [00:27<00:55, 69.23it/s]
 34%|███▎      | 1950/5794 [00:27<00:55, 69.57it/s]
 34%|███▍      | 1958/5794 [00:27<00:54, 69.81it/s]
 34%|███▍      | 1965/5794 [00:27<00:54, 69.74it/s]
 34%|███▍      | 1973/5794 [00:28<00:54, 69.92it/s]
 34%|███▍      | 1981/5794 [00:28<00:54, 69.90it/s]
 34%|███▍      | 1989/5794 [00:28<00:54, 70.16it/s]
 34%|███▍      | 1997/5794 [00:28<00:53, 70.32it/s]
 35%|███▍      | 2005/5794 [00:28<00:53, 70.93it/s]
 35%|███▍      | 2013/5794 [00:28<00:53, 71.16it/s]
 35%|███▍      | 2021/5794 [00:28<00:52, 71.62it/s]
 35%|███▌      | 2029/5794 [00:28<00:52, 71.85it/s]
 35%|███▌      | 2037/5794 [00:28<00:52, 72.12it/s]
 35%|███▌      | 2045/5794 [00:29<00:52, 72.04it/s]
 35%|███▌      | 2053/5794 [00:29<00:51, 71.95it/s]
 36%|███▌      | 2061/5794 [00:29<00:51, 72.06it/s]
 36%|███▌      | 2069/5794 [00:29<00:51, 72.15it/s]
 36%|███▌      | 2077/5794 [00:29<00:51, 72.09it/s]
 36%|███▌      | 2085/5794 [00:29<00:51, 72.16it/s]
 36%|███▌      | 2093/5794 [00:29<00:51, 72.08it/s]
 36%|███▋      | 2101/5794 [00:29<00:51, 71.36it/s]
 36%|███▋      | 2109/5794 [00:29<00:51, 71.15it/s]
 37%|███▋      | 2117/5794 [00:30<00:51, 70.88it/s]
 37%|███▋      | 2125/5794 [00:30<00:51, 70.89it/s]
 37%|███▋      | 2133/5794 [00:30<00:51, 70.69it/s]
 37%|███▋      | 2141/5794 [00:30<00:51, 70.57it/s]
 37%|███▋      | 2149/5794 [00:30<00:51, 70.48it/s]
 37%|███▋      | 2157/5794 [00:30<00:51, 70.63it/s]
 37%|███▋      | 2165/5794 [00:30<00:51, 70.48it/s]
 38%|███▊      | 2173/5794 [00:30<00:51, 70.48it/s]
 38%|███▊      | 2181/5794 [00:31<00:51, 70.36it/s]
 38%|███▊      | 2189/5794 [00:31<00:51, 70.35it/s]
 38%|███▊      | 2197/5794 [00:31<00:51, 70.25it/s]
 38%|███▊      | 2205/5794 [00:31<00:51, 70.27it/s]
 38%|███▊      | 2213/5794 [00:31<00:50, 70.43it/s]
 38%|███▊      | 2221/5794 [00:31<00:50, 70.27it/s]
 38%|███▊      | 2229/5794 [00:31<00:50, 70.37it/s]
 39%|███▊      | 2237/5794 [00:31<00:50, 70.27it/s]
 39%|███▊      | 2245/5794 [00:31<00:50, 70.12it/s]
 39%|███▉      | 2253/5794 [00:32<00:50, 70.03it/s]
 39%|███▉      | 2261/5794 [00:32<00:50, 69.96it/s]
 39%|███▉      | 2268/5794 [00:32<00:50, 69.79it/s]
 39%|███▉      | 2276/5794 [00:32<00:50, 69.73it/s]
 39%|███▉      | 2283/5794 [00:32<00:50, 69.57it/s]
 40%|███▉      | 2291/5794 [00:32<00:50, 69.86it/s]
 40%|███▉      | 2298/5794 [00:32<00:50, 69.72it/s]
 40%|███▉      | 2305/5794 [00:32<00:50, 69.52it/s]
 40%|███▉      | 2313/5794 [00:32<00:50, 69.61it/s]
 40%|████      | 2320/5794 [00:33<00:49, 69.52it/s]
 40%|████      | 2328/5794 [00:33<00:49, 69.65it/s]
 40%|████      | 2335/5794 [00:33<00:49, 69.70it/s]
 40%|████      | 2342/5794 [00:33<00:49, 69.73it/s]
 41%|████      | 2349/5794 [00:33<00:49, 69.44it/s]
 41%|████      | 2357/5794 [00:33<00:49, 69.71it/s]
 41%|████      | 2365/5794 [00:33<00:49, 69.81it/s]
 41%|████      | 2372/5794 [00:33<00:49, 69.72it/s]
 41%|████      | 2379/5794 [00:33<00:48, 69.78it/s]
 41%|████      | 2386/5794 [00:33<00:48, 69.71it/s]
 41%|████▏     | 2393/5794 [00:34<00:48, 69.69it/s]
 41%|████▏     | 2401/5794 [00:34<00:48, 69.81it/s]
 42%|████▏     | 2409/5794 [00:34<00:48, 70.43it/s]
 42%|████▏     | 2417/5794 [00:34<00:47, 70.98it/s]
 42%|████▏     | 2425/5794 [00:34<00:47, 71.32it/s]
 42%|████▏     | 2433/5794 [00:34<00:46, 71.53it/s]
 42%|████▏     | 2441/5794 [00:34<00:46, 71.88it/s]
 42%|████▏     | 2449/5794 [00:34<00:46, 72.04it/s]
 42%|████▏     | 2457/5794 [00:34<00:46, 72.08it/s]
 43%|████▎     | 2465/5794 [00:35<00:46, 72.22it/s]
 43%|████▎     | 2473/5794 [00:35<00:46, 72.17it/s]
 43%|████▎     | 2481/5794 [00:35<00:45, 72.28it/s]
 43%|████▎     | 2489/5794 [00:35<00:45, 72.29it/s]
 43%|████▎     | 2497/5794 [00:35<00:45, 72.36it/s]
 43%|████▎     | 2505/5794 [00:35<00:45, 72.38it/s]
 43%|████▎     | 2513/5794 [00:35<00:45, 72.59it/s]
 44%|████▎     | 2521/5794 [00:35<00:45, 72.22it/s]
 44%|████▎     | 2529/5794 [00:35<00:45, 72.44it/s]
 44%|████▍     | 2537/5794 [00:36<00:45, 72.27it/s]
 44%|████▍     | 2545/5794 [00:36<00:44, 72.32it/s]
 44%|████▍     | 2553/5794 [00:36<00:44, 72.34it/s]
 44%|████▍     | 2561/5794 [00:36<00:44, 72.22it/s]
 44%|████▍     | 2569/5794 [00:36<00:44, 72.31it/s]
 44%|████▍     | 2577/5794 [00:36<00:44, 72.22it/s]
 45%|████▍     | 2585/5794 [00:36<00:44, 72.18it/s]
 45%|████▍     | 2593/5794 [00:36<00:44, 72.34it/s]
 45%|████▍     | 2601/5794 [00:36<00:44, 72.40it/s]
 45%|████▌     | 2609/5794 [00:37<00:44, 72.28it/s]
 45%|████▌     | 2617/5794 [00:37<00:43, 72.27it/s]
 45%|████▌     | 2625/5794 [00:37<00:43, 72.24it/s]
 45%|████▌     | 2633/5794 [00:37<00:43, 72.37it/s]
 46%|████▌     | 2641/5794 [00:37<00:43, 72.34it/s]
 46%|████▌     | 2649/5794 [00:37<00:43, 71.66it/s]
 46%|████▌     | 2657/5794 [00:37<00:43, 71.75it/s]
 46%|████▌     | 2665/5794 [00:37<00:43, 71.53it/s]
 46%|████▌     | 2673/5794 [00:37<00:43, 71.06it/s]
 46%|████▋     | 2681/5794 [00:38<00:43, 71.07it/s]
 46%|████▋     | 2689/5794 [00:38<00:43, 71.02it/s]
 47%|████▋     | 2697/5794 [00:38<00:43, 70.97it/s]
 47%|████▋     | 2705/5794 [00:38<00:43, 71.02it/s]
 47%|████▋     | 2713/5794 [00:38<00:43, 71.52it/s]
 47%|████▋     | 2721/5794 [00:38<00:42, 71.88it/s]
 47%|████▋     | 2729/5794 [00:38<00:42, 72.26it/s]
 47%|████▋     | 2737/5794 [00:38<00:42, 72.46it/s]
 47%|████▋     | 2745/5794 [00:38<00:42, 72.52it/s]
 48%|████▊     | 2753/5794 [00:39<00:41, 72.67it/s]
 48%|████▊     | 2761/5794 [00:39<00:41, 72.63it/s]
 48%|████▊     | 2769/5794 [00:39<00:41, 72.78it/s]
 48%|████▊     | 2777/5794 [00:39<00:41, 72.77it/s]
 48%|████▊     | 2785/5794 [00:39<00:41, 72.87it/s]
 48%|████▊     | 2793/5794 [00:39<00:41, 72.78it/s]
 48%|████▊     | 2801/5794 [00:39<00:41, 72.96it/s]
 48%|████▊     | 2809/5794 [00:39<00:41, 72.08it/s]
 49%|████▊     | 2817/5794 [00:39<00:41, 72.32it/s]
 49%|████▉     | 2825/5794 [00:40<00:41, 72.39it/s]
 49%|████▉     | 2833/5794 [00:40<00:40, 72.49it/s]
 49%|████▉     | 2841/5794 [00:40<00:40, 72.62it/s]
 49%|████▉     | 2849/5794 [00:40<00:40, 72.65it/s]
 49%|████▉     | 2857/5794 [00:40<00:40, 72.64it/s]
 49%|████▉     | 2865/5794 [00:40<00:40, 72.03it/s]
 50%|████▉     | 2873/5794 [00:40<00:40, 71.78it/s]
 50%|████▉     | 2881/5794 [00:40<00:40, 71.33it/s]
 50%|████▉     | 2889/5794 [00:40<00:40, 71.14it/s]
 50%|█████     | 2897/5794 [00:41<00:40, 71.03it/s]
 50%|█████     | 2905/5794 [00:41<00:40, 70.83it/s]
 50%|█████     | 2913/5794 [00:41<00:40, 70.61it/s]
 50%|█████     | 2921/5794 [00:41<00:40, 70.71it/s]
 51%|█████     | 2929/5794 [00:41<00:40, 70.53it/s]
 51%|█████     | 2937/5794 [00:41<00:40, 70.71it/s]
 51%|█████     | 2945/5794 [00:41<00:40, 70.62it/s]
 51%|█████     | 2953/5794 [00:41<00:40, 70.73it/s]
 51%|█████     | 2961/5794 [00:41<00:40, 70.69it/s]
 51%|█████     | 2969/5794 [00:42<00:39, 70.71it/s]
 51%|█████▏    | 2977/5794 [00:42<00:39, 70.76it/s]
 52%|█████▏    | 2985/5794 [00:42<00:39, 70.83it/s]
 52%|█████▏    | 2993/5794 [00:42<00:39, 70.72it/s]
 52%|█████▏    | 3001/5794 [00:42<00:39, 70.79it/s]
 52%|█████▏    | 3009/5794 [00:42<00:39, 70.77it/s]
 52%|█████▏    | 3017/5794 [00:42<00:38, 71.24it/s]
 52%|█████▏    | 3025/5794 [00:42<00:38, 71.73it/s]
 52%|█████▏    | 3033/5794 [00:42<00:38, 71.87it/s]
 52%|█████▏    | 3041/5794 [00:43<00:38, 72.15it/s]
 53%|█████▎    | 3049/5794 [00:43<00:38, 72.17it/s]
 53%|█████▎    | 3057/5794 [00:43<00:37, 72.42it/s]
 53%|█████▎    | 3065/5794 [00:43<00:37, 72.54it/s]
 53%|█████▎    | 3073/5794 [00:43<00:37, 72.41it/s]
 53%|█████▎    | 3081/5794 [00:43<00:37, 71.73it/s]
 53%|█████▎    | 3089/5794 [00:43<00:37, 71.57it/s]
 53%|█████▎    | 3097/5794 [00:43<00:37, 71.36it/s]
 54%|█████▎    | 3105/5794 [00:43<00:37, 71.22it/s]
 54%|█████▎    | 3113/5794 [00:44<00:37, 70.99it/s]
 54%|█████▍    | 3121/5794 [00:44<00:37, 70.76it/s]
 54%|█████▍    | 3129/5794 [00:44<00:37, 70.92it/s]
 54%|█████▍    | 3137/5794 [00:44<00:37, 70.86it/s]
 54%|█████▍    | 3145/5794 [00:44<00:37, 71.47it/s]
 54%|█████▍    | 3153/5794 [00:44<00:37, 71.08it/s]
 55%|█████▍    | 3161/5794 [00:44<00:36, 71.58it/s]
 55%|█████▍    | 3169/5794 [00:44<00:36, 71.76it/s]
 55%|█████▍    | 3177/5794 [00:44<00:36, 72.13it/s]
 55%|█████▍    | 3185/5794 [00:45<00:36, 72.24it/s]
 55%|█████▌    | 3193/5794 [00:45<00:35, 72.42it/s]
 55%|█████▌    | 3201/5794 [00:45<00:35, 72.42it/s]
 55%|█████▌    | 3209/5794 [00:45<00:35, 72.60it/s]
 56%|█████▌    | 3217/5794 [00:45<00:35, 72.67it/s]
 56%|█████▌    | 3225/5794 [00:45<00:35, 72.79it/s]
 56%|█████▌    | 3233/5794 [00:45<00:35, 72.84it/s]
 56%|█████▌    | 3241/5794 [00:45<00:35, 72.66it/s]
 56%|█████▌    | 3249/5794 [00:45<00:34, 72.79it/s]
 56%|█████▌    | 3257/5794 [00:46<00:34, 72.83it/s]
 56%|█████▋    | 3265/5794 [00:46<00:34, 72.74it/s]
 56%|█████▋    | 3273/5794 [00:46<00:34, 72.83it/s]
 57%|█████▋    | 3281/5794 [00:46<00:34, 73.07it/s]
 57%|█████▋    | 3289/5794 [00:46<00:34, 72.94it/s]
 57%|█████▋    | 3297/5794 [00:46<00:34, 73.08it/s]
 57%|█████▋    | 3305/5794 [00:46<00:34, 72.88it/s]
 57%|█████▋    | 3313/5794 [00:46<00:33, 73.09it/s]
 57%|█████▋    | 3321/5794 [00:46<00:33, 72.89it/s]
 57%|█████▋    | 3329/5794 [00:47<00:33, 72.94it/s]
 58%|█████▊    | 3337/5794 [00:47<00:33, 72.64it/s]
 58%|█████▊    | 3345/5794 [00:47<00:33, 72.89it/s]
 58%|█████▊    | 3353/5794 [00:47<00:33, 72.80it/s]
 58%|█████▊    | 3361/5794 [00:47<00:33, 72.88it/s]
 58%|█████▊    | 3369/5794 [00:47<00:33, 73.05it/s]
 58%|█████▊    | 3377/5794 [00:47<00:33, 72.95it/s]
 58%|█████▊    | 3385/5794 [00:47<00:33, 72.97it/s]
 59%|█████▊    | 3393/5794 [00:47<00:32, 72.89it/s]
 59%|█████▊    | 3401/5794 [00:48<00:32, 72.87it/s]
 59%|█████▉    | 3409/5794 [00:48<00:32, 72.79it/s]
 59%|█████▉    | 3417/5794 [00:48<00:32, 72.78it/s]
 59%|█████▉    | 3425/5794 [00:48<00:32, 72.73it/s]
 59%|█████▉    | 3433/5794 [00:48<00:32, 72.86it/s]
 59%|█████▉    | 3441/5794 [00:48<00:32, 72.71it/s]
 60%|█████▉    | 3449/5794 [00:48<00:32, 72.88it/s]
 60%|█████▉    | 3457/5794 [00:48<00:32, 72.70it/s]
 60%|█████▉    | 3465/5794 [00:48<00:31, 72.80it/s]
 60%|█████▉    | 3473/5794 [00:49<00:31, 72.64it/s]
 60%|██████    | 3481/5794 [00:49<00:31, 72.76it/s]
 60%|██████    | 3489/5794 [00:49<00:31, 72.60it/s]
 60%|██████    | 3497/5794 [00:49<00:31, 72.85it/s]
 60%|██████    | 3505/5794 [00:49<00:31, 72.84it/s]
 61%|██████    | 3513/5794 [00:49<00:31, 72.89it/s]
 61%|██████    | 3521/5794 [00:49<00:31, 72.96it/s]
 61%|██████    | 3529/5794 [00:49<00:31, 72.59it/s]
 61%|██████    | 3537/5794 [00:49<00:31, 72.76it/s]
 61%|██████    | 3545/5794 [00:50<00:30, 72.78it/s]
 61%|██████▏   | 3553/5794 [00:50<00:31, 71.94it/s]
 61%|██████▏   | 3561/5794 [00:50<00:31, 71.69it/s]
 62%|██████▏   | 3569/5794 [00:50<00:31, 71.44it/s]
 62%|██████▏   | 3577/5794 [00:50<00:31, 71.12it/s]
 62%|██████▏   | 3585/5794 [00:50<00:31, 71.08it/s]
 62%|██████▏   | 3593/5794 [00:50<00:31, 70.83it/s]
 62%|██████▏   | 3601/5794 [00:50<00:30, 70.84it/s]
 62%|██████▏   | 3609/5794 [00:50<00:30, 70.66it/s]
 62%|██████▏   | 3617/5794 [00:51<00:30, 70.77it/s]
 63%|██████▎   | 3625/5794 [00:51<00:30, 70.48it/s]
 63%|██████▎   | 3633/5794 [00:51<00:30, 70.62it/s]
 63%|██████▎   | 3641/5794 [00:51<00:30, 70.80it/s]
 63%|██████▎   | 3649/5794 [00:51<00:30, 70.83it/s]
 63%|██████▎   | 3657/5794 [00:51<00:30, 70.89it/s]
 63%|██████▎   | 3665/5794 [00:51<00:30, 70.08it/s]
 63%|██████▎   | 3673/5794 [00:51<00:30, 70.27it/s]
 64%|██████▎   | 3681/5794 [00:51<00:30, 70.21it/s]
 64%|██████▎   | 3689/5794 [00:52<00:29, 70.92it/s]
 64%|██████▍   | 3697/5794 [00:52<00:29, 71.34it/s]
 64%|██████▍   | 3705/5794 [00:52<00:29, 71.85it/s]
 64%|██████▍   | 3713/5794 [00:52<00:28, 71.99it/s]
 64%|██████▍   | 3721/5794 [00:52<00:28, 72.22it/s]
 64%|██████▍   | 3729/5794 [00:52<00:28, 72.13it/s]
 64%|██████▍   | 3737/5794 [00:52<00:28, 72.20it/s]
 65%|██████▍   | 3745/5794 [00:52<00:28, 72.14it/s]
 65%|██████▍   | 3753/5794 [00:52<00:28, 72.40it/s]
 65%|██████▍   | 3761/5794 [00:53<00:28, 72.22it/s]
 65%|██████▌   | 3769/5794 [00:53<00:27, 72.39it/s]
 65%|██████▌   | 3777/5794 [00:53<00:27, 72.33it/s]
 65%|██████▌   | 3785/5794 [00:53<00:27, 71.86it/s]
 65%|██████▌   | 3793/5794 [00:53<00:27, 71.52it/s]
 66%|██████▌   | 3801/5794 [00:53<00:27, 71.31it/s]
 66%|██████▌   | 3809/5794 [00:53<00:27, 71.24it/s]
 66%|██████▌   | 3817/5794 [00:53<00:27, 71.08it/s]
 66%|██████▌   | 3825/5794 [00:53<00:27, 71.02it/s]
 66%|██████▌   | 3833/5794 [00:54<00:27, 70.94it/s]
 66%|██████▋   | 3841/5794 [00:54<00:27, 71.04it/s]
 66%|██████▋   | 3849/5794 [00:54<00:27, 70.97it/s]
 67%|██████▋   | 3857/5794 [00:54<00:27, 70.97it/s]
 67%|██████▋   | 3865/5794 [00:54<00:27, 71.38it/s]
 67%|██████▋   | 3873/5794 [00:54<00:26, 71.52it/s]
 67%|██████▋   | 3881/5794 [00:54<00:26, 71.78it/s]
 67%|██████▋   | 3889/5794 [00:54<00:26, 72.03it/s]
 67%|██████▋   | 3897/5794 [00:54<00:26, 71.32it/s]
 67%|██████▋   | 3905/5794 [00:55<00:26, 71.15it/s]
 68%|██████▊   | 3913/5794 [00:55<00:26, 70.98it/s]
 68%|██████▊   | 3921/5794 [00:55<00:26, 70.82it/s]
 68%|██████▊   | 3929/5794 [00:55<00:26, 70.85it/s]
 68%|██████▊   | 3937/5794 [00:55<00:26, 70.78it/s]
 68%|██████▊   | 3945/5794 [00:55<00:26, 70.89it/s]
 68%|██████▊   | 3953/5794 [00:55<00:26, 70.60it/s]
 68%|██████▊   | 3961/5794 [00:55<00:25, 70.62it/s]
 69%|██████▊   | 3969/5794 [00:55<00:25, 70.69it/s]
 69%|██████▊   | 3977/5794 [00:56<00:25, 70.83it/s]
 69%|██████▉   | 3985/5794 [00:56<00:25, 70.57it/s]
 69%|██████▉   | 3993/5794 [00:56<00:25, 70.73it/s]
 69%|██████▉   | 4001/5794 [00:56<00:25, 70.62it/s]
 69%|██████▉   | 4009/5794 [00:56<00:25, 70.83it/s]
 69%|██████▉   | 4017/5794 [00:56<00:25, 70.74it/s]
 69%|██████▉   | 4025/5794 [00:56<00:25, 70.60it/s]
 70%|██████▉   | 4033/5794 [00:56<00:24, 70.63it/s]
 70%|██████▉   | 4041/5794 [00:56<00:24, 70.68it/s]
 70%|██████▉   | 4049/5794 [00:57<00:24, 70.73it/s]
 70%|███████   | 4057/5794 [00:57<00:24, 70.64it/s]
 70%|███████   | 4065/5794 [00:57<00:24, 70.69it/s]
 70%|███████   | 4073/5794 [00:57<00:24, 70.76it/s]
 70%|███████   | 4081/5794 [00:57<00:24, 70.73it/s]
 71%|███████   | 4089/5794 [00:57<00:24, 70.26it/s]
 71%|███████   | 4097/5794 [00:57<00:24, 70.47it/s]
 71%|███████   | 4105/5794 [00:57<00:23, 70.46it/s]
 71%|███████   | 4113/5794 [00:58<00:23, 70.45it/s]
 71%|███████   | 4121/5794 [00:58<00:23, 70.43it/s]
 71%|███████▏  | 4129/5794 [00:58<00:23, 70.45it/s]
 71%|███████▏  | 4137/5794 [00:58<00:23, 70.39it/s]
 72%|███████▏  | 4145/5794 [00:58<00:23, 70.55it/s]
 72%|███████▏  | 4153/5794 [00:58<00:23, 70.49it/s]
 72%|███████▏  | 4161/5794 [00:58<00:22, 71.02it/s]
 72%|███████▏  | 4169/5794 [00:58<00:22, 71.40it/s]
 72%|███████▏  | 4177/5794 [00:58<00:22, 71.71it/s]
 72%|███████▏  | 4185/5794 [00:59<00:22, 72.00it/s]
 72%|███████▏  | 4193/5794 [00:59<00:22, 72.07it/s]
 73%|███████▎  | 4201/5794 [00:59<00:22, 72.07it/s]
 73%|███████▎  | 4209/5794 [00:59<00:21, 72.40it/s]
 73%|███████▎  | 4217/5794 [00:59<00:21, 72.51it/s]
 73%|███████▎  | 4225/5794 [00:59<00:21, 72.25it/s]
 73%|███████▎  | 4233/5794 [00:59<00:21, 72.30it/s]
 73%|███████▎  | 4241/5794 [00:59<00:21, 72.16it/s]
 73%|███████▎  | 4249/5794 [00:59<00:21, 72.29it/s]
 73%|███████▎  | 4257/5794 [01:00<00:21, 72.29it/s]
 74%|███████▎  | 4265/5794 [01:00<00:21, 72.13it/s]
 74%|███████▎  | 4273/5794 [01:00<00:21, 72.20it/s]
 74%|███████▍  | 4281/5794 [01:00<00:20, 72.31it/s]
 74%|███████▍  | 4289/5794 [01:00<00:20, 72.22it/s]
 74%|███████▍  | 4297/5794 [01:00<00:20, 72.37it/s]
 74%|███████▍  | 4305/5794 [01:00<00:20, 72.24it/s]
 74%|███████▍  | 4313/5794 [01:00<00:20, 72.36it/s]
 75%|███████▍  | 4321/5794 [01:00<00:20, 72.34it/s]
 75%|███████▍  | 4329/5794 [01:01<00:20, 72.21it/s]
 75%|███████▍  | 4337/5794 [01:01<00:20, 72.04it/s]
 75%|███████▍  | 4345/5794 [01:01<00:20, 72.14it/s]
 75%|███████▌  | 4353/5794 [01:01<00:19, 72.19it/s]
 75%|███████▌  | 4361/5794 [01:01<00:19, 72.13it/s]
 75%|███████▌  | 4369/5794 [01:01<00:19, 72.33it/s]
 76%|███████▌  | 4377/5794 [01:01<00:19, 72.41it/s]
 76%|███████▌  | 4385/5794 [01:01<00:19, 72.27it/s]
 76%|███████▌  | 4393/5794 [01:01<00:19, 71.94it/s]
 76%|███████▌  | 4401/5794 [01:02<00:19, 72.26it/s]
 76%|███████▌  | 4409/5794 [01:02<00:19, 72.24it/s]
 76%|███████▌  | 4417/5794 [01:02<00:19, 72.16it/s]
 76%|███████▋  | 4425/5794 [01:02<00:19, 71.49it/s]
 77%|███████▋  | 4433/5794 [01:02<00:19, 71.26it/s]
 77%|███████▋  | 4441/5794 [01:02<00:19, 70.78it/s]
 77%|███████▋  | 4449/5794 [01:02<00:19, 70.73it/s]
 77%|███████▋  | 4457/5794 [01:02<00:18, 70.51it/s]
 77%|███████▋  | 4465/5794 [01:02<00:18, 70.58it/s]
 77%|███████▋  | 4473/5794 [01:03<00:18, 70.53it/s]
 77%|███████▋  | 4481/5794 [01:03<00:18, 70.50it/s]
 77%|███████▋  | 4489/5794 [01:03<00:18, 70.56it/s]
 78%|███████▊  | 4497/5794 [01:03<00:18, 70.41it/s]
 78%|███████▊  | 4505/5794 [01:03<00:18, 70.34it/s]
 78%|███████▊  | 4513/5794 [01:03<00:18, 70.24it/s]
 78%|███████▊  | 4521/5794 [01:03<00:18, 70.33it/s]
 78%|███████▊  | 4529/5794 [01:03<00:17, 70.38it/s]
 78%|███████▊  | 4537/5794 [01:03<00:17, 70.40it/s]
 78%|███████▊  | 4545/5794 [01:04<00:17, 70.35it/s]
 79%|███████▊  | 4553/5794 [01:04<00:17, 70.49it/s]
 79%|███████▊  | 4561/5794 [01:04<00:17, 70.33it/s]
 79%|███████▉  | 4569/5794 [01:04<00:17, 70.54it/s]
 79%|███████▉  | 4577/5794 [01:04<00:17, 70.45it/s]
 79%|███████▉  | 4585/5794 [01:04<00:17, 70.48it/s]
 79%|███████▉  | 4593/5794 [01:04<00:17, 70.48it/s]
 79%|███████▉  | 4601/5794 [01:04<00:16, 70.51it/s]
 80%|███████▉  | 4609/5794 [01:04<00:16, 70.53it/s]
 80%|███████▉  | 4617/5794 [01:05<00:16, 70.49it/s]
 80%|███████▉  | 4625/5794 [01:05<00:16, 70.37it/s]
 80%|███████▉  | 4633/5794 [01:05<00:16, 70.45it/s]
 80%|████████  | 4641/5794 [01:05<00:16, 70.49it/s]
 80%|████████  | 4649/5794 [01:05<00:16, 70.33it/s]
 80%|████████  | 4657/5794 [01:05<00:16, 70.33it/s]
 81%|████████  | 4665/5794 [01:05<00:16, 70.28it/s]
 81%|████████  | 4673/5794 [01:05<00:15, 70.24it/s]
 81%|████████  | 4681/5794 [01:05<00:15, 70.05it/s]
 81%|████████  | 4689/5794 [01:06<00:15, 70.05it/s]
 81%|████████  | 4697/5794 [01:06<00:15, 70.02it/s]
 81%|████████  | 4705/5794 [01:06<00:15, 70.33it/s]
 81%|████████▏ | 4713/5794 [01:06<00:15, 70.19it/s]
 81%|████████▏ | 4721/5794 [01:06<00:15, 70.37it/s]
 82%|████████▏ | 4729/5794 [01:06<00:15, 70.27it/s]
 82%|████████▏ | 4737/5794 [01:06<00:15, 70.20it/s]
 82%|████████▏ | 4745/5794 [01:06<00:14, 70.25it/s]
 82%|████████▏ | 4753/5794 [01:07<00:14, 70.12it/s]
 82%|████████▏ | 4761/5794 [01:07<00:14, 70.07it/s]
 82%|████████▏ | 4769/5794 [01:07<00:14, 70.01it/s]
 82%|████████▏ | 4777/5794 [01:07<00:14, 70.28it/s]
 83%|████████▎ | 4785/5794 [01:07<00:14, 70.27it/s]
 83%|████████▎ | 4793/5794 [01:07<00:14, 70.38it/s]
 83%|████████▎ | 4801/5794 [01:07<00:14, 70.35it/s]
 83%|████████▎ | 4809/5794 [01:07<00:13, 70.37it/s]
 83%|████████▎ | 4817/5794 [01:07<00:13, 70.11it/s]
 83%|████████▎ | 4825/5794 [01:08<00:13, 70.19it/s]
 83%|████████▎ | 4833/5794 [01:08<00:13, 70.20it/s]
 84%|████████▎ | 4841/5794 [01:08<00:13, 70.38it/s]
 84%|████████▎ | 4849/5794 [01:08<00:13, 70.27it/s]
 84%|████████▍ | 4857/5794 [01:08<00:13, 70.32it/s]
 84%|████████▍ | 4865/5794 [01:08<00:13, 70.49it/s]
 84%|████████▍ | 4873/5794 [01:08<00:13, 70.52it/s]
 84%|████████▍ | 4881/5794 [01:08<00:12, 70.59it/s]
 84%|████████▍ | 4889/5794 [01:08<00:12, 70.25it/s]
 85%|████████▍ | 4897/5794 [01:09<00:12, 70.84it/s]
 85%|████████▍ | 4905/5794 [01:09<00:12, 70.54it/s]
 85%|████████▍ | 4913/5794 [01:09<00:12, 70.56it/s]
 85%|████████▍ | 4921/5794 [01:09<00:12, 70.47it/s]
 85%|████████▌ | 4929/5794 [01:09<00:12, 70.64it/s]
 85%|████████▌ | 4937/5794 [01:09<00:12, 70.46it/s]
 85%|████████▌ | 4945/5794 [01:09<00:12, 70.37it/s]
 85%|████████▌ | 4953/5794 [01:09<00:11, 70.21it/s]
 86%|████████▌ | 4961/5794 [01:09<00:11, 70.35it/s]
 86%|████████▌ | 4969/5794 [01:10<00:11, 70.31it/s]
 86%|████████▌ | 4977/5794 [01:10<00:11, 70.49it/s]
 86%|████████▌ | 4985/5794 [01:10<00:11, 70.39it/s]
 86%|████████▌ | 4993/5794 [01:10<00:11, 71.00it/s]
 86%|████████▋ | 5001/5794 [01:10<00:11, 71.29it/s]
 86%|████████▋ | 5009/5794 [01:10<00:11, 71.32it/s]
 87%|████████▋ | 5017/5794 [01:10<00:10, 71.46it/s]
 87%|████████▋ | 5025/5794 [01:10<00:10, 71.17it/s]
 87%|████████▋ | 5033/5794 [01:10<00:10, 71.03it/s]
 87%|████████▋ | 5041/5794 [01:11<00:10, 70.70it/s]
 87%|████████▋ | 5049/5794 [01:11<00:10, 70.57it/s]
 87%|████████▋ | 5057/5794 [01:11<00:10, 70.48it/s]
 87%|████████▋ | 5065/5794 [01:11<00:10, 70.34it/s]
 88%|████████▊ | 5073/5794 [01:11<00:10, 70.45it/s]
 88%|████████▊ | 5081/5794 [01:11<00:10, 70.45it/s]
 88%|████████▊ | 5089/5794 [01:11<00:10, 70.35it/s]
 88%|████████▊ | 5097/5794 [01:11<00:09, 70.48it/s]
 88%|████████▊ | 5105/5794 [01:12<00:09, 70.36it/s]
 88%|████████▊ | 5113/5794 [01:12<00:09, 70.52it/s]
 88%|████████▊ | 5121/5794 [01:12<00:09, 70.20it/s]
 89%|████████▊ | 5129/5794 [01:12<00:09, 70.42it/s]
 89%|████████▊ | 5137/5794 [01:12<00:09, 70.59it/s]
 89%|████████▉ | 5145/5794 [01:12<00:09, 70.56it/s]
 89%|████████▉ | 5153/5794 [01:12<00:09, 70.64it/s]
 89%|████████▉ | 5161/5794 [01:12<00:08, 70.51it/s]
 89%|████████▉ | 5169/5794 [01:12<00:08, 70.54it/s]
 89%|████████▉ | 5177/5794 [01:13<00:08, 70.44it/s]
 89%|████████▉ | 5185/5794 [01:13<00:08, 71.07it/s]
 90%|████████▉ | 5193/5794 [01:13<00:08, 71.47it/s]
 90%|████████▉ | 5201/5794 [01:13<00:08, 71.94it/s]
 90%|████████▉ | 5209/5794 [01:13<00:08, 72.02it/s]
 90%|█████████ | 5217/5794 [01:13<00:07, 72.18it/s]
 90%|█████████ | 5225/5794 [01:13<00:07, 72.22it/s]
 90%|█████████ | 5233/5794 [01:13<00:07, 72.48it/s]
 90%|█████████ | 5241/5794 [01:13<00:07, 72.17it/s]
 91%|█████████ | 5249/5794 [01:14<00:07, 72.40it/s]
 91%|█████████ | 5257/5794 [01:14<00:07, 72.31it/s]
 91%|█████████ | 5265/5794 [01:14<00:07, 72.57it/s]
 91%|█████████ | 5273/5794 [01:14<00:07, 72.40it/s]
 91%|█████████ | 5281/5794 [01:14<00:07, 72.34it/s]
 91%|█████████▏| 5289/5794 [01:14<00:06, 72.55it/s]
 91%|█████████▏| 5297/5794 [01:14<00:06, 72.33it/s]
 92%|█████████▏| 5305/5794 [01:14<00:06, 71.66it/s]
 92%|█████████▏| 5313/5794 [01:14<00:06, 71.22it/s]
 92%|█████████▏| 5321/5794 [01:15<00:06, 71.06it/s]
 92%|█████████▏| 5329/5794 [01:15<00:06, 70.81it/s]
 92%|█████████▏| 5337/5794 [01:15<00:06, 70.75it/s]
 92%|█████████▏| 5345/5794 [01:15<00:06, 70.46it/s]
 92%|█████████▏| 5353/5794 [01:15<00:06, 70.48it/s]
 93%|█████████▎| 5361/5794 [01:15<00:06, 70.28it/s]
 93%|█████████▎| 5369/5794 [01:15<00:06, 70.45it/s]
 93%|█████████▎| 5377/5794 [01:15<00:05, 70.20it/s]
 93%|█████████▎| 5385/5794 [01:15<00:05, 70.34it/s]
 93%|█████████▎| 5393/5794 [01:16<00:05, 70.18it/s]
 93%|█████████▎| 5401/5794 [01:16<00:05, 70.12it/s]
 93%|█████████▎| 5409/5794 [01:16<00:05, 70.28it/s]
 93%|█████████▎| 5417/5794 [01:16<00:05, 70.19it/s]
 94%|█████████▎| 5425/5794 [01:16<00:05, 70.44it/s]
 94%|█████████▍| 5433/5794 [01:16<00:05, 70.94it/s]
 94%|█████████▍| 5441/5794 [01:16<00:04, 71.54it/s]
 94%|█████████▍| 5449/5794 [01:16<00:04, 71.60it/s]
 94%|█████████▍| 5457/5794 [01:16<00:04, 71.64it/s]
 94%|█████████▍| 5465/5794 [01:17<00:04, 71.78it/s]
 94%|█████████▍| 5473/5794 [01:17<00:04, 71.99it/s]
 95%|█████████▍| 5481/5794 [01:17<00:04, 71.80it/s]
 95%|█████████▍| 5489/5794 [01:17<00:04, 71.30it/s]
 95%|█████████▍| 5497/5794 [01:17<00:04, 70.96it/s]
 95%|█████████▌| 5505/5794 [01:17<00:04, 71.39it/s]
 95%|█████████▌| 5513/5794 [01:17<00:03, 71.55it/s]
 95%|█████████▌| 5521/5794 [01:17<00:03, 71.73it/s]
 95%|█████████▌| 5529/5794 [01:17<00:03, 71.78it/s]
 96%|█████████▌| 5537/5794 [01:18<00:03, 72.00it/s]
 96%|█████████▌| 5545/5794 [01:18<00:03, 72.19it/s]
 96%|█████████▌| 5553/5794 [01:18<00:03, 72.12it/s]
 96%|█████████▌| 5561/5794 [01:18<00:03, 72.13it/s]
 96%|█████████▌| 5569/5794 [01:18<00:03, 72.27it/s]
 96%|█████████▋| 5577/5794 [01:18<00:03, 72.27it/s]
 96%|█████████▋| 5585/5794 [01:18<00:02, 72.15it/s]
 97%|█████████▋| 5593/5794 [01:18<00:02, 72.16it/s]
 97%|█████████▋| 5601/5794 [01:18<00:02, 72.00it/s]
 97%|█████████▋| 5609/5794 [01:19<00:02, 72.20it/s]
 97%|█████████▋| 5617/5794 [01:19<00:02, 71.94it/s]
 97%|█████████▋| 5625/5794 [01:19<00:02, 71.37it/s]
 97%|█████████▋| 5633/5794 [01:19<00:02, 70.95it/s]
 97%|█████████▋| 5641/5794 [01:19<00:02, 70.93it/s]
 97%|█████████▋| 5649/5794 [01:19<00:02, 70.88it/s]
 98%|█████████▊| 5657/5794 [01:19<00:01, 71.38it/s]
 98%|█████████▊| 5665/5794 [01:19<00:01, 71.48it/s]
 98%|█████████▊| 5673/5794 [01:19<00:01, 71.80it/s]
 98%|█████████▊| 5681/5794 [01:20<00:01, 71.82it/s]
 98%|█████████▊| 5689/5794 [01:20<00:01, 71.93it/s]
 98%|█████████▊| 5697/5794 [01:20<00:01, 71.98it/s]
 98%|█████████▊| 5705/5794 [01:20<00:01, 71.85it/s]
 99%|█████████▊| 5713/5794 [01:20<00:01, 71.81it/s]
 99%|█████████▊| 5721/5794 [01:20<00:01, 71.96it/s]
 99%|█████████▉| 5729/5794 [01:20<00:00, 72.14it/s]
 99%|█████████▉| 5737/5794 [01:20<00:00, 71.96it/s]
 99%|█████████▉| 5745/5794 [01:20<00:00, 72.01it/s]
 99%|█████████▉| 5753/5794 [01:21<00:00, 71.66it/s]
 99%|█████████▉| 5761/5794 [01:21<00:00, 71.72it/s]
100%|█████████▉| 5769/5794 [01:21<00:00, 71.64it/s]
100%|█████████▉| 5777/5794 [01:21<00:00, 71.84it/s]
100%|█████████▉| 5785/5794 [01:21<00:00, 71.81it/s]
100%|█████████▉| 5793/5794 [01:21<00:00, 72.48it/s]
100%|██████████| 5794/5794 [01:21<00:00, 70.92it/s]
BALANCED ACCS CHECKED FOR TEST
TEST SET RESULTS FOR CHECKPOINT trained_weights/waterbirds/gals_waterbird_1.0_forest2water2_21047520_trial_000/best_balanced_valacc_0.57_epoch_0.ckpt
test_acc: 0.6788056610286504
balanced_test_acc: 0.5588686615413307
Land_on_Land_test_acc: 0.9960088691796009
Land_on_Water_test_acc: 0.5525498891352549
Water_on_Land_test_acc: 0.018691588785046728
Water_on_Water_test_acc: 0.6682242990654206
test_acc_Waterbird: 0.34345794392523366
test_acc_Landbird: 0.774279379157428
