[CMD] /home/ryreu/miniconda3/envs/gals_a100/bin/python -u main.py --config configs/waterbirds_95_gals_vit.yaml --name rrr_waterbird_complete95_forest2water2_21050491_trial_000 DATA.ROOT=/home/ryreu/guided_cnn/waterbirds DATA.WATERBIRDS_DIR=waterbird_complete95_forest2water2 SEED=0 EXP.BASE.LR=0.0010000000000000002 EXP.CLASSIFIER.LR=9.999999999999991e-05 EXP.WEIGHT_DECAY=9.999999999999997e-06 EXP.AUX_LOSSES_ON_VAL=False EXP.LOSSES.GRADIENT_OUTSIDE.WEIGHT=10.000000000000002 EXP.NUM_EPOCHS=1
SEED: 0
DATA:
  BATCH_SIZE: 96
  NUM_WORKERS: 4
  SIZE: 224
  NORMALIZATION: imagenet
  ATTENTION_DIR: clip_vit_attention
  SEPARATE_CLASSES: false
  REMOVE_BACKGROUND: false
  ROOT: /home/ryreu/guided_cnn/waterbirds
  USE_CLASS_WEIGHTS: false
  USE_GROUP_WEIGHTS: false
  DATASET: waterbirds
  NUM_CLASSES: 2
  CONFOUNDING_FACTOR: 0.95
  WATERBIRDS_DIR: waterbird_complete95_forest2water2
EXP:
  NUM_TRIALS: 1
  LOSSES:
    CLASSIFICATION:
      WEIGHT: 1
    GRADIENT_OUTSIDE:
      COMPUTE: true
      LOG: false
      WEIGHT: 10.000000000000002
      CRITERION: L1
      GT: clip_vit
      COMBINE_ATT_MODE: average_nonzero
    GRADIENT_INSIDE:
      COMPUTE: false
      LOG: false
      WEIGHT: 1
      CRITERION: L1
      GT: segmentation
      COMBINE_ATT_MODE: average_nonzero
    GRADCAM:
      COMPUTE: false
      LOG: false
      WEIGHT: 1
      CRITERION: L1
      GT: segmentation
      MODE: match
      COMBINE_ATT_MODE: average_nonzero
  APPROACH: generic
  MODEL: resnet50
  PRETRAINED: true
  NUM_EPOCHS: 1
  OPTIMIZER: SGD
  WEIGHT_DECAY: 9.999999999999997e-06
  MOMENTUM: 0.9
  SCHEDULER: NONE
  BASE:
    LR: 0.0010000000000000002
  CLASSIFIER:
    LR: 9.999999999999991e-05
  AUX_LOSSES_ON_VAL: false
LOGGING:
  SAVE_EVERY: 0
  SAVE_BEST: true
  SAVE_LAST: false
  LOG_ATTENTION: false
  LOG_ATTENTION_STEP: 10
  SAVE_STATS_PATH: null
yaml: configs/waterbirds_95_gals_vit.yaml
name: rrr_waterbird_complete95_forest2water2_21050491_trial_000
test_checkpoint: null

WATERBIRDS DIR: /home/ryreu/guided_cnn/waterbirds/waterbird_complete95_forest2water2
NUMBER OF SAMPLES WITH LABEL Landbird: 3682
NUMBER OF SAMPLES WITH LABEL Waterbird: 1113
NUMBER OF SAMPLES WITH GROUP Land_on_Land: 3498
NUMBER OF SAMPLES WITH GROUP Land_on_Water: 184
NUMBER OF SAMPLES WITH GROUP Water_on_Land: 56
NUMBER OF SAMPLES WITH GROUP Water_on_Water: 1057
WATERBIRDS DIR: /home/ryreu/guided_cnn/waterbirds/waterbird_complete95_forest2water2
NUMBER OF SAMPLES WITH LABEL Landbird: 933
NUMBER OF SAMPLES WITH LABEL Waterbird: 266
NUMBER OF SAMPLES WITH GROUP Land_on_Land: 467
NUMBER OF SAMPLES WITH GROUP Land_on_Water: 466
NUMBER OF SAMPLES WITH GROUP Water_on_Land: 133
NUMBER OF SAMPLES WITH GROUP Water_on_Water: 133
NUM TRAIN: 4795

NUM VAL:   1199

Number classifier outputs: 1
Using pretrained model: True
USING SGD OPTIMIZER
class weights: None
group weights: None
WANDB DISABLED: skipping wandb.init()
EPOCH: 0

>>> TRAINING 


  0%|          | 0/50 [00:00<?, ?it/s]
  2%|▏         | 1/50 [00:06<05:03,  6.19s/it]
  4%|▍         | 2/50 [00:07<02:33,  3.20s/it]
  6%|▌         | 3/50 [00:08<01:45,  2.24s/it]
  8%|▊         | 4/50 [00:09<01:22,  1.79s/it]
 10%|█         | 5/50 [00:10<01:09,  1.55s/it]
 12%|█▏        | 6/50 [00:11<01:01,  1.40s/it]
 14%|█▍        | 7/50 [00:12<00:55,  1.30s/it]
 16%|█▌        | 8/50 [00:13<00:51,  1.24s/it]
 18%|█▊        | 9/50 [00:15<00:49,  1.20s/it]
 20%|██        | 10/50 [00:16<00:46,  1.16s/it]
 22%|██▏       | 11/50 [00:17<00:44,  1.14s/it]
 24%|██▍       | 12/50 [00:18<00:42,  1.12s/it]
 26%|██▌       | 13/50 [00:19<00:41,  1.12s/it]
 28%|██▊       | 14/50 [00:20<00:39,  1.11s/it]
 30%|███       | 15/50 [00:21<00:38,  1.10s/it]
 32%|███▏      | 16/50 [00:22<00:37,  1.10s/it]
 34%|███▍      | 17/50 [00:23<00:36,  1.10s/it]
 36%|███▌      | 18/50 [00:24<00:35,  1.10s/it]
 38%|███▊      | 19/50 [00:25<00:33,  1.09s/it]
 40%|████      | 20/50 [00:27<00:32,  1.09s/it]
 42%|████▏     | 21/50 [00:28<00:31,  1.09s/it]
 44%|████▍     | 22/50 [00:29<00:30,  1.09s/it]
 46%|████▌     | 23/50 [00:30<00:29,  1.09s/it]
 48%|████▊     | 24/50 [00:31<00:28,  1.09s/it]
 50%|█████     | 25/50 [00:32<00:27,  1.09s/it]
 52%|█████▏    | 26/50 [00:33<00:26,  1.09s/it]
 54%|█████▍    | 27/50 [00:34<00:25,  1.09s/it]
 56%|█████▌    | 28/50 [00:35<00:23,  1.09s/it]
 58%|█████▊    | 29/50 [00:36<00:22,  1.09s/it]
 60%|██████    | 30/50 [00:37<00:21,  1.09s/it]
 62%|██████▏   | 31/50 [00:39<00:20,  1.09s/it]
 64%|██████▍   | 32/50 [00:40<00:19,  1.09s/it]
 66%|██████▌   | 33/50 [00:41<00:18,  1.09s/it]
 68%|██████▊   | 34/50 [00:42<00:17,  1.09s/it]
 70%|███████   | 35/50 [00:43<00:16,  1.09s/it]
 72%|███████▏  | 36/50 [00:44<00:15,  1.09s/it]
 74%|███████▍  | 37/50 [00:47<00:20,  1.58s/it]
 76%|███████▌  | 38/50 [00:48<00:17,  1.43s/it]
 78%|███████▊  | 39/50 [00:49<00:14,  1.33s/it]
 80%|████████  | 40/50 [00:50<00:12,  1.26s/it]
 82%|████████▏ | 41/50 [00:51<00:10,  1.21s/it]
 84%|████████▍ | 42/50 [00:52<00:09,  1.17s/it]
 86%|████████▌ | 43/50 [00:53<00:08,  1.15s/it]
 88%|████████▊ | 44/50 [00:54<00:06,  1.13s/it]
 90%|█████████ | 45/50 [00:55<00:05,  1.12s/it]
 92%|█████████▏| 46/50 [00:56<00:04,  1.11s/it]
 94%|█████████▍| 47/50 [00:58<00:03,  1.10s/it]
 96%|█████████▌| 48/50 [00:59<00:02,  1.10s/it]
 98%|█████████▊| 49/50 [01:00<00:01,  1.10s/it]
100%|██████████| 50/50 [01:01<00:00,  1.09s/it]
100%|██████████| 50/50 [01:01<00:00,  1.23s/it]
>>> VALIDATING 


  0%|          | 0/13 [00:00<?, ?it/s]
  8%|▊         | 1/13 [00:02<00:27,  2.31s/it]
 23%|██▎       | 3/13 [00:02<00:06,  1.51it/s]
 38%|███▊      | 5/13 [00:03<00:05,  1.58it/s]
 54%|█████▍    | 7/13 [00:03<00:02,  2.51it/s]
 69%|██████▉   | 9/13 [00:04<00:01,  2.19it/s]
 77%|███████▋  | 10/13 [00:05<00:01,  2.61it/s]
 92%|█████████▏| 12/13 [00:05<00:00,  3.76it/s]
100%|██████████| 13/13 [00:05<00:00,  3.53it/s]
100%|██████████| 13/13 [00:05<00:00,  2.31it/s]
>>> LOGGING 

BALANCED ACCS CHECKED FOR TRAIN
BALANCED ACCS CHECKED FOR VAL
train_acc: 0.7067778936392075
val_acc: 0.713094245204337
train_cls_loss: 0.49542282981345503
val_cls_loss: 0.52809833426392
train_total_loss: 0.4954488380111917
val_total_loss: 0.52809833426392
balanced_train_acc: 0.5683488260071946
balanced_val_acc: 0.5455459388019889
Land_on_Land_train_acc: 0.8319039451114922
Land_on_Land_val_acc: 0.9978586723768736
Land_on_Water_train_acc: 0.7282608695652174
Land_on_Water_val_acc: 0.6952789699570815
Water_on_Land_train_acc: 0.14285714285714285
Water_on_Land_val_acc: 0.007518796992481203
Water_on_Water_train_acc: 0.31882686849574265
Water_on_Water_val_acc: 0.48120300751879697
train_dydx_outside_clip_vit_loss: 2.6005404255294888e-05
train_acc_Landbird: 0.8267246061922868
train_acc_Waterbird: 0.30997304582210244
val_acc_Landbird: 0.8467309753483387
val_acc_Waterbird: 0.24436090225563908
TRAIN ACC:        0.7067778936392075
VAL ACC:          0.713094245204337
BALANCED VAL ACC: 0.5455459388019889
prev best list: []
Saving to trained_weights/waterbirds/rrr_waterbird_complete95_forest2water2_21050491_trial_000/best_balanced_valacc_0.55_epoch_0.ckpt
>>> EVALUATING ON TEST SET
WATERBIRDS DIR: /home/ryreu/guided_cnn/waterbirds/waterbird_complete95_forest2water2
NUMBER OF SAMPLES WITH LABEL Landbird: 4510
NUMBER OF SAMPLES WITH LABEL Waterbird: 1284
NUMBER OF SAMPLES WITH GROUP Land_on_Land: 2255
NUMBER OF SAMPLES WITH GROUP Land_on_Water: 2255
NUMBER OF SAMPLES WITH GROUP Water_on_Land: 642
NUMBER OF SAMPLES WITH GROUP Water_on_Water: 642
NUM TEST:   5794

Loaded checkpoint trained_weights/waterbirds/rrr_waterbird_complete95_forest2water2_21050491_trial_000/best_balanced_valacc_0.55_epoch_0.ckpt

  0%|          | 0/5794 [00:00<?, ?it/s]
  0%|          | 1/5794 [00:00<25:33,  3.78it/s]
  0%|          | 7/5794 [00:00<04:09, 23.17it/s]
  0%|          | 14/5794 [00:00<02:35, 37.28it/s]
  0%|          | 21/5794 [00:00<02:06, 45.57it/s]
  0%|          | 28/5794 [00:00<01:54, 50.30it/s]
  1%|          | 36/5794 [00:00<01:40, 57.18it/s]
  1%|          | 43/5794 [00:00<01:34, 60.76it/s]
  1%|          | 51/5794 [00:01<01:29, 64.25it/s]
  1%|          | 59/5794 [00:01<01:26, 66.23it/s]
  1%|          | 66/5794 [00:01<01:25, 67.23it/s]
  1%|▏         | 73/5794 [00:01<01:25, 67.22it/s]
  1%|▏         | 81/5794 [00:01<01:23, 68.36it/s]
  2%|▏         | 89/5794 [00:01<01:22, 69.12it/s]
  2%|▏         | 97/5794 [00:01<01:21, 69.61it/s]
  2%|▏         | 104/5794 [00:01<01:21, 69.67it/s]
  2%|▏         | 112/5794 [00:01<01:20, 70.32it/s]
  2%|▏         | 120/5794 [00:02<01:20, 70.53it/s]
  2%|▏         | 128/5794 [00:02<01:20, 70.56it/s]
  2%|▏         | 136/5794 [00:02<01:21, 69.10it/s]
  2%|▏         | 143/5794 [00:02<01:24, 66.89it/s]
  3%|▎         | 150/5794 [00:02<01:26, 65.23it/s]
  3%|▎         | 157/5794 [00:02<01:28, 63.93it/s]
  3%|▎         | 164/5794 [00:02<01:28, 63.33it/s]
  3%|▎         | 172/5794 [00:02<01:26, 65.17it/s]
  3%|▎         | 180/5794 [00:02<01:23, 67.41it/s]
  3%|▎         | 187/5794 [00:03<01:22, 68.04it/s]
  3%|▎         | 195/5794 [00:03<01:21, 68.89it/s]
  4%|▎         | 203/5794 [00:03<01:20, 69.51it/s]
  4%|▎         | 211/5794 [00:03<01:20, 69.76it/s]
  4%|▍         | 219/5794 [00:03<01:19, 70.25it/s]
  4%|▍         | 227/5794 [00:03<01:19, 70.25it/s]
  4%|▍         | 235/5794 [00:03<01:18, 70.67it/s]
  4%|▍         | 243/5794 [00:03<01:19, 69.95it/s]
  4%|▍         | 251/5794 [00:03<01:18, 70.37it/s]
  4%|▍         | 259/5794 [00:04<01:18, 70.49it/s]
  5%|▍         | 267/5794 [00:04<01:18, 70.39it/s]
  5%|▍         | 275/5794 [00:04<01:17, 70.94it/s]
  5%|▍         | 283/5794 [00:04<01:17, 71.00it/s]
  5%|▌         | 291/5794 [00:04<01:18, 70.55it/s]
  5%|▌         | 299/5794 [00:04<01:17, 71.01it/s]
  5%|▌         | 307/5794 [00:04<01:17, 70.95it/s]
  5%|▌         | 315/5794 [00:04<01:17, 70.71it/s]
  6%|▌         | 323/5794 [00:04<01:17, 70.79it/s]
  6%|▌         | 331/5794 [00:05<01:16, 71.22it/s]
  6%|▌         | 339/5794 [00:05<01:16, 71.20it/s]
  6%|▌         | 347/5794 [00:05<01:16, 71.12it/s]
  6%|▌         | 355/5794 [00:05<01:16, 71.16it/s]
  6%|▋         | 363/5794 [00:05<01:16, 71.17it/s]
  6%|▋         | 371/5794 [00:05<01:16, 70.95it/s]
  7%|▋         | 379/5794 [00:05<01:16, 70.98it/s]
  7%|▋         | 387/5794 [00:05<01:15, 71.21it/s]
  7%|▋         | 395/5794 [00:05<01:16, 70.73it/s]
  7%|▋         | 403/5794 [00:06<01:16, 70.01it/s]
  7%|▋         | 411/5794 [00:06<01:16, 70.72it/s]
  7%|▋         | 419/5794 [00:06<01:15, 71.07it/s]
  7%|▋         | 427/5794 [00:06<01:15, 70.71it/s]
  8%|▊         | 435/5794 [00:06<01:15, 70.94it/s]
  8%|▊         | 443/5794 [00:06<01:15, 70.89it/s]
  8%|▊         | 451/5794 [00:06<01:15, 70.95it/s]
  8%|▊         | 459/5794 [00:06<01:15, 70.88it/s]
  8%|▊         | 467/5794 [00:06<01:15, 70.84it/s]
  8%|▊         | 475/5794 [00:07<01:15, 70.83it/s]
  8%|▊         | 483/5794 [00:07<01:14, 71.05it/s]
  8%|▊         | 491/5794 [00:07<01:15, 70.70it/s]
  9%|▊         | 499/5794 [00:07<01:14, 71.10it/s]
  9%|▉         | 507/5794 [00:07<01:14, 71.25it/s]
  9%|▉         | 515/5794 [00:07<01:14, 70.73it/s]
  9%|▉         | 523/5794 [00:07<01:14, 71.08it/s]
  9%|▉         | 531/5794 [00:07<01:20, 65.60it/s]
  9%|▉         | 539/5794 [00:08<01:16, 69.02it/s]
  9%|▉         | 547/5794 [00:08<01:15, 69.51it/s]
 10%|▉         | 555/5794 [00:08<01:15, 69.48it/s]
 10%|▉         | 563/5794 [00:08<01:14, 70.58it/s]
 10%|▉         | 571/5794 [00:08<01:13, 71.20it/s]
 10%|▉         | 579/5794 [00:08<01:13, 70.86it/s]
 10%|█         | 587/5794 [00:08<01:14, 69.48it/s]
 10%|█         | 594/5794 [00:08<01:17, 67.22it/s]
 10%|█         | 601/5794 [00:08<01:19, 65.53it/s]
 10%|█         | 608/5794 [00:09<01:20, 64.59it/s]
 11%|█         | 615/5794 [00:09<01:21, 63.75it/s]
 11%|█         | 622/5794 [00:09<01:22, 63.06it/s]
 11%|█         | 629/5794 [00:09<01:22, 62.57it/s]
 11%|█         | 636/5794 [00:09<01:22, 62.52it/s]
 11%|█         | 643/5794 [00:09<01:23, 62.05it/s]
 11%|█         | 650/5794 [00:09<01:22, 62.34it/s]
 11%|█▏        | 657/5794 [00:09<01:22, 62.23it/s]
 11%|█▏        | 664/5794 [00:09<01:21, 62.61it/s]
 12%|█▏        | 671/5794 [00:10<01:21, 62.53it/s]
 12%|█▏        | 678/5794 [00:10<01:21, 62.59it/s]
 12%|█▏        | 685/5794 [00:10<01:21, 62.72it/s]
 12%|█▏        | 692/5794 [00:10<01:20, 63.35it/s]
 12%|█▏        | 699/5794 [00:10<01:18, 65.16it/s]
 12%|█▏        | 706/5794 [00:10<01:18, 64.84it/s]
 12%|█▏        | 713/5794 [00:10<01:19, 64.18it/s]
 12%|█▏        | 720/5794 [00:10<01:19, 63.86it/s]
 13%|█▎        | 727/5794 [00:10<01:19, 63.40it/s]
 13%|█▎        | 734/5794 [00:11<01:19, 63.33it/s]
 13%|█▎        | 741/5794 [00:11<01:19, 63.77it/s]
 13%|█▎        | 748/5794 [00:11<01:17, 65.11it/s]
 13%|█▎        | 756/5794 [00:11<01:16, 66.06it/s]
 13%|█▎        | 763/5794 [00:11<01:27, 57.72it/s]
 13%|█▎        | 770/5794 [00:11<01:23, 60.06it/s]
 13%|█▎        | 777/5794 [00:11<01:22, 60.50it/s]
 14%|█▎        | 784/5794 [00:11<01:23, 60.34it/s]
 14%|█▎        | 791/5794 [00:11<01:21, 61.06it/s]
 14%|█▍        | 798/5794 [00:12<01:21, 61.24it/s]
 14%|█▍        | 805/5794 [00:12<01:20, 61.90it/s]
 14%|█▍        | 812/5794 [00:12<01:19, 62.69it/s]
 14%|█▍        | 819/5794 [00:12<01:19, 62.43it/s]
 14%|█▍        | 826/5794 [00:12<01:19, 62.67it/s]
 14%|█▍        | 833/5794 [00:12<01:34, 52.39it/s]
 14%|█▍        | 840/5794 [00:12<01:28, 55.92it/s]
 15%|█▍        | 847/5794 [00:12<01:25, 57.57it/s]
 15%|█▍        | 854/5794 [00:13<01:24, 58.38it/s]
 15%|█▍        | 861/5794 [00:13<01:22, 59.65it/s]
 15%|█▍        | 868/5794 [00:13<01:21, 60.29it/s]
 15%|█▌        | 875/5794 [00:13<01:20, 61.21it/s]
 15%|█▌        | 882/5794 [00:13<01:19, 61.46it/s]
 15%|█▌        | 889/5794 [00:13<01:20, 61.25it/s]
 15%|█▌        | 896/5794 [00:13<01:19, 61.39it/s]
 16%|█▌        | 903/5794 [00:13<01:19, 61.84it/s]
 16%|█▌        | 910/5794 [00:13<01:19, 61.57it/s]
 16%|█▌        | 917/5794 [00:14<01:19, 61.64it/s]
 16%|█▌        | 924/5794 [00:14<01:18, 62.15it/s]
 16%|█▌        | 931/5794 [00:14<01:18, 61.98it/s]
 16%|█▌        | 938/5794 [00:14<01:17, 62.26it/s]
 16%|█▋        | 945/5794 [00:14<01:17, 62.23it/s]
 16%|█▋        | 952/5794 [00:14<01:17, 62.24it/s]
 17%|█▋        | 959/5794 [00:14<01:17, 62.33it/s]
 17%|█▋        | 966/5794 [00:14<01:17, 62.18it/s]
 17%|█▋        | 973/5794 [00:14<01:17, 62.38it/s]
 17%|█▋        | 980/5794 [00:15<01:17, 62.37it/s]
 17%|█▋        | 987/5794 [00:15<01:16, 62.48it/s]
 17%|█▋        | 994/5794 [00:15<01:16, 62.42it/s]
 17%|█▋        | 1001/5794 [00:15<01:17, 62.09it/s]
 17%|█▋        | 1008/5794 [00:15<01:16, 62.58it/s]
 18%|█▊        | 1015/5794 [00:15<01:16, 62.56it/s]
 18%|█▊        | 1022/5794 [00:15<01:16, 62.67it/s]
 18%|█▊        | 1029/5794 [00:15<01:16, 62.65it/s]
 18%|█▊        | 1036/5794 [00:15<01:15, 62.66it/s]
 18%|█▊        | 1043/5794 [00:16<01:16, 62.33it/s]
 18%|█▊        | 1050/5794 [00:16<01:15, 62.43it/s]
 18%|█▊        | 1057/5794 [00:16<01:14, 63.18it/s]
 18%|█▊        | 1064/5794 [00:16<01:12, 64.94it/s]
 19%|█▊        | 1072/5794 [00:16<01:09, 67.92it/s]
 19%|█▊        | 1079/5794 [00:16<01:31, 51.27it/s]
 19%|█▊        | 1086/5794 [00:16<01:26, 54.58it/s]
 19%|█▉        | 1093/5794 [00:16<01:22, 56.98it/s]
 19%|█▉        | 1100/5794 [00:17<01:20, 58.61it/s]
 19%|█▉        | 1107/5794 [00:17<01:18, 59.56it/s]
 19%|█▉        | 1114/5794 [00:17<01:17, 60.65it/s]
 19%|█▉        | 1121/5794 [00:17<01:16, 61.40it/s]
 19%|█▉        | 1128/5794 [00:17<01:15, 61.86it/s]
 20%|█▉        | 1135/5794 [00:17<01:15, 61.62it/s]
 20%|█▉        | 1142/5794 [00:17<01:15, 61.90it/s]
 20%|█▉        | 1149/5794 [00:17<01:14, 62.15it/s]
 20%|█▉        | 1156/5794 [00:17<01:12, 64.11it/s]
 20%|██        | 1163/5794 [00:18<01:10, 65.73it/s]
 20%|██        | 1170/5794 [00:18<01:09, 66.72it/s]
 20%|██        | 1177/5794 [00:18<01:10, 65.47it/s]
 20%|██        | 1184/5794 [00:18<01:10, 65.40it/s]
 21%|██        | 1191/5794 [00:18<01:11, 64.53it/s]
 21%|██        | 1198/5794 [00:18<01:12, 63.50it/s]
 21%|██        | 1205/5794 [00:18<01:11, 64.00it/s]
 21%|██        | 1212/5794 [00:18<01:12, 63.42it/s]
 21%|██        | 1219/5794 [00:18<01:12, 63.24it/s]
 21%|██        | 1226/5794 [00:19<01:12, 62.83it/s]
 21%|██▏       | 1233/5794 [00:19<01:13, 62.41it/s]
 21%|██▏       | 1240/5794 [00:19<01:13, 62.24it/s]
 22%|██▏       | 1247/5794 [00:19<01:12, 62.71it/s]
 22%|██▏       | 1254/5794 [00:19<01:12, 62.42it/s]
 22%|██▏       | 1261/5794 [00:19<01:12, 62.11it/s]
 22%|██▏       | 1268/5794 [00:19<01:12, 62.51it/s]
 22%|██▏       | 1275/5794 [00:19<01:12, 62.68it/s]
 22%|██▏       | 1282/5794 [00:19<01:12, 62.10it/s]
 22%|██▏       | 1289/5794 [00:20<01:12, 62.57it/s]
 22%|██▏       | 1296/5794 [00:20<01:12, 62.36it/s]
 22%|██▏       | 1303/5794 [00:20<01:12, 62.25it/s]
 23%|██▎       | 1310/5794 [00:20<01:12, 61.94it/s]
 23%|██▎       | 1317/5794 [00:20<01:11, 62.19it/s]
 23%|██▎       | 1324/5794 [00:20<01:11, 62.24it/s]
 23%|██▎       | 1331/5794 [00:20<01:11, 62.14it/s]
 23%|██▎       | 1338/5794 [00:20<01:11, 62.28it/s]
 23%|██▎       | 1345/5794 [00:20<01:11, 62.14it/s]
 23%|██▎       | 1352/5794 [00:21<01:12, 61.62it/s]
 23%|██▎       | 1359/5794 [00:21<01:10, 62.57it/s]
 24%|██▎       | 1366/5794 [00:21<01:10, 62.47it/s]
 24%|██▎       | 1373/5794 [00:21<01:10, 62.49it/s]
 24%|██▍       | 1380/5794 [00:21<01:16, 57.52it/s]
 24%|██▍       | 1387/5794 [00:21<01:13, 59.79it/s]
 24%|██▍       | 1394/5794 [00:21<01:13, 60.16it/s]
 24%|██▍       | 1401/5794 [00:21<01:12, 60.33it/s]
 24%|██▍       | 1408/5794 [00:21<01:12, 60.59it/s]
 24%|██▍       | 1415/5794 [00:22<01:11, 60.86it/s]
 25%|██▍       | 1422/5794 [00:22<01:11, 61.25it/s]
 25%|██▍       | 1429/5794 [00:22<01:11, 61.09it/s]
 25%|██▍       | 1436/5794 [00:22<01:10, 61.46it/s]
 25%|██▍       | 1443/5794 [00:22<01:10, 61.55it/s]
 25%|██▌       | 1450/5794 [00:22<01:10, 61.37it/s]
 25%|██▌       | 1457/5794 [00:22<01:10, 61.95it/s]
 25%|██▌       | 1464/5794 [00:22<01:10, 61.60it/s]
 25%|██▌       | 1471/5794 [00:23<01:10, 61.67it/s]
 26%|██▌       | 1478/5794 [00:23<01:10, 61.34it/s]
 26%|██▌       | 1485/5794 [00:23<01:10, 61.17it/s]
 26%|██▌       | 1492/5794 [00:23<01:09, 61.73it/s]
 26%|██▌       | 1500/5794 [00:23<01:06, 64.51it/s]
 26%|██▌       | 1508/5794 [00:23<01:04, 66.15it/s]
 26%|██▌       | 1515/5794 [00:23<01:05, 64.84it/s]
 26%|██▋       | 1522/5794 [00:23<01:06, 64.10it/s]
 26%|██▋       | 1529/5794 [00:23<01:07, 63.52it/s]
 27%|██▋       | 1536/5794 [00:24<01:07, 63.18it/s]
 27%|██▋       | 1543/5794 [00:24<01:07, 62.93it/s]
 27%|██▋       | 1550/5794 [00:24<01:07, 62.88it/s]
 27%|██▋       | 1557/5794 [00:24<01:07, 62.71it/s]
 27%|██▋       | 1564/5794 [00:24<01:07, 62.53it/s]
 27%|██▋       | 1571/5794 [00:24<01:07, 62.50it/s]
 27%|██▋       | 1578/5794 [00:24<01:07, 62.34it/s]
 27%|██▋       | 1585/5794 [00:24<01:07, 62.34it/s]
 27%|██▋       | 1592/5794 [00:24<01:07, 62.29it/s]
 28%|██▊       | 1599/5794 [00:25<01:07, 62.15it/s]
 28%|██▊       | 1606/5794 [00:25<01:08, 61.24it/s]
 28%|██▊       | 1613/5794 [00:25<01:07, 61.56it/s]
 28%|██▊       | 1620/5794 [00:25<01:07, 61.79it/s]
 28%|██▊       | 1627/5794 [00:25<01:07, 61.59it/s]
 28%|██▊       | 1634/5794 [00:25<01:06, 62.14it/s]
 28%|██▊       | 1641/5794 [00:25<01:06, 62.14it/s]
 28%|██▊       | 1648/5794 [00:25<01:06, 61.95it/s]
 29%|██▊       | 1655/5794 [00:25<01:06, 62.03it/s]
 29%|██▊       | 1662/5794 [00:26<01:07, 61.60it/s]
 29%|██▉       | 1669/5794 [00:26<01:06, 61.85it/s]
 29%|██▉       | 1676/5794 [00:26<01:06, 61.72it/s]
 29%|██▉       | 1683/5794 [00:26<01:07, 60.76it/s]
 29%|██▉       | 1690/5794 [00:26<01:05, 62.58it/s]
 29%|██▉       | 1697/5794 [00:26<01:06, 61.88it/s]
 29%|██▉       | 1705/5794 [00:26<01:02, 65.45it/s]
 30%|██▉       | 1713/5794 [00:26<01:00, 67.01it/s]
 30%|██▉       | 1721/5794 [00:26<00:59, 68.26it/s]
 30%|██▉       | 1728/5794 [00:27<01:00, 67.15it/s]
 30%|██▉       | 1735/5794 [00:27<01:02, 65.38it/s]
 30%|███       | 1742/5794 [00:27<01:03, 64.31it/s]
 30%|███       | 1749/5794 [00:27<01:03, 63.55it/s]
 30%|███       | 1756/5794 [00:27<01:03, 63.20it/s]
 30%|███       | 1763/5794 [00:27<01:04, 62.79it/s]
 31%|███       | 1770/5794 [00:27<01:04, 62.11it/s]
 31%|███       | 1777/5794 [00:27<01:05, 61.65it/s]
 31%|███       | 1784/5794 [00:27<01:04, 62.00it/s]
 31%|███       | 1791/5794 [00:28<01:04, 61.64it/s]
 31%|███       | 1798/5794 [00:28<01:04, 61.50it/s]
 31%|███       | 1805/5794 [00:28<01:04, 61.70it/s]
 31%|███▏      | 1812/5794 [00:28<01:04, 61.51it/s]
 31%|███▏      | 1819/5794 [00:28<01:04, 61.52it/s]
 32%|███▏      | 1826/5794 [00:28<01:04, 61.25it/s]
 32%|███▏      | 1833/5794 [00:28<01:04, 61.60it/s]
 32%|███▏      | 1840/5794 [00:28<01:04, 61.57it/s]
 32%|███▏      | 1847/5794 [00:29<01:03, 61.80it/s]
 32%|███▏      | 1854/5794 [00:29<01:03, 61.61it/s]
 32%|███▏      | 1861/5794 [00:29<01:03, 61.73it/s]
 32%|███▏      | 1868/5794 [00:29<01:04, 60.55it/s]
 32%|███▏      | 1875/5794 [00:29<01:04, 60.46it/s]
 32%|███▏      | 1882/5794 [00:29<01:04, 60.65it/s]
 33%|███▎      | 1889/5794 [00:29<01:04, 60.84it/s]
 33%|███▎      | 1896/5794 [00:29<01:03, 61.07it/s]
 33%|███▎      | 1903/5794 [00:29<01:03, 61.04it/s]
 33%|███▎      | 1910/5794 [00:30<01:03, 61.27it/s]
 33%|███▎      | 1917/5794 [00:30<01:03, 61.18it/s]
 33%|███▎      | 1924/5794 [00:30<01:02, 61.44it/s]
 33%|███▎      | 1931/5794 [00:30<01:02, 61.64it/s]
 33%|███▎      | 1938/5794 [00:30<01:02, 61.64it/s]
 34%|███▎      | 1945/5794 [00:30<01:01, 62.40it/s]
 34%|███▎      | 1953/5794 [00:30<00:59, 65.02it/s]
 34%|███▍      | 1961/5794 [00:30<00:57, 66.87it/s]
 34%|███▍      | 1969/5794 [00:30<00:56, 68.16it/s]
 34%|███▍      | 1977/5794 [00:31<00:55, 69.20it/s]
 34%|███▍      | 1985/5794 [00:31<00:54, 69.65it/s]
 34%|███▍      | 1993/5794 [00:31<00:54, 69.83it/s]
 35%|███▍      | 2001/5794 [00:31<00:54, 70.01it/s]
 35%|███▍      | 2009/5794 [00:31<00:54, 69.95it/s]
 35%|███▍      | 2017/5794 [00:31<00:53, 70.54it/s]
 35%|███▍      | 2025/5794 [00:31<00:53, 70.14it/s]
 35%|███▌      | 2033/5794 [00:31<00:53, 70.35it/s]
 35%|███▌      | 2041/5794 [00:31<00:53, 70.22it/s]
 35%|███▌      | 2049/5794 [00:32<00:53, 69.62it/s]
 36%|███▌      | 2057/5794 [00:32<00:53, 70.41it/s]
 36%|███▌      | 2065/5794 [00:32<00:52, 70.80it/s]
 36%|███▌      | 2073/5794 [00:32<00:52, 70.77it/s]
 36%|███▌      | 2081/5794 [00:32<00:52, 71.04it/s]
 36%|███▌      | 2089/5794 [00:32<00:52, 70.38it/s]
 36%|███▌      | 2097/5794 [00:32<00:52, 70.88it/s]
 36%|███▋      | 2105/5794 [00:32<00:53, 68.36it/s]
 36%|███▋      | 2112/5794 [00:32<00:55, 66.81it/s]
 37%|███▋      | 2119/5794 [00:33<00:56, 65.06it/s]
 37%|███▋      | 2126/5794 [00:33<00:57, 64.28it/s]
 37%|███▋      | 2133/5794 [00:33<00:57, 63.65it/s]
 37%|███▋      | 2140/5794 [00:33<00:57, 63.13it/s]
 37%|███▋      | 2147/5794 [00:33<00:58, 62.86it/s]
 37%|███▋      | 2154/5794 [00:33<00:58, 62.60it/s]
 37%|███▋      | 2161/5794 [00:33<00:58, 62.62it/s]
 37%|███▋      | 2168/5794 [00:33<00:57, 62.55it/s]
 38%|███▊      | 2175/5794 [00:34<00:58, 62.33it/s]
 38%|███▊      | 2182/5794 [00:34<00:58, 62.21it/s]
 38%|███▊      | 2189/5794 [00:34<00:57, 62.19it/s]
 38%|███▊      | 2196/5794 [00:34<00:57, 62.31it/s]
 38%|███▊      | 2203/5794 [00:34<00:57, 61.98it/s]
 38%|███▊      | 2210/5794 [00:34<00:57, 62.01it/s]
 38%|███▊      | 2217/5794 [00:34<00:57, 61.88it/s]
 38%|███▊      | 2224/5794 [00:34<00:57, 61.87it/s]
 39%|███▊      | 2231/5794 [00:34<00:57, 61.68it/s]
 39%|███▊      | 2238/5794 [00:35<00:57, 61.72it/s]
 39%|███▊      | 2245/5794 [00:35<00:57, 61.68it/s]
 39%|███▉      | 2252/5794 [00:35<00:58, 61.00it/s]
 39%|███▉      | 2259/5794 [00:35<00:57, 61.45it/s]
 39%|███▉      | 2266/5794 [00:35<00:57, 61.66it/s]
 39%|███▉      | 2273/5794 [00:35<00:57, 61.59it/s]
 39%|███▉      | 2280/5794 [00:35<00:56, 61.69it/s]
 39%|███▉      | 2287/5794 [00:35<00:56, 61.79it/s]
 40%|███▉      | 2294/5794 [00:35<00:57, 61.32it/s]
 40%|███▉      | 2301/5794 [00:36<00:56, 61.88it/s]
 40%|███▉      | 2308/5794 [00:36<00:56, 61.59it/s]
 40%|███▉      | 2315/5794 [00:36<00:56, 61.81it/s]
 40%|████      | 2322/5794 [00:36<00:56, 61.86it/s]
 40%|████      | 2329/5794 [00:36<00:55, 61.91it/s]
 40%|████      | 2336/5794 [00:36<00:55, 62.04it/s]
 40%|████      | 2343/5794 [00:36<00:55, 61.73it/s]
 41%|████      | 2350/5794 [00:36<00:55, 61.83it/s]
 41%|████      | 2357/5794 [00:36<00:55, 61.85it/s]
 41%|████      | 2364/5794 [00:37<00:55, 61.83it/s]
 41%|████      | 2371/5794 [00:37<00:55, 61.98it/s]
 41%|████      | 2378/5794 [00:37<00:55, 61.86it/s]
 41%|████      | 2385/5794 [00:37<00:54, 62.06it/s]
 41%|████▏     | 2392/5794 [00:37<00:55, 61.85it/s]
 41%|████▏     | 2399/5794 [00:37<00:54, 62.06it/s]
 42%|████▏     | 2406/5794 [00:37<00:53, 63.15it/s]
 42%|████▏     | 2414/5794 [00:37<00:51, 65.61it/s]
 42%|████▏     | 2422/5794 [00:37<00:50, 67.28it/s]
 42%|████▏     | 2430/5794 [00:38<00:49, 68.33it/s]
 42%|████▏     | 2438/5794 [00:38<00:48, 69.24it/s]
 42%|████▏     | 2446/5794 [00:38<00:47, 69.77it/s]
 42%|████▏     | 2454/5794 [00:38<00:47, 70.32it/s]
 42%|████▏     | 2462/5794 [00:38<00:47, 70.55it/s]
 43%|████▎     | 2470/5794 [00:38<00:47, 70.45it/s]
 43%|████▎     | 2478/5794 [00:38<00:46, 70.67it/s]
 43%|████▎     | 2486/5794 [00:38<00:46, 70.80it/s]
 43%|████▎     | 2494/5794 [00:38<00:47, 69.37it/s]
 43%|████▎     | 2501/5794 [00:39<00:49, 67.20it/s]
 43%|████▎     | 2508/5794 [00:39<00:50, 65.60it/s]
 43%|████▎     | 2515/5794 [00:39<00:51, 64.26it/s]
 44%|████▎     | 2522/5794 [00:39<00:51, 62.99it/s]
 44%|████▎     | 2529/5794 [00:39<00:52, 62.56it/s]
 44%|████▍     | 2536/5794 [00:39<00:52, 62.11it/s]
 44%|████▍     | 2543/5794 [00:39<00:52, 62.00it/s]
 44%|████▍     | 2550/5794 [00:39<00:52, 61.94it/s]
 44%|████▍     | 2557/5794 [00:40<00:52, 61.94it/s]
 44%|████▍     | 2564/5794 [00:40<00:52, 61.69it/s]
 44%|████▍     | 2571/5794 [00:40<00:51, 61.99it/s]
 44%|████▍     | 2578/5794 [00:40<00:51, 61.89it/s]
 45%|████▍     | 2585/5794 [00:40<00:51, 62.18it/s]
 45%|████▍     | 2592/5794 [00:40<00:51, 62.13it/s]
 45%|████▍     | 2599/5794 [00:40<00:51, 62.39it/s]
 45%|████▍     | 2606/5794 [00:40<00:51, 62.45it/s]
 45%|████▌     | 2613/5794 [00:40<00:51, 62.33it/s]
 45%|████▌     | 2620/5794 [00:41<00:49, 63.89it/s]
 45%|████▌     | 2628/5794 [00:41<00:47, 66.19it/s]
 45%|████▌     | 2636/5794 [00:41<00:46, 68.10it/s]
 46%|████▌     | 2644/5794 [00:41<00:45, 68.94it/s]
 46%|████▌     | 2651/5794 [00:41<00:45, 69.20it/s]
 46%|████▌     | 2659/5794 [00:41<00:44, 69.93it/s]
 46%|████▌     | 2667/5794 [00:41<00:44, 70.49it/s]
 46%|████▌     | 2675/5794 [00:41<00:44, 70.03it/s]
 46%|████▋     | 2683/5794 [00:41<00:44, 70.60it/s]
 46%|████▋     | 2691/5794 [00:42<00:44, 69.87it/s]
 47%|████▋     | 2699/5794 [00:42<00:43, 71.70it/s]
 47%|████▋     | 2707/5794 [00:42<00:42, 71.94it/s]
 47%|████▋     | 2715/5794 [00:42<00:42, 71.94it/s]
 47%|████▋     | 2723/5794 [00:42<00:42, 71.80it/s]
 47%|████▋     | 2731/5794 [00:42<00:42, 71.77it/s]
 47%|████▋     | 2739/5794 [00:42<00:42, 71.95it/s]
 47%|████▋     | 2747/5794 [00:42<00:42, 71.18it/s]
 48%|████▊     | 2755/5794 [00:42<00:42, 71.34it/s]
 48%|████▊     | 2763/5794 [00:43<00:43, 69.28it/s]
 48%|████▊     | 2770/5794 [00:43<00:45, 67.08it/s]
 48%|████▊     | 2777/5794 [00:43<00:46, 65.53it/s]
 48%|████▊     | 2784/5794 [00:43<00:46, 64.74it/s]
 48%|████▊     | 2791/5794 [00:43<00:46, 63.95it/s]
 48%|████▊     | 2798/5794 [00:43<00:47, 63.64it/s]
 48%|████▊     | 2805/5794 [00:43<00:47, 62.96it/s]
 49%|████▊     | 2812/5794 [00:43<00:47, 63.11it/s]
 49%|████▊     | 2819/5794 [00:43<00:47, 62.86it/s]
 49%|████▉     | 2826/5794 [00:44<00:47, 62.44it/s]
 49%|████▉     | 2833/5794 [00:44<00:47, 62.85it/s]
 49%|████▉     | 2840/5794 [00:44<00:47, 62.74it/s]
 49%|████▉     | 2847/5794 [00:44<00:47, 62.62it/s]
 49%|████▉     | 2854/5794 [00:44<00:47, 62.52it/s]
 49%|████▉     | 2861/5794 [00:44<00:47, 62.35it/s]
 49%|████▉     | 2868/5794 [00:44<00:46, 62.44it/s]
 50%|████▉     | 2875/5794 [00:44<00:46, 62.32it/s]
 50%|████▉     | 2882/5794 [00:44<00:46, 62.33it/s]
 50%|████▉     | 2889/5794 [00:45<00:46, 62.42it/s]
 50%|████▉     | 2896/5794 [00:45<00:46, 62.27it/s]
 50%|█████     | 2903/5794 [00:45<00:46, 62.01it/s]
 50%|█████     | 2910/5794 [00:45<00:46, 62.03it/s]
 50%|█████     | 2917/5794 [00:45<00:46, 62.28it/s]
 50%|█████     | 2924/5794 [00:45<00:46, 62.38it/s]
 51%|█████     | 2931/5794 [00:45<00:46, 61.81it/s]
 51%|█████     | 2938/5794 [00:45<00:45, 62.46it/s]
 51%|█████     | 2945/5794 [00:45<00:45, 62.26it/s]
 51%|█████     | 2952/5794 [00:46<00:45, 62.39it/s]
 51%|█████     | 2959/5794 [00:46<00:45, 62.42it/s]
 51%|█████     | 2966/5794 [00:46<00:45, 62.41it/s]
 51%|█████▏    | 2973/5794 [00:46<00:45, 61.84it/s]
 51%|█████▏    | 2980/5794 [00:46<00:45, 62.15it/s]
 52%|█████▏    | 2987/5794 [00:46<00:46, 60.86it/s]
 52%|█████▏    | 2994/5794 [00:46<00:44, 62.68it/s]
 52%|█████▏    | 3001/5794 [00:46<00:43, 64.67it/s]
 52%|█████▏    | 3008/5794 [00:46<00:42, 65.85it/s]
 52%|█████▏    | 3016/5794 [00:47<00:41, 67.70it/s]
 52%|█████▏    | 3024/5794 [00:47<00:40, 68.58it/s]
 52%|█████▏    | 3032/5794 [00:47<00:39, 69.38it/s]
 52%|█████▏    | 3039/5794 [00:47<00:40, 67.51it/s]
 53%|█████▎    | 3046/5794 [00:47<00:41, 66.03it/s]
 53%|█████▎    | 3053/5794 [00:47<00:41, 65.41it/s]
 53%|█████▎    | 3060/5794 [00:47<00:42, 64.73it/s]
 53%|█████▎    | 3067/5794 [00:47<00:42, 64.41it/s]
 53%|█████▎    | 3074/5794 [00:47<00:42, 64.33it/s]
 53%|█████▎    | 3081/5794 [00:48<00:43, 62.76it/s]
 53%|█████▎    | 3088/5794 [00:48<00:43, 62.51it/s]
 53%|█████▎    | 3095/5794 [00:48<00:43, 62.11it/s]
 54%|█████▎    | 3102/5794 [00:48<00:43, 62.08it/s]
 54%|█████▎    | 3109/5794 [00:48<00:43, 61.37it/s]
 54%|█████▍    | 3116/5794 [00:48<00:43, 61.56it/s]
 54%|█████▍    | 3123/5794 [00:48<00:43, 61.97it/s]
 54%|█████▍    | 3130/5794 [00:48<00:42, 62.13it/s]
 54%|█████▍    | 3137/5794 [00:48<00:42, 62.17it/s]
 54%|█████▍    | 3144/5794 [00:49<00:42, 62.20it/s]
 54%|█████▍    | 3151/5794 [00:49<00:42, 62.38it/s]
 55%|█████▍    | 3158/5794 [00:49<00:42, 62.60it/s]
 55%|█████▍    | 3165/5794 [00:49<00:42, 62.52it/s]
 55%|█████▍    | 3172/5794 [00:49<00:41, 62.56it/s]
 55%|█████▍    | 3179/5794 [00:49<00:42, 61.68it/s]
 55%|█████▍    | 3186/5794 [00:49<00:41, 62.80it/s]
 55%|█████▌    | 3193/5794 [00:49<00:41, 62.94it/s]
 55%|█████▌    | 3200/5794 [00:49<00:41, 62.72it/s]
 55%|█████▌    | 3207/5794 [00:50<00:41, 62.82it/s]
 55%|█████▌    | 3214/5794 [00:50<00:41, 62.79it/s]
 56%|█████▌    | 3221/5794 [00:50<00:40, 62.88it/s]
 56%|█████▌    | 3228/5794 [00:50<00:40, 62.87it/s]
 56%|█████▌    | 3235/5794 [00:50<00:40, 62.79it/s]
 56%|█████▌    | 3242/5794 [00:50<00:40, 62.92it/s]
 56%|█████▌    | 3249/5794 [00:50<00:40, 62.80it/s]
 56%|█████▌    | 3256/5794 [00:50<00:40, 62.87it/s]
 56%|█████▋    | 3263/5794 [00:50<00:40, 62.85it/s]
 56%|█████▋    | 3270/5794 [00:51<00:40, 62.99it/s]
 57%|█████▋    | 3277/5794 [00:51<00:40, 62.29it/s]
 57%|█████▋    | 3284/5794 [00:51<00:39, 62.99it/s]
 57%|█████▋    | 3291/5794 [00:51<00:39, 62.94it/s]
 57%|█████▋    | 3298/5794 [00:51<00:39, 62.77it/s]
 57%|█████▋    | 3305/5794 [00:51<00:39, 62.85it/s]
 57%|█████▋    | 3312/5794 [00:51<00:40, 61.84it/s]
 57%|█████▋    | 3319/5794 [00:51<00:41, 59.92it/s]
 57%|█████▋    | 3326/5794 [00:51<00:40, 61.58it/s]
 58%|█████▊    | 3333/5794 [00:52<00:38, 63.67it/s]
 58%|█████▊    | 3341/5794 [00:52<00:37, 65.97it/s]
 58%|█████▊    | 3349/5794 [00:52<00:36, 67.09it/s]
 58%|█████▊    | 3356/5794 [00:52<00:37, 65.69it/s]
 58%|█████▊    | 3363/5794 [00:52<00:37, 64.77it/s]
 58%|█████▊    | 3370/5794 [00:52<00:38, 63.67it/s]
 58%|█████▊    | 3377/5794 [00:52<00:38, 63.01it/s]
 58%|█████▊    | 3384/5794 [00:52<00:38, 62.80it/s]
 59%|█████▊    | 3391/5794 [00:52<00:38, 62.89it/s]
 59%|█████▊    | 3398/5794 [00:53<00:38, 62.38it/s]
 59%|█████▉    | 3405/5794 [00:53<00:38, 62.50it/s]
 59%|█████▉    | 3412/5794 [00:53<00:38, 62.50it/s]
 59%|█████▉    | 3419/5794 [00:53<00:37, 62.53it/s]
 59%|█████▉    | 3426/5794 [00:53<00:37, 62.64it/s]
 59%|█████▉    | 3433/5794 [00:53<00:37, 62.67it/s]
 59%|█████▉    | 3440/5794 [00:53<00:37, 62.79it/s]
 59%|█████▉    | 3447/5794 [00:53<00:37, 62.91it/s]
 60%|█████▉    | 3454/5794 [00:53<00:37, 62.77it/s]
 60%|█████▉    | 3461/5794 [00:54<00:37, 62.94it/s]
 60%|█████▉    | 3468/5794 [00:54<00:37, 62.75it/s]
 60%|█████▉    | 3475/5794 [00:54<00:36, 63.71it/s]
 60%|██████    | 3483/5794 [00:54<00:35, 65.82it/s]
 60%|██████    | 3491/5794 [00:54<00:34, 67.52it/s]
 60%|██████    | 3499/5794 [00:54<00:33, 68.61it/s]
 61%|██████    | 3507/5794 [00:54<00:32, 69.44it/s]
 61%|██████    | 3515/5794 [00:54<00:32, 69.97it/s]
 61%|██████    | 3522/5794 [00:54<00:32, 69.86it/s]
 61%|██████    | 3530/5794 [00:55<00:32, 70.32it/s]
 61%|██████    | 3538/5794 [00:55<00:31, 70.87it/s]
 61%|██████    | 3546/5794 [00:55<00:31, 71.12it/s]
 61%|██████▏   | 3554/5794 [00:55<00:31, 70.99it/s]
 61%|██████▏   | 3562/5794 [00:55<00:31, 71.15it/s]
 62%|██████▏   | 3570/5794 [00:55<00:31, 70.96it/s]
 62%|██████▏   | 3578/5794 [00:55<00:31, 71.24it/s]
 62%|██████▏   | 3586/5794 [00:55<00:30, 71.23it/s]
 62%|██████▏   | 3594/5794 [00:55<00:30, 71.05it/s]
 62%|██████▏   | 3602/5794 [00:56<00:30, 71.14it/s]
 62%|██████▏   | 3610/5794 [00:56<00:31, 70.37it/s]
 62%|██████▏   | 3618/5794 [00:56<00:32, 67.83it/s]
 63%|██████▎   | 3625/5794 [00:56<00:32, 65.75it/s]
 63%|██████▎   | 3632/5794 [00:56<00:33, 64.89it/s]
 63%|██████▎   | 3639/5794 [00:56<00:33, 64.16it/s]
 63%|██████▎   | 3646/5794 [00:56<00:33, 63.80it/s]
 63%|██████▎   | 3653/5794 [00:56<00:33, 63.54it/s]
 63%|██████▎   | 3660/5794 [00:57<00:33, 63.53it/s]
 63%|██████▎   | 3667/5794 [00:57<00:33, 63.51it/s]
 63%|██████▎   | 3674/5794 [00:57<00:33, 63.50it/s]
 64%|██████▎   | 3681/5794 [00:57<00:32, 64.91it/s]
 64%|██████▎   | 3689/5794 [00:57<00:31, 67.07it/s]
 64%|██████▍   | 3696/5794 [00:57<00:31, 67.46it/s]
 64%|██████▍   | 3704/5794 [00:57<00:30, 68.95it/s]
 64%|██████▍   | 3711/5794 [00:57<00:30, 69.03it/s]
 64%|██████▍   | 3718/5794 [00:57<00:30, 67.11it/s]
 64%|██████▍   | 3725/5794 [00:57<00:31, 65.80it/s]
 64%|██████▍   | 3732/5794 [00:58<00:31, 64.69it/s]
 65%|██████▍   | 3739/5794 [00:58<00:32, 63.95it/s]
 65%|██████▍   | 3746/5794 [00:58<00:32, 63.69it/s]
 65%|██████▍   | 3753/5794 [00:58<00:32, 63.24it/s]
 65%|██████▍   | 3760/5794 [00:58<00:32, 63.12it/s]
 65%|██████▌   | 3767/5794 [00:58<00:32, 62.50it/s]
 65%|██████▌   | 3774/5794 [00:58<00:32, 62.80it/s]
 65%|██████▌   | 3781/5794 [00:58<00:32, 62.76it/s]
 65%|██████▌   | 3788/5794 [00:58<00:32, 62.66it/s]
 65%|██████▌   | 3795/5794 [00:59<00:31, 62.66it/s]
 66%|██████▌   | 3802/5794 [00:59<00:31, 62.73it/s]
 66%|██████▌   | 3809/5794 [00:59<00:31, 62.63it/s]
 66%|██████▌   | 3816/5794 [00:59<00:31, 62.75it/s]
 66%|██████▌   | 3823/5794 [00:59<00:31, 62.67it/s]
 66%|██████▌   | 3830/5794 [00:59<00:31, 62.80it/s]
 66%|██████▌   | 3837/5794 [00:59<00:31, 62.71it/s]
 66%|██████▋   | 3844/5794 [00:59<00:30, 63.77it/s]
 66%|██████▋   | 3852/5794 [00:59<00:29, 66.17it/s]
 67%|██████▋   | 3859/5794 [01:00<00:29, 65.92it/s]
 67%|██████▋   | 3866/5794 [01:00<00:29, 64.95it/s]
 67%|██████▋   | 3873/5794 [01:00<00:29, 64.16it/s]
 67%|██████▋   | 3880/5794 [01:00<00:30, 62.76it/s]
 67%|██████▋   | 3887/5794 [01:00<00:30, 62.11it/s]
 67%|██████▋   | 3894/5794 [01:00<00:30, 62.62it/s]
 67%|██████▋   | 3901/5794 [01:00<00:30, 62.69it/s]
 67%|██████▋   | 3908/5794 [01:00<00:30, 62.59it/s]
 68%|██████▊   | 3915/5794 [01:01<00:29, 62.76it/s]
 68%|██████▊   | 3922/5794 [01:01<00:29, 62.66it/s]
 68%|██████▊   | 3929/5794 [01:01<00:29, 62.74it/s]
 68%|██████▊   | 3936/5794 [01:01<00:29, 62.83it/s]
 68%|██████▊   | 3943/5794 [01:01<00:29, 62.74it/s]
 68%|██████▊   | 3950/5794 [01:01<00:29, 62.42it/s]
 68%|██████▊   | 3957/5794 [01:01<00:29, 62.54it/s]
 68%|██████▊   | 3964/5794 [01:01<00:29, 62.49it/s]
 69%|██████▊   | 3971/5794 [01:01<00:29, 62.45it/s]
 69%|██████▊   | 3979/5794 [01:02<00:27, 65.26it/s]
 69%|██████▉   | 3987/5794 [01:02<00:26, 67.38it/s]
 69%|██████▉   | 3995/5794 [01:02<00:26, 69.02it/s]
 69%|██████▉   | 4003/5794 [01:02<00:26, 68.77it/s]
 69%|██████▉   | 4010/5794 [01:02<00:26, 68.05it/s]
 69%|██████▉   | 4017/5794 [01:02<00:26, 66.59it/s]
 69%|██████▉   | 4024/5794 [01:02<00:27, 65.46it/s]
 70%|██████▉   | 4031/5794 [01:02<00:27, 64.52it/s]
 70%|██████▉   | 4038/5794 [01:02<00:27, 64.06it/s]
 70%|██████▉   | 4045/5794 [01:03<00:27, 63.44it/s]
 70%|██████▉   | 4052/5794 [01:03<00:27, 63.15it/s]
 70%|███████   | 4059/5794 [01:03<00:27, 63.45it/s]
 70%|███████   | 4067/5794 [01:03<00:25, 66.48it/s]
 70%|███████   | 4074/5794 [01:11<10:10,  2.82it/s]
 70%|███████   | 4081/5794 [01:11<07:17,  3.91it/s]
 71%|███████   | 4088/5794 [01:11<05:15,  5.41it/s]
 71%|███████   | 4095/5794 [01:11<03:48,  7.42it/s]
 71%|███████   | 4102/5794 [01:12<02:47, 10.09it/s]
 71%|███████   | 4110/5794 [01:12<02:00, 14.03it/s]
 71%|███████   | 4118/5794 [01:12<01:28, 18.84it/s]
 71%|███████   | 4126/5794 [01:12<01:08, 24.42it/s]
 71%|███████▏  | 4134/5794 [01:12<00:54, 30.73it/s]
 71%|███████▏  | 4142/5794 [01:12<00:44, 37.16it/s]
 72%|███████▏  | 4150/5794 [01:12<00:37, 43.48it/s]
 72%|███████▏  | 4157/5794 [01:12<00:33, 48.52it/s]
 72%|███████▏  | 4165/5794 [01:12<00:30, 53.89it/s]
 72%|███████▏  | 4173/5794 [01:13<00:27, 58.04it/s]
 72%|███████▏  | 4181/5794 [01:13<00:26, 61.10it/s]
 72%|███████▏  | 4189/5794 [01:13<00:25, 63.71it/s]
 72%|███████▏  | 4197/5794 [01:13<00:24, 65.96it/s]
 73%|███████▎  | 4205/5794 [01:13<00:23, 67.29it/s]
 73%|███████▎  | 4213/5794 [01:13<00:23, 68.48it/s]
 73%|███████▎  | 4221/5794 [01:13<00:22, 68.98it/s]
 73%|███████▎  | 4229/5794 [01:13<00:22, 69.46it/s]
 73%|███████▎  | 4237/5794 [01:13<00:22, 69.77it/s]
 73%|███████▎  | 4245/5794 [01:14<00:22, 70.24it/s]
 73%|███████▎  | 4253/5794 [01:14<00:21, 70.46it/s]
 74%|███████▎  | 4261/5794 [01:14<00:21, 70.13it/s]
 74%|███████▎  | 4269/5794 [01:14<00:21, 70.25it/s]
 74%|███████▍  | 4277/5794 [01:14<00:21, 69.69it/s]
 74%|███████▍  | 4285/5794 [01:14<00:21, 70.72it/s]
 74%|███████▍  | 4293/5794 [01:14<00:21, 70.82it/s]
 74%|███████▍  | 4301/5794 [01:14<00:21, 70.79it/s]
 74%|███████▍  | 4309/5794 [01:15<00:20, 70.92it/s]
 75%|███████▍  | 4317/5794 [01:15<00:20, 70.56it/s]
 75%|███████▍  | 4325/5794 [01:15<00:20, 71.15it/s]
 75%|███████▍  | 4333/5794 [01:15<00:20, 71.03it/s]
 75%|███████▍  | 4341/5794 [01:15<00:20, 70.65it/s]
 75%|███████▌  | 4349/5794 [01:15<00:20, 71.22it/s]
 75%|███████▌  | 4357/5794 [01:15<00:20, 70.59it/s]
 75%|███████▌  | 4365/5794 [01:15<00:21, 67.57it/s]
 75%|███████▌  | 4372/5794 [01:15<00:21, 66.01it/s]
 76%|███████▌  | 4379/5794 [01:16<00:21, 65.08it/s]
 76%|███████▌  | 4386/5794 [01:16<00:22, 63.72it/s]
 76%|███████▌  | 4393/5794 [01:16<00:22, 63.62it/s]
 76%|███████▌  | 4400/5794 [01:16<00:22, 63.36it/s]
 76%|███████▌  | 4407/5794 [01:16<00:21, 63.10it/s]
 76%|███████▌  | 4414/5794 [01:16<00:21, 63.04it/s]
 76%|███████▋  | 4421/5794 [01:16<00:21, 62.87it/s]
 76%|███████▋  | 4428/5794 [01:16<00:21, 62.90it/s]
 77%|███████▋  | 4435/5794 [01:16<00:21, 62.77it/s]
 77%|███████▋  | 4442/5794 [01:17<00:21, 62.82it/s]
 77%|███████▋  | 4449/5794 [01:17<00:21, 62.85it/s]
 77%|███████▋  | 4456/5794 [01:17<00:21, 62.77it/s]
 77%|███████▋  | 4463/5794 [01:17<00:31, 42.74it/s]
 77%|███████▋  | 4471/5794 [01:17<00:26, 49.63it/s]
 77%|███████▋  | 4479/5794 [01:17<00:23, 55.03it/s]
 77%|███████▋  | 4487/5794 [01:17<00:22, 59.05it/s]
 78%|███████▊  | 4495/5794 [01:18<00:20, 61.99it/s]
 78%|███████▊  | 4503/5794 [01:18<00:20, 64.41it/s]
 78%|███████▊  | 4511/5794 [01:18<00:19, 66.10it/s]
 78%|███████▊  | 4519/5794 [01:18<00:18, 67.25it/s]
 78%|███████▊  | 4527/5794 [01:18<00:18, 68.22it/s]
 78%|███████▊  | 4534/5794 [01:18<00:18, 67.93it/s]
 78%|███████▊  | 4542/5794 [01:18<00:18, 68.72it/s]
 79%|███████▊  | 4549/5794 [01:18<00:18, 68.89it/s]
 79%|███████▊  | 4557/5794 [01:18<00:17, 69.60it/s]
 79%|███████▉  | 4565/5794 [01:19<00:17, 70.11it/s]
 79%|███████▉  | 4573/5794 [01:19<00:17, 69.57it/s]
 79%|███████▉  | 4580/5794 [01:19<00:17, 69.32it/s]
 79%|███████▉  | 4587/5794 [01:19<00:17, 68.77it/s]
 79%|███████▉  | 4594/5794 [01:19<00:17, 68.85it/s]
 79%|███████▉  | 4601/5794 [01:19<00:17, 68.78it/s]
 80%|███████▉  | 4609/5794 [01:19<00:17, 68.86it/s]
 80%|███████▉  | 4617/5794 [01:19<00:16, 69.56it/s]
 80%|███████▉  | 4624/5794 [01:19<00:16, 69.45it/s]
 80%|███████▉  | 4631/5794 [01:19<00:16, 69.59it/s]
 80%|████████  | 4638/5794 [01:20<00:16, 69.39it/s]
 80%|████████  | 4646/5794 [01:20<00:16, 70.03it/s]
 80%|████████  | 4653/5794 [01:20<00:16, 69.92it/s]
 80%|████████  | 4661/5794 [01:20<00:16, 70.31it/s]
 81%|████████  | 4669/5794 [01:20<00:15, 70.45it/s]
 81%|████████  | 4677/5794 [01:20<00:16, 69.02it/s]
 81%|████████  | 4684/5794 [01:20<00:16, 67.43it/s]
 81%|████████  | 4691/5794 [01:20<00:16, 66.10it/s]
 81%|████████  | 4698/5794 [01:20<00:16, 65.16it/s]
 81%|████████  | 4705/5794 [01:21<00:16, 64.47it/s]
 81%|████████▏ | 4712/5794 [01:21<00:16, 64.30it/s]
 81%|████████▏ | 4719/5794 [01:21<00:16, 64.12it/s]
 82%|████████▏ | 4727/5794 [01:21<00:16, 66.23it/s]
 82%|████████▏ | 4735/5794 [01:21<00:15, 67.83it/s]
 82%|████████▏ | 4743/5794 [01:21<00:15, 68.50it/s]
 82%|████████▏ | 4751/5794 [01:21<00:15, 69.52it/s]
 82%|████████▏ | 4758/5794 [01:21<00:14, 69.63it/s]
 82%|████████▏ | 4766/5794 [01:21<00:14, 70.56it/s]
 82%|████████▏ | 4774/5794 [01:22<00:14, 70.31it/s]
 83%|████████▎ | 4782/5794 [01:22<00:14, 69.70it/s]
 83%|████████▎ | 4790/5794 [01:22<00:14, 70.08it/s]
 83%|████████▎ | 4798/5794 [01:22<00:14, 70.30it/s]
 83%|████████▎ | 4806/5794 [01:22<00:14, 70.57it/s]
 83%|████████▎ | 4814/5794 [01:22<00:13, 70.19it/s]
 83%|████████▎ | 4822/5794 [01:22<00:13, 70.68it/s]
 83%|████████▎ | 4830/5794 [01:22<00:13, 69.42it/s]
 83%|████████▎ | 4837/5794 [01:22<00:14, 67.76it/s]
 84%|████████▎ | 4844/5794 [01:23<00:14, 65.89it/s]
 84%|████████▎ | 4851/5794 [01:23<00:14, 63.38it/s]
 84%|████████▍ | 4858/5794 [01:23<00:14, 64.79it/s]
 84%|████████▍ | 4865/5794 [01:23<00:14, 64.35it/s]
 84%|████████▍ | 4872/5794 [01:23<00:14, 63.86it/s]
 84%|████████▍ | 4879/5794 [01:23<00:14, 63.57it/s]
 84%|████████▍ | 4886/5794 [01:23<00:14, 63.38it/s]
 84%|████████▍ | 4893/5794 [01:23<00:14, 63.44it/s]
 85%|████████▍ | 4900/5794 [01:23<00:14, 62.63it/s]
 85%|████████▍ | 4907/5794 [01:24<00:14, 62.33it/s]
 85%|████████▍ | 4914/5794 [01:24<00:13, 62.92it/s]
 85%|████████▍ | 4921/5794 [01:24<00:13, 62.83it/s]
 85%|████████▌ | 4928/5794 [01:24<00:13, 62.94it/s]
 85%|████████▌ | 4935/5794 [01:24<00:13, 62.85it/s]
 85%|████████▌ | 4942/5794 [01:24<00:13, 62.91it/s]
 85%|████████▌ | 4949/5794 [01:24<00:13, 62.67it/s]
 86%|████████▌ | 4956/5794 [01:24<00:13, 62.75it/s]
 86%|████████▌ | 4963/5794 [01:24<00:13, 62.78it/s]
 86%|████████▌ | 4970/5794 [01:25<00:13, 62.63it/s]
 86%|████████▌ | 4977/5794 [01:25<00:13, 62.84it/s]
 86%|████████▌ | 4984/5794 [01:25<00:12, 63.02it/s]
 86%|████████▌ | 4991/5794 [01:25<00:12, 63.04it/s]
 86%|████████▋ | 4998/5794 [01:25<00:12, 62.81it/s]
 86%|████████▋ | 5005/5794 [01:25<00:12, 63.23it/s]
 87%|████████▋ | 5013/5794 [01:25<00:11, 65.57it/s]
 87%|████████▋ | 5021/5794 [01:25<00:11, 67.14it/s]
 87%|████████▋ | 5029/5794 [01:25<00:11, 68.16it/s]
 87%|████████▋ | 5036/5794 [01:26<00:11, 68.28it/s]
 87%|████████▋ | 5044/5794 [01:26<00:10, 69.30it/s]
 87%|████████▋ | 5052/5794 [01:26<00:10, 69.67it/s]
 87%|████████▋ | 5060/5794 [01:26<00:10, 69.55it/s]
 87%|████████▋ | 5068/5794 [01:26<00:10, 70.52it/s]
 88%|████████▊ | 5076/5794 [01:26<00:10, 70.39it/s]
 88%|████████▊ | 5084/5794 [01:26<00:10, 69.85it/s]
 88%|████████▊ | 5092/5794 [01:26<00:09, 70.79it/s]
 88%|████████▊ | 5100/5794 [01:26<00:09, 70.82it/s]
 88%|████████▊ | 5108/5794 [01:27<00:09, 70.80it/s]
 88%|████████▊ | 5116/5794 [01:27<00:09, 70.58it/s]
 88%|████████▊ | 5124/5794 [01:27<00:09, 70.29it/s]
 89%|████████▊ | 5132/5794 [01:27<00:09, 70.54it/s]
 89%|████████▊ | 5140/5794 [01:27<00:09, 70.53it/s]
 89%|████████▉ | 5148/5794 [01:27<00:09, 68.15it/s]
 89%|████████▉ | 5155/5794 [01:27<00:09, 66.73it/s]
 89%|████████▉ | 5162/5794 [01:27<00:09, 65.71it/s]
 89%|████████▉ | 5169/5794 [01:28<00:09, 64.72it/s]
 89%|████████▉ | 5176/5794 [01:28<00:09, 64.07it/s]
 89%|████████▉ | 5183/5794 [01:28<00:09, 63.64it/s]
 90%|████████▉ | 5190/5794 [01:28<00:09, 63.36it/s]
 90%|████████▉ | 5197/5794 [01:28<00:09, 63.18it/s]
 90%|████████▉ | 5204/5794 [01:28<00:09, 62.99it/s]
 90%|████████▉ | 5211/5794 [01:28<00:09, 62.96it/s]
 90%|█████████ | 5218/5794 [01:28<00:09, 62.96it/s]
 90%|█████████ | 5225/5794 [01:28<00:09, 63.07it/s]
 90%|█████████ | 5232/5794 [01:29<00:08, 63.20it/s]
 90%|█████████ | 5239/5794 [01:29<00:08, 62.92it/s]
 91%|█████████ | 5246/5794 [01:29<00:08, 62.29it/s]
 91%|█████████ | 5253/5794 [01:29<00:08, 61.43it/s]
 91%|█████████ | 5260/5794 [01:29<00:08, 61.88it/s]
 91%|█████████ | 5267/5794 [01:29<00:08, 61.95it/s]
 91%|█████████ | 5274/5794 [01:29<00:08, 62.05it/s]
 91%|█████████ | 5281/5794 [01:29<00:08, 62.69it/s]
 91%|█████████▏| 5288/5794 [01:29<00:08, 62.63it/s]
 91%|█████████▏| 5295/5794 [01:30<00:07, 62.84it/s]
 92%|█████████▏| 5302/5794 [01:30<00:07, 62.94it/s]
 92%|█████████▏| 5309/5794 [01:30<00:07, 62.90it/s]
 92%|█████████▏| 5316/5794 [01:30<00:07, 62.78it/s]
 92%|█████████▏| 5323/5794 [01:30<00:07, 62.77it/s]
 92%|█████████▏| 5330/5794 [01:30<00:07, 62.68it/s]
 92%|█████████▏| 5337/5794 [01:30<00:07, 62.64it/s]
 92%|█████████▏| 5344/5794 [01:30<00:07, 62.91it/s]
 92%|█████████▏| 5351/5794 [01:30<00:06, 64.78it/s]
 92%|█████████▏| 5358/5794 [01:31<00:06, 66.13it/s]
 93%|█████████▎| 5366/5794 [01:31<00:06, 67.78it/s]
 93%|█████████▎| 5373/5794 [01:31<00:06, 68.06it/s]
 93%|█████████▎| 5380/5794 [01:31<00:06, 66.56it/s]
 93%|█████████▎| 5387/5794 [01:31<00:06, 64.89it/s]
 93%|█████████▎| 5394/5794 [01:31<00:06, 64.58it/s]
 93%|█████████▎| 5401/5794 [01:31<00:06, 63.98it/s]
 93%|█████████▎| 5408/5794 [01:31<00:06, 63.41it/s]
 93%|█████████▎| 5415/5794 [01:31<00:05, 63.20it/s]
 94%|█████████▎| 5422/5794 [01:32<00:05, 63.09it/s]
 94%|█████████▎| 5429/5794 [01:32<00:05, 63.26it/s]
 94%|█████████▍| 5436/5794 [01:32<00:05, 63.02it/s]
 94%|█████████▍| 5443/5794 [01:32<00:05, 63.30it/s]
 94%|█████████▍| 5450/5794 [01:32<00:05, 63.45it/s]
 94%|█████████▍| 5457/5794 [01:32<00:05, 63.22it/s]
 94%|█████████▍| 5464/5794 [01:32<00:05, 63.14it/s]
 94%|█████████▍| 5471/5794 [01:32<00:05, 62.77it/s]
 95%|█████████▍| 5478/5794 [01:32<00:04, 63.45it/s]
 95%|█████████▍| 5485/5794 [01:33<00:04, 63.25it/s]
 95%|█████████▍| 5492/5794 [01:33<00:04, 62.32it/s]
 95%|█████████▍| 5499/5794 [01:33<00:04, 62.31it/s]
 95%|█████████▌| 5506/5794 [01:33<00:04, 62.64it/s]
 95%|█████████▌| 5513/5794 [01:33<00:04, 62.66it/s]
 95%|█████████▌| 5520/5794 [01:33<00:04, 63.22it/s]
 95%|█████████▌| 5527/5794 [01:33<00:04, 63.14it/s]
 96%|█████████▌| 5534/5794 [01:33<00:04, 63.30it/s]
 96%|█████████▌| 5541/5794 [01:33<00:04, 62.50it/s]
 96%|█████████▌| 5548/5794 [01:34<00:03, 63.23it/s]
 96%|█████████▌| 5555/5794 [01:34<00:03, 63.00it/s]
 96%|█████████▌| 5562/5794 [01:34<00:03, 63.74it/s]
 96%|█████████▌| 5569/5794 [01:34<00:03, 63.90it/s]
 96%|█████████▌| 5576/5794 [01:34<00:03, 63.88it/s]
 96%|█████████▋| 5583/5794 [01:34<00:03, 63.80it/s]
 96%|█████████▋| 5590/5794 [01:34<00:03, 63.52it/s]
 97%|█████████▋| 5597/5794 [01:34<00:03, 63.45it/s]
 97%|█████████▋| 5604/5794 [01:34<00:02, 63.56it/s]
 97%|█████████▋| 5611/5794 [01:35<00:02, 63.22it/s]
 97%|█████████▋| 5618/5794 [01:35<00:02, 63.34it/s]
 97%|█████████▋| 5625/5794 [01:35<00:02, 63.24it/s]
 97%|█████████▋| 5632/5794 [01:35<00:02, 63.16it/s]
 97%|█████████▋| 5639/5794 [01:35<00:02, 63.55it/s]
 97%|█████████▋| 5646/5794 [01:35<00:02, 63.44it/s]
 98%|█████████▊| 5653/5794 [01:35<00:02, 63.86it/s]
 98%|█████████▊| 5660/5794 [01:35<00:02, 63.66it/s]
 98%|█████████▊| 5667/5794 [01:35<00:01, 63.64it/s]
 98%|█████████▊| 5674/5794 [01:35<00:01, 63.50it/s]
 98%|█████████▊| 5681/5794 [01:36<00:01, 63.52it/s]
 98%|█████████▊| 5688/5794 [01:36<00:01, 63.60it/s]
 98%|█████████▊| 5695/5794 [01:36<00:01, 63.69it/s]
 98%|█████████▊| 5702/5794 [01:36<00:01, 58.53it/s]
 99%|█████████▊| 5709/5794 [01:36<00:01, 60.80it/s]
 99%|█████████▊| 5716/5794 [01:36<00:01, 61.70it/s]
 99%|█████████▉| 5723/5794 [01:36<00:01, 61.82it/s]
 99%|█████████▉| 5730/5794 [01:36<00:01, 62.65it/s]
 99%|█████████▉| 5737/5794 [01:37<00:00, 62.93it/s]
 99%|█████████▉| 5744/5794 [01:37<00:00, 62.77it/s]
 99%|█████████▉| 5751/5794 [01:37<00:00, 62.94it/s]
 99%|█████████▉| 5758/5794 [01:37<00:00, 62.95it/s]
 99%|█████████▉| 5765/5794 [01:37<00:00, 63.20it/s]
100%|█████████▉| 5772/5794 [01:37<00:00, 63.19it/s]
100%|█████████▉| 5779/5794 [01:37<00:00, 63.30it/s]
100%|█████████▉| 5786/5794 [01:37<00:00, 63.08it/s]
100%|█████████▉| 5793/5794 [01:37<00:00, 64.32it/s]
100%|██████████| 5794/5794 [01:37<00:00, 59.15it/s]
BALANCED ACCS CHECKED FOR TEST
TEST SET RESULTS FOR CHECKPOINT trained_weights/waterbirds/rrr_waterbird_complete95_forest2water2_21050491_trial_000/best_balanced_valacc_0.55_epoch_0.ckpt
test_acc: 0.7279944770452192
balanced_test_acc: 0.5662318420125577
Land_on_Land_test_acc: 0.9991130820399113
Land_on_Water_test_acc: 0.7144124168514412
Water_on_Land_test_acc: 0.010903426791277258
Water_on_Water_test_acc: 0.5404984423676013
test_acc_Waterbird: 0.2757009345794392
test_acc_Landbird: 0.8567627494456763
