[CMD] /home/ryreu/miniconda3/envs/gals_a100/bin/python -u main.py --config configs/waterbirds_95_upweight.yaml --name upweight_waterbird_complete95_forest2water2_21048936_trial_000 DATA.ROOT=/home/ryreu/guided_cnn/waterbirds DATA.WATERBIRDS_DIR=waterbird_complete95_forest2water2 SEED=0 EXP.BASE.LR=0.0010000000000000002 EXP.CLASSIFIER.LR=9.999999999999991e-05 EXP.WEIGHT_DECAY=9.999999999999997e-06 EXP.AUX_LOSSES_ON_VAL=False EXP.NUM_EPOCHS=1
SEED: 0
DATA:
  BATCH_SIZE: 96
  NUM_WORKERS: 4
  SIZE: 224
  NORMALIZATION: imagenet
  ATTENTION_DIR: NONE
  SEPARATE_CLASSES: true
  REMOVE_BACKGROUND: false
  ROOT: /home/ryreu/guided_cnn/waterbirds
  USE_CLASS_WEIGHTS: true
  USE_GROUP_WEIGHTS: false
  DATASET: waterbirds
  NUM_CLASSES: 2
  CONFOUNDING_FACTOR: 0.95
  WATERBIRDS_DIR: waterbird_complete95_forest2water2
EXP:
  NUM_TRIALS: 1
  LOSSES:
    CLASSIFICATION:
      WEIGHT: 1
    GRADIENT_OUTSIDE:
      COMPUTE: false
      LOG: false
      WEIGHT: 0.01
      CRITERION: L1
      GT: segmentation
      COMBINE_ATT_MODE: average_nonzero
    GRADIENT_INSIDE:
      COMPUTE: false
      LOG: false
      WEIGHT: 1
      CRITERION: L1
      GT: segmentation
      COMBINE_ATT_MODE: average_nonzero
    GRADCAM:
      COMPUTE: false
      LOG: false
      WEIGHT: 1
      CRITERION: L1
      GT: segmentation
      MODE: match
      COMBINE_ATT_MODE: average_nonzero
  APPROACH: generic
  MODEL: resnet50
  PRETRAINED: true
  NUM_EPOCHS: 1
  OPTIMIZER: SGD
  WEIGHT_DECAY: 9.999999999999997e-06
  MOMENTUM: 0.9
  SCHEDULER: NONE
  BASE:
    LR: 0.0010000000000000002
  CLASSIFIER:
    LR: 9.999999999999991e-05
  AUX_LOSSES_ON_VAL: false
LOGGING:
  SAVE_EVERY: 0
  SAVE_BEST: true
  SAVE_LAST: false
  LOG_ATTENTION: false
  LOG_ATTENTION_STEP: 10
  SAVE_STATS_PATH: null
yaml: configs/waterbirds_95_upweight.yaml
name: upweight_waterbird_complete95_forest2water2_21048936_trial_000
test_checkpoint: null

WATERBIRDS DIR: /home/ryreu/guided_cnn/waterbirds/waterbird_complete95_forest2water2
NUMBER OF SAMPLES WITH LABEL Landbird: 3682
NUMBER OF SAMPLES WITH LABEL Waterbird: 1113
NUMBER OF SAMPLES WITH GROUP Land_on_Land: 3498
NUMBER OF SAMPLES WITH GROUP Land_on_Water: 184
NUMBER OF SAMPLES WITH GROUP Water_on_Land: 56
NUMBER OF SAMPLES WITH GROUP Water_on_Water: 1057
WATERBIRDS DIR: /home/ryreu/guided_cnn/waterbirds/waterbird_complete95_forest2water2
NUMBER OF SAMPLES WITH LABEL Landbird: 933
NUMBER OF SAMPLES WITH LABEL Waterbird: 266
NUMBER OF SAMPLES WITH GROUP Land_on_Land: 467
NUMBER OF SAMPLES WITH GROUP Land_on_Water: 466
NUMBER OF SAMPLES WITH GROUP Water_on_Land: 133
NUMBER OF SAMPLES WITH GROUP Water_on_Water: 133
NUM TRAIN: 4795

NUM VAL:   1199

Number classifier outputs: 2
Using pretrained model: True
USING SGD OPTIMIZER
class weights: tensor([0.3023, 1.0000], device='cuda:0')
group weights: None
WANDB DISABLED: skipping wandb.init()
EPOCH: 0

>>> TRAINING 


  0%|          | 0/50 [00:00<?, ?it/s]
  2%|▏         | 1/50 [00:03<02:38,  3.24s/it]
  4%|▍         | 2/50 [00:03<01:08,  1.43s/it]
  6%|▌         | 3/50 [00:03<00:39,  1.19it/s]
  8%|▊         | 4/50 [00:03<00:26,  1.76it/s]
 10%|█         | 5/50 [00:03<00:18,  2.38it/s]
 12%|█▏        | 6/50 [00:04<00:14,  3.04it/s]
 14%|█▍        | 7/50 [00:04<00:11,  3.72it/s]
 16%|█▌        | 8/50 [00:04<00:09,  4.34it/s]
 18%|█▊        | 9/50 [00:04<00:08,  4.94it/s]
 20%|██        | 10/50 [00:04<00:07,  5.44it/s]
 22%|██▏       | 11/50 [00:04<00:06,  5.83it/s]
 24%|██▍       | 12/50 [00:04<00:06,  6.15it/s]
 26%|██▌       | 13/50 [00:05<00:05,  6.41it/s]
 28%|██▊       | 14/50 [00:05<00:05,  6.51it/s]
 30%|███       | 15/50 [00:05<00:05,  6.60it/s]
 32%|███▏      | 16/50 [00:05<00:05,  6.65it/s]
 34%|███▍      | 17/50 [00:05<00:04,  6.77it/s]
 36%|███▌      | 18/50 [00:05<00:04,  6.80it/s]
 38%|███▊      | 19/50 [00:05<00:04,  6.79it/s]
 40%|████      | 20/50 [00:06<00:04,  6.74it/s]
 42%|████▏     | 21/50 [00:06<00:04,  6.81it/s]
 44%|████▍     | 22/50 [00:06<00:04,  6.82it/s]
 46%|████▌     | 23/50 [00:06<00:03,  6.82it/s]
 48%|████▊     | 24/50 [00:06<00:03,  6.80it/s]
 50%|█████     | 25/50 [00:06<00:03,  6.87it/s]
 52%|█████▏    | 26/50 [00:06<00:03,  6.85it/s]
 54%|█████▍    | 27/50 [00:07<00:03,  6.84it/s]
 56%|█████▌    | 28/50 [00:07<00:03,  6.81it/s]
 58%|█████▊    | 29/50 [00:07<00:03,  6.80it/s]
 60%|██████    | 30/50 [00:07<00:02,  6.76it/s]
 62%|██████▏   | 31/50 [00:07<00:02,  6.79it/s]
 64%|██████▍   | 32/50 [00:07<00:02,  6.78it/s]
 66%|██████▌   | 33/50 [00:07<00:02,  6.85it/s]
 68%|██████▊   | 34/50 [00:08<00:02,  6.84it/s]
 70%|███████   | 35/50 [00:08<00:02,  6.84it/s]
 72%|███████▏  | 36/50 [00:08<00:02,  6.80it/s]
 74%|███████▍  | 37/50 [00:08<00:01,  6.77it/s]
 76%|███████▌  | 38/50 [00:08<00:01,  6.77it/s]
 78%|███████▊  | 39/50 [00:08<00:01,  6.78it/s]
 80%|████████  | 40/50 [00:08<00:01,  6.74it/s]
 82%|████████▏ | 41/50 [00:09<00:01,  6.84it/s]
 84%|████████▍ | 42/50 [00:09<00:01,  6.83it/s]
 86%|████████▌ | 43/50 [00:09<00:01,  6.85it/s]
 88%|████████▊ | 44/50 [00:09<00:00,  6.85it/s]
 90%|█████████ | 45/50 [00:09<00:00,  6.81it/s]
 92%|█████████▏| 46/50 [00:09<00:00,  6.81it/s]
 94%|█████████▍| 47/50 [00:09<00:00,  6.77it/s]
 96%|█████████▌| 48/50 [00:10<00:00,  6.79it/s]
 98%|█████████▊| 49/50 [00:10<00:00,  6.78it/s]
100%|██████████| 50/50 [00:10<00:00,  6.87it/s]
100%|██████████| 50/50 [00:10<00:00,  4.77it/s]
>>> VALIDATING 


  0%|          | 0/13 [00:00<?, ?it/s]
  8%|▊         | 1/13 [00:00<00:09,  1.26it/s]
 23%|██▎       | 3/13 [00:00<00:02,  3.87it/s]
 38%|███▊      | 5/13 [00:01<00:01,  4.73it/s]
 54%|█████▍    | 7/13 [00:01<00:00,  6.73it/s]
 69%|██████▉   | 9/13 [00:01<00:00,  6.21it/s]
 85%|████████▍ | 11/13 [00:01<00:00,  7.81it/s]
100%|██████████| 13/13 [00:01<00:00,  9.71it/s]
100%|██████████| 13/13 [00:02<00:00,  6.23it/s]
>>> LOGGING 

BALANCED ACCS CHECKED FOR TRAIN
BALANCED ACCS CHECKED FOR VAL
train_acc: 0.8462982273201252
val_acc: 0.6547122602168474
train_cls_loss: 0.4323306700609026
val_cls_loss: 0.618947260274402
train_total_loss: 0.4323306700609026
val_total_loss: 0.618947260274402
balanced_train_acc: 0.8344094507018676
balanced_val_acc: 0.6692877692623842
Land_on_Land_train_acc: 0.884505431675243
Land_on_Land_val_acc: 0.974304068522484
Land_on_Water_train_acc: 0.32608695652173914
Land_on_Water_val_acc: 0.3111587982832618
Water_on_Land_train_acc: 0.5
Water_on_Land_val_acc: 0.42105263157894735
Water_on_Water_train_acc: 0.8287606433301797
Water_on_Water_val_acc: 0.9699248120300752
train_acc_Landbird: 0.8565996740901684
train_acc_Waterbird: 0.8122192273135669
val_acc_Landbird: 0.6430868167202572
val_acc_Waterbird: 0.6954887218045113
TRAIN ACC:        0.8462982273201252
VAL ACC:          0.6547122602168474
BALANCED VAL ACC: 0.6692877692623842
prev best list: []
Saving to trained_weights/waterbirds/upweight_waterbird_complete95_forest2water2_21048936_trial_000/best_balanced_valacc_0.67_epoch_0.ckpt
>>> EVALUATING ON TEST SET
WATERBIRDS DIR: /home/ryreu/guided_cnn/waterbirds/waterbird_complete95_forest2water2
NUMBER OF SAMPLES WITH LABEL Landbird: 4510
NUMBER OF SAMPLES WITH LABEL Waterbird: 1284
NUMBER OF SAMPLES WITH GROUP Land_on_Land: 2255
NUMBER OF SAMPLES WITH GROUP Land_on_Water: 2255
NUMBER OF SAMPLES WITH GROUP Water_on_Land: 642
NUMBER OF SAMPLES WITH GROUP Water_on_Water: 642
NUM TEST:   5794

Loaded checkpoint trained_weights/waterbirds/upweight_waterbird_complete95_forest2water2_21048936_trial_000/best_balanced_valacc_0.67_epoch_0.ckpt

  0%|          | 0/5794 [00:00<?, ?it/s]
  0%|          | 1/5794 [00:00<21:10,  4.56it/s]
  0%|          | 8/5794 [00:00<03:17, 29.33it/s]
  0%|          | 15/5794 [00:00<02:16, 42.19it/s]
  0%|          | 22/5794 [00:00<01:56, 49.74it/s]
  1%|          | 29/5794 [00:00<01:45, 54.59it/s]
  1%|          | 36/5794 [00:00<01:39, 57.72it/s]
  1%|          | 43/5794 [00:00<01:36, 59.72it/s]
  1%|          | 50/5794 [00:00<01:33, 61.17it/s]
  1%|          | 57/5794 [00:01<01:32, 61.92it/s]
  1%|          | 64/5794 [00:01<01:31, 62.70it/s]
  1%|          | 71/5794 [00:01<01:30, 63.20it/s]
  1%|▏         | 78/5794 [00:01<01:30, 63.49it/s]
  1%|▏         | 85/5794 [00:01<01:29, 63.67it/s]
  2%|▏         | 92/5794 [00:01<01:29, 63.44it/s]
  2%|▏         | 99/5794 [00:01<01:29, 63.78it/s]
  2%|▏         | 106/5794 [00:01<01:29, 63.62it/s]
  2%|▏         | 113/5794 [00:01<01:28, 63.85it/s]
  2%|▏         | 120/5794 [00:02<01:28, 63.86it/s]
  2%|▏         | 127/5794 [00:02<01:28, 63.85it/s]
  2%|▏         | 134/5794 [00:02<01:28, 64.07it/s]
  2%|▏         | 141/5794 [00:02<01:28, 64.09it/s]
  3%|▎         | 148/5794 [00:02<01:26, 65.23it/s]
  3%|▎         | 156/5794 [00:02<01:23, 67.85it/s]
  3%|▎         | 164/5794 [00:02<01:21, 69.06it/s]
  3%|▎         | 171/5794 [00:02<01:22, 67.86it/s]
  3%|▎         | 178/5794 [00:02<01:24, 66.65it/s]
  3%|▎         | 185/5794 [00:03<01:24, 66.04it/s]
  3%|▎         | 192/5794 [00:03<01:25, 65.40it/s]
  3%|▎         | 199/5794 [00:03<01:25, 65.19it/s]
  4%|▎         | 206/5794 [00:03<01:25, 65.04it/s]
  4%|▎         | 213/5794 [00:03<01:25, 64.92it/s]
  4%|▍         | 220/5794 [00:03<01:26, 64.72it/s]
  4%|▍         | 227/5794 [00:03<01:26, 64.64it/s]
  4%|▍         | 234/5794 [00:03<01:25, 64.66it/s]
  4%|▍         | 241/5794 [00:03<01:26, 64.54it/s]
  4%|▍         | 248/5794 [00:04<01:26, 64.43it/s]
  4%|▍         | 255/5794 [00:04<01:25, 64.51it/s]
  5%|▍         | 262/5794 [00:04<01:26, 64.27it/s]
  5%|▍         | 269/5794 [00:04<01:26, 64.16it/s]
  5%|▍         | 276/5794 [00:04<01:26, 63.82it/s]
  5%|▍         | 283/5794 [00:04<01:26, 63.75it/s]
  5%|▌         | 290/5794 [00:04<01:26, 64.00it/s]
  5%|▌         | 297/5794 [00:04<01:25, 64.12it/s]
  5%|▌         | 304/5794 [00:04<01:25, 64.22it/s]
  5%|▌         | 311/5794 [00:05<01:25, 64.18it/s]
  5%|▌         | 318/5794 [00:05<01:25, 64.27it/s]
  6%|▌         | 325/5794 [00:05<01:25, 64.29it/s]
  6%|▌         | 332/5794 [00:05<01:25, 64.17it/s]
  6%|▌         | 339/5794 [00:05<01:25, 64.02it/s]
  6%|▌         | 346/5794 [00:05<01:25, 64.00it/s]
  6%|▌         | 353/5794 [00:05<01:24, 64.23it/s]
  6%|▌         | 360/5794 [00:05<01:24, 64.32it/s]
  6%|▋         | 367/5794 [00:05<01:24, 64.37it/s]
  6%|▋         | 374/5794 [00:05<01:24, 64.44it/s]
  7%|▋         | 381/5794 [00:06<01:24, 64.09it/s]
  7%|▋         | 388/5794 [00:06<01:24, 64.25it/s]
  7%|▋         | 395/5794 [00:06<01:24, 64.16it/s]
  7%|▋         | 402/5794 [00:06<01:23, 64.33it/s]
  7%|▋         | 409/5794 [00:06<01:23, 64.34it/s]
  7%|▋         | 416/5794 [00:06<01:23, 64.22it/s]
  7%|▋         | 423/5794 [00:06<01:23, 64.35it/s]
  7%|▋         | 430/5794 [00:06<01:23, 64.21it/s]
  8%|▊         | 437/5794 [00:06<01:23, 64.34it/s]
  8%|▊         | 444/5794 [00:07<01:23, 64.37it/s]
  8%|▊         | 451/5794 [00:07<01:23, 64.32it/s]
  8%|▊         | 458/5794 [00:07<01:23, 64.24it/s]
  8%|▊         | 465/5794 [00:07<01:22, 64.22it/s]
  8%|▊         | 472/5794 [00:07<01:22, 64.36it/s]
  8%|▊         | 479/5794 [00:07<01:22, 64.46it/s]
  8%|▊         | 486/5794 [00:07<01:22, 64.33it/s]
  9%|▊         | 493/5794 [00:07<01:22, 64.45it/s]
  9%|▊         | 500/5794 [00:07<01:23, 63.74it/s]
  9%|▉         | 507/5794 [00:08<01:22, 63.95it/s]
  9%|▉         | 514/5794 [00:08<01:22, 63.93it/s]
  9%|▉         | 521/5794 [00:08<01:22, 64.17it/s]
  9%|▉         | 528/5794 [00:08<01:21, 64.27it/s]
  9%|▉         | 535/5794 [00:08<01:21, 64.22it/s]
  9%|▉         | 542/5794 [00:08<01:21, 64.33it/s]
  9%|▉         | 549/5794 [00:08<01:21, 64.28it/s]
 10%|▉         | 556/5794 [00:08<01:21, 64.35it/s]
 10%|▉         | 563/5794 [00:08<01:21, 64.34it/s]
 10%|▉         | 570/5794 [00:09<01:21, 64.25it/s]
 10%|▉         | 577/5794 [00:09<01:21, 64.38it/s]
 10%|█         | 584/5794 [00:09<01:21, 64.17it/s]
 10%|█         | 591/5794 [00:09<01:21, 64.11it/s]
 10%|█         | 598/5794 [00:09<01:21, 63.91it/s]
 10%|█         | 605/5794 [00:09<01:21, 63.77it/s]
 11%|█         | 612/5794 [00:09<01:20, 64.03it/s]
 11%|█         | 619/5794 [00:09<01:20, 64.05it/s]
 11%|█         | 626/5794 [00:09<01:20, 64.29it/s]
 11%|█         | 633/5794 [00:10<01:20, 64.22it/s]
 11%|█         | 640/5794 [00:10<01:20, 64.33it/s]
 11%|█         | 647/5794 [00:10<01:20, 64.26it/s]
 11%|█▏        | 654/5794 [00:10<01:19, 64.27it/s]
 11%|█▏        | 661/5794 [00:10<01:19, 64.41it/s]
 12%|█▏        | 668/5794 [00:10<01:19, 64.38it/s]
 12%|█▏        | 675/5794 [00:10<01:19, 64.42it/s]
 12%|█▏        | 682/5794 [00:10<01:19, 64.49it/s]
 12%|█▏        | 689/5794 [00:10<01:19, 64.35it/s]
 12%|█▏        | 696/5794 [00:11<01:19, 64.38it/s]
 12%|█▏        | 703/5794 [00:11<01:19, 64.34it/s]
 12%|█▏        | 710/5794 [00:11<01:18, 64.47it/s]
 12%|█▏        | 717/5794 [00:11<01:18, 64.50it/s]
 12%|█▏        | 724/5794 [00:11<01:18, 64.37it/s]
 13%|█▎        | 731/5794 [00:11<01:18, 64.51it/s]
 13%|█▎        | 738/5794 [00:11<01:18, 64.42it/s]
 13%|█▎        | 745/5794 [00:11<01:18, 64.50it/s]
 13%|█▎        | 752/5794 [00:11<01:18, 64.34it/s]
 13%|█▎        | 759/5794 [00:11<01:18, 64.49it/s]
 13%|█▎        | 766/5794 [00:12<01:16, 65.82it/s]
 13%|█▎        | 774/5794 [00:12<01:13, 68.18it/s]
 13%|█▎        | 782/5794 [00:12<01:11, 69.78it/s]
 14%|█▎        | 790/5794 [00:12<01:10, 70.90it/s]
 14%|█▍        | 798/5794 [00:12<01:09, 71.82it/s]
 14%|█▍        | 806/5794 [00:12<01:08, 72.40it/s]
 14%|█▍        | 814/5794 [00:12<01:08, 72.69it/s]
 14%|█▍        | 822/5794 [00:12<01:08, 72.96it/s]
 14%|█▍        | 830/5794 [00:12<01:07, 73.30it/s]
 14%|█▍        | 838/5794 [00:13<01:07, 73.28it/s]
 15%|█▍        | 846/5794 [00:13<01:07, 73.68it/s]
 15%|█▍        | 854/5794 [00:13<01:08, 72.53it/s]
 15%|█▍        | 862/5794 [00:13<01:07, 73.10it/s]
 15%|█▌        | 870/5794 [00:13<01:07, 73.47it/s]
 15%|█▌        | 878/5794 [00:13<01:07, 73.18it/s]
 15%|█▌        | 886/5794 [00:13<01:07, 72.89it/s]
 15%|█▌        | 894/5794 [00:13<01:07, 72.76it/s]
 16%|█▌        | 902/5794 [00:13<01:07, 72.70it/s]
 16%|█▌        | 910/5794 [00:14<01:07, 72.23it/s]
 16%|█▌        | 918/5794 [00:14<01:08, 71.27it/s]
 16%|█▌        | 926/5794 [00:14<01:10, 68.76it/s]
 16%|█▌        | 933/5794 [00:14<01:12, 67.31it/s]
 16%|█▌        | 940/5794 [00:14<01:13, 66.24it/s]
 16%|█▋        | 948/5794 [00:14<01:11, 67.50it/s]
 16%|█▋        | 956/5794 [00:14<01:10, 68.88it/s]
 17%|█▋        | 964/5794 [00:14<01:08, 70.10it/s]
 17%|█▋        | 972/5794 [00:14<01:07, 71.00it/s]
 17%|█▋        | 980/5794 [00:15<01:07, 71.43it/s]
 17%|█▋        | 988/5794 [00:15<01:06, 71.87it/s]
 17%|█▋        | 996/5794 [00:15<01:06, 72.01it/s]
 17%|█▋        | 1004/5794 [00:15<01:07, 70.44it/s]
 17%|█▋        | 1012/5794 [00:15<01:10, 68.27it/s]
 18%|█▊        | 1019/5794 [00:15<01:11, 67.20it/s]
 18%|█▊        | 1026/5794 [00:15<01:11, 66.23it/s]
 18%|█▊        | 1033/5794 [00:15<01:12, 65.86it/s]
 18%|█▊        | 1040/5794 [00:15<01:12, 65.35it/s]
 18%|█▊        | 1047/5794 [00:16<01:13, 64.91it/s]
 18%|█▊        | 1054/5794 [00:16<01:13, 64.76it/s]
 18%|█▊        | 1061/5794 [00:16<01:13, 64.50it/s]
 18%|█▊        | 1068/5794 [00:16<01:13, 64.47it/s]
 19%|█▊        | 1075/5794 [00:16<01:13, 64.25it/s]
 19%|█▊        | 1082/5794 [00:16<01:13, 64.35it/s]
 19%|█▉        | 1089/5794 [00:16<01:13, 64.41it/s]
 19%|█▉        | 1096/5794 [00:16<01:13, 64.23it/s]
 19%|█▉        | 1103/5794 [00:16<01:13, 64.19it/s]
 19%|█▉        | 1110/5794 [00:17<01:13, 64.10it/s]
 19%|█▉        | 1117/5794 [00:17<01:12, 64.24it/s]
 19%|█▉        | 1124/5794 [00:17<01:12, 64.31it/s]
 20%|█▉        | 1131/5794 [00:17<01:12, 64.19it/s]
 20%|█▉        | 1138/5794 [00:17<01:12, 64.38it/s]
 20%|█▉        | 1145/5794 [00:17<01:12, 64.36it/s]
 20%|█▉        | 1152/5794 [00:17<01:12, 64.38it/s]
 20%|██        | 1159/5794 [00:17<01:11, 64.41it/s]
 20%|██        | 1166/5794 [00:17<01:12, 63.90it/s]
 20%|██        | 1173/5794 [00:18<01:12, 63.84it/s]
 20%|██        | 1180/5794 [00:18<01:12, 63.95it/s]
 20%|██        | 1187/5794 [00:18<01:11, 64.22it/s]
 21%|██        | 1194/5794 [00:18<01:11, 64.10it/s]
 21%|██        | 1201/5794 [00:18<01:11, 64.25it/s]
 21%|██        | 1208/5794 [00:18<01:11, 64.29it/s]
 21%|██        | 1215/5794 [00:18<01:11, 64.16it/s]
 21%|██        | 1222/5794 [00:18<01:11, 64.31it/s]
 21%|██        | 1229/5794 [00:18<01:11, 64.06it/s]
 21%|██▏       | 1236/5794 [00:19<01:11, 64.14it/s]
 21%|██▏       | 1243/5794 [00:19<01:10, 64.10it/s]
 22%|██▏       | 1250/5794 [00:19<01:11, 63.97it/s]
 22%|██▏       | 1257/5794 [00:19<01:11, 63.90it/s]
 22%|██▏       | 1264/5794 [00:19<01:11, 63.62it/s]
 22%|██▏       | 1271/5794 [00:19<01:11, 63.65it/s]
 22%|██▏       | 1278/5794 [00:19<01:10, 63.75it/s]
 22%|██▏       | 1285/5794 [00:19<01:10, 63.81it/s]
 22%|██▏       | 1292/5794 [00:19<01:10, 63.90it/s]
 22%|██▏       | 1299/5794 [00:20<01:10, 63.94it/s]
 23%|██▎       | 1306/5794 [00:20<01:09, 64.88it/s]
 23%|██▎       | 1314/5794 [00:20<01:06, 67.44it/s]
 23%|██▎       | 1322/5794 [00:20<01:04, 68.93it/s]
 23%|██▎       | 1330/5794 [00:20<01:03, 70.35it/s]
 23%|██▎       | 1338/5794 [00:20<01:04, 68.81it/s]
 23%|██▎       | 1345/5794 [00:20<01:05, 67.56it/s]
 23%|██▎       | 1352/5794 [00:20<01:06, 66.44it/s]
 23%|██▎       | 1359/5794 [00:20<01:07, 65.77it/s]
 24%|██▎       | 1366/5794 [00:21<01:08, 65.12it/s]
 24%|██▎       | 1374/5794 [00:21<01:05, 67.04it/s]
 24%|██▍       | 1382/5794 [00:21<01:04, 68.19it/s]
 24%|██▍       | 1389/5794 [00:21<01:05, 66.96it/s]
 24%|██▍       | 1396/5794 [00:21<01:06, 66.11it/s]
 24%|██▍       | 1404/5794 [00:21<01:04, 68.12it/s]
 24%|██▍       | 1411/5794 [00:21<01:04, 68.19it/s]
 24%|██▍       | 1418/5794 [00:21<01:05, 66.79it/s]
 25%|██▍       | 1425/5794 [00:21<01:06, 65.99it/s]
 25%|██▍       | 1432/5794 [00:21<01:06, 65.24it/s]
 25%|██▍       | 1439/5794 [00:22<01:07, 64.97it/s]
 25%|██▍       | 1446/5794 [00:22<01:07, 64.71it/s]
 25%|██▌       | 1453/5794 [00:22<01:07, 64.31it/s]
 25%|██▌       | 1460/5794 [00:22<01:07, 64.32it/s]
 25%|██▌       | 1467/5794 [00:22<01:07, 63.92it/s]
 25%|██▌       | 1474/5794 [00:22<01:07, 64.08it/s]
 26%|██▌       | 1481/5794 [00:22<01:07, 64.18it/s]
 26%|██▌       | 1488/5794 [00:22<01:07, 64.08it/s]
 26%|██▌       | 1495/5794 [00:22<01:07, 64.10it/s]
 26%|██▌       | 1502/5794 [00:23<01:07, 63.98it/s]
 26%|██▌       | 1509/5794 [00:23<01:06, 64.13it/s]
 26%|██▌       | 1516/5794 [00:23<01:06, 64.09it/s]
 26%|██▋       | 1523/5794 [00:23<01:06, 64.03it/s]
 26%|██▋       | 1530/5794 [00:23<01:06, 64.17it/s]
 27%|██▋       | 1537/5794 [00:23<01:06, 64.09it/s]
 27%|██▋       | 1544/5794 [00:23<01:06, 64.07it/s]
 27%|██▋       | 1551/5794 [00:23<01:06, 64.04it/s]
 27%|██▋       | 1558/5794 [00:23<01:06, 63.95it/s]
 27%|██▋       | 1565/5794 [00:24<01:06, 63.98it/s]
 27%|██▋       | 1572/5794 [00:24<01:05, 64.01it/s]
 27%|██▋       | 1579/5794 [00:24<01:05, 63.97it/s]
 27%|██▋       | 1586/5794 [00:24<01:06, 63.56it/s]
 27%|██▋       | 1593/5794 [00:24<01:06, 63.54it/s]
 28%|██▊       | 1600/5794 [00:24<01:06, 63.41it/s]
 28%|██▊       | 1607/5794 [00:24<01:06, 63.32it/s]
 28%|██▊       | 1614/5794 [00:24<01:06, 63.22it/s]
 28%|██▊       | 1621/5794 [00:24<01:06, 62.87it/s]
 28%|██▊       | 1628/5794 [00:25<01:06, 62.95it/s]
 28%|██▊       | 1635/5794 [00:25<01:06, 62.50it/s]
 28%|██▊       | 1642/5794 [00:25<01:06, 62.66it/s]
 28%|██▊       | 1649/5794 [00:25<01:05, 62.91it/s]
 29%|██▊       | 1656/5794 [00:25<01:05, 62.98it/s]
 29%|██▊       | 1663/5794 [00:25<01:04, 64.28it/s]
 29%|██▉       | 1671/5794 [00:25<01:01, 66.82it/s]
 29%|██▉       | 1679/5794 [00:25<00:59, 68.77it/s]
 29%|██▉       | 1687/5794 [00:25<00:58, 69.92it/s]
 29%|██▉       | 1695/5794 [00:26<00:57, 70.79it/s]
 29%|██▉       | 1703/5794 [00:26<00:57, 71.38it/s]
 30%|██▉       | 1711/5794 [00:26<00:59, 68.73it/s]
 30%|██▉       | 1718/5794 [00:26<01:00, 67.34it/s]
 30%|██▉       | 1725/5794 [00:26<01:01, 65.96it/s]
 30%|██▉       | 1732/5794 [00:26<01:02, 65.28it/s]
 30%|███       | 1739/5794 [00:26<01:02, 64.64it/s]
 30%|███       | 1746/5794 [00:26<01:02, 64.40it/s]
 30%|███       | 1753/5794 [00:26<01:02, 64.19it/s]
 30%|███       | 1760/5794 [00:27<01:03, 63.99it/s]
 30%|███       | 1767/5794 [00:27<01:02, 64.94it/s]
 31%|███       | 1775/5794 [00:27<00:59, 67.28it/s]
 31%|███       | 1783/5794 [00:27<00:58, 69.10it/s]
 31%|███       | 1790/5794 [00:27<00:59, 67.18it/s]
 31%|███       | 1797/5794 [00:27<01:00, 66.17it/s]
 31%|███       | 1804/5794 [00:27<01:00, 65.42it/s]
 31%|███▏      | 1811/5794 [00:27<01:01, 64.67it/s]
 31%|███▏      | 1818/5794 [00:27<01:02, 63.68it/s]
 31%|███▏      | 1825/5794 [00:28<01:03, 62.57it/s]
 32%|███▏      | 1832/5794 [00:28<01:03, 62.24it/s]
 32%|███▏      | 1839/5794 [00:28<01:03, 62.45it/s]
 32%|███▏      | 1846/5794 [00:28<01:02, 62.78it/s]
 32%|███▏      | 1853/5794 [00:28<01:02, 63.13it/s]
 32%|███▏      | 1860/5794 [00:28<01:02, 63.28it/s]
 32%|███▏      | 1867/5794 [00:28<01:01, 63.61it/s]
 32%|███▏      | 1874/5794 [00:28<01:01, 63.46it/s]
 32%|███▏      | 1881/5794 [00:28<01:01, 63.65it/s]
 33%|███▎      | 1888/5794 [00:29<01:00, 64.06it/s]
 33%|███▎      | 1896/5794 [00:29<00:58, 66.50it/s]
 33%|███▎      | 1904/5794 [00:29<00:57, 68.21it/s]
 33%|███▎      | 1912/5794 [00:29<00:56, 69.31it/s]
 33%|███▎      | 1920/5794 [00:29<00:55, 70.01it/s]
 33%|███▎      | 1928/5794 [00:29<00:54, 70.52it/s]
 33%|███▎      | 1936/5794 [00:29<00:54, 71.20it/s]
 34%|███▎      | 1944/5794 [00:29<00:53, 71.44it/s]
 34%|███▎      | 1952/5794 [00:29<00:53, 71.82it/s]
 34%|███▍      | 1960/5794 [00:30<00:53, 71.91it/s]
 34%|███▍      | 1968/5794 [00:30<00:53, 71.93it/s]
 34%|███▍      | 1976/5794 [00:30<00:52, 72.11it/s]
 34%|███▍      | 1984/5794 [00:30<00:52, 72.29it/s]
 34%|███▍      | 1992/5794 [00:30<00:52, 72.23it/s]
 35%|███▍      | 2000/5794 [00:30<00:52, 72.23it/s]
 35%|███▍      | 2008/5794 [00:30<00:52, 72.29it/s]
 35%|███▍      | 2016/5794 [00:30<00:52, 71.97it/s]
 35%|███▍      | 2024/5794 [00:30<00:54, 69.64it/s]
 35%|███▌      | 2031/5794 [00:31<00:55, 67.64it/s]
 35%|███▌      | 2038/5794 [00:31<00:56, 66.75it/s]
 35%|███▌      | 2045/5794 [00:31<00:56, 65.87it/s]
 35%|███▌      | 2052/5794 [00:31<00:57, 65.57it/s]
 36%|███▌      | 2059/5794 [00:31<00:57, 65.38it/s]
 36%|███▌      | 2066/5794 [00:31<00:57, 64.95it/s]
 36%|███▌      | 2073/5794 [00:31<00:57, 65.24it/s]
 36%|███▌      | 2080/5794 [00:31<00:57, 65.01it/s]
 36%|███▌      | 2087/5794 [00:31<00:56, 65.11it/s]
 36%|███▌      | 2094/5794 [00:32<00:56, 65.06it/s]
 36%|███▋      | 2101/5794 [00:32<00:56, 65.08it/s]
 36%|███▋      | 2108/5794 [00:32<00:56, 64.93it/s]
 37%|███▋      | 2115/5794 [00:32<00:56, 64.92it/s]
 37%|███▋      | 2122/5794 [00:32<00:56, 64.99it/s]
 37%|███▋      | 2129/5794 [00:32<00:56, 64.84it/s]
 37%|███▋      | 2136/5794 [00:32<00:56, 65.08it/s]
 37%|███▋      | 2143/5794 [00:32<00:56, 64.93it/s]
 37%|███▋      | 2150/5794 [00:32<00:56, 64.92it/s]
 37%|███▋      | 2157/5794 [00:33<00:55, 65.04it/s]
 37%|███▋      | 2164/5794 [00:33<00:55, 64.91it/s]
 37%|███▋      | 2171/5794 [00:33<00:55, 64.92it/s]
 38%|███▊      | 2178/5794 [00:33<00:55, 64.96it/s]
 38%|███▊      | 2185/5794 [00:33<00:55, 64.88it/s]
 38%|███▊      | 2192/5794 [00:33<00:55, 64.88it/s]
 38%|███▊      | 2199/5794 [00:33<00:55, 64.78it/s]
 38%|███▊      | 2206/5794 [00:33<00:55, 64.90it/s]
 38%|███▊      | 2213/5794 [00:33<00:55, 64.96it/s]
 38%|███▊      | 2220/5794 [00:33<00:55, 64.79it/s]
 38%|███▊      | 2227/5794 [00:34<00:54, 65.70it/s]
 39%|███▊      | 2234/5794 [00:34<00:54, 65.34it/s]
 39%|███▊      | 2241/5794 [00:34<00:54, 65.03it/s]
 39%|███▉      | 2248/5794 [00:34<00:55, 64.42it/s]
 39%|███▉      | 2255/5794 [00:34<00:55, 64.03it/s]
 39%|███▉      | 2262/5794 [00:34<00:53, 65.67it/s]
 39%|███▉      | 2270/5794 [00:34<00:52, 67.47it/s]
 39%|███▉      | 2278/5794 [00:34<00:51, 68.48it/s]
 39%|███▉      | 2286/5794 [00:34<00:50, 69.42it/s]
 40%|███▉      | 2294/5794 [00:35<00:49, 70.18it/s]
 40%|███▉      | 2302/5794 [00:35<00:49, 70.61it/s]
 40%|███▉      | 2310/5794 [00:35<00:49, 70.97it/s]
 40%|████      | 2318/5794 [00:35<00:48, 71.11it/s]
 40%|████      | 2326/5794 [00:35<00:48, 71.67it/s]
 40%|████      | 2334/5794 [00:35<00:48, 71.78it/s]
 40%|████      | 2342/5794 [00:35<00:47, 72.18it/s]
 41%|████      | 2350/5794 [00:35<00:47, 72.22it/s]
 41%|████      | 2358/5794 [00:35<00:47, 72.44it/s]
 41%|████      | 2366/5794 [00:36<00:47, 72.58it/s]
 41%|████      | 2374/5794 [00:36<00:47, 72.64it/s]
 41%|████      | 2382/5794 [00:36<00:47, 72.38it/s]
 41%|████      | 2390/5794 [00:36<00:47, 72.28it/s]
 41%|████▏     | 2398/5794 [00:36<00:46, 72.41it/s]
 42%|████▏     | 2406/5794 [00:36<00:46, 72.36it/s]
 42%|████▏     | 2414/5794 [00:36<00:46, 72.31it/s]
 42%|████▏     | 2422/5794 [00:36<00:46, 72.13it/s]
 42%|████▏     | 2430/5794 [00:36<00:46, 72.32it/s]
 42%|████▏     | 2438/5794 [00:37<00:46, 72.32it/s]
 42%|████▏     | 2446/5794 [00:37<00:46, 72.28it/s]
 42%|████▏     | 2454/5794 [00:37<00:46, 72.30it/s]
 42%|████▏     | 2462/5794 [00:37<00:45, 72.68it/s]
 43%|████▎     | 2470/5794 [00:37<00:45, 72.67it/s]
 43%|████▎     | 2478/5794 [00:37<00:45, 72.78it/s]
 43%|████▎     | 2486/5794 [00:37<00:45, 72.68it/s]
 43%|████▎     | 2494/5794 [00:37<00:45, 72.62it/s]
 43%|████▎     | 2502/5794 [00:37<00:45, 72.46it/s]
 43%|████▎     | 2510/5794 [00:38<00:45, 72.44it/s]
 43%|████▎     | 2518/5794 [00:38<00:45, 72.43it/s]
 44%|████▎     | 2526/5794 [00:38<00:45, 72.48it/s]
 44%|████▎     | 2534/5794 [00:38<00:44, 72.57it/s]
 44%|████▍     | 2542/5794 [00:38<00:44, 72.59it/s]
 44%|████▍     | 2550/5794 [00:38<00:44, 72.40it/s]
 44%|████▍     | 2558/5794 [00:38<00:44, 72.16it/s]
 44%|████▍     | 2566/5794 [00:38<00:44, 72.34it/s]
 44%|████▍     | 2574/5794 [00:38<00:44, 72.38it/s]
 45%|████▍     | 2582/5794 [00:39<00:44, 72.47it/s]
 45%|████▍     | 2590/5794 [00:39<00:44, 72.54it/s]
 45%|████▍     | 2598/5794 [00:39<00:44, 72.60it/s]
 45%|████▍     | 2606/5794 [00:39<00:44, 72.44it/s]
 45%|████▌     | 2614/5794 [00:39<00:43, 72.48it/s]
 45%|████▌     | 2622/5794 [00:39<00:43, 72.38it/s]
 45%|████▌     | 2630/5794 [00:39<00:43, 72.59it/s]
 46%|████▌     | 2638/5794 [00:39<00:43, 72.70it/s]
 46%|████▌     | 2646/5794 [00:39<00:43, 72.73it/s]
 46%|████▌     | 2654/5794 [00:40<00:43, 72.72it/s]
 46%|████▌     | 2662/5794 [00:40<00:43, 72.67it/s]
 46%|████▌     | 2670/5794 [00:40<00:43, 72.57it/s]
 46%|████▌     | 2678/5794 [00:40<00:43, 72.46it/s]
 46%|████▋     | 2686/5794 [00:40<00:42, 72.39it/s]
 46%|████▋     | 2694/5794 [00:40<00:42, 72.22it/s]
 47%|████▋     | 2702/5794 [00:40<00:42, 72.40it/s]
 47%|████▋     | 2710/5794 [00:40<00:42, 72.34it/s]
 47%|████▋     | 2718/5794 [00:40<00:42, 72.48it/s]
 47%|████▋     | 2726/5794 [00:41<00:42, 72.40it/s]
 47%|████▋     | 2734/5794 [00:41<00:42, 72.11it/s]
 47%|████▋     | 2742/5794 [00:41<00:42, 71.91it/s]
 47%|████▋     | 2750/5794 [00:41<00:42, 72.03it/s]
 48%|████▊     | 2758/5794 [00:41<00:42, 71.89it/s]
 48%|████▊     | 2766/5794 [00:41<00:42, 72.03it/s]
 48%|████▊     | 2774/5794 [00:41<00:41, 71.98it/s]
 48%|████▊     | 2782/5794 [00:41<00:41, 71.93it/s]
 48%|████▊     | 2790/5794 [00:41<00:41, 71.89it/s]
 48%|████▊     | 2798/5794 [00:42<00:41, 71.89it/s]
 48%|████▊     | 2806/5794 [00:42<00:41, 71.94it/s]
 49%|████▊     | 2814/5794 [00:42<00:41, 71.94it/s]
 49%|████▊     | 2822/5794 [00:42<00:41, 71.77it/s]
 49%|████▉     | 2830/5794 [00:42<00:41, 71.59it/s]
 49%|████▉     | 2838/5794 [00:42<00:41, 71.87it/s]
 49%|████▉     | 2846/5794 [00:42<00:41, 71.75it/s]
 49%|████▉     | 2854/5794 [00:42<00:41, 71.67it/s]
 49%|████▉     | 2862/5794 [00:42<00:40, 71.64it/s]
 50%|████▉     | 2870/5794 [00:43<00:40, 71.84it/s]
 50%|████▉     | 2878/5794 [00:43<00:40, 71.65it/s]
 50%|████▉     | 2886/5794 [00:43<00:40, 71.92it/s]
 50%|████▉     | 2894/5794 [00:43<00:40, 72.12it/s]
 50%|█████     | 2902/5794 [00:43<00:39, 72.37it/s]
 50%|█████     | 2910/5794 [00:43<00:39, 72.61it/s]
 50%|█████     | 2918/5794 [00:43<00:39, 72.53it/s]
 51%|█████     | 2926/5794 [00:43<00:39, 72.66it/s]
 51%|█████     | 2934/5794 [00:43<00:39, 72.62it/s]
 51%|█████     | 2942/5794 [00:44<00:39, 72.71it/s]
 51%|█████     | 2950/5794 [00:44<00:39, 72.61it/s]
 51%|█████     | 2958/5794 [00:44<00:39, 72.65it/s]
 51%|█████     | 2966/5794 [00:44<00:39, 72.50it/s]
 51%|█████▏    | 2974/5794 [00:44<00:38, 72.46it/s]
 51%|█████▏    | 2982/5794 [00:44<00:38, 72.33it/s]
 52%|█████▏    | 2990/5794 [00:44<00:38, 72.54it/s]
 52%|█████▏    | 2998/5794 [00:44<00:38, 72.40it/s]
 52%|█████▏    | 3006/5794 [00:44<00:38, 72.38it/s]
 52%|█████▏    | 3014/5794 [00:45<00:38, 71.80it/s]
 52%|█████▏    | 3022/5794 [00:45<00:38, 72.02it/s]
 52%|█████▏    | 3030/5794 [00:45<00:38, 71.30it/s]
 52%|█████▏    | 3038/5794 [00:45<00:38, 71.59it/s]
 53%|█████▎    | 3046/5794 [00:45<00:38, 71.77it/s]
 53%|█████▎    | 3054/5794 [00:45<00:38, 71.85it/s]
 53%|█████▎    | 3062/5794 [00:45<00:37, 72.01it/s]
 53%|█████▎    | 3070/5794 [00:45<00:37, 71.88it/s]
 53%|█████▎    | 3078/5794 [00:45<00:37, 71.88it/s]
 53%|█████▎    | 3086/5794 [00:46<00:37, 71.80it/s]
 53%|█████▎    | 3094/5794 [00:46<00:37, 72.04it/s]
 54%|█████▎    | 3102/5794 [00:46<00:37, 71.72it/s]
 54%|█████▎    | 3110/5794 [00:46<00:37, 71.96it/s]
 54%|█████▍    | 3118/5794 [00:46<00:37, 71.95it/s]
 54%|█████▍    | 3126/5794 [00:46<00:36, 72.12it/s]
 54%|█████▍    | 3134/5794 [00:46<00:36, 72.08it/s]
 54%|█████▍    | 3142/5794 [00:46<00:36, 72.09it/s]
 54%|█████▍    | 3150/5794 [00:46<00:36, 72.12it/s]
 55%|█████▍    | 3158/5794 [00:47<00:36, 72.10it/s]
 55%|█████▍    | 3166/5794 [00:47<00:36, 72.07it/s]
 55%|█████▍    | 3174/5794 [00:47<00:36, 72.21it/s]
 55%|█████▍    | 3182/5794 [00:47<00:36, 72.31it/s]
 55%|█████▌    | 3190/5794 [00:47<00:36, 72.20it/s]
 55%|█████▌    | 3198/5794 [00:47<00:35, 72.30it/s]
 55%|█████▌    | 3206/5794 [00:47<00:35, 72.16it/s]
 55%|█████▌    | 3214/5794 [00:47<00:35, 72.25it/s]
 56%|█████▌    | 3222/5794 [00:47<00:35, 71.92it/s]
 56%|█████▌    | 3230/5794 [00:48<00:35, 71.80it/s]
 56%|█████▌    | 3238/5794 [00:48<00:35, 71.85it/s]
 56%|█████▌    | 3246/5794 [00:48<00:35, 72.01it/s]
 56%|█████▌    | 3254/5794 [00:48<00:35, 72.01it/s]
 56%|█████▋    | 3262/5794 [00:48<00:35, 72.16it/s]
 56%|█████▋    | 3270/5794 [00:48<00:34, 72.11it/s]
 57%|█████▋    | 3278/5794 [00:48<00:34, 72.14it/s]
 57%|█████▋    | 3286/5794 [00:48<00:34, 71.82it/s]
 57%|█████▋    | 3294/5794 [00:48<00:34, 71.78it/s]
 57%|█████▋    | 3302/5794 [00:49<00:34, 71.60it/s]
 57%|█████▋    | 3310/5794 [00:49<00:34, 71.66it/s]
 57%|█████▋    | 3318/5794 [00:49<00:34, 71.68it/s]
 57%|█████▋    | 3326/5794 [00:49<00:34, 71.35it/s]
 58%|█████▊    | 3334/5794 [00:49<00:34, 71.37it/s]
 58%|█████▊    | 3342/5794 [00:49<00:34, 71.09it/s]
 58%|█████▊    | 3350/5794 [00:49<00:34, 71.24it/s]
 58%|█████▊    | 3358/5794 [00:49<00:34, 71.27it/s]
 58%|█████▊    | 3366/5794 [00:49<00:33, 71.42it/s]
 58%|█████▊    | 3374/5794 [00:50<00:33, 71.39it/s]
 58%|█████▊    | 3382/5794 [00:50<00:33, 71.17it/s]
 59%|█████▊    | 3390/5794 [00:50<00:33, 71.18it/s]
 59%|█████▊    | 3398/5794 [00:50<00:33, 71.45it/s]
 59%|█████▉    | 3406/5794 [00:50<00:33, 71.47it/s]
 59%|█████▉    | 3414/5794 [00:50<00:33, 71.54it/s]
 59%|█████▉    | 3422/5794 [00:50<00:33, 71.41it/s]
 59%|█████▉    | 3430/5794 [00:50<00:33, 71.53it/s]
 59%|█████▉    | 3438/5794 [00:50<00:32, 71.46it/s]
 59%|█████▉    | 3446/5794 [00:51<00:32, 71.55it/s]
 60%|█████▉    | 3454/5794 [00:51<00:32, 71.63it/s]
 60%|█████▉    | 3462/5794 [00:51<00:32, 71.59it/s]
 60%|█████▉    | 3470/5794 [00:51<00:32, 71.44it/s]
 60%|██████    | 3478/5794 [00:51<00:32, 71.36it/s]
 60%|██████    | 3486/5794 [00:51<00:32, 71.55it/s]
 60%|██████    | 3494/5794 [00:51<00:32, 71.51it/s]
 60%|██████    | 3502/5794 [00:51<00:32, 71.44it/s]
 61%|██████    | 3510/5794 [00:51<00:32, 71.36it/s]
 61%|██████    | 3518/5794 [00:52<00:31, 71.52it/s]
 61%|██████    | 3526/5794 [00:52<00:31, 71.48it/s]
 61%|██████    | 3534/5794 [00:52<00:31, 71.57it/s]
 61%|██████    | 3542/5794 [00:52<00:31, 71.57it/s]
 61%|██████▏   | 3550/5794 [00:52<00:31, 71.51it/s]
 61%|██████▏   | 3558/5794 [00:52<00:31, 71.71it/s]
 62%|██████▏   | 3566/5794 [00:52<00:30, 71.98it/s]
 62%|██████▏   | 3574/5794 [00:52<00:30, 72.10it/s]
 62%|██████▏   | 3582/5794 [00:52<00:30, 72.26it/s]
 62%|██████▏   | 3590/5794 [00:53<00:30, 72.42it/s]
 62%|██████▏   | 3598/5794 [00:53<00:30, 72.34it/s]
 62%|██████▏   | 3606/5794 [00:53<00:30, 72.40it/s]
 62%|██████▏   | 3614/5794 [00:53<00:30, 72.31it/s]
 63%|██████▎   | 3622/5794 [00:53<00:30, 72.40it/s]
 63%|██████▎   | 3630/5794 [00:53<00:29, 72.20it/s]
 63%|██████▎   | 3638/5794 [00:53<00:29, 72.14it/s]
 63%|██████▎   | 3646/5794 [00:53<00:29, 72.13it/s]
 63%|██████▎   | 3654/5794 [00:53<00:29, 72.33it/s]
 63%|██████▎   | 3662/5794 [00:54<00:29, 72.03it/s]
 63%|██████▎   | 3670/5794 [00:54<00:29, 72.52it/s]
 63%|██████▎   | 3678/5794 [00:54<00:29, 72.64it/s]
 64%|██████▎   | 3686/5794 [00:54<00:28, 72.73it/s]
 64%|██████▍   | 3694/5794 [00:54<00:28, 72.72it/s]
 64%|██████▍   | 3702/5794 [00:54<00:28, 72.66it/s]
 64%|██████▍   | 3710/5794 [00:54<00:28, 72.58it/s]
 64%|██████▍   | 3718/5794 [00:54<00:28, 72.25it/s]
 64%|██████▍   | 3726/5794 [00:54<00:28, 72.25it/s]
 64%|██████▍   | 3734/5794 [00:55<00:28, 72.10it/s]
 65%|██████▍   | 3742/5794 [00:55<00:28, 72.16it/s]
 65%|██████▍   | 3750/5794 [00:55<00:28, 72.09it/s]
 65%|██████▍   | 3758/5794 [00:55<00:28, 72.22it/s]
 65%|██████▍   | 3766/5794 [00:55<00:28, 71.53it/s]
 65%|██████▌   | 3774/5794 [00:55<00:28, 71.84it/s]
 65%|██████▌   | 3782/5794 [00:55<00:28, 71.83it/s]
 65%|██████▌   | 3790/5794 [00:55<00:27, 72.05it/s]
 66%|██████▌   | 3798/5794 [00:55<00:28, 69.05it/s]
 66%|██████▌   | 3805/5794 [00:56<00:29, 67.54it/s]
 66%|██████▌   | 3812/5794 [00:56<00:29, 66.24it/s]
 66%|██████▌   | 3819/5794 [00:56<00:30, 65.55it/s]
 66%|██████▌   | 3826/5794 [00:56<00:30, 65.03it/s]
 66%|██████▌   | 3833/5794 [00:56<00:30, 64.36it/s]
 66%|██████▋   | 3840/5794 [00:56<00:30, 64.09it/s]
 66%|██████▋   | 3847/5794 [00:56<00:30, 63.77it/s]
 67%|██████▋   | 3854/5794 [00:56<00:30, 63.75it/s]
 67%|██████▋   | 3861/5794 [00:56<00:30, 63.47it/s]
 67%|██████▋   | 3868/5794 [00:57<00:30, 63.46it/s]
 67%|██████▋   | 3875/5794 [00:57<00:30, 63.41it/s]
 67%|██████▋   | 3882/5794 [00:57<00:30, 63.38it/s]
 67%|██████▋   | 3889/5794 [00:57<00:29, 63.57it/s]
 67%|██████▋   | 3896/5794 [00:57<00:29, 63.48it/s]
 67%|██████▋   | 3903/5794 [00:57<00:29, 63.37it/s]
 68%|██████▊   | 3911/5794 [00:57<00:28, 65.76it/s]
 68%|██████▊   | 3919/5794 [00:57<00:27, 67.60it/s]
 68%|██████▊   | 3927/5794 [00:57<00:27, 68.75it/s]
 68%|██████▊   | 3935/5794 [00:58<00:26, 69.73it/s]
 68%|██████▊   | 3943/5794 [00:58<00:26, 70.49it/s]
 68%|██████▊   | 3951/5794 [00:58<00:25, 70.99it/s]
 68%|██████▊   | 3959/5794 [00:58<00:25, 71.53it/s]
 68%|██████▊   | 3967/5794 [00:58<00:25, 71.78it/s]
 69%|██████▊   | 3975/5794 [00:58<00:25, 72.08it/s]
 69%|██████▊   | 3983/5794 [00:58<00:25, 72.11it/s]
 69%|██████▉   | 3991/5794 [00:58<00:24, 72.27it/s]
 69%|██████▉   | 3999/5794 [00:58<00:24, 72.33it/s]
 69%|██████▉   | 4007/5794 [00:59<00:24, 72.49it/s]
 69%|██████▉   | 4015/5794 [00:59<00:24, 72.35it/s]
 69%|██████▉   | 4023/5794 [00:59<00:24, 72.32it/s]
 70%|██████▉   | 4031/5794 [00:59<00:24, 72.42it/s]
 70%|██████▉   | 4039/5794 [00:59<00:24, 72.34it/s]
 70%|██████▉   | 4047/5794 [00:59<00:24, 72.37it/s]
 70%|██████▉   | 4055/5794 [00:59<00:24, 72.35it/s]
 70%|███████   | 4063/5794 [00:59<00:24, 71.92it/s]
 70%|███████   | 4071/5794 [00:59<00:23, 71.91it/s]
 70%|███████   | 4079/5794 [01:00<00:23, 72.19it/s]
 71%|███████   | 4087/5794 [01:00<00:23, 72.29it/s]
 71%|███████   | 4095/5794 [01:00<00:23, 72.60it/s]
 71%|███████   | 4103/5794 [01:00<00:23, 72.52it/s]
 71%|███████   | 4111/5794 [01:00<00:23, 72.15it/s]
 71%|███████   | 4119/5794 [01:00<00:23, 72.17it/s]
 71%|███████   | 4127/5794 [01:00<00:22, 72.56it/s]
 71%|███████▏  | 4135/5794 [01:00<00:22, 72.42it/s]
 72%|███████▏  | 4143/5794 [01:00<00:22, 72.63it/s]
 72%|███████▏  | 4151/5794 [01:01<00:22, 72.69it/s]
 72%|███████▏  | 4159/5794 [01:01<00:22, 72.49it/s]
 72%|███████▏  | 4167/5794 [01:01<00:22, 72.41it/s]
 72%|███████▏  | 4175/5794 [01:01<00:22, 72.31it/s]
 72%|███████▏  | 4183/5794 [01:01<00:22, 72.46it/s]
 72%|███████▏  | 4191/5794 [01:01<00:22, 72.08it/s]
 72%|███████▏  | 4199/5794 [01:01<00:22, 72.32it/s]
 73%|███████▎  | 4207/5794 [01:01<00:21, 72.35it/s]
 73%|███████▎  | 4215/5794 [01:01<00:21, 72.51it/s]
 73%|███████▎  | 4223/5794 [01:02<00:21, 72.39it/s]
 73%|███████▎  | 4231/5794 [01:02<00:21, 72.33it/s]
 73%|███████▎  | 4239/5794 [01:02<00:21, 72.40it/s]
 73%|███████▎  | 4247/5794 [01:02<00:21, 72.37it/s]
 73%|███████▎  | 4255/5794 [01:02<00:21, 72.34it/s]
 74%|███████▎  | 4263/5794 [01:02<00:21, 70.62it/s]
 74%|███████▎  | 4271/5794 [01:02<00:22, 68.46it/s]
 74%|███████▍  | 4278/5794 [01:02<00:22, 67.23it/s]
 74%|███████▍  | 4285/5794 [01:02<00:22, 66.25it/s]
 74%|███████▍  | 4292/5794 [01:03<00:22, 65.58it/s]
 74%|███████▍  | 4299/5794 [01:03<00:22, 65.24it/s]
 74%|███████▍  | 4306/5794 [01:03<00:22, 64.84it/s]
 74%|███████▍  | 4313/5794 [01:03<00:22, 65.09it/s]
 75%|███████▍  | 4321/5794 [01:03<00:21, 67.40it/s]
 75%|███████▍  | 4329/5794 [01:03<00:21, 68.80it/s]
 75%|███████▍  | 4337/5794 [01:03<00:20, 69.82it/s]
 75%|███████▍  | 4345/5794 [01:03<00:20, 70.42it/s]
 75%|███████▌  | 4353/5794 [01:03<00:20, 70.74it/s]
 75%|███████▌  | 4361/5794 [01:04<00:21, 68.04it/s]
 75%|███████▌  | 4368/5794 [01:04<00:21, 67.04it/s]
 76%|███████▌  | 4375/5794 [01:04<00:21, 66.03it/s]
 76%|███████▌  | 4382/5794 [01:04<00:21, 65.46it/s]
 76%|███████▌  | 4389/5794 [01:04<00:21, 64.83it/s]
 76%|███████▌  | 4396/5794 [01:04<00:21, 64.47it/s]
 76%|███████▌  | 4403/5794 [01:04<00:21, 64.33it/s]
 76%|███████▌  | 4410/5794 [01:04<00:21, 64.22it/s]
 76%|███████▌  | 4417/5794 [01:04<00:21, 64.10it/s]
 76%|███████▋  | 4424/5794 [01:05<00:21, 63.90it/s]
 76%|███████▋  | 4431/5794 [01:05<00:21, 63.94it/s]
 77%|███████▋  | 4438/5794 [01:05<00:21, 63.97it/s]
 77%|███████▋  | 4445/5794 [01:05<00:21, 63.90it/s]
 77%|███████▋  | 4452/5794 [01:05<00:20, 64.01it/s]
 77%|███████▋  | 4459/5794 [01:05<00:20, 63.90it/s]
 77%|███████▋  | 4466/5794 [01:05<00:20, 63.99it/s]
 77%|███████▋  | 4473/5794 [01:05<00:20, 64.04it/s]
 77%|███████▋  | 4480/5794 [01:05<00:20, 63.92it/s]
 77%|███████▋  | 4487/5794 [01:06<00:20, 63.97it/s]
 78%|███████▊  | 4494/5794 [01:06<00:20, 63.79it/s]
 78%|███████▊  | 4501/5794 [01:06<00:20, 63.98it/s]
 78%|███████▊  | 4508/5794 [01:06<00:20, 64.04it/s]
 78%|███████▊  | 4515/5794 [01:06<00:20, 63.88it/s]
 78%|███████▊  | 4522/5794 [01:06<00:19, 64.02it/s]
 78%|███████▊  | 4529/5794 [01:06<00:19, 63.88it/s]
 78%|███████▊  | 4536/5794 [01:06<00:19, 63.99it/s]
 78%|███████▊  | 4543/5794 [01:06<00:19, 63.82it/s]
 79%|███████▊  | 4550/5794 [01:07<00:19, 63.96it/s]
 79%|███████▊  | 4557/5794 [01:07<00:19, 64.01it/s]
 79%|███████▉  | 4564/5794 [01:07<00:19, 63.92it/s]
 79%|███████▉  | 4571/5794 [01:07<00:19, 63.70it/s]
 79%|███████▉  | 4578/5794 [01:07<00:19, 63.66it/s]
 79%|███████▉  | 4585/5794 [01:07<00:18, 63.89it/s]
 79%|███████▉  | 4592/5794 [01:07<00:18, 63.92it/s]
 79%|███████▉  | 4599/5794 [01:07<00:18, 63.88it/s]
 79%|███████▉  | 4606/5794 [01:07<00:18, 63.94it/s]
 80%|███████▉  | 4613/5794 [01:07<00:18, 63.87it/s]
 80%|███████▉  | 4620/5794 [01:08<00:18, 63.97it/s]
 80%|███████▉  | 4628/5794 [01:08<00:17, 65.87it/s]
 80%|████████  | 4636/5794 [01:08<00:17, 68.00it/s]
 80%|████████  | 4644/5794 [01:08<00:16, 69.49it/s]
 80%|████████  | 4651/5794 [01:08<00:16, 68.17it/s]
 80%|████████  | 4658/5794 [01:08<00:16, 66.92it/s]
 81%|████████  | 4665/5794 [01:08<00:17, 66.12it/s]
 81%|████████  | 4672/5794 [01:08<00:17, 65.65it/s]
 81%|████████  | 4679/5794 [01:08<00:17, 64.97it/s]
 81%|████████  | 4686/5794 [01:09<00:17, 64.84it/s]
 81%|████████  | 4693/5794 [01:09<00:17, 64.70it/s]
 81%|████████  | 4700/5794 [01:09<00:16, 64.41it/s]
 81%|████████  | 4707/5794 [01:09<00:16, 65.74it/s]
 81%|████████▏ | 4714/5794 [01:09<00:16, 65.34it/s]
 81%|████████▏ | 4721/5794 [01:09<00:16, 64.99it/s]
 82%|████████▏ | 4728/5794 [01:09<00:16, 64.72it/s]
 82%|████████▏ | 4735/5794 [01:09<00:16, 64.29it/s]
 82%|████████▏ | 4742/5794 [01:09<00:16, 64.35it/s]
 82%|████████▏ | 4749/5794 [01:10<00:16, 64.22it/s]
 82%|████████▏ | 4756/5794 [01:10<00:16, 64.13it/s]
 82%|████████▏ | 4763/5794 [01:10<00:16, 64.10it/s]
 82%|████████▏ | 4770/5794 [01:10<00:16, 64.00it/s]
 82%|████████▏ | 4777/5794 [01:10<00:15, 64.02it/s]
 83%|████████▎ | 4784/5794 [01:10<00:15, 63.93it/s]
 83%|████████▎ | 4791/5794 [01:10<00:15, 63.95it/s]
 83%|████████▎ | 4798/5794 [01:10<00:15, 63.72it/s]
 83%|████████▎ | 4805/5794 [01:10<00:15, 63.97it/s]
 83%|████████▎ | 4812/5794 [01:11<00:15, 63.94it/s]
 83%|████████▎ | 4819/5794 [01:11<00:15, 63.87it/s]
 83%|████████▎ | 4826/5794 [01:11<00:15, 63.98it/s]
 83%|████████▎ | 4833/5794 [01:11<00:15, 63.87it/s]
 84%|████████▎ | 4840/5794 [01:11<00:14, 63.96it/s]
 84%|████████▎ | 4847/5794 [01:11<00:14, 63.98it/s]
 84%|████████▍ | 4854/5794 [01:11<00:14, 63.89it/s]
 84%|████████▍ | 4861/5794 [01:11<00:14, 65.40it/s]
 84%|████████▍ | 4869/5794 [01:11<00:13, 67.83it/s]
 84%|████████▍ | 4877/5794 [01:12<00:13, 69.67it/s]
 84%|████████▍ | 4885/5794 [01:12<00:12, 70.71it/s]
 84%|████████▍ | 4893/5794 [01:12<00:12, 71.74it/s]
 85%|████████▍ | 4901/5794 [01:12<00:12, 72.20it/s]
 85%|████████▍ | 4909/5794 [01:12<00:12, 72.65it/s]
 85%|████████▍ | 4917/5794 [01:12<00:12, 72.80it/s]
 85%|████████▌ | 4925/5794 [01:12<00:12, 71.88it/s]
 85%|████████▌ | 4933/5794 [01:12<00:12, 69.38it/s]
 85%|████████▌ | 4940/5794 [01:12<00:12, 67.81it/s]
 85%|████████▌ | 4947/5794 [01:13<00:12, 66.82it/s]
 86%|████████▌ | 4954/5794 [01:13<00:12, 65.87it/s]
 86%|████████▌ | 4961/5794 [01:13<00:12, 65.47it/s]
 86%|████████▌ | 4968/5794 [01:13<00:12, 65.03it/s]
 86%|████████▌ | 4975/5794 [01:13<00:12, 64.89it/s]
 86%|████████▌ | 4982/5794 [01:13<00:12, 64.64it/s]
 86%|████████▌ | 4989/5794 [01:13<00:12, 64.49it/s]
 86%|████████▌ | 4996/5794 [01:13<00:12, 64.41it/s]
 86%|████████▋ | 5003/5794 [01:13<00:12, 64.17it/s]
 86%|████████▋ | 5010/5794 [01:14<00:12, 64.17it/s]
 87%|████████▋ | 5017/5794 [01:14<00:12, 64.17it/s]
 87%|████████▋ | 5024/5794 [01:14<00:12, 64.06it/s]
 87%|████████▋ | 5031/5794 [01:14<00:11, 63.88it/s]
 87%|████████▋ | 5038/5794 [01:14<00:11, 63.67it/s]
 87%|████████▋ | 5045/5794 [01:14<00:11, 63.71it/s]
 87%|████████▋ | 5052/5794 [01:14<00:11, 63.88it/s]
 87%|████████▋ | 5059/5794 [01:14<00:11, 63.57it/s]
 87%|████████▋ | 5066/5794 [01:14<00:11, 63.77it/s]
 88%|████████▊ | 5073/5794 [01:14<00:11, 63.73it/s]
 88%|████████▊ | 5080/5794 [01:15<00:11, 63.84it/s]
 88%|████████▊ | 5087/5794 [01:15<00:11, 63.70it/s]
 88%|████████▊ | 5094/5794 [01:15<00:10, 63.96it/s]
 88%|████████▊ | 5101/5794 [01:15<00:10, 64.09it/s]
 88%|████████▊ | 5108/5794 [01:15<00:10, 63.99it/s]
 88%|████████▊ | 5115/5794 [01:15<00:10, 64.18it/s]
 88%|████████▊ | 5122/5794 [01:15<00:10, 63.94it/s]
 89%|████████▊ | 5129/5794 [01:15<00:10, 64.03it/s]
 89%|████████▊ | 5136/5794 [01:15<00:10, 64.03it/s]
 89%|████████▉ | 5143/5794 [01:16<00:10, 63.59it/s]
 89%|████████▉ | 5150/5794 [01:16<00:10, 63.71it/s]
 89%|████████▉ | 5157/5794 [01:16<00:10, 63.70it/s]
 89%|████████▉ | 5164/5794 [01:16<00:09, 63.75it/s]
 89%|████████▉ | 5171/5794 [01:16<00:09, 63.80it/s]
 89%|████████▉ | 5178/5794 [01:16<00:09, 63.74it/s]
 89%|████████▉ | 5185/5794 [01:16<00:09, 63.86it/s]
 90%|████████▉ | 5192/5794 [01:16<00:09, 63.78it/s]
 90%|████████▉ | 5199/5794 [01:16<00:09, 63.93it/s]
 90%|████████▉ | 5206/5794 [01:17<00:09, 63.78it/s]
 90%|████████▉ | 5213/5794 [01:17<00:09, 63.87it/s]
 90%|█████████ | 5220/5794 [01:17<00:08, 63.88it/s]
 90%|█████████ | 5227/5794 [01:17<00:08, 63.81it/s]
 90%|█████████ | 5234/5794 [01:17<00:08, 63.90it/s]
 90%|█████████ | 5241/5794 [01:17<00:08, 63.75it/s]
 91%|█████████ | 5248/5794 [01:17<00:08, 63.81it/s]
 91%|█████████ | 5255/5794 [01:17<00:08, 63.96it/s]
 91%|█████████ | 5262/5794 [01:17<00:08, 64.07it/s]
 91%|█████████ | 5270/5794 [01:18<00:07, 66.70it/s]
 91%|█████████ | 5278/5794 [01:18<00:07, 68.44it/s]
 91%|█████████ | 5286/5794 [01:18<00:07, 69.92it/s]
 91%|█████████▏| 5294/5794 [01:18<00:07, 70.82it/s]
 92%|█████████▏| 5302/5794 [01:18<00:06, 71.45it/s]
 92%|█████████▏| 5310/5794 [01:18<00:06, 71.82it/s]
 92%|█████████▏| 5318/5794 [01:18<00:06, 72.28it/s]
 92%|█████████▏| 5326/5794 [01:18<00:06, 72.35it/s]
 92%|█████████▏| 5334/5794 [01:18<00:06, 72.58it/s]
 92%|█████████▏| 5342/5794 [01:19<00:06, 72.59it/s]
 92%|█████████▏| 5350/5794 [01:19<00:06, 72.72it/s]
 92%|█████████▏| 5358/5794 [01:19<00:06, 72.66it/s]
 93%|█████████▎| 5366/5794 [01:19<00:05, 72.33it/s]
 93%|█████████▎| 5374/5794 [01:19<00:05, 72.19it/s]
 93%|█████████▎| 5382/5794 [01:19<00:05, 72.08it/s]
 93%|█████████▎| 5390/5794 [01:19<00:05, 70.48it/s]
 93%|█████████▎| 5398/5794 [01:19<00:05, 70.98it/s]
 93%|█████████▎| 5406/5794 [01:19<00:05, 71.55it/s]
 93%|█████████▎| 5414/5794 [01:20<00:05, 71.83it/s]
 94%|█████████▎| 5422/5794 [01:20<00:05, 72.13it/s]
 94%|█████████▎| 5430/5794 [01:20<00:05, 72.21it/s]
 94%|█████████▍| 5438/5794 [01:20<00:04, 72.46it/s]
 94%|█████████▍| 5446/5794 [01:20<00:04, 72.01it/s]
 94%|█████████▍| 5454/5794 [01:20<00:04, 72.32it/s]
 94%|█████████▍| 5462/5794 [01:20<00:04, 72.38it/s]
 94%|█████████▍| 5470/5794 [01:20<00:04, 72.59it/s]
 95%|█████████▍| 5478/5794 [01:20<00:04, 72.55it/s]
 95%|█████████▍| 5486/5794 [01:21<00:04, 72.74it/s]
 95%|█████████▍| 5494/5794 [01:21<00:04, 72.79it/s]
 95%|█████████▍| 5502/5794 [01:21<00:04, 72.69it/s]
 95%|█████████▌| 5510/5794 [01:21<00:03, 72.57it/s]
 95%|█████████▌| 5518/5794 [01:21<00:03, 72.46it/s]
 95%|█████████▌| 5526/5794 [01:21<00:03, 72.58it/s]
 96%|█████████▌| 5534/5794 [01:21<00:03, 72.55it/s]
 96%|█████████▌| 5542/5794 [01:21<00:03, 72.68it/s]
 96%|█████████▌| 5550/5794 [01:21<00:03, 72.57it/s]
 96%|█████████▌| 5558/5794 [01:22<00:03, 72.69it/s]
 96%|█████████▌| 5566/5794 [01:22<00:03, 72.35it/s]
 96%|█████████▌| 5574/5794 [01:22<00:03, 72.95it/s]
 96%|█████████▋| 5582/5794 [01:22<00:02, 73.37it/s]
 96%|█████████▋| 5590/5794 [01:22<00:02, 73.77it/s]
 97%|█████████▋| 5598/5794 [01:22<00:02, 72.33it/s]
 97%|█████████▋| 5606/5794 [01:22<00:02, 69.74it/s]
 97%|█████████▋| 5613/5794 [01:22<00:02, 68.13it/s]
 97%|█████████▋| 5620/5794 [01:22<00:02, 66.72it/s]
 97%|█████████▋| 5627/5794 [01:23<00:02, 65.85it/s]
 97%|█████████▋| 5634/5794 [01:23<00:02, 65.09it/s]
 97%|█████████▋| 5641/5794 [01:23<00:02, 64.92it/s]
 97%|█████████▋| 5648/5794 [01:23<00:02, 64.41it/s]
 98%|█████████▊| 5655/5794 [01:23<00:02, 64.31it/s]
 98%|█████████▊| 5662/5794 [01:23<00:02, 64.18it/s]
 98%|█████████▊| 5669/5794 [01:23<00:01, 63.50it/s]
 98%|█████████▊| 5676/5794 [01:23<00:01, 63.77it/s]
 98%|█████████▊| 5683/5794 [01:23<00:01, 63.66it/s]
 98%|█████████▊| 5690/5794 [01:24<00:01, 63.82it/s]
 98%|█████████▊| 5697/5794 [01:24<00:01, 63.98it/s]
 98%|█████████▊| 5704/5794 [01:24<00:01, 65.18it/s]
 99%|█████████▊| 5712/5794 [01:24<00:01, 67.40it/s]
 99%|█████████▊| 5719/5794 [01:24<00:01, 67.49it/s]
 99%|█████████▉| 5726/5794 [01:24<00:01, 66.32it/s]
 99%|█████████▉| 5733/5794 [01:24<00:00, 65.32it/s]
 99%|█████████▉| 5740/5794 [01:24<00:00, 64.80it/s]
 99%|█████████▉| 5747/5794 [01:24<00:00, 64.42it/s]
 99%|█████████▉| 5754/5794 [01:25<00:00, 64.13it/s]
 99%|█████████▉| 5761/5794 [01:25<00:00, 63.97it/s]
100%|█████████▉| 5768/5794 [01:25<00:00, 63.35it/s]
100%|█████████▉| 5775/5794 [01:25<00:00, 63.60it/s]
100%|█████████▉| 5782/5794 [01:25<00:00, 63.66it/s]
100%|█████████▉| 5789/5794 [01:25<00:00, 63.70it/s]
100%|██████████| 5794/5794 [01:25<00:00, 67.59it/s]
BALANCED ACCS CHECKED FOR TEST
TEST SET RESULTS FOR CHECKPOINT trained_weights/waterbirds/upweight_waterbird_complete95_forest2water2_21048936_trial_000/best_balanced_valacc_0.67_epoch_0.ckpt
test_acc: 0.6536071798412151
balanced_test_acc: 0.6632916813450207
Land_on_Land_test_acc: 0.9778270509977827
Land_on_Water_test_acc: 0.3139689578713969
Water_on_Land_test_acc: 0.3987538940809969
Water_on_Water_test_acc: 0.9626168224299065
test_acc_Waterbird: 0.6806853582554517
test_acc_Landbird: 0.6458980044345898
