[CMD] /home/ryreu/miniconda3/envs/gals_a100/bin/python -u main.py --config configs/waterbirds_100_gals_vit.yaml --name rrr_waterbird_1.0_forest2water2_21047520_trial_000 DATA.ROOT=/home/ryreu/guided_cnn/waterbirds DATA.WATERBIRDS_DIR=waterbird_1.0_forest2water2 SEED=0 EXP.BASE.LR=0.0010000000000000002 EXP.CLASSIFIER.LR=9.999999999999991e-05 EXP.WEIGHT_DECAY=9.999999999999997e-06 EXP.AUX_LOSSES_ON_VAL=False EXP.LOSSES.GRADIENT_OUTSIDE.WEIGHT=10.000000000000002 EXP.NUM_EPOCHS=1
SEED: 0
DATA:
  BATCH_SIZE: 96
  NUM_WORKERS: 4
  SIZE: 224
  NORMALIZATION: imagenet
  ATTENTION_DIR: clip_vit_attention
  SEPARATE_CLASSES: false
  REMOVE_BACKGROUND: false
  ROOT: /home/ryreu/guided_cnn/waterbirds
  USE_CLASS_WEIGHTS: false
  USE_GROUP_WEIGHTS: false
  DATASET: waterbirds
  NUM_CLASSES: 2
  CONFOUNDING_FACTOR: 1.0
  WATERBIRDS_DIR: waterbird_1.0_forest2water2
EXP:
  NUM_TRIALS: 1
  LOSSES:
    CLASSIFICATION:
      WEIGHT: 1
    GRADIENT_OUTSIDE:
      COMPUTE: true
      LOG: false
      WEIGHT: 10.000000000000002
      CRITERION: L1
      GT: clip_vit
      COMBINE_ATT_MODE: average_nonzero
    GRADIENT_INSIDE:
      COMPUTE: false
      LOG: false
      WEIGHT: 1
      CRITERION: L1
      GT: segmentation
      COMBINE_ATT_MODE: average_nonzero
    GRADCAM:
      COMPUTE: false
      LOG: false
      WEIGHT: 1
      CRITERION: L1
      GT: segmentation
      MODE: match
      COMBINE_ATT_MODE: average_nonzero
  APPROACH: generic
  MODEL: resnet50
  PRETRAINED: true
  NUM_EPOCHS: 1
  OPTIMIZER: SGD
  WEIGHT_DECAY: 9.999999999999997e-06
  MOMENTUM: 0.9
  SCHEDULER: NONE
  BASE:
    LR: 0.0010000000000000002
  CLASSIFIER:
    LR: 9.999999999999991e-05
  AUX_LOSSES_ON_VAL: false
LOGGING:
  SAVE_EVERY: 0
  SAVE_BEST: true
  SAVE_LAST: false
  LOG_ATTENTION: false
  LOG_ATTENTION_STEP: 10
  SAVE_STATS_PATH: null
yaml: configs/waterbirds_100_gals_vit.yaml
name: rrr_waterbird_1.0_forest2water2_21047520_trial_000
test_checkpoint: null

WATERBIRDS DIR: /home/ryreu/guided_cnn/waterbirds/waterbird_1.0_forest2water2
NUMBER OF SAMPLES WITH LABEL Landbird: 3684
NUMBER OF SAMPLES WITH LABEL Waterbird: 1111
NUMBER OF SAMPLES WITH GROUP Land_on_Land: 3684
NUMBER OF SAMPLES WITH GROUP Land_on_Water: 0
NUMBER OF SAMPLES WITH GROUP Water_on_Land: 0
NUMBER OF SAMPLES WITH GROUP Water_on_Water: 1111
WATERBIRDS DIR: /home/ryreu/guided_cnn/waterbirds/waterbird_1.0_forest2water2
NUMBER OF SAMPLES WITH LABEL Landbird: 931
NUMBER OF SAMPLES WITH LABEL Waterbird: 268
NUMBER OF SAMPLES WITH GROUP Land_on_Land: 465
NUMBER OF SAMPLES WITH GROUP Land_on_Water: 466
NUMBER OF SAMPLES WITH GROUP Water_on_Land: 134
NUMBER OF SAMPLES WITH GROUP Water_on_Water: 134
NUM TRAIN: 4795

NUM VAL:   1199

Number classifier outputs: 1
Using pretrained model: True
USING SGD OPTIMIZER
class weights: None
group weights: None
WANDB DISABLED: skipping wandb.init()
EPOCH: 0

>>> TRAINING 


  0%|          | 0/50 [00:00<?, ?it/s]
  2%|▏         | 1/50 [00:05<04:29,  5.50s/it]
  4%|▍         | 2/50 [00:06<02:19,  2.91s/it]
  6%|▌         | 3/50 [00:07<01:37,  2.08s/it]
  8%|▊         | 4/50 [00:08<01:17,  1.69s/it]
 10%|█         | 5/50 [00:09<01:06,  1.47s/it]
 12%|█▏        | 6/50 [00:10<00:59,  1.34s/it]
 14%|█▍        | 7/50 [00:12<00:54,  1.26s/it]
 16%|█▌        | 8/50 [00:13<00:50,  1.21s/it]
 18%|█▊        | 9/50 [00:14<00:47,  1.17s/it]
 20%|██        | 10/50 [00:15<00:45,  1.14s/it]
 22%|██▏       | 11/50 [00:16<00:43,  1.13s/it]
 24%|██▍       | 12/50 [00:17<00:42,  1.12s/it]
 26%|██▌       | 13/50 [00:18<00:41,  1.11s/it]
 28%|██▊       | 14/50 [00:19<00:39,  1.10s/it]
 30%|███       | 15/50 [00:20<00:38,  1.10s/it]
 32%|███▏      | 16/50 [00:21<00:37,  1.10s/it]
 34%|███▍      | 17/50 [00:22<00:36,  1.09s/it]
 36%|███▌      | 18/50 [00:24<00:35,  1.10s/it]
 38%|███▊      | 19/50 [00:25<00:33,  1.09s/it]
 40%|████      | 20/50 [00:26<00:32,  1.09s/it]
 42%|████▏     | 21/50 [00:27<00:31,  1.09s/it]
 44%|████▍     | 22/50 [00:28<00:30,  1.09s/it]
 46%|████▌     | 23/50 [00:29<00:29,  1.10s/it]
 48%|████▊     | 24/50 [00:30<00:28,  1.09s/it]
 50%|█████     | 25/50 [00:31<00:27,  1.09s/it]
 52%|█████▏    | 26/50 [00:32<00:26,  1.10s/it]
 54%|█████▍    | 27/50 [00:33<00:25,  1.10s/it]
 56%|█████▌    | 28/50 [00:34<00:24,  1.10s/it]
 58%|█████▊    | 29/50 [00:36<00:23,  1.10s/it]
 60%|██████    | 30/50 [00:37<00:21,  1.09s/it]
 62%|██████▏   | 31/50 [00:38<00:20,  1.10s/it]
 64%|██████▍   | 32/50 [00:39<00:19,  1.09s/it]
 66%|██████▌   | 33/50 [00:40<00:18,  1.09s/it]
 68%|██████▊   | 34/50 [00:41<00:17,  1.09s/it]
 70%|███████   | 35/50 [00:42<00:16,  1.10s/it]
 72%|███████▏  | 36/50 [00:43<00:15,  1.10s/it]
 74%|███████▍  | 37/50 [00:44<00:14,  1.09s/it]
 76%|███████▌  | 38/50 [00:45<00:13,  1.09s/it]
 78%|███████▊  | 39/50 [00:47<00:12,  1.09s/it]
 80%|████████  | 40/50 [00:48<00:10,  1.09s/it]
 82%|████████▏ | 41/50 [00:49<00:09,  1.09s/it]
 84%|████████▍ | 42/50 [00:50<00:08,  1.09s/it]
 86%|████████▌ | 43/50 [00:51<00:07,  1.09s/it]
 88%|████████▊ | 44/50 [00:52<00:06,  1.09s/it]
 90%|█████████ | 45/50 [00:53<00:05,  1.09s/it]
 92%|█████████▏| 46/50 [00:54<00:04,  1.09s/it]
 94%|█████████▍| 47/50 [00:55<00:03,  1.09s/it]
 96%|█████████▌| 48/50 [00:56<00:02,  1.09s/it]
 98%|█████████▊| 49/50 [00:57<00:01,  1.09s/it]
100%|██████████| 50/50 [00:59<00:00,  1.09s/it]
100%|██████████| 50/50 [00:59<00:00,  1.18s/it]
>>> VALIDATING 


  0%|          | 0/13 [00:00<?, ?it/s]
  8%|▊         | 1/13 [00:01<00:17,  1.42s/it]
 15%|█▌        | 2/13 [00:01<00:07,  1.40it/s]
 31%|███       | 4/13 [00:01<00:02,  3.19it/s]
 38%|███▊      | 5/13 [00:02<00:03,  2.14it/s]
 46%|████▌     | 6/13 [00:02<00:03,  2.28it/s]
 62%|██████▏   | 8/13 [00:03<00:01,  3.68it/s]
 69%|██████▉   | 9/13 [00:03<00:01,  2.48it/s]
 77%|███████▋  | 10/13 [00:04<00:01,  1.80it/s]
 92%|█████████▏| 12/13 [00:05<00:00,  2.85it/s]
100%|██████████| 13/13 [00:05<00:00,  2.50it/s]
>>> LOGGING 

BALANCED ACCS CHECKED FOR TRAIN
BALANCED ACCS CHECKED FOR VAL
train_acc: 0.7293013555787279
val_acc: 0.6839032527105922
train_cls_loss: 0.47431737886852465
val_cls_loss: 0.566548323362842
train_total_loss: 0.47434192414514964
val_total_loss: 0.566548323362842
balanced_train_acc: 0.6122934361840093
balanced_val_acc: 0.5705909229363387
Land_on_Land_train_acc: 0.8303474484256244
Land_on_Land_val_acc: 0.9956989247311828
Land_on_Water_train_acc: 0
Land_on_Water_val_acc: 0.555793991416309
Water_on_Land_train_acc: 0
Water_on_Land_val_acc: 0.03731343283582089
Water_on_Water_train_acc: 0.39423942394239425
Water_on_Water_val_acc: 0.6940298507462687
train_dydx_outside_clip_vit_loss: 2.454231434474212e-05
train_acc_Landbird: 0.8303474484256244
train_acc_Waterbird: 0.39423942394239425
val_acc_Landbird: 0.7755102040816326
val_acc_Waterbird: 0.3656716417910448
TRAIN ACC:        0.7293013555787279
VAL ACC:          0.6839032527105922
BALANCED VAL ACC: 0.5705909229363387
prev best list: []
Saving to trained_weights/waterbirds/rrr_waterbird_1.0_forest2water2_21047520_trial_000/best_balanced_valacc_0.57_epoch_0.ckpt
>>> EVALUATING ON TEST SET
WATERBIRDS DIR: /home/ryreu/guided_cnn/waterbirds/waterbird_1.0_forest2water2
NUMBER OF SAMPLES WITH LABEL Landbird: 4510
NUMBER OF SAMPLES WITH LABEL Waterbird: 1284
NUMBER OF SAMPLES WITH GROUP Land_on_Land: 2255
NUMBER OF SAMPLES WITH GROUP Land_on_Water: 2255
NUMBER OF SAMPLES WITH GROUP Water_on_Land: 642
NUMBER OF SAMPLES WITH GROUP Water_on_Water: 642
NUM TEST:   5794

Loaded checkpoint trained_weights/waterbirds/rrr_waterbird_1.0_forest2water2_21047520_trial_000/best_balanced_valacc_0.57_epoch_0.ckpt

  0%|          | 0/5794 [00:00<?, ?it/s]
  0%|          | 1/5794 [00:00<28:04,  3.44it/s]
  0%|          | 7/5794 [00:00<04:25, 21.76it/s]
  0%|          | 14/5794 [00:00<02:41, 35.78it/s]
  0%|          | 21/5794 [00:00<02:09, 44.45it/s]
  0%|          | 28/5794 [00:00<01:54, 50.16it/s]
  1%|          | 35/5794 [00:00<01:46, 54.09it/s]
  1%|          | 42/5794 [00:00<01:41, 56.55it/s]
  1%|          | 49/5794 [00:01<01:38, 58.27it/s]
  1%|          | 56/5794 [00:01<01:33, 61.46it/s]
  1%|          | 64/5794 [00:01<01:28, 64.71it/s]
  1%|          | 72/5794 [00:01<01:25, 66.76it/s]
  1%|▏         | 80/5794 [00:01<01:23, 68.37it/s]
  2%|▏         | 88/5794 [00:01<01:21, 69.85it/s]
  2%|▏         | 96/5794 [00:01<01:21, 70.32it/s]
  2%|▏         | 104/5794 [00:01<01:21, 70.23it/s]
  2%|▏         | 112/5794 [00:01<01:20, 70.83it/s]
  2%|▏         | 120/5794 [00:02<01:20, 70.82it/s]
  2%|▏         | 128/5794 [00:02<01:19, 71.05it/s]
  2%|▏         | 136/5794 [00:02<01:19, 71.55it/s]
  2%|▏         | 144/5794 [00:02<01:18, 71.67it/s]
  3%|▎         | 152/5794 [00:02<01:18, 71.58it/s]
  3%|▎         | 160/5794 [00:02<01:18, 71.68it/s]
  3%|▎         | 168/5794 [00:02<01:19, 71.21it/s]
  3%|▎         | 176/5794 [00:02<01:18, 71.61it/s]
  3%|▎         | 184/5794 [00:02<01:18, 71.48it/s]
  3%|▎         | 192/5794 [00:03<01:18, 71.37it/s]
  3%|▎         | 200/5794 [00:03<01:18, 71.61it/s]
  4%|▎         | 208/5794 [00:03<01:18, 71.09it/s]
  4%|▎         | 216/5794 [00:03<01:18, 71.13it/s]
  4%|▍         | 224/5794 [00:03<01:18, 71.28it/s]
  4%|▍         | 232/5794 [00:03<01:17, 71.46it/s]
  4%|▍         | 240/5794 [00:03<01:17, 71.68it/s]
  4%|▍         | 248/5794 [00:03<01:17, 71.74it/s]
  4%|▍         | 256/5794 [00:03<01:17, 71.71it/s]
  5%|▍         | 264/5794 [00:04<01:17, 71.71it/s]
  5%|▍         | 272/5794 [00:04<01:17, 71.51it/s]
  5%|▍         | 280/5794 [00:04<01:17, 71.45it/s]
  5%|▍         | 288/5794 [00:04<01:17, 70.88it/s]
  5%|▌         | 296/5794 [00:04<01:17, 71.10it/s]
  5%|▌         | 304/5794 [00:04<01:17, 71.20it/s]
  5%|▌         | 312/5794 [00:04<01:17, 71.02it/s]
  6%|▌         | 320/5794 [00:04<01:16, 71.10it/s]
  6%|▌         | 328/5794 [00:04<01:17, 70.69it/s]
  6%|▌         | 336/5794 [00:05<01:16, 70.92it/s]
  6%|▌         | 344/5794 [00:05<01:17, 70.46it/s]
  6%|▌         | 352/5794 [00:05<01:16, 70.85it/s]
  6%|▌         | 360/5794 [00:05<01:17, 70.35it/s]
  6%|▋         | 368/5794 [00:05<01:16, 71.21it/s]
  6%|▋         | 376/5794 [00:05<01:16, 71.12it/s]
  7%|▋         | 384/5794 [00:05<01:16, 71.18it/s]
  7%|▋         | 392/5794 [00:05<01:15, 71.38it/s]
  7%|▋         | 400/5794 [00:05<01:15, 71.59it/s]
  7%|▋         | 408/5794 [00:06<01:15, 71.36it/s]
  7%|▋         | 416/5794 [00:06<01:15, 71.33it/s]
  7%|▋         | 424/5794 [00:06<01:15, 71.23it/s]
  7%|▋         | 432/5794 [00:06<01:15, 71.49it/s]
  8%|▊         | 440/5794 [00:06<01:14, 71.39it/s]
  8%|▊         | 448/5794 [00:06<01:14, 71.39it/s]
  8%|▊         | 456/5794 [00:06<01:14, 71.25it/s]
  8%|▊         | 464/5794 [00:06<01:15, 70.21it/s]
  8%|▊         | 472/5794 [00:07<01:15, 70.35it/s]
  8%|▊         | 480/5794 [00:07<01:15, 70.73it/s]
  8%|▊         | 488/5794 [00:07<01:14, 70.98it/s]
  9%|▊         | 496/5794 [00:07<01:16, 69.44it/s]
  9%|▊         | 503/5794 [00:07<01:18, 67.51it/s]
  9%|▉         | 510/5794 [00:07<01:20, 65.99it/s]
  9%|▉         | 517/5794 [00:07<01:21, 65.01it/s]
  9%|▉         | 524/5794 [00:07<01:22, 64.03it/s]
  9%|▉         | 531/5794 [00:07<01:22, 63.62it/s]
  9%|▉         | 538/5794 [00:08<01:22, 63.84it/s]
  9%|▉         | 545/5794 [00:08<01:22, 63.46it/s]
 10%|▉         | 552/5794 [00:08<01:22, 63.32it/s]
 10%|▉         | 559/5794 [00:08<01:22, 63.15it/s]
 10%|▉         | 566/5794 [00:08<01:22, 63.08it/s]
 10%|▉         | 573/5794 [00:08<01:23, 62.82it/s]
 10%|█         | 580/5794 [00:08<01:22, 62.92it/s]
 10%|█         | 587/5794 [00:08<01:22, 62.98it/s]
 10%|█         | 594/5794 [00:08<01:22, 62.85it/s]
 10%|█         | 601/5794 [00:09<01:22, 62.95it/s]
 10%|█         | 608/5794 [00:09<01:22, 62.84it/s]
 11%|█         | 615/5794 [00:09<01:22, 63.04it/s]
 11%|█         | 622/5794 [00:09<01:22, 63.05it/s]
 11%|█         | 629/5794 [00:09<01:21, 63.04it/s]
 11%|█         | 636/5794 [00:09<01:21, 63.06it/s]
 11%|█         | 643/5794 [00:09<01:21, 63.09it/s]
 11%|█         | 650/5794 [00:09<01:23, 61.60it/s]
 11%|█▏        | 657/5794 [00:09<01:21, 62.83it/s]
 11%|█▏        | 664/5794 [00:10<01:22, 62.35it/s]
 12%|█▏        | 671/5794 [00:10<01:22, 62.19it/s]
 12%|█▏        | 678/5794 [00:10<01:22, 62.12it/s]
 12%|█▏        | 685/5794 [00:10<01:21, 62.34it/s]
 12%|█▏        | 692/5794 [00:10<01:22, 61.88it/s]
 12%|█▏        | 699/5794 [00:10<01:21, 62.16it/s]
 12%|█▏        | 706/5794 [00:10<01:21, 62.25it/s]
 12%|█▏        | 713/5794 [00:10<01:21, 62.48it/s]
 12%|█▏        | 720/5794 [00:10<01:20, 62.66it/s]
 13%|█▎        | 727/5794 [00:11<01:20, 62.69it/s]
 13%|█▎        | 734/5794 [00:11<01:20, 62.97it/s]
 13%|█▎        | 741/5794 [00:11<01:20, 62.55it/s]
 13%|█▎        | 748/5794 [00:11<01:20, 62.47it/s]
 13%|█▎        | 755/5794 [00:11<01:20, 62.48it/s]
 13%|█▎        | 762/5794 [00:11<01:20, 62.39it/s]
 13%|█▎        | 769/5794 [00:11<01:20, 62.62it/s]
 13%|█▎        | 776/5794 [00:11<01:20, 62.36it/s]
 14%|█▎        | 783/5794 [00:11<01:19, 62.65it/s]
 14%|█▎        | 790/5794 [00:12<01:19, 62.79it/s]
 14%|█▍        | 797/5794 [00:12<01:19, 62.66it/s]
 14%|█▍        | 804/5794 [00:12<01:19, 62.63it/s]
 14%|█▍        | 811/5794 [00:12<01:19, 62.58it/s]
 14%|█▍        | 818/5794 [00:12<01:19, 62.71it/s]
 14%|█▍        | 825/5794 [00:12<01:19, 62.84it/s]
 14%|█▍        | 832/5794 [00:12<01:20, 61.71it/s]
 14%|█▍        | 839/5794 [00:12<01:18, 63.08it/s]
 15%|█▍        | 846/5794 [00:12<01:18, 62.86it/s]
 15%|█▍        | 853/5794 [00:13<01:18, 62.70it/s]
 15%|█▍        | 860/5794 [00:13<01:18, 62.63it/s]
 15%|█▍        | 867/5794 [00:13<01:18, 62.52it/s]
 15%|█▌        | 874/5794 [00:13<01:18, 62.54it/s]
 15%|█▌        | 881/5794 [00:13<01:18, 62.51it/s]
 15%|█▌        | 888/5794 [00:13<01:18, 62.66it/s]
 15%|█▌        | 895/5794 [00:13<01:18, 62.55it/s]
 16%|█▌        | 902/5794 [00:13<01:18, 62.70it/s]
 16%|█▌        | 909/5794 [00:13<01:18, 62.57it/s]
 16%|█▌        | 916/5794 [00:14<01:18, 62.44it/s]
 16%|█▌        | 923/5794 [00:14<01:17, 62.48it/s]
 16%|█▌        | 930/5794 [00:14<01:17, 62.37it/s]
 16%|█▌        | 937/5794 [00:14<01:17, 62.34it/s]
 16%|█▋        | 944/5794 [00:14<01:17, 62.78it/s]
 16%|█▋        | 951/5794 [00:14<01:17, 62.76it/s]
 17%|█▋        | 958/5794 [00:14<01:17, 62.04it/s]
 17%|█▋        | 965/5794 [00:14<01:17, 62.19it/s]
 17%|█▋        | 972/5794 [00:14<01:17, 62.47it/s]
 17%|█▋        | 979/5794 [00:15<01:16, 62.70it/s]
 17%|█▋        | 986/5794 [00:15<01:16, 62.63it/s]
 17%|█▋        | 993/5794 [00:15<01:16, 62.82it/s]
 17%|█▋        | 1000/5794 [00:15<01:16, 62.88it/s]
 17%|█▋        | 1007/5794 [00:15<01:16, 62.58it/s]
 18%|█▊        | 1014/5794 [00:15<01:15, 62.95it/s]
 18%|█▊        | 1021/5794 [00:15<01:15, 63.08it/s]
 18%|█▊        | 1028/5794 [00:15<01:15, 63.01it/s]
 18%|█▊        | 1035/5794 [00:15<01:15, 62.87it/s]
 18%|█▊        | 1042/5794 [00:16<01:15, 62.90it/s]
 18%|█▊        | 1049/5794 [00:16<01:15, 62.71it/s]
 18%|█▊        | 1056/5794 [00:16<01:15, 62.39it/s]
 18%|█▊        | 1063/5794 [00:16<01:15, 62.34it/s]
 18%|█▊        | 1070/5794 [00:16<01:15, 62.48it/s]
 19%|█▊        | 1077/5794 [00:16<01:15, 62.50it/s]
 19%|█▊        | 1084/5794 [00:16<01:15, 62.61it/s]
 19%|█▉        | 1091/5794 [00:16<01:14, 62.79it/s]
 19%|█▉        | 1098/5794 [00:16<01:14, 62.80it/s]
 19%|█▉        | 1105/5794 [00:17<01:14, 62.74it/s]
 19%|█▉        | 1112/5794 [00:17<01:14, 62.84it/s]
 19%|█▉        | 1119/5794 [00:17<01:14, 62.80it/s]
 19%|█▉        | 1126/5794 [00:17<01:14, 62.96it/s]
 20%|█▉        | 1133/5794 [00:17<01:14, 62.75it/s]
 20%|█▉        | 1140/5794 [00:17<01:14, 62.83it/s]
 20%|█▉        | 1147/5794 [00:17<01:13, 62.86it/s]
 20%|█▉        | 1154/5794 [00:17<01:14, 62.42it/s]
 20%|██        | 1161/5794 [00:17<01:13, 62.94it/s]
 20%|██        | 1168/5794 [00:18<01:13, 62.83it/s]
 20%|██        | 1175/5794 [00:18<01:13, 62.68it/s]
 20%|██        | 1182/5794 [00:18<01:13, 62.66it/s]
 21%|██        | 1189/5794 [00:18<01:13, 62.56it/s]
 21%|██        | 1196/5794 [00:18<01:13, 62.34it/s]
 21%|██        | 1203/5794 [00:18<01:13, 62.33it/s]
 21%|██        | 1210/5794 [00:18<01:11, 64.29it/s]
 21%|██        | 1218/5794 [00:18<01:08, 66.55it/s]
 21%|██        | 1226/5794 [00:18<01:06, 68.52it/s]
 21%|██▏       | 1234/5794 [00:19<01:05, 69.80it/s]
 21%|██▏       | 1242/5794 [00:19<01:04, 70.57it/s]
 22%|██▏       | 1250/5794 [00:19<01:07, 67.29it/s]
 22%|██▏       | 1257/5794 [00:19<01:08, 65.79it/s]
 22%|██▏       | 1264/5794 [00:19<01:09, 64.98it/s]
 22%|██▏       | 1271/5794 [00:19<01:10, 64.27it/s]
 22%|██▏       | 1278/5794 [00:19<01:10, 63.92it/s]
 22%|██▏       | 1285/5794 [00:19<01:11, 63.32it/s]
 22%|██▏       | 1292/5794 [00:19<01:12, 62.51it/s]
 22%|██▏       | 1299/5794 [00:20<01:11, 62.61it/s]
 23%|██▎       | 1306/5794 [00:20<01:11, 62.59it/s]
 23%|██▎       | 1313/5794 [00:20<01:11, 62.72it/s]
 23%|██▎       | 1320/5794 [00:20<01:11, 62.85it/s]
 23%|██▎       | 1327/5794 [00:20<01:10, 63.10it/s]
 23%|██▎       | 1334/5794 [00:20<01:10, 63.17it/s]
 23%|██▎       | 1341/5794 [00:20<01:10, 63.05it/s]
 23%|██▎       | 1348/5794 [00:20<01:10, 63.11it/s]
 23%|██▎       | 1355/5794 [00:20<01:10, 63.13it/s]
 24%|██▎       | 1362/5794 [00:21<01:09, 63.38it/s]
 24%|██▎       | 1369/5794 [00:21<01:10, 62.99it/s]
 24%|██▎       | 1376/5794 [00:21<01:10, 62.66it/s]
 24%|██▍       | 1383/5794 [00:21<01:10, 62.95it/s]
 24%|██▍       | 1390/5794 [00:21<01:10, 62.85it/s]
 24%|██▍       | 1397/5794 [00:21<01:09, 62.97it/s]
 24%|██▍       | 1404/5794 [00:21<01:10, 62.35it/s]
 24%|██▍       | 1411/5794 [00:21<01:10, 62.59it/s]
 24%|██▍       | 1418/5794 [00:21<01:09, 62.70it/s]
 25%|██▍       | 1425/5794 [00:22<01:09, 62.84it/s]
 25%|██▍       | 1432/5794 [00:22<01:09, 62.96it/s]
 25%|██▍       | 1439/5794 [00:22<01:09, 62.85it/s]
 25%|██▍       | 1446/5794 [00:22<01:08, 63.33it/s]
 25%|██▌       | 1454/5794 [00:22<01:05, 66.06it/s]
 25%|██▌       | 1462/5794 [00:22<01:03, 67.95it/s]
 25%|██▌       | 1470/5794 [00:22<01:02, 69.39it/s]
 26%|██▌       | 1478/5794 [00:22<01:01, 70.15it/s]
 26%|██▌       | 1486/5794 [00:22<01:00, 70.83it/s]
 26%|██▌       | 1494/5794 [00:23<01:00, 71.11it/s]
 26%|██▌       | 1502/5794 [00:23<01:00, 71.48it/s]
 26%|██▌       | 1510/5794 [00:23<00:59, 71.60it/s]
 26%|██▌       | 1518/5794 [00:23<00:59, 71.89it/s]
 26%|██▋       | 1526/5794 [00:23<00:59, 71.50it/s]
 26%|██▋       | 1534/5794 [00:23<00:59, 72.19it/s]
 27%|██▋       | 1542/5794 [00:23<00:58, 72.13it/s]
 27%|██▋       | 1550/5794 [00:23<00:58, 72.02it/s]
 27%|██▋       | 1558/5794 [00:23<00:58, 71.92it/s]
 27%|██▋       | 1566/5794 [00:24<00:59, 71.29it/s]
 27%|██▋       | 1574/5794 [00:24<00:59, 71.47it/s]
 27%|██▋       | 1582/5794 [00:24<00:58, 71.65it/s]
 27%|██▋       | 1590/5794 [00:24<00:58, 71.81it/s]
 28%|██▊       | 1598/5794 [00:24<00:58, 72.06it/s]
 28%|██▊       | 1606/5794 [00:24<00:58, 72.05it/s]
 28%|██▊       | 1614/5794 [00:24<00:58, 71.89it/s]
 28%|██▊       | 1622/5794 [00:24<00:57, 72.12it/s]
 28%|██▊       | 1630/5794 [00:24<00:57, 72.21it/s]
 28%|██▊       | 1638/5794 [00:25<00:57, 72.40it/s]
 28%|██▊       | 1646/5794 [00:25<00:57, 72.37it/s]
 29%|██▊       | 1654/5794 [00:25<00:57, 72.26it/s]
 29%|██▊       | 1662/5794 [00:25<00:57, 72.14it/s]
 29%|██▉       | 1670/5794 [00:25<00:57, 72.13it/s]
 29%|██▉       | 1678/5794 [00:25<00:57, 71.90it/s]
 29%|██▉       | 1686/5794 [00:25<00:56, 72.20it/s]
 29%|██▉       | 1694/5794 [00:25<00:57, 71.90it/s]
 29%|██▉       | 1702/5794 [00:25<00:56, 72.45it/s]
 30%|██▉       | 1710/5794 [00:26<00:56, 72.35it/s]
 30%|██▉       | 1718/5794 [00:26<00:56, 72.22it/s]
 30%|██▉       | 1726/5794 [00:26<00:56, 71.93it/s]
 30%|██▉       | 1734/5794 [00:26<00:56, 71.86it/s]
 30%|███       | 1742/5794 [00:26<00:56, 71.69it/s]
 30%|███       | 1750/5794 [00:26<00:56, 71.40it/s]
 30%|███       | 1758/5794 [00:26<00:56, 71.84it/s]
 30%|███       | 1766/5794 [00:26<00:56, 71.81it/s]
 31%|███       | 1774/5794 [00:26<00:55, 72.00it/s]
 31%|███       | 1782/5794 [00:27<00:55, 71.89it/s]
 31%|███       | 1790/5794 [00:27<00:56, 71.08it/s]
 31%|███       | 1798/5794 [00:27<00:55, 71.57it/s]
 31%|███       | 1806/5794 [00:27<00:55, 71.83it/s]
 31%|███▏      | 1814/5794 [00:27<00:55, 71.92it/s]
 31%|███▏      | 1822/5794 [00:27<00:55, 72.11it/s]
 32%|███▏      | 1830/5794 [00:27<00:55, 71.94it/s]
 32%|███▏      | 1838/5794 [00:27<00:55, 71.82it/s]
 32%|███▏      | 1846/5794 [00:27<00:54, 71.82it/s]
 32%|███▏      | 1854/5794 [00:28<00:54, 71.90it/s]
 32%|███▏      | 1862/5794 [00:28<00:54, 71.72it/s]
 32%|███▏      | 1870/5794 [00:28<00:54, 71.97it/s]
 32%|███▏      | 1878/5794 [00:28<00:54, 71.96it/s]
 33%|███▎      | 1886/5794 [00:28<00:54, 72.10it/s]
 33%|███▎      | 1894/5794 [00:28<00:54, 72.04it/s]
 33%|███▎      | 1902/5794 [00:28<00:53, 72.20it/s]
 33%|███▎      | 1910/5794 [00:28<00:54, 70.99it/s]
 33%|███▎      | 1918/5794 [00:29<00:56, 68.31it/s]
 33%|███▎      | 1925/5794 [00:29<00:57, 66.77it/s]
 33%|███▎      | 1932/5794 [00:29<00:58, 65.54it/s]
 33%|███▎      | 1939/5794 [00:29<00:59, 64.83it/s]
 34%|███▎      | 1946/5794 [00:29<00:59, 64.40it/s]
 34%|███▎      | 1953/5794 [00:29<01:00, 63.93it/s]
 34%|███▍      | 1960/5794 [00:29<01:00, 63.74it/s]
 34%|███▍      | 1967/5794 [00:29<01:00, 63.55it/s]
 34%|███▍      | 1974/5794 [00:29<01:00, 62.95it/s]
 34%|███▍      | 1981/5794 [00:30<01:00, 62.72it/s]
 34%|███▍      | 1988/5794 [00:30<01:00, 62.72it/s]
 34%|███▍      | 1995/5794 [00:30<01:00, 62.89it/s]
 35%|███▍      | 2002/5794 [00:30<01:00, 63.01it/s]
 35%|███▍      | 2009/5794 [00:30<00:59, 63.10it/s]
 35%|███▍      | 2016/5794 [00:30<01:00, 62.70it/s]
 35%|███▍      | 2023/5794 [00:30<01:00, 62.42it/s]
 35%|███▌      | 2030/5794 [00:30<00:59, 62.75it/s]
 35%|███▌      | 2037/5794 [00:30<00:59, 62.79it/s]
 35%|███▌      | 2044/5794 [00:31<00:59, 62.98it/s]
 35%|███▌      | 2051/5794 [00:31<00:59, 62.90it/s]
 36%|███▌      | 2058/5794 [00:31<00:59, 62.35it/s]
 36%|███▌      | 2065/5794 [00:31<00:59, 62.21it/s]
 36%|███▌      | 2072/5794 [00:31<00:59, 62.35it/s]
 36%|███▌      | 2079/5794 [00:31<00:57, 64.24it/s]
 36%|███▌      | 2087/5794 [00:31<00:55, 66.66it/s]
 36%|███▌      | 2095/5794 [00:31<00:54, 68.44it/s]
 36%|███▋      | 2103/5794 [00:31<00:53, 69.60it/s]
 36%|███▋      | 2111/5794 [00:32<00:52, 70.58it/s]
 37%|███▋      | 2119/5794 [00:32<00:52, 70.35it/s]
 37%|███▋      | 2127/5794 [00:32<00:51, 71.08it/s]
 37%|███▋      | 2135/5794 [00:32<00:51, 71.25it/s]
 37%|███▋      | 2143/5794 [00:32<00:51, 70.68it/s]
 37%|███▋      | 2151/5794 [00:32<00:53, 68.03it/s]
 37%|███▋      | 2158/5794 [00:32<00:54, 66.39it/s]
 37%|███▋      | 2166/5794 [00:32<00:53, 68.17it/s]
 38%|███▊      | 2174/5794 [00:32<00:52, 69.05it/s]
 38%|███▊      | 2182/5794 [00:33<00:51, 70.37it/s]
 38%|███▊      | 2190/5794 [00:33<00:50, 71.17it/s]
 38%|███▊      | 2198/5794 [00:33<00:50, 71.58it/s]
 38%|███▊      | 2206/5794 [00:33<00:49, 71.77it/s]
 38%|███▊      | 2214/5794 [00:33<00:49, 71.93it/s]
 38%|███▊      | 2222/5794 [00:33<00:50, 71.12it/s]
 38%|███▊      | 2230/5794 [00:33<00:51, 68.77it/s]
 39%|███▊      | 2237/5794 [00:33<00:52, 67.13it/s]
 39%|███▊      | 2244/5794 [00:33<00:53, 65.95it/s]
 39%|███▉      | 2251/5794 [00:34<00:54, 65.15it/s]
 39%|███▉      | 2258/5794 [00:34<00:54, 65.24it/s]
 39%|███▉      | 2266/5794 [00:34<00:52, 67.27it/s]
 39%|███▉      | 2274/5794 [00:34<00:51, 68.79it/s]
 39%|███▉      | 2282/5794 [00:34<00:50, 69.79it/s]
 40%|███▉      | 2290/5794 [00:34<00:49, 70.44it/s]
 40%|███▉      | 2298/5794 [00:34<00:49, 71.10it/s]
 40%|███▉      | 2306/5794 [00:34<00:48, 71.36it/s]
 40%|███▉      | 2314/5794 [00:34<00:48, 71.48it/s]
 40%|████      | 2322/5794 [00:35<00:48, 71.49it/s]
 40%|████      | 2330/5794 [00:35<00:48, 71.63it/s]
 40%|████      | 2338/5794 [00:35<00:48, 71.82it/s]
 40%|████      | 2346/5794 [00:35<00:47, 71.86it/s]
 41%|████      | 2354/5794 [00:35<00:47, 71.77it/s]
 41%|████      | 2362/5794 [00:35<00:47, 71.98it/s]
 41%|████      | 2370/5794 [00:35<00:47, 71.86it/s]
 41%|████      | 2378/5794 [00:35<00:47, 71.76it/s]
 41%|████      | 2386/5794 [00:35<00:47, 71.84it/s]
 41%|████▏     | 2394/5794 [00:36<00:47, 71.76it/s]
 41%|████▏     | 2402/5794 [00:36<00:47, 71.76it/s]
 42%|████▏     | 2410/5794 [00:36<00:47, 71.45it/s]
 42%|████▏     | 2418/5794 [00:36<00:47, 71.31it/s]
 42%|████▏     | 2426/5794 [00:36<00:47, 71.24it/s]
 42%|████▏     | 2434/5794 [00:36<00:47, 71.03it/s]
 42%|████▏     | 2442/5794 [00:36<00:47, 70.89it/s]
 42%|████▏     | 2450/5794 [00:36<00:46, 71.25it/s]
 42%|████▏     | 2458/5794 [00:36<00:47, 70.42it/s]
 43%|████▎     | 2466/5794 [00:37<00:46, 70.86it/s]
 43%|████▎     | 2474/5794 [00:37<00:46, 70.90it/s]
 43%|████▎     | 2482/5794 [00:37<00:46, 70.97it/s]
 43%|████▎     | 2490/5794 [00:37<00:46, 70.89it/s]
 43%|████▎     | 2498/5794 [00:37<00:46, 71.00it/s]
 43%|████▎     | 2506/5794 [00:37<00:46, 70.96it/s]
 43%|████▎     | 2514/5794 [00:37<00:46, 70.89it/s]
 44%|████▎     | 2522/5794 [00:37<00:45, 71.29it/s]
 44%|████▎     | 2530/5794 [00:37<00:45, 71.30it/s]
 44%|████▍     | 2538/5794 [00:38<00:45, 71.22it/s]
 44%|████▍     | 2546/5794 [00:38<00:45, 71.25it/s]
 44%|████▍     | 2554/5794 [00:38<00:45, 71.17it/s]
 44%|████▍     | 2562/5794 [00:38<00:45, 71.25it/s]
 44%|████▍     | 2570/5794 [00:38<00:45, 70.80it/s]
 44%|████▍     | 2578/5794 [00:38<00:45, 71.40it/s]
 45%|████▍     | 2586/5794 [00:38<00:44, 71.46it/s]
 45%|████▍     | 2594/5794 [00:38<00:44, 71.54it/s]
 45%|████▍     | 2602/5794 [00:38<00:44, 71.45it/s]
 45%|████▌     | 2610/5794 [00:39<00:44, 71.22it/s]
 45%|████▌     | 2618/5794 [00:39<00:44, 71.11it/s]
 45%|████▌     | 2626/5794 [00:39<00:44, 71.42it/s]
 45%|████▌     | 2634/5794 [00:39<00:44, 71.35it/s]
 46%|████▌     | 2642/5794 [00:39<00:44, 71.17it/s]
 46%|████▌     | 2650/5794 [00:39<00:44, 71.14it/s]
 46%|████▌     | 2658/5794 [00:39<00:44, 70.88it/s]
 46%|████▌     | 2666/5794 [00:39<00:44, 70.84it/s]
 46%|████▌     | 2674/5794 [00:39<00:44, 70.75it/s]
 46%|████▋     | 2682/5794 [00:40<00:43, 70.93it/s]
 46%|████▋     | 2690/5794 [00:40<00:44, 70.15it/s]
 47%|████▋     | 2698/5794 [00:40<00:43, 70.64it/s]
 47%|████▋     | 2706/5794 [00:40<00:43, 71.05it/s]
 47%|████▋     | 2714/5794 [00:40<00:43, 71.40it/s]
 47%|████▋     | 2722/5794 [00:40<00:43, 70.21it/s]
 47%|████▋     | 2730/5794 [00:40<00:43, 70.82it/s]
 47%|████▋     | 2738/5794 [00:40<00:43, 70.45it/s]
 47%|████▋     | 2746/5794 [00:41<00:43, 70.56it/s]
 48%|████▊     | 2754/5794 [00:41<00:42, 70.82it/s]
 48%|████▊     | 2762/5794 [00:41<00:43, 70.43it/s]
 48%|████▊     | 2770/5794 [00:41<00:42, 70.45it/s]
 48%|████▊     | 2778/5794 [00:41<00:42, 70.86it/s]
 48%|████▊     | 2786/5794 [00:41<00:42, 70.90it/s]
 48%|████▊     | 2794/5794 [00:41<00:42, 70.71it/s]
 48%|████▊     | 2802/5794 [00:41<00:42, 70.85it/s]
 48%|████▊     | 2810/5794 [00:41<00:42, 70.58it/s]
 49%|████▊     | 2818/5794 [00:42<00:42, 70.45it/s]
 49%|████▉     | 2826/5794 [00:42<00:42, 70.20it/s]
 49%|████▉     | 2834/5794 [00:42<00:42, 70.27it/s]
 49%|████▉     | 2842/5794 [00:42<00:42, 70.11it/s]
 49%|████▉     | 2850/5794 [00:42<00:41, 70.18it/s]
 49%|████▉     | 2858/5794 [00:42<00:41, 70.34it/s]
 49%|████▉     | 2866/5794 [00:42<00:41, 70.39it/s]
 50%|████▉     | 2874/5794 [00:42<00:41, 70.45it/s]
 50%|████▉     | 2882/5794 [00:42<00:41, 70.38it/s]
 50%|████▉     | 2890/5794 [00:43<00:41, 70.35it/s]
 50%|█████     | 2898/5794 [00:43<00:41, 70.52it/s]
 50%|█████     | 2906/5794 [00:43<00:40, 70.52it/s]
 50%|█████     | 2914/5794 [00:43<00:40, 70.29it/s]
 50%|█████     | 2922/5794 [00:43<00:40, 70.45it/s]
 51%|█████     | 2930/5794 [00:43<00:41, 69.21it/s]
 51%|█████     | 2938/5794 [00:43<00:40, 70.04it/s]
 51%|█████     | 2946/5794 [00:43<00:40, 70.20it/s]
 51%|█████     | 2954/5794 [00:43<00:40, 70.37it/s]
 51%|█████     | 2962/5794 [00:44<00:40, 70.48it/s]
 51%|█████▏    | 2970/5794 [00:44<00:39, 70.65it/s]
 51%|█████▏    | 2978/5794 [00:44<00:39, 70.48it/s]
 52%|█████▏    | 2986/5794 [00:44<00:39, 70.57it/s]
 52%|█████▏    | 2994/5794 [00:44<00:39, 70.51it/s]
 52%|█████▏    | 3002/5794 [00:44<00:39, 70.68it/s]
 52%|█████▏    | 3010/5794 [00:44<00:39, 70.49it/s]
 52%|█████▏    | 3018/5794 [00:44<00:39, 70.30it/s]
 52%|█████▏    | 3026/5794 [00:44<00:39, 70.56it/s]
 52%|█████▏    | 3034/5794 [00:45<00:39, 70.49it/s]
 53%|█████▎    | 3042/5794 [00:45<00:39, 70.26it/s]
 53%|█████▎    | 3050/5794 [00:45<00:39, 70.20it/s]
 53%|█████▎    | 3058/5794 [00:45<00:39, 69.97it/s]
 53%|█████▎    | 3066/5794 [00:45<00:38, 70.02it/s]
 53%|█████▎    | 3074/5794 [00:45<00:38, 70.03it/s]
 53%|█████▎    | 3082/5794 [00:45<00:38, 70.16it/s]
 53%|█████▎    | 3090/5794 [00:45<00:38, 70.64it/s]
 53%|█████▎    | 3098/5794 [00:46<00:38, 70.46it/s]
 54%|█████▎    | 3106/5794 [00:46<00:38, 70.63it/s]
 54%|█████▎    | 3114/5794 [00:46<00:38, 70.35it/s]
 54%|█████▍    | 3122/5794 [00:46<00:37, 70.57it/s]
 54%|█████▍    | 3130/5794 [00:46<00:37, 70.67it/s]
 54%|█████▍    | 3138/5794 [00:46<00:37, 70.75it/s]
 54%|█████▍    | 3146/5794 [00:46<00:37, 70.83it/s]
 54%|█████▍    | 3154/5794 [00:46<00:37, 71.35it/s]
 55%|█████▍    | 3162/5794 [00:46<00:37, 71.03it/s]
 55%|█████▍    | 3170/5794 [00:47<00:36, 71.03it/s]
 55%|█████▍    | 3178/5794 [00:47<00:36, 71.13it/s]
 55%|█████▍    | 3186/5794 [00:47<00:36, 71.34it/s]
 55%|█████▌    | 3194/5794 [00:47<00:36, 71.22it/s]
 55%|█████▌    | 3202/5794 [00:47<00:36, 70.42it/s]
 55%|█████▌    | 3210/5794 [00:47<00:36, 70.78it/s]
 56%|█████▌    | 3218/5794 [00:47<00:36, 71.14it/s]
 56%|█████▌    | 3226/5794 [00:47<00:36, 71.07it/s]
 56%|█████▌    | 3234/5794 [00:47<00:36, 70.90it/s]
 56%|█████▌    | 3242/5794 [00:48<00:35, 71.17it/s]
 56%|█████▌    | 3250/5794 [00:48<00:35, 71.13it/s]
 56%|█████▌    | 3258/5794 [00:48<00:35, 70.79it/s]
 56%|█████▋    | 3266/5794 [00:48<00:35, 70.95it/s]
 57%|█████▋    | 3274/5794 [00:48<00:35, 70.72it/s]
 57%|█████▋    | 3282/5794 [00:48<00:35, 70.93it/s]
 57%|█████▋    | 3290/5794 [00:48<00:35, 71.04it/s]
 57%|█████▋    | 3298/5794 [00:48<00:35, 71.04it/s]
 57%|█████▋    | 3306/5794 [00:48<00:34, 71.10it/s]
 57%|█████▋    | 3314/5794 [00:49<00:34, 70.91it/s]
 57%|█████▋    | 3322/5794 [00:49<00:34, 70.78it/s]
 57%|█████▋    | 3330/5794 [00:49<00:34, 71.10it/s]
 58%|█████▊    | 3338/5794 [00:49<00:34, 71.01it/s]
 58%|█████▊    | 3346/5794 [00:49<00:34, 71.11it/s]
 58%|█████▊    | 3354/5794 [00:49<00:34, 70.40it/s]
 58%|█████▊    | 3362/5794 [00:49<00:34, 70.62it/s]
 58%|█████▊    | 3370/5794 [00:49<00:34, 70.22it/s]
 58%|█████▊    | 3378/5794 [00:49<00:34, 70.16it/s]
 58%|█████▊    | 3386/5794 [00:50<00:34, 70.18it/s]
 59%|█████▊    | 3394/5794 [00:50<00:34, 70.38it/s]
 59%|█████▊    | 3402/5794 [00:50<00:33, 70.36it/s]
 59%|█████▉    | 3410/5794 [00:50<00:34, 69.69it/s]
 59%|█████▉    | 3418/5794 [00:50<00:33, 70.58it/s]
 59%|█████▉    | 3426/5794 [00:50<00:33, 70.59it/s]
 59%|█████▉    | 3434/5794 [00:50<00:33, 70.35it/s]
 59%|█████▉    | 3442/5794 [00:50<00:33, 70.31it/s]
 60%|█████▉    | 3450/5794 [00:50<00:33, 69.86it/s]
 60%|█████▉    | 3458/5794 [00:51<00:33, 70.01it/s]
 60%|█████▉    | 3466/5794 [00:51<00:33, 69.57it/s]
 60%|█████▉    | 3473/5794 [00:51<00:33, 69.27it/s]
 60%|██████    | 3481/5794 [00:51<00:33, 69.70it/s]
 60%|██████    | 3489/5794 [00:51<00:33, 69.83it/s]
 60%|██████    | 3496/5794 [00:51<00:33, 69.45it/s]
 60%|██████    | 3504/5794 [00:51<00:32, 69.96it/s]
 61%|██████    | 3511/5794 [00:51<00:32, 69.59it/s]
 61%|██████    | 3519/5794 [00:51<00:32, 70.18it/s]
 61%|██████    | 3527/5794 [00:52<00:32, 69.92it/s]
 61%|██████    | 3534/5794 [00:52<00:32, 69.81it/s]
 61%|██████    | 3542/5794 [00:52<00:32, 69.98it/s]
 61%|██████▏   | 3550/5794 [00:52<00:32, 69.93it/s]
 61%|██████▏   | 3558/5794 [00:52<00:31, 70.09it/s]
 62%|██████▏   | 3566/5794 [00:52<00:31, 70.15it/s]
 62%|██████▏   | 3574/5794 [00:52<00:31, 69.44it/s]
 62%|██████▏   | 3582/5794 [00:52<00:31, 69.69it/s]
 62%|██████▏   | 3589/5794 [00:52<00:31, 69.69it/s]
 62%|██████▏   | 3597/5794 [00:53<00:31, 69.88it/s]
 62%|██████▏   | 3605/5794 [00:53<00:31, 70.03it/s]
 62%|██████▏   | 3613/5794 [00:53<00:31, 69.89it/s]
 62%|██████▏   | 3621/5794 [00:53<00:31, 70.00it/s]
 63%|██████▎   | 3629/5794 [00:53<00:30, 70.12it/s]
 63%|██████▎   | 3637/5794 [00:53<00:30, 69.76it/s]
 63%|██████▎   | 3645/5794 [00:53<00:30, 70.00it/s]
 63%|██████▎   | 3653/5794 [00:53<00:30, 69.55it/s]
 63%|██████▎   | 3661/5794 [00:54<00:30, 70.08it/s]
 63%|██████▎   | 3669/5794 [00:54<00:30, 70.18it/s]
 63%|██████▎   | 3677/5794 [00:54<00:30, 70.43it/s]
 64%|██████▎   | 3685/5794 [00:54<00:30, 70.24it/s]
 64%|██████▎   | 3693/5794 [00:54<00:29, 70.44it/s]
 64%|██████▍   | 3701/5794 [00:54<00:29, 70.47it/s]
 64%|██████▍   | 3709/5794 [00:54<00:29, 70.48it/s]
 64%|██████▍   | 3717/5794 [00:54<00:29, 70.59it/s]
 64%|██████▍   | 3725/5794 [00:54<00:29, 70.48it/s]
 64%|██████▍   | 3733/5794 [00:55<00:29, 70.58it/s]
 65%|██████▍   | 3741/5794 [00:55<00:29, 70.48it/s]
 65%|██████▍   | 3749/5794 [00:55<00:29, 70.48it/s]
 65%|██████▍   | 3757/5794 [00:55<00:29, 70.05it/s]
 65%|██████▍   | 3765/5794 [00:55<00:28, 70.21it/s]
 65%|██████▌   | 3773/5794 [00:55<00:28, 70.07it/s]
 65%|██████▌   | 3781/5794 [00:55<00:28, 70.03it/s]
 65%|██████▌   | 3789/5794 [00:55<00:28, 69.57it/s]
 66%|██████▌   | 3797/5794 [00:55<00:28, 70.30it/s]
 66%|██████▌   | 3805/5794 [00:56<00:28, 70.25it/s]
 66%|██████▌   | 3813/5794 [00:56<00:27, 70.92it/s]
 66%|██████▌   | 3821/5794 [00:56<00:27, 70.62it/s]
 66%|██████▌   | 3829/5794 [00:56<00:27, 71.05it/s]
 66%|██████▌   | 3837/5794 [00:56<00:27, 71.52it/s]
 66%|██████▋   | 3845/5794 [00:56<00:27, 71.23it/s]
 66%|██████▋   | 3853/5794 [00:56<00:27, 71.15it/s]
 67%|██████▋   | 3861/5794 [00:56<00:27, 70.88it/s]
 67%|██████▋   | 3869/5794 [00:56<00:27, 70.68it/s]
 67%|██████▋   | 3877/5794 [00:57<00:27, 70.35it/s]
 67%|██████▋   | 3885/5794 [00:57<00:27, 70.54it/s]
 67%|██████▋   | 3893/5794 [00:57<00:27, 70.38it/s]
 67%|██████▋   | 3901/5794 [00:57<00:26, 70.48it/s]
 67%|██████▋   | 3909/5794 [00:57<00:26, 69.98it/s]
 68%|██████▊   | 3917/5794 [00:57<00:26, 70.35it/s]
 68%|██████▊   | 3925/5794 [00:57<00:27, 68.89it/s]
 68%|██████▊   | 3933/5794 [00:57<00:26, 70.04it/s]
 68%|██████▊   | 3941/5794 [00:57<00:26, 70.32it/s]
 68%|██████▊   | 3949/5794 [00:58<00:26, 70.12it/s]
 68%|██████▊   | 3957/5794 [00:58<00:25, 70.72it/s]
 68%|██████▊   | 3965/5794 [00:58<00:25, 70.91it/s]
 69%|██████▊   | 3973/5794 [00:58<00:25, 70.64it/s]
 69%|██████▊   | 3981/5794 [00:58<00:25, 70.75it/s]
 69%|██████▉   | 3989/5794 [00:58<00:25, 70.56it/s]
 69%|██████▉   | 3997/5794 [00:58<00:25, 70.43it/s]
 69%|██████▉   | 4005/5794 [00:58<00:25, 70.42it/s]
 69%|██████▉   | 4013/5794 [00:58<00:25, 70.44it/s]
 69%|██████▉   | 4021/5794 [00:59<00:25, 70.32it/s]
 70%|██████▉   | 4029/5794 [00:59<00:25, 70.52it/s]
 70%|██████▉   | 4037/5794 [00:59<00:24, 70.73it/s]
 70%|██████▉   | 4045/5794 [00:59<00:24, 70.82it/s]
 70%|██████▉   | 4053/5794 [00:59<00:24, 70.79it/s]
 70%|███████   | 4061/5794 [00:59<00:24, 70.66it/s]
 70%|███████   | 4069/5794 [00:59<00:24, 70.77it/s]
 70%|███████   | 4077/5794 [00:59<00:24, 70.32it/s]
 71%|███████   | 4085/5794 [01:00<00:24, 70.56it/s]
 71%|███████   | 4093/5794 [01:00<00:24, 70.38it/s]
 71%|███████   | 4101/5794 [01:00<00:24, 69.77it/s]
 71%|███████   | 4108/5794 [01:00<00:24, 69.63it/s]
 71%|███████   | 4116/5794 [01:00<00:24, 69.85it/s]
 71%|███████   | 4124/5794 [01:00<00:24, 69.41it/s]
 71%|███████▏  | 4132/5794 [01:00<00:23, 70.21it/s]
 71%|███████▏  | 4140/5794 [01:00<00:23, 70.36it/s]
 72%|███████▏  | 4148/5794 [01:00<00:23, 70.23it/s]
 72%|███████▏  | 4156/5794 [01:01<00:23, 70.45it/s]
 72%|███████▏  | 4164/5794 [01:01<00:23, 70.32it/s]
 72%|███████▏  | 4172/5794 [01:01<00:23, 70.04it/s]
 72%|███████▏  | 4180/5794 [01:01<00:23, 69.90it/s]
 72%|███████▏  | 4188/5794 [01:01<00:22, 70.54it/s]
 72%|███████▏  | 4196/5794 [01:01<00:22, 70.40it/s]
 73%|███████▎  | 4204/5794 [01:01<00:22, 69.74it/s]
 73%|███████▎  | 4212/5794 [01:01<00:22, 70.54it/s]
 73%|███████▎  | 4220/5794 [01:01<00:22, 70.68it/s]
 73%|███████▎  | 4228/5794 [01:02<00:22, 70.62it/s]
 73%|███████▎  | 4236/5794 [01:02<00:22, 70.63it/s]
 73%|███████▎  | 4244/5794 [01:02<00:22, 70.44it/s]
 73%|███████▎  | 4252/5794 [01:02<00:21, 70.27it/s]
 74%|███████▎  | 4260/5794 [01:02<00:21, 70.38it/s]
 74%|███████▎  | 4268/5794 [01:02<00:21, 70.40it/s]
 74%|███████▍  | 4276/5794 [01:02<00:21, 69.98it/s]
 74%|███████▍  | 4284/5794 [01:02<00:21, 70.26it/s]
 74%|███████▍  | 4292/5794 [01:02<00:21, 70.20it/s]
 74%|███████▍  | 4300/5794 [01:03<00:21, 70.19it/s]
 74%|███████▍  | 4308/5794 [01:03<00:21, 70.06it/s]
 74%|███████▍  | 4316/5794 [01:03<00:21, 70.00it/s]
 75%|███████▍  | 4324/5794 [01:03<00:21, 69.72it/s]
 75%|███████▍  | 4332/5794 [01:03<00:20, 69.64it/s]
 75%|███████▍  | 4340/5794 [01:03<00:20, 69.81it/s]
 75%|███████▌  | 4347/5794 [01:03<00:20, 69.47it/s]
 75%|███████▌  | 4355/5794 [01:03<00:20, 70.02it/s]
 75%|███████▌  | 4362/5794 [01:03<00:20, 69.14it/s]
 75%|███████▌  | 4369/5794 [01:04<00:20, 69.36it/s]
 76%|███████▌  | 4377/5794 [01:04<00:20, 69.58it/s]
 76%|███████▌  | 4384/5794 [01:04<00:20, 69.28it/s]
 76%|███████▌  | 4392/5794 [01:04<00:20, 70.04it/s]
 76%|███████▌  | 4399/5794 [01:04<00:19, 69.83it/s]
 76%|███████▌  | 4407/5794 [01:04<00:19, 70.13it/s]
 76%|███████▌  | 4415/5794 [01:04<00:19, 70.17it/s]
 76%|███████▋  | 4423/5794 [01:04<00:19, 70.19it/s]
 76%|███████▋  | 4431/5794 [01:04<00:19, 70.16it/s]
 77%|███████▋  | 4439/5794 [01:05<00:19, 70.15it/s]
 77%|███████▋  | 4447/5794 [01:05<00:19, 69.87it/s]
 77%|███████▋  | 4455/5794 [01:05<00:19, 69.78it/s]
 77%|███████▋  | 4463/5794 [01:05<00:19, 69.88it/s]
 77%|███████▋  | 4471/5794 [01:05<00:18, 70.46it/s]
 77%|███████▋  | 4479/5794 [01:05<00:18, 70.28it/s]
 77%|███████▋  | 4487/5794 [01:05<00:18, 70.17it/s]
 78%|███████▊  | 4495/5794 [01:05<00:18, 70.08it/s]
 78%|███████▊  | 4503/5794 [01:05<00:18, 70.47it/s]
 78%|███████▊  | 4511/5794 [01:06<00:18, 70.56it/s]
 78%|███████▊  | 4519/5794 [01:06<00:18, 70.49it/s]
 78%|███████▊  | 4527/5794 [01:06<00:17, 70.71it/s]
 78%|███████▊  | 4535/5794 [01:06<00:17, 70.52it/s]
 78%|███████▊  | 4543/5794 [01:06<00:17, 70.56it/s]
 79%|███████▊  | 4551/5794 [01:06<00:17, 70.54it/s]
 79%|███████▊  | 4559/5794 [01:06<00:17, 70.23it/s]
 79%|███████▉  | 4567/5794 [01:06<00:17, 70.52it/s]
 79%|███████▉  | 4575/5794 [01:07<00:17, 70.43it/s]
 79%|███████▉  | 4583/5794 [01:07<00:17, 69.77it/s]
 79%|███████▉  | 4590/5794 [01:07<00:17, 69.76it/s]
 79%|███████▉  | 4597/5794 [01:07<00:17, 69.58it/s]
 79%|███████▉  | 4605/5794 [01:07<00:17, 69.92it/s]
 80%|███████▉  | 4612/5794 [01:07<00:17, 68.98it/s]
 80%|███████▉  | 4619/5794 [01:07<00:17, 68.82it/s]
 80%|███████▉  | 4627/5794 [01:07<00:16, 69.57it/s]
 80%|███████▉  | 4635/5794 [01:07<00:16, 69.67it/s]
 80%|████████  | 4643/5794 [01:07<00:16, 70.16it/s]
 80%|████████  | 4651/5794 [01:08<00:16, 70.25it/s]
 80%|████████  | 4659/5794 [01:08<00:16, 69.85it/s]
 81%|████████  | 4667/5794 [01:08<00:15, 70.46it/s]
 81%|████████  | 4675/5794 [01:08<00:15, 70.53it/s]
 81%|████████  | 4683/5794 [01:08<00:15, 70.44it/s]
 81%|████████  | 4691/5794 [01:08<00:15, 70.50it/s]
 81%|████████  | 4699/5794 [01:08<00:15, 70.36it/s]
 81%|████████  | 4707/5794 [01:08<00:15, 70.35it/s]
 81%|████████▏ | 4715/5794 [01:09<00:15, 70.09it/s]
 82%|████████▏ | 4723/5794 [01:09<00:15, 70.15it/s]
 82%|████████▏ | 4731/5794 [01:09<00:15, 69.95it/s]
 82%|████████▏ | 4738/5794 [01:09<00:15, 69.83it/s]
 82%|████████▏ | 4745/5794 [01:09<00:15, 69.84it/s]
 82%|████████▏ | 4752/5794 [01:09<00:14, 69.87it/s]
 82%|████████▏ | 4759/5794 [01:09<00:14, 69.90it/s]
 82%|████████▏ | 4766/5794 [01:09<00:14, 69.41it/s]
 82%|████████▏ | 4774/5794 [01:09<00:14, 70.03it/s]
 83%|████████▎ | 4782/5794 [01:09<00:14, 69.96it/s]
 83%|████████▎ | 4790/5794 [01:10<00:14, 69.71it/s]
 83%|████████▎ | 4798/5794 [01:10<00:14, 70.13it/s]
 83%|████████▎ | 4806/5794 [01:10<00:14, 70.18it/s]
 83%|████████▎ | 4814/5794 [01:10<00:13, 70.15it/s]
 83%|████████▎ | 4822/5794 [01:10<00:13, 70.76it/s]
 83%|████████▎ | 4830/5794 [01:10<00:13, 70.74it/s]
 84%|████████▎ | 4838/5794 [01:10<00:13, 70.54it/s]
 84%|████████▎ | 4846/5794 [01:10<00:13, 70.27it/s]
 84%|████████▍ | 4854/5794 [01:10<00:13, 70.68it/s]
 84%|████████▍ | 4862/5794 [01:11<00:13, 70.71it/s]
 84%|████████▍ | 4870/5794 [01:11<00:13, 69.99it/s]
 84%|████████▍ | 4878/5794 [01:11<00:13, 70.06it/s]
 84%|████████▍ | 4886/5794 [01:11<00:13, 69.71it/s]
 84%|████████▍ | 4894/5794 [01:11<00:12, 70.36it/s]
 85%|████████▍ | 4902/5794 [01:11<00:12, 70.25it/s]
 85%|████████▍ | 4910/5794 [01:11<00:12, 69.61it/s]
 85%|████████▍ | 4918/5794 [01:11<00:12, 70.10it/s]
 85%|████████▌ | 4926/5794 [01:12<00:12, 69.69it/s]
 85%|████████▌ | 4933/5794 [01:12<00:12, 69.50it/s]
 85%|████████▌ | 4941/5794 [01:12<00:12, 70.11it/s]
 85%|████████▌ | 4949/5794 [01:12<00:12, 70.05it/s]
 86%|████████▌ | 4957/5794 [01:12<00:11, 69.89it/s]
 86%|████████▌ | 4965/5794 [01:12<00:11, 69.91it/s]
 86%|████████▌ | 4972/5794 [01:12<00:11, 69.48it/s]
 86%|████████▌ | 4980/5794 [01:12<00:11, 69.91it/s]
 86%|████████▌ | 4987/5794 [01:12<00:11, 69.87it/s]
 86%|████████▌ | 4995/5794 [01:13<00:11, 70.07it/s]
 86%|████████▋ | 5003/5794 [01:13<00:11, 69.94it/s]
 86%|████████▋ | 5011/5794 [01:13<00:11, 70.30it/s]
 87%|████████▋ | 5019/5794 [01:13<00:10, 70.63it/s]
 87%|████████▋ | 5027/5794 [01:13<00:10, 70.54it/s]
 87%|████████▋ | 5035/5794 [01:13<00:10, 70.57it/s]
 87%|████████▋ | 5043/5794 [01:13<00:10, 70.53it/s]
 87%|████████▋ | 5051/5794 [01:13<00:10, 69.37it/s]
 87%|████████▋ | 5059/5794 [01:13<00:10, 69.94it/s]
 87%|████████▋ | 5067/5794 [01:14<00:10, 70.23it/s]
 88%|████████▊ | 5075/5794 [01:14<00:10, 70.30it/s]
 88%|████████▊ | 5083/5794 [01:14<00:10, 70.19it/s]
 88%|████████▊ | 5091/5794 [01:14<00:09, 70.32it/s]
 88%|████████▊ | 5099/5794 [01:14<00:09, 70.30it/s]
 88%|████████▊ | 5107/5794 [01:14<00:09, 70.16it/s]
 88%|████████▊ | 5115/5794 [01:14<00:09, 69.96it/s]
 88%|████████▊ | 5123/5794 [01:14<00:09, 70.25it/s]
 89%|████████▊ | 5131/5794 [01:14<00:09, 70.64it/s]
 89%|████████▊ | 5139/5794 [01:15<00:09, 70.60it/s]
 89%|████████▉ | 5147/5794 [01:15<00:09, 70.68it/s]
 89%|████████▉ | 5155/5794 [01:15<00:09, 70.43it/s]
 89%|████████▉ | 5163/5794 [01:15<00:08, 71.00it/s]
 89%|████████▉ | 5171/5794 [01:15<00:08, 70.65it/s]
 89%|████████▉ | 5179/5794 [01:15<00:08, 70.90it/s]
 90%|████████▉ | 5187/5794 [01:15<00:08, 70.86it/s]
 90%|████████▉ | 5195/5794 [01:15<00:08, 70.86it/s]
 90%|████████▉ | 5203/5794 [01:15<00:08, 70.74it/s]
 90%|████████▉ | 5211/5794 [01:16<00:08, 70.74it/s]
 90%|█████████ | 5219/5794 [01:16<00:08, 70.28it/s]
 90%|█████████ | 5227/5794 [01:16<00:08, 70.22it/s]
 90%|█████████ | 5235/5794 [01:16<00:07, 70.11it/s]
 90%|█████████ | 5243/5794 [01:16<00:07, 70.25it/s]
 91%|█████████ | 5251/5794 [01:16<00:07, 70.24it/s]
 91%|█████████ | 5259/5794 [01:16<00:07, 70.29it/s]
 91%|█████████ | 5267/5794 [01:16<00:07, 70.29it/s]
 91%|█████████ | 5275/5794 [01:16<00:07, 70.13it/s]
 91%|█████████ | 5283/5794 [01:17<00:07, 70.45it/s]
 91%|█████████▏| 5291/5794 [01:17<00:07, 70.34it/s]
 91%|█████████▏| 5299/5794 [01:17<00:07, 70.42it/s]
 92%|█████████▏| 5307/5794 [01:17<00:06, 70.45it/s]
 92%|█████████▏| 5315/5794 [01:17<00:06, 70.61it/s]
 92%|█████████▏| 5323/5794 [01:17<00:06, 70.42it/s]
 92%|█████████▏| 5331/5794 [01:17<00:06, 70.57it/s]
 92%|█████████▏| 5339/5794 [01:17<00:06, 70.51it/s]
 92%|█████████▏| 5347/5794 [01:18<00:06, 70.59it/s]
 92%|█████████▏| 5355/5794 [01:18<00:06, 70.34it/s]
 93%|█████████▎| 5363/5794 [01:18<00:06, 70.31it/s]
 93%|█████████▎| 5371/5794 [01:18<00:06, 70.33it/s]
 93%|█████████▎| 5379/5794 [01:18<00:05, 70.53it/s]
 93%|█████████▎| 5387/5794 [01:18<00:05, 70.44it/s]
 93%|█████████▎| 5395/5794 [01:18<00:05, 70.66it/s]
 93%|█████████▎| 5403/5794 [01:18<00:05, 70.39it/s]
 93%|█████████▎| 5411/5794 [01:18<00:05, 69.69it/s]
 94%|█████████▎| 5418/5794 [01:19<00:05, 69.70it/s]
 94%|█████████▎| 5425/5794 [01:19<00:05, 69.72it/s]
 94%|█████████▍| 5432/5794 [01:19<00:05, 69.67it/s]
 94%|█████████▍| 5440/5794 [01:19<00:05, 70.21it/s]
 94%|█████████▍| 5448/5794 [01:19<00:04, 70.21it/s]
 94%|█████████▍| 5456/5794 [01:19<00:04, 69.69it/s]
 94%|█████████▍| 5464/5794 [01:19<00:04, 70.29it/s]
 94%|█████████▍| 5472/5794 [01:19<00:04, 70.16it/s]
 95%|█████████▍| 5480/5794 [01:19<00:04, 70.09it/s]
 95%|█████████▍| 5488/5794 [01:20<00:04, 70.09it/s]
 95%|█████████▍| 5496/5794 [01:20<00:04, 70.01it/s]
 95%|█████████▍| 5504/5794 [01:20<00:04, 70.11it/s]
 95%|█████████▌| 5512/5794 [01:20<00:04, 70.06it/s]
 95%|█████████▌| 5520/5794 [01:20<00:03, 70.51it/s]
 95%|█████████▌| 5528/5794 [01:20<00:03, 70.60it/s]
 96%|█████████▌| 5536/5794 [01:20<00:03, 70.55it/s]
 96%|█████████▌| 5544/5794 [01:20<00:03, 70.47it/s]
 96%|█████████▌| 5552/5794 [01:20<00:03, 70.44it/s]
 96%|█████████▌| 5560/5794 [01:21<00:03, 69.84it/s]
 96%|█████████▌| 5568/5794 [01:21<00:03, 70.37it/s]
 96%|█████████▌| 5576/5794 [01:21<00:03, 70.04it/s]
 96%|█████████▋| 5584/5794 [01:21<00:02, 70.11it/s]
 97%|█████████▋| 5592/5794 [01:21<00:02, 70.25it/s]
 97%|█████████▋| 5600/5794 [01:21<00:02, 70.32it/s]
 97%|█████████▋| 5608/5794 [01:21<00:02, 70.05it/s]
 97%|█████████▋| 5616/5794 [01:21<00:02, 70.29it/s]
 97%|█████████▋| 5624/5794 [01:21<00:02, 70.09it/s]
 97%|█████████▋| 5632/5794 [01:22<00:02, 70.33it/s]
 97%|█████████▋| 5640/5794 [01:22<00:02, 70.47it/s]
 97%|█████████▋| 5648/5794 [01:22<00:02, 70.67it/s]
 98%|█████████▊| 5656/5794 [01:22<00:01, 70.99it/s]
 98%|█████████▊| 5664/5794 [01:22<00:01, 71.08it/s]
 98%|█████████▊| 5672/5794 [01:22<00:01, 70.99it/s]
 98%|█████████▊| 5680/5794 [01:22<00:01, 71.18it/s]
 98%|█████████▊| 5688/5794 [01:22<00:01, 71.11it/s]
 98%|█████████▊| 5696/5794 [01:22<00:01, 71.26it/s]
 98%|█████████▊| 5704/5794 [01:23<00:01, 71.43it/s]
 99%|█████████▊| 5712/5794 [01:23<00:01, 71.48it/s]
 99%|█████████▊| 5720/5794 [01:23<00:01, 71.28it/s]
 99%|█████████▉| 5728/5794 [01:23<00:00, 69.91it/s]
 99%|█████████▉| 5736/5794 [01:23<00:00, 71.25it/s]
 99%|█████████▉| 5744/5794 [01:23<00:00, 71.21it/s]
 99%|█████████▉| 5752/5794 [01:23<00:00, 71.17it/s]
 99%|█████████▉| 5760/5794 [01:23<00:00, 70.52it/s]
100%|█████████▉| 5768/5794 [01:23<00:00, 70.85it/s]
100%|█████████▉| 5776/5794 [01:24<00:00, 70.54it/s]
100%|█████████▉| 5784/5794 [01:24<00:00, 70.43it/s]
100%|█████████▉| 5792/5794 [01:24<00:00, 70.64it/s]
100%|██████████| 5794/5794 [01:24<00:00, 68.64it/s]
BALANCED ACCS CHECKED FOR TEST
TEST SET RESULTS FOR CHECKPOINT trained_weights/waterbirds/rrr_waterbird_1.0_forest2water2_21047520_trial_000/best_balanced_valacc_0.57_epoch_0.ckpt
test_acc: 0.6791508457024508
balanced_test_acc: 0.5590903910313529
Land_on_Land_test_acc: 0.9964523281596452
Land_on_Water_test_acc: 0.5529933481152993
Water_on_Land_test_acc: 0.018691588785046728
Water_on_Water_test_acc: 0.6682242990654206
test_acc_Waterbird: 0.34345794392523366
test_acc_Landbird: 0.7747228381374723
