[CMD] /home/ryreu/miniconda3/envs/gals_a100/bin/python -u main.py --config configs/waterbirds_100_upweight.yaml --name upweight_waterbird_1.0_forest2water2_21050510_trial_000 DATA.ROOT=/home/ryreu/guided_cnn/waterbirds DATA.WATERBIRDS_DIR=waterbird_1.0_forest2water2 SEED=0 EXP.BASE.LR=0.0010000000000000002 EXP.CLASSIFIER.LR=9.999999999999991e-05 EXP.WEIGHT_DECAY=9.999999999999997e-06 EXP.AUX_LOSSES_ON_VAL=False EXP.NUM_EPOCHS=1
SEED: 0
DATA:
  BATCH_SIZE: 96
  NUM_WORKERS: 4
  SIZE: 224
  NORMALIZATION: imagenet
  ATTENTION_DIR: NONE
  SEPARATE_CLASSES: true
  REMOVE_BACKGROUND: false
  ROOT: /home/ryreu/guided_cnn/waterbirds
  USE_CLASS_WEIGHTS: true
  USE_GROUP_WEIGHTS: false
  DATASET: waterbirds
  NUM_CLASSES: 2
  CONFOUNDING_FACTOR: 1.0
  WATERBIRDS_DIR: waterbird_1.0_forest2water2
EXP:
  NUM_TRIALS: 1
  LOSSES:
    CLASSIFICATION:
      WEIGHT: 1
    GRADIENT_OUTSIDE:
      COMPUTE: false
      LOG: false
      WEIGHT: 0.01
      CRITERION: L1
      GT: segmentation
      COMBINE_ATT_MODE: average_nonzero
    GRADIENT_INSIDE:
      COMPUTE: false
      LOG: false
      WEIGHT: 1
      CRITERION: L1
      GT: segmentation
      COMBINE_ATT_MODE: average_nonzero
    GRADCAM:
      COMPUTE: false
      LOG: false
      WEIGHT: 1
      CRITERION: L1
      GT: segmentation
      MODE: match
      COMBINE_ATT_MODE: average_nonzero
  APPROACH: generic
  MODEL: resnet50
  PRETRAINED: true
  NUM_EPOCHS: 1
  OPTIMIZER: SGD
  WEIGHT_DECAY: 9.999999999999997e-06
  MOMENTUM: 0.9
  SCHEDULER: NONE
  BASE:
    LR: 0.0010000000000000002
  CLASSIFIER:
    LR: 9.999999999999991e-05
  AUX_LOSSES_ON_VAL: false
LOGGING:
  SAVE_EVERY: 0
  SAVE_BEST: true
  SAVE_LAST: false
  LOG_ATTENTION: false
  LOG_ATTENTION_STEP: 10
  SAVE_STATS_PATH: null
yaml: configs/waterbirds_100_upweight.yaml
name: upweight_waterbird_1.0_forest2water2_21050510_trial_000
test_checkpoint: null

WATERBIRDS DIR: /home/ryreu/guided_cnn/waterbirds/waterbird_1.0_forest2water2
NUMBER OF SAMPLES WITH LABEL Landbird: 3684
NUMBER OF SAMPLES WITH LABEL Waterbird: 1111
NUMBER OF SAMPLES WITH GROUP Land_on_Land: 3684
NUMBER OF SAMPLES WITH GROUP Land_on_Water: 0
NUMBER OF SAMPLES WITH GROUP Water_on_Land: 0
NUMBER OF SAMPLES WITH GROUP Water_on_Water: 1111
WATERBIRDS DIR: /home/ryreu/guided_cnn/waterbirds/waterbird_1.0_forest2water2
NUMBER OF SAMPLES WITH LABEL Landbird: 931
NUMBER OF SAMPLES WITH LABEL Waterbird: 268
NUMBER OF SAMPLES WITH GROUP Land_on_Land: 465
NUMBER OF SAMPLES WITH GROUP Land_on_Water: 466
NUMBER OF SAMPLES WITH GROUP Water_on_Land: 134
NUMBER OF SAMPLES WITH GROUP Water_on_Water: 134
NUM TRAIN: 4795

NUM VAL:   1199

Number classifier outputs: 2
Using pretrained model: True
USING SGD OPTIMIZER
class weights: tensor([0.2981, 1.0000], device='cuda:0')
group weights: None
WANDB DISABLED: skipping wandb.init()
EPOCH: 0

>>> TRAINING 


  0%|          | 0/50 [00:00<?, ?it/s]
  2%|▏         | 1/50 [00:03<02:39,  3.25s/it]
  4%|▍         | 2/50 [00:03<01:09,  1.44s/it]
  6%|▌         | 3/50 [00:03<00:40,  1.17it/s]
  8%|▊         | 4/50 [00:03<00:26,  1.74it/s]
 10%|█         | 5/50 [00:03<00:18,  2.38it/s]
 12%|█▏        | 6/50 [00:04<00:14,  3.05it/s]
 14%|█▍        | 7/50 [00:04<00:11,  3.69it/s]
 16%|█▌        | 8/50 [00:04<00:09,  4.29it/s]
 18%|█▊        | 9/50 [00:04<00:08,  4.84it/s]
 20%|██        | 10/50 [00:04<00:07,  5.31it/s]
 22%|██▏       | 11/50 [00:04<00:06,  5.62it/s]
 24%|██▍       | 12/50 [00:04<00:06,  5.94it/s]
 26%|██▌       | 13/50 [00:05<00:05,  6.19it/s]
 28%|██▊       | 14/50 [00:05<00:05,  6.38it/s]
 30%|███       | 15/50 [00:05<00:05,  6.48it/s]
 32%|███▏      | 16/50 [00:05<00:05,  6.51it/s]
 34%|███▍      | 17/50 [00:05<00:05,  6.58it/s]
 36%|███▌      | 18/50 [00:05<00:04,  6.63it/s]
 38%|███▊      | 19/50 [00:05<00:04,  6.64it/s]
 40%|████      | 20/50 [00:06<00:04,  6.69it/s]
 42%|████▏     | 21/50 [00:06<00:04,  6.72it/s]
 44%|████▍     | 22/50 [00:06<00:04,  6.71it/s]
 46%|████▌     | 23/50 [00:06<00:04,  6.71it/s]
 48%|████▊     | 24/50 [00:06<00:03,  6.72it/s]
 50%|█████     | 25/50 [00:06<00:03,  6.74it/s]
 52%|█████▏    | 26/50 [00:06<00:03,  6.72it/s]
 54%|█████▍    | 27/50 [00:07<00:03,  6.71it/s]
 56%|█████▌    | 28/50 [00:07<00:03,  6.71it/s]
 58%|█████▊    | 29/50 [00:07<00:03,  6.73it/s]
 60%|██████    | 30/50 [00:07<00:02,  6.75it/s]
 62%|██████▏   | 31/50 [00:07<00:02,  6.73it/s]
 64%|██████▍   | 32/50 [00:07<00:02,  6.75it/s]
 66%|██████▌   | 33/50 [00:08<00:02,  6.76it/s]
 68%|██████▊   | 34/50 [00:08<00:02,  6.78it/s]
 70%|███████   | 35/50 [00:08<00:02,  6.76it/s]
 72%|███████▏  | 36/50 [00:08<00:02,  6.68it/s]
 74%|███████▍  | 37/50 [00:08<00:01,  6.71it/s]
 76%|███████▌  | 38/50 [00:08<00:01,  6.73it/s]
 78%|███████▊  | 39/50 [00:08<00:01,  6.73it/s]
 80%|████████  | 40/50 [00:09<00:01,  6.67it/s]
 82%|████████▏ | 41/50 [00:09<00:01,  6.69it/s]
 84%|████████▍ | 42/50 [00:09<00:01,  6.72it/s]
 86%|████████▌ | 43/50 [00:09<00:01,  6.72it/s]
 88%|████████▊ | 44/50 [00:09<00:00,  6.73it/s]
 90%|█████████ | 45/50 [00:09<00:00,  6.71it/s]
 92%|█████████▏| 46/50 [00:09<00:00,  6.77it/s]
 94%|█████████▍| 47/50 [00:10<00:00,  6.79it/s]
 96%|█████████▌| 48/50 [00:10<00:00,  6.80it/s]
 98%|█████████▊| 49/50 [00:10<00:00,  6.82it/s]
100%|██████████| 50/50 [00:10<00:00,  6.83it/s]
100%|██████████| 50/50 [00:10<00:00,  4.72it/s]
>>> VALIDATING 


  0%|          | 0/13 [00:00<?, ?it/s]
  8%|▊         | 1/13 [00:00<00:09,  1.32it/s]
 23%|██▎       | 3/13 [00:00<00:02,  4.02it/s]
 38%|███▊      | 5/13 [00:01<00:01,  4.86it/s]
 54%|█████▍    | 7/13 [00:01<00:00,  6.79it/s]
 69%|██████▉   | 9/13 [00:01<00:00,  6.47it/s]
 85%|████████▍ | 11/13 [00:01<00:00,  8.06it/s]
100%|██████████| 13/13 [00:01<00:00,  9.90it/s]
100%|██████████| 13/13 [00:02<00:00,  6.47it/s]
>>> LOGGING 

BALANCED ACCS CHECKED FOR TRAIN
BALANCED ACCS CHECKED FOR VAL
train_acc: 0.8748696558915537
val_acc: 0.6005004170141784
train_cls_loss: 0.40180782196544135
val_cls_loss: 0.7637306892742606
train_total_loss: 0.40180782196544135
val_total_loss: 0.7637306892742606
balanced_train_acc: 0.8582167663020374
balanced_val_acc: 0.6258316366609488
Land_on_Land_train_acc: 0.8892508143322475
Land_on_Land_val_acc: 0.967741935483871
Land_on_Water_train_acc: 0
Land_on_Water_val_acc: 0.19313304721030042
Water_on_Land_train_acc: 0
Water_on_Land_val_acc: 0.3880597014925373
Water_on_Water_train_acc: 0.8271827182718272
Water_on_Water_val_acc: 0.9552238805970149
train_acc_Landbird: 0.8892508143322475
train_acc_Waterbird: 0.8271827182718272
val_acc_Landbird: 0.5800214822771214
val_acc_Waterbird: 0.6716417910447762
TRAIN ACC:        0.8748696558915537
VAL ACC:          0.6005004170141784
BALANCED VAL ACC: 0.6258316366609488
prev best list: []
Saving to trained_weights/waterbirds/upweight_waterbird_1.0_forest2water2_21050510_trial_000/best_balanced_valacc_0.63_epoch_0.ckpt
>>> EVALUATING ON TEST SET
WATERBIRDS DIR: /home/ryreu/guided_cnn/waterbirds/waterbird_1.0_forest2water2
NUMBER OF SAMPLES WITH LABEL Landbird: 4510
NUMBER OF SAMPLES WITH LABEL Waterbird: 1284
NUMBER OF SAMPLES WITH GROUP Land_on_Land: 2255
NUMBER OF SAMPLES WITH GROUP Land_on_Water: 2255
NUMBER OF SAMPLES WITH GROUP Water_on_Land: 642
NUMBER OF SAMPLES WITH GROUP Water_on_Water: 642
NUM TEST:   5794

Loaded checkpoint trained_weights/waterbirds/upweight_waterbird_1.0_forest2water2_21050510_trial_000/best_balanced_valacc_0.63_epoch_0.ckpt

  0%|          | 0/5794 [00:00<?, ?it/s]
  0%|          | 1/5794 [00:00<25:19,  3.81it/s]
  0%|          | 8/5794 [00:00<03:34, 26.92it/s]
  0%|          | 16/5794 [00:00<02:14, 43.00it/s]
  0%|          | 24/5794 [00:00<01:50, 52.35it/s]
  1%|          | 32/5794 [00:00<01:38, 58.44it/s]
  1%|          | 39/5794 [00:00<01:33, 61.71it/s]
  1%|          | 47/5794 [00:00<01:29, 64.54it/s]
  1%|          | 55/5794 [00:01<01:26, 66.30it/s]
  1%|          | 63/5794 [00:01<01:24, 67.64it/s]
  1%|          | 71/5794 [00:01<01:23, 68.63it/s]
  1%|▏         | 79/5794 [00:01<01:22, 69.39it/s]
  2%|▏         | 87/5794 [00:01<01:21, 69.72it/s]
  2%|▏         | 95/5794 [00:01<01:21, 69.98it/s]
  2%|▏         | 103/5794 [00:01<01:20, 70.37it/s]
  2%|▏         | 111/5794 [00:01<01:19, 71.14it/s]
  2%|▏         | 119/5794 [00:01<01:19, 71.56it/s]
  2%|▏         | 127/5794 [00:02<01:18, 71.88it/s]
  2%|▏         | 135/5794 [00:02<01:18, 72.11it/s]
  2%|▏         | 143/5794 [00:02<01:18, 72.08it/s]
  3%|▎         | 151/5794 [00:02<01:17, 72.44it/s]
  3%|▎         | 159/5794 [00:02<01:17, 72.60it/s]
  3%|▎         | 167/5794 [00:02<01:17, 72.85it/s]
  3%|▎         | 175/5794 [00:02<01:17, 72.93it/s]
  3%|▎         | 183/5794 [00:02<01:16, 72.98it/s]
  3%|▎         | 191/5794 [00:02<01:16, 72.87it/s]
  3%|▎         | 199/5794 [00:03<01:16, 73.01it/s]
  4%|▎         | 207/5794 [00:03<01:16, 73.04it/s]
  4%|▎         | 215/5794 [00:03<01:16, 73.00it/s]
  4%|▍         | 223/5794 [00:03<01:16, 72.89it/s]
  4%|▍         | 231/5794 [00:03<01:16, 72.86it/s]
  4%|▍         | 239/5794 [00:03<01:16, 72.90it/s]
  4%|▍         | 247/5794 [00:03<01:16, 72.94it/s]
  4%|▍         | 255/5794 [00:03<01:16, 72.87it/s]
  5%|▍         | 263/5794 [00:03<01:15, 72.84it/s]
  5%|▍         | 271/5794 [00:04<01:15, 72.78it/s]
  5%|▍         | 279/5794 [00:04<01:15, 72.77it/s]
  5%|▍         | 287/5794 [00:04<01:15, 72.83it/s]
  5%|▌         | 295/5794 [00:04<01:15, 72.53it/s]
  5%|▌         | 303/5794 [00:04<01:15, 72.65it/s]
  5%|▌         | 311/5794 [00:04<01:16, 72.12it/s]
  6%|▌         | 319/5794 [00:04<01:15, 72.05it/s]
  6%|▌         | 327/5794 [00:04<01:16, 71.76it/s]
  6%|▌         | 335/5794 [00:04<01:16, 71.72it/s]
  6%|▌         | 343/5794 [00:05<01:15, 71.73it/s]
  6%|▌         | 351/5794 [00:05<01:15, 71.98it/s]
  6%|▌         | 359/5794 [00:05<01:15, 72.22it/s]
  6%|▋         | 367/5794 [00:05<01:15, 72.29it/s]
  6%|▋         | 375/5794 [00:05<01:14, 72.52it/s]
  7%|▋         | 383/5794 [00:05<01:15, 72.13it/s]
  7%|▋         | 391/5794 [00:05<01:14, 72.34it/s]
  7%|▋         | 399/5794 [00:05<01:14, 72.39it/s]
  7%|▋         | 407/5794 [00:05<01:14, 72.15it/s]
  7%|▋         | 415/5794 [00:06<01:14, 71.88it/s]
  7%|▋         | 423/5794 [00:06<01:14, 71.89it/s]
  7%|▋         | 431/5794 [00:06<01:14, 71.65it/s]
  8%|▊         | 439/5794 [00:06<01:14, 71.73it/s]
  8%|▊         | 447/5794 [00:06<01:14, 71.64it/s]
  8%|▊         | 455/5794 [00:06<01:14, 71.63it/s]
  8%|▊         | 463/5794 [00:06<01:14, 71.57it/s]
  8%|▊         | 471/5794 [00:06<01:14, 71.69it/s]
  8%|▊         | 479/5794 [00:06<01:14, 71.70it/s]
  8%|▊         | 487/5794 [00:07<01:14, 71.22it/s]
  9%|▊         | 495/5794 [00:07<01:14, 70.91it/s]
  9%|▊         | 503/5794 [00:07<01:14, 71.05it/s]
  9%|▉         | 511/5794 [00:07<01:14, 71.26it/s]
  9%|▉         | 519/5794 [00:07<01:13, 71.35it/s]
  9%|▉         | 527/5794 [00:07<01:13, 71.31it/s]
  9%|▉         | 535/5794 [00:07<01:13, 71.29it/s]
  9%|▉         | 543/5794 [00:07<01:13, 71.43it/s]
 10%|▉         | 551/5794 [00:07<01:13, 71.41it/s]
 10%|▉         | 559/5794 [00:08<01:13, 71.46it/s]
 10%|▉         | 567/5794 [00:08<01:13, 71.39it/s]
 10%|▉         | 575/5794 [00:08<01:12, 71.59it/s]
 10%|█         | 583/5794 [00:08<01:12, 71.85it/s]
 10%|█         | 591/5794 [00:08<01:12, 71.88it/s]
 10%|█         | 599/5794 [00:08<01:11, 72.16it/s]
 10%|█         | 607/5794 [00:08<01:11, 72.50it/s]
 11%|█         | 615/5794 [00:08<01:11, 72.74it/s]
 11%|█         | 623/5794 [00:08<01:11, 72.58it/s]
 11%|█         | 631/5794 [00:09<01:10, 72.80it/s]
 11%|█         | 639/5794 [00:09<01:10, 72.76it/s]
 11%|█         | 647/5794 [00:09<01:10, 72.86it/s]
 11%|█▏        | 655/5794 [00:09<01:10, 72.72it/s]
 11%|█▏        | 663/5794 [00:09<01:10, 72.74it/s]
 12%|█▏        | 671/5794 [00:09<01:10, 72.64it/s]
 12%|█▏        | 679/5794 [00:09<01:10, 72.71it/s]
 12%|█▏        | 687/5794 [00:09<01:10, 72.60it/s]
 12%|█▏        | 695/5794 [00:09<01:10, 72.66it/s]
 12%|█▏        | 703/5794 [00:10<01:10, 72.64it/s]
 12%|█▏        | 711/5794 [00:10<01:09, 72.74it/s]
 12%|█▏        | 719/5794 [00:10<01:09, 72.62it/s]
 13%|█▎        | 727/5794 [00:10<01:09, 72.74it/s]
 13%|█▎        | 735/5794 [00:10<01:09, 72.41it/s]
 13%|█▎        | 743/5794 [00:10<01:09, 72.19it/s]
 13%|█▎        | 751/5794 [00:10<01:09, 72.22it/s]
 13%|█▎        | 759/5794 [00:10<01:09, 72.20it/s]
 13%|█▎        | 767/5794 [00:10<01:09, 72.28it/s]
 13%|█▎        | 775/5794 [00:11<01:09, 72.21it/s]
 14%|█▎        | 783/5794 [00:11<01:09, 72.33it/s]
 14%|█▎        | 791/5794 [00:11<01:09, 72.25it/s]
 14%|█▍        | 799/5794 [00:11<01:09, 72.15it/s]
 14%|█▍        | 807/5794 [00:11<01:11, 70.02it/s]
 14%|█▍        | 815/5794 [00:11<01:13, 68.13it/s]
 14%|█▍        | 822/5794 [00:11<01:14, 66.81it/s]
 14%|█▍        | 829/5794 [00:11<01:15, 65.83it/s]
 14%|█▍        | 836/5794 [00:11<01:15, 65.26it/s]
 15%|█▍        | 843/5794 [00:12<01:16, 64.77it/s]
 15%|█▍        | 850/5794 [00:12<01:16, 64.50it/s]
 15%|█▍        | 857/5794 [00:12<01:16, 64.17it/s]
 15%|█▍        | 864/5794 [00:12<01:16, 64.11it/s]
 15%|█▌        | 871/5794 [00:12<01:16, 64.00it/s]
 15%|█▌        | 878/5794 [00:12<01:17, 63.82it/s]
 15%|█▌        | 885/5794 [00:12<01:16, 63.88it/s]
 15%|█▌        | 892/5794 [00:12<01:16, 63.81it/s]
 16%|█▌        | 899/5794 [00:12<01:16, 64.02it/s]
 16%|█▌        | 906/5794 [00:13<01:16, 63.63it/s]
 16%|█▌        | 913/5794 [00:13<01:16, 63.76it/s]
 16%|█▌        | 920/5794 [00:13<01:16, 63.82it/s]
 16%|█▌        | 927/5794 [00:13<01:16, 63.75it/s]
 16%|█▌        | 934/5794 [00:13<01:16, 63.78it/s]
 16%|█▌        | 941/5794 [00:13<01:16, 63.69it/s]
 16%|█▋        | 948/5794 [00:13<01:15, 63.86it/s]
 16%|█▋        | 955/5794 [00:13<01:15, 63.95it/s]
 17%|█▋        | 962/5794 [00:13<01:15, 63.90it/s]
 17%|█▋        | 969/5794 [00:14<01:15, 63.98it/s]
 17%|█▋        | 976/5794 [00:14<01:15, 63.93it/s]
 17%|█▋        | 983/5794 [00:14<01:15, 63.78it/s]
 17%|█▋        | 990/5794 [00:14<01:15, 63.60it/s]
 17%|█▋        | 997/5794 [00:14<01:15, 63.78it/s]
 17%|█▋        | 1004/5794 [00:14<01:15, 63.85it/s]
 17%|█▋        | 1011/5794 [00:14<01:15, 63.72it/s]
 18%|█▊        | 1018/5794 [00:14<01:14, 63.74it/s]
 18%|█▊        | 1025/5794 [00:14<01:14, 63.61it/s]
 18%|█▊        | 1032/5794 [00:14<01:14, 63.80it/s]
 18%|█▊        | 1039/5794 [00:15<01:14, 63.59it/s]
 18%|█▊        | 1046/5794 [00:15<01:14, 63.58it/s]
 18%|█▊        | 1053/5794 [00:15<01:14, 63.71it/s]
 18%|█▊        | 1060/5794 [00:15<01:14, 63.67it/s]
 18%|█▊        | 1067/5794 [00:15<01:14, 63.74it/s]
 19%|█▊        | 1074/5794 [00:15<01:14, 63.66it/s]
 19%|█▊        | 1081/5794 [00:15<01:14, 63.62it/s]
 19%|█▉        | 1088/5794 [00:15<01:13, 63.69it/s]
 19%|█▉        | 1095/5794 [00:15<01:13, 63.52it/s]
 19%|█▉        | 1102/5794 [00:16<01:13, 63.75it/s]
 19%|█▉        | 1109/5794 [00:16<01:13, 63.71it/s]
 19%|█▉        | 1116/5794 [00:16<01:13, 63.86it/s]
 19%|█▉        | 1123/5794 [00:16<01:13, 63.85it/s]
 20%|█▉        | 1130/5794 [00:16<01:13, 63.78it/s]
 20%|█▉        | 1137/5794 [00:16<01:12, 63.88it/s]
 20%|█▉        | 1144/5794 [00:16<01:12, 63.79it/s]
 20%|█▉        | 1151/5794 [00:16<01:13, 63.53it/s]
 20%|█▉        | 1158/5794 [00:16<01:12, 63.53it/s]
 20%|██        | 1165/5794 [00:17<01:13, 63.39it/s]
 20%|██        | 1172/5794 [00:17<01:12, 63.57it/s]
 20%|██        | 1179/5794 [00:17<01:12, 63.56it/s]
 20%|██        | 1186/5794 [00:17<01:12, 63.74it/s]
 21%|██        | 1193/5794 [00:17<01:12, 63.83it/s]
 21%|██        | 1200/5794 [00:17<01:12, 63.64it/s]
 21%|██        | 1207/5794 [00:17<01:11, 64.38it/s]
 21%|██        | 1215/5794 [00:17<01:08, 66.72it/s]
 21%|██        | 1223/5794 [00:17<01:06, 68.47it/s]
 21%|██        | 1231/5794 [00:18<01:05, 69.56it/s]
 21%|██▏       | 1239/5794 [00:18<01:04, 70.51it/s]
 22%|██▏       | 1247/5794 [00:18<01:04, 71.02it/s]
 22%|██▏       | 1255/5794 [00:18<01:03, 71.54it/s]
 22%|██▏       | 1263/5794 [00:18<01:03, 71.69it/s]
 22%|██▏       | 1271/5794 [00:18<01:05, 69.22it/s]
 22%|██▏       | 1278/5794 [00:18<01:06, 67.66it/s]
 22%|██▏       | 1285/5794 [00:18<01:07, 66.55it/s]
 22%|██▏       | 1292/5794 [00:18<01:08, 65.82it/s]
 22%|██▏       | 1299/5794 [00:19<01:08, 65.19it/s]
 23%|██▎       | 1306/5794 [00:19<01:09, 64.98it/s]
 23%|██▎       | 1313/5794 [00:19<01:09, 64.51it/s]
 23%|██▎       | 1320/5794 [00:19<01:09, 64.45it/s]
 23%|██▎       | 1327/5794 [00:19<01:09, 64.29it/s]
 23%|██▎       | 1334/5794 [00:19<01:09, 64.02it/s]
 23%|██▎       | 1341/5794 [00:19<01:09, 63.99it/s]
 23%|██▎       | 1348/5794 [00:19<01:09, 63.81it/s]
 23%|██▎       | 1355/5794 [00:19<01:09, 63.89it/s]
 24%|██▎       | 1362/5794 [00:20<01:09, 63.96it/s]
 24%|██▎       | 1369/5794 [00:20<01:09, 63.71it/s]
 24%|██▎       | 1376/5794 [00:20<01:09, 63.86it/s]
 24%|██▍       | 1383/5794 [00:20<01:09, 63.75it/s]
 24%|██▍       | 1390/5794 [00:20<01:09, 63.81it/s]
 24%|██▍       | 1397/5794 [00:20<01:08, 63.84it/s]
 24%|██▍       | 1404/5794 [00:20<01:08, 63.77it/s]
 24%|██▍       | 1411/5794 [00:20<01:08, 63.74it/s]
 24%|██▍       | 1418/5794 [00:20<01:08, 63.44it/s]
 25%|██▍       | 1425/5794 [00:21<01:08, 63.64it/s]
 25%|██▍       | 1432/5794 [00:21<01:08, 63.49it/s]
 25%|██▍       | 1439/5794 [00:21<01:08, 63.61it/s]
 25%|██▍       | 1446/5794 [00:21<01:08, 63.69it/s]
 25%|██▌       | 1453/5794 [00:21<01:08, 63.59it/s]
 25%|██▌       | 1460/5794 [00:21<01:07, 63.75it/s]
 25%|██▌       | 1467/5794 [00:21<01:07, 63.71it/s]
 25%|██▌       | 1474/5794 [00:21<01:07, 63.66it/s]
 26%|██▌       | 1481/5794 [00:21<01:07, 63.73it/s]
 26%|██▌       | 1488/5794 [00:22<01:07, 63.57it/s]
 26%|██▌       | 1495/5794 [00:22<01:07, 63.69it/s]
 26%|██▌       | 1502/5794 [00:22<01:07, 63.63it/s]
 26%|██▌       | 1509/5794 [00:22<01:05, 65.34it/s]
 26%|██▌       | 1517/5794 [00:22<01:03, 67.35it/s]
 26%|██▋       | 1525/5794 [00:22<01:01, 68.93it/s]
 26%|██▋       | 1533/5794 [00:22<01:01, 69.84it/s]
 27%|██▋       | 1540/5794 [00:22<01:01, 69.62it/s]
 27%|██▋       | 1548/5794 [00:22<01:00, 70.55it/s]
 27%|██▋       | 1556/5794 [00:23<00:59, 70.98it/s]
 27%|██▋       | 1564/5794 [00:23<00:59, 71.46it/s]
 27%|██▋       | 1572/5794 [00:23<00:58, 71.66it/s]
 27%|██▋       | 1580/5794 [00:23<00:58, 71.89it/s]
 27%|██▋       | 1588/5794 [00:23<00:58, 71.72it/s]
 28%|██▊       | 1596/5794 [00:23<00:58, 72.00it/s]
 28%|██▊       | 1604/5794 [00:23<00:58, 71.98it/s]
 28%|██▊       | 1612/5794 [00:23<00:57, 72.20it/s]
 28%|██▊       | 1620/5794 [00:23<00:57, 72.09it/s]
 28%|██▊       | 1628/5794 [00:24<00:57, 72.34it/s]
 28%|██▊       | 1636/5794 [00:24<00:57, 72.25it/s]
 28%|██▊       | 1644/5794 [00:24<00:57, 72.36it/s]
 29%|██▊       | 1652/5794 [00:24<00:57, 72.28it/s]
 29%|██▊       | 1660/5794 [00:24<00:57, 72.27it/s]
 29%|██▉       | 1668/5794 [00:24<00:57, 72.33it/s]
 29%|██▉       | 1676/5794 [00:24<00:57, 72.24it/s]
 29%|██▉       | 1684/5794 [00:24<00:56, 72.34it/s]
 29%|██▉       | 1692/5794 [00:24<00:56, 72.36it/s]
 29%|██▉       | 1700/5794 [00:25<00:56, 72.47it/s]
 29%|██▉       | 1708/5794 [00:25<00:56, 72.20it/s]
 30%|██▉       | 1716/5794 [00:25<00:56, 72.35it/s]
 30%|██▉       | 1724/5794 [00:25<00:56, 72.24it/s]
 30%|██▉       | 1732/5794 [00:25<00:56, 72.37it/s]
 30%|███       | 1740/5794 [00:25<00:56, 72.24it/s]
 30%|███       | 1748/5794 [00:25<00:55, 72.37it/s]
 30%|███       | 1756/5794 [00:25<00:55, 72.23it/s]
 30%|███       | 1764/5794 [00:25<00:55, 72.35it/s]
 31%|███       | 1772/5794 [00:26<00:55, 71.98it/s]
 31%|███       | 1780/5794 [00:26<00:55, 72.23it/s]
 31%|███       | 1788/5794 [00:26<00:55, 72.28it/s]
 31%|███       | 1796/5794 [00:26<00:55, 72.21it/s]
 31%|███       | 1804/5794 [00:26<00:55, 72.28it/s]
 31%|███▏      | 1812/5794 [00:26<00:55, 72.26it/s]
 31%|███▏      | 1820/5794 [00:26<00:54, 72.28it/s]
 32%|███▏      | 1828/5794 [00:26<00:54, 72.12it/s]
 32%|███▏      | 1836/5794 [00:26<00:54, 72.21it/s]
 32%|███▏      | 1844/5794 [00:27<00:54, 72.06it/s]
 32%|███▏      | 1852/5794 [00:27<00:54, 72.16it/s]
 32%|███▏      | 1860/5794 [00:27<00:54, 72.03it/s]
 32%|███▏      | 1868/5794 [00:27<00:54, 72.18it/s]
 32%|███▏      | 1876/5794 [00:27<00:54, 72.08it/s]
 33%|███▎      | 1884/5794 [00:27<00:54, 72.27it/s]
 33%|███▎      | 1892/5794 [00:27<00:54, 72.05it/s]
 33%|███▎      | 1900/5794 [00:27<00:53, 72.15it/s]
 33%|███▎      | 1908/5794 [00:27<00:55, 69.60it/s]
 33%|███▎      | 1915/5794 [00:28<00:56, 68.06it/s]
 33%|███▎      | 1922/5794 [00:28<00:57, 66.87it/s]
 33%|███▎      | 1929/5794 [00:28<00:58, 65.98it/s]
 33%|███▎      | 1936/5794 [00:28<00:58, 65.44it/s]
 34%|███▎      | 1943/5794 [00:28<00:59, 64.83it/s]
 34%|███▎      | 1950/5794 [00:28<00:59, 64.60it/s]
 34%|███▍      | 1957/5794 [00:28<00:59, 64.44it/s]
 34%|███▍      | 1964/5794 [00:28<00:59, 64.26it/s]
 34%|███▍      | 1971/5794 [00:28<00:59, 64.27it/s]
 34%|███▍      | 1978/5794 [00:28<00:59, 64.14it/s]
 34%|███▍      | 1985/5794 [00:29<00:59, 64.21it/s]
 34%|███▍      | 1992/5794 [00:29<00:59, 64.14it/s]
 35%|███▍      | 1999/5794 [00:29<00:59, 64.02it/s]
 35%|███▍      | 2006/5794 [00:29<00:59, 64.03it/s]
 35%|███▍      | 2013/5794 [00:29<00:59, 63.90it/s]
 35%|███▍      | 2020/5794 [00:29<00:58, 64.10it/s]
 35%|███▍      | 2027/5794 [00:29<00:58, 63.96it/s]
 35%|███▌      | 2034/5794 [00:29<00:58, 64.00it/s]
 35%|███▌      | 2041/5794 [00:29<00:58, 64.03it/s]
 35%|███▌      | 2048/5794 [00:30<00:58, 63.99it/s]
 35%|███▌      | 2055/5794 [00:30<00:58, 64.14it/s]
 36%|███▌      | 2062/5794 [00:30<00:58, 64.01it/s]
 36%|███▌      | 2069/5794 [00:30<00:58, 64.09it/s]
 36%|███▌      | 2076/5794 [00:30<00:57, 64.11it/s]
 36%|███▌      | 2083/5794 [00:30<00:57, 64.01it/s]
 36%|███▌      | 2090/5794 [00:30<00:57, 63.99it/s]
 36%|███▌      | 2097/5794 [00:30<00:57, 63.92it/s]
 36%|███▋      | 2104/5794 [00:30<00:57, 64.03it/s]
 36%|███▋      | 2111/5794 [00:31<00:57, 63.98it/s]
 37%|███▋      | 2118/5794 [00:31<00:57, 63.86it/s]
 37%|███▋      | 2125/5794 [00:31<00:57, 63.83it/s]
 37%|███▋      | 2132/5794 [00:31<00:57, 63.72it/s]
 37%|███▋      | 2139/5794 [00:31<00:57, 63.88it/s]
 37%|███▋      | 2146/5794 [00:31<00:57, 63.75it/s]
 37%|███▋      | 2153/5794 [00:31<00:56, 63.90it/s]
 37%|███▋      | 2160/5794 [00:31<00:56, 63.96it/s]
 37%|███▋      | 2167/5794 [00:31<00:56, 63.85it/s]
 38%|███▊      | 2174/5794 [00:32<00:56, 63.93it/s]
 38%|███▊      | 2181/5794 [00:32<00:56, 63.88it/s]
 38%|███▊      | 2188/5794 [00:32<00:56, 64.00it/s]
 38%|███▊      | 2195/5794 [00:32<00:56, 64.10it/s]
 38%|███▊      | 2202/5794 [00:32<00:56, 63.99it/s]
 38%|███▊      | 2209/5794 [00:32<00:56, 64.00it/s]
 38%|███▊      | 2216/5794 [00:32<00:55, 63.97it/s]
 38%|███▊      | 2223/5794 [00:32<00:55, 63.95it/s]
 38%|███▊      | 2230/5794 [00:32<00:55, 63.92it/s]
 39%|███▊      | 2237/5794 [00:33<00:55, 63.82it/s]
 39%|███▊      | 2244/5794 [00:33<00:55, 63.89it/s]
 39%|███▉      | 2251/5794 [00:33<00:55, 63.75it/s]
 39%|███▉      | 2258/5794 [00:33<00:55, 63.96it/s]
 39%|███▉      | 2265/5794 [00:33<00:55, 63.80it/s]
 39%|███▉      | 2272/5794 [00:33<00:55, 63.86it/s]
 39%|███▉      | 2279/5794 [00:33<00:55, 63.87it/s]
 39%|███▉      | 2286/5794 [00:33<00:55, 63.74it/s]
 40%|███▉      | 2293/5794 [00:33<00:54, 63.74it/s]
 40%|███▉      | 2300/5794 [00:34<00:54, 63.70it/s]
 40%|███▉      | 2307/5794 [00:34<00:54, 63.80it/s]
 40%|███▉      | 2314/5794 [00:34<00:54, 63.82it/s]
 40%|████      | 2321/5794 [00:34<00:54, 63.75it/s]
 40%|████      | 2328/5794 [00:34<00:54, 63.78it/s]
 40%|████      | 2335/5794 [00:34<00:54, 63.62it/s]
 40%|████      | 2342/5794 [00:34<00:54, 63.80it/s]
 41%|████      | 2349/5794 [00:34<00:53, 63.83it/s]
 41%|████      | 2356/5794 [00:34<00:53, 63.79it/s]
 41%|████      | 2363/5794 [00:35<00:53, 63.85it/s]
 41%|████      | 2370/5794 [00:35<00:53, 63.75it/s]
 41%|████      | 2377/5794 [00:35<00:53, 63.85it/s]
 41%|████      | 2384/5794 [00:35<00:53, 63.68it/s]
 41%|████▏     | 2391/5794 [00:35<00:53, 63.79it/s]
 41%|████▏     | 2398/5794 [00:35<00:52, 64.54it/s]
 42%|████▏     | 2406/5794 [00:35<00:50, 66.88it/s]
 42%|████▏     | 2414/5794 [00:35<00:49, 68.63it/s]
 42%|████▏     | 2422/5794 [00:35<00:48, 69.76it/s]
 42%|████▏     | 2430/5794 [00:36<00:47, 70.67it/s]
 42%|████▏     | 2438/5794 [00:36<00:47, 71.20it/s]
 42%|████▏     | 2446/5794 [00:36<00:46, 71.71it/s]
 42%|████▏     | 2454/5794 [00:36<00:46, 71.83it/s]
 42%|████▏     | 2462/5794 [00:36<00:46, 72.08it/s]
 43%|████▎     | 2470/5794 [00:36<00:46, 72.12it/s]
 43%|████▎     | 2478/5794 [00:36<00:45, 72.28it/s]
 43%|████▎     | 2486/5794 [00:36<00:45, 72.24it/s]
 43%|████▎     | 2494/5794 [00:36<00:45, 72.33it/s]
 43%|████▎     | 2502/5794 [00:37<00:45, 72.35it/s]
 43%|████▎     | 2510/5794 [00:37<00:45, 72.31it/s]
 43%|████▎     | 2518/5794 [00:37<00:45, 72.41it/s]
 44%|████▎     | 2526/5794 [00:37<00:45, 72.33it/s]
 44%|████▎     | 2534/5794 [00:37<00:45, 72.41it/s]
 44%|████▍     | 2542/5794 [00:37<00:44, 72.33it/s]
 44%|████▍     | 2550/5794 [00:37<00:44, 72.41it/s]
 44%|████▍     | 2558/5794 [00:37<00:44, 72.33it/s]
 44%|████▍     | 2566/5794 [00:37<00:44, 71.76it/s]
 44%|████▍     | 2574/5794 [00:38<00:46, 69.19it/s]
 45%|████▍     | 2581/5794 [00:38<00:47, 67.81it/s]
 45%|████▍     | 2588/5794 [00:38<00:48, 66.58it/s]
 45%|████▍     | 2595/5794 [00:38<00:48, 65.88it/s]
 45%|████▍     | 2602/5794 [00:38<00:48, 65.40it/s]
 45%|████▌     | 2609/5794 [00:38<00:49, 64.88it/s]
 45%|████▌     | 2616/5794 [00:38<00:49, 64.73it/s]
 45%|████▌     | 2623/5794 [00:38<00:49, 64.37it/s]
 45%|████▌     | 2630/5794 [00:38<00:49, 64.19it/s]
 46%|████▌     | 2637/5794 [00:38<00:49, 64.13it/s]
 46%|████▌     | 2644/5794 [00:39<00:49, 63.99it/s]
 46%|████▌     | 2651/5794 [00:39<00:49, 64.00it/s]
 46%|████▌     | 2658/5794 [00:39<00:49, 63.88it/s]
 46%|████▌     | 2665/5794 [00:39<00:48, 63.93it/s]
 46%|████▌     | 2672/5794 [00:39<00:48, 64.04it/s]
 46%|████▌     | 2679/5794 [00:39<00:48, 63.94it/s]
 46%|████▋     | 2686/5794 [00:39<00:48, 63.95it/s]
 46%|████▋     | 2693/5794 [00:39<00:48, 63.85it/s]
 47%|████▋     | 2700/5794 [00:39<00:48, 63.95it/s]
 47%|████▋     | 2707/5794 [00:40<00:48, 63.81it/s]
 47%|████▋     | 2714/5794 [00:40<00:48, 63.88it/s]
 47%|████▋     | 2721/5794 [00:40<00:47, 64.03it/s]
 47%|████▋     | 2728/5794 [00:40<00:48, 63.86it/s]
 47%|████▋     | 2735/5794 [00:40<00:47, 64.01it/s]
 47%|████▋     | 2742/5794 [00:40<00:47, 63.82it/s]
 47%|████▋     | 2749/5794 [00:40<00:47, 63.88it/s]
 48%|████▊     | 2756/5794 [00:40<00:47, 63.93it/s]
 48%|████▊     | 2763/5794 [00:40<00:47, 63.87it/s]
 48%|████▊     | 2770/5794 [00:41<00:47, 63.91it/s]
 48%|████▊     | 2777/5794 [00:41<00:47, 63.82it/s]
 48%|████▊     | 2784/5794 [00:41<00:47, 63.95it/s]
 48%|████▊     | 2792/5794 [00:41<00:45, 66.39it/s]
 48%|████▊     | 2800/5794 [00:41<00:43, 68.39it/s]
 48%|████▊     | 2807/5794 [00:41<00:43, 68.65it/s]
 49%|████▊     | 2815/5794 [00:41<00:42, 69.67it/s]
 49%|████▊     | 2823/5794 [00:41<00:42, 70.58it/s]
 49%|████▉     | 2831/5794 [00:41<00:41, 70.99it/s]
 49%|████▉     | 2839/5794 [00:42<00:42, 69.10it/s]
 49%|████▉     | 2846/5794 [00:42<00:43, 67.54it/s]
 49%|████▉     | 2853/5794 [00:42<00:44, 66.61it/s]
 49%|████▉     | 2860/5794 [00:42<00:44, 65.60it/s]
 49%|████▉     | 2867/5794 [00:42<00:44, 65.24it/s]
 50%|████▉     | 2874/5794 [00:42<00:44, 64.95it/s]
 50%|████▉     | 2881/5794 [00:42<00:45, 64.58it/s]
 50%|████▉     | 2888/5794 [00:42<00:45, 64.50it/s]
 50%|████▉     | 2895/5794 [00:42<00:45, 64.31it/s]
 50%|█████     | 2902/5794 [00:43<00:44, 64.31it/s]
 50%|█████     | 2909/5794 [00:43<00:44, 64.31it/s]
 50%|█████     | 2916/5794 [00:43<00:44, 64.12it/s]
 50%|█████     | 2923/5794 [00:43<00:44, 64.18it/s]
 51%|█████     | 2930/5794 [00:43<00:44, 64.00it/s]
 51%|█████     | 2937/5794 [00:43<00:44, 64.11it/s]
 51%|█████     | 2944/5794 [00:43<00:44, 64.15it/s]
 51%|█████     | 2951/5794 [00:43<00:44, 64.05it/s]
 51%|█████     | 2958/5794 [00:43<00:44, 64.04it/s]
 51%|█████     | 2965/5794 [00:44<00:44, 63.99it/s]
 51%|█████▏    | 2972/5794 [00:44<00:43, 64.16it/s]
 51%|█████▏    | 2979/5794 [00:44<00:43, 64.01it/s]
 52%|█████▏    | 2986/5794 [00:44<00:43, 64.09it/s]
 52%|█████▏    | 2993/5794 [00:44<00:43, 64.16it/s]
 52%|█████▏    | 3000/5794 [00:44<00:43, 64.68it/s]
 52%|█████▏    | 3008/5794 [00:44<00:41, 67.18it/s]
 52%|█████▏    | 3016/5794 [00:44<00:40, 68.73it/s]
 52%|█████▏    | 3024/5794 [00:44<00:39, 70.02it/s]
 52%|█████▏    | 3032/5794 [00:45<00:39, 70.72it/s]
 52%|█████▏    | 3040/5794 [00:45<00:38, 71.41it/s]
 53%|█████▎    | 3048/5794 [00:45<00:38, 70.96it/s]
 53%|█████▎    | 3056/5794 [00:45<00:39, 68.75it/s]
 53%|█████▎    | 3063/5794 [00:45<00:40, 67.41it/s]
 53%|█████▎    | 3070/5794 [00:45<00:41, 66.03it/s]
 53%|█████▎    | 3077/5794 [00:45<00:41, 65.27it/s]
 53%|█████▎    | 3084/5794 [00:45<00:41, 64.85it/s]
 53%|█████▎    | 3091/5794 [00:45<00:41, 64.73it/s]
 53%|█████▎    | 3098/5794 [00:46<00:41, 64.43it/s]
 54%|█████▎    | 3105/5794 [00:46<00:41, 64.44it/s]
 54%|█████▎    | 3112/5794 [00:46<00:41, 64.43it/s]
 54%|█████▍    | 3119/5794 [00:46<00:41, 64.18it/s]
 54%|█████▍    | 3126/5794 [00:46<00:41, 64.83it/s]
 54%|█████▍    | 3134/5794 [00:46<00:39, 67.16it/s]
 54%|█████▍    | 3142/5794 [00:46<00:38, 68.79it/s]
 54%|█████▍    | 3150/5794 [00:46<00:37, 69.76it/s]
 55%|█████▍    | 3158/5794 [00:46<00:37, 70.70it/s]
 55%|█████▍    | 3166/5794 [00:47<00:36, 71.09it/s]
 55%|█████▍    | 3174/5794 [00:47<00:36, 71.66it/s]
 55%|█████▍    | 3182/5794 [00:47<00:36, 72.03it/s]
 55%|█████▌    | 3190/5794 [00:47<00:36, 72.02it/s]
 55%|█████▌    | 3198/5794 [00:47<00:35, 72.17it/s]
 55%|█████▌    | 3206/5794 [00:47<00:35, 72.17it/s]
 55%|█████▌    | 3214/5794 [00:47<00:35, 72.44it/s]
 56%|█████▌    | 3222/5794 [00:47<00:35, 72.42it/s]
 56%|█████▌    | 3230/5794 [00:47<00:35, 72.55it/s]
 56%|█████▌    | 3238/5794 [00:48<00:35, 72.47it/s]
 56%|█████▌    | 3246/5794 [00:48<00:35, 72.57it/s]
 56%|█████▌    | 3254/5794 [00:48<00:35, 72.51it/s]
 56%|█████▋    | 3262/5794 [00:48<00:34, 72.55it/s]
 56%|█████▋    | 3270/5794 [00:48<00:34, 72.47it/s]
 57%|█████▋    | 3278/5794 [00:48<00:34, 72.65it/s]
 57%|█████▋    | 3286/5794 [00:48<00:34, 72.61it/s]
 57%|█████▋    | 3294/5794 [00:48<00:34, 72.71it/s]
 57%|█████▋    | 3302/5794 [00:48<00:34, 72.58it/s]
 57%|█████▋    | 3310/5794 [00:49<00:34, 72.69it/s]
 57%|█████▋    | 3318/5794 [00:49<00:34, 72.78it/s]
 57%|█████▋    | 3326/5794 [00:49<00:33, 72.79it/s]
 58%|█████▊    | 3334/5794 [00:49<00:33, 72.85it/s]
 58%|█████▊    | 3342/5794 [00:49<00:33, 72.76it/s]
 58%|█████▊    | 3350/5794 [00:49<00:33, 72.81it/s]
 58%|█████▊    | 3358/5794 [00:49<00:33, 72.82it/s]
 58%|█████▊    | 3366/5794 [00:49<00:34, 71.34it/s]
 58%|█████▊    | 3374/5794 [00:49<00:35, 68.97it/s]
 58%|█████▊    | 3381/5794 [00:50<00:35, 67.73it/s]
 58%|█████▊    | 3388/5794 [00:50<00:36, 66.56it/s]
 59%|█████▊    | 3395/5794 [00:50<00:36, 65.97it/s]
 59%|█████▊    | 3402/5794 [00:50<00:36, 65.46it/s]
 59%|█████▉    | 3409/5794 [00:50<00:36, 65.06it/s]
 59%|█████▉    | 3416/5794 [00:50<00:36, 64.92it/s]
 59%|█████▉    | 3423/5794 [00:50<00:36, 64.57it/s]
 59%|█████▉    | 3430/5794 [00:50<00:36, 64.51it/s]
 59%|█████▉    | 3437/5794 [00:50<00:36, 64.41it/s]
 59%|█████▉    | 3444/5794 [00:50<00:36, 64.28it/s]
 60%|█████▉    | 3451/5794 [00:51<00:36, 64.28it/s]
 60%|█████▉    | 3458/5794 [00:51<00:36, 64.22it/s]
 60%|█████▉    | 3465/5794 [00:51<00:36, 64.27it/s]
 60%|█████▉    | 3472/5794 [00:51<00:36, 64.13it/s]
 60%|██████    | 3479/5794 [00:51<00:36, 64.21it/s]
 60%|██████    | 3486/5794 [00:51<00:35, 64.21it/s]
 60%|██████    | 3493/5794 [00:51<00:35, 64.09it/s]
 60%|██████    | 3500/5794 [00:51<00:35, 64.14it/s]
 61%|██████    | 3507/5794 [00:51<00:35, 63.86it/s]
 61%|██████    | 3514/5794 [00:52<00:35, 63.88it/s]
 61%|██████    | 3521/5794 [00:52<00:35, 63.97it/s]
 61%|██████    | 3529/5794 [00:52<00:34, 66.03it/s]
 61%|██████    | 3537/5794 [00:52<00:33, 68.06it/s]
 61%|██████    | 3545/5794 [00:52<00:32, 69.25it/s]
 61%|██████▏   | 3553/5794 [00:52<00:31, 70.29it/s]
 61%|██████▏   | 3561/5794 [00:52<00:31, 70.88it/s]
 62%|██████▏   | 3569/5794 [00:52<00:31, 71.48it/s]
 62%|██████▏   | 3577/5794 [00:52<00:30, 71.79it/s]
 62%|██████▏   | 3585/5794 [00:53<00:30, 72.10it/s]
 62%|██████▏   | 3593/5794 [00:53<00:30, 72.13it/s]
 62%|██████▏   | 3601/5794 [00:53<00:30, 72.31it/s]
 62%|██████▏   | 3609/5794 [00:53<00:30, 72.21it/s]
 62%|██████▏   | 3617/5794 [00:53<00:30, 72.43it/s]
 63%|██████▎   | 3625/5794 [00:53<00:30, 72.29it/s]
 63%|██████▎   | 3633/5794 [00:53<00:29, 72.40it/s]
 63%|██████▎   | 3641/5794 [00:53<00:30, 71.36it/s]
 63%|██████▎   | 3649/5794 [00:53<00:31, 68.95it/s]
 63%|██████▎   | 3656/5794 [00:54<00:31, 67.69it/s]
 63%|██████▎   | 3663/5794 [00:54<00:32, 66.58it/s]
 63%|██████▎   | 3670/5794 [00:54<00:32, 65.89it/s]
 63%|██████▎   | 3677/5794 [00:54<00:32, 65.26it/s]
 64%|██████▎   | 3684/5794 [00:54<00:32, 64.97it/s]
 64%|██████▎   | 3691/5794 [00:54<00:32, 64.80it/s]
 64%|██████▍   | 3698/5794 [00:54<00:32, 64.47it/s]
 64%|██████▍   | 3705/5794 [00:54<00:32, 64.44it/s]
 64%|██████▍   | 3712/5794 [00:54<00:32, 64.27it/s]
 64%|██████▍   | 3719/5794 [00:55<00:32, 64.30it/s]
 64%|██████▍   | 3726/5794 [00:55<00:32, 64.33it/s]
 64%|██████▍   | 3733/5794 [00:55<00:32, 64.21it/s]
 65%|██████▍   | 3740/5794 [00:55<00:31, 64.26it/s]
 65%|██████▍   | 3747/5794 [00:55<00:31, 64.07it/s]
 65%|██████▍   | 3754/5794 [00:55<00:31, 63.97it/s]
 65%|██████▍   | 3761/5794 [00:55<00:31, 63.84it/s]
 65%|██████▌   | 3768/5794 [00:55<00:31, 63.99it/s]
 65%|██████▌   | 3775/5794 [00:55<00:31, 64.06it/s]
 65%|██████▌   | 3782/5794 [00:56<00:31, 64.05it/s]
 65%|██████▌   | 3789/5794 [00:56<00:31, 64.15it/s]
 66%|██████▌   | 3796/5794 [00:56<00:31, 64.07it/s]
 66%|██████▌   | 3803/5794 [00:56<00:31, 64.17it/s]
 66%|██████▌   | 3810/5794 [00:56<00:30, 64.28it/s]
 66%|██████▌   | 3817/5794 [00:56<00:30, 64.18it/s]
 66%|██████▌   | 3824/5794 [00:56<00:30, 64.30it/s]
 66%|██████▌   | 3831/5794 [00:56<00:30, 64.18it/s]
 66%|██████▌   | 3838/5794 [00:56<00:30, 64.16it/s]
 66%|██████▋   | 3846/5794 [00:57<00:29, 66.12it/s]
 67%|██████▋   | 3854/5794 [00:57<00:28, 68.09it/s]
 67%|██████▋   | 3862/5794 [00:57<00:27, 69.50it/s]
 67%|██████▋   | 3870/5794 [00:57<00:27, 70.45it/s]
 67%|██████▋   | 3878/5794 [00:57<00:26, 71.27it/s]
 67%|██████▋   | 3886/5794 [00:57<00:26, 71.55it/s]
 67%|██████▋   | 3894/5794 [00:57<00:26, 71.98it/s]
 67%|██████▋   | 3902/5794 [00:57<00:26, 72.11it/s]
 67%|██████▋   | 3910/5794 [00:57<00:26, 72.33it/s]
 68%|██████▊   | 3918/5794 [00:58<00:25, 72.41it/s]
 68%|██████▊   | 3926/5794 [00:58<00:25, 72.60it/s]
 68%|██████▊   | 3934/5794 [00:58<00:25, 72.44it/s]
 68%|██████▊   | 3942/5794 [00:58<00:25, 72.54it/s]
 68%|██████▊   | 3950/5794 [00:58<00:25, 72.47it/s]
 68%|██████▊   | 3958/5794 [00:58<00:25, 72.55it/s]
 68%|██████▊   | 3966/5794 [00:58<00:25, 72.49it/s]
 69%|██████▊   | 3974/5794 [00:58<00:25, 72.69it/s]
 69%|██████▊   | 3982/5794 [00:58<00:24, 72.53it/s]
 69%|██████▉   | 3990/5794 [00:59<00:24, 72.64it/s]
 69%|██████▉   | 3998/5794 [00:59<00:24, 72.66it/s]
 69%|██████▉   | 4006/5794 [00:59<00:24, 72.72it/s]
 69%|██████▉   | 4014/5794 [00:59<00:24, 72.68it/s]
 69%|██████▉   | 4022/5794 [00:59<00:24, 72.65it/s]
 70%|██████▉   | 4030/5794 [00:59<00:24, 72.76it/s]
 70%|██████▉   | 4038/5794 [00:59<00:24, 72.60it/s]
 70%|██████▉   | 4046/5794 [00:59<00:24, 72.63it/s]
 70%|██████▉   | 4054/5794 [00:59<00:23, 72.54it/s]
 70%|███████   | 4062/5794 [01:00<00:23, 72.69it/s]
 70%|███████   | 4070/5794 [01:00<00:23, 72.45it/s]
 70%|███████   | 4078/5794 [01:00<00:23, 72.66it/s]
 71%|███████   | 4086/5794 [01:00<00:23, 72.55it/s]
 71%|███████   | 4094/5794 [01:00<00:23, 72.71it/s]
 71%|███████   | 4102/5794 [01:00<00:23, 72.56it/s]
 71%|███████   | 4110/5794 [01:00<00:23, 72.70it/s]
 71%|███████   | 4118/5794 [01:00<00:23, 72.68it/s]
 71%|███████   | 4126/5794 [01:00<00:22, 72.80it/s]
 71%|███████▏  | 4134/5794 [01:01<00:22, 72.78it/s]
 71%|███████▏  | 4142/5794 [01:01<00:22, 72.71it/s]
 72%|███████▏  | 4150/5794 [01:01<00:22, 72.69it/s]
 72%|███████▏  | 4158/5794 [01:01<00:22, 72.60it/s]
 72%|███████▏  | 4166/5794 [01:01<00:22, 72.59it/s]
 72%|███████▏  | 4174/5794 [01:01<00:22, 72.49it/s]
 72%|███████▏  | 4182/5794 [01:01<00:22, 72.52it/s]
 72%|███████▏  | 4190/5794 [01:01<00:22, 72.44it/s]
 72%|███████▏  | 4198/5794 [01:01<00:22, 72.54it/s]
 73%|███████▎  | 4206/5794 [01:02<00:21, 72.40it/s]
 73%|███████▎  | 4214/5794 [01:02<00:21, 72.56it/s]
 73%|███████▎  | 4222/5794 [01:02<00:22, 71.37it/s]
 73%|███████▎  | 4230/5794 [01:02<00:22, 69.15it/s]
 73%|███████▎  | 4237/5794 [01:02<00:23, 67.57it/s]
 73%|███████▎  | 4244/5794 [01:02<00:23, 66.75it/s]
 73%|███████▎  | 4251/5794 [01:02<00:23, 66.07it/s]
 73%|███████▎  | 4258/5794 [01:02<00:23, 65.39it/s]
 74%|███████▎  | 4265/5794 [01:02<00:23, 65.11it/s]
 74%|███████▎  | 4272/5794 [01:03<00:23, 64.81it/s]
 74%|███████▍  | 4279/5794 [01:03<00:23, 64.72it/s]
 74%|███████▍  | 4286/5794 [01:03<00:23, 64.56it/s]
 74%|███████▍  | 4293/5794 [01:03<00:23, 64.39it/s]
 74%|███████▍  | 4300/5794 [01:03<00:23, 64.41it/s]
 74%|███████▍  | 4307/5794 [01:03<00:23, 64.27it/s]
 74%|███████▍  | 4314/5794 [01:03<00:23, 64.30it/s]
 75%|███████▍  | 4321/5794 [01:03<00:22, 64.25it/s]
 75%|███████▍  | 4328/5794 [01:03<00:22, 64.16it/s]
 75%|███████▍  | 4335/5794 [01:03<00:22, 65.46it/s]
 75%|███████▍  | 4343/5794 [01:04<00:21, 67.60it/s]
 75%|███████▌  | 4351/5794 [01:04<00:20, 69.29it/s]
 75%|███████▌  | 4359/5794 [01:04<00:20, 70.24it/s]
 75%|███████▌  | 4367/5794 [01:04<00:20, 71.00it/s]
 76%|███████▌  | 4375/5794 [01:04<00:19, 71.35it/s]
 76%|███████▌  | 4383/5794 [01:04<00:19, 71.79it/s]
 76%|███████▌  | 4391/5794 [01:04<00:19, 71.83it/s]
 76%|███████▌  | 4399/5794 [01:04<00:19, 72.13it/s]
 76%|███████▌  | 4407/5794 [01:04<00:19, 72.21it/s]
 76%|███████▌  | 4415/5794 [01:05<00:19, 72.38it/s]
 76%|███████▋  | 4423/5794 [01:05<00:18, 72.49it/s]
 76%|███████▋  | 4431/5794 [01:05<00:18, 72.51it/s]
 77%|███████▋  | 4439/5794 [01:05<00:18, 72.57it/s]
 77%|███████▋  | 4447/5794 [01:05<00:18, 72.55it/s]
 77%|███████▋  | 4455/5794 [01:05<00:18, 72.49it/s]
 77%|███████▋  | 4463/5794 [01:05<00:18, 71.68it/s]
 77%|███████▋  | 4471/5794 [01:05<00:18, 72.04it/s]
 77%|███████▋  | 4479/5794 [01:05<00:18, 72.13it/s]
 77%|███████▋  | 4487/5794 [01:06<00:18, 72.47it/s]
 78%|███████▊  | 4495/5794 [01:06<00:17, 72.45it/s]
 78%|███████▊  | 4503/5794 [01:06<00:17, 72.64it/s]
 78%|███████▊  | 4511/5794 [01:06<00:17, 72.61it/s]
 78%|███████▊  | 4519/5794 [01:06<00:17, 72.79it/s]
 78%|███████▊  | 4527/5794 [01:06<00:17, 72.67it/s]
 78%|███████▊  | 4535/5794 [01:06<00:17, 72.83it/s]
 78%|███████▊  | 4543/5794 [01:06<00:17, 72.79it/s]
 79%|███████▊  | 4551/5794 [01:06<00:17, 72.82it/s]
 79%|███████▊  | 4559/5794 [01:07<00:16, 72.87it/s]
 79%|███████▉  | 4567/5794 [01:07<00:16, 72.82it/s]
 79%|███████▉  | 4575/5794 [01:07<00:16, 72.91it/s]
 79%|███████▉  | 4583/5794 [01:07<00:16, 72.81it/s]
 79%|███████▉  | 4591/5794 [01:07<00:16, 72.82it/s]
 79%|███████▉  | 4599/5794 [01:07<00:16, 72.67it/s]
 80%|███████▉  | 4607/5794 [01:07<00:16, 72.74it/s]
 80%|███████▉  | 4615/5794 [01:07<00:16, 72.62it/s]
 80%|███████▉  | 4623/5794 [01:07<00:16, 70.94it/s]
 80%|███████▉  | 4631/5794 [01:08<00:16, 68.69it/s]
 80%|████████  | 4638/5794 [01:08<00:17, 67.50it/s]
 80%|████████  | 4645/5794 [01:08<00:17, 66.36it/s]
 80%|████████  | 4652/5794 [01:08<00:17, 65.79it/s]
 80%|████████  | 4659/5794 [01:08<00:17, 65.33it/s]
 81%|████████  | 4666/5794 [01:08<00:17, 64.22it/s]
 81%|████████  | 4673/5794 [01:08<00:17, 64.27it/s]
 81%|████████  | 4680/5794 [01:08<00:17, 64.17it/s]
 81%|████████  | 4687/5794 [01:08<00:17, 64.26it/s]
 81%|████████  | 4694/5794 [01:09<00:17, 64.31it/s]
 81%|████████  | 4701/5794 [01:09<00:17, 64.20it/s]
 81%|████████▏ | 4708/5794 [01:09<00:16, 64.37it/s]
 81%|████████▏ | 4715/5794 [01:09<00:16, 64.28it/s]
 81%|████████▏ | 4722/5794 [01:09<00:16, 64.41it/s]
 82%|████████▏ | 4729/5794 [01:09<00:16, 64.34it/s]
 82%|████████▏ | 4736/5794 [01:09<00:16, 64.27it/s]
 82%|████████▏ | 4743/5794 [01:09<00:16, 64.35it/s]
 82%|████████▏ | 4750/5794 [01:09<00:16, 64.21it/s]
 82%|████████▏ | 4757/5794 [01:10<00:16, 64.35it/s]
 82%|████████▏ | 4764/5794 [01:10<00:16, 64.29it/s]
 82%|████████▏ | 4771/5794 [01:10<00:15, 64.38it/s]
 82%|████████▏ | 4778/5794 [01:10<00:15, 64.43it/s]
 83%|████████▎ | 4785/5794 [01:10<00:15, 65.93it/s]
 83%|████████▎ | 4792/5794 [01:10<00:15, 66.47it/s]
 83%|████████▎ | 4799/5794 [01:10<00:15, 65.74it/s]
 83%|████████▎ | 4806/5794 [01:10<00:15, 65.37it/s]
 83%|████████▎ | 4813/5794 [01:10<00:15, 65.05it/s]
 83%|████████▎ | 4820/5794 [01:11<00:15, 64.80it/s]
 83%|████████▎ | 4827/5794 [01:11<00:14, 64.76it/s]
 83%|████████▎ | 4834/5794 [01:11<00:14, 65.46it/s]
 84%|████████▎ | 4842/5794 [01:11<00:14, 67.85it/s]
 84%|████████▎ | 4850/5794 [01:11<00:13, 69.23it/s]
 84%|████████▍ | 4858/5794 [01:11<00:13, 70.42it/s]
 84%|████████▍ | 4866/5794 [01:11<00:13, 68.55it/s]
 84%|████████▍ | 4873/5794 [01:11<00:13, 67.42it/s]
 84%|████████▍ | 4880/5794 [01:11<00:13, 66.65it/s]
 84%|████████▍ | 4887/5794 [01:12<00:13, 65.81it/s]
 84%|████████▍ | 4894/5794 [01:12<00:13, 65.45it/s]
 85%|████████▍ | 4901/5794 [01:12<00:13, 65.08it/s]
 85%|████████▍ | 4908/5794 [01:12<00:13, 65.01it/s]
 85%|████████▍ | 4915/5794 [01:12<00:13, 64.94it/s]
 85%|████████▍ | 4922/5794 [01:12<00:13, 64.74it/s]
 85%|████████▌ | 4929/5794 [01:12<00:13, 64.69it/s]
 85%|████████▌ | 4936/5794 [01:12<00:13, 64.41it/s]
 85%|████████▌ | 4943/5794 [01:12<00:13, 64.44it/s]
 85%|████████▌ | 4950/5794 [01:12<00:13, 64.37it/s]
 86%|████████▌ | 4957/5794 [01:13<00:13, 64.27it/s]
 86%|████████▌ | 4964/5794 [01:13<00:13, 63.69it/s]
 86%|████████▌ | 4971/5794 [01:13<00:12, 63.83it/s]
 86%|████████▌ | 4978/5794 [01:13<00:12, 64.07it/s]
 86%|████████▌ | 4985/5794 [01:13<00:12, 64.03it/s]
 86%|████████▌ | 4992/5794 [01:13<00:12, 64.17it/s]
 86%|████████▋ | 4999/5794 [01:13<00:12, 64.18it/s]
 86%|████████▋ | 5006/5794 [01:13<00:12, 64.07it/s]
 87%|████████▋ | 5013/5794 [01:13<00:12, 64.19it/s]
 87%|████████▋ | 5020/5794 [01:14<00:12, 64.11it/s]
 87%|████████▋ | 5027/5794 [01:14<00:11, 64.23it/s]
 87%|████████▋ | 5034/5794 [01:14<00:11, 64.31it/s]
 87%|████████▋ | 5041/5794 [01:14<00:11, 64.22it/s]
 87%|████████▋ | 5048/5794 [01:14<00:11, 64.24it/s]
 87%|████████▋ | 5055/5794 [01:14<00:11, 63.83it/s]
 87%|████████▋ | 5062/5794 [01:14<00:11, 64.02it/s]
 87%|████████▋ | 5069/5794 [01:14<00:11, 64.08it/s]
 88%|████████▊ | 5076/5794 [01:14<00:11, 64.12it/s]
 88%|████████▊ | 5083/5794 [01:15<00:11, 64.23it/s]
 88%|████████▊ | 5090/5794 [01:15<00:10, 64.10it/s]
 88%|████████▊ | 5097/5794 [01:15<00:10, 64.24it/s]
 88%|████████▊ | 5104/5794 [01:15<00:10, 64.12it/s]
 88%|████████▊ | 5111/5794 [01:15<00:10, 64.25it/s]
 88%|████████▊ | 5118/5794 [01:15<00:10, 64.04it/s]
 88%|████████▊ | 5125/5794 [01:15<00:10, 63.88it/s]
 89%|████████▊ | 5132/5794 [01:15<00:10, 64.15it/s]
 89%|████████▊ | 5139/5794 [01:15<00:10, 64.29it/s]
 89%|████████▉ | 5146/5794 [01:16<00:10, 64.53it/s]
 89%|████████▉ | 5153/5794 [01:16<00:09, 64.64it/s]
 89%|████████▉ | 5160/5794 [01:16<00:09, 64.43it/s]
 89%|████████▉ | 5167/5794 [01:16<00:09, 64.52it/s]
 89%|████████▉ | 5174/5794 [01:16<00:09, 64.47it/s]
 89%|████████▉ | 5181/5794 [01:16<00:09, 64.58it/s]
 90%|████████▉ | 5188/5794 [01:16<00:09, 64.73it/s]
 90%|████████▉ | 5195/5794 [01:16<00:09, 64.71it/s]
 90%|████████▉ | 5202/5794 [01:16<00:09, 64.76it/s]
 90%|████████▉ | 5209/5794 [01:17<00:09, 64.55it/s]
 90%|█████████ | 5216/5794 [01:17<00:08, 64.75it/s]
 90%|█████████ | 5223/5794 [01:17<00:08, 64.61it/s]
 90%|█████████ | 5230/5794 [01:17<00:08, 64.63it/s]
 90%|█████████ | 5237/5794 [01:17<00:08, 64.71it/s]
 91%|█████████ | 5244/5794 [01:17<00:08, 64.65it/s]
 91%|█████████ | 5251/5794 [01:17<00:08, 64.70it/s]
 91%|█████████ | 5258/5794 [01:17<00:08, 64.56it/s]
 91%|█████████ | 5265/5794 [01:17<00:08, 64.59it/s]
 91%|█████████ | 5272/5794 [01:17<00:08, 64.38it/s]
 91%|█████████ | 5279/5794 [01:18<00:08, 64.25it/s]
 91%|█████████ | 5286/5794 [01:18<00:07, 64.47it/s]
 91%|█████████▏| 5293/5794 [01:18<00:07, 64.41it/s]
 91%|█████████▏| 5300/5794 [01:18<00:07, 64.69it/s]
 92%|█████████▏| 5307/5794 [01:18<00:07, 64.05it/s]
 92%|█████████▏| 5314/5794 [01:18<00:07, 64.19it/s]
 92%|█████████▏| 5321/5794 [01:18<00:07, 64.41it/s]
 92%|█████████▏| 5328/5794 [01:18<00:07, 64.43it/s]
 92%|█████████▏| 5335/5794 [01:18<00:07, 64.63it/s]
 92%|█████████▏| 5342/5794 [01:19<00:06, 64.59it/s]
 92%|█████████▏| 5349/5794 [01:19<00:06, 64.76it/s]
 92%|█████████▏| 5356/5794 [01:19<00:06, 64.76it/s]
 93%|█████████▎| 5363/5794 [01:19<00:06, 64.72it/s]
 93%|█████████▎| 5370/5794 [01:19<00:06, 64.84it/s]
 93%|█████████▎| 5377/5794 [01:19<00:06, 64.34it/s]
 93%|█████████▎| 5384/5794 [01:19<00:06, 64.56it/s]
 93%|█████████▎| 5391/5794 [01:19<00:06, 64.63it/s]
 93%|█████████▎| 5398/5794 [01:19<00:06, 64.61it/s]
 93%|█████████▎| 5405/5794 [01:20<00:06, 64.71it/s]
 93%|█████████▎| 5412/5794 [01:20<00:05, 64.60it/s]
 94%|█████████▎| 5419/5794 [01:20<00:05, 64.77it/s]
 94%|█████████▎| 5426/5794 [01:20<00:05, 64.75it/s]
 94%|█████████▍| 5433/5794 [01:20<00:05, 64.67it/s]
 94%|█████████▍| 5440/5794 [01:20<00:05, 64.82it/s]
 94%|█████████▍| 5447/5794 [01:20<00:05, 64.75it/s]
 94%|█████████▍| 5454/5794 [01:20<00:05, 64.78it/s]
 94%|█████████▍| 5461/5794 [01:20<00:05, 64.64it/s]
 94%|█████████▍| 5468/5794 [01:21<00:05, 64.78it/s]
 94%|█████████▍| 5475/5794 [01:21<00:04, 64.88it/s]
 95%|█████████▍| 5482/5794 [01:21<00:04, 64.57it/s]
 95%|█████████▍| 5489/5794 [01:21<00:04, 64.78it/s]
 95%|█████████▍| 5496/5794 [01:21<00:04, 64.73it/s]
 95%|█████████▍| 5503/5794 [01:21<00:04, 64.80it/s]
 95%|█████████▌| 5510/5794 [01:21<00:04, 64.87it/s]
 95%|█████████▌| 5517/5794 [01:21<00:04, 64.76it/s]
 95%|█████████▌| 5524/5794 [01:21<00:04, 64.85it/s]
 95%|█████████▌| 5531/5794 [01:21<00:04, 64.57it/s]
 96%|█████████▌| 5538/5794 [01:22<00:03, 64.71it/s]
 96%|█████████▌| 5545/5794 [01:22<00:03, 64.75it/s]
 96%|█████████▌| 5552/5794 [01:22<00:03, 64.65it/s]
 96%|█████████▌| 5559/5794 [01:22<00:03, 64.69it/s]
 96%|█████████▌| 5566/5794 [01:22<00:03, 64.64it/s]
 96%|█████████▌| 5573/5794 [01:22<00:03, 64.74it/s]
 96%|█████████▋| 5580/5794 [01:22<00:03, 64.49it/s]
 96%|█████████▋| 5587/5794 [01:22<00:03, 64.31it/s]
 97%|█████████▋| 5594/5794 [01:22<00:03, 64.36it/s]
 97%|█████████▋| 5601/5794 [01:23<00:03, 64.25it/s]
 97%|█████████▋| 5608/5794 [01:23<00:02, 64.26it/s]
 97%|█████████▋| 5615/5794 [01:23<00:02, 63.94it/s]
 97%|█████████▋| 5622/5794 [01:23<00:02, 64.07it/s]
 97%|█████████▋| 5629/5794 [01:23<00:02, 64.15it/s]
 97%|█████████▋| 5636/5794 [01:23<00:02, 64.08it/s]
 97%|█████████▋| 5643/5794 [01:23<00:02, 64.14it/s]
 98%|█████████▊| 5650/5794 [01:23<00:02, 64.13it/s]
 98%|█████████▊| 5657/5794 [01:23<00:02, 64.28it/s]
 98%|█████████▊| 5664/5794 [01:24<00:02, 64.36it/s]
 98%|█████████▊| 5671/5794 [01:24<00:01, 64.26it/s]
 98%|█████████▊| 5678/5794 [01:24<00:01, 64.30it/s]
 98%|█████████▊| 5685/5794 [01:24<00:01, 64.21it/s]
 98%|█████████▊| 5692/5794 [01:24<00:01, 64.32it/s]
 98%|█████████▊| 5699/5794 [01:24<00:01, 64.12it/s]
 98%|█████████▊| 5706/5794 [01:24<00:01, 64.16it/s]
 99%|█████████▊| 5713/5794 [01:24<00:01, 64.17it/s]
 99%|█████████▊| 5720/5794 [01:24<00:01, 64.12it/s]
 99%|█████████▉| 5727/5794 [01:25<00:01, 64.29it/s]
 99%|█████████▉| 5734/5794 [01:25<00:00, 64.16it/s]
 99%|█████████▉| 5741/5794 [01:25<00:00, 64.26it/s]
 99%|█████████▉| 5748/5794 [01:25<00:00, 64.32it/s]
 99%|█████████▉| 5755/5794 [01:25<00:00, 64.23it/s]
 99%|█████████▉| 5762/5794 [01:25<00:00, 64.14it/s]
100%|█████████▉| 5769/5794 [01:25<00:00, 64.09it/s]
100%|█████████▉| 5776/5794 [01:25<00:00, 64.31it/s]
100%|█████████▉| 5783/5794 [01:25<00:00, 64.25it/s]
100%|█████████▉| 5790/5794 [01:26<00:00, 64.54it/s]
100%|██████████| 5794/5794 [01:26<00:00, 67.26it/s]
BALANCED ACCS CHECKED FOR TEST
TEST SET RESULTS FOR CHECKPOINT trained_weights/waterbirds/upweight_waterbird_1.0_forest2water2_21050510_trial_000/best_balanced_valacc_0.63_epoch_0.ckpt
test_acc: 0.596479116327235
balanced_test_acc: 0.6201889535887712
Land_on_Land_test_acc: 0.9800443458980045
Land_on_Water_test_acc: 0.17516629711751663
Water_on_Land_test_acc: 0.3582554517133956
Water_on_Water_test_acc: 0.9672897196261683
test_acc_Waterbird: 0.6627725856697819
test_acc_Landbird: 0.5776053215077606
