[CMD] /home/ryreu/miniconda3/envs/gals_a100/bin/python -u main.py --config configs/waterbirds_95_gals_ourmasks.yaml --name gals_waterbird_complete95_forest2water2_21047520_trial_000 DATA.ROOT=/home/ryreu/guided_cnn/waterbirds DATA.WATERBIRDS_DIR=waterbird_complete95_forest2water2 SEED=0 EXP.BASE.LR=0.0010000000000000002 EXP.CLASSIFIER.LR=9.999999999999991e-05 EXP.WEIGHT_DECAY=9.999999999999997e-06 EXP.AUX_LOSSES_ON_VAL=False EXP.LOSSES.GRADIENT_OUTSIDE.WEIGHT=10.000000000000002 DATA.SEGMENTATION_DIR=/home/ryreu/guided_cnn/waterbirds/LearningToLook/code/WeCLIPPlus/results/val/prediction_cmap DATA.SEG_TRAIN_ONLY=True EXP.NUM_EPOCHS=1
SEED: 0
DATA:
  BATCH_SIZE: 96
  NUM_WORKERS: 4
  SIZE: 224
  NORMALIZATION: imagenet
  ATTENTION_DIR: NONE
  SEPARATE_CLASSES: false
  REMOVE_BACKGROUND: false
  ROOT: /home/ryreu/guided_cnn/waterbirds
  USE_CLASS_WEIGHTS: false
  USE_GROUP_WEIGHTS: false
  DATASET: waterbirds
  NUM_CLASSES: 2
  CONFOUNDING_FACTOR: 0.95
  WATERBIRDS_DIR: waterbird_complete95_forest2water2
  SEGMENTATION_DIR: /home/ryreu/guided_cnn/waterbirds/LearningToLook/code/WeCLIPPlus/results/val/prediction_cmap
  SEG_TRAIN_ONLY: true
EXP:
  NUM_TRIALS: 1
  LOSSES:
    CLASSIFICATION:
      WEIGHT: 1
    GRADIENT_OUTSIDE:
      COMPUTE: true
      LOG: false
      WEIGHT: 10.000000000000002
      CRITERION: L1
      GT: segmentation
      COMBINE_ATT_MODE: average_nonzero
    GRADIENT_INSIDE:
      COMPUTE: false
      LOG: false
      WEIGHT: 1
      CRITERION: L1
      GT: segmentation
      COMBINE_ATT_MODE: average_nonzero
    GRADCAM:
      COMPUTE: false
      LOG: false
      WEIGHT: 1
      CRITERION: L1
      GT: segmentation
      MODE: match
      COMBINE_ATT_MODE: average_nonzero
  APPROACH: generic
  MODEL: resnet50
  PRETRAINED: true
  NUM_EPOCHS: 1
  OPTIMIZER: SGD
  WEIGHT_DECAY: 9.999999999999997e-06
  MOMENTUM: 0.9
  SCHEDULER: NONE
  AUX_LOSSES_ON_VAL: false
  BASE:
    LR: 0.0010000000000000002
  CLASSIFIER:
    LR: 9.999999999999991e-05
LOGGING:
  SAVE_EVERY: 0
  SAVE_BEST: true
  SAVE_LAST: false
  LOG_ATTENTION: false
  LOG_ATTENTION_STEP: 10
  SAVE_STATS_PATH: null
yaml: configs/waterbirds_95_gals_ourmasks.yaml
name: gals_waterbird_complete95_forest2water2_21047520_trial_000
test_checkpoint: null

WATERBIRDS DIR: /home/ryreu/guided_cnn/waterbirds/waterbird_complete95_forest2water2
NUMBER OF SAMPLES WITH LABEL Landbird: 3682
NUMBER OF SAMPLES WITH LABEL Waterbird: 1113
NUMBER OF SAMPLES WITH GROUP Land_on_Land: 3498
NUMBER OF SAMPLES WITH GROUP Land_on_Water: 184
NUMBER OF SAMPLES WITH GROUP Water_on_Land: 56
NUMBER OF SAMPLES WITH GROUP Water_on_Water: 1057
WATERBIRDS DIR: /home/ryreu/guided_cnn/waterbirds/waterbird_complete95_forest2water2
NUMBER OF SAMPLES WITH LABEL Landbird: 933
NUMBER OF SAMPLES WITH LABEL Waterbird: 266
NUMBER OF SAMPLES WITH GROUP Land_on_Land: 467
NUMBER OF SAMPLES WITH GROUP Land_on_Water: 466
NUMBER OF SAMPLES WITH GROUP Water_on_Land: 133
NUMBER OF SAMPLES WITH GROUP Water_on_Water: 133
NUM TRAIN: 4795

NUM VAL:   1199

Number classifier outputs: 1
Using pretrained model: True
USING SGD OPTIMIZER
class weights: None
group weights: None
WANDB DISABLED: skipping wandb.init()
EPOCH: 0

>>> TRAINING 


  0%|          | 0/50 [00:00<?, ?it/s]
  2%|▏         | 1/50 [00:06<05:05,  6.24s/it]
  4%|▍         | 2/50 [00:07<02:32,  3.18s/it]
  6%|▌         | 3/50 [00:08<01:43,  2.21s/it]
  8%|▊         | 4/50 [00:09<01:20,  1.75s/it]
 10%|█         | 5/50 [00:10<01:07,  1.50s/it]
 12%|█▏        | 6/50 [00:11<00:59,  1.34s/it]
 14%|█▍        | 7/50 [00:12<00:53,  1.25s/it]
 16%|█▌        | 8/50 [00:13<00:49,  1.18s/it]
 18%|█▊        | 9/50 [00:14<00:46,  1.14s/it]
 20%|██        | 10/50 [00:15<00:44,  1.11s/it]
 22%|██▏       | 11/50 [00:16<00:42,  1.09s/it]
 24%|██▍       | 12/50 [00:17<00:40,  1.08s/it]
 26%|██▌       | 13/50 [00:18<00:39,  1.07s/it]
 28%|██▊       | 14/50 [00:19<00:38,  1.06s/it]
 30%|███       | 15/50 [00:20<00:36,  1.06s/it]
 32%|███▏      | 16/50 [00:21<00:35,  1.05s/it]
 34%|███▍      | 17/50 [00:22<00:34,  1.05s/it]
 36%|███▌      | 18/50 [00:24<00:33,  1.05s/it]
 38%|███▊      | 19/50 [00:25<00:32,  1.05s/it]
 40%|████      | 20/50 [00:26<00:31,  1.05s/it]
 42%|████▏     | 21/50 [00:27<00:30,  1.05s/it]
 44%|████▍     | 22/50 [00:28<00:29,  1.05s/it]
 46%|████▌     | 23/50 [00:29<00:28,  1.05s/it]
 48%|████▊     | 24/50 [00:30<00:27,  1.05s/it]
 50%|█████     | 25/50 [00:31<00:26,  1.05s/it]
 52%|█████▏    | 26/50 [00:32<00:25,  1.05s/it]
 54%|█████▍    | 27/50 [00:33<00:24,  1.05s/it]
 56%|█████▌    | 28/50 [00:34<00:23,  1.05s/it]
 58%|█████▊    | 29/50 [00:35<00:22,  1.05s/it]
 60%|██████    | 30/50 [00:36<00:20,  1.05s/it]
 62%|██████▏   | 31/50 [00:37<00:19,  1.05s/it]
 64%|██████▍   | 32/50 [00:38<00:18,  1.05s/it]
 66%|██████▌   | 33/50 [00:39<00:17,  1.05s/it]
 68%|██████▊   | 34/50 [00:40<00:16,  1.05s/it]
 70%|███████   | 35/50 [00:41<00:15,  1.05s/it]
 72%|███████▏  | 36/50 [00:42<00:14,  1.05s/it]
 74%|███████▍  | 37/50 [00:43<00:13,  1.05s/it]
 76%|███████▌  | 38/50 [00:44<00:12,  1.05s/it]
 78%|███████▊  | 39/50 [00:46<00:11,  1.05s/it]
 80%|████████  | 40/50 [00:47<00:10,  1.05s/it]
 82%|████████▏ | 41/50 [00:48<00:09,  1.05s/it]
 84%|████████▍ | 42/50 [00:49<00:08,  1.05s/it]
 86%|████████▌ | 43/50 [00:50<00:07,  1.05s/it]
 88%|████████▊ | 44/50 [00:51<00:06,  1.05s/it]
 90%|█████████ | 45/50 [00:52<00:05,  1.05s/it]
 92%|█████████▏| 46/50 [00:53<00:04,  1.05s/it]
 94%|█████████▍| 47/50 [00:54<00:03,  1.05s/it]
 96%|█████████▌| 48/50 [00:55<00:02,  1.04s/it]
 98%|█████████▊| 49/50 [00:56<00:01,  1.05s/it]
100%|██████████| 50/50 [00:57<00:00,  1.04s/it]
100%|██████████| 50/50 [00:57<00:00,  1.15s/it]
>>> VALIDATING 


  0%|          | 0/13 [00:00<?, ?it/s]
  8%|▊         | 1/13 [00:00<00:09,  1.25it/s]
 23%|██▎       | 3/13 [00:00<00:02,  3.86it/s]
 38%|███▊      | 5/13 [00:01<00:01,  4.70it/s]
 54%|█████▍    | 7/13 [00:01<00:00,  6.58it/s]
 69%|██████▉   | 9/13 [00:01<00:00,  6.26it/s]
 85%|████████▍ | 11/13 [00:01<00:00,  7.85it/s]
100%|██████████| 13/13 [00:02<00:00,  9.57it/s]
100%|██████████| 13/13 [00:02<00:00,  6.20it/s]
>>> LOGGING 

BALANCED ACCS CHECKED FOR TRAIN
BALANCED ACCS CHECKED FOR VAL
train_acc: 0.7067778936392075
val_acc: 0.713094245204337
train_cls_loss: 0.49541953628702134
val_cls_loss: 0.5280912072584966
train_total_loss: 0.49544632345344775
val_total_loss: 0.5280912072584966
balanced_train_acc: 0.5683488260071946
balanced_val_acc: 0.5455459388019889
Land_on_Land_train_acc: 0.8319039451114922
Land_on_Land_val_acc: 0.9978586723768736
Land_on_Water_train_acc: 0.7282608695652174
Land_on_Water_val_acc: 0.6952789699570815
Water_on_Land_train_acc: 0.14285714285714285
Water_on_Land_val_acc: 0.007518796992481203
Water_on_Water_train_acc: 0.31882686849574265
Water_on_Water_val_acc: 0.48120300751879697
train_dydx_outside_segmentation_loss: 2.678831597194146e-05
train_acc_Landbird: 0.8267246061922868
train_acc_Waterbird: 0.30997304582210244
val_acc_Landbird: 0.8467309753483387
val_acc_Waterbird: 0.24436090225563908
TRAIN ACC:        0.7067778936392075
VAL ACC:          0.713094245204337
BALANCED VAL ACC: 0.5455459388019889
prev best list: []
Saving to trained_weights/waterbirds/gals_waterbird_complete95_forest2water2_21047520_trial_000/best_balanced_valacc_0.55_epoch_0.ckpt
>>> EVALUATING ON TEST SET
WATERBIRDS DIR: /home/ryreu/guided_cnn/waterbirds/waterbird_complete95_forest2water2
NUMBER OF SAMPLES WITH LABEL Landbird: 4510
NUMBER OF SAMPLES WITH LABEL Waterbird: 1284
NUMBER OF SAMPLES WITH GROUP Land_on_Land: 2255
NUMBER OF SAMPLES WITH GROUP Land_on_Water: 2255
NUMBER OF SAMPLES WITH GROUP Water_on_Land: 642
NUMBER OF SAMPLES WITH GROUP Water_on_Water: 642
NUM TEST:   5794

Loaded checkpoint trained_weights/waterbirds/gals_waterbird_complete95_forest2water2_21047520_trial_000/best_balanced_valacc_0.55_epoch_0.ckpt

  0%|          | 0/5794 [00:00<?, ?it/s]
  0%|          | 1/5794 [00:00<25:19,  3.81it/s]
  0%|          | 8/5794 [00:00<03:36, 26.69it/s]
  0%|          | 16/5794 [00:00<02:15, 42.65it/s]
  0%|          | 23/5794 [00:00<01:52, 51.14it/s]
  1%|          | 30/5794 [00:00<01:41, 56.84it/s]
  1%|          | 38/5794 [00:00<01:33, 61.25it/s]
  1%|          | 46/5794 [00:00<01:29, 64.04it/s]
  1%|          | 54/5794 [00:01<01:26, 66.09it/s]
  1%|          | 62/5794 [00:01<01:24, 67.45it/s]
  1%|          | 69/5794 [00:01<01:24, 68.15it/s]
  1%|▏         | 76/5794 [00:01<01:24, 67.82it/s]
  1%|▏         | 83/5794 [00:01<01:26, 66.40it/s]
  2%|▏         | 90/5794 [00:01<01:24, 67.37it/s]
  2%|▏         | 98/5794 [00:01<01:22, 68.80it/s]
  2%|▏         | 106/5794 [00:01<01:21, 69.73it/s]
  2%|▏         | 114/5794 [00:01<01:20, 70.38it/s]
  2%|▏         | 122/5794 [00:01<01:19, 70.91it/s]
  2%|▏         | 130/5794 [00:02<01:19, 70.90it/s]
  2%|▏         | 138/5794 [00:02<01:23, 67.39it/s]
  3%|▎         | 145/5794 [00:02<01:25, 66.13it/s]
  3%|▎         | 152/5794 [00:02<01:26, 65.58it/s]
  3%|▎         | 160/5794 [00:02<01:23, 67.24it/s]
  3%|▎         | 168/5794 [00:02<01:22, 68.33it/s]
  3%|▎         | 176/5794 [00:02<01:21, 69.24it/s]
  3%|▎         | 184/5794 [00:02<01:20, 69.94it/s]
  3%|▎         | 192/5794 [00:03<01:19, 70.19it/s]
  3%|▎         | 200/5794 [00:03<01:19, 70.45it/s]
  4%|▎         | 208/5794 [00:03<01:19, 70.60it/s]
  4%|▎         | 216/5794 [00:03<01:18, 70.85it/s]
  4%|▍         | 224/5794 [00:03<01:18, 71.11it/s]
  4%|▍         | 232/5794 [00:03<01:17, 71.36it/s]
  4%|▍         | 240/5794 [00:03<01:17, 71.40it/s]
  4%|▍         | 248/5794 [00:03<01:17, 71.50it/s]
  4%|▍         | 256/5794 [00:03<01:17, 71.76it/s]
  5%|▍         | 264/5794 [00:04<01:17, 71.44it/s]
  5%|▍         | 272/5794 [00:04<01:17, 71.63it/s]
  5%|▍         | 280/5794 [00:04<01:18, 69.87it/s]
  5%|▍         | 287/5794 [00:04<01:21, 67.68it/s]
  5%|▌         | 294/5794 [00:04<01:23, 66.05it/s]
  5%|▌         | 301/5794 [00:04<01:24, 64.87it/s]
  5%|▌         | 308/5794 [00:04<01:25, 64.48it/s]
  5%|▌         | 315/5794 [00:04<01:25, 63.99it/s]
  6%|▌         | 322/5794 [00:04<01:26, 63.51it/s]
  6%|▌         | 329/5794 [00:05<01:26, 63.42it/s]
  6%|▌         | 336/5794 [00:05<01:26, 63.35it/s]
  6%|▌         | 343/5794 [00:05<01:24, 64.68it/s]
  6%|▌         | 350/5794 [00:05<01:25, 63.77it/s]
  6%|▌         | 357/5794 [00:05<01:25, 63.86it/s]
  6%|▋         | 365/5794 [00:05<01:22, 66.00it/s]
  6%|▋         | 373/5794 [00:05<01:20, 67.58it/s]
  7%|▋         | 381/5794 [00:05<01:19, 68.49it/s]
  7%|▋         | 389/5794 [00:05<01:17, 69.32it/s]
  7%|▋         | 397/5794 [00:06<01:17, 69.77it/s]
  7%|▋         | 405/5794 [00:06<01:17, 69.93it/s]
  7%|▋         | 413/5794 [00:06<01:16, 70.06it/s]
  7%|▋         | 421/5794 [00:06<01:16, 70.34it/s]
  7%|▋         | 429/5794 [00:06<01:16, 70.23it/s]
  8%|▊         | 437/5794 [00:06<01:15, 70.51it/s]
  8%|▊         | 445/5794 [00:06<01:16, 70.21it/s]
  8%|▊         | 453/5794 [00:06<01:16, 70.08it/s]
  8%|▊         | 461/5794 [00:06<01:15, 70.18it/s]
  8%|▊         | 469/5794 [00:07<01:15, 70.15it/s]
  8%|▊         | 477/5794 [00:07<01:17, 68.88it/s]
  8%|▊         | 484/5794 [00:07<01:20, 66.10it/s]
  8%|▊         | 491/5794 [00:07<01:21, 65.35it/s]
  9%|▊         | 498/5794 [00:07<01:22, 64.57it/s]
  9%|▊         | 505/5794 [00:07<01:22, 64.01it/s]
  9%|▉         | 512/5794 [00:07<01:23, 63.31it/s]
  9%|▉         | 519/5794 [00:07<01:23, 62.88it/s]
  9%|▉         | 526/5794 [00:07<01:24, 62.37it/s]
  9%|▉         | 533/5794 [00:08<01:24, 62.52it/s]
  9%|▉         | 540/5794 [00:08<01:23, 62.84it/s]
  9%|▉         | 547/5794 [00:08<01:23, 63.05it/s]
 10%|▉         | 554/5794 [00:08<01:22, 63.15it/s]
 10%|▉         | 561/5794 [00:08<01:22, 63.21it/s]
 10%|▉         | 568/5794 [00:08<01:22, 63.12it/s]
 10%|▉         | 575/5794 [00:08<01:22, 63.38it/s]
 10%|█         | 582/5794 [00:08<01:22, 63.37it/s]
 10%|█         | 589/5794 [00:08<01:22, 63.37it/s]
 10%|█         | 596/5794 [00:09<01:21, 63.49it/s]
 10%|█         | 603/5794 [00:09<01:21, 63.46it/s]
 11%|█         | 610/5794 [00:09<01:21, 63.58it/s]
 11%|█         | 617/5794 [00:09<01:21, 63.45it/s]
 11%|█         | 624/5794 [00:09<01:21, 63.53it/s]
 11%|█         | 631/5794 [00:09<01:19, 65.00it/s]
 11%|█         | 639/5794 [00:09<01:16, 67.41it/s]
 11%|█         | 647/5794 [00:09<01:14, 69.09it/s]
 11%|█▏        | 655/5794 [00:09<01:13, 70.34it/s]
 11%|█▏        | 663/5794 [00:10<01:12, 71.21it/s]
 12%|█▏        | 671/5794 [00:10<01:11, 71.69it/s]
 12%|█▏        | 679/5794 [00:10<01:11, 71.78it/s]
 12%|█▏        | 687/5794 [00:10<01:10, 71.99it/s]
 12%|█▏        | 695/5794 [00:10<01:10, 71.97it/s]
 12%|█▏        | 703/5794 [00:10<01:10, 71.96it/s]
 12%|█▏        | 711/5794 [00:10<01:10, 71.70it/s]
 12%|█▏        | 719/5794 [00:10<01:10, 71.92it/s]
 13%|█▎        | 727/5794 [00:10<01:10, 71.99it/s]
 13%|█▎        | 735/5794 [00:11<01:10, 71.88it/s]
 13%|█▎        | 743/5794 [00:11<01:10, 71.70it/s]
 13%|█▎        | 751/5794 [00:11<01:10, 71.63it/s]
 13%|█▎        | 759/5794 [00:11<01:10, 71.55it/s]
 13%|█▎        | 767/5794 [00:11<01:11, 70.76it/s]
 13%|█▎        | 775/5794 [00:11<01:10, 71.01it/s]
 14%|█▎        | 783/5794 [00:11<01:10, 71.39it/s]
 14%|█▎        | 791/5794 [00:11<01:09, 71.53it/s]
 14%|█▍        | 799/5794 [00:11<01:09, 71.80it/s]
 14%|█▍        | 807/5794 [00:12<01:09, 71.76it/s]
 14%|█▍        | 815/5794 [00:12<01:09, 71.95it/s]
 14%|█▍        | 823/5794 [00:12<01:10, 70.64it/s]
 14%|█▍        | 831/5794 [00:12<01:12, 68.27it/s]
 14%|█▍        | 838/5794 [00:12<01:14, 66.79it/s]
 15%|█▍        | 845/5794 [00:12<01:15, 65.69it/s]
 15%|█▍        | 852/5794 [00:12<01:15, 65.11it/s]
 15%|█▍        | 859/5794 [00:12<01:16, 64.43it/s]
 15%|█▍        | 866/5794 [00:12<01:16, 64.11it/s]
 15%|█▌        | 873/5794 [00:13<01:17, 63.78it/s]
 15%|█▌        | 880/5794 [00:13<01:17, 63.06it/s]
 15%|█▌        | 887/5794 [00:13<01:17, 63.24it/s]
 15%|█▌        | 894/5794 [00:13<01:17, 63.14it/s]
 16%|█▌        | 901/5794 [00:13<01:17, 63.15it/s]
 16%|█▌        | 908/5794 [00:13<01:17, 62.83it/s]
 16%|█▌        | 915/5794 [00:13<01:17, 62.98it/s]
 16%|█▌        | 922/5794 [00:13<01:17, 62.86it/s]
 16%|█▌        | 929/5794 [00:13<01:17, 63.08it/s]
 16%|█▌        | 936/5794 [00:14<01:17, 62.39it/s]
 16%|█▋        | 943/5794 [00:14<01:17, 62.54it/s]
 16%|█▋        | 950/5794 [00:14<01:17, 62.88it/s]
 17%|█▋        | 957/5794 [00:14<01:16, 62.93it/s]
 17%|█▋        | 964/5794 [00:14<01:16, 63.05it/s]
 17%|█▋        | 971/5794 [00:14<01:16, 63.34it/s]
 17%|█▋        | 978/5794 [00:14<01:16, 63.31it/s]
 17%|█▋        | 985/5794 [00:14<01:15, 63.35it/s]
 17%|█▋        | 992/5794 [00:14<01:15, 63.31it/s]
 17%|█▋        | 999/5794 [00:15<01:15, 63.26it/s]
 17%|█▋        | 1006/5794 [00:15<01:15, 63.20it/s]
 17%|█▋        | 1013/5794 [00:15<01:15, 63.20it/s]
 18%|█▊        | 1020/5794 [00:15<01:15, 63.24it/s]
 18%|█▊        | 1027/5794 [00:15<01:15, 63.00it/s]
 18%|█▊        | 1034/5794 [00:15<01:15, 63.24it/s]
 18%|█▊        | 1041/5794 [00:15<01:15, 63.26it/s]
 18%|█▊        | 1048/5794 [00:15<01:14, 63.30it/s]
 18%|█▊        | 1055/5794 [00:15<01:14, 63.37it/s]
 18%|█▊        | 1062/5794 [00:16<01:14, 63.24it/s]
 18%|█▊        | 1069/5794 [00:16<01:14, 63.35it/s]
 19%|█▊        | 1076/5794 [00:16<01:14, 63.16it/s]
 19%|█▊        | 1083/5794 [00:16<01:14, 63.07it/s]
 19%|█▉        | 1090/5794 [00:16<01:14, 63.25it/s]
 19%|█▉        | 1097/5794 [00:16<01:14, 63.14it/s]
 19%|█▉        | 1104/5794 [00:16<01:14, 63.08it/s]
 19%|█▉        | 1111/5794 [00:16<01:14, 63.21it/s]
 19%|█▉        | 1118/5794 [00:16<01:13, 63.35it/s]
 19%|█▉        | 1125/5794 [00:17<01:13, 63.35it/s]
 20%|█▉        | 1132/5794 [00:17<01:13, 63.25it/s]
 20%|█▉        | 1139/5794 [00:17<01:13, 63.20it/s]
 20%|█▉        | 1146/5794 [00:17<01:13, 63.03it/s]
 20%|█▉        | 1153/5794 [00:17<01:13, 63.04it/s]
 20%|██        | 1160/5794 [00:17<01:13, 62.79it/s]
 20%|██        | 1167/5794 [00:17<01:13, 62.85it/s]
 20%|██        | 1174/5794 [00:17<01:13, 62.89it/s]
 20%|██        | 1181/5794 [00:17<01:13, 62.79it/s]
 21%|██        | 1188/5794 [00:18<01:13, 62.87it/s]
 21%|██        | 1195/5794 [00:18<01:14, 62.14it/s]
 21%|██        | 1202/5794 [00:18<01:13, 62.38it/s]
 21%|██        | 1209/5794 [00:18<01:13, 62.62it/s]
 21%|██        | 1216/5794 [00:18<01:13, 62.60it/s]
 21%|██        | 1223/5794 [00:18<01:12, 62.91it/s]
 21%|██        | 1230/5794 [00:18<01:12, 62.86it/s]
 21%|██▏       | 1237/5794 [00:18<01:12, 63.01it/s]
 21%|██▏       | 1244/5794 [00:18<01:12, 63.14it/s]
 22%|██▏       | 1251/5794 [00:19<01:12, 63.07it/s]
 22%|██▏       | 1258/5794 [00:19<01:11, 63.07it/s]
 22%|██▏       | 1265/5794 [00:19<01:11, 62.97it/s]
 22%|██▏       | 1272/5794 [00:19<01:11, 63.07it/s]
 22%|██▏       | 1279/5794 [00:19<01:11, 62.91it/s]
 22%|██▏       | 1286/5794 [00:19<01:11, 62.97it/s]
 22%|██▏       | 1293/5794 [00:19<01:11, 63.07it/s]
 22%|██▏       | 1300/5794 [00:19<01:11, 63.04it/s]
 23%|██▎       | 1307/5794 [00:19<01:11, 63.15it/s]
 23%|██▎       | 1314/5794 [00:20<01:11, 62.85it/s]
 23%|██▎       | 1321/5794 [00:20<01:10, 63.01it/s]
 23%|██▎       | 1328/5794 [00:20<01:10, 63.12it/s]
 23%|██▎       | 1335/5794 [00:20<01:10, 62.84it/s]
 23%|██▎       | 1342/5794 [00:20<01:10, 62.99it/s]
 23%|██▎       | 1349/5794 [00:20<01:10, 62.96it/s]
 23%|██▎       | 1356/5794 [00:20<01:10, 62.84it/s]
 24%|██▎       | 1363/5794 [00:20<01:10, 63.03it/s]
 24%|██▎       | 1370/5794 [00:20<01:10, 62.99it/s]
 24%|██▍       | 1377/5794 [00:21<01:10, 63.04it/s]
 24%|██▍       | 1385/5794 [00:21<01:06, 65.87it/s]
 24%|██▍       | 1393/5794 [00:21<01:05, 67.62it/s]
 24%|██▍       | 1401/5794 [00:21<01:03, 69.02it/s]
 24%|██▍       | 1409/5794 [00:21<01:02, 70.23it/s]
 24%|██▍       | 1417/5794 [00:21<01:01, 70.97it/s]
 25%|██▍       | 1425/5794 [00:21<01:01, 71.54it/s]
 25%|██▍       | 1433/5794 [00:21<01:00, 71.85it/s]
 25%|██▍       | 1441/5794 [00:21<01:00, 72.12it/s]
 25%|██▌       | 1449/5794 [00:22<01:00, 72.29it/s]
 25%|██▌       | 1457/5794 [00:22<00:59, 72.43it/s]
 25%|██▌       | 1465/5794 [00:22<00:59, 72.48it/s]
 25%|██▌       | 1473/5794 [00:22<00:59, 72.41it/s]
 26%|██▌       | 1481/5794 [00:22<00:59, 72.50it/s]
 26%|██▌       | 1489/5794 [00:22<00:59, 72.32it/s]
 26%|██▌       | 1497/5794 [00:22<00:59, 72.45it/s]
 26%|██▌       | 1505/5794 [00:22<00:59, 72.30it/s]
 26%|██▌       | 1513/5794 [00:22<00:59, 72.51it/s]
 26%|██▋       | 1521/5794 [00:23<00:58, 72.51it/s]
 26%|██▋       | 1529/5794 [00:23<00:58, 72.57it/s]
 27%|██▋       | 1537/5794 [00:23<00:58, 72.41it/s]
 27%|██▋       | 1545/5794 [00:23<00:59, 71.83it/s]
 27%|██▋       | 1553/5794 [00:23<00:59, 71.32it/s]
 27%|██▋       | 1561/5794 [00:23<00:59, 71.37it/s]
 27%|██▋       | 1569/5794 [00:23<00:59, 71.43it/s]
 27%|██▋       | 1577/5794 [00:23<00:58, 71.65it/s]
 27%|██▋       | 1585/5794 [00:23<00:58, 71.61it/s]
 27%|██▋       | 1593/5794 [00:24<00:59, 70.89it/s]
 28%|██▊       | 1601/5794 [00:24<01:01, 68.40it/s]
 28%|██▊       | 1608/5794 [00:24<01:02, 66.72it/s]
 28%|██▊       | 1615/5794 [00:24<01:03, 65.88it/s]
 28%|██▊       | 1622/5794 [00:24<01:04, 64.66it/s]
 28%|██▊       | 1629/5794 [00:24<01:04, 64.17it/s]
 28%|██▊       | 1636/5794 [00:24<01:05, 63.53it/s]
 28%|██▊       | 1643/5794 [00:24<01:05, 63.67it/s]
 28%|██▊       | 1650/5794 [00:24<01:05, 63.53it/s]
 29%|██▊       | 1657/5794 [00:25<01:05, 63.46it/s]
 29%|██▊       | 1664/5794 [00:25<01:05, 63.17it/s]
 29%|██▉       | 1671/5794 [00:25<01:05, 63.08it/s]
 29%|██▉       | 1678/5794 [00:25<01:05, 63.04it/s]
 29%|██▉       | 1685/5794 [00:25<01:05, 63.10it/s]
 29%|██▉       | 1692/5794 [00:25<01:05, 62.85it/s]
 29%|██▉       | 1699/5794 [00:25<01:05, 62.97it/s]
 29%|██▉       | 1706/5794 [00:25<01:05, 62.89it/s]
 30%|██▉       | 1713/5794 [00:25<01:05, 62.35it/s]
 30%|██▉       | 1720/5794 [00:26<01:05, 62.49it/s]
 30%|██▉       | 1727/5794 [00:26<01:04, 62.57it/s]
 30%|██▉       | 1734/5794 [00:26<01:04, 62.92it/s]
 30%|███       | 1741/5794 [00:26<01:04, 62.87it/s]
 30%|███       | 1748/5794 [00:26<01:04, 62.83it/s]
 30%|███       | 1755/5794 [00:26<01:04, 62.74it/s]
 30%|███       | 1762/5794 [00:26<01:04, 62.89it/s]
 31%|███       | 1769/5794 [00:26<01:03, 62.92it/s]
 31%|███       | 1776/5794 [00:26<01:03, 63.31it/s]
 31%|███       | 1783/5794 [00:27<01:03, 63.31it/s]
 31%|███       | 1790/5794 [00:27<01:03, 63.08it/s]
 31%|███       | 1797/5794 [00:27<01:03, 62.68it/s]
 31%|███       | 1804/5794 [00:27<01:03, 62.66it/s]
 31%|███▏      | 1811/5794 [00:27<01:03, 62.86it/s]
 31%|███▏      | 1818/5794 [00:27<01:03, 62.83it/s]
 31%|███▏      | 1825/5794 [00:27<01:03, 62.67it/s]
 32%|███▏      | 1832/5794 [00:27<01:03, 62.63it/s]
 32%|███▏      | 1839/5794 [00:28<01:03, 62.63it/s]
 32%|███▏      | 1846/5794 [00:28<01:02, 62.70it/s]
 32%|███▏      | 1853/5794 [00:28<01:02, 62.67it/s]
 32%|███▏      | 1860/5794 [00:28<01:02, 62.56it/s]
 32%|███▏      | 1867/5794 [00:28<01:02, 62.65it/s]
 32%|███▏      | 1874/5794 [00:28<01:02, 62.67it/s]
 32%|███▏      | 1881/5794 [00:28<01:02, 62.89it/s]
 33%|███▎      | 1888/5794 [00:28<01:02, 62.91it/s]
 33%|███▎      | 1895/5794 [00:28<01:01, 62.94it/s]
 33%|███▎      | 1902/5794 [00:29<01:02, 62.36it/s]
 33%|███▎      | 1909/5794 [00:29<01:02, 62.53it/s]
 33%|███▎      | 1916/5794 [00:29<01:01, 62.66it/s]
 33%|███▎      | 1923/5794 [00:29<01:01, 62.79it/s]
 33%|███▎      | 1930/5794 [00:29<01:01, 62.55it/s]
 33%|███▎      | 1937/5794 [00:29<01:01, 62.56it/s]
 34%|███▎      | 1944/5794 [00:29<01:01, 62.67it/s]
 34%|███▎      | 1951/5794 [00:29<01:01, 62.37it/s]
 34%|███▍      | 1958/5794 [00:29<01:01, 62.60it/s]
 34%|███▍      | 1965/5794 [00:30<01:00, 62.99it/s]
 34%|███▍      | 1973/5794 [00:30<00:58, 65.58it/s]
 34%|███▍      | 1981/5794 [00:30<00:56, 67.18it/s]
 34%|███▍      | 1989/5794 [00:30<00:55, 68.57it/s]
 34%|███▍      | 1997/5794 [00:30<00:54, 69.55it/s]
 35%|███▍      | 2004/5794 [00:30<00:54, 69.59it/s]
 35%|███▍      | 2012/5794 [00:30<00:53, 70.24it/s]
 35%|███▍      | 2020/5794 [00:30<00:53, 70.70it/s]
 35%|███▌      | 2028/5794 [00:30<00:53, 70.97it/s]
 35%|███▌      | 2036/5794 [00:31<00:52, 71.25it/s]
 35%|███▌      | 2044/5794 [00:31<00:52, 71.23it/s]
 35%|███▌      | 2052/5794 [00:31<00:52, 71.55it/s]
 36%|███▌      | 2060/5794 [00:31<00:52, 71.37it/s]
 36%|███▌      | 2068/5794 [00:31<00:52, 71.45it/s]
 36%|███▌      | 2076/5794 [00:31<00:51, 71.77it/s]
 36%|███▌      | 2084/5794 [00:31<00:51, 71.66it/s]
 36%|███▌      | 2092/5794 [00:31<00:51, 71.70it/s]
 36%|███▌      | 2100/5794 [00:31<00:51, 71.75it/s]
 36%|███▋      | 2108/5794 [00:32<00:51, 71.68it/s]
 37%|███▋      | 2116/5794 [00:32<00:51, 71.64it/s]
 37%|███▋      | 2124/5794 [00:32<00:51, 71.65it/s]
 37%|███▋      | 2132/5794 [00:32<00:52, 69.10it/s]
 37%|███▋      | 2139/5794 [00:32<00:53, 68.26it/s]
 37%|███▋      | 2147/5794 [00:32<00:52, 69.23it/s]
 37%|███▋      | 2155/5794 [00:32<00:52, 69.72it/s]
 37%|███▋      | 2163/5794 [00:32<00:51, 70.16it/s]
 37%|███▋      | 2171/5794 [00:32<00:51, 70.59it/s]
 38%|███▊      | 2179/5794 [00:33<00:50, 71.06it/s]
 38%|███▊      | 2187/5794 [00:33<00:52, 68.43it/s]
 38%|███▊      | 2194/5794 [00:33<00:53, 66.97it/s]
 38%|███▊      | 2201/5794 [00:33<00:54, 65.99it/s]
 38%|███▊      | 2208/5794 [00:33<00:54, 65.33it/s]
 38%|███▊      | 2215/5794 [00:33<00:55, 64.70it/s]
 38%|███▊      | 2222/5794 [00:33<00:55, 64.12it/s]
 38%|███▊      | 2229/5794 [00:33<00:55, 64.02it/s]
 39%|███▊      | 2236/5794 [00:33<00:55, 63.92it/s]
 39%|███▊      | 2243/5794 [00:34<00:55, 63.95it/s]
 39%|███▉      | 2250/5794 [00:34<00:55, 63.57it/s]
 39%|███▉      | 2257/5794 [00:34<00:55, 63.50it/s]
 39%|███▉      | 2264/5794 [00:34<00:55, 63.57it/s]
 39%|███▉      | 2271/5794 [00:34<00:55, 63.43it/s]
 39%|███▉      | 2278/5794 [00:34<00:55, 63.42it/s]
 39%|███▉      | 2285/5794 [00:34<00:55, 63.30it/s]
 40%|███▉      | 2292/5794 [00:34<00:55, 63.17it/s]
 40%|███▉      | 2299/5794 [00:34<00:55, 63.25it/s]
 40%|███▉      | 2306/5794 [00:35<00:55, 63.13it/s]
 40%|███▉      | 2313/5794 [00:35<00:54, 63.29it/s]
 40%|████      | 2320/5794 [00:35<00:54, 63.22it/s]
 40%|████      | 2327/5794 [00:35<00:54, 63.15it/s]
 40%|████      | 2334/5794 [00:35<00:54, 63.15it/s]
 40%|████      | 2341/5794 [00:35<00:54, 63.43it/s]
 41%|████      | 2348/5794 [00:35<00:54, 63.40it/s]
 41%|████      | 2355/5794 [00:35<00:54, 63.36it/s]
 41%|████      | 2362/5794 [00:35<00:54, 63.36it/s]
 41%|████      | 2369/5794 [00:36<00:53, 63.49it/s]
 41%|████      | 2376/5794 [00:36<00:53, 63.42it/s]
 41%|████      | 2383/5794 [00:36<00:53, 63.44it/s]
 41%|████      | 2390/5794 [00:36<00:53, 63.47it/s]
 41%|████▏     | 2397/5794 [00:36<00:53, 63.56it/s]
 41%|████▏     | 2404/5794 [00:36<00:53, 63.40it/s]
 42%|████▏     | 2411/5794 [00:36<00:53, 63.46it/s]
 42%|████▏     | 2418/5794 [00:36<00:53, 63.32it/s]
 42%|████▏     | 2426/5794 [00:36<00:51, 65.66it/s]
 42%|████▏     | 2434/5794 [00:37<00:49, 67.48it/s]
 42%|████▏     | 2441/5794 [00:37<00:49, 67.83it/s]
 42%|████▏     | 2449/5794 [00:37<00:48, 69.11it/s]
 42%|████▏     | 2457/5794 [00:37<00:47, 69.56it/s]
 43%|████▎     | 2464/5794 [00:37<00:48, 68.07it/s]
 43%|████▎     | 2471/5794 [00:37<00:49, 66.69it/s]
 43%|████▎     | 2478/5794 [00:37<00:50, 65.62it/s]
 43%|████▎     | 2485/5794 [00:37<00:50, 64.91it/s]
 43%|████▎     | 2492/5794 [00:37<00:51, 64.34it/s]
 43%|████▎     | 2499/5794 [00:38<00:51, 64.00it/s]
 43%|████▎     | 2506/5794 [00:38<00:51, 63.86it/s]
 43%|████▎     | 2513/5794 [00:38<00:51, 63.86it/s]
 43%|████▎     | 2520/5794 [00:38<00:52, 62.64it/s]
 44%|████▎     | 2527/5794 [00:38<00:51, 63.00it/s]
 44%|████▎     | 2534/5794 [00:38<00:51, 63.13it/s]
 44%|████▍     | 2541/5794 [00:38<00:51, 63.09it/s]
 44%|████▍     | 2548/5794 [00:38<00:51, 63.23it/s]
 44%|████▍     | 2555/5794 [00:38<00:51, 63.14it/s]
 44%|████▍     | 2562/5794 [00:39<00:50, 63.41it/s]
 44%|████▍     | 2569/5794 [00:39<00:50, 63.38it/s]
 44%|████▍     | 2576/5794 [00:39<00:50, 63.17it/s]
 45%|████▍     | 2583/5794 [00:39<00:50, 63.28it/s]
 45%|████▍     | 2590/5794 [00:39<00:50, 63.16it/s]
 45%|████▍     | 2597/5794 [00:39<00:50, 63.25it/s]
 45%|████▍     | 2604/5794 [00:39<00:50, 63.33it/s]
 45%|████▌     | 2611/5794 [00:39<00:50, 63.22it/s]
 45%|████▌     | 2618/5794 [00:39<00:50, 63.15it/s]
 45%|████▌     | 2625/5794 [00:40<00:50, 63.05it/s]
 45%|████▌     | 2632/5794 [00:40<00:50, 63.07it/s]
 46%|████▌     | 2639/5794 [00:40<00:49, 63.17it/s]
 46%|████▌     | 2646/5794 [00:40<00:49, 62.99it/s]
 46%|████▌     | 2653/5794 [00:40<00:49, 63.16it/s]
 46%|████▌     | 2660/5794 [00:40<00:49, 62.95it/s]
 46%|████▌     | 2667/5794 [00:40<00:49, 63.13it/s]
 46%|████▌     | 2674/5794 [00:40<00:49, 63.03it/s]
 46%|████▋     | 2681/5794 [00:40<00:48, 63.65it/s]
 46%|████▋     | 2689/5794 [00:41<00:46, 66.12it/s]
 47%|████▋     | 2697/5794 [00:41<00:45, 67.74it/s]
 47%|████▋     | 2704/5794 [00:41<00:45, 67.40it/s]
 47%|████▋     | 2711/5794 [00:41<00:46, 66.18it/s]
 47%|████▋     | 2719/5794 [00:41<00:45, 67.73it/s]
 47%|████▋     | 2726/5794 [00:41<00:46, 66.32it/s]
 47%|████▋     | 2733/5794 [00:41<00:46, 65.57it/s]
 47%|████▋     | 2740/5794 [00:41<00:47, 64.97it/s]
 47%|████▋     | 2747/5794 [00:41<00:47, 64.48it/s]
 48%|████▊     | 2754/5794 [00:41<00:47, 64.28it/s]
 48%|████▊     | 2761/5794 [00:42<00:47, 64.14it/s]
 48%|████▊     | 2768/5794 [00:42<00:47, 63.81it/s]
 48%|████▊     | 2775/5794 [00:42<00:47, 63.53it/s]
 48%|████▊     | 2782/5794 [00:42<00:47, 63.31it/s]
 48%|████▊     | 2790/5794 [00:42<00:45, 65.75it/s]
 48%|████▊     | 2798/5794 [00:42<00:44, 67.34it/s]
 48%|████▊     | 2806/5794 [00:42<00:43, 68.78it/s]
 49%|████▊     | 2814/5794 [00:42<00:42, 69.54it/s]
 49%|████▊     | 2822/5794 [00:42<00:42, 70.34it/s]
 49%|████▉     | 2830/5794 [00:43<00:41, 70.67it/s]
 49%|████▉     | 2838/5794 [00:43<00:41, 70.70it/s]
 49%|████▉     | 2846/5794 [00:43<00:41, 71.02it/s]
 49%|████▉     | 2854/5794 [00:43<00:41, 71.26it/s]
 49%|████▉     | 2862/5794 [00:43<00:41, 71.33it/s]
 50%|████▉     | 2870/5794 [00:43<00:40, 71.56it/s]
 50%|████▉     | 2878/5794 [00:43<00:40, 71.49it/s]
 50%|████▉     | 2886/5794 [00:43<00:40, 71.55it/s]
 50%|████▉     | 2894/5794 [00:44<00:40, 71.49it/s]
 50%|█████     | 2902/5794 [00:44<00:40, 71.52it/s]
 50%|█████     | 2910/5794 [00:44<00:40, 71.52it/s]
 50%|█████     | 2918/5794 [00:44<00:40, 71.47it/s]
 51%|█████     | 2926/5794 [00:44<00:40, 71.49it/s]
 51%|█████     | 2934/5794 [00:44<00:39, 71.58it/s]
 51%|█████     | 2942/5794 [00:44<00:39, 71.71it/s]
 51%|█████     | 2950/5794 [00:44<00:39, 71.57it/s]
 51%|█████     | 2958/5794 [00:44<00:39, 71.66it/s]
 51%|█████     | 2966/5794 [00:45<00:39, 71.54it/s]
 51%|█████▏    | 2974/5794 [00:45<00:39, 71.70it/s]
 51%|█████▏    | 2982/5794 [00:45<00:39, 71.45it/s]
 52%|█████▏    | 2990/5794 [00:45<00:39, 71.54it/s]
 52%|█████▏    | 2998/5794 [00:45<00:39, 71.41it/s]
 52%|█████▏    | 3006/5794 [00:45<00:39, 71.39it/s]
 52%|█████▏    | 3014/5794 [00:45<00:38, 71.30it/s]
 52%|█████▏    | 3022/5794 [00:45<00:39, 70.75it/s]
 52%|█████▏    | 3030/5794 [00:45<00:40, 68.22it/s]
 52%|█████▏    | 3037/5794 [00:46<00:41, 67.00it/s]
 53%|█████▎    | 3044/5794 [00:46<00:41, 65.92it/s]
 53%|█████▎    | 3051/5794 [00:46<00:42, 64.35it/s]
 53%|█████▎    | 3058/5794 [00:46<00:42, 64.00it/s]
 53%|█████▎    | 3065/5794 [00:46<00:42, 63.84it/s]
 53%|█████▎    | 3072/5794 [00:46<00:42, 63.68it/s]
 53%|█████▎    | 3079/5794 [00:46<00:42, 63.60it/s]
 53%|█████▎    | 3086/5794 [00:46<00:42, 63.40it/s]
 53%|█████▎    | 3093/5794 [00:46<00:42, 63.51it/s]
 54%|█████▎    | 3100/5794 [00:47<00:42, 63.50it/s]
 54%|█████▎    | 3107/5794 [00:47<00:42, 63.56it/s]
 54%|█████▎    | 3114/5794 [00:47<00:42, 63.56it/s]
 54%|█████▍    | 3121/5794 [00:47<00:42, 63.51it/s]
 54%|█████▍    | 3128/5794 [00:47<00:41, 63.55it/s]
 54%|█████▍    | 3135/5794 [00:47<00:41, 63.54it/s]
 54%|█████▍    | 3142/5794 [00:47<00:41, 63.28it/s]
 54%|█████▍    | 3149/5794 [00:47<00:41, 63.15it/s]
 54%|█████▍    | 3156/5794 [00:47<00:41, 63.36it/s]
 55%|█████▍    | 3163/5794 [00:48<00:41, 63.55it/s]
 55%|█████▍    | 3170/5794 [00:48<00:41, 63.45it/s]
 55%|█████▍    | 3177/5794 [00:48<00:41, 63.39it/s]
 55%|█████▍    | 3184/5794 [00:48<00:41, 63.30it/s]
 55%|█████▌    | 3191/5794 [00:48<00:41, 63.40it/s]
 55%|█████▌    | 3198/5794 [00:48<00:40, 63.48it/s]
 55%|█████▌    | 3205/5794 [00:48<00:40, 63.28it/s]
 55%|█████▌    | 3212/5794 [00:48<00:40, 63.44it/s]
 56%|█████▌    | 3219/5794 [00:48<00:40, 63.45it/s]
 56%|█████▌    | 3226/5794 [00:49<00:40, 63.36it/s]
 56%|█████▌    | 3233/5794 [00:49<00:40, 63.47it/s]
 56%|█████▌    | 3240/5794 [00:49<00:40, 63.32it/s]
 56%|█████▌    | 3247/5794 [00:49<00:40, 63.48it/s]
 56%|█████▌    | 3254/5794 [00:49<00:40, 63.47it/s]
 56%|█████▋    | 3261/5794 [00:49<00:39, 63.40it/s]
 56%|█████▋    | 3268/5794 [00:49<00:39, 63.27it/s]
 57%|█████▋    | 3275/5794 [00:49<00:39, 63.45it/s]
 57%|█████▋    | 3282/5794 [00:49<00:39, 63.37it/s]
 57%|█████▋    | 3289/5794 [00:50<00:39, 63.45it/s]
 57%|█████▋    | 3296/5794 [00:50<00:39, 63.44it/s]
 57%|█████▋    | 3303/5794 [00:50<00:39, 63.23it/s]
 57%|█████▋    | 3310/5794 [00:50<00:39, 63.36it/s]
 57%|█████▋    | 3317/5794 [00:50<00:39, 63.35it/s]
 57%|█████▋    | 3324/5794 [00:50<00:39, 63.20it/s]
 57%|█████▋    | 3331/5794 [00:50<00:38, 63.27it/s]
 58%|█████▊    | 3338/5794 [00:50<00:38, 63.27it/s]
 58%|█████▊    | 3345/5794 [00:50<00:38, 63.34it/s]
 58%|█████▊    | 3352/5794 [00:51<00:38, 63.38it/s]
 58%|█████▊    | 3359/5794 [00:51<00:38, 63.32it/s]
 58%|█████▊    | 3366/5794 [00:51<00:38, 63.48it/s]
 58%|█████▊    | 3373/5794 [00:51<00:38, 63.68it/s]
 58%|█████▊    | 3381/5794 [00:51<00:36, 65.97it/s]
 58%|█████▊    | 3388/5794 [00:51<00:36, 66.70it/s]
 59%|█████▊    | 3396/5794 [00:51<00:35, 68.39it/s]
 59%|█████▉    | 3404/5794 [00:51<00:34, 69.28it/s]
 59%|█████▉    | 3412/5794 [00:51<00:34, 70.04it/s]
 59%|█████▉    | 3420/5794 [00:51<00:33, 70.71it/s]
 59%|█████▉    | 3428/5794 [00:52<00:33, 70.95it/s]
 59%|█████▉    | 3436/5794 [00:52<00:33, 71.25it/s]
 59%|█████▉    | 3444/5794 [00:52<00:33, 71.19it/s]
 60%|█████▉    | 3452/5794 [00:52<00:32, 71.36it/s]
 60%|█████▉    | 3460/5794 [00:52<00:32, 71.36it/s]
 60%|█████▉    | 3468/5794 [00:52<00:32, 71.24it/s]
 60%|█████▉    | 3476/5794 [00:52<00:32, 71.33it/s]
 60%|██████    | 3484/5794 [00:52<00:32, 71.63it/s]
 60%|██████    | 3492/5794 [00:53<00:32, 71.68it/s]
 60%|██████    | 3500/5794 [00:53<00:31, 71.78it/s]
 61%|██████    | 3508/5794 [00:53<00:33, 68.95it/s]
 61%|██████    | 3515/5794 [00:53<00:33, 67.47it/s]
 61%|██████    | 3522/5794 [00:53<00:34, 66.44it/s]
 61%|██████    | 3529/5794 [00:53<00:34, 65.54it/s]
 61%|██████    | 3536/5794 [00:53<00:34, 64.77it/s]
 61%|██████    | 3543/5794 [00:53<00:34, 64.41it/s]
 61%|██████▏   | 3550/5794 [00:53<00:35, 63.49it/s]
 61%|██████▏   | 3557/5794 [00:54<00:35, 63.12it/s]
 62%|██████▏   | 3564/5794 [00:54<00:35, 63.30it/s]
 62%|██████▏   | 3571/5794 [00:54<00:35, 63.34it/s]
 62%|██████▏   | 3578/5794 [00:54<00:35, 63.29it/s]
 62%|██████▏   | 3585/5794 [00:54<00:34, 63.45it/s]
 62%|██████▏   | 3592/5794 [00:54<00:34, 63.34it/s]
 62%|██████▏   | 3599/5794 [00:54<00:34, 63.49it/s]
 62%|██████▏   | 3606/5794 [00:54<00:34, 63.20it/s]
 62%|██████▏   | 3613/5794 [00:54<00:34, 63.22it/s]
 62%|██████▏   | 3620/5794 [00:55<00:34, 63.42it/s]
 63%|██████▎   | 3627/5794 [00:55<00:34, 63.33it/s]
 63%|██████▎   | 3634/5794 [00:55<00:34, 63.36it/s]
 63%|██████▎   | 3641/5794 [00:55<00:33, 63.49it/s]
 63%|██████▎   | 3648/5794 [00:55<00:33, 63.40it/s]
 63%|██████▎   | 3655/5794 [00:55<00:33, 64.05it/s]
 63%|██████▎   | 3663/5794 [00:55<00:32, 66.24it/s]
 63%|██████▎   | 3671/5794 [00:55<00:31, 67.84it/s]
 63%|██████▎   | 3679/5794 [00:55<00:30, 68.93it/s]
 64%|██████▎   | 3687/5794 [00:56<00:30, 69.86it/s]
 64%|██████▍   | 3695/5794 [00:56<00:29, 70.48it/s]
 64%|██████▍   | 3703/5794 [00:56<00:29, 70.94it/s]
 64%|██████▍   | 3711/5794 [00:56<00:29, 71.02it/s]
 64%|██████▍   | 3719/5794 [00:56<00:29, 71.33it/s]
 64%|██████▍   | 3727/5794 [00:56<00:28, 71.38it/s]
 64%|██████▍   | 3735/5794 [00:56<00:28, 71.53it/s]
 65%|██████▍   | 3743/5794 [00:56<00:28, 71.53it/s]
 65%|██████▍   | 3751/5794 [00:56<00:28, 71.50it/s]
 65%|██████▍   | 3759/5794 [00:57<00:28, 71.55it/s]
 65%|██████▌   | 3767/5794 [00:57<00:29, 69.45it/s]
 65%|██████▌   | 3774/5794 [00:57<00:29, 67.74it/s]
 65%|██████▌   | 3781/5794 [00:57<00:30, 66.46it/s]
 65%|██████▌   | 3788/5794 [00:57<00:30, 65.74it/s]
 65%|██████▌   | 3795/5794 [00:57<00:30, 64.97it/s]
 66%|██████▌   | 3802/5794 [00:57<00:30, 64.49it/s]
 66%|██████▌   | 3809/5794 [00:57<00:30, 64.35it/s]
 66%|██████▌   | 3816/5794 [00:57<00:30, 63.98it/s]
 66%|██████▌   | 3823/5794 [00:58<00:30, 63.94it/s]
 66%|██████▌   | 3830/5794 [00:58<00:30, 63.74it/s]
 66%|██████▌   | 3837/5794 [00:58<00:30, 63.77it/s]
 66%|██████▋   | 3844/5794 [00:58<00:30, 63.85it/s]
 66%|██████▋   | 3851/5794 [00:58<00:30, 63.79it/s]
 67%|██████▋   | 3858/5794 [00:58<00:30, 63.63it/s]
 67%|██████▋   | 3865/5794 [00:58<00:30, 63.63it/s]
 67%|██████▋   | 3872/5794 [00:58<00:30, 63.69it/s]
 67%|██████▋   | 3879/5794 [00:58<00:30, 63.68it/s]
 67%|██████▋   | 3886/5794 [00:59<00:29, 63.65it/s]
 67%|██████▋   | 3893/5794 [00:59<00:29, 63.61it/s]
 67%|██████▋   | 3900/5794 [00:59<00:29, 63.38it/s]
 67%|██████▋   | 3907/5794 [00:59<00:29, 63.35it/s]
 68%|██████▊   | 3914/5794 [00:59<00:30, 62.60it/s]
 68%|██████▊   | 3921/5794 [00:59<00:29, 62.90it/s]
 68%|██████▊   | 3928/5794 [00:59<00:29, 62.97it/s]
 68%|██████▊   | 3935/5794 [00:59<00:29, 63.09it/s]
 68%|██████▊   | 3942/5794 [00:59<00:29, 63.19it/s]
 68%|██████▊   | 3949/5794 [01:00<00:29, 63.20it/s]
 68%|██████▊   | 3956/5794 [01:00<00:29, 63.34it/s]
 68%|██████▊   | 3963/5794 [01:00<00:28, 63.41it/s]
 69%|██████▊   | 3970/5794 [01:00<00:28, 63.35it/s]
 69%|██████▊   | 3977/5794 [01:00<00:28, 63.44it/s]
 69%|██████▉   | 3984/5794 [01:00<00:28, 63.30it/s]
 69%|██████▉   | 3991/5794 [01:00<00:28, 63.25it/s]
 69%|██████▉   | 3998/5794 [01:00<00:28, 63.33it/s]
 69%|██████▉   | 4005/5794 [01:00<00:28, 63.15it/s]
 69%|██████▉   | 4012/5794 [01:01<00:28, 63.28it/s]
 69%|██████▉   | 4019/5794 [01:01<00:28, 63.11it/s]
 69%|██████▉   | 4026/5794 [01:01<00:27, 63.29it/s]
 70%|██████▉   | 4033/5794 [01:01<00:27, 63.03it/s]
 70%|██████▉   | 4040/5794 [01:01<00:27, 63.14it/s]
 70%|██████▉   | 4047/5794 [01:01<00:27, 64.05it/s]
 70%|██████▉   | 4055/5794 [01:01<00:26, 66.36it/s]
 70%|███████   | 4063/5794 [01:01<00:25, 67.91it/s]
 70%|███████   | 4071/5794 [01:01<00:24, 68.96it/s]
 70%|███████   | 4078/5794 [01:01<00:24, 68.67it/s]
 71%|███████   | 4085/5794 [01:02<00:25, 67.01it/s]
 71%|███████   | 4092/5794 [01:02<00:25, 65.90it/s]
 71%|███████   | 4099/5794 [01:02<00:26, 65.19it/s]
 71%|███████   | 4106/5794 [01:02<00:26, 64.58it/s]
 71%|███████   | 4113/5794 [01:02<00:26, 64.36it/s]
 71%|███████   | 4120/5794 [01:02<00:26, 63.74it/s]
 71%|███████   | 4127/5794 [01:02<00:26, 63.74it/s]
 71%|███████▏  | 4134/5794 [01:02<00:26, 63.75it/s]
 71%|███████▏  | 4141/5794 [01:02<00:25, 63.66it/s]
 72%|███████▏  | 4148/5794 [01:03<00:25, 63.55it/s]
 72%|███████▏  | 4155/5794 [01:03<00:25, 63.10it/s]
 72%|███████▏  | 4162/5794 [01:03<00:25, 63.13it/s]
 72%|███████▏  | 4169/5794 [01:03<00:25, 62.85it/s]
 72%|███████▏  | 4176/5794 [01:03<00:25, 63.05it/s]
 72%|███████▏  | 4183/5794 [01:03<00:25, 63.15it/s]
 72%|███████▏  | 4190/5794 [01:03<00:25, 62.47it/s]
 72%|███████▏  | 4197/5794 [01:03<00:25, 62.88it/s]
 73%|███████▎  | 4204/5794 [01:03<00:25, 62.92it/s]
 73%|███████▎  | 4211/5794 [01:04<00:25, 63.00it/s]
 73%|███████▎  | 4218/5794 [01:04<00:24, 63.21it/s]
 73%|███████▎  | 4225/5794 [01:04<00:24, 63.12it/s]
 73%|███████▎  | 4232/5794 [01:04<00:24, 63.23it/s]
 73%|███████▎  | 4239/5794 [01:04<00:24, 63.17it/s]
 73%|███████▎  | 4246/5794 [01:04<00:24, 63.32it/s]
 73%|███████▎  | 4253/5794 [01:04<00:24, 63.47it/s]
 74%|███████▎  | 4260/5794 [01:04<00:24, 63.34it/s]
 74%|███████▎  | 4267/5794 [01:04<00:24, 63.40it/s]
 74%|███████▍  | 4274/5794 [01:05<00:23, 63.37it/s]
 74%|███████▍  | 4281/5794 [01:05<00:23, 63.45it/s]
 74%|███████▍  | 4288/5794 [01:05<00:23, 63.36it/s]
 74%|███████▍  | 4295/5794 [01:05<00:23, 63.56it/s]
 74%|███████▍  | 4302/5794 [01:05<00:23, 63.45it/s]
 74%|███████▍  | 4309/5794 [01:05<00:23, 63.48it/s]
 74%|███████▍  | 4316/5794 [01:05<00:23, 63.35it/s]
 75%|███████▍  | 4323/5794 [01:05<00:23, 63.32it/s]
 75%|███████▍  | 4330/5794 [01:05<00:23, 63.41it/s]
 75%|███████▍  | 4337/5794 [01:06<00:22, 63.49it/s]
 75%|███████▍  | 4344/5794 [01:06<00:22, 63.41it/s]
 75%|███████▌  | 4351/5794 [01:06<00:22, 63.40it/s]
 75%|███████▌  | 4358/5794 [01:06<00:22, 63.43it/s]
 75%|███████▌  | 4365/5794 [01:06<00:22, 63.58it/s]
 75%|███████▌  | 4372/5794 [01:06<00:22, 63.52it/s]
 76%|███████▌  | 4379/5794 [01:06<00:22, 63.47it/s]
 76%|███████▌  | 4386/5794 [01:06<00:22, 63.53it/s]
 76%|███████▌  | 4393/5794 [01:06<00:22, 63.47it/s]
 76%|███████▌  | 4400/5794 [01:07<00:22, 63.36it/s]
 76%|███████▌  | 4407/5794 [01:07<00:21, 63.28it/s]
 76%|███████▌  | 4414/5794 [01:07<00:21, 63.42it/s]
 76%|███████▋  | 4421/5794 [01:07<00:21, 63.45it/s]
 76%|███████▋  | 4428/5794 [01:07<00:21, 63.42it/s]
 77%|███████▋  | 4435/5794 [01:07<00:21, 63.40it/s]
 77%|███████▋  | 4442/5794 [01:07<00:21, 62.49it/s]
 77%|███████▋  | 4449/5794 [01:07<00:21, 62.97it/s]
 77%|███████▋  | 4456/5794 [01:07<00:21, 63.17it/s]
 77%|███████▋  | 4463/5794 [01:08<00:21, 63.16it/s]
 77%|███████▋  | 4470/5794 [01:08<00:20, 63.33it/s]
 77%|███████▋  | 4477/5794 [01:08<00:20, 63.23it/s]
 77%|███████▋  | 4484/5794 [01:08<00:20, 63.43it/s]
 78%|███████▊  | 4491/5794 [01:08<00:20, 63.42it/s]
 78%|███████▊  | 4498/5794 [01:08<00:20, 63.45it/s]
 78%|███████▊  | 4505/5794 [01:08<00:20, 63.59it/s]
 78%|███████▊  | 4512/5794 [01:08<00:20, 63.48it/s]
 78%|███████▊  | 4519/5794 [01:08<00:20, 63.56it/s]
 78%|███████▊  | 4526/5794 [01:09<00:20, 63.38it/s]
 78%|███████▊  | 4533/5794 [01:09<00:19, 63.54it/s]
 78%|███████▊  | 4540/5794 [01:09<00:19, 64.53it/s]
 78%|███████▊  | 4548/5794 [01:09<00:18, 66.72it/s]
 79%|███████▊  | 4556/5794 [01:09<00:18, 68.07it/s]
 79%|███████▉  | 4564/5794 [01:09<00:17, 69.15it/s]
 79%|███████▉  | 4572/5794 [01:09<00:17, 69.97it/s]
 79%|███████▉  | 4580/5794 [01:09<00:17, 70.51it/s]
 79%|███████▉  | 4588/5794 [01:09<00:17, 69.16it/s]
 79%|███████▉  | 4595/5794 [01:10<00:17, 67.32it/s]
 79%|███████▉  | 4602/5794 [01:10<00:17, 66.43it/s]
 80%|███████▉  | 4609/5794 [01:10<00:18, 65.62it/s]
 80%|███████▉  | 4616/5794 [01:10<00:18, 64.77it/s]
 80%|███████▉  | 4623/5794 [01:10<00:18, 64.36it/s]
 80%|███████▉  | 4630/5794 [01:10<00:18, 64.06it/s]
 80%|████████  | 4637/5794 [01:10<00:18, 64.12it/s]
 80%|████████  | 4644/5794 [01:10<00:17, 63.97it/s]
 80%|████████  | 4651/5794 [01:10<00:17, 63.78it/s]
 80%|████████  | 4658/5794 [01:11<00:17, 63.85it/s]
 81%|████████  | 4665/5794 [01:11<00:17, 63.74it/s]
 81%|████████  | 4672/5794 [01:11<00:17, 63.49it/s]
 81%|████████  | 4679/5794 [01:11<00:17, 63.19it/s]
 81%|████████  | 4686/5794 [01:11<00:17, 63.40it/s]
 81%|████████  | 4693/5794 [01:11<00:17, 63.57it/s]
 81%|████████  | 4700/5794 [01:11<00:17, 63.43it/s]
 81%|████████  | 4707/5794 [01:11<00:17, 63.52it/s]
 81%|████████▏ | 4714/5794 [01:11<00:16, 63.55it/s]
 81%|████████▏ | 4721/5794 [01:12<00:16, 63.61it/s]
 82%|████████▏ | 4728/5794 [01:12<00:16, 63.49it/s]
 82%|████████▏ | 4735/5794 [01:12<00:16, 63.33it/s]
 82%|████████▏ | 4742/5794 [01:12<00:16, 62.74it/s]
 82%|████████▏ | 4749/5794 [01:12<00:16, 62.93it/s]
 82%|████████▏ | 4756/5794 [01:12<00:16, 62.96it/s]
 82%|████████▏ | 4763/5794 [01:12<00:16, 62.99it/s]
 82%|████████▏ | 4770/5794 [01:12<00:16, 63.15it/s]
 82%|████████▏ | 4777/5794 [01:12<00:16, 63.33it/s]
 83%|████████▎ | 4784/5794 [01:13<00:15, 63.19it/s]
 83%|████████▎ | 4791/5794 [01:13<00:15, 63.41it/s]
 83%|████████▎ | 4798/5794 [01:13<00:15, 63.37it/s]
 83%|████████▎ | 4805/5794 [01:13<00:15, 63.54it/s]
 83%|████████▎ | 4812/5794 [01:13<00:15, 63.68it/s]
 83%|████████▎ | 4819/5794 [01:13<00:15, 63.64it/s]
 83%|████████▎ | 4826/5794 [01:13<00:15, 63.74it/s]
 83%|████████▎ | 4833/5794 [01:13<00:15, 63.71it/s]
 84%|████████▎ | 4840/5794 [01:13<00:14, 63.86it/s]
 84%|████████▎ | 4847/5794 [01:14<00:14, 64.04it/s]
 84%|████████▍ | 4854/5794 [01:14<00:14, 64.01it/s]
 84%|████████▍ | 4861/5794 [01:14<00:14, 63.85it/s]
 84%|████████▍ | 4868/5794 [01:14<00:14, 63.89it/s]
 84%|████████▍ | 4875/5794 [01:14<00:14, 63.95it/s]
 84%|████████▍ | 4882/5794 [01:14<00:14, 64.01it/s]
 84%|████████▍ | 4889/5794 [01:14<00:14, 63.91it/s]
 85%|████████▍ | 4896/5794 [01:14<00:14, 63.88it/s]
 85%|████████▍ | 4903/5794 [01:14<00:13, 63.79it/s]
 85%|████████▍ | 4910/5794 [01:15<00:13, 63.94it/s]
 85%|████████▍ | 4917/5794 [01:15<00:13, 63.87it/s]
 85%|████████▍ | 4924/5794 [01:15<00:13, 63.97it/s]
 85%|████████▌ | 4931/5794 [01:15<00:13, 64.05it/s]
 85%|████████▌ | 4938/5794 [01:15<00:13, 63.85it/s]
 85%|████████▌ | 4945/5794 [01:15<00:13, 63.97it/s]
 85%|████████▌ | 4952/5794 [01:15<00:13, 63.70it/s]
 86%|████████▌ | 4960/5794 [01:15<00:12, 66.32it/s]
 86%|████████▌ | 4968/5794 [01:15<00:12, 68.05it/s]
 86%|████████▌ | 4976/5794 [01:16<00:11, 69.39it/s]
 86%|████████▌ | 4984/5794 [01:16<00:11, 70.38it/s]
 86%|████████▌ | 4992/5794 [01:16<00:11, 70.86it/s]
 86%|████████▋ | 5000/5794 [01:16<00:11, 71.32it/s]
 86%|████████▋ | 5008/5794 [01:16<00:10, 71.57it/s]
 87%|████████▋ | 5016/5794 [01:16<00:10, 71.84it/s]
 87%|████████▋ | 5024/5794 [01:16<00:10, 71.86it/s]
 87%|████████▋ | 5032/5794 [01:16<00:10, 72.06it/s]
 87%|████████▋ | 5040/5794 [01:16<00:10, 71.89it/s]
 87%|████████▋ | 5048/5794 [01:17<00:10, 72.11it/s]
 87%|████████▋ | 5056/5794 [01:17<00:10, 72.13it/s]
 87%|████████▋ | 5064/5794 [01:17<00:10, 72.25it/s]
 88%|████████▊ | 5072/5794 [01:17<00:09, 72.28it/s]
 88%|████████▊ | 5080/5794 [01:17<00:09, 72.36it/s]
 88%|████████▊ | 5088/5794 [01:17<00:09, 72.20it/s]
 88%|████████▊ | 5096/5794 [01:17<00:09, 71.90it/s]
 88%|████████▊ | 5104/5794 [01:17<00:09, 71.92it/s]
 88%|████████▊ | 5112/5794 [01:17<00:09, 72.23it/s]
 88%|████████▊ | 5120/5794 [01:18<00:09, 72.13it/s]
 89%|████████▊ | 5128/5794 [01:18<00:09, 72.07it/s]
 89%|████████▊ | 5136/5794 [01:18<00:09, 72.16it/s]
 89%|████████▉ | 5144/5794 [01:18<00:09, 72.17it/s]
 89%|████████▉ | 5152/5794 [01:18<00:08, 72.28it/s]
 89%|████████▉ | 5160/5794 [01:18<00:08, 72.32it/s]
 89%|████████▉ | 5168/5794 [01:18<00:08, 72.34it/s]
 89%|████████▉ | 5176/5794 [01:18<00:08, 70.22it/s]
 89%|████████▉ | 5184/5794 [01:18<00:08, 68.25it/s]
 90%|████████▉ | 5191/5794 [01:19<00:09, 66.97it/s]
 90%|████████▉ | 5198/5794 [01:19<00:08, 66.29it/s]
 90%|████████▉ | 5205/5794 [01:19<00:08, 65.61it/s]
 90%|████████▉ | 5212/5794 [01:19<00:08, 64.85it/s]
 90%|█████████ | 5219/5794 [01:19<00:08, 64.61it/s]
 90%|█████████ | 5226/5794 [01:19<00:08, 64.34it/s]
 90%|█████████ | 5233/5794 [01:19<00:08, 64.12it/s]
 90%|█████████ | 5240/5794 [01:19<00:08, 63.86it/s]
 91%|█████████ | 5247/5794 [01:19<00:08, 63.84it/s]
 91%|█████████ | 5254/5794 [01:20<00:08, 63.76it/s]
 91%|█████████ | 5262/5794 [01:20<00:08, 66.14it/s]
 91%|█████████ | 5270/5794 [01:20<00:07, 67.91it/s]
 91%|█████████ | 5277/5794 [01:20<00:07, 67.16it/s]
 91%|█████████ | 5285/5794 [01:20<00:07, 68.61it/s]
 91%|█████████▏| 5293/5794 [01:20<00:07, 69.61it/s]
 91%|█████████▏| 5301/5794 [01:20<00:07, 70.32it/s]
 92%|█████████▏| 5309/5794 [01:20<00:06, 70.63it/s]
 92%|█████████▏| 5317/5794 [01:20<00:06, 71.04it/s]
 92%|█████████▏| 5325/5794 [01:21<00:06, 71.25it/s]
 92%|█████████▏| 5333/5794 [01:21<00:06, 71.38it/s]
 92%|█████████▏| 5341/5794 [01:21<00:06, 71.60it/s]
 92%|█████████▏| 5349/5794 [01:21<00:06, 70.95it/s]
 92%|█████████▏| 5357/5794 [01:21<00:06, 71.14it/s]
 93%|█████████▎| 5365/5794 [01:21<00:06, 71.29it/s]
 93%|█████████▎| 5373/5794 [01:21<00:05, 71.40it/s]
 93%|█████████▎| 5381/5794 [01:21<00:05, 71.53it/s]
 93%|█████████▎| 5389/5794 [01:21<00:05, 71.59it/s]
 93%|█████████▎| 5397/5794 [01:22<00:05, 71.54it/s]
 93%|█████████▎| 5405/5794 [01:22<00:05, 71.79it/s]
 93%|█████████▎| 5413/5794 [01:22<00:05, 71.76it/s]
 94%|█████████▎| 5421/5794 [01:22<00:05, 71.64it/s]
 94%|█████████▎| 5429/5794 [01:22<00:05, 71.73it/s]
 94%|█████████▍| 5437/5794 [01:22<00:04, 71.76it/s]
 94%|█████████▍| 5445/5794 [01:22<00:04, 71.49it/s]
 94%|█████████▍| 5453/5794 [01:22<00:04, 71.58it/s]
 94%|█████████▍| 5461/5794 [01:22<00:04, 71.55it/s]
 94%|█████████▍| 5469/5794 [01:23<00:04, 70.97it/s]
 95%|█████████▍| 5477/5794 [01:23<00:04, 71.29it/s]
 95%|█████████▍| 5485/5794 [01:23<00:04, 71.11it/s]
 95%|█████████▍| 5493/5794 [01:23<00:04, 71.36it/s]
 95%|█████████▍| 5501/5794 [01:23<00:04, 71.29it/s]
 95%|█████████▌| 5509/5794 [01:23<00:04, 71.11it/s]
 95%|█████████▌| 5517/5794 [01:23<00:03, 69.36it/s]
 95%|█████████▌| 5524/5794 [01:23<00:03, 67.63it/s]
 95%|█████████▌| 5531/5794 [01:23<00:04, 65.61it/s]
 96%|█████████▌| 5538/5794 [01:24<00:03, 65.01it/s]
 96%|█████████▌| 5545/5794 [01:24<00:03, 64.52it/s]
 96%|█████████▌| 5552/5794 [01:24<00:03, 64.04it/s]
 96%|█████████▌| 5559/5794 [01:24<00:03, 63.94it/s]
 96%|█████████▌| 5566/5794 [01:24<00:03, 63.59it/s]
 96%|█████████▌| 5573/5794 [01:24<00:03, 63.60it/s]
 96%|█████████▋| 5580/5794 [01:24<00:03, 63.49it/s]
 96%|█████████▋| 5587/5794 [01:24<00:03, 63.21it/s]
 97%|█████████▋| 5594/5794 [01:24<00:03, 63.40it/s]
 97%|█████████▋| 5601/5794 [01:25<00:03, 63.33it/s]
 97%|█████████▋| 5608/5794 [01:25<00:02, 63.28it/s]
 97%|█████████▋| 5615/5794 [01:25<00:02, 63.09it/s]
 97%|█████████▋| 5622/5794 [01:25<00:02, 63.27it/s]
 97%|█████████▋| 5629/5794 [01:25<00:02, 63.26it/s]
 97%|█████████▋| 5636/5794 [01:25<00:02, 63.02it/s]
 97%|█████████▋| 5643/5794 [01:25<00:02, 63.12it/s]
 98%|█████████▊| 5650/5794 [01:25<00:02, 63.17it/s]
 98%|█████████▊| 5657/5794 [01:25<00:02, 63.44it/s]
 98%|█████████▊| 5664/5794 [01:26<00:02, 63.40it/s]
 98%|█████████▊| 5671/5794 [01:26<00:01, 63.34it/s]
 98%|█████████▊| 5678/5794 [01:26<00:01, 63.50it/s]
 98%|█████████▊| 5685/5794 [01:26<00:01, 63.30it/s]
 98%|█████████▊| 5692/5794 [01:26<00:01, 63.33it/s]
 98%|█████████▊| 5699/5794 [01:26<00:01, 64.63it/s]
 98%|█████████▊| 5707/5794 [01:26<00:01, 66.92it/s]
 99%|█████████▊| 5715/5794 [01:26<00:01, 68.46it/s]
 99%|█████████▉| 5723/5794 [01:26<00:01, 69.41it/s]
 99%|█████████▉| 5731/5794 [01:27<00:00, 70.06it/s]
 99%|█████████▉| 5739/5794 [01:27<00:00, 70.48it/s]
 99%|█████████▉| 5747/5794 [01:27<00:00, 70.76it/s]
 99%|█████████▉| 5755/5794 [01:27<00:00, 70.88it/s]
 99%|█████████▉| 5763/5794 [01:27<00:00, 71.19it/s]
100%|█████████▉| 5771/5794 [01:27<00:00, 71.43it/s]
100%|█████████▉| 5779/5794 [01:27<00:00, 71.25it/s]
100%|█████████▉| 5787/5794 [01:27<00:00, 71.22it/s]
100%|██████████| 5794/5794 [01:27<00:00, 65.86it/s]
BALANCED ACCS CHECKED FOR TEST
TEST SET RESULTS FOR CHECKPOINT trained_weights/waterbirds/gals_waterbird_complete95_forest2water2_21047520_trial_000/best_balanced_valacc_0.55_epoch_0.ckpt
test_acc: 0.7283396617190196
balanced_test_acc: 0.5664535715025799
Land_on_Land_test_acc: 0.9991130820399113
Land_on_Water_test_acc: 0.71529933481153
Water_on_Land_test_acc: 0.010903426791277258
Water_on_Water_test_acc: 0.5404984423676013
test_acc_Waterbird: 0.2757009345794392
test_acc_Landbird: 0.8572062084257206
