[CMD] /home/ryreu/miniconda3/envs/gals_a100/bin/python -u main.py --config configs/waterbirds_95_gals_vit.yaml --name gals_waterbird_complete95_forest2water2_21047520_trial_000 DATA.ROOT=/home/ryreu/guided_cnn/waterbirds DATA.WATERBIRDS_DIR=waterbird_complete95_forest2water2 SEED=0 EXP.BASE.LR=0.0010000000000000002 EXP.CLASSIFIER.LR=9.999999999999991e-05 EXP.WEIGHT_DECAY=9.999999999999997e-06 EXP.AUX_LOSSES_ON_VAL=False EXP.LOSSES.GRADIENT_OUTSIDE.WEIGHT=10.000000000000002 EXP.NUM_EPOCHS=1
SEED: 0
DATA:
  BATCH_SIZE: 96
  NUM_WORKERS: 4
  SIZE: 224
  NORMALIZATION: imagenet
  ATTENTION_DIR: clip_vit_attention
  SEPARATE_CLASSES: false
  REMOVE_BACKGROUND: false
  ROOT: /home/ryreu/guided_cnn/waterbirds
  USE_CLASS_WEIGHTS: false
  USE_GROUP_WEIGHTS: false
  DATASET: waterbirds
  NUM_CLASSES: 2
  CONFOUNDING_FACTOR: 0.95
  WATERBIRDS_DIR: waterbird_complete95_forest2water2
EXP:
  NUM_TRIALS: 1
  LOSSES:
    CLASSIFICATION:
      WEIGHT: 1
    GRADIENT_OUTSIDE:
      COMPUTE: true
      LOG: false
      WEIGHT: 10.000000000000002
      CRITERION: L1
      GT: clip_vit
      COMBINE_ATT_MODE: average_nonzero
    GRADIENT_INSIDE:
      COMPUTE: false
      LOG: false
      WEIGHT: 1
      CRITERION: L1
      GT: segmentation
      COMBINE_ATT_MODE: average_nonzero
    GRADCAM:
      COMPUTE: false
      LOG: false
      WEIGHT: 1
      CRITERION: L1
      GT: segmentation
      MODE: match
      COMBINE_ATT_MODE: average_nonzero
  APPROACH: generic
  MODEL: resnet50
  PRETRAINED: true
  NUM_EPOCHS: 1
  OPTIMIZER: SGD
  WEIGHT_DECAY: 9.999999999999997e-06
  MOMENTUM: 0.9
  SCHEDULER: NONE
  BASE:
    LR: 0.0010000000000000002
  CLASSIFIER:
    LR: 9.999999999999991e-05
  AUX_LOSSES_ON_VAL: false
LOGGING:
  SAVE_EVERY: 0
  SAVE_BEST: true
  SAVE_LAST: false
  LOG_ATTENTION: false
  LOG_ATTENTION_STEP: 10
  SAVE_STATS_PATH: null
yaml: configs/waterbirds_95_gals_vit.yaml
name: gals_waterbird_complete95_forest2water2_21047520_trial_000
test_checkpoint: null

WATERBIRDS DIR: /home/ryreu/guided_cnn/waterbirds/waterbird_complete95_forest2water2
NUMBER OF SAMPLES WITH LABEL Landbird: 3682
NUMBER OF SAMPLES WITH LABEL Waterbird: 1113
NUMBER OF SAMPLES WITH GROUP Land_on_Land: 3498
NUMBER OF SAMPLES WITH GROUP Land_on_Water: 184
NUMBER OF SAMPLES WITH GROUP Water_on_Land: 56
NUMBER OF SAMPLES WITH GROUP Water_on_Water: 1057
WATERBIRDS DIR: /home/ryreu/guided_cnn/waterbirds/waterbird_complete95_forest2water2
NUMBER OF SAMPLES WITH LABEL Landbird: 933
NUMBER OF SAMPLES WITH LABEL Waterbird: 266
NUMBER OF SAMPLES WITH GROUP Land_on_Land: 467
NUMBER OF SAMPLES WITH GROUP Land_on_Water: 466
NUMBER OF SAMPLES WITH GROUP Water_on_Land: 133
NUMBER OF SAMPLES WITH GROUP Water_on_Water: 133
NUM TRAIN: 4795

NUM VAL:   1199

Number classifier outputs: 1
Using pretrained model: True
USING SGD OPTIMIZER
class weights: None
group weights: None
WANDB DISABLED: skipping wandb.init()
EPOCH: 0

>>> TRAINING 


  0%|          | 0/50 [00:00<?, ?it/s]
  2%|▏         | 1/50 [00:04<03:39,  4.48s/it]
  4%|▍         | 2/50 [00:05<01:59,  2.49s/it]
  6%|▌         | 3/50 [00:06<01:26,  1.85s/it]
  8%|▊         | 4/50 [00:07<01:11,  1.55s/it]
 10%|█         | 5/50 [00:08<01:02,  1.39s/it]
 12%|█▏        | 6/50 [00:09<00:56,  1.29s/it]
 14%|█▍        | 7/50 [00:11<00:52,  1.22s/it]
 16%|█▌        | 8/50 [00:12<00:49,  1.18s/it]
 18%|█▊        | 9/50 [00:13<00:47,  1.15s/it]
 20%|██        | 10/50 [00:14<00:45,  1.13s/it]
 22%|██▏       | 11/50 [00:15<00:43,  1.12s/it]
 24%|██▍       | 12/50 [00:16<00:42,  1.11s/it]
 26%|██▌       | 13/50 [00:17<00:40,  1.10s/it]
 28%|██▊       | 14/50 [00:18<00:39,  1.10s/it]
 30%|███       | 15/50 [00:19<00:38,  1.09s/it]
 32%|███▏      | 16/50 [00:20<00:37,  1.09s/it]
 34%|███▍      | 17/50 [00:21<00:35,  1.09s/it]
 36%|███▌      | 18/50 [00:22<00:34,  1.09s/it]
 38%|███▊      | 19/50 [00:24<00:33,  1.09s/it]
 40%|████      | 20/50 [00:25<00:32,  1.09s/it]
 42%|████▏     | 21/50 [00:26<00:31,  1.09s/it]
 44%|████▍     | 22/50 [00:27<00:30,  1.09s/it]
 46%|████▌     | 23/50 [00:28<00:29,  1.09s/it]
 48%|████▊     | 24/50 [00:29<00:28,  1.09s/it]
 50%|█████     | 25/50 [00:30<00:27,  1.09s/it]
 52%|█████▏    | 26/50 [00:31<00:26,  1.09s/it]
 54%|█████▍    | 27/50 [00:32<00:24,  1.09s/it]
 56%|█████▌    | 28/50 [00:33<00:23,  1.09s/it]
 58%|█████▊    | 29/50 [00:34<00:22,  1.09s/it]
 60%|██████    | 30/50 [00:36<00:21,  1.09s/it]
 62%|██████▏   | 31/50 [00:37<00:20,  1.09s/it]
 64%|██████▍   | 32/50 [00:38<00:19,  1.09s/it]
 66%|██████▌   | 33/50 [00:39<00:18,  1.09s/it]
 68%|██████▊   | 34/50 [00:40<00:17,  1.09s/it]
 70%|███████   | 35/50 [00:41<00:16,  1.09s/it]
 72%|███████▏  | 36/50 [00:42<00:15,  1.09s/it]
 74%|███████▍  | 37/50 [00:43<00:14,  1.09s/it]
 76%|███████▌  | 38/50 [00:44<00:13,  1.09s/it]
 78%|███████▊  | 39/50 [00:45<00:11,  1.09s/it]
 80%|████████  | 40/50 [00:46<00:10,  1.09s/it]
 82%|████████▏ | 41/50 [00:47<00:09,  1.09s/it]
 84%|████████▍ | 42/50 [00:49<00:08,  1.09s/it]
 86%|████████▌ | 43/50 [00:50<00:07,  1.09s/it]
 88%|████████▊ | 44/50 [00:51<00:06,  1.09s/it]
 90%|█████████ | 45/50 [00:52<00:05,  1.08s/it]
 92%|█████████▏| 46/50 [00:53<00:04,  1.09s/it]
 94%|█████████▍| 47/50 [00:54<00:03,  1.09s/it]
 96%|█████████▌| 48/50 [00:55<00:02,  1.09s/it]
 98%|█████████▊| 49/50 [00:56<00:01,  1.09s/it]
100%|██████████| 50/50 [00:57<00:00,  1.09s/it]
100%|██████████| 50/50 [00:57<00:00,  1.16s/it]
>>> VALIDATING 


  0%|          | 0/13 [00:00<?, ?it/s]
  8%|▊         | 1/13 [00:01<00:12,  1.02s/it]
 23%|██▎       | 3/13 [00:01<00:03,  3.10it/s]
 38%|███▊      | 5/13 [00:01<00:02,  3.31it/s]
 54%|█████▍    | 7/13 [00:01<00:01,  4.84it/s]
 69%|██████▉   | 9/13 [00:02<00:00,  4.19it/s]
 85%|████████▍ | 11/13 [00:02<00:00,  5.54it/s]
100%|██████████| 13/13 [00:02<00:00,  6.62it/s]
100%|██████████| 13/13 [00:02<00:00,  4.52it/s]
>>> LOGGING 

BALANCED ACCS CHECKED FOR TRAIN
BALANCED ACCS CHECKED FOR VAL
train_acc: 0.7067778936392075
val_acc: 0.713094245204337
train_cls_loss: 0.49542282981345503
val_cls_loss: 0.52809833426392
train_total_loss: 0.4954488380111917
val_total_loss: 0.52809833426392
balanced_train_acc: 0.5683488260071946
balanced_val_acc: 0.5455459388019889
Land_on_Land_train_acc: 0.8319039451114922
Land_on_Land_val_acc: 0.9978586723768736
Land_on_Water_train_acc: 0.7282608695652174
Land_on_Water_val_acc: 0.6952789699570815
Water_on_Land_train_acc: 0.14285714285714285
Water_on_Land_val_acc: 0.007518796992481203
Water_on_Water_train_acc: 0.31882686849574265
Water_on_Water_val_acc: 0.48120300751879697
train_dydx_outside_clip_vit_loss: 2.6005404255294888e-05
train_acc_Landbird: 0.8267246061922868
train_acc_Waterbird: 0.30997304582210244
val_acc_Landbird: 0.8467309753483387
val_acc_Waterbird: 0.24436090225563908
TRAIN ACC:        0.7067778936392075
VAL ACC:          0.713094245204337
BALANCED VAL ACC: 0.5455459388019889
prev best list: []
Saving to trained_weights/waterbirds/gals_waterbird_complete95_forest2water2_21047520_trial_000/best_balanced_valacc_0.55_epoch_0.ckpt
>>> EVALUATING ON TEST SET
WATERBIRDS DIR: /home/ryreu/guided_cnn/waterbirds/waterbird_complete95_forest2water2
NUMBER OF SAMPLES WITH LABEL Landbird: 4510
NUMBER OF SAMPLES WITH LABEL Waterbird: 1284
NUMBER OF SAMPLES WITH GROUP Land_on_Land: 2255
NUMBER OF SAMPLES WITH GROUP Land_on_Water: 2255
NUMBER OF SAMPLES WITH GROUP Water_on_Land: 642
NUMBER OF SAMPLES WITH GROUP Water_on_Water: 642
NUM TEST:   5794

Loaded checkpoint trained_weights/waterbirds/gals_waterbird_complete95_forest2water2_21047520_trial_000/best_balanced_valacc_0.55_epoch_0.ckpt

  0%|          | 0/5794 [00:00<?, ?it/s]
  0%|          | 1/5794 [00:00<24:24,  3.96it/s]
  0%|          | 8/5794 [00:00<03:31, 27.39it/s]
  0%|          | 15/5794 [00:00<02:20, 41.16it/s]
  0%|          | 22/5794 [00:00<01:58, 48.56it/s]
  1%|          | 29/5794 [00:00<01:47, 53.49it/s]
  1%|          | 36/5794 [00:00<01:41, 56.53it/s]
  1%|          | 43/5794 [00:00<01:38, 58.53it/s]
  1%|          | 50/5794 [00:01<01:35, 59.85it/s]
  1%|          | 57/5794 [00:01<01:34, 60.76it/s]
  1%|          | 64/5794 [00:01<01:33, 61.46it/s]
  1%|          | 71/5794 [00:01<01:32, 61.73it/s]
  1%|▏         | 78/5794 [00:01<01:32, 61.99it/s]
  1%|▏         | 85/5794 [00:01<01:31, 62.36it/s]
  2%|▏         | 92/5794 [00:01<01:31, 62.39it/s]
  2%|▏         | 99/5794 [00:01<01:30, 62.69it/s]
  2%|▏         | 106/5794 [00:01<01:30, 62.57it/s]
  2%|▏         | 113/5794 [00:02<01:30, 62.77it/s]
  2%|▏         | 120/5794 [00:02<01:30, 62.99it/s]
  2%|▏         | 127/5794 [00:02<01:29, 62.99it/s]
  2%|▏         | 134/5794 [00:02<01:29, 62.93it/s]
  2%|▏         | 141/5794 [00:02<01:29, 62.98it/s]
  3%|▎         | 148/5794 [00:02<01:29, 62.79it/s]
  3%|▎         | 155/5794 [00:02<01:29, 62.85it/s]
  3%|▎         | 162/5794 [00:02<01:29, 62.99it/s]
  3%|▎         | 169/5794 [00:02<01:29, 63.03it/s]
  3%|▎         | 176/5794 [00:03<01:29, 63.04it/s]
  3%|▎         | 183/5794 [00:03<01:28, 63.07it/s]
  3%|▎         | 190/5794 [00:03<01:29, 62.90it/s]
  3%|▎         | 197/5794 [00:03<01:28, 63.08it/s]
  4%|▎         | 204/5794 [00:03<01:28, 63.22it/s]
  4%|▎         | 211/5794 [00:03<01:28, 63.07it/s]
  4%|▍         | 218/5794 [00:03<01:28, 63.13it/s]
  4%|▍         | 225/5794 [00:03<01:28, 63.00it/s]
  4%|▍         | 232/5794 [00:03<01:28, 63.08it/s]
  4%|▍         | 239/5794 [00:04<01:28, 63.05it/s]
  4%|▍         | 246/5794 [00:04<01:28, 63.04it/s]
  4%|▍         | 253/5794 [00:04<01:27, 63.00it/s]
  4%|▍         | 260/5794 [00:04<01:25, 64.82it/s]
  5%|▍         | 268/5794 [00:04<01:21, 67.47it/s]
  5%|▍         | 276/5794 [00:04<01:20, 68.90it/s]
  5%|▍         | 284/5794 [00:04<01:18, 70.24it/s]
  5%|▌         | 292/5794 [00:04<01:17, 71.04it/s]
  5%|▌         | 300/5794 [00:04<01:16, 71.63it/s]
  5%|▌         | 308/5794 [00:04<01:16, 72.18it/s]
  5%|▌         | 316/5794 [00:05<01:15, 72.11it/s]
  6%|▌         | 324/5794 [00:05<01:15, 72.39it/s]
  6%|▌         | 332/5794 [00:05<01:15, 72.56it/s]
  6%|▌         | 340/5794 [00:05<01:14, 72.75it/s]
  6%|▌         | 348/5794 [00:05<01:14, 72.64it/s]
  6%|▌         | 356/5794 [00:05<01:14, 72.91it/s]
  6%|▋         | 364/5794 [00:05<01:14, 72.84it/s]
  6%|▋         | 372/5794 [00:05<01:14, 73.06it/s]
  7%|▋         | 380/5794 [00:05<01:14, 72.78it/s]
  7%|▋         | 388/5794 [00:06<01:14, 73.05it/s]
  7%|▋         | 396/5794 [00:06<01:13, 73.18it/s]
  7%|▋         | 404/5794 [00:06<01:13, 73.21it/s]
  7%|▋         | 412/5794 [00:06<01:17, 69.73it/s]
  7%|▋         | 420/5794 [00:06<01:19, 67.90it/s]
  7%|▋         | 427/5794 [00:06<01:20, 66.66it/s]
  7%|▋         | 434/5794 [00:06<01:21, 65.72it/s]
  8%|▊         | 441/5794 [00:06<01:22, 65.11it/s]
  8%|▊         | 448/5794 [00:07<01:22, 64.57it/s]
  8%|▊         | 455/5794 [00:07<01:23, 64.24it/s]
  8%|▊         | 462/5794 [00:07<01:23, 63.99it/s]
  8%|▊         | 469/5794 [00:07<01:23, 63.84it/s]
  8%|▊         | 476/5794 [00:07<01:23, 63.96it/s]
  8%|▊         | 483/5794 [00:07<01:23, 63.48it/s]
  8%|▊         | 490/5794 [00:07<01:23, 63.50it/s]
  9%|▊         | 497/5794 [00:07<01:23, 63.78it/s]
  9%|▊         | 504/5794 [00:07<01:22, 63.86it/s]
  9%|▉         | 511/5794 [00:07<01:22, 63.90it/s]
  9%|▉         | 518/5794 [00:08<01:22, 63.86it/s]
  9%|▉         | 525/5794 [00:08<01:22, 64.05it/s]
  9%|▉         | 532/5794 [00:08<01:22, 63.82it/s]
  9%|▉         | 539/5794 [00:08<01:22, 63.77it/s]
  9%|▉         | 546/5794 [00:08<01:22, 63.64it/s]
 10%|▉         | 553/5794 [00:08<01:22, 63.68it/s]
 10%|▉         | 560/5794 [00:08<01:21, 63.86it/s]
 10%|▉         | 567/5794 [00:08<01:22, 63.72it/s]
 10%|▉         | 574/5794 [00:08<01:21, 63.91it/s]
 10%|█         | 581/5794 [00:09<01:21, 63.91it/s]
 10%|█         | 588/5794 [00:09<01:21, 63.83it/s]
 10%|█         | 595/5794 [00:09<01:21, 63.81it/s]
 10%|█         | 602/5794 [00:09<01:21, 63.71it/s]
 11%|█         | 609/5794 [00:09<01:21, 63.76it/s]
 11%|█         | 616/5794 [00:09<01:22, 63.00it/s]
 11%|█         | 623/5794 [00:09<01:21, 63.14it/s]
 11%|█         | 630/5794 [00:09<01:21, 63.26it/s]
 11%|█         | 637/5794 [00:09<01:21, 63.33it/s]
 11%|█         | 644/5794 [00:10<01:21, 63.43it/s]
 11%|█         | 651/5794 [00:10<01:21, 63.43it/s]
 11%|█▏        | 658/5794 [00:10<01:20, 63.60it/s]
 11%|█▏        | 665/5794 [00:10<01:20, 63.66it/s]
 12%|█▏        | 672/5794 [00:10<01:20, 63.73it/s]
 12%|█▏        | 679/5794 [00:10<01:20, 63.51it/s]
 12%|█▏        | 686/5794 [00:10<01:20, 63.42it/s]
 12%|█▏        | 693/5794 [00:10<01:20, 63.45it/s]
 12%|█▏        | 700/5794 [00:10<01:20, 63.21it/s]
 12%|█▏        | 707/5794 [00:11<01:20, 63.29it/s]
 12%|█▏        | 714/5794 [00:11<01:20, 63.28it/s]
 12%|█▏        | 721/5794 [00:11<01:20, 63.21it/s]
 13%|█▎        | 728/5794 [00:11<01:20, 63.20it/s]
 13%|█▎        | 735/5794 [00:11<01:20, 63.11it/s]
 13%|█▎        | 742/5794 [00:11<01:19, 63.25it/s]
 13%|█▎        | 749/5794 [00:11<01:19, 63.29it/s]
 13%|█▎        | 756/5794 [00:11<01:19, 63.24it/s]
 13%|█▎        | 763/5794 [00:11<01:19, 63.26it/s]
 13%|█▎        | 770/5794 [00:12<01:19, 63.09it/s]
 13%|█▎        | 777/5794 [00:12<01:19, 63.16it/s]
 14%|█▎        | 784/5794 [00:12<01:19, 63.32it/s]
 14%|█▎        | 791/5794 [00:12<01:19, 63.27it/s]
 14%|█▍        | 798/5794 [00:12<01:18, 63.36it/s]
 14%|█▍        | 805/5794 [00:12<01:18, 63.26it/s]
 14%|█▍        | 812/5794 [00:12<01:17, 63.97it/s]
 14%|█▍        | 820/5794 [00:12<01:14, 66.68it/s]
 14%|█▍        | 828/5794 [00:12<01:12, 68.78it/s]
 14%|█▍        | 835/5794 [00:13<01:12, 68.30it/s]
 15%|█▍        | 842/5794 [00:13<01:14, 66.88it/s]
 15%|█▍        | 849/5794 [00:13<01:15, 65.31it/s]
 15%|█▍        | 856/5794 [00:13<01:16, 64.88it/s]
 15%|█▍        | 863/5794 [00:13<01:16, 64.59it/s]
 15%|█▌        | 870/5794 [00:13<01:16, 64.17it/s]
 15%|█▌        | 877/5794 [00:13<01:17, 63.85it/s]
 15%|█▌        | 884/5794 [00:13<01:17, 63.72it/s]
 15%|█▌        | 891/5794 [00:13<01:16, 63.69it/s]
 15%|█▌        | 898/5794 [00:14<01:16, 63.72it/s]
 16%|█▌        | 905/5794 [00:14<01:16, 63.55it/s]
 16%|█▌        | 912/5794 [00:14<01:16, 63.54it/s]
 16%|█▌        | 919/5794 [00:14<01:16, 63.62it/s]
 16%|█▌        | 926/5794 [00:14<01:16, 63.58it/s]
 16%|█▌        | 933/5794 [00:14<01:16, 63.58it/s]
 16%|█▌        | 940/5794 [00:14<01:16, 63.47it/s]
 16%|█▋        | 947/5794 [00:14<01:16, 63.63it/s]
 16%|█▋        | 954/5794 [00:14<01:16, 63.65it/s]
 17%|█▋        | 961/5794 [00:15<01:16, 63.59it/s]
 17%|█▋        | 968/5794 [00:15<01:15, 63.66it/s]
 17%|█▋        | 975/5794 [00:15<01:15, 63.69it/s]
 17%|█▋        | 982/5794 [00:15<01:15, 63.67it/s]
 17%|█▋        | 989/5794 [00:15<01:15, 63.58it/s]
 17%|█▋        | 996/5794 [00:15<01:13, 65.06it/s]
 17%|█▋        | 1004/5794 [00:15<01:10, 67.60it/s]
 17%|█▋        | 1012/5794 [00:15<01:09, 68.95it/s]
 18%|█▊        | 1020/5794 [00:15<01:08, 70.08it/s]
 18%|█▊        | 1028/5794 [00:16<01:07, 70.63it/s]
 18%|█▊        | 1036/5794 [00:16<01:06, 71.38it/s]
 18%|█▊        | 1044/5794 [00:16<01:06, 71.78it/s]
 18%|█▊        | 1052/5794 [00:16<01:05, 72.15it/s]
 18%|█▊        | 1060/5794 [00:16<01:05, 72.48it/s]
 18%|█▊        | 1068/5794 [00:16<01:04, 72.73it/s]
 19%|█▊        | 1076/5794 [00:16<01:04, 72.63it/s]
 19%|█▊        | 1084/5794 [00:16<01:04, 72.80it/s]
 19%|█▉        | 1092/5794 [00:16<01:05, 72.01it/s]
 19%|█▉        | 1100/5794 [00:17<01:04, 72.51it/s]
 19%|█▉        | 1108/5794 [00:17<01:04, 72.56it/s]
 19%|█▉        | 1116/5794 [00:17<01:04, 72.84it/s]
 19%|█▉        | 1124/5794 [00:17<01:03, 72.98it/s]
 20%|█▉        | 1132/5794 [00:17<01:03, 73.03it/s]
 20%|█▉        | 1140/5794 [00:17<01:03, 73.03it/s]
 20%|█▉        | 1148/5794 [00:17<01:03, 73.07it/s]
 20%|█▉        | 1156/5794 [00:17<01:03, 73.15it/s]
 20%|██        | 1164/5794 [00:17<01:03, 73.01it/s]
 20%|██        | 1172/5794 [00:18<01:03, 73.20it/s]
 20%|██        | 1180/5794 [00:18<01:03, 73.15it/s]
 21%|██        | 1188/5794 [00:18<01:02, 73.31it/s]
 21%|██        | 1196/5794 [00:18<01:02, 73.05it/s]
 21%|██        | 1204/5794 [00:18<01:02, 73.04it/s]
 21%|██        | 1212/5794 [00:18<01:02, 73.05it/s]
 21%|██        | 1220/5794 [00:18<01:02, 73.09it/s]
 21%|██        | 1228/5794 [00:18<01:02, 72.96it/s]
 21%|██▏       | 1236/5794 [00:18<01:02, 72.96it/s]
 21%|██▏       | 1244/5794 [00:18<01:02, 72.79it/s]
 22%|██▏       | 1252/5794 [00:19<01:02, 72.90it/s]
 22%|██▏       | 1260/5794 [00:19<01:02, 73.06it/s]
 22%|██▏       | 1268/5794 [00:19<01:02, 72.97it/s]
 22%|██▏       | 1276/5794 [00:19<01:01, 73.13it/s]
 22%|██▏       | 1284/5794 [00:19<01:01, 72.98it/s]
 22%|██▏       | 1292/5794 [00:19<01:01, 72.89it/s]
 22%|██▏       | 1300/5794 [00:19<01:01, 72.90it/s]
 23%|██▎       | 1308/5794 [00:19<01:01, 72.85it/s]
 23%|██▎       | 1316/5794 [00:19<01:01, 72.62it/s]
 23%|██▎       | 1324/5794 [00:20<01:02, 71.86it/s]
 23%|██▎       | 1332/5794 [00:20<01:02, 71.16it/s]
 23%|██▎       | 1340/5794 [00:20<01:04, 68.82it/s]
 23%|██▎       | 1347/5794 [00:20<01:06, 67.12it/s]
 23%|██▎       | 1354/5794 [00:20<01:07, 66.10it/s]
 23%|██▎       | 1361/5794 [00:20<01:07, 65.37it/s]
 24%|██▎       | 1368/5794 [00:20<01:08, 64.63it/s]
 24%|██▎       | 1375/5794 [00:20<01:08, 64.34it/s]
 24%|██▍       | 1382/5794 [00:20<01:08, 64.87it/s]
 24%|██▍       | 1390/5794 [00:21<01:05, 67.20it/s]
 24%|██▍       | 1398/5794 [00:21<01:04, 68.69it/s]
 24%|██▍       | 1406/5794 [00:21<01:02, 69.72it/s]
 24%|██▍       | 1414/5794 [00:21<01:02, 70.61it/s]
 25%|██▍       | 1422/5794 [00:21<01:01, 71.22it/s]
 25%|██▍       | 1430/5794 [00:21<01:00, 71.68it/s]
 25%|██▍       | 1438/5794 [00:21<01:00, 71.77it/s]
 25%|██▍       | 1446/5794 [00:21<01:00, 71.91it/s]
 25%|██▌       | 1454/5794 [00:21<01:00, 72.11it/s]
 25%|██▌       | 1462/5794 [00:22<00:59, 72.30it/s]
 25%|██▌       | 1470/5794 [00:22<00:59, 72.44it/s]
 26%|██▌       | 1478/5794 [00:22<01:01, 70.64it/s]
 26%|██▌       | 1486/5794 [00:22<01:03, 68.22it/s]
 26%|██▌       | 1493/5794 [00:22<01:04, 66.75it/s]
 26%|██▌       | 1500/5794 [00:22<01:05, 65.70it/s]
 26%|██▌       | 1507/5794 [00:22<01:05, 65.17it/s]
 26%|██▌       | 1515/5794 [00:22<01:04, 66.79it/s]
 26%|██▋       | 1523/5794 [00:23<01:02, 68.28it/s]
 26%|██▋       | 1531/5794 [00:23<01:01, 69.56it/s]
 27%|██▋       | 1539/5794 [00:23<01:00, 70.35it/s]
 27%|██▋       | 1547/5794 [00:23<00:59, 70.91it/s]
 27%|██▋       | 1555/5794 [00:23<00:59, 71.19it/s]
 27%|██▋       | 1563/5794 [00:23<00:59, 71.43it/s]
 27%|██▋       | 1571/5794 [00:23<00:58, 71.66it/s]
 27%|██▋       | 1579/5794 [00:23<00:58, 71.87it/s]
 27%|██▋       | 1587/5794 [00:23<00:58, 71.95it/s]
 28%|██▊       | 1595/5794 [00:24<00:58, 72.05it/s]
 28%|██▊       | 1603/5794 [00:24<00:58, 71.90it/s]
 28%|██▊       | 1611/5794 [00:24<00:58, 71.94it/s]
 28%|██▊       | 1619/5794 [00:24<00:57, 72.16it/s]
 28%|██▊       | 1627/5794 [00:24<00:57, 72.39it/s]
 28%|██▊       | 1635/5794 [00:24<00:57, 72.37it/s]
 28%|██▊       | 1643/5794 [00:24<00:57, 72.33it/s]
 28%|██▊       | 1651/5794 [00:24<00:57, 72.26it/s]
 29%|██▊       | 1659/5794 [00:24<00:57, 72.41it/s]
 29%|██▉       | 1667/5794 [00:25<00:57, 72.32it/s]
 29%|██▉       | 1675/5794 [00:25<00:57, 72.17it/s]
 29%|██▉       | 1683/5794 [00:25<00:56, 72.39it/s]
 29%|██▉       | 1691/5794 [00:25<00:56, 72.37it/s]
 29%|██▉       | 1699/5794 [00:25<00:56, 72.33it/s]
 29%|██▉       | 1707/5794 [00:25<00:56, 72.43it/s]
 30%|██▉       | 1715/5794 [00:25<00:56, 72.27it/s]
 30%|██▉       | 1723/5794 [00:25<00:56, 72.35it/s]
 30%|██▉       | 1731/5794 [00:25<00:56, 72.46it/s]
 30%|███       | 1739/5794 [00:25<00:56, 72.08it/s]
 30%|███       | 1747/5794 [00:26<00:56, 71.33it/s]
 30%|███       | 1755/5794 [00:26<00:56, 71.20it/s]
 30%|███       | 1763/5794 [00:26<00:56, 71.28it/s]
 31%|███       | 1771/5794 [00:26<00:56, 71.17it/s]
 31%|███       | 1779/5794 [00:26<00:56, 71.33it/s]
 31%|███       | 1787/5794 [00:26<00:56, 71.43it/s]
 31%|███       | 1795/5794 [00:26<00:56, 71.29it/s]
 31%|███       | 1803/5794 [00:26<00:55, 71.31it/s]
 31%|███▏      | 1811/5794 [00:27<00:55, 71.37it/s]
 31%|███▏      | 1819/5794 [00:27<00:55, 71.28it/s]
 32%|███▏      | 1827/5794 [00:27<00:55, 71.35it/s]
 32%|███▏      | 1835/5794 [00:27<00:55, 71.52it/s]
 32%|███▏      | 1843/5794 [00:27<00:55, 71.34it/s]
 32%|███▏      | 1851/5794 [00:27<00:55, 71.49it/s]
 32%|███▏      | 1859/5794 [00:27<00:55, 71.52it/s]
 32%|███▏      | 1867/5794 [00:27<00:54, 71.80it/s]
 32%|███▏      | 1875/5794 [00:27<00:54, 72.09it/s]
 32%|███▏      | 1883/5794 [00:28<00:53, 72.55it/s]
 33%|███▎      | 1891/5794 [00:28<00:53, 72.64it/s]
 33%|███▎      | 1899/5794 [00:28<00:53, 72.68it/s]
 33%|███▎      | 1907/5794 [00:28<00:53, 72.63it/s]
 33%|███▎      | 1915/5794 [00:28<00:53, 72.68it/s]
 33%|███▎      | 1923/5794 [00:28<00:53, 72.03it/s]
 33%|███▎      | 1931/5794 [00:28<00:53, 72.20it/s]
 33%|███▎      | 1939/5794 [00:28<00:53, 71.96it/s]
 34%|███▎      | 1947/5794 [00:28<00:53, 71.77it/s]
 34%|███▎      | 1955/5794 [00:29<00:53, 71.66it/s]
 34%|███▍      | 1963/5794 [00:29<00:53, 71.56it/s]
 34%|███▍      | 1971/5794 [00:29<00:53, 71.63it/s]
 34%|███▍      | 1979/5794 [00:29<00:53, 71.60it/s]
 34%|███▍      | 1987/5794 [00:29<00:53, 71.50it/s]
 34%|███▍      | 1995/5794 [00:29<00:53, 71.19it/s]
 35%|███▍      | 2003/5794 [00:29<00:53, 70.87it/s]
 35%|███▍      | 2011/5794 [00:29<00:53, 70.79it/s]
 35%|███▍      | 2019/5794 [00:29<00:53, 71.00it/s]
 35%|███▍      | 2027/5794 [00:30<00:52, 71.65it/s]
 35%|███▌      | 2035/5794 [00:30<00:52, 72.09it/s]
 35%|███▌      | 2043/5794 [00:30<00:51, 72.37it/s]
 35%|███▌      | 2051/5794 [00:30<00:51, 72.77it/s]
 36%|███▌      | 2059/5794 [00:30<00:51, 72.96it/s]
 36%|███▌      | 2067/5794 [00:30<00:51, 72.95it/s]
 36%|███▌      | 2075/5794 [00:30<00:50, 73.07it/s]
 36%|███▌      | 2083/5794 [00:30<00:50, 73.05it/s]
 36%|███▌      | 2091/5794 [00:30<00:51, 72.50it/s]
 36%|███▌      | 2099/5794 [00:31<00:51, 71.81it/s]
 36%|███▋      | 2107/5794 [00:31<00:51, 71.73it/s]
 37%|███▋      | 2115/5794 [00:31<00:51, 71.46it/s]
 37%|███▋      | 2123/5794 [00:31<00:51, 71.24it/s]
 37%|███▋      | 2131/5794 [00:31<00:51, 71.24it/s]
 37%|███▋      | 2139/5794 [00:31<00:51, 71.40it/s]
 37%|███▋      | 2147/5794 [00:31<00:50, 71.77it/s]
 37%|███▋      | 2155/5794 [00:31<00:50, 72.12it/s]
 37%|███▋      | 2163/5794 [00:31<00:50, 72.33it/s]
 37%|███▋      | 2171/5794 [00:32<00:49, 72.56it/s]
 38%|███▊      | 2179/5794 [00:32<00:49, 72.57it/s]
 38%|███▊      | 2187/5794 [00:32<00:49, 72.71it/s]
 38%|███▊      | 2195/5794 [00:32<00:49, 72.79it/s]
 38%|███▊      | 2203/5794 [00:32<00:49, 72.73it/s]
 38%|███▊      | 2211/5794 [00:32<00:49, 72.90it/s]
 38%|███▊      | 2219/5794 [00:32<00:49, 72.94it/s]
 38%|███▊      | 2227/5794 [00:32<00:49, 72.59it/s]
 39%|███▊      | 2235/5794 [00:32<00:49, 71.86it/s]
 39%|███▊      | 2243/5794 [00:33<00:49, 71.64it/s]
 39%|███▉      | 2251/5794 [00:33<00:49, 71.50it/s]
 39%|███▉      | 2259/5794 [00:33<00:49, 71.28it/s]
 39%|███▉      | 2267/5794 [00:33<00:49, 71.18it/s]
 39%|███▉      | 2275/5794 [00:33<00:49, 71.06it/s]
 39%|███▉      | 2283/5794 [00:33<00:49, 71.32it/s]
 40%|███▉      | 2291/5794 [00:33<00:48, 71.73it/s]
 40%|███▉      | 2299/5794 [00:33<00:48, 71.93it/s]
 40%|███▉      | 2307/5794 [00:33<00:48, 72.28it/s]
 40%|███▉      | 2315/5794 [00:34<00:48, 72.24it/s]
 40%|████      | 2323/5794 [00:34<00:47, 72.41it/s]
 40%|████      | 2331/5794 [00:34<00:47, 72.61it/s]
 40%|████      | 2339/5794 [00:34<00:47, 72.49it/s]
 41%|████      | 2347/5794 [00:34<00:47, 72.81it/s]
 41%|████      | 2355/5794 [00:34<00:47, 72.66it/s]
 41%|████      | 2363/5794 [00:34<00:47, 72.69it/s]
 41%|████      | 2371/5794 [00:34<00:47, 72.61it/s]
 41%|████      | 2379/5794 [00:34<00:47, 72.50it/s]
 41%|████      | 2387/5794 [00:35<00:47, 72.43it/s]
 41%|████▏     | 2395/5794 [00:35<00:46, 72.58it/s]
 41%|████▏     | 2403/5794 [00:35<00:46, 72.64it/s]
 42%|████▏     | 2411/5794 [00:35<00:46, 72.62it/s]
 42%|████▏     | 2419/5794 [00:35<00:46, 72.74it/s]
 42%|████▏     | 2427/5794 [00:35<00:46, 72.63it/s]
 42%|████▏     | 2435/5794 [00:35<00:46, 72.10it/s]
 42%|████▏     | 2443/5794 [00:35<00:46, 71.91it/s]
 42%|████▏     | 2451/5794 [00:35<00:46, 71.29it/s]
 42%|████▏     | 2459/5794 [00:36<00:46, 71.20it/s]
 43%|████▎     | 2467/5794 [00:36<00:46, 71.18it/s]
 43%|████▎     | 2475/5794 [00:36<00:46, 70.98it/s]
 43%|████▎     | 2483/5794 [00:36<00:46, 70.95it/s]
 43%|████▎     | 2491/5794 [00:36<00:46, 70.89it/s]
 43%|████▎     | 2499/5794 [00:36<00:46, 70.71it/s]
 43%|████▎     | 2507/5794 [00:36<00:46, 70.73it/s]
 43%|████▎     | 2515/5794 [00:36<00:46, 70.66it/s]
 44%|████▎     | 2523/5794 [00:36<00:46, 70.53it/s]
 44%|████▎     | 2531/5794 [00:37<00:46, 70.63it/s]
 44%|████▍     | 2539/5794 [00:37<00:47, 69.24it/s]
 44%|████▍     | 2547/5794 [00:37<00:46, 69.85it/s]
 44%|████▍     | 2555/5794 [00:37<00:46, 70.15it/s]
 44%|████▍     | 2563/5794 [00:37<00:45, 70.53it/s]
 44%|████▍     | 2571/5794 [00:37<00:45, 70.68it/s]
 45%|████▍     | 2579/5794 [00:37<00:45, 70.97it/s]
 45%|████▍     | 2587/5794 [00:37<00:45, 71.12it/s]
 45%|████▍     | 2595/5794 [00:37<00:44, 71.71it/s]
 45%|████▍     | 2603/5794 [00:38<00:44, 72.20it/s]
 45%|████▌     | 2611/5794 [00:38<00:43, 72.37it/s]
 45%|████▌     | 2619/5794 [00:38<00:43, 72.51it/s]
 45%|████▌     | 2627/5794 [00:38<00:43, 72.65it/s]
 45%|████▌     | 2635/5794 [00:38<00:43, 72.67it/s]
 46%|████▌     | 2643/5794 [00:38<00:43, 72.55it/s]
 46%|████▌     | 2651/5794 [00:38<00:43, 72.69it/s]
 46%|████▌     | 2659/5794 [00:38<00:43, 72.53it/s]
 46%|████▌     | 2667/5794 [00:38<00:42, 72.77it/s]
 46%|████▌     | 2675/5794 [00:39<00:42, 72.73it/s]
 46%|████▋     | 2683/5794 [00:39<00:42, 72.83it/s]
 46%|████▋     | 2691/5794 [00:39<00:42, 72.86it/s]
 47%|████▋     | 2699/5794 [00:39<00:42, 72.97it/s]
 47%|████▋     | 2707/5794 [00:39<00:42, 72.88it/s]
 47%|████▋     | 2715/5794 [00:39<00:42, 72.80it/s]
 47%|████▋     | 2723/5794 [00:39<00:42, 72.37it/s]
 47%|████▋     | 2731/5794 [00:39<00:42, 72.77it/s]
 47%|████▋     | 2739/5794 [00:39<00:41, 72.82it/s]
 47%|████▋     | 2747/5794 [00:40<00:41, 72.79it/s]
 48%|████▊     | 2755/5794 [00:40<00:41, 72.89it/s]
 48%|████▊     | 2763/5794 [00:40<00:41, 72.86it/s]
 48%|████▊     | 2771/5794 [00:40<00:41, 73.04it/s]
 48%|████▊     | 2779/5794 [00:40<00:41, 73.07it/s]
 48%|████▊     | 2787/5794 [00:40<00:41, 73.11it/s]
 48%|████▊     | 2795/5794 [00:40<00:41, 72.57it/s]
 48%|████▊     | 2803/5794 [00:40<00:41, 72.31it/s]
 49%|████▊     | 2811/5794 [00:40<00:41, 71.96it/s]
 49%|████▊     | 2819/5794 [00:41<00:41, 71.65it/s]
 49%|████▉     | 2827/5794 [00:41<00:41, 71.56it/s]
 49%|████▉     | 2835/5794 [00:41<00:41, 71.62it/s]
 49%|████▉     | 2843/5794 [00:41<00:41, 71.48it/s]
 49%|████▉     | 2851/5794 [00:41<00:41, 71.56it/s]
 49%|████▉     | 2859/5794 [00:41<00:41, 71.51it/s]
 49%|████▉     | 2867/5794 [00:41<00:40, 71.46it/s]
 50%|████▉     | 2875/5794 [00:41<00:40, 71.45it/s]
 50%|████▉     | 2883/5794 [00:41<00:40, 71.16it/s]
 50%|████▉     | 2891/5794 [00:42<00:40, 71.15it/s]
 50%|█████     | 2899/5794 [00:42<00:40, 71.16it/s]
 50%|█████     | 2907/5794 [00:42<00:40, 71.31it/s]
 50%|█████     | 2915/5794 [00:42<00:40, 71.32it/s]
 50%|█████     | 2923/5794 [00:42<00:40, 71.27it/s]
 51%|█████     | 2931/5794 [00:42<00:40, 71.24it/s]
 51%|█████     | 2939/5794 [00:42<00:40, 71.34it/s]
 51%|█████     | 2947/5794 [00:42<00:39, 71.23it/s]
 51%|█████     | 2955/5794 [00:42<00:39, 71.27it/s]
 51%|█████     | 2963/5794 [00:43<00:39, 71.26it/s]
 51%|█████▏    | 2971/5794 [00:43<00:39, 71.38it/s]
 51%|█████▏    | 2979/5794 [00:43<00:39, 71.25it/s]
 52%|█████▏    | 2987/5794 [00:43<00:39, 71.34it/s]
 52%|█████▏    | 2995/5794 [00:43<00:39, 71.25it/s]
 52%|█████▏    | 3003/5794 [00:43<00:39, 71.12it/s]
 52%|█████▏    | 3011/5794 [00:43<00:39, 71.27it/s]
 52%|█████▏    | 3019/5794 [00:43<00:39, 71.15it/s]
 52%|█████▏    | 3027/5794 [00:43<00:38, 71.33it/s]
 52%|█████▏    | 3035/5794 [00:44<00:39, 70.46it/s]
 53%|█████▎    | 3043/5794 [00:44<00:38, 70.73it/s]
 53%|█████▎    | 3051/5794 [00:44<00:38, 70.94it/s]
 53%|█████▎    | 3059/5794 [00:44<00:38, 71.18it/s]
 53%|█████▎    | 3067/5794 [00:44<00:38, 71.17it/s]
 53%|█████▎    | 3075/5794 [00:44<00:38, 71.35it/s]
 53%|█████▎    | 3083/5794 [00:44<00:38, 71.31it/s]
 53%|█████▎    | 3091/5794 [00:44<00:37, 71.46it/s]
 53%|█████▎    | 3099/5794 [00:44<00:37, 71.22it/s]
 54%|█████▎    | 3107/5794 [00:45<00:37, 71.27it/s]
 54%|█████▍    | 3115/5794 [00:45<00:37, 71.22it/s]
 54%|█████▍    | 3123/5794 [00:45<00:37, 71.43it/s]
 54%|█████▍    | 3131/5794 [00:45<00:37, 71.18it/s]
 54%|█████▍    | 3139/5794 [00:45<00:37, 71.48it/s]
 54%|█████▍    | 3147/5794 [00:45<00:37, 71.47it/s]
 54%|█████▍    | 3155/5794 [00:45<00:36, 71.39it/s]
 55%|█████▍    | 3163/5794 [00:45<00:36, 71.40it/s]
 55%|█████▍    | 3171/5794 [00:45<00:36, 71.20it/s]
 55%|█████▍    | 3179/5794 [00:46<00:36, 71.04it/s]
 55%|█████▌    | 3187/5794 [00:46<00:36, 71.09it/s]
 55%|█████▌    | 3195/5794 [00:46<00:36, 71.20it/s]
 55%|█████▌    | 3203/5794 [00:46<00:36, 71.06it/s]
 55%|█████▌    | 3211/5794 [00:46<00:36, 71.22it/s]
 56%|█████▌    | 3219/5794 [00:46<00:36, 71.14it/s]
 56%|█████▌    | 3227/5794 [00:46<00:36, 71.26it/s]
 56%|█████▌    | 3235/5794 [00:46<00:35, 71.17it/s]
 56%|█████▌    | 3243/5794 [00:46<00:35, 71.30it/s]
 56%|█████▌    | 3251/5794 [00:47<00:35, 71.61it/s]
 56%|█████▌    | 3259/5794 [00:47<00:35, 71.58it/s]
 56%|█████▋    | 3267/5794 [00:47<00:35, 71.36it/s]
 57%|█████▋    | 3275/5794 [00:47<00:35, 71.39it/s]
 57%|█████▋    | 3283/5794 [00:47<00:35, 71.34it/s]
 57%|█████▋    | 3291/5794 [00:47<00:35, 71.12it/s]
 57%|█████▋    | 3299/5794 [00:47<00:35, 71.21it/s]
 57%|█████▋    | 3307/5794 [00:47<00:34, 71.19it/s]
 57%|█████▋    | 3315/5794 [00:47<00:34, 71.38it/s]
 57%|█████▋    | 3323/5794 [00:48<00:35, 70.52it/s]
 57%|█████▋    | 3331/5794 [00:48<00:34, 70.94it/s]
 58%|█████▊    | 3339/5794 [00:48<00:34, 70.96it/s]
 58%|█████▊    | 3347/5794 [00:48<00:34, 71.08it/s]
 58%|█████▊    | 3355/5794 [00:48<00:34, 71.09it/s]
 58%|█████▊    | 3363/5794 [00:48<00:34, 71.08it/s]
 58%|█████▊    | 3371/5794 [00:48<00:34, 70.95it/s]
 58%|█████▊    | 3379/5794 [00:48<00:33, 71.17it/s]
 58%|█████▊    | 3387/5794 [00:48<00:33, 71.07it/s]
 59%|█████▊    | 3395/5794 [00:49<00:33, 71.27it/s]
 59%|█████▊    | 3403/5794 [00:49<00:33, 71.16it/s]
 59%|█████▉    | 3411/5794 [00:49<00:33, 71.23it/s]
 59%|█████▉    | 3419/5794 [00:49<00:33, 71.28it/s]
 59%|█████▉    | 3427/5794 [00:49<00:33, 71.25it/s]
 59%|█████▉    | 3435/5794 [00:49<00:33, 71.03it/s]
 59%|█████▉    | 3443/5794 [00:49<00:33, 71.12it/s]
 60%|█████▉    | 3451/5794 [00:49<00:32, 71.22it/s]
 60%|█████▉    | 3459/5794 [00:49<00:32, 71.37it/s]
 60%|█████▉    | 3467/5794 [00:50<00:32, 71.50it/s]
 60%|█████▉    | 3475/5794 [00:50<00:32, 71.45it/s]
 60%|██████    | 3483/5794 [00:50<00:32, 71.45it/s]
 60%|██████    | 3491/5794 [00:50<00:32, 71.38it/s]
 60%|██████    | 3499/5794 [00:50<00:31, 71.92it/s]
 61%|██████    | 3507/5794 [00:50<00:31, 72.20it/s]
 61%|██████    | 3515/5794 [00:50<00:31, 72.55it/s]
 61%|██████    | 3523/5794 [00:50<00:31, 72.48it/s]
 61%|██████    | 3531/5794 [00:50<00:31, 72.32it/s]
 61%|██████    | 3539/5794 [00:51<00:31, 72.52it/s]
 61%|██████    | 3547/5794 [00:51<00:30, 72.83it/s]
 61%|██████▏   | 3555/5794 [00:51<00:30, 73.01it/s]
 61%|██████▏   | 3563/5794 [00:51<00:30, 73.04it/s]
 62%|██████▏   | 3571/5794 [00:51<00:30, 73.14it/s]
 62%|██████▏   | 3579/5794 [00:51<00:30, 73.18it/s]
 62%|██████▏   | 3587/5794 [00:51<00:30, 73.20it/s]
 62%|██████▏   | 3595/5794 [00:51<00:30, 73.03it/s]
 62%|██████▏   | 3603/5794 [00:51<00:29, 73.03it/s]
 62%|██████▏   | 3611/5794 [00:52<00:29, 72.96it/s]
 62%|██████▏   | 3619/5794 [00:52<00:29, 73.10it/s]
 63%|██████▎   | 3627/5794 [00:52<00:29, 73.32it/s]
 63%|██████▎   | 3635/5794 [00:52<00:29, 73.39it/s]
 63%|██████▎   | 3643/5794 [00:52<00:29, 73.23it/s]
 63%|██████▎   | 3651/5794 [00:52<00:29, 73.38it/s]
 63%|██████▎   | 3659/5794 [00:52<00:29, 73.14it/s]
 63%|██████▎   | 3667/5794 [00:52<00:29, 73.08it/s]
 63%|██████▎   | 3675/5794 [00:52<00:29, 72.97it/s]
 64%|██████▎   | 3683/5794 [00:53<00:28, 72.99it/s]
 64%|██████▎   | 3691/5794 [00:53<00:28, 73.10it/s]
 64%|██████▍   | 3699/5794 [00:53<00:28, 73.19it/s]
 64%|██████▍   | 3707/5794 [00:53<00:28, 73.17it/s]
 64%|██████▍   | 3715/5794 [00:53<00:28, 73.16it/s]
 64%|██████▍   | 3723/5794 [00:53<00:28, 72.52it/s]
 64%|██████▍   | 3731/5794 [00:53<00:28, 72.71it/s]
 65%|██████▍   | 3739/5794 [00:53<00:28, 72.83it/s]
 65%|██████▍   | 3747/5794 [00:53<00:28, 72.88it/s]
 65%|██████▍   | 3755/5794 [00:54<00:27, 73.06it/s]
 65%|██████▍   | 3763/5794 [00:54<00:27, 73.20it/s]
 65%|██████▌   | 3771/5794 [00:54<00:27, 73.35it/s]
 65%|██████▌   | 3779/5794 [00:54<00:27, 73.11it/s]
 65%|██████▌   | 3787/5794 [00:54<00:27, 73.29it/s]
 65%|██████▌   | 3795/5794 [00:54<00:27, 73.14it/s]
 66%|██████▌   | 3803/5794 [00:54<00:27, 73.36it/s]
 66%|██████▌   | 3811/5794 [00:54<00:27, 73.28it/s]
 66%|██████▌   | 3819/5794 [00:54<00:26, 73.48it/s]
 66%|██████▌   | 3827/5794 [00:55<00:26, 73.52it/s]
 66%|██████▌   | 3835/5794 [00:55<00:26, 73.43it/s]
 66%|██████▋   | 3843/5794 [00:55<00:26, 73.11it/s]
 66%|██████▋   | 3851/5794 [00:55<00:26, 73.25it/s]
 67%|██████▋   | 3859/5794 [00:55<00:26, 73.36it/s]
 67%|██████▋   | 3867/5794 [00:55<00:26, 73.34it/s]
 67%|██████▋   | 3875/5794 [00:55<00:26, 73.29it/s]
 67%|██████▋   | 3883/5794 [00:55<00:26, 73.19it/s]
 67%|██████▋   | 3891/5794 [00:55<00:25, 73.22it/s]
 67%|██████▋   | 3899/5794 [00:56<00:26, 72.71it/s]
 67%|██████▋   | 3907/5794 [00:56<00:25, 72.87it/s]
 68%|██████▊   | 3915/5794 [00:56<00:25, 73.01it/s]
 68%|██████▊   | 3923/5794 [00:56<00:25, 72.71it/s]
 68%|██████▊   | 3931/5794 [00:56<00:25, 72.21it/s]
 68%|██████▊   | 3939/5794 [00:56<00:25, 72.00it/s]
 68%|██████▊   | 3947/5794 [00:56<00:25, 71.64it/s]
 68%|██████▊   | 3955/5794 [00:56<00:25, 71.65it/s]
 68%|██████▊   | 3963/5794 [00:56<00:25, 71.63it/s]
 69%|██████▊   | 3971/5794 [00:57<00:25, 71.47it/s]
 69%|██████▊   | 3979/5794 [00:57<00:25, 71.49it/s]
 69%|██████▉   | 3987/5794 [00:57<00:25, 71.47it/s]
 69%|██████▉   | 3995/5794 [00:57<00:25, 71.52it/s]
 69%|██████▉   | 4003/5794 [00:57<00:25, 71.40it/s]
 69%|██████▉   | 4011/5794 [00:57<00:24, 71.40it/s]
 69%|██████▉   | 4019/5794 [00:57<00:24, 71.09it/s]
 70%|██████▉   | 4027/5794 [00:57<00:24, 71.10it/s]
 70%|██████▉   | 4035/5794 [00:57<00:24, 71.13it/s]
 70%|██████▉   | 4043/5794 [00:58<00:24, 71.29it/s]
 70%|██████▉   | 4051/5794 [00:58<00:24, 71.21it/s]
 70%|███████   | 4059/5794 [00:58<00:24, 71.38it/s]
 70%|███████   | 4067/5794 [00:58<00:24, 71.27it/s]
 70%|███████   | 4075/5794 [00:58<00:24, 71.42it/s]
 70%|███████   | 4083/5794 [00:58<00:23, 71.34it/s]
 71%|███████   | 4091/5794 [00:58<00:23, 71.46it/s]
 71%|███████   | 4099/5794 [00:58<00:23, 71.48it/s]
 71%|███████   | 4107/5794 [00:58<00:23, 71.43it/s]
 71%|███████   | 4115/5794 [00:59<00:23, 71.42it/s]
 71%|███████   | 4123/5794 [00:59<00:23, 71.49it/s]
 71%|███████▏  | 4131/5794 [00:59<00:23, 71.46it/s]
 71%|███████▏  | 4139/5794 [00:59<00:23, 71.30it/s]
 72%|███████▏  | 4147/5794 [00:59<00:22, 71.67it/s]
 72%|███████▏  | 4155/5794 [00:59<00:22, 71.88it/s]
 72%|███████▏  | 4163/5794 [00:59<00:22, 72.31it/s]
 72%|███████▏  | 4171/5794 [00:59<00:22, 72.67it/s]
 72%|███████▏  | 4179/5794 [00:59<00:22, 72.95it/s]
 72%|███████▏  | 4187/5794 [01:00<00:22, 72.23it/s]
 72%|███████▏  | 4195/5794 [01:00<00:22, 72.64it/s]
 73%|███████▎  | 4203/5794 [01:00<00:21, 72.75it/s]
 73%|███████▎  | 4211/5794 [01:00<00:21, 72.98it/s]
 73%|███████▎  | 4219/5794 [01:00<00:21, 73.01it/s]
 73%|███████▎  | 4227/5794 [01:00<00:21, 73.09it/s]
 73%|███████▎  | 4235/5794 [01:00<00:21, 73.12it/s]
 73%|███████▎  | 4243/5794 [01:00<00:21, 73.09it/s]
 73%|███████▎  | 4251/5794 [01:00<00:21, 72.74it/s]
 74%|███████▎  | 4259/5794 [01:01<00:21, 72.09it/s]
 74%|███████▎  | 4267/5794 [01:01<00:21, 71.89it/s]
 74%|███████▍  | 4275/5794 [01:01<00:21, 71.71it/s]
 74%|███████▍  | 4283/5794 [01:01<00:21, 71.73it/s]
 74%|███████▍  | 4291/5794 [01:01<00:20, 71.63it/s]
 74%|███████▍  | 4299/5794 [01:01<00:21, 70.82it/s]
 74%|███████▍  | 4307/5794 [01:01<00:20, 71.00it/s]
 74%|███████▍  | 4315/5794 [01:01<00:20, 71.25it/s]
 75%|███████▍  | 4323/5794 [01:01<00:20, 71.25it/s]
 75%|███████▍  | 4331/5794 [01:02<00:20, 71.38it/s]
 75%|███████▍  | 4339/5794 [01:02<00:20, 71.24it/s]
 75%|███████▌  | 4347/5794 [01:02<00:20, 71.52it/s]
 75%|███████▌  | 4355/5794 [01:02<00:20, 71.45it/s]
 75%|███████▌  | 4363/5794 [01:02<00:19, 71.58it/s]
 75%|███████▌  | 4371/5794 [01:02<00:19, 71.63it/s]
 76%|███████▌  | 4379/5794 [01:02<00:19, 71.60it/s]
 76%|███████▌  | 4387/5794 [01:02<00:19, 72.08it/s]
 76%|███████▌  | 4395/5794 [01:02<00:19, 72.32it/s]
 76%|███████▌  | 4403/5794 [01:03<00:19, 72.60it/s]
 76%|███████▌  | 4411/5794 [01:03<00:18, 72.84it/s]
 76%|███████▋  | 4419/5794 [01:03<00:18, 73.03it/s]
 76%|███████▋  | 4427/5794 [01:03<00:18, 72.65it/s]
 77%|███████▋  | 4435/5794 [01:03<00:18, 72.47it/s]
 77%|███████▋  | 4443/5794 [01:03<00:18, 72.13it/s]
 77%|███████▋  | 4451/5794 [01:03<00:18, 72.11it/s]
 77%|███████▋  | 4459/5794 [01:03<00:18, 71.95it/s]
 77%|███████▋  | 4467/5794 [01:03<00:18, 71.88it/s]
 77%|███████▋  | 4475/5794 [01:04<00:18, 71.82it/s]
 77%|███████▋  | 4483/5794 [01:04<00:18, 71.89it/s]
 78%|███████▊  | 4491/5794 [01:04<00:18, 71.69it/s]
 78%|███████▊  | 4499/5794 [01:04<00:18, 71.70it/s]
 78%|███████▊  | 4507/5794 [01:04<00:17, 71.67it/s]
 78%|███████▊  | 4515/5794 [01:04<00:17, 71.53it/s]
 78%|███████▊  | 4523/5794 [01:04<00:17, 71.46it/s]
 78%|███████▊  | 4531/5794 [01:04<00:17, 71.22it/s]
 78%|███████▊  | 4539/5794 [01:04<00:17, 71.39it/s]
 78%|███████▊  | 4547/5794 [01:05<00:17, 71.28it/s]
 79%|███████▊  | 4555/5794 [01:05<00:17, 71.41it/s]
 79%|███████▉  | 4563/5794 [01:05<00:17, 71.36it/s]
 79%|███████▉  | 4571/5794 [01:05<00:17, 71.76it/s]
 79%|███████▉  | 4579/5794 [01:05<00:16, 72.10it/s]
 79%|███████▉  | 4587/5794 [01:05<00:16, 72.26it/s]
 79%|███████▉  | 4595/5794 [01:05<00:16, 71.79it/s]
 79%|███████▉  | 4603/5794 [01:05<00:16, 71.74it/s]
 80%|███████▉  | 4611/5794 [01:05<00:16, 71.21it/s]
 80%|███████▉  | 4619/5794 [01:06<00:16, 71.49it/s]
 80%|███████▉  | 4627/5794 [01:06<00:16, 71.86it/s]
 80%|███████▉  | 4635/5794 [01:06<00:16, 72.31it/s]
 80%|████████  | 4643/5794 [01:06<00:15, 72.64it/s]
 80%|████████  | 4651/5794 [01:06<00:15, 72.02it/s]
 80%|████████  | 4659/5794 [01:06<00:15, 72.48it/s]
 81%|████████  | 4667/5794 [01:06<00:15, 72.61it/s]
 81%|████████  | 4675/5794 [01:06<00:15, 72.91it/s]
 81%|████████  | 4683/5794 [01:06<00:15, 72.88it/s]
 81%|████████  | 4691/5794 [01:07<00:15, 72.82it/s]
 81%|████████  | 4699/5794 [01:07<00:15, 72.86it/s]
 81%|████████  | 4707/5794 [01:07<00:14, 72.97it/s]
 81%|████████▏ | 4715/5794 [01:07<00:14, 73.13it/s]
 82%|████████▏ | 4723/5794 [01:07<00:14, 73.23it/s]
 82%|████████▏ | 4731/5794 [01:07<00:14, 73.17it/s]
 82%|████████▏ | 4739/5794 [01:07<00:14, 73.23it/s]
 82%|████████▏ | 4747/5794 [01:07<00:14, 73.20it/s]
 82%|████████▏ | 4755/5794 [01:07<00:14, 73.26it/s]
 82%|████████▏ | 4763/5794 [01:08<00:14, 73.26it/s]
 82%|████████▏ | 4771/5794 [01:08<00:13, 73.44it/s]
 82%|████████▏ | 4779/5794 [01:08<00:13, 73.43it/s]
 83%|████████▎ | 4787/5794 [01:08<00:13, 73.27it/s]
 83%|████████▎ | 4795/5794 [01:08<00:13, 73.21it/s]
 83%|████████▎ | 4803/5794 [01:08<00:13, 73.08it/s]
 83%|████████▎ | 4811/5794 [01:08<00:13, 72.98it/s]
 83%|████████▎ | 4819/5794 [01:08<00:13, 72.74it/s]
 83%|████████▎ | 4827/5794 [01:08<00:13, 72.82it/s]
 83%|████████▎ | 4835/5794 [01:09<00:13, 72.86it/s]
 84%|████████▎ | 4843/5794 [01:09<00:13, 72.93it/s]
 84%|████████▎ | 4851/5794 [01:09<00:12, 73.09it/s]
 84%|████████▍ | 4859/5794 [01:09<00:12, 72.74it/s]
 84%|████████▍ | 4867/5794 [01:09<00:12, 72.26it/s]
 84%|████████▍ | 4875/5794 [01:09<00:12, 71.97it/s]
 84%|████████▍ | 4883/5794 [01:09<00:12, 71.66it/s]
 84%|████████▍ | 4891/5794 [01:09<00:12, 72.01it/s]
 85%|████████▍ | 4899/5794 [01:09<00:12, 72.35it/s]
 85%|████████▍ | 4907/5794 [01:10<00:12, 72.59it/s]
 85%|████████▍ | 4915/5794 [01:10<00:12, 72.66it/s]
 85%|████████▍ | 4923/5794 [01:10<00:11, 72.79it/s]
 85%|████████▌ | 4931/5794 [01:10<00:11, 72.82it/s]
 85%|████████▌ | 4939/5794 [01:10<00:11, 72.91it/s]
 85%|████████▌ | 4947/5794 [01:10<00:11, 72.90it/s]
 86%|████████▌ | 4955/5794 [01:10<00:11, 72.47it/s]
 86%|████████▌ | 4963/5794 [01:10<00:11, 72.80it/s]
 86%|████████▌ | 4971/5794 [01:10<00:11, 72.70it/s]
 86%|████████▌ | 4979/5794 [01:10<00:11, 72.44it/s]
 86%|████████▌ | 4987/5794 [01:11<00:11, 72.29it/s]
 86%|████████▌ | 4995/5794 [01:11<00:11, 72.57it/s]
 86%|████████▋ | 5003/5794 [01:11<00:10, 72.32it/s]
 86%|████████▋ | 5011/5794 [01:11<00:10, 72.11it/s]
 87%|████████▋ | 5019/5794 [01:11<00:10, 71.69it/s]
 87%|████████▋ | 5027/5794 [01:11<00:10, 71.48it/s]
 87%|████████▋ | 5035/5794 [01:11<00:10, 71.17it/s]
 87%|████████▋ | 5043/5794 [01:11<00:10, 71.03it/s]
 87%|████████▋ | 5051/5794 [01:12<00:10, 71.14it/s]
 87%|████████▋ | 5059/5794 [01:12<00:10, 71.54it/s]
 87%|████████▋ | 5067/5794 [01:12<00:10, 71.86it/s]
 88%|████████▊ | 5075/5794 [01:12<00:09, 72.04it/s]
 88%|████████▊ | 5083/5794 [01:12<00:09, 72.17it/s]
 88%|████████▊ | 5091/5794 [01:12<00:09, 72.26it/s]
 88%|████████▊ | 5099/5794 [01:12<00:09, 72.29it/s]
 88%|████████▊ | 5107/5794 [01:12<00:09, 72.30it/s]
 88%|████████▊ | 5115/5794 [01:12<00:09, 72.61it/s]
 88%|████████▊ | 5123/5794 [01:12<00:09, 72.57it/s]
 89%|████████▊ | 5131/5794 [01:13<00:09, 72.75it/s]
 89%|████████▊ | 5139/5794 [01:13<00:09, 72.56it/s]
 89%|████████▉ | 5147/5794 [01:13<00:08, 72.69it/s]
 89%|████████▉ | 5155/5794 [01:13<00:08, 72.55it/s]
 89%|████████▉ | 5163/5794 [01:13<00:08, 72.53it/s]
 89%|████████▉ | 5171/5794 [01:13<00:08, 72.28it/s]
 89%|████████▉ | 5179/5794 [01:13<00:08, 72.59it/s]
 90%|████████▉ | 5187/5794 [01:13<00:08, 72.55it/s]
 90%|████████▉ | 5195/5794 [01:13<00:08, 72.60it/s]
 90%|████████▉ | 5203/5794 [01:14<00:08, 72.46it/s]
 90%|████████▉ | 5211/5794 [01:14<00:08, 72.45it/s]
 90%|█████████ | 5219/5794 [01:14<00:07, 72.49it/s]
 90%|█████████ | 5227/5794 [01:14<00:07, 72.46it/s]
 90%|█████████ | 5235/5794 [01:14<00:07, 72.34it/s]
 90%|█████████ | 5243/5794 [01:14<00:07, 72.40it/s]
 91%|█████████ | 5251/5794 [01:14<00:07, 72.42it/s]
 91%|█████████ | 5259/5794 [01:14<00:07, 72.49it/s]
 91%|█████████ | 5267/5794 [01:14<00:07, 72.16it/s]
 91%|█████████ | 5275/5794 [01:15<00:07, 71.69it/s]
 91%|█████████ | 5283/5794 [01:15<00:07, 71.37it/s]
 91%|█████████▏| 5291/5794 [01:15<00:07, 71.13it/s]
 91%|█████████▏| 5299/5794 [01:15<00:06, 71.20it/s]
 92%|█████████▏| 5307/5794 [01:15<00:06, 70.98it/s]
 92%|█████████▏| 5315/5794 [01:15<00:06, 70.94it/s]
 92%|█████████▏| 5323/5794 [01:15<00:06, 70.82it/s]
 92%|█████████▏| 5331/5794 [01:15<00:06, 70.76it/s]
 92%|█████████▏| 5339/5794 [01:16<00:06, 70.69it/s]
 92%|█████████▏| 5347/5794 [01:16<00:06, 71.29it/s]
 92%|█████████▏| 5355/5794 [01:16<00:06, 71.66it/s]
 93%|█████████▎| 5363/5794 [01:16<00:06, 71.77it/s]
 93%|█████████▎| 5371/5794 [01:16<00:05, 71.46it/s]
 93%|█████████▎| 5379/5794 [01:16<00:05, 71.09it/s]
 93%|█████████▎| 5387/5794 [01:16<00:05, 71.06it/s]
 93%|█████████▎| 5395/5794 [01:16<00:05, 71.02it/s]
 93%|█████████▎| 5403/5794 [01:16<00:05, 70.85it/s]
 93%|█████████▎| 5411/5794 [01:17<00:05, 70.75it/s]
 94%|█████████▎| 5419/5794 [01:17<00:05, 70.79it/s]
 94%|█████████▎| 5427/5794 [01:17<00:05, 70.53it/s]
 94%|█████████▍| 5435/5794 [01:17<00:05, 70.63it/s]
 94%|█████████▍| 5443/5794 [01:17<00:04, 70.71it/s]
 94%|█████████▍| 5451/5794 [01:17<00:04, 70.73it/s]
 94%|█████████▍| 5459/5794 [01:17<00:04, 70.71it/s]
 94%|█████████▍| 5467/5794 [01:17<00:04, 70.55it/s]
 94%|█████████▍| 5475/5794 [01:17<00:04, 70.71it/s]
 95%|█████████▍| 5483/5794 [01:18<00:04, 70.55it/s]
 95%|█████████▍| 5491/5794 [01:18<00:04, 70.56it/s]
 95%|█████████▍| 5499/5794 [01:18<00:04, 70.59it/s]
 95%|█████████▌| 5507/5794 [01:18<00:04, 70.85it/s]
 95%|█████████▌| 5515/5794 [01:18<00:03, 71.40it/s]
 95%|█████████▌| 5523/5794 [01:18<00:03, 71.71it/s]
 95%|█████████▌| 5531/5794 [01:18<00:03, 71.99it/s]
 96%|█████████▌| 5539/5794 [01:18<00:03, 72.27it/s]
 96%|█████████▌| 5547/5794 [01:18<00:03, 72.27it/s]
 96%|█████████▌| 5555/5794 [01:19<00:03, 72.39it/s]
 96%|█████████▌| 5563/5794 [01:19<00:03, 72.44it/s]
 96%|█████████▌| 5571/5794 [01:19<00:03, 72.45it/s]
 96%|█████████▋| 5579/5794 [01:19<00:02, 72.17it/s]
 96%|█████████▋| 5587/5794 [01:19<00:02, 72.42it/s]
 97%|█████████▋| 5595/5794 [01:19<00:02, 72.12it/s]
 97%|█████████▋| 5603/5794 [01:19<00:02, 72.07it/s]
 97%|█████████▋| 5611/5794 [01:19<00:02, 72.28it/s]
 97%|█████████▋| 5619/5794 [01:19<00:02, 72.26it/s]
 97%|█████████▋| 5627/5794 [01:20<00:02, 72.44it/s]
 97%|█████████▋| 5635/5794 [01:20<00:02, 72.27it/s]
 97%|█████████▋| 5643/5794 [01:20<00:02, 72.35it/s]
 98%|█████████▊| 5651/5794 [01:20<00:01, 72.35it/s]
 98%|█████████▊| 5659/5794 [01:20<00:01, 72.23it/s]
 98%|█████████▊| 5667/5794 [01:20<00:01, 71.84it/s]
 98%|█████████▊| 5675/5794 [01:20<00:01, 71.53it/s]
 98%|█████████▊| 5683/5794 [01:20<00:01, 71.17it/s]
 98%|█████████▊| 5691/5794 [01:20<00:01, 71.08it/s]
 98%|█████████▊| 5699/5794 [01:21<00:01, 70.64it/s]
 98%|█████████▊| 5707/5794 [01:21<00:01, 70.70it/s]
 99%|█████████▊| 5715/5794 [01:21<00:01, 70.59it/s]
 99%|█████████▉| 5723/5794 [01:21<00:01, 70.64it/s]
 99%|█████████▉| 5731/5794 [01:21<00:00, 70.51it/s]
 99%|█████████▉| 5739/5794 [01:21<00:00, 70.33it/s]
 99%|█████████▉| 5747/5794 [01:21<00:00, 70.29it/s]
 99%|█████████▉| 5755/5794 [01:21<00:00, 70.32it/s]
 99%|█████████▉| 5763/5794 [01:21<00:00, 70.26it/s]
100%|█████████▉| 5771/5794 [01:22<00:00, 70.30it/s]
100%|█████████▉| 5779/5794 [01:22<00:00, 70.40it/s]
100%|█████████▉| 5787/5794 [01:22<00:00, 70.33it/s]
100%|██████████| 5794/5794 [01:22<00:00, 70.29it/s]
BALANCED ACCS CHECKED FOR TEST
TEST SET RESULTS FOR CHECKPOINT trained_weights/waterbirds/gals_waterbird_complete95_forest2water2_21047520_trial_000/best_balanced_valacc_0.55_epoch_0.ckpt
test_acc: 0.7279944770452192
balanced_test_acc: 0.5662318420125577
Land_on_Land_test_acc: 0.9991130820399113
Land_on_Water_test_acc: 0.7144124168514412
Water_on_Land_test_acc: 0.010903426791277258
Water_on_Water_test_acc: 0.5404984423676013
test_acc_Waterbird: 0.2757009345794392
test_acc_Landbird: 0.8567627494456763
