[CMD] /home/ryreu/miniconda3/envs/gals_a100/bin/python -u main.py --config configs/waterbirds_95_gradcam_vit.yaml --name gradcam_waterbird_complete95_forest2water2_21050491_trial_000 DATA.ROOT=/home/ryreu/guided_cnn/waterbirds DATA.WATERBIRDS_DIR=waterbird_complete95_forest2water2 SEED=0 EXP.BASE.LR=0.0010000000000000002 EXP.CLASSIFIER.LR=9.999999999999991e-05 EXP.WEIGHT_DECAY=9.999999999999997e-06 EXP.AUX_LOSSES_ON_VAL=False EXP.LOSSES.GRADCAM.WEIGHT=1.0 EXP.NUM_EPOCHS=1
SEED: 0
DATA:
  BATCH_SIZE: 96
  NUM_WORKERS: 4
  SIZE: 224
  NORMALIZATION: imagenet
  ATTENTION_DIR: clip_vit_attention
  SEPARATE_CLASSES: false
  REMOVE_BACKGROUND: false
  ROOT: /home/ryreu/guided_cnn/waterbirds
  USE_CLASS_WEIGHTS: false
  USE_GROUP_WEIGHTS: false
  DATASET: waterbirds
  NUM_CLASSES: 2
  CONFOUNDING_FACTOR: 0.95
  WATERBIRDS_DIR: waterbird_complete95_forest2water2
EXP:
  NUM_TRIALS: 1
  LOSSES:
    CLASSIFICATION:
      WEIGHT: 1
    GRADIENT_OUTSIDE:
      COMPUTE: false
      LOG: false
      WEIGHT: 10000
      CRITERION: L1
      GT: clip_vit
      COMBINE_ATT_MODE: average_nonzero
    GRADIENT_INSIDE:
      COMPUTE: false
      LOG: false
      WEIGHT: 1
      CRITERION: L1
      GT: segmentation
      COMBINE_ATT_MODE: average_nonzero
    GRADCAM:
      COMPUTE: true
      LOG: false
      WEIGHT: 1.0
      CRITERION: L1
      GT: clip_vit
      MODE: match
      COMBINE_ATT_MODE: average_nonzero
  APPROACH: generic
  MODEL: resnet50
  PRETRAINED: true
  NUM_EPOCHS: 1
  OPTIMIZER: SGD
  WEIGHT_DECAY: 9.999999999999997e-06
  MOMENTUM: 0.9
  SCHEDULER: NONE
  BASE:
    LR: 0.0010000000000000002
  CLASSIFIER:
    LR: 9.999999999999991e-05
  AUX_LOSSES_ON_VAL: false
LOGGING:
  SAVE_EVERY: 0
  SAVE_BEST: true
  SAVE_LAST: false
  LOG_ATTENTION: false
  LOG_ATTENTION_STEP: 10
  SAVE_STATS_PATH: null
yaml: configs/waterbirds_95_gradcam_vit.yaml
name: gradcam_waterbird_complete95_forest2water2_21050491_trial_000
test_checkpoint: null

WATERBIRDS DIR: /home/ryreu/guided_cnn/waterbirds/waterbird_complete95_forest2water2
NUMBER OF SAMPLES WITH LABEL Landbird: 3682
NUMBER OF SAMPLES WITH LABEL Waterbird: 1113
NUMBER OF SAMPLES WITH GROUP Land_on_Land: 3498
NUMBER OF SAMPLES WITH GROUP Land_on_Water: 184
NUMBER OF SAMPLES WITH GROUP Water_on_Land: 56
NUMBER OF SAMPLES WITH GROUP Water_on_Water: 1057
WATERBIRDS DIR: /home/ryreu/guided_cnn/waterbirds/waterbird_complete95_forest2water2
NUMBER OF SAMPLES WITH LABEL Landbird: 933
NUMBER OF SAMPLES WITH LABEL Waterbird: 266
NUMBER OF SAMPLES WITH GROUP Land_on_Land: 467
NUMBER OF SAMPLES WITH GROUP Land_on_Water: 466
NUMBER OF SAMPLES WITH GROUP Water_on_Land: 133
NUMBER OF SAMPLES WITH GROUP Water_on_Water: 133
NUM TRAIN: 4795

NUM VAL:   1199

Number classifier outputs: 1
Using pretrained model: True
USING SGD OPTIMIZER
class weights: None
group weights: None
WANDB DISABLED: skipping wandb.init()
EPOCH: 0

>>> TRAINING 


  0%|          | 0/50 [00:00<?, ?it/s]
  2%|▏         | 1/50 [00:03<02:56,  3.60s/it]
  4%|▍         | 2/50 [00:03<01:17,  1.62s/it]
  6%|▌         | 3/50 [00:04<00:45,  1.02it/s]
  8%|▊         | 4/50 [00:04<00:30,  1.49it/s]
 10%|█         | 5/50 [00:04<00:22,  1.97it/s]
 12%|█▏        | 6/50 [00:04<00:17,  2.48it/s]
 14%|█▍        | 7/50 [00:04<00:14,  2.96it/s]
 16%|█▌        | 8/50 [00:05<00:12,  3.39it/s]
 18%|█▊        | 9/50 [00:05<00:10,  3.75it/s]
 20%|██        | 10/50 [00:05<00:09,  4.05it/s]
 22%|██▏       | 11/50 [00:05<00:09,  4.25it/s]
 24%|██▍       | 12/50 [00:05<00:08,  4.43it/s]
 26%|██▌       | 13/50 [00:06<00:08,  4.54it/s]
 28%|██▊       | 14/50 [00:06<00:07,  4.63it/s]
 30%|███       | 15/50 [00:06<00:07,  4.70it/s]
 32%|███▏      | 16/50 [00:06<00:07,  4.77it/s]
 34%|███▍      | 17/50 [00:06<00:06,  4.79it/s]
 36%|███▌      | 18/50 [00:07<00:06,  4.83it/s]
 38%|███▊      | 19/50 [00:07<00:06,  4.82it/s]
 40%|████      | 20/50 [00:07<00:06,  4.82it/s]
 42%|████▏     | 21/50 [00:07<00:06,  4.81it/s]
 44%|████▍     | 22/50 [00:07<00:05,  4.87it/s]
 46%|████▌     | 23/50 [00:08<00:05,  4.87it/s]
 48%|████▊     | 24/50 [00:08<00:05,  4.86it/s]
 50%|█████     | 25/50 [00:08<00:05,  4.81it/s]
 52%|█████▏    | 26/50 [00:08<00:04,  4.81it/s]
 54%|█████▍    | 27/50 [00:08<00:04,  4.82it/s]
 56%|█████▌    | 28/50 [00:09<00:04,  4.83it/s]
 58%|█████▊    | 29/50 [00:09<00:04,  4.84it/s]
 60%|██████    | 30/50 [00:09<00:04,  4.89it/s]
 62%|██████▏   | 31/50 [00:09<00:03,  4.90it/s]
 64%|██████▍   | 32/50 [00:10<00:03,  4.89it/s]
 66%|██████▌   | 33/50 [00:10<00:03,  4.89it/s]
 68%|██████▊   | 34/50 [00:10<00:03,  4.91it/s]
 70%|███████   | 35/50 [00:10<00:03,  4.90it/s]
 72%|███████▏  | 36/50 [00:10<00:02,  4.92it/s]
 74%|███████▍  | 37/50 [00:11<00:02,  4.90it/s]
 76%|███████▌  | 38/50 [00:11<00:02,  4.92it/s]
 78%|███████▊  | 39/50 [00:11<00:02,  4.93it/s]
 80%|████████  | 40/50 [00:11<00:02,  4.88it/s]
 82%|████████▏ | 41/50 [00:11<00:01,  4.91it/s]
 84%|████████▍ | 42/50 [00:12<00:01,  4.91it/s]
 86%|████████▌ | 43/50 [00:12<00:01,  4.91it/s]
 88%|████████▊ | 44/50 [00:12<00:01,  4.92it/s]
 90%|█████████ | 45/50 [00:12<00:01,  4.89it/s]
 92%|█████████▏| 46/50 [00:12<00:00,  4.93it/s]
 94%|█████████▍| 47/50 [00:13<00:00,  4.96it/s]
 96%|█████████▌| 48/50 [00:13<00:00,  5.00it/s]
 98%|█████████▊| 49/50 [00:13<00:00,  5.00it/s]
100%|██████████| 50/50 [00:13<00:00,  5.05it/s]
100%|██████████| 50/50 [00:13<00:00,  3.65it/s]
>>> VALIDATING 


  0%|          | 0/13 [00:00<?, ?it/s]
  8%|▊         | 1/13 [00:01<00:12,  1.04s/it]
 23%|██▎       | 3/13 [00:01<00:03,  3.11it/s]
 38%|███▊      | 5/13 [00:01<00:02,  3.16it/s]
 54%|█████▍    | 7/13 [00:01<00:01,  4.75it/s]
 69%|██████▉   | 9/13 [00:02<00:00,  4.03it/s]
 85%|████████▍ | 11/13 [00:02<00:00,  5.42it/s]
100%|██████████| 13/13 [00:02<00:00,  6.46it/s]
100%|██████████| 13/13 [00:02<00:00,  4.39it/s]
>>> LOGGING 

BALANCED ACCS CHECKED FOR TRAIN
BALANCED ACCS CHECKED FOR VAL
train_acc: 0.7040667361835246
val_acc: 0.7581317764804003
train_cls_loss: 0.5003235138370048
val_cls_loss: 0.47928019736686084
train_total_loss: 0.71605755559968
val_total_loss: 0.47928019736686084
balanced_train_acc: 0.5631356351996284
balanced_val_acc: 0.5597031163116795
Land_on_Land_train_acc: 0.8299028016009148
Land_on_Land_val_acc: 1.0
Land_on_Water_train_acc: 0.7554347826086957
Land_on_Water_val_acc: 0.8326180257510729
Water_on_Land_train_acc: 0.14285714285714285
Water_on_Land_val_acc: 0.007518796992481203
Water_on_Water_train_acc: 0.30842005676442763
Water_on_Water_val_acc: 0.39849624060150374
train_gradcam_clip_vit_loss: 0.2157340363926634
train_acc_Landbird: 0.8261814231395981
train_acc_Waterbird: 0.3000898472596586
val_acc_Landbird: 0.9163987138263665
val_acc_Waterbird: 0.20300751879699247
TRAIN ACC:        0.7040667361835246
VAL ACC:          0.7581317764804003
BALANCED VAL ACC: 0.5597031163116795
prev best list: []
Saving to trained_weights/waterbirds/gradcam_waterbird_complete95_forest2water2_21050491_trial_000/best_balanced_valacc_0.56_epoch_0.ckpt
>>> EVALUATING ON TEST SET
WATERBIRDS DIR: /home/ryreu/guided_cnn/waterbirds/waterbird_complete95_forest2water2
NUMBER OF SAMPLES WITH LABEL Landbird: 4510
NUMBER OF SAMPLES WITH LABEL Waterbird: 1284
NUMBER OF SAMPLES WITH GROUP Land_on_Land: 2255
NUMBER OF SAMPLES WITH GROUP Land_on_Water: 2255
NUMBER OF SAMPLES WITH GROUP Water_on_Land: 642
NUMBER OF SAMPLES WITH GROUP Water_on_Water: 642
NUM TEST:   5794

Loaded checkpoint trained_weights/waterbirds/gradcam_waterbird_complete95_forest2water2_21050491_trial_000/best_balanced_valacc_0.56_epoch_0.ckpt

  0%|          | 0/5794 [00:00<?, ?it/s]
  0%|          | 1/5794 [00:00<22:55,  4.21it/s]
  0%|          | 8/5794 [00:00<03:20, 28.87it/s]
  0%|          | 16/5794 [00:00<02:08, 44.96it/s]
  0%|          | 24/5794 [00:00<01:46, 54.22it/s]
  1%|          | 32/5794 [00:00<01:36, 60.01it/s]
  1%|          | 40/5794 [00:00<01:30, 63.50it/s]
  1%|          | 48/5794 [00:00<01:26, 66.13it/s]
  1%|          | 56/5794 [00:01<01:24, 67.69it/s]
  1%|          | 64/5794 [00:01<01:23, 68.98it/s]
  1%|          | 72/5794 [00:01<01:22, 69.56it/s]
  1%|▏         | 80/5794 [00:01<01:21, 70.01it/s]
  2%|▏         | 88/5794 [00:01<01:21, 70.16it/s]
  2%|▏         | 96/5794 [00:01<01:20, 70.38it/s]
  2%|▏         | 104/5794 [00:01<01:20, 70.64it/s]
  2%|▏         | 112/5794 [00:01<01:20, 70.28it/s]
  2%|▏         | 120/5794 [00:01<01:20, 70.69it/s]
  2%|▏         | 128/5794 [00:02<01:19, 70.87it/s]
  2%|▏         | 136/5794 [00:02<01:19, 71.21it/s]
  2%|▏         | 144/5794 [00:02<01:19, 70.89it/s]
  3%|▎         | 152/5794 [00:02<01:19, 71.19it/s]
  3%|▎         | 160/5794 [00:02<01:19, 70.91it/s]
  3%|▎         | 168/5794 [00:02<01:19, 70.42it/s]
  3%|▎         | 176/5794 [00:02<01:20, 70.02it/s]
  3%|▎         | 184/5794 [00:02<01:19, 70.47it/s]
  3%|▎         | 192/5794 [00:02<01:19, 70.55it/s]
  3%|▎         | 200/5794 [00:03<01:18, 70.98it/s]
  4%|▎         | 208/5794 [00:03<01:18, 70.94it/s]
  4%|▎         | 216/5794 [00:03<01:18, 70.99it/s]
  4%|▍         | 224/5794 [00:03<01:18, 71.02it/s]
  4%|▍         | 232/5794 [00:03<01:18, 70.98it/s]
  4%|▍         | 240/5794 [00:03<01:18, 70.76it/s]
  4%|▍         | 248/5794 [00:03<01:18, 70.86it/s]
  4%|▍         | 256/5794 [00:03<01:18, 70.88it/s]
  5%|▍         | 264/5794 [00:03<01:17, 70.96it/s]
  5%|▍         | 272/5794 [00:04<01:17, 70.98it/s]
  5%|▍         | 280/5794 [00:04<01:17, 70.76it/s]
  5%|▍         | 288/5794 [00:04<01:17, 70.91it/s]
  5%|▌         | 296/5794 [00:04<01:17, 70.82it/s]
  5%|▌         | 304/5794 [00:04<01:17, 70.94it/s]
  5%|▌         | 312/5794 [00:04<01:17, 70.99it/s]
  6%|▌         | 320/5794 [00:04<01:16, 71.40it/s]
  6%|▌         | 328/5794 [00:04<01:17, 70.89it/s]
  6%|▌         | 336/5794 [00:04<01:16, 71.15it/s]
  6%|▌         | 344/5794 [00:05<01:17, 70.59it/s]
  6%|▌         | 352/5794 [00:05<01:16, 70.86it/s]
  6%|▌         | 360/5794 [00:05<01:16, 70.78it/s]
  6%|▋         | 368/5794 [00:05<01:16, 70.82it/s]
  6%|▋         | 376/5794 [00:05<01:16, 71.10it/s]
  7%|▋         | 384/5794 [00:05<01:16, 71.05it/s]
  7%|▋         | 392/5794 [00:05<01:15, 71.12it/s]
  7%|▋         | 400/5794 [00:05<01:15, 71.01it/s]
  7%|▋         | 408/5794 [00:05<01:15, 71.17it/s]
  7%|▋         | 416/5794 [00:06<01:15, 71.00it/s]
  7%|▋         | 424/5794 [00:06<01:15, 70.99it/s]
  7%|▋         | 432/5794 [00:06<01:15, 70.81it/s]
  8%|▊         | 440/5794 [00:06<01:15, 70.95it/s]
  8%|▊         | 448/5794 [00:06<01:15, 71.09it/s]
  8%|▊         | 456/5794 [00:06<01:14, 71.33it/s]
  8%|▊         | 464/5794 [00:06<01:14, 71.26it/s]
  8%|▊         | 472/5794 [00:06<01:14, 71.43it/s]
  8%|▊         | 480/5794 [00:06<01:14, 71.45it/s]
  8%|▊         | 488/5794 [00:07<01:14, 71.43it/s]
  9%|▊         | 496/5794 [00:07<01:15, 70.54it/s]
  9%|▊         | 504/5794 [00:07<01:15, 70.05it/s]
  9%|▉         | 512/5794 [00:07<01:14, 70.52it/s]
  9%|▉         | 520/5794 [00:07<01:14, 70.60it/s]
  9%|▉         | 528/5794 [00:07<01:14, 70.76it/s]
  9%|▉         | 536/5794 [00:07<01:14, 70.77it/s]
  9%|▉         | 544/5794 [00:07<01:13, 71.05it/s]
 10%|▉         | 552/5794 [00:08<01:13, 70.96it/s]
 10%|▉         | 560/5794 [00:08<01:13, 71.03it/s]
 10%|▉         | 568/5794 [00:08<01:14, 70.56it/s]
 10%|▉         | 576/5794 [00:08<01:13, 70.81it/s]
 10%|█         | 584/5794 [00:08<01:13, 70.81it/s]
 10%|█         | 592/5794 [00:08<01:13, 70.62it/s]
 10%|█         | 600/5794 [00:08<01:14, 70.08it/s]
 10%|█         | 608/5794 [00:08<01:13, 70.45it/s]
 11%|█         | 616/5794 [00:08<01:13, 70.48it/s]
 11%|█         | 624/5794 [00:09<01:12, 70.85it/s]
 11%|█         | 632/5794 [00:09<01:13, 70.71it/s]
 11%|█         | 640/5794 [00:09<01:12, 70.85it/s]
 11%|█         | 648/5794 [00:09<01:12, 71.00it/s]
 11%|█▏        | 656/5794 [00:09<01:12, 70.98it/s]
 11%|█▏        | 664/5794 [00:09<01:12, 71.24it/s]
 12%|█▏        | 672/5794 [00:09<01:11, 71.26it/s]
 12%|█▏        | 680/5794 [00:09<01:11, 71.42it/s]
 12%|█▏        | 688/5794 [00:09<01:12, 70.25it/s]
 12%|█▏        | 696/5794 [00:10<01:12, 70.35it/s]
 12%|█▏        | 704/5794 [00:10<01:12, 70.39it/s]
 12%|█▏        | 712/5794 [00:10<01:12, 70.49it/s]
 12%|█▏        | 720/5794 [00:10<01:11, 70.48it/s]
 13%|█▎        | 728/5794 [00:10<01:12, 70.29it/s]
 13%|█▎        | 736/5794 [00:10<01:12, 69.91it/s]
 13%|█▎        | 744/5794 [00:10<01:11, 70.23it/s]
 13%|█▎        | 752/5794 [00:10<01:11, 70.14it/s]
 13%|█▎        | 760/5794 [00:10<01:11, 70.35it/s]
 13%|█▎        | 768/5794 [00:11<01:11, 70.58it/s]
 13%|█▎        | 776/5794 [00:11<01:11, 70.52it/s]
 14%|█▎        | 784/5794 [00:11<01:10, 70.65it/s]
 14%|█▎        | 792/5794 [00:11<01:10, 70.61it/s]
 14%|█▍        | 800/5794 [00:11<01:10, 70.67it/s]
 14%|█▍        | 808/5794 [00:11<01:10, 70.62it/s]
 14%|█▍        | 816/5794 [00:11<01:10, 70.88it/s]
 14%|█▍        | 824/5794 [00:11<01:10, 70.89it/s]
 14%|█▍        | 832/5794 [00:11<01:09, 71.13it/s]
 14%|█▍        | 840/5794 [00:12<01:09, 71.19it/s]
 15%|█▍        | 848/5794 [00:12<01:09, 71.35it/s]
 15%|█▍        | 856/5794 [00:12<01:09, 71.24it/s]
 15%|█▍        | 864/5794 [00:12<01:09, 71.42it/s]
 15%|█▌        | 872/5794 [00:12<01:09, 71.25it/s]
 15%|█▌        | 880/5794 [00:12<01:08, 71.36it/s]
 15%|█▌        | 888/5794 [00:12<01:08, 71.31it/s]
 15%|█▌        | 896/5794 [00:12<01:08, 71.40it/s]
 16%|█▌        | 904/5794 [00:12<01:08, 71.39it/s]
 16%|█▌        | 912/5794 [00:13<01:08, 71.32it/s]
 16%|█▌        | 920/5794 [00:13<01:08, 70.93it/s]
 16%|█▌        | 928/5794 [00:13<01:08, 70.89it/s]
 16%|█▌        | 936/5794 [00:13<01:08, 71.01it/s]
 16%|█▋        | 944/5794 [00:13<01:08, 71.00it/s]
 16%|█▋        | 952/5794 [00:13<01:08, 70.49it/s]
 17%|█▋        | 960/5794 [00:13<01:08, 70.71it/s]
 17%|█▋        | 968/5794 [00:13<01:08, 70.96it/s]
 17%|█▋        | 976/5794 [00:13<01:07, 71.06it/s]
 17%|█▋        | 984/5794 [00:14<01:07, 71.26it/s]
 17%|█▋        | 992/5794 [00:14<01:07, 71.25it/s]
 17%|█▋        | 1000/5794 [00:14<01:07, 71.50it/s]
 17%|█▋        | 1008/5794 [00:14<01:06, 71.49it/s]
 18%|█▊        | 1016/5794 [00:14<01:06, 71.66it/s]
 18%|█▊        | 1024/5794 [00:14<01:06, 71.47it/s]
 18%|█▊        | 1032/5794 [00:14<01:06, 71.73it/s]
 18%|█▊        | 1040/5794 [00:14<01:06, 71.81it/s]
 18%|█▊        | 1048/5794 [00:14<01:06, 71.72it/s]
 18%|█▊        | 1056/5794 [00:15<01:06, 71.79it/s]
 18%|█▊        | 1064/5794 [00:15<01:05, 71.69it/s]
 19%|█▊        | 1072/5794 [00:15<01:05, 71.77it/s]
 19%|█▊        | 1080/5794 [00:15<01:05, 71.71it/s]
 19%|█▉        | 1088/5794 [00:15<01:05, 71.78it/s]
 19%|█▉        | 1096/5794 [00:15<01:05, 71.43it/s]
 19%|█▉        | 1104/5794 [00:15<01:05, 71.38it/s]
 19%|█▉        | 1112/5794 [00:15<01:05, 71.36it/s]
 19%|█▉        | 1120/5794 [00:16<01:05, 71.42it/s]
 19%|█▉        | 1128/5794 [00:16<01:05, 71.42it/s]
 20%|█▉        | 1136/5794 [00:16<01:04, 71.68it/s]
 20%|█▉        | 1144/5794 [00:16<01:04, 71.80it/s]
 20%|█▉        | 1152/5794 [00:16<01:04, 71.93it/s]
 20%|██        | 1160/5794 [00:16<01:04, 71.97it/s]
 20%|██        | 1168/5794 [00:16<01:04, 72.08it/s]
 20%|██        | 1176/5794 [00:16<01:03, 72.20it/s]
 20%|██        | 1184/5794 [00:16<01:03, 72.21it/s]
 21%|██        | 1192/5794 [00:16<01:03, 72.37it/s]
 21%|██        | 1200/5794 [00:17<01:03, 72.18it/s]
 21%|██        | 1208/5794 [00:17<01:04, 71.64it/s]
 21%|██        | 1216/5794 [00:17<01:04, 71.25it/s]
 21%|██        | 1224/5794 [00:17<01:04, 71.31it/s]
 21%|██▏       | 1232/5794 [00:17<01:03, 71.35it/s]
 21%|██▏       | 1240/5794 [00:17<01:03, 71.44it/s]
 22%|██▏       | 1248/5794 [00:17<01:03, 71.37it/s]
 22%|██▏       | 1256/5794 [00:17<01:03, 71.55it/s]
 22%|██▏       | 1264/5794 [00:18<01:03, 71.46it/s]
 22%|██▏       | 1272/5794 [00:18<01:03, 71.53it/s]
 22%|██▏       | 1280/5794 [00:18<01:03, 71.50it/s]
 22%|██▏       | 1288/5794 [00:18<01:02, 71.70it/s]
 22%|██▏       | 1296/5794 [00:18<01:02, 71.54it/s]
 23%|██▎       | 1304/5794 [00:18<01:02, 71.41it/s]
 23%|██▎       | 1312/5794 [00:18<01:03, 70.50it/s]
 23%|██▎       | 1320/5794 [00:18<01:04, 69.58it/s]
 23%|██▎       | 1328/5794 [00:18<01:03, 70.24it/s]
 23%|██▎       | 1336/5794 [00:19<01:03, 70.57it/s]
 23%|██▎       | 1344/5794 [00:19<01:02, 71.04it/s]
 23%|██▎       | 1352/5794 [00:19<01:02, 71.23it/s]
 23%|██▎       | 1360/5794 [00:19<01:02, 71.50it/s]
 24%|██▎       | 1368/5794 [00:19<01:01, 71.49it/s]
 24%|██▎       | 1376/5794 [00:19<01:01, 71.66it/s]
 24%|██▍       | 1384/5794 [00:19<01:01, 71.70it/s]
 24%|██▍       | 1392/5794 [00:19<01:01, 71.91it/s]
 24%|██▍       | 1400/5794 [00:19<01:01, 71.86it/s]
 24%|██▍       | 1408/5794 [00:20<01:00, 71.95it/s]
 24%|██▍       | 1416/5794 [00:20<01:00, 71.84it/s]
 25%|██▍       | 1424/5794 [00:20<01:00, 71.97it/s]
 25%|██▍       | 1432/5794 [00:20<01:00, 71.53it/s]
 25%|██▍       | 1440/5794 [00:20<01:00, 71.70it/s]
 25%|██▍       | 1448/5794 [00:20<01:00, 71.77it/s]
 25%|██▌       | 1456/5794 [00:20<01:00, 71.77it/s]
 25%|██▌       | 1464/5794 [00:20<01:00, 71.50it/s]
 25%|██▌       | 1472/5794 [00:20<01:00, 71.35it/s]
 26%|██▌       | 1480/5794 [00:21<01:00, 71.23it/s]
 26%|██▌       | 1488/5794 [00:21<01:00, 71.37it/s]
 26%|██▌       | 1496/5794 [00:21<01:00, 70.82it/s]
 26%|██▌       | 1504/5794 [00:21<01:00, 71.00it/s]
 26%|██▌       | 1512/5794 [00:21<01:00, 71.22it/s]
 26%|██▌       | 1520/5794 [00:21<00:59, 71.27it/s]
 26%|██▋       | 1528/5794 [00:21<00:59, 71.19it/s]
 27%|██▋       | 1536/5794 [00:21<00:59, 71.23it/s]
 27%|██▋       | 1544/5794 [00:21<00:59, 71.41it/s]
 27%|██▋       | 1552/5794 [00:22<00:59, 71.09it/s]
 27%|██▋       | 1560/5794 [00:22<01:00, 70.50it/s]
 27%|██▋       | 1568/5794 [00:22<00:59, 70.67it/s]
 27%|██▋       | 1576/5794 [00:22<00:59, 70.87it/s]
 27%|██▋       | 1584/5794 [00:22<00:59, 70.94it/s]
 27%|██▋       | 1592/5794 [00:22<00:59, 70.91it/s]
 28%|██▊       | 1600/5794 [00:22<00:59, 71.06it/s]
 28%|██▊       | 1608/5794 [00:22<00:58, 71.06it/s]
 28%|██▊       | 1616/5794 [00:22<00:58, 71.20it/s]
 28%|██▊       | 1624/5794 [00:23<00:58, 71.05it/s]
 28%|██▊       | 1632/5794 [00:23<00:58, 71.10it/s]
 28%|██▊       | 1640/5794 [00:23<00:58, 71.08it/s]
 28%|██▊       | 1648/5794 [00:23<00:58, 71.05it/s]
 29%|██▊       | 1656/5794 [00:23<00:58, 71.01it/s]
 29%|██▊       | 1664/5794 [00:23<00:58, 70.75it/s]
 29%|██▉       | 1672/5794 [00:23<00:58, 70.86it/s]
 29%|██▉       | 1680/5794 [00:23<00:57, 71.18it/s]
 29%|██▉       | 1688/5794 [00:23<00:57, 71.05it/s]
 29%|██▉       | 1696/5794 [00:24<00:57, 71.25it/s]
 29%|██▉       | 1704/5794 [00:24<00:57, 70.92it/s]
 30%|██▉       | 1712/5794 [00:24<00:57, 71.16it/s]
 30%|██▉       | 1720/5794 [00:24<00:57, 71.33it/s]
 30%|██▉       | 1728/5794 [00:24<00:56, 71.40it/s]
 30%|██▉       | 1736/5794 [00:24<00:56, 71.47it/s]
 30%|███       | 1744/5794 [00:24<00:56, 71.36it/s]
 30%|███       | 1752/5794 [00:24<00:56, 71.52it/s]
 30%|███       | 1760/5794 [00:24<00:56, 71.45it/s]
 31%|███       | 1768/5794 [00:25<00:56, 71.23it/s]
 31%|███       | 1776/5794 [00:25<00:56, 71.12it/s]
 31%|███       | 1784/5794 [00:25<00:56, 71.32it/s]
 31%|███       | 1792/5794 [00:25<00:56, 71.35it/s]
 31%|███       | 1800/5794 [00:25<00:56, 71.23it/s]
 31%|███       | 1808/5794 [00:25<00:55, 71.24it/s]
 31%|███▏      | 1816/5794 [00:25<00:55, 71.48it/s]
 31%|███▏      | 1824/5794 [00:25<00:55, 71.36it/s]
 32%|███▏      | 1832/5794 [00:25<00:55, 71.23it/s]
 32%|███▏      | 1840/5794 [00:26<00:55, 70.68it/s]
 32%|███▏      | 1848/5794 [00:26<00:55, 70.63it/s]
 32%|███▏      | 1856/5794 [00:26<00:55, 70.83it/s]
 32%|███▏      | 1864/5794 [00:26<00:55, 70.80it/s]
 32%|███▏      | 1872/5794 [00:26<00:55, 70.95it/s]
 32%|███▏      | 1880/5794 [00:26<00:55, 71.00it/s]
 33%|███▎      | 1888/5794 [00:26<00:54, 71.12it/s]
 33%|███▎      | 1896/5794 [00:26<00:54, 71.01it/s]
 33%|███▎      | 1904/5794 [00:26<00:54, 71.08it/s]
 33%|███▎      | 1912/5794 [00:27<00:54, 70.93it/s]
 33%|███▎      | 1920/5794 [00:27<00:54, 70.74it/s]
 33%|███▎      | 1928/5794 [00:27<00:54, 70.69it/s]
 33%|███▎      | 1936/5794 [00:27<00:54, 70.89it/s]
 34%|███▎      | 1944/5794 [00:27<00:54, 70.82it/s]
 34%|███▎      | 1952/5794 [00:27<00:54, 70.40it/s]
 34%|███▍      | 1960/5794 [00:27<00:54, 70.63it/s]
 34%|███▍      | 1968/5794 [00:27<00:53, 70.96it/s]
 34%|███▍      | 1976/5794 [00:28<00:53, 70.94it/s]
 34%|███▍      | 1984/5794 [00:28<00:53, 71.17it/s]
 34%|███▍      | 1992/5794 [00:28<00:53, 71.39it/s]
 35%|███▍      | 2000/5794 [00:28<00:53, 71.39it/s]
 35%|███▍      | 2008/5794 [00:28<00:53, 71.32it/s]
 35%|███▍      | 2016/5794 [00:28<00:53, 70.74it/s]
 35%|███▍      | 2024/5794 [00:28<00:53, 70.58it/s]
 35%|███▌      | 2032/5794 [00:28<00:53, 70.79it/s]
 35%|███▌      | 2040/5794 [00:28<00:52, 71.10it/s]
 35%|███▌      | 2048/5794 [00:29<00:52, 71.18it/s]
 35%|███▌      | 2056/5794 [00:29<00:52, 71.37it/s]
 36%|███▌      | 2064/5794 [00:29<00:52, 71.39it/s]
 36%|███▌      | 2072/5794 [00:29<00:51, 71.60it/s]
 36%|███▌      | 2080/5794 [00:29<00:51, 71.52it/s]
 36%|███▌      | 2088/5794 [00:29<00:51, 71.73it/s]
 36%|███▌      | 2096/5794 [00:29<00:51, 71.60it/s]
 36%|███▋      | 2104/5794 [00:29<00:51, 71.77it/s]
 36%|███▋      | 2112/5794 [00:29<00:51, 71.68it/s]
 37%|███▋      | 2120/5794 [00:30<00:51, 71.80it/s]
 37%|███▋      | 2128/5794 [00:30<00:51, 71.52it/s]
 37%|███▋      | 2136/5794 [00:30<00:51, 71.50it/s]
 37%|███▋      | 2144/5794 [00:30<00:51, 71.48it/s]
 37%|███▋      | 2152/5794 [00:30<00:51, 71.34it/s]
 37%|███▋      | 2160/5794 [00:30<00:50, 71.38it/s]
 37%|███▋      | 2168/5794 [00:30<00:50, 71.36it/s]
 38%|███▊      | 2176/5794 [00:30<00:50, 71.44it/s]
 38%|███▊      | 2184/5794 [00:30<00:50, 71.28it/s]
 38%|███▊      | 2192/5794 [00:31<00:50, 71.37it/s]
 38%|███▊      | 2200/5794 [00:31<00:50, 71.29it/s]
 38%|███▊      | 2208/5794 [00:31<00:50, 71.21it/s]
 38%|███▊      | 2216/5794 [00:31<00:50, 71.02it/s]
 38%|███▊      | 2224/5794 [00:31<00:50, 71.15it/s]
 39%|███▊      | 2232/5794 [00:31<00:50, 71.17it/s]
 39%|███▊      | 2240/5794 [00:31<00:49, 71.12it/s]
 39%|███▉      | 2248/5794 [00:31<00:49, 70.98it/s]
 39%|███▉      | 2256/5794 [00:31<00:49, 71.11it/s]
 39%|███▉      | 2264/5794 [00:32<00:49, 71.25it/s]
 39%|███▉      | 2272/5794 [00:32<00:49, 71.14it/s]
 39%|███▉      | 2280/5794 [00:32<00:49, 70.84it/s]
 39%|███▉      | 2288/5794 [00:32<00:49, 70.76it/s]
 40%|███▉      | 2296/5794 [00:32<00:49, 70.85it/s]
 40%|███▉      | 2304/5794 [00:32<00:49, 70.72it/s]
 40%|███▉      | 2312/5794 [00:32<00:49, 70.86it/s]
 40%|████      | 2320/5794 [00:32<00:49, 70.79it/s]
 40%|████      | 2328/5794 [00:32<00:48, 70.90it/s]
 40%|████      | 2336/5794 [00:33<00:49, 69.99it/s]
 40%|████      | 2344/5794 [00:33<00:49, 70.32it/s]
 41%|████      | 2352/5794 [00:33<00:49, 70.15it/s]
 41%|████      | 2360/5794 [00:33<00:48, 70.14it/s]
 41%|████      | 2368/5794 [00:33<00:48, 70.32it/s]
 41%|████      | 2376/5794 [00:33<00:48, 70.24it/s]
 41%|████      | 2384/5794 [00:33<00:48, 70.37it/s]
 41%|████▏     | 2392/5794 [00:33<00:48, 70.58it/s]
 41%|████▏     | 2400/5794 [00:33<00:48, 70.56it/s]
 42%|████▏     | 2408/5794 [00:34<00:47, 70.58it/s]
 42%|████▏     | 2416/5794 [00:34<00:47, 70.59it/s]
 42%|████▏     | 2424/5794 [00:34<00:47, 70.32it/s]
 42%|████▏     | 2432/5794 [00:34<00:47, 70.48it/s]
 42%|████▏     | 2440/5794 [00:34<00:47, 70.51it/s]
 42%|████▏     | 2448/5794 [00:34<00:47, 70.56it/s]
 42%|████▏     | 2456/5794 [00:34<00:47, 70.72it/s]
 43%|████▎     | 2464/5794 [00:34<00:47, 70.84it/s]
 43%|████▎     | 2472/5794 [00:35<00:47, 70.23it/s]
 43%|████▎     | 2480/5794 [00:35<00:47, 69.61it/s]
 43%|████▎     | 2488/5794 [00:35<00:47, 69.90it/s]
 43%|████▎     | 2496/5794 [00:35<00:46, 70.45it/s]
 43%|████▎     | 2504/5794 [00:35<00:46, 70.42it/s]
 43%|████▎     | 2512/5794 [00:35<00:46, 70.76it/s]
 43%|████▎     | 2520/5794 [00:35<00:46, 70.82it/s]
 44%|████▎     | 2528/5794 [00:35<00:45, 71.14it/s]
 44%|████▍     | 2536/5794 [00:35<00:45, 71.09it/s]
 44%|████▍     | 2544/5794 [00:36<00:45, 71.05it/s]
 44%|████▍     | 2552/5794 [00:36<00:45, 71.25it/s]
 44%|████▍     | 2560/5794 [00:36<00:45, 71.25it/s]
 44%|████▍     | 2568/5794 [00:36<00:45, 71.31it/s]
 44%|████▍     | 2576/5794 [00:36<00:45, 70.74it/s]
 45%|████▍     | 2584/5794 [00:36<00:45, 70.78it/s]
 45%|████▍     | 2592/5794 [00:36<00:45, 70.80it/s]
 45%|████▍     | 2600/5794 [00:36<00:44, 71.04it/s]
 45%|████▌     | 2608/5794 [00:36<00:44, 70.88it/s]
 45%|████▌     | 2616/5794 [00:37<00:44, 70.94it/s]
 45%|████▌     | 2624/5794 [00:37<00:44, 70.63it/s]
 45%|████▌     | 2632/5794 [00:37<00:44, 70.54it/s]
 46%|████▌     | 2640/5794 [00:37<00:44, 70.30it/s]
 46%|████▌     | 2648/5794 [00:37<00:45, 69.87it/s]
 46%|████▌     | 2656/5794 [00:37<00:44, 70.13it/s]
 46%|████▌     | 2664/5794 [00:37<00:44, 70.44it/s]
 46%|████▌     | 2672/5794 [00:37<00:44, 70.64it/s]
 46%|████▋     | 2680/5794 [00:37<00:44, 70.65it/s]
 46%|████▋     | 2688/5794 [00:38<00:43, 70.79it/s]
 47%|████▋     | 2696/5794 [00:38<00:43, 70.66it/s]
 47%|████▋     | 2704/5794 [00:38<00:43, 70.81it/s]
 47%|████▋     | 2712/5794 [00:38<00:43, 70.83it/s]
 47%|████▋     | 2720/5794 [00:38<00:43, 70.90it/s]
 47%|████▋     | 2728/5794 [00:38<00:43, 70.12it/s]
 47%|████▋     | 2736/5794 [00:38<00:43, 70.26it/s]
 47%|████▋     | 2744/5794 [00:38<00:43, 70.41it/s]
 47%|████▋     | 2752/5794 [00:38<00:43, 70.48it/s]
 48%|████▊     | 2760/5794 [00:39<00:42, 70.58it/s]
 48%|████▊     | 2768/5794 [00:39<00:42, 70.78it/s]
 48%|████▊     | 2776/5794 [00:39<00:42, 70.81it/s]
 48%|████▊     | 2784/5794 [00:39<00:42, 71.16it/s]
 48%|████▊     | 2792/5794 [00:39<00:42, 71.05it/s]
 48%|████▊     | 2800/5794 [00:39<00:42, 71.24it/s]
 48%|████▊     | 2808/5794 [00:39<00:41, 71.28it/s]
 49%|████▊     | 2816/5794 [00:39<00:41, 71.18it/s]
 49%|████▊     | 2824/5794 [00:39<00:41, 71.27it/s]
 49%|████▉     | 2832/5794 [00:40<00:41, 71.22it/s]
 49%|████▉     | 2840/5794 [00:40<00:41, 71.33it/s]
 49%|████▉     | 2848/5794 [00:40<00:41, 71.22it/s]
 49%|████▉     | 2856/5794 [00:40<00:41, 71.35it/s]
 49%|████▉     | 2864/5794 [00:40<00:41, 71.22it/s]
 50%|████▉     | 2872/5794 [00:40<00:40, 71.35it/s]
 50%|████▉     | 2880/5794 [00:40<00:40, 71.24it/s]
 50%|████▉     | 2888/5794 [00:40<00:40, 71.41it/s]
 50%|████▉     | 2896/5794 [00:40<00:40, 71.31it/s]
 50%|█████     | 2904/5794 [00:41<00:40, 71.45it/s]
 50%|█████     | 2912/5794 [00:41<00:40, 71.26it/s]
 50%|█████     | 2920/5794 [00:41<00:40, 71.38it/s]
 51%|█████     | 2928/5794 [00:41<00:40, 71.32it/s]
 51%|█████     | 2936/5794 [00:41<00:40, 71.26it/s]
 51%|█████     | 2944/5794 [00:41<00:39, 71.33it/s]
 51%|█████     | 2952/5794 [00:41<00:39, 71.17it/s]
 51%|█████     | 2960/5794 [00:41<00:39, 71.21it/s]
 51%|█████     | 2968/5794 [00:42<00:39, 71.13it/s]
 51%|█████▏    | 2976/5794 [00:42<00:39, 71.19it/s]
 52%|█████▏    | 2984/5794 [00:42<00:39, 71.08it/s]
 52%|█████▏    | 2992/5794 [00:42<00:39, 71.20it/s]
 52%|█████▏    | 3000/5794 [00:42<00:39, 71.12it/s]
 52%|█████▏    | 3008/5794 [00:42<00:39, 71.16it/s]
 52%|█████▏    | 3016/5794 [00:42<00:39, 71.21it/s]
 52%|█████▏    | 3024/5794 [00:42<00:38, 71.41it/s]
 52%|█████▏    | 3032/5794 [00:42<00:38, 71.39it/s]
 52%|█████▏    | 3040/5794 [00:43<00:38, 71.46it/s]
 53%|█████▎    | 3048/5794 [00:43<00:38, 71.32it/s]
 53%|█████▎    | 3056/5794 [00:43<00:38, 71.39it/s]
 53%|█████▎    | 3064/5794 [00:43<00:38, 71.34it/s]
 53%|█████▎    | 3072/5794 [00:43<00:38, 71.30it/s]
 53%|█████▎    | 3080/5794 [00:43<00:38, 71.07it/s]
 53%|█████▎    | 3088/5794 [00:43<00:38, 71.11it/s]
 53%|█████▎    | 3096/5794 [00:43<00:37, 71.25it/s]
 54%|█████▎    | 3104/5794 [00:43<00:37, 71.30it/s]
 54%|█████▎    | 3112/5794 [00:44<00:37, 71.42it/s]
 54%|█████▍    | 3120/5794 [00:44<00:37, 71.39it/s]
 54%|█████▍    | 3128/5794 [00:44<00:37, 71.47it/s]
 54%|█████▍    | 3136/5794 [00:44<00:37, 71.40it/s]
 54%|█████▍    | 3144/5794 [00:44<00:37, 71.54it/s]
 54%|█████▍    | 3152/5794 [00:44<00:36, 71.42it/s]
 55%|█████▍    | 3160/5794 [00:44<00:36, 71.57it/s]
 55%|█████▍    | 3168/5794 [00:44<00:36, 71.45it/s]
 55%|█████▍    | 3176/5794 [00:44<00:36, 71.68it/s]
 55%|█████▍    | 3184/5794 [00:45<00:36, 71.52it/s]
 55%|█████▌    | 3192/5794 [00:45<00:36, 71.52it/s]
 55%|█████▌    | 3200/5794 [00:45<00:36, 71.43it/s]
 55%|█████▌    | 3208/5794 [00:45<00:36, 71.51it/s]
 56%|█████▌    | 3216/5794 [00:45<00:36, 71.57it/s]
 56%|█████▌    | 3224/5794 [00:45<00:35, 71.54it/s]
 56%|█████▌    | 3232/5794 [00:45<00:35, 71.59it/s]
 56%|█████▌    | 3240/5794 [00:45<00:35, 71.29it/s]
 56%|█████▌    | 3248/5794 [00:45<00:35, 71.27it/s]
 56%|█████▌    | 3256/5794 [00:46<00:35, 71.12it/s]
 56%|█████▋    | 3264/5794 [00:46<00:35, 71.23it/s]
 56%|█████▋    | 3272/5794 [00:46<00:35, 71.27it/s]
 57%|█████▋    | 3280/5794 [00:46<00:35, 71.36it/s]
 57%|█████▋    | 3288/5794 [00:46<00:35, 71.38it/s]
 57%|█████▋    | 3296/5794 [00:46<00:34, 71.44it/s]
 57%|█████▋    | 3304/5794 [00:46<00:34, 71.31it/s]
 57%|█████▋    | 3312/5794 [00:46<00:34, 71.30it/s]
 57%|█████▋    | 3320/5794 [00:46<00:34, 71.12it/s]
 57%|█████▋    | 3328/5794 [00:47<00:34, 71.19it/s]
 58%|█████▊    | 3336/5794 [00:47<00:34, 71.03it/s]
 58%|█████▊    | 3344/5794 [00:47<00:34, 70.94it/s]
 58%|█████▊    | 3352/5794 [00:47<00:34, 71.09it/s]
 58%|█████▊    | 3360/5794 [00:47<00:34, 71.13it/s]
 58%|█████▊    | 3368/5794 [00:47<00:34, 71.21it/s]
 58%|█████▊    | 3376/5794 [00:47<00:33, 71.17it/s]
 58%|█████▊    | 3384/5794 [00:47<00:33, 71.28it/s]
 59%|█████▊    | 3392/5794 [00:47<00:33, 71.15it/s]
 59%|█████▊    | 3400/5794 [00:48<00:33, 71.14it/s]
 59%|█████▉    | 3408/5794 [00:48<00:33, 70.96it/s]
 59%|█████▉    | 3416/5794 [00:48<00:33, 71.09it/s]
 59%|█████▉    | 3424/5794 [00:48<00:33, 70.96it/s]
 59%|█████▉    | 3432/5794 [00:48<00:33, 71.05it/s]
 59%|█████▉    | 3440/5794 [00:48<00:33, 70.48it/s]
 60%|█████▉    | 3448/5794 [00:48<00:33, 70.55it/s]
 60%|█████▉    | 3456/5794 [00:48<00:33, 70.43it/s]
 60%|█████▉    | 3464/5794 [00:48<00:32, 70.75it/s]
 60%|█████▉    | 3472/5794 [00:49<00:32, 70.68it/s]
 60%|██████    | 3480/5794 [00:49<00:32, 70.75it/s]
 60%|██████    | 3488/5794 [00:49<00:32, 70.97it/s]
 60%|██████    | 3496/5794 [00:49<00:32, 70.35it/s]
 60%|██████    | 3504/5794 [00:49<00:32, 70.82it/s]
 61%|██████    | 3512/5794 [00:49<00:32, 70.93it/s]
 61%|██████    | 3520/5794 [00:49<00:31, 71.15it/s]
 61%|██████    | 3528/5794 [00:49<00:31, 71.20it/s]
 61%|██████    | 3536/5794 [00:49<00:31, 71.30it/s]
 61%|██████    | 3544/5794 [00:50<00:31, 71.21it/s]
 61%|██████▏   | 3552/5794 [00:50<00:31, 71.38it/s]
 61%|██████▏   | 3560/5794 [00:50<00:31, 71.35it/s]
 62%|██████▏   | 3568/5794 [00:50<00:31, 71.46it/s]
 62%|██████▏   | 3576/5794 [00:50<00:31, 71.34it/s]
 62%|██████▏   | 3584/5794 [00:50<00:30, 71.41it/s]
 62%|██████▏   | 3592/5794 [00:50<00:30, 71.28it/s]
 62%|██████▏   | 3600/5794 [00:50<00:30, 71.45it/s]
 62%|██████▏   | 3608/5794 [00:50<00:30, 71.40it/s]
 62%|██████▏   | 3616/5794 [00:51<00:30, 71.52it/s]
 63%|██████▎   | 3624/5794 [00:51<00:30, 71.57it/s]
 63%|██████▎   | 3632/5794 [00:51<00:30, 71.53it/s]
 63%|██████▎   | 3640/5794 [00:51<00:30, 71.61it/s]
 63%|██████▎   | 3648/5794 [00:51<00:30, 71.50it/s]
 63%|██████▎   | 3656/5794 [00:51<00:29, 71.50it/s]
 63%|██████▎   | 3664/5794 [00:51<00:29, 71.33it/s]
 63%|██████▎   | 3672/5794 [00:51<00:29, 71.43it/s]
 64%|██████▎   | 3680/5794 [00:51<00:29, 71.36it/s]
 64%|██████▎   | 3688/5794 [00:52<00:29, 71.14it/s]
 64%|██████▍   | 3696/5794 [00:52<00:29, 70.69it/s]
 64%|██████▍   | 3704/5794 [00:52<00:29, 70.96it/s]
 64%|██████▍   | 3712/5794 [00:52<00:29, 70.91it/s]
 64%|██████▍   | 3720/5794 [00:52<00:29, 71.11it/s]
 64%|██████▍   | 3728/5794 [00:52<00:29, 71.06it/s]
 64%|██████▍   | 3736/5794 [00:52<00:28, 71.24it/s]
 65%|██████▍   | 3744/5794 [00:52<00:28, 71.21it/s]
 65%|██████▍   | 3752/5794 [00:53<00:28, 71.34it/s]
 65%|██████▍   | 3760/5794 [00:53<00:28, 71.36it/s]
 65%|██████▌   | 3768/5794 [00:53<00:28, 71.30it/s]
 65%|██████▌   | 3776/5794 [00:53<00:28, 71.32it/s]
 65%|██████▌   | 3784/5794 [00:53<00:28, 71.27it/s]
 65%|██████▌   | 3792/5794 [00:53<00:28, 71.16it/s]
 66%|██████▌   | 3800/5794 [00:53<00:28, 71.17it/s]
 66%|██████▌   | 3808/5794 [00:53<00:27, 71.31it/s]
 66%|██████▌   | 3816/5794 [00:53<00:27, 71.24it/s]
 66%|██████▌   | 3824/5794 [00:54<00:27, 71.40it/s]
 66%|██████▌   | 3832/5794 [00:54<00:27, 71.18it/s]
 66%|██████▋   | 3840/5794 [00:54<00:27, 71.29it/s]
 66%|██████▋   | 3848/5794 [00:54<00:27, 71.14it/s]
 67%|██████▋   | 3856/5794 [00:54<00:27, 71.16it/s]
 67%|██████▋   | 3864/5794 [00:54<00:27, 71.14it/s]
 67%|██████▋   | 3872/5794 [00:54<00:26, 71.25it/s]
 67%|██████▋   | 3880/5794 [00:54<00:26, 71.13it/s]
 67%|██████▋   | 3888/5794 [00:54<00:26, 71.22it/s]
 67%|██████▋   | 3896/5794 [00:55<00:26, 71.13it/s]
 67%|██████▋   | 3904/5794 [00:55<00:26, 71.06it/s]
 68%|██████▊   | 3912/5794 [00:55<00:26, 71.05it/s]
 68%|██████▊   | 3920/5794 [00:55<00:26, 71.00it/s]
 68%|██████▊   | 3928/5794 [00:55<00:26, 71.03it/s]
 68%|██████▊   | 3936/5794 [00:55<00:26, 71.00it/s]
 68%|██████▊   | 3944/5794 [00:55<00:26, 71.09it/s]
 68%|██████▊   | 3952/5794 [00:55<00:25, 70.95it/s]
 68%|██████▊   | 3960/5794 [00:55<00:25, 71.13it/s]
 68%|██████▊   | 3968/5794 [00:56<00:25, 71.11it/s]
 69%|██████▊   | 3976/5794 [00:56<00:25, 71.27it/s]
 69%|██████▉   | 3984/5794 [00:56<00:25, 71.17it/s]
 69%|██████▉   | 3992/5794 [00:56<00:25, 71.33it/s]
 69%|██████▉   | 4000/5794 [00:56<00:25, 71.25it/s]
 69%|██████▉   | 4008/5794 [00:56<00:25, 71.39it/s]
 69%|██████▉   | 4016/5794 [00:56<00:24, 71.23it/s]
 69%|██████▉   | 4024/5794 [00:56<00:24, 71.33it/s]
 70%|██████▉   | 4032/5794 [00:56<00:24, 71.21it/s]
 70%|██████▉   | 4040/5794 [00:57<00:24, 71.10it/s]
 70%|██████▉   | 4048/5794 [00:57<00:24, 71.13it/s]
 70%|███████   | 4056/5794 [00:57<00:24, 70.20it/s]
 70%|███████   | 4064/5794 [00:57<00:24, 69.90it/s]
 70%|███████   | 4072/5794 [00:57<00:24, 70.01it/s]
 70%|███████   | 4080/5794 [00:57<00:24, 70.07it/s]
 71%|███████   | 4088/5794 [00:57<00:24, 70.22it/s]
 71%|███████   | 4096/5794 [00:57<00:24, 70.57it/s]
 71%|███████   | 4104/5794 [00:57<00:24, 70.24it/s]
 71%|███████   | 4112/5794 [00:58<00:23, 70.36it/s]
 71%|███████   | 4120/5794 [00:58<00:23, 70.44it/s]
 71%|███████   | 4128/5794 [00:58<00:23, 70.66it/s]
 71%|███████▏  | 4136/5794 [00:58<00:23, 70.72it/s]
 72%|███████▏  | 4144/5794 [00:58<00:23, 71.07it/s]
 72%|███████▏  | 4152/5794 [00:58<00:23, 70.51it/s]
 72%|███████▏  | 4160/5794 [00:58<00:23, 70.72it/s]
 72%|███████▏  | 4168/5794 [00:58<00:22, 70.89it/s]
 72%|███████▏  | 4176/5794 [00:58<00:22, 70.80it/s]
 72%|███████▏  | 4184/5794 [00:59<00:22, 70.74it/s]
 72%|███████▏  | 4192/5794 [00:59<00:22, 70.39it/s]
 72%|███████▏  | 4200/5794 [00:59<00:22, 70.51it/s]
 73%|███████▎  | 4208/5794 [00:59<00:22, 70.24it/s]
 73%|███████▎  | 4216/5794 [00:59<00:22, 70.56it/s]
 73%|███████▎  | 4224/5794 [00:59<00:22, 70.48it/s]
 73%|███████▎  | 4232/5794 [00:59<00:22, 70.59it/s]
 73%|███████▎  | 4240/5794 [00:59<00:22, 69.85it/s]
 73%|███████▎  | 4248/5794 [01:00<00:22, 70.19it/s]
 73%|███████▎  | 4256/5794 [01:00<00:21, 70.00it/s]
 74%|███████▎  | 4264/5794 [01:00<00:21, 70.24it/s]
 74%|███████▎  | 4272/5794 [01:00<00:21, 70.28it/s]
 74%|███████▍  | 4280/5794 [01:00<00:21, 70.38it/s]
 74%|███████▍  | 4288/5794 [01:00<00:21, 70.29it/s]
 74%|███████▍  | 4296/5794 [01:00<00:21, 70.42it/s]
 74%|███████▍  | 4304/5794 [01:00<00:21, 70.53it/s]
 74%|███████▍  | 4312/5794 [01:00<00:21, 68.15it/s]
 75%|███████▍  | 4319/5794 [01:01<00:21, 67.69it/s]
 75%|███████▍  | 4326/5794 [01:01<00:21, 67.29it/s]
 75%|███████▍  | 4333/5794 [01:01<00:21, 67.03it/s]
 75%|███████▍  | 4341/5794 [01:01<00:21, 68.45it/s]
 75%|███████▌  | 4349/5794 [01:01<00:20, 71.15it/s]
 75%|███████▌  | 4357/5794 [01:01<00:19, 72.90it/s]
 75%|███████▌  | 4365/5794 [01:01<00:19, 74.32it/s]
 75%|███████▌  | 4373/5794 [01:01<00:19, 74.10it/s]
 76%|███████▌  | 4381/5794 [01:01<00:19, 71.92it/s]
 76%|███████▌  | 4389/5794 [01:02<00:19, 71.83it/s]
 76%|███████▌  | 4397/5794 [01:02<00:19, 71.99it/s]
 76%|███████▌  | 4405/5794 [01:02<00:19, 72.21it/s]
 76%|███████▌  | 4413/5794 [01:02<00:19, 72.39it/s]
 76%|███████▋  | 4421/5794 [01:02<00:18, 72.47it/s]
 76%|███████▋  | 4429/5794 [01:02<00:18, 72.18it/s]
 77%|███████▋  | 4437/5794 [01:02<00:18, 72.34it/s]
 77%|███████▋  | 4445/5794 [01:02<00:18, 72.35it/s]
 77%|███████▋  | 4453/5794 [01:02<00:18, 72.57it/s]
 77%|███████▋  | 4461/5794 [01:03<00:18, 72.47it/s]
 77%|███████▋  | 4469/5794 [01:03<00:18, 72.62it/s]
 77%|███████▋  | 4477/5794 [01:03<00:18, 72.49it/s]
 77%|███████▋  | 4485/5794 [01:03<00:18, 72.66it/s]
 78%|███████▊  | 4493/5794 [01:03<00:17, 72.54it/s]
 78%|███████▊  | 4501/5794 [01:03<00:17, 72.57it/s]
 78%|███████▊  | 4509/5794 [01:03<00:17, 72.33it/s]
 78%|███████▊  | 4517/5794 [01:03<00:17, 72.50it/s]
 78%|███████▊  | 4525/5794 [01:03<00:17, 72.55it/s]
 78%|███████▊  | 4533/5794 [01:03<00:17, 72.37it/s]
 78%|███████▊  | 4541/5794 [01:04<00:17, 72.39it/s]
 79%|███████▊  | 4549/5794 [01:04<00:17, 72.33it/s]
 79%|███████▊  | 4557/5794 [01:04<00:17, 72.45it/s]
 79%|███████▉  | 4565/5794 [01:04<00:16, 72.34it/s]
 79%|███████▉  | 4573/5794 [01:04<00:16, 72.43it/s]
 79%|███████▉  | 4581/5794 [01:04<00:16, 72.39it/s]
 79%|███████▉  | 4589/5794 [01:04<00:16, 71.95it/s]
 79%|███████▉  | 4597/5794 [01:04<00:16, 72.11it/s]
 79%|███████▉  | 4605/5794 [01:04<00:16, 72.36it/s]
 80%|███████▉  | 4613/5794 [01:05<00:16, 72.27it/s]
 80%|███████▉  | 4621/5794 [01:05<00:16, 72.45it/s]
 80%|███████▉  | 4629/5794 [01:05<00:16, 72.46it/s]
 80%|████████  | 4637/5794 [01:05<00:15, 72.67it/s]
 80%|████████  | 4645/5794 [01:05<00:15, 72.57it/s]
 80%|████████  | 4653/5794 [01:05<00:15, 72.73it/s]
 80%|████████  | 4661/5794 [01:05<00:15, 72.39it/s]
 81%|████████  | 4669/5794 [01:05<00:15, 72.37it/s]
 81%|████████  | 4677/5794 [01:05<00:15, 72.50it/s]
 81%|████████  | 4685/5794 [01:06<00:15, 72.16it/s]
 81%|████████  | 4693/5794 [01:06<00:15, 72.44it/s]
 81%|████████  | 4701/5794 [01:06<00:15, 72.16it/s]
 81%|████████▏ | 4709/5794 [01:06<00:14, 72.43it/s]
 81%|████████▏ | 4717/5794 [01:06<00:14, 72.45it/s]
 82%|████████▏ | 4725/5794 [01:06<00:14, 72.37it/s]
 82%|████████▏ | 4733/5794 [01:06<00:14, 72.37it/s]
 82%|████████▏ | 4741/5794 [01:06<00:14, 72.46it/s]
 82%|████████▏ | 4749/5794 [01:06<00:14, 72.40it/s]
 82%|████████▏ | 4757/5794 [01:07<00:14, 72.38it/s]
 82%|████████▏ | 4765/5794 [01:07<00:14, 72.32it/s]
 82%|████████▏ | 4773/5794 [01:07<00:14, 71.37it/s]
 83%|████████▎ | 4781/5794 [01:07<00:14, 71.65it/s]
 83%|████████▎ | 4789/5794 [01:07<00:13, 71.98it/s]
 83%|████████▎ | 4797/5794 [01:07<00:13, 72.04it/s]
 83%|████████▎ | 4805/5794 [01:07<00:13, 72.02it/s]
 83%|████████▎ | 4813/5794 [01:07<00:13, 71.98it/s]
 83%|████████▎ | 4821/5794 [01:07<00:13, 72.11it/s]
 83%|████████▎ | 4829/5794 [01:08<00:13, 72.25it/s]
 83%|████████▎ | 4837/5794 [01:08<00:13, 72.25it/s]
 84%|████████▎ | 4845/5794 [01:08<00:13, 72.40it/s]
 84%|████████▍ | 4853/5794 [01:08<00:13, 72.38it/s]
 84%|████████▍ | 4861/5794 [01:08<00:12, 72.50it/s]
 84%|████████▍ | 4869/5794 [01:08<00:12, 71.95it/s]
 84%|████████▍ | 4877/5794 [01:08<00:12, 71.93it/s]
 84%|████████▍ | 4885/5794 [01:08<00:12, 72.02it/s]
 84%|████████▍ | 4893/5794 [01:08<00:12, 72.10it/s]
 85%|████████▍ | 4901/5794 [01:09<00:12, 72.07it/s]
 85%|████████▍ | 4909/5794 [01:09<00:12, 72.10it/s]
 85%|████████▍ | 4917/5794 [01:09<00:12, 72.14it/s]
 85%|████████▌ | 4925/5794 [01:09<00:12, 72.29it/s]
 85%|████████▌ | 4933/5794 [01:09<00:11, 72.01it/s]
 85%|████████▌ | 4941/5794 [01:09<00:11, 72.05it/s]
 85%|████████▌ | 4949/5794 [01:09<00:11, 72.17it/s]
 86%|████████▌ | 4957/5794 [01:09<00:11, 71.62it/s]
 86%|████████▌ | 4965/5794 [01:09<00:11, 71.89it/s]
 86%|████████▌ | 4973/5794 [01:10<00:11, 71.92it/s]
 86%|████████▌ | 4981/5794 [01:10<00:11, 72.21it/s]
 86%|████████▌ | 4989/5794 [01:10<00:11, 72.19it/s]
 86%|████████▌ | 4997/5794 [01:10<00:11, 72.07it/s]
 86%|████████▋ | 5005/5794 [01:10<00:10, 72.09it/s]
 87%|████████▋ | 5013/5794 [01:10<00:10, 72.36it/s]
 87%|████████▋ | 5021/5794 [01:10<00:10, 72.27it/s]
 87%|████████▋ | 5029/5794 [01:10<00:10, 72.16it/s]
 87%|████████▋ | 5037/5794 [01:10<00:10, 72.16it/s]
 87%|████████▋ | 5045/5794 [01:11<00:10, 72.39it/s]
 87%|████████▋ | 5053/5794 [01:11<00:10, 72.30it/s]
 87%|████████▋ | 5061/5794 [01:11<00:10, 72.18it/s]
 87%|████████▋ | 5069/5794 [01:11<00:10, 72.34it/s]
 88%|████████▊ | 5077/5794 [01:11<00:09, 72.33it/s]
 88%|████████▊ | 5085/5794 [01:11<00:09, 72.45it/s]
 88%|████████▊ | 5093/5794 [01:11<00:09, 72.31it/s]
 88%|████████▊ | 5101/5794 [01:11<00:09, 72.42it/s]
 88%|████████▊ | 5109/5794 [01:11<00:09, 72.34it/s]
 88%|████████▊ | 5117/5794 [01:12<00:09, 72.25it/s]
 88%|████████▊ | 5125/5794 [01:12<00:09, 71.83it/s]
 89%|████████▊ | 5133/5794 [01:12<00:09, 72.12it/s]
 89%|████████▊ | 5141/5794 [01:12<00:09, 72.07it/s]
 89%|████████▉ | 5149/5794 [01:12<00:08, 72.20it/s]
 89%|████████▉ | 5157/5794 [01:12<00:08, 72.13it/s]
 89%|████████▉ | 5165/5794 [01:12<00:08, 72.30it/s]
 89%|████████▉ | 5173/5794 [01:12<00:08, 72.14it/s]
 89%|████████▉ | 5181/5794 [01:12<00:08, 72.09it/s]
 90%|████████▉ | 5189/5794 [01:13<00:08, 72.01it/s]
 90%|████████▉ | 5197/5794 [01:13<00:08, 72.25it/s]
 90%|████████▉ | 5205/5794 [01:13<00:08, 71.73it/s]
 90%|████████▉ | 5213/5794 [01:13<00:08, 71.78it/s]
 90%|█████████ | 5221/5794 [01:13<00:07, 72.08it/s]
 90%|█████████ | 5229/5794 [01:13<00:07, 72.01it/s]
 90%|█████████ | 5237/5794 [01:13<00:07, 72.24it/s]
 91%|█████████ | 5245/5794 [01:13<00:07, 72.24it/s]
 91%|█████████ | 5253/5794 [01:13<00:07, 72.37it/s]
 91%|█████████ | 5261/5794 [01:14<00:07, 72.33it/s]
 91%|█████████ | 5269/5794 [01:14<00:07, 72.28it/s]
 91%|█████████ | 5277/5794 [01:14<00:07, 71.89it/s]
 91%|█████████ | 5285/5794 [01:14<00:07, 71.78it/s]
 91%|█████████▏| 5293/5794 [01:14<00:07, 71.54it/s]
 91%|█████████▏| 5301/5794 [01:14<00:06, 71.60it/s]
 92%|█████████▏| 5309/5794 [01:14<00:06, 71.39it/s]
 92%|█████████▏| 5317/5794 [01:14<00:06, 71.49it/s]
 92%|█████████▏| 5325/5794 [01:14<00:06, 71.40it/s]
 92%|█████████▏| 5333/5794 [01:15<00:06, 71.41it/s]
 92%|█████████▏| 5341/5794 [01:15<00:06, 71.31it/s]
 92%|█████████▏| 5349/5794 [01:15<00:06, 71.15it/s]
 92%|█████████▏| 5357/5794 [01:15<00:06, 70.99it/s]
 93%|█████████▎| 5365/5794 [01:15<00:06, 70.87it/s]
 93%|█████████▎| 5373/5794 [01:15<00:05, 70.98it/s]
 93%|█████████▎| 5381/5794 [01:15<00:05, 70.90it/s]
 93%|█████████▎| 5389/5794 [01:15<00:05, 70.86it/s]
 93%|█████████▎| 5397/5794 [01:15<00:05, 70.84it/s]
 93%|█████████▎| 5405/5794 [01:16<00:05, 71.19it/s]
 93%|█████████▎| 5413/5794 [01:16<00:05, 70.81it/s]
 94%|█████████▎| 5421/5794 [01:16<00:05, 70.83it/s]
 94%|█████████▎| 5429/5794 [01:16<00:05, 70.74it/s]
 94%|█████████▍| 5437/5794 [01:16<00:05, 70.92it/s]
 94%|█████████▍| 5445/5794 [01:16<00:04, 70.76it/s]
 94%|█████████▍| 5453/5794 [01:16<00:04, 70.90it/s]
 94%|█████████▍| 5461/5794 [01:16<00:04, 70.84it/s]
 94%|█████████▍| 5469/5794 [01:17<00:04, 71.02it/s]
 95%|█████████▍| 5477/5794 [01:17<00:04, 70.77it/s]
 95%|█████████▍| 5485/5794 [01:17<00:04, 70.30it/s]
 95%|█████████▍| 5493/5794 [01:17<00:04, 69.70it/s]
 95%|█████████▍| 5500/5794 [01:17<00:04, 69.44it/s]
 95%|█████████▌| 5507/5794 [01:17<00:04, 69.45it/s]
 95%|█████████▌| 5515/5794 [01:17<00:04, 69.65it/s]
 95%|█████████▌| 5523/5794 [01:17<00:03, 70.11it/s]
 95%|█████████▌| 5531/5794 [01:17<00:03, 70.29it/s]
 96%|█████████▌| 5539/5794 [01:18<00:03, 70.51it/s]
 96%|█████████▌| 5547/5794 [01:18<00:03, 68.88it/s]
 96%|█████████▌| 5555/5794 [01:18<00:03, 69.37it/s]
 96%|█████████▌| 5563/5794 [01:18<00:03, 69.73it/s]
 96%|█████████▌| 5571/5794 [01:18<00:03, 70.12it/s]
 96%|█████████▋| 5579/5794 [01:18<00:03, 70.20it/s]
 96%|█████████▋| 5587/5794 [01:18<00:02, 70.11it/s]
 97%|█████████▋| 5595/5794 [01:18<00:02, 70.15it/s]
 97%|█████████▋| 5603/5794 [01:18<00:02, 70.34it/s]
 97%|█████████▋| 5611/5794 [01:19<00:02, 70.53it/s]
 97%|█████████▋| 5619/5794 [01:19<00:02, 70.58it/s]
 97%|█████████▋| 5627/5794 [01:19<00:02, 70.78it/s]
 97%|█████████▋| 5635/5794 [01:19<00:02, 70.73it/s]
 97%|█████████▋| 5643/5794 [01:19<00:02, 70.85it/s]
 98%|█████████▊| 5651/5794 [01:19<00:02, 70.62it/s]
 98%|█████████▊| 5659/5794 [01:19<00:01, 70.97it/s]
 98%|█████████▊| 5667/5794 [01:19<00:01, 71.37it/s]
 98%|█████████▊| 5675/5794 [01:19<00:01, 71.90it/s]
 98%|█████████▊| 5683/5794 [01:20<00:01, 71.98it/s]
 98%|█████████▊| 5691/5794 [01:20<00:01, 72.20it/s]
 98%|█████████▊| 5699/5794 [01:20<00:01, 72.18it/s]
 98%|█████████▊| 5707/5794 [01:20<00:01, 72.43it/s]
 99%|█████████▊| 5715/5794 [01:20<00:01, 72.32it/s]
 99%|█████████▉| 5723/5794 [01:20<00:00, 72.38it/s]
 99%|█████████▉| 5731/5794 [01:20<00:00, 72.56it/s]
 99%|█████████▉| 5739/5794 [01:20<00:00, 72.48it/s]
 99%|█████████▉| 5747/5794 [01:20<00:00, 72.60it/s]
 99%|█████████▉| 5755/5794 [01:21<00:00, 72.45it/s]
 99%|█████████▉| 5763/5794 [01:21<00:00, 72.49it/s]
100%|█████████▉| 5771/5794 [01:21<00:00, 72.42it/s]
100%|█████████▉| 5779/5794 [01:21<00:00, 72.43it/s]
100%|█████████▉| 5787/5794 [01:21<00:00, 72.39it/s]
100%|██████████| 5794/5794 [01:21<00:00, 70.97it/s]
BALANCED ACCS CHECKED FOR TEST
TEST SET RESULTS FOR CHECKPOINT trained_weights/waterbirds/gradcam_waterbird_complete95_forest2water2_21050491_trial_000/best_balanced_valacc_0.56_epoch_0.ckpt
test_acc: 0.7726958923023818
balanced_test_acc: 0.584082620138011
Land_on_Land_test_acc: 0.998669623059867
Land_on_Water_test_acc: 0.8470066518847007
Water_on_Land_test_acc: 0.010903426791277258
Water_on_Water_test_acc: 0.4797507788161994
test_acc_Waterbird: 0.24532710280373832
test_acc_Landbird: 0.9228381374722838
