[CMD] /home/ryreu/miniconda3/envs/gals_a100/bin/python -u main.py --config configs/waterbirds_95_upweight.yaml --name upweight_waterbird_complete95_forest2water2_21050491_trial_000 DATA.ROOT=/home/ryreu/guided_cnn/waterbirds DATA.WATERBIRDS_DIR=waterbird_complete95_forest2water2 SEED=0 EXP.BASE.LR=0.0010000000000000002 EXP.CLASSIFIER.LR=9.999999999999991e-05 EXP.WEIGHT_DECAY=9.999999999999997e-06 EXP.AUX_LOSSES_ON_VAL=False EXP.NUM_EPOCHS=1
SEED: 0
DATA:
  BATCH_SIZE: 96
  NUM_WORKERS: 4
  SIZE: 224
  NORMALIZATION: imagenet
  ATTENTION_DIR: NONE
  SEPARATE_CLASSES: true
  REMOVE_BACKGROUND: false
  ROOT: /home/ryreu/guided_cnn/waterbirds
  USE_CLASS_WEIGHTS: true
  USE_GROUP_WEIGHTS: false
  DATASET: waterbirds
  NUM_CLASSES: 2
  CONFOUNDING_FACTOR: 0.95
  WATERBIRDS_DIR: waterbird_complete95_forest2water2
EXP:
  NUM_TRIALS: 1
  LOSSES:
    CLASSIFICATION:
      WEIGHT: 1
    GRADIENT_OUTSIDE:
      COMPUTE: false
      LOG: false
      WEIGHT: 0.01
      CRITERION: L1
      GT: segmentation
      COMBINE_ATT_MODE: average_nonzero
    GRADIENT_INSIDE:
      COMPUTE: false
      LOG: false
      WEIGHT: 1
      CRITERION: L1
      GT: segmentation
      COMBINE_ATT_MODE: average_nonzero
    GRADCAM:
      COMPUTE: false
      LOG: false
      WEIGHT: 1
      CRITERION: L1
      GT: segmentation
      MODE: match
      COMBINE_ATT_MODE: average_nonzero
  APPROACH: generic
  MODEL: resnet50
  PRETRAINED: true
  NUM_EPOCHS: 1
  OPTIMIZER: SGD
  WEIGHT_DECAY: 9.999999999999997e-06
  MOMENTUM: 0.9
  SCHEDULER: NONE
  BASE:
    LR: 0.0010000000000000002
  CLASSIFIER:
    LR: 9.999999999999991e-05
  AUX_LOSSES_ON_VAL: false
LOGGING:
  SAVE_EVERY: 0
  SAVE_BEST: true
  SAVE_LAST: false
  LOG_ATTENTION: false
  LOG_ATTENTION_STEP: 10
  SAVE_STATS_PATH: null
yaml: configs/waterbirds_95_upweight.yaml
name: upweight_waterbird_complete95_forest2water2_21050491_trial_000
test_checkpoint: null

WATERBIRDS DIR: /home/ryreu/guided_cnn/waterbirds/waterbird_complete95_forest2water2
NUMBER OF SAMPLES WITH LABEL Landbird: 3682
NUMBER OF SAMPLES WITH LABEL Waterbird: 1113
NUMBER OF SAMPLES WITH GROUP Land_on_Land: 3498
NUMBER OF SAMPLES WITH GROUP Land_on_Water: 184
NUMBER OF SAMPLES WITH GROUP Water_on_Land: 56
NUMBER OF SAMPLES WITH GROUP Water_on_Water: 1057
WATERBIRDS DIR: /home/ryreu/guided_cnn/waterbirds/waterbird_complete95_forest2water2
NUMBER OF SAMPLES WITH LABEL Landbird: 933
NUMBER OF SAMPLES WITH LABEL Waterbird: 266
NUMBER OF SAMPLES WITH GROUP Land_on_Land: 467
NUMBER OF SAMPLES WITH GROUP Land_on_Water: 466
NUMBER OF SAMPLES WITH GROUP Water_on_Land: 133
NUMBER OF SAMPLES WITH GROUP Water_on_Water: 133
NUM TRAIN: 4795

NUM VAL:   1199

Number classifier outputs: 2
Using pretrained model: True
USING SGD OPTIMIZER
class weights: tensor([0.3023, 1.0000], device='cuda:0')
group weights: None
WANDB DISABLED: skipping wandb.init()
EPOCH: 0

>>> TRAINING 


  0%|          | 0/50 [00:00<?, ?it/s]
  2%|▏         | 1/50 [00:03<02:44,  3.36s/it]
  4%|▍         | 2/50 [00:03<01:11,  1.49s/it]
  6%|▌         | 3/50 [00:03<00:41,  1.13it/s]
  8%|▊         | 4/50 [00:03<00:27,  1.69it/s]
 10%|█         | 5/50 [00:03<00:19,  2.33it/s]
 12%|█▏        | 6/50 [00:04<00:14,  3.00it/s]
 14%|█▍        | 7/50 [00:04<00:11,  3.67it/s]
 16%|█▌        | 8/50 [00:04<00:09,  4.33it/s]
 18%|█▊        | 9/50 [00:04<00:08,  4.94it/s]
 20%|██        | 10/50 [00:04<00:07,  5.42it/s]
 22%|██▏       | 11/50 [00:04<00:06,  5.83it/s]
 24%|██▍       | 12/50 [00:04<00:06,  6.12it/s]
 26%|██▌       | 13/50 [00:05<00:05,  6.36it/s]
 28%|██▊       | 14/50 [00:05<00:05,  6.51it/s]
 30%|███       | 15/50 [00:05<00:05,  6.62it/s]
 32%|███▏      | 16/50 [00:05<00:05,  6.70it/s]
 34%|███▍      | 17/50 [00:05<00:04,  6.80it/s]
 36%|███▌      | 18/50 [00:05<00:04,  6.75it/s]
 38%|███▊      | 19/50 [00:06<00:04,  6.80it/s]
 40%|████      | 20/50 [00:06<00:04,  6.84it/s]
 42%|████▏     | 21/50 [00:06<00:04,  6.89it/s]
 44%|████▍     | 22/50 [00:06<00:04,  6.90it/s]
 46%|████▌     | 23/50 [00:06<00:03,  6.83it/s]
 48%|████▊     | 24/50 [00:06<00:03,  6.78it/s]
 50%|█████     | 25/50 [00:06<00:03,  6.83it/s]
 52%|█████▏    | 26/50 [00:07<00:03,  6.87it/s]
 54%|█████▍    | 27/50 [00:07<00:03,  6.94it/s]
 56%|█████▌    | 28/50 [00:07<00:03,  6.95it/s]
 58%|█████▊    | 29/50 [00:07<00:03,  6.93it/s]
 60%|██████    | 30/50 [00:07<00:02,  6.91it/s]
 62%|██████▏   | 31/50 [00:07<00:02,  6.94it/s]
 64%|██████▍   | 32/50 [00:07<00:02,  6.95it/s]
 66%|██████▌   | 33/50 [00:08<00:02,  6.98it/s]
 68%|██████▊   | 34/50 [00:08<00:02,  6.91it/s]
 70%|███████   | 35/50 [00:08<00:02,  6.88it/s]
 72%|███████▏  | 36/50 [00:08<00:02,  6.83it/s]
 74%|███████▍  | 37/50 [00:08<00:01,  6.83it/s]
 76%|███████▌  | 38/50 [00:08<00:01,  6.87it/s]
 78%|███████▊  | 39/50 [00:08<00:01,  6.91it/s]
 80%|████████  | 40/50 [00:09<00:01,  6.91it/s]
 82%|████████▏ | 41/50 [00:09<00:01,  6.95it/s]
 84%|████████▍ | 42/50 [00:09<00:01,  6.92it/s]
 86%|████████▌ | 43/50 [00:09<00:01,  6.93it/s]
 88%|████████▊ | 44/50 [00:09<00:00,  6.94it/s]
 90%|█████████ | 45/50 [00:09<00:00,  6.97it/s]
 92%|█████████▏| 46/50 [00:09<00:00,  6.92it/s]
 94%|█████████▍| 47/50 [00:10<00:00,  6.89it/s]
 96%|█████████▌| 48/50 [00:10<00:00,  6.86it/s]
 98%|█████████▊| 49/50 [00:10<00:00,  6.84it/s]
100%|██████████| 50/50 [00:10<00:00,  6.91it/s]
100%|██████████| 50/50 [00:10<00:00,  4.74it/s]
>>> VALIDATING 


  0%|          | 0/13 [00:00<?, ?it/s]
  8%|▊         | 1/13 [00:00<00:09,  1.26it/s]
 23%|██▎       | 3/13 [00:00<00:02,  3.94it/s]
 38%|███▊      | 5/13 [00:01<00:01,  4.66it/s]
 54%|█████▍    | 7/13 [00:01<00:00,  6.68it/s]
 69%|██████▉   | 9/13 [00:01<00:00,  6.13it/s]
 85%|████████▍ | 11/13 [00:01<00:00,  7.86it/s]
100%|██████████| 13/13 [00:01<00:00,  9.80it/s]
100%|██████████| 13/13 [00:02<00:00,  6.27it/s]
>>> LOGGING 

BALANCED ACCS CHECKED FOR TRAIN
BALANCED ACCS CHECKED FOR VAL
train_acc: 0.8462982273201252
val_acc: 0.6547122602168474
train_cls_loss: 0.4323306700609026
val_cls_loss: 0.618947260274402
train_total_loss: 0.4323306700609026
val_total_loss: 0.618947260274402
balanced_train_acc: 0.8344094507018676
balanced_val_acc: 0.6692877692623842
Land_on_Land_train_acc: 0.884505431675243
Land_on_Land_val_acc: 0.974304068522484
Land_on_Water_train_acc: 0.32608695652173914
Land_on_Water_val_acc: 0.3111587982832618
Water_on_Land_train_acc: 0.5
Water_on_Land_val_acc: 0.42105263157894735
Water_on_Water_train_acc: 0.8287606433301797
Water_on_Water_val_acc: 0.9699248120300752
train_acc_Landbird: 0.8565996740901684
train_acc_Waterbird: 0.8122192273135669
val_acc_Landbird: 0.6430868167202572
val_acc_Waterbird: 0.6954887218045113
TRAIN ACC:        0.8462982273201252
VAL ACC:          0.6547122602168474
BALANCED VAL ACC: 0.6692877692623842
prev best list: []
Saving to trained_weights/waterbirds/upweight_waterbird_complete95_forest2water2_21050491_trial_000/best_balanced_valacc_0.67_epoch_0.ckpt
>>> EVALUATING ON TEST SET
WATERBIRDS DIR: /home/ryreu/guided_cnn/waterbirds/waterbird_complete95_forest2water2
NUMBER OF SAMPLES WITH LABEL Landbird: 4510
NUMBER OF SAMPLES WITH LABEL Waterbird: 1284
NUMBER OF SAMPLES WITH GROUP Land_on_Land: 2255
NUMBER OF SAMPLES WITH GROUP Land_on_Water: 2255
NUMBER OF SAMPLES WITH GROUP Water_on_Land: 642
NUMBER OF SAMPLES WITH GROUP Water_on_Water: 642
NUM TEST:   5794

Loaded checkpoint trained_weights/waterbirds/upweight_waterbird_complete95_forest2water2_21050491_trial_000/best_balanced_valacc_0.67_epoch_0.ckpt

  0%|          | 0/5794 [00:00<?, ?it/s]
  0%|          | 1/5794 [00:00<24:48,  3.89it/s]
  0%|          | 8/5794 [00:00<03:30, 27.45it/s]
  0%|          | 16/5794 [00:00<02:14, 43.03it/s]
  0%|          | 23/5794 [00:00<01:55, 50.07it/s]
  1%|          | 31/5794 [00:00<01:40, 57.08it/s]
  1%|          | 39/5794 [00:00<01:33, 61.41it/s]
  1%|          | 46/5794 [00:00<01:29, 63.87it/s]
  1%|          | 54/5794 [00:01<01:26, 66.17it/s]
  1%|          | 62/5794 [00:01<01:24, 67.63it/s]
  1%|          | 70/5794 [00:01<01:23, 68.86it/s]
  1%|▏         | 78/5794 [00:01<01:22, 69.38it/s]
  1%|▏         | 86/5794 [00:01<01:21, 70.18it/s]
  2%|▏         | 94/5794 [00:01<01:21, 70.27it/s]
  2%|▏         | 102/5794 [00:01<01:20, 70.72it/s]
  2%|▏         | 110/5794 [00:01<01:20, 70.86it/s]
  2%|▏         | 118/5794 [00:01<01:19, 71.19it/s]
  2%|▏         | 126/5794 [00:02<01:19, 71.13it/s]
  2%|▏         | 134/5794 [00:02<01:19, 71.27it/s]
  2%|▏         | 142/5794 [00:02<01:19, 71.14it/s]
  3%|▎         | 150/5794 [00:02<01:19, 71.40it/s]
  3%|▎         | 158/5794 [00:02<01:19, 71.25it/s]
  3%|▎         | 166/5794 [00:02<01:18, 71.39it/s]
  3%|▎         | 174/5794 [00:02<01:18, 71.25it/s]
  3%|▎         | 182/5794 [00:02<01:18, 71.79it/s]
  3%|▎         | 190/5794 [00:02<01:18, 71.82it/s]
  3%|▎         | 198/5794 [00:03<01:17, 71.85it/s]
  4%|▎         | 206/5794 [00:03<01:17, 72.07it/s]
  4%|▎         | 214/5794 [00:03<01:17, 72.07it/s]
  4%|▍         | 222/5794 [00:03<01:17, 72.12it/s]
  4%|▍         | 230/5794 [00:03<01:17, 71.65it/s]
  4%|▍         | 238/5794 [00:03<01:18, 70.56it/s]
  4%|▍         | 246/5794 [00:03<01:18, 70.92it/s]
  4%|▍         | 254/5794 [00:03<01:17, 71.44it/s]
  5%|▍         | 262/5794 [00:03<01:17, 71.34it/s]
  5%|▍         | 270/5794 [00:04<01:17, 71.44it/s]
  5%|▍         | 278/5794 [00:04<01:17, 71.52it/s]
  5%|▍         | 286/5794 [00:04<01:16, 71.86it/s]
  5%|▌         | 294/5794 [00:04<01:16, 72.01it/s]
  5%|▌         | 302/5794 [00:04<01:16, 72.06it/s]
  5%|▌         | 310/5794 [00:04<01:16, 71.94it/s]
  5%|▌         | 318/5794 [00:04<01:16, 71.94it/s]
  6%|▌         | 326/5794 [00:04<01:16, 71.82it/s]
  6%|▌         | 334/5794 [00:04<01:15, 72.14it/s]
  6%|▌         | 342/5794 [00:05<01:16, 71.37it/s]
  6%|▌         | 350/5794 [00:05<01:16, 70.93it/s]
  6%|▌         | 358/5794 [00:05<01:16, 70.79it/s]
  6%|▋         | 366/5794 [00:05<01:16, 70.71it/s]
  6%|▋         | 374/5794 [00:05<01:16, 70.73it/s]
  7%|▋         | 382/5794 [00:05<01:16, 70.69it/s]
  7%|▋         | 390/5794 [00:05<01:16, 70.71it/s]
  7%|▋         | 398/5794 [00:05<01:16, 70.85it/s]
  7%|▋         | 406/5794 [00:05<01:15, 71.00it/s]
  7%|▋         | 414/5794 [00:06<01:16, 70.57it/s]
  7%|▋         | 422/5794 [00:06<01:15, 70.83it/s]
  7%|▋         | 430/5794 [00:06<01:17, 69.40it/s]
  8%|▊         | 438/5794 [00:06<01:16, 70.15it/s]
  8%|▊         | 446/5794 [00:06<01:16, 70.28it/s]
  8%|▊         | 454/5794 [00:06<01:15, 70.62it/s]
  8%|▊         | 462/5794 [00:06<01:15, 70.60it/s]
  8%|▊         | 470/5794 [00:06<01:14, 71.00it/s]
  8%|▊         | 478/5794 [00:06<01:14, 71.11it/s]
  8%|▊         | 486/5794 [00:07<01:14, 71.08it/s]
  9%|▊         | 494/5794 [00:07<01:14, 71.34it/s]
  9%|▊         | 502/5794 [00:07<01:14, 71.19it/s]
  9%|▉         | 510/5794 [00:07<01:13, 71.45it/s]
  9%|▉         | 518/5794 [00:07<01:14, 71.26it/s]
  9%|▉         | 526/5794 [00:07<01:13, 71.39it/s]
  9%|▉         | 534/5794 [00:07<01:13, 71.35it/s]
  9%|▉         | 542/5794 [00:07<01:13, 71.42it/s]
  9%|▉         | 550/5794 [00:07<01:13, 71.25it/s]
 10%|▉         | 558/5794 [00:08<01:13, 71.25it/s]
 10%|▉         | 566/5794 [00:08<01:13, 71.32it/s]
 10%|▉         | 574/5794 [00:08<01:13, 71.41it/s]
 10%|█         | 582/5794 [00:08<01:13, 71.19it/s]
 10%|█         | 590/5794 [00:08<01:13, 70.74it/s]
 10%|█         | 598/5794 [00:08<01:13, 70.29it/s]
 10%|█         | 606/5794 [00:08<01:14, 69.87it/s]
 11%|█         | 614/5794 [00:08<01:13, 70.17it/s]
 11%|█         | 622/5794 [00:09<01:13, 70.14it/s]
 11%|█         | 630/5794 [00:09<01:13, 70.54it/s]
 11%|█         | 638/5794 [00:09<01:12, 71.01it/s]
 11%|█         | 646/5794 [00:09<01:11, 71.53it/s]
 11%|█▏        | 654/5794 [00:09<01:11, 71.46it/s]
 11%|█▏        | 662/5794 [00:09<01:11, 71.81it/s]
 12%|█▏        | 670/5794 [00:09<01:11, 71.93it/s]
 12%|█▏        | 678/5794 [00:09<01:11, 71.38it/s]
 12%|█▏        | 686/5794 [00:09<01:11, 71.24it/s]
 12%|█▏        | 694/5794 [00:10<01:11, 71.76it/s]
 12%|█▏        | 702/5794 [00:10<01:12, 70.52it/s]
 12%|█▏        | 710/5794 [00:10<01:12, 70.42it/s]
 12%|█▏        | 718/5794 [00:10<01:11, 70.71it/s]
 13%|█▎        | 726/5794 [00:10<01:10, 71.44it/s]
 13%|█▎        | 734/5794 [00:10<01:10, 71.67it/s]
 13%|█▎        | 742/5794 [00:10<01:10, 71.63it/s]
 13%|█▎        | 750/5794 [00:10<01:10, 71.77it/s]
 13%|█▎        | 758/5794 [00:10<01:10, 71.94it/s]
 13%|█▎        | 766/5794 [00:11<01:09, 72.26it/s]
 13%|█▎        | 774/5794 [00:11<01:09, 72.00it/s]
 13%|█▎        | 782/5794 [00:11<01:09, 72.22it/s]
 14%|█▎        | 790/5794 [00:11<01:09, 72.22it/s]
 14%|█▍        | 798/5794 [00:11<01:08, 72.45it/s]
 14%|█▍        | 806/5794 [00:11<01:08, 72.36it/s]
 14%|█▍        | 814/5794 [00:11<01:08, 72.59it/s]
 14%|█▍        | 822/5794 [00:11<01:08, 72.39it/s]
 14%|█▍        | 830/5794 [00:11<01:08, 72.46it/s]
 14%|█▍        | 838/5794 [00:12<01:08, 72.43it/s]
 15%|█▍        | 846/5794 [00:12<01:08, 72.43it/s]
 15%|█▍        | 854/5794 [00:12<01:08, 72.48it/s]
 15%|█▍        | 862/5794 [00:12<01:07, 72.56it/s]
 15%|█▌        | 870/5794 [00:12<01:07, 72.45it/s]
 15%|█▌        | 878/5794 [00:12<01:07, 72.60it/s]
 15%|█▌        | 886/5794 [00:12<01:07, 72.57it/s]
 15%|█▌        | 894/5794 [00:12<01:07, 72.56it/s]
 16%|█▌        | 902/5794 [00:12<01:07, 72.65it/s]
 16%|█▌        | 910/5794 [00:12<01:07, 72.56it/s]
 16%|█▌        | 918/5794 [00:13<01:07, 72.56it/s]
 16%|█▌        | 926/5794 [00:13<01:07, 72.56it/s]
 16%|█▌        | 934/5794 [00:13<01:06, 72.64it/s]
 16%|█▋        | 942/5794 [00:13<01:06, 72.58it/s]
 16%|█▋        | 950/5794 [00:13<01:06, 72.50it/s]
 17%|█▋        | 958/5794 [00:13<01:06, 72.26it/s]
 17%|█▋        | 966/5794 [00:13<01:06, 72.26it/s]
 17%|█▋        | 974/5794 [00:13<01:07, 71.60it/s]
 17%|█▋        | 982/5794 [00:13<01:07, 71.69it/s]
 17%|█▋        | 990/5794 [00:14<01:06, 71.82it/s]
 17%|█▋        | 998/5794 [00:14<01:06, 72.22it/s]
 17%|█▋        | 1006/5794 [00:14<01:06, 72.31it/s]
 18%|█▊        | 1014/5794 [00:14<01:06, 72.36it/s]
 18%|█▊        | 1022/5794 [00:14<01:06, 72.22it/s]
 18%|█▊        | 1030/5794 [00:14<01:05, 72.26it/s]
 18%|█▊        | 1038/5794 [00:14<01:05, 72.26it/s]
 18%|█▊        | 1046/5794 [00:14<01:05, 72.35it/s]
 18%|█▊        | 1054/5794 [00:14<01:05, 72.46it/s]
 18%|█▊        | 1062/5794 [00:15<01:06, 71.55it/s]
 18%|█▊        | 1070/5794 [00:15<01:06, 71.49it/s]
 19%|█▊        | 1078/5794 [00:15<01:05, 71.75it/s]
 19%|█▊        | 1086/5794 [00:15<01:05, 72.07it/s]
 19%|█▉        | 1094/5794 [00:15<01:05, 72.04it/s]
 19%|█▉        | 1102/5794 [00:15<01:05, 72.16it/s]
 19%|█▉        | 1110/5794 [00:15<01:04, 72.11it/s]
 19%|█▉        | 1118/5794 [00:15<01:04, 72.16it/s]
 19%|█▉        | 1126/5794 [00:15<01:04, 72.16it/s]
 20%|█▉        | 1134/5794 [00:16<01:04, 72.39it/s]
 20%|█▉        | 1142/5794 [00:16<01:04, 72.34it/s]
 20%|█▉        | 1150/5794 [00:16<01:04, 72.55it/s]
 20%|█▉        | 1158/5794 [00:16<01:03, 72.48it/s]
 20%|██        | 1166/5794 [00:16<01:03, 72.36it/s]
 20%|██        | 1174/5794 [00:16<01:03, 72.54it/s]
 20%|██        | 1182/5794 [00:16<01:03, 72.57it/s]
 21%|██        | 1190/5794 [00:16<01:03, 72.75it/s]
 21%|██        | 1198/5794 [00:16<01:03, 72.72it/s]
 21%|██        | 1206/5794 [00:17<01:02, 72.83it/s]
 21%|██        | 1214/5794 [00:17<01:02, 72.78it/s]
 21%|██        | 1222/5794 [00:17<01:02, 72.92it/s]
 21%|██        | 1230/5794 [00:17<01:02, 72.82it/s]
 21%|██▏       | 1238/5794 [00:17<01:02, 73.01it/s]
 22%|██▏       | 1246/5794 [00:17<01:02, 72.84it/s]
 22%|██▏       | 1254/5794 [00:17<01:02, 72.93it/s]
 22%|██▏       | 1262/5794 [00:17<01:02, 72.77it/s]
 22%|██▏       | 1270/5794 [00:17<01:02, 72.93it/s]
 22%|██▏       | 1278/5794 [00:18<01:02, 72.81it/s]
 22%|██▏       | 1286/5794 [00:18<01:01, 72.96it/s]
 22%|██▏       | 1294/5794 [00:18<01:01, 73.06it/s]
 22%|██▏       | 1302/5794 [00:18<01:01, 72.97it/s]
 23%|██▎       | 1310/5794 [00:18<01:01, 72.94it/s]
 23%|██▎       | 1318/5794 [00:18<01:01, 72.94it/s]
 23%|██▎       | 1326/5794 [00:18<01:01, 72.70it/s]
 23%|██▎       | 1334/5794 [00:18<01:01, 72.75it/s]
 23%|██▎       | 1342/5794 [00:18<01:01, 72.75it/s]
 23%|██▎       | 1350/5794 [00:19<01:01, 72.30it/s]
 23%|██▎       | 1358/5794 [00:19<01:01, 72.39it/s]
 24%|██▎       | 1366/5794 [00:19<01:01, 72.49it/s]
 24%|██▎       | 1374/5794 [00:19<01:00, 72.49it/s]
 24%|██▍       | 1382/5794 [00:19<01:01, 71.71it/s]
 24%|██▍       | 1390/5794 [00:19<01:01, 72.14it/s]
 24%|██▍       | 1398/5794 [00:19<01:00, 72.20it/s]
 24%|██▍       | 1406/5794 [00:19<01:00, 72.57it/s]
 24%|██▍       | 1414/5794 [00:19<01:00, 72.60it/s]
 25%|██▍       | 1422/5794 [00:20<01:00, 72.15it/s]
 25%|██▍       | 1430/5794 [00:20<01:00, 71.65it/s]
 25%|██▍       | 1438/5794 [00:20<01:00, 71.82it/s]
 25%|██▍       | 1446/5794 [00:20<01:00, 72.32it/s]
 25%|██▌       | 1454/5794 [00:20<00:59, 72.39it/s]
 25%|██▌       | 1462/5794 [00:20<00:59, 72.35it/s]
 25%|██▌       | 1470/5794 [00:20<01:00, 72.06it/s]
 26%|██▌       | 1478/5794 [00:20<00:59, 72.04it/s]
 26%|██▌       | 1486/5794 [00:20<01:00, 71.79it/s]
 26%|██▌       | 1494/5794 [00:21<00:59, 71.89it/s]
 26%|██▌       | 1502/5794 [00:21<00:59, 71.79it/s]
 26%|██▌       | 1510/5794 [00:21<00:59, 71.97it/s]
 26%|██▌       | 1518/5794 [00:21<00:59, 71.82it/s]
 26%|██▋       | 1526/5794 [00:21<00:59, 71.73it/s]
 26%|██▋       | 1534/5794 [00:21<00:59, 71.34it/s]
 27%|██▋       | 1542/5794 [00:21<00:59, 71.12it/s]
 27%|██▋       | 1550/5794 [00:21<01:00, 70.31it/s]
 27%|██▋       | 1558/5794 [00:21<01:00, 70.56it/s]
 27%|██▋       | 1566/5794 [00:22<00:59, 70.85it/s]
 27%|██▋       | 1574/5794 [00:22<00:59, 71.00it/s]
 27%|██▋       | 1582/5794 [00:22<00:59, 71.27it/s]
 27%|██▋       | 1590/5794 [00:22<00:58, 71.35it/s]
 28%|██▊       | 1598/5794 [00:22<00:58, 71.60it/s]
 28%|██▊       | 1606/5794 [00:22<00:58, 71.94it/s]
 28%|██▊       | 1614/5794 [00:22<00:57, 72.15it/s]
 28%|██▊       | 1622/5794 [00:22<00:57, 72.31it/s]
 28%|██▊       | 1630/5794 [00:22<00:57, 72.58it/s]
 28%|██▊       | 1638/5794 [00:23<00:57, 72.55it/s]
 28%|██▊       | 1646/5794 [00:23<00:57, 72.77it/s]
 29%|██▊       | 1654/5794 [00:23<00:56, 72.72it/s]
 29%|██▊       | 1662/5794 [00:23<00:56, 72.98it/s]
 29%|██▉       | 1670/5794 [00:23<00:56, 72.69it/s]
 29%|██▉       | 1678/5794 [00:23<00:56, 72.51it/s]
 29%|██▉       | 1686/5794 [00:23<00:56, 72.19it/s]
 29%|██▉       | 1694/5794 [00:23<00:56, 72.18it/s]
 29%|██▉       | 1702/5794 [00:23<00:56, 72.03it/s]
 30%|██▉       | 1710/5794 [00:24<00:56, 71.90it/s]
 30%|██▉       | 1718/5794 [00:24<00:56, 71.83it/s]
 30%|██▉       | 1726/5794 [00:24<00:56, 71.58it/s]
 30%|██▉       | 1734/5794 [00:24<00:56, 71.53it/s]
 30%|███       | 1742/5794 [00:24<00:57, 70.93it/s]
 30%|███       | 1750/5794 [00:24<00:57, 70.87it/s]
 30%|███       | 1758/5794 [00:24<00:56, 70.92it/s]
 30%|███       | 1766/5794 [00:24<00:56, 71.16it/s]
 31%|███       | 1774/5794 [00:24<00:56, 70.89it/s]
 31%|███       | 1782/5794 [00:25<00:56, 70.61it/s]
 31%|███       | 1790/5794 [00:25<00:56, 70.97it/s]
 31%|███       | 1798/5794 [00:25<00:55, 71.59it/s]
 31%|███       | 1806/5794 [00:25<00:55, 71.93it/s]
 31%|███▏      | 1814/5794 [00:25<00:55, 72.30it/s]
 31%|███▏      | 1822/5794 [00:25<00:54, 72.39it/s]
 32%|███▏      | 1830/5794 [00:25<00:54, 72.65it/s]
 32%|███▏      | 1838/5794 [00:25<00:54, 72.76it/s]
 32%|███▏      | 1846/5794 [00:25<00:54, 72.67it/s]
 32%|███▏      | 1854/5794 [00:26<00:54, 72.77it/s]
 32%|███▏      | 1862/5794 [00:26<00:54, 72.64it/s]
 32%|███▏      | 1870/5794 [00:26<00:53, 72.73it/s]
 32%|███▏      | 1878/5794 [00:26<00:53, 72.67it/s]
 33%|███▎      | 1886/5794 [00:26<00:53, 72.61it/s]
 33%|███▎      | 1894/5794 [00:26<00:53, 72.55it/s]
 33%|███▎      | 1902/5794 [00:26<00:53, 72.62it/s]
 33%|███▎      | 1910/5794 [00:26<00:53, 72.53it/s]
 33%|███▎      | 1918/5794 [00:26<00:53, 72.62it/s]
 33%|███▎      | 1926/5794 [00:27<00:53, 72.50it/s]
 33%|███▎      | 1934/5794 [00:27<00:53, 72.63it/s]
 34%|███▎      | 1942/5794 [00:27<00:53, 72.44it/s]
 34%|███▎      | 1950/5794 [00:27<00:53, 72.35it/s]
 34%|███▍      | 1958/5794 [00:27<00:53, 71.84it/s]
 34%|███▍      | 1966/5794 [00:27<00:53, 71.73it/s]
 34%|███▍      | 1974/5794 [00:27<00:53, 71.60it/s]
 34%|███▍      | 1982/5794 [00:27<00:53, 71.47it/s]
 34%|███▍      | 1990/5794 [00:27<00:53, 71.51it/s]
 34%|███▍      | 1998/5794 [00:28<00:53, 70.59it/s]
 35%|███▍      | 2006/5794 [00:28<00:53, 70.93it/s]
 35%|███▍      | 2014/5794 [00:28<00:53, 71.06it/s]
 35%|███▍      | 2022/5794 [00:28<00:52, 71.25it/s]
 35%|███▌      | 2030/5794 [00:28<00:52, 71.14it/s]
 35%|███▌      | 2038/5794 [00:28<00:52, 71.29it/s]
 35%|███▌      | 2046/5794 [00:28<00:53, 70.39it/s]
 35%|███▌      | 2054/5794 [00:28<00:53, 70.18it/s]
 36%|███▌      | 2062/5794 [00:28<00:52, 70.50it/s]
 36%|███▌      | 2070/5794 [00:29<00:52, 70.73it/s]
 36%|███▌      | 2078/5794 [00:29<00:52, 70.89it/s]
 36%|███▌      | 2086/5794 [00:29<00:52, 71.14it/s]
 36%|███▌      | 2094/5794 [00:29<00:52, 70.84it/s]
 36%|███▋      | 2102/5794 [00:29<00:52, 70.52it/s]
 36%|███▋      | 2110/5794 [00:29<00:52, 70.73it/s]
 37%|███▋      | 2118/5794 [00:29<00:51, 70.75it/s]
 37%|███▋      | 2126/5794 [00:29<00:51, 71.01it/s]
 37%|███▋      | 2134/5794 [00:30<00:51, 70.96it/s]
 37%|███▋      | 2142/5794 [00:30<00:52, 69.41it/s]
 37%|███▋      | 2149/5794 [00:30<00:54, 67.19it/s]
 37%|███▋      | 2156/5794 [00:30<00:54, 66.43it/s]
 37%|███▋      | 2163/5794 [00:30<00:55, 65.21it/s]
 37%|███▋      | 2170/5794 [00:30<00:56, 64.36it/s]
 38%|███▊      | 2177/5794 [00:30<00:56, 64.11it/s]
 38%|███▊      | 2184/5794 [00:30<00:55, 65.03it/s]
 38%|███▊      | 2191/5794 [00:30<00:54, 66.30it/s]
 38%|███▊      | 2199/5794 [00:30<00:52, 68.16it/s]
 38%|███▊      | 2207/5794 [00:31<00:51, 69.38it/s]
 38%|███▊      | 2215/5794 [00:31<00:50, 70.18it/s]
 38%|███▊      | 2223/5794 [00:31<00:50, 70.93it/s]
 39%|███▊      | 2231/5794 [00:31<00:49, 71.43it/s]
 39%|███▊      | 2239/5794 [00:31<00:49, 71.83it/s]
 39%|███▉      | 2247/5794 [00:31<00:49, 72.03it/s]
 39%|███▉      | 2255/5794 [00:31<00:48, 72.33it/s]
 39%|███▉      | 2263/5794 [00:31<00:48, 72.50it/s]
 39%|███▉      | 2271/5794 [00:31<00:48, 72.57it/s]
 39%|███▉      | 2279/5794 [00:32<00:48, 72.61it/s]
 39%|███▉      | 2287/5794 [00:32<00:48, 72.59it/s]
 40%|███▉      | 2295/5794 [00:32<00:48, 72.66it/s]
 40%|███▉      | 2303/5794 [00:32<00:48, 72.67it/s]
 40%|███▉      | 2311/5794 [00:32<00:47, 72.75it/s]
 40%|████      | 2319/5794 [00:32<00:47, 72.68it/s]
 40%|████      | 2327/5794 [00:32<00:47, 72.68it/s]
 40%|████      | 2335/5794 [00:32<00:47, 72.54it/s]
 40%|████      | 2343/5794 [00:32<00:47, 72.76it/s]
 41%|████      | 2351/5794 [00:33<00:47, 72.69it/s]
 41%|████      | 2359/5794 [00:33<00:47, 72.91it/s]
 41%|████      | 2367/5794 [00:33<00:47, 72.85it/s]
 41%|████      | 2375/5794 [00:33<00:46, 72.96it/s]
 41%|████      | 2383/5794 [00:33<00:46, 72.80it/s]
 41%|████▏     | 2391/5794 [00:33<00:46, 72.77it/s]
 41%|████▏     | 2399/5794 [00:33<00:46, 72.75it/s]
 42%|████▏     | 2407/5794 [00:33<00:46, 72.72it/s]
 42%|████▏     | 2415/5794 [00:33<00:46, 72.75it/s]
 42%|████▏     | 2423/5794 [00:34<00:46, 72.65it/s]
 42%|████▏     | 2431/5794 [00:34<00:46, 72.81it/s]
 42%|████▏     | 2439/5794 [00:34<00:46, 72.83it/s]
 42%|████▏     | 2447/5794 [00:34<00:46, 72.73it/s]
 42%|████▏     | 2455/5794 [00:34<00:45, 72.59it/s]
 43%|████▎     | 2463/5794 [00:34<00:46, 72.23it/s]
 43%|████▎     | 2471/5794 [00:34<00:46, 71.47it/s]
 43%|████▎     | 2479/5794 [00:34<00:46, 71.74it/s]
 43%|████▎     | 2487/5794 [00:34<00:45, 71.94it/s]
 43%|████▎     | 2495/5794 [00:35<00:46, 71.29it/s]
 43%|████▎     | 2503/5794 [00:35<00:46, 71.06it/s]
 43%|████▎     | 2511/5794 [00:35<00:46, 71.09it/s]
 43%|████▎     | 2519/5794 [00:35<00:46, 70.85it/s]
 44%|████▎     | 2527/5794 [00:35<00:46, 70.89it/s]
 44%|████▍     | 2535/5794 [00:35<00:45, 70.86it/s]
 44%|████▍     | 2543/5794 [00:35<00:45, 70.73it/s]
 44%|████▍     | 2551/5794 [00:35<00:45, 70.76it/s]
 44%|████▍     | 2559/5794 [00:35<00:45, 71.06it/s]
 44%|████▍     | 2567/5794 [00:36<00:45, 70.51it/s]
 44%|████▍     | 2575/5794 [00:36<00:45, 70.52it/s]
 45%|████▍     | 2583/5794 [00:36<00:45, 70.71it/s]
 45%|████▍     | 2591/5794 [00:36<00:45, 70.53it/s]
 45%|████▍     | 2599/5794 [00:36<00:45, 70.71it/s]
 45%|████▍     | 2607/5794 [00:36<00:45, 70.40it/s]
 45%|████▌     | 2615/5794 [00:36<00:45, 70.56it/s]
 45%|████▌     | 2623/5794 [00:36<00:45, 70.42it/s]
 45%|████▌     | 2631/5794 [00:37<00:44, 70.54it/s]
 46%|████▌     | 2639/5794 [00:37<00:44, 70.29it/s]
 46%|████▌     | 2647/5794 [00:37<00:44, 70.55it/s]
 46%|████▌     | 2655/5794 [00:37<00:44, 70.46it/s]
 46%|████▌     | 2663/5794 [00:37<00:44, 70.51it/s]
 46%|████▌     | 2671/5794 [00:37<00:44, 70.39it/s]
 46%|████▌     | 2679/5794 [00:37<00:44, 69.39it/s]
 46%|████▋     | 2687/5794 [00:37<00:44, 69.70it/s]
 46%|████▋     | 2694/5794 [00:37<00:44, 69.61it/s]
 47%|████▋     | 2702/5794 [00:38<00:44, 69.94it/s]
 47%|████▋     | 2709/5794 [00:38<00:44, 69.77it/s]
 47%|████▋     | 2717/5794 [00:38<00:43, 70.00it/s]
 47%|████▋     | 2725/5794 [00:38<00:43, 70.02it/s]
 47%|████▋     | 2733/5794 [00:38<00:43, 70.21it/s]
 47%|████▋     | 2741/5794 [00:38<00:43, 70.08it/s]
 47%|████▋     | 2749/5794 [00:38<00:43, 69.56it/s]
 48%|████▊     | 2756/5794 [00:38<00:43, 69.20it/s]
 48%|████▊     | 2763/5794 [00:38<00:43, 69.31it/s]
 48%|████▊     | 2770/5794 [00:38<00:43, 69.45it/s]
 48%|████▊     | 2777/5794 [00:39<00:43, 69.52it/s]
 48%|████▊     | 2785/5794 [00:39<00:42, 70.25it/s]
 48%|████▊     | 2793/5794 [00:39<00:42, 70.56it/s]
 48%|████▊     | 2801/5794 [00:39<00:42, 71.02it/s]
 48%|████▊     | 2809/5794 [00:39<00:42, 71.01it/s]
 49%|████▊     | 2817/5794 [00:39<00:41, 71.22it/s]
 49%|████▉     | 2825/5794 [00:39<00:41, 70.94it/s]
 49%|████▉     | 2833/5794 [00:39<00:42, 70.29it/s]
 49%|████▉     | 2841/5794 [00:39<00:41, 70.83it/s]
 49%|████▉     | 2849/5794 [00:40<00:42, 69.92it/s]
 49%|████▉     | 2857/5794 [00:40<00:41, 70.02it/s]
 49%|████▉     | 2865/5794 [00:40<00:41, 70.41it/s]
 50%|████▉     | 2873/5794 [00:40<00:41, 70.84it/s]
 50%|████▉     | 2881/5794 [00:40<00:41, 70.96it/s]
 50%|████▉     | 2889/5794 [00:40<00:40, 71.20it/s]
 50%|█████     | 2897/5794 [00:40<00:40, 71.21it/s]
 50%|█████     | 2905/5794 [00:40<00:40, 71.50it/s]
 50%|█████     | 2913/5794 [00:41<00:40, 71.51it/s]
 50%|█████     | 2921/5794 [00:41<00:40, 71.47it/s]
 51%|█████     | 2929/5794 [00:41<00:40, 71.45it/s]
 51%|█████     | 2937/5794 [00:41<00:39, 71.72it/s]
 51%|█████     | 2945/5794 [00:41<00:39, 71.64it/s]
 51%|█████     | 2953/5794 [00:41<00:39, 71.81it/s]
 51%|█████     | 2961/5794 [00:41<00:39, 71.65it/s]
 51%|█████     | 2969/5794 [00:41<00:39, 71.81it/s]
 51%|█████▏    | 2977/5794 [00:41<00:39, 71.82it/s]
 52%|█████▏    | 2985/5794 [00:42<00:39, 71.73it/s]
 52%|█████▏    | 2993/5794 [00:42<00:38, 72.22it/s]
 52%|█████▏    | 3001/5794 [00:42<00:38, 72.42it/s]
 52%|█████▏    | 3009/5794 [00:42<00:38, 72.75it/s]
 52%|█████▏    | 3017/5794 [00:42<00:38, 72.74it/s]
 52%|█████▏    | 3025/5794 [00:42<00:37, 72.90it/s]
 52%|█████▏    | 3033/5794 [00:42<00:37, 72.89it/s]
 52%|█████▏    | 3041/5794 [00:42<00:37, 72.99it/s]
 53%|█████▎    | 3049/5794 [00:42<00:37, 72.97it/s]
 53%|█████▎    | 3057/5794 [00:43<00:37, 73.00it/s]
 53%|█████▎    | 3065/5794 [00:43<00:37, 73.02it/s]
 53%|█████▎    | 3073/5794 [00:43<00:37, 73.22it/s]
 53%|█████▎    | 3081/5794 [00:43<00:37, 73.10it/s]
 53%|█████▎    | 3089/5794 [00:43<00:36, 73.25it/s]
 53%|█████▎    | 3097/5794 [00:43<00:37, 72.55it/s]
 54%|█████▎    | 3105/5794 [00:43<00:36, 72.81it/s]
 54%|█████▎    | 3113/5794 [00:43<00:36, 72.93it/s]
 54%|█████▍    | 3121/5794 [00:43<00:36, 72.95it/s]
 54%|█████▍    | 3129/5794 [00:43<00:36, 72.99it/s]
 54%|█████▍    | 3137/5794 [00:44<00:36, 72.48it/s]
 54%|█████▍    | 3145/5794 [00:44<00:36, 72.33it/s]
 54%|█████▍    | 3153/5794 [00:44<00:36, 71.81it/s]
 55%|█████▍    | 3161/5794 [00:44<00:36, 71.84it/s]
 55%|█████▍    | 3169/5794 [00:44<00:36, 71.60it/s]
 55%|█████▍    | 3177/5794 [00:44<00:36, 71.77it/s]
 55%|█████▍    | 3185/5794 [00:44<00:36, 71.54it/s]
 55%|█████▌    | 3193/5794 [00:44<00:36, 72.09it/s]
 55%|█████▌    | 3201/5794 [00:45<00:37, 69.23it/s]
 55%|█████▌    | 3208/5794 [00:45<00:37, 68.85it/s]
 55%|█████▌    | 3215/5794 [00:45<00:37, 68.90it/s]
 56%|█████▌    | 3223/5794 [00:45<00:36, 69.88it/s]
 56%|█████▌    | 3231/5794 [00:45<00:36, 70.76it/s]
 56%|█████▌    | 3239/5794 [00:45<00:35, 71.25it/s]
 56%|█████▌    | 3247/5794 [00:45<00:35, 71.77it/s]
 56%|█████▌    | 3255/5794 [00:45<00:35, 71.80it/s]
 56%|█████▋    | 3263/5794 [00:45<00:35, 71.81it/s]
 56%|█████▋    | 3271/5794 [00:45<00:35, 71.51it/s]
 57%|█████▋    | 3279/5794 [00:46<00:35, 71.32it/s]
 57%|█████▋    | 3287/5794 [00:46<00:35, 71.21it/s]
 57%|█████▋    | 3295/5794 [00:46<00:35, 71.33it/s]
 57%|█████▋    | 3303/5794 [00:46<00:34, 71.30it/s]
 57%|█████▋    | 3311/5794 [00:46<00:34, 71.31it/s]
 57%|█████▋    | 3319/5794 [00:46<00:34, 71.22it/s]
 57%|█████▋    | 3327/5794 [00:46<00:34, 71.30it/s]
 58%|█████▊    | 3335/5794 [00:46<00:34, 71.41it/s]
 58%|█████▊    | 3343/5794 [00:46<00:34, 71.74it/s]
 58%|█████▊    | 3351/5794 [00:47<00:33, 71.94it/s]
 58%|█████▊    | 3359/5794 [00:47<00:33, 72.06it/s]
 58%|█████▊    | 3367/5794 [00:47<00:33, 72.40it/s]
 58%|█████▊    | 3375/5794 [00:47<00:33, 72.44it/s]
 58%|█████▊    | 3383/5794 [00:47<00:33, 72.41it/s]
 59%|█████▊    | 3391/5794 [00:47<00:33, 72.39it/s]
 59%|█████▊    | 3399/5794 [00:47<00:33, 72.23it/s]
 59%|█████▉    | 3407/5794 [00:47<00:33, 72.21it/s]
 59%|█████▉    | 3415/5794 [00:47<00:32, 72.32it/s]
 59%|█████▉    | 3423/5794 [00:48<00:32, 72.34it/s]
 59%|█████▉    | 3431/5794 [00:48<00:32, 72.54it/s]
 59%|█████▉    | 3439/5794 [00:48<00:32, 72.41it/s]
 59%|█████▉    | 3447/5794 [00:48<00:32, 72.64it/s]
 60%|█████▉    | 3455/5794 [00:48<00:32, 72.33it/s]
 60%|█████▉    | 3463/5794 [00:48<00:32, 72.47it/s]
 60%|█████▉    | 3471/5794 [00:48<00:32, 71.54it/s]
 60%|██████    | 3479/5794 [00:48<00:32, 71.97it/s]
 60%|██████    | 3487/5794 [00:48<00:31, 72.20it/s]
 60%|██████    | 3495/5794 [00:49<00:31, 72.35it/s]
 60%|██████    | 3503/5794 [00:49<00:31, 72.52it/s]
 61%|██████    | 3511/5794 [00:49<00:31, 72.47it/s]
 61%|██████    | 3519/5794 [00:49<00:31, 72.60it/s]
 61%|██████    | 3527/5794 [00:49<00:31, 72.16it/s]
 61%|██████    | 3535/5794 [00:49<00:31, 71.95it/s]
 61%|██████    | 3543/5794 [00:49<00:31, 71.53it/s]
 61%|██████▏   | 3551/5794 [00:49<00:31, 71.63it/s]
 61%|██████▏   | 3559/5794 [00:49<00:31, 71.42it/s]
 62%|██████▏   | 3567/5794 [00:50<00:31, 70.32it/s]
 62%|██████▏   | 3575/5794 [00:50<00:31, 69.46it/s]
 62%|██████▏   | 3582/5794 [00:50<00:31, 69.27it/s]
 62%|██████▏   | 3590/5794 [00:50<00:31, 69.63it/s]
 62%|██████▏   | 3598/5794 [00:50<00:31, 70.10it/s]
 62%|██████▏   | 3606/5794 [00:50<00:31, 70.44it/s]
 62%|██████▏   | 3614/5794 [00:50<00:30, 70.50it/s]
 63%|██████▎   | 3622/5794 [00:50<00:30, 70.91it/s]
 63%|██████▎   | 3630/5794 [00:51<00:30, 70.98it/s]
 63%|██████▎   | 3638/5794 [00:51<00:30, 71.14it/s]
 63%|██████▎   | 3646/5794 [00:51<00:30, 71.26it/s]
 63%|██████▎   | 3654/5794 [00:51<00:30, 71.24it/s]
 63%|██████▎   | 3662/5794 [00:51<00:29, 71.18it/s]
 63%|██████▎   | 3670/5794 [00:51<00:29, 71.18it/s]
 63%|██████▎   | 3678/5794 [00:51<00:29, 71.15it/s]
 64%|██████▎   | 3686/5794 [00:51<00:29, 71.25it/s]
 64%|██████▍   | 3694/5794 [00:51<00:29, 71.10it/s]
 64%|██████▍   | 3702/5794 [00:52<00:29, 71.29it/s]
 64%|██████▍   | 3710/5794 [00:52<00:29, 71.25it/s]
 64%|██████▍   | 3718/5794 [00:52<00:29, 71.27it/s]
 64%|██████▍   | 3726/5794 [00:52<00:29, 71.18it/s]
 64%|██████▍   | 3734/5794 [00:52<00:28, 71.38it/s]
 65%|██████▍   | 3742/5794 [00:52<00:28, 71.30it/s]
 65%|██████▍   | 3750/5794 [00:52<00:28, 71.12it/s]
 65%|██████▍   | 3758/5794 [00:52<00:28, 71.20it/s]
 65%|██████▍   | 3766/5794 [00:52<00:28, 71.17it/s]
 65%|██████▌   | 3774/5794 [00:53<00:28, 71.22it/s]
 65%|██████▌   | 3782/5794 [00:53<00:28, 71.27it/s]
 65%|██████▌   | 3790/5794 [00:53<00:28, 71.47it/s]
 66%|██████▌   | 3798/5794 [00:53<00:27, 71.37it/s]
 66%|██████▌   | 3806/5794 [00:53<00:27, 71.48it/s]
 66%|██████▌   | 3814/5794 [00:53<00:27, 71.20it/s]
 66%|██████▌   | 3822/5794 [00:53<00:27, 70.57it/s]
 66%|██████▌   | 3830/5794 [00:53<00:27, 70.62it/s]
 66%|██████▌   | 3838/5794 [00:53<00:27, 70.94it/s]
 66%|██████▋   | 3846/5794 [00:54<00:27, 70.93it/s]
 67%|██████▋   | 3854/5794 [00:54<00:27, 71.15it/s]
 67%|██████▋   | 3862/5794 [00:54<00:27, 71.17it/s]
 67%|██████▋   | 3870/5794 [00:54<00:26, 71.32it/s]
 67%|██████▋   | 3878/5794 [00:54<00:26, 71.57it/s]
 67%|██████▋   | 3886/5794 [00:54<00:26, 71.82it/s]
 67%|██████▋   | 3894/5794 [00:54<00:26, 71.97it/s]
 67%|██████▋   | 3902/5794 [00:54<00:26, 71.88it/s]
 67%|██████▋   | 3910/5794 [00:54<00:26, 72.02it/s]
 68%|██████▊   | 3918/5794 [00:55<00:26, 71.50it/s]
 68%|██████▊   | 3926/5794 [00:55<00:26, 71.21it/s]
 68%|██████▊   | 3934/5794 [00:55<00:26, 70.76it/s]
 68%|██████▊   | 3942/5794 [00:55<00:26, 70.92it/s]
 68%|██████▊   | 3950/5794 [00:55<00:26, 70.74it/s]
 68%|██████▊   | 3958/5794 [00:55<00:25, 71.12it/s]
 68%|██████▊   | 3966/5794 [00:55<00:25, 71.41it/s]
 69%|██████▊   | 3974/5794 [00:55<00:25, 71.69it/s]
 69%|██████▊   | 3982/5794 [00:55<00:25, 71.85it/s]
 69%|██████▉   | 3990/5794 [00:56<00:25, 71.79it/s]
 69%|██████▉   | 3998/5794 [00:56<00:24, 71.91it/s]
 69%|██████▉   | 4006/5794 [00:56<00:24, 72.20it/s]
 69%|██████▉   | 4014/5794 [00:56<00:24, 72.24it/s]
 69%|██████▉   | 4022/5794 [00:56<00:24, 72.33it/s]
 70%|██████▉   | 4030/5794 [00:56<00:24, 72.40it/s]
 70%|██████▉   | 4038/5794 [00:56<00:24, 72.34it/s]
 70%|██████▉   | 4046/5794 [00:56<00:24, 72.29it/s]
 70%|██████▉   | 4054/5794 [00:56<00:24, 72.23it/s]
 70%|███████   | 4062/5794 [00:57<00:23, 72.46it/s]
 70%|███████   | 4070/5794 [00:57<00:23, 72.33it/s]
 70%|███████   | 4078/5794 [00:57<00:23, 72.54it/s]
 71%|███████   | 4086/5794 [00:57<00:23, 72.33it/s]
 71%|███████   | 4094/5794 [00:57<00:23, 72.45it/s]
 71%|███████   | 4102/5794 [00:57<00:23, 72.29it/s]
 71%|███████   | 4110/5794 [00:57<00:23, 72.44it/s]
 71%|███████   | 4118/5794 [00:57<00:23, 72.44it/s]
 71%|███████   | 4126/5794 [00:57<00:22, 72.56it/s]
 71%|███████▏  | 4134/5794 [00:58<00:22, 72.51it/s]
 71%|███████▏  | 4142/5794 [00:58<00:22, 72.64it/s]
 72%|███████▏  | 4150/5794 [00:58<00:22, 72.69it/s]
 72%|███████▏  | 4158/5794 [00:58<00:22, 72.48it/s]
 72%|███████▏  | 4166/5794 [00:58<00:22, 72.34it/s]
 72%|███████▏  | 4174/5794 [00:58<00:22, 72.06it/s]
 72%|███████▏  | 4182/5794 [00:58<00:22, 71.61it/s]
 72%|███████▏  | 4190/5794 [00:58<00:22, 71.29it/s]
 72%|███████▏  | 4198/5794 [00:58<00:22, 71.54it/s]
 73%|███████▎  | 4206/5794 [00:59<00:22, 70.97it/s]
 73%|███████▎  | 4214/5794 [00:59<00:22, 71.54it/s]
 73%|███████▎  | 4222/5794 [00:59<00:21, 71.78it/s]
 73%|███████▎  | 4230/5794 [00:59<00:21, 72.11it/s]
 73%|███████▎  | 4238/5794 [00:59<00:21, 72.16it/s]
 73%|███████▎  | 4246/5794 [00:59<00:21, 72.44it/s]
 73%|███████▎  | 4254/5794 [00:59<00:21, 72.33it/s]
 74%|███████▎  | 4262/5794 [00:59<00:21, 72.57it/s]
 74%|███████▎  | 4270/5794 [00:59<00:21, 72.36it/s]
 74%|███████▍  | 4278/5794 [01:00<00:20, 72.32it/s]
 74%|███████▍  | 4286/5794 [01:00<00:21, 71.60it/s]
 74%|███████▍  | 4294/5794 [01:00<00:21, 71.34it/s]
 74%|███████▍  | 4302/5794 [01:00<00:20, 71.76it/s]
 74%|███████▍  | 4310/5794 [01:00<00:20, 71.93it/s]
 75%|███████▍  | 4318/5794 [01:00<00:20, 72.19it/s]
 75%|███████▍  | 4326/5794 [01:00<00:20, 71.32it/s]
 75%|███████▍  | 4334/5794 [01:00<00:20, 71.55it/s]
 75%|███████▍  | 4342/5794 [01:00<00:20, 71.74it/s]
 75%|███████▌  | 4350/5794 [01:01<00:20, 72.01it/s]
 75%|███████▌  | 4358/5794 [01:01<00:19, 72.05it/s]
 75%|███████▌  | 4366/5794 [01:01<00:19, 72.31it/s]
 75%|███████▌  | 4374/5794 [01:01<00:19, 72.32it/s]
 76%|███████▌  | 4382/5794 [01:01<00:19, 72.65it/s]
 76%|███████▌  | 4390/5794 [01:01<00:19, 72.61it/s]
 76%|███████▌  | 4398/5794 [01:01<00:19, 72.74it/s]
 76%|███████▌  | 4406/5794 [01:01<00:19, 72.40it/s]
 76%|███████▌  | 4414/5794 [01:01<00:19, 71.85it/s]
 76%|███████▋  | 4422/5794 [01:02<00:19, 71.89it/s]
 76%|███████▋  | 4430/5794 [01:02<00:19, 71.72it/s]
 77%|███████▋  | 4438/5794 [01:02<00:18, 71.73it/s]
 77%|███████▋  | 4446/5794 [01:02<00:18, 71.68it/s]
 77%|███████▋  | 4454/5794 [01:02<00:18, 71.57it/s]
 77%|███████▋  | 4462/5794 [01:02<00:18, 71.57it/s]
 77%|███████▋  | 4470/5794 [01:02<00:18, 71.64it/s]
 77%|███████▋  | 4478/5794 [01:02<00:18, 71.62it/s]
 77%|███████▋  | 4486/5794 [01:02<00:18, 71.76it/s]
 78%|███████▊  | 4494/5794 [01:03<00:18, 71.79it/s]
 78%|███████▊  | 4502/5794 [01:03<00:17, 71.89it/s]
 78%|███████▊  | 4510/5794 [01:03<00:17, 71.85it/s]
 78%|███████▊  | 4518/5794 [01:03<00:17, 71.99it/s]
 78%|███████▊  | 4526/5794 [01:03<00:17, 71.93it/s]
 78%|███████▊  | 4534/5794 [01:03<00:17, 71.72it/s]
 78%|███████▊  | 4542/5794 [01:03<00:17, 71.69it/s]
 79%|███████▊  | 4550/5794 [01:03<00:17, 71.88it/s]
 79%|███████▊  | 4558/5794 [01:03<00:17, 71.90it/s]
 79%|███████▉  | 4566/5794 [01:04<00:17, 71.90it/s]
 79%|███████▉  | 4574/5794 [01:04<00:16, 72.00it/s]
 79%|███████▉  | 4582/5794 [01:04<00:16, 71.95it/s]
 79%|███████▉  | 4590/5794 [01:04<00:16, 72.06it/s]
 79%|███████▉  | 4598/5794 [01:04<00:16, 71.98it/s]
 79%|███████▉  | 4606/5794 [01:04<00:16, 72.08it/s]
 80%|███████▉  | 4614/5794 [01:04<00:16, 71.92it/s]
 80%|███████▉  | 4622/5794 [01:04<00:16, 72.00it/s]
 80%|███████▉  | 4630/5794 [01:04<00:16, 71.90it/s]
 80%|████████  | 4638/5794 [01:05<00:16, 71.28it/s]
 80%|████████  | 4646/5794 [01:05<00:16, 70.31it/s]
 80%|████████  | 4654/5794 [01:05<00:16, 69.77it/s]
 80%|████████  | 4662/5794 [01:05<00:16, 70.07it/s]
 81%|████████  | 4670/5794 [01:05<00:16, 69.64it/s]
 81%|████████  | 4678/5794 [01:05<00:15, 70.03it/s]
 81%|████████  | 4686/5794 [01:05<00:15, 70.55it/s]
 81%|████████  | 4694/5794 [01:05<00:15, 70.53it/s]
 81%|████████  | 4702/5794 [01:05<00:15, 70.64it/s]
 81%|████████▏ | 4710/5794 [01:06<00:15, 70.82it/s]
 81%|████████▏ | 4718/5794 [01:06<00:15, 70.98it/s]
 82%|████████▏ | 4726/5794 [01:06<00:15, 70.23it/s]
 82%|████████▏ | 4734/5794 [01:06<00:15, 70.51it/s]
 82%|████████▏ | 4742/5794 [01:06<00:14, 70.80it/s]
 82%|████████▏ | 4750/5794 [01:06<00:14, 70.86it/s]
 82%|████████▏ | 4758/5794 [01:06<00:14, 71.45it/s]
 82%|████████▏ | 4766/5794 [01:06<00:14, 71.69it/s]
 82%|████████▏ | 4774/5794 [01:06<00:14, 71.95it/s]
 83%|████████▎ | 4782/5794 [01:07<00:14, 71.94it/s]
 83%|████████▎ | 4790/5794 [01:07<00:13, 72.07it/s]
 83%|████████▎ | 4798/5794 [01:07<00:13, 71.72it/s]
 83%|████████▎ | 4806/5794 [01:07<00:13, 71.80it/s]
 83%|████████▎ | 4814/5794 [01:07<00:13, 71.39it/s]
 83%|████████▎ | 4822/5794 [01:07<00:13, 71.58it/s]
 83%|████████▎ | 4830/5794 [01:07<00:13, 70.74it/s]
 84%|████████▎ | 4838/5794 [01:07<00:13, 70.54it/s]
 84%|████████▎ | 4846/5794 [01:07<00:13, 70.85it/s]
 84%|████████▍ | 4854/5794 [01:08<00:13, 70.85it/s]
 84%|████████▍ | 4862/5794 [01:08<00:13, 70.85it/s]
 84%|████████▍ | 4870/5794 [01:08<00:13, 70.80it/s]
 84%|████████▍ | 4878/5794 [01:08<00:12, 71.06it/s]
 84%|████████▍ | 4886/5794 [01:08<00:12, 71.05it/s]
 84%|████████▍ | 4894/5794 [01:08<00:12, 71.30it/s]
 85%|████████▍ | 4902/5794 [01:08<00:12, 70.79it/s]
 85%|████████▍ | 4910/5794 [01:08<00:12, 71.00it/s]
 85%|████████▍ | 4918/5794 [01:08<00:12, 71.04it/s]
 85%|████████▌ | 4926/5794 [01:09<00:12, 71.27it/s]
 85%|████████▌ | 4934/5794 [01:09<00:12, 70.98it/s]
 85%|████████▌ | 4942/5794 [01:09<00:11, 71.30it/s]
 85%|████████▌ | 4950/5794 [01:09<00:11, 71.30it/s]
 86%|████████▌ | 4958/5794 [01:09<00:11, 71.48it/s]
 86%|████████▌ | 4966/5794 [01:09<00:11, 71.58it/s]
 86%|████████▌ | 4974/5794 [01:09<00:11, 71.53it/s]
 86%|████████▌ | 4982/5794 [01:09<00:11, 71.63it/s]
 86%|████████▌ | 4990/5794 [01:10<00:11, 71.64it/s]
 86%|████████▋ | 4998/5794 [01:10<00:11, 70.15it/s]
 86%|████████▋ | 5006/5794 [01:10<00:11, 69.82it/s]
 87%|████████▋ | 5014/5794 [01:10<00:11, 70.28it/s]
 87%|████████▋ | 5022/5794 [01:10<00:11, 69.91it/s]
 87%|████████▋ | 5030/5794 [01:10<00:10, 69.99it/s]
 87%|████████▋ | 5038/5794 [01:10<00:10, 69.97it/s]
 87%|████████▋ | 5046/5794 [01:10<00:10, 70.16it/s]
 87%|████████▋ | 5054/5794 [01:10<00:10, 70.46it/s]
 87%|████████▋ | 5062/5794 [01:11<00:10, 70.41it/s]
 88%|████████▊ | 5070/5794 [01:11<00:10, 70.09it/s]
 88%|████████▊ | 5078/5794 [01:11<00:10, 70.46it/s]
 88%|████████▊ | 5086/5794 [01:11<00:10, 70.72it/s]
 88%|████████▊ | 5094/5794 [01:11<00:09, 71.02it/s]
 88%|████████▊ | 5102/5794 [01:11<00:09, 71.20it/s]
 88%|████████▊ | 5110/5794 [01:11<00:09, 71.00it/s]
 88%|████████▊ | 5118/5794 [01:11<00:09, 71.22it/s]
 88%|████████▊ | 5126/5794 [01:11<00:09, 71.21it/s]
 89%|████████▊ | 5134/5794 [01:12<00:09, 71.45it/s]
 89%|████████▊ | 5142/5794 [01:12<00:09, 70.59it/s]
 89%|████████▉ | 5150/5794 [01:12<00:09, 71.02it/s]
 89%|████████▉ | 5158/5794 [01:12<00:08, 71.17it/s]
 89%|████████▉ | 5166/5794 [01:12<00:08, 71.39it/s]
 89%|████████▉ | 5174/5794 [01:12<00:08, 71.26it/s]
 89%|████████▉ | 5182/5794 [01:12<00:08, 71.35it/s]
 90%|████████▉ | 5190/5794 [01:12<00:08, 71.32it/s]
 90%|████████▉ | 5198/5794 [01:12<00:08, 71.50it/s]
 90%|████████▉ | 5206/5794 [01:13<00:08, 71.46it/s]
 90%|████████▉ | 5214/5794 [01:13<00:08, 71.62it/s]
 90%|█████████ | 5222/5794 [01:13<00:07, 71.56it/s]
 90%|█████████ | 5230/5794 [01:13<00:07, 71.76it/s]
 90%|█████████ | 5238/5794 [01:13<00:07, 71.71it/s]
 91%|█████████ | 5246/5794 [01:13<00:07, 71.67it/s]
 91%|█████████ | 5254/5794 [01:13<00:07, 71.74it/s]
 91%|█████████ | 5262/5794 [01:13<00:07, 71.71it/s]
 91%|█████████ | 5270/5794 [01:13<00:07, 71.79it/s]
 91%|█████████ | 5278/5794 [01:14<00:07, 71.64it/s]
 91%|█████████ | 5286/5794 [01:14<00:07, 71.77it/s]
 91%|█████████▏| 5294/5794 [01:14<00:06, 71.70it/s]
 92%|█████████▏| 5302/5794 [01:14<00:06, 71.88it/s]
 92%|█████████▏| 5310/5794 [01:14<00:06, 71.71it/s]
 92%|█████████▏| 5318/5794 [01:14<00:06, 71.84it/s]
 92%|█████████▏| 5326/5794 [01:14<00:06, 71.63it/s]
 92%|█████████▏| 5334/5794 [01:14<00:06, 71.77it/s]
 92%|█████████▏| 5342/5794 [01:14<00:06, 71.61it/s]
 92%|█████████▏| 5350/5794 [01:15<00:06, 71.22it/s]
 92%|█████████▏| 5358/5794 [01:15<00:06, 70.91it/s]
 93%|█████████▎| 5366/5794 [01:15<00:06, 71.02it/s]
 93%|█████████▎| 5374/5794 [01:15<00:05, 71.28it/s]
 93%|█████████▎| 5382/5794 [01:15<00:05, 71.36it/s]
 93%|█████████▎| 5390/5794 [01:15<00:05, 71.52it/s]
 93%|█████████▎| 5398/5794 [01:15<00:05, 71.88it/s]
 93%|█████████▎| 5406/5794 [01:15<00:05, 72.34it/s]
 93%|█████████▎| 5414/5794 [01:15<00:05, 72.45it/s]
 94%|█████████▎| 5422/5794 [01:16<00:05, 72.70it/s]
 94%|█████████▎| 5430/5794 [01:16<00:05, 72.31it/s]
 94%|█████████▍| 5438/5794 [01:16<00:04, 72.22it/s]
 94%|█████████▍| 5446/5794 [01:16<00:04, 72.36it/s]
 94%|█████████▍| 5454/5794 [01:16<00:04, 72.59it/s]
 94%|█████████▍| 5462/5794 [01:16<00:04, 72.58it/s]
 94%|█████████▍| 5470/5794 [01:16<00:04, 72.81it/s]
 95%|█████████▍| 5478/5794 [01:16<00:04, 72.76it/s]
 95%|█████████▍| 5486/5794 [01:16<00:04, 72.99it/s]
 95%|█████████▍| 5494/5794 [01:17<00:04, 72.92it/s]
 95%|█████████▍| 5502/5794 [01:17<00:03, 73.14it/s]
 95%|█████████▌| 5510/5794 [01:17<00:03, 73.19it/s]
 95%|█████████▌| 5518/5794 [01:17<00:03, 73.16it/s]
 95%|█████████▌| 5526/5794 [01:17<00:03, 73.23it/s]
 96%|█████████▌| 5534/5794 [01:17<00:03, 73.04it/s]
 96%|█████████▌| 5542/5794 [01:17<00:03, 73.15it/s]
 96%|█████████▌| 5550/5794 [01:17<00:03, 72.98it/s]
 96%|█████████▌| 5558/5794 [01:17<00:03, 73.07it/s]
 96%|█████████▌| 5566/5794 [01:18<00:03, 72.95it/s]
 96%|█████████▌| 5574/5794 [01:18<00:03, 73.11it/s]
 96%|█████████▋| 5582/5794 [01:18<00:02, 73.07it/s]
 96%|█████████▋| 5590/5794 [01:18<00:02, 73.16it/s]
 97%|█████████▋| 5598/5794 [01:18<00:02, 73.03it/s]
 97%|█████████▋| 5606/5794 [01:18<00:02, 73.18it/s]
 97%|█████████▋| 5614/5794 [01:18<00:02, 72.91it/s]
 97%|█████████▋| 5622/5794 [01:18<00:02, 73.09it/s]
 97%|█████████▋| 5630/5794 [01:18<00:02, 72.97it/s]
 97%|█████████▋| 5638/5794 [01:19<00:02, 73.06it/s]
 97%|█████████▋| 5646/5794 [01:19<00:02, 73.17it/s]
 98%|█████████▊| 5654/5794 [01:19<00:01, 73.10it/s]
 98%|█████████▊| 5662/5794 [01:19<00:01, 73.20it/s]
 98%|█████████▊| 5670/5794 [01:19<00:01, 73.10it/s]
 98%|█████████▊| 5678/5794 [01:19<00:01, 73.11it/s]
 98%|█████████▊| 5686/5794 [01:19<00:01, 72.19it/s]
 98%|█████████▊| 5694/5794 [01:19<00:01, 72.54it/s]
 98%|█████████▊| 5702/5794 [01:19<00:01, 72.64it/s]
 99%|█████████▊| 5710/5794 [01:20<00:01, 72.88it/s]
 99%|█████████▊| 5718/5794 [01:20<00:01, 71.61it/s]
 99%|█████████▉| 5726/5794 [01:20<00:00, 71.99it/s]
 99%|█████████▉| 5734/5794 [01:20<00:00, 72.16it/s]
 99%|█████████▉| 5742/5794 [01:20<00:00, 72.54it/s]
 99%|█████████▉| 5750/5794 [01:20<00:00, 72.58it/s]
 99%|█████████▉| 5758/5794 [01:20<00:00, 72.90it/s]
100%|█████████▉| 5766/5794 [01:20<00:00, 72.84it/s]
100%|█████████▉| 5774/5794 [01:20<00:00, 73.00it/s]
100%|█████████▉| 5782/5794 [01:21<00:00, 73.17it/s]
100%|█████████▉| 5790/5794 [01:21<00:00, 73.14it/s]
100%|██████████| 5794/5794 [01:21<00:00, 71.31it/s]
BALANCED ACCS CHECKED FOR TEST
TEST SET RESULTS FOR CHECKPOINT trained_weights/waterbirds/upweight_waterbird_complete95_forest2water2_21050491_trial_000/best_balanced_valacc_0.67_epoch_0.ckpt
test_acc: 0.6536071798412151
balanced_test_acc: 0.6632916813450207
Land_on_Land_test_acc: 0.9778270509977827
Land_on_Water_test_acc: 0.3139689578713969
Water_on_Land_test_acc: 0.3987538940809969
Water_on_Water_test_acc: 0.9626168224299065
test_acc_Waterbird: 0.6806853582554517
test_acc_Landbird: 0.6458980044345898
