[CMD] /home/ryreu/miniconda3/envs/gals_a100/bin/python -u main.py --config configs/waterbirds_95_gals_vit.yaml --name gals_waterbird_complete95_forest2water2_21050510_trial_000 DATA.ROOT=/home/ryreu/guided_cnn/waterbirds DATA.WATERBIRDS_DIR=waterbird_complete95_forest2water2 SEED=0 EXP.BASE.LR=0.0010000000000000002 EXP.CLASSIFIER.LR=9.999999999999991e-05 EXP.WEIGHT_DECAY=9.999999999999997e-06 EXP.AUX_LOSSES_ON_VAL=False EXP.LOSSES.GRADIENT_OUTSIDE.WEIGHT=10.000000000000002 EXP.NUM_EPOCHS=1
SEED: 0
DATA:
  BATCH_SIZE: 96
  NUM_WORKERS: 4
  SIZE: 224
  NORMALIZATION: imagenet
  ATTENTION_DIR: clip_vit_attention
  SEPARATE_CLASSES: false
  REMOVE_BACKGROUND: false
  ROOT: /home/ryreu/guided_cnn/waterbirds
  USE_CLASS_WEIGHTS: false
  USE_GROUP_WEIGHTS: false
  DATASET: waterbirds
  NUM_CLASSES: 2
  CONFOUNDING_FACTOR: 0.95
  WATERBIRDS_DIR: waterbird_complete95_forest2water2
EXP:
  NUM_TRIALS: 1
  LOSSES:
    CLASSIFICATION:
      WEIGHT: 1
    GRADIENT_OUTSIDE:
      COMPUTE: true
      LOG: false
      WEIGHT: 10.000000000000002
      CRITERION: L1
      GT: clip_vit
      COMBINE_ATT_MODE: average_nonzero
    GRADIENT_INSIDE:
      COMPUTE: false
      LOG: false
      WEIGHT: 1
      CRITERION: L1
      GT: segmentation
      COMBINE_ATT_MODE: average_nonzero
    GRADCAM:
      COMPUTE: false
      LOG: false
      WEIGHT: 1
      CRITERION: L1
      GT: segmentation
      MODE: match
      COMBINE_ATT_MODE: average_nonzero
  APPROACH: generic
  MODEL: resnet50
  PRETRAINED: true
  NUM_EPOCHS: 1
  OPTIMIZER: SGD
  WEIGHT_DECAY: 9.999999999999997e-06
  MOMENTUM: 0.9
  SCHEDULER: NONE
  BASE:
    LR: 0.0010000000000000002
  CLASSIFIER:
    LR: 9.999999999999991e-05
  AUX_LOSSES_ON_VAL: false
LOGGING:
  SAVE_EVERY: 0
  SAVE_BEST: true
  SAVE_LAST: false
  LOG_ATTENTION: false
  LOG_ATTENTION_STEP: 10
  SAVE_STATS_PATH: null
yaml: configs/waterbirds_95_gals_vit.yaml
name: gals_waterbird_complete95_forest2water2_21050510_trial_000
test_checkpoint: null

WATERBIRDS DIR: /home/ryreu/guided_cnn/waterbirds/waterbird_complete95_forest2water2
NUMBER OF SAMPLES WITH LABEL Landbird: 3682
NUMBER OF SAMPLES WITH LABEL Waterbird: 1113
NUMBER OF SAMPLES WITH GROUP Land_on_Land: 3498
NUMBER OF SAMPLES WITH GROUP Land_on_Water: 184
NUMBER OF SAMPLES WITH GROUP Water_on_Land: 56
NUMBER OF SAMPLES WITH GROUP Water_on_Water: 1057
WATERBIRDS DIR: /home/ryreu/guided_cnn/waterbirds/waterbird_complete95_forest2water2
NUMBER OF SAMPLES WITH LABEL Landbird: 933
NUMBER OF SAMPLES WITH LABEL Waterbird: 266
NUMBER OF SAMPLES WITH GROUP Land_on_Land: 467
NUMBER OF SAMPLES WITH GROUP Land_on_Water: 466
NUMBER OF SAMPLES WITH GROUP Water_on_Land: 133
NUMBER OF SAMPLES WITH GROUP Water_on_Water: 133
NUM TRAIN: 4795

NUM VAL:   1199

Number classifier outputs: 1
Using pretrained model: True
USING SGD OPTIMIZER
class weights: None
group weights: None
WANDB DISABLED: skipping wandb.init()
EPOCH: 0

>>> TRAINING 


  0%|          | 0/50 [00:00<?, ?it/s]
  2%|▏         | 1/50 [00:04<03:36,  4.43s/it]
  4%|▍         | 2/50 [00:05<01:58,  2.47s/it]
  6%|▌         | 3/50 [00:06<01:26,  1.84s/it]
  8%|▊         | 4/50 [00:07<01:11,  1.55s/it]
 10%|█         | 5/50 [00:08<01:02,  1.39s/it]
 12%|█▏        | 6/50 [00:09<00:56,  1.28s/it]
 14%|█▍        | 7/50 [00:10<00:52,  1.22s/it]
 16%|█▌        | 8/50 [00:12<00:49,  1.17s/it]
 18%|█▊        | 9/50 [00:13<00:47,  1.15s/it]
 20%|██        | 10/50 [00:14<00:45,  1.13s/it]
 22%|██▏       | 11/50 [00:15<00:43,  1.11s/it]
 24%|██▍       | 12/50 [00:16<00:42,  1.11s/it]
 26%|██▌       | 13/50 [00:17<00:41,  1.11s/it]
 28%|██▊       | 14/50 [00:18<00:39,  1.11s/it]
 30%|███       | 15/50 [00:19<00:38,  1.11s/it]
 32%|███▏      | 16/50 [00:20<00:37,  1.10s/it]
 34%|███▍      | 17/50 [00:21<00:36,  1.11s/it]
 36%|███▌      | 18/50 [00:23<00:35,  1.11s/it]
 38%|███▊      | 19/50 [00:24<00:34,  1.11s/it]
 40%|████      | 20/50 [00:25<00:33,  1.10s/it]
 42%|████▏     | 21/50 [00:26<00:32,  1.10s/it]
 44%|████▍     | 22/50 [00:27<00:30,  1.10s/it]
 46%|████▌     | 23/50 [00:28<00:29,  1.09s/it]
 48%|████▊     | 24/50 [00:29<00:28,  1.10s/it]
 50%|█████     | 25/50 [00:30<00:27,  1.10s/it]
 52%|█████▏    | 26/50 [00:31<00:26,  1.10s/it]
 54%|█████▍    | 27/50 [00:32<00:25,  1.10s/it]
 56%|█████▌    | 28/50 [00:34<00:24,  1.10s/it]
 58%|█████▊    | 29/50 [00:35<00:23,  1.10s/it]
 60%|██████    | 30/50 [00:36<00:21,  1.09s/it]
 62%|██████▏   | 31/50 [00:37<00:20,  1.09s/it]
 64%|██████▍   | 32/50 [00:38<00:19,  1.08s/it]
 66%|██████▌   | 33/50 [00:39<00:18,  1.09s/it]
 68%|██████▊   | 34/50 [00:40<00:17,  1.08s/it]
 70%|███████   | 35/50 [00:41<00:16,  1.08s/it]
 72%|███████▏  | 36/50 [00:42<00:15,  1.08s/it]
 74%|███████▍  | 37/50 [00:43<00:14,  1.08s/it]
 76%|███████▌  | 38/50 [00:44<00:12,  1.08s/it]
 78%|███████▊  | 39/50 [00:45<00:11,  1.08s/it]
 80%|████████  | 40/50 [00:46<00:10,  1.08s/it]
 82%|████████▏ | 41/50 [00:48<00:09,  1.08s/it]
 84%|████████▍ | 42/50 [00:49<00:08,  1.08s/it]
 86%|████████▌ | 43/50 [00:50<00:07,  1.08s/it]
 88%|████████▊ | 44/50 [00:51<00:06,  1.08s/it]
 90%|█████████ | 45/50 [00:52<00:05,  1.08s/it]
 92%|█████████▏| 46/50 [00:53<00:04,  1.08s/it]
 94%|█████████▍| 47/50 [00:54<00:03,  1.08s/it]
 96%|█████████▌| 48/50 [00:55<00:02,  1.08s/it]
 98%|█████████▊| 49/50 [00:56<00:01,  1.08s/it]
100%|██████████| 50/50 [00:57<00:00,  1.07s/it]
100%|██████████| 50/50 [00:57<00:00,  1.16s/it]
>>> VALIDATING 


  0%|          | 0/13 [00:00<?, ?it/s]
  8%|▊         | 1/13 [00:01<00:12,  1.07s/it]
 23%|██▎       | 3/13 [00:01<00:03,  2.99it/s]
 38%|███▊      | 5/13 [00:01<00:02,  3.19it/s]
 54%|█████▍    | 7/13 [00:01<00:01,  4.72it/s]
 69%|██████▉   | 9/13 [00:02<00:00,  4.16it/s]
 85%|████████▍ | 11/13 [00:02<00:00,  5.48it/s]
100%|██████████| 13/13 [00:02<00:00,  6.64it/s]
100%|██████████| 13/13 [00:02<00:00,  4.44it/s]
>>> LOGGING 

BALANCED ACCS CHECKED FOR TRAIN
BALANCED ACCS CHECKED FOR VAL
train_acc: 0.7067778936392075
val_acc: 0.713094245204337
train_cls_loss: 0.49542282981345503
val_cls_loss: 0.52809833426392
train_total_loss: 0.4954488380111917
val_total_loss: 0.52809833426392
balanced_train_acc: 0.5683488260071946
balanced_val_acc: 0.5455459388019889
Land_on_Land_train_acc: 0.8319039451114922
Land_on_Land_val_acc: 0.9978586723768736
Land_on_Water_train_acc: 0.7282608695652174
Land_on_Water_val_acc: 0.6952789699570815
Water_on_Land_train_acc: 0.14285714285714285
Water_on_Land_val_acc: 0.007518796992481203
Water_on_Water_train_acc: 0.31882686849574265
Water_on_Water_val_acc: 0.48120300751879697
train_dydx_outside_clip_vit_loss: 2.6005404255294888e-05
train_acc_Landbird: 0.8267246061922868
train_acc_Waterbird: 0.30997304582210244
val_acc_Landbird: 0.8467309753483387
val_acc_Waterbird: 0.24436090225563908
TRAIN ACC:        0.7067778936392075
VAL ACC:          0.713094245204337
BALANCED VAL ACC: 0.5455459388019889
prev best list: []
Saving to trained_weights/waterbirds/gals_waterbird_complete95_forest2water2_21050510_trial_000/best_balanced_valacc_0.55_epoch_0.ckpt
>>> EVALUATING ON TEST SET
WATERBIRDS DIR: /home/ryreu/guided_cnn/waterbirds/waterbird_complete95_forest2water2
NUMBER OF SAMPLES WITH LABEL Landbird: 4510
NUMBER OF SAMPLES WITH LABEL Waterbird: 1284
NUMBER OF SAMPLES WITH GROUP Land_on_Land: 2255
NUMBER OF SAMPLES WITH GROUP Land_on_Water: 2255
NUMBER OF SAMPLES WITH GROUP Water_on_Land: 642
NUMBER OF SAMPLES WITH GROUP Water_on_Water: 642
NUM TEST:   5794

Loaded checkpoint trained_weights/waterbirds/gals_waterbird_complete95_forest2water2_21050510_trial_000/best_balanced_valacc_0.55_epoch_0.ckpt

  0%|          | 0/5794 [00:00<?, ?it/s]
  0%|          | 1/5794 [00:00<25:19,  3.81it/s]
  0%|          | 8/5794 [00:00<03:41, 26.07it/s]
  0%|          | 16/5794 [00:00<02:17, 41.91it/s]
  0%|          | 23/5794 [00:00<01:54, 50.44it/s]
  1%|          | 31/5794 [00:00<01:40, 57.41it/s]
  1%|          | 39/5794 [00:00<01:33, 61.82it/s]
  1%|          | 46/5794 [00:00<01:29, 63.97it/s]
  1%|          | 54/5794 [00:01<01:27, 65.97it/s]
  1%|          | 62/5794 [00:01<01:24, 67.64it/s]
  1%|          | 70/5794 [00:01<01:23, 68.80it/s]
  1%|▏         | 78/5794 [00:01<01:22, 69.42it/s]
  1%|▏         | 86/5794 [00:01<01:21, 70.00it/s]
  2%|▏         | 94/5794 [00:01<01:21, 70.25it/s]
  2%|▏         | 102/5794 [00:01<01:20, 70.45it/s]
  2%|▏         | 110/5794 [00:01<01:20, 70.51it/s]
  2%|▏         | 118/5794 [00:01<01:20, 70.28it/s]
  2%|▏         | 126/5794 [00:02<01:22, 69.08it/s]
  2%|▏         | 133/5794 [00:02<01:22, 68.96it/s]
  2%|▏         | 140/5794 [00:02<01:25, 66.44it/s]
  3%|▎         | 147/5794 [00:02<01:26, 64.96it/s]
  3%|▎         | 154/5794 [00:02<01:27, 64.32it/s]
  3%|▎         | 161/5794 [00:02<01:28, 63.39it/s]
  3%|▎         | 169/5794 [00:02<01:25, 65.82it/s]
  3%|▎         | 176/5794 [00:02<01:25, 65.53it/s]
  3%|▎         | 183/5794 [00:02<01:26, 64.55it/s]
  3%|▎         | 190/5794 [00:03<01:27, 63.74it/s]
  3%|▎         | 198/5794 [00:03<01:25, 65.82it/s]
  4%|▎         | 205/5794 [00:03<01:24, 66.53it/s]
  4%|▎         | 212/5794 [00:03<01:23, 67.22it/s]
  4%|▍         | 220/5794 [00:03<01:21, 68.79it/s]
  4%|▍         | 228/5794 [00:03<01:19, 69.60it/s]
  4%|▍         | 236/5794 [00:03<01:18, 70.63it/s]
  4%|▍         | 244/5794 [00:03<01:18, 70.92it/s]
  4%|▍         | 252/5794 [00:03<01:17, 71.51it/s]
  4%|▍         | 260/5794 [00:04<01:17, 71.84it/s]
  5%|▍         | 268/5794 [00:04<01:16, 71.94it/s]
  5%|▍         | 276/5794 [00:04<01:16, 72.09it/s]
  5%|▍         | 284/5794 [00:04<01:16, 72.08it/s]
  5%|▌         | 292/5794 [00:04<01:16, 71.89it/s]
  5%|▌         | 300/5794 [00:04<01:16, 72.19it/s]
  5%|▌         | 308/5794 [00:04<01:16, 72.18it/s]
  5%|▌         | 316/5794 [00:04<01:16, 71.90it/s]
  6%|▌         | 324/5794 [00:04<01:16, 71.70it/s]
  6%|▌         | 332/5794 [00:05<01:16, 71.54it/s]
  6%|▌         | 340/5794 [00:05<01:16, 71.51it/s]
  6%|▌         | 348/5794 [00:05<01:16, 71.33it/s]
  6%|▌         | 356/5794 [00:05<01:16, 71.38it/s]
  6%|▋         | 364/5794 [00:05<01:16, 71.33it/s]
  6%|▋         | 372/5794 [00:05<01:16, 71.14it/s]
  7%|▋         | 380/5794 [00:05<01:16, 71.15it/s]
  7%|▋         | 388/5794 [00:05<01:18, 69.18it/s]
  7%|▋         | 396/5794 [00:05<01:17, 69.93it/s]
  7%|▋         | 404/5794 [00:06<01:16, 70.52it/s]
  7%|▋         | 412/5794 [00:06<01:15, 70.93it/s]
  7%|▋         | 420/5794 [00:06<01:15, 70.99it/s]
  7%|▋         | 428/5794 [00:06<01:15, 70.66it/s]
  8%|▊         | 436/5794 [00:06<01:15, 70.53it/s]
  8%|▊         | 444/5794 [00:06<01:15, 70.61it/s]
  8%|▊         | 452/5794 [00:06<01:15, 70.65it/s]
  8%|▊         | 460/5794 [00:06<01:15, 70.78it/s]
  8%|▊         | 468/5794 [00:06<01:15, 70.48it/s]
  8%|▊         | 476/5794 [00:07<01:15, 70.75it/s]
  8%|▊         | 484/5794 [00:07<01:14, 70.82it/s]
  8%|▊         | 492/5794 [00:07<01:14, 71.10it/s]
  9%|▊         | 500/5794 [00:07<01:15, 70.51it/s]
  9%|▉         | 508/5794 [00:07<01:14, 70.75it/s]
  9%|▉         | 516/5794 [00:07<01:16, 69.13it/s]
  9%|▉         | 524/5794 [00:07<01:15, 69.75it/s]
  9%|▉         | 532/5794 [00:07<01:15, 70.14it/s]
  9%|▉         | 540/5794 [00:07<01:14, 70.45it/s]
  9%|▉         | 548/5794 [00:08<01:14, 70.53it/s]
 10%|▉         | 556/5794 [00:08<01:14, 70.40it/s]
 10%|▉         | 564/5794 [00:08<01:14, 70.58it/s]
 10%|▉         | 572/5794 [00:08<01:16, 68.38it/s]
 10%|▉         | 579/5794 [00:08<01:17, 67.08it/s]
 10%|█         | 586/5794 [00:08<01:19, 65.81it/s]
 10%|█         | 593/5794 [00:08<01:19, 65.14it/s]
 10%|█         | 600/5794 [00:08<01:20, 64.40it/s]
 10%|█         | 607/5794 [00:09<01:20, 64.22it/s]
 11%|█         | 614/5794 [00:09<01:21, 63.81it/s]
 11%|█         | 621/5794 [00:09<01:21, 63.61it/s]
 11%|█         | 628/5794 [00:09<01:21, 63.54it/s]
 11%|█         | 635/5794 [00:09<01:21, 63.30it/s]
 11%|█         | 642/5794 [00:09<01:21, 63.47it/s]
 11%|█         | 649/5794 [00:09<01:21, 63.36it/s]
 11%|█▏        | 656/5794 [00:09<01:20, 63.51it/s]
 11%|█▏        | 663/5794 [00:09<01:20, 63.53it/s]
 12%|█▏        | 670/5794 [00:09<01:20, 63.52it/s]
 12%|█▏        | 677/5794 [00:10<01:20, 63.55it/s]
 12%|█▏        | 684/5794 [00:10<01:20, 63.51it/s]
 12%|█▏        | 691/5794 [00:10<01:19, 64.59it/s]
 12%|█▏        | 699/5794 [00:10<01:16, 66.67it/s]
 12%|█▏        | 707/5794 [00:10<01:14, 67.94it/s]
 12%|█▏        | 715/5794 [00:10<01:13, 68.77it/s]
 12%|█▏        | 723/5794 [00:10<01:12, 69.79it/s]
 13%|█▎        | 731/5794 [00:10<01:11, 70.98it/s]
 13%|█▎        | 739/5794 [00:10<01:10, 71.47it/s]
 13%|█▎        | 747/5794 [00:11<01:10, 71.77it/s]
 13%|█▎        | 755/5794 [00:11<01:09, 72.05it/s]
 13%|█▎        | 763/5794 [00:11<01:09, 72.07it/s]
 13%|█▎        | 771/5794 [00:11<01:10, 71.61it/s]
 13%|█▎        | 779/5794 [00:11<01:09, 72.15it/s]
 14%|█▎        | 787/5794 [00:11<01:09, 71.81it/s]
 14%|█▎        | 795/5794 [00:11<01:09, 71.96it/s]
 14%|█▍        | 803/5794 [00:11<01:09, 71.91it/s]
 14%|█▍        | 811/5794 [00:11<01:09, 71.28it/s]
 14%|█▍        | 819/5794 [00:12<01:10, 70.77it/s]
 14%|█▍        | 827/5794 [00:12<01:09, 71.15it/s]
 14%|█▍        | 835/5794 [00:12<01:09, 71.31it/s]
 15%|█▍        | 843/5794 [00:12<01:09, 71.33it/s]
 15%|█▍        | 851/5794 [00:12<01:09, 71.56it/s]
 15%|█▍        | 859/5794 [00:12<01:08, 71.55it/s]
 15%|█▍        | 867/5794 [00:12<01:09, 71.34it/s]
 15%|█▌        | 875/5794 [00:12<01:09, 71.17it/s]
 15%|█▌        | 883/5794 [00:13<01:09, 70.90it/s]
 15%|█▌        | 891/5794 [00:13<01:08, 71.07it/s]
 16%|█▌        | 899/5794 [00:13<01:08, 71.38it/s]
 16%|█▌        | 907/5794 [00:13<01:08, 71.55it/s]
 16%|█▌        | 915/5794 [00:13<01:08, 71.30it/s]
 16%|█▌        | 923/5794 [00:13<01:09, 70.58it/s]
 16%|█▌        | 931/5794 [00:13<01:09, 70.04it/s]
 16%|█▌        | 939/5794 [00:13<01:09, 69.97it/s]
 16%|█▋        | 946/5794 [00:13<01:09, 69.79it/s]
 16%|█▋        | 953/5794 [00:14<01:09, 69.40it/s]
 17%|█▋        | 960/5794 [00:14<01:09, 69.17it/s]
 17%|█▋        | 968/5794 [00:14<01:09, 69.53it/s]
 17%|█▋        | 975/5794 [00:14<01:10, 67.88it/s]
 17%|█▋        | 982/5794 [00:14<01:10, 68.36it/s]
 17%|█▋        | 989/5794 [00:14<01:09, 68.68it/s]
 17%|█▋        | 996/5794 [00:14<01:09, 69.05it/s]
 17%|█▋        | 1003/5794 [00:14<01:09, 69.21it/s]
 17%|█▋        | 1010/5794 [00:14<01:09, 69.12it/s]
 18%|█▊        | 1018/5794 [00:14<01:08, 69.60it/s]
 18%|█▊        | 1025/5794 [00:15<01:08, 69.23it/s]
 18%|█▊        | 1032/5794 [00:15<01:08, 69.08it/s]
 18%|█▊        | 1039/5794 [00:15<01:10, 67.52it/s]
 18%|█▊        | 1046/5794 [00:15<01:12, 65.79it/s]
 18%|█▊        | 1053/5794 [00:15<01:12, 65.19it/s]
 18%|█▊        | 1060/5794 [00:15<01:13, 64.30it/s]
 18%|█▊        | 1067/5794 [00:15<01:14, 63.73it/s]
 19%|█▊        | 1074/5794 [00:15<01:14, 62.97it/s]
 19%|█▊        | 1081/5794 [00:15<01:15, 62.52it/s]
 19%|█▉        | 1088/5794 [00:16<01:15, 62.70it/s]
 19%|█▉        | 1095/5794 [00:16<01:15, 62.64it/s]
 19%|█▉        | 1102/5794 [00:16<01:15, 62.53it/s]
 19%|█▉        | 1109/5794 [00:16<01:14, 62.55it/s]
 19%|█▉        | 1116/5794 [00:16<01:15, 62.18it/s]
 19%|█▉        | 1123/5794 [00:16<01:14, 62.28it/s]
 20%|█▉        | 1130/5794 [00:16<01:14, 62.29it/s]
 20%|█▉        | 1137/5794 [00:16<01:14, 62.17it/s]
 20%|█▉        | 1144/5794 [00:16<01:15, 61.87it/s]
 20%|█▉        | 1151/5794 [00:17<01:14, 62.26it/s]
 20%|█▉        | 1158/5794 [00:17<01:14, 62.11it/s]
 20%|██        | 1165/5794 [00:17<01:14, 62.09it/s]
 20%|██        | 1172/5794 [00:17<01:13, 62.51it/s]
 20%|██        | 1179/5794 [00:17<01:14, 61.94it/s]
 20%|██        | 1186/5794 [00:17<01:14, 62.07it/s]
 21%|██        | 1193/5794 [00:17<01:13, 62.42it/s]
 21%|██        | 1200/5794 [00:17<01:13, 62.46it/s]
 21%|██        | 1207/5794 [00:17<01:12, 62.97it/s]
 21%|██        | 1214/5794 [00:18<01:12, 63.47it/s]
 21%|██        | 1221/5794 [00:18<01:12, 63.17it/s]
 21%|██        | 1228/5794 [00:18<01:12, 62.76it/s]
 21%|██▏       | 1235/5794 [00:18<01:12, 62.92it/s]
 21%|██▏       | 1242/5794 [00:18<01:11, 64.07it/s]
 22%|██▏       | 1249/5794 [00:18<01:09, 65.59it/s]
 22%|██▏       | 1256/5794 [00:18<01:07, 66.77it/s]
 22%|██▏       | 1263/5794 [00:18<01:07, 67.46it/s]
 22%|██▏       | 1271/5794 [00:18<01:05, 68.68it/s]
 22%|██▏       | 1279/5794 [00:19<01:05, 69.33it/s]
 22%|██▏       | 1287/5794 [00:19<01:04, 70.20it/s]
 22%|██▏       | 1295/5794 [00:19<01:04, 69.98it/s]
 22%|██▏       | 1303/5794 [00:19<01:03, 70.40it/s]
 23%|██▎       | 1311/5794 [00:19<01:03, 71.04it/s]
 23%|██▎       | 1319/5794 [00:19<01:03, 70.90it/s]
 23%|██▎       | 1327/5794 [00:19<01:02, 70.91it/s]
 23%|██▎       | 1335/5794 [00:19<01:03, 69.91it/s]
 23%|██▎       | 1342/5794 [00:19<01:05, 67.76it/s]
 23%|██▎       | 1349/5794 [00:20<01:07, 65.80it/s]
 23%|██▎       | 1356/5794 [00:20<01:08, 64.87it/s]
 24%|██▎       | 1363/5794 [00:20<01:09, 63.68it/s]
 24%|██▎       | 1370/5794 [00:20<01:09, 63.21it/s]
 24%|██▍       | 1378/5794 [00:20<01:07, 65.43it/s]
 24%|██▍       | 1386/5794 [00:20<01:05, 66.92it/s]
 24%|██▍       | 1394/5794 [00:20<01:04, 68.17it/s]
 24%|██▍       | 1402/5794 [00:20<01:03, 69.21it/s]
 24%|██▍       | 1410/5794 [00:20<01:02, 70.26it/s]
 24%|██▍       | 1418/5794 [00:21<01:02, 70.09it/s]
 25%|██▍       | 1426/5794 [00:21<01:01, 70.65it/s]
 25%|██▍       | 1434/5794 [00:21<01:01, 71.13it/s]
 25%|██▍       | 1442/5794 [00:21<01:01, 71.14it/s]
 25%|██▌       | 1450/5794 [00:21<01:02, 69.97it/s]
 25%|██▌       | 1458/5794 [00:21<01:01, 70.20it/s]
 25%|██▌       | 1466/5794 [00:21<01:01, 70.07it/s]
 25%|██▌       | 1474/5794 [00:21<01:01, 69.86it/s]
 26%|██▌       | 1481/5794 [00:21<01:02, 69.56it/s]
 26%|██▌       | 1488/5794 [00:22<01:01, 69.59it/s]
 26%|██▌       | 1496/5794 [00:22<01:01, 69.70it/s]
 26%|██▌       | 1503/5794 [00:22<01:03, 67.34it/s]
 26%|██▌       | 1510/5794 [00:22<01:05, 65.69it/s]
 26%|██▌       | 1517/5794 [00:22<01:06, 64.53it/s]
 26%|██▋       | 1524/5794 [00:22<01:06, 64.50it/s]
 26%|██▋       | 1531/5794 [00:22<01:06, 63.88it/s]
 27%|██▋       | 1538/5794 [00:22<01:07, 63.16it/s]
 27%|██▋       | 1545/5794 [00:22<01:07, 62.98it/s]
 27%|██▋       | 1552/5794 [00:23<01:07, 62.94it/s]
 27%|██▋       | 1559/5794 [00:23<01:07, 62.75it/s]
 27%|██▋       | 1566/5794 [00:23<01:07, 62.72it/s]
 27%|██▋       | 1573/5794 [00:23<01:07, 62.82it/s]
 27%|██▋       | 1580/5794 [00:23<01:07, 62.63it/s]
 27%|██▋       | 1587/5794 [00:23<01:07, 62.36it/s]
 28%|██▊       | 1594/5794 [00:23<01:06, 62.69it/s]
 28%|██▊       | 1601/5794 [00:23<01:07, 61.87it/s]
 28%|██▊       | 1608/5794 [00:23<01:07, 61.71it/s]
 28%|██▊       | 1615/5794 [00:24<01:07, 62.17it/s]
 28%|██▊       | 1622/5794 [00:24<01:07, 62.00it/s]
 28%|██▊       | 1629/5794 [00:24<01:07, 61.74it/s]
 28%|██▊       | 1636/5794 [00:24<01:06, 62.07it/s]
 28%|██▊       | 1643/5794 [00:24<01:06, 62.08it/s]
 28%|██▊       | 1650/5794 [00:24<01:06, 61.98it/s]
 29%|██▊       | 1657/5794 [00:24<01:06, 62.15it/s]
 29%|██▊       | 1664/5794 [00:24<01:06, 62.34it/s]
 29%|██▉       | 1671/5794 [00:24<01:06, 62.07it/s]
 29%|██▉       | 1678/5794 [00:25<01:06, 62.34it/s]
 29%|██▉       | 1685/5794 [00:25<01:05, 62.29it/s]
 29%|██▉       | 1692/5794 [00:25<01:06, 61.91it/s]
 29%|██▉       | 1699/5794 [00:25<01:05, 62.19it/s]
 29%|██▉       | 1706/5794 [00:25<01:05, 62.29it/s]
 30%|██▉       | 1713/5794 [00:25<01:05, 62.28it/s]
 30%|██▉       | 1720/5794 [00:25<01:06, 61.47it/s]
 30%|██▉       | 1727/5794 [00:25<01:05, 62.01it/s]
 30%|██▉       | 1734/5794 [00:26<01:05, 61.87it/s]
 30%|███       | 1741/5794 [00:26<01:05, 61.81it/s]
 30%|███       | 1748/5794 [00:26<01:04, 62.30it/s]
 30%|███       | 1755/5794 [00:26<01:04, 62.86it/s]
 30%|███       | 1762/5794 [00:26<01:04, 62.64it/s]
 31%|███       | 1769/5794 [00:26<01:03, 62.91it/s]
 31%|███       | 1776/5794 [00:26<01:04, 62.63it/s]
 31%|███       | 1783/5794 [00:26<01:04, 62.29it/s]
 31%|███       | 1790/5794 [00:26<01:04, 62.45it/s]
 31%|███       | 1797/5794 [00:27<01:04, 62.24it/s]
 31%|███       | 1804/5794 [00:27<01:04, 62.09it/s]
 31%|███▏      | 1811/5794 [00:27<01:03, 62.28it/s]
 31%|███▏      | 1818/5794 [00:27<01:03, 62.36it/s]
 31%|███▏      | 1825/5794 [00:27<01:03, 62.49it/s]
 32%|███▏      | 1832/5794 [00:27<01:01, 63.97it/s]
 32%|███▏      | 1839/5794 [00:27<01:00, 65.59it/s]
 32%|███▏      | 1847/5794 [00:27<00:58, 67.24it/s]
 32%|███▏      | 1854/5794 [00:27<00:58, 67.81it/s]
 32%|███▏      | 1861/5794 [00:27<00:57, 68.02it/s]
 32%|███▏      | 1869/5794 [00:28<00:57, 68.77it/s]
 32%|███▏      | 1876/5794 [00:28<00:56, 69.07it/s]
 33%|███▎      | 1884/5794 [00:28<00:56, 69.47it/s]
 33%|███▎      | 1892/5794 [00:28<00:55, 69.89it/s]
 33%|███▎      | 1900/5794 [00:28<00:55, 70.38it/s]
 33%|███▎      | 1908/5794 [00:28<00:55, 70.59it/s]
 33%|███▎      | 1916/5794 [00:28<00:54, 70.82it/s]
 33%|███▎      | 1924/5794 [00:28<00:54, 70.70it/s]
 33%|███▎      | 1932/5794 [00:28<00:54, 70.60it/s]
 33%|███▎      | 1940/5794 [00:29<00:54, 70.78it/s]
 34%|███▎      | 1948/5794 [00:29<00:54, 70.75it/s]
 34%|███▍      | 1956/5794 [00:29<00:54, 70.86it/s]
 34%|███▍      | 1964/5794 [00:29<00:54, 70.65it/s]
 34%|███▍      | 1972/5794 [00:29<00:54, 70.58it/s]
 34%|███▍      | 1980/5794 [00:29<00:53, 70.67it/s]
 34%|███▍      | 1988/5794 [00:29<00:53, 70.68it/s]
 34%|███▍      | 1996/5794 [00:29<00:54, 70.29it/s]
 35%|███▍      | 2004/5794 [00:30<00:53, 70.56it/s]
 35%|███▍      | 2012/5794 [00:30<00:53, 70.86it/s]
 35%|███▍      | 2020/5794 [00:30<00:53, 70.65it/s]
 35%|███▌      | 2028/5794 [00:30<00:53, 70.23it/s]
 35%|███▌      | 2036/5794 [00:30<00:53, 70.54it/s]
 35%|███▌      | 2044/5794 [00:30<00:53, 70.32it/s]
 35%|███▌      | 2052/5794 [00:30<00:53, 69.57it/s]
 36%|███▌      | 2059/5794 [00:30<00:54, 68.97it/s]
 36%|███▌      | 2066/5794 [00:30<00:54, 68.86it/s]
 36%|███▌      | 2074/5794 [00:31<00:53, 69.25it/s]
 36%|███▌      | 2082/5794 [00:31<00:53, 69.96it/s]
 36%|███▌      | 2090/5794 [00:31<00:52, 70.21it/s]
 36%|███▌      | 2098/5794 [00:31<00:52, 69.95it/s]
 36%|███▋      | 2105/5794 [00:31<00:52, 69.89it/s]
 36%|███▋      | 2112/5794 [00:31<00:54, 67.36it/s]
 37%|███▋      | 2119/5794 [00:31<00:55, 66.60it/s]
 37%|███▋      | 2126/5794 [00:31<00:54, 67.41it/s]
 37%|███▋      | 2133/5794 [00:31<00:53, 67.91it/s]
 37%|███▋      | 2140/5794 [00:31<00:54, 67.67it/s]
 37%|███▋      | 2147/5794 [00:32<00:54, 67.45it/s]
 37%|███▋      | 2154/5794 [00:32<00:53, 68.05it/s]
 37%|███▋      | 2161/5794 [00:32<00:55, 65.79it/s]
 37%|███▋      | 2168/5794 [00:32<00:56, 64.30it/s]
 38%|███▊      | 2175/5794 [00:32<00:56, 64.03it/s]
 38%|███▊      | 2182/5794 [00:32<00:57, 63.29it/s]
 38%|███▊      | 2189/5794 [00:32<00:57, 63.01it/s]
 38%|███▊      | 2196/5794 [00:32<00:55, 64.83it/s]
 38%|███▊      | 2203/5794 [00:32<00:54, 66.26it/s]
 38%|███▊      | 2211/5794 [00:33<00:52, 67.70it/s]
 38%|███▊      | 2219/5794 [00:33<00:52, 68.52it/s]
 38%|███▊      | 2227/5794 [00:33<00:51, 69.10it/s]
 39%|███▊      | 2235/5794 [00:33<00:51, 69.52it/s]
 39%|███▊      | 2243/5794 [00:33<00:50, 69.85it/s]
 39%|███▉      | 2251/5794 [00:33<00:50, 70.06it/s]
 39%|███▉      | 2259/5794 [00:33<00:50, 70.27it/s]
 39%|███▉      | 2267/5794 [00:33<00:50, 70.40it/s]
 39%|███▉      | 2275/5794 [00:33<00:49, 70.42it/s]
 39%|███▉      | 2283/5794 [00:34<00:50, 70.10it/s]
 40%|███▉      | 2291/5794 [00:34<00:49, 70.19it/s]
 40%|███▉      | 2299/5794 [00:34<00:49, 70.37it/s]
 40%|███▉      | 2307/5794 [00:34<00:49, 69.83it/s]
 40%|███▉      | 2315/5794 [00:34<00:49, 69.90it/s]
 40%|████      | 2323/5794 [00:34<00:49, 70.06it/s]
 40%|████      | 2331/5794 [00:34<00:49, 70.25it/s]
 40%|████      | 2339/5794 [00:34<00:49, 70.25it/s]
 41%|████      | 2347/5794 [00:34<00:48, 70.68it/s]
 41%|████      | 2355/5794 [00:35<00:48, 70.47it/s]
 41%|████      | 2363/5794 [00:35<00:48, 70.59it/s]
 41%|████      | 2371/5794 [00:35<00:48, 70.85it/s]
 41%|████      | 2379/5794 [00:35<00:48, 71.01it/s]
 41%|████      | 2387/5794 [00:35<00:47, 70.99it/s]
 41%|████▏     | 2395/5794 [00:35<00:47, 71.38it/s]
 41%|████▏     | 2403/5794 [00:35<00:47, 71.50it/s]
 42%|████▏     | 2411/5794 [00:35<00:47, 71.81it/s]
 42%|████▏     | 2419/5794 [00:36<00:47, 71.81it/s]
 42%|████▏     | 2427/5794 [00:36<00:46, 72.03it/s]
 42%|████▏     | 2435/5794 [00:36<00:47, 71.20it/s]
 42%|████▏     | 2443/5794 [00:36<00:46, 71.46it/s]
 42%|████▏     | 2451/5794 [00:36<00:46, 71.57it/s]
 42%|████▏     | 2459/5794 [00:36<00:46, 71.80it/s]
 43%|████▎     | 2467/5794 [00:36<00:46, 71.68it/s]
 43%|████▎     | 2475/5794 [00:36<00:46, 71.76it/s]
 43%|████▎     | 2483/5794 [00:36<00:46, 71.48it/s]
 43%|████▎     | 2491/5794 [00:37<00:46, 70.64it/s]
 43%|████▎     | 2499/5794 [00:37<00:46, 70.40it/s]
 43%|████▎     | 2507/5794 [00:37<00:46, 70.17it/s]
 43%|████▎     | 2515/5794 [00:37<00:46, 70.08it/s]
 44%|████▎     | 2523/5794 [00:37<00:46, 70.23it/s]
 44%|████▎     | 2531/5794 [00:37<00:46, 70.13it/s]
 44%|████▍     | 2539/5794 [00:37<00:46, 69.73it/s]
 44%|████▍     | 2547/5794 [00:37<00:46, 69.39it/s]
 44%|████▍     | 2555/5794 [00:37<00:46, 70.00it/s]
 44%|████▍     | 2563/5794 [00:38<00:45, 70.26it/s]
 44%|████▍     | 2571/5794 [00:38<00:45, 70.65it/s]
 45%|████▍     | 2579/5794 [00:38<00:45, 70.69it/s]
 45%|████▍     | 2587/5794 [00:38<00:45, 70.86it/s]
 45%|████▍     | 2595/5794 [00:38<00:45, 71.05it/s]
 45%|████▍     | 2603/5794 [00:38<00:44, 71.15it/s]
 45%|████▌     | 2611/5794 [00:38<00:44, 71.15it/s]
 45%|████▌     | 2619/5794 [00:38<00:44, 71.56it/s]
 45%|████▌     | 2627/5794 [00:38<00:43, 71.98it/s]
 45%|████▌     | 2635/5794 [00:39<00:43, 72.29it/s]
 46%|████▌     | 2643/5794 [00:39<00:43, 72.32it/s]
 46%|████▌     | 2651/5794 [00:39<00:43, 72.47it/s]
 46%|████▌     | 2659/5794 [00:39<00:43, 72.48it/s]
 46%|████▌     | 2667/5794 [00:39<00:43, 72.49it/s]
 46%|████▌     | 2675/5794 [00:39<00:43, 72.35it/s]
 46%|████▋     | 2683/5794 [00:39<00:42, 72.55it/s]
 46%|████▋     | 2691/5794 [00:39<00:42, 72.25it/s]
 47%|████▋     | 2699/5794 [00:39<00:42, 72.21it/s]
 47%|████▋     | 2707/5794 [00:40<00:42, 72.14it/s]
 47%|████▋     | 2715/5794 [00:40<00:42, 72.30it/s]
 47%|████▋     | 2723/5794 [00:40<00:42, 72.19it/s]
 47%|████▋     | 2731/5794 [00:40<00:42, 72.43it/s]
 47%|████▋     | 2739/5794 [00:40<00:42, 72.39it/s]
 47%|████▋     | 2747/5794 [00:40<00:42, 71.87it/s]
 48%|████▊     | 2755/5794 [00:40<00:42, 71.81it/s]
 48%|████▊     | 2763/5794 [00:40<00:42, 71.60it/s]
 48%|████▊     | 2771/5794 [00:40<00:42, 71.77it/s]
 48%|████▊     | 2779/5794 [00:41<00:41, 71.86it/s]
 48%|████▊     | 2787/5794 [00:41<00:41, 71.95it/s]
 48%|████▊     | 2795/5794 [00:41<00:41, 71.99it/s]
 48%|████▊     | 2803/5794 [00:41<00:41, 72.14it/s]
 49%|████▊     | 2811/5794 [00:41<00:41, 71.13it/s]
 49%|████▊     | 2819/5794 [00:41<00:41, 71.42it/s]
 49%|████▉     | 2827/5794 [00:41<00:41, 71.01it/s]
 49%|████▉     | 2835/5794 [00:41<00:41, 71.30it/s]
 49%|████▉     | 2843/5794 [00:41<00:41, 71.48it/s]
 49%|████▉     | 2851/5794 [00:42<00:41, 71.13it/s]
 49%|████▉     | 2859/5794 [00:42<00:41, 71.21it/s]
 49%|████▉     | 2867/5794 [00:42<00:40, 71.56it/s]
 50%|████▉     | 2875/5794 [00:42<00:40, 72.05it/s]
 50%|████▉     | 2883/5794 [00:42<00:40, 72.36it/s]
 50%|████▉     | 2891/5794 [00:42<00:40, 72.53it/s]
 50%|█████     | 2899/5794 [00:42<00:40, 72.36it/s]
 50%|█████     | 2907/5794 [00:42<00:39, 72.57it/s]
 50%|█████     | 2915/5794 [00:42<00:39, 72.60it/s]
 50%|█████     | 2923/5794 [00:43<00:39, 72.66it/s]
 51%|█████     | 2931/5794 [00:43<00:39, 72.61it/s]
 51%|█████     | 2939/5794 [00:43<00:39, 72.84it/s]
 51%|█████     | 2947/5794 [00:43<00:39, 72.83it/s]
 51%|█████     | 2955/5794 [00:43<00:38, 72.81it/s]
 51%|█████     | 2963/5794 [00:43<00:39, 72.20it/s]
 51%|█████▏    | 2971/5794 [00:43<00:39, 72.31it/s]
 51%|█████▏    | 2979/5794 [00:43<00:38, 72.35it/s]
 52%|█████▏    | 2987/5794 [00:43<00:38, 72.43it/s]
 52%|█████▏    | 2995/5794 [00:44<00:38, 72.38it/s]
 52%|█████▏    | 3003/5794 [00:44<00:38, 72.50it/s]
 52%|█████▏    | 3011/5794 [00:44<00:38, 72.42it/s]
 52%|█████▏    | 3019/5794 [00:44<00:38, 71.84it/s]
 52%|█████▏    | 3027/5794 [00:44<00:38, 72.17it/s]
 52%|█████▏    | 3035/5794 [00:44<00:38, 72.00it/s]
 53%|█████▎    | 3043/5794 [00:44<00:38, 72.27it/s]
 53%|█████▎    | 3051/5794 [00:44<00:37, 72.60it/s]
 53%|█████▎    | 3059/5794 [00:44<00:37, 72.91it/s]
 53%|█████▎    | 3067/5794 [00:45<00:37, 73.05it/s]
 53%|█████▎    | 3075/5794 [00:45<00:37, 73.17it/s]
 53%|█████▎    | 3083/5794 [00:45<00:37, 73.21it/s]
 53%|█████▎    | 3091/5794 [00:45<00:37, 72.86it/s]
 53%|█████▎    | 3099/5794 [00:45<00:37, 72.25it/s]
 54%|█████▎    | 3107/5794 [00:45<00:36, 72.67it/s]
 54%|█████▍    | 3115/5794 [00:45<00:36, 72.83it/s]
 54%|█████▍    | 3123/5794 [00:45<00:37, 72.13it/s]
 54%|█████▍    | 3131/5794 [00:45<00:36, 72.40it/s]
 54%|█████▍    | 3139/5794 [00:46<00:36, 72.70it/s]
 54%|█████▍    | 3147/5794 [00:46<00:36, 72.62it/s]
 54%|█████▍    | 3155/5794 [00:46<00:36, 71.79it/s]
 55%|█████▍    | 3163/5794 [00:46<00:37, 71.04it/s]
 55%|█████▍    | 3171/5794 [00:46<00:37, 70.82it/s]
 55%|█████▍    | 3179/5794 [00:46<00:36, 70.83it/s]
 55%|█████▌    | 3187/5794 [00:46<00:36, 71.00it/s]
 55%|█████▌    | 3195/5794 [00:46<00:36, 71.35it/s]
 55%|█████▌    | 3203/5794 [00:46<00:36, 71.63it/s]
 55%|█████▌    | 3211/5794 [00:47<00:35, 72.06it/s]
 56%|█████▌    | 3219/5794 [00:47<00:35, 72.65it/s]
 56%|█████▌    | 3227/5794 [00:47<00:35, 73.04it/s]
 56%|█████▌    | 3235/5794 [00:47<00:34, 73.21it/s]
 56%|█████▌    | 3243/5794 [00:47<00:34, 73.54it/s]
 56%|█████▌    | 3251/5794 [00:47<00:34, 73.39it/s]
 56%|█████▌    | 3259/5794 [00:47<00:34, 73.60it/s]
 56%|█████▋    | 3267/5794 [00:47<00:34, 73.50it/s]
 57%|█████▋    | 3275/5794 [00:47<00:34, 72.85it/s]
 57%|█████▋    | 3283/5794 [00:48<00:34, 73.13it/s]
 57%|█████▋    | 3291/5794 [00:48<00:34, 73.12it/s]
 57%|█████▋    | 3299/5794 [00:48<00:33, 73.40it/s]
 57%|█████▋    | 3307/5794 [00:48<00:33, 73.36it/s]
 57%|█████▋    | 3315/5794 [00:48<00:33, 73.57it/s]
 57%|█████▋    | 3323/5794 [00:48<00:33, 73.70it/s]
 57%|█████▋    | 3331/5794 [00:48<00:33, 73.76it/s]
 58%|█████▊    | 3339/5794 [00:48<00:33, 73.44it/s]
 58%|█████▊    | 3347/5794 [00:48<00:33, 73.34it/s]
 58%|█████▊    | 3355/5794 [00:48<00:33, 73.26it/s]
 58%|█████▊    | 3363/5794 [00:49<00:33, 73.25it/s]
 58%|█████▊    | 3371/5794 [00:49<00:33, 73.12it/s]
 58%|█████▊    | 3379/5794 [00:49<00:32, 73.18it/s]
 58%|█████▊    | 3387/5794 [00:49<00:32, 73.27it/s]
 59%|█████▊    | 3395/5794 [00:49<00:32, 73.31it/s]
 59%|█████▊    | 3403/5794 [00:49<00:32, 73.40it/s]
 59%|█████▉    | 3411/5794 [00:49<00:32, 73.51it/s]
 59%|█████▉    | 3419/5794 [00:49<00:32, 73.58it/s]
 59%|█████▉    | 3427/5794 [00:49<00:32, 73.51it/s]
 59%|█████▉    | 3435/5794 [00:50<00:31, 73.74it/s]
 59%|█████▉    | 3443/5794 [00:50<00:31, 73.66it/s]
 60%|█████▉    | 3451/5794 [00:50<00:31, 74.00it/s]
 60%|█████▉    | 3459/5794 [00:50<00:31, 73.73it/s]
 60%|█████▉    | 3467/5794 [00:50<00:31, 72.86it/s]
 60%|█████▉    | 3475/5794 [00:50<00:33, 70.13it/s]
 60%|██████    | 3483/5794 [00:50<00:33, 68.22it/s]
 60%|██████    | 3490/5794 [00:50<00:34, 66.86it/s]
 60%|██████    | 3497/5794 [00:50<00:33, 67.61it/s]
 60%|██████    | 3505/5794 [00:51<00:33, 69.23it/s]
 61%|██████    | 3513/5794 [00:51<00:32, 70.65it/s]
 61%|██████    | 3521/5794 [00:51<00:31, 71.61it/s]
 61%|██████    | 3529/5794 [00:51<00:31, 72.10it/s]
 61%|██████    | 3537/5794 [00:51<00:31, 72.26it/s]
 61%|██████    | 3545/5794 [00:51<00:31, 71.40it/s]
 61%|██████▏   | 3553/5794 [00:51<00:32, 69.28it/s]
 61%|██████▏   | 3560/5794 [00:51<00:33, 67.52it/s]
 62%|██████▏   | 3567/5794 [00:51<00:33, 66.48it/s]
 62%|██████▏   | 3574/5794 [00:52<00:34, 65.24it/s]
 62%|██████▏   | 3581/5794 [00:52<00:33, 65.13it/s]
 62%|██████▏   | 3588/5794 [00:52<00:33, 64.90it/s]
 62%|██████▏   | 3595/5794 [00:52<00:33, 64.87it/s]
 62%|██████▏   | 3602/5794 [00:52<00:33, 64.66it/s]
 62%|██████▏   | 3609/5794 [00:52<00:33, 64.36it/s]
 62%|██████▏   | 3616/5794 [00:52<00:33, 64.45it/s]
 63%|██████▎   | 3623/5794 [00:52<00:33, 64.44it/s]
 63%|██████▎   | 3630/5794 [00:52<00:33, 64.34it/s]
 63%|██████▎   | 3637/5794 [00:53<00:33, 64.47it/s]
 63%|██████▎   | 3644/5794 [00:53<00:33, 64.38it/s]
 63%|██████▎   | 3651/5794 [00:53<00:32, 65.31it/s]
 63%|██████▎   | 3659/5794 [00:53<00:31, 67.18it/s]
 63%|██████▎   | 3667/5794 [00:53<00:31, 68.56it/s]
 63%|██████▎   | 3675/5794 [00:53<00:30, 69.35it/s]
 64%|██████▎   | 3683/5794 [00:53<00:30, 70.12it/s]
 64%|██████▎   | 3691/5794 [00:53<00:30, 69.73it/s]
 64%|██████▍   | 3698/5794 [00:53<00:30, 68.13it/s]
 64%|██████▍   | 3705/5794 [00:54<00:31, 66.91it/s]
 64%|██████▍   | 3712/5794 [00:54<00:31, 65.78it/s]
 64%|██████▍   | 3719/5794 [00:54<00:31, 65.36it/s]
 64%|██████▍   | 3726/5794 [00:54<00:31, 64.99it/s]
 64%|██████▍   | 3733/5794 [00:54<00:31, 64.66it/s]
 65%|██████▍   | 3740/5794 [00:54<00:31, 64.43it/s]
 65%|██████▍   | 3747/5794 [00:54<00:31, 64.08it/s]
 65%|██████▍   | 3754/5794 [00:54<00:31, 64.71it/s]
 65%|██████▍   | 3761/5794 [00:54<00:31, 63.96it/s]
 65%|██████▌   | 3768/5794 [00:55<00:32, 63.15it/s]
 65%|██████▌   | 3776/5794 [00:55<00:30, 65.27it/s]
 65%|██████▌   | 3784/5794 [00:55<00:30, 66.76it/s]
 65%|██████▌   | 3792/5794 [00:55<00:29, 68.09it/s]
 66%|██████▌   | 3800/5794 [00:55<00:29, 68.70it/s]
 66%|██████▌   | 3808/5794 [00:55<00:28, 69.22it/s]
 66%|██████▌   | 3816/5794 [00:55<00:28, 69.65it/s]
 66%|██████▌   | 3824/5794 [00:55<00:28, 70.05it/s]
 66%|██████▌   | 3832/5794 [00:55<00:27, 70.34it/s]
 66%|██████▋   | 3840/5794 [00:56<00:27, 70.53it/s]
 66%|██████▋   | 3848/5794 [00:56<00:27, 70.45it/s]
 67%|██████▋   | 3856/5794 [00:56<00:27, 70.53it/s]
 67%|██████▋   | 3864/5794 [00:56<00:27, 70.51it/s]
 67%|██████▋   | 3872/5794 [00:56<00:27, 70.97it/s]
 67%|██████▋   | 3880/5794 [00:56<00:26, 71.00it/s]
 67%|██████▋   | 3888/5794 [00:56<00:26, 71.10it/s]
 67%|██████▋   | 3896/5794 [00:56<00:26, 71.39it/s]
 67%|██████▋   | 3904/5794 [00:56<00:26, 71.11it/s]
 68%|██████▊   | 3912/5794 [00:57<00:26, 70.90it/s]
 68%|██████▊   | 3920/5794 [00:57<00:26, 70.98it/s]
 68%|██████▊   | 3928/5794 [00:57<00:26, 71.23it/s]
 68%|██████▊   | 3936/5794 [00:57<00:26, 71.18it/s]
 68%|██████▊   | 3944/5794 [00:57<00:25, 71.50it/s]
 68%|██████▊   | 3952/5794 [00:57<00:25, 71.36it/s]
 68%|██████▊   | 3960/5794 [00:57<00:25, 71.60it/s]
 68%|██████▊   | 3968/5794 [00:57<00:25, 71.61it/s]
 69%|██████▊   | 3976/5794 [00:57<00:25, 71.77it/s]
 69%|██████▉   | 3984/5794 [00:58<00:25, 71.80it/s]
 69%|██████▉   | 3992/5794 [00:58<00:25, 71.98it/s]
 69%|██████▉   | 4000/5794 [00:58<00:25, 71.70it/s]
 69%|██████▉   | 4008/5794 [00:58<00:24, 71.89it/s]
 69%|██████▉   | 4016/5794 [00:58<00:24, 71.50it/s]
 69%|██████▉   | 4024/5794 [00:58<00:24, 71.53it/s]
 70%|██████▉   | 4032/5794 [00:58<00:24, 71.11it/s]
 70%|██████▉   | 4040/5794 [00:58<00:24, 71.21it/s]
 70%|██████▉   | 4048/5794 [00:58<00:24, 71.25it/s]
 70%|███████   | 4056/5794 [00:59<00:24, 71.17it/s]
 70%|███████   | 4064/5794 [00:59<00:24, 71.27it/s]
 70%|███████   | 4072/5794 [00:59<00:24, 71.24it/s]
 70%|███████   | 4080/5794 [00:59<00:24, 71.21it/s]
 71%|███████   | 4088/5794 [00:59<00:23, 71.10it/s]
 71%|███████   | 4096/5794 [00:59<00:23, 71.09it/s]
 71%|███████   | 4104/5794 [00:59<00:23, 70.48it/s]
 71%|███████   | 4112/5794 [00:59<00:23, 70.97it/s]
 71%|███████   | 4120/5794 [01:00<00:23, 70.32it/s]
 71%|███████   | 4128/5794 [01:00<00:23, 70.83it/s]
 71%|███████▏  | 4136/5794 [01:00<00:23, 71.16it/s]
 72%|███████▏  | 4144/5794 [01:00<00:23, 71.42it/s]
 72%|███████▏  | 4152/5794 [01:00<00:22, 71.54it/s]
 72%|███████▏  | 4160/5794 [01:00<00:22, 71.39it/s]
 72%|███████▏  | 4168/5794 [01:00<00:24, 66.25it/s]
 72%|███████▏  | 4175/5794 [01:00<00:24, 65.01it/s]
 72%|███████▏  | 4182/5794 [01:00<00:25, 64.05it/s]
 72%|███████▏  | 4189/5794 [01:01<00:25, 63.24it/s]
 72%|███████▏  | 4196/5794 [01:01<00:25, 63.21it/s]
 73%|███████▎  | 4203/5794 [01:01<00:25, 63.13it/s]
 73%|███████▎  | 4210/5794 [01:01<00:25, 63.12it/s]
 73%|███████▎  | 4217/5794 [01:01<00:24, 64.88it/s]
 73%|███████▎  | 4225/5794 [01:01<00:23, 66.41it/s]
 73%|███████▎  | 4232/5794 [01:01<00:23, 66.91it/s]
 73%|███████▎  | 4240/5794 [01:01<00:22, 68.05it/s]
 73%|███████▎  | 4248/5794 [01:01<00:22, 69.20it/s]
 73%|███████▎  | 4255/5794 [01:02<00:22, 69.36it/s]
 74%|███████▎  | 4263/5794 [01:02<00:21, 70.12it/s]
 74%|███████▎  | 4271/5794 [01:02<00:21, 70.63it/s]
 74%|███████▍  | 4279/5794 [01:02<00:21, 71.27it/s]
 74%|███████▍  | 4287/5794 [01:02<00:21, 71.41it/s]
 74%|███████▍  | 4295/5794 [01:02<00:20, 71.42it/s]
 74%|███████▍  | 4303/5794 [01:02<00:20, 71.70it/s]
 74%|███████▍  | 4311/5794 [01:02<00:20, 71.63it/s]
 75%|███████▍  | 4319/5794 [01:02<00:20, 70.98it/s]
 75%|███████▍  | 4327/5794 [01:03<00:20, 71.33it/s]
 75%|███████▍  | 4335/5794 [01:03<00:20, 71.65it/s]
 75%|███████▍  | 4343/5794 [01:03<00:20, 70.73it/s]
 75%|███████▌  | 4351/5794 [01:03<00:20, 71.06it/s]
 75%|███████▌  | 4359/5794 [01:03<00:20, 70.92it/s]
 75%|███████▌  | 4367/5794 [01:03<00:20, 71.28it/s]
 76%|███████▌  | 4375/5794 [01:03<00:19, 71.19it/s]
 76%|███████▌  | 4383/5794 [01:03<00:19, 71.51it/s]
 76%|███████▌  | 4391/5794 [01:03<00:19, 71.42it/s]
 76%|███████▌  | 4399/5794 [01:04<00:19, 71.36it/s]
 76%|███████▌  | 4407/5794 [01:04<00:19, 69.76it/s]
 76%|███████▌  | 4414/5794 [01:04<00:19, 69.36it/s]
 76%|███████▋  | 4421/5794 [01:04<00:19, 69.11it/s]
 76%|███████▋  | 4428/5794 [01:04<00:19, 69.13it/s]
 77%|███████▋  | 4435/5794 [01:04<00:19, 68.90it/s]
 77%|███████▋  | 4442/5794 [01:04<00:19, 68.79it/s]
 77%|███████▋  | 4449/5794 [01:04<00:19, 68.76it/s]
 77%|███████▋  | 4456/5794 [01:04<00:19, 68.79it/s]
 77%|███████▋  | 4463/5794 [01:04<00:19, 68.59it/s]
 77%|███████▋  | 4470/5794 [01:05<00:19, 68.83it/s]
 77%|███████▋  | 4477/5794 [01:05<00:19, 68.60it/s]
 77%|███████▋  | 4485/5794 [01:05<00:19, 68.71it/s]
 78%|███████▊  | 4492/5794 [01:05<00:19, 68.30it/s]
 78%|███████▊  | 4499/5794 [01:05<00:18, 68.44it/s]
 78%|███████▊  | 4506/5794 [01:05<00:18, 68.59it/s]
 78%|███████▊  | 4513/5794 [01:05<00:18, 68.56it/s]
 78%|███████▊  | 4520/5794 [01:05<00:18, 68.65it/s]
 78%|███████▊  | 4527/5794 [01:05<00:18, 68.59it/s]
 78%|███████▊  | 4534/5794 [01:06<00:18, 68.48it/s]
 78%|███████▊  | 4541/5794 [01:06<00:18, 68.48it/s]
 78%|███████▊  | 4548/5794 [01:06<00:18, 68.49it/s]
 79%|███████▊  | 4555/5794 [01:06<00:18, 68.72it/s]
 79%|███████▊  | 4562/5794 [01:06<00:18, 67.86it/s]
 79%|███████▉  | 4569/5794 [01:06<00:18, 67.93it/s]
 79%|███████▉  | 4576/5794 [01:06<00:17, 67.81it/s]
 79%|███████▉  | 4583/5794 [01:06<00:17, 68.27it/s]
 79%|███████▉  | 4590/5794 [01:06<00:17, 68.43it/s]
 79%|███████▉  | 4598/5794 [01:06<00:17, 69.46it/s]
 79%|███████▉  | 4605/5794 [01:07<00:17, 68.85it/s]
 80%|███████▉  | 4612/5794 [01:07<00:17, 68.39it/s]
 80%|███████▉  | 4620/5794 [01:07<00:16, 69.09it/s]
 80%|███████▉  | 4628/5794 [01:07<00:16, 70.18it/s]
 80%|████████  | 4636/5794 [01:07<00:16, 71.26it/s]
 80%|████████  | 4644/5794 [01:07<00:16, 71.50it/s]
 80%|████████  | 4652/5794 [01:07<00:16, 71.13it/s]
 80%|████████  | 4660/5794 [01:07<00:15, 71.67it/s]
 81%|████████  | 4668/5794 [01:07<00:15, 71.97it/s]
 81%|████████  | 4676/5794 [01:08<00:15, 72.30it/s]
 81%|████████  | 4684/5794 [01:08<00:15, 72.34it/s]
 81%|████████  | 4692/5794 [01:08<00:15, 72.37it/s]
 81%|████████  | 4700/5794 [01:08<00:15, 72.32it/s]
 81%|████████▏ | 4708/5794 [01:08<00:15, 72.38it/s]
 81%|████████▏ | 4716/5794 [01:08<00:14, 72.29it/s]
 82%|████████▏ | 4724/5794 [01:08<00:14, 72.41it/s]
 82%|████████▏ | 4732/5794 [01:08<00:14, 72.31it/s]
 82%|████████▏ | 4740/5794 [01:08<00:14, 70.78it/s]
 82%|████████▏ | 4748/5794 [01:09<00:15, 68.46it/s]
 82%|████████▏ | 4755/5794 [01:09<00:15, 67.07it/s]
 82%|████████▏ | 4762/5794 [01:09<00:15, 65.68it/s]
 82%|████████▏ | 4769/5794 [01:09<00:15, 65.58it/s]
 82%|████████▏ | 4777/5794 [01:09<00:15, 67.32it/s]
 83%|████████▎ | 4784/5794 [01:09<00:14, 67.36it/s]
 83%|████████▎ | 4792/5794 [01:09<00:14, 68.61it/s]
 83%|████████▎ | 4799/5794 [01:09<00:14, 68.98it/s]
 83%|████████▎ | 4806/5794 [01:09<00:14, 67.80it/s]
 83%|████████▎ | 4813/5794 [01:10<00:14, 66.51it/s]
 83%|████████▎ | 4820/5794 [01:10<00:14, 65.65it/s]
 83%|████████▎ | 4827/5794 [01:10<00:14, 65.03it/s]
 83%|████████▎ | 4834/5794 [01:10<00:14, 64.67it/s]
 84%|████████▎ | 4841/5794 [01:10<00:14, 64.42it/s]
 84%|████████▎ | 4848/5794 [01:10<00:14, 63.97it/s]
 84%|████████▍ | 4855/5794 [01:10<00:14, 63.76it/s]
 84%|████████▍ | 4862/5794 [01:10<00:14, 63.83it/s]
 84%|████████▍ | 4869/5794 [01:10<00:14, 63.71it/s]
 84%|████████▍ | 4876/5794 [01:11<00:14, 63.77it/s]
 84%|████████▍ | 4883/5794 [01:11<00:14, 63.73it/s]
 84%|████████▍ | 4890/5794 [01:11<00:14, 63.80it/s]
 85%|████████▍ | 4897/5794 [01:11<00:14, 63.90it/s]
 85%|████████▍ | 4904/5794 [01:11<00:13, 63.77it/s]
 85%|████████▍ | 4911/5794 [01:11<00:13, 63.89it/s]
 85%|████████▍ | 4918/5794 [01:11<00:13, 63.73it/s]
 85%|████████▌ | 4925/5794 [01:11<00:13, 63.92it/s]
 85%|████████▌ | 4932/5794 [01:11<00:13, 63.43it/s]
 85%|████████▌ | 4939/5794 [01:12<00:13, 61.90it/s]
 85%|████████▌ | 4946/5794 [01:12<00:13, 62.21it/s]
 85%|████████▌ | 4953/5794 [01:12<00:13, 62.68it/s]
 86%|████████▌ | 4960/5794 [01:12<00:13, 62.99it/s]
 86%|████████▌ | 4967/5794 [01:12<00:13, 63.19it/s]
 86%|████████▌ | 4974/5794 [01:12<00:12, 63.42it/s]
 86%|████████▌ | 4981/5794 [01:12<00:12, 63.64it/s]
 86%|████████▌ | 4988/5794 [01:12<00:12, 63.55it/s]
 86%|████████▌ | 4995/5794 [01:12<00:12, 63.60it/s]
 86%|████████▋ | 5002/5794 [01:13<00:12, 63.72it/s]
 86%|████████▋ | 5009/5794 [01:13<00:12, 63.82it/s]
 87%|████████▋ | 5016/5794 [01:13<00:12, 63.96it/s]
 87%|████████▋ | 5023/5794 [01:13<00:12, 63.91it/s]
 87%|████████▋ | 5031/5794 [01:13<00:11, 66.75it/s]
 87%|████████▋ | 5039/5794 [01:13<00:10, 68.73it/s]
 87%|████████▋ | 5047/5794 [01:13<00:10, 70.29it/s]
 87%|████████▋ | 5055/5794 [01:13<00:10, 70.42it/s]
 87%|████████▋ | 5063/5794 [01:13<00:10, 71.47it/s]
 88%|████████▊ | 5071/5794 [01:13<00:10, 71.97it/s]
 88%|████████▊ | 5079/5794 [01:14<00:09, 72.54it/s]
 88%|████████▊ | 5087/5794 [01:14<00:09, 72.73it/s]
 88%|████████▊ | 5095/5794 [01:14<00:09, 73.15it/s]
 88%|████████▊ | 5103/5794 [01:14<00:09, 73.21it/s]
 88%|████████▊ | 5111/5794 [01:14<00:09, 73.52it/s]
 88%|████████▊ | 5119/5794 [01:14<00:09, 73.54it/s]
 88%|████████▊ | 5127/5794 [01:14<00:09, 73.53it/s]
 89%|████████▊ | 5135/5794 [01:14<00:09, 70.71it/s]
 89%|████████▉ | 5143/5794 [01:15<00:09, 68.44it/s]
 89%|████████▉ | 5150/5794 [01:15<00:09, 66.38it/s]
 89%|████████▉ | 5157/5794 [01:15<00:09, 65.19it/s]
 89%|████████▉ | 5164/5794 [01:15<00:09, 64.91it/s]
 89%|████████▉ | 5171/5794 [01:15<00:09, 64.65it/s]
 89%|████████▉ | 5178/5794 [01:15<00:09, 64.33it/s]
 89%|████████▉ | 5185/5794 [01:15<00:09, 64.31it/s]
 90%|████████▉ | 5192/5794 [01:15<00:09, 63.95it/s]
 90%|████████▉ | 5199/5794 [01:15<00:09, 63.95it/s]
 90%|████████▉ | 5206/5794 [01:15<00:09, 63.79it/s]
 90%|████████▉ | 5213/5794 [01:16<00:09, 63.90it/s]
 90%|█████████ | 5220/5794 [01:16<00:08, 63.97it/s]
 90%|█████████ | 5227/5794 [01:16<00:08, 63.90it/s]
 90%|█████████ | 5234/5794 [01:16<00:08, 63.95it/s]
 90%|█████████ | 5241/5794 [01:16<00:08, 63.82it/s]
 91%|█████████ | 5248/5794 [01:16<00:08, 63.91it/s]
 91%|█████████ | 5255/5794 [01:16<00:08, 63.92it/s]
 91%|█████████ | 5262/5794 [01:16<00:08, 63.89it/s]
 91%|█████████ | 5269/5794 [01:16<00:08, 63.79it/s]
 91%|█████████ | 5276/5794 [01:17<00:08, 63.59it/s]
 91%|█████████ | 5283/5794 [01:17<00:08, 63.32it/s]
 91%|█████████▏| 5290/5794 [01:17<00:07, 63.25it/s]
 91%|█████████▏| 5297/5794 [01:17<00:07, 63.55it/s]
 92%|█████████▏| 5304/5794 [01:17<00:07, 63.06it/s]
 92%|█████████▏| 5311/5794 [01:17<00:07, 63.03it/s]
 92%|█████████▏| 5318/5794 [01:17<00:07, 63.30it/s]
 92%|█████████▏| 5325/5794 [01:17<00:07, 63.33it/s]
 92%|█████████▏| 5332/5794 [01:17<00:07, 63.46it/s]
 92%|█████████▏| 5339/5794 [01:18<00:07, 63.67it/s]
 92%|█████████▏| 5346/5794 [01:18<00:07, 63.63it/s]
 92%|█████████▏| 5353/5794 [01:18<00:06, 63.71it/s]
 93%|█████████▎| 5360/5794 [01:18<00:06, 63.51it/s]
 93%|█████████▎| 5367/5794 [01:18<00:06, 63.70it/s]
 93%|█████████▎| 5374/5794 [01:18<00:06, 63.62it/s]
 93%|█████████▎| 5381/5794 [01:18<00:06, 63.53it/s]
 93%|█████████▎| 5388/5794 [01:18<00:06, 63.57it/s]
 93%|█████████▎| 5395/5794 [01:18<00:06, 63.60it/s]
 93%|█████████▎| 5402/5794 [01:19<00:06, 63.62it/s]
 93%|█████████▎| 5409/5794 [01:19<00:06, 63.50it/s]
 93%|█████████▎| 5416/5794 [01:19<00:05, 63.63it/s]
 94%|█████████▎| 5423/5794 [01:19<00:05, 63.60it/s]
 94%|█████████▎| 5430/5794 [01:19<00:05, 63.62it/s]
 94%|█████████▍| 5437/5794 [01:19<00:05, 63.64it/s]
 94%|█████████▍| 5444/5794 [01:19<00:05, 63.60it/s]
 94%|█████████▍| 5451/5794 [01:19<00:05, 63.68it/s]
 94%|█████████▍| 5458/5794 [01:19<00:05, 63.67it/s]
 94%|█████████▍| 5465/5794 [01:20<00:05, 63.58it/s]
 94%|█████████▍| 5472/5794 [01:20<00:05, 63.64it/s]
 95%|█████████▍| 5479/5794 [01:20<00:04, 63.57it/s]
 95%|█████████▍| 5486/5794 [01:20<00:04, 63.60it/s]
 95%|█████████▍| 5493/5794 [01:20<00:04, 63.46it/s]
 95%|█████████▍| 5500/5794 [01:20<00:04, 63.77it/s]
 95%|█████████▌| 5507/5794 [01:20<00:04, 64.92it/s]
 95%|█████████▌| 5515/5794 [01:20<00:04, 66.67it/s]
 95%|█████████▌| 5523/5794 [01:20<00:03, 68.06it/s]
 95%|█████████▌| 5530/5794 [01:21<00:03, 67.98it/s]
 96%|█████████▌| 5537/5794 [01:21<00:03, 66.74it/s]
 96%|█████████▌| 5544/5794 [01:21<00:03, 65.81it/s]
 96%|█████████▌| 5551/5794 [01:21<00:03, 64.89it/s]
 96%|█████████▌| 5558/5794 [01:21<00:03, 64.53it/s]
 96%|█████████▌| 5565/5794 [01:21<00:03, 64.12it/s]
 96%|█████████▌| 5572/5794 [01:21<00:03, 63.96it/s]
 96%|█████████▋| 5579/5794 [01:21<00:03, 63.53it/s]
 96%|█████████▋| 5586/5794 [01:21<00:03, 63.60it/s]
 97%|█████████▋| 5593/5794 [01:22<00:03, 63.22it/s]
 97%|█████████▋| 5600/5794 [01:22<00:03, 62.98it/s]
 97%|█████████▋| 5607/5794 [01:22<00:02, 63.31it/s]
 97%|█████████▋| 5614/5794 [01:22<00:02, 63.28it/s]
 97%|█████████▋| 5621/5794 [01:22<00:02, 63.53it/s]
 97%|█████████▋| 5628/5794 [01:22<00:02, 63.47it/s]
 97%|█████████▋| 5635/5794 [01:22<00:02, 63.85it/s]
 97%|█████████▋| 5643/5794 [01:22<00:02, 66.11it/s]
 98%|█████████▊| 5651/5794 [01:22<00:02, 67.73it/s]
 98%|█████████▊| 5659/5794 [01:23<00:01, 68.85it/s]
 98%|█████████▊| 5667/5794 [01:23<00:01, 69.38it/s]
 98%|█████████▊| 5675/5794 [01:23<00:01, 70.08it/s]
 98%|█████████▊| 5683/5794 [01:23<00:01, 67.72it/s]
 98%|█████████▊| 5690/5794 [01:23<00:01, 66.66it/s]
 98%|█████████▊| 5697/5794 [01:23<00:01, 65.84it/s]
 98%|█████████▊| 5704/5794 [01:23<00:01, 65.21it/s]
 99%|█████████▊| 5711/5794 [01:23<00:01, 64.77it/s]
 99%|█████████▊| 5718/5794 [01:23<00:01, 64.43it/s]
 99%|█████████▉| 5725/5794 [01:24<00:01, 63.66it/s]
 99%|█████████▉| 5732/5794 [01:24<00:00, 63.63it/s]
 99%|█████████▉| 5739/5794 [01:24<00:00, 63.76it/s]
 99%|█████████▉| 5746/5794 [01:24<00:00, 63.89it/s]
 99%|█████████▉| 5753/5794 [01:24<00:00, 63.81it/s]
 99%|█████████▉| 5760/5794 [01:24<00:00, 63.97it/s]
100%|█████████▉| 5767/5794 [01:24<00:00, 63.85it/s]
100%|█████████▉| 5774/5794 [01:24<00:00, 63.91it/s]
100%|█████████▉| 5781/5794 [01:24<00:00, 63.92it/s]
100%|█████████▉| 5788/5794 [01:25<00:00, 63.93it/s]
100%|██████████| 5794/5794 [01:25<00:00, 68.01it/s]
BALANCED ACCS CHECKED FOR TEST
TEST SET RESULTS FOR CHECKPOINT trained_weights/waterbirds/gals_waterbird_complete95_forest2water2_21050510_trial_000/best_balanced_valacc_0.55_epoch_0.ckpt
test_acc: 0.7279944770452192
balanced_test_acc: 0.5662318420125577
Land_on_Land_test_acc: 0.9991130820399113
Land_on_Water_test_acc: 0.7144124168514412
Water_on_Land_test_acc: 0.010903426791277258
Water_on_Water_test_acc: 0.5404984423676013
test_acc_Waterbird: 0.2757009345794392
test_acc_Landbird: 0.8567627494456763
