[CMD] /home/ryreu/miniconda3/envs/gals_a100/bin/python -u main.py --config configs/waterbirds_100_abn_vit.yaml --name abn_att_waterbird_1.0_forest2water2_21050510_trial_000 DATA.ROOT=/home/ryreu/guided_cnn/waterbirds DATA.WATERBIRDS_DIR=waterbird_1.0_forest2water2 SEED=0 EXP.BASE.LR=0.0010000000000000002 EXP.CLASSIFIER.LR=9.999999999999991e-05 EXP.WEIGHT_DECAY=9.999999999999997e-06 EXP.AUX_LOSSES_ON_VAL=False EXP.LOSSES.ABN_SUPERVISION.WEIGHT=1.0 EXP.NUM_EPOCHS=1
SEED: 0
DATA:
  BATCH_SIZE: 96
  NUM_WORKERS: 4
  SIZE: 224
  NORMALIZATION: imagenet
  ATTENTION_DIR: clip_vit_attention
  SEPARATE_CLASSES: false
  REMOVE_BACKGROUND: false
  ROOT: /home/ryreu/guided_cnn/waterbirds
  USE_CLASS_WEIGHTS: false
  USE_GROUP_WEIGHTS: false
  DATASET: waterbirds
  NUM_CLASSES: 2
  CONFOUNDING_FACTOR: 1.0
  WATERBIRDS_DIR: waterbird_1.0_forest2water2
EXP:
  NUM_TRIALS: 1
  LOSSES:
    CLASSIFICATION:
      WEIGHT: 1
    GRADIENT_OUTSIDE:
      COMPUTE: false
      LOG: false
      WEIGHT: 0.01
      CRITERION: L1
      GT: segmentation
      COMBINE_ATT_MODE: average_nonzero
    GRADIENT_INSIDE:
      COMPUTE: false
      LOG: false
      WEIGHT: 1
      CRITERION: L1
      GT: segmentation
      COMBINE_ATT_MODE: average_nonzero
    GRADCAM:
      COMPUTE: false
      LOG: false
      WEIGHT: 1
      CRITERION: L1
      GT: segmentation
      MODE: match
      COMBINE_ATT_MODE: average_nonzero
    ABN_CLASSIFICATION:
      COMPUTE: true
      LOG: false
      WEIGHT: 1
    ABN_SUPERVISION:
      COMPUTE: true
      LOG: false
      WEIGHT: 1.0
      CRITERION: L1
      GT: clip_vit
      MODE: suppress_outside
      COMBINE_ATT_MODE: average_nonzero
  APPROACH: abn
  MODEL: resnet50_abn
  PRETRAINED: true
  PROVIDED_ATT: NONE
  PROVIDED_ATT_SHAPE:
  - 14
  - 14
  ABN_ADD_AFTER_ATTENTION: true
  NUM_EPOCHS: 1
  OPTIMIZER: SGD
  WEIGHT_DECAY: 9.999999999999997e-06
  MOMENTUM: 0.9
  SCHEDULER: NONE
  BASE:
    LR: 0.0010000000000000002
  CLASSIFIER:
    LR: 9.999999999999991e-05
  AUX_LOSSES_ON_VAL: false
LOGGING:
  SAVE_EVERY: 0
  SAVE_BEST: true
  SAVE_LAST: false
  LOG_ATTENTION: false
  LOG_ATTENTION_STEP: 10
  SAVE_STATS_PATH: null
yaml: configs/waterbirds_100_abn_vit.yaml
name: abn_att_waterbird_1.0_forest2water2_21050510_trial_000
test_checkpoint: null

WATERBIRDS DIR: /home/ryreu/guided_cnn/waterbirds/waterbird_1.0_forest2water2
NUMBER OF SAMPLES WITH LABEL Landbird: 3684
NUMBER OF SAMPLES WITH LABEL Waterbird: 1111
NUMBER OF SAMPLES WITH GROUP Land_on_Land: 3684
NUMBER OF SAMPLES WITH GROUP Land_on_Water: 0
NUMBER OF SAMPLES WITH GROUP Water_on_Land: 0
NUMBER OF SAMPLES WITH GROUP Water_on_Water: 1111
WATERBIRDS DIR: /home/ryreu/guided_cnn/waterbirds/waterbird_1.0_forest2water2
NUMBER OF SAMPLES WITH LABEL Landbird: 931
NUMBER OF SAMPLES WITH LABEL Waterbird: 268
NUMBER OF SAMPLES WITH GROUP Land_on_Land: 465
NUMBER OF SAMPLES WITH GROUP Land_on_Water: 466
NUMBER OF SAMPLES WITH GROUP Water_on_Land: 134
NUMBER OF SAMPLES WITH GROUP Water_on_Water: 134
NUM TRAIN: 4795

NUM VAL:   1199

Number classifier outputs: 1
Using pretrained model: True
Removing att_conv.weight from pretained weights, with weight shape torch.Size([1000, 2048, 1, 1])
Removing bn_att2.weight from pretained weights, with weight shape torch.Size([1000])
Removing bn_att2.bias from pretained weights, with weight shape torch.Size([1000])
Removing bn_att2.running_mean from pretained weights, with weight shape torch.Size([1000])
Removing bn_att2.running_var from pretained weights, with weight shape torch.Size([1000])
Removing att_conv2.weight from pretained weights, with weight shape torch.Size([1000, 1000, 1, 1])
Removing att_conv3.weight from pretained weights, with weight shape torch.Size([1, 1000, 3, 3])
Removing fc.weight from pretained weights, with weight shape torch.Size([1000, 2048])
Removing fc.bias from pretained weights, with weight shape torch.Size([1000])
Keys missing in state dict:    ['att_conv.weight', 'bn_att2.weight', 'bn_att2.bias', 'bn_att2.running_mean', 'bn_att2.running_var', 'att_conv2.weight', 'att_conv3.weight', 'fc.weight', 'fc.bias']
Unexpected keys in state dict: []
USING SGD OPTIMIZER
class weights: None
group weights: None
WANDB DISABLED: skipping wandb.init()
EPOCH: 0

>>> TRAINING 


  0%|          | 0/50 [00:00<?, ?it/s]
  2%|▏         | 1/50 [00:03<03:02,  3.72s/it]
  4%|▍         | 2/50 [00:03<01:21,  1.69s/it]
  6%|▌         | 3/50 [00:04<00:48,  1.03s/it]
  8%|▊         | 4/50 [00:04<00:33,  1.39it/s]
 10%|█         | 5/50 [00:04<00:25,  1.79it/s]
 12%|█▏        | 6/50 [00:04<00:19,  2.20it/s]
 14%|█▍        | 7/50 [00:05<00:16,  2.57it/s]
 16%|█▌        | 8/50 [00:05<00:14,  2.88it/s]
 18%|█▊        | 9/50 [00:05<00:13,  3.14it/s]
 20%|██        | 10/50 [00:06<00:11,  3.35it/s]
 22%|██▏       | 11/50 [00:06<00:10,  3.59it/s]
 24%|██▍       | 12/50 [00:06<00:10,  3.78it/s]
 26%|██▌       | 13/50 [00:06<00:09,  3.82it/s]
 28%|██▊       | 14/50 [00:06<00:09,  3.85it/s]
 30%|███       | 15/50 [00:07<00:08,  3.98it/s]
 32%|███▏      | 16/50 [00:07<00:08,  4.01it/s]
 34%|███▍      | 17/50 [00:07<00:08,  4.04it/s]
 36%|███▌      | 18/50 [00:07<00:07,  4.07it/s]
 38%|███▊      | 19/50 [00:08<00:07,  4.07it/s]
 40%|████      | 20/50 [00:08<00:07,  4.07it/s]
 42%|████▏     | 21/50 [00:08<00:07,  4.08it/s]
 44%|████▍     | 22/50 [00:08<00:06,  4.09it/s]
 46%|████▌     | 23/50 [00:09<00:06,  4.09it/s]
 48%|████▊     | 24/50 [00:09<00:06,  4.10it/s]
 50%|█████     | 25/50 [00:09<00:06,  4.11it/s]
 52%|█████▏    | 26/50 [00:09<00:05,  4.10it/s]
 54%|█████▍    | 27/50 [00:10<00:05,  4.15it/s]
 56%|█████▌    | 28/50 [00:10<00:05,  4.19it/s]
 58%|█████▊    | 29/50 [00:10<00:04,  4.22it/s]
 60%|██████    | 30/50 [00:10<00:04,  4.22it/s]
 62%|██████▏   | 31/50 [00:11<00:04,  4.24it/s]
 64%|██████▍   | 32/50 [00:11<00:04,  4.19it/s]
 66%|██████▌   | 33/50 [00:11<00:04,  4.14it/s]
 68%|██████▊   | 34/50 [00:11<00:03,  4.14it/s]
 70%|███████   | 35/50 [00:12<00:03,  4.13it/s]
 72%|███████▏  | 36/50 [00:12<00:03,  4.09it/s]
 74%|███████▍  | 37/50 [00:12<00:03,  4.10it/s]
 76%|███████▌  | 38/50 [00:12<00:02,  4.11it/s]
 78%|███████▊  | 39/50 [00:13<00:02,  4.16it/s]
 80%|████████  | 40/50 [00:13<00:02,  4.19it/s]
 82%|████████▏ | 41/50 [00:13<00:02,  4.23it/s]
 84%|████████▍ | 42/50 [00:13<00:01,  4.23it/s]
 86%|████████▌ | 43/50 [00:13<00:01,  4.24it/s]
 88%|████████▊ | 44/50 [00:14<00:01,  4.26it/s]
 90%|█████████ | 45/50 [00:14<00:01,  4.29it/s]
 92%|█████████▏| 46/50 [00:14<00:00,  4.29it/s]
 94%|█████████▍| 47/50 [00:14<00:00,  4.31it/s]
 96%|█████████▌| 48/50 [00:15<00:00,  4.30it/s]
 98%|█████████▊| 49/50 [00:15<00:00,  4.33it/s]
100%|██████████| 50/50 [00:15<00:00,  4.36it/s]
100%|██████████| 50/50 [00:15<00:00,  3.20it/s]
>>> VALIDATING 


  0%|          | 0/13 [00:00<?, ?it/s]
  8%|▊         | 1/13 [00:01<00:12,  1.04s/it]
 23%|██▎       | 3/13 [00:01<00:03,  2.97it/s]
 38%|███▊      | 5/13 [00:01<00:02,  3.26it/s]
 54%|█████▍    | 7/13 [00:01<00:01,  4.68it/s]
 69%|██████▉   | 9/13 [00:02<00:00,  4.20it/s]
 85%|████████▍ | 11/13 [00:02<00:00,  5.41it/s]
100%|██████████| 13/13 [00:02<00:00,  6.61it/s]
100%|██████████| 13/13 [00:02<00:00,  4.46it/s]
>>> LOGGING 

BALANCED ACCS CHECKED FOR TRAIN
BALANCED ACCS CHECKED FOR VAL
train_acc: 0.7795620437956204
val_acc: 0.6171809841534612
train_abn_acc: 0
val_abn_acc: 0
train_cls_loss: 0.4472104811600028
val_cls_loss: 0.6623709531900185
train_total_loss: 1.4007895059704905
val_total_loss: 0.6623709531900185
test_abn_acc: 0
balanced_train_acc: 0.6163990584726224
balanced_val_acc: 0.5249691392660756
Land_on_Land_train_acc: 0.9204668838219326
Land_on_Land_val_acc: 0.9913978494623656
Land_on_Water_train_acc: 0
Land_on_Water_val_acc: 0.3927038626609442
Water_on_Land_train_acc: 0
Water_on_Land_val_acc: 0.022388059701492536
Water_on_Water_train_acc: 0.31233123312331235
Water_on_Water_val_acc: 0.6940298507462687
train_abn_cls_loss: 0.764101118787859
train_abn_att_clip_vit_loss: 0.18947790399644374
train_acc_Landbird: 0.9204668838219326
train_acc_Waterbird: 0.31233123312331235
val_acc_Landbird: 0.6917293233082706
val_acc_Waterbird: 0.3582089552238806
TRAIN ACC:        0.7795620437956204
VAL ACC:          0.6171809841534612
BALANCED VAL ACC: 0.5249691392660756
prev best list: []
Saving to trained_weights/waterbirds/abn_att_waterbird_1.0_forest2water2_21050510_trial_000/best_balanced_valacc_0.52_epoch_0.ckpt
>>> EVALUATING ON TEST SET
WATERBIRDS DIR: /home/ryreu/guided_cnn/waterbirds/waterbird_1.0_forest2water2
NUMBER OF SAMPLES WITH LABEL Landbird: 4510
NUMBER OF SAMPLES WITH LABEL Waterbird: 1284
NUMBER OF SAMPLES WITH GROUP Land_on_Land: 2255
NUMBER OF SAMPLES WITH GROUP Land_on_Water: 2255
NUMBER OF SAMPLES WITH GROUP Water_on_Land: 642
NUMBER OF SAMPLES WITH GROUP Water_on_Water: 642
NUM TEST:   5794

Loaded checkpoint trained_weights/waterbirds/abn_att_waterbird_1.0_forest2water2_21050510_trial_000/best_balanced_valacc_0.52_epoch_0.ckpt

  0%|          | 0/5794 [00:00<?, ?it/s]
  0%|          | 1/5794 [00:00<20:38,  4.68it/s]
  0%|          | 7/5794 [00:00<03:46, 25.54it/s]
  0%|          | 13/5794 [00:00<02:35, 37.27it/s]
  0%|          | 19/5794 [00:00<02:11, 44.01it/s]
  0%|          | 25/5794 [00:00<02:00, 48.03it/s]
  1%|          | 31/5794 [00:00<01:53, 50.99it/s]
  1%|          | 37/5794 [00:00<01:49, 52.74it/s]
  1%|          | 43/5794 [00:00<01:47, 53.70it/s]
  1%|          | 49/5794 [00:01<01:45, 54.38it/s]
  1%|          | 55/5794 [00:01<01:44, 55.05it/s]
  1%|          | 61/5794 [00:01<01:43, 55.53it/s]
  1%|          | 67/5794 [00:01<01:43, 55.46it/s]
  1%|▏         | 73/5794 [00:01<01:42, 55.64it/s]
  1%|▏         | 79/5794 [00:01<01:42, 55.85it/s]
  1%|▏         | 85/5794 [00:01<01:42, 55.64it/s]
  2%|▏         | 91/5794 [00:01<01:42, 55.45it/s]
  2%|▏         | 97/5794 [00:01<01:41, 55.92it/s]
  2%|▏         | 103/5794 [00:02<01:41, 56.05it/s]
  2%|▏         | 109/5794 [00:02<01:41, 56.20it/s]
  2%|▏         | 115/5794 [00:02<01:40, 56.49it/s]
  2%|▏         | 121/5794 [00:02<01:40, 56.52it/s]
  2%|▏         | 127/5794 [00:02<01:41, 56.07it/s]
  2%|▏         | 133/5794 [00:02<01:40, 56.27it/s]
  2%|▏         | 139/5794 [00:02<01:40, 56.32it/s]
  3%|▎         | 145/5794 [00:02<01:40, 56.18it/s]
  3%|▎         | 151/5794 [00:02<01:40, 56.18it/s]
  3%|▎         | 157/5794 [00:02<01:40, 56.28it/s]
  3%|▎         | 163/5794 [00:03<01:41, 55.70it/s]
  3%|▎         | 169/5794 [00:03<01:41, 55.52it/s]
  3%|▎         | 175/5794 [00:03<01:40, 55.83it/s]
  3%|▎         | 181/5794 [00:03<01:40, 55.99it/s]
  3%|▎         | 187/5794 [00:03<01:39, 56.45it/s]
  3%|▎         | 193/5794 [00:03<01:38, 56.61it/s]
  3%|▎         | 199/5794 [00:03<01:38, 56.78it/s]
  4%|▎         | 205/5794 [00:03<01:39, 56.37it/s]
  4%|▎         | 211/5794 [00:03<01:39, 55.92it/s]
  4%|▎         | 217/5794 [00:04<01:38, 56.43it/s]
  4%|▍         | 223/5794 [00:04<01:38, 56.59it/s]
  4%|▍         | 229/5794 [00:04<01:38, 56.28it/s]
  4%|▍         | 235/5794 [00:04<01:38, 56.37it/s]
  4%|▍         | 241/5794 [00:04<01:38, 56.41it/s]
  4%|▍         | 247/5794 [00:04<01:38, 56.10it/s]
  4%|▍         | 253/5794 [00:04<01:38, 56.15it/s]
  4%|▍         | 259/5794 [00:04<01:38, 56.25it/s]
  5%|▍         | 265/5794 [00:04<01:38, 56.41it/s]
  5%|▍         | 271/5794 [00:05<01:37, 56.58it/s]
  5%|▍         | 277/5794 [00:05<01:37, 56.57it/s]
  5%|▍         | 283/5794 [00:05<01:37, 56.63it/s]
  5%|▍         | 289/5794 [00:05<01:38, 56.10it/s]
  5%|▌         | 295/5794 [00:05<01:38, 56.05it/s]
  5%|▌         | 301/5794 [00:05<01:37, 56.38it/s]
  5%|▌         | 307/5794 [00:05<01:37, 56.15it/s]
  5%|▌         | 313/5794 [00:05<01:37, 55.99it/s]
  6%|▌         | 319/5794 [00:05<01:37, 56.29it/s]
  6%|▌         | 325/5794 [00:05<01:37, 56.30it/s]
  6%|▌         | 331/5794 [00:06<01:37, 55.93it/s]
  6%|▌         | 337/5794 [00:06<01:37, 56.22it/s]
  6%|▌         | 343/5794 [00:06<01:36, 56.26it/s]
  6%|▌         | 349/5794 [00:06<01:36, 56.43it/s]
  6%|▌         | 355/5794 [00:06<01:36, 56.62it/s]
  6%|▌         | 361/5794 [00:06<01:36, 56.56it/s]
  6%|▋         | 367/5794 [00:06<01:36, 56.13it/s]
  6%|▋         | 373/5794 [00:06<01:36, 55.98it/s]
  7%|▋         | 379/5794 [00:06<01:37, 55.78it/s]
  7%|▋         | 385/5794 [00:07<01:36, 56.00it/s]
  7%|▋         | 391/5794 [00:07<01:37, 55.25it/s]
  7%|▋         | 397/5794 [00:07<01:38, 54.92it/s]
  7%|▋         | 403/5794 [00:07<01:37, 55.50it/s]
  7%|▋         | 409/5794 [00:07<01:37, 55.50it/s]
  7%|▋         | 415/5794 [00:07<01:36, 55.82it/s]
  7%|▋         | 421/5794 [00:07<01:37, 54.91it/s]
  7%|▋         | 427/5794 [00:07<01:40, 53.52it/s]
  7%|▋         | 433/5794 [00:07<01:41, 52.75it/s]
  8%|▊         | 439/5794 [00:08<01:42, 52.35it/s]
  8%|▊         | 445/5794 [00:08<01:44, 51.35it/s]
  8%|▊         | 451/5794 [00:08<01:45, 50.81it/s]
  8%|▊         | 457/5794 [00:08<01:45, 50.77it/s]
  8%|▊         | 463/5794 [00:08<01:46, 50.19it/s]
  8%|▊         | 469/5794 [00:08<01:46, 50.04it/s]
  8%|▊         | 475/5794 [00:08<01:45, 50.35it/s]
  8%|▊         | 481/5794 [00:08<01:46, 50.03it/s]
  8%|▊         | 487/5794 [00:09<01:46, 49.92it/s]
  9%|▊         | 493/5794 [00:09<01:45, 50.21it/s]
  9%|▊         | 499/5794 [00:09<01:45, 50.24it/s]
  9%|▊         | 505/5794 [00:09<01:45, 50.35it/s]
  9%|▉         | 511/5794 [00:09<01:44, 50.58it/s]
  9%|▉         | 517/5794 [00:09<01:45, 50.17it/s]
  9%|▉         | 523/5794 [00:09<01:45, 50.00it/s]
  9%|▉         | 529/5794 [00:09<01:44, 50.19it/s]
  9%|▉         | 535/5794 [00:09<01:45, 50.00it/s]
  9%|▉         | 541/5794 [00:10<01:45, 49.89it/s]
  9%|▉         | 547/5794 [00:10<01:44, 50.04it/s]
 10%|▉         | 553/5794 [00:10<01:44, 49.94it/s]
 10%|▉         | 558/5794 [00:10<01:45, 49.82it/s]
 10%|▉         | 564/5794 [00:10<01:44, 49.97it/s]
 10%|▉         | 570/5794 [00:10<01:44, 50.04it/s]
 10%|▉         | 576/5794 [00:10<01:43, 50.29it/s]
 10%|█         | 582/5794 [00:10<01:43, 50.29it/s]
 10%|█         | 588/5794 [00:11<01:43, 50.20it/s]
 10%|█         | 594/5794 [00:11<01:44, 49.92it/s]
 10%|█         | 600/5794 [00:11<01:43, 50.04it/s]
 10%|█         | 606/5794 [00:11<01:43, 50.06it/s]
 11%|█         | 612/5794 [00:11<01:43, 50.04it/s]
 11%|█         | 618/5794 [00:11<01:43, 50.22it/s]
 11%|█         | 624/5794 [00:11<01:42, 50.22it/s]
 11%|█         | 630/5794 [00:11<01:43, 49.75it/s]
 11%|█         | 636/5794 [00:11<01:43, 50.04it/s]
 11%|█         | 642/5794 [00:12<01:42, 50.36it/s]
 11%|█         | 648/5794 [00:12<01:40, 50.97it/s]
 11%|█▏        | 654/5794 [00:12<01:39, 51.51it/s]
 11%|█▏        | 660/5794 [00:12<01:38, 52.17it/s]
 11%|█▏        | 666/5794 [00:12<01:40, 51.21it/s]
 12%|█▏        | 672/5794 [00:12<01:40, 51.05it/s]
 12%|█▏        | 678/5794 [00:12<01:41, 50.64it/s]
 12%|█▏        | 684/5794 [00:12<01:41, 50.22it/s]
 12%|█▏        | 690/5794 [00:13<01:37, 52.14it/s]
 12%|█▏        | 696/5794 [00:13<01:39, 51.38it/s]
 12%|█▏        | 702/5794 [00:13<01:37, 52.05it/s]
 12%|█▏        | 708/5794 [00:13<01:35, 53.44it/s]
 12%|█▏        | 714/5794 [00:13<01:32, 54.65it/s]
 12%|█▏        | 720/5794 [00:13<01:31, 55.20it/s]
 13%|█▎        | 726/5794 [00:13<01:33, 54.12it/s]
 13%|█▎        | 732/5794 [00:13<01:32, 54.86it/s]
 13%|█▎        | 738/5794 [00:13<01:31, 55.15it/s]
 13%|█▎        | 744/5794 [00:14<01:30, 55.68it/s]
 13%|█▎        | 750/5794 [00:14<01:30, 55.99it/s]
 13%|█▎        | 756/5794 [00:14<01:30, 55.96it/s]
 13%|█▎        | 762/5794 [00:14<01:29, 56.30it/s]
 13%|█▎        | 768/5794 [00:14<01:29, 56.37it/s]
 13%|█▎        | 774/5794 [00:14<01:28, 56.51it/s]
 13%|█▎        | 780/5794 [00:14<01:28, 56.34it/s]
 14%|█▎        | 786/5794 [00:14<01:29, 55.84it/s]
 14%|█▎        | 792/5794 [00:14<01:29, 55.76it/s]
 14%|█▍        | 798/5794 [00:14<01:28, 56.26it/s]
 14%|█▍        | 804/5794 [00:15<01:28, 56.50it/s]
 14%|█▍        | 810/5794 [00:15<01:27, 56.83it/s]
 14%|█▍        | 816/5794 [00:15<01:26, 57.55it/s]
 14%|█▍        | 822/5794 [00:15<01:27, 56.94it/s]
 14%|█▍        | 828/5794 [00:15<01:26, 57.30it/s]
 14%|█▍        | 834/5794 [00:15<01:26, 57.64it/s]
 14%|█▍        | 840/5794 [00:15<01:25, 57.72it/s]
 15%|█▍        | 846/5794 [00:15<01:25, 57.62it/s]
 15%|█▍        | 852/5794 [00:15<01:25, 58.03it/s]
 15%|█▍        | 858/5794 [00:16<01:25, 57.99it/s]
 15%|█▍        | 864/5794 [00:16<01:25, 57.84it/s]
 15%|█▌        | 870/5794 [00:16<01:25, 57.54it/s]
 15%|█▌        | 876/5794 [00:16<01:24, 58.02it/s]
 15%|█▌        | 882/5794 [00:16<01:24, 58.19it/s]
 15%|█▌        | 888/5794 [00:16<01:24, 58.29it/s]
 15%|█▌        | 894/5794 [00:16<01:23, 58.36it/s]
 16%|█▌        | 900/5794 [00:16<01:23, 58.41it/s]
 16%|█▌        | 906/5794 [00:16<01:24, 57.83it/s]
 16%|█▌        | 912/5794 [00:16<01:24, 57.92it/s]
 16%|█▌        | 918/5794 [00:17<01:23, 58.13it/s]
 16%|█▌        | 924/5794 [00:17<01:24, 57.94it/s]
 16%|█▌        | 930/5794 [00:17<01:24, 57.62it/s]
 16%|█▌        | 936/5794 [00:17<01:23, 57.97it/s]
 16%|█▋        | 942/5794 [00:17<01:23, 58.12it/s]
 16%|█▋        | 948/5794 [00:17<01:23, 57.95it/s]
 16%|█▋        | 954/5794 [00:17<01:23, 58.01it/s]
 17%|█▋        | 960/5794 [00:17<01:22, 58.29it/s]
 17%|█▋        | 966/5794 [00:17<01:22, 58.34it/s]
 17%|█▋        | 972/5794 [00:17<01:22, 58.35it/s]
 17%|█▋        | 978/5794 [00:18<01:22, 58.40it/s]
 17%|█▋        | 984/5794 [00:18<01:23, 57.48it/s]
 17%|█▋        | 990/5794 [00:18<01:28, 54.20it/s]
 17%|█▋        | 996/5794 [00:18<01:30, 53.20it/s]
 17%|█▋        | 1002/5794 [00:18<01:31, 52.60it/s]
 17%|█▋        | 1008/5794 [00:18<01:31, 52.39it/s]
 18%|█▊        | 1014/5794 [00:18<01:28, 53.76it/s]
 18%|█▊        | 1020/5794 [00:18<01:27, 54.70it/s]
 18%|█▊        | 1026/5794 [00:18<01:26, 55.34it/s]
 18%|█▊        | 1032/5794 [00:19<01:25, 55.82it/s]
 18%|█▊        | 1038/5794 [00:19<01:24, 56.26it/s]
 18%|█▊        | 1044/5794 [00:19<01:24, 56.28it/s]
 18%|█▊        | 1050/5794 [00:19<01:27, 54.49it/s]
 18%|█▊        | 1056/5794 [00:19<01:26, 55.06it/s]
 18%|█▊        | 1062/5794 [00:19<01:25, 55.27it/s]
 18%|█▊        | 1068/5794 [00:19<01:24, 55.64it/s]
 19%|█▊        | 1074/5794 [00:19<01:24, 56.07it/s]
 19%|█▊        | 1080/5794 [00:19<01:23, 56.68it/s]
 19%|█▊        | 1086/5794 [00:20<01:22, 57.04it/s]
 19%|█▉        | 1092/5794 [00:20<01:22, 57.11it/s]
 19%|█▉        | 1098/5794 [00:20<01:21, 57.36it/s]
 19%|█▉        | 1104/5794 [00:20<01:21, 57.55it/s]
 19%|█▉        | 1110/5794 [00:20<01:21, 57.63it/s]
 19%|█▉        | 1116/5794 [00:20<01:20, 57.85it/s]
 19%|█▉        | 1122/5794 [00:20<01:21, 57.36it/s]
 19%|█▉        | 1128/5794 [00:20<01:24, 55.55it/s]
 20%|█▉        | 1134/5794 [00:20<01:26, 53.82it/s]
 20%|█▉        | 1140/5794 [00:21<01:27, 52.98it/s]
 20%|█▉        | 1146/5794 [00:21<01:30, 51.58it/s]
 20%|█▉        | 1152/5794 [00:21<01:30, 51.05it/s]
 20%|█▉        | 1158/5794 [00:21<01:30, 51.14it/s]
 20%|██        | 1164/5794 [00:21<01:31, 50.49it/s]
 20%|██        | 1170/5794 [00:21<01:31, 50.34it/s]
 20%|██        | 1176/5794 [00:21<01:31, 50.20it/s]
 20%|██        | 1182/5794 [00:21<01:32, 49.93it/s]
 20%|██        | 1187/5794 [00:21<01:32, 49.77it/s]
 21%|██        | 1193/5794 [00:22<01:31, 50.02it/s]
 21%|██        | 1199/5794 [00:22<01:31, 50.16it/s]
 21%|██        | 1205/5794 [00:22<01:31, 50.29it/s]
 21%|██        | 1211/5794 [00:22<01:31, 50.34it/s]
 21%|██        | 1217/5794 [00:22<01:31, 50.17it/s]
 21%|██        | 1223/5794 [00:22<01:29, 51.21it/s]
 21%|██        | 1229/5794 [00:22<01:29, 51.05it/s]
 21%|██▏       | 1235/5794 [00:22<01:29, 50.68it/s]
 21%|██▏       | 1241/5794 [00:23<01:28, 51.40it/s]
 22%|██▏       | 1247/5794 [00:23<01:26, 52.85it/s]
 22%|██▏       | 1253/5794 [00:23<01:24, 53.56it/s]
 22%|██▏       | 1259/5794 [00:23<01:26, 52.71it/s]
 22%|██▏       | 1265/5794 [00:23<01:24, 53.87it/s]
 22%|██▏       | 1271/5794 [00:23<01:23, 54.46it/s]
 22%|██▏       | 1277/5794 [00:23<01:22, 55.03it/s]
 22%|██▏       | 1283/5794 [00:23<01:22, 55.00it/s]
 22%|██▏       | 1289/5794 [00:23<01:22, 54.63it/s]
 22%|██▏       | 1295/5794 [00:24<01:25, 52.82it/s]
 22%|██▏       | 1301/5794 [00:24<01:26, 51.84it/s]
 23%|██▎       | 1307/5794 [00:24<01:24, 52.85it/s]
 23%|██▎       | 1313/5794 [00:24<01:23, 53.93it/s]
 23%|██▎       | 1319/5794 [00:24<01:21, 54.82it/s]
 23%|██▎       | 1325/5794 [00:24<01:20, 55.41it/s]
 23%|██▎       | 1331/5794 [00:24<01:19, 55.82it/s]
 23%|██▎       | 1337/5794 [00:24<01:19, 56.28it/s]
 23%|██▎       | 1343/5794 [00:24<01:18, 56.50it/s]
 23%|██▎       | 1349/5794 [00:24<01:18, 56.72it/s]
 23%|██▎       | 1355/5794 [00:25<01:18, 56.90it/s]
 23%|██▎       | 1361/5794 [00:25<01:17, 57.12it/s]
 24%|██▎       | 1367/5794 [00:25<01:18, 56.71it/s]
 24%|██▎       | 1373/5794 [00:25<01:17, 56.88it/s]
 24%|██▍       | 1379/5794 [00:25<01:17, 56.76it/s]
 24%|██▍       | 1385/5794 [00:25<01:17, 57.01it/s]
 24%|██▍       | 1391/5794 [00:25<01:16, 57.40it/s]
 24%|██▍       | 1397/5794 [00:25<01:17, 56.47it/s]
 24%|██▍       | 1403/5794 [00:25<01:18, 55.80it/s]
 24%|██▍       | 1409/5794 [00:26<01:17, 56.60it/s]
 24%|██▍       | 1415/5794 [00:26<01:17, 56.50it/s]
 25%|██▍       | 1421/5794 [00:26<01:17, 56.17it/s]
 25%|██▍       | 1427/5794 [00:26<01:17, 56.67it/s]
 25%|██▍       | 1433/5794 [00:26<01:16, 56.90it/s]
 25%|██▍       | 1439/5794 [00:26<01:16, 57.25it/s]
 25%|██▍       | 1445/5794 [00:26<01:15, 57.50it/s]
 25%|██▌       | 1451/5794 [00:26<01:15, 57.27it/s]
 25%|██▌       | 1457/5794 [00:26<01:15, 57.18it/s]
 25%|██▌       | 1463/5794 [00:26<01:15, 57.11it/s]
 25%|██▌       | 1469/5794 [00:27<01:15, 57.37it/s]
 25%|██▌       | 1475/5794 [00:27<01:15, 57.48it/s]
 26%|██▌       | 1481/5794 [00:27<01:15, 56.86it/s]
 26%|██▌       | 1487/5794 [00:27<01:15, 56.85it/s]
 26%|██▌       | 1493/5794 [00:27<01:15, 56.99it/s]
 26%|██▌       | 1499/5794 [00:27<01:15, 56.99it/s]
 26%|██▌       | 1505/5794 [00:27<01:15, 57.17it/s]
 26%|██▌       | 1511/5794 [00:27<01:14, 57.19it/s]
 26%|██▌       | 1517/5794 [00:27<01:15, 56.69it/s]
 26%|██▋       | 1523/5794 [00:28<01:16, 55.89it/s]
 26%|██▋       | 1529/5794 [00:28<01:16, 56.05it/s]
 26%|██▋       | 1535/5794 [00:28<01:17, 54.77it/s]
 27%|██▋       | 1541/5794 [00:28<01:20, 53.09it/s]
 27%|██▋       | 1547/5794 [00:28<01:21, 52.35it/s]
 27%|██▋       | 1553/5794 [00:28<01:22, 51.68it/s]
 27%|██▋       | 1559/5794 [00:28<01:23, 50.92it/s]
 27%|██▋       | 1565/5794 [00:28<01:23, 50.72it/s]
 27%|██▋       | 1571/5794 [00:28<01:23, 50.59it/s]
 27%|██▋       | 1577/5794 [00:29<01:24, 50.09it/s]
 27%|██▋       | 1583/5794 [00:29<01:24, 49.78it/s]
 27%|██▋       | 1589/5794 [00:29<01:24, 50.00it/s]
 28%|██▊       | 1595/5794 [00:29<01:23, 50.27it/s]
 28%|██▊       | 1601/5794 [00:29<01:24, 49.91it/s]
 28%|██▊       | 1607/5794 [00:29<01:23, 50.29it/s]
 28%|██▊       | 1613/5794 [00:29<01:23, 50.24it/s]
 28%|██▊       | 1619/5794 [00:29<01:22, 50.51it/s]
 28%|██▊       | 1625/5794 [00:30<01:23, 49.67it/s]
 28%|██▊       | 1630/5794 [00:30<01:24, 49.53it/s]
 28%|██▊       | 1635/5794 [00:30<01:23, 49.57it/s]
 28%|██▊       | 1640/5794 [00:30<01:23, 49.52it/s]
 28%|██▊       | 1646/5794 [00:30<01:23, 49.76it/s]
 28%|██▊       | 1651/5794 [00:30<01:23, 49.55it/s]
 29%|██▊       | 1657/5794 [00:30<01:22, 49.92it/s]
 29%|██▊       | 1663/5794 [00:30<01:22, 50.09it/s]
 29%|██▉       | 1669/5794 [00:30<01:22, 50.02it/s]
 29%|██▉       | 1675/5794 [00:31<01:21, 50.37it/s]
 29%|██▉       | 1681/5794 [00:31<01:21, 50.26it/s]
 29%|██▉       | 1687/5794 [00:31<01:21, 50.09it/s]
 29%|██▉       | 1693/5794 [00:31<01:21, 50.35it/s]
 29%|██▉       | 1699/5794 [00:31<01:21, 50.52it/s]
 29%|██▉       | 1705/5794 [00:31<01:21, 50.11it/s]
 30%|██▉       | 1711/5794 [00:31<01:21, 50.33it/s]
 30%|██▉       | 1717/5794 [00:31<01:20, 50.40it/s]
 30%|██▉       | 1723/5794 [00:32<01:21, 50.10it/s]
 30%|██▉       | 1729/5794 [00:32<01:20, 50.45it/s]
 30%|██▉       | 1735/5794 [00:32<01:19, 51.07it/s]
 30%|███       | 1741/5794 [00:32<01:16, 52.82it/s]
 30%|███       | 1747/5794 [00:32<01:16, 52.61it/s]
 30%|███       | 1753/5794 [00:32<01:17, 52.46it/s]
 30%|███       | 1759/5794 [00:32<01:17, 52.22it/s]
 30%|███       | 1765/5794 [00:32<01:17, 52.22it/s]
 31%|███       | 1771/5794 [00:32<01:17, 51.92it/s]
 31%|███       | 1777/5794 [00:33<01:17, 51.65it/s]
 31%|███       | 1783/5794 [00:33<01:16, 52.36it/s]
 31%|███       | 1789/5794 [00:33<01:15, 53.34it/s]
 31%|███       | 1795/5794 [00:33<01:14, 53.70it/s]
 31%|███       | 1801/5794 [00:33<01:12, 54.77it/s]
 31%|███       | 1807/5794 [00:33<01:13, 54.44it/s]
 31%|███▏      | 1813/5794 [00:33<01:14, 53.46it/s]
 31%|███▏      | 1819/5794 [00:33<01:15, 52.95it/s]
 31%|███▏      | 1825/5794 [00:33<01:15, 52.60it/s]
 32%|███▏      | 1831/5794 [00:34<01:13, 53.95it/s]
 32%|███▏      | 1837/5794 [00:34<01:12, 54.71it/s]
 32%|███▏      | 1843/5794 [00:34<01:11, 55.43it/s]
 32%|███▏      | 1849/5794 [00:34<01:11, 55.44it/s]
 32%|███▏      | 1855/5794 [00:34<01:09, 56.62it/s]
 32%|███▏      | 1861/5794 [00:34<01:08, 57.18it/s]
 32%|███▏      | 1867/5794 [00:34<01:07, 57.96it/s]
 32%|███▏      | 1873/5794 [00:34<01:07, 58.38it/s]
 32%|███▏      | 1879/5794 [00:34<01:06, 58.85it/s]
 33%|███▎      | 1885/5794 [00:34<01:06, 59.17it/s]
 33%|███▎      | 1891/5794 [00:35<01:06, 59.09it/s]
 33%|███▎      | 1897/5794 [00:35<01:06, 58.90it/s]
 33%|███▎      | 1904/5794 [00:35<01:05, 59.10it/s]
 33%|███▎      | 1910/5794 [00:35<01:05, 58.89it/s]
 33%|███▎      | 1916/5794 [00:35<01:05, 58.90it/s]
 33%|███▎      | 1922/5794 [00:35<01:05, 59.08it/s]
 33%|███▎      | 1928/5794 [00:35<01:05, 59.18it/s]
 33%|███▎      | 1934/5794 [00:35<01:04, 59.40it/s]
 33%|███▎      | 1940/5794 [00:35<01:04, 59.48it/s]
 34%|███▎      | 1946/5794 [00:36<01:04, 59.59it/s]
 34%|███▎      | 1952/5794 [00:36<01:04, 59.68it/s]
 34%|███▍      | 1958/5794 [00:36<01:04, 59.50it/s]
 34%|███▍      | 1965/5794 [00:36<01:04, 59.66it/s]
 34%|███▍      | 1972/5794 [00:36<01:03, 59.95it/s]
 34%|███▍      | 1978/5794 [00:36<01:04, 59.56it/s]
 34%|███▍      | 1985/5794 [00:36<01:03, 59.71it/s]
 34%|███▍      | 1991/5794 [00:36<01:03, 59.47it/s]
 34%|███▍      | 1997/5794 [00:36<01:03, 59.53it/s]
 35%|███▍      | 2003/5794 [00:36<01:03, 59.65it/s]
 35%|███▍      | 2009/5794 [00:37<01:03, 59.62it/s]
 35%|███▍      | 2015/5794 [00:37<01:03, 59.16it/s]
 35%|███▍      | 2022/5794 [00:37<01:03, 59.71it/s]
 35%|███▌      | 2028/5794 [00:37<01:03, 59.75it/s]
 35%|███▌      | 2034/5794 [00:37<01:03, 59.61it/s]
 35%|███▌      | 2040/5794 [00:37<01:03, 59.55it/s]
 35%|███▌      | 2046/5794 [00:37<01:03, 59.28it/s]
 35%|███▌      | 2052/5794 [00:37<01:03, 59.32it/s]
 36%|███▌      | 2058/5794 [00:37<01:02, 59.37it/s]
 36%|███▌      | 2064/5794 [00:38<01:02, 59.23it/s]
 36%|███▌      | 2070/5794 [00:38<01:02, 59.34it/s]
 36%|███▌      | 2076/5794 [00:38<01:02, 59.42it/s]
 36%|███▌      | 2082/5794 [00:38<01:02, 59.51it/s]
 36%|███▌      | 2088/5794 [00:38<01:02, 59.64it/s]
 36%|███▌      | 2094/5794 [00:38<01:02, 59.57it/s]
 36%|███▌      | 2100/5794 [00:38<01:02, 59.51it/s]
 36%|███▋      | 2106/5794 [00:38<01:01, 59.54it/s]
 36%|███▋      | 2112/5794 [00:38<01:04, 57.14it/s]
 37%|███▋      | 2118/5794 [00:38<01:06, 55.52it/s]
 37%|███▋      | 2124/5794 [00:39<01:07, 54.34it/s]
 37%|███▋      | 2130/5794 [00:39<01:08, 53.62it/s]
 37%|███▋      | 2136/5794 [00:39<01:08, 53.02it/s]
 37%|███▋      | 2142/5794 [00:39<01:09, 52.78it/s]
 37%|███▋      | 2148/5794 [00:39<01:09, 52.73it/s]
 37%|███▋      | 2154/5794 [00:39<01:09, 52.39it/s]
 37%|███▋      | 2160/5794 [00:39<01:09, 52.39it/s]
 37%|███▋      | 2166/5794 [00:39<01:07, 53.38it/s]
 37%|███▋      | 2172/5794 [00:39<01:08, 53.13it/s]
 38%|███▊      | 2178/5794 [00:40<01:08, 52.74it/s]
 38%|███▊      | 2184/5794 [00:40<01:08, 52.45it/s]
 38%|███▊      | 2190/5794 [00:40<01:08, 52.42it/s]
 38%|███▊      | 2196/5794 [00:40<01:08, 52.30it/s]
 38%|███▊      | 2202/5794 [00:40<01:08, 52.29it/s]
 38%|███▊      | 2208/5794 [00:40<01:08, 52.32it/s]
 38%|███▊      | 2214/5794 [00:40<01:09, 51.77it/s]
 38%|███▊      | 2220/5794 [00:40<01:09, 51.54it/s]
 38%|███▊      | 2226/5794 [00:41<01:09, 51.11it/s]
 39%|███▊      | 2232/5794 [00:41<01:09, 50.95it/s]
 39%|███▊      | 2238/5794 [00:41<01:10, 50.61it/s]
 39%|███▊      | 2244/5794 [00:41<01:09, 50.86it/s]
 39%|███▉      | 2250/5794 [00:41<01:07, 52.48it/s]
 39%|███▉      | 2256/5794 [00:41<01:05, 53.73it/s]
 39%|███▉      | 2262/5794 [00:41<01:04, 54.43it/s]
 39%|███▉      | 2268/5794 [00:41<01:04, 54.91it/s]
 39%|███▉      | 2274/5794 [00:41<01:03, 55.44it/s]
 39%|███▉      | 2280/5794 [00:42<01:02, 55.89it/s]
 39%|███▉      | 2286/5794 [00:42<01:02, 56.23it/s]
 40%|███▉      | 2292/5794 [00:42<01:01, 56.59it/s]
 40%|███▉      | 2298/5794 [00:42<01:01, 56.47it/s]
 40%|███▉      | 2304/5794 [00:42<01:01, 57.10it/s]
 40%|███▉      | 2310/5794 [00:42<01:00, 57.40it/s]
 40%|███▉      | 2316/5794 [00:42<01:00, 57.53it/s]
 40%|████      | 2322/5794 [00:42<00:59, 57.88it/s]
 40%|████      | 2328/5794 [00:42<00:59, 57.95it/s]
 40%|████      | 2334/5794 [00:42<00:59, 57.92it/s]
 40%|████      | 2340/5794 [00:43<01:00, 57.56it/s]
 40%|████      | 2346/5794 [00:43<01:00, 57.25it/s]
 41%|████      | 2352/5794 [00:43<01:00, 57.33it/s]
 41%|████      | 2358/5794 [00:43<00:59, 57.61it/s]
 41%|████      | 2364/5794 [00:43<01:00, 56.92it/s]
 41%|████      | 2370/5794 [00:43<01:00, 57.00it/s]
 41%|████      | 2376/5794 [00:43<00:59, 57.30it/s]
 41%|████      | 2382/5794 [00:43<00:59, 57.52it/s]
 41%|████      | 2388/5794 [00:43<00:59, 57.44it/s]
 41%|████▏     | 2394/5794 [00:43<00:59, 57.48it/s]
 41%|████▏     | 2400/5794 [00:44<00:59, 57.19it/s]
 42%|████▏     | 2406/5794 [00:44<00:58, 57.57it/s]
 42%|████▏     | 2412/5794 [00:44<00:58, 57.63it/s]
 42%|████▏     | 2418/5794 [00:44<00:58, 57.79it/s]
 42%|████▏     | 2424/5794 [00:44<00:58, 57.74it/s]
 42%|████▏     | 2430/5794 [00:44<00:58, 57.98it/s]
 42%|████▏     | 2436/5794 [00:44<00:57, 57.97it/s]
 42%|████▏     | 2442/5794 [00:44<00:57, 58.07it/s]
 42%|████▏     | 2448/5794 [00:44<00:57, 58.10it/s]
 42%|████▏     | 2454/5794 [00:45<00:57, 57.81it/s]
 42%|████▏     | 2460/5794 [00:45<00:58, 57.13it/s]
 43%|████▎     | 2466/5794 [00:45<00:58, 56.50it/s]
 43%|████▎     | 2472/5794 [00:45<01:00, 55.05it/s]
 43%|████▎     | 2478/5794 [00:45<01:00, 54.39it/s]
 43%|████▎     | 2484/5794 [00:45<01:01, 54.18it/s]
 43%|████▎     | 2490/5794 [00:45<01:01, 54.07it/s]
 43%|████▎     | 2496/5794 [00:45<01:00, 54.15it/s]
 43%|████▎     | 2502/5794 [00:45<01:00, 53.99it/s]
 43%|████▎     | 2508/5794 [00:46<01:00, 54.06it/s]
 43%|████▎     | 2514/5794 [00:46<01:00, 54.08it/s]
 43%|████▎     | 2520/5794 [00:46<01:00, 53.94it/s]
 44%|████▎     | 2526/5794 [00:46<01:00, 53.96it/s]
 44%|████▎     | 2532/5794 [00:46<01:00, 54.11it/s]
 44%|████▍     | 2538/5794 [00:46<01:00, 53.49it/s]
 44%|████▍     | 2544/5794 [00:46<01:01, 52.43it/s]
 44%|████▍     | 2550/5794 [00:46<01:02, 52.09it/s]
 44%|████▍     | 2556/5794 [00:46<01:01, 53.00it/s]
 44%|████▍     | 2562/5794 [00:47<01:00, 53.84it/s]
 44%|████▍     | 2568/5794 [00:47<00:59, 54.55it/s]
 44%|████▍     | 2574/5794 [00:47<00:58, 54.77it/s]
 45%|████▍     | 2580/5794 [00:47<00:58, 54.83it/s]
 45%|████▍     | 2586/5794 [00:47<00:58, 55.07it/s]
 45%|████▍     | 2592/5794 [00:47<00:57, 55.25it/s]
 45%|████▍     | 2598/5794 [00:47<00:57, 55.58it/s]
 45%|████▍     | 2604/5794 [00:47<00:57, 55.51it/s]
 45%|████▌     | 2610/5794 [00:47<00:57, 55.83it/s]
 45%|████▌     | 2616/5794 [00:48<00:56, 56.04it/s]
 45%|████▌     | 2622/5794 [00:48<00:56, 55.90it/s]
 45%|████▌     | 2628/5794 [00:48<00:56, 56.21it/s]
 45%|████▌     | 2634/5794 [00:48<00:55, 56.51it/s]
 46%|████▌     | 2640/5794 [00:48<00:55, 56.63it/s]
 46%|████▌     | 2646/5794 [00:48<00:55, 56.92it/s]
 46%|████▌     | 2652/5794 [00:48<00:55, 57.02it/s]
 46%|████▌     | 2658/5794 [00:48<00:55, 56.98it/s]
 46%|████▌     | 2664/5794 [00:48<00:56, 55.76it/s]
 46%|████▌     | 2670/5794 [00:48<00:56, 55.34it/s]
 46%|████▌     | 2676/5794 [00:49<00:56, 55.18it/s]
 46%|████▋     | 2682/5794 [00:49<00:56, 55.54it/s]
 46%|████▋     | 2688/5794 [00:49<00:55, 55.89it/s]
 46%|████▋     | 2694/5794 [00:49<00:55, 56.10it/s]
 47%|████▋     | 2700/5794 [00:49<00:55, 56.25it/s]
 47%|████▋     | 2706/5794 [00:49<00:54, 56.24it/s]
 47%|████▋     | 2712/5794 [00:49<00:54, 56.58it/s]
 47%|████▋     | 2718/5794 [00:49<00:54, 56.77it/s]
 47%|████▋     | 2724/5794 [00:49<00:54, 56.77it/s]
 47%|████▋     | 2730/5794 [00:50<00:54, 56.60it/s]
 47%|████▋     | 2736/5794 [00:50<00:53, 56.74it/s]
 47%|████▋     | 2742/5794 [00:50<00:53, 56.68it/s]
 47%|████▋     | 2748/5794 [00:50<00:53, 56.84it/s]
 48%|████▊     | 2754/5794 [00:50<00:53, 56.93it/s]
 48%|████▊     | 2760/5794 [00:50<00:53, 56.84it/s]
 48%|████▊     | 2766/5794 [00:50<00:53, 56.87it/s]
 48%|████▊     | 2772/5794 [00:50<00:53, 56.85it/s]
 48%|████▊     | 2778/5794 [00:50<00:53, 56.85it/s]
 48%|████▊     | 2784/5794 [00:50<00:52, 56.97it/s]
 48%|████▊     | 2790/5794 [00:51<00:52, 56.86it/s]
 48%|████▊     | 2796/5794 [00:51<00:52, 56.85it/s]
 48%|████▊     | 2802/5794 [00:51<00:52, 56.97it/s]
 48%|████▊     | 2808/5794 [00:51<00:52, 56.66it/s]
 49%|████▊     | 2814/5794 [00:51<00:52, 56.77it/s]
 49%|████▊     | 2820/5794 [00:51<00:52, 56.92it/s]
 49%|████▉     | 2826/5794 [00:51<00:53, 55.98it/s]
 49%|████▉     | 2832/5794 [00:51<00:52, 55.89it/s]
 49%|████▉     | 2838/5794 [00:51<00:52, 56.33it/s]
 49%|████▉     | 2844/5794 [00:52<00:53, 55.16it/s]
 49%|████▉     | 2850/5794 [00:52<00:53, 55.41it/s]
 49%|████▉     | 2856/5794 [00:52<00:52, 56.03it/s]
 49%|████▉     | 2862/5794 [00:52<00:52, 56.14it/s]
 49%|████▉     | 2868/5794 [00:52<00:52, 56.25it/s]
 50%|████▉     | 2874/5794 [00:52<00:52, 56.12it/s]
 50%|████▉     | 2880/5794 [00:52<00:51, 56.26it/s]
 50%|████▉     | 2886/5794 [00:52<00:51, 56.46it/s]
 50%|████▉     | 2892/5794 [00:52<00:51, 56.26it/s]
 50%|█████     | 2898/5794 [00:53<00:51, 56.35it/s]
 50%|█████     | 2904/5794 [00:53<00:51, 56.42it/s]
 50%|█████     | 2910/5794 [00:53<00:51, 56.40it/s]
 50%|█████     | 2916/5794 [00:53<00:51, 56.38it/s]
 50%|█████     | 2922/5794 [00:53<00:50, 56.55it/s]
 51%|█████     | 2928/5794 [00:53<00:50, 56.34it/s]
 51%|█████     | 2934/5794 [00:53<00:50, 56.58it/s]
 51%|█████     | 2940/5794 [00:53<00:50, 56.97it/s]
 51%|█████     | 2946/5794 [00:53<00:49, 57.03it/s]
 51%|█████     | 2952/5794 [00:53<00:49, 57.30it/s]
 51%|█████     | 2958/5794 [00:54<00:49, 57.50it/s]
 51%|█████     | 2964/5794 [00:54<00:49, 57.49it/s]
 51%|█████▏    | 2970/5794 [00:54<00:48, 57.69it/s]
 51%|█████▏    | 2976/5794 [00:54<00:49, 56.97it/s]
 51%|█████▏    | 2982/5794 [00:54<00:49, 56.97it/s]
 52%|█████▏    | 2988/5794 [00:54<00:48, 57.29it/s]
 52%|█████▏    | 2994/5794 [00:54<00:48, 57.40it/s]
 52%|█████▏    | 3000/5794 [00:54<00:48, 57.47it/s]
 52%|█████▏    | 3006/5794 [00:54<00:48, 57.63it/s]
 52%|█████▏    | 3012/5794 [00:54<00:48, 57.59it/s]
 52%|█████▏    | 3018/5794 [00:55<00:48, 57.48it/s]
 52%|█████▏    | 3024/5794 [00:55<00:48, 57.61it/s]
 52%|█████▏    | 3030/5794 [00:55<00:48, 57.26it/s]
 52%|█████▏    | 3036/5794 [00:55<00:48, 57.19it/s]
 53%|█████▎    | 3042/5794 [00:55<00:47, 57.43it/s]
 53%|█████▎    | 3048/5794 [00:55<00:47, 57.35it/s]
 53%|█████▎    | 3054/5794 [00:55<00:47, 57.50it/s]
 53%|█████▎    | 3060/5794 [00:55<00:47, 57.50it/s]
 53%|█████▎    | 3066/5794 [00:55<00:47, 57.25it/s]
 53%|█████▎    | 3072/5794 [00:56<00:47, 57.54it/s]
 53%|█████▎    | 3078/5794 [00:56<00:47, 57.06it/s]
 53%|█████▎    | 3084/5794 [00:56<00:47, 57.15it/s]
 53%|█████▎    | 3090/5794 [00:56<00:47, 57.20it/s]
 53%|█████▎    | 3096/5794 [00:56<00:47, 57.35it/s]
 54%|█████▎    | 3102/5794 [00:56<00:46, 57.43it/s]
 54%|█████▎    | 3108/5794 [00:56<00:46, 57.18it/s]
 54%|█████▎    | 3114/5794 [00:56<00:47, 56.30it/s]
 54%|█████▍    | 3120/5794 [00:56<00:47, 56.53it/s]
 54%|█████▍    | 3126/5794 [00:56<00:46, 57.03it/s]
 54%|█████▍    | 3132/5794 [00:57<00:46, 57.07it/s]
 54%|█████▍    | 3138/5794 [00:57<00:47, 56.42it/s]
 54%|█████▍    | 3144/5794 [00:57<00:46, 56.84it/s]
 54%|█████▍    | 3150/5794 [00:57<00:46, 57.00it/s]
 54%|█████▍    | 3156/5794 [00:57<00:46, 57.16it/s]
 55%|█████▍    | 3162/5794 [00:57<00:46, 57.11it/s]
 55%|█████▍    | 3168/5794 [00:57<00:46, 56.84it/s]
 55%|█████▍    | 3174/5794 [00:57<00:45, 57.09it/s]
 55%|█████▍    | 3180/5794 [00:57<00:45, 57.20it/s]
 55%|█████▍    | 3186/5794 [00:58<00:45, 57.08it/s]
 55%|█████▌    | 3192/5794 [00:58<00:45, 57.18it/s]
 55%|█████▌    | 3198/5794 [00:58<00:45, 56.95it/s]
 55%|█████▌    | 3204/5794 [00:58<00:45, 56.98it/s]
 55%|█████▌    | 3210/5794 [00:58<00:45, 57.08it/s]
 56%|█████▌    | 3216/5794 [00:58<00:45, 57.02it/s]
 56%|█████▌    | 3222/5794 [00:58<00:44, 57.25it/s]
 56%|█████▌    | 3228/5794 [00:58<00:44, 57.46it/s]
 56%|█████▌    | 3234/5794 [00:58<00:44, 57.30it/s]
 56%|█████▌    | 3240/5794 [00:58<00:44, 57.45it/s]
 56%|█████▌    | 3246/5794 [00:59<00:44, 57.46it/s]
 56%|█████▌    | 3252/5794 [00:59<00:44, 57.33it/s]
 56%|█████▌    | 3258/5794 [00:59<00:44, 57.12it/s]
 56%|█████▋    | 3264/5794 [00:59<00:44, 57.34it/s]
 56%|█████▋    | 3270/5794 [00:59<00:44, 57.25it/s]
 57%|█████▋    | 3276/5794 [00:59<00:43, 57.35it/s]
 57%|█████▋    | 3282/5794 [00:59<00:43, 57.45it/s]
 57%|█████▋    | 3288/5794 [00:59<00:43, 57.50it/s]
 57%|█████▋    | 3294/5794 [00:59<00:43, 57.62it/s]
 57%|█████▋    | 3300/5794 [01:00<00:43, 57.71it/s]
 57%|█████▋    | 3306/5794 [01:00<00:43, 57.56it/s]
 57%|█████▋    | 3312/5794 [01:00<00:43, 57.55it/s]
 57%|█████▋    | 3318/5794 [01:00<00:43, 57.47it/s]
 57%|█████▋    | 3324/5794 [01:00<00:42, 57.58it/s]
 57%|█████▋    | 3330/5794 [01:00<00:42, 57.32it/s]
 58%|█████▊    | 3336/5794 [01:00<00:42, 57.28it/s]
 58%|█████▊    | 3342/5794 [01:00<00:42, 57.42it/s]
 58%|█████▊    | 3348/5794 [01:00<00:42, 57.59it/s]
 58%|█████▊    | 3354/5794 [01:00<00:42, 57.55it/s]
 58%|█████▊    | 3360/5794 [01:01<00:42, 57.62it/s]
 58%|█████▊    | 3366/5794 [01:01<00:42, 57.74it/s]
 58%|█████▊    | 3372/5794 [01:01<00:42, 57.62it/s]
 58%|█████▊    | 3378/5794 [01:01<00:41, 57.56it/s]
 58%|█████▊    | 3384/5794 [01:01<00:41, 57.55it/s]
 59%|█████▊    | 3390/5794 [01:01<00:41, 57.51it/s]
 59%|█████▊    | 3396/5794 [01:01<00:41, 57.29it/s]
 59%|█████▊    | 3402/5794 [01:01<00:41, 57.23it/s]
 59%|█████▉    | 3408/5794 [01:01<00:41, 57.11it/s]
 59%|█████▉    | 3414/5794 [01:02<00:41, 57.12it/s]
 59%|█████▉    | 3420/5794 [01:02<00:41, 56.89it/s]
 59%|█████▉    | 3426/5794 [01:02<00:41, 56.83it/s]
 59%|█████▉    | 3432/5794 [01:02<00:41, 56.53it/s]
 59%|█████▉    | 3438/5794 [01:02<00:41, 56.50it/s]
 59%|█████▉    | 3444/5794 [01:02<00:41, 56.40it/s]
 60%|█████▉    | 3450/5794 [01:02<00:41, 56.50it/s]
 60%|█████▉    | 3456/5794 [01:02<00:41, 56.39it/s]
 60%|█████▉    | 3462/5794 [01:02<00:41, 56.51it/s]
 60%|█████▉    | 3468/5794 [01:02<00:41, 56.46it/s]
 60%|█████▉    | 3474/5794 [01:03<00:41, 56.28it/s]
 60%|██████    | 3480/5794 [01:03<00:40, 56.45it/s]
 60%|██████    | 3486/5794 [01:03<00:40, 56.55it/s]
 60%|██████    | 3492/5794 [01:03<00:41, 56.09it/s]
 60%|██████    | 3498/5794 [01:03<00:40, 56.21it/s]
 60%|██████    | 3504/5794 [01:03<00:40, 56.40it/s]
 61%|██████    | 3510/5794 [01:03<00:40, 56.35it/s]
 61%|██████    | 3516/5794 [01:03<00:40, 56.51it/s]
 61%|██████    | 3522/5794 [01:03<00:40, 56.49it/s]
 61%|██████    | 3528/5794 [01:04<00:39, 56.87it/s]
 61%|██████    | 3534/5794 [01:04<00:39, 57.17it/s]
 61%|██████    | 3540/5794 [01:04<00:39, 57.20it/s]
 61%|██████    | 3546/5794 [01:04<00:39, 57.33it/s]
 61%|██████▏   | 3552/5794 [01:04<00:39, 57.45it/s]
 61%|██████▏   | 3558/5794 [01:04<00:39, 57.30it/s]
 62%|██████▏   | 3564/5794 [01:04<00:39, 57.13it/s]
 62%|██████▏   | 3570/5794 [01:04<00:39, 56.72it/s]
 62%|██████▏   | 3576/5794 [01:04<00:39, 56.69it/s]
 62%|██████▏   | 3582/5794 [01:04<00:38, 56.84it/s]
 62%|██████▏   | 3588/5794 [01:05<00:38, 57.06it/s]
 62%|██████▏   | 3594/5794 [01:05<00:38, 57.01it/s]
 62%|██████▏   | 3600/5794 [01:05<00:38, 57.10it/s]
 62%|██████▏   | 3606/5794 [01:05<00:38, 56.86it/s]
 62%|██████▏   | 3612/5794 [01:05<00:38, 56.81it/s]
 62%|██████▏   | 3618/5794 [01:05<00:38, 57.04it/s]
 63%|██████▎   | 3624/5794 [01:05<00:38, 57.04it/s]
 63%|██████▎   | 3630/5794 [01:05<00:37, 57.30it/s]
 63%|██████▎   | 3636/5794 [01:05<00:37, 57.53it/s]
 63%|██████▎   | 3642/5794 [01:06<00:37, 57.46it/s]
 63%|██████▎   | 3648/5794 [01:06<00:37, 57.70it/s]
 63%|██████▎   | 3654/5794 [01:06<00:37, 57.80it/s]
 63%|██████▎   | 3660/5794 [01:06<00:37, 57.45it/s]
 63%|██████▎   | 3666/5794 [01:06<00:36, 57.70it/s]
 63%|██████▎   | 3672/5794 [01:06<00:36, 57.62it/s]
 63%|██████▎   | 3678/5794 [01:06<00:36, 57.45it/s]
 64%|██████▎   | 3684/5794 [01:06<00:37, 56.93it/s]
 64%|██████▎   | 3690/5794 [01:06<00:36, 57.07it/s]
 64%|██████▍   | 3696/5794 [01:06<00:36, 57.30it/s]
 64%|██████▍   | 3702/5794 [01:07<00:36, 57.53it/s]
 64%|██████▍   | 3708/5794 [01:07<00:36, 57.60it/s]
 64%|██████▍   | 3714/5794 [01:07<00:36, 57.60it/s]
 64%|██████▍   | 3720/5794 [01:07<00:35, 57.66it/s]
 64%|██████▍   | 3726/5794 [01:07<00:36, 57.31it/s]
 64%|██████▍   | 3732/5794 [01:07<00:35, 57.28it/s]
 65%|██████▍   | 3738/5794 [01:07<00:35, 57.21it/s]
 65%|██████▍   | 3744/5794 [01:07<00:36, 56.73it/s]
 65%|██████▍   | 3750/5794 [01:07<00:35, 56.81it/s]
 65%|██████▍   | 3756/5794 [01:08<00:36, 56.56it/s]
 65%|██████▍   | 3762/5794 [01:08<00:35, 56.78it/s]
 65%|██████▌   | 3768/5794 [01:08<00:35, 56.34it/s]
 65%|██████▌   | 3774/5794 [01:08<00:35, 56.86it/s]
 65%|██████▌   | 3780/5794 [01:08<00:35, 56.99it/s]
 65%|██████▌   | 3786/5794 [01:08<00:35, 57.12it/s]
 65%|██████▌   | 3792/5794 [01:08<00:35, 57.17it/s]
 66%|██████▌   | 3798/5794 [01:08<00:34, 57.05it/s]
 66%|██████▌   | 3804/5794 [01:08<00:34, 57.20it/s]
 66%|██████▌   | 3810/5794 [01:08<00:34, 57.50it/s]
 66%|██████▌   | 3816/5794 [01:09<00:34, 57.61it/s]
 66%|██████▌   | 3822/5794 [01:09<00:34, 57.79it/s]
 66%|██████▌   | 3828/5794 [01:09<00:34, 57.63it/s]
 66%|██████▌   | 3834/5794 [01:09<00:34, 57.49it/s]
 66%|██████▋   | 3840/5794 [01:09<00:34, 57.36it/s]
 66%|██████▋   | 3846/5794 [01:09<00:34, 57.11it/s]
 66%|██████▋   | 3852/5794 [01:09<00:33, 57.32it/s]
 67%|██████▋   | 3858/5794 [01:09<00:33, 57.33it/s]
 67%|██████▋   | 3864/5794 [01:09<00:33, 57.21it/s]
 67%|██████▋   | 3870/5794 [01:10<00:33, 56.94it/s]
 67%|██████▋   | 3876/5794 [01:10<00:33, 56.84it/s]
 67%|██████▋   | 3882/5794 [01:10<00:33, 56.80it/s]
 67%|██████▋   | 3888/5794 [01:10<00:33, 57.29it/s]
 67%|██████▋   | 3894/5794 [01:10<00:32, 57.63it/s]
 67%|██████▋   | 3900/5794 [01:10<00:32, 57.73it/s]
 67%|██████▋   | 3906/5794 [01:10<00:32, 57.96it/s]
 68%|██████▊   | 3912/5794 [01:10<00:32, 58.12it/s]
 68%|██████▊   | 3918/5794 [01:10<00:32, 58.05it/s]
 68%|██████▊   | 3924/5794 [01:10<00:32, 58.23it/s]
 68%|██████▊   | 3930/5794 [01:11<00:32, 57.70it/s]
 68%|██████▊   | 3936/5794 [01:11<00:32, 56.66it/s]
 68%|██████▊   | 3942/5794 [01:11<00:32, 56.29it/s]
 68%|██████▊   | 3948/5794 [01:11<00:32, 55.98it/s]
 68%|██████▊   | 3954/5794 [01:11<00:33, 55.17it/s]
 68%|██████▊   | 3960/5794 [01:11<00:33, 54.63it/s]
 68%|██████▊   | 3966/5794 [01:11<00:33, 53.97it/s]
 69%|██████▊   | 3972/5794 [01:11<00:33, 54.18it/s]
 69%|██████▊   | 3978/5794 [01:11<00:33, 55.01it/s]
 69%|██████▉   | 3984/5794 [01:12<00:32, 55.54it/s]
 69%|██████▉   | 3990/5794 [01:12<00:32, 55.57it/s]
 69%|██████▉   | 3996/5794 [01:12<00:32, 56.14it/s]
 69%|██████▉   | 4002/5794 [01:12<00:31, 56.32it/s]
 69%|██████▉   | 4008/5794 [01:12<00:31, 56.10it/s]
 69%|██████▉   | 4014/5794 [01:12<00:32, 55.17it/s]
 69%|██████▉   | 4020/5794 [01:12<00:32, 54.28it/s]
 69%|██████▉   | 4026/5794 [01:12<00:32, 53.75it/s]
 70%|██████▉   | 4032/5794 [01:12<00:32, 53.61it/s]
 70%|██████▉   | 4038/5794 [01:13<00:32, 53.98it/s]
 70%|██████▉   | 4044/5794 [01:13<00:31, 54.94it/s]
 70%|██████▉   | 4050/5794 [01:13<00:31, 55.44it/s]
 70%|███████   | 4056/5794 [01:13<00:31, 55.99it/s]
 70%|███████   | 4062/5794 [01:13<00:30, 56.42it/s]
 70%|███████   | 4068/5794 [01:13<00:30, 56.60it/s]
 70%|███████   | 4074/5794 [01:13<00:30, 56.95it/s]
 70%|███████   | 4080/5794 [01:13<00:29, 57.18it/s]
 71%|███████   | 4086/5794 [01:13<00:30, 56.93it/s]
 71%|███████   | 4092/5794 [01:13<00:29, 57.16it/s]
 71%|███████   | 4098/5794 [01:14<00:29, 57.15it/s]
 71%|███████   | 4104/5794 [01:14<00:29, 57.06it/s]
 71%|███████   | 4110/5794 [01:14<00:29, 57.06it/s]
 71%|███████   | 4116/5794 [01:14<00:29, 57.04it/s]
 71%|███████   | 4122/5794 [01:14<00:29, 56.97it/s]
 71%|███████   | 4128/5794 [01:14<00:29, 57.02it/s]
 71%|███████▏  | 4134/5794 [01:14<00:29, 56.92it/s]
 71%|███████▏  | 4140/5794 [01:14<00:28, 57.08it/s]
 72%|███████▏  | 4146/5794 [01:14<00:28, 57.22it/s]
 72%|███████▏  | 4152/5794 [01:15<00:28, 57.28it/s]
 72%|███████▏  | 4158/5794 [01:15<00:28, 57.11it/s]
 72%|███████▏  | 4164/5794 [01:15<00:28, 56.98it/s]
 72%|███████▏  | 4170/5794 [01:15<00:28, 56.49it/s]
 72%|███████▏  | 4176/5794 [01:15<00:28, 56.44it/s]
 72%|███████▏  | 4182/5794 [01:15<00:28, 56.58it/s]
 72%|███████▏  | 4188/5794 [01:15<00:28, 55.52it/s]
 72%|███████▏  | 4194/5794 [01:15<00:29, 54.90it/s]
 72%|███████▏  | 4200/5794 [01:15<00:28, 55.13it/s]
 73%|███████▎  | 4206/5794 [01:15<00:28, 55.30it/s]
 73%|███████▎  | 4212/5794 [01:16<00:28, 55.81it/s]
 73%|███████▎  | 4218/5794 [01:16<00:28, 55.83it/s]
 73%|███████▎  | 4224/5794 [01:16<00:28, 55.75it/s]
 73%|███████▎  | 4230/5794 [01:16<00:28, 55.65it/s]
 73%|███████▎  | 4236/5794 [01:16<00:27, 55.80it/s]
 73%|███████▎  | 4242/5794 [01:16<00:27, 55.94it/s]
 73%|███████▎  | 4248/5794 [01:16<00:27, 55.51it/s]
 73%|███████▎  | 4254/5794 [01:16<00:27, 55.18it/s]
 74%|███████▎  | 4260/5794 [01:16<00:27, 55.81it/s]
 74%|███████▎  | 4266/5794 [01:17<00:27, 55.96it/s]
 74%|███████▎  | 4272/5794 [01:17<00:27, 55.94it/s]
 74%|███████▍  | 4278/5794 [01:17<00:27, 55.82it/s]
 74%|███████▍  | 4284/5794 [01:17<00:26, 56.02it/s]
 74%|███████▍  | 4290/5794 [01:17<00:26, 55.91it/s]
 74%|███████▍  | 4296/5794 [01:17<00:26, 56.26it/s]
 74%|███████▍  | 4302/5794 [01:17<00:26, 56.22it/s]
 74%|███████▍  | 4308/5794 [01:17<00:26, 56.11it/s]
 74%|███████▍  | 4314/5794 [01:17<00:26, 55.95it/s]
 75%|███████▍  | 4320/5794 [01:18<00:26, 55.08it/s]
 75%|███████▍  | 4326/5794 [01:18<00:26, 54.42it/s]
 75%|███████▍  | 4332/5794 [01:18<00:26, 54.49it/s]
 75%|███████▍  | 4338/5794 [01:18<00:26, 54.71it/s]
 75%|███████▍  | 4344/5794 [01:18<00:26, 55.04it/s]
 75%|███████▌  | 4350/5794 [01:18<00:26, 55.42it/s]
 75%|███████▌  | 4356/5794 [01:18<00:25, 55.34it/s]
 75%|███████▌  | 4362/5794 [01:18<00:25, 55.59it/s]
 75%|███████▌  | 4368/5794 [01:18<00:25, 55.53it/s]
 75%|███████▌  | 4374/5794 [01:19<00:25, 55.81it/s]
 76%|███████▌  | 4380/5794 [01:19<00:25, 55.89it/s]
 76%|███████▌  | 4386/5794 [01:19<00:25, 56.05it/s]
 76%|███████▌  | 4392/5794 [01:19<00:25, 55.21it/s]
 76%|███████▌  | 4398/5794 [01:19<00:25, 55.20it/s]
 76%|███████▌  | 4404/5794 [01:19<00:25, 55.49it/s]
 76%|███████▌  | 4410/5794 [01:19<00:24, 55.60it/s]
 76%|███████▌  | 4416/5794 [01:19<00:24, 55.80it/s]
 76%|███████▋  | 4422/5794 [01:19<00:24, 55.83it/s]
 76%|███████▋  | 4428/5794 [01:19<00:24, 55.68it/s]
 77%|███████▋  | 4434/5794 [01:20<00:24, 55.71it/s]
 77%|███████▋  | 4440/5794 [01:20<00:24, 55.67it/s]
 77%|███████▋  | 4446/5794 [01:20<00:24, 55.66it/s]
 77%|███████▋  | 4452/5794 [01:20<00:24, 55.78it/s]
 77%|███████▋  | 4458/5794 [01:20<00:24, 55.56it/s]
 77%|███████▋  | 4464/5794 [01:20<00:23, 55.89it/s]
 77%|███████▋  | 4470/5794 [01:20<00:23, 55.91it/s]
 77%|███████▋  | 4476/5794 [01:20<00:23, 56.04it/s]
 77%|███████▋  | 4482/5794 [01:20<00:23, 56.02it/s]
 77%|███████▋  | 4488/5794 [01:21<00:23, 56.36it/s]
 78%|███████▊  | 4494/5794 [01:21<00:23, 56.33it/s]
 78%|███████▊  | 4500/5794 [01:21<00:22, 56.69it/s]
 78%|███████▊  | 4506/5794 [01:21<00:22, 56.36it/s]
 78%|███████▊  | 4512/5794 [01:21<00:22, 56.38it/s]
 78%|███████▊  | 4518/5794 [01:21<00:22, 56.36it/s]
 78%|███████▊  | 4524/5794 [01:21<00:22, 56.03it/s]
 78%|███████▊  | 4530/5794 [01:21<00:22, 56.06it/s]
 78%|███████▊  | 4536/5794 [01:21<00:22, 56.28it/s]
 78%|███████▊  | 4542/5794 [01:22<00:22, 56.46it/s]
 78%|███████▊  | 4548/5794 [01:22<00:22, 56.01it/s]
 79%|███████▊  | 4554/5794 [01:22<00:22, 56.15it/s]
 79%|███████▊  | 4560/5794 [01:22<00:22, 55.73it/s]
 79%|███████▉  | 4566/5794 [01:22<00:21, 56.04it/s]
 79%|███████▉  | 4572/5794 [01:22<00:21, 55.84it/s]
 79%|███████▉  | 4578/5794 [01:22<00:21, 56.04it/s]
 79%|███████▉  | 4584/5794 [01:22<00:21, 55.99it/s]
 79%|███████▉  | 4590/5794 [01:22<00:21, 56.11it/s]
 79%|███████▉  | 4596/5794 [01:22<00:21, 55.93it/s]
 79%|███████▉  | 4602/5794 [01:23<00:21, 56.18it/s]
 80%|███████▉  | 4608/5794 [01:23<00:21, 56.46it/s]
 80%|███████▉  | 4614/5794 [01:23<00:20, 56.20it/s]
 80%|███████▉  | 4620/5794 [01:23<00:20, 56.13it/s]
 80%|███████▉  | 4626/5794 [01:23<00:20, 56.12it/s]
 80%|███████▉  | 4632/5794 [01:23<00:20, 56.25it/s]
 80%|████████  | 4638/5794 [01:23<00:20, 56.51it/s]
 80%|████████  | 4644/5794 [01:23<00:20, 56.49it/s]
 80%|████████  | 4650/5794 [01:23<00:20, 56.90it/s]
 80%|████████  | 4656/5794 [01:24<00:19, 57.23it/s]
 80%|████████  | 4662/5794 [01:24<00:19, 57.14it/s]
 81%|████████  | 4668/5794 [01:24<00:19, 56.33it/s]
 81%|████████  | 4674/5794 [01:24<00:20, 55.44it/s]
 81%|████████  | 4680/5794 [01:24<00:20, 54.62it/s]
 81%|████████  | 4686/5794 [01:24<00:20, 53.43it/s]
 81%|████████  | 4692/5794 [01:24<00:21, 51.83it/s]
 81%|████████  | 4698/5794 [01:24<00:21, 50.50it/s]
 81%|████████  | 4704/5794 [01:24<00:21, 49.91it/s]
 81%|████████▏ | 4710/5794 [01:25<00:21, 49.51it/s]
 81%|████████▏ | 4715/5794 [01:25<00:21, 49.20it/s]
 81%|████████▏ | 4720/5794 [01:25<00:21, 49.03it/s]
 82%|████████▏ | 4725/5794 [01:25<00:22, 48.47it/s]
 82%|████████▏ | 4730/5794 [01:25<00:22, 48.32it/s]
 82%|████████▏ | 4735/5794 [01:25<00:22, 48.02it/s]
 82%|████████▏ | 4740/5794 [01:25<00:22, 47.80it/s]
 82%|████████▏ | 4745/5794 [01:25<00:22, 47.64it/s]
 82%|████████▏ | 4750/5794 [01:25<00:22, 47.31it/s]
 82%|████████▏ | 4755/5794 [01:26<00:22, 47.00it/s]
 82%|████████▏ | 4760/5794 [01:26<00:22, 46.94it/s]
 82%|████████▏ | 4765/5794 [01:26<00:22, 46.73it/s]
 82%|████████▏ | 4770/5794 [01:26<00:21, 46.82it/s]
 82%|████████▏ | 4775/5794 [01:26<00:21, 46.81it/s]
 82%|████████▏ | 4780/5794 [01:26<00:21, 46.72it/s]
 83%|████████▎ | 4785/5794 [01:26<00:21, 46.74it/s]
 83%|████████▎ | 4790/5794 [01:26<00:21, 46.57it/s]
 83%|████████▎ | 4795/5794 [01:26<00:21, 46.25it/s]
 83%|████████▎ | 4800/5794 [01:27<00:21, 46.48it/s]
 83%|████████▎ | 4805/5794 [01:27<00:20, 47.25it/s]
 83%|████████▎ | 4810/5794 [01:27<00:20, 47.46it/s]
 83%|████████▎ | 4815/5794 [01:27<00:20, 47.02it/s]
 83%|████████▎ | 4821/5794 [01:27<00:20, 47.90it/s]
 83%|████████▎ | 4826/5794 [01:27<00:20, 47.59it/s]
 83%|████████▎ | 4831/5794 [01:27<00:20, 47.72it/s]
 83%|████████▎ | 4836/5794 [01:27<00:19, 48.02it/s]
 84%|████████▎ | 4841/5794 [01:27<00:20, 47.62it/s]
 84%|████████▎ | 4846/5794 [01:27<00:19, 47.46it/s]
 84%|████████▎ | 4851/5794 [01:28<00:20, 47.00it/s]
 84%|████████▍ | 4856/5794 [01:28<00:19, 46.95it/s]
 84%|████████▍ | 4861/5794 [01:28<00:19, 47.24it/s]
 84%|████████▍ | 4866/5794 [01:28<00:19, 47.19it/s]
 84%|████████▍ | 4871/5794 [01:28<00:19, 47.35it/s]
 84%|████████▍ | 4876/5794 [01:28<00:19, 47.49it/s]
 84%|████████▍ | 4881/5794 [01:28<00:19, 47.47it/s]
 84%|████████▍ | 4886/5794 [01:28<00:19, 47.41it/s]
 84%|████████▍ | 4891/5794 [01:28<00:19, 47.42it/s]
 85%|████████▍ | 4896/5794 [01:29<00:18, 47.47it/s]
 85%|████████▍ | 4901/5794 [01:29<00:18, 47.40it/s]
 85%|████████▍ | 4906/5794 [01:29<00:18, 47.57it/s]
 85%|████████▍ | 4911/5794 [01:29<00:18, 47.61it/s]
 85%|████████▍ | 4916/5794 [01:29<00:18, 47.19it/s]
 85%|████████▍ | 4921/5794 [01:29<00:18, 47.49it/s]
 85%|████████▌ | 4926/5794 [01:29<00:18, 47.45it/s]
 85%|████████▌ | 4931/5794 [01:29<00:18, 47.56it/s]
 85%|████████▌ | 4936/5794 [01:29<00:18, 47.22it/s]
 85%|████████▌ | 4941/5794 [01:29<00:18, 47.05it/s]
 85%|████████▌ | 4946/5794 [01:30<00:17, 47.30it/s]
 85%|████████▌ | 4951/5794 [01:30<00:17, 47.89it/s]
 86%|████████▌ | 4957/5794 [01:30<00:16, 50.54it/s]
 86%|████████▌ | 4963/5794 [01:30<00:15, 52.44it/s]
 86%|████████▌ | 4969/5794 [01:30<00:15, 53.52it/s]
 86%|████████▌ | 4975/5794 [01:30<00:15, 54.38it/s]
 86%|████████▌ | 4981/5794 [01:30<00:14, 55.05it/s]
 86%|████████▌ | 4987/5794 [01:30<00:14, 55.29it/s]
 86%|████████▌ | 4993/5794 [01:30<00:14, 55.74it/s]
 86%|████████▋ | 4999/5794 [01:31<00:14, 56.06it/s]
 86%|████████▋ | 5005/5794 [01:31<00:14, 56.07it/s]
 86%|████████▋ | 5011/5794 [01:31<00:13, 56.22it/s]
 87%|████████▋ | 5017/5794 [01:31<00:13, 56.13it/s]
 87%|████████▋ | 5023/5794 [01:31<00:13, 56.27it/s]
 87%|████████▋ | 5029/5794 [01:31<00:13, 56.52it/s]
 87%|████████▋ | 5035/5794 [01:31<00:13, 56.02it/s]
 87%|████████▋ | 5041/5794 [01:31<00:13, 55.95it/s]
 87%|████████▋ | 5047/5794 [01:31<00:13, 56.03it/s]
 87%|████████▋ | 5053/5794 [01:32<00:13, 56.03it/s]
 87%|████████▋ | 5059/5794 [01:32<00:13, 55.29it/s]
 87%|████████▋ | 5065/5794 [01:32<00:13, 55.50it/s]
 88%|████████▊ | 5071/5794 [01:32<00:13, 54.87it/s]
 88%|████████▊ | 5077/5794 [01:32<00:13, 54.42it/s]
 88%|████████▊ | 5083/5794 [01:32<00:12, 54.86it/s]
 88%|████████▊ | 5089/5794 [01:32<00:12, 55.14it/s]
 88%|████████▊ | 5095/5794 [01:32<00:12, 55.36it/s]
 88%|████████▊ | 5101/5794 [01:32<00:12, 55.62it/s]
 88%|████████▊ | 5107/5794 [01:32<00:12, 55.71it/s]
 88%|████████▊ | 5113/5794 [01:33<00:12, 56.01it/s]
 88%|████████▊ | 5119/5794 [01:33<00:12, 55.89it/s]
 88%|████████▊ | 5125/5794 [01:33<00:11, 55.95it/s]
 89%|████████▊ | 5131/5794 [01:33<00:11, 56.02it/s]
 89%|████████▊ | 5137/5794 [01:33<00:11, 55.99it/s]
 89%|████████▉ | 5143/5794 [01:33<00:11, 56.16it/s]
 89%|████████▉ | 5149/5794 [01:33<00:11, 56.26it/s]
 89%|████████▉ | 5155/5794 [01:33<00:11, 56.10it/s]
 89%|████████▉ | 5161/5794 [01:33<00:11, 56.13it/s]
 89%|████████▉ | 5167/5794 [01:34<00:11, 56.63it/s]
 89%|████████▉ | 5173/5794 [01:34<00:10, 56.66it/s]
 89%|████████▉ | 5179/5794 [01:34<00:10, 57.00it/s]
 89%|████████▉ | 5185/5794 [01:34<00:10, 57.20it/s]
 90%|████████▉ | 5191/5794 [01:34<00:10, 57.31it/s]
 90%|████████▉ | 5197/5794 [01:34<00:10, 57.27it/s]
 90%|████████▉ | 5203/5794 [01:34<00:10, 57.36it/s]
 90%|████████▉ | 5209/5794 [01:34<00:10, 57.36it/s]
 90%|█████████ | 5215/5794 [01:34<00:10, 57.39it/s]
 90%|█████████ | 5221/5794 [01:34<00:09, 57.46it/s]
 90%|█████████ | 5227/5794 [01:35<00:09, 57.46it/s]
 90%|█████████ | 5233/5794 [01:35<00:09, 57.07it/s]
 90%|█████████ | 5239/5794 [01:35<00:09, 56.69it/s]
 91%|█████████ | 5245/5794 [01:35<00:09, 56.17it/s]
 91%|█████████ | 5251/5794 [01:35<00:09, 56.49it/s]
 91%|█████████ | 5257/5794 [01:35<00:09, 56.57it/s]
 91%|█████████ | 5263/5794 [01:35<00:09, 57.01it/s]
 91%|█████████ | 5269/5794 [01:35<00:09, 57.33it/s]
 91%|█████████ | 5275/5794 [01:35<00:09, 57.25it/s]
 91%|█████████ | 5281/5794 [01:36<00:09, 56.93it/s]
 91%|█████████ | 5287/5794 [01:36<00:08, 57.02it/s]
 91%|█████████▏| 5293/5794 [01:36<00:08, 57.12it/s]
 91%|█████████▏| 5299/5794 [01:36<00:08, 57.32it/s]
 92%|█████████▏| 5305/5794 [01:36<00:08, 57.17it/s]
 92%|█████████▏| 5311/5794 [01:36<00:08, 57.29it/s]
 92%|█████████▏| 5317/5794 [01:36<00:08, 57.21it/s]
 92%|█████████▏| 5323/5794 [01:36<00:08, 56.85it/s]
 92%|█████████▏| 5329/5794 [01:36<00:08, 56.68it/s]
 92%|█████████▏| 5335/5794 [01:36<00:08, 56.96it/s]
 92%|█████████▏| 5341/5794 [01:37<00:07, 57.08it/s]
 92%|█████████▏| 5347/5794 [01:37<00:07, 57.20it/s]
 92%|█████████▏| 5353/5794 [01:37<00:07, 57.22it/s]
 92%|█████████▏| 5359/5794 [01:37<00:07, 57.09it/s]
 93%|█████████▎| 5365/5794 [01:37<00:07, 57.25it/s]
 93%|█████████▎| 5371/5794 [01:37<00:07, 57.26it/s]
 93%|█████████▎| 5377/5794 [01:37<00:07, 57.04it/s]
 93%|█████████▎| 5383/5794 [01:37<00:07, 57.38it/s]
 93%|█████████▎| 5389/5794 [01:37<00:07, 57.58it/s]
 93%|█████████▎| 5395/5794 [01:38<00:06, 57.57it/s]
 93%|█████████▎| 5401/5794 [01:38<00:06, 57.48it/s]
 93%|█████████▎| 5407/5794 [01:38<00:06, 57.50it/s]
 93%|█████████▎| 5413/5794 [01:38<00:06, 57.39it/s]
 94%|█████████▎| 5419/5794 [01:38<00:06, 57.57it/s]
 94%|█████████▎| 5425/5794 [01:38<00:06, 57.54it/s]
 94%|█████████▎| 5431/5794 [01:38<00:06, 57.48it/s]
 94%|█████████▍| 5437/5794 [01:38<00:06, 57.56it/s]
 94%|█████████▍| 5443/5794 [01:38<00:06, 57.49it/s]
 94%|█████████▍| 5449/5794 [01:38<00:05, 57.52it/s]
 94%|█████████▍| 5455/5794 [01:39<00:05, 57.58it/s]
 94%|█████████▍| 5461/5794 [01:39<00:05, 57.47it/s]
 94%|█████████▍| 5467/5794 [01:39<00:05, 57.59it/s]
 94%|█████████▍| 5473/5794 [01:39<00:05, 57.52it/s]
 95%|█████████▍| 5479/5794 [01:39<00:05, 57.45it/s]
 95%|█████████▍| 5485/5794 [01:39<00:05, 57.58it/s]
 95%|█████████▍| 5491/5794 [01:39<00:05, 57.55it/s]
 95%|█████████▍| 5497/5794 [01:39<00:05, 57.39it/s]
 95%|█████████▍| 5503/5794 [01:39<00:05, 57.46it/s]
 95%|█████████▌| 5509/5794 [01:40<00:04, 57.54it/s]
 95%|█████████▌| 5515/5794 [01:40<00:04, 57.56it/s]
 95%|█████████▌| 5521/5794 [01:40<00:04, 57.57it/s]
 95%|█████████▌| 5527/5794 [01:40<00:04, 57.48it/s]
 95%|█████████▌| 5533/5794 [01:40<00:04, 57.35it/s]
 96%|█████████▌| 5539/5794 [01:40<00:04, 57.42it/s]
 96%|█████████▌| 5545/5794 [01:40<00:04, 57.45it/s]
 96%|█████████▌| 5551/5794 [01:40<00:04, 57.56it/s]
 96%|█████████▌| 5557/5794 [01:40<00:04, 57.74it/s]
 96%|█████████▌| 5563/5794 [01:40<00:04, 57.40it/s]
 96%|█████████▌| 5569/5794 [01:41<00:03, 57.34it/s]
 96%|█████████▌| 5575/5794 [01:41<00:03, 57.10it/s]
 96%|█████████▋| 5581/5794 [01:41<00:03, 56.84it/s]
 96%|█████████▋| 5587/5794 [01:41<00:03, 56.68it/s]
 97%|█████████▋| 5593/5794 [01:41<00:03, 56.92it/s]
 97%|█████████▋| 5599/5794 [01:41<00:03, 56.98it/s]
 97%|█████████▋| 5605/5794 [01:41<00:03, 56.93it/s]
 97%|█████████▋| 5611/5794 [01:41<00:03, 56.93it/s]
 97%|█████████▋| 5617/5794 [01:41<00:03, 56.97it/s]
 97%|█████████▋| 5623/5794 [01:42<00:02, 57.26it/s]
 97%|█████████▋| 5629/5794 [01:42<00:02, 57.40it/s]
 97%|█████████▋| 5635/5794 [01:42<00:02, 57.14it/s]
 97%|█████████▋| 5641/5794 [01:42<00:02, 57.31it/s]
 97%|█████████▋| 5647/5794 [01:42<00:02, 57.33it/s]
 98%|█████████▊| 5653/5794 [01:42<00:02, 57.30it/s]
 98%|█████████▊| 5659/5794 [01:42<00:02, 57.20it/s]
 98%|█████████▊| 5665/5794 [01:42<00:02, 57.16it/s]
 98%|█████████▊| 5671/5794 [01:42<00:02, 57.37it/s]
 98%|█████████▊| 5677/5794 [01:42<00:02, 57.56it/s]
 98%|█████████▊| 5683/5794 [01:43<00:01, 57.40it/s]
 98%|█████████▊| 5689/5794 [01:43<00:01, 57.45it/s]
 98%|█████████▊| 5695/5794 [01:43<00:01, 57.39it/s]
 98%|█████████▊| 5701/5794 [01:43<00:01, 57.35it/s]
 98%|█████████▊| 5707/5794 [01:43<00:01, 57.46it/s]
 99%|█████████▊| 5713/5794 [01:43<00:01, 57.57it/s]
 99%|█████████▊| 5719/5794 [01:43<00:01, 57.53it/s]
 99%|█████████▉| 5725/5794 [01:43<00:01, 57.60it/s]
 99%|█████████▉| 5731/5794 [01:43<00:01, 57.31it/s]
 99%|█████████▉| 5737/5794 [01:43<00:00, 57.37it/s]
 99%|█████████▉| 5743/5794 [01:44<00:00, 57.52it/s]
 99%|█████████▉| 5749/5794 [01:44<00:00, 57.31it/s]
 99%|█████████▉| 5755/5794 [01:44<00:00, 57.11it/s]
 99%|█████████▉| 5761/5794 [01:44<00:00, 57.05it/s]
100%|█████████▉| 5767/5794 [01:44<00:00, 56.69it/s]
100%|█████████▉| 5773/5794 [01:44<00:00, 56.84it/s]
100%|█████████▉| 5779/5794 [01:44<00:00, 56.64it/s]
100%|█████████▉| 5785/5794 [01:44<00:00, 56.53it/s]
100%|█████████▉| 5791/5794 [01:44<00:00, 56.72it/s]
100%|██████████| 5794/5794 [01:45<00:00, 55.15it/s]
BALANCED ACCS CHECKED FOR TEST
TEST SET RESULTS FOR CHECKPOINT trained_weights/waterbirds/abn_att_waterbird_1.0_forest2water2_21050510_trial_000/best_balanced_valacc_0.52_epoch_0.ckpt
test_acc: 0.6168450120814636
balanced_test_acc: 0.523524911757189
Land_on_Land_test_acc: 0.9946784922394678
Land_on_Water_test_acc: 0.3875831485587583
Water_on_Land_test_acc: 0.020249221183800622
Water_on_Water_test_acc: 0.6915887850467289
test_acc_Waterbird: 0.3559190031152648
test_acc_Landbird: 0.6911308203991131
