[CMD] /home/ryreu/miniconda3/envs/gals_a100/bin/python -u main.py --config configs/waterbirds_95_gals.yaml --name gals_waterbird_complete95_forest2water2_21050491_trial_000 DATA.ROOT=/home/ryreu/guided_cnn/waterbirds DATA.WATERBIRDS_DIR=waterbird_complete95_forest2water2 SEED=0 EXP.BASE.LR=0.0010000000000000002 EXP.CLASSIFIER.LR=9.999999999999991e-05 EXP.WEIGHT_DECAY=9.999999999999997e-06 EXP.AUX_LOSSES_ON_VAL=False EXP.LOSSES.GRADIENT_OUTSIDE.WEIGHT=10.000000000000002 EXP.NUM_EPOCHS=1
SEED: 0
DATA:
  BATCH_SIZE: 96
  NUM_WORKERS: 4
  SIZE: 224
  NORMALIZATION: imagenet
  ATTENTION_DIR: clip_rn50_attention_gradcam
  SEPARATE_CLASSES: false
  REMOVE_BACKGROUND: false
  ROOT: /home/ryreu/guided_cnn/waterbirds
  USE_CLASS_WEIGHTS: false
  USE_GROUP_WEIGHTS: false
  DATASET: waterbirds
  NUM_CLASSES: 2
  CONFOUNDING_FACTOR: 0.95
  WATERBIRDS_DIR: waterbird_complete95_forest2water2
EXP:
  NUM_TRIALS: 1
  LOSSES:
    CLASSIFICATION:
      WEIGHT: 1
    GRADIENT_OUTSIDE:
      COMPUTE: true
      LOG: false
      WEIGHT: 10.000000000000002
      CRITERION: L1
      GT: clip_rn50
      COMBINE_ATT_MODE: average_nonzero
    GRADIENT_INSIDE:
      COMPUTE: false
      LOG: false
      WEIGHT: 1
      CRITERION: L1
      GT: segmentation
      COMBINE_ATT_MODE: average_nonzero
    GRADCAM:
      COMPUTE: false
      LOG: false
      WEIGHT: 1
      CRITERION: L1
      GT: segmentation
      MODE: match
      COMBINE_ATT_MODE: average_nonzero
  APPROACH: generic
  MODEL: resnet50
  PRETRAINED: true
  NUM_EPOCHS: 1
  OPTIMIZER: SGD
  WEIGHT_DECAY: 9.999999999999997e-06
  MOMENTUM: 0.9
  SCHEDULER: NONE
  BASE:
    LR: 0.0010000000000000002
  CLASSIFIER:
    LR: 9.999999999999991e-05
  AUX_LOSSES_ON_VAL: false
LOGGING:
  SAVE_EVERY: 0
  SAVE_BEST: true
  SAVE_LAST: false
  LOG_ATTENTION: false
  LOG_ATTENTION_STEP: 10
  SAVE_STATS_PATH: null
yaml: configs/waterbirds_95_gals.yaml
name: gals_waterbird_complete95_forest2water2_21050491_trial_000
test_checkpoint: null

WATERBIRDS DIR: /home/ryreu/guided_cnn/waterbirds/waterbird_complete95_forest2water2
NUMBER OF SAMPLES WITH LABEL Landbird: 3682
NUMBER OF SAMPLES WITH LABEL Waterbird: 1113
NUMBER OF SAMPLES WITH GROUP Land_on_Land: 3498
NUMBER OF SAMPLES WITH GROUP Land_on_Water: 184
NUMBER OF SAMPLES WITH GROUP Water_on_Land: 56
NUMBER OF SAMPLES WITH GROUP Water_on_Water: 1057
WATERBIRDS DIR: /home/ryreu/guided_cnn/waterbirds/waterbird_complete95_forest2water2
NUMBER OF SAMPLES WITH LABEL Landbird: 933
NUMBER OF SAMPLES WITH LABEL Waterbird: 266
NUMBER OF SAMPLES WITH GROUP Land_on_Land: 467
NUMBER OF SAMPLES WITH GROUP Land_on_Water: 466
NUMBER OF SAMPLES WITH GROUP Water_on_Land: 133
NUMBER OF SAMPLES WITH GROUP Water_on_Water: 133
NUM TRAIN: 4795

NUM VAL:   1199

Number classifier outputs: 1
Using pretrained model: True
USING SGD OPTIMIZER
class weights: None
group weights: None
WANDB DISABLED: skipping wandb.init()
EPOCH: 0

>>> TRAINING 


  0%|          | 0/50 [00:00<?, ?it/s]
  2%|▏         | 1/50 [00:14<12:13, 14.97s/it]
  4%|▍         | 2/50 [00:16<05:26,  6.81s/it]
  6%|▌         | 3/50 [00:17<03:17,  4.19s/it]
  8%|▊         | 4/50 [00:18<02:16,  2.97s/it]
 10%|█         | 5/50 [00:19<01:43,  2.29s/it]
 12%|█▏        | 6/50 [00:20<01:22,  1.88s/it]
 14%|█▍        | 7/50 [00:21<01:09,  1.62s/it]
 16%|█▌        | 8/50 [00:22<01:00,  1.45s/it]
 18%|█▊        | 9/50 [00:23<00:54,  1.34s/it]
 20%|██        | 10/50 [00:24<00:50,  1.26s/it]
 22%|██▏       | 11/50 [00:25<00:47,  1.21s/it]
 24%|██▍       | 12/50 [00:26<00:44,  1.18s/it]
 26%|██▌       | 13/50 [00:28<00:42,  1.15s/it]
 28%|██▊       | 14/50 [00:29<00:40,  1.13s/it]
 30%|███       | 15/50 [00:30<00:39,  1.12s/it]
 32%|███▏      | 16/50 [00:31<00:37,  1.11s/it]
 34%|███▍      | 17/50 [00:32<00:36,  1.11s/it]
 36%|███▌      | 18/50 [00:33<00:35,  1.10s/it]
 38%|███▊      | 19/50 [00:34<00:34,  1.10s/it]
 40%|████      | 20/50 [00:35<00:32,  1.10s/it]
 42%|████▏     | 21/50 [00:36<00:31,  1.10s/it]
 44%|████▍     | 22/50 [00:37<00:30,  1.10s/it]
 46%|████▌     | 23/50 [00:38<00:29,  1.10s/it]
 48%|████▊     | 24/50 [00:40<00:28,  1.09s/it]
 50%|█████     | 25/50 [00:41<00:27,  1.09s/it]
 52%|█████▏    | 26/50 [00:42<00:26,  1.09s/it]
 54%|█████▍    | 27/50 [00:43<00:24,  1.09s/it]
 56%|█████▌    | 28/50 [00:55<01:37,  4.45s/it]
 58%|█████▊    | 29/50 [00:56<01:12,  3.44s/it]
 60%|██████    | 30/50 [00:57<00:54,  2.74s/it]
 62%|██████▏   | 31/50 [00:58<00:42,  2.24s/it]
 64%|██████▍   | 32/50 [00:59<00:34,  1.90s/it]
 66%|██████▌   | 33/50 [01:01<00:28,  1.65s/it]
 68%|██████▊   | 34/50 [01:02<00:23,  1.49s/it]
 70%|███████   | 35/50 [01:03<00:20,  1.37s/it]
 72%|███████▏  | 36/50 [01:04<00:18,  1.29s/it]
 74%|███████▍  | 37/50 [01:05<00:15,  1.23s/it]
 76%|███████▌  | 38/50 [01:06<00:14,  1.19s/it]
 78%|███████▊  | 39/50 [01:07<00:12,  1.16s/it]
 80%|████████  | 40/50 [01:08<00:11,  1.14s/it]
 82%|████████▏ | 41/50 [01:09<00:10,  1.13s/it]
 84%|████████▍ | 42/50 [01:10<00:08,  1.12s/it]
 86%|████████▌ | 43/50 [01:12<00:07,  1.11s/it]
 88%|████████▊ | 44/50 [01:13<00:06,  1.11s/it]
 90%|█████████ | 45/50 [01:14<00:05,  1.10s/it]
 92%|█████████▏| 46/50 [01:15<00:04,  1.10s/it]
 94%|█████████▍| 47/50 [01:16<00:03,  1.10s/it]
 96%|█████████▌| 48/50 [01:17<00:02,  1.10s/it]
 98%|█████████▊| 49/50 [01:18<00:01,  1.10s/it]
100%|██████████| 50/50 [01:19<00:00,  1.09s/it]
100%|██████████| 50/50 [01:19<00:00,  1.59s/it]
>>> VALIDATING 


  0%|          | 0/13 [00:00<?, ?it/s]
  8%|▊         | 1/13 [00:03<00:39,  3.33s/it]
 23%|██▎       | 3/13 [00:03<00:09,  1.09it/s]
 38%|███▊      | 5/13 [00:05<00:08,  1.04s/it]
 54%|█████▍    | 7/13 [00:05<00:03,  1.58it/s]
 69%|██████▉   | 9/13 [00:08<00:03,  1.24it/s]
 85%|████████▍ | 11/13 [00:08<00:01,  1.82it/s]
100%|██████████| 13/13 [00:09<00:00,  1.88it/s]
100%|██████████| 13/13 [00:09<00:00,  1.39it/s]
>>> LOGGING 

BALANCED ACCS CHECKED FOR TRAIN
BALANCED ACCS CHECKED FOR VAL
train_acc: 0.7067778936392075
val_acc: 0.713094245204337
train_cls_loss: 0.4954315274549848
val_cls_loss: 0.5280270112415867
train_total_loss: 0.49546385986712976
val_total_loss: 0.5280270112415867
balanced_train_acc: 0.5683488260071946
balanced_val_acc: 0.5455459388019889
Land_on_Land_train_acc: 0.8319039451114922
Land_on_Land_val_acc: 0.9978586723768736
Land_on_Water_train_acc: 0.7282608695652174
Land_on_Water_val_acc: 0.6952789699570815
Water_on_Land_train_acc: 0.14285714285714285
Water_on_Land_val_acc: 0.007518796992481203
Water_on_Water_train_acc: 0.31882686849574265
Water_on_Water_val_acc: 0.48120300751879697
train_dydx_outside_clip_rn50_loss: 3.233189005969793e-05
train_acc_Landbird: 0.8267246061922868
train_acc_Waterbird: 0.30997304582210244
val_acc_Landbird: 0.8467309753483387
val_acc_Waterbird: 0.24436090225563908
TRAIN ACC:        0.7067778936392075
VAL ACC:          0.713094245204337
BALANCED VAL ACC: 0.5455459388019889
prev best list: []
Saving to trained_weights/waterbirds/gals_waterbird_complete95_forest2water2_21050491_trial_000/best_balanced_valacc_0.55_epoch_0.ckpt
>>> EVALUATING ON TEST SET
WATERBIRDS DIR: /home/ryreu/guided_cnn/waterbirds/waterbird_complete95_forest2water2
NUMBER OF SAMPLES WITH LABEL Landbird: 4510
NUMBER OF SAMPLES WITH LABEL Waterbird: 1284
NUMBER OF SAMPLES WITH GROUP Land_on_Land: 2255
NUMBER OF SAMPLES WITH GROUP Land_on_Water: 2255
NUMBER OF SAMPLES WITH GROUP Water_on_Land: 642
NUMBER OF SAMPLES WITH GROUP Water_on_Water: 642
NUM TEST:   5794

Loaded checkpoint trained_weights/waterbirds/gals_waterbird_complete95_forest2water2_21050491_trial_000/best_balanced_valacc_0.55_epoch_0.ckpt

  0%|          | 0/5794 [00:00<?, ?it/s]
  0%|          | 1/5794 [00:00<20:53,  4.62it/s]
  0%|          | 8/5794 [00:00<03:19, 29.07it/s]
  0%|          | 16/5794 [00:00<02:05, 46.01it/s]
  0%|          | 23/5794 [00:00<01:47, 53.85it/s]
  1%|          | 31/5794 [00:00<01:36, 59.73it/s]
  1%|          | 39/5794 [00:00<01:29, 64.24it/s]
  1%|          | 47/5794 [00:00<01:26, 66.71it/s]
  1%|          | 55/5794 [00:00<01:24, 68.20it/s]
  1%|          | 63/5794 [00:01<01:22, 69.38it/s]
  1%|          | 71/5794 [00:01<01:21, 70.25it/s]
  1%|▏         | 79/5794 [00:01<01:21, 70.00it/s]
  2%|▏         | 87/5794 [00:01<01:19, 71.50it/s]
  2%|▏         | 95/5794 [00:01<01:20, 71.12it/s]
  2%|▏         | 103/5794 [00:01<01:19, 71.61it/s]
  2%|▏         | 111/5794 [00:01<01:19, 71.63it/s]
  2%|▏         | 119/5794 [00:01<01:19, 71.24it/s]
  2%|▏         | 127/5794 [00:01<01:19, 71.26it/s]
  2%|▏         | 135/5794 [00:02<01:18, 71.86it/s]
  2%|▏         | 143/5794 [00:02<01:18, 71.67it/s]
  3%|▎         | 151/5794 [00:02<01:18, 71.58it/s]
  3%|▎         | 159/5794 [00:02<01:19, 71.19it/s]
  3%|▎         | 167/5794 [00:02<01:18, 71.24it/s]
  3%|▎         | 175/5794 [00:02<01:19, 70.61it/s]
  3%|▎         | 183/5794 [00:02<01:19, 70.72it/s]
  3%|▎         | 191/5794 [00:02<01:19, 70.66it/s]
  3%|▎         | 199/5794 [00:03<01:20, 69.50it/s]
  4%|▎         | 207/5794 [00:03<01:18, 71.01it/s]
  4%|▎         | 215/5794 [00:03<01:18, 70.91it/s]
  4%|▍         | 223/5794 [00:03<01:18, 70.75it/s]
  4%|▍         | 231/5794 [00:03<01:18, 70.92it/s]
  4%|▍         | 239/5794 [00:03<01:18, 70.75it/s]
  4%|▍         | 247/5794 [00:03<01:18, 70.59it/s]
  4%|▍         | 255/5794 [00:03<01:17, 71.42it/s]
  5%|▍         | 263/5794 [00:03<01:17, 71.18it/s]
  5%|▍         | 271/5794 [00:04<01:17, 71.08it/s]
  5%|▍         | 279/5794 [00:04<01:17, 71.42it/s]
  5%|▍         | 287/5794 [00:04<01:17, 71.06it/s]
  5%|▌         | 295/5794 [00:04<01:17, 71.40it/s]
  5%|▌         | 303/5794 [00:04<01:17, 71.05it/s]
  5%|▌         | 311/5794 [00:04<01:16, 71.35it/s]
  6%|▌         | 319/5794 [00:04<01:18, 70.12it/s]
  6%|▌         | 327/5794 [00:04<01:18, 69.81it/s]
  6%|▌         | 335/5794 [00:04<01:17, 70.85it/s]
  6%|▌         | 343/5794 [00:05<01:16, 71.25it/s]
  6%|▌         | 351/5794 [00:05<01:16, 71.10it/s]
  6%|▌         | 359/5794 [00:05<01:17, 70.27it/s]
  6%|▋         | 367/5794 [00:05<01:17, 69.65it/s]
  6%|▋         | 375/5794 [00:05<01:17, 70.13it/s]
  7%|▋         | 383/5794 [00:05<01:16, 70.76it/s]
  7%|▋         | 391/5794 [00:05<01:15, 71.13it/s]
  7%|▋         | 399/5794 [00:05<01:15, 71.31it/s]
  7%|▋         | 407/5794 [00:05<01:16, 70.31it/s]
  7%|▋         | 415/5794 [00:06<01:15, 71.05it/s]
  7%|▋         | 423/5794 [00:06<01:15, 71.17it/s]
  7%|▋         | 431/5794 [00:06<01:18, 68.49it/s]
  8%|▊         | 439/5794 [00:06<01:16, 70.15it/s]
  8%|▊         | 447/5794 [00:06<01:15, 70.79it/s]
  8%|▊         | 455/5794 [00:06<01:16, 69.70it/s]
  8%|▊         | 462/5794 [00:06<01:18, 68.00it/s]
  8%|▊         | 469/5794 [00:06<01:19, 66.81it/s]
  8%|▊         | 476/5794 [00:06<01:20, 65.91it/s]
  8%|▊         | 483/5794 [00:07<01:21, 65.13it/s]
  8%|▊         | 490/5794 [00:07<01:21, 64.76it/s]
  9%|▊         | 497/5794 [00:07<01:22, 64.35it/s]
  9%|▊         | 504/5794 [00:07<01:23, 63.64it/s]
  9%|▉         | 511/5794 [00:07<01:21, 64.67it/s]
  9%|▉         | 518/5794 [00:07<01:22, 64.19it/s]
  9%|▉         | 525/5794 [00:07<01:22, 63.93it/s]
  9%|▉         | 532/5794 [00:07<01:22, 63.86it/s]
  9%|▉         | 539/5794 [00:07<01:22, 63.38it/s]
  9%|▉         | 546/5794 [00:08<01:22, 63.26it/s]
 10%|▉         | 554/5794 [00:08<01:19, 65.64it/s]
 10%|▉         | 562/5794 [00:08<01:17, 67.77it/s]
 10%|▉         | 570/5794 [00:08<01:16, 68.33it/s]
 10%|▉         | 578/5794 [00:08<01:13, 70.86it/s]
 10%|█         | 586/5794 [00:08<01:14, 70.12it/s]
 10%|█         | 594/5794 [00:08<01:16, 68.29it/s]
 10%|█         | 601/5794 [00:08<01:17, 67.01it/s]
 10%|█         | 608/5794 [00:08<01:18, 65.65it/s]
 11%|█         | 615/5794 [00:09<01:19, 65.38it/s]
 11%|█         | 622/5794 [00:09<01:19, 64.88it/s]
 11%|█         | 629/5794 [00:09<01:20, 64.41it/s]
 11%|█         | 636/5794 [00:09<01:20, 64.36it/s]
 11%|█         | 643/5794 [00:09<01:20, 64.25it/s]
 11%|█         | 650/5794 [00:09<01:20, 64.14it/s]
 11%|█▏        | 657/5794 [00:09<01:20, 63.84it/s]
 11%|█▏        | 664/5794 [00:09<01:20, 63.82it/s]
 12%|█▏        | 671/5794 [00:09<01:20, 63.52it/s]
 12%|█▏        | 678/5794 [00:10<01:20, 63.71it/s]
 12%|█▏        | 685/5794 [00:10<01:20, 63.56it/s]
 12%|█▏        | 692/5794 [00:10<01:20, 63.53it/s]
 12%|█▏        | 699/5794 [00:10<01:20, 63.05it/s]
 12%|█▏        | 706/5794 [00:10<01:20, 63.56it/s]
 12%|█▏        | 713/5794 [00:10<01:20, 63.36it/s]
 12%|█▏        | 720/5794 [00:10<01:20, 63.42it/s]
 13%|█▎        | 727/5794 [00:10<01:19, 63.49it/s]
 13%|█▎        | 734/5794 [00:10<01:19, 63.39it/s]
 13%|█▎        | 741/5794 [00:11<01:19, 63.26it/s]
 13%|█▎        | 748/5794 [00:11<01:20, 62.82it/s]
 13%|█▎        | 755/5794 [00:11<01:20, 62.93it/s]
 13%|█▎        | 763/5794 [00:11<01:16, 65.81it/s]
 13%|█▎        | 771/5794 [00:11<01:14, 67.78it/s]
 13%|█▎        | 779/5794 [00:11<01:12, 68.91it/s]
 14%|█▎        | 787/5794 [00:11<01:11, 70.02it/s]
 14%|█▎        | 795/5794 [00:11<01:10, 70.80it/s]
 14%|█▍        | 803/5794 [00:11<01:09, 71.42it/s]
 14%|█▍        | 811/5794 [00:12<01:09, 71.94it/s]
 14%|█▍        | 819/5794 [00:12<01:08, 72.27it/s]
 14%|█▍        | 827/5794 [00:12<01:08, 72.08it/s]
 14%|█▍        | 835/5794 [00:12<01:08, 72.66it/s]
 15%|█▍        | 843/5794 [00:12<01:08, 72.36it/s]
 15%|█▍        | 851/5794 [00:12<01:07, 72.92it/s]
 15%|█▍        | 859/5794 [00:12<01:14, 66.49it/s]
 15%|█▍        | 866/5794 [00:12<01:14, 66.32it/s]
 15%|█▌        | 873/5794 [00:12<01:15, 65.43it/s]
 15%|█▌        | 880/5794 [00:13<01:16, 64.15it/s]
 15%|█▌        | 887/5794 [00:13<01:17, 63.36it/s]
 15%|█▌        | 894/5794 [00:13<01:15, 64.49it/s]
 16%|█▌        | 901/5794 [00:13<01:16, 63.66it/s]
 16%|█▌        | 908/5794 [00:13<01:16, 63.58it/s]
 16%|█▌        | 915/5794 [00:13<01:17, 63.36it/s]
 16%|█▌        | 922/5794 [00:13<01:16, 63.61it/s]
 16%|█▌        | 929/5794 [00:13<01:16, 63.24it/s]
 16%|█▌        | 936/5794 [00:13<01:16, 63.91it/s]
 16%|█▋        | 943/5794 [00:14<01:16, 63.81it/s]
 16%|█▋        | 950/5794 [00:14<01:15, 64.21it/s]
 17%|█▋        | 958/5794 [00:14<01:12, 66.38it/s]
 17%|█▋        | 966/5794 [00:14<01:10, 68.29it/s]
 17%|█▋        | 974/5794 [00:14<01:09, 69.26it/s]
 17%|█▋        | 981/5794 [00:14<01:09, 69.26it/s]
 17%|█▋        | 989/5794 [00:14<01:09, 69.28it/s]
 17%|█▋        | 997/5794 [00:14<01:08, 70.38it/s]
 17%|█▋        | 1005/5794 [00:14<01:07, 70.70it/s]
 17%|█▋        | 1013/5794 [00:15<01:08, 69.44it/s]
 18%|█▊        | 1020/5794 [00:15<01:10, 67.68it/s]
 18%|█▊        | 1027/5794 [00:15<01:11, 66.31it/s]
 18%|█▊        | 1034/5794 [00:15<01:12, 65.43it/s]
 18%|█▊        | 1041/5794 [00:15<01:13, 64.77it/s]
 18%|█▊        | 1048/5794 [00:15<01:14, 64.08it/s]
 18%|█▊        | 1055/5794 [00:15<01:14, 63.83it/s]
 18%|█▊        | 1062/5794 [00:15<01:14, 63.78it/s]
 18%|█▊        | 1069/5794 [00:15<01:14, 63.59it/s]
 19%|█▊        | 1076/5794 [00:16<01:14, 63.47it/s]
 19%|█▊        | 1083/5794 [00:16<01:14, 63.07it/s]
 19%|█▉        | 1090/5794 [00:16<01:13, 64.04it/s]
 19%|█▉        | 1097/5794 [00:16<01:13, 63.87it/s]
 19%|█▉        | 1104/5794 [00:16<01:13, 63.38it/s]
 19%|█▉        | 1111/5794 [00:16<01:13, 63.38it/s]
 19%|█▉        | 1118/5794 [00:16<01:13, 63.31it/s]
 19%|█▉        | 1125/5794 [00:16<01:12, 64.63it/s]
 20%|█▉        | 1133/5794 [00:16<01:09, 67.32it/s]
 20%|█▉        | 1141/5794 [00:17<01:08, 68.35it/s]
 20%|█▉        | 1149/5794 [00:17<01:06, 69.84it/s]
 20%|█▉        | 1157/5794 [00:17<01:05, 70.29it/s]
 20%|██        | 1165/5794 [00:17<01:05, 70.96it/s]
 20%|██        | 1173/5794 [00:17<01:04, 71.23it/s]
 20%|██        | 1181/5794 [00:17<01:04, 71.22it/s]
 21%|██        | 1189/5794 [00:17<01:07, 68.19it/s]
 21%|██        | 1196/5794 [00:17<01:08, 67.19it/s]
 21%|██        | 1203/5794 [00:17<01:09, 65.98it/s]
 21%|██        | 1210/5794 [00:18<01:10, 65.07it/s]
 21%|██        | 1217/5794 [00:18<01:10, 64.63it/s]
 21%|██        | 1224/5794 [00:18<01:11, 64.25it/s]
 21%|██        | 1231/5794 [00:18<01:11, 64.16it/s]
 21%|██▏       | 1238/5794 [00:18<01:11, 63.89it/s]
 21%|██▏       | 1245/5794 [00:18<01:11, 63.50it/s]
 22%|██▏       | 1252/5794 [00:18<01:11, 63.69it/s]
 22%|██▏       | 1259/5794 [00:18<01:11, 63.63it/s]
 22%|██▏       | 1266/5794 [00:18<01:11, 63.27it/s]
 22%|██▏       | 1273/5794 [00:19<01:11, 63.62it/s]
 22%|██▏       | 1280/5794 [00:19<01:10, 63.64it/s]
 22%|██▏       | 1287/5794 [00:19<01:12, 62.51it/s]
 22%|██▏       | 1294/5794 [00:19<01:10, 63.79it/s]
 22%|██▏       | 1301/5794 [00:19<01:10, 63.74it/s]
 23%|██▎       | 1308/5794 [00:19<01:10, 63.77it/s]
 23%|██▎       | 1315/5794 [00:19<01:10, 63.35it/s]
 23%|██▎       | 1322/5794 [00:19<01:10, 63.17it/s]
 23%|██▎       | 1329/5794 [00:19<01:10, 63.24it/s]
 23%|██▎       | 1336/5794 [00:20<01:10, 63.15it/s]
 23%|██▎       | 1343/5794 [00:20<01:10, 63.13it/s]
 23%|██▎       | 1350/5794 [00:20<01:11, 62.59it/s]
 23%|██▎       | 1357/5794 [00:20<01:10, 62.73it/s]
 24%|██▎       | 1364/5794 [00:20<01:10, 62.85it/s]
 24%|██▎       | 1371/5794 [00:20<01:09, 63.97it/s]
 24%|██▍       | 1378/5794 [00:20<01:08, 64.59it/s]
 24%|██▍       | 1385/5794 [00:20<01:08, 63.96it/s]
 24%|██▍       | 1392/5794 [00:20<01:09, 63.59it/s]
 24%|██▍       | 1399/5794 [00:21<01:08, 63.80it/s]
 24%|██▍       | 1406/5794 [00:21<01:09, 63.28it/s]
 24%|██▍       | 1413/5794 [00:21<01:08, 63.75it/s]
 25%|██▍       | 1420/5794 [00:21<01:08, 63.55it/s]
 25%|██▍       | 1427/5794 [00:21<01:08, 63.39it/s]
 25%|██▍       | 1434/5794 [00:21<01:09, 62.83it/s]
 25%|██▍       | 1441/5794 [00:21<01:08, 63.29it/s]
 25%|██▍       | 1448/5794 [00:21<01:08, 63.39it/s]
 25%|██▌       | 1455/5794 [00:21<01:08, 63.14it/s]
 25%|██▌       | 1462/5794 [00:22<01:08, 63.17it/s]
 25%|██▌       | 1469/5794 [00:22<01:08, 62.90it/s]
 25%|██▌       | 1476/5794 [00:22<01:08, 62.97it/s]
 26%|██▌       | 1483/5794 [00:22<01:09, 62.29it/s]
 26%|██▌       | 1490/5794 [00:22<01:08, 62.88it/s]
 26%|██▌       | 1497/5794 [00:22<01:08, 62.87it/s]
 26%|██▌       | 1504/5794 [00:22<01:08, 63.04it/s]
 26%|██▌       | 1511/5794 [00:22<01:07, 63.17it/s]
 26%|██▌       | 1518/5794 [00:22<01:07, 63.22it/s]
 26%|██▋       | 1525/5794 [00:23<01:07, 63.22it/s]
 26%|██▋       | 1532/5794 [00:23<01:08, 62.46it/s]
 27%|██▋       | 1539/5794 [00:23<01:07, 63.38it/s]
 27%|██▋       | 1546/5794 [00:23<01:07, 62.87it/s]
 27%|██▋       | 1553/5794 [00:23<01:07, 62.60it/s]
 27%|██▋       | 1560/5794 [00:23<01:07, 63.14it/s]
 27%|██▋       | 1567/5794 [00:23<01:06, 63.10it/s]
 27%|██▋       | 1574/5794 [00:23<01:06, 63.40it/s]
 27%|██▋       | 1581/5794 [00:23<01:06, 63.06it/s]
 27%|██▋       | 1588/5794 [00:24<01:07, 62.67it/s]
 28%|██▊       | 1595/5794 [00:24<01:06, 63.43it/s]
 28%|██▊       | 1602/5794 [00:24<01:06, 63.42it/s]
 28%|██▊       | 1609/5794 [00:24<01:06, 62.99it/s]
 28%|██▊       | 1616/5794 [00:24<01:05, 63.45it/s]
 28%|██▊       | 1623/5794 [00:24<01:05, 63.61it/s]
 28%|██▊       | 1630/5794 [00:24<01:06, 62.93it/s]
 28%|██▊       | 1637/5794 [00:24<01:06, 62.63it/s]
 28%|██▊       | 1644/5794 [00:24<01:05, 63.57it/s]
 28%|██▊       | 1651/5794 [00:25<01:05, 63.04it/s]
 29%|██▊       | 1658/5794 [00:25<01:05, 63.52it/s]
 29%|██▊       | 1665/5794 [00:25<01:05, 63.21it/s]
 29%|██▉       | 1672/5794 [00:25<01:04, 63.53it/s]
 29%|██▉       | 1679/5794 [00:25<01:05, 63.25it/s]
 29%|██▉       | 1686/5794 [00:25<01:05, 63.17it/s]
 29%|██▉       | 1693/5794 [00:25<01:04, 63.40it/s]
 29%|██▉       | 1701/5794 [00:25<01:02, 65.26it/s]
 29%|██▉       | 1709/5794 [00:25<01:00, 67.45it/s]
 30%|██▉       | 1717/5794 [00:26<00:59, 68.30it/s]
 30%|██▉       | 1725/5794 [00:26<00:59, 68.83it/s]
 30%|██▉       | 1733/5794 [00:26<00:58, 69.62it/s]
 30%|███       | 1740/5794 [00:26<00:59, 68.68it/s]
 30%|███       | 1747/5794 [00:26<00:59, 68.46it/s]
 30%|███       | 1755/5794 [00:26<00:58, 69.22it/s]
 30%|███       | 1763/5794 [00:26<00:58, 69.23it/s]
 31%|███       | 1770/5794 [00:26<01:04, 61.91it/s]
 31%|███       | 1777/5794 [00:26<01:03, 63.10it/s]
 31%|███       | 1784/5794 [00:27<01:03, 63.08it/s]
 31%|███       | 1791/5794 [00:27<01:01, 64.60it/s]
 31%|███       | 1799/5794 [00:27<00:59, 66.84it/s]
 31%|███       | 1807/5794 [00:27<00:58, 68.28it/s]
 31%|███▏      | 1815/5794 [00:27<00:57, 69.41it/s]
 31%|███▏      | 1823/5794 [00:27<00:56, 70.00it/s]
 32%|███▏      | 1831/5794 [00:27<00:56, 70.34it/s]
 32%|███▏      | 1839/5794 [00:27<00:56, 70.28it/s]
 32%|███▏      | 1847/5794 [00:27<00:55, 70.91it/s]
 32%|███▏      | 1855/5794 [00:28<00:55, 70.55it/s]
 32%|███▏      | 1863/5794 [00:28<00:55, 70.40it/s]
 32%|███▏      | 1871/5794 [00:28<00:55, 70.90it/s]
 32%|███▏      | 1879/5794 [00:28<00:55, 70.81it/s]
 33%|███▎      | 1887/5794 [00:28<00:55, 70.51it/s]
 33%|███▎      | 1895/5794 [00:28<00:55, 70.82it/s]
 33%|███▎      | 1903/5794 [00:28<00:54, 70.79it/s]
 33%|███▎      | 1911/5794 [00:28<00:54, 70.94it/s]
 33%|███▎      | 1919/5794 [00:28<00:54, 70.98it/s]
 33%|███▎      | 1927/5794 [00:29<00:54, 70.90it/s]
 33%|███▎      | 1935/5794 [00:29<00:54, 70.84it/s]
 34%|███▎      | 1943/5794 [00:29<00:54, 70.86it/s]
 34%|███▎      | 1951/5794 [00:29<00:54, 70.85it/s]
 34%|███▍      | 1959/5794 [00:29<00:53, 71.11it/s]
 34%|███▍      | 1967/5794 [00:29<00:54, 70.67it/s]
 34%|███▍      | 1975/5794 [00:29<00:54, 69.96it/s]
 34%|███▍      | 1983/5794 [00:29<00:53, 70.92it/s]
 34%|███▍      | 1991/5794 [00:29<00:53, 71.50it/s]
 35%|███▍      | 1999/5794 [00:30<00:53, 71.22it/s]
 35%|███▍      | 2007/5794 [00:30<00:53, 70.23it/s]
 35%|███▍      | 2015/5794 [00:30<00:52, 71.30it/s]
 35%|███▍      | 2023/5794 [00:30<00:53, 70.68it/s]
 35%|███▌      | 2031/5794 [00:30<00:53, 70.79it/s]
 35%|███▌      | 2039/5794 [00:30<00:52, 70.99it/s]
 35%|███▌      | 2047/5794 [00:30<00:52, 70.99it/s]
 35%|███▌      | 2055/5794 [00:30<00:52, 70.72it/s]
 36%|███▌      | 2063/5794 [00:31<00:53, 69.89it/s]
 36%|███▌      | 2071/5794 [00:31<00:52, 70.45it/s]
 36%|███▌      | 2079/5794 [00:31<00:52, 70.84it/s]
 36%|███▌      | 2087/5794 [00:31<00:52, 70.60it/s]
 36%|███▌      | 2095/5794 [00:31<00:52, 70.59it/s]
 36%|███▋      | 2103/5794 [00:31<00:52, 70.46it/s]
 36%|███▋      | 2111/5794 [00:31<00:52, 70.55it/s]
 37%|███▋      | 2119/5794 [00:31<00:52, 70.55it/s]
 37%|███▋      | 2127/5794 [00:31<00:52, 69.99it/s]
 37%|███▋      | 2135/5794 [00:32<00:53, 68.95it/s]
 37%|███▋      | 2143/5794 [00:32<00:51, 71.38it/s]
 37%|███▋      | 2151/5794 [00:32<00:51, 71.18it/s]
 37%|███▋      | 2159/5794 [00:32<00:51, 70.87it/s]
 37%|███▋      | 2167/5794 [00:32<00:51, 70.87it/s]
 38%|███▊      | 2175/5794 [00:32<00:51, 70.87it/s]
 38%|███▊      | 2183/5794 [00:32<00:50, 70.93it/s]
 38%|███▊      | 2191/5794 [00:32<00:51, 70.63it/s]
 38%|███▊      | 2199/5794 [00:32<00:50, 70.66it/s]
 38%|███▊      | 2207/5794 [00:33<00:51, 70.23it/s]
 38%|███▊      | 2215/5794 [00:33<00:50, 70.46it/s]
 38%|███▊      | 2223/5794 [00:33<00:50, 70.55it/s]
 39%|███▊      | 2231/5794 [00:33<00:50, 70.33it/s]
 39%|███▊      | 2239/5794 [00:33<00:50, 70.70it/s]
 39%|███▉      | 2247/5794 [00:33<00:50, 70.62it/s]
 39%|███▉      | 2255/5794 [00:33<00:50, 69.70it/s]
 39%|███▉      | 2263/5794 [00:33<00:50, 70.27it/s]
 39%|███▉      | 2271/5794 [00:33<00:50, 70.24it/s]
 39%|███▉      | 2279/5794 [00:34<00:51, 68.39it/s]
 39%|███▉      | 2286/5794 [00:34<00:52, 67.05it/s]
 40%|███▉      | 2293/5794 [00:34<00:53, 65.81it/s]
 40%|███▉      | 2300/5794 [00:34<00:53, 65.66it/s]
 40%|███▉      | 2307/5794 [00:34<00:54, 64.43it/s]
 40%|███▉      | 2314/5794 [00:34<00:54, 63.97it/s]
 40%|████      | 2321/5794 [00:34<00:54, 63.98it/s]
 40%|████      | 2328/5794 [00:34<00:54, 63.70it/s]
 40%|████      | 2335/5794 [00:34<00:54, 63.49it/s]
 40%|████      | 2342/5794 [00:35<00:54, 63.21it/s]
 41%|████      | 2349/5794 [00:35<00:54, 63.17it/s]
 41%|████      | 2356/5794 [00:35<00:54, 62.84it/s]
 41%|████      | 2363/5794 [00:35<00:54, 63.11it/s]
 41%|████      | 2370/5794 [00:35<00:54, 63.14it/s]
 41%|████      | 2377/5794 [00:35<00:54, 62.83it/s]
 41%|████      | 2384/5794 [00:35<00:54, 62.93it/s]
 41%|████▏     | 2391/5794 [00:35<00:54, 62.40it/s]
 41%|████▏     | 2398/5794 [00:35<00:54, 62.58it/s]
 42%|████▏     | 2405/5794 [00:36<00:54, 62.67it/s]
 42%|████▏     | 2412/5794 [00:36<00:53, 62.79it/s]
 42%|████▏     | 2419/5794 [00:36<00:53, 62.73it/s]
 42%|████▏     | 2426/5794 [00:36<00:53, 62.61it/s]
 42%|████▏     | 2433/5794 [00:36<00:53, 62.63it/s]
 42%|████▏     | 2440/5794 [00:36<00:53, 62.64it/s]
 42%|████▏     | 2447/5794 [00:36<00:53, 62.93it/s]
 42%|████▏     | 2454/5794 [00:36<00:52, 63.19it/s]
 42%|████▏     | 2461/5794 [00:36<00:53, 62.35it/s]
 43%|████▎     | 2468/5794 [00:37<00:52, 63.24it/s]
 43%|████▎     | 2475/5794 [00:37<00:52, 63.20it/s]
 43%|████▎     | 2482/5794 [00:37<00:52, 62.94it/s]
 43%|████▎     | 2489/5794 [00:37<00:52, 63.27it/s]
 43%|████▎     | 2496/5794 [00:37<00:52, 63.26it/s]
 43%|████▎     | 2503/5794 [00:37<00:52, 62.91it/s]
 43%|████▎     | 2510/5794 [00:37<00:52, 62.73it/s]
 43%|████▎     | 2517/5794 [00:37<00:51, 63.17it/s]
 44%|████▎     | 2524/5794 [00:37<00:51, 63.08it/s]
 44%|████▎     | 2531/5794 [00:38<00:51, 63.24it/s]
 44%|████▍     | 2538/5794 [00:38<00:51, 63.35it/s]
 44%|████▍     | 2545/5794 [00:38<00:51, 62.83it/s]
 44%|████▍     | 2552/5794 [00:38<00:51, 63.45it/s]
 44%|████▍     | 2559/5794 [00:38<00:51, 62.77it/s]
 44%|████▍     | 2566/5794 [00:38<00:50, 63.37it/s]
 44%|████▍     | 2573/5794 [00:38<00:50, 63.47it/s]
 45%|████▍     | 2580/5794 [00:38<00:56, 56.50it/s]
 45%|████▍     | 2587/5794 [00:39<00:53, 59.43it/s]
 45%|████▍     | 2594/5794 [00:39<00:53, 60.20it/s]
 45%|████▍     | 2601/5794 [00:39<00:52, 60.99it/s]
 45%|████▌     | 2608/5794 [00:39<00:51, 62.03it/s]
 45%|████▌     | 2615/5794 [00:39<00:50, 62.48it/s]
 45%|████▌     | 2622/5794 [00:39<00:50, 62.93it/s]
 45%|████▌     | 2629/5794 [00:39<00:50, 63.13it/s]
 45%|████▌     | 2636/5794 [00:39<00:50, 62.62it/s]
 46%|████▌     | 2643/5794 [00:39<00:49, 63.66it/s]
 46%|████▌     | 2650/5794 [00:39<00:49, 63.10it/s]
 46%|████▌     | 2657/5794 [00:40<00:49, 63.56it/s]
 46%|████▌     | 2664/5794 [00:40<00:49, 63.34it/s]
 46%|████▌     | 2671/5794 [00:40<00:49, 63.59it/s]
 46%|████▌     | 2678/5794 [00:40<00:49, 63.55it/s]
 46%|████▋     | 2685/5794 [00:40<00:48, 63.77it/s]
 46%|████▋     | 2692/5794 [00:40<00:47, 64.65it/s]
 47%|████▋     | 2700/5794 [00:40<00:45, 67.26it/s]
 47%|████▋     | 2708/5794 [00:40<00:44, 68.65it/s]
 47%|████▋     | 2716/5794 [00:40<00:44, 69.56it/s]
 47%|████▋     | 2724/5794 [00:41<00:43, 70.67it/s]
 47%|████▋     | 2732/5794 [00:41<00:43, 71.11it/s]
 47%|████▋     | 2740/5794 [00:41<00:42, 71.57it/s]
 47%|████▋     | 2748/5794 [00:41<00:42, 71.75it/s]
 48%|████▊     | 2756/5794 [00:41<00:42, 71.68it/s]
 48%|████▊     | 2764/5794 [00:41<00:42, 71.71it/s]
 48%|████▊     | 2772/5794 [00:41<00:43, 69.81it/s]
 48%|████▊     | 2779/5794 [00:41<00:44, 67.62it/s]
 48%|████▊     | 2786/5794 [00:41<00:45, 66.46it/s]
 48%|████▊     | 2793/5794 [00:42<00:45, 65.30it/s]
 48%|████▊     | 2800/5794 [00:42<00:46, 64.69it/s]
 48%|████▊     | 2807/5794 [00:42<00:46, 64.38it/s]
 49%|████▊     | 2814/5794 [00:42<00:46, 63.61it/s]
 49%|████▊     | 2821/5794 [00:42<00:45, 65.01it/s]
 49%|████▉     | 2829/5794 [00:42<00:44, 66.39it/s]
 49%|████▉     | 2837/5794 [00:42<00:42, 69.36it/s]
 49%|████▉     | 2845/5794 [00:42<00:42, 69.63it/s]
 49%|████▉     | 2853/5794 [00:42<00:41, 71.03it/s]
 49%|████▉     | 2861/5794 [00:43<00:40, 71.69it/s]
 50%|████▉     | 2869/5794 [00:43<00:40, 71.99it/s]
 50%|████▉     | 2877/5794 [00:43<00:42, 69.43it/s]
 50%|████▉     | 2884/5794 [00:43<00:42, 67.69it/s]
 50%|████▉     | 2891/5794 [00:43<00:43, 66.46it/s]
 50%|█████     | 2898/5794 [00:43<00:45, 63.74it/s]
 50%|█████     | 2905/5794 [00:43<00:45, 64.01it/s]
 50%|█████     | 2912/5794 [00:43<00:45, 64.03it/s]
 50%|█████     | 2919/5794 [00:43<00:45, 63.60it/s]
 51%|█████     | 2926/5794 [00:44<00:45, 63.32it/s]
 51%|█████     | 2933/5794 [00:44<00:45, 63.25it/s]
 51%|█████     | 2940/5794 [00:44<00:45, 63.27it/s]
 51%|█████     | 2947/5794 [00:44<00:45, 62.98it/s]
 51%|█████     | 2954/5794 [00:44<00:44, 63.35it/s]
 51%|█████     | 2961/5794 [00:44<00:45, 62.95it/s]
 51%|█████     | 2969/5794 [00:44<00:43, 65.64it/s]
 51%|█████▏    | 2976/5794 [00:44<00:42, 66.45it/s]
 51%|█████▏    | 2983/5794 [00:44<00:41, 67.30it/s]
 52%|█████▏    | 2990/5794 [00:45<00:41, 67.57it/s]
 52%|█████▏    | 2997/5794 [00:45<00:41, 67.08it/s]
 52%|█████▏    | 3005/5794 [00:45<00:40, 69.10it/s]
 52%|█████▏    | 3012/5794 [00:45<00:40, 69.22it/s]
 52%|█████▏    | 3019/5794 [00:45<00:40, 68.47it/s]
 52%|█████▏    | 3026/5794 [00:45<00:41, 67.51it/s]
 52%|█████▏    | 3033/5794 [00:45<00:40, 67.65it/s]
 52%|█████▏    | 3041/5794 [00:45<00:40, 68.27it/s]
 53%|█████▎    | 3049/5794 [00:45<00:39, 69.01it/s]
 53%|█████▎    | 3056/5794 [00:46<00:40, 68.36it/s]
 53%|█████▎    | 3063/5794 [00:46<00:40, 67.67it/s]
 53%|█████▎    | 3070/5794 [00:46<00:40, 67.34it/s]
 53%|█████▎    | 3077/5794 [00:46<00:40, 67.30it/s]
 53%|█████▎    | 3084/5794 [00:46<00:41, 65.78it/s]
 53%|█████▎    | 3091/5794 [00:46<00:41, 65.61it/s]
 53%|█████▎    | 3098/5794 [00:46<00:41, 64.67it/s]
 54%|█████▎    | 3105/5794 [00:46<00:41, 64.08it/s]
 54%|█████▎    | 3112/5794 [00:46<00:42, 63.70it/s]
 54%|█████▍    | 3119/5794 [00:47<00:42, 63.55it/s]
 54%|█████▍    | 3126/5794 [00:47<00:41, 63.57it/s]
 54%|█████▍    | 3133/5794 [00:47<00:42, 63.21it/s]
 54%|█████▍    | 3140/5794 [00:47<00:41, 63.35it/s]
 54%|█████▍    | 3147/5794 [00:47<00:42, 62.57it/s]
 54%|█████▍    | 3154/5794 [00:47<00:41, 63.54it/s]
 55%|█████▍    | 3161/5794 [00:47<00:41, 63.60it/s]
 55%|█████▍    | 3168/5794 [00:47<00:41, 63.02it/s]
 55%|█████▍    | 3175/5794 [00:47<00:41, 63.32it/s]
 55%|█████▍    | 3182/5794 [00:48<00:41, 63.16it/s]
 55%|█████▌    | 3189/5794 [00:48<00:41, 63.19it/s]
 55%|█████▌    | 3196/5794 [00:48<00:44, 58.64it/s]
 55%|█████▌    | 3203/5794 [00:48<00:42, 60.79it/s]
 55%|█████▌    | 3210/5794 [00:48<00:42, 61.39it/s]
 56%|█████▌    | 3217/5794 [00:48<00:41, 61.51it/s]
 56%|█████▌    | 3224/5794 [00:48<00:41, 62.32it/s]
 56%|█████▌    | 3231/5794 [00:48<00:41, 61.42it/s]
 56%|█████▌    | 3238/5794 [00:48<00:41, 62.04it/s]
 56%|█████▌    | 3245/5794 [00:49<00:41, 61.86it/s]
 56%|█████▌    | 3252/5794 [00:49<00:40, 62.57it/s]
 56%|█████▌    | 3259/5794 [00:49<00:40, 62.28it/s]
 56%|█████▋    | 3266/5794 [00:49<00:40, 62.52it/s]
 56%|█████▋    | 3273/5794 [00:49<00:40, 62.68it/s]
 57%|█████▋    | 3280/5794 [00:49<00:40, 62.81it/s]
 57%|█████▋    | 3287/5794 [00:49<00:40, 62.58it/s]
 57%|█████▋    | 3294/5794 [00:49<00:39, 62.79it/s]
 57%|█████▋    | 3301/5794 [00:49<00:39, 62.85it/s]
 57%|█████▋    | 3308/5794 [00:50<00:39, 62.47it/s]
 57%|█████▋    | 3315/5794 [00:50<00:39, 62.19it/s]
 57%|█████▋    | 3322/5794 [00:50<00:39, 62.07it/s]
 57%|█████▋    | 3329/5794 [00:50<00:39, 62.63it/s]
 58%|█████▊    | 3336/5794 [00:50<00:39, 62.90it/s]
 58%|█████▊    | 3343/5794 [00:50<00:39, 62.77it/s]
 58%|█████▊    | 3350/5794 [00:50<00:38, 62.88it/s]
 58%|█████▊    | 3357/5794 [00:50<00:38, 63.02it/s]
 58%|█████▊    | 3364/5794 [00:50<00:38, 62.71it/s]
 58%|█████▊    | 3371/5794 [00:51<00:38, 63.12it/s]
 58%|█████▊    | 3378/5794 [00:51<00:38, 62.92it/s]
 58%|█████▊    | 3385/5794 [00:51<00:38, 63.03it/s]
 59%|█████▊    | 3392/5794 [00:51<00:38, 63.08it/s]
 59%|█████▊    | 3399/5794 [00:51<00:38, 62.01it/s]
 59%|█████▉    | 3406/5794 [00:51<00:37, 62.93it/s]
 59%|█████▉    | 3413/5794 [00:51<00:37, 62.86it/s]
 59%|█████▉    | 3420/5794 [00:51<00:37, 62.94it/s]
 59%|█████▉    | 3427/5794 [00:51<00:37, 62.86it/s]
 59%|█████▉    | 3434/5794 [00:52<00:37, 62.98it/s]
 59%|█████▉    | 3441/5794 [00:52<00:37, 62.99it/s]
 60%|█████▉    | 3448/5794 [00:52<00:37, 62.29it/s]
 60%|█████▉    | 3455/5794 [00:52<00:37, 61.86it/s]
 60%|█████▉    | 3462/5794 [00:52<00:37, 62.33it/s]
 60%|█████▉    | 3469/5794 [00:52<00:37, 62.73it/s]
 60%|█████▉    | 3476/5794 [00:52<00:41, 55.83it/s]
 60%|██████    | 3483/5794 [00:52<00:39, 58.22it/s]
 60%|██████    | 3490/5794 [00:52<00:38, 59.55it/s]
 60%|██████    | 3497/5794 [00:53<00:37, 60.76it/s]
 60%|██████    | 3504/5794 [00:53<00:37, 61.32it/s]
 61%|██████    | 3511/5794 [00:53<00:36, 62.02it/s]
 61%|██████    | 3518/5794 [00:53<00:36, 62.06it/s]
 61%|██████    | 3525/5794 [00:53<00:36, 62.43it/s]
 61%|██████    | 3532/5794 [00:53<00:36, 62.73it/s]
 61%|██████    | 3539/5794 [00:53<00:35, 62.82it/s]
 61%|██████    | 3546/5794 [00:53<00:35, 62.89it/s]
 61%|██████▏   | 3553/5794 [00:53<00:35, 62.96it/s]
 61%|██████▏   | 3560/5794 [00:54<00:35, 63.08it/s]
 62%|██████▏   | 3567/5794 [00:54<00:35, 62.87it/s]
 62%|██████▏   | 3574/5794 [00:54<00:35, 63.38it/s]
 62%|██████▏   | 3581/5794 [00:54<00:34, 63.56it/s]
 62%|██████▏   | 3588/5794 [00:54<00:34, 63.99it/s]
 62%|██████▏   | 3596/5794 [00:54<00:33, 66.01it/s]
 62%|██████▏   | 3603/5794 [00:54<00:32, 66.65it/s]
 62%|██████▏   | 3611/5794 [00:54<00:31, 68.95it/s]
 62%|██████▏   | 3619/5794 [00:54<00:30, 70.19it/s]
 63%|██████▎   | 3627/5794 [00:55<00:30, 71.20it/s]
 63%|██████▎   | 3635/5794 [00:55<00:30, 71.65it/s]
 63%|██████▎   | 3643/5794 [00:55<00:29, 71.85it/s]
 63%|██████▎   | 3651/5794 [00:55<00:29, 71.96it/s]
 63%|██████▎   | 3659/5794 [00:55<00:29, 72.17it/s]
 63%|██████▎   | 3667/5794 [00:55<00:29, 72.43it/s]
 63%|██████▎   | 3675/5794 [00:55<00:29, 72.25it/s]
 64%|██████▎   | 3683/5794 [00:55<00:29, 71.98it/s]
 64%|██████▎   | 3691/5794 [00:55<00:29, 72.32it/s]
 64%|██████▍   | 3699/5794 [00:56<00:28, 72.34it/s]
 64%|██████▍   | 3707/5794 [00:56<00:28, 72.21it/s]
 64%|██████▍   | 3715/5794 [00:56<00:28, 71.72it/s]
 64%|██████▍   | 3723/5794 [00:56<00:28, 72.27it/s]
 64%|██████▍   | 3731/5794 [00:56<00:28, 72.34it/s]
 65%|██████▍   | 3739/5794 [00:56<00:28, 72.25it/s]
 65%|██████▍   | 3747/5794 [00:56<00:28, 72.40it/s]
 65%|██████▍   | 3755/5794 [00:56<00:28, 72.41it/s]
 65%|██████▍   | 3763/5794 [00:56<00:28, 71.69it/s]
 65%|██████▌   | 3771/5794 [00:57<00:28, 71.98it/s]
 65%|██████▌   | 3779/5794 [00:57<00:28, 71.54it/s]
 65%|██████▌   | 3787/5794 [00:57<00:27, 72.24it/s]
 65%|██████▌   | 3795/5794 [00:57<00:27, 72.55it/s]
 66%|██████▌   | 3803/5794 [00:57<00:27, 72.45it/s]
 66%|██████▌   | 3811/5794 [00:57<00:27, 72.20it/s]
 66%|██████▌   | 3819/5794 [00:57<00:27, 70.98it/s]
 66%|██████▌   | 3827/5794 [00:57<00:28, 68.70it/s]
 66%|██████▌   | 3834/5794 [00:57<00:29, 66.88it/s]
 66%|██████▋   | 3841/5794 [00:58<00:29, 65.29it/s]
 66%|██████▋   | 3848/5794 [00:58<00:30, 64.72it/s]
 67%|██████▋   | 3855/5794 [00:58<00:30, 64.52it/s]
 67%|██████▋   | 3862/5794 [00:58<00:30, 63.95it/s]
 67%|██████▋   | 3869/5794 [00:58<00:30, 63.41it/s]
 67%|██████▋   | 3876/5794 [00:58<00:30, 63.66it/s]
 67%|██████▋   | 3883/5794 [00:58<00:30, 63.30it/s]
 67%|██████▋   | 3890/5794 [00:58<00:29, 63.51it/s]
 67%|██████▋   | 3897/5794 [00:58<00:29, 63.30it/s]
 67%|██████▋   | 3904/5794 [00:59<00:29, 63.23it/s]
 68%|██████▊   | 3911/5794 [00:59<00:29, 63.99it/s]
 68%|██████▊   | 3919/5794 [00:59<00:28, 66.74it/s]
 68%|██████▊   | 3927/5794 [00:59<00:27, 68.45it/s]
 68%|██████▊   | 3935/5794 [00:59<00:26, 69.97it/s]
 68%|██████▊   | 3943/5794 [00:59<00:26, 71.05it/s]
 68%|██████▊   | 3951/5794 [00:59<00:26, 70.00it/s]
 68%|██████▊   | 3959/5794 [00:59<00:26, 69.11it/s]
 68%|██████▊   | 3966/5794 [00:59<00:27, 67.55it/s]
 69%|██████▊   | 3973/5794 [01:00<00:27, 65.36it/s]
 69%|██████▊   | 3980/5794 [01:00<00:27, 65.47it/s]
 69%|██████▉   | 3987/5794 [01:00<00:27, 64.76it/s]
 69%|██████▉   | 3994/5794 [01:00<00:27, 64.42it/s]
 69%|██████▉   | 4001/5794 [01:00<00:27, 64.18it/s]
 69%|██████▉   | 4008/5794 [01:00<00:36, 48.72it/s]
 69%|██████▉   | 4015/5794 [01:00<00:33, 53.12it/s]
 69%|██████▉   | 4022/5794 [01:00<00:31, 55.64it/s]
 70%|██████▉   | 4029/5794 [01:01<00:30, 57.52it/s]
 70%|██████▉   | 4036/5794 [01:01<00:29, 59.16it/s]
 70%|██████▉   | 4043/5794 [01:01<00:28, 60.43it/s]
 70%|██████▉   | 4050/5794 [01:01<00:28, 61.25it/s]
 70%|███████   | 4057/5794 [01:01<00:28, 61.70it/s]
 70%|███████   | 4064/5794 [01:01<00:27, 62.16it/s]
 70%|███████   | 4071/5794 [01:01<00:27, 62.23it/s]
 70%|███████   | 4078/5794 [01:01<00:27, 62.56it/s]
 71%|███████   | 4085/5794 [01:01<00:27, 62.48it/s]
 71%|███████   | 4092/5794 [01:02<00:26, 63.15it/s]
 71%|███████   | 4099/5794 [01:02<00:26, 62.78it/s]
 71%|███████   | 4106/5794 [01:02<00:26, 63.11it/s]
 71%|███████   | 4113/5794 [01:02<00:26, 62.87it/s]
 71%|███████   | 4120/5794 [01:02<00:26, 63.15it/s]
 71%|███████   | 4127/5794 [01:02<00:26, 62.87it/s]
 71%|███████▏  | 4134/5794 [01:02<00:26, 63.57it/s]
 71%|███████▏  | 4141/5794 [01:02<00:26, 63.33it/s]
 72%|███████▏  | 4148/5794 [01:02<00:25, 63.34it/s]
 72%|███████▏  | 4155/5794 [01:03<00:25, 63.20it/s]
 72%|███████▏  | 4162/5794 [01:03<00:25, 63.30it/s]
 72%|███████▏  | 4169/5794 [01:03<00:25, 63.42it/s]
 72%|███████▏  | 4176/5794 [01:03<00:25, 63.25it/s]
 72%|███████▏  | 4183/5794 [01:03<00:25, 63.25it/s]
 72%|███████▏  | 4190/5794 [01:03<00:25, 63.10it/s]
 72%|███████▏  | 4197/5794 [01:03<00:25, 63.34it/s]
 73%|███████▎  | 4204/5794 [01:03<00:25, 62.82it/s]
 73%|███████▎  | 4211/5794 [01:03<00:24, 63.47it/s]
 73%|███████▎  | 4218/5794 [01:04<00:24, 63.30it/s]
 73%|███████▎  | 4225/5794 [01:04<00:24, 64.67it/s]
 73%|███████▎  | 4233/5794 [01:04<00:23, 66.50it/s]
 73%|███████▎  | 4240/5794 [01:04<00:23, 65.67it/s]
 73%|███████▎  | 4247/5794 [01:04<00:23, 64.78it/s]
 73%|███████▎  | 4254/5794 [01:04<00:27, 56.25it/s]
 74%|███████▎  | 4262/5794 [01:04<00:25, 60.00it/s]
 74%|███████▎  | 4269/5794 [01:04<00:24, 61.11it/s]
 74%|███████▍  | 4276/5794 [01:05<00:24, 61.56it/s]
 74%|███████▍  | 4283/5794 [01:05<00:24, 62.05it/s]
 74%|███████▍  | 4290/5794 [01:05<00:24, 62.37it/s]
 74%|███████▍  | 4297/5794 [01:05<00:23, 63.87it/s]
 74%|███████▍  | 4304/5794 [01:05<00:23, 63.38it/s]
 74%|███████▍  | 4311/5794 [01:05<00:23, 63.40it/s]
 75%|███████▍  | 4318/5794 [01:05<00:23, 62.65it/s]
 75%|███████▍  | 4325/5794 [01:05<00:23, 63.63it/s]
 75%|███████▍  | 4332/5794 [01:05<00:23, 63.27it/s]
 75%|███████▍  | 4339/5794 [01:06<00:23, 63.24it/s]
 75%|███████▌  | 4346/5794 [01:06<00:22, 63.63it/s]
 75%|███████▌  | 4353/5794 [01:06<00:22, 63.25it/s]
 75%|███████▌  | 4360/5794 [01:06<00:22, 63.28it/s]
 75%|███████▌  | 4367/5794 [01:06<00:22, 62.94it/s]
 75%|███████▌  | 4374/5794 [01:06<00:22, 62.97it/s]
 76%|███████▌  | 4381/5794 [01:06<00:22, 63.27it/s]
 76%|███████▌  | 4388/5794 [01:15<08:58,  2.61it/s]
 76%|███████▌  | 4396/5794 [01:15<06:06,  3.82it/s]
 76%|███████▌  | 4403/5794 [01:15<04:24,  5.25it/s]
 76%|███████▌  | 4410/5794 [01:15<03:12,  7.19it/s]
 76%|███████▌  | 4417/5794 [01:15<02:21,  9.75it/s]
 76%|███████▋  | 4424/5794 [01:15<01:45, 13.03it/s]
 76%|███████▋  | 4431/5794 [01:16<01:19, 17.06it/s]
 77%|███████▋  | 4438/5794 [01:16<01:02, 21.75it/s]
 77%|███████▋  | 4445/5794 [01:16<00:49, 27.13it/s]
 77%|███████▋  | 4452/5794 [01:16<00:40, 32.80it/s]
 77%|███████▋  | 4459/5794 [01:16<00:35, 37.28it/s]
 77%|███████▋  | 4466/5794 [01:16<00:30, 42.89it/s]
 77%|███████▋  | 4473/5794 [01:16<00:27, 47.44it/s]
 77%|███████▋  | 4480/5794 [01:16<00:25, 51.26it/s]
 77%|███████▋  | 4487/5794 [01:16<00:24, 53.64it/s]
 78%|███████▊  | 4494/5794 [01:17<00:22, 56.78it/s]
 78%|███████▊  | 4501/5794 [01:17<00:22, 58.60it/s]
 78%|███████▊  | 4508/5794 [01:17<00:21, 60.34it/s]
 78%|███████▊  | 4515/5794 [01:17<00:21, 60.69it/s]
 78%|███████▊  | 4522/5794 [01:17<00:20, 61.83it/s]
 78%|███████▊  | 4529/5794 [01:17<00:20, 62.17it/s]
 78%|███████▊  | 4536/5794 [01:17<00:20, 62.72it/s]
 78%|███████▊  | 4543/5794 [01:17<00:20, 62.45it/s]
 79%|███████▊  | 4550/5794 [01:17<00:19, 62.65it/s]
 79%|███████▊  | 4557/5794 [01:18<00:19, 63.16it/s]
 79%|███████▉  | 4564/5794 [01:18<00:19, 63.38it/s]
 79%|███████▉  | 4571/5794 [01:18<00:19, 63.43it/s]
 79%|███████▉  | 4578/5794 [01:18<00:19, 63.24it/s]
 79%|███████▉  | 4585/5794 [01:18<00:18, 63.70it/s]
 79%|███████▉  | 4592/5794 [01:18<00:18, 63.57it/s]
 79%|███████▉  | 4599/5794 [01:18<00:18, 63.77it/s]
 79%|███████▉  | 4606/5794 [01:18<00:18, 63.05it/s]
 80%|███████▉  | 4613/5794 [01:18<00:18, 63.55it/s]
 80%|███████▉  | 4620/5794 [01:19<00:18, 63.67it/s]
 80%|███████▉  | 4627/5794 [01:19<00:18, 63.84it/s]
 80%|███████▉  | 4634/5794 [01:19<00:18, 63.39it/s]
 80%|████████  | 4642/5794 [01:19<00:17, 65.71it/s]
 80%|████████  | 4649/5794 [01:19<00:17, 65.31it/s]
 80%|████████  | 4656/5794 [01:19<00:17, 64.86it/s]
 80%|████████  | 4663/5794 [01:19<00:17, 64.91it/s]
 81%|████████  | 4670/5794 [01:19<00:17, 64.05it/s]
 81%|████████  | 4677/5794 [01:19<00:17, 63.44it/s]
 81%|████████  | 4684/5794 [01:20<00:17, 64.87it/s]
 81%|████████  | 4691/5794 [01:20<00:16, 66.05it/s]
 81%|████████  | 4699/5794 [01:20<00:16, 67.61it/s]
 81%|████████  | 4707/5794 [01:20<00:15, 69.35it/s]
 81%|████████▏ | 4714/5794 [01:20<00:15, 69.17it/s]
 81%|████████▏ | 4722/5794 [01:20<00:15, 70.83it/s]
 82%|████████▏ | 4730/5794 [01:20<00:15, 70.83it/s]
 82%|████████▏ | 4738/5794 [01:20<00:15, 68.53it/s]
 82%|████████▏ | 4745/5794 [01:20<00:15, 67.67it/s]
 82%|████████▏ | 4752/5794 [01:20<00:15, 66.48it/s]
 82%|████████▏ | 4759/5794 [01:21<00:15, 66.02it/s]
 82%|████████▏ | 4766/5794 [01:21<00:15, 65.26it/s]
 82%|████████▏ | 4773/5794 [01:21<00:15, 64.26it/s]
 82%|████████▏ | 4780/5794 [01:21<00:15, 64.62it/s]
 83%|████████▎ | 4787/5794 [01:21<00:15, 63.77it/s]
 83%|████████▎ | 4794/5794 [01:21<00:15, 64.25it/s]
 83%|████████▎ | 4801/5794 [01:21<00:15, 64.00it/s]
 83%|████████▎ | 4808/5794 [01:21<00:15, 64.04it/s]
 83%|████████▎ | 4815/5794 [01:21<00:15, 63.74it/s]
 83%|████████▎ | 4822/5794 [01:22<00:15, 64.74it/s]
 83%|████████▎ | 4830/5794 [01:22<00:14, 67.03it/s]
 84%|████████▎ | 4838/5794 [01:22<00:13, 68.84it/s]
 84%|████████▎ | 4846/5794 [01:22<00:13, 69.86it/s]
 84%|████████▍ | 4854/5794 [01:22<00:13, 70.45it/s]
 84%|████████▍ | 4862/5794 [01:22<00:13, 70.82it/s]
 84%|████████▍ | 4870/5794 [01:22<00:13, 71.05it/s]
 84%|████████▍ | 4878/5794 [01:22<00:12, 71.36it/s]
 84%|████████▍ | 4886/5794 [01:22<00:12, 71.36it/s]
 84%|████████▍ | 4894/5794 [01:23<00:12, 71.46it/s]
 85%|████████▍ | 4902/5794 [01:23<00:12, 71.51it/s]
 85%|████████▍ | 4910/5794 [01:23<00:12, 71.63it/s]
 85%|████████▍ | 4918/5794 [01:23<00:12, 71.56it/s]
 85%|████████▌ | 4926/5794 [01:23<00:12, 71.19it/s]
 85%|████████▌ | 4934/5794 [01:23<00:12, 71.57it/s]
 85%|████████▌ | 4942/5794 [01:23<00:11, 71.37it/s]
 85%|████████▌ | 4950/5794 [01:23<00:11, 70.78it/s]
 86%|████████▌ | 4958/5794 [01:23<00:11, 72.25it/s]
 86%|████████▌ | 4966/5794 [01:24<00:11, 71.91it/s]
 86%|████████▌ | 4974/5794 [01:24<00:11, 71.89it/s]
 86%|████████▌ | 4982/5794 [01:24<00:11, 70.82it/s]
 86%|████████▌ | 4990/5794 [01:24<00:11, 68.71it/s]
 86%|████████▌ | 4997/5794 [01:24<00:11, 66.75it/s]
 86%|████████▋ | 5004/5794 [01:24<00:11, 66.14it/s]
 86%|████████▋ | 5011/5794 [01:24<00:12, 65.16it/s]
 87%|████████▋ | 5018/5794 [01:24<00:12, 64.62it/s]
 87%|████████▋ | 5025/5794 [01:25<00:11, 64.41it/s]
 87%|████████▋ | 5032/5794 [01:25<00:11, 64.02it/s]
 87%|████████▋ | 5039/5794 [01:25<00:11, 63.85it/s]
 87%|████████▋ | 5046/5794 [01:25<00:11, 63.25it/s]
 87%|████████▋ | 5053/5794 [01:25<00:11, 63.51it/s]
 87%|████████▋ | 5060/5794 [01:25<00:11, 63.19it/s]
 87%|████████▋ | 5067/5794 [01:25<00:11, 63.42it/s]
 88%|████████▊ | 5074/5794 [01:25<00:11, 63.48it/s]
 88%|████████▊ | 5081/5794 [01:25<00:11, 62.34it/s]
 88%|████████▊ | 5088/5794 [01:25<00:11, 63.74it/s]
 88%|████████▊ | 5095/5794 [01:26<00:11, 63.11it/s]
 88%|████████▊ | 5102/5794 [01:26<00:10, 63.32it/s]
 88%|████████▊ | 5109/5794 [01:26<00:10, 63.71it/s]
 88%|████████▊ | 5116/5794 [01:26<00:10, 63.54it/s]
 88%|████████▊ | 5123/5794 [01:26<00:10, 63.43it/s]
 89%|████████▊ | 5130/5794 [01:26<00:10, 63.35it/s]
 89%|████████▊ | 5137/5794 [01:26<00:10, 63.78it/s]
 89%|████████▉ | 5144/5794 [01:26<00:10, 63.36it/s]
 89%|████████▉ | 5151/5794 [01:26<00:10, 63.89it/s]
 89%|████████▉ | 5158/5794 [01:27<00:10, 63.59it/s]
 89%|████████▉ | 5165/5794 [01:27<00:09, 63.46it/s]
 89%|████████▉ | 5172/5794 [01:27<00:09, 63.41it/s]
 89%|████████▉ | 5179/5794 [01:27<00:09, 63.73it/s]
 90%|████████▉ | 5186/5794 [01:27<00:09, 63.77it/s]
 90%|████████▉ | 5194/5794 [01:27<00:09, 65.65it/s]
 90%|████████▉ | 5202/5794 [01:27<00:08, 67.77it/s]
 90%|████████▉ | 5210/5794 [01:27<00:08, 69.16it/s]
 90%|█████████ | 5218/5794 [01:27<00:08, 70.14it/s]
 90%|█████████ | 5226/5794 [01:28<00:08, 69.90it/s]
 90%|█████████ | 5234/5794 [01:28<00:07, 71.36it/s]
 90%|█████████ | 5242/5794 [01:28<00:07, 70.37it/s]
 91%|█████████ | 5250/5794 [01:28<00:07, 71.37it/s]
 91%|█████████ | 5258/5794 [01:28<00:07, 71.25it/s]
 91%|█████████ | 5266/5794 [01:28<00:07, 70.99it/s]
 91%|█████████ | 5274/5794 [01:28<00:07, 70.65it/s]
 91%|█████████ | 5282/5794 [01:28<00:07, 70.77it/s]
 91%|█████████▏| 5290/5794 [01:28<00:07, 71.23it/s]
 91%|█████████▏| 5298/5794 [01:29<00:06, 71.30it/s]
 92%|█████████▏| 5306/5794 [01:29<00:06, 71.70it/s]
 92%|█████████▏| 5314/5794 [01:29<00:07, 65.67it/s]
 92%|█████████▏| 5321/5794 [01:29<00:07, 64.15it/s]
 92%|█████████▏| 5329/5794 [01:29<00:07, 65.85it/s]
 92%|█████████▏| 5336/5794 [01:29<00:06, 65.71it/s]
 92%|█████████▏| 5343/5794 [01:29<00:06, 64.84it/s]
 92%|█████████▏| 5350/5794 [01:29<00:06, 64.32it/s]
 92%|█████████▏| 5357/5794 [01:30<00:06, 63.71it/s]
 93%|█████████▎| 5364/5794 [01:30<00:06, 63.18it/s]
 93%|█████████▎| 5371/5794 [01:30<00:06, 62.84it/s]
 93%|█████████▎| 5378/5794 [01:30<00:06, 63.47it/s]
 93%|█████████▎| 5385/5794 [01:30<00:06, 62.72it/s]
 93%|█████████▎| 5392/5794 [01:30<00:06, 63.52it/s]
 93%|█████████▎| 5399/5794 [01:30<00:06, 63.53it/s]
 93%|█████████▎| 5406/5794 [01:30<00:06, 63.21it/s]
 93%|█████████▎| 5413/5794 [01:30<00:06, 63.15it/s]
 94%|█████████▎| 5420/5794 [01:31<00:05, 63.12it/s]
 94%|█████████▎| 5427/5794 [01:31<00:05, 63.06it/s]
 94%|█████████▍| 5434/5794 [01:31<00:05, 63.15it/s]
 94%|█████████▍| 5441/5794 [01:31<00:05, 63.00it/s]
 94%|█████████▍| 5448/5794 [01:31<00:05, 62.28it/s]
 94%|█████████▍| 5455/5794 [01:31<00:05, 63.33it/s]
 94%|█████████▍| 5462/5794 [01:31<00:05, 63.48it/s]
 94%|█████████▍| 5469/5794 [01:31<00:05, 63.18it/s]
 95%|█████████▍| 5476/5794 [01:31<00:04, 64.75it/s]
 95%|█████████▍| 5483/5794 [01:32<00:04, 64.33it/s]
 95%|█████████▍| 5490/5794 [01:32<00:04, 63.55it/s]
 95%|█████████▍| 5497/5794 [01:32<00:04, 63.83it/s]
 95%|█████████▍| 5504/5794 [01:32<00:04, 63.51it/s]
 95%|█████████▌| 5511/5794 [01:32<00:04, 63.61it/s]
 95%|█████████▌| 5518/5794 [01:32<00:04, 63.50it/s]
 95%|█████████▌| 5525/5794 [01:32<00:04, 63.43it/s]
 95%|█████████▌| 5532/5794 [01:32<00:04, 63.42it/s]
 96%|█████████▌| 5539/5794 [01:32<00:04, 63.42it/s]
 96%|█████████▌| 5546/5794 [01:33<00:03, 63.48it/s]
 96%|█████████▌| 5553/5794 [01:33<00:03, 63.31it/s]
 96%|█████████▌| 5560/5794 [01:33<00:03, 62.34it/s]
 96%|█████████▌| 5567/5794 [01:33<00:03, 62.96it/s]
 96%|█████████▌| 5574/5794 [01:33<00:03, 63.27it/s]
 96%|█████████▋| 5581/5794 [01:33<00:03, 62.26it/s]
 96%|█████████▋| 5588/5794 [01:33<00:03, 62.81it/s]
 97%|█████████▋| 5595/5794 [01:33<00:03, 63.44it/s]
 97%|█████████▋| 5602/5794 [01:33<00:03, 63.37it/s]
 97%|█████████▋| 5609/5794 [01:34<00:02, 63.04it/s]
 97%|█████████▋| 5616/5794 [01:34<00:02, 62.69it/s]
 97%|█████████▋| 5623/5794 [01:34<00:02, 63.38it/s]
 97%|█████████▋| 5630/5794 [01:34<00:02, 63.14it/s]
 97%|█████████▋| 5637/5794 [01:34<00:02, 63.80it/s]
 97%|█████████▋| 5644/5794 [01:34<00:02, 63.01it/s]
 98%|█████████▊| 5651/5794 [01:34<00:02, 63.97it/s]
 98%|█████████▊| 5658/5794 [01:34<00:02, 63.93it/s]
 98%|█████████▊| 5665/5794 [01:34<00:02, 63.84it/s]
 98%|█████████▊| 5672/5794 [01:35<00:01, 63.64it/s]
 98%|█████████▊| 5679/5794 [01:35<00:01, 63.46it/s]
 98%|█████████▊| 5686/5794 [01:35<00:01, 63.23it/s]
 98%|█████████▊| 5693/5794 [01:35<00:01, 63.66it/s]
 98%|█████████▊| 5700/5794 [01:35<00:01, 63.66it/s]
 98%|█████████▊| 5707/5794 [01:35<00:01, 63.53it/s]
 99%|█████████▊| 5714/5794 [01:35<00:01, 63.28it/s]
 99%|█████████▊| 5721/5794 [01:35<00:01, 63.15it/s]
 99%|█████████▉| 5728/5794 [01:35<00:01, 63.17it/s]
 99%|█████████▉| 5735/5794 [01:36<00:00, 62.99it/s]
 99%|█████████▉| 5742/5794 [01:36<00:00, 63.43it/s]
 99%|█████████▉| 5749/5794 [01:36<00:00, 63.17it/s]
 99%|█████████▉| 5756/5794 [01:36<00:00, 63.26it/s]
 99%|█████████▉| 5763/5794 [01:36<00:00, 63.59it/s]
100%|█████████▉| 5770/5794 [01:36<00:00, 63.53it/s]
100%|█████████▉| 5777/5794 [01:36<00:00, 63.39it/s]
100%|█████████▉| 5784/5794 [01:36<00:00, 63.43it/s]
100%|█████████▉| 5791/5794 [01:36<00:00, 63.69it/s]
100%|██████████| 5794/5794 [01:36<00:00, 59.74it/s]
BALANCED ACCS CHECKED FOR TEST
TEST SET RESULTS FOR CHECKPOINT trained_weights/waterbirds/gals_waterbird_complete95_forest2water2_21050491_trial_000/best_balanced_valacc_0.55_epoch_0.ckpt
test_acc: 0.7283396617190196
balanced_test_acc: 0.5664535715025799
Land_on_Land_test_acc: 0.9991130820399113
Land_on_Water_test_acc: 0.71529933481153
Water_on_Land_test_acc: 0.010903426791277258
Water_on_Water_test_acc: 0.5404984423676013
test_acc_Waterbird: 0.2757009345794392
test_acc_Landbird: 0.8572062084257206
