[CMD] /home/ryreu/miniconda3/envs/gals_a100/bin/python -u main.py --config configs/waterbirds_100_gradcam_vit.yaml --name gradcam_waterbird_1.0_forest2water2_21050491_trial_000 DATA.ROOT=/home/ryreu/guided_cnn/waterbirds DATA.WATERBIRDS_DIR=waterbird_1.0_forest2water2 SEED=0 EXP.BASE.LR=0.0010000000000000002 EXP.CLASSIFIER.LR=9.999999999999991e-05 EXP.WEIGHT_DECAY=9.999999999999997e-06 EXP.AUX_LOSSES_ON_VAL=False EXP.LOSSES.GRADCAM.WEIGHT=1.0 EXP.NUM_EPOCHS=1
SEED: 0
DATA:
  BATCH_SIZE: 96
  NUM_WORKERS: 4
  SIZE: 224
  NORMALIZATION: imagenet
  ATTENTION_DIR: clip_vit_attention
  SEPARATE_CLASSES: false
  REMOVE_BACKGROUND: false
  ROOT: /home/ryreu/guided_cnn/waterbirds
  USE_CLASS_WEIGHTS: false
  USE_GROUP_WEIGHTS: false
  DATASET: waterbirds
  NUM_CLASSES: 2
  CONFOUNDING_FACTOR: 1.0
  WATERBIRDS_DIR: waterbird_1.0_forest2water2
EXP:
  NUM_TRIALS: 1
  LOSSES:
    CLASSIFICATION:
      WEIGHT: 1
    GRADIENT_OUTSIDE:
      COMPUTE: false
      LOG: false
      WEIGHT: 10000
      CRITERION: L1
      GT: clip_vit
      COMBINE_ATT_MODE: average_nonzero
    GRADIENT_INSIDE:
      COMPUTE: false
      LOG: false
      WEIGHT: 1
      CRITERION: L1
      GT: segmentation
      COMBINE_ATT_MODE: average_nonzero
    GRADCAM:
      COMPUTE: true
      LOG: false
      WEIGHT: 1.0
      CRITERION: L1
      GT: clip_vit
      MODE: match
      COMBINE_ATT_MODE: average_nonzero
  APPROACH: generic
  MODEL: resnet50
  PRETRAINED: true
  NUM_EPOCHS: 1
  OPTIMIZER: SGD
  WEIGHT_DECAY: 9.999999999999997e-06
  MOMENTUM: 0.9
  SCHEDULER: NONE
  BASE:
    LR: 0.0010000000000000002
  CLASSIFIER:
    LR: 9.999999999999991e-05
  AUX_LOSSES_ON_VAL: false
LOGGING:
  SAVE_EVERY: 0
  SAVE_BEST: true
  SAVE_LAST: false
  LOG_ATTENTION: false
  LOG_ATTENTION_STEP: 10
  SAVE_STATS_PATH: null
yaml: configs/waterbirds_100_gradcam_vit.yaml
name: gradcam_waterbird_1.0_forest2water2_21050491_trial_000
test_checkpoint: null

WATERBIRDS DIR: /home/ryreu/guided_cnn/waterbirds/waterbird_1.0_forest2water2
NUMBER OF SAMPLES WITH LABEL Landbird: 3684
NUMBER OF SAMPLES WITH LABEL Waterbird: 1111
NUMBER OF SAMPLES WITH GROUP Land_on_Land: 3684
NUMBER OF SAMPLES WITH GROUP Land_on_Water: 0
NUMBER OF SAMPLES WITH GROUP Water_on_Land: 0
NUMBER OF SAMPLES WITH GROUP Water_on_Water: 1111
WATERBIRDS DIR: /home/ryreu/guided_cnn/waterbirds/waterbird_1.0_forest2water2
NUMBER OF SAMPLES WITH LABEL Landbird: 931
NUMBER OF SAMPLES WITH LABEL Waterbird: 268
NUMBER OF SAMPLES WITH GROUP Land_on_Land: 465
NUMBER OF SAMPLES WITH GROUP Land_on_Water: 466
NUMBER OF SAMPLES WITH GROUP Water_on_Land: 134
NUMBER OF SAMPLES WITH GROUP Water_on_Water: 134
NUM TRAIN: 4795

NUM VAL:   1199

Number classifier outputs: 1
Using pretrained model: True
USING SGD OPTIMIZER
class weights: None
group weights: None
WANDB DISABLED: skipping wandb.init()
EPOCH: 0

>>> TRAINING 


  0%|          | 0/50 [00:00<?, ?it/s]
  2%|▏         | 1/50 [00:03<02:54,  3.57s/it]
  4%|▍         | 2/50 [00:03<01:17,  1.60s/it]
  6%|▌         | 3/50 [00:04<00:45,  1.03it/s]
  8%|▊         | 4/50 [00:04<00:30,  1.50it/s]
 10%|█         | 5/50 [00:04<00:22,  1.98it/s]
 12%|█▏        | 6/50 [00:04<00:17,  2.48it/s]
 14%|█▍        | 7/50 [00:04<00:14,  2.98it/s]
 16%|█▌        | 8/50 [00:05<00:12,  3.42it/s]
 18%|█▊        | 9/50 [00:05<00:10,  3.75it/s]
 20%|██        | 10/50 [00:05<00:09,  4.04it/s]
 22%|██▏       | 11/50 [00:05<00:09,  4.28it/s]
 24%|██▍       | 12/50 [00:05<00:08,  4.46it/s]
 26%|██▌       | 13/50 [00:06<00:08,  4.57it/s]
 28%|██▊       | 14/50 [00:06<00:07,  4.62it/s]
 30%|███       | 15/50 [00:06<00:07,  4.71it/s]
 32%|███▏      | 16/50 [00:06<00:07,  4.75it/s]
 34%|███▍      | 17/50 [00:06<00:06,  4.80it/s]
 36%|███▌      | 18/50 [00:07<00:06,  4.82it/s]
 38%|███▊      | 19/50 [00:07<00:06,  4.82it/s]
 40%|████      | 20/50 [00:07<00:06,  4.84it/s]
 42%|████▏     | 21/50 [00:07<00:05,  4.86it/s]
 44%|████▍     | 22/50 [00:07<00:05,  4.87it/s]
 46%|████▌     | 23/50 [00:08<00:05,  4.88it/s]
 48%|████▊     | 24/50 [00:08<00:05,  4.86it/s]
 50%|█████     | 25/50 [00:08<00:05,  4.86it/s]
 52%|█████▏    | 26/50 [00:08<00:04,  4.85it/s]
 54%|█████▍    | 27/50 [00:08<00:04,  4.87it/s]
 56%|█████▌    | 28/50 [00:09<00:04,  4.87it/s]
 58%|█████▊    | 29/50 [00:09<00:04,  4.88it/s]
 60%|██████    | 30/50 [00:09<00:04,  4.90it/s]
 62%|██████▏   | 31/50 [00:09<00:03,  4.92it/s]
 64%|██████▍   | 32/50 [00:09<00:03,  4.90it/s]
 66%|██████▌   | 33/50 [00:10<00:03,  4.89it/s]
 68%|██████▊   | 34/50 [00:10<00:03,  4.91it/s]
 70%|███████   | 35/50 [00:10<00:03,  4.94it/s]
 72%|███████▏  | 36/50 [00:10<00:02,  4.93it/s]
 74%|███████▍  | 37/50 [00:10<00:02,  4.94it/s]
 76%|███████▌  | 38/50 [00:11<00:02,  4.90it/s]
 78%|███████▊  | 39/50 [00:11<00:02,  4.91it/s]
 80%|████████  | 40/50 [00:11<00:02,  4.91it/s]
 82%|████████▏ | 41/50 [00:11<00:01,  4.88it/s]
 84%|████████▍ | 42/50 [00:11<00:01,  4.89it/s]
 86%|████████▌ | 43/50 [00:12<00:01,  4.96it/s]
 88%|████████▊ | 44/50 [00:12<00:01,  4.94it/s]
 90%|█████████ | 45/50 [00:12<00:01,  4.94it/s]
 92%|█████████▏| 46/50 [00:12<00:00,  4.97it/s]
 94%|█████████▍| 47/50 [00:12<00:00,  5.00it/s]
 96%|█████████▌| 48/50 [00:13<00:00,  5.00it/s]
 98%|█████████▊| 49/50 [00:13<00:00,  5.01it/s]
100%|██████████| 50/50 [00:13<00:00,  5.06it/s]
100%|██████████| 50/50 [00:13<00:00,  3.67it/s]
>>> VALIDATING 


  0%|          | 0/13 [00:00<?, ?it/s]
  8%|▊         | 1/13 [00:01<00:12,  1.06s/it]
 23%|██▎       | 3/13 [00:01<00:03,  3.06it/s]
 38%|███▊      | 5/13 [00:01<00:02,  3.26it/s]
 54%|█████▍    | 7/13 [00:01<00:01,  4.85it/s]
 69%|██████▉   | 9/13 [00:02<00:00,  4.18it/s]
 85%|████████▍ | 11/13 [00:02<00:00,  5.61it/s]
100%|██████████| 13/13 [00:02<00:00,  6.54it/s]
100%|██████████| 13/13 [00:02<00:00,  4.46it/s]
>>> LOGGING 

BALANCED ACCS CHECKED FOR TRAIN
BALANCED ACCS CHECKED FOR VAL
train_acc: 0.724087591240876
val_acc: 0.7231025854879066
train_cls_loss: 0.4831109949085586
val_cls_loss: 0.5058720211022292
train_total_loss: 0.6994085220400559
val_total_loss: 0.5058720211022292
balanced_train_acc: 0.6035568947774257
balanced_val_acc: 0.5732461484200907
Land_on_Land_train_acc: 0.8281758957654723
Land_on_Land_val_acc: 0.9978494623655914
Land_on_Water_train_acc: 0
Land_on_Water_val_acc: 0.6909871244635193
Water_on_Land_train_acc: 0
Water_on_Land_val_acc: 0.03731343283582089
Water_on_Water_train_acc: 0.3789378937893789
Water_on_Water_val_acc: 0.5671641791044776
train_gradcam_clip_vit_loss: 0.2162975325170473
train_acc_Landbird: 0.8281758957654723
train_acc_Waterbird: 0.3789378937893789
val_acc_Landbird: 0.8442534908700322
val_acc_Waterbird: 0.30223880597014924
TRAIN ACC:        0.724087591240876
VAL ACC:          0.7231025854879066
BALANCED VAL ACC: 0.5732461484200907
prev best list: []
Saving to trained_weights/waterbirds/gradcam_waterbird_1.0_forest2water2_21050491_trial_000/best_balanced_valacc_0.57_epoch_0.ckpt
>>> EVALUATING ON TEST SET
WATERBIRDS DIR: /home/ryreu/guided_cnn/waterbirds/waterbird_1.0_forest2water2
NUMBER OF SAMPLES WITH LABEL Landbird: 4510
NUMBER OF SAMPLES WITH LABEL Waterbird: 1284
NUMBER OF SAMPLES WITH GROUP Land_on_Land: 2255
NUMBER OF SAMPLES WITH GROUP Land_on_Water: 2255
NUMBER OF SAMPLES WITH GROUP Water_on_Land: 642
NUMBER OF SAMPLES WITH GROUP Water_on_Water: 642
NUM TEST:   5794

Loaded checkpoint trained_weights/waterbirds/gradcam_waterbird_1.0_forest2water2_21050491_trial_000/best_balanced_valacc_0.57_epoch_0.ckpt

  0%|          | 0/5794 [00:00<?, ?it/s]
  0%|          | 1/5794 [00:00<22:29,  4.29it/s]
  0%|          | 8/5794 [00:00<03:19, 29.06it/s]
  0%|          | 16/5794 [00:00<02:08, 44.85it/s]
  0%|          | 23/5794 [00:00<01:49, 52.63it/s]
  1%|          | 30/5794 [00:00<01:39, 57.98it/s]
  1%|          | 37/5794 [00:00<01:33, 61.43it/s]
  1%|          | 45/5794 [00:00<01:29, 64.36it/s]
  1%|          | 53/5794 [00:00<01:26, 66.48it/s]
  1%|          | 61/5794 [00:01<01:24, 67.74it/s]
  1%|          | 69/5794 [00:01<01:23, 68.78it/s]
  1%|▏         | 77/5794 [00:01<01:22, 69.28it/s]
  1%|▏         | 85/5794 [00:01<01:21, 69.63it/s]
  2%|▏         | 93/5794 [00:01<01:21, 69.82it/s]
  2%|▏         | 101/5794 [00:01<01:21, 70.05it/s]
  2%|▏         | 109/5794 [00:01<01:21, 70.06it/s]
  2%|▏         | 117/5794 [00:01<01:21, 69.85it/s]
  2%|▏         | 124/5794 [00:01<01:21, 69.51it/s]
  2%|▏         | 132/5794 [00:02<01:21, 69.90it/s]
  2%|▏         | 140/5794 [00:02<01:20, 70.02it/s]
  3%|▎         | 148/5794 [00:02<01:20, 70.35it/s]
  3%|▎         | 156/5794 [00:02<01:20, 70.40it/s]
  3%|▎         | 164/5794 [00:02<01:20, 70.16it/s]
  3%|▎         | 172/5794 [00:02<01:20, 70.03it/s]
  3%|▎         | 180/5794 [00:02<01:20, 69.70it/s]
  3%|▎         | 188/5794 [00:02<01:20, 69.89it/s]
  3%|▎         | 196/5794 [00:03<01:19, 70.01it/s]
  4%|▎         | 204/5794 [00:03<01:19, 70.17it/s]
  4%|▎         | 212/5794 [00:03<01:19, 70.10it/s]
  4%|▍         | 220/5794 [00:03<01:19, 69.89it/s]
  4%|▍         | 227/5794 [00:03<01:19, 69.84it/s]
  4%|▍         | 235/5794 [00:03<01:19, 70.07it/s]
  4%|▍         | 243/5794 [00:03<01:19, 70.08it/s]
  4%|▍         | 251/5794 [00:03<01:18, 70.31it/s]
  4%|▍         | 259/5794 [00:03<01:19, 69.59it/s]
  5%|▍         | 266/5794 [00:04<01:20, 69.00it/s]
  5%|▍         | 274/5794 [00:04<01:19, 69.43it/s]
  5%|▍         | 281/5794 [00:04<01:19, 69.54it/s]
  5%|▍         | 289/5794 [00:04<01:19, 69.68it/s]
  5%|▌         | 296/5794 [00:04<01:18, 69.75it/s]
  5%|▌         | 304/5794 [00:04<01:18, 69.96it/s]
  5%|▌         | 311/5794 [00:04<01:18, 69.88it/s]
  6%|▌         | 319/5794 [00:04<01:18, 70.09it/s]
  6%|▌         | 327/5794 [00:04<01:18, 70.00it/s]
  6%|▌         | 335/5794 [00:05<01:17, 70.21it/s]
  6%|▌         | 343/5794 [00:05<01:17, 70.30it/s]
  6%|▌         | 351/5794 [00:05<01:17, 70.29it/s]
  6%|▌         | 359/5794 [00:05<01:17, 70.32it/s]
  6%|▋         | 367/5794 [00:05<01:17, 70.18it/s]
  6%|▋         | 375/5794 [00:05<01:17, 70.23it/s]
  7%|▋         | 383/5794 [00:05<01:17, 70.22it/s]
  7%|▋         | 391/5794 [00:05<01:16, 70.36it/s]
  7%|▋         | 399/5794 [00:05<01:16, 70.27it/s]
  7%|▋         | 407/5794 [00:06<01:16, 70.40it/s]
  7%|▋         | 415/5794 [00:06<01:16, 70.29it/s]
  7%|▋         | 423/5794 [00:06<01:16, 70.45it/s]
  7%|▋         | 431/5794 [00:06<01:16, 70.26it/s]
  8%|▊         | 439/5794 [00:06<01:16, 70.30it/s]
  8%|▊         | 447/5794 [00:06<01:16, 70.17it/s]
  8%|▊         | 455/5794 [00:06<01:15, 70.29it/s]
  8%|▊         | 463/5794 [00:06<01:15, 70.20it/s]
  8%|▊         | 471/5794 [00:06<01:16, 69.88it/s]
  8%|▊         | 479/5794 [00:07<01:15, 70.10it/s]
  8%|▊         | 487/5794 [00:07<01:15, 70.14it/s]
  9%|▊         | 495/5794 [00:07<01:15, 70.31it/s]
  9%|▊         | 503/5794 [00:07<01:15, 70.18it/s]
  9%|▉         | 511/5794 [00:07<01:15, 70.28it/s]
  9%|▉         | 519/5794 [00:07<01:15, 70.24it/s]
  9%|▉         | 527/5794 [00:07<01:14, 70.57it/s]
  9%|▉         | 535/5794 [00:07<01:14, 70.76it/s]
  9%|▉         | 543/5794 [00:07<01:13, 71.04it/s]
 10%|▉         | 551/5794 [00:08<01:13, 71.26it/s]
 10%|▉         | 559/5794 [00:08<01:13, 71.65it/s]
 10%|▉         | 567/5794 [00:08<01:12, 71.70it/s]
 10%|▉         | 575/5794 [00:08<01:12, 71.82it/s]
 10%|█         | 583/5794 [00:08<01:12, 71.69it/s]
 10%|█         | 591/5794 [00:08<01:12, 71.91it/s]
 10%|█         | 599/5794 [00:08<01:12, 71.82it/s]
 10%|█         | 607/5794 [00:08<01:12, 71.90it/s]
 11%|█         | 615/5794 [00:08<01:12, 71.90it/s]
 11%|█         | 623/5794 [00:09<01:11, 71.89it/s]
 11%|█         | 631/5794 [00:09<01:11, 71.95it/s]
 11%|█         | 639/5794 [00:09<01:11, 71.89it/s]
 11%|█         | 647/5794 [00:09<01:11, 71.97it/s]
 11%|█▏        | 655/5794 [00:09<01:11, 71.72it/s]
 11%|█▏        | 663/5794 [00:09<01:12, 71.06it/s]
 12%|█▏        | 671/5794 [00:09<01:12, 70.59it/s]
 12%|█▏        | 679/5794 [00:09<01:12, 70.32it/s]
 12%|█▏        | 687/5794 [00:09<01:12, 70.04it/s]
 12%|█▏        | 695/5794 [00:10<01:12, 70.16it/s]
 12%|█▏        | 703/5794 [00:10<01:12, 70.20it/s]
 12%|█▏        | 711/5794 [00:10<01:12, 70.43it/s]
 12%|█▏        | 719/5794 [00:10<01:12, 69.57it/s]
 13%|█▎        | 726/5794 [00:10<01:12, 69.45it/s]
 13%|█▎        | 733/5794 [00:10<01:13, 68.62it/s]
 13%|█▎        | 740/5794 [00:10<01:13, 68.85it/s]
 13%|█▎        | 747/5794 [00:10<01:13, 68.81it/s]
 13%|█▎        | 755/5794 [00:10<01:12, 69.41it/s]
 13%|█▎        | 763/5794 [00:11<01:11, 69.93it/s]
 13%|█▎        | 771/5794 [00:11<01:11, 70.39it/s]
 13%|█▎        | 779/5794 [00:11<01:10, 70.99it/s]
 14%|█▎        | 787/5794 [00:11<01:10, 71.06it/s]
 14%|█▎        | 795/5794 [00:11<01:10, 70.92it/s]
 14%|█▍        | 803/5794 [00:11<01:10, 70.74it/s]
 14%|█▍        | 811/5794 [00:11<01:10, 70.81it/s]
 14%|█▍        | 819/5794 [00:11<01:10, 70.91it/s]
 14%|█▍        | 827/5794 [00:11<01:11, 69.25it/s]
 14%|█▍        | 834/5794 [00:12<01:11, 69.07it/s]
 15%|█▍        | 841/5794 [00:12<01:11, 68.82it/s]
 15%|█▍        | 848/5794 [00:12<01:12, 67.77it/s]
 15%|█▍        | 855/5794 [00:12<01:13, 67.22it/s]
 15%|█▍        | 862/5794 [00:12<01:13, 67.47it/s]
 15%|█▍        | 869/5794 [00:12<01:12, 67.95it/s]
 15%|█▌        | 876/5794 [00:12<01:12, 67.75it/s]
 15%|█▌        | 883/5794 [00:12<01:12, 67.76it/s]
 15%|█▌        | 890/5794 [00:12<01:12, 68.04it/s]
 15%|█▌        | 897/5794 [00:13<01:11, 68.26it/s]
 16%|█▌        | 904/5794 [00:13<01:11, 68.09it/s]
 16%|█▌        | 911/5794 [00:13<01:11, 68.09it/s]
 16%|█▌        | 918/5794 [00:13<01:11, 68.18it/s]
 16%|█▌        | 925/5794 [00:13<01:11, 68.30it/s]
 16%|█▌        | 932/5794 [00:13<01:11, 68.32it/s]
 16%|█▌        | 939/5794 [00:13<01:11, 68.30it/s]
 16%|█▋        | 947/5794 [00:13<01:10, 69.09it/s]
 16%|█▋        | 955/5794 [00:13<01:09, 69.68it/s]
 17%|█▋        | 963/5794 [00:13<01:09, 69.96it/s]
 17%|█▋        | 971/5794 [00:14<01:08, 70.19it/s]
 17%|█▋        | 979/5794 [00:14<01:08, 70.37it/s]
 17%|█▋        | 987/5794 [00:14<01:08, 70.53it/s]
 17%|█▋        | 995/5794 [00:14<01:08, 70.52it/s]
 17%|█▋        | 1003/5794 [00:14<01:07, 70.60it/s]
 17%|█▋        | 1011/5794 [00:14<01:07, 70.55it/s]
 18%|█▊        | 1019/5794 [00:14<01:07, 70.63it/s]
 18%|█▊        | 1027/5794 [00:14<01:07, 70.49it/s]
 18%|█▊        | 1035/5794 [00:14<01:07, 70.60it/s]
 18%|█▊        | 1043/5794 [00:15<01:07, 70.29it/s]
 18%|█▊        | 1051/5794 [00:15<01:08, 69.55it/s]
 18%|█▊        | 1058/5794 [00:15<01:08, 69.63it/s]
 18%|█▊        | 1066/5794 [00:15<01:07, 69.79it/s]
 19%|█▊        | 1073/5794 [00:15<01:07, 69.76it/s]
 19%|█▊        | 1080/5794 [00:15<01:07, 69.80it/s]
 19%|█▉        | 1088/5794 [00:15<01:07, 69.94it/s]
 19%|█▉        | 1095/5794 [00:15<01:07, 69.94it/s]
 19%|█▉        | 1103/5794 [00:15<01:06, 70.16it/s]
 19%|█▉        | 1111/5794 [00:16<01:06, 70.02it/s]
 19%|█▉        | 1119/5794 [00:16<01:06, 70.14it/s]
 19%|█▉        | 1127/5794 [00:16<01:06, 70.00it/s]
 20%|█▉        | 1135/5794 [00:16<01:06, 70.24it/s]
 20%|█▉        | 1143/5794 [00:16<01:06, 70.04it/s]
 20%|█▉        | 1151/5794 [00:16<01:06, 70.22it/s]
 20%|██        | 1159/5794 [00:16<01:06, 70.21it/s]
 20%|██        | 1167/5794 [00:16<01:06, 70.09it/s]
 20%|██        | 1175/5794 [00:16<01:06, 69.92it/s]
 20%|██        | 1182/5794 [00:17<01:06, 69.74it/s]
 21%|██        | 1190/5794 [00:17<01:05, 69.96it/s]
 21%|██        | 1197/5794 [00:17<01:05, 69.75it/s]
 21%|██        | 1205/5794 [00:17<01:05, 69.89it/s]
 21%|██        | 1212/5794 [00:17<01:05, 69.77it/s]
 21%|██        | 1219/5794 [00:17<01:05, 69.75it/s]
 21%|██        | 1226/5794 [00:17<01:05, 69.79it/s]
 21%|██▏       | 1233/5794 [00:17<01:05, 69.60it/s]
 21%|██▏       | 1240/5794 [00:17<01:05, 69.48it/s]
 22%|██▏       | 1247/5794 [00:18<01:05, 69.42it/s]
 22%|██▏       | 1254/5794 [00:18<01:05, 69.44it/s]
 22%|██▏       | 1261/5794 [00:18<01:05, 68.89it/s]
 22%|██▏       | 1268/5794 [00:18<01:05, 68.59it/s]
 22%|██▏       | 1276/5794 [00:18<01:05, 69.20it/s]
 22%|██▏       | 1283/5794 [00:18<01:05, 69.36it/s]
 22%|██▏       | 1291/5794 [00:18<01:04, 69.87it/s]
 22%|██▏       | 1299/5794 [00:18<01:04, 69.96it/s]
 23%|██▎       | 1306/5794 [00:18<01:04, 69.83it/s]
 23%|██▎       | 1313/5794 [00:18<01:04, 69.53it/s]
 23%|██▎       | 1321/5794 [00:19<01:04, 69.81it/s]
 23%|██▎       | 1329/5794 [00:19<01:03, 69.97it/s]
 23%|██▎       | 1337/5794 [00:19<01:03, 70.02it/s]
 23%|██▎       | 1345/5794 [00:19<01:03, 70.12it/s]
 23%|██▎       | 1353/5794 [00:19<01:03, 69.97it/s]
 23%|██▎       | 1361/5794 [00:19<01:03, 70.19it/s]
 24%|██▎       | 1369/5794 [00:19<01:03, 69.97it/s]
 24%|██▍       | 1377/5794 [00:19<01:02, 70.48it/s]
 24%|██▍       | 1385/5794 [00:19<01:02, 70.84it/s]
 24%|██▍       | 1393/5794 [00:20<01:01, 71.16it/s]
 24%|██▍       | 1401/5794 [00:20<01:01, 71.00it/s]
 24%|██▍       | 1409/5794 [00:20<01:02, 70.39it/s]
 24%|██▍       | 1417/5794 [00:20<01:02, 70.24it/s]
 25%|██▍       | 1425/5794 [00:20<01:02, 69.63it/s]
 25%|██▍       | 1432/5794 [00:20<01:02, 69.42it/s]
 25%|██▍       | 1440/5794 [00:20<01:02, 69.73it/s]
 25%|██▍       | 1448/5794 [00:20<01:02, 69.99it/s]
 25%|██▌       | 1456/5794 [00:21<01:01, 70.06it/s]
 25%|██▌       | 1464/5794 [00:21<01:01, 70.22it/s]
 25%|██▌       | 1472/5794 [00:21<01:01, 70.15it/s]
 26%|██▌       | 1480/5794 [00:21<01:01, 69.87it/s]
 26%|██▌       | 1487/5794 [00:21<01:01, 69.82it/s]
 26%|██▌       | 1495/5794 [00:21<01:01, 69.97it/s]
 26%|██▌       | 1502/5794 [00:21<01:01, 69.87it/s]
 26%|██▌       | 1510/5794 [00:21<01:01, 70.07it/s]
 26%|██▌       | 1518/5794 [00:21<01:01, 69.56it/s]
 26%|██▋       | 1525/5794 [00:22<01:01, 69.33it/s]
 26%|██▋       | 1533/5794 [00:22<01:01, 69.61it/s]
 27%|██▋       | 1540/5794 [00:22<01:01, 69.63it/s]
 27%|██▋       | 1547/5794 [00:22<01:01, 69.43it/s]
 27%|██▋       | 1554/5794 [00:22<01:01, 69.40it/s]
 27%|██▋       | 1562/5794 [00:22<01:00, 69.61it/s]
 27%|██▋       | 1569/5794 [00:22<01:00, 69.49it/s]
 27%|██▋       | 1577/5794 [00:22<01:00, 69.67it/s]
 27%|██▋       | 1585/5794 [00:22<01:00, 69.72it/s]
 27%|██▋       | 1592/5794 [00:22<01:00, 69.70it/s]
 28%|██▊       | 1600/5794 [00:23<01:00, 69.90it/s]
 28%|██▊       | 1607/5794 [00:23<00:59, 69.87it/s]
 28%|██▊       | 1615/5794 [00:23<00:59, 70.04it/s]
 28%|██▊       | 1623/5794 [00:23<01:00, 69.34it/s]
 28%|██▊       | 1630/5794 [00:23<00:59, 69.40it/s]
 28%|██▊       | 1637/5794 [00:23<00:59, 69.31it/s]
 28%|██▊       | 1645/5794 [00:23<00:59, 69.69it/s]
 29%|██▊       | 1653/5794 [00:23<00:59, 69.83it/s]
 29%|██▊       | 1661/5794 [00:23<00:58, 70.06it/s]
 29%|██▉       | 1669/5794 [00:24<00:58, 70.25it/s]
 29%|██▉       | 1677/5794 [00:24<00:58, 70.73it/s]
 29%|██▉       | 1685/5794 [00:24<00:57, 71.25it/s]
 29%|██▉       | 1693/5794 [00:24<00:57, 71.15it/s]
 29%|██▉       | 1701/5794 [00:24<00:57, 71.32it/s]
 29%|██▉       | 1709/5794 [00:24<00:57, 71.03it/s]
 30%|██▉       | 1717/5794 [00:24<00:57, 71.00it/s]
 30%|██▉       | 1725/5794 [00:24<00:57, 70.78it/s]
 30%|██▉       | 1733/5794 [00:24<00:57, 70.78it/s]
 30%|███       | 1741/5794 [00:25<00:57, 70.68it/s]
 30%|███       | 1749/5794 [00:25<00:57, 70.75it/s]
 30%|███       | 1757/5794 [00:25<00:57, 70.61it/s]
 30%|███       | 1765/5794 [00:25<00:57, 70.56it/s]
 31%|███       | 1773/5794 [00:25<00:57, 70.44it/s]
 31%|███       | 1781/5794 [00:25<00:56, 70.56it/s]
 31%|███       | 1789/5794 [00:25<00:56, 70.37it/s]
 31%|███       | 1797/5794 [00:25<00:56, 70.55it/s]
 31%|███       | 1805/5794 [00:25<00:56, 70.65it/s]
 31%|███▏      | 1813/5794 [00:26<00:56, 70.61it/s]
 31%|███▏      | 1821/5794 [00:26<00:56, 70.73it/s]
 32%|███▏      | 1829/5794 [00:26<00:56, 70.73it/s]
 32%|███▏      | 1837/5794 [00:26<00:55, 71.12it/s]
 32%|███▏      | 1845/5794 [00:26<00:55, 71.40it/s]
 32%|███▏      | 1853/5794 [00:26<00:54, 71.81it/s]
 32%|███▏      | 1861/5794 [00:26<00:54, 71.89it/s]
 32%|███▏      | 1869/5794 [00:26<00:54, 71.92it/s]
 32%|███▏      | 1877/5794 [00:26<00:54, 71.67it/s]
 33%|███▎      | 1885/5794 [00:27<00:54, 71.90it/s]
 33%|███▎      | 1893/5794 [00:27<00:54, 71.84it/s]
 33%|███▎      | 1901/5794 [00:27<00:54, 71.93it/s]
 33%|███▎      | 1909/5794 [00:27<00:54, 71.06it/s]
 33%|███▎      | 1917/5794 [00:27<00:54, 71.48it/s]
 33%|███▎      | 1925/5794 [00:27<00:54, 71.61it/s]
 33%|███▎      | 1933/5794 [00:27<00:53, 71.81it/s]
 34%|███▎      | 1941/5794 [00:27<00:53, 71.96it/s]
 34%|███▎      | 1949/5794 [00:27<00:53, 71.95it/s]
 34%|███▍      | 1957/5794 [00:28<00:53, 72.07it/s]
 34%|███▍      | 1965/5794 [00:28<00:53, 72.05it/s]
 34%|███▍      | 1973/5794 [00:28<00:52, 72.14it/s]
 34%|███▍      | 1981/5794 [00:28<00:53, 71.84it/s]
 34%|███▍      | 1989/5794 [00:28<00:53, 71.51it/s]
 34%|███▍      | 1997/5794 [00:28<00:53, 70.91it/s]
 35%|███▍      | 2005/5794 [00:28<00:53, 70.78it/s]
 35%|███▍      | 2013/5794 [00:28<00:53, 70.73it/s]
 35%|███▍      | 2021/5794 [00:29<00:53, 70.82it/s]
 35%|███▌      | 2029/5794 [00:29<00:53, 70.69it/s]
 35%|███▌      | 2037/5794 [00:29<00:53, 70.78it/s]
 35%|███▌      | 2045/5794 [00:29<00:53, 70.58it/s]
 35%|███▌      | 2053/5794 [00:29<00:52, 70.76it/s]
 36%|███▌      | 2061/5794 [00:29<00:52, 70.56it/s]
 36%|███▌      | 2069/5794 [00:29<00:52, 70.69it/s]
 36%|███▌      | 2077/5794 [00:29<00:52, 70.71it/s]
 36%|███▌      | 2085/5794 [00:29<00:52, 70.72it/s]
 36%|███▌      | 2093/5794 [00:30<00:52, 70.75it/s]
 36%|███▋      | 2101/5794 [00:30<00:52, 70.69it/s]
 36%|███▋      | 2109/5794 [00:30<00:52, 70.69it/s]
 37%|███▋      | 2117/5794 [00:30<00:52, 70.46it/s]
 37%|███▋      | 2125/5794 [00:30<00:52, 70.54it/s]
 37%|███▋      | 2133/5794 [00:30<00:52, 69.85it/s]
 37%|███▋      | 2141/5794 [00:30<00:52, 70.11it/s]
 37%|███▋      | 2149/5794 [00:30<00:51, 70.17it/s]
 37%|███▋      | 2157/5794 [00:30<00:51, 70.41it/s]
 37%|███▋      | 2165/5794 [00:31<00:51, 70.36it/s]
 38%|███▊      | 2173/5794 [00:31<00:51, 70.94it/s]
 38%|███▊      | 2181/5794 [00:31<00:50, 71.21it/s]
 38%|███▊      | 2189/5794 [00:31<00:50, 71.58it/s]
 38%|███▊      | 2197/5794 [00:31<00:50, 71.64it/s]
 38%|███▊      | 2205/5794 [00:31<00:49, 71.93it/s]
 38%|███▊      | 2213/5794 [00:31<00:49, 72.02it/s]
 38%|███▊      | 2221/5794 [00:31<00:49, 72.07it/s]
 38%|███▊      | 2229/5794 [00:31<00:49, 71.82it/s]
 39%|███▊      | 2237/5794 [00:32<00:49, 71.55it/s]
 39%|███▊      | 2245/5794 [00:32<00:49, 71.69it/s]
 39%|███▉      | 2253/5794 [00:32<00:49, 71.71it/s]
 39%|███▉      | 2261/5794 [00:32<00:49, 71.85it/s]
 39%|███▉      | 2269/5794 [00:32<00:49, 71.76it/s]
 39%|███▉      | 2277/5794 [00:32<00:49, 71.73it/s]
 39%|███▉      | 2285/5794 [00:32<00:48, 71.77it/s]
 40%|███▉      | 2293/5794 [00:32<00:48, 71.92it/s]
 40%|███▉      | 2301/5794 [00:32<00:48, 71.87it/s]
 40%|███▉      | 2309/5794 [00:33<00:48, 72.00it/s]
 40%|███▉      | 2317/5794 [00:33<00:48, 71.90it/s]
 40%|████      | 2325/5794 [00:33<00:48, 71.94it/s]
 40%|████      | 2333/5794 [00:33<00:48, 71.60it/s]
 40%|████      | 2341/5794 [00:33<00:48, 71.79it/s]
 41%|████      | 2349/5794 [00:33<00:47, 71.89it/s]
 41%|████      | 2357/5794 [00:33<00:47, 71.88it/s]
 41%|████      | 2365/5794 [00:33<00:47, 71.55it/s]
 41%|████      | 2373/5794 [00:33<00:47, 71.37it/s]
 41%|████      | 2381/5794 [00:34<00:47, 71.47it/s]
 41%|████      | 2389/5794 [00:34<00:47, 71.53it/s]
 41%|████▏     | 2397/5794 [00:34<00:47, 71.63it/s]
 42%|████▏     | 2405/5794 [00:34<00:47, 71.36it/s]
 42%|████▏     | 2413/5794 [00:34<00:47, 71.58it/s]
 42%|████▏     | 2421/5794 [00:34<00:47, 71.55it/s]
 42%|████▏     | 2429/5794 [00:34<00:46, 71.82it/s]
 42%|████▏     | 2437/5794 [00:34<00:46, 71.75it/s]
 42%|████▏     | 2445/5794 [00:34<00:46, 72.02it/s]
 42%|████▏     | 2453/5794 [00:35<00:46, 71.97it/s]
 42%|████▏     | 2461/5794 [00:35<00:46, 72.06it/s]
 43%|████▎     | 2469/5794 [00:35<00:46, 71.82it/s]
 43%|████▎     | 2477/5794 [00:35<00:46, 71.75it/s]
 43%|████▎     | 2485/5794 [00:35<00:46, 71.92it/s]
 43%|████▎     | 2493/5794 [00:35<00:45, 71.89it/s]
 43%|████▎     | 2501/5794 [00:35<00:45, 72.01it/s]
 43%|████▎     | 2509/5794 [00:35<00:45, 71.97it/s]
 43%|████▎     | 2517/5794 [00:35<00:45, 72.06it/s]
 44%|████▎     | 2525/5794 [00:36<00:45, 72.01it/s]
 44%|████▎     | 2533/5794 [00:36<00:45, 72.16it/s]
 44%|████▍     | 2541/5794 [00:36<00:45, 71.96it/s]
 44%|████▍     | 2549/5794 [00:36<00:45, 72.05it/s]
 44%|████▍     | 2557/5794 [00:36<00:44, 71.99it/s]
 44%|████▍     | 2565/5794 [00:36<00:44, 72.02it/s]
 44%|████▍     | 2573/5794 [00:36<00:44, 71.90it/s]
 45%|████▍     | 2581/5794 [00:36<00:44, 72.00it/s]
 45%|████▍     | 2589/5794 [00:36<00:44, 71.66it/s]
 45%|████▍     | 2597/5794 [00:37<00:44, 71.82it/s]
 45%|████▍     | 2605/5794 [00:37<00:44, 71.26it/s]
 45%|████▌     | 2613/5794 [00:37<00:45, 70.58it/s]
 45%|████▌     | 2621/5794 [00:37<00:44, 70.61it/s]
 45%|████▌     | 2629/5794 [00:37<00:44, 70.49it/s]
 46%|████▌     | 2637/5794 [00:37<00:44, 70.61it/s]
 46%|████▌     | 2645/5794 [00:37<00:44, 70.53it/s]
 46%|████▌     | 2653/5794 [00:37<00:44, 71.03it/s]
 46%|████▌     | 2661/5794 [00:37<00:43, 71.30it/s]
 46%|████▌     | 2669/5794 [00:38<00:43, 71.61it/s]
 46%|████▌     | 2677/5794 [00:38<00:43, 71.67it/s]
 46%|████▋     | 2685/5794 [00:38<00:43, 71.83it/s]
 46%|████▋     | 2693/5794 [00:38<00:43, 71.81it/s]
 47%|████▋     | 2701/5794 [00:38<00:42, 72.06it/s]
 47%|████▋     | 2709/5794 [00:38<00:42, 72.03it/s]
 47%|████▋     | 2717/5794 [00:38<00:42, 72.15it/s]
 47%|████▋     | 2725/5794 [00:38<00:42, 72.08it/s]
 47%|████▋     | 2733/5794 [00:38<00:42, 72.22it/s]
 47%|████▋     | 2741/5794 [00:39<00:42, 71.44it/s]
 47%|████▋     | 2749/5794 [00:39<00:42, 71.58it/s]
 48%|████▊     | 2757/5794 [00:39<00:42, 71.21it/s]
 48%|████▊     | 2765/5794 [00:39<00:42, 71.15it/s]
 48%|████▊     | 2773/5794 [00:39<00:42, 71.23it/s]
 48%|████▊     | 2781/5794 [00:39<00:42, 71.02it/s]
 48%|████▊     | 2789/5794 [00:39<00:42, 71.41it/s]
 48%|████▊     | 2797/5794 [00:39<00:41, 71.51it/s]
 48%|████▊     | 2805/5794 [00:39<00:41, 71.85it/s]
 49%|████▊     | 2813/5794 [00:40<00:41, 71.89it/s]
 49%|████▊     | 2821/5794 [00:40<00:41, 72.07it/s]
 49%|████▉     | 2829/5794 [00:40<00:41, 71.85it/s]
 49%|████▉     | 2837/5794 [00:40<00:41, 71.89it/s]
 49%|████▉     | 2845/5794 [00:40<00:41, 71.43it/s]
 49%|████▉     | 2853/5794 [00:40<00:41, 71.16it/s]
 49%|████▉     | 2861/5794 [00:40<00:41, 71.19it/s]
 50%|████▉     | 2869/5794 [00:40<00:40, 71.48it/s]
 50%|████▉     | 2877/5794 [00:40<00:41, 71.01it/s]
 50%|████▉     | 2885/5794 [00:41<00:41, 70.91it/s]
 50%|████▉     | 2893/5794 [00:41<00:40, 70.81it/s]
 50%|█████     | 2901/5794 [00:41<00:41, 70.36it/s]
 50%|█████     | 2909/5794 [00:41<00:40, 70.41it/s]
 50%|█████     | 2917/5794 [00:41<00:40, 70.38it/s]
 50%|█████     | 2925/5794 [00:41<00:40, 70.82it/s]
 51%|█████     | 2933/5794 [00:41<00:40, 71.02it/s]
 51%|█████     | 2941/5794 [00:41<00:40, 70.89it/s]
 51%|█████     | 2949/5794 [00:42<00:40, 70.65it/s]
 51%|█████     | 2957/5794 [00:42<00:39, 71.02it/s]
 51%|█████     | 2965/5794 [00:42<00:39, 71.16it/s]
 51%|█████▏    | 2973/5794 [00:42<00:39, 71.39it/s]
 51%|█████▏    | 2981/5794 [00:42<00:39, 71.37it/s]
 52%|█████▏    | 2989/5794 [00:42<00:39, 71.50it/s]
 52%|█████▏    | 2997/5794 [00:42<00:39, 71.54it/s]
 52%|█████▏    | 3005/5794 [00:42<00:38, 71.76it/s]
 52%|█████▏    | 3013/5794 [00:42<00:38, 71.60it/s]
 52%|█████▏    | 3021/5794 [00:43<00:38, 71.85it/s]
 52%|█████▏    | 3029/5794 [00:43<00:38, 71.88it/s]
 52%|█████▏    | 3037/5794 [00:43<00:38, 71.86it/s]
 53%|█████▎    | 3045/5794 [00:43<00:38, 71.65it/s]
 53%|█████▎    | 3053/5794 [00:43<00:38, 71.65it/s]
 53%|█████▎    | 3061/5794 [00:43<00:38, 71.79it/s]
 53%|█████▎    | 3069/5794 [00:43<00:38, 71.58it/s]
 53%|█████▎    | 3077/5794 [00:43<00:37, 71.69it/s]
 53%|█████▎    | 3085/5794 [00:43<00:37, 71.69it/s]
 53%|█████▎    | 3093/5794 [00:44<00:37, 71.83it/s]
 54%|█████▎    | 3101/5794 [00:44<00:37, 71.74it/s]
 54%|█████▎    | 3109/5794 [00:44<00:37, 71.37it/s]
 54%|█████▍    | 3117/5794 [00:44<00:37, 71.02it/s]
 54%|█████▍    | 3125/5794 [00:44<00:37, 71.29it/s]
 54%|█████▍    | 3133/5794 [00:44<00:37, 71.36it/s]
 54%|█████▍    | 3141/5794 [00:44<00:37, 71.59it/s]
 54%|█████▍    | 3149/5794 [00:44<00:36, 71.50it/s]
 54%|█████▍    | 3157/5794 [00:44<00:36, 71.64it/s]
 55%|█████▍    | 3165/5794 [00:45<00:36, 71.78it/s]
 55%|█████▍    | 3173/5794 [00:45<00:36, 71.72it/s]
 55%|█████▍    | 3181/5794 [00:45<00:36, 71.81it/s]
 55%|█████▌    | 3189/5794 [00:45<00:36, 71.44it/s]
 55%|█████▌    | 3197/5794 [00:45<00:36, 71.15it/s]
 55%|█████▌    | 3205/5794 [00:45<00:36, 70.87it/s]
 55%|█████▌    | 3213/5794 [00:45<00:36, 70.79it/s]
 56%|█████▌    | 3221/5794 [00:45<00:36, 70.54it/s]
 56%|█████▌    | 3229/5794 [00:45<00:36, 70.60it/s]
 56%|█████▌    | 3237/5794 [00:46<00:36, 70.52it/s]
 56%|█████▌    | 3245/5794 [00:46<00:36, 70.57it/s]
 56%|█████▌    | 3253/5794 [00:46<00:36, 70.48it/s]
 56%|█████▋    | 3261/5794 [00:46<00:35, 70.69it/s]
 56%|█████▋    | 3269/5794 [00:46<00:35, 70.95it/s]
 57%|█████▋    | 3277/5794 [00:46<00:35, 71.10it/s]
 57%|█████▋    | 3285/5794 [00:46<00:35, 71.28it/s]
 57%|█████▋    | 3293/5794 [00:46<00:34, 71.57it/s]
 57%|█████▋    | 3301/5794 [00:46<00:34, 71.41it/s]
 57%|█████▋    | 3309/5794 [00:47<00:34, 71.53it/s]
 57%|█████▋    | 3317/5794 [00:47<00:34, 71.60it/s]
 57%|█████▋    | 3325/5794 [00:47<00:34, 71.61it/s]
 58%|█████▊    | 3333/5794 [00:47<00:34, 71.50it/s]
 58%|█████▊    | 3341/5794 [00:47<00:34, 71.40it/s]
 58%|█████▊    | 3349/5794 [00:47<00:34, 71.26it/s]
 58%|█████▊    | 3357/5794 [00:47<00:34, 70.90it/s]
 58%|█████▊    | 3365/5794 [00:47<00:34, 70.88it/s]
 58%|█████▊    | 3373/5794 [00:47<00:34, 70.58it/s]
 58%|█████▊    | 3381/5794 [00:48<00:34, 70.58it/s]
 58%|█████▊    | 3389/5794 [00:48<00:34, 70.43it/s]
 59%|█████▊    | 3397/5794 [00:48<00:34, 70.46it/s]
 59%|█████▉    | 3405/5794 [00:48<00:34, 70.08it/s]
 59%|█████▉    | 3413/5794 [00:48<00:34, 69.48it/s]
 59%|█████▉    | 3421/5794 [00:48<00:33, 69.93it/s]
 59%|█████▉    | 3429/5794 [00:48<00:33, 70.53it/s]
 59%|█████▉    | 3437/5794 [00:48<00:33, 70.95it/s]
 59%|█████▉    | 3445/5794 [00:48<00:33, 71.00it/s]
 60%|█████▉    | 3453/5794 [00:49<00:32, 71.30it/s]
 60%|█████▉    | 3461/5794 [00:49<00:32, 71.39it/s]
 60%|█████▉    | 3469/5794 [00:49<00:32, 71.55it/s]
 60%|██████    | 3477/5794 [00:49<00:32, 71.02it/s]
 60%|██████    | 3485/5794 [00:49<00:32, 70.81it/s]
 60%|██████    | 3493/5794 [00:49<00:32, 70.98it/s]
 60%|██████    | 3501/5794 [00:49<00:32, 71.01it/s]
 61%|██████    | 3509/5794 [00:49<00:32, 71.06it/s]
 61%|██████    | 3517/5794 [00:49<00:31, 71.43it/s]
 61%|██████    | 3525/5794 [00:50<00:31, 71.34it/s]
 61%|██████    | 3533/5794 [00:50<00:31, 71.62it/s]
 61%|██████    | 3541/5794 [00:50<00:31, 71.56it/s]
 61%|██████▏   | 3549/5794 [00:50<00:31, 71.73it/s]
 61%|██████▏   | 3557/5794 [00:50<00:31, 71.07it/s]
 62%|██████▏   | 3565/5794 [00:50<00:31, 71.21it/s]
 62%|██████▏   | 3573/5794 [00:50<00:31, 71.47it/s]
 62%|██████▏   | 3581/5794 [00:50<00:30, 71.48it/s]
 62%|██████▏   | 3589/5794 [00:50<00:30, 71.56it/s]
 62%|██████▏   | 3597/5794 [00:51<00:30, 71.56it/s]
 62%|██████▏   | 3605/5794 [00:51<00:30, 71.67it/s]
 62%|██████▏   | 3613/5794 [00:51<00:30, 71.56it/s]
 62%|██████▏   | 3621/5794 [00:51<00:30, 71.74it/s]
 63%|██████▎   | 3629/5794 [00:51<00:30, 71.60it/s]
 63%|██████▎   | 3637/5794 [00:51<00:30, 71.82it/s]
 63%|██████▎   | 3645/5794 [00:51<00:30, 71.63it/s]
 63%|██████▎   | 3653/5794 [00:51<00:29, 71.58it/s]
 63%|██████▎   | 3661/5794 [00:51<00:30, 70.71it/s]
 63%|██████▎   | 3669/5794 [00:52<00:29, 71.00it/s]
 63%|██████▎   | 3677/5794 [00:52<00:29, 71.04it/s]
 64%|██████▎   | 3685/5794 [00:52<00:29, 71.22it/s]
 64%|██████▎   | 3693/5794 [00:52<00:29, 70.49it/s]
 64%|██████▍   | 3701/5794 [00:52<00:29, 70.94it/s]
 64%|██████▍   | 3709/5794 [00:52<00:29, 71.18it/s]
 64%|██████▍   | 3717/5794 [00:52<00:29, 71.21it/s]
 64%|██████▍   | 3725/5794 [00:52<00:28, 71.48it/s]
 64%|██████▍   | 3733/5794 [00:53<00:28, 71.53it/s]
 65%|██████▍   | 3741/5794 [00:53<00:28, 71.72it/s]
 65%|██████▍   | 3749/5794 [00:53<00:28, 71.68it/s]
 65%|██████▍   | 3757/5794 [00:53<00:28, 71.67it/s]
 65%|██████▍   | 3765/5794 [00:53<00:28, 71.59it/s]
 65%|██████▌   | 3773/5794 [00:53<00:28, 71.69it/s]
 65%|██████▌   | 3781/5794 [00:53<00:28, 71.61it/s]
 65%|██████▌   | 3789/5794 [00:53<00:27, 71.74it/s]
 66%|██████▌   | 3797/5794 [00:53<00:28, 71.22it/s]
 66%|██████▌   | 3805/5794 [00:54<00:27, 71.07it/s]
 66%|██████▌   | 3813/5794 [00:54<00:28, 70.73it/s]
 66%|██████▌   | 3821/5794 [00:54<00:27, 70.62it/s]
 66%|██████▌   | 3829/5794 [00:54<00:27, 70.40it/s]
 66%|██████▌   | 3837/5794 [00:54<00:27, 70.33it/s]
 66%|██████▋   | 3845/5794 [00:54<00:27, 69.91it/s]
 66%|██████▋   | 3852/5794 [00:54<00:27, 69.44it/s]
 67%|██████▋   | 3859/5794 [00:54<00:27, 69.56it/s]
 67%|██████▋   | 3867/5794 [00:54<00:27, 69.76it/s]
 67%|██████▋   | 3875/5794 [00:55<00:27, 70.34it/s]
 67%|██████▋   | 3883/5794 [00:55<00:27, 70.54it/s]
 67%|██████▋   | 3891/5794 [00:55<00:26, 70.81it/s]
 67%|██████▋   | 3899/5794 [00:55<00:26, 71.05it/s]
 67%|██████▋   | 3907/5794 [00:55<00:26, 71.22it/s]
 68%|██████▊   | 3915/5794 [00:55<00:26, 71.16it/s]
 68%|██████▊   | 3923/5794 [00:55<00:26, 71.24it/s]
 68%|██████▊   | 3931/5794 [00:55<00:26, 71.10it/s]
 68%|██████▊   | 3939/5794 [00:55<00:25, 71.41it/s]
 68%|██████▊   | 3947/5794 [00:56<00:25, 71.57it/s]
 68%|██████▊   | 3955/5794 [00:56<00:25, 71.60it/s]
 68%|██████▊   | 3963/5794 [00:56<00:25, 71.76it/s]
 69%|██████▊   | 3971/5794 [00:56<00:25, 71.62it/s]
 69%|██████▊   | 3979/5794 [00:56<00:25, 71.77it/s]
 69%|██████▉   | 3987/5794 [00:56<00:25, 71.75it/s]
 69%|██████▉   | 3995/5794 [00:56<00:25, 71.93it/s]
 69%|██████▉   | 4003/5794 [00:56<00:24, 71.91it/s]
 69%|██████▉   | 4011/5794 [00:56<00:24, 71.79it/s]
 69%|██████▉   | 4019/5794 [00:57<00:24, 71.67it/s]
 70%|██████▉   | 4027/5794 [00:57<00:24, 71.93it/s]
 70%|██████▉   | 4035/5794 [00:57<00:24, 71.70it/s]
 70%|██████▉   | 4043/5794 [00:57<00:24, 71.90it/s]
 70%|██████▉   | 4051/5794 [00:57<00:24, 71.58it/s]
 70%|███████   | 4059/5794 [00:57<00:24, 71.55it/s]
 70%|███████   | 4067/5794 [00:57<00:24, 71.37it/s]
 70%|███████   | 4075/5794 [00:57<00:24, 71.35it/s]
 70%|███████   | 4083/5794 [00:57<00:23, 71.37it/s]
 71%|███████   | 4091/5794 [00:58<00:23, 71.23it/s]
 71%|███████   | 4099/5794 [00:58<00:23, 71.38it/s]
 71%|███████   | 4107/5794 [00:58<00:23, 71.37it/s]
 71%|███████   | 4115/5794 [00:58<00:23, 71.29it/s]
 71%|███████   | 4123/5794 [00:58<00:23, 71.31it/s]
 71%|███████▏  | 4131/5794 [00:58<00:23, 71.34it/s]
 71%|███████▏  | 4139/5794 [00:58<00:23, 71.28it/s]
 72%|███████▏  | 4147/5794 [00:58<00:23, 71.37it/s]
 72%|███████▏  | 4155/5794 [00:58<00:22, 71.26it/s]
 72%|███████▏  | 4163/5794 [00:59<00:22, 71.33it/s]
 72%|███████▏  | 4171/5794 [00:59<00:22, 71.27it/s]
 72%|███████▏  | 4179/5794 [00:59<00:22, 71.25it/s]
 72%|███████▏  | 4187/5794 [00:59<00:22, 71.27it/s]
 72%|███████▏  | 4195/5794 [00:59<00:22, 70.95it/s]
 73%|███████▎  | 4203/5794 [00:59<00:22, 71.11it/s]
 73%|███████▎  | 4211/5794 [00:59<00:22, 71.42it/s]
 73%|███████▎  | 4219/5794 [00:59<00:22, 71.25it/s]
 73%|███████▎  | 4227/5794 [00:59<00:22, 71.09it/s]
 73%|███████▎  | 4235/5794 [01:00<00:21, 71.37it/s]
 73%|███████▎  | 4243/5794 [01:00<00:21, 71.49it/s]
 73%|███████▎  | 4251/5794 [01:00<00:21, 71.66it/s]
 74%|███████▎  | 4259/5794 [01:00<00:21, 71.58it/s]
 74%|███████▎  | 4267/5794 [01:00<00:21, 71.74it/s]
 74%|███████▍  | 4275/5794 [01:00<00:21, 70.68it/s]
 74%|███████▍  | 4283/5794 [01:00<00:21, 71.08it/s]
 74%|███████▍  | 4291/5794 [01:00<00:21, 71.19it/s]
 74%|███████▍  | 4299/5794 [01:00<00:20, 71.52it/s]
 74%|███████▍  | 4307/5794 [01:01<00:20, 71.51it/s]
 74%|███████▍  | 4315/5794 [01:01<00:20, 71.87it/s]
 75%|███████▍  | 4323/5794 [01:01<00:20, 71.87it/s]
 75%|███████▍  | 4331/5794 [01:01<00:20, 71.97it/s]
 75%|███████▍  | 4339/5794 [01:01<00:20, 71.83it/s]
 75%|███████▌  | 4347/5794 [01:01<00:20, 71.85it/s]
 75%|███████▌  | 4355/5794 [01:01<00:20, 71.42it/s]
 75%|███████▌  | 4363/5794 [01:01<00:20, 71.27it/s]
 75%|███████▌  | 4371/5794 [01:01<00:20, 70.58it/s]
 76%|███████▌  | 4379/5794 [01:02<00:20, 70.38it/s]
 76%|███████▌  | 4387/5794 [01:02<00:19, 70.64it/s]
 76%|███████▌  | 4395/5794 [01:02<00:19, 70.72it/s]
 76%|███████▌  | 4403/5794 [01:02<00:19, 70.93it/s]
 76%|███████▌  | 4411/5794 [01:02<00:19, 70.99it/s]
 76%|███████▋  | 4419/5794 [01:02<00:19, 71.12it/s]
 76%|███████▋  | 4427/5794 [01:02<00:19, 71.15it/s]
 77%|███████▋  | 4435/5794 [01:02<00:19, 71.13it/s]
 77%|███████▋  | 4443/5794 [01:02<00:19, 70.97it/s]
 77%|███████▋  | 4451/5794 [01:03<00:18, 70.96it/s]
 77%|███████▋  | 4459/5794 [01:03<00:18, 70.66it/s]
 77%|███████▋  | 4467/5794 [01:03<00:18, 70.67it/s]
 77%|███████▋  | 4475/5794 [01:03<00:18, 70.59it/s]
 77%|███████▋  | 4483/5794 [01:03<00:18, 70.71it/s]
 78%|███████▊  | 4491/5794 [01:03<00:18, 70.78it/s]
 78%|███████▊  | 4499/5794 [01:03<00:18, 70.74it/s]
 78%|███████▊  | 4507/5794 [01:03<00:18, 70.77it/s]
 78%|███████▊  | 4515/5794 [01:03<00:18, 70.71it/s]
 78%|███████▊  | 4523/5794 [01:04<00:17, 70.76it/s]
 78%|███████▊  | 4531/5794 [01:04<00:17, 70.74it/s]
 78%|███████▊  | 4539/5794 [01:04<00:17, 70.87it/s]
 78%|███████▊  | 4547/5794 [01:04<00:17, 70.73it/s]
 79%|███████▊  | 4555/5794 [01:04<00:17, 70.77it/s]
 79%|███████▉  | 4563/5794 [01:04<00:17, 70.70it/s]
 79%|███████▉  | 4571/5794 [01:04<00:17, 70.84it/s]
 79%|███████▉  | 4579/5794 [01:04<00:17, 70.93it/s]
 79%|███████▉  | 4587/5794 [01:05<00:17, 70.81it/s]
 79%|███████▉  | 4595/5794 [01:05<00:16, 70.56it/s]
 79%|███████▉  | 4603/5794 [01:05<00:16, 70.15it/s]
 80%|███████▉  | 4611/5794 [01:05<00:16, 70.51it/s]
 80%|███████▉  | 4619/5794 [01:05<00:16, 70.86it/s]
 80%|███████▉  | 4627/5794 [01:05<00:16, 70.91it/s]
 80%|███████▉  | 4635/5794 [01:05<00:16, 71.03it/s]
 80%|████████  | 4643/5794 [01:05<00:16, 71.18it/s]
 80%|████████  | 4651/5794 [01:05<00:16, 71.06it/s]
 80%|████████  | 4659/5794 [01:06<00:15, 71.24it/s]
 81%|████████  | 4667/5794 [01:06<00:15, 71.25it/s]
 81%|████████  | 4675/5794 [01:06<00:15, 71.54it/s]
 81%|████████  | 4683/5794 [01:06<00:15, 71.45it/s]
 81%|████████  | 4691/5794 [01:06<00:15, 71.51it/s]
 81%|████████  | 4699/5794 [01:06<00:15, 71.24it/s]
 81%|████████  | 4707/5794 [01:06<00:15, 71.51it/s]
 81%|████████▏ | 4715/5794 [01:06<00:15, 71.47it/s]
 82%|████████▏ | 4723/5794 [01:06<00:15, 71.30it/s]
 82%|████████▏ | 4731/5794 [01:07<00:14, 71.27it/s]
 82%|████████▏ | 4739/5794 [01:07<00:14, 71.27it/s]
 82%|████████▏ | 4747/5794 [01:07<00:14, 71.30it/s]
 82%|████████▏ | 4755/5794 [01:07<00:14, 70.73it/s]
 82%|████████▏ | 4763/5794 [01:07<00:14, 70.99it/s]
 82%|████████▏ | 4771/5794 [01:07<00:14, 70.93it/s]
 82%|████████▏ | 4779/5794 [01:07<00:14, 71.21it/s]
 83%|████████▎ | 4787/5794 [01:07<00:14, 71.21it/s]
 83%|████████▎ | 4795/5794 [01:07<00:13, 71.36it/s]
 83%|████████▎ | 4803/5794 [01:08<00:13, 71.25it/s]
 83%|████████▎ | 4811/5794 [01:08<00:13, 71.36it/s]
 83%|████████▎ | 4819/5794 [01:08<00:13, 71.33it/s]
 83%|████████▎ | 4827/5794 [01:08<00:13, 71.46it/s]
 83%|████████▎ | 4835/5794 [01:08<00:13, 71.39it/s]
 84%|████████▎ | 4843/5794 [01:08<00:13, 71.16it/s]
 84%|████████▎ | 4851/5794 [01:08<00:13, 70.87it/s]
 84%|████████▍ | 4859/5794 [01:08<00:13, 70.97it/s]
 84%|████████▍ | 4867/5794 [01:08<00:13, 70.75it/s]
 84%|████████▍ | 4875/5794 [01:09<00:12, 70.90it/s]
 84%|████████▍ | 4883/5794 [01:09<00:12, 70.53it/s]
 84%|████████▍ | 4891/5794 [01:09<00:12, 70.74it/s]
 85%|████████▍ | 4899/5794 [01:09<00:12, 70.74it/s]
 85%|████████▍ | 4907/5794 [01:09<00:12, 70.67it/s]
 85%|████████▍ | 4915/5794 [01:09<00:12, 70.83it/s]
 85%|████████▍ | 4923/5794 [01:09<00:12, 70.75it/s]
 85%|████████▌ | 4931/5794 [01:09<00:12, 70.80it/s]
 85%|████████▌ | 4939/5794 [01:09<00:12, 70.75it/s]
 85%|████████▌ | 4947/5794 [01:10<00:11, 70.87it/s]
 86%|████████▌ | 4955/5794 [01:10<00:11, 70.33it/s]
 86%|████████▌ | 4963/5794 [01:10<00:11, 70.13it/s]
 86%|████████▌ | 4971/5794 [01:10<00:11, 70.17it/s]
 86%|████████▌ | 4979/5794 [01:10<00:11, 69.93it/s]
 86%|████████▌ | 4986/5794 [01:10<00:11, 69.51it/s]
 86%|████████▌ | 4994/5794 [01:10<00:11, 69.90it/s]
 86%|████████▋ | 5002/5794 [01:10<00:11, 70.22it/s]
 86%|████████▋ | 5010/5794 [01:10<00:11, 70.46it/s]
 87%|████████▋ | 5018/5794 [01:11<00:10, 70.79it/s]
 87%|████████▋ | 5026/5794 [01:11<00:10, 70.86it/s]
 87%|████████▋ | 5034/5794 [01:11<00:10, 71.20it/s]
 87%|████████▋ | 5042/5794 [01:11<00:10, 71.32it/s]
 87%|████████▋ | 5050/5794 [01:11<00:10, 71.37it/s]
 87%|████████▋ | 5058/5794 [01:11<00:10, 71.38it/s]
 87%|████████▋ | 5066/5794 [01:11<00:10, 71.51it/s]
 88%|████████▊ | 5074/5794 [01:11<00:10, 71.47it/s]
 88%|████████▊ | 5082/5794 [01:11<00:10, 70.93it/s]
 88%|████████▊ | 5090/5794 [01:12<00:09, 70.95it/s]
 88%|████████▊ | 5098/5794 [01:12<00:09, 71.12it/s]
 88%|████████▊ | 5106/5794 [01:12<00:09, 71.11it/s]
 88%|████████▊ | 5114/5794 [01:12<00:09, 71.20it/s]
 88%|████████▊ | 5122/5794 [01:12<00:09, 71.17it/s]
 89%|████████▊ | 5130/5794 [01:12<00:09, 71.33it/s]
 89%|████████▊ | 5138/5794 [01:12<00:09, 71.23it/s]
 89%|████████▉ | 5146/5794 [01:12<00:09, 71.48it/s]
 89%|████████▉ | 5154/5794 [01:12<00:08, 71.49it/s]
 89%|████████▉ | 5162/5794 [01:13<00:08, 71.43it/s]
 89%|████████▉ | 5170/5794 [01:13<00:08, 71.37it/s]
 89%|████████▉ | 5178/5794 [01:13<00:08, 71.35it/s]
 90%|████████▉ | 5186/5794 [01:13<00:08, 71.38it/s]
 90%|████████▉ | 5194/5794 [01:13<00:08, 71.23it/s]
 90%|████████▉ | 5202/5794 [01:13<00:08, 71.32it/s]
 90%|████████▉ | 5210/5794 [01:13<00:08, 71.23it/s]
 90%|█████████ | 5218/5794 [01:13<00:08, 71.42it/s]
 90%|█████████ | 5226/5794 [01:14<00:07, 71.31it/s]
 90%|█████████ | 5234/5794 [01:14<00:07, 71.52it/s]
 90%|█████████ | 5242/5794 [01:14<00:07, 71.27it/s]
 91%|█████████ | 5250/5794 [01:14<00:07, 71.46it/s]
 91%|█████████ | 5258/5794 [01:14<00:07, 71.32it/s]
 91%|█████████ | 5266/5794 [01:14<00:07, 71.37it/s]
 91%|█████████ | 5274/5794 [01:14<00:07, 71.40it/s]
 91%|█████████ | 5282/5794 [01:14<00:07, 71.56it/s]
 91%|█████████▏| 5290/5794 [01:14<00:07, 71.57it/s]
 91%|█████████▏| 5298/5794 [01:15<00:06, 71.41it/s]
 92%|█████████▏| 5306/5794 [01:15<00:06, 71.44it/s]
 92%|█████████▏| 5314/5794 [01:15<00:06, 71.34it/s]
 92%|█████████▏| 5322/5794 [01:15<00:06, 71.32it/s]
 92%|█████████▏| 5330/5794 [01:15<00:06, 70.86it/s]
 92%|█████████▏| 5338/5794 [01:15<00:06, 70.88it/s]
 92%|█████████▏| 5346/5794 [01:15<00:06, 71.00it/s]
 92%|█████████▏| 5354/5794 [01:15<00:06, 71.09it/s]
 93%|█████████▎| 5362/5794 [01:15<00:06, 71.11it/s]
 93%|█████████▎| 5370/5794 [01:16<00:05, 71.13it/s]
 93%|█████████▎| 5378/5794 [01:16<00:05, 71.06it/s]
 93%|█████████▎| 5386/5794 [01:16<00:05, 71.14it/s]
 93%|█████████▎| 5394/5794 [01:16<00:05, 71.12it/s]
 93%|█████████▎| 5402/5794 [01:16<00:05, 71.13it/s]
 93%|█████████▎| 5410/5794 [01:16<00:05, 70.85it/s]
 94%|█████████▎| 5418/5794 [01:16<00:05, 71.08it/s]
 94%|█████████▎| 5426/5794 [01:16<00:05, 71.16it/s]
 94%|█████████▍| 5434/5794 [01:16<00:05, 70.99it/s]
 94%|█████████▍| 5442/5794 [01:17<00:04, 71.00it/s]
 94%|█████████▍| 5450/5794 [01:17<00:04, 71.25it/s]
 94%|█████████▍| 5458/5794 [01:17<00:04, 71.40it/s]
 94%|█████████▍| 5466/5794 [01:17<00:04, 71.50it/s]
 94%|█████████▍| 5474/5794 [01:17<00:04, 71.73it/s]
 95%|█████████▍| 5482/5794 [01:17<00:04, 71.73it/s]
 95%|█████████▍| 5490/5794 [01:17<00:04, 71.89it/s]
 95%|█████████▍| 5498/5794 [01:17<00:04, 71.70it/s]
 95%|█████████▌| 5506/5794 [01:17<00:04, 71.93it/s]
 95%|█████████▌| 5514/5794 [01:18<00:03, 71.70it/s]
 95%|█████████▌| 5522/5794 [01:18<00:03, 71.87it/s]
 95%|█████████▌| 5530/5794 [01:18<00:03, 71.69it/s]
 96%|█████████▌| 5538/5794 [01:18<00:03, 71.84it/s]
 96%|█████████▌| 5546/5794 [01:18<00:03, 71.63it/s]
 96%|█████████▌| 5554/5794 [01:18<00:03, 71.82it/s]
 96%|█████████▌| 5562/5794 [01:18<00:03, 71.87it/s]
 96%|█████████▌| 5570/5794 [01:18<00:03, 71.79it/s]
 96%|█████████▋| 5578/5794 [01:18<00:03, 71.86it/s]
 96%|█████████▋| 5586/5794 [01:19<00:02, 71.76it/s]
 97%|█████████▋| 5594/5794 [01:19<00:02, 71.93it/s]
 97%|█████████▋| 5602/5794 [01:19<00:02, 71.83it/s]
 97%|█████████▋| 5610/5794 [01:19<00:02, 71.92it/s]
 97%|█████████▋| 5618/5794 [01:19<00:02, 71.82it/s]
 97%|█████████▋| 5626/5794 [01:19<00:02, 71.94it/s]
 97%|█████████▋| 5634/5794 [01:19<00:02, 71.67it/s]
 97%|█████████▋| 5642/5794 [01:19<00:02, 71.75it/s]
 98%|█████████▊| 5650/5794 [01:19<00:02, 71.65it/s]
 98%|█████████▊| 5658/5794 [01:20<00:01, 71.81it/s]
 98%|█████████▊| 5666/5794 [01:20<00:01, 71.72it/s]
 98%|█████████▊| 5674/5794 [01:20<00:01, 71.09it/s]
 98%|█████████▊| 5682/5794 [01:20<00:01, 71.17it/s]
 98%|█████████▊| 5690/5794 [01:20<00:01, 71.43it/s]
 98%|█████████▊| 5698/5794 [01:20<00:01, 70.19it/s]
 98%|█████████▊| 5706/5794 [01:20<00:01, 70.28it/s]
 99%|█████████▊| 5714/5794 [01:20<00:01, 70.80it/s]
 99%|█████████▉| 5722/5794 [01:20<00:01, 71.12it/s]
 99%|█████████▉| 5730/5794 [01:21<00:00, 71.36it/s]
 99%|█████████▉| 5738/5794 [01:21<00:00, 71.51it/s]
 99%|█████████▉| 5746/5794 [01:21<00:00, 71.77it/s]
 99%|█████████▉| 5754/5794 [01:21<00:00, 71.89it/s]
 99%|█████████▉| 5762/5794 [01:21<00:00, 72.08it/s]
100%|█████████▉| 5770/5794 [01:21<00:00, 72.07it/s]
100%|█████████▉| 5778/5794 [01:21<00:00, 72.12it/s]
100%|█████████▉| 5786/5794 [01:21<00:00, 72.06it/s]
100%|██████████| 5794/5794 [01:21<00:00, 72.27it/s]
100%|██████████| 5794/5794 [01:22<00:00, 70.65it/s]
BALANCED ACCS CHECKED FOR TEST
TEST SET RESULTS FOR CHECKPOINT trained_weights/waterbirds/gradcam_waterbird_1.0_forest2water2_21050491_trial_000/best_balanced_valacc_0.57_epoch_0.ckpt
test_acc: 0.7260959613393165
balanced_test_acc: 0.5742042605217895
Land_on_Land_test_acc: 0.9982261640798226
Land_on_Water_test_acc: 0.6957871396895787
Water_on_Land_test_acc: 0.01557632398753894
Water_on_Water_test_acc: 0.5872274143302181
test_acc_Waterbird: 0.3014018691588785
test_acc_Landbird: 0.8470066518847007
