[SWEEP] run_name_prefix=gradcam_waterbird_1.0_forest2water2_21050491
[SWEEP] Trial 0 done. best_balanced_val_acc=0.5732461484200907
[SWEEP] Best trial:
  trial: 0
  name: gradcam_waterbird_1.0_forest2water2_21050491_trial_000
  method: gradcam
  seed: 0
  base_lr: 0.0010000000000000002
  classifier_lr: 9.999999999999991e-05
  grad_weight: None
  cam_weight: 1.0
  abn_cls_weight: None
  abn_att_weight: None
  weight_decay: 9.999999999999997e-06
  best_balanced_val_acc: 0.5732461484200907
  test_acc: 72.60959613393166
  balanced_test_acc: 57.420426052178954
  per_group: 57.420426052178954
  worst_group: 1.557632398753894
  checkpoint: trained_weights/waterbirds/gradcam_waterbird_1.0_forest2water2_21050491_trial_000/best_balanced_valacc_0.57_epoch_0.ckpt
  log_path: /home/ryreu/guided_cnn/logsWaterbird/smoke_debug_21050491/gradcam100_vit_logs/gradcam_waterbird_1.0_forest2water2_21050491_trial_000.log
  seconds: 106
  sampler: random
  run_dir: trained_weights/waterbirds/gradcam_waterbird_1.0_forest2water2_21050491_trial_000
[TIME] sweep: median min/trial=1.77 | total tuning GPU-hours=0.03
[TIME] sweep: median min/epoch=0.0088 (epochs/trial=200)
