[CMD] /home/ryreu/miniconda3/envs/gals_a100/bin/python -u main.py --config configs/waterbirds_100_gradcam_vit.yaml --name gradcam_waterbird_1.0_forest2water2_21050510_trial_000 DATA.ROOT=/home/ryreu/guided_cnn/waterbirds DATA.WATERBIRDS_DIR=waterbird_1.0_forest2water2 SEED=0 EXP.BASE.LR=0.0010000000000000002 EXP.CLASSIFIER.LR=9.999999999999991e-05 EXP.WEIGHT_DECAY=9.999999999999997e-06 EXP.AUX_LOSSES_ON_VAL=False EXP.LOSSES.GRADCAM.WEIGHT=1.0 EXP.NUM_EPOCHS=1
SEED: 0
DATA:
  BATCH_SIZE: 96
  NUM_WORKERS: 4
  SIZE: 224
  NORMALIZATION: imagenet
  ATTENTION_DIR: clip_vit_attention
  SEPARATE_CLASSES: false
  REMOVE_BACKGROUND: false
  ROOT: /home/ryreu/guided_cnn/waterbirds
  USE_CLASS_WEIGHTS: false
  USE_GROUP_WEIGHTS: false
  DATASET: waterbirds
  NUM_CLASSES: 2
  CONFOUNDING_FACTOR: 1.0
  WATERBIRDS_DIR: waterbird_1.0_forest2water2
EXP:
  NUM_TRIALS: 1
  LOSSES:
    CLASSIFICATION:
      WEIGHT: 1
    GRADIENT_OUTSIDE:
      COMPUTE: false
      LOG: false
      WEIGHT: 10000
      CRITERION: L1
      GT: clip_vit
      COMBINE_ATT_MODE: average_nonzero
    GRADIENT_INSIDE:
      COMPUTE: false
      LOG: false
      WEIGHT: 1
      CRITERION: L1
      GT: segmentation
      COMBINE_ATT_MODE: average_nonzero
    GRADCAM:
      COMPUTE: true
      LOG: false
      WEIGHT: 1.0
      CRITERION: L1
      GT: clip_vit
      MODE: match
      COMBINE_ATT_MODE: average_nonzero
  APPROACH: generic
  MODEL: resnet50
  PRETRAINED: true
  NUM_EPOCHS: 1
  OPTIMIZER: SGD
  WEIGHT_DECAY: 9.999999999999997e-06
  MOMENTUM: 0.9
  SCHEDULER: NONE
  BASE:
    LR: 0.0010000000000000002
  CLASSIFIER:
    LR: 9.999999999999991e-05
  AUX_LOSSES_ON_VAL: false
LOGGING:
  SAVE_EVERY: 0
  SAVE_BEST: true
  SAVE_LAST: false
  LOG_ATTENTION: false
  LOG_ATTENTION_STEP: 10
  SAVE_STATS_PATH: null
yaml: configs/waterbirds_100_gradcam_vit.yaml
name: gradcam_waterbird_1.0_forest2water2_21050510_trial_000
test_checkpoint: null

WATERBIRDS DIR: /home/ryreu/guided_cnn/waterbirds/waterbird_1.0_forest2water2
NUMBER OF SAMPLES WITH LABEL Landbird: 3684
NUMBER OF SAMPLES WITH LABEL Waterbird: 1111
NUMBER OF SAMPLES WITH GROUP Land_on_Land: 3684
NUMBER OF SAMPLES WITH GROUP Land_on_Water: 0
NUMBER OF SAMPLES WITH GROUP Water_on_Land: 0
NUMBER OF SAMPLES WITH GROUP Water_on_Water: 1111
WATERBIRDS DIR: /home/ryreu/guided_cnn/waterbirds/waterbird_1.0_forest2water2
NUMBER OF SAMPLES WITH LABEL Landbird: 931
NUMBER OF SAMPLES WITH LABEL Waterbird: 268
NUMBER OF SAMPLES WITH GROUP Land_on_Land: 465
NUMBER OF SAMPLES WITH GROUP Land_on_Water: 466
NUMBER OF SAMPLES WITH GROUP Water_on_Land: 134
NUMBER OF SAMPLES WITH GROUP Water_on_Water: 134
NUM TRAIN: 4795

NUM VAL:   1199

Number classifier outputs: 1
Using pretrained model: True
USING SGD OPTIMIZER
class weights: None
group weights: None
WANDB DISABLED: skipping wandb.init()
EPOCH: 0

>>> TRAINING 


  0%|          | 0/50 [00:00<?, ?it/s]
  2%|▏         | 1/50 [00:03<02:55,  3.58s/it]
  4%|▍         | 2/50 [00:03<01:17,  1.61s/it]
  6%|▌         | 3/50 [00:04<00:45,  1.03it/s]
  8%|▊         | 4/50 [00:04<00:31,  1.48it/s]
 10%|█         | 5/50 [00:04<00:23,  1.94it/s]
 12%|█▏        | 6/50 [00:04<00:17,  2.45it/s]
 14%|█▍        | 7/50 [00:04<00:14,  2.93it/s]
 16%|█▌        | 8/50 [00:05<00:12,  3.38it/s]
 18%|█▊        | 9/50 [00:05<00:10,  3.76it/s]
 20%|██        | 10/50 [00:05<00:09,  4.04it/s]
 22%|██▏       | 11/50 [00:05<00:09,  4.16it/s]
 24%|██▍       | 12/50 [00:05<00:08,  4.27it/s]
 26%|██▌       | 13/50 [00:06<00:08,  4.33it/s]
 28%|██▊       | 14/50 [00:06<00:08,  4.37it/s]
 30%|███       | 15/50 [00:06<00:07,  4.43it/s]
 32%|███▏      | 16/50 [00:06<00:07,  4.44it/s]
 34%|███▍      | 17/50 [00:07<00:07,  4.44it/s]
 36%|███▌      | 18/50 [00:07<00:07,  4.42it/s]
 38%|███▊      | 19/50 [00:07<00:06,  4.46it/s]
 40%|████      | 20/50 [00:07<00:06,  4.47it/s]
 42%|████▏     | 21/50 [00:07<00:06,  4.48it/s]
 44%|████▍     | 22/50 [00:08<00:06,  4.47it/s]
 46%|████▌     | 23/50 [00:08<00:05,  4.56it/s]
 48%|████▊     | 24/50 [00:08<00:05,  4.64it/s]
 50%|█████     | 25/50 [00:08<00:05,  4.65it/s]
 52%|█████▏    | 26/50 [00:09<00:05,  4.66it/s]
 54%|█████▍    | 27/50 [00:09<00:04,  4.69it/s]
 56%|█████▌    | 28/50 [00:09<00:04,  4.74it/s]
 58%|█████▊    | 29/50 [00:09<00:04,  4.75it/s]
 60%|██████    | 30/50 [00:09<00:04,  4.76it/s]
 62%|██████▏   | 31/50 [00:10<00:04,  4.75it/s]
 64%|██████▍   | 32/50 [00:10<00:03,  4.77it/s]
 66%|██████▌   | 33/50 [00:10<00:03,  4.76it/s]
 68%|██████▊   | 34/50 [00:10<00:03,  4.75it/s]
 70%|███████   | 35/50 [00:10<00:03,  4.77it/s]
 72%|███████▏  | 36/50 [00:11<00:02,  4.78it/s]
 74%|███████▍  | 37/50 [00:11<00:02,  4.76it/s]
 76%|███████▌  | 38/50 [00:11<00:02,  4.74it/s]
 78%|███████▊  | 39/50 [00:11<00:02,  4.75it/s]
 80%|████████  | 40/50 [00:11<00:02,  4.78it/s]
 82%|████████▏ | 41/50 [00:12<00:01,  4.75it/s]
 84%|████████▍ | 42/50 [00:12<00:01,  4.75it/s]
 86%|████████▌ | 43/50 [00:12<00:01,  4.75it/s]
 88%|████████▊ | 44/50 [00:12<00:01,  4.82it/s]
 90%|█████████ | 45/50 [00:12<00:01,  4.84it/s]
 92%|█████████▏| 46/50 [00:13<00:00,  4.84it/s]
 94%|█████████▍| 47/50 [00:13<00:00,  4.87it/s]
 96%|█████████▌| 48/50 [00:13<00:00,  4.92it/s]
 98%|█████████▊| 49/50 [00:13<00:00,  4.89it/s]
100%|██████████| 50/50 [00:13<00:00,  4.92it/s]
100%|██████████| 50/50 [00:14<00:00,  3.56it/s]
>>> VALIDATING 


  0%|          | 0/13 [00:00<?, ?it/s]
  8%|▊         | 1/13 [00:01<00:12,  1.04s/it]
 23%|██▎       | 3/13 [00:01<00:03,  3.10it/s]
 38%|███▊      | 5/13 [00:01<00:02,  3.19it/s]
 54%|█████▍    | 7/13 [00:01<00:01,  4.79it/s]
 69%|██████▉   | 9/13 [00:02<00:01,  3.98it/s]
 85%|████████▍ | 11/13 [00:02<00:00,  5.35it/s]
100%|██████████| 13/13 [00:02<00:00,  6.49it/s]
100%|██████████| 13/13 [00:02<00:00,  4.37it/s]
>>> LOGGING 

BALANCED ACCS CHECKED FOR TRAIN
BALANCED ACCS CHECKED FOR VAL
train_acc: 0.724087591240876
val_acc: 0.7231025854879066
train_cls_loss: 0.4831109949085586
val_cls_loss: 0.5058720211022292
train_total_loss: 0.6994085220400559
val_total_loss: 0.5058720211022292
balanced_train_acc: 0.6035568947774257
balanced_val_acc: 0.5732461484200907
Land_on_Land_train_acc: 0.8281758957654723
Land_on_Land_val_acc: 0.9978494623655914
Land_on_Water_train_acc: 0
Land_on_Water_val_acc: 0.6909871244635193
Water_on_Land_train_acc: 0
Water_on_Land_val_acc: 0.03731343283582089
Water_on_Water_train_acc: 0.3789378937893789
Water_on_Water_val_acc: 0.5671641791044776
train_gradcam_clip_vit_loss: 0.2162975325170473
train_acc_Landbird: 0.8281758957654723
train_acc_Waterbird: 0.3789378937893789
val_acc_Landbird: 0.8442534908700322
val_acc_Waterbird: 0.30223880597014924
TRAIN ACC:        0.724087591240876
VAL ACC:          0.7231025854879066
BALANCED VAL ACC: 0.5732461484200907
prev best list: []
Saving to trained_weights/waterbirds/gradcam_waterbird_1.0_forest2water2_21050510_trial_000/best_balanced_valacc_0.57_epoch_0.ckpt
>>> EVALUATING ON TEST SET
WATERBIRDS DIR: /home/ryreu/guided_cnn/waterbirds/waterbird_1.0_forest2water2
NUMBER OF SAMPLES WITH LABEL Landbird: 4510
NUMBER OF SAMPLES WITH LABEL Waterbird: 1284
NUMBER OF SAMPLES WITH GROUP Land_on_Land: 2255
NUMBER OF SAMPLES WITH GROUP Land_on_Water: 2255
NUMBER OF SAMPLES WITH GROUP Water_on_Land: 642
NUMBER OF SAMPLES WITH GROUP Water_on_Water: 642
NUM TEST:   5794

Loaded checkpoint trained_weights/waterbirds/gradcam_waterbird_1.0_forest2water2_21050510_trial_000/best_balanced_valacc_0.57_epoch_0.ckpt

  0%|          | 0/5794 [00:00<?, ?it/s]
  0%|          | 1/5794 [00:00<26:54,  3.59it/s]
  0%|          | 8/5794 [00:00<03:42, 25.95it/s]
  0%|          | 16/5794 [00:00<02:17, 41.95it/s]
  0%|          | 24/5794 [00:00<01:51, 51.92it/s]
  1%|          | 32/5794 [00:00<01:38, 58.47it/s]
  1%|          | 40/5794 [00:00<01:31, 62.71it/s]
  1%|          | 48/5794 [00:00<01:27, 65.74it/s]
  1%|          | 56/5794 [00:01<01:24, 67.63it/s]
  1%|          | 64/5794 [00:01<01:23, 69.00it/s]
  1%|          | 72/5794 [00:01<01:21, 69.78it/s]
  1%|▏         | 80/5794 [00:01<01:21, 70.42it/s]
  2%|▏         | 88/5794 [00:01<01:20, 70.96it/s]
  2%|▏         | 96/5794 [00:01<01:20, 71.20it/s]
  2%|▏         | 104/5794 [00:01<01:19, 71.48it/s]
  2%|▏         | 112/5794 [00:01<01:19, 71.54it/s]
  2%|▏         | 120/5794 [00:01<01:19, 71.01it/s]
  2%|▏         | 128/5794 [00:02<01:20, 70.66it/s]
  2%|▏         | 136/5794 [00:02<01:19, 70.81it/s]
  2%|▏         | 144/5794 [00:02<01:19, 70.97it/s]
  3%|▎         | 152/5794 [00:02<01:19, 71.24it/s]
  3%|▎         | 160/5794 [00:02<01:19, 71.15it/s]
  3%|▎         | 168/5794 [00:02<01:18, 71.35it/s]
  3%|▎         | 176/5794 [00:02<01:18, 71.34it/s]
  3%|▎         | 184/5794 [00:02<01:18, 71.49it/s]
  3%|▎         | 192/5794 [00:02<01:18, 71.37it/s]
  3%|▎         | 200/5794 [00:03<01:18, 71.65it/s]
  4%|▎         | 208/5794 [00:03<01:18, 71.59it/s]
  4%|▎         | 216/5794 [00:03<01:17, 71.80it/s]
  4%|▍         | 224/5794 [00:03<01:18, 71.37it/s]
  4%|▍         | 232/5794 [00:03<01:18, 70.67it/s]
  4%|▍         | 240/5794 [00:03<01:18, 70.91it/s]
  4%|▍         | 248/5794 [00:03<01:17, 71.21it/s]
  4%|▍         | 256/5794 [00:03<01:18, 71.00it/s]
  5%|▍         | 264/5794 [00:03<01:17, 71.19it/s]
  5%|▍         | 272/5794 [00:04<01:17, 71.34it/s]
  5%|▍         | 280/5794 [00:04<01:17, 71.49it/s]
  5%|▍         | 288/5794 [00:04<01:16, 71.56it/s]
  5%|▌         | 296/5794 [00:04<01:16, 71.63it/s]
  5%|▌         | 304/5794 [00:04<01:16, 71.61it/s]
  5%|▌         | 312/5794 [00:04<01:16, 71.38it/s]
  6%|▌         | 320/5794 [00:04<01:16, 71.66it/s]
  6%|▌         | 328/5794 [00:04<01:16, 71.55it/s]
  6%|▌         | 336/5794 [00:04<01:15, 71.86it/s]
  6%|▌         | 344/5794 [00:05<01:16, 71.66it/s]
  6%|▌         | 352/5794 [00:05<01:15, 71.82it/s]
  6%|▌         | 360/5794 [00:05<01:15, 71.81it/s]
  6%|▋         | 368/5794 [00:05<01:15, 71.72it/s]
  6%|▋         | 376/5794 [00:05<01:15, 71.85it/s]
  7%|▋         | 384/5794 [00:05<01:15, 71.81it/s]
  7%|▋         | 392/5794 [00:05<01:15, 71.87it/s]
  7%|▋         | 400/5794 [00:05<01:15, 71.73it/s]
  7%|▋         | 408/5794 [00:05<01:15, 71.73it/s]
  7%|▋         | 416/5794 [00:06<01:15, 71.66it/s]
  7%|▋         | 424/5794 [00:06<01:14, 71.68it/s]
  7%|▋         | 432/5794 [00:06<01:14, 71.59it/s]
  8%|▊         | 440/5794 [00:06<01:14, 71.64it/s]
  8%|▊         | 448/5794 [00:06<01:14, 71.50it/s]
  8%|▊         | 456/5794 [00:06<01:14, 71.63it/s]
  8%|▊         | 464/5794 [00:06<01:15, 70.72it/s]
  8%|▊         | 472/5794 [00:06<01:14, 71.15it/s]
  8%|▊         | 480/5794 [00:06<01:14, 71.04it/s]
  8%|▊         | 488/5794 [00:07<01:14, 71.43it/s]
  9%|▊         | 496/5794 [00:07<01:14, 71.08it/s]
  9%|▊         | 504/5794 [00:07<01:14, 71.28it/s]
  9%|▉         | 512/5794 [00:07<01:13, 71.43it/s]
  9%|▉         | 520/5794 [00:07<01:13, 71.44it/s]
  9%|▉         | 528/5794 [00:07<01:13, 71.61it/s]
  9%|▉         | 536/5794 [00:07<01:13, 71.54it/s]
  9%|▉         | 544/5794 [00:07<01:13, 71.73it/s]
 10%|▉         | 552/5794 [00:07<01:13, 71.72it/s]
 10%|▉         | 560/5794 [00:08<01:12, 71.83it/s]
 10%|▉         | 568/5794 [00:08<01:12, 71.84it/s]
 10%|▉         | 576/5794 [00:08<01:12, 71.77it/s]
 10%|█         | 584/5794 [00:08<01:12, 71.63it/s]
 10%|█         | 592/5794 [00:08<01:12, 71.84it/s]
 10%|█         | 600/5794 [00:08<01:12, 71.70it/s]
 10%|█         | 608/5794 [00:08<01:12, 71.87it/s]
 11%|█         | 616/5794 [00:08<01:12, 71.81it/s]
 11%|█         | 624/5794 [00:08<01:11, 71.90it/s]
 11%|█         | 632/5794 [00:09<01:11, 71.85it/s]
 11%|█         | 640/5794 [00:09<01:11, 71.75it/s]
 11%|█         | 648/5794 [00:09<01:11, 71.67it/s]
 11%|█▏        | 656/5794 [00:09<01:11, 71.64it/s]
 11%|█▏        | 664/5794 [00:09<01:11, 71.77it/s]
 12%|█▏        | 672/5794 [00:09<01:11, 71.43it/s]
 12%|█▏        | 680/5794 [00:09<01:11, 71.45it/s]
 12%|█▏        | 688/5794 [00:09<01:11, 71.51it/s]
 12%|█▏        | 696/5794 [00:09<01:11, 71.63it/s]
 12%|█▏        | 704/5794 [00:10<01:11, 71.38it/s]
 12%|█▏        | 712/5794 [00:10<01:11, 71.47it/s]
 12%|█▏        | 720/5794 [00:10<01:11, 71.44it/s]
 13%|█▎        | 728/5794 [00:10<01:10, 71.73it/s]
 13%|█▎        | 736/5794 [00:10<01:10, 71.53it/s]
 13%|█▎        | 744/5794 [00:10<01:10, 71.74it/s]
 13%|█▎        | 752/5794 [00:10<01:10, 71.71it/s]
 13%|█▎        | 760/5794 [00:10<01:09, 71.95it/s]
 13%|█▎        | 768/5794 [00:10<01:10, 71.75it/s]
 13%|█▎        | 776/5794 [00:11<01:10, 70.92it/s]
 14%|█▎        | 784/5794 [00:11<01:10, 71.22it/s]
 14%|█▎        | 792/5794 [00:11<01:10, 71.29it/s]
 14%|█▍        | 800/5794 [00:11<01:09, 71.43it/s]
 14%|█▍        | 808/5794 [00:11<01:09, 71.37it/s]
 14%|█▍        | 816/5794 [00:11<01:09, 71.56it/s]
 14%|█▍        | 824/5794 [00:11<01:09, 71.44it/s]
 14%|█▍        | 832/5794 [00:11<01:09, 71.70it/s]
 14%|█▍        | 840/5794 [00:12<01:09, 70.95it/s]
 15%|█▍        | 848/5794 [00:12<01:09, 71.27it/s]
 15%|█▍        | 856/5794 [00:12<01:09, 70.92it/s]
 15%|█▍        | 864/5794 [00:12<01:08, 71.46it/s]
 15%|█▌        | 872/5794 [00:12<01:08, 71.58it/s]
 15%|█▌        | 880/5794 [00:12<01:08, 71.63it/s]
 15%|█▌        | 888/5794 [00:12<01:08, 71.34it/s]
 15%|█▌        | 896/5794 [00:12<01:08, 71.49it/s]
 16%|█▌        | 904/5794 [00:12<01:08, 70.87it/s]
 16%|█▌        | 912/5794 [00:13<01:09, 70.44it/s]
 16%|█▌        | 920/5794 [00:13<01:08, 70.95it/s]
 16%|█▌        | 928/5794 [00:13<01:08, 71.13it/s]
 16%|█▌        | 936/5794 [00:13<01:08, 71.22it/s]
 16%|█▋        | 944/5794 [00:13<01:08, 71.14it/s]
 16%|█▋        | 952/5794 [00:13<01:09, 70.17it/s]
 17%|█▋        | 960/5794 [00:13<01:08, 70.46it/s]
 17%|█▋        | 968/5794 [00:13<01:08, 70.68it/s]
 17%|█▋        | 976/5794 [00:13<01:07, 70.98it/s]
 17%|█▋        | 984/5794 [00:14<01:08, 70.58it/s]
 17%|█▋        | 992/5794 [00:14<01:07, 70.99it/s]
 17%|█▋        | 1000/5794 [00:14<01:07, 71.30it/s]
 17%|█▋        | 1008/5794 [00:14<01:07, 71.42it/s]
 18%|█▊        | 1016/5794 [00:14<01:06, 71.79it/s]
 18%|█▊        | 1024/5794 [00:14<01:06, 71.78it/s]
 18%|█▊        | 1032/5794 [00:14<01:06, 72.03it/s]
 18%|█▊        | 1040/5794 [00:14<01:05, 72.07it/s]
 18%|█▊        | 1048/5794 [00:14<01:05, 72.06it/s]
 18%|█▊        | 1056/5794 [00:15<01:05, 71.99it/s]
 18%|█▊        | 1064/5794 [00:15<01:05, 71.90it/s]
 19%|█▊        | 1072/5794 [00:15<01:05, 72.04it/s]
 19%|█▊        | 1080/5794 [00:15<01:05, 71.99it/s]
 19%|█▉        | 1088/5794 [00:15<01:05, 72.05it/s]
 19%|█▉        | 1096/5794 [00:15<01:05, 72.00it/s]
 19%|█▉        | 1104/5794 [00:15<01:05, 72.07it/s]
 19%|█▉        | 1112/5794 [00:15<01:04, 72.05it/s]
 19%|█▉        | 1120/5794 [00:15<01:04, 72.14it/s]
 19%|█▉        | 1128/5794 [00:16<01:04, 71.98it/s]
 20%|█▉        | 1136/5794 [00:16<01:05, 70.95it/s]
 20%|█▉        | 1144/5794 [00:16<01:05, 71.10it/s]
 20%|█▉        | 1152/5794 [00:16<01:05, 71.13it/s]
 20%|██        | 1160/5794 [00:16<01:05, 71.20it/s]
 20%|██        | 1168/5794 [00:16<01:04, 71.56it/s]
 20%|██        | 1176/5794 [00:16<01:04, 71.74it/s]
 20%|██        | 1184/5794 [00:16<01:04, 71.80it/s]
 21%|██        | 1192/5794 [00:16<01:04, 71.59it/s]
 21%|██        | 1200/5794 [00:17<01:04, 71.65it/s]
 21%|██        | 1208/5794 [00:17<01:03, 71.88it/s]
 21%|██        | 1216/5794 [00:17<01:03, 71.92it/s]
 21%|██        | 1224/5794 [00:17<01:03, 71.74it/s]
 21%|██▏       | 1232/5794 [00:17<01:04, 70.78it/s]
 21%|██▏       | 1240/5794 [00:17<01:03, 71.29it/s]
 22%|██▏       | 1248/5794 [00:17<01:03, 71.43it/s]
 22%|██▏       | 1256/5794 [00:17<01:04, 70.87it/s]
 22%|██▏       | 1264/5794 [00:17<01:04, 70.52it/s]
 22%|██▏       | 1272/5794 [00:18<01:04, 70.53it/s]
 22%|██▏       | 1280/5794 [00:18<01:04, 70.48it/s]
 22%|██▏       | 1288/5794 [00:18<01:03, 70.78it/s]
 22%|██▏       | 1296/5794 [00:18<01:03, 70.58it/s]
 23%|██▎       | 1304/5794 [00:18<01:05, 68.77it/s]
 23%|██▎       | 1311/5794 [00:18<01:06, 67.01it/s]
 23%|██▎       | 1318/5794 [00:18<01:07, 66.05it/s]
 23%|██▎       | 1325/5794 [00:18<01:08, 65.38it/s]
 23%|██▎       | 1332/5794 [00:18<01:08, 64.70it/s]
 23%|██▎       | 1339/5794 [00:19<01:09, 64.49it/s]
 23%|██▎       | 1346/5794 [00:19<01:09, 63.99it/s]
 23%|██▎       | 1353/5794 [00:19<01:10, 63.41it/s]
 23%|██▎       | 1360/5794 [00:19<01:09, 63.49it/s]
 24%|██▎       | 1368/5794 [00:19<01:07, 65.93it/s]
 24%|██▎       | 1375/5794 [00:19<01:08, 64.83it/s]
 24%|██▍       | 1382/5794 [00:19<01:08, 64.32it/s]
 24%|██▍       | 1389/5794 [00:19<01:08, 64.06it/s]
 24%|██▍       | 1396/5794 [00:19<01:08, 63.99it/s]
 24%|██▍       | 1403/5794 [00:20<01:09, 63.62it/s]
 24%|██▍       | 1410/5794 [00:20<01:08, 63.58it/s]
 24%|██▍       | 1417/5794 [00:20<01:09, 63.36it/s]
 25%|██▍       | 1424/5794 [00:20<01:08, 63.46it/s]
 25%|██▍       | 1431/5794 [00:20<01:08, 63.37it/s]
 25%|██▍       | 1438/5794 [00:20<01:08, 63.35it/s]
 25%|██▍       | 1445/5794 [00:20<01:07, 64.18it/s]
 25%|██▌       | 1453/5794 [00:20<01:05, 66.44it/s]
 25%|██▌       | 1461/5794 [00:20<01:03, 68.12it/s]
 25%|██▌       | 1469/5794 [00:21<01:02, 69.11it/s]
 25%|██▌       | 1477/5794 [00:21<01:01, 70.01it/s]
 26%|██▌       | 1484/5794 [00:21<01:01, 69.90it/s]
 26%|██▌       | 1491/5794 [00:21<01:03, 68.10it/s]
 26%|██▌       | 1498/5794 [00:21<01:04, 66.76it/s]
 26%|██▌       | 1505/5794 [00:21<01:05, 65.70it/s]
 26%|██▌       | 1512/5794 [00:21<01:05, 65.07it/s]
 26%|██▌       | 1519/5794 [00:21<01:06, 64.51it/s]
 26%|██▋       | 1526/5794 [00:21<01:06, 64.11it/s]
 26%|██▋       | 1533/5794 [00:22<01:07, 63.03it/s]
 27%|██▋       | 1540/5794 [00:22<01:07, 63.19it/s]
 27%|██▋       | 1547/5794 [00:22<01:06, 63.41it/s]
 27%|██▋       | 1554/5794 [00:22<01:06, 63.52it/s]
 27%|██▋       | 1561/5794 [00:22<01:06, 63.79it/s]
 27%|██▋       | 1568/5794 [00:22<01:06, 63.72it/s]
 27%|██▋       | 1575/5794 [00:22<01:05, 63.96it/s]
 27%|██▋       | 1582/5794 [00:22<01:05, 63.82it/s]
 27%|██▋       | 1589/5794 [00:22<01:06, 63.53it/s]
 28%|██▊       | 1596/5794 [00:23<01:05, 63.65it/s]
 28%|██▊       | 1603/5794 [00:23<01:05, 63.65it/s]
 28%|██▊       | 1610/5794 [00:23<01:05, 63.92it/s]
 28%|██▊       | 1617/5794 [00:23<01:05, 63.81it/s]
 28%|██▊       | 1624/5794 [00:23<01:05, 63.78it/s]
 28%|██▊       | 1631/5794 [00:23<01:05, 63.49it/s]
 28%|██▊       | 1638/5794 [00:23<01:05, 63.56it/s]
 28%|██▊       | 1645/5794 [00:23<01:04, 63.91it/s]
 29%|██▊       | 1652/5794 [00:23<01:04, 63.95it/s]
 29%|██▊       | 1659/5794 [00:24<01:04, 63.72it/s]
 29%|██▉       | 1666/5794 [00:24<01:04, 63.62it/s]
 29%|██▉       | 1673/5794 [00:24<01:04, 63.43it/s]
 29%|██▉       | 1680/5794 [00:24<01:04, 63.44it/s]
 29%|██▉       | 1687/5794 [00:24<01:04, 63.33it/s]
 29%|██▉       | 1694/5794 [00:24<01:04, 63.44it/s]
 29%|██▉       | 1701/5794 [00:24<01:04, 63.57it/s]
 29%|██▉       | 1708/5794 [00:24<01:04, 63.56it/s]
 30%|██▉       | 1715/5794 [00:24<01:04, 63.62it/s]
 30%|██▉       | 1722/5794 [00:25<01:04, 63.48it/s]
 30%|██▉       | 1729/5794 [00:25<01:02, 65.22it/s]
 30%|██▉       | 1737/5794 [00:25<01:00, 67.58it/s]
 30%|███       | 1745/5794 [00:25<00:58, 69.22it/s]
 30%|███       | 1753/5794 [00:25<00:57, 70.39it/s]
 30%|███       | 1761/5794 [00:25<00:57, 70.20it/s]
 31%|███       | 1769/5794 [00:25<00:59, 68.10it/s]
 31%|███       | 1776/5794 [00:25<01:00, 66.88it/s]
 31%|███       | 1783/5794 [00:25<01:00, 65.82it/s]
 31%|███       | 1790/5794 [00:26<01:01, 65.22it/s]
 31%|███       | 1797/5794 [00:26<01:01, 65.01it/s]
 31%|███       | 1805/5794 [00:26<00:59, 67.57it/s]
 31%|███▏      | 1813/5794 [00:26<00:57, 69.22it/s]
 31%|███▏      | 1821/5794 [00:26<00:56, 70.57it/s]
 32%|███▏      | 1829/5794 [00:26<00:55, 71.24it/s]
 32%|███▏      | 1837/5794 [00:26<00:54, 71.96it/s]
 32%|███▏      | 1845/5794 [00:26<00:54, 72.20it/s]
 32%|███▏      | 1853/5794 [00:26<00:54, 72.69it/s]
 32%|███▏      | 1861/5794 [00:27<00:54, 71.81it/s]
 32%|███▏      | 1869/5794 [00:27<00:56, 69.28it/s]
 32%|███▏      | 1876/5794 [00:27<00:57, 67.64it/s]
 32%|███▏      | 1883/5794 [00:27<00:58, 66.63it/s]
 33%|███▎      | 1890/5794 [00:27<00:59, 65.85it/s]
 33%|███▎      | 1897/5794 [00:27<00:59, 65.30it/s]
 33%|███▎      | 1904/5794 [00:27<00:59, 65.00it/s]
 33%|███▎      | 1911/5794 [00:27<01:00, 64.66it/s]
 33%|███▎      | 1918/5794 [00:27<01:00, 64.50it/s]
 33%|███▎      | 1925/5794 [00:28<01:00, 64.16it/s]
 33%|███▎      | 1932/5794 [00:28<01:00, 64.15it/s]
 33%|███▎      | 1939/5794 [00:28<01:00, 64.07it/s]
 34%|███▎      | 1946/5794 [00:28<01:00, 63.72it/s]
 34%|███▎      | 1953/5794 [00:28<01:00, 63.86it/s]
 34%|███▍      | 1960/5794 [00:28<01:00, 63.81it/s]
 34%|███▍      | 1967/5794 [00:28<00:59, 63.92it/s]
 34%|███▍      | 1974/5794 [00:28<00:59, 64.05it/s]
 34%|███▍      | 1981/5794 [00:28<00:59, 63.91it/s]
 34%|███▍      | 1988/5794 [00:29<00:59, 63.87it/s]
 34%|███▍      | 1995/5794 [00:29<00:59, 63.83it/s]
 35%|███▍      | 2002/5794 [00:29<00:59, 63.62it/s]
 35%|███▍      | 2009/5794 [00:29<00:59, 63.75it/s]
 35%|███▍      | 2016/5794 [00:29<00:59, 63.64it/s]
 35%|███▍      | 2024/5794 [00:29<00:57, 66.01it/s]
 35%|███▌      | 2031/5794 [00:29<00:57, 65.67it/s]
 35%|███▌      | 2038/5794 [00:29<00:57, 64.82it/s]
 35%|███▌      | 2045/5794 [00:29<00:58, 64.52it/s]
 35%|███▌      | 2052/5794 [00:29<00:58, 64.23it/s]
 36%|███▌      | 2059/5794 [00:30<00:58, 64.13it/s]
 36%|███▌      | 2066/5794 [00:30<00:58, 63.93it/s]
 36%|███▌      | 2073/5794 [00:30<00:58, 64.10it/s]
 36%|███▌      | 2080/5794 [00:30<00:58, 63.81it/s]
 36%|███▌      | 2087/5794 [00:30<00:57, 63.97it/s]
 36%|███▌      | 2094/5794 [00:30<00:57, 63.92it/s]
 36%|███▋      | 2101/5794 [00:30<00:57, 64.02it/s]
 36%|███▋      | 2108/5794 [00:30<00:57, 64.07it/s]
 37%|███▋      | 2115/5794 [00:30<00:57, 63.97it/s]
 37%|███▋      | 2122/5794 [00:31<00:57, 64.03it/s]
 37%|███▋      | 2129/5794 [00:31<00:57, 63.88it/s]
 37%|███▋      | 2136/5794 [00:31<00:57, 63.95it/s]
 37%|███▋      | 2143/5794 [00:31<00:57, 63.93it/s]
 37%|███▋      | 2150/5794 [00:31<00:55, 65.45it/s]
 37%|███▋      | 2158/5794 [00:31<00:53, 67.49it/s]
 37%|███▋      | 2166/5794 [00:31<00:52, 68.70it/s]
 38%|███▊      | 2174/5794 [00:31<00:51, 69.82it/s]
 38%|███▊      | 2181/5794 [00:31<00:51, 69.66it/s]
 38%|███▊      | 2189/5794 [00:32<00:51, 70.32it/s]
 38%|███▊      | 2197/5794 [00:32<00:50, 70.96it/s]
 38%|███▊      | 2205/5794 [00:32<00:50, 70.92it/s]
 38%|███▊      | 2213/5794 [00:32<00:50, 70.84it/s]
 38%|███▊      | 2221/5794 [00:32<00:50, 70.37it/s]
 38%|███▊      | 2229/5794 [00:32<00:50, 71.02it/s]
 39%|███▊      | 2237/5794 [00:32<00:51, 69.62it/s]
 39%|███▊      | 2244/5794 [00:32<00:52, 67.76it/s]
 39%|███▉      | 2251/5794 [00:32<00:53, 66.13it/s]
 39%|███▉      | 2258/5794 [00:33<00:54, 65.39it/s]
 39%|███▉      | 2265/5794 [00:33<00:54, 64.54it/s]
 39%|███▉      | 2272/5794 [00:33<00:54, 64.17it/s]
 39%|███▉      | 2279/5794 [00:33<00:55, 63.66it/s]
 39%|███▉      | 2286/5794 [00:33<00:55, 63.55it/s]
 40%|███▉      | 2293/5794 [00:33<00:55, 63.39it/s]
 40%|███▉      | 2300/5794 [00:33<00:55, 63.27it/s]
 40%|███▉      | 2307/5794 [00:33<00:55, 63.22it/s]
 40%|███▉      | 2314/5794 [00:33<00:55, 63.17it/s]
 40%|████      | 2321/5794 [00:34<00:55, 63.12it/s]
 40%|████      | 2328/5794 [00:34<00:54, 63.13it/s]
 40%|████      | 2335/5794 [00:34<00:54, 62.94it/s]
 40%|████      | 2342/5794 [00:34<00:54, 62.96it/s]
 41%|████      | 2349/5794 [00:34<00:54, 62.95it/s]
 41%|████      | 2356/5794 [00:34<00:54, 62.94it/s]
 41%|████      | 2363/5794 [00:34<00:54, 62.97it/s]
 41%|████      | 2370/5794 [00:34<00:54, 62.92it/s]
 41%|████      | 2377/5794 [00:34<00:54, 63.00it/s]
 41%|████      | 2384/5794 [00:35<00:54, 62.86it/s]
 41%|████▏     | 2391/5794 [00:35<00:54, 62.99it/s]
 41%|████▏     | 2398/5794 [00:35<00:53, 62.99it/s]
 42%|████▏     | 2405/5794 [00:35<00:53, 62.87it/s]
 42%|████▏     | 2412/5794 [00:35<00:53, 62.95it/s]
 42%|████▏     | 2419/5794 [00:35<00:53, 62.85it/s]
 42%|████▏     | 2426/5794 [00:35<00:53, 62.93it/s]
 42%|████▏     | 2433/5794 [00:35<00:53, 63.00it/s]
 42%|████▏     | 2440/5794 [00:35<00:53, 62.66it/s]
 42%|████▏     | 2447/5794 [00:36<00:52, 63.30it/s]
 42%|████▏     | 2454/5794 [00:36<00:53, 62.81it/s]
 42%|████▏     | 2461/5794 [00:36<00:52, 62.97it/s]
 43%|████▎     | 2468/5794 [00:36<00:53, 62.74it/s]
 43%|████▎     | 2475/5794 [00:36<00:52, 62.74it/s]
 43%|████▎     | 2482/5794 [00:36<00:52, 62.91it/s]
 43%|████▎     | 2489/5794 [00:36<00:52, 62.77it/s]
 43%|████▎     | 2496/5794 [00:36<00:53, 62.21it/s]
 43%|████▎     | 2503/5794 [00:36<00:52, 62.39it/s]
 43%|████▎     | 2510/5794 [00:37<00:52, 62.54it/s]
 43%|████▎     | 2517/5794 [00:37<00:52, 62.82it/s]
 44%|████▎     | 2525/5794 [00:37<00:49, 65.51it/s]
 44%|████▎     | 2533/5794 [00:37<00:48, 67.89it/s]
 44%|████▍     | 2541/5794 [00:37<00:46, 69.24it/s]
 44%|████▍     | 2549/5794 [00:37<00:45, 70.58it/s]
 44%|████▍     | 2557/5794 [00:37<00:45, 71.28it/s]
 44%|████▍     | 2565/5794 [00:37<00:44, 71.97it/s]
 44%|████▍     | 2573/5794 [00:37<00:44, 72.21it/s]
 45%|████▍     | 2581/5794 [00:38<00:44, 72.45it/s]
 45%|████▍     | 2589/5794 [00:38<00:44, 72.42it/s]
 45%|████▍     | 2597/5794 [00:38<00:44, 72.61it/s]
 45%|████▍     | 2605/5794 [00:38<00:43, 72.48it/s]
 45%|████▌     | 2613/5794 [00:38<00:43, 72.80it/s]
 45%|████▌     | 2621/5794 [00:38<00:43, 72.91it/s]
 45%|████▌     | 2629/5794 [00:38<00:43, 72.89it/s]
 46%|████▌     | 2637/5794 [00:38<00:43, 73.01it/s]
 46%|████▌     | 2645/5794 [00:38<00:43, 72.93it/s]
 46%|████▌     | 2653/5794 [00:39<00:43, 72.97it/s]
 46%|████▌     | 2661/5794 [00:39<00:42, 72.87it/s]
 46%|████▌     | 2669/5794 [00:39<00:42, 72.98it/s]
 46%|████▌     | 2677/5794 [00:39<00:42, 72.96it/s]
 46%|████▋     | 2685/5794 [00:39<00:42, 73.07it/s]
 46%|████▋     | 2693/5794 [00:39<00:42, 72.80it/s]
 47%|████▋     | 2701/5794 [00:39<00:42, 73.00it/s]
 47%|████▋     | 2709/5794 [00:39<00:42, 72.51it/s]
 47%|████▋     | 2717/5794 [00:39<00:42, 72.21it/s]
 47%|████▋     | 2725/5794 [00:40<00:44, 69.22it/s]
 47%|████▋     | 2732/5794 [00:40<00:45, 67.86it/s]
 47%|████▋     | 2739/5794 [00:40<00:45, 66.72it/s]
 47%|████▋     | 2746/5794 [00:40<00:46, 65.49it/s]
 48%|████▊     | 2753/5794 [00:40<00:46, 65.10it/s]
 48%|████▊     | 2760/5794 [00:40<00:46, 64.63it/s]
 48%|████▊     | 2767/5794 [00:40<00:45, 65.82it/s]
 48%|████▊     | 2775/5794 [00:40<00:44, 67.75it/s]
 48%|████▊     | 2783/5794 [00:40<00:43, 69.41it/s]
 48%|████▊     | 2791/5794 [00:41<00:42, 70.15it/s]
 48%|████▊     | 2799/5794 [00:41<00:44, 68.01it/s]
 48%|████▊     | 2806/5794 [00:41<00:44, 66.72it/s]
 49%|████▊     | 2813/5794 [00:41<00:45, 65.73it/s]
 49%|████▊     | 2820/5794 [00:41<00:45, 65.26it/s]
 49%|████▉     | 2827/5794 [00:41<00:45, 64.71it/s]
 49%|████▉     | 2834/5794 [00:41<00:46, 64.33it/s]
 49%|████▉     | 2841/5794 [00:41<00:45, 64.23it/s]
 49%|████▉     | 2848/5794 [00:41<00:46, 63.75it/s]
 49%|████▉     | 2855/5794 [00:42<00:46, 63.33it/s]
 49%|████▉     | 2862/5794 [00:42<00:46, 63.32it/s]
 50%|████▉     | 2869/5794 [00:42<00:45, 64.15it/s]
 50%|████▉     | 2877/5794 [00:42<00:43, 66.72it/s]
 50%|████▉     | 2885/5794 [00:42<00:42, 68.74it/s]
 50%|████▉     | 2893/5794 [00:42<00:41, 70.08it/s]
 50%|█████     | 2901/5794 [00:42<00:40, 70.98it/s]
 50%|█████     | 2909/5794 [00:42<00:40, 71.68it/s]
 50%|█████     | 2917/5794 [00:42<00:39, 72.13it/s]
 50%|█████     | 2925/5794 [00:43<00:39, 72.45it/s]
 51%|█████     | 2933/5794 [00:43<00:39, 72.55it/s]
 51%|█████     | 2941/5794 [00:43<00:39, 72.98it/s]
 51%|█████     | 2949/5794 [00:43<00:39, 72.84it/s]
 51%|█████     | 2957/5794 [00:43<00:38, 73.17it/s]
 51%|█████     | 2965/5794 [00:43<00:38, 73.16it/s]
 51%|█████▏    | 2973/5794 [00:43<00:38, 73.37it/s]
 51%|█████▏    | 2981/5794 [00:43<00:38, 73.35it/s]
 52%|█████▏    | 2989/5794 [00:43<00:38, 72.73it/s]
 52%|█████▏    | 2997/5794 [00:44<00:38, 72.88it/s]
 52%|█████▏    | 3005/5794 [00:44<00:38, 73.11it/s]
 52%|█████▏    | 3013/5794 [00:44<00:38, 72.60it/s]
 52%|█████▏    | 3021/5794 [00:44<00:38, 72.84it/s]
 52%|█████▏    | 3029/5794 [00:44<00:37, 72.97it/s]
 52%|█████▏    | 3037/5794 [00:44<00:38, 71.21it/s]
 53%|█████▎    | 3045/5794 [00:44<00:39, 68.80it/s]
 53%|█████▎    | 3052/5794 [00:44<00:40, 67.24it/s]
 53%|█████▎    | 3059/5794 [00:44<00:41, 66.14it/s]
 53%|█████▎    | 3066/5794 [00:45<00:41, 65.25it/s]
 53%|█████▎    | 3073/5794 [00:45<00:42, 64.56it/s]
 53%|█████▎    | 3080/5794 [00:45<00:42, 63.80it/s]
 53%|█████▎    | 3087/5794 [00:45<00:42, 63.50it/s]
 53%|█████▎    | 3094/5794 [00:45<00:41, 65.06it/s]
 54%|█████▎    | 3102/5794 [00:45<00:40, 66.80it/s]
 54%|█████▎    | 3110/5794 [00:45<00:39, 68.27it/s]
 54%|█████▍    | 3118/5794 [00:45<00:38, 69.07it/s]
 54%|█████▍    | 3126/5794 [00:45<00:38, 69.80it/s]
 54%|█████▍    | 3134/5794 [00:46<00:37, 70.26it/s]
 54%|█████▍    | 3142/5794 [00:46<00:37, 70.49it/s]
 54%|█████▍    | 3150/5794 [00:46<00:37, 70.66it/s]
 55%|█████▍    | 3158/5794 [00:46<00:37, 70.85it/s]
 55%|█████▍    | 3166/5794 [00:46<00:37, 70.97it/s]
 55%|█████▍    | 3174/5794 [00:46<00:36, 71.15it/s]
 55%|█████▍    | 3182/5794 [00:46<00:36, 71.26it/s]
 55%|█████▌    | 3190/5794 [00:46<00:36, 71.36it/s]
 55%|█████▌    | 3198/5794 [00:46<00:36, 71.58it/s]
 55%|█████▌    | 3206/5794 [00:47<00:36, 71.58it/s]
 55%|█████▌    | 3214/5794 [00:47<00:35, 71.76it/s]
 56%|█████▌    | 3222/5794 [00:47<00:35, 71.81it/s]
 56%|█████▌    | 3230/5794 [00:47<00:35, 71.85it/s]
 56%|█████▌    | 3238/5794 [00:47<00:35, 71.81it/s]
 56%|█████▌    | 3246/5794 [00:47<00:35, 71.79it/s]
 56%|█████▌    | 3254/5794 [00:47<00:35, 71.65it/s]
 56%|█████▋    | 3262/5794 [00:47<00:35, 71.78it/s]
 56%|█████▋    | 3270/5794 [00:47<00:35, 71.63it/s]
 57%|█████▋    | 3278/5794 [00:48<00:35, 71.72it/s]
 57%|█████▋    | 3286/5794 [00:48<00:35, 70.18it/s]
 57%|█████▋    | 3294/5794 [00:48<00:36, 68.10it/s]
 57%|█████▋    | 3301/5794 [00:48<00:37, 66.71it/s]
 57%|█████▋    | 3308/5794 [00:48<00:37, 65.66it/s]
 57%|█████▋    | 3315/5794 [00:48<00:38, 64.94it/s]
 57%|█████▋    | 3322/5794 [00:48<00:38, 64.43it/s]
 57%|█████▋    | 3329/5794 [00:48<00:38, 63.92it/s]
 58%|█████▊    | 3336/5794 [00:48<00:38, 63.61it/s]
 58%|█████▊    | 3343/5794 [00:49<00:38, 63.66it/s]
 58%|█████▊    | 3350/5794 [00:49<00:38, 63.58it/s]
 58%|█████▊    | 3357/5794 [00:49<00:38, 63.45it/s]
 58%|█████▊    | 3364/5794 [00:49<00:38, 63.51it/s]
 58%|█████▊    | 3371/5794 [00:49<00:38, 62.95it/s]
 58%|█████▊    | 3378/5794 [00:49<00:38, 63.17it/s]
 58%|█████▊    | 3385/5794 [00:49<00:38, 63.20it/s]
 59%|█████▊    | 3392/5794 [00:49<00:38, 62.81it/s]
 59%|█████▊    | 3399/5794 [00:49<00:38, 62.85it/s]
 59%|█████▉    | 3406/5794 [00:50<00:37, 62.87it/s]
 59%|█████▉    | 3413/5794 [00:50<00:37, 63.04it/s]
 59%|█████▉    | 3420/5794 [00:50<00:37, 63.10it/s]
 59%|█████▉    | 3427/5794 [00:50<00:37, 63.00it/s]
 59%|█████▉    | 3434/5794 [00:50<00:37, 63.18it/s]
 59%|█████▉    | 3441/5794 [00:50<00:37, 63.14it/s]
 60%|█████▉    | 3448/5794 [00:50<00:37, 63.06it/s]
 60%|█████▉    | 3455/5794 [00:50<00:37, 63.08it/s]
 60%|█████▉    | 3462/5794 [00:50<00:36, 63.26it/s]
 60%|█████▉    | 3469/5794 [00:51<00:36, 63.30it/s]
 60%|█████▉    | 3476/5794 [00:51<00:36, 63.11it/s]
 60%|██████    | 3483/5794 [00:51<00:36, 63.52it/s]
 60%|██████    | 3490/5794 [00:51<00:35, 64.62it/s]
 60%|██████    | 3497/5794 [00:51<00:35, 64.33it/s]
 60%|██████    | 3504/5794 [00:51<00:35, 64.06it/s]
 61%|██████    | 3511/5794 [00:51<00:35, 63.80it/s]
 61%|██████    | 3518/5794 [00:51<00:35, 63.73it/s]
 61%|██████    | 3525/5794 [00:51<00:35, 63.23it/s]
 61%|██████    | 3532/5794 [00:52<00:35, 63.06it/s]
 61%|██████    | 3539/5794 [00:52<00:35, 63.01it/s]
 61%|██████    | 3546/5794 [00:52<00:35, 63.03it/s]
 61%|██████▏   | 3553/5794 [00:52<00:35, 63.10it/s]
 61%|██████▏   | 3560/5794 [00:52<00:35, 63.06it/s]
 62%|██████▏   | 3567/5794 [00:52<00:34, 63.87it/s]
 62%|██████▏   | 3574/5794 [00:52<00:33, 65.40it/s]
 62%|██████▏   | 3582/5794 [00:52<00:32, 67.51it/s]
 62%|██████▏   | 3590/5794 [00:52<00:31, 68.91it/s]
 62%|██████▏   | 3598/5794 [00:53<00:31, 69.81it/s]
 62%|██████▏   | 3606/5794 [00:53<00:31, 70.52it/s]
 62%|██████▏   | 3614/5794 [00:53<00:30, 70.87it/s]
 63%|██████▎   | 3622/5794 [00:53<00:30, 71.18it/s]
 63%|██████▎   | 3630/5794 [00:53<00:30, 71.29it/s]
 63%|██████▎   | 3638/5794 [00:53<00:30, 71.37it/s]
 63%|██████▎   | 3646/5794 [00:53<00:30, 71.12it/s]
 63%|██████▎   | 3654/5794 [00:53<00:29, 71.35it/s]
 63%|██████▎   | 3662/5794 [00:53<00:29, 71.58it/s]
 63%|██████▎   | 3670/5794 [00:54<00:29, 71.35it/s]
 63%|██████▎   | 3678/5794 [00:54<00:29, 71.46it/s]
 64%|██████▎   | 3686/5794 [00:54<00:29, 71.03it/s]
 64%|██████▍   | 3694/5794 [00:54<00:29, 71.23it/s]
 64%|██████▍   | 3702/5794 [00:54<00:29, 71.48it/s]
 64%|██████▍   | 3710/5794 [00:54<00:29, 71.25it/s]
 64%|██████▍   | 3718/5794 [00:54<00:29, 71.51it/s]
 64%|██████▍   | 3726/5794 [00:54<00:28, 71.67it/s]
 64%|██████▍   | 3734/5794 [00:54<00:28, 71.74it/s]
 65%|██████▍   | 3742/5794 [00:55<00:28, 71.92it/s]
 65%|██████▍   | 3750/5794 [00:55<00:28, 71.86it/s]
 65%|██████▍   | 3758/5794 [00:55<00:28, 71.93it/s]
 65%|██████▍   | 3766/5794 [00:55<00:28, 71.92it/s]
 65%|██████▌   | 3774/5794 [00:55<00:28, 71.98it/s]
 65%|██████▌   | 3782/5794 [00:55<00:28, 70.03it/s]
 65%|██████▌   | 3790/5794 [00:55<00:29, 67.95it/s]
 66%|██████▌   | 3797/5794 [00:55<00:30, 66.45it/s]
 66%|██████▌   | 3804/5794 [00:55<00:30, 65.32it/s]
 66%|██████▌   | 3811/5794 [00:56<00:30, 64.03it/s]
 66%|██████▌   | 3818/5794 [00:56<00:31, 63.55it/s]
 66%|██████▌   | 3825/5794 [00:56<00:30, 63.61it/s]
 66%|██████▌   | 3832/5794 [00:56<00:30, 63.48it/s]
 66%|██████▋   | 3839/5794 [00:56<00:30, 63.40it/s]
 66%|██████▋   | 3846/5794 [00:56<00:30, 63.22it/s]
 66%|██████▋   | 3853/5794 [00:56<00:30, 63.44it/s]
 67%|██████▋   | 3860/5794 [00:56<00:30, 63.33it/s]
 67%|██████▋   | 3867/5794 [00:56<00:30, 63.27it/s]
 67%|██████▋   | 3874/5794 [00:57<00:30, 63.34it/s]
 67%|██████▋   | 3881/5794 [00:57<00:30, 63.39it/s]
 67%|██████▋   | 3889/5794 [00:57<00:28, 66.19it/s]
 67%|██████▋   | 3897/5794 [00:57<00:27, 68.17it/s]
 67%|██████▋   | 3905/5794 [00:57<00:27, 69.37it/s]
 68%|██████▊   | 3913/5794 [00:57<00:26, 70.27it/s]
 68%|██████▊   | 3921/5794 [00:57<00:26, 70.79it/s]
 68%|██████▊   | 3929/5794 [00:57<00:26, 71.04it/s]
 68%|██████▊   | 3937/5794 [00:57<00:26, 71.19it/s]
 68%|██████▊   | 3945/5794 [00:58<00:25, 71.40it/s]
 68%|██████▊   | 3953/5794 [00:58<00:25, 71.44it/s]
 68%|██████▊   | 3961/5794 [00:58<00:25, 71.57it/s]
 69%|██████▊   | 3969/5794 [00:58<00:25, 71.48it/s]
 69%|██████▊   | 3977/5794 [00:58<00:25, 71.69it/s]
 69%|██████▉   | 3985/5794 [00:58<00:25, 71.66it/s]
 69%|██████▉   | 3993/5794 [00:58<00:25, 71.78it/s]
 69%|██████▉   | 4001/5794 [00:58<00:25, 71.68it/s]
 69%|██████▉   | 4009/5794 [00:58<00:24, 71.76it/s]
 69%|██████▉   | 4017/5794 [00:59<00:24, 71.66it/s]
 69%|██████▉   | 4025/5794 [00:59<00:24, 71.81it/s]
 70%|██████▉   | 4033/5794 [00:59<00:24, 71.77it/s]
 70%|██████▉   | 4041/5794 [00:59<00:24, 71.69it/s]
 70%|██████▉   | 4049/5794 [00:59<00:24, 71.82it/s]
 70%|███████   | 4057/5794 [00:59<00:24, 71.34it/s]
 70%|███████   | 4065/5794 [00:59<00:24, 71.50it/s]
 70%|███████   | 4073/5794 [00:59<00:24, 71.57it/s]
 70%|███████   | 4081/5794 [00:59<00:23, 71.76it/s]
 71%|███████   | 4089/5794 [01:00<00:23, 71.73it/s]
 71%|███████   | 4097/5794 [01:00<00:23, 71.42it/s]
 71%|███████   | 4105/5794 [01:00<00:23, 71.41it/s]
 71%|███████   | 4113/5794 [01:00<00:23, 71.66it/s]
 71%|███████   | 4121/5794 [01:00<00:23, 71.62it/s]
 71%|███████▏  | 4129/5794 [01:00<00:23, 71.66it/s]
 71%|███████▏  | 4137/5794 [01:00<00:23, 71.74it/s]
 72%|███████▏  | 4145/5794 [01:00<00:22, 72.04it/s]
 72%|███████▏  | 4153/5794 [01:00<00:22, 72.06it/s]
 72%|███████▏  | 4161/5794 [01:01<00:22, 72.10it/s]
 72%|███████▏  | 4169/5794 [01:01<00:22, 72.00it/s]
 72%|███████▏  | 4177/5794 [01:01<00:22, 72.14it/s]
 72%|███████▏  | 4185/5794 [01:01<00:22, 72.26it/s]
 72%|███████▏  | 4193/5794 [01:01<00:22, 72.04it/s]
 73%|███████▎  | 4201/5794 [01:01<00:22, 72.10it/s]
 73%|███████▎  | 4209/5794 [01:01<00:21, 72.14it/s]
 73%|███████▎  | 4217/5794 [01:01<00:21, 72.03it/s]
 73%|███████▎  | 4225/5794 [01:01<00:21, 71.78it/s]
 73%|███████▎  | 4233/5794 [01:02<00:21, 71.97it/s]
 73%|███████▎  | 4241/5794 [01:02<00:21, 71.90it/s]
 73%|███████▎  | 4249/5794 [01:02<00:21, 72.06it/s]
 73%|███████▎  | 4257/5794 [01:02<00:21, 72.03it/s]
 74%|███████▎  | 4265/5794 [01:02<00:21, 72.18it/s]
 74%|███████▎  | 4273/5794 [01:02<00:21, 72.08it/s]
 74%|███████▍  | 4281/5794 [01:02<00:20, 72.16it/s]
 74%|███████▍  | 4289/5794 [01:02<00:20, 72.04it/s]
 74%|███████▍  | 4297/5794 [01:02<00:20, 72.24it/s]
 74%|███████▍  | 4305/5794 [01:03<00:20, 72.12it/s]
 74%|███████▍  | 4313/5794 [01:03<00:20, 72.31it/s]
 75%|███████▍  | 4321/5794 [01:03<00:20, 72.32it/s]
 75%|███████▍  | 4329/5794 [01:03<00:20, 72.22it/s]
 75%|███████▍  | 4337/5794 [01:03<00:20, 72.24it/s]
 75%|███████▍  | 4345/5794 [01:03<00:20, 72.19it/s]
 75%|███████▌  | 4353/5794 [01:03<00:19, 72.33it/s]
 75%|███████▌  | 4361/5794 [01:03<00:20, 71.32it/s]
 75%|███████▌  | 4369/5794 [01:03<00:19, 71.43it/s]
 76%|███████▌  | 4377/5794 [01:04<00:19, 71.52it/s]
 76%|███████▌  | 4385/5794 [01:04<00:19, 71.71it/s]
 76%|███████▌  | 4393/5794 [01:04<00:19, 71.61it/s]
 76%|███████▌  | 4401/5794 [01:04<00:19, 71.75it/s]
 76%|███████▌  | 4409/5794 [01:04<00:19, 70.95it/s]
 76%|███████▌  | 4417/5794 [01:04<00:19, 71.33it/s]
 76%|███████▋  | 4425/5794 [01:04<00:19, 71.35it/s]
 77%|███████▋  | 4433/5794 [01:04<00:19, 71.57it/s]
 77%|███████▋  | 4441/5794 [01:04<00:18, 71.46it/s]
 77%|███████▋  | 4449/5794 [01:05<00:18, 71.65it/s]
 77%|███████▋  | 4457/5794 [01:05<00:18, 71.68it/s]
 77%|███████▋  | 4465/5794 [01:05<00:18, 71.71it/s]
 77%|███████▋  | 4473/5794 [01:05<00:18, 71.76it/s]
 77%|███████▋  | 4481/5794 [01:05<00:18, 71.65it/s]
 77%|███████▋  | 4489/5794 [01:05<00:18, 71.70it/s]
 78%|███████▊  | 4497/5794 [01:05<00:18, 71.70it/s]
 78%|███████▊  | 4505/5794 [01:05<00:17, 71.82it/s]
 78%|███████▊  | 4513/5794 [01:05<00:17, 71.83it/s]
 78%|███████▊  | 4521/5794 [01:06<00:17, 71.89it/s]
 78%|███████▊  | 4529/5794 [01:06<00:17, 71.77it/s]
 78%|███████▊  | 4537/5794 [01:06<00:17, 71.94it/s]
 78%|███████▊  | 4545/5794 [01:06<00:17, 71.83it/s]
 79%|███████▊  | 4553/5794 [01:06<00:17, 72.06it/s]
 79%|███████▊  | 4561/5794 [01:06<00:17, 72.02it/s]
 79%|███████▉  | 4569/5794 [01:06<00:16, 72.29it/s]
 79%|███████▉  | 4577/5794 [01:06<00:16, 71.77it/s]
 79%|███████▉  | 4585/5794 [01:06<00:16, 72.11it/s]
 79%|███████▉  | 4593/5794 [01:07<00:16, 72.33it/s]
 79%|███████▉  | 4601/5794 [01:07<00:16, 72.31it/s]
 80%|███████▉  | 4609/5794 [01:07<00:16, 72.39it/s]
 80%|███████▉  | 4617/5794 [01:07<00:16, 72.39it/s]
 80%|███████▉  | 4625/5794 [01:07<00:16, 72.11it/s]
 80%|███████▉  | 4633/5794 [01:07<00:16, 69.20it/s]
 80%|████████  | 4640/5794 [01:07<00:17, 67.27it/s]
 80%|████████  | 4647/5794 [01:07<00:17, 66.01it/s]
 80%|████████  | 4654/5794 [01:08<00:17, 65.16it/s]
 80%|████████  | 4661/5794 [01:08<00:17, 65.74it/s]
 81%|████████  | 4668/5794 [01:08<00:16, 66.33it/s]
 81%|████████  | 4675/5794 [01:08<00:17, 65.23it/s]
 81%|████████  | 4682/5794 [01:08<00:17, 64.46it/s]
 81%|████████  | 4689/5794 [01:08<00:17, 64.22it/s]
 81%|████████  | 4696/5794 [01:08<00:17, 63.84it/s]
 81%|████████  | 4703/5794 [01:08<00:17, 63.87it/s]
 81%|████████▏ | 4710/5794 [01:08<00:16, 63.80it/s]
 81%|████████▏ | 4717/5794 [01:08<00:16, 63.62it/s]
 82%|████████▏ | 4724/5794 [01:09<00:16, 63.64it/s]
 82%|████████▏ | 4731/5794 [01:09<00:16, 63.41it/s]
 82%|████████▏ | 4738/5794 [01:09<00:16, 63.43it/s]
 82%|████████▏ | 4745/5794 [01:09<00:16, 63.44it/s]
 82%|████████▏ | 4752/5794 [01:09<00:16, 63.07it/s]
 82%|████████▏ | 4759/5794 [01:09<00:16, 63.14it/s]
 82%|████████▏ | 4766/5794 [01:09<00:16, 62.35it/s]
 82%|████████▏ | 4773/5794 [01:09<00:16, 62.70it/s]
 82%|████████▏ | 4780/5794 [01:09<00:16, 62.90it/s]
 83%|████████▎ | 4787/5794 [01:10<00:15, 64.13it/s]
 83%|████████▎ | 4795/5794 [01:10<00:15, 66.19it/s]
 83%|████████▎ | 4803/5794 [01:10<00:14, 67.14it/s]
 83%|████████▎ | 4811/5794 [01:10<00:14, 68.28it/s]
 83%|████████▎ | 4819/5794 [01:10<00:14, 68.91it/s]
 83%|████████▎ | 4826/5794 [01:10<00:13, 69.21it/s]
 83%|████████▎ | 4833/5794 [01:10<00:14, 67.73it/s]
 84%|████████▎ | 4840/5794 [01:10<00:14, 66.16it/s]
 84%|████████▎ | 4847/5794 [01:10<00:14, 65.15it/s]
 84%|████████▍ | 4854/5794 [01:11<00:14, 64.91it/s]
 84%|████████▍ | 4861/5794 [01:11<00:14, 64.41it/s]
 84%|████████▍ | 4868/5794 [01:11<00:14, 64.00it/s]
 84%|████████▍ | 4875/5794 [01:11<00:14, 63.87it/s]
 84%|████████▍ | 4882/5794 [01:11<00:14, 63.63it/s]
 84%|████████▍ | 4889/5794 [01:11<00:14, 63.42it/s]
 85%|████████▍ | 4896/5794 [01:11<00:14, 63.46it/s]
 85%|████████▍ | 4903/5794 [01:11<00:14, 63.26it/s]
 85%|████████▍ | 4910/5794 [01:11<00:14, 62.92it/s]
 85%|████████▍ | 4917/5794 [01:12<00:14, 62.57it/s]
 85%|████████▍ | 4924/5794 [01:12<00:13, 62.52it/s]
 85%|████████▌ | 4931/5794 [01:12<00:13, 62.48it/s]
 85%|████████▌ | 4938/5794 [01:12<00:13, 62.52it/s]
 85%|████████▌ | 4945/5794 [01:12<00:13, 62.73it/s]
 85%|████████▌ | 4952/5794 [01:12<00:13, 62.32it/s]
 86%|████████▌ | 4959/5794 [01:12<00:13, 62.58it/s]
 86%|████████▌ | 4966/5794 [01:12<00:13, 62.59it/s]
 86%|████████▌ | 4973/5794 [01:12<00:13, 62.59it/s]
 86%|████████▌ | 4980/5794 [01:13<00:12, 62.65it/s]
 86%|████████▌ | 4987/5794 [01:13<00:12, 62.44it/s]
 86%|████████▌ | 4994/5794 [01:13<00:12, 62.58it/s]
 86%|████████▋ | 5001/5794 [01:13<00:12, 62.53it/s]
 86%|████████▋ | 5008/5794 [01:13<00:12, 62.56it/s]
 87%|████████▋ | 5015/5794 [01:13<00:12, 62.67it/s]
 87%|████████▋ | 5022/5794 [01:13<00:12, 62.65it/s]
 87%|████████▋ | 5029/5794 [01:13<00:12, 62.78it/s]
 87%|████████▋ | 5036/5794 [01:13<00:12, 62.72it/s]
 87%|████████▋ | 5043/5794 [01:14<00:11, 62.84it/s]
 87%|████████▋ | 5050/5794 [01:14<00:11, 62.92it/s]
 87%|████████▋ | 5057/5794 [01:14<00:11, 62.83it/s]
 87%|████████▋ | 5064/5794 [01:14<00:11, 62.96it/s]
 88%|████████▊ | 5071/5794 [01:14<00:11, 62.79it/s]
 88%|████████▊ | 5078/5794 [01:14<00:11, 62.89it/s]
 88%|████████▊ | 5085/5794 [01:14<00:11, 62.89it/s]
 88%|████████▊ | 5092/5794 [01:14<00:11, 62.81it/s]
 88%|████████▊ | 5099/5794 [01:14<00:11, 62.91it/s]
 88%|████████▊ | 5106/5794 [01:15<00:10, 62.86it/s]
 88%|████████▊ | 5113/5794 [01:15<00:10, 62.99it/s]
 88%|████████▊ | 5120/5794 [01:15<00:10, 63.04it/s]
 88%|████████▊ | 5127/5794 [01:15<00:10, 63.01it/s]
 89%|████████▊ | 5134/5794 [01:15<00:10, 63.06it/s]
 89%|████████▊ | 5141/5794 [01:15<00:10, 62.96it/s]
 89%|████████▉ | 5148/5794 [01:15<00:10, 62.95it/s]
 89%|████████▉ | 5155/5794 [01:15<00:10, 62.83it/s]
 89%|████████▉ | 5162/5794 [01:15<00:10, 62.79it/s]
 89%|████████▉ | 5169/5794 [01:16<00:09, 62.89it/s]
 89%|████████▉ | 5176/5794 [01:16<00:09, 62.90it/s]
 89%|████████▉ | 5183/5794 [01:16<00:09, 63.01it/s]
 90%|████████▉ | 5190/5794 [01:16<00:09, 62.88it/s]
 90%|████████▉ | 5197/5794 [01:16<00:09, 62.59it/s]
 90%|████████▉ | 5204/5794 [01:16<00:09, 62.76it/s]
 90%|████████▉ | 5211/5794 [01:16<00:09, 62.81it/s]
 90%|█████████ | 5218/5794 [01:16<00:09, 62.99it/s]
 90%|█████████ | 5225/5794 [01:16<00:09, 62.74it/s]
 90%|█████████ | 5232/5794 [01:17<00:08, 62.92it/s]
 90%|█████████ | 5239/5794 [01:17<00:08, 63.00it/s]
 91%|█████████ | 5246/5794 [01:17<00:08, 62.97it/s]
 91%|█████████ | 5253/5794 [01:17<00:08, 62.88it/s]
 91%|█████████ | 5260/5794 [01:17<00:08, 62.84it/s]
 91%|█████████ | 5267/5794 [01:17<00:08, 63.00it/s]
 91%|█████████ | 5274/5794 [01:17<00:08, 62.88it/s]
 91%|█████████ | 5281/5794 [01:17<00:08, 62.83it/s]
 91%|█████████▏| 5288/5794 [01:17<00:08, 63.02it/s]
 91%|█████████▏| 5295/5794 [01:18<00:07, 62.99it/s]
 92%|█████████▏| 5302/5794 [01:18<00:07, 62.96it/s]
 92%|█████████▏| 5309/5794 [01:18<00:07, 62.77it/s]
 92%|█████████▏| 5316/5794 [01:18<00:07, 62.97it/s]
 92%|█████████▏| 5323/5794 [01:18<00:07, 62.97it/s]
 92%|█████████▏| 5330/5794 [01:18<00:07, 62.83it/s]
 92%|█████████▏| 5337/5794 [01:18<00:07, 62.95it/s]
 92%|█████████▏| 5344/5794 [01:18<00:07, 62.89it/s]
 92%|█████████▏| 5351/5794 [01:18<00:07, 62.99it/s]
 92%|█████████▏| 5358/5794 [01:19<00:06, 62.94it/s]
 93%|█████████▎| 5365/5794 [01:19<00:06, 62.93it/s]
 93%|█████████▎| 5372/5794 [01:19<00:06, 63.02it/s]
 93%|█████████▎| 5379/5794 [01:19<00:06, 62.99it/s]
 93%|█████████▎| 5386/5794 [01:19<00:06, 63.06it/s]
 93%|█████████▎| 5393/5794 [01:19<00:06, 62.95it/s]
 93%|█████████▎| 5400/5794 [01:19<00:06, 63.05it/s]
 93%|█████████▎| 5407/5794 [01:19<00:06, 63.11it/s]
 93%|█████████▎| 5414/5794 [01:19<00:06, 62.97it/s]
 94%|█████████▎| 5421/5794 [01:20<00:05, 63.06it/s]
 94%|█████████▎| 5428/5794 [01:20<00:05, 62.95it/s]
 94%|█████████▍| 5435/5794 [01:20<00:05, 63.06it/s]
 94%|█████████▍| 5442/5794 [01:20<00:05, 63.10it/s]
 94%|█████████▍| 5449/5794 [01:20<00:05, 62.93it/s]
 94%|█████████▍| 5456/5794 [01:20<00:05, 63.05it/s]
 94%|█████████▍| 5463/5794 [01:20<00:05, 62.91it/s]
 94%|█████████▍| 5470/5794 [01:20<00:05, 63.09it/s]
 95%|█████████▍| 5477/5794 [01:20<00:05, 63.10it/s]
 95%|█████████▍| 5484/5794 [01:21<00:04, 62.95it/s]
 95%|█████████▍| 5491/5794 [01:21<00:04, 63.11it/s]
 95%|█████████▍| 5498/5794 [01:21<00:04, 62.94it/s]
 95%|█████████▌| 5505/5794 [01:21<00:04, 63.04it/s]
 95%|█████████▌| 5512/5794 [01:21<00:04, 62.85it/s]
 95%|█████████▌| 5519/5794 [01:21<00:04, 63.00it/s]
 95%|█████████▌| 5526/5794 [01:21<00:04, 62.98it/s]
 95%|█████████▌| 5533/5794 [01:21<00:04, 62.93it/s]
 96%|█████████▌| 5540/5794 [01:21<00:04, 62.93it/s]
 96%|█████████▌| 5547/5794 [01:22<00:03, 62.17it/s]
 96%|█████████▌| 5554/5794 [01:22<00:03, 62.46it/s]
 96%|█████████▌| 5561/5794 [01:22<00:03, 62.69it/s]
 96%|█████████▌| 5568/5794 [01:22<00:03, 62.79it/s]
 96%|█████████▌| 5575/5794 [01:22<00:03, 63.03it/s]
 96%|█████████▋| 5582/5794 [01:22<00:03, 62.94it/s]
 96%|█████████▋| 5589/5794 [01:22<00:03, 62.86it/s]
 97%|█████████▋| 5596/5794 [01:22<00:03, 63.01it/s]
 97%|█████████▋| 5603/5794 [01:23<00:03, 62.98it/s]
 97%|█████████▋| 5610/5794 [01:23<00:02, 63.07it/s]
 97%|█████████▋| 5617/5794 [01:23<00:02, 63.63it/s]
 97%|█████████▋| 5625/5794 [01:23<00:02, 65.85it/s]
 97%|█████████▋| 5633/5794 [01:23<00:02, 67.19it/s]
 97%|█████████▋| 5641/5794 [01:23<00:02, 68.42it/s]
 97%|█████████▋| 5649/5794 [01:23<00:02, 68.99it/s]
 98%|█████████▊| 5657/5794 [01:23<00:01, 69.60it/s]
 98%|█████████▊| 5665/5794 [01:23<00:01, 69.93it/s]
 98%|█████████▊| 5673/5794 [01:24<00:01, 70.29it/s]
 98%|█████████▊| 5681/5794 [01:24<00:01, 70.44it/s]
 98%|█████████▊| 5689/5794 [01:24<00:01, 68.01it/s]
 98%|█████████▊| 5696/5794 [01:24<00:01, 66.77it/s]
 98%|█████████▊| 5703/5794 [01:24<00:01, 65.28it/s]
 99%|█████████▊| 5710/5794 [01:24<00:01, 64.72it/s]
 99%|█████████▊| 5717/5794 [01:24<00:01, 64.14it/s]
 99%|█████████▉| 5724/5794 [01:24<00:01, 63.99it/s]
 99%|█████████▉| 5731/5794 [01:24<00:00, 63.84it/s]
 99%|█████████▉| 5738/5794 [01:25<00:00, 63.60it/s]
 99%|█████████▉| 5745/5794 [01:25<00:00, 63.57it/s]
 99%|█████████▉| 5752/5794 [01:25<00:00, 63.39it/s]
 99%|█████████▉| 5759/5794 [01:25<00:00, 63.24it/s]
100%|█████████▉| 5766/5794 [01:25<00:00, 63.22it/s]
100%|█████████▉| 5773/5794 [01:25<00:00, 63.14it/s]
100%|█████████▉| 5780/5794 [01:25<00:00, 63.26it/s]
100%|█████████▉| 5787/5794 [01:25<00:00, 63.25it/s]
100%|██████████| 5794/5794 [01:25<00:00, 64.04it/s]
100%|██████████| 5794/5794 [01:25<00:00, 67.38it/s]
BALANCED ACCS CHECKED FOR TEST
TEST SET RESULTS FOR CHECKPOINT trained_weights/waterbirds/gradcam_waterbird_1.0_forest2water2_21050510_trial_000/best_balanced_valacc_0.57_epoch_0.ckpt
test_acc: 0.7260959613393165
balanced_test_acc: 0.5742042605217895
Land_on_Land_test_acc: 0.9982261640798226
Land_on_Water_test_acc: 0.6957871396895787
Water_on_Land_test_acc: 0.01557632398753894
Water_on_Water_test_acc: 0.5872274143302181
test_acc_Waterbird: 0.3014018691588785
test_acc_Landbird: 0.8470066518847007
