[CMD] /home/ryreu/miniconda3/envs/gals_a100/bin/python -u main.py --config configs/waterbirds_100_upweight.yaml --name upweight_waterbird_1.0_forest2water2_21048936_trial_000 DATA.ROOT=/home/ryreu/guided_cnn/waterbirds DATA.WATERBIRDS_DIR=waterbird_1.0_forest2water2 SEED=0 EXP.BASE.LR=0.0010000000000000002 EXP.CLASSIFIER.LR=9.999999999999991e-05 EXP.WEIGHT_DECAY=9.999999999999997e-06 EXP.AUX_LOSSES_ON_VAL=False EXP.NUM_EPOCHS=1
SEED: 0
DATA:
  BATCH_SIZE: 96
  NUM_WORKERS: 4
  SIZE: 224
  NORMALIZATION: imagenet
  ATTENTION_DIR: NONE
  SEPARATE_CLASSES: true
  REMOVE_BACKGROUND: false
  ROOT: /home/ryreu/guided_cnn/waterbirds
  USE_CLASS_WEIGHTS: true
  USE_GROUP_WEIGHTS: false
  DATASET: waterbirds
  NUM_CLASSES: 2
  CONFOUNDING_FACTOR: 1.0
  WATERBIRDS_DIR: waterbird_1.0_forest2water2
EXP:
  NUM_TRIALS: 1
  LOSSES:
    CLASSIFICATION:
      WEIGHT: 1
    GRADIENT_OUTSIDE:
      COMPUTE: false
      LOG: false
      WEIGHT: 0.01
      CRITERION: L1
      GT: segmentation
      COMBINE_ATT_MODE: average_nonzero
    GRADIENT_INSIDE:
      COMPUTE: false
      LOG: false
      WEIGHT: 1
      CRITERION: L1
      GT: segmentation
      COMBINE_ATT_MODE: average_nonzero
    GRADCAM:
      COMPUTE: false
      LOG: false
      WEIGHT: 1
      CRITERION: L1
      GT: segmentation
      MODE: match
      COMBINE_ATT_MODE: average_nonzero
  APPROACH: generic
  MODEL: resnet50
  PRETRAINED: true
  NUM_EPOCHS: 1
  OPTIMIZER: SGD
  WEIGHT_DECAY: 9.999999999999997e-06
  MOMENTUM: 0.9
  SCHEDULER: NONE
  BASE:
    LR: 0.0010000000000000002
  CLASSIFIER:
    LR: 9.999999999999991e-05
  AUX_LOSSES_ON_VAL: false
LOGGING:
  SAVE_EVERY: 0
  SAVE_BEST: true
  SAVE_LAST: false
  LOG_ATTENTION: false
  LOG_ATTENTION_STEP: 10
  SAVE_STATS_PATH: null
yaml: configs/waterbirds_100_upweight.yaml
name: upweight_waterbird_1.0_forest2water2_21048936_trial_000
test_checkpoint: null

WATERBIRDS DIR: /home/ryreu/guided_cnn/waterbirds/waterbird_1.0_forest2water2
NUMBER OF SAMPLES WITH LABEL Landbird: 3684
NUMBER OF SAMPLES WITH LABEL Waterbird: 1111
NUMBER OF SAMPLES WITH GROUP Land_on_Land: 3684
NUMBER OF SAMPLES WITH GROUP Land_on_Water: 0
NUMBER OF SAMPLES WITH GROUP Water_on_Land: 0
NUMBER OF SAMPLES WITH GROUP Water_on_Water: 1111
WATERBIRDS DIR: /home/ryreu/guided_cnn/waterbirds/waterbird_1.0_forest2water2
NUMBER OF SAMPLES WITH LABEL Landbird: 931
NUMBER OF SAMPLES WITH LABEL Waterbird: 268
NUMBER OF SAMPLES WITH GROUP Land_on_Land: 465
NUMBER OF SAMPLES WITH GROUP Land_on_Water: 466
NUMBER OF SAMPLES WITH GROUP Water_on_Land: 134
NUMBER OF SAMPLES WITH GROUP Water_on_Water: 134
NUM TRAIN: 4795

NUM VAL:   1199

Number classifier outputs: 2
Using pretrained model: True
USING SGD OPTIMIZER
class weights: tensor([0.2981, 1.0000], device='cuda:0')
group weights: None
WANDB DISABLED: skipping wandb.init()
EPOCH: 0

>>> TRAINING 


  0%|          | 0/50 [00:00<?, ?it/s]
  2%|▏         | 1/50 [00:03<02:37,  3.21s/it]
  4%|▍         | 2/50 [00:03<01:08,  1.43s/it]
  6%|▌         | 3/50 [00:03<00:39,  1.18it/s]
  8%|▊         | 4/50 [00:03<00:26,  1.76it/s]
 10%|█         | 5/50 [00:03<00:18,  2.40it/s]
 12%|█▏        | 6/50 [00:03<00:14,  3.08it/s]
 14%|█▍        | 7/50 [00:04<00:11,  3.72it/s]
 16%|█▌        | 8/50 [00:04<00:09,  4.37it/s]
 18%|█▊        | 9/50 [00:04<00:08,  4.92it/s]
 20%|██        | 10/50 [00:04<00:07,  5.36it/s]
 22%|██▏       | 11/50 [00:04<00:06,  5.72it/s]
 24%|██▍       | 12/50 [00:04<00:06,  6.01it/s]
 26%|██▌       | 13/50 [00:05<00:05,  6.24it/s]
 28%|██▊       | 14/50 [00:05<00:05,  6.40it/s]
 30%|███       | 15/50 [00:05<00:05,  6.50it/s]
 32%|███▏      | 16/50 [00:05<00:05,  6.51it/s]
 34%|███▍      | 17/50 [00:05<00:05,  6.60it/s]
 36%|███▌      | 18/50 [00:05<00:04,  6.65it/s]
 38%|███▊      | 19/50 [00:05<00:04,  6.66it/s]
 40%|████      | 20/50 [00:06<00:04,  6.73it/s]
 42%|████▏     | 21/50 [00:06<00:04,  6.76it/s]
 44%|████▍     | 22/50 [00:06<00:04,  6.72it/s]
 46%|████▌     | 23/50 [00:06<00:04,  6.69it/s]
 48%|████▊     | 24/50 [00:06<00:03,  6.74it/s]
 50%|█████     | 25/50 [00:06<00:03,  6.77it/s]
 52%|█████▏    | 26/50 [00:06<00:03,  6.77it/s]
 54%|█████▍    | 27/50 [00:07<00:03,  6.72it/s]
 56%|█████▌    | 28/50 [00:07<00:03,  6.74it/s]
 58%|█████▊    | 29/50 [00:07<00:03,  6.76it/s]
 60%|██████    | 30/50 [00:07<00:02,  6.76it/s]
 62%|██████▏   | 31/50 [00:07<00:02,  6.73it/s]
 64%|██████▍   | 32/50 [00:07<00:02,  6.75it/s]
 66%|██████▌   | 33/50 [00:07<00:02,  6.78it/s]
 68%|██████▊   | 34/50 [00:08<00:02,  6.77it/s]
 70%|███████   | 35/50 [00:08<00:02,  6.76it/s]
 72%|███████▏  | 36/50 [00:08<00:02,  6.73it/s]
 74%|███████▍  | 37/50 [00:08<00:01,  6.76it/s]
 76%|███████▌  | 38/50 [00:08<00:01,  6.75it/s]
 78%|███████▊  | 39/50 [00:08<00:01,  6.72it/s]
 80%|████████  | 40/50 [00:09<00:01,  6.74it/s]
 82%|████████▏ | 41/50 [00:09<00:01,  6.76it/s]
 84%|████████▍ | 42/50 [00:09<00:01,  6.76it/s]
 86%|████████▌ | 43/50 [00:09<00:01,  6.74it/s]
 88%|████████▊ | 44/50 [00:09<00:00,  6.77it/s]
 90%|█████████ | 45/50 [00:09<00:00,  6.82it/s]
 92%|█████████▏| 46/50 [00:09<00:00,  6.82it/s]
 94%|█████████▍| 47/50 [00:10<00:00,  6.80it/s]
 96%|█████████▌| 48/50 [00:10<00:00,  6.82it/s]
 98%|█████████▊| 49/50 [00:10<00:00,  6.87it/s]
100%|██████████| 50/50 [00:10<00:00,  6.94it/s]
100%|██████████| 50/50 [00:10<00:00,  4.75it/s]
>>> VALIDATING 


  0%|          | 0/13 [00:00<?, ?it/s]
  8%|▊         | 1/13 [00:00<00:09,  1.29it/s]
 23%|██▎       | 3/13 [00:00<00:02,  3.98it/s]
 38%|███▊      | 5/13 [00:01<00:01,  4.78it/s]
 54%|█████▍    | 7/13 [00:01<00:00,  6.72it/s]
 69%|██████▉   | 9/13 [00:01<00:00,  6.33it/s]
 85%|████████▍ | 11/13 [00:01<00:00,  7.93it/s]
100%|██████████| 13/13 [00:01<00:00,  9.76it/s]
100%|██████████| 13/13 [00:02<00:00,  6.39it/s]
>>> LOGGING 

BALANCED ACCS CHECKED FOR TRAIN
BALANCED ACCS CHECKED FOR VAL
train_acc: 0.8748696558915537
val_acc: 0.6005004170141784
train_cls_loss: 0.40180782196544135
val_cls_loss: 0.7637306892742606
train_total_loss: 0.40180782196544135
val_total_loss: 0.7637306892742606
balanced_train_acc: 0.8582167663020374
balanced_val_acc: 0.6258316366609488
Land_on_Land_train_acc: 0.8892508143322475
Land_on_Land_val_acc: 0.967741935483871
Land_on_Water_train_acc: 0
Land_on_Water_val_acc: 0.19313304721030042
Water_on_Land_train_acc: 0
Water_on_Land_val_acc: 0.3880597014925373
Water_on_Water_train_acc: 0.8271827182718272
Water_on_Water_val_acc: 0.9552238805970149
train_acc_Landbird: 0.8892508143322475
train_acc_Waterbird: 0.8271827182718272
val_acc_Landbird: 0.5800214822771214
val_acc_Waterbird: 0.6716417910447762
TRAIN ACC:        0.8748696558915537
VAL ACC:          0.6005004170141784
BALANCED VAL ACC: 0.6258316366609488
prev best list: []
Saving to trained_weights/waterbirds/upweight_waterbird_1.0_forest2water2_21048936_trial_000/best_balanced_valacc_0.63_epoch_0.ckpt
>>> EVALUATING ON TEST SET
WATERBIRDS DIR: /home/ryreu/guided_cnn/waterbirds/waterbird_1.0_forest2water2
NUMBER OF SAMPLES WITH LABEL Landbird: 4510
NUMBER OF SAMPLES WITH LABEL Waterbird: 1284
NUMBER OF SAMPLES WITH GROUP Land_on_Land: 2255
NUMBER OF SAMPLES WITH GROUP Land_on_Water: 2255
NUMBER OF SAMPLES WITH GROUP Water_on_Land: 642
NUMBER OF SAMPLES WITH GROUP Water_on_Water: 642
NUM TEST:   5794

Loaded checkpoint trained_weights/waterbirds/upweight_waterbird_1.0_forest2water2_21048936_trial_000/best_balanced_valacc_0.63_epoch_0.ckpt

  0%|          | 0/5794 [00:00<?, ?it/s]
  0%|          | 1/5794 [00:00<23:04,  4.18it/s]
  0%|          | 8/5794 [00:00<03:29, 27.61it/s]
  0%|          | 15/5794 [00:00<02:21, 40.84it/s]
  0%|          | 22/5794 [00:00<01:58, 48.86it/s]
  1%|          | 29/5794 [00:00<01:46, 54.06it/s]
  1%|          | 36/5794 [00:00<01:40, 57.44it/s]
  1%|          | 43/5794 [00:00<01:36, 59.41it/s]
  1%|          | 50/5794 [00:01<01:34, 60.98it/s]
  1%|          | 57/5794 [00:01<01:33, 61.67it/s]
  1%|          | 64/5794 [00:01<01:31, 62.62it/s]
  1%|          | 71/5794 [00:01<01:31, 62.89it/s]
  1%|▏         | 78/5794 [00:01<01:30, 63.47it/s]
  1%|▏         | 85/5794 [00:01<01:29, 63.74it/s]
  2%|▏         | 92/5794 [00:01<01:29, 63.88it/s]
  2%|▏         | 99/5794 [00:01<01:29, 63.85it/s]
  2%|▏         | 106/5794 [00:01<01:29, 63.85it/s]
  2%|▏         | 113/5794 [00:01<01:28, 64.01it/s]
  2%|▏         | 120/5794 [00:02<01:28, 64.07it/s]
  2%|▏         | 127/5794 [00:02<01:28, 63.90it/s]
  2%|▏         | 134/5794 [00:02<01:28, 64.13it/s]
  2%|▏         | 141/5794 [00:02<01:28, 63.88it/s]
  3%|▎         | 148/5794 [00:02<01:28, 63.90it/s]
  3%|▎         | 155/5794 [00:02<01:28, 63.85it/s]
  3%|▎         | 162/5794 [00:02<01:28, 63.47it/s]
  3%|▎         | 169/5794 [00:02<01:28, 63.45it/s]
  3%|▎         | 176/5794 [00:02<01:28, 63.47it/s]
  3%|▎         | 183/5794 [00:03<01:28, 63.59it/s]
  3%|▎         | 190/5794 [00:03<01:28, 63.60it/s]
  3%|▎         | 197/5794 [00:03<01:28, 63.46it/s]
  4%|▎         | 204/5794 [00:03<01:27, 63.71it/s]
  4%|▎         | 211/5794 [00:03<01:27, 63.49it/s]
  4%|▍         | 218/5794 [00:03<01:27, 63.66it/s]
  4%|▍         | 225/5794 [00:03<01:27, 63.42it/s]
  4%|▍         | 232/5794 [00:03<01:27, 63.51it/s]
  4%|▍         | 239/5794 [00:03<01:27, 63.59it/s]
  4%|▍         | 246/5794 [00:04<01:27, 63.45it/s]
  4%|▍         | 253/5794 [00:04<01:27, 63.50it/s]
  4%|▍         | 260/5794 [00:04<01:27, 63.16it/s]
  5%|▍         | 267/5794 [00:04<01:27, 63.28it/s]
  5%|▍         | 274/5794 [00:04<01:27, 63.22it/s]
  5%|▍         | 281/5794 [00:04<01:27, 63.27it/s]
  5%|▍         | 288/5794 [00:04<01:27, 63.25it/s]
  5%|▌         | 295/5794 [00:04<01:26, 63.39it/s]
  5%|▌         | 302/5794 [00:04<01:26, 63.49it/s]
  5%|▌         | 309/5794 [00:05<01:26, 63.64it/s]
  5%|▌         | 316/5794 [00:05<01:26, 63.61it/s]
  6%|▌         | 323/5794 [00:05<01:25, 63.73it/s]
  6%|▌         | 330/5794 [00:05<01:25, 63.65it/s]
  6%|▌         | 337/5794 [00:05<01:26, 63.20it/s]
  6%|▌         | 344/5794 [00:05<01:26, 63.29it/s]
  6%|▌         | 351/5794 [00:05<01:25, 63.46it/s]
  6%|▌         | 358/5794 [00:05<01:25, 63.66it/s]
  6%|▋         | 365/5794 [00:05<01:25, 63.62it/s]
  6%|▋         | 372/5794 [00:06<01:24, 63.79it/s]
  7%|▋         | 379/5794 [00:06<01:25, 63.65it/s]
  7%|▋         | 386/5794 [00:06<01:24, 63.78it/s]
  7%|▋         | 393/5794 [00:06<01:24, 63.90it/s]
  7%|▋         | 400/5794 [00:06<01:24, 63.87it/s]
  7%|▋         | 407/5794 [00:06<01:24, 63.93it/s]
  7%|▋         | 414/5794 [00:06<01:24, 63.84it/s]
  7%|▋         | 421/5794 [00:06<01:24, 63.95it/s]
  7%|▋         | 428/5794 [00:06<01:23, 64.03it/s]
  8%|▊         | 435/5794 [00:07<01:23, 63.97it/s]
  8%|▊         | 442/5794 [00:07<01:23, 64.05it/s]
  8%|▊         | 449/5794 [00:07<01:23, 63.97it/s]
  8%|▊         | 456/5794 [00:07<01:23, 64.10it/s]
  8%|▊         | 463/5794 [00:07<01:23, 64.01it/s]
  8%|▊         | 470/5794 [00:07<01:23, 64.07it/s]
  8%|▊         | 477/5794 [00:07<01:22, 64.07it/s]
  8%|▊         | 484/5794 [00:07<01:22, 64.02it/s]
  8%|▊         | 491/5794 [00:07<01:22, 64.06it/s]
  9%|▊         | 498/5794 [00:08<01:22, 63.91it/s]
  9%|▊         | 505/5794 [00:08<01:22, 63.97it/s]
  9%|▉         | 512/5794 [00:08<01:22, 64.03it/s]
  9%|▉         | 519/5794 [00:08<01:22, 63.94it/s]
  9%|▉         | 526/5794 [00:08<01:22, 64.04it/s]
  9%|▉         | 533/5794 [00:08<01:22, 63.94it/s]
  9%|▉         | 540/5794 [00:08<01:22, 64.02it/s]
  9%|▉         | 547/5794 [00:08<01:21, 64.03it/s]
 10%|▉         | 554/5794 [00:08<01:21, 63.97it/s]
 10%|▉         | 561/5794 [00:09<01:21, 64.02it/s]
 10%|▉         | 568/5794 [00:09<01:21, 63.75it/s]
 10%|▉         | 575/5794 [00:09<01:21, 63.72it/s]
 10%|█         | 582/5794 [00:09<01:22, 63.42it/s]
 10%|█         | 589/5794 [00:09<01:22, 63.41it/s]
 10%|█         | 596/5794 [00:09<01:21, 63.42it/s]
 10%|█         | 603/5794 [00:09<01:22, 63.22it/s]
 11%|█         | 610/5794 [00:09<01:21, 63.33it/s]
 11%|█         | 617/5794 [00:09<01:21, 63.19it/s]
 11%|█         | 624/5794 [00:10<01:21, 63.39it/s]
 11%|█         | 631/5794 [00:10<01:21, 63.41it/s]
 11%|█         | 638/5794 [00:10<01:21, 63.32it/s]
 11%|█         | 645/5794 [00:10<01:21, 63.36it/s]
 11%|█▏        | 652/5794 [00:10<01:21, 63.27it/s]
 11%|█▏        | 659/5794 [00:10<01:20, 63.40it/s]
 11%|█▏        | 666/5794 [00:10<01:20, 63.42it/s]
 12%|█▏        | 673/5794 [00:10<01:18, 65.18it/s]
 12%|█▏        | 680/5794 [00:10<01:19, 64.72it/s]
 12%|█▏        | 687/5794 [00:10<01:19, 64.31it/s]
 12%|█▏        | 694/5794 [00:11<01:19, 64.22it/s]
 12%|█▏        | 701/5794 [00:11<01:19, 63.87it/s]
 12%|█▏        | 708/5794 [00:11<01:19, 63.88it/s]
 12%|█▏        | 715/5794 [00:11<01:19, 63.86it/s]
 12%|█▏        | 722/5794 [00:11<01:19, 63.76it/s]
 13%|█▎        | 729/5794 [00:11<01:19, 63.77it/s]
 13%|█▎        | 736/5794 [00:11<01:19, 63.57it/s]
 13%|█▎        | 743/5794 [00:11<01:19, 63.66it/s]
 13%|█▎        | 750/5794 [00:11<01:19, 63.62it/s]
 13%|█▎        | 757/5794 [00:12<01:19, 63.51it/s]
 13%|█▎        | 764/5794 [00:12<01:19, 63.57it/s]
 13%|█▎        | 771/5794 [00:12<01:19, 63.43it/s]
 13%|█▎        | 778/5794 [00:12<01:19, 63.49it/s]
 14%|█▎        | 785/5794 [00:12<01:18, 63.57it/s]
 14%|█▎        | 792/5794 [00:12<01:18, 63.54it/s]
 14%|█▍        | 799/5794 [00:12<01:18, 63.23it/s]
 14%|█▍        | 806/5794 [00:12<01:19, 63.07it/s]
 14%|█▍        | 813/5794 [00:12<01:18, 63.29it/s]
 14%|█▍        | 820/5794 [00:13<01:18, 63.27it/s]
 14%|█▍        | 827/5794 [00:13<01:18, 63.45it/s]
 14%|█▍        | 834/5794 [00:13<01:17, 63.67it/s]
 15%|█▍        | 841/5794 [00:13<01:17, 63.69it/s]
 15%|█▍        | 848/5794 [00:13<01:18, 63.18it/s]
 15%|█▍        | 855/5794 [00:13<01:18, 63.25it/s]
 15%|█▍        | 862/5794 [00:13<01:17, 63.57it/s]
 15%|█▍        | 869/5794 [00:13<01:17, 63.79it/s]
 15%|█▌        | 876/5794 [00:13<01:17, 63.81it/s]
 15%|█▌        | 883/5794 [00:14<01:16, 63.93it/s]
 15%|█▌        | 890/5794 [00:14<01:16, 63.82it/s]
 15%|█▌        | 897/5794 [00:14<01:16, 63.77it/s]
 16%|█▌        | 904/5794 [00:14<01:16, 63.76it/s]
 16%|█▌        | 911/5794 [00:14<01:16, 63.85it/s]
 16%|█▌        | 918/5794 [00:14<01:14, 65.07it/s]
 16%|█▌        | 926/5794 [00:14<01:12, 67.50it/s]
 16%|█▌        | 934/5794 [00:14<01:10, 69.39it/s]
 16%|█▋        | 942/5794 [00:14<01:08, 70.58it/s]
 16%|█▋        | 950/5794 [00:15<01:07, 71.61it/s]
 17%|█▋        | 958/5794 [00:15<01:07, 72.10it/s]
 17%|█▋        | 966/5794 [00:15<01:06, 72.68it/s]
 17%|█▋        | 974/5794 [00:15<01:06, 72.77it/s]
 17%|█▋        | 982/5794 [00:15<01:05, 72.98it/s]
 17%|█▋        | 990/5794 [00:15<01:05, 73.01it/s]
 17%|█▋        | 998/5794 [00:15<01:05, 73.16it/s]
 17%|█▋        | 1006/5794 [00:15<01:05, 73.30it/s]
 18%|█▊        | 1014/5794 [00:15<01:05, 73.25it/s]
 18%|█▊        | 1022/5794 [00:16<01:05, 73.37it/s]
 18%|█▊        | 1030/5794 [00:16<01:05, 73.29it/s]
 18%|█▊        | 1038/5794 [00:16<01:04, 73.38it/s]
 18%|█▊        | 1046/5794 [00:16<01:04, 73.27it/s]
 18%|█▊        | 1054/5794 [00:16<01:04, 73.32it/s]
 18%|█▊        | 1062/5794 [00:16<01:04, 73.34it/s]
 18%|█▊        | 1070/5794 [00:16<01:04, 73.39it/s]
 19%|█▊        | 1078/5794 [00:16<01:04, 73.21it/s]
 19%|█▊        | 1086/5794 [00:16<01:04, 73.35it/s]
 19%|█▉        | 1094/5794 [00:17<01:04, 73.24it/s]
 19%|█▉        | 1102/5794 [00:17<01:03, 73.34it/s]
 19%|█▉        | 1110/5794 [00:17<01:03, 73.19it/s]
 19%|█▉        | 1118/5794 [00:17<01:04, 72.97it/s]
 19%|█▉        | 1126/5794 [00:17<01:04, 72.88it/s]
 20%|█▉        | 1134/5794 [00:17<01:03, 73.18it/s]
 20%|█▉        | 1142/5794 [00:17<01:03, 73.22it/s]
 20%|█▉        | 1150/5794 [00:17<01:03, 72.93it/s]
 20%|█▉        | 1158/5794 [00:17<01:03, 73.11it/s]
 20%|██        | 1166/5794 [00:18<01:03, 73.04it/s]
 20%|██        | 1174/5794 [00:18<01:03, 73.17it/s]
 20%|██        | 1182/5794 [00:18<01:03, 72.88it/s]
 21%|██        | 1190/5794 [00:18<01:02, 73.10it/s]
 21%|██        | 1198/5794 [00:18<01:02, 73.04it/s]
 21%|██        | 1206/5794 [00:18<01:02, 73.12it/s]
 21%|██        | 1214/5794 [00:18<01:02, 72.81it/s]
 21%|██        | 1222/5794 [00:18<01:02, 72.96it/s]
 21%|██        | 1230/5794 [00:18<01:02, 72.88it/s]
 21%|██▏       | 1238/5794 [00:19<01:05, 70.07it/s]
 22%|██▏       | 1246/5794 [00:19<01:06, 67.94it/s]
 22%|██▏       | 1253/5794 [00:19<01:07, 66.80it/s]
 22%|██▏       | 1260/5794 [00:19<01:08, 65.93it/s]
 22%|██▏       | 1267/5794 [00:19<01:09, 65.28it/s]
 22%|██▏       | 1274/5794 [00:19<01:09, 64.99it/s]
 22%|██▏       | 1281/5794 [00:19<01:09, 64.63it/s]
 22%|██▏       | 1288/5794 [00:19<01:09, 64.56it/s]
 22%|██▏       | 1295/5794 [00:19<01:09, 64.44it/s]
 22%|██▏       | 1302/5794 [00:20<01:09, 64.29it/s]
 23%|██▎       | 1309/5794 [00:20<01:09, 64.24it/s]
 23%|██▎       | 1316/5794 [00:20<01:09, 64.07it/s]
 23%|██▎       | 1323/5794 [00:20<01:09, 64.03it/s]
 23%|██▎       | 1330/5794 [00:20<01:09, 63.93it/s]
 23%|██▎       | 1337/5794 [00:20<01:09, 63.99it/s]
 23%|██▎       | 1344/5794 [00:20<01:09, 64.11it/s]
 23%|██▎       | 1351/5794 [00:20<01:09, 63.82it/s]
 23%|██▎       | 1358/5794 [00:20<01:09, 64.00it/s]
 24%|██▎       | 1365/5794 [00:20<01:09, 63.88it/s]
 24%|██▎       | 1372/5794 [00:21<01:09, 63.97it/s]
 24%|██▍       | 1379/5794 [00:21<01:09, 63.92it/s]
 24%|██▍       | 1386/5794 [00:21<01:08, 63.91it/s]
 24%|██▍       | 1393/5794 [00:21<01:08, 64.01it/s]
 24%|██▍       | 1400/5794 [00:21<01:08, 63.83it/s]
 24%|██▍       | 1407/5794 [00:21<01:08, 63.95it/s]
 24%|██▍       | 1414/5794 [00:21<01:08, 63.99it/s]
 25%|██▍       | 1421/5794 [00:21<01:08, 63.91it/s]
 25%|██▍       | 1428/5794 [00:21<01:08, 63.93it/s]
 25%|██▍       | 1435/5794 [00:22<01:08, 63.86it/s]
 25%|██▍       | 1442/5794 [00:22<01:08, 63.98it/s]
 25%|██▌       | 1449/5794 [00:22<01:08, 63.88it/s]
 25%|██▌       | 1456/5794 [00:22<01:07, 63.87it/s]
 25%|██▌       | 1463/5794 [00:22<01:07, 63.92it/s]
 25%|██▌       | 1470/5794 [00:22<01:07, 63.79it/s]
 25%|██▌       | 1477/5794 [00:22<01:07, 63.67it/s]
 26%|██▌       | 1484/5794 [00:22<01:07, 63.58it/s]
 26%|██▌       | 1491/5794 [00:22<01:07, 63.77it/s]
 26%|██▌       | 1498/5794 [00:23<01:07, 63.88it/s]
 26%|██▌       | 1505/5794 [00:23<01:07, 63.77it/s]
 26%|██▌       | 1512/5794 [00:23<01:07, 63.75it/s]
 26%|██▌       | 1519/5794 [00:23<01:07, 63.60it/s]
 26%|██▋       | 1526/5794 [00:23<01:06, 63.74it/s]
 26%|██▋       | 1533/5794 [00:23<01:07, 63.55it/s]
 27%|██▋       | 1540/5794 [00:23<01:06, 63.54it/s]
 27%|██▋       | 1547/5794 [00:23<01:06, 63.71it/s]
 27%|██▋       | 1554/5794 [00:23<01:06, 63.67it/s]
 27%|██▋       | 1561/5794 [00:24<01:06, 63.42it/s]
 27%|██▋       | 1568/5794 [00:24<01:06, 63.25it/s]
 27%|██▋       | 1575/5794 [00:24<01:05, 64.61it/s]
 27%|██▋       | 1583/5794 [00:24<01:02, 67.14it/s]
 27%|██▋       | 1591/5794 [00:24<01:01, 68.80it/s]
 28%|██▊       | 1599/5794 [00:24<00:59, 70.18it/s]
 28%|██▊       | 1607/5794 [00:24<00:58, 71.02it/s]
 28%|██▊       | 1615/5794 [00:24<00:58, 71.78it/s]
 28%|██▊       | 1623/5794 [00:24<00:57, 72.08it/s]
 28%|██▊       | 1631/5794 [00:25<00:57, 72.46it/s]
 28%|██▊       | 1639/5794 [00:25<00:57, 72.57it/s]
 28%|██▊       | 1647/5794 [00:25<00:57, 72.46it/s]
 29%|██▊       | 1655/5794 [00:25<00:57, 72.49it/s]
 29%|██▊       | 1663/5794 [00:25<00:56, 72.76it/s]
 29%|██▉       | 1671/5794 [00:25<00:56, 72.76it/s]
 29%|██▉       | 1679/5794 [00:25<00:56, 72.92it/s]
 29%|██▉       | 1687/5794 [00:25<00:56, 72.89it/s]
 29%|██▉       | 1695/5794 [00:25<00:56, 73.07it/s]
 29%|██▉       | 1703/5794 [00:26<00:55, 73.07it/s]
 30%|██▉       | 1711/5794 [00:26<00:56, 72.80it/s]
 30%|██▉       | 1719/5794 [00:26<00:57, 70.57it/s]
 30%|██▉       | 1727/5794 [00:26<00:59, 68.34it/s]
 30%|██▉       | 1734/5794 [00:26<01:00, 67.20it/s]
 30%|███       | 1741/5794 [00:26<01:01, 66.11it/s]
 30%|███       | 1748/5794 [00:26<01:01, 65.47it/s]
 30%|███       | 1755/5794 [00:26<01:02, 64.86it/s]
 30%|███       | 1762/5794 [00:26<01:02, 64.49it/s]
 31%|███       | 1769/5794 [00:27<01:02, 64.33it/s]
 31%|███       | 1776/5794 [00:27<01:02, 64.10it/s]
 31%|███       | 1783/5794 [00:27<01:02, 64.11it/s]
 31%|███       | 1791/5794 [00:27<01:00, 66.67it/s]
 31%|███       | 1799/5794 [00:27<00:58, 68.78it/s]
 31%|███       | 1807/5794 [00:27<00:56, 69.99it/s]
 31%|███▏      | 1815/5794 [00:27<00:56, 70.99it/s]
 31%|███▏      | 1823/5794 [00:27<00:56, 69.79it/s]
 32%|███▏      | 1830/5794 [00:27<00:58, 68.15it/s]
 32%|███▏      | 1837/5794 [00:28<00:59, 66.94it/s]
 32%|███▏      | 1844/5794 [00:28<00:59, 65.96it/s]
 32%|███▏      | 1851/5794 [00:28<01:00, 65.35it/s]
 32%|███▏      | 1858/5794 [00:28<01:00, 64.76it/s]
 32%|███▏      | 1865/5794 [00:28<01:00, 64.53it/s]
 32%|███▏      | 1872/5794 [00:28<01:00, 64.31it/s]
 32%|███▏      | 1879/5794 [00:28<01:01, 64.02it/s]
 33%|███▎      | 1886/5794 [00:28<01:01, 63.99it/s]
 33%|███▎      | 1893/5794 [00:28<01:01, 63.82it/s]
 33%|███▎      | 1900/5794 [00:29<01:00, 63.93it/s]
 33%|███▎      | 1907/5794 [00:29<01:00, 63.83it/s]
 33%|███▎      | 1914/5794 [00:29<01:00, 63.67it/s]
 33%|███▎      | 1921/5794 [00:29<01:00, 63.53it/s]
 33%|███▎      | 1928/5794 [00:29<01:00, 63.41it/s]
 33%|███▎      | 1935/5794 [00:29<01:00, 63.63it/s]
 34%|███▎      | 1942/5794 [00:29<01:00, 63.58it/s]
 34%|███▎      | 1949/5794 [00:29<01:00, 63.71it/s]
 34%|███▍      | 1956/5794 [00:29<01:00, 63.76it/s]
 34%|███▍      | 1963/5794 [00:30<01:00, 63.70it/s]
 34%|███▍      | 1970/5794 [00:30<00:59, 63.83it/s]
 34%|███▍      | 1977/5794 [00:30<00:59, 63.71it/s]
 34%|███▍      | 1984/5794 [00:30<00:59, 63.77it/s]
 34%|███▍      | 1991/5794 [00:30<00:59, 63.86it/s]
 34%|███▍      | 1998/5794 [00:30<00:59, 63.70it/s]
 35%|███▍      | 2005/5794 [00:30<00:59, 63.83it/s]
 35%|███▍      | 2012/5794 [00:30<00:59, 63.68it/s]
 35%|███▍      | 2019/5794 [00:30<00:59, 63.83it/s]
 35%|███▍      | 2026/5794 [00:31<00:58, 63.95it/s]
 35%|███▌      | 2033/5794 [00:31<00:58, 63.81it/s]
 35%|███▌      | 2040/5794 [00:31<00:58, 63.91it/s]
 35%|███▌      | 2047/5794 [00:31<00:58, 63.78it/s]
 35%|███▌      | 2054/5794 [00:31<00:58, 63.91it/s]
 36%|███▌      | 2061/5794 [00:31<00:58, 63.74it/s]
 36%|███▌      | 2068/5794 [00:31<00:58, 63.84it/s]
 36%|███▌      | 2075/5794 [00:31<00:58, 63.86it/s]
 36%|███▌      | 2082/5794 [00:31<00:58, 63.77it/s]
 36%|███▌      | 2089/5794 [00:31<00:58, 63.73it/s]
 36%|███▌      | 2096/5794 [00:32<00:58, 63.63it/s]
 36%|███▋      | 2103/5794 [00:32<00:57, 63.79it/s]
 36%|███▋      | 2110/5794 [00:32<00:57, 63.82it/s]
 37%|███▋      | 2117/5794 [00:32<00:57, 63.70it/s]
 37%|███▋      | 2124/5794 [00:32<00:57, 63.78it/s]
 37%|███▋      | 2131/5794 [00:32<00:57, 63.74it/s]
 37%|███▋      | 2138/5794 [00:32<00:57, 63.45it/s]
 37%|███▋      | 2145/5794 [00:32<00:57, 63.42it/s]
 37%|███▋      | 2152/5794 [00:32<00:57, 63.38it/s]
 37%|███▋      | 2159/5794 [00:33<00:57, 63.61it/s]
 37%|███▋      | 2166/5794 [00:33<00:56, 63.68it/s]
 38%|███▊      | 2173/5794 [00:33<00:56, 63.82it/s]
 38%|███▊      | 2180/5794 [00:33<00:56, 63.61it/s]
 38%|███▊      | 2187/5794 [00:33<00:56, 63.71it/s]
 38%|███▊      | 2194/5794 [00:33<00:56, 63.73it/s]
 38%|███▊      | 2201/5794 [00:33<00:56, 63.64it/s]
 38%|███▊      | 2208/5794 [00:33<00:56, 63.79it/s]
 38%|███▊      | 2215/5794 [00:33<00:56, 63.71it/s]
 38%|███▊      | 2222/5794 [00:34<00:56, 63.78it/s]
 38%|███▊      | 2229/5794 [00:34<00:55, 63.71it/s]
 39%|███▊      | 2236/5794 [00:34<00:56, 63.52it/s]
 39%|███▊      | 2243/5794 [00:34<00:55, 63.43it/s]
 39%|███▉      | 2250/5794 [00:34<00:55, 63.46it/s]
 39%|███▉      | 2257/5794 [00:34<00:55, 63.63it/s]
 39%|███▉      | 2264/5794 [00:34<00:55, 63.73it/s]
 39%|███▉      | 2271/5794 [00:34<00:55, 63.69it/s]
 39%|███▉      | 2278/5794 [00:34<00:55, 63.80it/s]
 39%|███▉      | 2285/5794 [00:35<00:55, 63.73it/s]
 40%|███▉      | 2292/5794 [00:35<00:54, 63.85it/s]
 40%|███▉      | 2299/5794 [00:35<00:54, 63.69it/s]
 40%|███▉      | 2306/5794 [00:35<00:54, 63.87it/s]
 40%|███▉      | 2313/5794 [00:35<00:54, 63.99it/s]
 40%|████      | 2320/5794 [00:35<00:54, 63.90it/s]
 40%|████      | 2327/5794 [00:35<00:54, 64.06it/s]
 40%|████      | 2334/5794 [00:35<00:54, 63.98it/s]
 40%|████      | 2341/5794 [00:35<00:53, 64.02it/s]
 41%|████      | 2348/5794 [00:36<00:53, 63.96it/s]
 41%|████      | 2355/5794 [00:36<00:53, 63.90it/s]
 41%|████      | 2362/5794 [00:36<00:53, 63.99it/s]
 41%|████      | 2369/5794 [00:36<00:53, 63.91it/s]
 41%|████      | 2376/5794 [00:36<00:53, 63.99it/s]
 41%|████      | 2383/5794 [00:36<00:53, 64.08it/s]
 41%|████      | 2390/5794 [00:36<00:53, 63.98it/s]
 41%|████▏     | 2397/5794 [00:36<00:53, 63.95it/s]
 41%|████▏     | 2404/5794 [00:36<00:53, 63.83it/s]
 42%|████▏     | 2411/5794 [00:37<00:52, 64.01it/s]
 42%|████▏     | 2418/5794 [00:37<00:52, 63.88it/s]
 42%|████▏     | 2425/5794 [00:37<00:52, 63.97it/s]
 42%|████▏     | 2432/5794 [00:37<00:52, 63.94it/s]
 42%|████▏     | 2439/5794 [00:37<00:52, 63.88it/s]
 42%|████▏     | 2446/5794 [00:37<00:52, 63.97it/s]
 42%|████▏     | 2453/5794 [00:37<00:52, 63.58it/s]
 42%|████▏     | 2460/5794 [00:37<00:52, 63.77it/s]
 43%|████▎     | 2467/5794 [00:37<00:52, 63.92it/s]
 43%|████▎     | 2474/5794 [00:38<00:51, 63.87it/s]
 43%|████▎     | 2481/5794 [00:38<00:51, 63.97it/s]
 43%|████▎     | 2488/5794 [00:38<00:51, 63.88it/s]
 43%|████▎     | 2495/5794 [00:38<00:51, 63.99it/s]
 43%|████▎     | 2502/5794 [00:38<00:51, 64.08it/s]
 43%|████▎     | 2509/5794 [00:38<00:51, 63.98it/s]
 43%|████▎     | 2516/5794 [00:38<00:51, 64.06it/s]
 44%|████▎     | 2523/5794 [00:38<00:51, 63.96it/s]
 44%|████▎     | 2530/5794 [00:38<00:50, 64.09it/s]
 44%|████▍     | 2537/5794 [00:39<00:50, 63.91it/s]
 44%|████▍     | 2544/5794 [00:39<00:50, 63.90it/s]
 44%|████▍     | 2551/5794 [00:39<00:50, 63.83it/s]
 44%|████▍     | 2558/5794 [00:39<00:50, 63.59it/s]
 44%|████▍     | 2565/5794 [00:39<00:50, 63.64it/s]
 44%|████▍     | 2572/5794 [00:39<00:50, 63.48it/s]
 45%|████▍     | 2579/5794 [00:39<00:51, 62.90it/s]
 45%|████▍     | 2586/5794 [00:39<00:50, 63.00it/s]
 45%|████▍     | 2593/5794 [00:39<00:50, 63.00it/s]
 45%|████▍     | 2600/5794 [00:40<00:50, 62.89it/s]
 45%|████▍     | 2607/5794 [00:40<00:50, 62.88it/s]
 45%|████▌     | 2614/5794 [00:40<00:50, 63.10it/s]
 45%|████▌     | 2621/5794 [00:40<00:50, 63.22it/s]
 45%|████▌     | 2628/5794 [00:40<00:50, 63.23it/s]
 45%|████▌     | 2635/5794 [00:40<00:49, 63.35it/s]
 46%|████▌     | 2642/5794 [00:40<00:49, 63.27it/s]
 46%|████▌     | 2649/5794 [00:40<00:49, 63.43it/s]
 46%|████▌     | 2656/5794 [00:40<00:49, 63.35it/s]
 46%|████▌     | 2663/5794 [00:41<00:49, 63.44it/s]
 46%|████▌     | 2670/5794 [00:41<00:49, 63.49it/s]
 46%|████▌     | 2677/5794 [00:41<00:49, 63.44it/s]
 46%|████▋     | 2684/5794 [00:41<00:48, 63.55it/s]
 46%|████▋     | 2691/5794 [00:41<00:48, 63.38it/s]
 47%|████▋     | 2698/5794 [00:41<00:48, 63.52it/s]
 47%|████▋     | 2705/5794 [00:41<00:48, 63.59it/s]
 47%|████▋     | 2712/5794 [00:41<00:48, 63.48it/s]
 47%|████▋     | 2719/5794 [00:41<00:48, 63.83it/s]
 47%|████▋     | 2727/5794 [00:42<00:46, 66.51it/s]
 47%|████▋     | 2735/5794 [00:42<00:44, 68.56it/s]
 47%|████▋     | 2743/5794 [00:42<00:43, 69.83it/s]
 47%|████▋     | 2751/5794 [00:42<00:42, 70.86it/s]
 48%|████▊     | 2759/5794 [00:42<00:42, 71.37it/s]
 48%|████▊     | 2767/5794 [00:42<00:42, 71.94it/s]
 48%|████▊     | 2775/5794 [00:42<00:41, 72.14it/s]
 48%|████▊     | 2783/5794 [00:42<00:41, 72.20it/s]
 48%|████▊     | 2791/5794 [00:42<00:41, 72.46it/s]
 48%|████▊     | 2799/5794 [00:42<00:41, 72.48it/s]
 48%|████▊     | 2807/5794 [00:43<00:41, 72.62it/s]
 49%|████▊     | 2815/5794 [00:43<00:40, 72.78it/s]
 49%|████▊     | 2823/5794 [00:43<00:40, 72.95it/s]
 49%|████▉     | 2831/5794 [00:43<00:40, 73.00it/s]
 49%|████▉     | 2839/5794 [00:43<00:40, 73.14it/s]
 49%|████▉     | 2847/5794 [00:43<00:40, 73.11it/s]
 49%|████▉     | 2855/5794 [00:43<00:40, 73.18it/s]
 49%|████▉     | 2863/5794 [00:43<00:40, 73.09it/s]
 50%|████▉     | 2871/5794 [00:43<00:41, 70.56it/s]
 50%|████▉     | 2879/5794 [00:44<00:42, 68.29it/s]
 50%|████▉     | 2886/5794 [00:44<00:43, 67.03it/s]
 50%|████▉     | 2893/5794 [00:44<00:43, 65.96it/s]
 50%|█████     | 2900/5794 [00:44<00:44, 65.22it/s]
 50%|█████     | 2907/5794 [00:44<00:44, 64.91it/s]
 50%|█████     | 2914/5794 [00:44<00:44, 64.56it/s]
 50%|█████     | 2921/5794 [00:44<00:44, 64.47it/s]
 51%|█████     | 2928/5794 [00:44<00:44, 64.28it/s]
 51%|█████     | 2935/5794 [00:44<00:44, 64.37it/s]
 51%|█████     | 2942/5794 [00:45<00:44, 64.29it/s]
 51%|█████     | 2949/5794 [00:45<00:44, 64.11it/s]
 51%|█████     | 2956/5794 [00:45<00:44, 64.09it/s]
 51%|█████     | 2963/5794 [00:45<00:44, 63.93it/s]
 51%|█████▏    | 2970/5794 [00:45<00:44, 64.00it/s]
 51%|█████▏    | 2977/5794 [00:45<00:44, 63.96it/s]
 52%|█████▏    | 2984/5794 [00:45<00:44, 63.84it/s]
 52%|█████▏    | 2991/5794 [00:45<00:43, 63.99it/s]
 52%|█████▏    | 2998/5794 [00:45<00:43, 63.80it/s]
 52%|█████▏    | 3005/5794 [00:46<00:43, 63.89it/s]
 52%|█████▏    | 3012/5794 [00:46<00:43, 63.85it/s]
 52%|█████▏    | 3019/5794 [00:46<00:43, 63.83it/s]
 52%|█████▏    | 3026/5794 [00:46<00:43, 63.89it/s]
 52%|█████▏    | 3033/5794 [00:46<00:43, 63.72it/s]
 52%|█████▏    | 3040/5794 [00:46<00:43, 63.83it/s]
 53%|█████▎    | 3047/5794 [00:46<00:43, 63.77it/s]
 53%|█████▎    | 3054/5794 [00:46<00:42, 63.90it/s]
 53%|█████▎    | 3061/5794 [00:46<00:42, 63.95it/s]
 53%|█████▎    | 3068/5794 [00:47<00:42, 63.83it/s]
 53%|█████▎    | 3075/5794 [00:47<00:42, 63.95it/s]
 53%|█████▎    | 3082/5794 [00:47<00:42, 63.82it/s]
 53%|█████▎    | 3089/5794 [00:47<00:42, 63.90it/s]
 53%|█████▎    | 3096/5794 [00:47<00:42, 63.86it/s]
 54%|█████▎    | 3103/5794 [00:47<00:41, 64.73it/s]
 54%|█████▎    | 3111/5794 [00:47<00:39, 67.37it/s]
 54%|█████▍    | 3119/5794 [00:47<00:38, 69.08it/s]
 54%|█████▍    | 3127/5794 [00:47<00:37, 70.46it/s]
 54%|█████▍    | 3135/5794 [00:48<00:37, 71.20it/s]
 54%|█████▍    | 3143/5794 [00:48<00:36, 71.87it/s]
 54%|█████▍    | 3151/5794 [00:48<00:36, 72.15it/s]
 55%|█████▍    | 3159/5794 [00:48<00:36, 72.49it/s]
 55%|█████▍    | 3167/5794 [00:48<00:36, 72.53it/s]
 55%|█████▍    | 3175/5794 [00:48<00:35, 72.83it/s]
 55%|█████▍    | 3183/5794 [00:48<00:36, 71.93it/s]
 55%|█████▌    | 3191/5794 [00:48<00:37, 69.43it/s]
 55%|█████▌    | 3198/5794 [00:48<00:38, 67.88it/s]
 55%|█████▌    | 3205/5794 [00:49<00:38, 66.60it/s]
 55%|█████▌    | 3212/5794 [00:49<00:39, 65.80it/s]
 56%|█████▌    | 3219/5794 [00:49<00:39, 65.01it/s]
 56%|█████▌    | 3226/5794 [00:49<00:39, 64.63it/s]
 56%|█████▌    | 3233/5794 [00:49<00:39, 64.42it/s]
 56%|█████▌    | 3240/5794 [00:49<00:39, 64.78it/s]
 56%|█████▌    | 3248/5794 [00:49<00:37, 67.36it/s]
 56%|█████▌    | 3256/5794 [00:49<00:36, 69.04it/s]
 56%|█████▋    | 3264/5794 [00:49<00:35, 70.30it/s]
 56%|█████▋    | 3272/5794 [00:50<00:35, 71.03it/s]
 57%|█████▋    | 3280/5794 [00:50<00:35, 71.77it/s]
 57%|█████▋    | 3288/5794 [00:50<00:34, 72.15it/s]
 57%|█████▋    | 3296/5794 [00:50<00:34, 72.53it/s]
 57%|█████▋    | 3304/5794 [00:50<00:34, 72.61it/s]
 57%|█████▋    | 3312/5794 [00:50<00:34, 72.96it/s]
 57%|█████▋    | 3320/5794 [00:50<00:33, 72.85it/s]
 57%|█████▋    | 3328/5794 [00:50<00:33, 72.98it/s]
 58%|█████▊    | 3336/5794 [00:50<00:33, 72.92it/s]
 58%|█████▊    | 3344/5794 [00:51<00:33, 73.04it/s]
 58%|█████▊    | 3352/5794 [00:51<00:33, 73.10it/s]
 58%|█████▊    | 3360/5794 [00:51<00:33, 73.07it/s]
 58%|█████▊    | 3368/5794 [00:51<00:34, 70.07it/s]
 58%|█████▊    | 3376/5794 [00:51<00:35, 68.05it/s]
 58%|█████▊    | 3383/5794 [00:51<00:36, 66.88it/s]
 59%|█████▊    | 3390/5794 [00:51<00:36, 65.93it/s]
 59%|█████▊    | 3397/5794 [00:51<00:36, 65.42it/s]
 59%|█████▉    | 3404/5794 [00:51<00:36, 64.83it/s]
 59%|█████▉    | 3411/5794 [00:52<00:36, 64.67it/s]
 59%|█████▉    | 3418/5794 [00:52<00:36, 64.51it/s]
 59%|█████▉    | 3425/5794 [00:52<00:36, 64.30it/s]
 59%|█████▉    | 3432/5794 [00:52<00:36, 64.17it/s]
 59%|█████▉    | 3439/5794 [00:52<00:36, 63.86it/s]
 59%|█████▉    | 3446/5794 [00:52<00:36, 63.89it/s]
 60%|█████▉    | 3453/5794 [00:52<00:36, 63.86it/s]
 60%|█████▉    | 3460/5794 [00:52<00:36, 63.17it/s]
 60%|█████▉    | 3467/5794 [00:52<00:36, 63.47it/s]
 60%|█████▉    | 3474/5794 [00:53<00:36, 63.53it/s]
 60%|██████    | 3481/5794 [00:53<00:36, 63.80it/s]
 60%|██████    | 3488/5794 [00:53<00:36, 63.94it/s]
 60%|██████    | 3495/5794 [00:53<00:35, 63.94it/s]
 60%|██████    | 3502/5794 [00:53<00:35, 64.01it/s]
 61%|██████    | 3509/5794 [00:53<00:35, 63.87it/s]
 61%|██████    | 3516/5794 [00:53<00:35, 63.92it/s]
 61%|██████    | 3523/5794 [00:53<00:35, 63.77it/s]
 61%|██████    | 3530/5794 [00:53<00:35, 64.00it/s]
 61%|██████    | 3537/5794 [00:54<00:35, 64.09it/s]
 61%|██████    | 3544/5794 [00:54<00:35, 63.95it/s]
 61%|██████▏   | 3551/5794 [00:54<00:35, 64.04it/s]
 61%|██████▏   | 3558/5794 [00:54<00:35, 63.85it/s]
 62%|██████▏   | 3565/5794 [00:54<00:34, 63.93it/s]
 62%|██████▏   | 3572/5794 [00:54<00:34, 64.07it/s]
 62%|██████▏   | 3579/5794 [00:54<00:34, 64.12it/s]
 62%|██████▏   | 3586/5794 [00:54<00:34, 64.32it/s]
 62%|██████▏   | 3593/5794 [00:54<00:34, 64.17it/s]
 62%|██████▏   | 3600/5794 [00:54<00:34, 64.31it/s]
 62%|██████▏   | 3607/5794 [00:55<00:33, 64.33it/s]
 62%|██████▏   | 3614/5794 [00:55<00:33, 64.31it/s]
 62%|██████▏   | 3621/5794 [00:55<00:33, 64.33it/s]
 63%|██████▎   | 3628/5794 [00:55<00:33, 64.14it/s]
 63%|██████▎   | 3635/5794 [00:55<00:33, 64.30it/s]
 63%|██████▎   | 3642/5794 [00:55<00:33, 64.26it/s]
 63%|██████▎   | 3649/5794 [00:55<00:33, 64.36it/s]
 63%|██████▎   | 3656/5794 [00:55<00:33, 64.41it/s]
 63%|██████▎   | 3663/5794 [00:55<00:33, 64.30it/s]
 63%|██████▎   | 3670/5794 [00:56<00:32, 64.40it/s]
 63%|██████▎   | 3677/5794 [00:56<00:32, 64.25it/s]
 64%|██████▎   | 3684/5794 [00:56<00:32, 64.36it/s]
 64%|██████▎   | 3691/5794 [00:56<00:32, 64.39it/s]
 64%|██████▍   | 3698/5794 [00:56<00:32, 64.32it/s]
 64%|██████▍   | 3705/5794 [00:56<00:32, 64.31it/s]
 64%|██████▍   | 3712/5794 [00:56<00:32, 64.33it/s]
 64%|██████▍   | 3719/5794 [00:56<00:32, 64.44it/s]
 64%|██████▍   | 3727/5794 [00:56<00:31, 66.52it/s]
 64%|██████▍   | 3735/5794 [00:57<00:30, 68.63it/s]
 65%|██████▍   | 3743/5794 [00:57<00:29, 70.01it/s]
 65%|██████▍   | 3751/5794 [00:57<00:28, 70.99it/s]
 65%|██████▍   | 3759/5794 [00:57<00:28, 71.75it/s]
 65%|██████▌   | 3767/5794 [00:57<00:28, 72.13it/s]
 65%|██████▌   | 3775/5794 [00:57<00:27, 72.46it/s]
 65%|██████▌   | 3783/5794 [00:57<00:27, 72.62it/s]
 65%|██████▌   | 3791/5794 [00:57<00:27, 72.86it/s]
 66%|██████▌   | 3799/5794 [00:57<00:27, 72.87it/s]
 66%|██████▌   | 3807/5794 [00:58<00:27, 73.12it/s]
 66%|██████▌   | 3815/5794 [00:58<00:27, 73.13it/s]
 66%|██████▌   | 3823/5794 [00:58<00:26, 73.28it/s]
 66%|██████▌   | 3831/5794 [00:58<00:26, 73.14it/s]
 66%|██████▋   | 3839/5794 [00:58<00:26, 73.20it/s]
 66%|██████▋   | 3847/5794 [00:58<00:26, 73.09it/s]
 67%|██████▋   | 3855/5794 [00:58<00:26, 73.20it/s]
 67%|██████▋   | 3863/5794 [00:58<00:26, 73.16it/s]
 67%|██████▋   | 3871/5794 [00:58<00:26, 73.21it/s]
 67%|██████▋   | 3879/5794 [00:59<00:26, 73.21it/s]
 67%|██████▋   | 3887/5794 [00:59<00:26, 72.91it/s]
 67%|██████▋   | 3895/5794 [00:59<00:26, 72.76it/s]
 67%|██████▋   | 3903/5794 [00:59<00:26, 72.43it/s]
 68%|██████▊   | 3911/5794 [00:59<00:26, 71.11it/s]
 68%|██████▊   | 3919/5794 [00:59<00:27, 69.06it/s]
 68%|██████▊   | 3926/5794 [00:59<00:27, 67.97it/s]
 68%|██████▊   | 3933/5794 [00:59<00:27, 67.00it/s]
 68%|██████▊   | 3940/5794 [00:59<00:27, 66.46it/s]
 68%|██████▊   | 3947/5794 [01:00<00:27, 66.04it/s]
 68%|██████▊   | 3954/5794 [01:00<00:28, 65.69it/s]
 68%|██████▊   | 3961/5794 [01:00<00:27, 65.57it/s]
 68%|██████▊   | 3968/5794 [01:00<00:27, 65.31it/s]
 69%|██████▊   | 3975/5794 [01:00<00:27, 65.18it/s]
 69%|██████▊   | 3982/5794 [01:00<00:27, 64.93it/s]
 69%|██████▉   | 3989/5794 [01:00<00:27, 64.95it/s]
 69%|██████▉   | 3996/5794 [01:00<00:27, 64.91it/s]
 69%|██████▉   | 4003/5794 [01:00<00:27, 64.84it/s]
 69%|██████▉   | 4010/5794 [01:01<00:27, 64.90it/s]
 69%|██████▉   | 4017/5794 [01:01<00:27, 64.87it/s]
 69%|██████▉   | 4024/5794 [01:01<00:27, 65.00it/s]
 70%|██████▉   | 4032/5794 [01:01<00:26, 67.38it/s]
 70%|██████▉   | 4040/5794 [01:01<00:25, 68.98it/s]
 70%|██████▉   | 4048/5794 [01:01<00:24, 70.20it/s]
 70%|███████   | 4056/5794 [01:01<00:24, 70.90it/s]
 70%|███████   | 4064/5794 [01:01<00:24, 71.44it/s]
 70%|███████   | 4072/5794 [01:01<00:24, 71.68it/s]
 70%|███████   | 4080/5794 [01:01<00:23, 72.05it/s]
 71%|███████   | 4088/5794 [01:02<00:23, 72.18it/s]
 71%|███████   | 4096/5794 [01:02<00:23, 72.37it/s]
 71%|███████   | 4104/5794 [01:02<00:23, 72.34it/s]
 71%|███████   | 4112/5794 [01:02<00:23, 72.52it/s]
 71%|███████   | 4120/5794 [01:02<00:23, 72.53it/s]
 71%|███████   | 4128/5794 [01:02<00:22, 72.66it/s]
 71%|███████▏  | 4136/5794 [01:02<00:22, 72.21it/s]
 72%|███████▏  | 4144/5794 [01:02<00:23, 71.55it/s]
 72%|███████▏  | 4152/5794 [01:02<00:22, 71.79it/s]
 72%|███████▏  | 4160/5794 [01:03<00:22, 72.19it/s]
 72%|███████▏  | 4168/5794 [01:03<00:22, 72.47it/s]
 72%|███████▏  | 4176/5794 [01:03<00:22, 72.52it/s]
 72%|███████▏  | 4184/5794 [01:03<00:22, 72.65it/s]
 72%|███████▏  | 4192/5794 [01:03<00:22, 72.63it/s]
 72%|███████▏  | 4200/5794 [01:03<00:21, 72.73it/s]
 73%|███████▎  | 4208/5794 [01:03<00:21, 72.74it/s]
 73%|███████▎  | 4216/5794 [01:03<00:21, 72.78it/s]
 73%|███████▎  | 4224/5794 [01:03<00:21, 72.68it/s]
 73%|███████▎  | 4232/5794 [01:04<00:21, 72.73it/s]
 73%|███████▎  | 4240/5794 [01:04<00:21, 72.46it/s]
 73%|███████▎  | 4248/5794 [01:04<00:21, 72.27it/s]
 73%|███████▎  | 4256/5794 [01:04<00:21, 72.05it/s]
 74%|███████▎  | 4264/5794 [01:04<00:21, 70.88it/s]
 74%|███████▎  | 4272/5794 [01:04<00:22, 68.85it/s]
 74%|███████▍  | 4279/5794 [01:04<00:22, 67.78it/s]
 74%|███████▍  | 4286/5794 [01:04<00:22, 66.82it/s]
 74%|███████▍  | 4293/5794 [01:04<00:22, 66.06it/s]
 74%|███████▍  | 4300/5794 [01:05<00:22, 65.66it/s]
 74%|███████▍  | 4307/5794 [01:05<00:22, 65.22it/s]
 74%|███████▍  | 4314/5794 [01:05<00:22, 64.99it/s]
 75%|███████▍  | 4321/5794 [01:05<00:22, 64.85it/s]
 75%|███████▍  | 4328/5794 [01:05<00:22, 64.60it/s]
 75%|███████▍  | 4335/5794 [01:05<00:22, 64.57it/s]
 75%|███████▍  | 4342/5794 [01:05<00:22, 64.37it/s]
 75%|███████▌  | 4349/5794 [01:05<00:22, 64.43it/s]
 75%|███████▌  | 4356/5794 [01:05<00:22, 64.25it/s]
 75%|███████▌  | 4363/5794 [01:06<00:22, 64.37it/s]
 75%|███████▌  | 4370/5794 [01:06<00:22, 64.43it/s]
 76%|███████▌  | 4377/5794 [01:06<00:22, 64.31it/s]
 76%|███████▌  | 4384/5794 [01:06<00:21, 64.35it/s]
 76%|███████▌  | 4391/5794 [01:06<00:21, 64.23it/s]
 76%|███████▌  | 4398/5794 [01:06<00:21, 64.36it/s]
 76%|███████▌  | 4405/5794 [01:06<00:21, 64.47it/s]
 76%|███████▌  | 4412/5794 [01:06<00:21, 64.43it/s]
 76%|███████▋  | 4419/5794 [01:06<00:21, 64.53it/s]
 76%|███████▋  | 4426/5794 [01:07<00:21, 64.51it/s]
 77%|███████▋  | 4433/5794 [01:07<00:21, 64.56it/s]
 77%|███████▋  | 4440/5794 [01:07<00:20, 64.71it/s]
 77%|███████▋  | 4447/5794 [01:07<00:20, 64.66it/s]
 77%|███████▋  | 4454/5794 [01:07<00:20, 64.88it/s]
 77%|███████▋  | 4462/5794 [01:07<00:19, 67.26it/s]
 77%|███████▋  | 4470/5794 [01:07<00:19, 69.05it/s]
 77%|███████▋  | 4478/5794 [01:07<00:18, 70.11it/s]
 77%|███████▋  | 4486/5794 [01:07<00:18, 70.97it/s]
 78%|███████▊  | 4494/5794 [01:08<00:18, 71.50it/s]
 78%|███████▊  | 4502/5794 [01:08<00:17, 72.04it/s]
 78%|███████▊  | 4510/5794 [01:08<00:17, 72.24it/s]
 78%|███████▊  | 4518/5794 [01:08<00:17, 72.53it/s]
 78%|███████▊  | 4526/5794 [01:08<00:17, 72.54it/s]
 78%|███████▊  | 4534/5794 [01:08<00:17, 72.75it/s]
 78%|███████▊  | 4542/5794 [01:08<00:17, 72.84it/s]
 79%|███████▊  | 4550/5794 [01:08<00:17, 72.77it/s]
 79%|███████▊  | 4558/5794 [01:08<00:16, 72.86it/s]
 79%|███████▉  | 4566/5794 [01:09<00:16, 72.82it/s]
 79%|███████▉  | 4574/5794 [01:09<00:16, 72.61it/s]
 79%|███████▉  | 4582/5794 [01:09<00:16, 72.26it/s]
 79%|███████▉  | 4590/5794 [01:09<00:16, 72.20it/s]
 79%|███████▉  | 4598/5794 [01:09<00:16, 71.98it/s]
 79%|███████▉  | 4606/5794 [01:09<00:16, 71.27it/s]
 80%|███████▉  | 4614/5794 [01:09<00:16, 71.33it/s]
 80%|███████▉  | 4622/5794 [01:09<00:16, 71.54it/s]
 80%|███████▉  | 4630/5794 [01:09<00:16, 71.48it/s]
 80%|████████  | 4638/5794 [01:10<00:16, 71.69it/s]
 80%|████████  | 4646/5794 [01:10<00:16, 71.65it/s]
 80%|████████  | 4654/5794 [01:10<00:15, 71.76it/s]
 80%|████████  | 4662/5794 [01:10<00:15, 71.65it/s]
 81%|████████  | 4670/5794 [01:10<00:15, 71.71it/s]
 81%|████████  | 4678/5794 [01:10<00:15, 71.78it/s]
 81%|████████  | 4686/5794 [01:10<00:15, 71.68it/s]
 81%|████████  | 4694/5794 [01:10<00:15, 71.73it/s]
 81%|████████  | 4702/5794 [01:10<00:15, 71.63it/s]
 81%|████████▏ | 4710/5794 [01:11<00:15, 71.69it/s]
 81%|████████▏ | 4718/5794 [01:11<00:15, 70.91it/s]
 82%|████████▏ | 4726/5794 [01:11<00:15, 68.59it/s]
 82%|████████▏ | 4733/5794 [01:11<00:15, 67.02it/s]
 82%|████████▏ | 4740/5794 [01:11<00:15, 66.10it/s]
 82%|████████▏ | 4747/5794 [01:11<00:16, 65.23it/s]
 82%|████████▏ | 4754/5794 [01:11<00:15, 66.00it/s]
 82%|████████▏ | 4762/5794 [01:11<00:15, 67.74it/s]
 82%|████████▏ | 4770/5794 [01:11<00:14, 68.88it/s]
 82%|████████▏ | 4778/5794 [01:12<00:14, 69.75it/s]
 83%|████████▎ | 4786/5794 [01:12<00:14, 70.27it/s]
 83%|████████▎ | 4794/5794 [01:12<00:14, 70.79it/s]
 83%|████████▎ | 4802/5794 [01:12<00:13, 70.98it/s]
 83%|████████▎ | 4810/5794 [01:12<00:13, 71.29it/s]
 83%|████████▎ | 4818/5794 [01:12<00:13, 71.32it/s]
 83%|████████▎ | 4826/5794 [01:12<00:13, 71.33it/s]
 83%|████████▎ | 4834/5794 [01:12<00:13, 69.93it/s]
 84%|████████▎ | 4841/5794 [01:12<00:13, 68.18it/s]
 84%|████████▎ | 4848/5794 [01:13<00:14, 66.85it/s]
 84%|████████▍ | 4855/5794 [01:13<00:14, 65.79it/s]
 84%|████████▍ | 4862/5794 [01:13<00:14, 65.39it/s]
 84%|████████▍ | 4869/5794 [01:13<00:14, 65.03it/s]
 84%|████████▍ | 4876/5794 [01:13<00:14, 64.91it/s]
 84%|████████▍ | 4883/5794 [01:13<00:14, 64.70it/s]
 84%|████████▍ | 4890/5794 [01:13<00:13, 64.79it/s]
 85%|████████▍ | 4897/5794 [01:13<00:13, 64.73it/s]
 85%|████████▍ | 4904/5794 [01:13<00:13, 64.65it/s]
 85%|████████▍ | 4911/5794 [01:14<00:13, 64.72it/s]
 85%|████████▍ | 4918/5794 [01:14<00:13, 64.49it/s]
 85%|████████▌ | 4925/5794 [01:14<00:13, 64.35it/s]
 85%|████████▌ | 4932/5794 [01:14<00:13, 64.12it/s]
 85%|████████▌ | 4939/5794 [01:14<00:13, 64.04it/s]
 85%|████████▌ | 4946/5794 [01:14<00:13, 64.19it/s]
 85%|████████▌ | 4953/5794 [01:14<00:13, 64.21it/s]
 86%|████████▌ | 4960/5794 [01:14<00:12, 64.40it/s]
 86%|████████▌ | 4967/5794 [01:14<00:12, 64.50it/s]
 86%|████████▌ | 4974/5794 [01:15<00:12, 64.46it/s]
 86%|████████▌ | 4981/5794 [01:15<00:12, 64.61it/s]
 86%|████████▌ | 4988/5794 [01:15<00:12, 64.52it/s]
 86%|████████▌ | 4995/5794 [01:15<00:12, 64.62it/s]
 86%|████████▋ | 5002/5794 [01:15<00:12, 64.48it/s]
 86%|████████▋ | 5009/5794 [01:15<00:12, 64.64it/s]
 87%|████████▋ | 5016/5794 [01:15<00:12, 64.71it/s]
 87%|████████▋ | 5023/5794 [01:15<00:11, 64.62it/s]
 87%|████████▋ | 5030/5794 [01:15<00:11, 64.71it/s]
 87%|████████▋ | 5037/5794 [01:15<00:11, 64.54it/s]
 87%|████████▋ | 5044/5794 [01:16<00:11, 64.60it/s]
 87%|████████▋ | 5051/5794 [01:16<00:11, 64.62it/s]
 87%|████████▋ | 5058/5794 [01:16<00:11, 64.54it/s]
 87%|████████▋ | 5065/5794 [01:16<00:11, 64.64it/s]
 88%|████████▊ | 5072/5794 [01:16<00:11, 64.43it/s]
 88%|████████▊ | 5079/5794 [01:16<00:11, 64.54it/s]
 88%|████████▊ | 5086/5794 [01:16<00:10, 64.61it/s]
 88%|████████▊ | 5093/5794 [01:16<00:10, 64.53it/s]
 88%|████████▊ | 5100/5794 [01:16<00:10, 64.63it/s]
 88%|████████▊ | 5107/5794 [01:17<00:10, 64.49it/s]
 88%|████████▊ | 5114/5794 [01:17<00:10, 64.62it/s]
 88%|████████▊ | 5121/5794 [01:17<00:10, 64.48it/s]
 89%|████████▊ | 5128/5794 [01:17<00:10, 64.54it/s]
 89%|████████▊ | 5135/5794 [01:17<00:10, 64.54it/s]
 89%|████████▊ | 5142/5794 [01:17<00:10, 64.47it/s]
 89%|████████▉ | 5149/5794 [01:17<00:09, 64.62it/s]
 89%|████████▉ | 5156/5794 [01:17<00:09, 64.53it/s]
 89%|████████▉ | 5163/5794 [01:17<00:09, 64.61it/s]
 89%|████████▉ | 5170/5794 [01:18<00:09, 64.71it/s]
 89%|████████▉ | 5177/5794 [01:18<00:09, 64.63it/s]
 89%|████████▉ | 5184/5794 [01:18<00:09, 64.70it/s]
 90%|████████▉ | 5191/5794 [01:18<00:09, 64.57it/s]
 90%|████████▉ | 5198/5794 [01:18<00:09, 64.63it/s]
 90%|████████▉ | 5205/5794 [01:18<00:09, 64.69it/s]
 90%|████████▉ | 5212/5794 [01:18<00:09, 64.66it/s]
 90%|█████████ | 5219/5794 [01:18<00:08, 64.67it/s]
 90%|█████████ | 5226/5794 [01:18<00:08, 64.57it/s]
 90%|█████████ | 5233/5794 [01:19<00:08, 64.60it/s]
 90%|█████████ | 5240/5794 [01:19<00:08, 64.29it/s]
 91%|█████████ | 5247/5794 [01:19<00:08, 64.24it/s]
 91%|█████████ | 5254/5794 [01:19<00:08, 64.02it/s]
 91%|█████████ | 5261/5794 [01:19<00:08, 63.94it/s]
 91%|█████████ | 5268/5794 [01:19<00:08, 64.19it/s]
 91%|█████████ | 5275/5794 [01:19<00:08, 64.19it/s]
 91%|█████████ | 5282/5794 [01:19<00:07, 64.42it/s]
 91%|█████████▏| 5289/5794 [01:19<00:07, 64.54it/s]
 91%|█████████▏| 5296/5794 [01:20<00:07, 64.50it/s]
 92%|█████████▏| 5303/5794 [01:20<00:07, 64.64it/s]
 92%|█████████▏| 5310/5794 [01:20<00:07, 64.60it/s]
 92%|█████████▏| 5317/5794 [01:20<00:07, 64.77it/s]
 92%|█████████▏| 5324/5794 [01:20<00:07, 64.76it/s]
 92%|█████████▏| 5331/5794 [01:20<00:07, 64.62it/s]
 92%|█████████▏| 5338/5794 [01:20<00:07, 64.70it/s]
 92%|█████████▏| 5345/5794 [01:20<00:06, 64.69it/s]
 92%|█████████▏| 5352/5794 [01:20<00:06, 64.77it/s]
 92%|█████████▏| 5359/5794 [01:20<00:06, 64.48it/s]
 93%|█████████▎| 5366/5794 [01:21<00:06, 64.59it/s]
 93%|█████████▎| 5373/5794 [01:21<00:06, 64.61it/s]
 93%|█████████▎| 5380/5794 [01:21<00:06, 64.49it/s]
 93%|█████████▎| 5387/5794 [01:21<00:06, 64.62it/s]
 93%|█████████▎| 5394/5794 [01:21<00:06, 64.51it/s]
 93%|█████████▎| 5401/5794 [01:21<00:06, 64.67it/s]
 93%|█████████▎| 5408/5794 [01:21<00:05, 64.76it/s]
 93%|█████████▎| 5415/5794 [01:21<00:05, 64.66it/s]
 94%|█████████▎| 5422/5794 [01:21<00:05, 64.67it/s]
 94%|█████████▎| 5429/5794 [01:22<00:05, 64.56it/s]
 94%|█████████▍| 5436/5794 [01:22<00:05, 64.68it/s]
 94%|█████████▍| 5443/5794 [01:22<00:05, 64.64it/s]
 94%|█████████▍| 5450/5794 [01:22<00:05, 64.49it/s]
 94%|█████████▍| 5457/5794 [01:22<00:05, 64.50it/s]
 94%|█████████▍| 5464/5794 [01:22<00:05, 64.47it/s]
 94%|█████████▍| 5471/5794 [01:22<00:05, 64.51it/s]
 95%|█████████▍| 5478/5794 [01:22<00:04, 64.37it/s]
 95%|█████████▍| 5485/5794 [01:22<00:04, 64.56it/s]
 95%|█████████▍| 5492/5794 [01:23<00:04, 64.61it/s]
 95%|█████████▍| 5499/5794 [01:23<00:04, 64.58it/s]
 95%|█████████▌| 5506/5794 [01:23<00:04, 64.72it/s]
 95%|█████████▌| 5513/5794 [01:23<00:04, 64.62it/s]
 95%|█████████▌| 5520/5794 [01:23<00:04, 64.74it/s]
 95%|█████████▌| 5527/5794 [01:23<00:04, 64.75it/s]
 96%|█████████▌| 5534/5794 [01:23<00:04, 64.62it/s]
 96%|█████████▌| 5541/5794 [01:23<00:03, 64.03it/s]
 96%|█████████▌| 5548/5794 [01:23<00:03, 64.16it/s]
 96%|█████████▌| 5555/5794 [01:24<00:03, 64.41it/s]
 96%|█████████▌| 5562/5794 [01:24<00:03, 64.34it/s]
 96%|█████████▌| 5569/5794 [01:24<00:03, 64.16it/s]
 96%|█████████▌| 5576/5794 [01:24<00:03, 64.01it/s]
 96%|█████████▋| 5583/5794 [01:24<00:03, 63.94it/s]
 96%|█████████▋| 5590/5794 [01:24<00:03, 64.22it/s]
 97%|█████████▋| 5597/5794 [01:24<00:03, 64.22it/s]
 97%|█████████▋| 5604/5794 [01:24<00:02, 64.41it/s]
 97%|█████████▋| 5611/5794 [01:24<00:02, 64.53it/s]
 97%|█████████▋| 5618/5794 [01:24<00:02, 64.48it/s]
 97%|█████████▋| 5625/5794 [01:25<00:02, 64.63it/s]
 97%|█████████▋| 5632/5794 [01:25<00:02, 64.52it/s]
 97%|█████████▋| 5639/5794 [01:25<00:02, 64.69it/s]
 97%|█████████▋| 5646/5794 [01:25<00:02, 64.71it/s]
 98%|█████████▊| 5653/5794 [01:25<00:02, 64.25it/s]
 98%|█████████▊| 5660/5794 [01:25<00:02, 64.46it/s]
 98%|█████████▊| 5667/5794 [01:25<00:01, 64.38it/s]
 98%|█████████▊| 5674/5794 [01:25<00:01, 64.55it/s]
 98%|█████████▊| 5681/5794 [01:25<00:01, 64.64it/s]
 98%|█████████▊| 5688/5794 [01:26<00:01, 64.62it/s]
 98%|█████████▊| 5695/5794 [01:26<00:01, 64.69it/s]
 98%|█████████▊| 5702/5794 [01:26<00:01, 64.59it/s]
 99%|█████████▊| 5709/5794 [01:26<00:01, 64.67it/s]
 99%|█████████▊| 5716/5794 [01:26<00:01, 64.56it/s]
 99%|█████████▉| 5723/5794 [01:26<00:01, 64.64it/s]
 99%|█████████▉| 5730/5794 [01:26<00:00, 64.68it/s]
 99%|█████████▉| 5737/5794 [01:26<00:00, 64.70it/s]
 99%|█████████▉| 5744/5794 [01:26<00:00, 64.77it/s]
 99%|█████████▉| 5751/5794 [01:27<00:00, 64.66it/s]
 99%|█████████▉| 5758/5794 [01:27<00:00, 64.77it/s]
 99%|█████████▉| 5765/5794 [01:27<00:00, 64.65it/s]
100%|█████████▉| 5772/5794 [01:27<00:00, 64.81it/s]
100%|█████████▉| 5780/5794 [01:27<00:00, 67.27it/s]
100%|█████████▉| 5788/5794 [01:27<00:00, 68.87it/s]
100%|██████████| 5794/5794 [01:27<00:00, 66.02it/s]
BALANCED ACCS CHECKED FOR TEST
TEST SET RESULTS FOR CHECKPOINT trained_weights/waterbirds/upweight_waterbird_1.0_forest2water2_21048936_trial_000/best_balanced_valacc_0.63_epoch_0.ckpt
test_acc: 0.596479116327235
balanced_test_acc: 0.6201889535887712
Land_on_Land_test_acc: 0.9800443458980045
Land_on_Water_test_acc: 0.17516629711751663
Water_on_Land_test_acc: 0.3582554517133956
Water_on_Water_test_acc: 0.9672897196261683
test_acc_Waterbird: 0.6627725856697819
test_acc_Landbird: 0.5776053215077606
