[CMD] /home/ryreu/miniconda3/envs/gals_a100/bin/python -u main.py --config configs/waterbirds_100_gradcam_vit.yaml --name gradcam_waterbird_1.0_forest2water2_21048936_trial_000 DATA.ROOT=/home/ryreu/guided_cnn/waterbirds DATA.WATERBIRDS_DIR=waterbird_1.0_forest2water2 SEED=0 EXP.BASE.LR=0.0010000000000000002 EXP.CLASSIFIER.LR=9.999999999999991e-05 EXP.WEIGHT_DECAY=9.999999999999997e-06 EXP.AUX_LOSSES_ON_VAL=False EXP.LOSSES.GRADCAM.WEIGHT=1.0 EXP.NUM_EPOCHS=1
SEED: 0
DATA:
  BATCH_SIZE: 96
  NUM_WORKERS: 4
  SIZE: 224
  NORMALIZATION: imagenet
  ATTENTION_DIR: clip_vit_attention
  SEPARATE_CLASSES: false
  REMOVE_BACKGROUND: false
  ROOT: /home/ryreu/guided_cnn/waterbirds
  USE_CLASS_WEIGHTS: false
  USE_GROUP_WEIGHTS: false
  DATASET: waterbirds
  NUM_CLASSES: 2
  CONFOUNDING_FACTOR: 1.0
  WATERBIRDS_DIR: waterbird_1.0_forest2water2
EXP:
  NUM_TRIALS: 1
  LOSSES:
    CLASSIFICATION:
      WEIGHT: 1
    GRADIENT_OUTSIDE:
      COMPUTE: false
      LOG: false
      WEIGHT: 10000
      CRITERION: L1
      GT: clip_vit
      COMBINE_ATT_MODE: average_nonzero
    GRADIENT_INSIDE:
      COMPUTE: false
      LOG: false
      WEIGHT: 1
      CRITERION: L1
      GT: segmentation
      COMBINE_ATT_MODE: average_nonzero
    GRADCAM:
      COMPUTE: true
      LOG: false
      WEIGHT: 1.0
      CRITERION: L1
      GT: clip_vit
      MODE: match
      COMBINE_ATT_MODE: average_nonzero
  APPROACH: generic
  MODEL: resnet50
  PRETRAINED: true
  NUM_EPOCHS: 1
  OPTIMIZER: SGD
  WEIGHT_DECAY: 9.999999999999997e-06
  MOMENTUM: 0.9
  SCHEDULER: NONE
  BASE:
    LR: 0.0010000000000000002
  CLASSIFIER:
    LR: 9.999999999999991e-05
  AUX_LOSSES_ON_VAL: false
LOGGING:
  SAVE_EVERY: 0
  SAVE_BEST: true
  SAVE_LAST: false
  LOG_ATTENTION: false
  LOG_ATTENTION_STEP: 10
  SAVE_STATS_PATH: null
yaml: configs/waterbirds_100_gradcam_vit.yaml
name: gradcam_waterbird_1.0_forest2water2_21048936_trial_000
test_checkpoint: null

WATERBIRDS DIR: /home/ryreu/guided_cnn/waterbirds/waterbird_1.0_forest2water2
NUMBER OF SAMPLES WITH LABEL Landbird: 3684
NUMBER OF SAMPLES WITH LABEL Waterbird: 1111
NUMBER OF SAMPLES WITH GROUP Land_on_Land: 3684
NUMBER OF SAMPLES WITH GROUP Land_on_Water: 0
NUMBER OF SAMPLES WITH GROUP Water_on_Land: 0
NUMBER OF SAMPLES WITH GROUP Water_on_Water: 1111
WATERBIRDS DIR: /home/ryreu/guided_cnn/waterbirds/waterbird_1.0_forest2water2
NUMBER OF SAMPLES WITH LABEL Landbird: 931
NUMBER OF SAMPLES WITH LABEL Waterbird: 268
NUMBER OF SAMPLES WITH GROUP Land_on_Land: 465
NUMBER OF SAMPLES WITH GROUP Land_on_Water: 466
NUMBER OF SAMPLES WITH GROUP Water_on_Land: 134
NUMBER OF SAMPLES WITH GROUP Water_on_Water: 134
NUM TRAIN: 4795

NUM VAL:   1199

Number classifier outputs: 1
Using pretrained model: True
USING SGD OPTIMIZER
class weights: None
group weights: None
WANDB DISABLED: skipping wandb.init()
EPOCH: 0

>>> TRAINING 


  0%|          | 0/50 [00:00<?, ?it/s]
  2%|▏         | 1/50 [00:03<02:52,  3.52s/it]
  4%|▍         | 2/50 [00:03<01:15,  1.58s/it]
  6%|▌         | 3/50 [00:03<00:44,  1.05it/s]
  8%|▊         | 4/50 [00:04<00:30,  1.52it/s]
 10%|█         | 5/50 [00:04<00:22,  2.00it/s]
 12%|█▏        | 6/50 [00:04<00:17,  2.49it/s]
 14%|█▍        | 7/50 [00:04<00:14,  2.96it/s]
 16%|█▌        | 8/50 [00:04<00:12,  3.39it/s]
 18%|█▊        | 9/50 [00:05<00:10,  3.77it/s]
 20%|██        | 10/50 [00:05<00:09,  4.05it/s]
 22%|██▏       | 11/50 [00:05<00:09,  4.27it/s]
 24%|██▍       | 12/50 [00:05<00:08,  4.40it/s]
 26%|██▌       | 13/50 [00:06<00:08,  4.52it/s]
 28%|██▊       | 14/50 [00:06<00:08,  4.50it/s]
 30%|███       | 15/50 [00:06<00:07,  4.47it/s]
 32%|███▏      | 16/50 [00:06<00:07,  4.51it/s]
 34%|███▍      | 17/50 [00:06<00:07,  4.47it/s]
 36%|███▌      | 18/50 [00:07<00:07,  4.49it/s]
 38%|███▊      | 19/50 [00:07<00:06,  4.48it/s]
 40%|████      | 20/50 [00:07<00:06,  4.49it/s]
 42%|████▏     | 21/50 [00:07<00:06,  4.62it/s]
 44%|████▍     | 22/50 [00:08<00:06,  4.53it/s]
 46%|████▌     | 23/50 [00:08<00:06,  4.50it/s]
 48%|████▊     | 24/50 [00:08<00:05,  4.49it/s]
 50%|█████     | 25/50 [00:08<00:05,  4.52it/s]
 52%|█████▏    | 26/50 [00:08<00:05,  4.49it/s]
 54%|█████▍    | 27/50 [00:09<00:05,  4.51it/s]
 56%|█████▌    | 28/50 [00:09<00:04,  4.53it/s]
 58%|█████▊    | 29/50 [00:09<00:04,  4.66it/s]
 60%|██████    | 30/50 [00:09<00:04,  4.73it/s]
 62%|██████▏   | 31/50 [00:09<00:04,  4.63it/s]
 64%|██████▍   | 32/50 [00:10<00:03,  4.61it/s]
 66%|██████▌   | 33/50 [00:10<00:03,  4.71it/s]
 68%|██████▊   | 34/50 [00:10<00:03,  4.79it/s]
 70%|███████   | 35/50 [00:10<00:03,  4.72it/s]
 72%|███████▏  | 36/50 [00:11<00:03,  4.66it/s]
 74%|███████▍  | 37/50 [00:11<00:02,  4.71it/s]
 76%|███████▌  | 38/50 [00:11<00:02,  4.62it/s]
 78%|███████▊  | 39/50 [00:11<00:02,  4.60it/s]
 80%|████████  | 40/50 [00:11<00:02,  4.58it/s]
 82%|████████▏ | 41/50 [00:12<00:01,  4.67it/s]
 84%|████████▍ | 42/50 [00:12<00:01,  4.74it/s]
 86%|████████▌ | 43/50 [00:12<00:01,  4.69it/s]
 88%|████████▊ | 44/50 [00:12<00:01,  4.68it/s]
 90%|█████████ | 45/50 [00:12<00:01,  4.70it/s]
 92%|█████████▏| 46/50 [00:13<00:00,  4.66it/s]
 94%|█████████▍| 47/50 [00:13<00:00,  4.62it/s]
 96%|█████████▌| 48/50 [00:13<00:00,  4.58it/s]
 98%|█████████▊| 49/50 [00:13<00:00,  4.61it/s]
100%|██████████| 50/50 [00:14<00:00,  4.66it/s]
100%|██████████| 50/50 [00:14<00:00,  3.54it/s]
>>> VALIDATING 


  0%|          | 0/13 [00:00<?, ?it/s]
  8%|▊         | 1/13 [00:01<00:12,  1.04s/it]
 23%|██▎       | 3/13 [00:01<00:03,  3.05it/s]
 38%|███▊      | 5/13 [00:01<00:02,  3.37it/s]
 54%|█████▍    | 7/13 [00:01<00:01,  4.91it/s]
 69%|██████▉   | 9/13 [00:02<00:00,  4.41it/s]
 85%|████████▍ | 11/13 [00:02<00:00,  5.75it/s]
100%|██████████| 13/13 [00:02<00:00,  7.01it/s]
100%|██████████| 13/13 [00:02<00:00,  4.64it/s]
>>> LOGGING 

BALANCED ACCS CHECKED FOR TRAIN
BALANCED ACCS CHECKED FOR VAL
train_acc: 0.724087591240876
val_acc: 0.7231025854879066
train_cls_loss: 0.4831109949085586
val_cls_loss: 0.5058720211022292
train_total_loss: 0.6994085220400559
val_total_loss: 0.5058720211022292
balanced_train_acc: 0.6035568947774257
balanced_val_acc: 0.5732461484200907
Land_on_Land_train_acc: 0.8281758957654723
Land_on_Land_val_acc: 0.9978494623655914
Land_on_Water_train_acc: 0
Land_on_Water_val_acc: 0.6909871244635193
Water_on_Land_train_acc: 0
Water_on_Land_val_acc: 0.03731343283582089
Water_on_Water_train_acc: 0.3789378937893789
Water_on_Water_val_acc: 0.5671641791044776
train_gradcam_clip_vit_loss: 0.2162975325170473
train_acc_Landbird: 0.8281758957654723
train_acc_Waterbird: 0.3789378937893789
val_acc_Landbird: 0.8442534908700322
val_acc_Waterbird: 0.30223880597014924
TRAIN ACC:        0.724087591240876
VAL ACC:          0.7231025854879066
BALANCED VAL ACC: 0.5732461484200907
prev best list: []
Saving to trained_weights/waterbirds/gradcam_waterbird_1.0_forest2water2_21048936_trial_000/best_balanced_valacc_0.57_epoch_0.ckpt
>>> EVALUATING ON TEST SET
WATERBIRDS DIR: /home/ryreu/guided_cnn/waterbirds/waterbird_1.0_forest2water2
NUMBER OF SAMPLES WITH LABEL Landbird: 4510
NUMBER OF SAMPLES WITH LABEL Waterbird: 1284
NUMBER OF SAMPLES WITH GROUP Land_on_Land: 2255
NUMBER OF SAMPLES WITH GROUP Land_on_Water: 2255
NUMBER OF SAMPLES WITH GROUP Water_on_Land: 642
NUMBER OF SAMPLES WITH GROUP Water_on_Water: 642
NUM TEST:   5794

Loaded checkpoint trained_weights/waterbirds/gradcam_waterbird_1.0_forest2water2_21048936_trial_000/best_balanced_valacc_0.57_epoch_0.ckpt

  0%|          | 0/5794 [00:00<?, ?it/s]
  0%|          | 1/5794 [00:00<22:46,  4.24it/s]
  0%|          | 8/5794 [00:00<03:30, 27.51it/s]
  0%|          | 15/5794 [00:00<02:21, 40.70it/s]
  0%|          | 22/5794 [00:00<01:59, 48.29it/s]
  1%|          | 29/5794 [00:00<01:48, 53.35it/s]
  1%|          | 36/5794 [00:00<01:41, 56.63it/s]
  1%|          | 43/5794 [00:00<01:37, 58.75it/s]
  1%|          | 50/5794 [00:01<01:35, 60.24it/s]
  1%|          | 57/5794 [00:01<01:33, 61.20it/s]
  1%|          | 64/5794 [00:01<01:32, 62.03it/s]
  1%|          | 71/5794 [00:01<01:31, 62.57it/s]
  1%|▏         | 78/5794 [00:01<01:31, 62.81it/s]
  1%|▏         | 85/5794 [00:01<01:30, 63.16it/s]
  2%|▏         | 92/5794 [00:01<01:30, 63.06it/s]
  2%|▏         | 99/5794 [00:01<01:30, 63.21it/s]
  2%|▏         | 106/5794 [00:01<01:30, 63.13it/s]
  2%|▏         | 113/5794 [00:02<01:29, 63.22it/s]
  2%|▏         | 120/5794 [00:02<01:29, 63.34it/s]
  2%|▏         | 127/5794 [00:02<01:29, 63.32it/s]
  2%|▏         | 134/5794 [00:02<01:29, 63.41it/s]
  2%|▏         | 141/5794 [00:02<01:29, 63.35it/s]
  3%|▎         | 148/5794 [00:02<01:29, 63.43it/s]
  3%|▎         | 155/5794 [00:02<01:29, 63.31it/s]
  3%|▎         | 162/5794 [00:02<01:28, 63.30it/s]
  3%|▎         | 169/5794 [00:02<01:28, 63.33it/s]
  3%|▎         | 176/5794 [00:02<01:29, 63.12it/s]
  3%|▎         | 183/5794 [00:03<01:28, 63.22it/s]
  3%|▎         | 190/5794 [00:03<01:28, 63.17it/s]
  3%|▎         | 197/5794 [00:03<01:28, 63.15it/s]
  4%|▎         | 204/5794 [00:03<01:28, 62.83it/s]
  4%|▎         | 211/5794 [00:03<01:28, 62.86it/s]
  4%|▍         | 218/5794 [00:03<01:28, 63.13it/s]
  4%|▍         | 225/5794 [00:03<01:28, 63.09it/s]
  4%|▍         | 232/5794 [00:03<01:28, 62.87it/s]
  4%|▍         | 239/5794 [00:03<01:28, 63.09it/s]
  4%|▍         | 246/5794 [00:04<01:27, 63.06it/s]
  4%|▍         | 253/5794 [00:04<01:27, 63.20it/s]
  4%|▍         | 260/5794 [00:04<01:27, 62.97it/s]
  5%|▍         | 267/5794 [00:04<01:27, 63.12it/s]
  5%|▍         | 274/5794 [00:04<01:27, 63.20it/s]
  5%|▍         | 281/5794 [00:04<01:27, 63.14it/s]
  5%|▍         | 288/5794 [00:04<01:27, 63.10it/s]
  5%|▌         | 295/5794 [00:04<01:27, 63.05it/s]
  5%|▌         | 302/5794 [00:04<01:26, 63.23it/s]
  5%|▌         | 309/5794 [00:05<01:26, 63.32it/s]
  5%|▌         | 316/5794 [00:05<01:26, 63.12it/s]
  6%|▌         | 323/5794 [00:05<01:26, 63.10it/s]
  6%|▌         | 330/5794 [00:05<01:26, 63.02it/s]
  6%|▌         | 337/5794 [00:05<01:24, 64.79it/s]
  6%|▌         | 344/5794 [00:05<01:23, 65.17it/s]
  6%|▌         | 351/5794 [00:05<01:25, 64.03it/s]
  6%|▌         | 358/5794 [00:05<01:24, 63.95it/s]
  6%|▋         | 365/5794 [00:05<01:25, 63.85it/s]
  6%|▋         | 372/5794 [00:06<01:25, 63.79it/s]
  7%|▋         | 379/5794 [00:06<01:25, 63.61it/s]
  7%|▋         | 386/5794 [00:06<01:23, 65.08it/s]
  7%|▋         | 394/5794 [00:06<01:20, 67.39it/s]
  7%|▋         | 402/5794 [00:06<01:18, 68.95it/s]
  7%|▋         | 410/5794 [00:06<01:16, 70.25it/s]
  7%|▋         | 418/5794 [00:06<01:15, 71.02it/s]
  7%|▋         | 426/5794 [00:06<01:17, 69.09it/s]
  7%|▋         | 433/5794 [00:06<01:18, 67.91it/s]
  8%|▊         | 440/5794 [00:07<01:20, 66.81it/s]
  8%|▊         | 447/5794 [00:07<01:20, 66.44it/s]
  8%|▊         | 455/5794 [00:07<01:18, 67.94it/s]
  8%|▊         | 463/5794 [00:07<01:17, 69.08it/s]
  8%|▊         | 471/5794 [00:07<01:15, 70.04it/s]
  8%|▊         | 479/5794 [00:07<01:15, 70.71it/s]
  8%|▊         | 487/5794 [00:07<01:14, 71.05it/s]
  9%|▊         | 495/5794 [00:07<01:14, 71.40it/s]
  9%|▊         | 503/5794 [00:07<01:13, 71.60it/s]
  9%|▉         | 511/5794 [00:08<01:13, 71.71it/s]
  9%|▉         | 519/5794 [00:08<01:13, 71.56it/s]
  9%|▉         | 527/5794 [00:08<01:13, 71.74it/s]
  9%|▉         | 535/5794 [00:08<01:13, 71.74it/s]
  9%|▉         | 543/5794 [00:08<01:13, 71.80it/s]
 10%|▉         | 551/5794 [00:08<01:13, 71.73it/s]
 10%|▉         | 559/5794 [00:08<01:12, 71.79it/s]
 10%|▉         | 567/5794 [00:08<01:13, 71.36it/s]
 10%|▉         | 575/5794 [00:08<01:13, 70.93it/s]
 10%|█         | 583/5794 [00:09<01:13, 71.19it/s]
 10%|█         | 591/5794 [00:09<01:12, 71.63it/s]
 10%|█         | 599/5794 [00:09<01:12, 71.63it/s]
 10%|█         | 607/5794 [00:09<01:12, 71.25it/s]
 11%|█         | 615/5794 [00:09<01:12, 71.63it/s]
 11%|█         | 623/5794 [00:09<01:12, 71.70it/s]
 11%|█         | 631/5794 [00:09<01:11, 71.84it/s]
 11%|█         | 639/5794 [00:09<01:11, 71.74it/s]
 11%|█         | 647/5794 [00:09<01:11, 72.01it/s]
 11%|█▏        | 655/5794 [00:10<01:11, 71.95it/s]
 11%|█▏        | 663/5794 [00:10<01:11, 72.18it/s]
 12%|█▏        | 671/5794 [00:10<01:11, 71.95it/s]
 12%|█▏        | 679/5794 [00:10<01:11, 71.74it/s]
 12%|█▏        | 687/5794 [00:10<01:11, 71.42it/s]
 12%|█▏        | 695/5794 [00:10<01:11, 71.48it/s]
 12%|█▏        | 703/5794 [00:10<01:11, 71.50it/s]
 12%|█▏        | 711/5794 [00:10<01:11, 71.58it/s]
 12%|█▏        | 719/5794 [00:10<01:10, 71.56it/s]
 13%|█▎        | 727/5794 [00:11<01:10, 71.69it/s]
 13%|█▎        | 735/5794 [00:11<01:10, 71.60it/s]
 13%|█▎        | 743/5794 [00:11<01:10, 71.74it/s]
 13%|█▎        | 751/5794 [00:11<01:10, 71.93it/s]
 13%|█▎        | 759/5794 [00:11<01:10, 71.80it/s]
 13%|█▎        | 767/5794 [00:11<01:09, 71.85it/s]
 13%|█▎        | 775/5794 [00:11<01:09, 71.93it/s]
 14%|█▎        | 783/5794 [00:11<01:09, 72.16it/s]
 14%|█▎        | 791/5794 [00:11<01:09, 72.23it/s]
 14%|█▍        | 799/5794 [00:12<01:09, 72.35it/s]
 14%|█▍        | 807/5794 [00:12<01:09, 72.27it/s]
 14%|█▍        | 815/5794 [00:12<01:08, 72.39it/s]
 14%|█▍        | 823/5794 [00:12<01:08, 72.36it/s]
 14%|█▍        | 831/5794 [00:12<01:08, 72.27it/s]
 14%|█▍        | 839/5794 [00:12<01:08, 72.03it/s]
 15%|█▍        | 847/5794 [00:12<01:08, 72.16it/s]
 15%|█▍        | 855/5794 [00:12<01:08, 72.04it/s]
 15%|█▍        | 863/5794 [00:12<01:08, 72.10it/s]
 15%|█▌        | 871/5794 [00:13<01:08, 71.83it/s]
 15%|█▌        | 879/5794 [00:13<01:08, 71.91it/s]
 15%|█▌        | 887/5794 [00:13<01:08, 71.91it/s]
 15%|█▌        | 895/5794 [00:13<01:08, 71.18it/s]
 16%|█▌        | 903/5794 [00:13<01:08, 71.23it/s]
 16%|█▌        | 911/5794 [00:13<01:10, 69.57it/s]
 16%|█▌        | 918/5794 [00:13<01:11, 67.93it/s]
 16%|█▌        | 925/5794 [00:13<01:13, 66.66it/s]
 16%|█▌        | 932/5794 [00:13<01:13, 65.83it/s]
 16%|█▌        | 939/5794 [00:14<01:14, 65.06it/s]
 16%|█▋        | 946/5794 [00:14<01:14, 64.78it/s]
 16%|█▋        | 953/5794 [00:14<01:14, 64.59it/s]
 17%|█▋        | 960/5794 [00:14<01:15, 64.23it/s]
 17%|█▋        | 967/5794 [00:14<01:14, 64.83it/s]
 17%|█▋        | 975/5794 [00:14<01:11, 66.97it/s]
 17%|█▋        | 983/5794 [00:14<01:10, 68.66it/s]
 17%|█▋        | 991/5794 [00:14<01:08, 69.71it/s]
 17%|█▋        | 999/5794 [00:14<01:07, 70.57it/s]
 17%|█▋        | 1007/5794 [00:15<01:07, 71.00it/s]
 18%|█▊        | 1015/5794 [00:15<01:07, 70.86it/s]
 18%|█▊        | 1023/5794 [00:15<01:07, 70.92it/s]
 18%|█▊        | 1031/5794 [00:15<01:10, 67.80it/s]
 18%|█▊        | 1038/5794 [00:15<01:11, 66.23it/s]
 18%|█▊        | 1045/5794 [00:15<01:13, 64.34it/s]
 18%|█▊        | 1052/5794 [00:15<01:14, 63.79it/s]
 18%|█▊        | 1059/5794 [00:15<01:14, 63.28it/s]
 18%|█▊        | 1066/5794 [00:16<01:14, 63.26it/s]
 19%|█▊        | 1073/5794 [00:16<01:14, 63.16it/s]
 19%|█▊        | 1080/5794 [00:16<01:14, 63.02it/s]
 19%|█▉        | 1087/5794 [00:16<01:14, 63.11it/s]
 19%|█▉        | 1094/5794 [00:16<01:14, 62.91it/s]
 19%|█▉        | 1101/5794 [00:16<01:14, 63.02it/s]
 19%|█▉        | 1108/5794 [00:16<01:14, 63.03it/s]
 19%|█▉        | 1115/5794 [00:16<01:14, 62.94it/s]
 19%|█▉        | 1122/5794 [00:16<01:14, 62.82it/s]
 19%|█▉        | 1129/5794 [00:17<01:14, 62.49it/s]
 20%|█▉        | 1136/5794 [00:17<01:14, 62.61it/s]
 20%|█▉        | 1143/5794 [00:17<01:14, 62.24it/s]
 20%|█▉        | 1150/5794 [00:17<01:14, 62.59it/s]
 20%|█▉        | 1157/5794 [00:17<01:14, 62.60it/s]
 20%|██        | 1164/5794 [00:17<01:13, 62.60it/s]
 20%|██        | 1171/5794 [00:17<01:13, 62.61it/s]
 20%|██        | 1178/5794 [00:17<01:13, 62.58it/s]
 20%|██        | 1185/5794 [00:17<01:13, 62.62it/s]
 21%|██        | 1192/5794 [00:18<01:13, 62.77it/s]
 21%|██        | 1199/5794 [00:18<01:13, 62.65it/s]
 21%|██        | 1206/5794 [00:18<01:13, 62.72it/s]
 21%|██        | 1213/5794 [00:18<01:10, 64.60it/s]
 21%|██        | 1220/5794 [00:18<01:10, 64.98it/s]
 21%|██        | 1227/5794 [00:18<01:11, 64.31it/s]
 21%|██▏       | 1234/5794 [00:18<01:11, 63.89it/s]
 21%|██▏       | 1241/5794 [00:18<01:11, 63.60it/s]
 22%|██▏       | 1248/5794 [00:18<01:12, 62.82it/s]
 22%|██▏       | 1255/5794 [00:19<01:12, 62.64it/s]
 22%|██▏       | 1262/5794 [00:19<01:12, 62.62it/s]
 22%|██▏       | 1269/5794 [00:19<01:12, 62.68it/s]
 22%|██▏       | 1276/5794 [00:19<01:12, 62.58it/s]
 22%|██▏       | 1283/5794 [00:19<01:11, 62.78it/s]
 22%|██▏       | 1290/5794 [00:19<01:11, 62.85it/s]
 22%|██▏       | 1297/5794 [00:19<01:11, 63.01it/s]
 23%|██▎       | 1304/5794 [00:19<01:11, 62.57it/s]
 23%|██▎       | 1311/5794 [00:19<01:10, 63.50it/s]
 23%|██▎       | 1318/5794 [00:20<01:10, 63.34it/s]
 23%|██▎       | 1325/5794 [00:20<01:10, 63.40it/s]
 23%|██▎       | 1332/5794 [00:20<01:10, 63.19it/s]
 23%|██▎       | 1339/5794 [00:20<01:10, 63.20it/s]
 23%|██▎       | 1346/5794 [00:20<01:10, 63.07it/s]
 23%|██▎       | 1353/5794 [00:20<01:10, 62.95it/s]
 23%|██▎       | 1360/5794 [00:20<01:10, 63.25it/s]
 24%|██▎       | 1367/5794 [00:20<01:09, 63.47it/s]
 24%|██▎       | 1374/5794 [00:20<01:09, 63.74it/s]
 24%|██▍       | 1381/5794 [00:21<01:09, 63.74it/s]
 24%|██▍       | 1388/5794 [00:21<01:08, 63.91it/s]
 24%|██▍       | 1395/5794 [00:21<01:08, 63.99it/s]
 24%|██▍       | 1402/5794 [00:21<01:08, 63.98it/s]
 24%|██▍       | 1409/5794 [00:21<01:08, 63.94it/s]
 24%|██▍       | 1416/5794 [00:21<01:08, 63.59it/s]
 25%|██▍       | 1423/5794 [00:21<01:08, 63.39it/s]
 25%|██▍       | 1430/5794 [00:21<01:08, 63.48it/s]
 25%|██▍       | 1437/5794 [00:21<01:08, 63.71it/s]
 25%|██▍       | 1444/5794 [00:21<01:08, 63.75it/s]
 25%|██▌       | 1451/5794 [00:22<01:08, 63.55it/s]
 25%|██▌       | 1458/5794 [00:22<01:08, 63.71it/s]
 25%|██▌       | 1465/5794 [00:22<01:07, 63.71it/s]
 25%|██▌       | 1472/5794 [00:22<01:07, 63.65it/s]
 26%|██▌       | 1479/5794 [00:22<01:07, 63.64it/s]
 26%|██▌       | 1486/5794 [00:22<01:07, 63.48it/s]
 26%|██▌       | 1493/5794 [00:22<01:07, 63.41it/s]
 26%|██▌       | 1500/5794 [00:22<01:07, 63.35it/s]
 26%|██▌       | 1507/5794 [00:22<01:07, 63.52it/s]
 26%|██▌       | 1514/5794 [00:23<01:07, 63.10it/s]
 26%|██▋       | 1521/5794 [00:23<01:07, 63.28it/s]
 26%|██▋       | 1528/5794 [00:23<01:07, 63.49it/s]
 26%|██▋       | 1535/5794 [00:23<01:07, 63.43it/s]
 27%|██▋       | 1542/5794 [00:23<01:07, 63.40it/s]
 27%|██▋       | 1549/5794 [00:23<01:06, 63.56it/s]
 27%|██▋       | 1556/5794 [00:23<01:06, 63.59it/s]
 27%|██▋       | 1563/5794 [00:23<01:06, 63.74it/s]
 27%|██▋       | 1570/5794 [00:23<01:06, 63.61it/s]
 27%|██▋       | 1577/5794 [00:24<01:06, 63.19it/s]
 27%|██▋       | 1584/5794 [00:24<01:06, 63.11it/s]
 27%|██▋       | 1591/5794 [00:24<01:06, 62.78it/s]
 28%|██▊       | 1598/5794 [00:24<01:06, 63.04it/s]
 28%|██▊       | 1605/5794 [00:24<01:06, 63.08it/s]
 28%|██▊       | 1612/5794 [00:24<01:06, 63.07it/s]
 28%|██▊       | 1619/5794 [00:24<01:05, 63.72it/s]
 28%|██▊       | 1627/5794 [00:24<01:03, 66.07it/s]
 28%|██▊       | 1635/5794 [00:24<01:01, 67.38it/s]
 28%|██▊       | 1643/5794 [00:25<01:00, 68.46it/s]
 28%|██▊       | 1651/5794 [00:25<01:00, 69.04it/s]
 29%|██▊       | 1659/5794 [00:25<00:59, 69.41it/s]
 29%|██▉       | 1667/5794 [00:25<00:59, 69.68it/s]
 29%|██▉       | 1674/5794 [00:25<00:59, 69.72it/s]
 29%|██▉       | 1682/5794 [00:25<00:58, 70.13it/s]
 29%|██▉       | 1690/5794 [00:25<00:59, 68.63it/s]
 29%|██▉       | 1697/5794 [00:25<01:00, 67.24it/s]
 29%|██▉       | 1704/5794 [00:25<01:01, 66.04it/s]
 30%|██▉       | 1711/5794 [00:26<01:02, 65.40it/s]
 30%|██▉       | 1718/5794 [00:26<01:02, 64.96it/s]
 30%|██▉       | 1725/5794 [00:26<01:03, 64.45it/s]
 30%|██▉       | 1732/5794 [00:26<01:03, 64.37it/s]
 30%|███       | 1739/5794 [00:26<01:03, 63.97it/s]
 30%|███       | 1746/5794 [00:26<01:03, 63.73it/s]
 30%|███       | 1753/5794 [00:26<01:03, 63.53it/s]
 30%|███       | 1760/5794 [00:26<01:03, 63.46it/s]
 30%|███       | 1767/5794 [00:26<01:03, 63.19it/s]
 31%|███       | 1774/5794 [00:27<01:03, 63.21it/s]
 31%|███       | 1781/5794 [00:27<01:03, 63.15it/s]
 31%|███       | 1788/5794 [00:27<01:03, 63.31it/s]
 31%|███       | 1795/5794 [00:27<01:03, 63.17it/s]
 31%|███       | 1802/5794 [00:27<01:03, 63.31it/s]
 31%|███       | 1809/5794 [00:27<01:03, 63.24it/s]
 31%|███▏      | 1816/5794 [00:27<01:02, 63.49it/s]
 31%|███▏      | 1823/5794 [00:27<01:02, 63.27it/s]
 32%|███▏      | 1830/5794 [00:27<01:01, 64.17it/s]
 32%|███▏      | 1838/5794 [00:28<00:59, 66.19it/s]
 32%|███▏      | 1846/5794 [00:28<00:58, 67.60it/s]
 32%|███▏      | 1854/5794 [00:28<00:57, 68.68it/s]
 32%|███▏      | 1862/5794 [00:28<00:56, 69.30it/s]
 32%|███▏      | 1870/5794 [00:28<00:56, 69.86it/s]
 32%|███▏      | 1878/5794 [00:28<00:55, 70.08it/s]
 33%|███▎      | 1886/5794 [00:28<00:56, 69.02it/s]
 33%|███▎      | 1893/5794 [00:28<00:58, 66.75it/s]
 33%|███▎      | 1900/5794 [00:28<00:59, 65.86it/s]
 33%|███▎      | 1907/5794 [00:29<00:59, 65.19it/s]
 33%|███▎      | 1914/5794 [00:29<00:59, 64.70it/s]
 33%|███▎      | 1921/5794 [00:29<00:59, 64.72it/s]
 33%|███▎      | 1928/5794 [00:29<00:59, 65.15it/s]
 33%|███▎      | 1936/5794 [00:29<00:57, 66.90it/s]
 34%|███▎      | 1944/5794 [00:29<00:56, 68.22it/s]
 34%|███▎      | 1952/5794 [00:29<00:55, 69.59it/s]
 34%|███▍      | 1960/5794 [00:29<00:54, 69.78it/s]
 34%|███▍      | 1968/5794 [00:29<00:54, 70.45it/s]
 34%|███▍      | 1976/5794 [00:30<00:56, 67.97it/s]
 34%|███▍      | 1983/5794 [00:30<00:57, 66.72it/s]
 34%|███▍      | 1990/5794 [00:30<00:57, 65.65it/s]
 34%|███▍      | 1997/5794 [00:30<00:58, 64.54it/s]
 35%|███▍      | 2004/5794 [00:30<00:59, 64.17it/s]
 35%|███▍      | 2011/5794 [00:30<00:58, 64.13it/s]
 35%|███▍      | 2018/5794 [00:30<00:58, 64.10it/s]
 35%|███▍      | 2025/5794 [00:30<00:58, 64.11it/s]
 35%|███▌      | 2032/5794 [00:30<00:58, 63.88it/s]
 35%|███▌      | 2039/5794 [00:31<00:59, 63.22it/s]
 35%|███▌      | 2046/5794 [00:31<00:59, 63.18it/s]
 35%|███▌      | 2053/5794 [00:31<00:59, 63.39it/s]
 36%|███▌      | 2060/5794 [00:31<00:58, 63.43it/s]
 36%|███▌      | 2067/5794 [00:31<00:58, 63.32it/s]
 36%|███▌      | 2074/5794 [00:31<00:58, 63.22it/s]
 36%|███▌      | 2081/5794 [00:31<00:58, 63.20it/s]
 36%|███▌      | 2088/5794 [00:31<00:57, 64.63it/s]
 36%|███▌      | 2096/5794 [00:31<00:55, 66.83it/s]
 36%|███▋      | 2104/5794 [00:32<00:53, 68.50it/s]
 36%|███▋      | 2112/5794 [00:32<00:52, 69.60it/s]
 37%|███▋      | 2120/5794 [00:32<00:52, 70.31it/s]
 37%|███▋      | 2128/5794 [00:32<00:51, 70.97it/s]
 37%|███▋      | 2136/5794 [00:32<00:51, 71.09it/s]
 37%|███▋      | 2144/5794 [00:32<00:51, 71.46it/s]
 37%|███▋      | 2152/5794 [00:32<00:50, 71.48it/s]
 37%|███▋      | 2160/5794 [00:32<00:50, 71.83it/s]
 37%|███▋      | 2168/5794 [00:32<00:50, 71.90it/s]
 38%|███▊      | 2176/5794 [00:33<00:50, 71.93it/s]
 38%|███▊      | 2184/5794 [00:33<00:50, 72.04it/s]
 38%|███▊      | 2192/5794 [00:33<00:49, 72.19it/s]
 38%|███▊      | 2200/5794 [00:33<00:49, 72.13it/s]
 38%|███▊      | 2208/5794 [00:33<00:49, 72.28it/s]
 38%|███▊      | 2216/5794 [00:33<00:49, 72.27it/s]
 38%|███▊      | 2224/5794 [00:33<00:50, 70.94it/s]
 39%|███▊      | 2232/5794 [00:33<00:51, 68.63it/s]
 39%|███▊      | 2239/5794 [00:34<00:52, 67.38it/s]
 39%|███▉      | 2246/5794 [00:34<00:53, 66.44it/s]
 39%|███▉      | 2253/5794 [00:34<00:53, 65.60it/s]
 39%|███▉      | 2260/5794 [00:34<00:54, 65.30it/s]
 39%|███▉      | 2267/5794 [00:34<00:54, 64.93it/s]
 39%|███▉      | 2274/5794 [00:34<00:54, 64.68it/s]
 39%|███▉      | 2281/5794 [00:34<00:54, 64.60it/s]
 39%|███▉      | 2288/5794 [00:34<00:54, 64.42it/s]
 40%|███▉      | 2295/5794 [00:34<00:54, 64.46it/s]
 40%|███▉      | 2302/5794 [00:34<00:54, 64.08it/s]
 40%|███▉      | 2309/5794 [00:35<00:54, 64.20it/s]
 40%|███▉      | 2316/5794 [00:35<00:54, 63.79it/s]
 40%|████      | 2323/5794 [00:35<00:54, 63.80it/s]
 40%|████      | 2330/5794 [00:35<00:54, 63.76it/s]
 40%|████      | 2337/5794 [00:35<00:54, 63.56it/s]
 40%|████      | 2344/5794 [00:35<00:54, 63.46it/s]
 41%|████      | 2351/5794 [00:35<00:54, 63.46it/s]
 41%|████      | 2358/5794 [00:35<00:54, 63.25it/s]
 41%|████      | 2365/5794 [00:35<00:54, 63.48it/s]
 41%|████      | 2372/5794 [00:36<00:53, 63.37it/s]
 41%|████      | 2379/5794 [00:36<00:53, 63.55it/s]
 41%|████      | 2386/5794 [00:36<00:53, 63.60it/s]
 41%|████▏     | 2393/5794 [00:36<00:53, 63.77it/s]
 41%|████▏     | 2400/5794 [00:36<00:53, 63.81it/s]
 42%|████▏     | 2407/5794 [00:36<00:53, 63.83it/s]
 42%|████▏     | 2414/5794 [00:36<00:52, 63.92it/s]
 42%|████▏     | 2421/5794 [00:36<00:52, 63.72it/s]
 42%|████▏     | 2428/5794 [00:36<00:52, 63.87it/s]
 42%|████▏     | 2435/5794 [00:37<00:52, 63.95it/s]
 42%|████▏     | 2442/5794 [00:37<00:52, 64.04it/s]
 42%|████▏     | 2450/5794 [00:37<00:50, 66.12it/s]
 42%|████▏     | 2458/5794 [00:37<00:49, 67.41it/s]
 43%|████▎     | 2466/5794 [00:37<00:48, 68.97it/s]
 43%|████▎     | 2474/5794 [00:37<00:47, 69.90it/s]
 43%|████▎     | 2482/5794 [00:37<00:46, 70.71it/s]
 43%|████▎     | 2490/5794 [00:37<00:46, 71.04it/s]
 43%|████▎     | 2498/5794 [00:37<00:46, 71.53it/s]
 43%|████▎     | 2506/5794 [00:38<00:45, 71.60it/s]
 43%|████▎     | 2514/5794 [00:38<00:45, 72.01it/s]
 44%|████▎     | 2522/5794 [00:38<00:45, 72.07it/s]
 44%|████▎     | 2530/5794 [00:38<00:45, 71.72it/s]
 44%|████▍     | 2538/5794 [00:38<00:45, 71.84it/s]
 44%|████▍     | 2546/5794 [00:38<00:45, 72.13it/s]
 44%|████▍     | 2554/5794 [00:38<00:44, 72.09it/s]
 44%|████▍     | 2562/5794 [00:38<00:44, 72.03it/s]
 44%|████▍     | 2570/5794 [00:38<00:45, 71.27it/s]
 44%|████▍     | 2578/5794 [00:39<00:45, 70.99it/s]
 45%|████▍     | 2586/5794 [00:39<00:45, 71.26it/s]
 45%|████▍     | 2594/5794 [00:39<00:45, 71.06it/s]
 45%|████▍     | 2602/5794 [00:39<00:44, 71.27it/s]
 45%|████▌     | 2610/5794 [00:39<00:44, 71.31it/s]
 45%|████▌     | 2618/5794 [00:39<00:44, 71.16it/s]
 45%|████▌     | 2626/5794 [00:39<00:44, 71.44it/s]
 45%|████▌     | 2634/5794 [00:39<00:44, 71.49it/s]
 46%|████▌     | 2642/5794 [00:39<00:43, 71.75it/s]
 46%|████▌     | 2650/5794 [00:40<00:43, 71.85it/s]
 46%|████▌     | 2658/5794 [00:40<00:43, 71.90it/s]
 46%|████▌     | 2666/5794 [00:40<00:43, 72.04it/s]
 46%|████▌     | 2674/5794 [00:40<00:43, 71.98it/s]
 46%|████▋     | 2682/5794 [00:40<00:43, 72.07it/s]
 46%|████▋     | 2690/5794 [00:40<00:43, 71.79it/s]
 47%|████▋     | 2698/5794 [00:40<00:43, 70.90it/s]
 47%|████▋     | 2706/5794 [00:40<00:44, 69.44it/s]
 47%|████▋     | 2714/5794 [00:40<00:43, 70.58it/s]
 47%|████▋     | 2722/5794 [00:41<00:42, 71.66it/s]
 47%|████▋     | 2730/5794 [00:41<00:42, 72.05it/s]
 47%|████▋     | 2738/5794 [00:41<00:42, 72.44it/s]
 47%|████▋     | 2746/5794 [00:41<00:41, 72.79it/s]
 48%|████▊     | 2754/5794 [00:41<00:42, 71.75it/s]
 48%|████▊     | 2762/5794 [00:41<00:43, 68.92it/s]
 48%|████▊     | 2769/5794 [00:41<00:44, 67.51it/s]
 48%|████▊     | 2776/5794 [00:41<00:45, 65.94it/s]
 48%|████▊     | 2783/5794 [00:41<00:46, 65.44it/s]
 48%|████▊     | 2790/5794 [00:42<00:46, 64.97it/s]
 48%|████▊     | 2797/5794 [00:42<00:46, 64.60it/s]
 48%|████▊     | 2804/5794 [00:42<00:46, 64.32it/s]
 49%|████▊     | 2811/5794 [00:42<00:46, 64.07it/s]
 49%|████▊     | 2818/5794 [00:42<00:46, 64.07it/s]
 49%|████▉     | 2825/5794 [00:42<00:46, 64.08it/s]
 49%|████▉     | 2832/5794 [00:42<00:46, 63.82it/s]
 49%|████▉     | 2839/5794 [00:42<00:46, 63.82it/s]
 49%|████▉     | 2846/5794 [00:42<00:46, 63.76it/s]
 49%|████▉     | 2853/5794 [00:43<00:46, 63.91it/s]
 49%|████▉     | 2860/5794 [00:43<00:46, 63.78it/s]
 49%|████▉     | 2867/5794 [00:43<00:45, 64.61it/s]
 50%|████▉     | 2875/5794 [00:43<00:43, 66.93it/s]
 50%|████▉     | 2883/5794 [00:43<00:42, 68.47it/s]
 50%|████▉     | 2891/5794 [00:43<00:41, 69.67it/s]
 50%|█████     | 2899/5794 [00:43<00:41, 70.37it/s]
 50%|█████     | 2907/5794 [00:43<00:40, 70.98it/s]
 50%|█████     | 2915/5794 [00:43<00:40, 70.47it/s]
 50%|█████     | 2923/5794 [00:44<00:40, 70.30it/s]
 51%|█████     | 2931/5794 [00:44<00:40, 70.50it/s]
 51%|█████     | 2939/5794 [00:44<00:40, 70.87it/s]
 51%|█████     | 2947/5794 [00:44<00:40, 71.14it/s]
 51%|█████     | 2955/5794 [00:44<00:39, 71.13it/s]
 51%|█████     | 2963/5794 [00:44<00:39, 71.29it/s]
 51%|█████▏    | 2971/5794 [00:44<00:39, 71.48it/s]
 51%|█████▏    | 2979/5794 [00:44<00:39, 71.18it/s]
 52%|█████▏    | 2987/5794 [00:44<00:40, 69.51it/s]
 52%|█████▏    | 2995/5794 [00:45<00:39, 70.23it/s]
 52%|█████▏    | 3003/5794 [00:45<00:39, 70.68it/s]
 52%|█████▏    | 3011/5794 [00:45<00:39, 70.36it/s]
 52%|█████▏    | 3019/5794 [00:45<00:39, 70.54it/s]
 52%|█████▏    | 3027/5794 [00:45<00:39, 70.74it/s]
 52%|█████▏    | 3035/5794 [00:45<00:39, 70.56it/s]
 53%|█████▎    | 3043/5794 [00:45<00:39, 69.57it/s]
 53%|█████▎    | 3050/5794 [00:45<00:40, 67.54it/s]
 53%|█████▎    | 3057/5794 [00:46<00:41, 66.26it/s]
 53%|█████▎    | 3064/5794 [00:46<00:41, 65.24it/s]
 53%|█████▎    | 3071/5794 [00:46<00:42, 64.59it/s]
 53%|█████▎    | 3078/5794 [00:46<00:42, 63.91it/s]
 53%|█████▎    | 3085/5794 [00:46<00:42, 63.38it/s]
 53%|█████▎    | 3092/5794 [00:46<00:42, 63.15it/s]
 53%|█████▎    | 3099/5794 [00:46<00:43, 62.59it/s]
 54%|█████▎    | 3106/5794 [00:46<00:42, 62.77it/s]
 54%|█████▎    | 3113/5794 [00:46<00:42, 62.70it/s]
 54%|█████▍    | 3120/5794 [00:47<00:42, 62.80it/s]
 54%|█████▍    | 3127/5794 [00:47<00:42, 62.78it/s]
 54%|█████▍    | 3134/5794 [00:47<00:42, 62.80it/s]
 54%|█████▍    | 3141/5794 [00:47<00:42, 62.83it/s]
 54%|█████▍    | 3148/5794 [00:47<00:42, 62.70it/s]
 54%|█████▍    | 3155/5794 [00:47<00:42, 62.76it/s]
 55%|█████▍    | 3162/5794 [00:47<00:41, 63.00it/s]
 55%|█████▍    | 3169/5794 [00:47<00:41, 62.94it/s]
 55%|█████▍    | 3176/5794 [00:47<00:41, 63.07it/s]
 55%|█████▍    | 3183/5794 [00:48<00:41, 62.84it/s]
 55%|█████▌    | 3190/5794 [00:48<00:41, 62.98it/s]
 55%|█████▌    | 3197/5794 [00:48<00:40, 64.53it/s]
 55%|█████▌    | 3204/5794 [00:48<00:39, 65.84it/s]
 55%|█████▌    | 3211/5794 [00:48<00:39, 65.01it/s]
 56%|█████▌    | 3218/5794 [00:48<00:40, 64.23it/s]
 56%|█████▌    | 3225/5794 [00:48<00:40, 63.81it/s]
 56%|█████▌    | 3232/5794 [00:48<00:40, 63.28it/s]
 56%|█████▌    | 3239/5794 [00:48<00:40, 62.97it/s]
 56%|█████▌    | 3246/5794 [00:49<00:40, 62.66it/s]
 56%|█████▌    | 3253/5794 [00:49<00:40, 62.72it/s]
 56%|█████▋    | 3260/5794 [00:49<00:40, 62.81it/s]
 56%|█████▋    | 3267/5794 [00:49<00:40, 63.12it/s]
 57%|█████▋    | 3274/5794 [00:49<00:39, 63.16it/s]
 57%|█████▋    | 3281/5794 [00:49<00:39, 63.46it/s]
 57%|█████▋    | 3288/5794 [00:49<00:39, 63.43it/s]
 57%|█████▋    | 3295/5794 [00:49<00:39, 63.66it/s]
 57%|█████▋    | 3302/5794 [00:49<00:39, 63.44it/s]
 57%|█████▋    | 3309/5794 [00:50<00:39, 63.68it/s]
 57%|█████▋    | 3316/5794 [00:50<00:38, 63.82it/s]
 57%|█████▋    | 3323/5794 [00:50<00:38, 63.76it/s]
 57%|█████▋    | 3330/5794 [00:50<00:38, 63.59it/s]
 58%|█████▊    | 3337/5794 [00:50<00:38, 63.31it/s]
 58%|█████▊    | 3344/5794 [00:50<00:38, 63.24it/s]
 58%|█████▊    | 3351/5794 [00:50<00:38, 63.37it/s]
 58%|█████▊    | 3358/5794 [00:50<00:37, 65.01it/s]
 58%|█████▊    | 3366/5794 [00:50<00:36, 67.15it/s]
 58%|█████▊    | 3374/5794 [00:50<00:35, 68.56it/s]
 58%|█████▊    | 3382/5794 [00:51<00:34, 69.59it/s]
 59%|█████▊    | 3390/5794 [00:51<00:34, 70.25it/s]
 59%|█████▊    | 3398/5794 [00:51<00:33, 70.79it/s]
 59%|█████▉    | 3406/5794 [00:51<00:33, 71.08it/s]
 59%|█████▉    | 3414/5794 [00:51<00:33, 70.19it/s]
 59%|█████▉    | 3422/5794 [00:51<00:35, 67.63it/s]
 59%|█████▉    | 3429/5794 [00:51<00:35, 66.19it/s]
 59%|█████▉    | 3436/5794 [00:51<00:36, 65.47it/s]
 59%|█████▉    | 3443/5794 [00:52<00:35, 66.26it/s]
 60%|█████▉    | 3451/5794 [00:52<00:34, 67.64it/s]
 60%|█████▉    | 3458/5794 [00:52<00:34, 68.24it/s]
 60%|█████▉    | 3465/5794 [00:52<00:35, 66.37it/s]
 60%|█████▉    | 3472/5794 [00:52<00:35, 65.34it/s]
 60%|██████    | 3479/5794 [00:52<00:35, 64.96it/s]
 60%|██████    | 3486/5794 [00:52<00:35, 64.65it/s]
 60%|██████    | 3493/5794 [00:52<00:35, 64.39it/s]
 60%|██████    | 3500/5794 [00:52<00:35, 64.32it/s]
 61%|██████    | 3507/5794 [00:52<00:35, 63.97it/s]
 61%|██████    | 3514/5794 [00:53<00:35, 63.94it/s]
 61%|██████    | 3521/5794 [00:53<00:35, 63.99it/s]
 61%|██████    | 3528/5794 [00:53<00:35, 63.82it/s]
 61%|██████    | 3535/5794 [00:53<00:35, 63.83it/s]
 61%|██████    | 3542/5794 [00:53<00:35, 63.64it/s]
 61%|██████▏   | 3549/5794 [00:53<00:35, 63.63it/s]
 61%|██████▏   | 3557/5794 [00:53<00:34, 65.68it/s]
 62%|██████▏   | 3565/5794 [00:53<00:33, 67.35it/s]
 62%|██████▏   | 3572/5794 [00:53<00:32, 68.06it/s]
 62%|██████▏   | 3579/5794 [00:54<00:32, 67.51it/s]
 62%|██████▏   | 3586/5794 [00:54<00:33, 66.19it/s]
 62%|██████▏   | 3593/5794 [00:54<00:33, 65.23it/s]
 62%|██████▏   | 3600/5794 [00:54<00:33, 64.63it/s]
 62%|██████▏   | 3607/5794 [00:54<00:34, 64.32it/s]
 62%|██████▏   | 3614/5794 [00:54<00:34, 63.85it/s]
 62%|██████▏   | 3621/5794 [00:54<00:34, 63.76it/s]
 63%|██████▎   | 3628/5794 [00:54<00:34, 63.44it/s]
 63%|██████▎   | 3635/5794 [00:54<00:34, 63.47it/s]
 63%|██████▎   | 3642/5794 [00:55<00:33, 63.39it/s]
 63%|██████▎   | 3649/5794 [00:55<00:33, 63.38it/s]
 63%|██████▎   | 3656/5794 [00:55<00:33, 63.40it/s]
 63%|██████▎   | 3663/5794 [00:55<00:33, 63.44it/s]
 63%|██████▎   | 3671/5794 [00:55<00:32, 65.68it/s]
 63%|██████▎   | 3679/5794 [00:55<00:31, 67.23it/s]
 64%|██████▎   | 3687/5794 [00:55<00:30, 68.58it/s]
 64%|██████▍   | 3695/5794 [00:55<00:30, 69.30it/s]
 64%|██████▍   | 3703/5794 [00:55<00:29, 69.82it/s]
 64%|██████▍   | 3710/5794 [00:56<00:30, 69.00it/s]
 64%|██████▍   | 3717/5794 [00:56<00:30, 69.19it/s]
 64%|██████▍   | 3724/5794 [00:56<00:30, 68.27it/s]
 64%|██████▍   | 3731/5794 [00:56<00:30, 66.59it/s]
 65%|██████▍   | 3738/5794 [00:56<00:31, 65.70it/s]
 65%|██████▍   | 3745/5794 [00:56<00:31, 65.06it/s]
 65%|██████▍   | 3752/5794 [00:56<00:31, 64.48it/s]
 65%|██████▍   | 3759/5794 [00:56<00:31, 63.92it/s]
 65%|██████▍   | 3766/5794 [00:56<00:31, 63.75it/s]
 65%|██████▌   | 3773/5794 [00:57<00:31, 63.43it/s]
 65%|██████▌   | 3780/5794 [00:57<00:31, 63.29it/s]
 65%|██████▌   | 3787/5794 [00:57<00:31, 63.32it/s]
 65%|██████▌   | 3794/5794 [00:57<00:31, 63.29it/s]
 66%|██████▌   | 3801/5794 [00:57<00:31, 63.52it/s]
 66%|██████▌   | 3809/5794 [00:57<00:29, 66.28it/s]
 66%|██████▌   | 3817/5794 [00:57<00:28, 68.21it/s]
 66%|██████▌   | 3825/5794 [00:57<00:28, 69.43it/s]
 66%|██████▌   | 3832/5794 [00:57<00:29, 66.78it/s]
 66%|██████▋   | 3839/5794 [00:58<00:29, 65.98it/s]
 66%|██████▋   | 3846/5794 [00:58<00:29, 65.33it/s]
 66%|██████▋   | 3853/5794 [00:58<00:29, 65.01it/s]
 67%|██████▋   | 3860/5794 [00:58<00:29, 64.67it/s]
 67%|██████▋   | 3867/5794 [00:58<00:29, 64.34it/s]
 67%|██████▋   | 3874/5794 [00:58<00:29, 64.34it/s]
 67%|██████▋   | 3881/5794 [00:58<00:29, 64.00it/s]
 67%|██████▋   | 3888/5794 [00:58<00:29, 63.76it/s]
 67%|██████▋   | 3895/5794 [00:58<00:29, 63.54it/s]
 67%|██████▋   | 3902/5794 [00:59<00:29, 63.29it/s]
 67%|██████▋   | 3909/5794 [00:59<00:29, 63.50it/s]
 68%|██████▊   | 3916/5794 [00:59<00:29, 63.36it/s]
 68%|██████▊   | 3924/5794 [00:59<00:28, 65.55it/s]
 68%|██████▊   | 3932/5794 [00:59<00:27, 67.10it/s]
 68%|██████▊   | 3940/5794 [00:59<00:27, 68.35it/s]
 68%|██████▊   | 3948/5794 [00:59<00:26, 69.15it/s]
 68%|██████▊   | 3956/5794 [00:59<00:26, 70.02it/s]
 68%|██████▊   | 3964/5794 [00:59<00:25, 70.59it/s]
 69%|██████▊   | 3972/5794 [01:00<00:25, 70.83it/s]
 69%|██████▊   | 3980/5794 [01:00<00:25, 71.05it/s]
 69%|██████▉   | 3988/5794 [01:00<00:25, 71.02it/s]
 69%|██████▉   | 3996/5794 [01:00<00:25, 71.23it/s]
 69%|██████▉   | 4004/5794 [01:00<00:25, 71.14it/s]
 69%|██████▉   | 4012/5794 [01:00<00:25, 71.28it/s]
 69%|██████▉   | 4020/5794 [01:00<00:24, 71.32it/s]
 70%|██████▉   | 4028/5794 [01:00<00:24, 71.35it/s]
 70%|██████▉   | 4036/5794 [01:00<00:24, 71.10it/s]
 70%|██████▉   | 4044/5794 [01:01<00:24, 71.34it/s]
 70%|██████▉   | 4052/5794 [01:01<00:24, 70.97it/s]
 70%|███████   | 4060/5794 [01:01<00:24, 71.35it/s]
 70%|███████   | 4068/5794 [01:01<00:24, 71.17it/s]
 70%|███████   | 4076/5794 [01:01<00:24, 71.45it/s]
 70%|███████   | 4084/5794 [01:01<00:24, 71.18it/s]
 71%|███████   | 4092/5794 [01:01<00:23, 71.37it/s]
 71%|███████   | 4100/5794 [01:01<00:23, 71.28it/s]
 71%|███████   | 4108/5794 [01:01<00:23, 71.23it/s]
 71%|███████   | 4116/5794 [01:02<00:23, 70.47it/s]
 71%|███████   | 4124/5794 [01:02<00:23, 70.75it/s]
 71%|███████▏  | 4132/5794 [01:02<00:23, 71.04it/s]
 71%|███████▏  | 4140/5794 [01:02<00:23, 71.08it/s]
 72%|███████▏  | 4148/5794 [01:02<00:23, 71.30it/s]
 72%|███████▏  | 4156/5794 [01:02<00:22, 71.38it/s]
 72%|███████▏  | 4164/5794 [01:02<00:22, 71.51it/s]
 72%|███████▏  | 4172/5794 [01:02<00:22, 71.40it/s]
 72%|███████▏  | 4180/5794 [01:02<00:22, 71.58it/s]
 72%|███████▏  | 4188/5794 [01:03<00:22, 71.45it/s]
 72%|███████▏  | 4196/5794 [01:03<00:22, 71.48it/s]
 73%|███████▎  | 4204/5794 [01:03<00:22, 71.37it/s]
 73%|███████▎  | 4212/5794 [01:03<00:22, 71.09it/s]
 73%|███████▎  | 4220/5794 [01:03<00:23, 68.40it/s]
 73%|███████▎  | 4227/5794 [01:03<00:23, 67.10it/s]
 73%|███████▎  | 4234/5794 [01:03<00:23, 66.03it/s]
 73%|███████▎  | 4241/5794 [01:03<00:23, 65.79it/s]
 73%|███████▎  | 4249/5794 [01:03<00:22, 67.33it/s]
 73%|███████▎  | 4257/5794 [01:04<00:22, 68.25it/s]
 74%|███████▎  | 4264/5794 [01:04<00:22, 67.48it/s]
 74%|███████▎  | 4271/5794 [01:04<00:23, 66.19it/s]
 74%|███████▍  | 4278/5794 [01:04<00:23, 65.47it/s]
 74%|███████▍  | 4285/5794 [01:04<00:23, 64.95it/s]
 74%|███████▍  | 4292/5794 [01:04<00:23, 64.43it/s]
 74%|███████▍  | 4299/5794 [01:04<00:23, 64.34it/s]
 74%|███████▍  | 4306/5794 [01:04<00:23, 63.92it/s]
 74%|███████▍  | 4313/5794 [01:04<00:23, 63.93it/s]
 75%|███████▍  | 4320/5794 [01:05<00:23, 63.79it/s]
 75%|███████▍  | 4327/5794 [01:05<00:23, 63.75it/s]
 75%|███████▍  | 4334/5794 [01:05<00:22, 63.72it/s]
 75%|███████▍  | 4341/5794 [01:05<00:22, 63.38it/s]
 75%|███████▌  | 4348/5794 [01:05<00:22, 63.30it/s]
 75%|███████▌  | 4355/5794 [01:05<00:22, 63.32it/s]
 75%|███████▌  | 4362/5794 [01:05<00:22, 63.43it/s]
 75%|███████▌  | 4369/5794 [01:05<00:22, 63.53it/s]
 76%|███████▌  | 4376/5794 [01:05<00:22, 63.56it/s]
 76%|███████▌  | 4383/5794 [01:06<00:22, 63.70it/s]
 76%|███████▌  | 4390/5794 [01:06<00:22, 63.52it/s]
 76%|███████▌  | 4397/5794 [01:06<00:21, 63.60it/s]
 76%|███████▌  | 4404/5794 [01:06<00:21, 63.64it/s]
 76%|███████▌  | 4411/5794 [01:06<00:21, 63.55it/s]
 76%|███████▋  | 4418/5794 [01:06<00:21, 63.70it/s]
 76%|███████▋  | 4425/5794 [01:06<00:21, 64.12it/s]
 77%|███████▋  | 4433/5794 [01:06<00:20, 66.10it/s]
 77%|███████▋  | 4441/5794 [01:06<00:19, 67.72it/s]
 77%|███████▋  | 4449/5794 [01:07<00:19, 68.66it/s]
 77%|███████▋  | 4457/5794 [01:07<00:19, 69.71it/s]
 77%|███████▋  | 4465/5794 [01:07<00:18, 70.18it/s]
 77%|███████▋  | 4473/5794 [01:07<00:18, 70.48it/s]
 77%|███████▋  | 4481/5794 [01:07<00:19, 68.10it/s]
 77%|███████▋  | 4488/5794 [01:07<00:19, 66.83it/s]
 78%|███████▊  | 4495/5794 [01:07<00:19, 65.73it/s]
 78%|███████▊  | 4502/5794 [01:07<00:19, 65.27it/s]
 78%|███████▊  | 4509/5794 [01:07<00:19, 64.64it/s]
 78%|███████▊  | 4516/5794 [01:08<00:19, 64.52it/s]
 78%|███████▊  | 4523/5794 [01:08<00:19, 64.42it/s]
 78%|███████▊  | 4530/5794 [01:08<00:19, 64.23it/s]
 78%|███████▊  | 4537/5794 [01:08<00:19, 64.10it/s]
 78%|███████▊  | 4544/5794 [01:08<00:19, 63.94it/s]
 79%|███████▊  | 4551/5794 [01:08<00:19, 63.91it/s]
 79%|███████▊  | 4558/5794 [01:08<00:19, 63.96it/s]
 79%|███████▉  | 4565/5794 [01:08<00:19, 63.66it/s]
 79%|███████▉  | 4572/5794 [01:08<00:19, 63.45it/s]
 79%|███████▉  | 4579/5794 [01:09<00:19, 63.29it/s]
 79%|███████▉  | 4586/5794 [01:09<00:19, 63.51it/s]
 79%|███████▉  | 4593/5794 [01:09<00:19, 63.18it/s]
 79%|███████▉  | 4600/5794 [01:09<00:18, 63.36it/s]
 80%|███████▉  | 4607/5794 [01:09<00:18, 63.37it/s]
 80%|███████▉  | 4614/5794 [01:09<00:18, 63.47it/s]
 80%|███████▉  | 4621/5794 [01:09<00:18, 63.57it/s]
 80%|███████▉  | 4628/5794 [01:09<00:18, 63.53it/s]
 80%|███████▉  | 4635/5794 [01:09<00:18, 63.61it/s]
 80%|████████  | 4642/5794 [01:10<00:18, 63.61it/s]
 80%|████████  | 4649/5794 [01:10<00:18, 63.53it/s]
 80%|████████  | 4656/5794 [01:10<00:17, 63.52it/s]
 80%|████████  | 4663/5794 [01:10<00:17, 63.26it/s]
 81%|████████  | 4670/5794 [01:10<00:17, 63.19it/s]
 81%|████████  | 4677/5794 [01:10<00:17, 63.35it/s]
 81%|████████  | 4684/5794 [01:10<00:17, 63.52it/s]
 81%|████████  | 4691/5794 [01:10<00:17, 63.64it/s]
 81%|████████  | 4698/5794 [01:10<00:17, 63.39it/s]
 81%|████████  | 4705/5794 [01:11<00:17, 63.53it/s]
 81%|████████▏ | 4712/5794 [01:11<00:17, 63.51it/s]
 81%|████████▏ | 4719/5794 [01:11<00:16, 63.39it/s]
 82%|████████▏ | 4726/5794 [01:11<00:16, 63.46it/s]
 82%|████████▏ | 4733/5794 [01:11<00:16, 63.27it/s]
 82%|████████▏ | 4740/5794 [01:11<00:16, 63.45it/s]
 82%|████████▏ | 4747/5794 [01:11<00:16, 63.34it/s]
 82%|████████▏ | 4754/5794 [01:11<00:16, 63.51it/s]
 82%|████████▏ | 4761/5794 [01:11<00:16, 63.57it/s]
 82%|████████▏ | 4768/5794 [01:12<00:16, 63.55it/s]
 82%|████████▏ | 4775/5794 [01:12<00:16, 63.62it/s]
 83%|████████▎ | 4782/5794 [01:12<00:15, 63.71it/s]
 83%|████████▎ | 4790/5794 [01:12<00:15, 66.09it/s]
 83%|████████▎ | 4798/5794 [01:12<00:14, 67.64it/s]
 83%|████████▎ | 4806/5794 [01:12<00:14, 68.45it/s]
 83%|████████▎ | 4814/5794 [01:12<00:14, 69.44it/s]
 83%|████████▎ | 4822/5794 [01:12<00:13, 70.09it/s]
 83%|████████▎ | 4830/5794 [01:12<00:13, 70.61it/s]
 84%|████████▎ | 4838/5794 [01:13<00:13, 70.58it/s]
 84%|████████▎ | 4846/5794 [01:13<00:13, 70.96it/s]
 84%|████████▍ | 4854/5794 [01:13<00:13, 71.17it/s]
 84%|████████▍ | 4862/5794 [01:13<00:13, 71.39it/s]
 84%|████████▍ | 4870/5794 [01:13<00:12, 71.28it/s]
 84%|████████▍ | 4878/5794 [01:13<00:13, 68.90it/s]
 84%|████████▍ | 4885/5794 [01:13<00:13, 67.35it/s]
 84%|████████▍ | 4892/5794 [01:13<00:13, 67.27it/s]
 85%|████████▍ | 4900/5794 [01:13<00:13, 68.31it/s]
 85%|████████▍ | 4908/5794 [01:14<00:12, 69.37it/s]
 85%|████████▍ | 4916/5794 [01:14<00:12, 70.04it/s]
 85%|████████▍ | 4924/5794 [01:14<00:12, 70.32it/s]
 85%|████████▌ | 4932/5794 [01:14<00:12, 70.73it/s]
 85%|████████▌ | 4940/5794 [01:14<00:12, 70.98it/s]
 85%|████████▌ | 4948/5794 [01:14<00:11, 70.91it/s]
 86%|████████▌ | 4956/5794 [01:14<00:12, 69.18it/s]
 86%|████████▌ | 4963/5794 [01:14<00:12, 67.51it/s]
 86%|████████▌ | 4970/5794 [01:14<00:12, 66.17it/s]
 86%|████████▌ | 4977/5794 [01:15<00:12, 65.54it/s]
 86%|████████▌ | 4984/5794 [01:15<00:12, 64.29it/s]
 86%|████████▌ | 4991/5794 [01:15<00:12, 63.75it/s]
 86%|████████▋ | 4998/5794 [01:15<00:12, 63.41it/s]
 86%|████████▋ | 5005/5794 [01:15<00:12, 63.12it/s]
 87%|████████▋ | 5012/5794 [01:15<00:12, 63.09it/s]
 87%|████████▋ | 5019/5794 [01:15<00:12, 62.82it/s]
 87%|████████▋ | 5026/5794 [01:15<00:12, 62.87it/s]
 87%|████████▋ | 5033/5794 [01:15<00:12, 62.47it/s]
 87%|████████▋ | 5040/5794 [01:16<00:12, 62.38it/s]
 87%|████████▋ | 5047/5794 [01:16<00:11, 62.58it/s]
 87%|████████▋ | 5054/5794 [01:16<00:11, 62.23it/s]
 87%|████████▋ | 5061/5794 [01:16<00:11, 62.55it/s]
 87%|████████▋ | 5068/5794 [01:16<00:11, 63.35it/s]
 88%|████████▊ | 5076/5794 [01:16<00:10, 65.60it/s]
 88%|████████▊ | 5084/5794 [01:16<00:10, 67.04it/s]
 88%|████████▊ | 5092/5794 [01:16<00:10, 68.00it/s]
 88%|████████▊ | 5100/5794 [01:16<00:10, 68.95it/s]
 88%|████████▊ | 5107/5794 [01:17<00:09, 69.08it/s]
 88%|████████▊ | 5114/5794 [01:17<00:09, 69.28it/s]
 88%|████████▊ | 5121/5794 [01:17<00:10, 67.22it/s]
 89%|████████▊ | 5128/5794 [01:17<00:10, 66.04it/s]
 89%|████████▊ | 5135/5794 [01:17<00:10, 65.20it/s]
 89%|████████▊ | 5142/5794 [01:17<00:10, 64.45it/s]
 89%|████████▉ | 5149/5794 [01:17<00:10, 64.12it/s]
 89%|████████▉ | 5156/5794 [01:17<00:10, 63.80it/s]
 89%|████████▉ | 5164/5794 [01:17<00:09, 65.48it/s]
 89%|████████▉ | 5171/5794 [01:18<00:09, 64.60it/s]
 89%|████████▉ | 5178/5794 [01:18<00:09, 64.06it/s]
 89%|████████▉ | 5185/5794 [01:18<00:09, 63.81it/s]
 90%|████████▉ | 5192/5794 [01:18<00:09, 63.43it/s]
 90%|████████▉ | 5199/5794 [01:18<00:09, 64.18it/s]
 90%|████████▉ | 5207/5794 [01:18<00:08, 66.09it/s]
 90%|█████████ | 5215/5794 [01:18<00:08, 67.48it/s]
 90%|█████████ | 5222/5794 [01:18<00:08, 67.79it/s]
 90%|█████████ | 5230/5794 [01:18<00:08, 68.53it/s]
 90%|█████████ | 5237/5794 [01:19<00:08, 68.76it/s]
 91%|█████████ | 5245/5794 [01:19<00:07, 69.18it/s]
 91%|█████████ | 5253/5794 [01:19<00:07, 69.55it/s]
 91%|█████████ | 5261/5794 [01:19<00:07, 70.03it/s]
 91%|█████████ | 5269/5794 [01:19<00:07, 70.40it/s]
 91%|█████████ | 5277/5794 [01:19<00:07, 70.70it/s]
 91%|█████████ | 5285/5794 [01:19<00:07, 70.90it/s]
 91%|█████████▏| 5293/5794 [01:19<00:07, 70.97it/s]
 91%|█████████▏| 5301/5794 [01:19<00:06, 71.13it/s]
 92%|█████████▏| 5309/5794 [01:20<00:06, 71.20it/s]
 92%|█████████▏| 5317/5794 [01:20<00:06, 71.34it/s]
 92%|█████████▏| 5325/5794 [01:20<00:06, 71.20it/s]
 92%|█████████▏| 5333/5794 [01:20<00:06, 70.48it/s]
 92%|█████████▏| 5341/5794 [01:20<00:06, 68.90it/s]
 92%|█████████▏| 5349/5794 [01:20<00:06, 69.65it/s]
 92%|█████████▏| 5357/5794 [01:20<00:06, 70.18it/s]
 93%|█████████▎| 5365/5794 [01:20<00:06, 70.52it/s]
 93%|█████████▎| 5373/5794 [01:20<00:05, 70.89it/s]
 93%|█████████▎| 5381/5794 [01:21<00:05, 71.01it/s]
 93%|█████████▎| 5389/5794 [01:21<00:05, 71.17it/s]
 93%|█████████▎| 5397/5794 [01:21<00:05, 71.21it/s]
 93%|█████████▎| 5405/5794 [01:21<00:05, 69.09it/s]
 93%|█████████▎| 5412/5794 [01:21<00:05, 67.46it/s]
 94%|█████████▎| 5419/5794 [01:21<00:05, 66.40it/s]
 94%|█████████▎| 5426/5794 [01:21<00:05, 65.71it/s]
 94%|█████████▍| 5433/5794 [01:21<00:05, 65.10it/s]
 94%|█████████▍| 5440/5794 [01:22<00:05, 64.75it/s]
 94%|█████████▍| 5447/5794 [01:22<00:05, 64.30it/s]
 94%|█████████▍| 5454/5794 [01:22<00:05, 64.10it/s]
 94%|█████████▍| 5461/5794 [01:22<00:05, 63.87it/s]
 94%|█████████▍| 5468/5794 [01:22<00:05, 63.50it/s]
 94%|█████████▍| 5475/5794 [01:22<00:05, 63.57it/s]
 95%|█████████▍| 5482/5794 [01:22<00:04, 63.46it/s]
 95%|█████████▍| 5489/5794 [01:22<00:04, 63.66it/s]
 95%|█████████▍| 5496/5794 [01:22<00:04, 63.29it/s]
 95%|█████████▍| 5503/5794 [01:23<00:04, 63.52it/s]
 95%|█████████▌| 5510/5794 [01:23<00:04, 63.65it/s]
 95%|█████████▌| 5517/5794 [01:23<00:04, 63.72it/s]
 95%|█████████▌| 5524/5794 [01:23<00:04, 63.69it/s]
 95%|█████████▌| 5531/5794 [01:23<00:04, 63.69it/s]
 96%|█████████▌| 5538/5794 [01:23<00:03, 64.39it/s]
 96%|█████████▌| 5546/5794 [01:23<00:03, 66.61it/s]
 96%|█████████▌| 5554/5794 [01:23<00:03, 68.02it/s]
 96%|█████████▌| 5562/5794 [01:23<00:03, 69.21it/s]
 96%|█████████▌| 5570/5794 [01:23<00:03, 69.93it/s]
 96%|█████████▋| 5578/5794 [01:24<00:03, 70.54it/s]
 96%|█████████▋| 5586/5794 [01:24<00:02, 70.67it/s]
 97%|█████████▋| 5594/5794 [01:24<00:02, 71.08it/s]
 97%|█████████▋| 5602/5794 [01:24<00:02, 71.08it/s]
 97%|█████████▋| 5610/5794 [01:24<00:02, 71.36it/s]
 97%|█████████▋| 5618/5794 [01:24<00:02, 71.24it/s]
 97%|█████████▋| 5626/5794 [01:24<00:02, 71.49it/s]
 97%|█████████▋| 5634/5794 [01:24<00:02, 71.46it/s]
 97%|█████████▋| 5642/5794 [01:25<00:02, 71.50it/s]
 98%|█████████▊| 5650/5794 [01:25<00:02, 71.35it/s]
 98%|█████████▊| 5658/5794 [01:25<00:01, 71.50it/s]
 98%|█████████▊| 5666/5794 [01:25<00:01, 71.24it/s]
 98%|█████████▊| 5674/5794 [01:25<00:01, 70.44it/s]
 98%|█████████▊| 5682/5794 [01:25<00:01, 67.90it/s]
 98%|█████████▊| 5689/5794 [01:25<00:01, 66.72it/s]
 98%|█████████▊| 5696/5794 [01:25<00:01, 65.91it/s]
 98%|█████████▊| 5703/5794 [01:25<00:01, 65.37it/s]
 99%|█████████▊| 5711/5794 [01:26<00:01, 67.27it/s]
 99%|█████████▊| 5719/5794 [01:26<00:01, 68.47it/s]
 99%|█████████▉| 5727/5794 [01:26<00:00, 69.40it/s]
 99%|█████████▉| 5735/5794 [01:26<00:00, 70.01it/s]
 99%|█████████▉| 5743/5794 [01:26<00:00, 70.55it/s]
 99%|█████████▉| 5751/5794 [01:26<00:00, 70.78it/s]
 99%|█████████▉| 5759/5794 [01:26<00:00, 71.10it/s]
100%|█████████▉| 5767/5794 [01:26<00:00, 71.14it/s]
100%|█████████▉| 5775/5794 [01:26<00:00, 71.43it/s]
100%|█████████▉| 5783/5794 [01:27<00:00, 71.50it/s]
100%|█████████▉| 5791/5794 [01:27<00:00, 71.87it/s]
100%|██████████| 5794/5794 [01:27<00:00, 66.41it/s]
BALANCED ACCS CHECKED FOR TEST
TEST SET RESULTS FOR CHECKPOINT trained_weights/waterbirds/gradcam_waterbird_1.0_forest2water2_21048936_trial_000/best_balanced_valacc_0.57_epoch_0.ckpt
test_acc: 0.7260959613393165
balanced_test_acc: 0.5742042605217895
Land_on_Land_test_acc: 0.9982261640798226
Land_on_Water_test_acc: 0.6957871396895787
Water_on_Land_test_acc: 0.01557632398753894
Water_on_Water_test_acc: 0.5872274143302181
test_acc_Waterbird: 0.3014018691588785
test_acc_Landbird: 0.8470066518847007
