[CMD] /home/ryreu/miniconda3/envs/gals_a100/bin/python -u main.py --config configs/waterbirds_95_gals_ourmasks.yaml --name gals_waterbird_complete95_forest2water2_21050491_trial_000 DATA.ROOT=/home/ryreu/guided_cnn/waterbirds DATA.WATERBIRDS_DIR=waterbird_complete95_forest2water2 SEED=0 EXP.BASE.LR=0.0010000000000000002 EXP.CLASSIFIER.LR=9.999999999999991e-05 EXP.WEIGHT_DECAY=9.999999999999997e-06 EXP.AUX_LOSSES_ON_VAL=False EXP.LOSSES.GRADIENT_OUTSIDE.WEIGHT=10.000000000000002 DATA.SEGMENTATION_DIR=/home/ryreu/guided_cnn/waterbirds/LearningToLook/code/WeCLIPPlus/results/val/prediction_cmap DATA.SEG_TRAIN_ONLY=True EXP.NUM_EPOCHS=1
SEED: 0
DATA:
  BATCH_SIZE: 96
  NUM_WORKERS: 4
  SIZE: 224
  NORMALIZATION: imagenet
  ATTENTION_DIR: NONE
  SEPARATE_CLASSES: false
  REMOVE_BACKGROUND: false
  ROOT: /home/ryreu/guided_cnn/waterbirds
  USE_CLASS_WEIGHTS: false
  USE_GROUP_WEIGHTS: false
  DATASET: waterbirds
  NUM_CLASSES: 2
  CONFOUNDING_FACTOR: 0.95
  WATERBIRDS_DIR: waterbird_complete95_forest2water2
  SEGMENTATION_DIR: /home/ryreu/guided_cnn/waterbirds/LearningToLook/code/WeCLIPPlus/results/val/prediction_cmap
  SEG_TRAIN_ONLY: true
EXP:
  NUM_TRIALS: 1
  LOSSES:
    CLASSIFICATION:
      WEIGHT: 1
    GRADIENT_OUTSIDE:
      COMPUTE: true
      LOG: false
      WEIGHT: 10.000000000000002
      CRITERION: L1
      GT: segmentation
      COMBINE_ATT_MODE: average_nonzero
    GRADIENT_INSIDE:
      COMPUTE: false
      LOG: false
      WEIGHT: 1
      CRITERION: L1
      GT: segmentation
      COMBINE_ATT_MODE: average_nonzero
    GRADCAM:
      COMPUTE: false
      LOG: false
      WEIGHT: 1
      CRITERION: L1
      GT: segmentation
      MODE: match
      COMBINE_ATT_MODE: average_nonzero
  APPROACH: generic
  MODEL: resnet50
  PRETRAINED: true
  NUM_EPOCHS: 1
  OPTIMIZER: SGD
  WEIGHT_DECAY: 9.999999999999997e-06
  MOMENTUM: 0.9
  SCHEDULER: NONE
  AUX_LOSSES_ON_VAL: false
  BASE:
    LR: 0.0010000000000000002
  CLASSIFIER:
    LR: 9.999999999999991e-05
LOGGING:
  SAVE_EVERY: 0
  SAVE_BEST: true
  SAVE_LAST: false
  LOG_ATTENTION: false
  LOG_ATTENTION_STEP: 10
  SAVE_STATS_PATH: null
yaml: configs/waterbirds_95_gals_ourmasks.yaml
name: gals_waterbird_complete95_forest2water2_21050491_trial_000
test_checkpoint: null

WATERBIRDS DIR: /home/ryreu/guided_cnn/waterbirds/waterbird_complete95_forest2water2
NUMBER OF SAMPLES WITH LABEL Landbird: 3682
NUMBER OF SAMPLES WITH LABEL Waterbird: 1113
NUMBER OF SAMPLES WITH GROUP Land_on_Land: 3498
NUMBER OF SAMPLES WITH GROUP Land_on_Water: 184
NUMBER OF SAMPLES WITH GROUP Water_on_Land: 56
NUMBER OF SAMPLES WITH GROUP Water_on_Water: 1057
WATERBIRDS DIR: /home/ryreu/guided_cnn/waterbirds/waterbird_complete95_forest2water2
NUMBER OF SAMPLES WITH LABEL Landbird: 933
NUMBER OF SAMPLES WITH LABEL Waterbird: 266
NUMBER OF SAMPLES WITH GROUP Land_on_Land: 467
NUMBER OF SAMPLES WITH GROUP Land_on_Water: 466
NUMBER OF SAMPLES WITH GROUP Water_on_Land: 133
NUMBER OF SAMPLES WITH GROUP Water_on_Water: 133
NUM TRAIN: 4795

NUM VAL:   1199

Number classifier outputs: 1
Using pretrained model: True
USING SGD OPTIMIZER
class weights: None
group weights: None
WANDB DISABLED: skipping wandb.init()
EPOCH: 0

>>> TRAINING 


  0%|          | 0/50 [00:00<?, ?it/s]
  2%|▏         | 1/50 [00:06<05:14,  6.42s/it]
  4%|▍         | 2/50 [00:07<02:36,  3.26s/it]
  6%|▌         | 3/50 [00:08<01:45,  2.25s/it]
  8%|▊         | 4/50 [00:09<01:21,  1.77s/it]
 10%|█         | 5/50 [00:10<01:08,  1.52s/it]
 12%|█▏        | 6/50 [00:11<00:59,  1.36s/it]
 14%|█▍        | 7/50 [00:12<00:53,  1.26s/it]
 16%|█▌        | 8/50 [00:13<00:49,  1.19s/it]
 18%|█▊        | 9/50 [00:14<00:47,  1.15s/it]
 20%|██        | 10/50 [00:15<00:44,  1.12s/it]
 22%|██▏       | 11/50 [00:16<00:42,  1.09s/it]
 24%|██▍       | 12/50 [00:17<00:41,  1.08s/it]
 26%|██▌       | 13/50 [00:19<00:39,  1.07s/it]
 28%|██▊       | 14/50 [00:20<00:38,  1.06s/it]
 30%|███       | 15/50 [00:21<00:36,  1.06s/it]
 32%|███▏      | 16/50 [00:22<00:35,  1.05s/it]
 34%|███▍      | 17/50 [00:23<00:34,  1.05s/it]
 36%|███▌      | 18/50 [00:24<00:33,  1.05s/it]
 38%|███▊      | 19/50 [00:25<00:32,  1.05s/it]
 40%|████      | 20/50 [00:26<00:31,  1.05s/it]
 42%|████▏     | 21/50 [00:27<00:30,  1.05s/it]
 44%|████▍     | 22/50 [00:28<00:29,  1.05s/it]
 46%|████▌     | 23/50 [00:29<00:28,  1.05s/it]
 48%|████▊     | 24/50 [00:30<00:27,  1.05s/it]
 50%|█████     | 25/50 [00:31<00:26,  1.05s/it]
 52%|█████▏    | 26/50 [00:32<00:25,  1.05s/it]
 54%|█████▍    | 27/50 [00:33<00:24,  1.05s/it]
 56%|█████▌    | 28/50 [00:34<00:23,  1.05s/it]
 58%|█████▊    | 29/50 [00:35<00:21,  1.05s/it]
 60%|██████    | 30/50 [00:36<00:20,  1.05s/it]
 62%|██████▏   | 31/50 [00:37<00:19,  1.05s/it]
 64%|██████▍   | 32/50 [00:38<00:18,  1.05s/it]
 66%|██████▌   | 33/50 [00:39<00:17,  1.05s/it]
 68%|██████▊   | 34/50 [00:40<00:16,  1.05s/it]
 70%|███████   | 35/50 [00:42<00:15,  1.05s/it]
 72%|███████▏  | 36/50 [00:43<00:14,  1.05s/it]
 74%|███████▍  | 37/50 [00:44<00:13,  1.05s/it]
 76%|███████▌  | 38/50 [00:45<00:12,  1.05s/it]
 78%|███████▊  | 39/50 [00:46<00:11,  1.05s/it]
 80%|████████  | 40/50 [00:47<00:10,  1.05s/it]
 82%|████████▏ | 41/50 [00:48<00:09,  1.05s/it]
 84%|████████▍ | 42/50 [00:49<00:08,  1.05s/it]
 86%|████████▌ | 43/50 [00:50<00:07,  1.05s/it]
 88%|████████▊ | 44/50 [00:51<00:06,  1.05s/it]
 90%|█████████ | 45/50 [00:52<00:05,  1.05s/it]
 92%|█████████▏| 46/50 [00:53<00:04,  1.04s/it]
 94%|█████████▍| 47/50 [00:54<00:03,  1.04s/it]
 96%|█████████▌| 48/50 [00:55<00:02,  1.04s/it]
 98%|█████████▊| 49/50 [00:56<00:01,  1.05s/it]
100%|██████████| 50/50 [00:57<00:00,  1.04s/it]
100%|██████████| 50/50 [00:57<00:00,  1.15s/it]
>>> VALIDATING 


  0%|          | 0/13 [00:00<?, ?it/s]
  8%|▊         | 1/13 [00:00<00:09,  1.24it/s]
 23%|██▎       | 3/13 [00:00<00:02,  3.84it/s]
 38%|███▊      | 5/13 [00:01<00:01,  4.71it/s]
 54%|█████▍    | 7/13 [00:01<00:00,  6.55it/s]
 69%|██████▉   | 9/13 [00:01<00:00,  6.26it/s]
 85%|████████▍ | 11/13 [00:01<00:00,  7.85it/s]
100%|██████████| 13/13 [00:02<00:00,  9.69it/s]
100%|██████████| 13/13 [00:02<00:00,  6.29it/s]
>>> LOGGING 

BALANCED ACCS CHECKED FOR TRAIN
BALANCED ACCS CHECKED FOR VAL
train_acc: 0.7067778936392075
val_acc: 0.713094245204337
train_cls_loss: 0.49541953628702134
val_cls_loss: 0.5280912072584966
train_total_loss: 0.49544632345344775
val_total_loss: 0.5280912072584966
balanced_train_acc: 0.5683488260071946
balanced_val_acc: 0.5455459388019889
Land_on_Land_train_acc: 0.8319039451114922
Land_on_Land_val_acc: 0.9978586723768736
Land_on_Water_train_acc: 0.7282608695652174
Land_on_Water_val_acc: 0.6952789699570815
Water_on_Land_train_acc: 0.14285714285714285
Water_on_Land_val_acc: 0.007518796992481203
Water_on_Water_train_acc: 0.31882686849574265
Water_on_Water_val_acc: 0.48120300751879697
train_dydx_outside_segmentation_loss: 2.678831597194146e-05
train_acc_Landbird: 0.8267246061922868
train_acc_Waterbird: 0.30997304582210244
val_acc_Landbird: 0.8467309753483387
val_acc_Waterbird: 0.24436090225563908
TRAIN ACC:        0.7067778936392075
VAL ACC:          0.713094245204337
BALANCED VAL ACC: 0.5455459388019889
prev best list: []
Saving to trained_weights/waterbirds/gals_waterbird_complete95_forest2water2_21050491_trial_000/best_balanced_valacc_0.55_epoch_0.ckpt
>>> EVALUATING ON TEST SET
WATERBIRDS DIR: /home/ryreu/guided_cnn/waterbirds/waterbird_complete95_forest2water2
NUMBER OF SAMPLES WITH LABEL Landbird: 4510
NUMBER OF SAMPLES WITH LABEL Waterbird: 1284
NUMBER OF SAMPLES WITH GROUP Land_on_Land: 2255
NUMBER OF SAMPLES WITH GROUP Land_on_Water: 2255
NUMBER OF SAMPLES WITH GROUP Water_on_Land: 642
NUMBER OF SAMPLES WITH GROUP Water_on_Water: 642
NUM TEST:   5794

Loaded checkpoint trained_weights/waterbirds/gals_waterbird_complete95_forest2water2_21050491_trial_000/best_balanced_valacc_0.55_epoch_0.ckpt

  0%|          | 0/5794 [00:00<?, ?it/s]
  0%|          | 1/5794 [00:00<23:54,  4.04it/s]
  0%|          | 8/5794 [00:00<03:33, 27.13it/s]
  0%|          | 16/5794 [00:00<02:13, 43.15it/s]
  0%|          | 24/5794 [00:00<01:50, 52.42it/s]
  1%|          | 32/5794 [00:00<01:38, 58.49it/s]
  1%|          | 40/5794 [00:00<01:32, 62.24it/s]
  1%|          | 48/5794 [00:00<01:28, 64.88it/s]
  1%|          | 55/5794 [00:01<01:26, 66.31it/s]
  1%|          | 63/5794 [00:01<01:24, 67.75it/s]
  1%|          | 71/5794 [00:01<01:23, 68.57it/s]
  1%|▏         | 79/5794 [00:01<01:22, 69.31it/s]
  2%|▏         | 87/5794 [00:01<01:21, 70.04it/s]
  2%|▏         | 95/5794 [00:01<01:20, 70.46it/s]
  2%|▏         | 103/5794 [00:01<01:20, 70.81it/s]
  2%|▏         | 111/5794 [00:01<01:20, 70.93it/s]
  2%|▏         | 119/5794 [00:01<01:19, 71.02it/s]
  2%|▏         | 127/5794 [00:02<01:19, 71.03it/s]
  2%|▏         | 135/5794 [00:02<01:19, 70.99it/s]
  2%|▏         | 143/5794 [00:02<01:19, 70.96it/s]
  3%|▎         | 151/5794 [00:02<01:19, 70.95it/s]
  3%|▎         | 159/5794 [00:02<01:20, 70.35it/s]
  3%|▎         | 167/5794 [00:02<01:19, 70.59it/s]
  3%|▎         | 175/5794 [00:02<01:19, 70.78it/s]
  3%|▎         | 183/5794 [00:02<01:19, 70.82it/s]
  3%|▎         | 191/5794 [00:02<01:19, 70.78it/s]
  3%|▎         | 199/5794 [00:03<01:18, 70.93it/s]
  4%|▎         | 207/5794 [00:03<01:18, 70.79it/s]
  4%|▎         | 215/5794 [00:03<01:18, 70.96it/s]
  4%|▍         | 223/5794 [00:03<01:18, 71.00it/s]
  4%|▍         | 231/5794 [00:03<01:18, 71.03it/s]
  4%|▍         | 239/5794 [00:03<01:18, 71.10it/s]
  4%|▍         | 247/5794 [00:03<01:18, 71.03it/s]
  4%|▍         | 255/5794 [00:03<01:17, 71.09it/s]
  5%|▍         | 263/5794 [00:03<01:17, 71.00it/s]
  5%|▍         | 271/5794 [00:04<01:17, 71.14it/s]
  5%|▍         | 279/5794 [00:04<01:17, 71.02it/s]
  5%|▍         | 287/5794 [00:04<01:17, 71.08it/s]
  5%|▌         | 295/5794 [00:04<01:17, 70.86it/s]
  5%|▌         | 303/5794 [00:04<01:17, 71.03it/s]
  5%|▌         | 311/5794 [00:04<01:17, 70.96it/s]
  6%|▌         | 319/5794 [00:04<01:17, 71.06it/s]
  6%|▌         | 327/5794 [00:04<01:17, 70.80it/s]
  6%|▌         | 335/5794 [00:04<01:16, 70.99it/s]
  6%|▌         | 343/5794 [00:05<01:17, 70.74it/s]
  6%|▌         | 351/5794 [00:05<01:16, 71.04it/s]
  6%|▌         | 359/5794 [00:05<01:16, 70.64it/s]
  6%|▋         | 367/5794 [00:05<01:16, 70.66it/s]
  6%|▋         | 375/5794 [00:05<01:16, 70.90it/s]
  7%|▋         | 383/5794 [00:05<01:16, 70.96it/s]
  7%|▋         | 391/5794 [00:05<01:16, 71.06it/s]
  7%|▋         | 399/5794 [00:05<01:15, 71.07it/s]
  7%|▋         | 407/5794 [00:05<01:16, 70.69it/s]
  7%|▋         | 415/5794 [00:06<01:16, 70.62it/s]
  7%|▋         | 423/5794 [00:06<01:15, 70.81it/s]
  7%|▋         | 431/5794 [00:06<01:15, 70.77it/s]
  8%|▊         | 439/5794 [00:06<01:15, 70.84it/s]
  8%|▊         | 447/5794 [00:06<01:15, 70.86it/s]
  8%|▊         | 455/5794 [00:06<01:15, 70.89it/s]
  8%|▊         | 463/5794 [00:06<01:15, 70.43it/s]
  8%|▊         | 471/5794 [00:06<01:15, 70.48it/s]
  8%|▊         | 479/5794 [00:07<01:15, 70.39it/s]
  8%|▊         | 487/5794 [00:07<01:15, 70.48it/s]
  9%|▊         | 495/5794 [00:07<01:15, 70.28it/s]
  9%|▊         | 503/5794 [00:07<01:15, 70.22it/s]
  9%|▉         | 511/5794 [00:07<01:15, 70.35it/s]
  9%|▉         | 519/5794 [00:07<01:15, 69.73it/s]
  9%|▉         | 526/5794 [00:07<01:15, 69.74it/s]
  9%|▉         | 533/5794 [00:07<01:15, 69.79it/s]
  9%|▉         | 540/5794 [00:07<01:15, 69.73it/s]
  9%|▉         | 548/5794 [00:07<01:15, 69.92it/s]
 10%|▉         | 556/5794 [00:08<01:14, 70.14it/s]
 10%|▉         | 564/5794 [00:08<01:14, 70.11it/s]
 10%|▉         | 572/5794 [00:08<01:14, 70.33it/s]
 10%|█         | 580/5794 [00:08<01:13, 70.63it/s]
 10%|█         | 588/5794 [00:08<01:13, 70.52it/s]
 10%|█         | 596/5794 [00:08<01:13, 70.50it/s]
 10%|█         | 604/5794 [00:08<01:13, 70.41it/s]
 11%|█         | 612/5794 [00:08<01:13, 70.47it/s]
 11%|█         | 620/5794 [00:09<01:13, 70.38it/s]
 11%|█         | 628/5794 [00:09<01:13, 70.49it/s]
 11%|█         | 636/5794 [00:09<01:13, 70.31it/s]
 11%|█         | 644/5794 [00:09<01:13, 70.43it/s]
 11%|█▏        | 652/5794 [00:09<01:12, 70.54it/s]
 11%|█▏        | 660/5794 [00:09<01:12, 70.75it/s]
 12%|█▏        | 668/5794 [00:09<01:12, 70.66it/s]
 12%|█▏        | 676/5794 [00:09<01:12, 70.87it/s]
 12%|█▏        | 684/5794 [00:09<01:12, 70.88it/s]
 12%|█▏        | 692/5794 [00:10<01:11, 71.05it/s]
 12%|█▏        | 700/5794 [00:10<01:11, 70.96it/s]
 12%|█▏        | 708/5794 [00:10<01:11, 71.15it/s]
 12%|█▏        | 716/5794 [00:10<01:11, 71.26it/s]
 12%|█▏        | 724/5794 [00:10<01:11, 71.25it/s]
 13%|█▎        | 732/5794 [00:10<01:10, 71.32it/s]
 13%|█▎        | 740/5794 [00:10<01:10, 71.25it/s]
 13%|█▎        | 748/5794 [00:10<01:10, 71.26it/s]
 13%|█▎        | 756/5794 [00:10<01:10, 71.09it/s]
 13%|█▎        | 764/5794 [00:11<01:10, 71.15it/s]
 13%|█▎        | 772/5794 [00:11<01:10, 71.09it/s]
 13%|█▎        | 780/5794 [00:11<01:10, 71.16it/s]
 14%|█▎        | 788/5794 [00:11<01:10, 71.01it/s]
 14%|█▎        | 796/5794 [00:11<01:10, 71.00it/s]
 14%|█▍        | 804/5794 [00:11<01:10, 70.96it/s]
 14%|█▍        | 812/5794 [00:11<01:09, 71.35it/s]
 14%|█▍        | 820/5794 [00:11<01:09, 71.14it/s]
 14%|█▍        | 828/5794 [00:11<01:09, 71.27it/s]
 14%|█▍        | 836/5794 [00:12<01:09, 71.26it/s]
 15%|█▍        | 844/5794 [00:12<01:09, 71.40it/s]
 15%|█▍        | 852/5794 [00:12<01:09, 71.27it/s]
 15%|█▍        | 860/5794 [00:12<01:09, 71.03it/s]
 15%|█▍        | 868/5794 [00:12<01:09, 70.93it/s]
 15%|█▌        | 876/5794 [00:12<01:09, 70.79it/s]
 15%|█▌        | 884/5794 [00:12<01:09, 70.98it/s]
 15%|█▌        | 892/5794 [00:12<01:09, 71.00it/s]
 16%|█▌        | 900/5794 [00:12<01:08, 71.23it/s]
 16%|█▌        | 908/5794 [00:13<01:08, 71.14it/s]
 16%|█▌        | 916/5794 [00:13<01:09, 70.17it/s]
 16%|█▌        | 924/5794 [00:13<01:09, 70.47it/s]
 16%|█▌        | 932/5794 [00:13<01:08, 70.58it/s]
 16%|█▌        | 940/5794 [00:13<01:08, 70.58it/s]
 16%|█▋        | 948/5794 [00:13<01:08, 70.76it/s]
 16%|█▋        | 956/5794 [00:13<01:08, 70.58it/s]
 17%|█▋        | 964/5794 [00:13<01:08, 70.56it/s]
 17%|█▋        | 972/5794 [00:13<01:08, 70.43it/s]
 17%|█▋        | 980/5794 [00:14<01:08, 70.23it/s]
 17%|█▋        | 988/5794 [00:14<01:08, 70.37it/s]
 17%|█▋        | 996/5794 [00:14<01:08, 70.43it/s]
 17%|█▋        | 1004/5794 [00:14<01:07, 70.68it/s]
 17%|█▋        | 1012/5794 [00:14<01:07, 70.85it/s]
 18%|█▊        | 1020/5794 [00:14<01:06, 71.33it/s]
 18%|█▊        | 1028/5794 [00:14<01:09, 68.83it/s]
 18%|█▊        | 1035/5794 [00:14<01:09, 68.39it/s]
 18%|█▊        | 1043/5794 [00:14<01:08, 69.15it/s]
 18%|█▊        | 1051/5794 [00:15<01:08, 69.33it/s]
 18%|█▊        | 1058/5794 [00:15<01:10, 67.42it/s]
 18%|█▊        | 1065/5794 [00:15<01:10, 66.91it/s]
 19%|█▊        | 1073/5794 [00:15<01:08, 68.82it/s]
 19%|█▊        | 1081/5794 [00:15<01:07, 69.82it/s]
 19%|█▉        | 1089/5794 [00:15<01:06, 70.43it/s]
 19%|█▉        | 1097/5794 [00:15<01:09, 67.90it/s]
 19%|█▉        | 1104/5794 [00:15<01:10, 66.69it/s]
 19%|█▉        | 1111/5794 [00:16<01:11, 65.60it/s]
 19%|█▉        | 1118/5794 [00:16<01:11, 65.01it/s]
 19%|█▉        | 1126/5794 [00:16<01:09, 66.80it/s]
 20%|█▉        | 1133/5794 [00:16<01:10, 65.90it/s]
 20%|█▉        | 1140/5794 [00:16<01:11, 65.17it/s]
 20%|█▉        | 1147/5794 [00:16<01:12, 64.50it/s]
 20%|█▉        | 1154/5794 [00:16<01:12, 64.31it/s]
 20%|██        | 1161/5794 [00:16<01:12, 63.97it/s]
 20%|██        | 1168/5794 [00:16<01:12, 63.76it/s]
 20%|██        | 1175/5794 [00:17<01:12, 64.06it/s]
 20%|██        | 1182/5794 [00:17<01:12, 63.67it/s]
 21%|██        | 1189/5794 [00:17<01:12, 63.54it/s]
 21%|██        | 1196/5794 [00:17<01:12, 63.36it/s]
 21%|██        | 1203/5794 [00:17<01:12, 63.34it/s]
 21%|██        | 1210/5794 [00:17<01:12, 63.24it/s]
 21%|██        | 1217/5794 [00:17<01:12, 63.07it/s]
 21%|██        | 1224/5794 [00:17<01:12, 63.21it/s]
 21%|██        | 1231/5794 [00:17<01:12, 62.85it/s]
 21%|██▏       | 1238/5794 [00:18<01:12, 63.05it/s]
 21%|██▏       | 1245/5794 [00:18<01:12, 62.98it/s]
 22%|██▏       | 1252/5794 [00:18<01:11, 63.13it/s]
 22%|██▏       | 1259/5794 [00:18<01:11, 63.10it/s]
 22%|██▏       | 1266/5794 [00:18<01:11, 63.05it/s]
 22%|██▏       | 1273/5794 [00:18<01:11, 63.17it/s]
 22%|██▏       | 1280/5794 [00:18<01:11, 63.06it/s]
 22%|██▏       | 1287/5794 [00:18<01:11, 63.14it/s]
 22%|██▏       | 1294/5794 [00:18<01:11, 63.18it/s]
 22%|██▏       | 1301/5794 [00:18<01:11, 63.14it/s]
 23%|██▎       | 1308/5794 [00:19<01:11, 63.12it/s]
 23%|██▎       | 1315/5794 [00:19<01:11, 63.00it/s]
 23%|██▎       | 1322/5794 [00:19<01:11, 62.91it/s]
 23%|██▎       | 1329/5794 [00:19<01:10, 62.92it/s]
 23%|██▎       | 1336/5794 [00:19<01:10, 63.01it/s]
 23%|██▎       | 1343/5794 [00:19<01:10, 63.06it/s]
 23%|██▎       | 1350/5794 [00:19<01:10, 62.98it/s]
 23%|██▎       | 1357/5794 [00:19<01:10, 63.01it/s]
 24%|██▎       | 1364/5794 [00:20<01:10, 62.53it/s]
 24%|██▎       | 1371/5794 [00:20<01:10, 62.81it/s]
 24%|██▍       | 1378/5794 [00:20<01:08, 64.51it/s]
 24%|██▍       | 1386/5794 [00:20<01:05, 67.05it/s]
 24%|██▍       | 1394/5794 [00:20<01:04, 68.65it/s]
 24%|██▍       | 1402/5794 [00:20<01:02, 69.98it/s]
 24%|██▍       | 1410/5794 [00:20<01:01, 70.78it/s]
 24%|██▍       | 1418/5794 [00:20<01:01, 71.28it/s]
 25%|██▍       | 1426/5794 [00:20<01:00, 71.62it/s]
 25%|██▍       | 1434/5794 [00:20<01:00, 71.81it/s]
 25%|██▍       | 1442/5794 [00:21<01:00, 72.00it/s]
 25%|██▌       | 1450/5794 [00:21<01:00, 72.14it/s]
 25%|██▌       | 1458/5794 [00:21<00:59, 72.37it/s]
 25%|██▌       | 1466/5794 [00:21<00:59, 72.46it/s]
 25%|██▌       | 1474/5794 [00:21<00:59, 72.53it/s]
 26%|██▌       | 1482/5794 [00:21<00:59, 72.43it/s]
 26%|██▌       | 1490/5794 [00:21<00:59, 72.62it/s]
 26%|██▌       | 1498/5794 [00:21<00:59, 72.63it/s]
 26%|██▌       | 1506/5794 [00:21<00:59, 72.53it/s]
 26%|██▌       | 1514/5794 [00:22<00:58, 72.55it/s]
 26%|██▋       | 1522/5794 [00:22<00:59, 72.39it/s]
 26%|██▋       | 1530/5794 [00:22<00:58, 72.72it/s]
 27%|██▋       | 1538/5794 [00:22<00:58, 72.71it/s]
 27%|██▋       | 1546/5794 [00:22<00:58, 72.89it/s]
 27%|██▋       | 1554/5794 [00:22<00:58, 72.78it/s]
 27%|██▋       | 1562/5794 [00:22<00:58, 72.84it/s]
 27%|██▋       | 1570/5794 [00:22<00:58, 72.72it/s]
 27%|██▋       | 1578/5794 [00:22<00:58, 72.57it/s]
 27%|██▋       | 1586/5794 [00:23<00:58, 72.40it/s]
 28%|██▊       | 1594/5794 [00:23<01:01, 68.74it/s]
 28%|██▊       | 1601/5794 [00:23<01:02, 66.93it/s]
 28%|██▊       | 1608/5794 [00:23<01:03, 65.99it/s]
 28%|██▊       | 1615/5794 [00:23<01:04, 64.88it/s]
 28%|██▊       | 1622/5794 [00:23<01:04, 64.31it/s]
 28%|██▊       | 1629/5794 [00:23<01:05, 63.46it/s]
 28%|██▊       | 1636/5794 [00:23<01:05, 63.32it/s]
 28%|██▊       | 1643/5794 [00:23<01:05, 63.34it/s]
 28%|██▊       | 1650/5794 [00:24<01:05, 63.55it/s]
 29%|██▊       | 1657/5794 [00:24<01:05, 63.21it/s]
 29%|██▊       | 1664/5794 [00:24<01:05, 63.38it/s]
 29%|██▉       | 1671/5794 [00:24<01:05, 63.25it/s]
 29%|██▉       | 1679/5794 [00:24<01:02, 65.55it/s]
 29%|██▉       | 1686/5794 [00:24<01:03, 64.80it/s]
 29%|██▉       | 1693/5794 [00:24<01:03, 64.29it/s]
 29%|██▉       | 1700/5794 [00:24<01:03, 64.13it/s]
 29%|██▉       | 1707/5794 [00:24<01:04, 63.76it/s]
 30%|██▉       | 1714/5794 [00:25<01:04, 63.65it/s]
 30%|██▉       | 1721/5794 [00:25<01:04, 63.17it/s]
 30%|██▉       | 1728/5794 [00:25<01:04, 62.92it/s]
 30%|██▉       | 1735/5794 [00:25<01:04, 62.97it/s]
 30%|███       | 1742/5794 [00:25<01:04, 62.94it/s]
 30%|███       | 1749/5794 [00:25<01:04, 62.59it/s]
 30%|███       | 1756/5794 [00:25<01:05, 62.11it/s]
 30%|███       | 1764/5794 [00:25<01:01, 65.39it/s]
 31%|███       | 1772/5794 [00:25<00:59, 67.21it/s]
 31%|███       | 1780/5794 [00:26<00:58, 68.95it/s]
 31%|███       | 1788/5794 [00:26<00:57, 69.87it/s]
 31%|███       | 1796/5794 [00:26<00:56, 70.81it/s]
 31%|███       | 1804/5794 [00:26<00:56, 71.07it/s]
 31%|███▏      | 1812/5794 [00:26<00:55, 71.55it/s]
 31%|███▏      | 1820/5794 [00:26<00:55, 71.81it/s]
 32%|███▏      | 1828/5794 [00:26<00:55, 71.08it/s]
 32%|███▏      | 1836/5794 [00:26<00:55, 71.37it/s]
 32%|███▏      | 1844/5794 [00:27<00:56, 70.37it/s]
 32%|███▏      | 1852/5794 [00:27<00:55, 71.07it/s]
 32%|███▏      | 1860/5794 [00:27<00:55, 71.41it/s]
 32%|███▏      | 1868/5794 [00:27<00:54, 71.71it/s]
 32%|███▏      | 1876/5794 [00:27<00:54, 71.92it/s]
 33%|███▎      | 1884/5794 [00:27<00:54, 72.14it/s]
 33%|███▎      | 1892/5794 [00:27<00:54, 72.16it/s]
 33%|███▎      | 1900/5794 [00:27<00:53, 72.39it/s]
 33%|███▎      | 1908/5794 [00:27<00:54, 71.64it/s]
 33%|███▎      | 1916/5794 [00:28<00:54, 71.52it/s]
 33%|███▎      | 1924/5794 [00:28<00:53, 71.73it/s]
 33%|███▎      | 1932/5794 [00:28<00:53, 72.02it/s]
 33%|███▎      | 1940/5794 [00:28<00:53, 71.65it/s]
 34%|███▎      | 1948/5794 [00:28<00:53, 71.77it/s]
 34%|███▍      | 1956/5794 [00:28<00:53, 71.78it/s]
 34%|███▍      | 1964/5794 [00:28<00:53, 71.79it/s]
 34%|███▍      | 1972/5794 [00:28<00:53, 71.83it/s]
 34%|███▍      | 1980/5794 [00:28<00:53, 71.79it/s]
 34%|███▍      | 1988/5794 [00:29<00:52, 71.84it/s]
 34%|███▍      | 1996/5794 [00:29<00:52, 71.85it/s]
 35%|███▍      | 2004/5794 [00:29<00:52, 71.69it/s]
 35%|███▍      | 2012/5794 [00:29<00:52, 71.79it/s]
 35%|███▍      | 2020/5794 [00:29<00:52, 71.95it/s]
 35%|███▌      | 2028/5794 [00:29<00:52, 71.91it/s]
 35%|███▌      | 2036/5794 [00:29<00:52, 72.04it/s]
 35%|███▌      | 2044/5794 [00:29<00:52, 72.01it/s]
 35%|███▌      | 2052/5794 [00:29<00:51, 72.27it/s]
 36%|███▌      | 2060/5794 [00:30<00:51, 72.17it/s]
 36%|███▌      | 2068/5794 [00:30<00:51, 71.89it/s]
 36%|███▌      | 2076/5794 [00:30<00:51, 71.60it/s]
 36%|███▌      | 2084/5794 [00:30<00:51, 71.38it/s]
 36%|███▌      | 2092/5794 [00:30<00:51, 71.37it/s]
 36%|███▌      | 2100/5794 [00:30<00:51, 71.20it/s]
 36%|███▋      | 2108/5794 [00:30<00:51, 71.20it/s]
 37%|███▋      | 2116/5794 [00:30<00:51, 71.10it/s]
 37%|███▋      | 2124/5794 [00:30<00:51, 71.13it/s]
 37%|███▋      | 2132/5794 [00:31<00:51, 71.18it/s]
 37%|███▋      | 2140/5794 [00:31<00:51, 71.28it/s]
 37%|███▋      | 2148/5794 [00:31<00:51, 71.03it/s]
 37%|███▋      | 2156/5794 [00:31<00:52, 69.04it/s]
 37%|███▋      | 2163/5794 [00:31<00:54, 66.87it/s]
 37%|███▋      | 2170/5794 [00:31<00:55, 65.76it/s]
 38%|███▊      | 2177/5794 [00:31<00:55, 65.05it/s]
 38%|███▊      | 2184/5794 [00:31<00:56, 64.08it/s]
 38%|███▊      | 2191/5794 [00:31<00:56, 63.96it/s]
 38%|███▊      | 2198/5794 [00:32<00:56, 63.55it/s]
 38%|███▊      | 2205/5794 [00:32<00:56, 63.60it/s]
 38%|███▊      | 2212/5794 [00:32<00:56, 63.49it/s]
 38%|███▊      | 2219/5794 [00:32<00:56, 63.43it/s]
 38%|███▊      | 2226/5794 [00:32<00:55, 63.98it/s]
 39%|███▊      | 2233/5794 [00:32<00:56, 63.42it/s]
 39%|███▊      | 2240/5794 [00:32<00:56, 63.25it/s]
 39%|███▉      | 2247/5794 [00:32<00:56, 63.06it/s]
 39%|███▉      | 2254/5794 [00:32<00:56, 63.10it/s]
 39%|███▉      | 2261/5794 [00:33<00:55, 63.20it/s]
 39%|███▉      | 2268/5794 [00:33<00:55, 62.98it/s]
 39%|███▉      | 2275/5794 [00:33<00:55, 63.13it/s]
 39%|███▉      | 2282/5794 [00:33<00:55, 62.97it/s]
 40%|███▉      | 2289/5794 [00:33<00:55, 63.04it/s]
 40%|███▉      | 2296/5794 [00:33<00:55, 63.05it/s]
 40%|███▉      | 2303/5794 [00:33<00:55, 62.78it/s]
 40%|███▉      | 2310/5794 [00:33<00:55, 62.67it/s]
 40%|███▉      | 2317/5794 [00:33<00:55, 62.58it/s]
 40%|████      | 2324/5794 [00:34<00:55, 62.40it/s]
 40%|████      | 2331/5794 [00:34<00:55, 62.58it/s]
 40%|████      | 2338/5794 [00:34<00:55, 62.57it/s]
 40%|████      | 2345/5794 [00:34<00:55, 62.61it/s]
 41%|████      | 2352/5794 [00:34<00:55, 62.46it/s]
 41%|████      | 2359/5794 [00:34<00:54, 62.71it/s]
 41%|████      | 2366/5794 [00:34<00:54, 62.36it/s]
 41%|████      | 2373/5794 [00:34<00:54, 62.71it/s]
 41%|████      | 2380/5794 [00:34<00:53, 63.92it/s]
 41%|████      | 2388/5794 [00:35<00:51, 65.88it/s]
 41%|████▏     | 2396/5794 [00:35<00:50, 67.33it/s]
 41%|████▏     | 2404/5794 [00:35<00:49, 68.23it/s]
 42%|████▏     | 2412/5794 [00:35<00:49, 68.96it/s]
 42%|████▏     | 2420/5794 [00:35<00:48, 69.37it/s]
 42%|████▏     | 2428/5794 [00:35<00:48, 69.78it/s]
 42%|████▏     | 2436/5794 [00:35<00:48, 69.92it/s]
 42%|████▏     | 2444/5794 [00:35<00:47, 70.25it/s]
 42%|████▏     | 2452/5794 [00:35<00:47, 70.32it/s]
 42%|████▏     | 2460/5794 [00:36<00:47, 70.46it/s]
 43%|████▎     | 2468/5794 [00:36<00:47, 70.42it/s]
 43%|████▎     | 2476/5794 [00:36<00:47, 70.55it/s]
 43%|████▎     | 2484/5794 [00:36<00:46, 70.58it/s]
 43%|████▎     | 2492/5794 [00:36<00:46, 70.55it/s]
 43%|████▎     | 2500/5794 [00:36<00:46, 70.57it/s]
 43%|████▎     | 2508/5794 [00:36<00:46, 70.54it/s]
 43%|████▎     | 2516/5794 [00:36<00:47, 69.58it/s]
 44%|████▎     | 2523/5794 [00:36<00:48, 67.59it/s]
 44%|████▎     | 2530/5794 [00:37<00:49, 66.26it/s]
 44%|████▍     | 2537/5794 [00:37<00:49, 65.22it/s]
 44%|████▍     | 2544/5794 [00:37<00:50, 64.46it/s]
 44%|████▍     | 2551/5794 [00:37<00:50, 64.09it/s]
 44%|████▍     | 2558/5794 [00:37<00:50, 63.65it/s]
 44%|████▍     | 2565/5794 [00:37<00:50, 64.03it/s]
 44%|████▍     | 2572/5794 [00:37<00:50, 63.72it/s]
 45%|████▍     | 2579/5794 [00:37<00:50, 63.28it/s]
 45%|████▍     | 2586/5794 [00:37<00:50, 63.26it/s]
 45%|████▍     | 2593/5794 [00:38<00:50, 63.09it/s]
 45%|████▍     | 2600/5794 [00:38<00:50, 63.17it/s]
 45%|████▍     | 2607/5794 [00:38<00:51, 62.32it/s]
 45%|████▌     | 2614/5794 [00:38<00:50, 62.72it/s]
 45%|████▌     | 2621/5794 [00:38<00:50, 62.78it/s]
 45%|████▌     | 2628/5794 [00:38<00:49, 64.35it/s]
 45%|████▌     | 2636/5794 [00:38<00:47, 66.16it/s]
 46%|████▌     | 2644/5794 [00:38<00:46, 67.50it/s]
 46%|████▌     | 2651/5794 [00:38<00:46, 67.16it/s]
 46%|████▌     | 2658/5794 [00:39<00:47, 65.93it/s]
 46%|████▌     | 2665/5794 [00:39<00:48, 64.98it/s]
 46%|████▌     | 2672/5794 [00:39<00:48, 64.39it/s]
 46%|████▌     | 2679/5794 [00:39<00:48, 64.11it/s]
 46%|████▋     | 2686/5794 [00:39<00:48, 63.77it/s]
 46%|████▋     | 2693/5794 [00:39<00:48, 63.43it/s]
 47%|████▋     | 2700/5794 [00:39<00:48, 63.44it/s]
 47%|████▋     | 2707/5794 [00:39<00:49, 62.93it/s]
 47%|████▋     | 2714/5794 [00:39<00:48, 64.16it/s]
 47%|████▋     | 2721/5794 [00:40<00:47, 64.60it/s]
 47%|████▋     | 2728/5794 [00:40<00:47, 64.08it/s]
 47%|████▋     | 2735/5794 [00:40<00:47, 63.89it/s]
 47%|████▋     | 2742/5794 [00:40<00:48, 63.53it/s]
 47%|████▋     | 2749/5794 [00:40<00:47, 63.52it/s]
 48%|████▊     | 2756/5794 [00:40<00:47, 63.37it/s]
 48%|████▊     | 2763/5794 [00:40<00:47, 63.21it/s]
 48%|████▊     | 2770/5794 [00:40<00:47, 63.27it/s]
 48%|████▊     | 2777/5794 [00:40<00:47, 62.97it/s]
 48%|████▊     | 2784/5794 [00:41<00:47, 62.88it/s]
 48%|████▊     | 2791/5794 [00:41<00:47, 62.80it/s]
 48%|████▊     | 2798/5794 [00:41<00:47, 62.65it/s]
 48%|████▊     | 2806/5794 [00:41<00:45, 65.19it/s]
 49%|████▊     | 2814/5794 [00:41<00:44, 67.28it/s]
 49%|████▊     | 2822/5794 [00:41<00:43, 68.75it/s]
 49%|████▉     | 2830/5794 [00:41<00:42, 69.81it/s]
 49%|████▉     | 2838/5794 [00:41<00:41, 70.55it/s]
 49%|████▉     | 2846/5794 [00:41<00:41, 71.10it/s]
 49%|████▉     | 2854/5794 [00:42<00:41, 71.29it/s]
 49%|████▉     | 2862/5794 [00:42<00:40, 71.65it/s]
 50%|████▉     | 2870/5794 [00:42<00:40, 71.81it/s]
 50%|████▉     | 2878/5794 [00:42<00:40, 71.92it/s]
 50%|████▉     | 2886/5794 [00:42<00:40, 72.14it/s]
 50%|████▉     | 2894/5794 [00:42<00:40, 72.21it/s]
 50%|█████     | 2902/5794 [00:42<00:39, 72.47it/s]
 50%|█████     | 2910/5794 [00:42<00:39, 72.52it/s]
 50%|█████     | 2918/5794 [00:42<00:40, 71.74it/s]
 51%|█████     | 2926/5794 [00:43<00:39, 72.10it/s]
 51%|█████     | 2934/5794 [00:43<00:39, 72.20it/s]
 51%|█████     | 2942/5794 [00:43<00:39, 72.41it/s]
 51%|█████     | 2950/5794 [00:43<00:39, 72.35it/s]
 51%|█████     | 2958/5794 [00:43<00:39, 72.53it/s]
 51%|█████     | 2966/5794 [00:43<00:39, 72.41it/s]
 51%|█████▏    | 2974/5794 [00:43<00:38, 72.37it/s]
 51%|█████▏    | 2982/5794 [00:43<00:39, 72.06it/s]
 52%|█████▏    | 2990/5794 [00:43<00:38, 72.20it/s]
 52%|█████▏    | 2998/5794 [00:44<00:38, 71.78it/s]
 52%|█████▏    | 3006/5794 [00:44<00:38, 71.90it/s]
 52%|█████▏    | 3014/5794 [00:44<00:38, 71.92it/s]
 52%|█████▏    | 3022/5794 [00:44<00:38, 71.96it/s]
 52%|█████▏    | 3030/5794 [00:44<00:38, 71.30it/s]
 52%|█████▏    | 3038/5794 [00:44<00:38, 71.56it/s]
 53%|█████▎    | 3046/5794 [00:44<00:38, 71.52it/s]
 53%|█████▎    | 3054/5794 [00:44<00:38, 71.80it/s]
 53%|█████▎    | 3062/5794 [00:44<00:38, 71.78it/s]
 53%|█████▎    | 3070/5794 [00:45<00:37, 72.02it/s]
 53%|█████▎    | 3078/5794 [00:45<00:37, 72.09it/s]
 53%|█████▎    | 3086/5794 [00:45<00:37, 72.09it/s]
 53%|█████▎    | 3094/5794 [00:45<00:37, 72.23it/s]
 54%|█████▎    | 3102/5794 [00:45<00:37, 72.21it/s]
 54%|█████▎    | 3110/5794 [00:45<00:37, 72.26it/s]
 54%|█████▍    | 3118/5794 [00:45<00:37, 72.28it/s]
 54%|█████▍    | 3126/5794 [00:45<00:36, 72.27it/s]
 54%|█████▍    | 3134/5794 [00:45<00:36, 72.26it/s]
 54%|█████▍    | 3142/5794 [00:46<00:36, 72.25it/s]
 54%|█████▍    | 3150/5794 [00:46<00:36, 72.19it/s]
 55%|█████▍    | 3158/5794 [00:46<00:36, 72.26it/s]
 55%|█████▍    | 3166/5794 [00:46<00:36, 71.77it/s]
 55%|█████▍    | 3174/5794 [00:46<00:36, 71.49it/s]
 55%|█████▍    | 3182/5794 [00:46<00:36, 71.12it/s]
 55%|█████▌    | 3190/5794 [00:46<00:36, 71.00it/s]
 55%|█████▌    | 3198/5794 [00:46<00:36, 70.93it/s]
 55%|█████▌    | 3206/5794 [00:46<00:36, 70.41it/s]
 55%|█████▌    | 3214/5794 [00:47<00:36, 70.96it/s]
 56%|█████▌    | 3222/5794 [00:47<00:36, 71.26it/s]
 56%|█████▌    | 3230/5794 [00:47<00:36, 70.86it/s]
 56%|█████▌    | 3238/5794 [00:47<00:36, 70.66it/s]
 56%|█████▌    | 3246/5794 [00:47<00:36, 70.64it/s]
 56%|█████▌    | 3254/5794 [00:47<00:35, 70.57it/s]
 56%|█████▋    | 3262/5794 [00:47<00:35, 71.30it/s]
 56%|█████▋    | 3270/5794 [00:47<00:35, 70.80it/s]
 57%|█████▋    | 3278/5794 [00:47<00:35, 71.31it/s]
 57%|█████▋    | 3286/5794 [00:48<00:35, 71.62it/s]
 57%|█████▋    | 3294/5794 [00:48<00:34, 72.07it/s]
 57%|█████▋    | 3302/5794 [00:48<00:34, 72.03it/s]
 57%|█████▋    | 3310/5794 [00:48<00:34, 72.32it/s]
 57%|█████▋    | 3318/5794 [00:48<00:34, 72.31it/s]
 57%|█████▋    | 3326/5794 [00:48<00:34, 72.46it/s]
 58%|█████▊    | 3334/5794 [00:48<00:34, 72.32it/s]
 58%|█████▊    | 3342/5794 [00:48<00:33, 72.29it/s]
 58%|█████▊    | 3350/5794 [00:48<00:33, 72.42it/s]
 58%|█████▊    | 3358/5794 [00:49<00:33, 72.11it/s]
 58%|█████▊    | 3366/5794 [00:49<00:33, 71.46it/s]
 58%|█████▊    | 3374/5794 [00:49<00:34, 71.06it/s]
 58%|█████▊    | 3382/5794 [00:49<00:34, 70.93it/s]
 59%|█████▊    | 3390/5794 [00:49<00:34, 70.51it/s]
 59%|█████▊    | 3398/5794 [00:49<00:33, 70.60it/s]
 59%|█████▉    | 3406/5794 [00:49<00:33, 70.47it/s]
 59%|█████▉    | 3414/5794 [00:49<00:33, 70.58it/s]
 59%|█████▉    | 3422/5794 [00:49<00:33, 70.33it/s]
 59%|█████▉    | 3430/5794 [00:50<00:33, 70.42it/s]
 59%|█████▉    | 3438/5794 [00:50<00:33, 70.39it/s]
 59%|█████▉    | 3446/5794 [00:50<00:33, 70.45it/s]
 60%|█████▉    | 3454/5794 [00:50<00:33, 70.38it/s]
 60%|█████▉    | 3462/5794 [00:50<00:33, 70.52it/s]
 60%|█████▉    | 3470/5794 [00:50<00:32, 70.59it/s]
 60%|██████    | 3478/5794 [00:50<00:32, 70.45it/s]
 60%|██████    | 3486/5794 [00:50<00:32, 70.55it/s]
 60%|██████    | 3494/5794 [00:51<00:32, 70.48it/s]
 60%|██████    | 3502/5794 [00:51<00:32, 70.52it/s]
 61%|██████    | 3510/5794 [00:51<00:32, 70.43it/s]
 61%|██████    | 3518/5794 [00:51<00:32, 70.50it/s]
 61%|██████    | 3526/5794 [00:51<00:32, 70.45it/s]
 61%|██████    | 3534/5794 [00:51<00:32, 70.49it/s]
 61%|██████    | 3542/5794 [00:51<00:31, 70.41it/s]
 61%|██████▏   | 3550/5794 [00:51<00:31, 70.45it/s]
 61%|██████▏   | 3558/5794 [00:51<00:31, 70.38it/s]
 62%|██████▏   | 3566/5794 [00:52<00:31, 70.47it/s]
 62%|██████▏   | 3574/5794 [00:52<00:31, 70.40it/s]
 62%|██████▏   | 3582/5794 [00:52<00:31, 70.48it/s]
 62%|██████▏   | 3590/5794 [00:52<00:31, 70.42it/s]
 62%|██████▏   | 3598/5794 [00:52<00:31, 70.82it/s]
 62%|██████▏   | 3606/5794 [00:52<00:30, 70.76it/s]
 62%|██████▏   | 3614/5794 [00:52<00:30, 71.23it/s]
 63%|██████▎   | 3622/5794 [00:52<00:30, 71.35it/s]
 63%|██████▎   | 3630/5794 [00:52<00:30, 71.31it/s]
 63%|██████▎   | 3638/5794 [00:53<00:30, 71.36it/s]
 63%|██████▎   | 3646/5794 [00:53<00:30, 71.13it/s]
 63%|██████▎   | 3654/5794 [00:53<00:30, 71.28it/s]
 63%|██████▎   | 3662/5794 [00:53<00:29, 71.27it/s]
 63%|██████▎   | 3670/5794 [00:53<00:29, 71.05it/s]
 63%|██████▎   | 3678/5794 [00:53<00:29, 71.20it/s]
 64%|██████▎   | 3686/5794 [00:53<00:29, 71.22it/s]
 64%|██████▍   | 3694/5794 [00:53<00:29, 71.18it/s]
 64%|██████▍   | 3702/5794 [00:53<00:29, 71.24it/s]
 64%|██████▍   | 3710/5794 [00:54<00:29, 71.21it/s]
 64%|██████▍   | 3718/5794 [00:54<00:29, 71.18it/s]
 64%|██████▍   | 3726/5794 [00:54<00:29, 71.13it/s]
 64%|██████▍   | 3734/5794 [00:54<00:28, 71.17it/s]
 65%|██████▍   | 3742/5794 [00:54<00:28, 71.36it/s]
 65%|██████▍   | 3750/5794 [00:54<00:28, 71.27it/s]
 65%|██████▍   | 3758/5794 [00:54<00:28, 71.50it/s]
 65%|██████▍   | 3766/5794 [00:54<00:28, 71.42it/s]
 65%|██████▌   | 3774/5794 [00:54<00:28, 71.40it/s]
 65%|██████▌   | 3782/5794 [00:55<00:28, 71.33it/s]
 65%|██████▌   | 3790/5794 [00:55<00:28, 71.40it/s]
 66%|██████▌   | 3798/5794 [00:55<00:27, 71.32it/s]
 66%|██████▌   | 3806/5794 [00:55<00:27, 71.37it/s]
 66%|██████▌   | 3814/5794 [00:55<00:27, 71.32it/s]
 66%|██████▌   | 3822/5794 [00:55<00:27, 71.44it/s]
 66%|██████▌   | 3830/5794 [00:55<00:27, 71.40it/s]
 66%|██████▌   | 3838/5794 [00:55<00:27, 71.50it/s]
 66%|██████▋   | 3846/5794 [00:55<00:27, 70.88it/s]
 67%|██████▋   | 3854/5794 [00:56<00:27, 70.35it/s]
 67%|██████▋   | 3862/5794 [00:56<00:27, 70.03it/s]
 67%|██████▋   | 3870/5794 [00:56<00:27, 70.16it/s]
 67%|██████▋   | 3878/5794 [00:56<00:27, 70.27it/s]
 67%|██████▋   | 3886/5794 [00:56<00:27, 69.81it/s]
 67%|██████▋   | 3893/5794 [00:56<00:27, 69.76it/s]
 67%|██████▋   | 3901/5794 [00:56<00:27, 69.99it/s]
 67%|██████▋   | 3909/5794 [00:56<00:26, 70.33it/s]
 68%|██████▊   | 3917/5794 [00:56<00:26, 70.56it/s]
 68%|██████▊   | 3925/5794 [00:57<00:26, 70.64it/s]
 68%|██████▊   | 3933/5794 [00:57<00:26, 70.63it/s]
 68%|██████▊   | 3941/5794 [00:57<00:26, 70.47it/s]
 68%|██████▊   | 3949/5794 [00:57<00:26, 70.43it/s]
 68%|██████▊   | 3957/5794 [00:57<00:25, 70.81it/s]
 68%|██████▊   | 3965/5794 [00:57<00:25, 70.99it/s]
 69%|██████▊   | 3973/5794 [00:57<00:25, 71.31it/s]
 69%|██████▊   | 3981/5794 [00:57<00:25, 71.16it/s]
 69%|██████▉   | 3989/5794 [00:57<00:25, 71.46it/s]
 69%|██████▉   | 3997/5794 [00:58<00:25, 71.51it/s]
 69%|██████▉   | 4005/5794 [00:58<00:25, 71.30it/s]
 69%|██████▉   | 4013/5794 [00:58<00:24, 71.28it/s]
 69%|██████▉   | 4021/5794 [00:58<00:24, 71.14it/s]
 70%|██████▉   | 4029/5794 [00:58<00:24, 70.99it/s]
 70%|██████▉   | 4037/5794 [00:58<00:24, 70.65it/s]
 70%|██████▉   | 4045/5794 [00:58<00:24, 70.68it/s]
 70%|██████▉   | 4053/5794 [00:58<00:24, 70.01it/s]
 70%|███████   | 4061/5794 [00:59<00:24, 69.99it/s]
 70%|███████   | 4069/5794 [00:59<00:24, 70.19it/s]
 70%|███████   | 4077/5794 [00:59<00:24, 70.33it/s]
 71%|███████   | 4085/5794 [00:59<00:24, 70.39it/s]
 71%|███████   | 4093/5794 [00:59<00:24, 70.77it/s]
 71%|███████   | 4101/5794 [00:59<00:23, 70.86it/s]
 71%|███████   | 4109/5794 [00:59<00:23, 70.91it/s]
 71%|███████   | 4117/5794 [00:59<00:23, 70.80it/s]
 71%|███████   | 4125/5794 [00:59<00:23, 70.75it/s]
 71%|███████▏  | 4133/5794 [01:00<00:23, 70.81it/s]
 71%|███████▏  | 4141/5794 [01:00<00:23, 70.96it/s]
 72%|███████▏  | 4149/5794 [01:00<00:23, 71.02it/s]
 72%|███████▏  | 4157/5794 [01:00<00:23, 70.90it/s]
 72%|███████▏  | 4165/5794 [01:00<00:22, 70.96it/s]
 72%|███████▏  | 4173/5794 [01:00<00:22, 71.05it/s]
 72%|███████▏  | 4181/5794 [01:00<00:22, 71.27it/s]
 72%|███████▏  | 4189/5794 [01:00<00:22, 70.36it/s]
 72%|███████▏  | 4197/5794 [01:00<00:22, 70.51it/s]
 73%|███████▎  | 4205/5794 [01:01<00:22, 70.59it/s]
 73%|███████▎  | 4213/5794 [01:01<00:22, 70.80it/s]
 73%|███████▎  | 4221/5794 [01:01<00:22, 70.67it/s]
 73%|███████▎  | 4229/5794 [01:01<00:22, 70.85it/s]
 73%|███████▎  | 4237/5794 [01:01<00:21, 70.83it/s]
 73%|███████▎  | 4245/5794 [01:01<00:21, 71.01it/s]
 73%|███████▎  | 4253/5794 [01:01<00:21, 70.85it/s]
 74%|███████▎  | 4261/5794 [01:01<00:21, 70.99it/s]
 74%|███████▎  | 4269/5794 [01:01<00:21, 70.84it/s]
 74%|███████▍  | 4277/5794 [01:02<00:21, 70.84it/s]
 74%|███████▍  | 4285/5794 [01:02<00:21, 70.76it/s]
 74%|███████▍  | 4293/5794 [01:02<00:21, 70.70it/s]
 74%|███████▍  | 4301/5794 [01:02<00:21, 70.86it/s]
 74%|███████▍  | 4309/5794 [01:02<00:20, 70.82it/s]
 75%|███████▍  | 4317/5794 [01:02<00:20, 70.92it/s]
 75%|███████▍  | 4325/5794 [01:02<00:20, 70.49it/s]
 75%|███████▍  | 4333/5794 [01:02<00:20, 70.73it/s]
 75%|███████▍  | 4341/5794 [01:02<00:20, 70.85it/s]
 75%|███████▌  | 4349/5794 [01:03<00:20, 71.04it/s]
 75%|███████▌  | 4357/5794 [01:03<00:20, 70.89it/s]
 75%|███████▌  | 4365/5794 [01:03<00:20, 71.22it/s]
 75%|███████▌  | 4373/5794 [01:03<00:19, 71.48it/s]
 76%|███████▌  | 4381/5794 [01:03<00:19, 71.62it/s]
 76%|███████▌  | 4389/5794 [01:03<00:19, 71.64it/s]
 76%|███████▌  | 4397/5794 [01:03<00:19, 71.97it/s]
 76%|███████▌  | 4405/5794 [01:03<00:19, 72.17it/s]
 76%|███████▌  | 4413/5794 [01:03<00:19, 71.87it/s]
 76%|███████▋  | 4421/5794 [01:04<00:19, 72.01it/s]
 76%|███████▋  | 4429/5794 [01:04<00:18, 71.90it/s]
 77%|███████▋  | 4437/5794 [01:04<00:18, 72.06it/s]
 77%|███████▋  | 4445/5794 [01:04<00:18, 71.93it/s]
 77%|███████▋  | 4453/5794 [01:04<00:18, 72.11it/s]
 77%|███████▋  | 4461/5794 [01:04<00:18, 72.04it/s]
 77%|███████▋  | 4469/5794 [01:04<00:18, 72.14it/s]
 77%|███████▋  | 4477/5794 [01:04<00:18, 71.76it/s]
 77%|███████▋  | 4485/5794 [01:04<00:18, 71.65it/s]
 78%|███████▊  | 4493/5794 [01:05<00:18, 71.54it/s]
 78%|███████▊  | 4501/5794 [01:05<00:18, 70.46it/s]
 78%|███████▊  | 4509/5794 [01:05<00:18, 70.52it/s]
 78%|███████▊  | 4517/5794 [01:05<00:18, 70.80it/s]
 78%|███████▊  | 4525/5794 [01:05<00:17, 70.81it/s]
 78%|███████▊  | 4533/5794 [01:05<00:17, 70.93it/s]
 78%|███████▊  | 4541/5794 [01:05<00:17, 71.00it/s]
 79%|███████▊  | 4549/5794 [01:05<00:17, 70.91it/s]
 79%|███████▊  | 4557/5794 [01:05<00:17, 70.97it/s]
 79%|███████▉  | 4565/5794 [01:06<00:17, 71.03it/s]
 79%|███████▉  | 4573/5794 [01:06<00:17, 71.12it/s]
 79%|███████▉  | 4581/5794 [01:06<00:17, 71.03it/s]
 79%|███████▉  | 4589/5794 [01:06<00:16, 71.08it/s]
 79%|███████▉  | 4597/5794 [01:06<00:16, 70.92it/s]
 79%|███████▉  | 4605/5794 [01:06<00:16, 71.00it/s]
 80%|███████▉  | 4613/5794 [01:06<00:16, 70.92it/s]
 80%|███████▉  | 4621/5794 [01:06<00:16, 70.94it/s]
 80%|███████▉  | 4629/5794 [01:06<00:16, 70.80it/s]
 80%|████████  | 4637/5794 [01:07<00:16, 70.91it/s]
 80%|████████  | 4645/5794 [01:07<00:16, 70.89it/s]
 80%|████████  | 4653/5794 [01:07<00:16, 70.93it/s]
 80%|████████  | 4661/5794 [01:07<00:15, 70.86it/s]
 81%|████████  | 4669/5794 [01:07<00:15, 71.14it/s]
 81%|████████  | 4677/5794 [01:07<00:15, 71.16it/s]
 81%|████████  | 4685/5794 [01:07<00:15, 70.95it/s]
 81%|████████  | 4693/5794 [01:07<00:15, 70.71it/s]
 81%|████████  | 4701/5794 [01:08<00:15, 70.68it/s]
 81%|████████▏ | 4709/5794 [01:08<00:15, 70.95it/s]
 81%|████████▏ | 4717/5794 [01:08<00:15, 71.28it/s]
 82%|████████▏ | 4725/5794 [01:08<00:14, 71.69it/s]
 82%|████████▏ | 4733/5794 [01:08<00:14, 71.82it/s]
 82%|████████▏ | 4741/5794 [01:08<00:14, 71.82it/s]
 82%|████████▏ | 4749/5794 [01:08<00:14, 71.77it/s]
 82%|████████▏ | 4757/5794 [01:08<00:14, 71.91it/s]
 82%|████████▏ | 4765/5794 [01:08<00:14, 71.59it/s]
 82%|████████▏ | 4773/5794 [01:09<00:14, 71.69it/s]
 83%|████████▎ | 4781/5794 [01:09<00:14, 71.82it/s]
 83%|████████▎ | 4789/5794 [01:09<00:13, 71.94it/s]
 83%|████████▎ | 4797/5794 [01:09<00:13, 71.82it/s]
 83%|████████▎ | 4805/5794 [01:09<00:13, 71.96it/s]
 83%|████████▎ | 4813/5794 [01:09<00:13, 71.94it/s]
 83%|████████▎ | 4821/5794 [01:09<00:13, 71.84it/s]
 83%|████████▎ | 4829/5794 [01:09<00:13, 71.92it/s]
 83%|████████▎ | 4837/5794 [01:09<00:13, 71.44it/s]
 84%|████████▎ | 4845/5794 [01:10<00:13, 71.34it/s]
 84%|████████▍ | 4853/5794 [01:10<00:13, 71.21it/s]
 84%|████████▍ | 4861/5794 [01:10<00:13, 70.83it/s]
 84%|████████▍ | 4869/5794 [01:10<00:13, 70.84it/s]
 84%|████████▍ | 4877/5794 [01:10<00:12, 70.97it/s]
 84%|████████▍ | 4885/5794 [01:10<00:12, 70.93it/s]
 84%|████████▍ | 4893/5794 [01:10<00:12, 70.99it/s]
 85%|████████▍ | 4901/5794 [01:10<00:12, 70.97it/s]
 85%|████████▍ | 4909/5794 [01:10<00:12, 71.17it/s]
 85%|████████▍ | 4917/5794 [01:11<00:12, 69.55it/s]
 85%|████████▍ | 4924/5794 [01:11<00:12, 67.56it/s]
 85%|████████▌ | 4931/5794 [01:11<00:13, 66.09it/s]
 85%|████████▌ | 4938/5794 [01:11<00:13, 65.06it/s]
 85%|████████▌ | 4945/5794 [01:11<00:13, 64.65it/s]
 85%|████████▌ | 4952/5794 [01:11<00:13, 64.26it/s]
 86%|████████▌ | 4959/5794 [01:11<00:13, 64.16it/s]
 86%|████████▌ | 4966/5794 [01:11<00:12, 63.88it/s]
 86%|████████▌ | 4973/5794 [01:11<00:12, 63.52it/s]
 86%|████████▌ | 4980/5794 [01:12<00:12, 63.59it/s]
 86%|████████▌ | 4987/5794 [01:12<00:12, 63.39it/s]
 86%|████████▌ | 4994/5794 [01:12<00:12, 63.40it/s]
 86%|████████▋ | 5001/5794 [01:12<00:12, 63.28it/s]
 86%|████████▋ | 5008/5794 [01:12<00:12, 63.34it/s]
 87%|████████▋ | 5015/5794 [01:12<00:12, 63.34it/s]
 87%|████████▋ | 5022/5794 [01:12<00:12, 63.46it/s]
 87%|████████▋ | 5030/5794 [01:12<00:11, 66.22it/s]
 87%|████████▋ | 5038/5794 [01:12<00:11, 67.65it/s]
 87%|████████▋ | 5046/5794 [01:13<00:10, 69.04it/s]
 87%|████████▋ | 5054/5794 [01:13<00:10, 70.05it/s]
 87%|████████▋ | 5062/5794 [01:13<00:10, 70.84it/s]
 88%|████████▊ | 5070/5794 [01:13<00:10, 71.30it/s]
 88%|████████▊ | 5078/5794 [01:13<00:10, 71.40it/s]
 88%|████████▊ | 5086/5794 [01:13<00:09, 71.59it/s]
 88%|████████▊ | 5094/5794 [01:13<00:09, 71.76it/s]
 88%|████████▊ | 5102/5794 [01:13<00:09, 72.04it/s]
 88%|████████▊ | 5110/5794 [01:13<00:09, 69.26it/s]
 88%|████████▊ | 5117/5794 [01:14<00:10, 67.44it/s]
 88%|████████▊ | 5124/5794 [01:14<00:10, 66.10it/s]
 89%|████████▊ | 5131/5794 [01:14<00:10, 65.22it/s]
 89%|████████▊ | 5138/5794 [01:14<00:10, 64.56it/s]
 89%|████████▉ | 5145/5794 [01:14<00:10, 64.23it/s]
 89%|████████▉ | 5152/5794 [01:14<00:10, 63.99it/s]
 89%|████████▉ | 5159/5794 [01:14<00:09, 63.60it/s]
 89%|████████▉ | 5166/5794 [01:14<00:09, 63.56it/s]
 89%|████████▉ | 5173/5794 [01:14<00:09, 63.30it/s]
 89%|████████▉ | 5180/5794 [01:15<00:09, 63.32it/s]
 90%|████████▉ | 5187/5794 [01:15<00:09, 63.32it/s]
 90%|████████▉ | 5194/5794 [01:15<00:09, 63.31it/s]
 90%|████████▉ | 5201/5794 [01:15<00:09, 63.36it/s]
 90%|████████▉ | 5208/5794 [01:15<00:09, 63.32it/s]
 90%|█████████ | 5215/5794 [01:15<00:09, 63.39it/s]
 90%|█████████ | 5222/5794 [01:15<00:09, 63.31it/s]
 90%|█████████ | 5229/5794 [01:15<00:08, 63.18it/s]
 90%|█████████ | 5236/5794 [01:15<00:08, 63.22it/s]
 90%|█████████ | 5243/5794 [01:16<00:08, 64.64it/s]
 91%|█████████ | 5251/5794 [01:16<00:08, 66.80it/s]
 91%|█████████ | 5259/5794 [01:16<00:07, 68.23it/s]
 91%|█████████ | 5267/5794 [01:16<00:07, 69.52it/s]
 91%|█████████ | 5275/5794 [01:16<00:07, 70.04it/s]
 91%|█████████ | 5283/5794 [01:16<00:07, 67.39it/s]
 91%|█████████▏| 5290/5794 [01:16<00:07, 65.98it/s]
 91%|█████████▏| 5297/5794 [01:16<00:07, 65.15it/s]
 92%|█████████▏| 5304/5794 [01:16<00:07, 64.55it/s]
 92%|█████████▏| 5311/5794 [01:17<00:07, 63.90it/s]
 92%|█████████▏| 5318/5794 [01:17<00:07, 64.88it/s]
 92%|█████████▏| 5326/5794 [01:17<00:07, 66.62it/s]
 92%|█████████▏| 5334/5794 [01:17<00:06, 68.06it/s]
 92%|█████████▏| 5341/5794 [01:17<00:06, 68.59it/s]
 92%|█████████▏| 5349/5794 [01:17<00:06, 69.53it/s]
 92%|█████████▏| 5357/5794 [01:17<00:06, 70.08it/s]
 93%|█████████▎| 5365/5794 [01:17<00:06, 69.67it/s]
 93%|█████████▎| 5373/5794 [01:17<00:06, 70.01it/s]
 93%|█████████▎| 5381/5794 [01:18<00:05, 70.24it/s]
 93%|█████████▎| 5389/5794 [01:18<00:05, 70.61it/s]
 93%|█████████▎| 5397/5794 [01:18<00:05, 70.46it/s]
 93%|█████████▎| 5405/5794 [01:18<00:05, 70.64it/s]
 93%|█████████▎| 5413/5794 [01:18<00:05, 70.74it/s]
 94%|█████████▎| 5421/5794 [01:18<00:05, 69.82it/s]
 94%|█████████▎| 5428/5794 [01:18<00:05, 67.83it/s]
 94%|█████████▍| 5435/5794 [01:18<00:05, 66.62it/s]
 94%|█████████▍| 5442/5794 [01:18<00:05, 65.70it/s]
 94%|█████████▍| 5449/5794 [01:19<00:05, 64.74it/s]
 94%|█████████▍| 5456/5794 [01:19<00:05, 64.24it/s]
 94%|█████████▍| 5463/5794 [01:19<00:05, 63.76it/s]
 94%|█████████▍| 5470/5794 [01:19<00:05, 63.63it/s]
 95%|█████████▍| 5477/5794 [01:19<00:04, 63.47it/s]
 95%|█████████▍| 5484/5794 [01:19<00:04, 62.96it/s]
 95%|█████████▍| 5491/5794 [01:19<00:04, 63.22it/s]
 95%|█████████▍| 5498/5794 [01:19<00:04, 63.28it/s]
 95%|█████████▌| 5505/5794 [01:19<00:04, 63.36it/s]
 95%|█████████▌| 5512/5794 [01:20<00:04, 64.35it/s]
 95%|█████████▌| 5520/5794 [01:20<00:04, 66.63it/s]
 95%|█████████▌| 5528/5794 [01:20<00:03, 68.11it/s]
 96%|█████████▌| 5535/5794 [01:20<00:03, 67.61it/s]
 96%|█████████▌| 5542/5794 [01:20<00:03, 66.17it/s]
 96%|█████████▌| 5549/5794 [01:20<00:03, 65.03it/s]
 96%|█████████▌| 5556/5794 [01:20<00:03, 64.63it/s]
 96%|█████████▌| 5563/5794 [01:20<00:03, 64.38it/s]
 96%|█████████▌| 5571/5794 [01:20<00:03, 66.29it/s]
 96%|█████████▋| 5579/5794 [01:21<00:03, 67.37it/s]
 96%|█████████▋| 5587/5794 [01:21<00:03, 68.47it/s]
 97%|█████████▋| 5595/5794 [01:21<00:02, 68.95it/s]
 97%|█████████▋| 5603/5794 [01:21<00:02, 69.33it/s]
 97%|█████████▋| 5611/5794 [01:21<00:02, 69.67it/s]
 97%|█████████▋| 5618/5794 [01:21<00:02, 69.59it/s]
 97%|█████████▋| 5626/5794 [01:21<00:02, 69.83it/s]
 97%|█████████▋| 5634/5794 [01:21<00:02, 69.92it/s]
 97%|█████████▋| 5641/5794 [01:21<00:02, 69.92it/s]
 97%|█████████▋| 5648/5794 [01:22<00:02, 69.90it/s]
 98%|█████████▊| 5656/5794 [01:22<00:01, 70.00it/s]
 98%|█████████▊| 5664/5794 [01:22<00:01, 70.08it/s]
 98%|█████████▊| 5672/5794 [01:22<00:01, 70.17it/s]
 98%|█████████▊| 5680/5794 [01:22<00:01, 70.27it/s]
 98%|█████████▊| 5688/5794 [01:22<00:01, 70.23it/s]
 98%|█████████▊| 5696/5794 [01:22<00:01, 70.39it/s]
 98%|█████████▊| 5704/5794 [01:22<00:01, 70.23it/s]
 99%|█████████▊| 5712/5794 [01:22<00:01, 70.36it/s]
 99%|█████████▊| 5720/5794 [01:23<00:01, 70.34it/s]
 99%|█████████▉| 5728/5794 [01:23<00:00, 70.45it/s]
 99%|█████████▉| 5736/5794 [01:23<00:00, 70.23it/s]
 99%|█████████▉| 5744/5794 [01:23<00:00, 70.38it/s]
 99%|█████████▉| 5752/5794 [01:23<00:00, 70.32it/s]
 99%|█████████▉| 5760/5794 [01:23<00:00, 70.32it/s]
100%|█████████▉| 5768/5794 [01:23<00:00, 70.29it/s]
100%|█████████▉| 5776/5794 [01:23<00:00, 70.36it/s]
100%|█████████▉| 5784/5794 [01:23<00:00, 70.26it/s]
100%|█████████▉| 5792/5794 [01:24<00:00, 70.52it/s]
100%|██████████| 5794/5794 [01:24<00:00, 68.82it/s]
BALANCED ACCS CHECKED FOR TEST
TEST SET RESULTS FOR CHECKPOINT trained_weights/waterbirds/gals_waterbird_complete95_forest2water2_21050491_trial_000/best_balanced_valacc_0.55_epoch_0.ckpt
test_acc: 0.7283396617190196
balanced_test_acc: 0.5664535715025799
Land_on_Land_test_acc: 0.9991130820399113
Land_on_Water_test_acc: 0.71529933481153
Water_on_Land_test_acc: 0.010903426791277258
Water_on_Water_test_acc: 0.5404984423676013
test_acc_Waterbird: 0.2757009345794392
test_acc_Landbird: 0.8572062084257206
