[CMD] /home/ryreu/miniconda3/envs/gals_a100/bin/python -u main.py --config configs/waterbirds_95_abn_vit.yaml --name abn_att_waterbird_complete95_forest2water2_21050491_trial_000 DATA.ROOT=/home/ryreu/guided_cnn/waterbirds DATA.WATERBIRDS_DIR=waterbird_complete95_forest2water2 SEED=0 EXP.BASE.LR=0.0010000000000000002 EXP.CLASSIFIER.LR=9.999999999999991e-05 EXP.WEIGHT_DECAY=9.999999999999997e-06 EXP.AUX_LOSSES_ON_VAL=False EXP.LOSSES.ABN_SUPERVISION.WEIGHT=1.0 EXP.NUM_EPOCHS=1
SEED: 0
DATA:
  BATCH_SIZE: 96
  NUM_WORKERS: 4
  SIZE: 224
  NORMALIZATION: imagenet
  ATTENTION_DIR: clip_vit_attention
  SEPARATE_CLASSES: false
  REMOVE_BACKGROUND: false
  ROOT: /home/ryreu/guided_cnn/waterbirds
  USE_CLASS_WEIGHTS: false
  USE_GROUP_WEIGHTS: false
  DATASET: waterbirds
  NUM_CLASSES: 2
  CONFOUNDING_FACTOR: 0.95
  WATERBIRDS_DIR: waterbird_complete95_forest2water2
EXP:
  NUM_TRIALS: 1
  LOSSES:
    CLASSIFICATION:
      WEIGHT: 1
    GRADIENT_OUTSIDE:
      COMPUTE: false
      LOG: false
      WEIGHT: 0.01
      CRITERION: L1
      GT: segmentation
      COMBINE_ATT_MODE: average_nonzero
    GRADIENT_INSIDE:
      COMPUTE: false
      LOG: false
      WEIGHT: 1
      CRITERION: L1
      GT: segmentation
      COMBINE_ATT_MODE: average_nonzero
    GRADCAM:
      COMPUTE: false
      LOG: false
      WEIGHT: 1
      CRITERION: L1
      GT: segmentation
      MODE: match
      COMBINE_ATT_MODE: average_nonzero
    ABN_CLASSIFICATION:
      COMPUTE: true
      LOG: false
      WEIGHT: 1
    ABN_SUPERVISION:
      COMPUTE: true
      LOG: false
      WEIGHT: 1.0
      CRITERION: L1
      GT: clip_vit
      MODE: suppress_outside
      COMBINE_ATT_MODE: average_nonzero
  APPROACH: abn
  MODEL: resnet50_abn
  PRETRAINED: true
  PROVIDED_ATT: NONE
  PROVIDED_ATT_SHAPE:
  - 14
  - 14
  ABN_ADD_AFTER_ATTENTION: true
  NUM_EPOCHS: 1
  OPTIMIZER: SGD
  WEIGHT_DECAY: 9.999999999999997e-06
  MOMENTUM: 0.9
  SCHEDULER: NONE
  BASE:
    LR: 0.0010000000000000002
  CLASSIFIER:
    LR: 9.999999999999991e-05
  AUX_LOSSES_ON_VAL: false
LOGGING:
  SAVE_EVERY: 0
  SAVE_BEST: true
  SAVE_LAST: false
  LOG_ATTENTION: false
  LOG_ATTENTION_STEP: 10
  SAVE_STATS_PATH: null
yaml: configs/waterbirds_95_abn_vit.yaml
name: abn_att_waterbird_complete95_forest2water2_21050491_trial_000
test_checkpoint: null

WATERBIRDS DIR: /home/ryreu/guided_cnn/waterbirds/waterbird_complete95_forest2water2
NUMBER OF SAMPLES WITH LABEL Landbird: 3682
NUMBER OF SAMPLES WITH LABEL Waterbird: 1113
NUMBER OF SAMPLES WITH GROUP Land_on_Land: 3498
NUMBER OF SAMPLES WITH GROUP Land_on_Water: 184
NUMBER OF SAMPLES WITH GROUP Water_on_Land: 56
NUMBER OF SAMPLES WITH GROUP Water_on_Water: 1057
WATERBIRDS DIR: /home/ryreu/guided_cnn/waterbirds/waterbird_complete95_forest2water2
NUMBER OF SAMPLES WITH LABEL Landbird: 933
NUMBER OF SAMPLES WITH LABEL Waterbird: 266
NUMBER OF SAMPLES WITH GROUP Land_on_Land: 467
NUMBER OF SAMPLES WITH GROUP Land_on_Water: 466
NUMBER OF SAMPLES WITH GROUP Water_on_Land: 133
NUMBER OF SAMPLES WITH GROUP Water_on_Water: 133
NUM TRAIN: 4795

NUM VAL:   1199

Number classifier outputs: 1
Using pretrained model: True
Removing att_conv.weight from pretained weights, with weight shape torch.Size([1000, 2048, 1, 1])
Removing bn_att2.weight from pretained weights, with weight shape torch.Size([1000])
Removing bn_att2.bias from pretained weights, with weight shape torch.Size([1000])
Removing bn_att2.running_mean from pretained weights, with weight shape torch.Size([1000])
Removing bn_att2.running_var from pretained weights, with weight shape torch.Size([1000])
Removing att_conv2.weight from pretained weights, with weight shape torch.Size([1000, 1000, 1, 1])
Removing att_conv3.weight from pretained weights, with weight shape torch.Size([1, 1000, 3, 3])
Removing fc.weight from pretained weights, with weight shape torch.Size([1000, 2048])
Removing fc.bias from pretained weights, with weight shape torch.Size([1000])
Keys missing in state dict:    ['att_conv.weight', 'bn_att2.weight', 'bn_att2.bias', 'bn_att2.running_mean', 'bn_att2.running_var', 'att_conv2.weight', 'att_conv3.weight', 'fc.weight', 'fc.bias']
Unexpected keys in state dict: []
USING SGD OPTIMIZER
class weights: None
group weights: None
WANDB DISABLED: skipping wandb.init()
EPOCH: 0

>>> TRAINING 


  0%|          | 0/50 [00:00<?, ?it/s]
  2%|▏         | 1/50 [00:03<02:59,  3.67s/it]
  4%|▍         | 2/50 [00:03<01:19,  1.66s/it]
  6%|▌         | 3/50 [00:04<00:47,  1.02s/it]
  8%|▊         | 4/50 [00:04<00:32,  1.40it/s]
 10%|█         | 5/50 [00:04<00:24,  1.82it/s]
 12%|█▏        | 6/50 [00:04<00:19,  2.26it/s]
 14%|█▍        | 7/50 [00:05<00:16,  2.67it/s]
 16%|█▌        | 8/50 [00:05<00:13,  3.02it/s]
 18%|█▊        | 9/50 [00:05<00:12,  3.29it/s]
 20%|██        | 10/50 [00:05<00:11,  3.51it/s]
 22%|██▏       | 11/50 [00:06<00:10,  3.71it/s]
 24%|██▍       | 12/50 [00:06<00:10,  3.77it/s]
 26%|██▌       | 13/50 [00:06<00:09,  3.83it/s]
 28%|██▊       | 14/50 [00:06<00:09,  3.85it/s]
 30%|███       | 15/50 [00:07<00:09,  3.87it/s]
 32%|███▏      | 16/50 [00:07<00:08,  3.88it/s]
 34%|███▍      | 17/50 [00:07<00:08,  3.96it/s]
 36%|███▌      | 18/50 [00:07<00:08,  3.99it/s]
 38%|███▊      | 19/50 [00:08<00:07,  4.04it/s]
 40%|████      | 20/50 [00:08<00:07,  4.07it/s]
 42%|████▏     | 21/50 [00:08<00:07,  4.09it/s]
 44%|████▍     | 22/50 [00:08<00:06,  4.08it/s]
 46%|████▌     | 23/50 [00:09<00:06,  4.09it/s]
 48%|████▊     | 24/50 [00:09<00:06,  4.10it/s]
 50%|█████     | 25/50 [00:09<00:06,  4.11it/s]
 52%|█████▏    | 26/50 [00:09<00:05,  4.09it/s]
 54%|█████▍    | 27/50 [00:10<00:05,  4.10it/s]
 56%|█████▌    | 28/50 [00:10<00:05,  4.09it/s]
 58%|█████▊    | 29/50 [00:10<00:05,  4.10it/s]
 60%|██████    | 30/50 [00:10<00:04,  4.08it/s]
 62%|██████▏   | 31/50 [00:11<00:04,  4.08it/s]
 64%|██████▍   | 32/50 [00:11<00:04,  4.09it/s]
 66%|██████▌   | 33/50 [00:11<00:04,  4.10it/s]
 68%|██████▊   | 34/50 [00:11<00:03,  4.08it/s]
 70%|███████   | 35/50 [00:12<00:03,  4.10it/s]
 72%|███████▏  | 36/50 [00:12<00:03,  4.12it/s]
 74%|███████▍  | 37/50 [00:12<00:03,  4.11it/s]
 76%|███████▌  | 38/50 [00:12<00:02,  4.09it/s]
 78%|███████▊  | 39/50 [00:12<00:02,  4.10it/s]
 80%|████████  | 40/50 [00:13<00:02,  4.06it/s]
 82%|████████▏ | 41/50 [00:13<00:02,  4.04it/s]
 84%|████████▍ | 42/50 [00:13<00:02,  3.97it/s]
 86%|████████▌ | 43/50 [00:14<00:01,  3.97it/s]
 88%|████████▊ | 44/50 [00:14<00:01,  4.03it/s]
 90%|█████████ | 45/50 [00:14<00:01,  4.05it/s]
 92%|█████████▏| 46/50 [00:14<00:00,  4.06it/s]
 94%|█████████▍| 47/50 [00:14<00:00,  4.09it/s]
 96%|█████████▌| 48/50 [00:15<00:00,  4.12it/s]
 98%|█████████▊| 49/50 [00:15<00:00,  4.15it/s]
100%|██████████| 50/50 [00:15<00:00,  4.18it/s]
100%|██████████| 50/50 [00:15<00:00,  3.18it/s]
>>> VALIDATING 


  0%|          | 0/13 [00:00<?, ?it/s]
  8%|▊         | 1/13 [00:01<00:12,  1.06s/it]
 23%|██▎       | 3/13 [00:01<00:03,  2.93it/s]
 38%|███▊      | 5/13 [00:01<00:02,  3.26it/s]
 54%|█████▍    | 7/13 [00:01<00:01,  4.70it/s]
 69%|██████▉   | 9/13 [00:02<00:00,  4.17it/s]
 77%|███████▋  | 10/13 [00:02<00:00,  4.70it/s]
 92%|█████████▏| 12/13 [00:02<00:00,  6.09it/s]
100%|██████████| 13/13 [00:02<00:00,  4.40it/s]
>>> LOGGING 

BALANCED ACCS CHECKED FOR TRAIN
BALANCED ACCS CHECKED FOR VAL
train_acc: 0.7643378519290928
val_acc: 0.6513761467889908
train_abn_acc: 0
val_abn_acc: 0
train_cls_loss: 0.46895151899678866
val_cls_loss: 0.5962487005809628
train_total_loss: 1.440661640758932
val_total_loss: 0.5962487005809628
test_abn_acc: 0
balanced_train_acc: 0.5879623461408382
balanced_val_acc: 0.5152954734102136
Land_on_Land_train_acc: 0.9259576901086335
Land_on_Land_val_acc: 0.9957173447537473
Land_on_Water_train_acc: 0.75
Land_on_Water_val_acc: 0.5236051502145923
Water_on_Land_train_acc: 0.10714285714285714
Water_on_Land_val_acc: 0.0
Water_on_Water_train_acc: 0.2667928098391675
Water_on_Water_val_acc: 0.5413533834586466
train_abn_cls_loss: 0.7810386091004572
train_abn_att_clip_vit_loss: 0.19067152277396543
train_acc_Landbird: 0.9171645844649647
train_acc_Waterbird: 0.2587601078167116
val_acc_Landbird: 0.759914255091104
val_acc_Waterbird: 0.2706766917293233
TRAIN ACC:        0.7643378519290928
VAL ACC:          0.6513761467889908
BALANCED VAL ACC: 0.5152954734102136
prev best list: []
Saving to trained_weights/waterbirds/abn_att_waterbird_complete95_forest2water2_21050491_trial_000/best_balanced_valacc_0.52_epoch_0.ckpt
>>> EVALUATING ON TEST SET
WATERBIRDS DIR: /home/ryreu/guided_cnn/waterbirds/waterbird_complete95_forest2water2
NUMBER OF SAMPLES WITH LABEL Landbird: 4510
NUMBER OF SAMPLES WITH LABEL Waterbird: 1284
NUMBER OF SAMPLES WITH GROUP Land_on_Land: 2255
NUMBER OF SAMPLES WITH GROUP Land_on_Water: 2255
NUMBER OF SAMPLES WITH GROUP Water_on_Land: 642
NUMBER OF SAMPLES WITH GROUP Water_on_Water: 642
NUM TEST:   5794

Loaded checkpoint trained_weights/waterbirds/abn_att_waterbird_complete95_forest2water2_21050491_trial_000/best_balanced_valacc_0.52_epoch_0.ckpt

  0%|          | 0/5794 [00:00<?, ?it/s]
  0%|          | 1/5794 [00:00<19:05,  5.06it/s]
  0%|          | 6/5794 [00:00<04:07, 23.36it/s]
  0%|          | 12/5794 [00:00<02:45, 34.97it/s]
  0%|          | 18/5794 [00:00<02:21, 40.75it/s]
  0%|          | 23/5794 [00:00<02:12, 43.58it/s]
  1%|          | 29/5794 [00:00<02:05, 45.91it/s]
  1%|          | 35/5794 [00:00<02:01, 47.45it/s]
  1%|          | 40/5794 [00:00<01:59, 48.15it/s]
  1%|          | 46/5794 [00:01<01:57, 48.85it/s]
  1%|          | 51/5794 [00:01<01:56, 49.13it/s]
  1%|          | 56/5794 [00:01<01:56, 49.31it/s]
  1%|          | 62/5794 [00:01<01:55, 49.79it/s]
  1%|          | 68/5794 [00:01<01:54, 50.01it/s]
  1%|▏         | 74/5794 [00:01<01:54, 50.09it/s]
  1%|▏         | 80/5794 [00:01<01:54, 50.02it/s]
  1%|▏         | 86/5794 [00:01<01:53, 50.13it/s]
  2%|▏         | 92/5794 [00:02<01:51, 50.99it/s]
  2%|▏         | 98/5794 [00:02<01:48, 52.52it/s]
  2%|▏         | 104/5794 [00:02<01:46, 53.50it/s]
  2%|▏         | 110/5794 [00:02<01:44, 54.27it/s]
  2%|▏         | 116/5794 [00:02<01:43, 54.68it/s]
  2%|▏         | 122/5794 [00:02<01:43, 55.06it/s]
  2%|▏         | 128/5794 [00:02<01:42, 55.30it/s]
  2%|▏         | 134/5794 [00:02<01:41, 55.52it/s]
  2%|▏         | 140/5794 [00:02<01:43, 54.81it/s]
  3%|▎         | 146/5794 [00:02<01:42, 55.21it/s]
  3%|▎         | 152/5794 [00:03<01:41, 55.64it/s]
  3%|▎         | 158/5794 [00:03<01:41, 55.76it/s]
  3%|▎         | 164/5794 [00:03<01:40, 55.85it/s]
  3%|▎         | 170/5794 [00:03<01:40, 55.95it/s]
  3%|▎         | 176/5794 [00:03<01:41, 55.42it/s]
  3%|▎         | 182/5794 [00:03<01:40, 55.66it/s]
  3%|▎         | 188/5794 [00:03<01:40, 56.01it/s]
  3%|▎         | 194/5794 [00:03<01:44, 53.81it/s]
  3%|▎         | 200/5794 [00:03<01:47, 52.21it/s]
  4%|▎         | 206/5794 [00:04<01:49, 51.10it/s]
  4%|▎         | 212/5794 [00:04<01:50, 50.38it/s]
  4%|▍         | 218/5794 [00:04<01:51, 50.04it/s]
  4%|▍         | 224/5794 [00:04<01:51, 49.88it/s]
  4%|▍         | 229/5794 [00:04<01:51, 49.89it/s]
  4%|▍         | 235/5794 [00:04<01:48, 51.22it/s]
  4%|▍         | 241/5794 [00:04<01:46, 52.39it/s]
  4%|▍         | 247/5794 [00:04<01:43, 53.36it/s]
  4%|▍         | 253/5794 [00:04<01:42, 54.10it/s]
  4%|▍         | 259/5794 [00:05<01:41, 54.42it/s]
  5%|▍         | 265/5794 [00:05<01:40, 54.83it/s]
  5%|▍         | 271/5794 [00:05<01:40, 55.10it/s]
  5%|▍         | 277/5794 [00:05<01:40, 55.10it/s]
  5%|▍         | 283/5794 [00:05<01:39, 55.33it/s]
  5%|▍         | 289/5794 [00:05<01:39, 55.50it/s]
  5%|▌         | 295/5794 [00:05<01:39, 55.40it/s]
  5%|▌         | 301/5794 [00:05<01:39, 55.46it/s]
  5%|▌         | 307/5794 [00:05<01:38, 55.43it/s]
  5%|▌         | 313/5794 [00:06<01:39, 55.17it/s]
  6%|▌         | 319/5794 [00:06<01:39, 55.16it/s]
  6%|▌         | 325/5794 [00:06<01:39, 55.18it/s]
  6%|▌         | 331/5794 [00:06<01:39, 55.16it/s]
  6%|▌         | 337/5794 [00:06<01:40, 54.27it/s]
  6%|▌         | 343/5794 [00:06<01:43, 52.58it/s]
  6%|▌         | 349/5794 [00:06<01:45, 51.51it/s]
  6%|▌         | 355/5794 [00:06<01:46, 51.17it/s]
  6%|▌         | 361/5794 [00:06<01:47, 50.66it/s]
  6%|▋         | 367/5794 [00:07<01:47, 50.55it/s]
  6%|▋         | 373/5794 [00:07<01:47, 50.32it/s]
  7%|▋         | 379/5794 [00:07<01:48, 49.92it/s]
  7%|▋         | 384/5794 [00:07<01:48, 49.92it/s]
  7%|▋         | 389/5794 [00:07<01:48, 49.85it/s]
  7%|▋         | 394/5794 [00:07<01:48, 49.74it/s]
  7%|▋         | 399/5794 [00:07<01:48, 49.62it/s]
  7%|▋         | 404/5794 [00:07<01:48, 49.69it/s]
  7%|▋         | 409/5794 [00:07<01:48, 49.71it/s]
  7%|▋         | 414/5794 [00:08<01:48, 49.51it/s]
  7%|▋         | 419/5794 [00:08<01:48, 49.58it/s]
  7%|▋         | 425/5794 [00:08<01:44, 51.29it/s]
  7%|▋         | 431/5794 [00:08<01:41, 52.99it/s]
  8%|▊         | 437/5794 [00:08<01:38, 54.29it/s]
  8%|▊         | 443/5794 [00:08<01:37, 54.77it/s]
  8%|▊         | 449/5794 [00:08<01:41, 52.73it/s]
  8%|▊         | 455/5794 [00:08<01:43, 51.76it/s]
  8%|▊         | 461/5794 [00:08<01:45, 50.69it/s]
  8%|▊         | 467/5794 [00:09<01:45, 50.34it/s]
  8%|▊         | 473/5794 [00:09<01:46, 50.04it/s]
  8%|▊         | 479/5794 [00:09<01:47, 49.47it/s]
  8%|▊         | 484/5794 [00:09<01:47, 49.56it/s]
  8%|▊         | 489/5794 [00:09<01:47, 49.42it/s]
  9%|▊         | 494/5794 [00:09<01:46, 49.53it/s]
  9%|▊         | 499/5794 [00:09<01:47, 49.22it/s]
  9%|▊         | 504/5794 [00:09<01:47, 49.24it/s]
  9%|▉         | 509/5794 [00:09<01:46, 49.42it/s]
  9%|▉         | 514/5794 [00:10<01:46, 49.45it/s]
  9%|▉         | 520/5794 [00:10<01:46, 49.59it/s]
  9%|▉         | 526/5794 [00:10<01:45, 49.75it/s]
  9%|▉         | 531/5794 [00:10<01:46, 49.53it/s]
  9%|▉         | 536/5794 [00:10<01:45, 49.63it/s]
  9%|▉         | 542/5794 [00:10<01:45, 49.60it/s]
  9%|▉         | 547/5794 [00:10<01:46, 49.50it/s]
 10%|▉         | 552/5794 [00:10<01:45, 49.54it/s]
 10%|▉         | 558/5794 [00:10<01:41, 51.58it/s]
 10%|▉         | 564/5794 [00:11<01:38, 53.20it/s]
 10%|▉         | 570/5794 [00:11<01:37, 53.34it/s]
 10%|▉         | 576/5794 [00:11<01:40, 51.89it/s]
 10%|█         | 582/5794 [00:11<01:42, 51.02it/s]
 10%|█         | 588/5794 [00:11<01:42, 50.68it/s]
 10%|█         | 594/5794 [00:11<01:43, 50.41it/s]
 10%|█         | 600/5794 [00:11<01:43, 50.04it/s]
 10%|█         | 606/5794 [00:11<01:44, 49.88it/s]
 11%|█         | 611/5794 [00:11<01:44, 49.63it/s]
 11%|█         | 616/5794 [00:12<01:44, 49.50it/s]
 11%|█         | 621/5794 [00:12<01:44, 49.58it/s]
 11%|█         | 626/5794 [00:12<01:44, 49.42it/s]
 11%|█         | 631/5794 [00:12<01:44, 49.46it/s]
 11%|█         | 636/5794 [00:12<01:44, 49.31it/s]
 11%|█         | 641/5794 [00:12<01:44, 49.46it/s]
 11%|█         | 646/5794 [00:12<01:43, 49.51it/s]
 11%|█         | 651/5794 [00:12<01:44, 49.35it/s]
 11%|█▏        | 656/5794 [00:12<01:44, 49.38it/s]
 11%|█▏        | 661/5794 [00:12<01:43, 49.45it/s]
 11%|█▏        | 666/5794 [00:13<01:43, 49.37it/s]
 12%|█▏        | 671/5794 [00:13<01:43, 49.33it/s]
 12%|█▏        | 676/5794 [00:13<01:43, 49.44it/s]
 12%|█▏        | 681/5794 [00:13<01:43, 49.39it/s]
 12%|█▏        | 686/5794 [00:13<01:43, 49.31it/s]
 12%|█▏        | 691/5794 [00:13<01:43, 49.37it/s]
 12%|█▏        | 696/5794 [00:13<01:42, 49.52it/s]
 12%|█▏        | 701/5794 [00:13<01:42, 49.47it/s]
 12%|█▏        | 707/5794 [00:13<01:42, 49.74it/s]
 12%|█▏        | 712/5794 [00:14<01:42, 49.74it/s]
 12%|█▏        | 717/5794 [00:14<01:42, 49.57it/s]
 12%|█▏        | 722/5794 [00:14<01:42, 49.58it/s]
 13%|█▎        | 727/5794 [00:14<01:42, 49.62it/s]
 13%|█▎        | 732/5794 [00:14<01:42, 49.59it/s]
 13%|█▎        | 737/5794 [00:14<01:41, 49.60it/s]
 13%|█▎        | 743/5794 [00:14<01:41, 49.79it/s]
 13%|█▎        | 748/5794 [00:14<01:41, 49.84it/s]
 13%|█▎        | 753/5794 [00:14<01:41, 49.76it/s]
 13%|█▎        | 758/5794 [00:14<01:41, 49.82it/s]
 13%|█▎        | 763/5794 [00:15<01:41, 49.79it/s]
 13%|█▎        | 768/5794 [00:15<01:41, 49.62it/s]
 13%|█▎        | 773/5794 [00:15<01:41, 49.63it/s]
 13%|█▎        | 778/5794 [00:15<01:41, 49.61it/s]
 14%|█▎        | 783/5794 [00:15<01:41, 49.47it/s]
 14%|█▎        | 788/5794 [00:15<01:41, 49.36it/s]
 14%|█▎        | 793/5794 [00:15<01:41, 49.12it/s]
 14%|█▍        | 798/5794 [00:15<01:41, 49.22it/s]
 14%|█▍        | 803/5794 [00:15<01:41, 49.14it/s]
 14%|█▍        | 808/5794 [00:15<01:41, 49.34it/s]
 14%|█▍        | 813/5794 [00:16<01:40, 49.42it/s]
 14%|█▍        | 818/5794 [00:16<01:40, 49.35it/s]
 14%|█▍        | 823/5794 [00:16<01:41, 48.91it/s]
 14%|█▍        | 828/5794 [00:16<01:41, 49.10it/s]
 14%|█▍        | 834/5794 [00:16<01:40, 49.51it/s]
 14%|█▍        | 839/5794 [00:16<01:40, 49.54it/s]
 15%|█▍        | 844/5794 [00:16<01:39, 49.56it/s]
 15%|█▍        | 849/5794 [00:16<01:39, 49.63it/s]
 15%|█▍        | 854/5794 [00:16<01:39, 49.46it/s]
 15%|█▍        | 859/5794 [00:16<01:39, 49.55it/s]
 15%|█▍        | 864/5794 [00:17<01:39, 49.59it/s]
 15%|█▌        | 870/5794 [00:17<01:38, 49.78it/s]
 15%|█▌        | 875/5794 [00:17<01:38, 49.81it/s]
 15%|█▌        | 880/5794 [00:17<01:38, 49.75it/s]
 15%|█▌        | 885/5794 [00:17<01:38, 49.68it/s]
 15%|█▌        | 890/5794 [00:17<01:38, 49.59it/s]
 15%|█▌        | 895/5794 [00:17<01:38, 49.69it/s]
 16%|█▌        | 900/5794 [00:17<01:38, 49.76it/s]
 16%|█▌        | 905/5794 [00:17<01:38, 49.47it/s]
 16%|█▌        | 910/5794 [00:17<01:38, 49.51it/s]
 16%|█▌        | 915/5794 [00:18<01:38, 49.59it/s]
 16%|█▌        | 920/5794 [00:18<01:38, 49.59it/s]
 16%|█▌        | 925/5794 [00:18<01:38, 49.42it/s]
 16%|█▌        | 930/5794 [00:18<01:38, 49.46it/s]
 16%|█▌        | 935/5794 [00:18<01:38, 49.51it/s]
 16%|█▌        | 940/5794 [00:18<01:38, 49.48it/s]
 16%|█▋        | 945/5794 [00:18<01:37, 49.49it/s]
 16%|█▋        | 950/5794 [00:18<01:37, 49.53it/s]
 16%|█▋        | 955/5794 [00:18<01:37, 49.38it/s]
 17%|█▋        | 960/5794 [00:19<01:37, 49.44it/s]
 17%|█▋        | 965/5794 [00:19<01:37, 49.56it/s]
 17%|█▋        | 970/5794 [00:19<01:37, 49.58it/s]
 17%|█▋        | 975/5794 [00:19<01:37, 49.45it/s]
 17%|█▋        | 980/5794 [00:19<01:37, 49.62it/s]
 17%|█▋        | 985/5794 [00:19<01:36, 49.58it/s]
 17%|█▋        | 990/5794 [00:19<01:37, 49.47it/s]
 17%|█▋        | 995/5794 [00:19<01:37, 49.43it/s]
 17%|█▋        | 1000/5794 [00:19<01:37, 49.40it/s]
 17%|█▋        | 1005/5794 [00:19<01:36, 49.45it/s]
 17%|█▋        | 1010/5794 [00:20<01:36, 49.43it/s]
 18%|█▊        | 1015/5794 [00:20<01:36, 49.55it/s]
 18%|█▊        | 1020/5794 [00:20<01:36, 49.58it/s]
 18%|█▊        | 1025/5794 [00:20<01:36, 49.44it/s]
 18%|█▊        | 1030/5794 [00:20<01:36, 49.50it/s]
 18%|█▊        | 1035/5794 [00:20<01:36, 49.55it/s]
 18%|█▊        | 1040/5794 [00:20<01:36, 49.38it/s]
 18%|█▊        | 1045/5794 [00:20<01:36, 49.45it/s]
 18%|█▊        | 1050/5794 [00:20<01:35, 49.50it/s]
 18%|█▊        | 1055/5794 [00:20<01:35, 49.54it/s]
 18%|█▊        | 1060/5794 [00:21<01:35, 49.50it/s]
 18%|█▊        | 1065/5794 [00:21<01:35, 49.45it/s]
 18%|█▊        | 1070/5794 [00:21<01:35, 49.37it/s]
 19%|█▊        | 1075/5794 [00:21<01:35, 49.26it/s]
 19%|█▊        | 1080/5794 [00:21<01:35, 49.39it/s]
 19%|█▊        | 1085/5794 [00:21<01:35, 49.46it/s]
 19%|█▉        | 1090/5794 [00:21<01:35, 49.47it/s]
 19%|█▉        | 1095/5794 [00:21<01:35, 49.41it/s]
 19%|█▉        | 1100/5794 [00:21<01:34, 49.51it/s]
 19%|█▉        | 1105/5794 [00:21<01:34, 49.49it/s]
 19%|█▉        | 1110/5794 [00:22<01:34, 49.41it/s]
 19%|█▉        | 1115/5794 [00:22<01:34, 49.47it/s]
 19%|█▉        | 1120/5794 [00:22<01:34, 49.56it/s]
 19%|█▉        | 1125/5794 [00:22<01:34, 49.39it/s]
 20%|█▉        | 1130/5794 [00:22<01:34, 49.33it/s]
 20%|█▉        | 1135/5794 [00:22<01:34, 49.44it/s]
 20%|█▉        | 1140/5794 [00:22<01:33, 49.51it/s]
 20%|█▉        | 1145/5794 [00:22<01:34, 49.38it/s]
 20%|█▉        | 1150/5794 [00:22<01:34, 49.12it/s]
 20%|█▉        | 1155/5794 [00:22<01:34, 49.25it/s]
 20%|██        | 1160/5794 [00:23<01:34, 49.22it/s]
 20%|██        | 1165/5794 [00:23<01:33, 49.32it/s]
 20%|██        | 1170/5794 [00:23<01:33, 49.43it/s]
 20%|██        | 1175/5794 [00:23<01:33, 49.47it/s]
 20%|██        | 1180/5794 [00:23<01:33, 49.42it/s]
 20%|██        | 1185/5794 [00:23<01:33, 49.54it/s]
 21%|██        | 1190/5794 [00:23<01:32, 49.57it/s]
 21%|██        | 1195/5794 [00:23<01:32, 49.47it/s]
 21%|██        | 1200/5794 [00:23<01:32, 49.51it/s]
 21%|██        | 1205/5794 [00:23<01:32, 49.58it/s]
 21%|██        | 1210/5794 [00:24<01:33, 49.21it/s]
 21%|██        | 1215/5794 [00:24<01:32, 49.34it/s]
 21%|██        | 1220/5794 [00:24<01:32, 49.48it/s]
 21%|██        | 1225/5794 [00:24<01:32, 49.56it/s]
 21%|██        | 1230/5794 [00:24<01:32, 49.40it/s]
 21%|██▏       | 1235/5794 [00:24<01:32, 49.50it/s]
 21%|██▏       | 1240/5794 [00:24<01:31, 49.59it/s]
 21%|██▏       | 1245/5794 [00:24<01:32, 49.41it/s]
 22%|██▏       | 1250/5794 [00:24<01:31, 49.41it/s]
 22%|██▏       | 1255/5794 [00:24<01:31, 49.45it/s]
 22%|██▏       | 1260/5794 [00:25<01:31, 49.54it/s]
 22%|██▏       | 1265/5794 [00:25<01:31, 49.53it/s]
 22%|██▏       | 1270/5794 [00:25<01:31, 49.54it/s]
 22%|██▏       | 1275/5794 [00:25<01:31, 49.51it/s]
 22%|██▏       | 1280/5794 [00:25<01:31, 49.40it/s]
 22%|██▏       | 1285/5794 [00:25<01:31, 49.48it/s]
 22%|██▏       | 1290/5794 [00:25<01:31, 49.39it/s]
 22%|██▏       | 1295/5794 [00:25<01:31, 49.26it/s]
 22%|██▏       | 1300/5794 [00:25<01:30, 49.42it/s]
 23%|██▎       | 1305/5794 [00:25<01:30, 49.47it/s]
 23%|██▎       | 1310/5794 [00:26<01:30, 49.35it/s]
 23%|██▎       | 1315/5794 [00:26<01:31, 49.08it/s]
 23%|██▎       | 1320/5794 [00:26<01:31, 49.08it/s]
 23%|██▎       | 1325/5794 [00:26<01:31, 49.09it/s]
 23%|██▎       | 1330/5794 [00:26<01:31, 48.88it/s]
 23%|██▎       | 1336/5794 [00:26<01:29, 49.72it/s]
 23%|██▎       | 1342/5794 [00:26<01:25, 51.99it/s]
 23%|██▎       | 1348/5794 [00:26<01:23, 53.51it/s]
 23%|██▎       | 1354/5794 [00:26<01:21, 54.48it/s]
 23%|██▎       | 1360/5794 [00:27<01:20, 55.07it/s]
 24%|██▎       | 1366/5794 [00:27<01:19, 55.46it/s]
 24%|██▎       | 1372/5794 [00:27<01:18, 56.13it/s]
 24%|██▍       | 1378/5794 [00:27<01:18, 56.03it/s]
 24%|██▍       | 1384/5794 [00:27<01:18, 55.92it/s]
 24%|██▍       | 1390/5794 [00:27<01:22, 53.46it/s]
 24%|██▍       | 1396/5794 [00:27<01:24, 52.12it/s]
 24%|██▍       | 1402/5794 [00:27<01:25, 51.11it/s]
 24%|██▍       | 1408/5794 [00:27<01:26, 50.53it/s]
 24%|██▍       | 1414/5794 [00:28<01:27, 50.08it/s]
 25%|██▍       | 1420/5794 [00:28<01:27, 49.91it/s]
 25%|██▍       | 1425/5794 [00:28<01:27, 49.76it/s]
 25%|██▍       | 1430/5794 [00:28<01:28, 49.54it/s]
 25%|██▍       | 1435/5794 [00:28<01:28, 49.26it/s]
 25%|██▍       | 1440/5794 [00:28<01:28, 49.17it/s]
 25%|██▍       | 1445/5794 [00:28<01:28, 49.20it/s]
 25%|██▌       | 1450/5794 [00:28<01:28, 49.10it/s]
 25%|██▌       | 1455/5794 [00:28<01:28, 48.97it/s]
 25%|██▌       | 1460/5794 [00:29<01:28, 49.08it/s]
 25%|██▌       | 1465/5794 [00:29<01:28, 49.00it/s]
 25%|██▌       | 1471/5794 [00:29<01:26, 50.08it/s]
 25%|██▌       | 1477/5794 [00:29<01:22, 52.22it/s]
 26%|██▌       | 1483/5794 [00:29<01:20, 53.66it/s]
 26%|██▌       | 1489/5794 [00:29<01:18, 54.75it/s]
 26%|██▌       | 1495/5794 [00:29<01:17, 55.59it/s]
 26%|██▌       | 1501/5794 [00:29<01:17, 55.54it/s]
 26%|██▌       | 1507/5794 [00:29<01:16, 55.72it/s]
 26%|██▌       | 1513/5794 [00:29<01:16, 56.17it/s]
 26%|██▌       | 1519/5794 [00:30<01:15, 56.30it/s]
 26%|██▋       | 1525/5794 [00:30<01:19, 53.69it/s]
 26%|██▋       | 1531/5794 [00:30<01:21, 52.45it/s]
 27%|██▋       | 1537/5794 [00:30<01:22, 51.42it/s]
 27%|██▋       | 1543/5794 [00:30<01:23, 50.95it/s]
 27%|██▋       | 1549/5794 [00:30<01:24, 50.53it/s]
 27%|██▋       | 1555/5794 [00:30<01:24, 50.15it/s]
 27%|██▋       | 1561/5794 [00:30<01:24, 50.01it/s]
 27%|██▋       | 1567/5794 [00:31<01:24, 49.83it/s]
 27%|██▋       | 1572/5794 [00:31<01:24, 49.71it/s]
 27%|██▋       | 1577/5794 [00:31<01:24, 49.66it/s]
 27%|██▋       | 1582/5794 [00:31<01:24, 49.68it/s]
 27%|██▋       | 1587/5794 [00:31<01:24, 49.52it/s]
 27%|██▋       | 1592/5794 [00:31<01:24, 49.57it/s]
 28%|██▊       | 1597/5794 [00:31<01:24, 49.67it/s]
 28%|██▊       | 1602/5794 [00:31<01:24, 49.57it/s]
 28%|██▊       | 1607/5794 [00:31<01:24, 49.59it/s]
 28%|██▊       | 1612/5794 [00:31<01:24, 49.65it/s]
 28%|██▊       | 1617/5794 [00:32<01:24, 49.64it/s]
 28%|██▊       | 1622/5794 [00:32<01:24, 49.61it/s]
 28%|██▊       | 1627/5794 [00:32<01:23, 49.66it/s]
 28%|██▊       | 1632/5794 [00:32<01:23, 49.62it/s]
 28%|██▊       | 1637/5794 [00:32<01:23, 49.58it/s]
 28%|██▊       | 1643/5794 [00:32<01:23, 49.78it/s]
 28%|██▊       | 1649/5794 [00:32<01:23, 49.82it/s]
 29%|██▊       | 1654/5794 [00:32<01:23, 49.80it/s]
 29%|██▊       | 1660/5794 [00:32<01:22, 49.85it/s]
 29%|██▊       | 1665/5794 [00:33<01:22, 49.82it/s]
 29%|██▉       | 1670/5794 [00:33<01:22, 49.69it/s]
 29%|██▉       | 1675/5794 [00:33<01:22, 49.68it/s]
 29%|██▉       | 1680/5794 [00:33<01:22, 49.74it/s]
 29%|██▉       | 1686/5794 [00:33<01:22, 49.76it/s]
 29%|██▉       | 1692/5794 [00:33<01:22, 49.85it/s]
 29%|██▉       | 1698/5794 [00:33<01:22, 49.94it/s]
 29%|██▉       | 1703/5794 [00:33<01:22, 49.79it/s]
 29%|██▉       | 1709/5794 [00:33<01:20, 51.05it/s]
 30%|██▉       | 1715/5794 [00:34<01:18, 52.08it/s]
 30%|██▉       | 1721/5794 [00:34<01:16, 53.53it/s]
 30%|██▉       | 1727/5794 [00:34<01:14, 54.36it/s]
 30%|██▉       | 1733/5794 [00:34<01:16, 52.74it/s]
 30%|███       | 1739/5794 [00:34<01:18, 51.69it/s]
 30%|███       | 1745/5794 [00:34<01:19, 51.18it/s]
 30%|███       | 1751/5794 [00:34<01:20, 50.48it/s]
 30%|███       | 1757/5794 [00:34<01:20, 50.16it/s]
 30%|███       | 1763/5794 [00:34<01:20, 49.92it/s]
 31%|███       | 1768/5794 [00:35<01:20, 49.93it/s]
 31%|███       | 1773/5794 [00:35<01:21, 49.61it/s]
 31%|███       | 1779/5794 [00:35<01:20, 49.70it/s]
 31%|███       | 1784/5794 [00:35<01:20, 49.64it/s]
 31%|███       | 1789/5794 [00:35<01:20, 49.50it/s]
 31%|███       | 1794/5794 [00:35<01:20, 49.50it/s]
 31%|███       | 1799/5794 [00:35<01:20, 49.57it/s]
 31%|███       | 1804/5794 [00:35<01:20, 49.27it/s]
 31%|███       | 1809/5794 [00:35<01:20, 49.37it/s]
 31%|███▏      | 1814/5794 [00:35<01:20, 49.41it/s]
 31%|███▏      | 1819/5794 [00:36<01:20, 49.50it/s]
 31%|███▏      | 1824/5794 [00:36<01:20, 49.31it/s]
 32%|███▏      | 1829/5794 [00:36<01:20, 49.35it/s]
 32%|███▏      | 1834/5794 [00:36<01:19, 49.54it/s]
 32%|███▏      | 1839/5794 [00:36<01:20, 49.44it/s]
 32%|███▏      | 1844/5794 [00:36<01:19, 49.53it/s]
 32%|███▏      | 1849/5794 [00:36<01:19, 49.63it/s]
 32%|███▏      | 1854/5794 [00:36<01:19, 49.68it/s]
 32%|███▏      | 1859/5794 [00:36<01:19, 49.55it/s]
 32%|███▏      | 1864/5794 [00:36<01:19, 49.63it/s]
 32%|███▏      | 1869/5794 [00:37<01:18, 49.70it/s]
 32%|███▏      | 1874/5794 [00:37<01:19, 49.60it/s]
 32%|███▏      | 1879/5794 [00:37<01:18, 49.71it/s]
 33%|███▎      | 1884/5794 [00:37<01:18, 49.71it/s]
 33%|███▎      | 1889/5794 [00:37<01:18, 49.71it/s]
 33%|███▎      | 1894/5794 [00:37<01:18, 49.67it/s]
 33%|███▎      | 1899/5794 [00:37<01:18, 49.71it/s]
 33%|███▎      | 1904/5794 [00:37<01:18, 49.67it/s]
 33%|███▎      | 1909/5794 [00:37<01:18, 49.51it/s]
 33%|███▎      | 1914/5794 [00:37<01:18, 49.57it/s]
 33%|███▎      | 1919/5794 [00:38<01:18, 49.38it/s]
 33%|███▎      | 1924/5794 [00:38<01:18, 49.35it/s]
 33%|███▎      | 1929/5794 [00:38<01:18, 49.46it/s]
 33%|███▎      | 1935/5794 [00:38<01:17, 49.65it/s]
 33%|███▎      | 1940/5794 [00:38<01:17, 49.74it/s]
 34%|███▎      | 1945/5794 [00:38<01:17, 49.38it/s]
 34%|███▎      | 1950/5794 [00:38<01:17, 49.49it/s]
 34%|███▍      | 1956/5794 [00:38<01:17, 49.69it/s]
 34%|███▍      | 1961/5794 [00:38<01:17, 49.73it/s]
 34%|███▍      | 1967/5794 [00:39<01:16, 49.86it/s]
 34%|███▍      | 1973/5794 [00:39<01:16, 49.99it/s]
 34%|███▍      | 1979/5794 [00:39<01:16, 50.06it/s]
 34%|███▍      | 1985/5794 [00:39<01:15, 50.16it/s]
 34%|███▍      | 1991/5794 [00:39<01:15, 50.15it/s]
 34%|███▍      | 1997/5794 [00:39<01:15, 50.10it/s]
 35%|███▍      | 2003/5794 [00:39<01:15, 50.02it/s]
 35%|███▍      | 2009/5794 [00:39<01:15, 49.97it/s]
 35%|███▍      | 2015/5794 [00:40<01:15, 50.14it/s]
 35%|███▍      | 2021/5794 [00:40<01:15, 50.26it/s]
 35%|███▍      | 2027/5794 [00:40<01:15, 50.16it/s]
 35%|███▌      | 2033/5794 [00:40<01:14, 50.21it/s]
 35%|███▌      | 2039/5794 [00:40<01:14, 50.35it/s]
 35%|███▌      | 2045/5794 [00:40<01:14, 50.22it/s]
 35%|███▌      | 2051/5794 [00:40<01:14, 50.17it/s]
 36%|███▌      | 2057/5794 [00:40<01:14, 50.24it/s]
 36%|███▌      | 2063/5794 [00:40<01:14, 50.18it/s]
 36%|███▌      | 2069/5794 [00:41<01:14, 50.23it/s]
 36%|███▌      | 2075/5794 [00:41<01:14, 50.15it/s]
 36%|███▌      | 2081/5794 [00:41<01:14, 50.10it/s]
 36%|███▌      | 2087/5794 [00:41<01:13, 50.23it/s]
 36%|███▌      | 2093/5794 [00:41<01:13, 50.27it/s]
 36%|███▌      | 2099/5794 [00:41<01:13, 50.22it/s]
 36%|███▋      | 2105/5794 [00:41<01:13, 50.30it/s]
 36%|███▋      | 2111/5794 [00:41<01:13, 50.20it/s]
 37%|███▋      | 2117/5794 [00:42<01:13, 50.26it/s]
 37%|███▋      | 2123/5794 [00:42<01:12, 50.38it/s]
 37%|███▋      | 2129/5794 [00:42<01:12, 50.29it/s]
 37%|███▋      | 2135/5794 [00:42<01:12, 50.34it/s]
 37%|███▋      | 2141/5794 [00:42<01:12, 50.47it/s]
 37%|███▋      | 2147/5794 [00:42<01:12, 50.33it/s]
 37%|███▋      | 2153/5794 [00:42<01:12, 50.38it/s]
 37%|███▋      | 2159/5794 [00:42<01:12, 50.38it/s]
 37%|███▋      | 2165/5794 [00:42<01:12, 50.31it/s]
 37%|███▋      | 2171/5794 [00:43<01:11, 50.42it/s]
 38%|███▊      | 2177/5794 [00:43<01:11, 50.38it/s]
 38%|███▊      | 2183/5794 [00:43<01:11, 50.30it/s]
 38%|███▊      | 2189/5794 [00:43<01:11, 50.33it/s]
 38%|███▊      | 2195/5794 [00:43<01:11, 50.32it/s]
 38%|███▊      | 2201/5794 [00:43<01:11, 50.31it/s]
 38%|███▊      | 2207/5794 [00:43<01:10, 50.56it/s]
 38%|███▊      | 2213/5794 [00:43<01:08, 52.14it/s]
 38%|███▊      | 2219/5794 [00:44<01:09, 51.78it/s]
 38%|███▊      | 2225/5794 [00:44<01:09, 51.27it/s]
 39%|███▊      | 2231/5794 [00:44<01:10, 50.67it/s]
 39%|███▊      | 2237/5794 [00:44<01:10, 50.54it/s]
 39%|███▊      | 2243/5794 [00:44<01:10, 50.52it/s]
 39%|███▉      | 2249/5794 [00:44<01:10, 50.09it/s]
 39%|███▉      | 2255/5794 [00:44<01:10, 50.17it/s]
 39%|███▉      | 2261/5794 [00:44<01:10, 50.06it/s]
 39%|███▉      | 2267/5794 [00:45<01:10, 49.79it/s]
 39%|███▉      | 2272/5794 [00:45<01:10, 49.84it/s]
 39%|███▉      | 2277/5794 [00:45<01:10, 49.80it/s]
 39%|███▉      | 2282/5794 [00:45<01:11, 49.28it/s]
 39%|███▉      | 2287/5794 [00:45<01:11, 49.34it/s]
 40%|███▉      | 2292/5794 [00:45<01:10, 49.52it/s]
 40%|███▉      | 2297/5794 [00:45<01:10, 49.51it/s]
 40%|███▉      | 2302/5794 [00:45<01:10, 49.50it/s]
 40%|███▉      | 2307/5794 [00:45<01:10, 49.60it/s]
 40%|███▉      | 2312/5794 [00:45<01:10, 49.66it/s]
 40%|███▉      | 2317/5794 [00:46<01:10, 49.60it/s]
 40%|████      | 2322/5794 [00:46<01:10, 49.57it/s]
 40%|████      | 2327/5794 [00:46<01:09, 49.58it/s]
 40%|████      | 2332/5794 [00:46<01:09, 49.51it/s]
 40%|████      | 2338/5794 [00:46<01:09, 49.67it/s]
 40%|████      | 2343/5794 [00:46<01:09, 49.75it/s]
 41%|████      | 2349/5794 [00:46<01:09, 49.79it/s]
 41%|████      | 2355/5794 [00:46<01:08, 49.94it/s]
 41%|████      | 2361/5794 [00:46<01:08, 50.07it/s]
 41%|████      | 2367/5794 [00:47<01:08, 49.96it/s]
 41%|████      | 2372/5794 [00:47<01:08, 49.96it/s]
 41%|████      | 2378/5794 [00:47<01:08, 50.03it/s]
 41%|████      | 2384/5794 [00:47<01:08, 49.83it/s]
 41%|████      | 2390/5794 [00:47<01:08, 49.89it/s]
 41%|████▏     | 2395/5794 [00:47<01:08, 49.89it/s]
 41%|████▏     | 2400/5794 [00:47<01:08, 49.65it/s]
 42%|████▏     | 2405/5794 [00:47<01:08, 49.72it/s]
 42%|████▏     | 2411/5794 [00:47<01:07, 49.79it/s]
 42%|████▏     | 2416/5794 [00:48<01:07, 49.79it/s]
 42%|████▏     | 2421/5794 [00:48<01:07, 49.67it/s]
 42%|████▏     | 2427/5794 [00:48<01:07, 49.82it/s]
 42%|████▏     | 2433/5794 [00:48<01:07, 49.88it/s]
 42%|████▏     | 2439/5794 [00:48<01:07, 49.95it/s]
 42%|████▏     | 2445/5794 [00:48<01:05, 51.36it/s]
 42%|████▏     | 2451/5794 [00:48<01:03, 52.87it/s]
 42%|████▏     | 2457/5794 [00:48<01:01, 54.21it/s]
 43%|████▎     | 2463/5794 [00:48<01:02, 53.18it/s]
 43%|████▎     | 2469/5794 [00:49<01:04, 51.50it/s]
 43%|████▎     | 2475/5794 [00:49<01:05, 51.05it/s]
 43%|████▎     | 2481/5794 [00:49<01:05, 50.85it/s]
 43%|████▎     | 2487/5794 [00:49<01:05, 50.57it/s]
 43%|████▎     | 2493/5794 [00:49<01:05, 50.39it/s]
 43%|████▎     | 2499/5794 [00:49<01:05, 50.28it/s]
 43%|████▎     | 2505/5794 [00:49<01:05, 49.83it/s]
 43%|████▎     | 2510/5794 [00:49<01:05, 49.86it/s]
 43%|████▎     | 2516/5794 [00:49<01:04, 50.94it/s]
 44%|████▎     | 2522/5794 [00:50<01:05, 50.11it/s]
 44%|████▎     | 2528/5794 [00:50<01:05, 49.96it/s]
 44%|████▎     | 2534/5794 [00:50<01:05, 49.90it/s]
 44%|████▍     | 2539/5794 [00:50<01:05, 49.62it/s]
 44%|████▍     | 2545/5794 [00:50<01:05, 49.75it/s]
 44%|████▍     | 2550/5794 [00:50<01:05, 49.73it/s]
 44%|████▍     | 2555/5794 [00:50<01:05, 49.61it/s]
 44%|████▍     | 2560/5794 [00:50<01:05, 49.52it/s]
 44%|████▍     | 2565/5794 [00:50<01:05, 49.57it/s]
 44%|████▍     | 2570/5794 [00:51<01:05, 49.34it/s]
 44%|████▍     | 2575/5794 [00:51<01:05, 49.27it/s]
 45%|████▍     | 2580/5794 [00:51<01:05, 49.36it/s]
 45%|████▍     | 2585/5794 [00:51<01:04, 49.41it/s]
 45%|████▍     | 2590/5794 [00:51<01:04, 49.36it/s]
 45%|████▍     | 2595/5794 [00:51<01:04, 49.47it/s]
 45%|████▍     | 2600/5794 [00:51<01:04, 49.49it/s]
 45%|████▍     | 2605/5794 [00:51<01:04, 49.39it/s]
 45%|████▌     | 2610/5794 [00:51<01:04, 49.55it/s]
 45%|████▌     | 2615/5794 [00:51<01:04, 49.56it/s]
 45%|████▌     | 2620/5794 [00:52<01:04, 49.56it/s]
 45%|████▌     | 2625/5794 [00:52<01:04, 49.42it/s]
 45%|████▌     | 2630/5794 [00:52<01:03, 49.51it/s]
 45%|████▌     | 2635/5794 [00:52<01:04, 49.03it/s]
 46%|████▌     | 2640/5794 [00:52<01:04, 49.08it/s]
 46%|████▌     | 2645/5794 [00:52<01:03, 49.23it/s]
 46%|████▌     | 2650/5794 [00:52<01:03, 49.44it/s]
 46%|████▌     | 2655/5794 [00:52<01:03, 49.32it/s]
 46%|████▌     | 2660/5794 [00:52<01:03, 49.46it/s]
 46%|████▌     | 2666/5794 [00:53<01:03, 49.56it/s]
 46%|████▌     | 2672/5794 [00:53<01:00, 51.58it/s]
 46%|████▌     | 2678/5794 [00:53<01:01, 50.72it/s]
 46%|████▋     | 2684/5794 [00:53<01:02, 50.16it/s]
 46%|████▋     | 2690/5794 [00:53<01:02, 49.84it/s]
 47%|████▋     | 2695/5794 [00:53<01:02, 49.51it/s]
 47%|████▋     | 2700/5794 [00:53<01:02, 49.54it/s]
 47%|████▋     | 2705/5794 [00:53<01:02, 49.40it/s]
 47%|████▋     | 2710/5794 [00:53<01:02, 49.35it/s]
 47%|████▋     | 2715/5794 [00:53<01:02, 49.32it/s]
 47%|████▋     | 2720/5794 [00:54<01:02, 49.43it/s]
 47%|████▋     | 2725/5794 [00:54<01:02, 49.24it/s]
 47%|████▋     | 2730/5794 [00:54<01:02, 49.37it/s]
 47%|████▋     | 2735/5794 [00:54<01:02, 49.33it/s]
 47%|████▋     | 2740/5794 [00:54<01:01, 49.26it/s]
 47%|████▋     | 2745/5794 [00:54<01:01, 49.26it/s]
 47%|████▋     | 2750/5794 [00:54<01:01, 49.37it/s]
 48%|████▊     | 2755/5794 [00:54<01:01, 49.44it/s]
 48%|████▊     | 2760/5794 [00:54<01:01, 49.38it/s]
 48%|████▊     | 2765/5794 [00:55<01:01, 49.43it/s]
 48%|████▊     | 2770/5794 [00:55<01:01, 49.51it/s]
 48%|████▊     | 2775/5794 [00:55<01:01, 49.37it/s]
 48%|████▊     | 2780/5794 [00:55<01:00, 49.49it/s]
 48%|████▊     | 2785/5794 [00:55<01:00, 49.50it/s]
 48%|████▊     | 2790/5794 [00:55<01:00, 49.54it/s]
 48%|████▊     | 2795/5794 [00:55<01:01, 48.86it/s]
 48%|████▊     | 2800/5794 [00:55<01:00, 49.12it/s]
 48%|████▊     | 2805/5794 [00:55<01:00, 49.22it/s]
 48%|████▊     | 2810/5794 [00:55<01:00, 49.20it/s]
 49%|████▊     | 2815/5794 [00:56<01:00, 49.34it/s]
 49%|████▊     | 2820/5794 [00:56<01:00, 49.24it/s]
 49%|████▉     | 2825/5794 [00:56<01:00, 49.03it/s]
 49%|████▉     | 2830/5794 [00:56<01:00, 49.11it/s]
 49%|████▉     | 2835/5794 [00:56<01:00, 49.17it/s]
 49%|████▉     | 2840/5794 [00:56<01:00, 49.14it/s]
 49%|████▉     | 2845/5794 [00:56<01:00, 49.07it/s]
 49%|████▉     | 2850/5794 [00:56<01:00, 48.67it/s]
 49%|████▉     | 2855/5794 [00:56<01:00, 48.88it/s]
 49%|████▉     | 2860/5794 [00:56<01:00, 48.69it/s]
 49%|████▉     | 2865/5794 [00:57<00:59, 48.88it/s]
 50%|████▉     | 2870/5794 [00:57<00:59, 49.01it/s]
 50%|████▉     | 2875/5794 [00:57<00:59, 49.09it/s]
 50%|████▉     | 2880/5794 [00:57<00:59, 49.07it/s]
 50%|████▉     | 2885/5794 [00:57<00:59, 49.16it/s]
 50%|████▉     | 2890/5794 [00:57<00:59, 48.92it/s]
 50%|████▉     | 2895/5794 [00:57<00:59, 48.88it/s]
 50%|█████     | 2900/5794 [00:57<00:59, 48.24it/s]
 50%|█████     | 2905/5794 [00:57<00:59, 48.57it/s]
 50%|█████     | 2910/5794 [00:57<00:59, 48.54it/s]
 50%|█████     | 2915/5794 [00:58<00:59, 48.79it/s]
 50%|█████     | 2920/5794 [00:58<00:58, 49.00it/s]
 50%|█████     | 2925/5794 [00:58<00:58, 49.13it/s]
 51%|█████     | 2930/5794 [00:58<00:58, 48.93it/s]
 51%|█████     | 2935/5794 [00:58<00:58, 49.10it/s]
 51%|█████     | 2940/5794 [00:58<00:57, 49.23it/s]
 51%|█████     | 2945/5794 [00:58<00:57, 49.14it/s]
 51%|█████     | 2950/5794 [00:58<00:57, 49.07it/s]
 51%|█████     | 2955/5794 [00:58<00:57, 49.15it/s]
 51%|█████     | 2960/5794 [00:58<00:57, 49.18it/s]
 51%|█████     | 2965/5794 [00:59<00:57, 49.12it/s]
 51%|█████▏    | 2970/5794 [00:59<00:57, 49.05it/s]
 51%|█████▏    | 2975/5794 [00:59<00:57, 49.13it/s]
 51%|█████▏    | 2980/5794 [00:59<00:57, 49.05it/s]
 52%|█████▏    | 2985/5794 [00:59<00:57, 49.11it/s]
 52%|█████▏    | 2990/5794 [00:59<00:57, 49.07it/s]
 52%|█████▏    | 2995/5794 [00:59<00:57, 49.01it/s]
 52%|█████▏    | 3000/5794 [00:59<00:57, 48.55it/s]
 52%|█████▏    | 3005/5794 [00:59<00:57, 48.75it/s]
 52%|█████▏    | 3010/5794 [01:00<00:56, 48.90it/s]
 52%|█████▏    | 3015/5794 [01:00<00:56, 48.93it/s]
 52%|█████▏    | 3020/5794 [01:00<00:56, 49.11it/s]
 52%|█████▏    | 3025/5794 [01:00<00:56, 49.27it/s]
 52%|█████▏    | 3030/5794 [01:00<00:56, 49.19it/s]
 52%|█████▏    | 3035/5794 [01:00<00:55, 49.34it/s]
 52%|█████▏    | 3040/5794 [01:00<00:55, 49.52it/s]
 53%|█████▎    | 3045/5794 [01:00<00:55, 49.61it/s]
 53%|█████▎    | 3050/5794 [01:00<00:56, 48.87it/s]
 53%|█████▎    | 3055/5794 [01:00<00:55, 49.08it/s]
 53%|█████▎    | 3060/5794 [01:01<00:55, 49.28it/s]
 53%|█████▎    | 3065/5794 [01:01<00:55, 49.21it/s]
 53%|█████▎    | 3070/5794 [01:01<00:55, 49.31it/s]
 53%|█████▎    | 3075/5794 [01:01<00:54, 49.48it/s]
 53%|█████▎    | 3080/5794 [01:01<00:54, 49.41it/s]
 53%|█████▎    | 3085/5794 [01:01<00:54, 49.56it/s]
 53%|█████▎    | 3090/5794 [01:01<00:54, 49.62it/s]
 53%|█████▎    | 3095/5794 [01:01<00:54, 49.71it/s]
 54%|█████▎    | 3100/5794 [01:01<00:54, 49.62it/s]
 54%|█████▎    | 3105/5794 [01:01<00:54, 49.67it/s]
 54%|█████▎    | 3110/5794 [01:02<00:54, 49.69it/s]
 54%|█████▍    | 3115/5794 [01:02<00:54, 49.51it/s]
 54%|█████▍    | 3120/5794 [01:02<00:53, 49.59it/s]
 54%|█████▍    | 3125/5794 [01:02<00:53, 49.61it/s]
 54%|█████▍    | 3130/5794 [01:02<00:53, 49.55it/s]
 54%|█████▍    | 3135/5794 [01:02<00:53, 49.47it/s]
 54%|█████▍    | 3140/5794 [01:02<00:53, 49.53it/s]
 54%|█████▍    | 3145/5794 [01:02<00:53, 49.51it/s]
 54%|█████▍    | 3150/5794 [01:02<00:53, 49.36it/s]
 54%|█████▍    | 3155/5794 [01:02<00:53, 49.47it/s]
 55%|█████▍    | 3160/5794 [01:03<00:53, 49.54it/s]
 55%|█████▍    | 3165/5794 [01:03<00:53, 49.38it/s]
 55%|█████▍    | 3170/5794 [01:03<00:53, 49.45it/s]
 55%|█████▍    | 3176/5794 [01:03<00:52, 50.16it/s]
 55%|█████▍    | 3182/5794 [01:03<00:50, 51.92it/s]
 55%|█████▌    | 3188/5794 [01:03<00:48, 53.29it/s]
 55%|█████▌    | 3194/5794 [01:03<00:48, 54.07it/s]
 55%|█████▌    | 3200/5794 [01:03<00:47, 54.60it/s]
 55%|█████▌    | 3206/5794 [01:03<00:46, 55.17it/s]
 55%|█████▌    | 3212/5794 [01:03<00:46, 55.64it/s]
 56%|█████▌    | 3218/5794 [01:04<00:46, 55.59it/s]
 56%|█████▌    | 3224/5794 [01:04<00:45, 55.89it/s]
 56%|█████▌    | 3230/5794 [01:04<00:45, 56.13it/s]
 56%|█████▌    | 3236/5794 [01:04<00:45, 56.12it/s]
 56%|█████▌    | 3242/5794 [01:04<00:45, 56.20it/s]
 56%|█████▌    | 3248/5794 [01:04<00:45, 56.28it/s]
 56%|█████▌    | 3254/5794 [01:04<00:45, 56.23it/s]
 56%|█████▋    | 3260/5794 [01:04<00:45, 56.31it/s]
 56%|█████▋    | 3266/5794 [01:04<00:44, 56.36it/s]
 56%|█████▋    | 3272/5794 [01:05<00:44, 56.25it/s]
 57%|█████▋    | 3278/5794 [01:05<00:44, 56.35it/s]
 57%|█████▋    | 3284/5794 [01:05<00:44, 56.30it/s]
 57%|█████▋    | 3290/5794 [01:05<00:44, 56.07it/s]
 57%|█████▋    | 3296/5794 [01:05<00:44, 55.62it/s]
 57%|█████▋    | 3302/5794 [01:05<00:44, 55.70it/s]
 57%|█████▋    | 3308/5794 [01:05<00:44, 55.97it/s]
 57%|█████▋    | 3314/5794 [01:05<00:44, 55.86it/s]
 57%|█████▋    | 3320/5794 [01:05<00:46, 52.99it/s]
 57%|█████▋    | 3326/5794 [01:06<00:47, 52.02it/s]
 58%|█████▊    | 3332/5794 [01:06<00:48, 51.06it/s]
 58%|█████▊    | 3338/5794 [01:06<00:48, 50.39it/s]
 58%|█████▊    | 3344/5794 [01:06<00:48, 50.12it/s]
 58%|█████▊    | 3350/5794 [01:06<00:49, 49.80it/s]
 58%|█████▊    | 3355/5794 [01:06<00:49, 49.64it/s]
 58%|█████▊    | 3360/5794 [01:06<00:49, 49.65it/s]
 58%|█████▊    | 3365/5794 [01:06<00:48, 49.69it/s]
 58%|█████▊    | 3370/5794 [01:06<00:48, 49.58it/s]
 58%|█████▊    | 3375/5794 [01:07<00:48, 49.63it/s]
 58%|█████▊    | 3380/5794 [01:07<00:48, 49.70it/s]
 58%|█████▊    | 3385/5794 [01:07<00:48, 49.70it/s]
 59%|█████▊    | 3390/5794 [01:07<00:48, 49.54it/s]
 59%|█████▊    | 3395/5794 [01:07<00:48, 49.62it/s]
 59%|█████▊    | 3400/5794 [01:07<00:48, 49.70it/s]
 59%|█████▉    | 3405/5794 [01:07<00:48, 49.45it/s]
 59%|█████▉    | 3410/5794 [01:07<00:48, 49.42it/s]
 59%|█████▉    | 3415/5794 [01:07<00:48, 49.53it/s]
 59%|█████▉    | 3420/5794 [01:07<00:48, 49.44it/s]
 59%|█████▉    | 3425/5794 [01:08<00:47, 49.56it/s]
 59%|█████▉    | 3430/5794 [01:08<00:47, 49.67it/s]
 59%|█████▉    | 3435/5794 [01:08<00:47, 49.70it/s]
 59%|█████▉    | 3440/5794 [01:08<00:47, 49.59it/s]
 59%|█████▉    | 3445/5794 [01:08<00:47, 49.65it/s]
 60%|█████▉    | 3450/5794 [01:08<00:47, 49.67it/s]
 60%|█████▉    | 3455/5794 [01:08<00:47, 49.49it/s]
 60%|█████▉    | 3460/5794 [01:08<00:47, 49.58it/s]
 60%|█████▉    | 3465/5794 [01:08<00:46, 49.67it/s]
 60%|█████▉    | 3470/5794 [01:08<00:46, 49.65it/s]
 60%|█████▉    | 3475/5794 [01:09<00:47, 49.06it/s]
 60%|██████    | 3480/5794 [01:09<00:46, 49.30it/s]
 60%|██████    | 3485/5794 [01:09<00:46, 49.40it/s]
 60%|██████    | 3490/5794 [01:09<00:46, 49.37it/s]
 60%|██████    | 3495/5794 [01:09<00:46, 49.52it/s]
 60%|██████    | 3500/5794 [01:09<00:46, 49.62it/s]
 60%|██████    | 3505/5794 [01:09<00:46, 49.52it/s]
 61%|██████    | 3510/5794 [01:09<00:46, 49.57it/s]
 61%|██████    | 3515/5794 [01:09<00:45, 49.69it/s]
 61%|██████    | 3520/5794 [01:09<00:45, 49.73it/s]
 61%|██████    | 3525/5794 [01:10<00:45, 49.62it/s]
 61%|██████    | 3530/5794 [01:10<00:45, 49.62it/s]
 61%|██████    | 3535/5794 [01:10<00:45, 49.72it/s]
 61%|██████    | 3540/5794 [01:10<00:45, 49.60it/s]
 61%|██████    | 3545/5794 [01:10<00:45, 49.69it/s]
 61%|██████▏   | 3550/5794 [01:10<00:45, 49.76it/s]
 61%|██████▏   | 3555/5794 [01:10<00:44, 49.80it/s]
 61%|██████▏   | 3560/5794 [01:10<00:45, 49.59it/s]
 62%|██████▏   | 3565/5794 [01:10<00:44, 49.63it/s]
 62%|██████▏   | 3570/5794 [01:10<00:44, 49.69it/s]
 62%|██████▏   | 3575/5794 [01:11<00:44, 49.53it/s]
 62%|██████▏   | 3580/5794 [01:11<00:44, 49.45it/s]
 62%|██████▏   | 3585/5794 [01:11<00:44, 49.49it/s]
 62%|██████▏   | 3590/5794 [01:11<00:44, 49.47it/s]
 62%|██████▏   | 3595/5794 [01:11<00:44, 49.58it/s]
 62%|██████▏   | 3600/5794 [01:11<00:44, 49.63it/s]
 62%|██████▏   | 3605/5794 [01:11<00:44, 49.64it/s]
 62%|██████▏   | 3610/5794 [01:11<00:44, 49.57it/s]
 62%|██████▏   | 3615/5794 [01:11<00:43, 49.61it/s]
 62%|██████▏   | 3620/5794 [01:11<00:43, 49.70it/s]
 63%|██████▎   | 3625/5794 [01:12<00:43, 49.60it/s]
 63%|██████▎   | 3630/5794 [01:12<00:43, 49.66it/s]
 63%|██████▎   | 3635/5794 [01:12<00:43, 49.66it/s]
 63%|██████▎   | 3640/5794 [01:12<00:43, 49.63it/s]
 63%|██████▎   | 3645/5794 [01:12<00:43, 49.53it/s]
 63%|██████▎   | 3650/5794 [01:12<00:43, 49.60it/s]
 63%|██████▎   | 3655/5794 [01:12<00:43, 49.59it/s]
 63%|██████▎   | 3660/5794 [01:12<00:43, 49.53it/s]
 63%|██████▎   | 3665/5794 [01:12<00:42, 49.57it/s]
 63%|██████▎   | 3670/5794 [01:13<00:42, 49.66it/s]
 63%|██████▎   | 3675/5794 [01:13<00:42, 49.49it/s]
 64%|██████▎   | 3680/5794 [01:13<00:42, 49.60it/s]
 64%|██████▎   | 3685/5794 [01:13<00:42, 49.61it/s]
 64%|██████▎   | 3690/5794 [01:13<00:42, 49.64it/s]
 64%|██████▍   | 3695/5794 [01:13<00:42, 49.55it/s]
 64%|██████▍   | 3701/5794 [01:13<00:42, 49.75it/s]
 64%|██████▍   | 3706/5794 [01:13<00:41, 49.72it/s]
 64%|██████▍   | 3711/5794 [01:13<00:42, 49.52it/s]
 64%|██████▍   | 3717/5794 [01:13<00:40, 51.06it/s]
 64%|██████▍   | 3723/5794 [01:14<00:39, 52.84it/s]
 64%|██████▍   | 3729/5794 [01:14<00:38, 54.02it/s]
 64%|██████▍   | 3735/5794 [01:14<00:37, 54.93it/s]
 65%|██████▍   | 3741/5794 [01:14<00:36, 55.65it/s]
 65%|██████▍   | 3747/5794 [01:14<00:36, 56.08it/s]
 65%|██████▍   | 3753/5794 [01:14<00:36, 56.51it/s]
 65%|██████▍   | 3759/5794 [01:14<00:37, 54.33it/s]
 65%|██████▍   | 3765/5794 [01:14<00:38, 52.66it/s]
 65%|██████▌   | 3771/5794 [01:14<00:39, 51.83it/s]
 65%|██████▌   | 3777/5794 [01:15<00:39, 51.18it/s]
 65%|██████▌   | 3783/5794 [01:15<00:39, 50.81it/s]
 65%|██████▌   | 3789/5794 [01:15<00:39, 50.59it/s]
 65%|██████▌   | 3795/5794 [01:15<00:39, 50.34it/s]
 66%|██████▌   | 3801/5794 [01:15<00:39, 50.24it/s]
 66%|██████▌   | 3807/5794 [01:15<00:39, 50.25it/s]
 66%|██████▌   | 3813/5794 [01:15<00:39, 50.05it/s]
 66%|██████▌   | 3819/5794 [01:15<00:39, 50.11it/s]
 66%|██████▌   | 3825/5794 [01:16<00:39, 50.06it/s]
 66%|██████▌   | 3831/5794 [01:16<00:39, 49.69it/s]
 66%|██████▌   | 3836/5794 [01:16<00:39, 49.58it/s]
 66%|██████▋   | 3841/5794 [01:16<00:39, 49.62it/s]
 66%|██████▋   | 3846/5794 [01:16<00:39, 49.59it/s]
 66%|██████▋   | 3851/5794 [01:16<00:39, 49.68it/s]
 67%|██████▋   | 3856/5794 [01:16<00:38, 49.75it/s]
 67%|██████▋   | 3861/5794 [01:16<00:38, 49.73it/s]
 67%|██████▋   | 3866/5794 [01:16<00:38, 49.68it/s]
 67%|██████▋   | 3871/5794 [01:16<00:38, 49.68it/s]
 67%|██████▋   | 3876/5794 [01:17<00:38, 49.65it/s]
 67%|██████▋   | 3881/5794 [01:17<00:38, 49.50it/s]
 67%|██████▋   | 3886/5794 [01:17<00:38, 49.54it/s]
 67%|██████▋   | 3891/5794 [01:17<00:38, 49.55it/s]
 67%|██████▋   | 3896/5794 [01:17<00:38, 49.41it/s]
 67%|██████▋   | 3901/5794 [01:17<00:38, 49.48it/s]
 67%|██████▋   | 3906/5794 [01:17<00:38, 49.54it/s]
 68%|██████▊   | 3911/5794 [01:17<00:38, 49.50it/s]
 68%|██████▊   | 3916/5794 [01:17<00:38, 49.38it/s]
 68%|██████▊   | 3921/5794 [01:17<00:37, 49.42it/s]
 68%|██████▊   | 3926/5794 [01:18<00:37, 49.43it/s]
 68%|██████▊   | 3931/5794 [01:18<00:37, 49.32it/s]
 68%|██████▊   | 3936/5794 [01:18<00:37, 49.40it/s]
 68%|██████▊   | 3941/5794 [01:18<00:37, 49.53it/s]
 68%|██████▊   | 3946/5794 [01:18<00:37, 49.57it/s]
 68%|██████▊   | 3951/5794 [01:18<00:37, 49.51it/s]
 68%|██████▊   | 3957/5794 [01:18<00:36, 49.73it/s]
 68%|██████▊   | 3962/5794 [01:18<00:36, 49.78it/s]
 68%|██████▊   | 3967/5794 [01:18<00:36, 49.68it/s]
 69%|██████▊   | 3972/5794 [01:18<00:36, 49.67it/s]
 69%|██████▊   | 3977/5794 [01:19<00:36, 49.64it/s]
 69%|██████▊   | 3982/5794 [01:19<00:36, 49.47it/s]
 69%|██████▉   | 3987/5794 [01:19<00:36, 49.48it/s]
 69%|██████▉   | 3992/5794 [01:19<00:36, 49.46it/s]
 69%|██████▉   | 3998/5794 [01:19<00:36, 49.61it/s]
 69%|██████▉   | 4004/5794 [01:19<00:35, 49.76it/s]
 69%|██████▉   | 4010/5794 [01:19<00:35, 49.93it/s]
 69%|██████▉   | 4015/5794 [01:19<00:35, 49.88it/s]
 69%|██████▉   | 4021/5794 [01:19<00:35, 50.04it/s]
 70%|██████▉   | 4027/5794 [01:20<00:35, 50.18it/s]
 70%|██████▉   | 4033/5794 [01:20<00:35, 50.04it/s]
 70%|██████▉   | 4039/5794 [01:20<00:34, 50.20it/s]
 70%|██████▉   | 4045/5794 [01:20<00:34, 50.18it/s]
 70%|██████▉   | 4051/5794 [01:20<00:34, 50.12it/s]
 70%|███████   | 4057/5794 [01:20<00:34, 50.20it/s]
 70%|███████   | 4063/5794 [01:20<00:34, 50.24it/s]
 70%|███████   | 4069/5794 [01:20<00:34, 50.15it/s]
 70%|███████   | 4075/5794 [01:21<00:34, 50.07it/s]
 70%|███████   | 4081/5794 [01:21<00:34, 49.97it/s]
 71%|███████   | 4086/5794 [01:21<00:34, 49.85it/s]
 71%|███████   | 4092/5794 [01:21<00:34, 49.97it/s]
 71%|███████   | 4098/5794 [01:21<00:33, 50.14it/s]
 71%|███████   | 4104/5794 [01:21<00:33, 50.14it/s]
 71%|███████   | 4110/5794 [01:21<00:33, 50.21it/s]
 71%|███████   | 4116/5794 [01:21<00:33, 50.25it/s]
 71%|███████   | 4122/5794 [01:21<00:33, 50.24it/s]
 71%|███████   | 4128/5794 [01:22<00:33, 50.34it/s]
 71%|███████▏  | 4134/5794 [01:22<00:33, 50.23it/s]
 71%|███████▏  | 4140/5794 [01:22<00:32, 50.29it/s]
 72%|███████▏  | 4146/5794 [01:22<00:32, 50.42it/s]
 72%|███████▏  | 4152/5794 [01:22<00:32, 50.27it/s]
 72%|███████▏  | 4158/5794 [01:22<00:32, 50.33it/s]
 72%|███████▏  | 4164/5794 [01:22<00:32, 50.36it/s]
 72%|███████▏  | 4170/5794 [01:22<00:32, 50.23it/s]
 72%|███████▏  | 4176/5794 [01:23<00:32, 50.29it/s]
 72%|███████▏  | 4182/5794 [01:23<00:32, 50.33it/s]
 72%|███████▏  | 4188/5794 [01:23<00:31, 50.28it/s]
 72%|███████▏  | 4194/5794 [01:23<00:32, 49.93it/s]
 72%|███████▏  | 4200/5794 [01:23<00:31, 50.13it/s]
 73%|███████▎  | 4206/5794 [01:23<00:31, 50.17it/s]
 73%|███████▎  | 4212/5794 [01:23<00:31, 50.22it/s]
 73%|███████▎  | 4218/5794 [01:23<00:31, 50.29it/s]
 73%|███████▎  | 4224/5794 [01:24<00:31, 50.25it/s]
 73%|███████▎  | 4230/5794 [01:24<00:31, 50.38it/s]
 73%|███████▎  | 4236/5794 [01:24<00:30, 50.31it/s]
 73%|███████▎  | 4242/5794 [01:24<00:30, 50.39it/s]
 73%|███████▎  | 4248/5794 [01:24<00:30, 50.47it/s]
 73%|███████▎  | 4254/5794 [01:24<00:30, 50.41it/s]
 74%|███████▎  | 4260/5794 [01:24<00:30, 50.42it/s]
 74%|███████▎  | 4266/5794 [01:24<00:30, 50.49it/s]
 74%|███████▎  | 4272/5794 [01:24<00:30, 50.41it/s]
 74%|███████▍  | 4278/5794 [01:25<00:30, 50.48it/s]
 74%|███████▍  | 4284/5794 [01:25<00:29, 50.47it/s]
 74%|███████▍  | 4290/5794 [01:25<00:29, 50.36it/s]
 74%|███████▍  | 4296/5794 [01:25<00:29, 50.45it/s]
 74%|███████▍  | 4302/5794 [01:25<00:29, 50.45it/s]
 74%|███████▍  | 4308/5794 [01:25<00:29, 50.27it/s]
 74%|███████▍  | 4314/5794 [01:25<00:29, 49.89it/s]
 75%|███████▍  | 4319/5794 [01:25<00:29, 49.50it/s]
 75%|███████▍  | 4324/5794 [01:26<00:29, 49.23it/s]
 75%|███████▍  | 4329/5794 [01:26<00:29, 48.97it/s]
 75%|███████▍  | 4334/5794 [01:26<00:29, 49.23it/s]
 75%|███████▍  | 4339/5794 [01:26<00:29, 49.33it/s]
 75%|███████▍  | 4344/5794 [01:26<00:29, 49.36it/s]
 75%|███████▌  | 4349/5794 [01:26<00:29, 49.42it/s]
 75%|███████▌  | 4354/5794 [01:26<00:29, 49.00it/s]
 75%|███████▌  | 4359/5794 [01:26<00:29, 49.28it/s]
 75%|███████▌  | 4365/5794 [01:26<00:28, 49.62it/s]
 75%|███████▌  | 4371/5794 [01:26<00:28, 49.84it/s]
 76%|███████▌  | 4377/5794 [01:27<00:28, 50.02it/s]
 76%|███████▌  | 4383/5794 [01:27<00:28, 50.16it/s]
 76%|███████▌  | 4389/5794 [01:27<00:28, 49.70it/s]
 76%|███████▌  | 4394/5794 [01:27<00:28, 49.53it/s]
 76%|███████▌  | 4399/5794 [01:27<00:28, 49.46it/s]
 76%|███████▌  | 4404/5794 [01:27<00:28, 49.21it/s]
 76%|███████▌  | 4409/5794 [01:27<00:28, 49.05it/s]
 76%|███████▌  | 4414/5794 [01:27<00:28, 49.17it/s]
 76%|███████▋  | 4419/5794 [01:27<00:27, 49.36it/s]
 76%|███████▋  | 4424/5794 [01:28<00:27, 49.26it/s]
 76%|███████▋  | 4429/5794 [01:28<00:27, 49.14it/s]
 77%|███████▋  | 4434/5794 [01:28<00:27, 49.18it/s]
 77%|███████▋  | 4439/5794 [01:28<00:27, 49.21it/s]
 77%|███████▋  | 4444/5794 [01:28<00:27, 49.16it/s]
 77%|███████▋  | 4449/5794 [01:28<00:27, 49.25it/s]
 77%|███████▋  | 4454/5794 [01:28<00:27, 49.13it/s]
 77%|███████▋  | 4459/5794 [01:28<00:27, 48.93it/s]
 77%|███████▋  | 4464/5794 [01:28<00:27, 49.09it/s]
 77%|███████▋  | 4469/5794 [01:28<00:27, 48.97it/s]
 77%|███████▋  | 4474/5794 [01:29<00:26, 48.98it/s]
 77%|███████▋  | 4479/5794 [01:29<00:26, 49.08it/s]
 77%|███████▋  | 4484/5794 [01:29<00:26, 49.26it/s]
 77%|███████▋  | 4489/5794 [01:29<00:26, 49.37it/s]
 78%|███████▊  | 4494/5794 [01:29<00:26, 49.34it/s]
 78%|███████▊  | 4499/5794 [01:29<00:26, 49.45it/s]
 78%|███████▊  | 4504/5794 [01:29<00:26, 49.50it/s]
 78%|███████▊  | 4509/5794 [01:29<00:26, 49.32it/s]
 78%|███████▊  | 4514/5794 [01:29<00:25, 49.41it/s]
 78%|███████▊  | 4519/5794 [01:29<00:25, 49.50it/s]
 78%|███████▊  | 4524/5794 [01:30<00:25, 49.48it/s]
 78%|███████▊  | 4529/5794 [01:30<00:25, 49.41it/s]
 78%|███████▊  | 4534/5794 [01:30<00:25, 49.47it/s]
 78%|███████▊  | 4539/5794 [01:30<00:25, 49.56it/s]
 78%|███████▊  | 4544/5794 [01:30<00:25, 49.58it/s]
 79%|███████▊  | 4550/5794 [01:30<00:24, 51.42it/s]
 79%|███████▊  | 4556/5794 [01:30<00:24, 50.75it/s]
 79%|███████▊  | 4562/5794 [01:30<00:24, 50.28it/s]
 79%|███████▉  | 4568/5794 [01:30<00:24, 50.23it/s]
 79%|███████▉  | 4574/5794 [01:31<00:24, 50.14it/s]
 79%|███████▉  | 4580/5794 [01:31<00:24, 49.06it/s]
 79%|███████▉  | 4585/5794 [01:31<00:24, 49.08it/s]
 79%|███████▉  | 4590/5794 [01:31<00:24, 49.29it/s]
 79%|███████▉  | 4595/5794 [01:31<00:24, 49.21it/s]
 79%|███████▉  | 4600/5794 [01:31<00:24, 49.40it/s]
 79%|███████▉  | 4605/5794 [01:31<00:24, 49.53it/s]
 80%|███████▉  | 4610/5794 [01:31<00:23, 49.52it/s]
 80%|███████▉  | 4616/5794 [01:31<00:23, 49.68it/s]
 80%|███████▉  | 4622/5794 [01:32<00:23, 49.85it/s]
 80%|███████▉  | 4627/5794 [01:32<00:23, 49.79it/s]
 80%|███████▉  | 4632/5794 [01:32<00:23, 49.83it/s]
 80%|████████  | 4638/5794 [01:32<00:23, 49.93it/s]
 80%|████████  | 4644/5794 [01:32<00:23, 49.85it/s]
 80%|████████  | 4650/5794 [01:32<00:22, 49.94it/s]
 80%|████████  | 4656/5794 [01:32<00:22, 50.00it/s]
 80%|████████  | 4661/5794 [01:32<00:22, 49.95it/s]
 81%|████████  | 4667/5794 [01:32<00:22, 50.03it/s]
 81%|████████  | 4673/5794 [01:33<00:22, 50.09it/s]
 81%|████████  | 4679/5794 [01:33<00:22, 49.99it/s]
 81%|████████  | 4684/5794 [01:33<00:22, 49.97it/s]
 81%|████████  | 4690/5794 [01:33<00:22, 50.00it/s]
 81%|████████  | 4695/5794 [01:33<00:22, 49.93it/s]
 81%|████████  | 4701/5794 [01:33<00:21, 50.01it/s]
 81%|████████  | 4707/5794 [01:33<00:21, 50.04it/s]
 81%|████████▏ | 4713/5794 [01:33<00:21, 49.96it/s]
 81%|████████▏ | 4719/5794 [01:33<00:21, 50.06it/s]
 82%|████████▏ | 4725/5794 [01:34<00:21, 50.11it/s]
 82%|████████▏ | 4731/5794 [01:34<00:21, 50.02it/s]
 82%|████████▏ | 4737/5794 [01:34<00:21, 50.05it/s]
 82%|████████▏ | 4743/5794 [01:34<00:20, 50.06it/s]
 82%|████████▏ | 4749/5794 [01:34<00:20, 49.93it/s]
 82%|████████▏ | 4755/5794 [01:34<00:20, 50.00it/s]
 82%|████████▏ | 4761/5794 [01:34<00:20, 50.00it/s]
 82%|████████▏ | 4767/5794 [01:34<00:20, 49.94it/s]
 82%|████████▏ | 4772/5794 [01:35<00:20, 49.95it/s]
 82%|████████▏ | 4778/5794 [01:35<00:20, 50.03it/s]
 83%|████████▎ | 4784/5794 [01:35<00:20, 49.93it/s]
 83%|████████▎ | 4790/5794 [01:35<00:20, 50.01it/s]
 83%|████████▎ | 4796/5794 [01:35<00:19, 49.98it/s]
 83%|████████▎ | 4801/5794 [01:35<00:19, 49.95it/s]
 83%|████████▎ | 4807/5794 [01:35<00:19, 49.97it/s]
 83%|████████▎ | 4812/5794 [01:35<00:19, 49.96it/s]
 83%|████████▎ | 4817/5794 [01:35<00:19, 49.89it/s]
 83%|████████▎ | 4823/5794 [01:36<00:19, 49.41it/s]
 83%|████████▎ | 4828/5794 [01:36<00:19, 49.38it/s]
 83%|████████▎ | 4833/5794 [01:36<00:19, 49.31it/s]
 84%|████████▎ | 4839/5794 [01:36<00:19, 49.59it/s]
 84%|████████▎ | 4845/5794 [01:36<00:19, 49.80it/s]
 84%|████████▎ | 4850/5794 [01:36<00:18, 49.75it/s]
 84%|████████▍ | 4856/5794 [01:36<00:18, 49.82it/s]
 84%|████████▍ | 4862/5794 [01:36<00:18, 49.92it/s]
 84%|████████▍ | 4867/5794 [01:36<00:18, 49.84it/s]
 84%|████████▍ | 4873/5794 [01:37<00:18, 49.93it/s]
 84%|████████▍ | 4879/5794 [01:37<00:18, 50.02it/s]
 84%|████████▍ | 4885/5794 [01:37<00:18, 50.01it/s]
 84%|████████▍ | 4891/5794 [01:37<00:18, 50.06it/s]
 85%|████████▍ | 4897/5794 [01:37<00:17, 50.12it/s]
 85%|████████▍ | 4903/5794 [01:37<00:17, 49.99it/s]
 85%|████████▍ | 4909/5794 [01:37<00:17, 50.04it/s]
 85%|████████▍ | 4915/5794 [01:37<00:17, 50.05it/s]
 85%|████████▍ | 4921/5794 [01:38<00:17, 50.00it/s]
 85%|████████▌ | 4927/5794 [01:38<00:17, 50.07it/s]
 85%|████████▌ | 4933/5794 [01:38<00:17, 49.99it/s]
 85%|████████▌ | 4939/5794 [01:38<00:17, 50.06it/s]
 85%|████████▌ | 4945/5794 [01:38<00:16, 50.12it/s]
 85%|████████▌ | 4951/5794 [01:38<00:16, 49.96it/s]
 86%|████████▌ | 4957/5794 [01:38<00:16, 50.12it/s]
 86%|████████▌ | 4963/5794 [01:38<00:16, 50.17it/s]
 86%|████████▌ | 4969/5794 [01:38<00:16, 50.17it/s]
 86%|████████▌ | 4975/5794 [01:39<00:16, 50.24it/s]
 86%|████████▌ | 4981/5794 [01:39<00:16, 50.27it/s]
 86%|████████▌ | 4987/5794 [01:39<00:16, 50.11it/s]
 86%|████████▌ | 4993/5794 [01:39<00:15, 50.13it/s]
 86%|████████▋ | 4999/5794 [01:39<00:16, 49.64it/s]
 86%|████████▋ | 5004/5794 [01:39<00:15, 49.68it/s]
 86%|████████▋ | 5009/5794 [01:39<00:15, 49.69it/s]
 87%|████████▋ | 5015/5794 [01:39<00:15, 49.92it/s]
 87%|████████▋ | 5020/5794 [01:39<00:15, 49.92it/s]
 87%|████████▋ | 5026/5794 [01:40<00:15, 50.05it/s]
 87%|████████▋ | 5032/5794 [01:40<00:15, 50.08it/s]
 87%|████████▋ | 5038/5794 [01:40<00:15, 50.04it/s]
 87%|████████▋ | 5044/5794 [01:40<00:14, 50.10it/s]
 87%|████████▋ | 5050/5794 [01:40<00:14, 50.16it/s]
 87%|████████▋ | 5056/5794 [01:40<00:14, 50.08it/s]
 87%|████████▋ | 5062/5794 [01:40<00:14, 50.15it/s]
 87%|████████▋ | 5068/5794 [01:40<00:14, 50.22it/s]
 88%|████████▊ | 5074/5794 [01:41<00:14, 50.07it/s]
 88%|████████▊ | 5080/5794 [01:41<00:14, 49.87it/s]
 88%|████████▊ | 5085/5794 [01:41<00:14, 49.85it/s]
 88%|████████▊ | 5091/5794 [01:41<00:14, 49.92it/s]
 88%|████████▊ | 5097/5794 [01:41<00:13, 50.04it/s]
 88%|████████▊ | 5103/5794 [01:41<00:13, 49.99it/s]
 88%|████████▊ | 5109/5794 [01:41<00:13, 50.05it/s]
 88%|████████▊ | 5115/5794 [01:41<00:13, 50.19it/s]
 88%|████████▊ | 5121/5794 [01:42<00:13, 49.97it/s]
 88%|████████▊ | 5127/5794 [01:42<00:13, 50.11it/s]
 89%|████████▊ | 5133/5794 [01:42<00:13, 50.19it/s]
 89%|████████▊ | 5139/5794 [01:42<00:13, 50.11it/s]
 89%|████████▉ | 5145/5794 [01:42<00:12, 50.17it/s]
 89%|████████▉ | 5151/5794 [01:42<00:12, 50.21it/s]
 89%|████████▉ | 5157/5794 [01:42<00:12, 50.05it/s]
 89%|████████▉ | 5163/5794 [01:42<00:12, 50.12it/s]
 89%|████████▉ | 5169/5794 [01:42<00:12, 50.09it/s]
 89%|████████▉ | 5175/5794 [01:43<00:12, 50.05it/s]
 89%|████████▉ | 5181/5794 [01:43<00:12, 50.13it/s]
 90%|████████▉ | 5187/5794 [01:43<00:12, 50.15it/s]
 90%|████████▉ | 5193/5794 [01:43<00:12, 50.08it/s]
 90%|████████▉ | 5199/5794 [01:43<00:11, 50.10it/s]
 90%|████████▉ | 5205/5794 [01:43<00:11, 50.03it/s]
 90%|████████▉ | 5211/5794 [01:43<00:11, 49.54it/s]
 90%|█████████ | 5217/5794 [01:43<00:11, 49.75it/s]
 90%|█████████ | 5222/5794 [01:44<00:11, 49.73it/s]
 90%|█████████ | 5228/5794 [01:44<00:11, 49.90it/s]
 90%|█████████ | 5234/5794 [01:44<00:11, 49.98it/s]
 90%|█████████ | 5239/5794 [01:44<00:11, 49.88it/s]
 91%|█████████ | 5245/5794 [01:44<00:10, 50.83it/s]
 91%|█████████ | 5251/5794 [01:44<00:10, 50.53it/s]
 91%|█████████ | 5257/5794 [01:44<00:10, 50.20it/s]
 91%|█████████ | 5263/5794 [01:44<00:10, 50.20it/s]
 91%|█████████ | 5269/5794 [01:44<00:10, 50.18it/s]
 91%|█████████ | 5275/5794 [01:45<00:10, 50.06it/s]
 91%|█████████ | 5281/5794 [01:45<00:10, 50.08it/s]
 91%|█████████ | 5287/5794 [01:45<00:10, 50.10it/s]
 91%|█████████▏| 5293/5794 [01:45<00:10, 49.99it/s]
 91%|█████████▏| 5299/5794 [01:45<00:09, 50.10it/s]
 92%|█████████▏| 5305/5794 [01:45<00:09, 50.13it/s]
 92%|█████████▏| 5311/5794 [01:45<00:09, 50.03it/s]
 92%|█████████▏| 5317/5794 [01:45<00:09, 50.06it/s]
 92%|█████████▏| 5323/5794 [01:46<00:09, 49.98it/s]
 92%|█████████▏| 5328/5794 [01:46<00:09, 49.52it/s]
 92%|█████████▏| 5333/5794 [01:46<00:09, 49.47it/s]
 92%|█████████▏| 5338/5794 [01:46<00:09, 49.59it/s]
 92%|█████████▏| 5343/5794 [01:46<00:09, 49.56it/s]
 92%|█████████▏| 5349/5794 [01:46<00:08, 49.61it/s]
 92%|█████████▏| 5355/5794 [01:46<00:08, 49.75it/s]
 93%|█████████▎| 5360/5794 [01:46<00:08, 49.43it/s]
 93%|█████████▎| 5365/5794 [01:46<00:08, 49.56it/s]
 93%|█████████▎| 5370/5794 [01:46<00:08, 49.60it/s]
 93%|█████████▎| 5375/5794 [01:47<00:08, 49.61it/s]
 93%|█████████▎| 5380/5794 [01:47<00:08, 49.61it/s]
 93%|█████████▎| 5386/5794 [01:47<00:08, 49.81it/s]
 93%|█████████▎| 5391/5794 [01:47<00:08, 49.82it/s]
 93%|█████████▎| 5396/5794 [01:47<00:08, 49.73it/s]
 93%|█████████▎| 5402/5794 [01:47<00:07, 49.84it/s]
 93%|█████████▎| 5408/5794 [01:47<00:07, 49.89it/s]
 93%|█████████▎| 5413/5794 [01:47<00:07, 49.79it/s]
 94%|█████████▎| 5418/5794 [01:47<00:07, 49.32it/s]
 94%|█████████▎| 5423/5794 [01:48<00:07, 49.50it/s]
 94%|█████████▎| 5428/5794 [01:48<00:07, 49.48it/s]
 94%|█████████▍| 5434/5794 [01:48<00:07, 49.68it/s]
 94%|█████████▍| 5440/5794 [01:48<00:07, 49.89it/s]
 94%|█████████▍| 5445/5794 [01:48<00:07, 49.76it/s]
 94%|█████████▍| 5451/5794 [01:48<00:06, 49.88it/s]
 94%|█████████▍| 5456/5794 [01:48<00:06, 49.90it/s]
 94%|█████████▍| 5461/5794 [01:48<00:06, 49.87it/s]
 94%|█████████▍| 5467/5794 [01:48<00:06, 50.05it/s]
 94%|█████████▍| 5473/5794 [01:49<00:06, 50.04it/s]
 95%|█████████▍| 5479/5794 [01:49<00:06, 50.09it/s]
 95%|█████████▍| 5485/5794 [01:49<00:06, 50.00it/s]
 95%|█████████▍| 5491/5794 [01:49<00:06, 50.10it/s]
 95%|█████████▍| 5497/5794 [01:49<00:05, 49.66it/s]
 95%|█████████▍| 5503/5794 [01:49<00:05, 49.87it/s]
 95%|█████████▌| 5508/5794 [01:49<00:05, 49.85it/s]
 95%|█████████▌| 5513/5794 [01:49<00:05, 49.81it/s]
 95%|█████████▌| 5519/5794 [01:49<00:05, 49.97it/s]
 95%|█████████▌| 5525/5794 [01:50<00:05, 50.07it/s]
 95%|█████████▌| 5531/5794 [01:50<00:05, 49.77it/s]
 96%|█████████▌| 5537/5794 [01:50<00:05, 49.98it/s]
 96%|█████████▌| 5543/5794 [01:50<00:05, 50.14it/s]
 96%|█████████▌| 5549/5794 [01:50<00:04, 49.94it/s]
 96%|█████████▌| 5555/5794 [01:50<00:04, 50.09it/s]
 96%|█████████▌| 5561/5794 [01:50<00:04, 50.12it/s]
 96%|█████████▌| 5567/5794 [01:50<00:04, 50.02it/s]
 96%|█████████▌| 5573/5794 [01:51<00:04, 50.02it/s]
 96%|█████████▋| 5579/5794 [01:51<00:04, 49.19it/s]
 96%|█████████▋| 5584/5794 [01:51<00:04, 49.32it/s]
 96%|█████████▋| 5590/5794 [01:51<00:04, 49.55it/s]
 97%|█████████▋| 5596/5794 [01:51<00:03, 49.63it/s]
 97%|█████████▋| 5602/5794 [01:51<00:03, 49.87it/s]
 97%|█████████▋| 5608/5794 [01:51<00:03, 49.83it/s]
 97%|█████████▋| 5613/5794 [01:51<00:03, 49.77it/s]
 97%|█████████▋| 5619/5794 [01:51<00:03, 49.95it/s]
 97%|█████████▋| 5625/5794 [01:52<00:03, 50.00it/s]
 97%|█████████▋| 5630/5794 [01:52<00:03, 49.75it/s]
 97%|█████████▋| 5636/5794 [01:52<00:03, 49.90it/s]
 97%|█████████▋| 5642/5794 [01:52<00:03, 49.97it/s]
 97%|█████████▋| 5647/5794 [01:52<00:02, 49.87it/s]
 98%|█████████▊| 5653/5794 [01:52<00:02, 49.96it/s]
 98%|█████████▊| 5659/5794 [01:52<00:02, 50.05it/s]
 98%|█████████▊| 5665/5794 [01:52<00:02, 49.96it/s]
 98%|█████████▊| 5671/5794 [01:53<00:02, 50.06it/s]
 98%|█████████▊| 5677/5794 [01:53<00:02, 50.09it/s]
 98%|█████████▊| 5683/5794 [01:53<00:02, 50.01it/s]
 98%|█████████▊| 5689/5794 [01:53<00:02, 50.07it/s]
 98%|█████████▊| 5695/5794 [01:53<00:01, 50.08it/s]
 98%|█████████▊| 5701/5794 [01:53<00:01, 50.02it/s]
 98%|█████████▊| 5707/5794 [01:53<00:01, 50.14it/s]
 99%|█████████▊| 5713/5794 [01:53<00:01, 50.18it/s]
 99%|█████████▊| 5719/5794 [01:53<00:01, 50.12it/s]
 99%|█████████▉| 5725/5794 [01:54<00:01, 50.22it/s]
 99%|█████████▉| 5731/5794 [01:54<00:01, 49.78it/s]
 99%|█████████▉| 5737/5794 [01:54<00:01, 49.89it/s]
 99%|█████████▉| 5743/5794 [01:54<00:01, 50.04it/s]
 99%|█████████▉| 5749/5794 [01:54<00:00, 49.99it/s]
 99%|█████████▉| 5755/5794 [01:54<00:00, 50.09it/s]
 99%|█████████▉| 5761/5794 [01:54<00:00, 50.18it/s]
100%|█████████▉| 5767/5794 [01:54<00:00, 50.07it/s]
100%|█████████▉| 5773/5794 [01:55<00:00, 50.12it/s]
100%|█████████▉| 5779/5794 [01:55<00:00, 50.20it/s]
100%|█████████▉| 5785/5794 [01:55<00:00, 50.08it/s]
100%|█████████▉| 5791/5794 [01:55<00:00, 50.40it/s]
100%|██████████| 5794/5794 [01:55<00:00, 50.15it/s]
BALANCED ACCS CHECKED FOR TEST
TEST SET RESULTS FOR CHECKPOINT trained_weights/waterbirds/abn_att_waterbird_complete95_forest2water2_21050491_trial_000/best_balanced_valacc_0.52_epoch_0.ckpt
test_acc: 0.6705212288574387
balanced_test_acc: 0.5373916392095102
Land_on_Land_test_acc: 0.9951219512195122
Land_on_Water_test_acc: 0.5578713968957871
Water_on_Land_test_acc: 0.01557632398753894
Water_on_Water_test_acc: 0.5809968847352025
test_acc_Waterbird: 0.2982866043613707
test_acc_Landbird: 0.7764966740576497
