[CMD] /home/ryreu/miniconda3/envs/gals_a100/bin/python -u main.py --config configs/waterbirds_100_abn_vit.yaml --name abn_att_waterbird_1.0_forest2water2_21048936_trial_000 DATA.ROOT=/home/ryreu/guided_cnn/waterbirds DATA.WATERBIRDS_DIR=waterbird_1.0_forest2water2 SEED=0 EXP.BASE.LR=0.0010000000000000002 EXP.CLASSIFIER.LR=9.999999999999991e-05 EXP.WEIGHT_DECAY=9.999999999999997e-06 EXP.AUX_LOSSES_ON_VAL=False EXP.LOSSES.ABN_SUPERVISION.WEIGHT=1.0 EXP.NUM_EPOCHS=1
SEED: 0
DATA:
  BATCH_SIZE: 96
  NUM_WORKERS: 4
  SIZE: 224
  NORMALIZATION: imagenet
  ATTENTION_DIR: clip_vit_attention
  SEPARATE_CLASSES: false
  REMOVE_BACKGROUND: false
  ROOT: /home/ryreu/guided_cnn/waterbirds
  USE_CLASS_WEIGHTS: false
  USE_GROUP_WEIGHTS: false
  DATASET: waterbirds
  NUM_CLASSES: 2
  CONFOUNDING_FACTOR: 1.0
  WATERBIRDS_DIR: waterbird_1.0_forest2water2
EXP:
  NUM_TRIALS: 1
  LOSSES:
    CLASSIFICATION:
      WEIGHT: 1
    GRADIENT_OUTSIDE:
      COMPUTE: false
      LOG: false
      WEIGHT: 0.01
      CRITERION: L1
      GT: segmentation
      COMBINE_ATT_MODE: average_nonzero
    GRADIENT_INSIDE:
      COMPUTE: false
      LOG: false
      WEIGHT: 1
      CRITERION: L1
      GT: segmentation
      COMBINE_ATT_MODE: average_nonzero
    GRADCAM:
      COMPUTE: false
      LOG: false
      WEIGHT: 1
      CRITERION: L1
      GT: segmentation
      MODE: match
      COMBINE_ATT_MODE: average_nonzero
    ABN_CLASSIFICATION:
      COMPUTE: true
      LOG: false
      WEIGHT: 1
    ABN_SUPERVISION:
      COMPUTE: true
      LOG: false
      WEIGHT: 1.0
      CRITERION: L1
      GT: clip_vit
      MODE: suppress_outside
      COMBINE_ATT_MODE: average_nonzero
  APPROACH: abn
  MODEL: resnet50_abn
  PRETRAINED: true
  PROVIDED_ATT: NONE
  PROVIDED_ATT_SHAPE:
  - 14
  - 14
  ABN_ADD_AFTER_ATTENTION: true
  NUM_EPOCHS: 1
  OPTIMIZER: SGD
  WEIGHT_DECAY: 9.999999999999997e-06
  MOMENTUM: 0.9
  SCHEDULER: NONE
  BASE:
    LR: 0.0010000000000000002
  CLASSIFIER:
    LR: 9.999999999999991e-05
  AUX_LOSSES_ON_VAL: false
LOGGING:
  SAVE_EVERY: 0
  SAVE_BEST: true
  SAVE_LAST: false
  LOG_ATTENTION: false
  LOG_ATTENTION_STEP: 10
  SAVE_STATS_PATH: null
yaml: configs/waterbirds_100_abn_vit.yaml
name: abn_att_waterbird_1.0_forest2water2_21048936_trial_000
test_checkpoint: null

WATERBIRDS DIR: /home/ryreu/guided_cnn/waterbirds/waterbird_1.0_forest2water2
NUMBER OF SAMPLES WITH LABEL Landbird: 3684
NUMBER OF SAMPLES WITH LABEL Waterbird: 1111
NUMBER OF SAMPLES WITH GROUP Land_on_Land: 3684
NUMBER OF SAMPLES WITH GROUP Land_on_Water: 0
NUMBER OF SAMPLES WITH GROUP Water_on_Land: 0
NUMBER OF SAMPLES WITH GROUP Water_on_Water: 1111
WATERBIRDS DIR: /home/ryreu/guided_cnn/waterbirds/waterbird_1.0_forest2water2
NUMBER OF SAMPLES WITH LABEL Landbird: 931
NUMBER OF SAMPLES WITH LABEL Waterbird: 268
NUMBER OF SAMPLES WITH GROUP Land_on_Land: 465
NUMBER OF SAMPLES WITH GROUP Land_on_Water: 466
NUMBER OF SAMPLES WITH GROUP Water_on_Land: 134
NUMBER OF SAMPLES WITH GROUP Water_on_Water: 134
NUM TRAIN: 4795

NUM VAL:   1199

Number classifier outputs: 1
Using pretrained model: True
Removing att_conv.weight from pretained weights, with weight shape torch.Size([1000, 2048, 1, 1])
Removing bn_att2.weight from pretained weights, with weight shape torch.Size([1000])
Removing bn_att2.bias from pretained weights, with weight shape torch.Size([1000])
Removing bn_att2.running_mean from pretained weights, with weight shape torch.Size([1000])
Removing bn_att2.running_var from pretained weights, with weight shape torch.Size([1000])
Removing att_conv2.weight from pretained weights, with weight shape torch.Size([1000, 1000, 1, 1])
Removing att_conv3.weight from pretained weights, with weight shape torch.Size([1, 1000, 3, 3])
Removing fc.weight from pretained weights, with weight shape torch.Size([1000, 2048])
Removing fc.bias from pretained weights, with weight shape torch.Size([1000])
Keys missing in state dict:    ['att_conv.weight', 'bn_att2.weight', 'bn_att2.bias', 'bn_att2.running_mean', 'bn_att2.running_var', 'att_conv2.weight', 'att_conv3.weight', 'fc.weight', 'fc.bias']
Unexpected keys in state dict: []
USING SGD OPTIMIZER
class weights: None
group weights: None
WANDB DISABLED: skipping wandb.init()
EPOCH: 0

>>> TRAINING 


  0%|          | 0/50 [00:00<?, ?it/s]
  2%|▏         | 1/50 [00:03<02:53,  3.53s/it]
  4%|▍         | 2/50 [00:03<01:17,  1.62s/it]
  6%|▌         | 3/50 [00:04<00:46,  1.01it/s]
  8%|▊         | 4/50 [00:04<00:32,  1.43it/s]
 10%|█         | 5/50 [00:04<00:24,  1.85it/s]
 12%|█▏        | 6/50 [00:04<00:19,  2.28it/s]
 14%|█▍        | 7/50 [00:05<00:15,  2.70it/s]
 16%|█▌        | 8/50 [00:05<00:13,  3.01it/s]
 18%|█▊        | 9/50 [00:05<00:12,  3.29it/s]
 20%|██        | 10/50 [00:05<00:11,  3.53it/s]
 22%|██▏       | 11/50 [00:06<00:10,  3.72it/s]
 24%|██▍       | 12/50 [00:06<00:09,  3.83it/s]
 26%|██▌       | 13/50 [00:06<00:09,  3.94it/s]
 28%|██▊       | 14/50 [00:06<00:08,  4.05it/s]
 30%|███       | 15/50 [00:06<00:08,  4.12it/s]
 32%|███▏      | 16/50 [00:07<00:08,  4.15it/s]
 34%|███▍      | 17/50 [00:07<00:07,  4.18it/s]
 36%|███▌      | 18/50 [00:07<00:07,  4.11it/s]
 38%|███▊      | 19/50 [00:07<00:07,  4.04it/s]
 40%|████      | 20/50 [00:08<00:07,  4.09it/s]
 42%|████▏     | 21/50 [00:08<00:06,  4.15it/s]
 44%|████▍     | 22/50 [00:08<00:06,  4.19it/s]
 46%|████▌     | 23/50 [00:08<00:06,  4.20it/s]
 48%|████▊     | 24/50 [00:09<00:06,  4.21it/s]
 50%|█████     | 25/50 [00:09<00:05,  4.23it/s]
 52%|█████▏    | 26/50 [00:09<00:05,  4.18it/s]
 54%|█████▍    | 27/50 [00:09<00:05,  4.08it/s]
 56%|█████▌    | 28/50 [00:10<00:05,  4.06it/s]
 58%|█████▊    | 29/50 [00:10<00:05,  4.11it/s]
 60%|██████    | 30/50 [00:10<00:04,  4.05it/s]
 62%|██████▏   | 31/50 [00:10<00:04,  3.99it/s]
 64%|██████▍   | 32/50 [00:11<00:04,  3.99it/s]
 66%|██████▌   | 33/50 [00:11<00:04,  3.96it/s]
 68%|██████▊   | 34/50 [00:11<00:04,  3.96it/s]
 70%|███████   | 35/50 [00:11<00:03,  3.94it/s]
 72%|███████▏  | 36/50 [00:12<00:03,  3.99it/s]
 74%|███████▍  | 37/50 [00:12<00:03,  4.03it/s]
 76%|███████▌  | 38/50 [00:12<00:02,  4.11it/s]
 78%|███████▊  | 39/50 [00:12<00:02,  4.15it/s]
 80%|████████  | 40/50 [00:13<00:02,  4.16it/s]
 82%|████████▏ | 41/50 [00:13<00:02,  4.17it/s]
 84%|████████▍ | 42/50 [00:13<00:01,  4.12it/s]
 86%|████████▌ | 43/50 [00:13<00:01,  4.05it/s]
 88%|████████▊ | 44/50 [00:14<00:01,  4.03it/s]
 90%|█████████ | 45/50 [00:14<00:01,  4.02it/s]
 92%|█████████▏| 46/50 [00:14<00:00,  4.01it/s]
 94%|█████████▍| 47/50 [00:14<00:00,  4.02it/s]
 96%|█████████▌| 48/50 [00:15<00:00,  4.03it/s]
 98%|█████████▊| 49/50 [00:15<00:00,  4.04it/s]
100%|██████████| 50/50 [00:15<00:00,  4.09it/s]
100%|██████████| 50/50 [00:15<00:00,  3.21it/s]
>>> VALIDATING 


  0%|          | 0/13 [00:00<?, ?it/s]
  8%|▊         | 1/13 [00:01<00:12,  1.05s/it]
 23%|██▎       | 3/13 [00:01<00:03,  2.99it/s]
 38%|███▊      | 5/13 [00:01<00:02,  3.26it/s]
 54%|█████▍    | 7/13 [00:01<00:01,  4.72it/s]
 69%|██████▉   | 9/13 [00:02<00:00,  4.27it/s]
 85%|████████▍ | 11/13 [00:02<00:00,  5.53it/s]
100%|██████████| 13/13 [00:02<00:00,  6.65it/s]
100%|██████████| 13/13 [00:02<00:00,  4.48it/s]
>>> LOGGING 

BALANCED ACCS CHECKED FOR TRAIN
BALANCED ACCS CHECKED FOR VAL
train_acc: 0.7795620437956204
val_acc: 0.6171809841534612
train_abn_acc: 0
val_abn_acc: 0
train_cls_loss: 0.4472104811600028
val_cls_loss: 0.6623709531900185
train_total_loss: 1.4007895059704905
val_total_loss: 0.6623709531900185
test_abn_acc: 0
balanced_train_acc: 0.6163990584726224
balanced_val_acc: 0.5249691392660756
Land_on_Land_train_acc: 0.9204668838219326
Land_on_Land_val_acc: 0.9913978494623656
Land_on_Water_train_acc: 0
Land_on_Water_val_acc: 0.3927038626609442
Water_on_Land_train_acc: 0
Water_on_Land_val_acc: 0.022388059701492536
Water_on_Water_train_acc: 0.31233123312331235
Water_on_Water_val_acc: 0.6940298507462687
train_abn_cls_loss: 0.764101118787859
train_abn_att_clip_vit_loss: 0.18947790399644374
train_acc_Landbird: 0.9204668838219326
train_acc_Waterbird: 0.31233123312331235
val_acc_Landbird: 0.6917293233082706
val_acc_Waterbird: 0.3582089552238806
TRAIN ACC:        0.7795620437956204
VAL ACC:          0.6171809841534612
BALANCED VAL ACC: 0.5249691392660756
prev best list: []
Saving to trained_weights/waterbirds/abn_att_waterbird_1.0_forest2water2_21048936_trial_000/best_balanced_valacc_0.52_epoch_0.ckpt
>>> EVALUATING ON TEST SET
WATERBIRDS DIR: /home/ryreu/guided_cnn/waterbirds/waterbird_1.0_forest2water2
NUMBER OF SAMPLES WITH LABEL Landbird: 4510
NUMBER OF SAMPLES WITH LABEL Waterbird: 1284
NUMBER OF SAMPLES WITH GROUP Land_on_Land: 2255
NUMBER OF SAMPLES WITH GROUP Land_on_Water: 2255
NUMBER OF SAMPLES WITH GROUP Water_on_Land: 642
NUMBER OF SAMPLES WITH GROUP Water_on_Water: 642
NUM TEST:   5794

Loaded checkpoint trained_weights/waterbirds/abn_att_waterbird_1.0_forest2water2_21048936_trial_000/best_balanced_valacc_0.52_epoch_0.ckpt

  0%|          | 0/5794 [00:00<?, ?it/s]
  0%|          | 1/5794 [00:00<25:25,  3.80it/s]
  0%|          | 7/5794 [00:00<04:10, 23.10it/s]
  0%|          | 13/5794 [00:00<02:44, 35.08it/s]
  0%|          | 19/5794 [00:00<02:15, 42.60it/s]
  0%|          | 25/5794 [00:00<02:01, 47.38it/s]
  1%|          | 31/5794 [00:00<01:53, 50.67it/s]
  1%|          | 37/5794 [00:00<01:48, 52.89it/s]
  1%|          | 43/5794 [00:00<01:45, 54.28it/s]
  1%|          | 49/5794 [00:01<01:43, 55.42it/s]
  1%|          | 55/5794 [00:01<01:42, 56.03it/s]
  1%|          | 61/5794 [00:01<01:41, 56.61it/s]
  1%|          | 67/5794 [00:01<01:40, 57.06it/s]
  1%|▏         | 73/5794 [00:01<01:40, 57.06it/s]
  1%|▏         | 79/5794 [00:01<01:39, 57.25it/s]
  1%|▏         | 85/5794 [00:01<01:39, 57.45it/s]
  2%|▏         | 91/5794 [00:01<01:39, 57.04it/s]
  2%|▏         | 97/5794 [00:01<01:39, 57.31it/s]
  2%|▏         | 103/5794 [00:02<01:39, 57.31it/s]
  2%|▏         | 109/5794 [00:02<01:39, 57.25it/s]
  2%|▏         | 115/5794 [00:02<01:39, 57.23it/s]
  2%|▏         | 121/5794 [00:02<01:38, 57.35it/s]
  2%|▏         | 127/5794 [00:02<01:39, 57.11it/s]
  2%|▏         | 133/5794 [00:02<01:38, 57.31it/s]
  2%|▏         | 139/5794 [00:02<01:38, 57.31it/s]
  3%|▎         | 145/5794 [00:02<01:38, 57.30it/s]
  3%|▎         | 151/5794 [00:02<01:38, 57.32it/s]
  3%|▎         | 157/5794 [00:02<01:38, 57.29it/s]
  3%|▎         | 163/5794 [00:03<01:38, 57.38it/s]
  3%|▎         | 169/5794 [00:03<01:37, 57.51it/s]
  3%|▎         | 175/5794 [00:03<01:37, 57.34it/s]
  3%|▎         | 181/5794 [00:03<01:37, 57.46it/s]
  3%|▎         | 187/5794 [00:03<01:38, 56.98it/s]
  3%|▎         | 193/5794 [00:03<01:38, 57.10it/s]
  3%|▎         | 199/5794 [00:03<01:37, 57.34it/s]
  4%|▎         | 205/5794 [00:03<01:37, 57.46it/s]
  4%|▎         | 211/5794 [00:03<01:37, 57.09it/s]
  4%|▎         | 217/5794 [00:04<01:37, 57.12it/s]
  4%|▍         | 223/5794 [00:04<01:37, 57.12it/s]
  4%|▍         | 229/5794 [00:04<01:37, 57.06it/s]
  4%|▍         | 235/5794 [00:04<01:37, 57.12it/s]
  4%|▍         | 241/5794 [00:04<01:37, 57.17it/s]
  4%|▍         | 247/5794 [00:04<01:37, 57.04it/s]
  4%|▍         | 253/5794 [00:04<01:36, 57.21it/s]
  4%|▍         | 259/5794 [00:04<01:36, 57.10it/s]
  5%|▍         | 265/5794 [00:04<01:36, 57.23it/s]
  5%|▍         | 271/5794 [00:04<01:36, 56.95it/s]
  5%|▍         | 277/5794 [00:05<01:36, 56.88it/s]
  5%|▍         | 283/5794 [00:05<01:36, 57.01it/s]
  5%|▍         | 289/5794 [00:05<01:36, 57.17it/s]
  5%|▌         | 295/5794 [00:05<01:37, 56.45it/s]
  5%|▌         | 301/5794 [00:05<01:36, 56.73it/s]
  5%|▌         | 307/5794 [00:05<01:36, 56.94it/s]
  5%|▌         | 313/5794 [00:05<01:36, 57.01it/s]
  6%|▌         | 319/5794 [00:05<01:36, 56.86it/s]
  6%|▌         | 325/5794 [00:05<01:35, 57.06it/s]
  6%|▌         | 331/5794 [00:06<01:35, 57.11it/s]
  6%|▌         | 337/5794 [00:06<01:35, 57.23it/s]
  6%|▌         | 343/5794 [00:06<01:35, 57.09it/s]
  6%|▌         | 349/5794 [00:06<01:35, 57.06it/s]
  6%|▌         | 355/5794 [00:06<01:35, 57.17it/s]
  6%|▌         | 361/5794 [00:06<01:35, 57.10it/s]
  6%|▋         | 367/5794 [00:06<01:35, 57.09it/s]
  6%|▋         | 373/5794 [00:06<01:34, 57.24it/s]
  7%|▋         | 379/5794 [00:06<01:34, 57.17it/s]
  7%|▋         | 385/5794 [00:06<01:34, 57.28it/s]
  7%|▋         | 391/5794 [00:07<01:34, 57.16it/s]
  7%|▋         | 397/5794 [00:07<01:34, 57.15it/s]
  7%|▋         | 403/5794 [00:07<01:34, 57.26it/s]
  7%|▋         | 409/5794 [00:07<01:33, 57.32it/s]
  7%|▋         | 415/5794 [00:07<01:34, 56.87it/s]
  7%|▋         | 421/5794 [00:07<01:34, 56.81it/s]
  7%|▋         | 427/5794 [00:07<01:34, 56.96it/s]
  7%|▋         | 433/5794 [00:07<01:34, 56.87it/s]
  8%|▊         | 439/5794 [00:07<01:33, 57.04it/s]
  8%|▊         | 445/5794 [00:08<01:33, 57.27it/s]
  8%|▊         | 451/5794 [00:08<01:33, 57.38it/s]
  8%|▊         | 457/5794 [00:08<01:32, 57.50it/s]
  8%|▊         | 463/5794 [00:08<01:32, 57.37it/s]
  8%|▊         | 469/5794 [00:08<01:32, 57.51it/s]
  8%|▊         | 475/5794 [00:08<01:32, 57.66it/s]
  8%|▊         | 481/5794 [00:08<01:32, 57.50it/s]
  8%|▊         | 487/5794 [00:08<01:32, 57.60it/s]
  9%|▊         | 493/5794 [00:08<01:31, 57.63it/s]
  9%|▊         | 499/5794 [00:08<01:32, 57.43it/s]
  9%|▊         | 505/5794 [00:09<01:32, 57.42it/s]
  9%|▉         | 511/5794 [00:09<01:31, 57.43it/s]
  9%|▉         | 517/5794 [00:09<01:31, 57.40it/s]
  9%|▉         | 523/5794 [00:09<01:31, 57.60it/s]
  9%|▉         | 529/5794 [00:09<01:31, 57.61it/s]
  9%|▉         | 535/5794 [00:09<01:31, 57.57it/s]
  9%|▉         | 541/5794 [00:09<01:31, 57.69it/s]
  9%|▉         | 547/5794 [00:09<01:30, 57.77it/s]
 10%|▉         | 553/5794 [00:09<01:30, 57.70it/s]
 10%|▉         | 559/5794 [00:09<01:30, 57.77it/s]
 10%|▉         | 565/5794 [00:10<01:30, 57.66it/s]
 10%|▉         | 571/5794 [00:10<01:30, 57.83it/s]
 10%|▉         | 577/5794 [00:10<01:30, 57.87it/s]
 10%|█         | 583/5794 [00:10<01:30, 57.74it/s]
 10%|█         | 589/5794 [00:10<01:30, 57.83it/s]
 10%|█         | 595/5794 [00:10<01:29, 57.92it/s]
 10%|█         | 601/5794 [00:10<01:29, 57.82it/s]
 10%|█         | 607/5794 [00:10<01:29, 57.90it/s]
 11%|█         | 613/5794 [00:10<01:29, 57.92it/s]
 11%|█         | 619/5794 [00:11<01:29, 57.90it/s]
 11%|█         | 625/5794 [00:11<01:29, 57.87it/s]
 11%|█         | 631/5794 [00:11<01:29, 57.94it/s]
 11%|█         | 637/5794 [00:11<01:29, 57.77it/s]
 11%|█         | 643/5794 [00:11<01:28, 57.89it/s]
 11%|█         | 649/5794 [00:11<01:28, 57.83it/s]
 11%|█▏        | 655/5794 [00:11<01:28, 57.77it/s]
 11%|█▏        | 661/5794 [00:11<01:28, 57.84it/s]
 12%|█▏        | 667/5794 [00:11<01:28, 57.69it/s]
 12%|█▏        | 673/5794 [00:11<01:28, 57.67it/s]
 12%|█▏        | 679/5794 [00:12<01:28, 57.83it/s]
 12%|█▏        | 685/5794 [00:12<01:28, 57.70it/s]
 12%|█▏        | 691/5794 [00:12<01:28, 57.76it/s]
 12%|█▏        | 697/5794 [00:12<01:28, 57.65it/s]
 12%|█▏        | 703/5794 [00:12<01:28, 57.57it/s]
 12%|█▏        | 709/5794 [00:12<01:28, 57.72it/s]
 12%|█▏        | 715/5794 [00:12<01:27, 57.81it/s]
 12%|█▏        | 721/5794 [00:12<01:27, 57.71it/s]
 13%|█▎        | 727/5794 [00:12<01:27, 57.76it/s]
 13%|█▎        | 733/5794 [00:13<01:27, 57.89it/s]
 13%|█▎        | 739/5794 [00:13<01:27, 57.79it/s]
 13%|█▎        | 745/5794 [00:13<01:27, 57.91it/s]
 13%|█▎        | 751/5794 [00:13<01:27, 57.93it/s]
 13%|█▎        | 757/5794 [00:13<01:27, 57.81it/s]
 13%|█▎        | 763/5794 [00:13<01:26, 57.97it/s]
 13%|█▎        | 769/5794 [00:13<01:26, 57.83it/s]
 13%|█▎        | 775/5794 [00:13<01:26, 57.93it/s]
 13%|█▎        | 781/5794 [00:13<01:26, 57.92it/s]
 14%|█▎        | 787/5794 [00:13<01:26, 57.63it/s]
 14%|█▎        | 793/5794 [00:14<01:26, 57.60it/s]
 14%|█▍        | 799/5794 [00:14<01:26, 57.54it/s]
 14%|█▍        | 805/5794 [00:14<01:26, 57.47it/s]
 14%|█▍        | 811/5794 [00:14<01:26, 57.65it/s]
 14%|█▍        | 817/5794 [00:14<01:26, 57.76it/s]
 14%|█▍        | 823/5794 [00:14<01:26, 57.69it/s]
 14%|█▍        | 829/5794 [00:14<01:25, 57.78it/s]
 14%|█▍        | 835/5794 [00:14<01:25, 57.80it/s]
 15%|█▍        | 841/5794 [00:14<01:25, 57.75it/s]
 15%|█▍        | 847/5794 [00:14<01:25, 57.82it/s]
 15%|█▍        | 853/5794 [00:15<01:25, 57.89it/s]
 15%|█▍        | 859/5794 [00:15<01:25, 57.76it/s]
 15%|█▍        | 865/5794 [00:15<01:25, 57.84it/s]
 15%|█▌        | 871/5794 [00:15<01:25, 57.71it/s]
 15%|█▌        | 877/5794 [00:15<01:25, 57.83it/s]
 15%|█▌        | 883/5794 [00:15<01:24, 57.85it/s]
 15%|█▌        | 889/5794 [00:15<01:25, 57.67it/s]
 15%|█▌        | 895/5794 [00:15<01:24, 57.72it/s]
 16%|█▌        | 901/5794 [00:15<01:24, 57.73it/s]
 16%|█▌        | 907/5794 [00:16<01:24, 57.70it/s]
 16%|█▌        | 913/5794 [00:16<01:24, 57.80it/s]
 16%|█▌        | 919/5794 [00:16<01:24, 57.83it/s]
 16%|█▌        | 925/5794 [00:16<01:24, 57.69it/s]
 16%|█▌        | 931/5794 [00:16<01:24, 57.69it/s]
 16%|█▌        | 937/5794 [00:16<01:24, 57.73it/s]
 16%|█▋        | 943/5794 [00:16<01:24, 57.70it/s]
 16%|█▋        | 949/5794 [00:16<01:23, 57.73it/s]
 16%|█▋        | 955/5794 [00:16<01:23, 57.75it/s]
 17%|█▋        | 961/5794 [00:16<01:23, 57.66it/s]
 17%|█▋        | 967/5794 [00:17<01:23, 57.79it/s]
 17%|█▋        | 973/5794 [00:17<01:23, 57.63it/s]
 17%|█▋        | 979/5794 [00:17<01:23, 57.70it/s]
 17%|█▋        | 985/5794 [00:17<01:23, 57.81it/s]
 17%|█▋        | 991/5794 [00:17<01:23, 57.36it/s]
 17%|█▋        | 997/5794 [00:17<01:23, 57.18it/s]
 17%|█▋        | 1003/5794 [00:17<01:23, 57.34it/s]
 17%|█▋        | 1009/5794 [00:17<01:23, 57.30it/s]
 18%|█▊        | 1015/5794 [00:17<01:23, 57.52it/s]
 18%|█▊        | 1021/5794 [00:17<01:22, 57.55it/s]
 18%|█▊        | 1027/5794 [00:18<01:22, 57.50it/s]
 18%|█▊        | 1033/5794 [00:18<01:22, 57.63it/s]
 18%|█▊        | 1039/5794 [00:18<01:22, 57.70it/s]
 18%|█▊        | 1045/5794 [00:18<01:22, 57.65it/s]
 18%|█▊        | 1051/5794 [00:18<01:22, 57.72it/s]
 18%|█▊        | 1057/5794 [00:18<01:22, 57.74it/s]
 18%|█▊        | 1063/5794 [00:18<01:22, 57.63it/s]
 18%|█▊        | 1069/5794 [00:18<01:21, 57.69it/s]
 19%|█▊        | 1075/5794 [00:18<01:22, 57.51it/s]
 19%|█▊        | 1081/5794 [00:19<01:21, 57.48it/s]
 19%|█▉        | 1087/5794 [00:19<01:21, 57.52it/s]
 19%|█▉        | 1093/5794 [00:19<01:21, 57.41it/s]
 19%|█▉        | 1099/5794 [00:19<01:21, 57.56it/s]
 19%|█▉        | 1105/5794 [00:19<01:21, 57.60it/s]
 19%|█▉        | 1111/5794 [00:19<01:21, 57.53it/s]
 19%|█▉        | 1117/5794 [00:19<01:21, 57.58it/s]
 19%|█▉        | 1123/5794 [00:19<01:21, 57.58it/s]
 19%|█▉        | 1129/5794 [00:19<01:21, 57.46it/s]
 20%|█▉        | 1135/5794 [00:19<01:20, 57.54it/s]
 20%|█▉        | 1141/5794 [00:20<01:20, 57.52it/s]
 20%|█▉        | 1147/5794 [00:20<01:20, 57.51it/s]
 20%|█▉        | 1153/5794 [00:20<01:20, 57.58it/s]
 20%|██        | 1159/5794 [00:20<01:20, 57.59it/s]
 20%|██        | 1165/5794 [00:20<01:20, 57.60it/s]
 20%|██        | 1171/5794 [00:20<01:20, 57.66it/s]
 20%|██        | 1177/5794 [00:20<01:20, 57.49it/s]
 20%|██        | 1183/5794 [00:20<01:20, 57.60it/s]
 21%|██        | 1189/5794 [00:20<01:19, 57.71it/s]
 21%|██        | 1195/5794 [00:21<01:19, 57.53it/s]
 21%|██        | 1201/5794 [00:21<01:19, 57.65it/s]
 21%|██        | 1207/5794 [00:21<01:19, 57.74it/s]
 21%|██        | 1213/5794 [00:21<01:19, 57.53it/s]
 21%|██        | 1219/5794 [00:21<01:19, 57.66it/s]
 21%|██        | 1225/5794 [00:21<01:19, 57.70it/s]
 21%|██        | 1231/5794 [00:21<01:19, 57.62it/s]
 21%|██▏       | 1237/5794 [00:21<01:19, 57.67it/s]
 21%|██▏       | 1243/5794 [00:21<01:18, 57.74it/s]
 22%|██▏       | 1249/5794 [00:21<01:18, 57.62it/s]
 22%|██▏       | 1255/5794 [00:22<01:18, 57.73it/s]
 22%|██▏       | 1261/5794 [00:22<01:18, 57.72it/s]
 22%|██▏       | 1267/5794 [00:22<01:18, 57.59it/s]
 22%|██▏       | 1273/5794 [00:22<01:18, 57.65it/s]
 22%|██▏       | 1279/5794 [00:22<01:18, 57.51it/s]
 22%|██▏       | 1285/5794 [00:22<01:18, 57.62it/s]
 22%|██▏       | 1291/5794 [00:22<01:18, 57.67it/s]
 22%|██▏       | 1297/5794 [00:22<01:18, 57.59it/s]
 22%|██▏       | 1303/5794 [00:22<01:17, 57.69it/s]
 23%|██▎       | 1309/5794 [00:22<01:17, 57.69it/s]
 23%|██▎       | 1315/5794 [00:23<01:17, 57.64it/s]
 23%|██▎       | 1321/5794 [00:23<01:17, 57.69it/s]
 23%|██▎       | 1327/5794 [00:23<01:17, 57.58it/s]
 23%|██▎       | 1333/5794 [00:23<01:18, 57.13it/s]
 23%|██▎       | 1339/5794 [00:23<01:18, 57.05it/s]
 23%|██▎       | 1345/5794 [00:23<01:18, 56.84it/s]
 23%|██▎       | 1351/5794 [00:23<01:18, 56.72it/s]
 23%|██▎       | 1357/5794 [00:23<01:18, 56.63it/s]
 24%|██▎       | 1363/5794 [00:23<01:18, 56.58it/s]
 24%|██▎       | 1369/5794 [00:24<01:18, 56.36it/s]
 24%|██▎       | 1375/5794 [00:24<01:18, 56.31it/s]
 24%|██▍       | 1381/5794 [00:24<01:18, 56.26it/s]
 24%|██▍       | 1387/5794 [00:24<01:18, 56.40it/s]
 24%|██▍       | 1393/5794 [00:24<01:17, 56.42it/s]
 24%|██▍       | 1399/5794 [00:24<01:17, 56.39it/s]
 24%|██▍       | 1405/5794 [00:24<01:17, 56.46it/s]
 24%|██▍       | 1411/5794 [00:24<01:17, 56.57it/s]
 24%|██▍       | 1417/5794 [00:24<01:17, 56.46it/s]
 25%|██▍       | 1423/5794 [00:25<01:17, 56.59it/s]
 25%|██▍       | 1429/5794 [00:25<01:17, 56.62it/s]
 25%|██▍       | 1435/5794 [00:25<01:17, 56.56it/s]
 25%|██▍       | 1441/5794 [00:25<01:16, 56.59it/s]
 25%|██▍       | 1447/5794 [00:25<01:16, 56.62it/s]
 25%|██▌       | 1453/5794 [00:25<01:16, 56.48it/s]
 25%|██▌       | 1459/5794 [00:25<01:16, 56.53it/s]
 25%|██▌       | 1465/5794 [00:25<01:16, 56.45it/s]
 25%|██▌       | 1471/5794 [00:25<01:16, 56.46it/s]
 25%|██▌       | 1477/5794 [00:25<01:16, 56.49it/s]
 26%|██▌       | 1483/5794 [00:26<01:16, 56.46it/s]
 26%|██▌       | 1489/5794 [00:26<01:16, 56.50it/s]
 26%|██▌       | 1495/5794 [00:26<01:15, 56.61it/s]
 26%|██▌       | 1501/5794 [00:26<01:16, 56.36it/s]
 26%|██▌       | 1507/5794 [00:26<01:15, 56.48it/s]
 26%|██▌       | 1513/5794 [00:26<01:15, 56.47it/s]
 26%|██▌       | 1519/5794 [00:26<01:15, 56.41it/s]
 26%|██▋       | 1525/5794 [00:26<01:15, 56.45it/s]
 26%|██▋       | 1531/5794 [00:26<01:15, 56.61it/s]
 27%|██▋       | 1537/5794 [00:27<01:15, 56.47it/s]
 27%|██▋       | 1543/5794 [00:27<01:15, 56.53it/s]
 27%|██▋       | 1549/5794 [00:27<01:15, 56.49it/s]
 27%|██▋       | 1555/5794 [00:27<01:15, 56.43it/s]
 27%|██▋       | 1561/5794 [00:27<01:14, 56.45it/s]
 27%|██▋       | 1567/5794 [00:27<01:14, 56.45it/s]
 27%|██▋       | 1573/5794 [00:27<01:14, 56.42it/s]
 27%|██▋       | 1579/5794 [00:27<01:14, 56.56it/s]
 27%|██▋       | 1585/5794 [00:27<01:14, 56.43it/s]
 27%|██▋       | 1591/5794 [00:27<01:14, 56.50it/s]
 28%|██▊       | 1597/5794 [00:28<01:14, 56.14it/s]
 28%|██▊       | 1603/5794 [00:28<01:14, 56.20it/s]
 28%|██▊       | 1609/5794 [00:28<01:14, 56.37it/s]
 28%|██▊       | 1615/5794 [00:28<01:13, 56.51it/s]
 28%|██▊       | 1621/5794 [00:28<01:14, 56.34it/s]
 28%|██▊       | 1627/5794 [00:28<01:13, 56.51it/s]
 28%|██▊       | 1633/5794 [00:28<01:13, 56.55it/s]
 28%|██▊       | 1639/5794 [00:28<01:13, 56.36it/s]
 28%|██▊       | 1645/5794 [00:28<01:13, 56.41it/s]
 28%|██▊       | 1651/5794 [00:29<01:13, 56.34it/s]
 29%|██▊       | 1657/5794 [00:29<01:13, 56.17it/s]
 29%|██▊       | 1663/5794 [00:29<01:13, 56.36it/s]
 29%|██▉       | 1669/5794 [00:29<01:13, 56.44it/s]
 29%|██▉       | 1675/5794 [00:29<01:12, 56.43it/s]
 29%|██▉       | 1681/5794 [00:29<01:12, 56.53it/s]
 29%|██▉       | 1687/5794 [00:29<01:12, 56.42it/s]
 29%|██▉       | 1693/5794 [00:29<01:12, 56.49it/s]
 29%|██▉       | 1699/5794 [00:29<01:12, 56.60it/s]
 29%|██▉       | 1705/5794 [00:30<01:12, 56.39it/s]
 30%|██▉       | 1711/5794 [00:30<01:12, 56.50it/s]
 30%|██▉       | 1717/5794 [00:30<01:12, 56.52it/s]
 30%|██▉       | 1723/5794 [00:30<01:12, 56.44it/s]
 30%|██▉       | 1729/5794 [00:30<01:11, 56.56it/s]
 30%|██▉       | 1735/5794 [00:30<01:11, 56.68it/s]
 30%|███       | 1741/5794 [00:30<01:11, 56.52it/s]
 30%|███       | 1747/5794 [00:30<01:11, 56.63it/s]
 30%|███       | 1753/5794 [00:30<01:11, 56.57it/s]
 30%|███       | 1759/5794 [00:30<01:11, 56.45it/s]
 30%|███       | 1765/5794 [00:31<01:11, 56.49it/s]
 31%|███       | 1771/5794 [00:31<01:11, 56.54it/s]
 31%|███       | 1777/5794 [00:31<01:11, 56.42it/s]
 31%|███       | 1783/5794 [00:31<01:10, 56.57it/s]
 31%|███       | 1789/5794 [00:31<01:11, 56.38it/s]
 31%|███       | 1795/5794 [00:31<01:10, 56.53it/s]
 31%|███       | 1801/5794 [00:31<01:10, 56.55it/s]
 31%|███       | 1807/5794 [00:31<01:10, 56.48it/s]
 31%|███▏      | 1813/5794 [00:31<01:10, 56.53it/s]
 31%|███▏      | 1819/5794 [00:32<01:10, 56.61it/s]
 31%|███▏      | 1825/5794 [00:32<01:10, 56.46it/s]
 32%|███▏      | 1831/5794 [00:32<01:10, 56.58it/s]
 32%|███▏      | 1837/5794 [00:32<01:09, 56.59it/s]
 32%|███▏      | 1843/5794 [00:32<01:09, 56.53it/s]
 32%|███▏      | 1849/5794 [00:32<01:09, 56.60it/s]
 32%|███▏      | 1855/5794 [00:32<01:09, 57.06it/s]
 32%|███▏      | 1861/5794 [00:32<01:08, 57.21it/s]
 32%|███▏      | 1867/5794 [00:32<01:08, 57.58it/s]
 32%|███▏      | 1873/5794 [00:32<01:07, 57.79it/s]
 32%|███▏      | 1879/5794 [00:33<01:07, 57.93it/s]
 33%|███▎      | 1885/5794 [00:33<01:07, 58.12it/s]
 33%|███▎      | 1891/5794 [00:33<01:07, 58.05it/s]
 33%|███▎      | 1897/5794 [00:33<01:06, 58.20it/s]
 33%|███▎      | 1903/5794 [00:33<01:06, 58.40it/s]
 33%|███▎      | 1909/5794 [00:33<01:06, 58.26it/s]
 33%|███▎      | 1915/5794 [00:33<01:06, 58.35it/s]
 33%|███▎      | 1921/5794 [00:33<01:06, 58.36it/s]
 33%|███▎      | 1927/5794 [00:33<01:06, 57.97it/s]
 33%|███▎      | 1933/5794 [00:33<01:06, 57.81it/s]
 33%|███▎      | 1939/5794 [00:34<01:06, 57.82it/s]
 34%|███▎      | 1945/5794 [00:34<01:06, 57.60it/s]
 34%|███▎      | 1951/5794 [00:34<01:06, 57.60it/s]
 34%|███▍      | 1957/5794 [00:34<01:06, 57.54it/s]
 34%|███▍      | 1963/5794 [00:34<01:06, 57.43it/s]
 34%|███▍      | 1969/5794 [00:34<01:06, 57.42it/s]
 34%|███▍      | 1975/5794 [00:34<01:06, 57.51it/s]
 34%|███▍      | 1981/5794 [00:34<01:06, 57.49it/s]
 34%|███▍      | 1987/5794 [00:34<01:06, 57.61it/s]
 34%|███▍      | 1993/5794 [00:35<01:06, 57.51it/s]
 35%|███▍      | 1999/5794 [00:35<01:05, 57.61it/s]
 35%|███▍      | 2005/5794 [00:35<01:05, 57.55it/s]
 35%|███▍      | 2011/5794 [00:35<01:06, 57.15it/s]
 35%|███▍      | 2017/5794 [00:35<01:05, 57.33it/s]
 35%|███▍      | 2023/5794 [00:35<01:05, 57.50it/s]
 35%|███▌      | 2029/5794 [00:35<01:05, 57.42it/s]
 35%|███▌      | 2035/5794 [00:35<01:05, 57.53it/s]
 35%|███▌      | 2041/5794 [00:35<01:05, 57.57it/s]
 35%|███▌      | 2047/5794 [00:35<01:05, 57.45it/s]
 35%|███▌      | 2053/5794 [00:36<01:05, 57.55it/s]
 36%|███▌      | 2059/5794 [00:36<01:04, 57.60it/s]
 36%|███▌      | 2065/5794 [00:36<01:05, 57.26it/s]
 36%|███▌      | 2071/5794 [00:36<01:05, 57.04it/s]
 36%|███▌      | 2077/5794 [00:36<01:05, 56.78it/s]
 36%|███▌      | 2083/5794 [00:36<01:05, 56.55it/s]
 36%|███▌      | 2089/5794 [00:36<01:05, 56.16it/s]
 36%|███▌      | 2095/5794 [00:36<01:05, 56.10it/s]
 36%|███▋      | 2101/5794 [00:36<01:05, 56.18it/s]
 36%|███▋      | 2107/5794 [00:37<01:05, 56.28it/s]
 36%|███▋      | 2113/5794 [00:37<01:05, 56.14it/s]
 37%|███▋      | 2119/5794 [00:37<01:05, 56.16it/s]
 37%|███▋      | 2125/5794 [00:37<01:05, 56.20it/s]
 37%|███▋      | 2131/5794 [00:37<01:05, 55.84it/s]
 37%|███▋      | 2137/5794 [00:37<01:05, 55.97it/s]
 37%|███▋      | 2143/5794 [00:37<01:05, 56.12it/s]
 37%|███▋      | 2149/5794 [00:37<01:05, 56.03it/s]
 37%|███▋      | 2155/5794 [00:37<01:05, 55.67it/s]
 37%|███▋      | 2161/5794 [00:38<01:05, 55.83it/s]
 37%|███▋      | 2167/5794 [00:38<01:04, 56.05it/s]
 38%|███▊      | 2173/5794 [00:38<01:04, 56.20it/s]
 38%|███▊      | 2179/5794 [00:38<01:04, 56.23it/s]
 38%|███▊      | 2185/5794 [00:38<01:04, 56.23it/s]
 38%|███▊      | 2191/5794 [00:38<01:03, 56.45it/s]
 38%|███▊      | 2197/5794 [00:38<01:03, 56.39it/s]
 38%|███▊      | 2203/5794 [00:38<01:03, 56.52it/s]
 38%|███▊      | 2209/5794 [00:38<01:03, 56.53it/s]
 38%|███▊      | 2215/5794 [00:38<01:03, 56.31it/s]
 38%|███▊      | 2221/5794 [00:39<01:03, 56.26it/s]
 38%|███▊      | 2227/5794 [00:39<01:03, 56.13it/s]
 39%|███▊      | 2233/5794 [00:39<01:03, 56.10it/s]
 39%|███▊      | 2239/5794 [00:39<01:03, 56.37it/s]
 39%|███▊      | 2245/5794 [00:39<01:02, 56.41it/s]
 39%|███▉      | 2251/5794 [00:39<01:02, 56.44it/s]
 39%|███▉      | 2257/5794 [00:39<01:02, 56.79it/s]
 39%|███▉      | 2263/5794 [00:39<01:01, 57.18it/s]
 39%|███▉      | 2269/5794 [00:39<01:01, 57.35it/s]
 39%|███▉      | 2275/5794 [00:40<01:01, 57.46it/s]
 39%|███▉      | 2281/5794 [00:40<01:00, 57.62it/s]
 39%|███▉      | 2287/5794 [00:40<01:00, 57.63it/s]
 40%|███▉      | 2293/5794 [00:40<01:00, 57.76it/s]
 40%|███▉      | 2299/5794 [00:40<01:00, 57.67it/s]
 40%|███▉      | 2305/5794 [00:40<01:00, 57.77it/s]
 40%|███▉      | 2311/5794 [00:40<01:00, 57.90it/s]
 40%|███▉      | 2317/5794 [00:40<01:00, 57.57it/s]
 40%|████      | 2323/5794 [00:40<01:00, 57.73it/s]
 40%|████      | 2329/5794 [00:40<00:59, 57.83it/s]
 40%|████      | 2335/5794 [00:41<00:59, 57.76it/s]
 40%|████      | 2341/5794 [00:41<00:59, 57.92it/s]
 41%|████      | 2347/5794 [00:41<00:59, 57.95it/s]
 41%|████      | 2353/5794 [00:41<00:59, 57.84it/s]
 41%|████      | 2359/5794 [00:41<00:59, 57.99it/s]
 41%|████      | 2365/5794 [00:41<00:59, 58.02it/s]
 41%|████      | 2371/5794 [00:41<00:59, 57.91it/s]
 41%|████      | 2377/5794 [00:41<00:58, 57.99it/s]
 41%|████      | 2383/5794 [00:41<00:58, 58.02it/s]
 41%|████      | 2389/5794 [00:41<00:58, 57.86it/s]
 41%|████▏     | 2395/5794 [00:42<00:58, 57.94it/s]
 41%|████▏     | 2401/5794 [00:42<00:58, 57.84it/s]
 42%|████▏     | 2407/5794 [00:42<00:58, 57.95it/s]
 42%|████▏     | 2413/5794 [00:42<00:58, 57.95it/s]
 42%|████▏     | 2419/5794 [00:42<00:58, 57.82it/s]
 42%|████▏     | 2425/5794 [00:42<00:58, 57.86it/s]
 42%|████▏     | 2431/5794 [00:42<00:58, 57.89it/s]
 42%|████▏     | 2437/5794 [00:42<00:58, 57.79it/s]
 42%|████▏     | 2443/5794 [00:42<00:57, 57.86it/s]
 42%|████▏     | 2449/5794 [00:43<00:57, 57.83it/s]
 42%|████▏     | 2455/5794 [00:43<00:57, 57.66it/s]
 42%|████▏     | 2461/5794 [00:43<00:58, 57.12it/s]
 43%|████▎     | 2467/5794 [00:43<00:58, 57.31it/s]
 43%|████▎     | 2473/5794 [00:43<00:57, 57.38it/s]
 43%|████▎     | 2479/5794 [00:43<00:57, 57.47it/s]
 43%|████▎     | 2485/5794 [00:43<00:57, 57.20it/s]
 43%|████▎     | 2491/5794 [00:43<00:57, 56.96it/s]
 43%|████▎     | 2497/5794 [00:43<00:57, 56.87it/s]
 43%|████▎     | 2503/5794 [00:43<00:58, 56.63it/s]
 43%|████▎     | 2509/5794 [00:44<00:58, 56.50it/s]
 43%|████▎     | 2515/5794 [00:44<00:57, 56.57it/s]
 44%|████▎     | 2521/5794 [00:44<00:57, 56.52it/s]
 44%|████▎     | 2527/5794 [00:44<00:57, 56.72it/s]
 44%|████▎     | 2533/5794 [00:44<00:57, 56.70it/s]
 44%|████▍     | 2539/5794 [00:44<00:57, 56.59it/s]
 44%|████▍     | 2545/5794 [00:44<00:57, 56.64it/s]
 44%|████▍     | 2551/5794 [00:44<00:57, 56.56it/s]
 44%|████▍     | 2557/5794 [00:44<00:57, 56.37it/s]
 44%|████▍     | 2563/5794 [00:45<00:57, 56.53it/s]
 44%|████▍     | 2569/5794 [00:45<00:57, 56.50it/s]
 44%|████▍     | 2575/5794 [00:45<00:57, 56.42it/s]
 45%|████▍     | 2581/5794 [00:45<00:56, 56.41it/s]
 45%|████▍     | 2587/5794 [00:45<00:56, 56.44it/s]
 45%|████▍     | 2593/5794 [00:45<00:56, 56.35it/s]
 45%|████▍     | 2599/5794 [00:45<00:56, 56.42it/s]
 45%|████▍     | 2605/5794 [00:45<00:56, 56.30it/s]
 45%|████▌     | 2611/5794 [00:45<00:56, 56.42it/s]
 45%|████▌     | 2617/5794 [00:45<00:56, 56.50it/s]
 45%|████▌     | 2623/5794 [00:46<00:56, 56.39it/s]
 45%|████▌     | 2629/5794 [00:46<00:56, 56.43it/s]
 45%|████▌     | 2635/5794 [00:46<00:55, 56.52it/s]
 46%|████▌     | 2641/5794 [00:46<00:55, 56.35it/s]
 46%|████▌     | 2647/5794 [00:46<00:55, 56.45it/s]
 46%|████▌     | 2653/5794 [00:46<00:55, 56.45it/s]
 46%|████▌     | 2659/5794 [00:46<00:55, 56.46it/s]
 46%|████▌     | 2665/5794 [00:46<00:55, 56.52it/s]
 46%|████▌     | 2671/5794 [00:46<00:55, 56.54it/s]
 46%|████▌     | 2677/5794 [00:47<00:55, 56.45it/s]
 46%|████▋     | 2683/5794 [00:47<00:55, 55.91it/s]
 46%|████▋     | 2689/5794 [00:47<00:55, 56.05it/s]
 47%|████▋     | 2695/5794 [00:47<00:55, 56.18it/s]
 47%|████▋     | 2701/5794 [00:47<00:55, 56.13it/s]
 47%|████▋     | 2707/5794 [00:47<00:55, 55.87it/s]
 47%|████▋     | 2713/5794 [00:47<00:54, 56.11it/s]
 47%|████▋     | 2719/5794 [00:47<00:54, 56.35it/s]
 47%|████▋     | 2725/5794 [00:47<00:54, 56.29it/s]
 47%|████▋     | 2731/5794 [00:48<00:54, 56.47it/s]
 47%|████▋     | 2737/5794 [00:48<00:54, 56.45it/s]
 47%|████▋     | 2743/5794 [00:48<00:54, 56.38it/s]
 47%|████▋     | 2749/5794 [00:48<00:53, 56.43it/s]
 48%|████▊     | 2755/5794 [00:48<00:53, 56.49it/s]
 48%|████▊     | 2761/5794 [00:48<00:53, 56.34it/s]
 48%|████▊     | 2767/5794 [00:48<00:53, 56.47it/s]
 48%|████▊     | 2773/5794 [00:48<00:53, 56.47it/s]
 48%|████▊     | 2779/5794 [00:48<00:53, 56.37it/s]
 48%|████▊     | 2785/5794 [00:48<00:53, 56.23it/s]
 48%|████▊     | 2791/5794 [00:49<00:53, 56.20it/s]
 48%|████▊     | 2797/5794 [00:49<00:53, 56.14it/s]
 48%|████▊     | 2803/5794 [00:49<00:53, 56.32it/s]
 48%|████▊     | 2809/5794 [00:49<00:53, 56.26it/s]
 49%|████▊     | 2815/5794 [00:49<00:52, 56.46it/s]
 49%|████▊     | 2821/5794 [00:49<00:52, 56.50it/s]
 49%|████▉     | 2827/5794 [00:49<00:52, 56.48it/s]
 49%|████▉     | 2833/5794 [00:49<00:52, 56.26it/s]
 49%|████▉     | 2839/5794 [00:49<00:52, 56.40it/s]
 49%|████▉     | 2845/5794 [00:50<00:52, 56.35it/s]
 49%|████▉     | 2851/5794 [00:50<00:52, 56.44it/s]
 49%|████▉     | 2857/5794 [00:50<00:52, 56.44it/s]
 49%|████▉     | 2863/5794 [00:50<00:52, 56.33it/s]
 50%|████▉     | 2869/5794 [00:50<00:51, 56.38it/s]
 50%|████▉     | 2875/5794 [00:50<00:51, 56.46it/s]
 50%|████▉     | 2881/5794 [00:50<00:51, 56.31it/s]
 50%|████▉     | 2887/5794 [00:50<00:51, 56.40it/s]
 50%|████▉     | 2893/5794 [00:50<00:51, 56.41it/s]
 50%|█████     | 2899/5794 [00:51<00:51, 56.42it/s]
 50%|█████     | 2905/5794 [00:51<00:51, 56.48it/s]
 50%|█████     | 2911/5794 [00:51<00:51, 56.34it/s]
 50%|█████     | 2917/5794 [00:51<00:51, 56.40it/s]
 50%|█████     | 2923/5794 [00:51<00:50, 56.50it/s]
 51%|█████     | 2929/5794 [00:51<00:50, 56.40it/s]
 51%|█████     | 2935/5794 [00:51<00:50, 56.54it/s]
 51%|█████     | 2941/5794 [00:51<00:50, 56.47it/s]
 51%|█████     | 2947/5794 [00:51<00:50, 56.38it/s]
 51%|█████     | 2953/5794 [00:51<00:50, 56.47it/s]
 51%|█████     | 2959/5794 [00:52<00:50, 56.53it/s]
 51%|█████     | 2965/5794 [00:52<00:50, 56.40it/s]
 51%|█████▏    | 2971/5794 [00:52<00:50, 56.18it/s]
 51%|█████▏    | 2977/5794 [00:52<00:50, 56.28it/s]
 51%|█████▏    | 2983/5794 [00:52<00:49, 56.28it/s]
 52%|█████▏    | 2989/5794 [00:52<00:49, 56.39it/s]
 52%|█████▏    | 2995/5794 [00:52<00:49, 56.47it/s]
 52%|█████▏    | 3001/5794 [00:52<00:49, 56.39it/s]
 52%|█████▏    | 3007/5794 [00:52<00:49, 56.49it/s]
 52%|█████▏    | 3013/5794 [00:53<00:49, 56.57it/s]
 52%|█████▏    | 3019/5794 [00:53<00:48, 57.01it/s]
 52%|█████▏    | 3025/5794 [00:53<00:48, 57.35it/s]
 52%|█████▏    | 3031/5794 [00:53<00:48, 57.46it/s]
 52%|█████▏    | 3037/5794 [00:53<00:47, 57.64it/s]
 53%|█████▎    | 3043/5794 [00:53<00:47, 57.77it/s]
 53%|█████▎    | 3049/5794 [00:53<00:47, 57.72it/s]
 53%|█████▎    | 3055/5794 [00:53<00:47, 57.87it/s]
 53%|█████▎    | 3061/5794 [00:53<00:47, 57.82it/s]
 53%|█████▎    | 3067/5794 [00:53<00:47, 57.54it/s]
 53%|█████▎    | 3073/5794 [00:54<00:47, 57.56it/s]
 53%|█████▎    | 3079/5794 [00:54<00:47, 57.64it/s]
 53%|█████▎    | 3085/5794 [00:54<00:47, 57.58it/s]
 53%|█████▎    | 3091/5794 [00:54<00:46, 57.74it/s]
 53%|█████▎    | 3097/5794 [00:54<00:46, 57.80it/s]
 54%|█████▎    | 3103/5794 [00:54<00:46, 57.80it/s]
 54%|█████▎    | 3109/5794 [00:54<00:46, 57.85it/s]
 54%|█████▍    | 3115/5794 [00:54<00:46, 57.83it/s]
 54%|█████▍    | 3121/5794 [00:54<00:46, 57.89it/s]
 54%|█████▍    | 3127/5794 [00:54<00:46, 57.96it/s]
 54%|█████▍    | 3133/5794 [00:55<00:45, 57.91it/s]
 54%|█████▍    | 3139/5794 [00:55<00:45, 57.95it/s]
 54%|█████▍    | 3145/5794 [00:55<00:45, 57.95it/s]
 54%|█████▍    | 3151/5794 [00:55<00:45, 57.83it/s]
 54%|█████▍    | 3157/5794 [00:55<00:45, 57.89it/s]
 55%|█████▍    | 3163/5794 [00:55<00:45, 57.81it/s]
 55%|█████▍    | 3169/5794 [00:55<00:45, 57.71it/s]
 55%|█████▍    | 3175/5794 [00:55<00:45, 57.83it/s]
 55%|█████▍    | 3181/5794 [00:55<00:45, 57.85it/s]
 55%|█████▌    | 3187/5794 [00:56<00:45, 57.71it/s]
 55%|█████▌    | 3193/5794 [00:56<00:45, 57.75it/s]
 55%|█████▌    | 3199/5794 [00:56<00:44, 57.77it/s]
 55%|█████▌    | 3205/5794 [00:56<00:44, 57.69it/s]
 55%|█████▌    | 3211/5794 [00:56<00:44, 57.75it/s]
 56%|█████▌    | 3217/5794 [00:56<00:44, 57.63it/s]
 56%|█████▌    | 3223/5794 [00:56<00:44, 57.70it/s]
 56%|█████▌    | 3229/5794 [00:56<00:44, 57.77it/s]
 56%|█████▌    | 3235/5794 [00:56<00:44, 57.63it/s]
 56%|█████▌    | 3241/5794 [00:56<00:44, 57.74it/s]
 56%|█████▌    | 3247/5794 [00:57<00:44, 57.79it/s]
 56%|█████▌    | 3253/5794 [00:57<00:44, 57.67it/s]
 56%|█████▌    | 3259/5794 [00:57<00:44, 57.60it/s]
 56%|█████▋    | 3265/5794 [00:57<00:43, 57.74it/s]
 56%|█████▋    | 3271/5794 [00:57<00:43, 57.49it/s]
 57%|█████▋    | 3277/5794 [00:57<00:43, 57.31it/s]
 57%|█████▋    | 3283/5794 [00:57<00:43, 57.40it/s]
 57%|█████▋    | 3289/5794 [00:57<00:43, 57.45it/s]
 57%|█████▋    | 3295/5794 [00:57<00:43, 57.61it/s]
 57%|█████▋    | 3301/5794 [00:58<00:43, 57.64it/s]
 57%|█████▋    | 3307/5794 [00:58<00:43, 57.53it/s]
 57%|█████▋    | 3313/5794 [00:58<00:43, 57.63it/s]
 57%|█████▋    | 3319/5794 [00:58<00:43, 57.52it/s]
 57%|█████▋    | 3325/5794 [00:58<00:43, 57.16it/s]
 57%|█████▋    | 3331/5794 [00:58<00:42, 57.37it/s]
 58%|█████▊    | 3337/5794 [00:58<00:42, 57.40it/s]
 58%|█████▊    | 3343/5794 [00:58<00:42, 57.56it/s]
 58%|█████▊    | 3349/5794 [00:58<00:42, 57.49it/s]
 58%|█████▊    | 3355/5794 [00:58<00:42, 57.39it/s]
 58%|█████▊    | 3361/5794 [00:59<00:42, 57.48it/s]
 58%|█████▊    | 3367/5794 [00:59<00:42, 57.48it/s]
 58%|█████▊    | 3373/5794 [00:59<00:42, 57.54it/s]
 58%|█████▊    | 3379/5794 [00:59<00:41, 57.71it/s]
 58%|█████▊    | 3385/5794 [00:59<00:41, 57.81it/s]
 59%|█████▊    | 3391/5794 [00:59<00:41, 57.32it/s]
 59%|█████▊    | 3397/5794 [00:59<00:41, 57.12it/s]
 59%|█████▊    | 3403/5794 [00:59<00:42, 56.86it/s]
 59%|█████▉    | 3409/5794 [00:59<00:42, 56.65it/s]
 59%|█████▉    | 3415/5794 [01:00<00:41, 56.69it/s]
 59%|█████▉    | 3421/5794 [01:00<00:41, 56.53it/s]
 59%|█████▉    | 3427/5794 [01:00<00:41, 56.61it/s]
 59%|█████▉    | 3433/5794 [01:00<00:41, 56.62it/s]
 59%|█████▉    | 3439/5794 [01:00<00:41, 56.44it/s]
 59%|█████▉    | 3445/5794 [01:00<00:41, 56.35it/s]
 60%|█████▉    | 3451/5794 [01:00<00:41, 56.46it/s]
 60%|█████▉    | 3457/5794 [01:00<00:41, 56.39it/s]
 60%|█████▉    | 3463/5794 [01:00<00:41, 56.53it/s]
 60%|█████▉    | 3469/5794 [01:00<00:40, 56.92it/s]
 60%|█████▉    | 3475/5794 [01:01<00:40, 57.15it/s]
 60%|██████    | 3481/5794 [01:01<00:40, 57.55it/s]
 60%|██████    | 3487/5794 [01:01<00:39, 57.76it/s]
 60%|██████    | 3493/5794 [01:01<00:39, 57.70it/s]
 60%|██████    | 3499/5794 [01:01<00:39, 57.87it/s]
 60%|██████    | 3505/5794 [01:01<00:39, 57.92it/s]
 61%|██████    | 3511/5794 [01:01<00:39, 57.97it/s]
 61%|██████    | 3517/5794 [01:01<00:39, 58.01it/s]
 61%|██████    | 3523/5794 [01:01<00:39, 57.94it/s]
 61%|██████    | 3529/5794 [01:01<00:39, 57.93it/s]
 61%|██████    | 3535/5794 [01:02<00:38, 57.99it/s]
 61%|██████    | 3541/5794 [01:02<00:39, 57.71it/s]
 61%|██████    | 3547/5794 [01:02<00:38, 57.84it/s]
 61%|██████▏   | 3553/5794 [01:02<00:38, 57.91it/s]
 61%|██████▏   | 3559/5794 [01:02<00:38, 57.78it/s]
 62%|██████▏   | 3565/5794 [01:02<00:38, 57.81it/s]
 62%|██████▏   | 3571/5794 [01:02<00:38, 57.85it/s]
 62%|██████▏   | 3577/5794 [01:02<00:38, 57.70it/s]
 62%|██████▏   | 3583/5794 [01:02<00:38, 57.80it/s]
 62%|██████▏   | 3589/5794 [01:03<00:38, 57.78it/s]
 62%|██████▏   | 3595/5794 [01:03<00:38, 57.61it/s]
 62%|██████▏   | 3601/5794 [01:03<00:38, 57.28it/s]
 62%|██████▏   | 3607/5794 [01:03<00:38, 57.04it/s]
 62%|██████▏   | 3613/5794 [01:03<00:38, 56.79it/s]
 62%|██████▏   | 3619/5794 [01:03<00:38, 56.75it/s]
 63%|██████▎   | 3625/5794 [01:03<00:38, 56.53it/s]
 63%|██████▎   | 3631/5794 [01:03<00:38, 56.48it/s]
 63%|██████▎   | 3637/5794 [01:03<00:38, 56.41it/s]
 63%|██████▎   | 3643/5794 [01:03<00:38, 56.16it/s]
 63%|██████▎   | 3649/5794 [01:04<00:38, 56.14it/s]
 63%|██████▎   | 3655/5794 [01:04<00:38, 56.18it/s]
 63%|██████▎   | 3661/5794 [01:04<00:37, 56.42it/s]
 63%|██████▎   | 3667/5794 [01:04<00:37, 56.80it/s]
 63%|██████▎   | 3673/5794 [01:04<00:37, 56.97it/s]
 63%|██████▎   | 3679/5794 [01:04<00:37, 57.00it/s]
 64%|██████▎   | 3685/5794 [01:04<00:36, 57.20it/s]
 64%|██████▎   | 3691/5794 [01:04<00:36, 57.32it/s]
 64%|██████▍   | 3697/5794 [01:04<00:36, 57.29it/s]
 64%|██████▍   | 3703/5794 [01:05<00:36, 57.46it/s]
 64%|██████▍   | 3709/5794 [01:05<00:36, 57.48it/s]
 64%|██████▍   | 3715/5794 [01:05<00:36, 57.46it/s]
 64%|██████▍   | 3721/5794 [01:05<00:36, 57.56it/s]
 64%|██████▍   | 3727/5794 [01:05<00:36, 57.39it/s]
 64%|██████▍   | 3733/5794 [01:05<00:35, 57.49it/s]
 65%|██████▍   | 3739/5794 [01:05<00:35, 57.57it/s]
 65%|██████▍   | 3745/5794 [01:05<00:35, 57.44it/s]
 65%|██████▍   | 3751/5794 [01:05<00:35, 57.53it/s]
 65%|██████▍   | 3757/5794 [01:05<00:35, 57.59it/s]
 65%|██████▍   | 3763/5794 [01:06<00:35, 57.49it/s]
 65%|██████▌   | 3769/5794 [01:06<00:35, 57.51it/s]
 65%|██████▌   | 3775/5794 [01:06<00:35, 57.55it/s]
 65%|██████▌   | 3781/5794 [01:06<00:35, 57.43it/s]
 65%|██████▌   | 3787/5794 [01:06<00:34, 57.52it/s]
 65%|██████▌   | 3793/5794 [01:06<00:34, 57.44it/s]
 66%|██████▌   | 3799/5794 [01:06<00:34, 57.41it/s]
 66%|██████▌   | 3805/5794 [01:06<00:34, 57.48it/s]
 66%|██████▌   | 3811/5794 [01:06<00:34, 57.55it/s]
 66%|██████▌   | 3817/5794 [01:07<00:34, 57.49it/s]
 66%|██████▌   | 3823/5794 [01:07<00:34, 57.54it/s]
 66%|██████▌   | 3829/5794 [01:07<00:34, 57.37it/s]
 66%|██████▌   | 3835/5794 [01:07<00:34, 57.53it/s]
 66%|██████▋   | 3841/5794 [01:07<00:33, 57.61it/s]
 66%|██████▋   | 3847/5794 [01:07<00:33, 57.44it/s]
 66%|██████▋   | 3853/5794 [01:07<00:33, 57.52it/s]
 67%|██████▋   | 3859/5794 [01:07<00:33, 57.59it/s]
 67%|██████▋   | 3865/5794 [01:07<00:33, 57.45it/s]
 67%|██████▋   | 3871/5794 [01:07<00:33, 57.58it/s]
 67%|██████▋   | 3877/5794 [01:08<00:33, 57.71it/s]
 67%|██████▋   | 3883/5794 [01:08<00:33, 57.76it/s]
 67%|██████▋   | 3889/5794 [01:08<00:32, 57.85it/s]
 67%|██████▋   | 3895/5794 [01:08<00:32, 57.95it/s]
 67%|██████▋   | 3901/5794 [01:08<00:32, 57.86it/s]
 67%|██████▋   | 3907/5794 [01:08<00:32, 57.98it/s]
 68%|██████▊   | 3913/5794 [01:08<00:32, 57.98it/s]
 68%|██████▊   | 3919/5794 [01:08<00:32, 57.78it/s]
 68%|██████▊   | 3925/5794 [01:08<00:32, 57.32it/s]
 68%|██████▊   | 3931/5794 [01:08<00:32, 56.89it/s]
 68%|██████▊   | 3937/5794 [01:09<00:32, 56.68it/s]
 68%|██████▊   | 3943/5794 [01:09<00:32, 56.64it/s]
 68%|██████▊   | 3949/5794 [01:09<00:32, 56.52it/s]
 68%|██████▊   | 3955/5794 [01:09<00:32, 56.58it/s]
 68%|██████▊   | 3961/5794 [01:09<00:32, 56.63it/s]
 68%|██████▊   | 3967/5794 [01:09<00:32, 56.70it/s]
 69%|██████▊   | 3973/5794 [01:09<00:31, 57.12it/s]
 69%|██████▊   | 3979/5794 [01:09<00:31, 57.44it/s]
 69%|██████▉   | 3985/5794 [01:09<00:31, 57.48it/s]
 69%|██████▉   | 3991/5794 [01:10<00:31, 57.67it/s]
 69%|██████▉   | 3997/5794 [01:10<00:31, 57.77it/s]
 69%|██████▉   | 4003/5794 [01:10<00:31, 57.71it/s]
 69%|██████▉   | 4009/5794 [01:10<00:30, 57.75it/s]
 69%|██████▉   | 4015/5794 [01:10<00:30, 57.88it/s]
 69%|██████▉   | 4021/5794 [01:10<00:30, 57.83it/s]
 70%|██████▉   | 4027/5794 [01:10<00:30, 57.99it/s]
 70%|██████▉   | 4033/5794 [01:10<00:30, 57.81it/s]
 70%|██████▉   | 4039/5794 [01:10<00:30, 57.94it/s]
 70%|██████▉   | 4045/5794 [01:10<00:30, 58.03it/s]
 70%|██████▉   | 4051/5794 [01:11<00:30, 57.92it/s]
 70%|███████   | 4057/5794 [01:11<00:30, 57.64it/s]
 70%|███████   | 4063/5794 [01:11<00:30, 57.43it/s]
 70%|███████   | 4069/5794 [01:11<00:30, 57.07it/s]
 70%|███████   | 4075/5794 [01:11<00:30, 57.00it/s]
 70%|███████   | 4081/5794 [01:11<00:30, 56.93it/s]
 71%|███████   | 4087/5794 [01:11<00:30, 56.73it/s]
 71%|███████   | 4093/5794 [01:11<00:29, 56.72it/s]
 71%|███████   | 4099/5794 [01:11<00:29, 56.73it/s]
 71%|███████   | 4105/5794 [01:12<00:29, 56.61it/s]
 71%|███████   | 4111/5794 [01:12<00:29, 56.99it/s]
 71%|███████   | 4117/5794 [01:12<00:29, 56.69it/s]
 71%|███████   | 4123/5794 [01:12<00:29, 57.03it/s]
 71%|███████▏  | 4129/5794 [01:12<00:29, 57.32it/s]
 71%|███████▏  | 4135/5794 [01:12<00:28, 57.42it/s]
 71%|███████▏  | 4141/5794 [01:12<00:28, 57.66it/s]
 72%|███████▏  | 4147/5794 [01:12<00:28, 57.86it/s]
 72%|███████▏  | 4153/5794 [01:12<00:28, 57.76it/s]
 72%|███████▏  | 4159/5794 [01:12<00:28, 57.95it/s]
 72%|███████▏  | 4165/5794 [01:13<00:28, 57.98it/s]
 72%|███████▏  | 4171/5794 [01:13<00:27, 57.97it/s]
 72%|███████▏  | 4177/5794 [01:13<00:27, 58.00it/s]
 72%|███████▏  | 4183/5794 [01:13<00:27, 58.05it/s]
 72%|███████▏  | 4189/5794 [01:13<00:27, 57.96it/s]
 72%|███████▏  | 4195/5794 [01:13<00:27, 58.09it/s]
 73%|███████▎  | 4201/5794 [01:13<00:27, 58.01it/s]
 73%|███████▎  | 4207/5794 [01:13<00:27, 58.06it/s]
 73%|███████▎  | 4213/5794 [01:13<00:27, 58.00it/s]
 73%|███████▎  | 4219/5794 [01:14<00:27, 57.93it/s]
 73%|███████▎  | 4225/5794 [01:14<00:27, 57.79it/s]
 73%|███████▎  | 4231/5794 [01:14<00:26, 57.89it/s]
 73%|███████▎  | 4237/5794 [01:14<00:26, 57.75it/s]
 73%|███████▎  | 4243/5794 [01:14<00:26, 57.93it/s]
 73%|███████▎  | 4249/5794 [01:14<00:26, 58.08it/s]
 73%|███████▎  | 4255/5794 [01:14<00:26, 58.08it/s]
 74%|███████▎  | 4261/5794 [01:14<00:26, 58.09it/s]
 74%|███████▎  | 4267/5794 [01:14<00:26, 58.14it/s]
 74%|███████▎  | 4273/5794 [01:14<00:26, 57.96it/s]
 74%|███████▍  | 4279/5794 [01:15<00:26, 58.03it/s]
 74%|███████▍  | 4285/5794 [01:15<00:26, 58.00it/s]
 74%|███████▍  | 4291/5794 [01:15<00:25, 57.87it/s]
 74%|███████▍  | 4297/5794 [01:15<00:25, 57.87it/s]
 74%|███████▍  | 4303/5794 [01:15<00:25, 57.95it/s]
 74%|███████▍  | 4309/5794 [01:15<00:25, 57.84it/s]
 74%|███████▍  | 4315/5794 [01:15<00:25, 57.90it/s]
 75%|███████▍  | 4321/5794 [01:15<00:25, 57.83it/s]
 75%|███████▍  | 4327/5794 [01:15<00:25, 57.77it/s]
 75%|███████▍  | 4333/5794 [01:15<00:25, 57.91it/s]
 75%|███████▍  | 4339/5794 [01:16<00:25, 57.82it/s]
 75%|███████▍  | 4345/5794 [01:16<00:25, 57.91it/s]
 75%|███████▌  | 4351/5794 [01:16<00:24, 58.00it/s]
 75%|███████▌  | 4357/5794 [01:16<00:24, 57.64it/s]
 75%|███████▌  | 4363/5794 [01:16<00:24, 57.39it/s]
 75%|███████▌  | 4369/5794 [01:16<00:24, 57.18it/s]
 76%|███████▌  | 4375/5794 [01:16<00:24, 56.90it/s]
 76%|███████▌  | 4381/5794 [01:16<00:24, 56.87it/s]
 76%|███████▌  | 4387/5794 [01:16<00:24, 56.75it/s]
 76%|███████▌  | 4393/5794 [01:17<00:24, 56.61it/s]
 76%|███████▌  | 4399/5794 [01:17<00:24, 56.72it/s]
 76%|███████▌  | 4405/5794 [01:17<00:24, 56.73it/s]
 76%|███████▌  | 4411/5794 [01:17<00:24, 56.65it/s]
 76%|███████▌  | 4417/5794 [01:17<00:24, 56.66it/s]
 76%|███████▋  | 4423/5794 [01:17<00:24, 56.62it/s]
 76%|███████▋  | 4429/5794 [01:17<00:24, 56.56it/s]
 77%|███████▋  | 4435/5794 [01:17<00:23, 56.68it/s]
 77%|███████▋  | 4441/5794 [01:17<00:23, 56.51it/s]
 77%|███████▋  | 4447/5794 [01:17<00:23, 56.63it/s]
 77%|███████▋  | 4453/5794 [01:18<00:23, 56.65it/s]
 77%|███████▋  | 4459/5794 [01:18<00:23, 56.48it/s]
 77%|███████▋  | 4465/5794 [01:18<00:23, 56.54it/s]
 77%|███████▋  | 4471/5794 [01:18<00:23, 56.59it/s]
 77%|███████▋  | 4477/5794 [01:18<00:23, 56.48it/s]
 77%|███████▋  | 4483/5794 [01:18<00:23, 55.89it/s]
 77%|███████▋  | 4489/5794 [01:18<00:23, 56.11it/s]
 78%|███████▊  | 4495/5794 [01:18<00:23, 56.14it/s]
 78%|███████▊  | 4501/5794 [01:18<00:22, 56.25it/s]
 78%|███████▊  | 4507/5794 [01:19<00:22, 56.24it/s]
 78%|███████▊  | 4513/5794 [01:19<00:22, 56.12it/s]
 78%|███████▊  | 4519/5794 [01:19<00:22, 56.35it/s]
 78%|███████▊  | 4525/5794 [01:19<00:22, 56.41it/s]
 78%|███████▊  | 4531/5794 [01:19<00:22, 56.41it/s]
 78%|███████▊  | 4537/5794 [01:19<00:22, 56.56it/s]
 78%|███████▊  | 4543/5794 [01:19<00:22, 56.56it/s]
 79%|███████▊  | 4549/5794 [01:19<00:21, 56.65it/s]
 79%|███████▊  | 4555/5794 [01:19<00:21, 56.76it/s]
 79%|███████▊  | 4561/5794 [01:20<00:21, 56.60it/s]
 79%|███████▉  | 4567/5794 [01:20<00:21, 56.70it/s]
 79%|███████▉  | 4573/5794 [01:20<00:21, 56.65it/s]
 79%|███████▉  | 4579/5794 [01:20<00:21, 56.56it/s]
 79%|███████▉  | 4585/5794 [01:20<00:21, 56.59it/s]
 79%|███████▉  | 4591/5794 [01:20<00:21, 56.67it/s]
 79%|███████▉  | 4597/5794 [01:20<00:21, 56.56it/s]
 79%|███████▉  | 4603/5794 [01:20<00:21, 56.63it/s]
 80%|███████▉  | 4609/5794 [01:20<00:20, 56.66it/s]
 80%|███████▉  | 4615/5794 [01:20<00:20, 56.63it/s]
 80%|███████▉  | 4621/5794 [01:21<00:20, 56.74it/s]
 80%|███████▉  | 4627/5794 [01:21<00:20, 56.74it/s]
 80%|███████▉  | 4633/5794 [01:21<00:20, 56.64it/s]
 80%|████████  | 4639/5794 [01:21<00:20, 56.71it/s]
 80%|████████  | 4645/5794 [01:21<00:20, 56.56it/s]
 80%|████████  | 4651/5794 [01:21<00:20, 56.63it/s]
 80%|████████  | 4657/5794 [01:21<00:20, 56.67it/s]
 80%|████████  | 4663/5794 [01:21<00:19, 56.60it/s]
 81%|████████  | 4669/5794 [01:21<00:19, 56.64it/s]
 81%|████████  | 4675/5794 [01:22<00:19, 56.70it/s]
 81%|████████  | 4681/5794 [01:22<00:19, 56.59it/s]
 81%|████████  | 4687/5794 [01:22<00:19, 56.70it/s]
 81%|████████  | 4693/5794 [01:22<00:19, 56.71it/s]
 81%|████████  | 4699/5794 [01:22<00:19, 56.57it/s]
 81%|████████  | 4705/5794 [01:22<00:19, 56.60it/s]
 81%|████████▏ | 4711/5794 [01:22<00:19, 56.73it/s]
 81%|████████▏ | 4717/5794 [01:22<00:19, 56.60it/s]
 82%|████████▏ | 4723/5794 [01:22<00:18, 56.72it/s]
 82%|████████▏ | 4729/5794 [01:22<00:18, 56.65it/s]
 82%|████████▏ | 4735/5794 [01:23<00:18, 56.56it/s]
 82%|████████▏ | 4741/5794 [01:23<00:18, 56.62it/s]
 82%|████████▏ | 4747/5794 [01:23<00:18, 56.59it/s]
 82%|████████▏ | 4753/5794 [01:23<00:18, 56.58it/s]
 82%|████████▏ | 4759/5794 [01:23<00:18, 56.71it/s]
 82%|████████▏ | 4765/5794 [01:23<00:18, 56.56it/s]
 82%|████████▏ | 4771/5794 [01:23<00:18, 56.63it/s]
 82%|████████▏ | 4777/5794 [01:23<00:17, 56.67it/s]
 83%|████████▎ | 4783/5794 [01:23<00:17, 56.49it/s]
 83%|████████▎ | 4789/5794 [01:24<00:17, 56.44it/s]
 83%|████████▎ | 4795/5794 [01:24<00:17, 56.41it/s]
 83%|████████▎ | 4801/5794 [01:24<00:17, 56.41it/s]
 83%|████████▎ | 4807/5794 [01:24<00:17, 56.53it/s]
 83%|████████▎ | 4813/5794 [01:24<00:17, 56.55it/s]
 83%|████████▎ | 4819/5794 [01:24<00:17, 56.53it/s]
 83%|████████▎ | 4825/5794 [01:24<00:17, 56.61it/s]
 83%|████████▎ | 4831/5794 [01:24<00:17, 56.59it/s]
 83%|████████▎ | 4837/5794 [01:24<00:16, 56.51it/s]
 84%|████████▎ | 4843/5794 [01:24<00:16, 56.58it/s]
 84%|████████▎ | 4849/5794 [01:25<00:16, 56.46it/s]
 84%|████████▍ | 4855/5794 [01:25<00:16, 56.54it/s]
 84%|████████▍ | 4861/5794 [01:25<00:16, 56.58it/s]
 84%|████████▍ | 4867/5794 [01:25<00:16, 56.47it/s]
 84%|████████▍ | 4873/5794 [01:25<00:16, 56.54it/s]
 84%|████████▍ | 4879/5794 [01:25<00:16, 56.57it/s]
 84%|████████▍ | 4885/5794 [01:25<00:16, 56.40it/s]
 84%|████████▍ | 4891/5794 [01:25<00:15, 56.49it/s]
 85%|████████▍ | 4897/5794 [01:25<00:15, 56.56it/s]
 85%|████████▍ | 4903/5794 [01:26<00:15, 56.47it/s]
 85%|████████▍ | 4909/5794 [01:26<00:15, 56.55it/s]
 85%|████████▍ | 4915/5794 [01:26<00:15, 56.65it/s]
 85%|████████▍ | 4921/5794 [01:26<00:15, 56.52it/s]
 85%|████████▌ | 4927/5794 [01:26<00:15, 56.56it/s]
 85%|████████▌ | 4933/5794 [01:26<00:15, 56.49it/s]
 85%|████████▌ | 4939/5794 [01:26<00:15, 56.50it/s]
 85%|████████▌ | 4945/5794 [01:26<00:15, 56.52it/s]
 85%|████████▌ | 4951/5794 [01:26<00:14, 56.42it/s]
 86%|████████▌ | 4957/5794 [01:27<00:14, 56.51it/s]
 86%|████████▌ | 4963/5794 [01:27<00:14, 56.59it/s]
 86%|████████▌ | 4969/5794 [01:27<00:14, 56.45it/s]
 86%|████████▌ | 4975/5794 [01:27<00:14, 56.53it/s]
 86%|████████▌ | 4981/5794 [01:27<00:14, 56.56it/s]
 86%|████████▌ | 4987/5794 [01:27<00:14, 56.17it/s]
 86%|████████▌ | 4993/5794 [01:27<00:14, 56.25it/s]
 86%|████████▋ | 4999/5794 [01:27<00:14, 56.38it/s]
 86%|████████▋ | 5005/5794 [01:27<00:13, 56.40it/s]
 86%|████████▋ | 5011/5794 [01:27<00:13, 56.47it/s]
 87%|████████▋ | 5017/5794 [01:28<00:13, 56.56it/s]
 87%|████████▋ | 5023/5794 [01:28<00:13, 56.49it/s]
 87%|████████▋ | 5029/5794 [01:28<00:13, 56.57it/s]
 87%|████████▋ | 5035/5794 [01:28<00:13, 56.59it/s]
 87%|████████▋ | 5041/5794 [01:28<00:13, 56.54it/s]
 87%|████████▋ | 5047/5794 [01:28<00:13, 56.63it/s]
 87%|████████▋ | 5053/5794 [01:28<00:13, 56.60it/s]
 87%|████████▋ | 5059/5794 [01:28<00:13, 56.12it/s]
 87%|████████▋ | 5065/5794 [01:28<00:12, 56.28it/s]
 88%|████████▊ | 5071/5794 [01:29<00:12, 56.11it/s]
 88%|████████▊ | 5077/5794 [01:29<00:12, 56.14it/s]
 88%|████████▊ | 5083/5794 [01:29<00:12, 56.30it/s]
 88%|████████▊ | 5089/5794 [01:29<00:12, 56.30it/s]
 88%|████████▊ | 5095/5794 [01:29<00:12, 56.47it/s]
 88%|████████▊ | 5101/5794 [01:29<00:12, 56.62it/s]
 88%|████████▊ | 5107/5794 [01:29<00:12, 56.53it/s]
 88%|████████▊ | 5113/5794 [01:29<00:12, 56.64it/s]
 88%|████████▊ | 5119/5794 [01:29<00:11, 56.65it/s]
 88%|████████▊ | 5125/5794 [01:29<00:11, 56.56it/s]
 89%|████████▊ | 5131/5794 [01:30<00:11, 56.66it/s]
 89%|████████▊ | 5137/5794 [01:30<00:11, 56.66it/s]
 89%|████████▉ | 5143/5794 [01:30<00:11, 56.64it/s]
 89%|████████▉ | 5149/5794 [01:30<00:11, 56.71it/s]
 89%|████████▉ | 5155/5794 [01:30<00:11, 56.58it/s]
 89%|████████▉ | 5161/5794 [01:30<00:11, 56.69it/s]
 89%|████████▉ | 5167/5794 [01:30<00:11, 56.73it/s]
 89%|████████▉ | 5173/5794 [01:30<00:10, 56.61it/s]
 89%|████████▉ | 5179/5794 [01:30<00:10, 56.71it/s]
 89%|████████▉ | 5185/5794 [01:31<00:10, 56.78it/s]
 90%|████████▉ | 5191/5794 [01:31<00:10, 56.65it/s]
 90%|████████▉ | 5197/5794 [01:31<00:10, 56.71it/s]
 90%|████████▉ | 5203/5794 [01:31<00:10, 56.77it/s]
 90%|████████▉ | 5209/5794 [01:31<00:10, 56.59it/s]
 90%|█████████ | 5215/5794 [01:31<00:10, 56.64it/s]
 90%|█████████ | 5221/5794 [01:31<00:10, 56.65it/s]
 90%|█████████ | 5227/5794 [01:31<00:10, 56.50it/s]
 90%|█████████ | 5233/5794 [01:31<00:09, 56.70it/s]
 90%|█████████ | 5239/5794 [01:31<00:09, 56.67it/s]
 91%|█████████ | 5245/5794 [01:32<00:09, 56.63it/s]
 91%|█████████ | 5251/5794 [01:32<00:09, 56.62it/s]
 91%|█████████ | 5257/5794 [01:32<00:09, 56.48it/s]
 91%|█████████ | 5263/5794 [01:32<00:09, 56.57it/s]
 91%|█████████ | 5269/5794 [01:32<00:09, 56.60it/s]
 91%|█████████ | 5275/5794 [01:32<00:09, 56.50it/s]
 91%|█████████ | 5281/5794 [01:32<00:09, 56.60it/s]
 91%|█████████ | 5287/5794 [01:32<00:08, 56.66it/s]
 91%|█████████▏| 5293/5794 [01:32<00:08, 56.47it/s]
 91%|█████████▏| 5299/5794 [01:33<00:08, 56.53it/s]
 92%|█████████▏| 5305/5794 [01:33<00:08, 56.60it/s]
 92%|█████████▏| 5311/5794 [01:33<00:08, 56.52it/s]
 92%|█████████▏| 5317/5794 [01:33<00:08, 56.56it/s]
 92%|█████████▏| 5323/5794 [01:33<00:08, 56.54it/s]
 92%|█████████▏| 5329/5794 [01:33<00:08, 56.43it/s]
 92%|█████████▏| 5335/5794 [01:33<00:08, 56.44it/s]
 92%|█████████▏| 5341/5794 [01:33<00:08, 56.42it/s]
 92%|█████████▏| 5347/5794 [01:33<00:07, 56.23it/s]
 92%|█████████▏| 5353/5794 [01:34<00:07, 56.23it/s]
 92%|█████████▏| 5359/5794 [01:34<00:07, 56.07it/s]
 93%|█████████▎| 5365/5794 [01:34<00:07, 56.10it/s]
 93%|█████████▎| 5371/5794 [01:34<00:07, 56.12it/s]
 93%|█████████▎| 5377/5794 [01:34<00:07, 55.92it/s]
 93%|█████████▎| 5383/5794 [01:34<00:07, 55.97it/s]
 93%|█████████▎| 5389/5794 [01:34<00:07, 56.00it/s]
 93%|█████████▎| 5395/5794 [01:34<00:07, 55.90it/s]
 93%|█████████▎| 5401/5794 [01:34<00:07, 56.01it/s]
 93%|█████████▎| 5407/5794 [01:34<00:06, 56.04it/s]
 93%|█████████▎| 5413/5794 [01:35<00:06, 55.96it/s]
 94%|█████████▎| 5419/5794 [01:35<00:06, 56.01it/s]
 94%|█████████▎| 5425/5794 [01:35<00:06, 55.95it/s]
 94%|█████████▎| 5431/5794 [01:35<00:06, 55.85it/s]
 94%|█████████▍| 5437/5794 [01:35<00:06, 55.99it/s]
 94%|█████████▍| 5443/5794 [01:35<00:06, 56.03it/s]
 94%|█████████▍| 5449/5794 [01:35<00:06, 55.96it/s]
 94%|█████████▍| 5455/5794 [01:35<00:06, 56.05it/s]
 94%|█████████▍| 5461/5794 [01:35<00:05, 55.95it/s]
 94%|█████████▍| 5467/5794 [01:36<00:05, 56.01it/s]
 94%|█████████▍| 5473/5794 [01:36<00:05, 56.11it/s]
 95%|█████████▍| 5479/5794 [01:36<00:05, 56.01it/s]
 95%|█████████▍| 5485/5794 [01:36<00:05, 56.04it/s]
 95%|█████████▍| 5491/5794 [01:36<00:05, 56.10it/s]
 95%|█████████▍| 5497/5794 [01:36<00:05, 55.98it/s]
 95%|█████████▍| 5503/5794 [01:36<00:05, 56.02it/s]
 95%|█████████▌| 5509/5794 [01:36<00:05, 56.08it/s]
 95%|█████████▌| 5515/5794 [01:36<00:04, 56.04it/s]
 95%|█████████▌| 5521/5794 [01:37<00:04, 56.14it/s]
 95%|█████████▌| 5527/5794 [01:37<00:04, 56.17it/s]
 95%|█████████▌| 5533/5794 [01:37<00:04, 56.05it/s]
 96%|█████████▌| 5539/5794 [01:37<00:04, 56.07it/s]
 96%|█████████▌| 5545/5794 [01:37<00:04, 56.09it/s]
 96%|█████████▌| 5551/5794 [01:37<00:04, 55.96it/s]
 96%|█████████▌| 5557/5794 [01:37<00:04, 56.06it/s]
 96%|█████████▌| 5563/5794 [01:37<00:04, 55.97it/s]
 96%|█████████▌| 5569/5794 [01:37<00:04, 56.06it/s]
 96%|█████████▌| 5575/5794 [01:37<00:03, 56.16it/s]
 96%|█████████▋| 5581/5794 [01:38<00:03, 56.16it/s]
 96%|█████████▋| 5587/5794 [01:38<00:03, 56.40it/s]
 97%|█████████▋| 5593/5794 [01:38<00:03, 56.49it/s]
 97%|█████████▋| 5599/5794 [01:38<00:03, 56.90it/s]
 97%|█████████▋| 5605/5794 [01:38<00:03, 57.30it/s]
 97%|█████████▋| 5611/5794 [01:38<00:03, 57.51it/s]
 97%|█████████▋| 5617/5794 [01:38<00:03, 57.60it/s]
 97%|█████████▋| 5623/5794 [01:38<00:02, 57.85it/s]
 97%|█████████▋| 5629/5794 [01:38<00:02, 57.85it/s]
 97%|█████████▋| 5635/5794 [01:39<00:02, 57.73it/s]
 97%|█████████▋| 5641/5794 [01:39<00:02, 57.72it/s]
 97%|█████████▋| 5647/5794 [01:39<00:02, 57.86it/s]
 98%|█████████▊| 5653/5794 [01:39<00:02, 57.92it/s]
 98%|█████████▊| 5659/5794 [01:39<00:02, 58.11it/s]
 98%|█████████▊| 5665/5794 [01:39<00:02, 58.01it/s]
 98%|█████████▊| 5671/5794 [01:39<00:02, 58.23it/s]
 98%|█████████▊| 5677/5794 [01:39<00:02, 58.02it/s]
 98%|█████████▊| 5683/5794 [01:39<00:01, 57.70it/s]
 98%|█████████▊| 5689/5794 [01:39<00:01, 57.86it/s]
 98%|█████████▊| 5695/5794 [01:40<00:01, 58.07it/s]
 98%|█████████▊| 5701/5794 [01:40<00:01, 58.04it/s]
 98%|█████████▊| 5707/5794 [01:40<00:01, 58.15it/s]
 99%|█████████▊| 5713/5794 [01:40<00:01, 58.16it/s]
 99%|█████████▊| 5719/5794 [01:40<00:01, 58.10it/s]
 99%|█████████▉| 5725/5794 [01:40<00:01, 58.15it/s]
 99%|█████████▉| 5731/5794 [01:40<00:01, 58.25it/s]
 99%|█████████▉| 5737/5794 [01:40<00:00, 58.20it/s]
 99%|█████████▉| 5743/5794 [01:40<00:00, 58.24it/s]
 99%|█████████▉| 5749/5794 [01:40<00:00, 58.23it/s]
 99%|█████████▉| 5755/5794 [01:41<00:00, 58.25it/s]
 99%|█████████▉| 5761/5794 [01:41<00:00, 58.33it/s]
100%|█████████▉| 5767/5794 [01:41<00:00, 58.22it/s]
100%|█████████▉| 5773/5794 [01:41<00:00, 58.22it/s]
100%|█████████▉| 5779/5794 [01:41<00:00, 58.37it/s]
100%|█████████▉| 5785/5794 [01:41<00:00, 58.21it/s]
100%|█████████▉| 5792/5794 [01:41<00:00, 58.94it/s]
100%|██████████| 5794/5794 [01:41<00:00, 56.91it/s]
BALANCED ACCS CHECKED FOR TEST
TEST SET RESULTS FOR CHECKPOINT trained_weights/waterbirds/abn_att_waterbird_1.0_forest2water2_21048936_trial_000/best_balanced_valacc_0.52_epoch_0.ckpt
test_acc: 0.6168450120814636
balanced_test_acc: 0.523524911757189
Land_on_Land_test_acc: 0.9946784922394678
Land_on_Water_test_acc: 0.3875831485587583
Water_on_Land_test_acc: 0.020249221183800622
Water_on_Water_test_acc: 0.6915887850467289
test_acc_Waterbird: 0.3559190031152648
test_acc_Landbird: 0.6911308203991131
