[CMD] /home/ryreu/miniconda3/envs/gals_a100/bin/python -u main.py --config configs/waterbirds_95_abn_vit.yaml --name abn_att_waterbird_complete95_forest2water2_21050510_trial_000 DATA.ROOT=/home/ryreu/guided_cnn/waterbirds DATA.WATERBIRDS_DIR=waterbird_complete95_forest2water2 SEED=0 EXP.BASE.LR=0.0010000000000000002 EXP.CLASSIFIER.LR=9.999999999999991e-05 EXP.WEIGHT_DECAY=9.999999999999997e-06 EXP.AUX_LOSSES_ON_VAL=False EXP.LOSSES.ABN_SUPERVISION.WEIGHT=1.0 EXP.NUM_EPOCHS=1
SEED: 0
DATA:
  BATCH_SIZE: 96
  NUM_WORKERS: 4
  SIZE: 224
  NORMALIZATION: imagenet
  ATTENTION_DIR: clip_vit_attention
  SEPARATE_CLASSES: false
  REMOVE_BACKGROUND: false
  ROOT: /home/ryreu/guided_cnn/waterbirds
  USE_CLASS_WEIGHTS: false
  USE_GROUP_WEIGHTS: false
  DATASET: waterbirds
  NUM_CLASSES: 2
  CONFOUNDING_FACTOR: 0.95
  WATERBIRDS_DIR: waterbird_complete95_forest2water2
EXP:
  NUM_TRIALS: 1
  LOSSES:
    CLASSIFICATION:
      WEIGHT: 1
    GRADIENT_OUTSIDE:
      COMPUTE: false
      LOG: false
      WEIGHT: 0.01
      CRITERION: L1
      GT: segmentation
      COMBINE_ATT_MODE: average_nonzero
    GRADIENT_INSIDE:
      COMPUTE: false
      LOG: false
      WEIGHT: 1
      CRITERION: L1
      GT: segmentation
      COMBINE_ATT_MODE: average_nonzero
    GRADCAM:
      COMPUTE: false
      LOG: false
      WEIGHT: 1
      CRITERION: L1
      GT: segmentation
      MODE: match
      COMBINE_ATT_MODE: average_nonzero
    ABN_CLASSIFICATION:
      COMPUTE: true
      LOG: false
      WEIGHT: 1
    ABN_SUPERVISION:
      COMPUTE: true
      LOG: false
      WEIGHT: 1.0
      CRITERION: L1
      GT: clip_vit
      MODE: suppress_outside
      COMBINE_ATT_MODE: average_nonzero
  APPROACH: abn
  MODEL: resnet50_abn
  PRETRAINED: true
  PROVIDED_ATT: NONE
  PROVIDED_ATT_SHAPE:
  - 14
  - 14
  ABN_ADD_AFTER_ATTENTION: true
  NUM_EPOCHS: 1
  OPTIMIZER: SGD
  WEIGHT_DECAY: 9.999999999999997e-06
  MOMENTUM: 0.9
  SCHEDULER: NONE
  BASE:
    LR: 0.0010000000000000002
  CLASSIFIER:
    LR: 9.999999999999991e-05
  AUX_LOSSES_ON_VAL: false
LOGGING:
  SAVE_EVERY: 0
  SAVE_BEST: true
  SAVE_LAST: false
  LOG_ATTENTION: false
  LOG_ATTENTION_STEP: 10
  SAVE_STATS_PATH: null
yaml: configs/waterbirds_95_abn_vit.yaml
name: abn_att_waterbird_complete95_forest2water2_21050510_trial_000
test_checkpoint: null

WATERBIRDS DIR: /home/ryreu/guided_cnn/waterbirds/waterbird_complete95_forest2water2
NUMBER OF SAMPLES WITH LABEL Landbird: 3682
NUMBER OF SAMPLES WITH LABEL Waterbird: 1113
NUMBER OF SAMPLES WITH GROUP Land_on_Land: 3498
NUMBER OF SAMPLES WITH GROUP Land_on_Water: 184
NUMBER OF SAMPLES WITH GROUP Water_on_Land: 56
NUMBER OF SAMPLES WITH GROUP Water_on_Water: 1057
WATERBIRDS DIR: /home/ryreu/guided_cnn/waterbirds/waterbird_complete95_forest2water2
NUMBER OF SAMPLES WITH LABEL Landbird: 933
NUMBER OF SAMPLES WITH LABEL Waterbird: 266
NUMBER OF SAMPLES WITH GROUP Land_on_Land: 467
NUMBER OF SAMPLES WITH GROUP Land_on_Water: 466
NUMBER OF SAMPLES WITH GROUP Water_on_Land: 133
NUMBER OF SAMPLES WITH GROUP Water_on_Water: 133
NUM TRAIN: 4795

NUM VAL:   1199

Number classifier outputs: 1
Using pretrained model: True
Removing att_conv.weight from pretained weights, with weight shape torch.Size([1000, 2048, 1, 1])
Removing bn_att2.weight from pretained weights, with weight shape torch.Size([1000])
Removing bn_att2.bias from pretained weights, with weight shape torch.Size([1000])
Removing bn_att2.running_mean from pretained weights, with weight shape torch.Size([1000])
Removing bn_att2.running_var from pretained weights, with weight shape torch.Size([1000])
Removing att_conv2.weight from pretained weights, with weight shape torch.Size([1000, 1000, 1, 1])
Removing att_conv3.weight from pretained weights, with weight shape torch.Size([1, 1000, 3, 3])
Removing fc.weight from pretained weights, with weight shape torch.Size([1000, 2048])
Removing fc.bias from pretained weights, with weight shape torch.Size([1000])
Keys missing in state dict:    ['att_conv.weight', 'bn_att2.weight', 'bn_att2.bias', 'bn_att2.running_mean', 'bn_att2.running_var', 'att_conv2.weight', 'att_conv3.weight', 'fc.weight', 'fc.bias']
Unexpected keys in state dict: []
USING SGD OPTIMIZER
class weights: None
group weights: None
WANDB DISABLED: skipping wandb.init()
EPOCH: 0

>>> TRAINING 


  0%|          | 0/50 [00:00<?, ?it/s]
  2%|▏         | 1/50 [00:03<02:55,  3.59s/it]
  4%|▍         | 2/50 [00:03<01:18,  1.64s/it]
  6%|▌         | 3/50 [00:04<00:47,  1.01s/it]
  8%|▊         | 4/50 [00:04<00:32,  1.41it/s]
 10%|█         | 5/50 [00:04<00:24,  1.84it/s]
 12%|█▏        | 6/50 [00:04<00:19,  2.26it/s]
 14%|█▍        | 7/50 [00:05<00:16,  2.67it/s]
 16%|█▌        | 8/50 [00:05<00:13,  3.04it/s]
 18%|█▊        | 9/50 [00:05<00:12,  3.32it/s]
 20%|██        | 10/50 [00:05<00:11,  3.56it/s]
 22%|██▏       | 11/50 [00:06<00:10,  3.66it/s]
 24%|██▍       | 12/50 [00:06<00:10,  3.73it/s]
 26%|██▌       | 13/50 [00:06<00:09,  3.76it/s]
 28%|██▊       | 14/50 [00:06<00:09,  3.82it/s]
 30%|███       | 15/50 [00:07<00:09,  3.86it/s]
 32%|███▏      | 16/50 [00:07<00:08,  3.89it/s]
 34%|███▍      | 17/50 [00:07<00:08,  3.90it/s]
 36%|███▌      | 18/50 [00:07<00:08,  3.93it/s]
 38%|███▊      | 19/50 [00:08<00:07,  3.95it/s]
 40%|████      | 20/50 [00:08<00:07,  3.92it/s]
 42%|████▏     | 21/50 [00:08<00:07,  3.92it/s]
 44%|████▍     | 22/50 [00:08<00:07,  3.93it/s]
 46%|████▌     | 23/50 [00:09<00:06,  3.95it/s]
 48%|████▊     | 24/50 [00:09<00:06,  3.95it/s]
 50%|█████     | 25/50 [00:09<00:06,  3.94it/s]
 52%|█████▏    | 26/50 [00:09<00:06,  3.96it/s]
 54%|█████▍    | 27/50 [00:10<00:05,  3.95it/s]
 56%|█████▌    | 28/50 [00:10<00:05,  3.92it/s]
 58%|█████▊    | 29/50 [00:10<00:05,  3.91it/s]
 60%|██████    | 30/50 [00:10<00:05,  3.93it/s]
 62%|██████▏   | 31/50 [00:11<00:04,  4.01it/s]
 64%|██████▍   | 32/50 [00:11<00:04,  4.04it/s]
 66%|██████▌   | 33/50 [00:11<00:04,  4.07it/s]
 68%|██████▊   | 34/50 [00:11<00:03,  4.11it/s]
 70%|███████   | 35/50 [00:12<00:03,  4.12it/s]
 72%|███████▏  | 36/50 [00:12<00:03,  4.11it/s]
 74%|███████▍  | 37/50 [00:12<00:03,  4.10it/s]
 76%|███████▌  | 38/50 [00:12<00:02,  4.11it/s]
 78%|███████▊  | 39/50 [00:13<00:02,  4.13it/s]
 80%|████████  | 40/50 [00:13<00:02,  4.13it/s]
 82%|████████▏ | 41/50 [00:13<00:02,  4.13it/s]
 84%|████████▍ | 42/50 [00:13<00:01,  4.15it/s]
 86%|████████▌ | 43/50 [00:14<00:01,  4.17it/s]
 88%|████████▊ | 44/50 [00:14<00:01,  4.16it/s]
 90%|█████████ | 45/50 [00:14<00:01,  4.14it/s]
 92%|█████████▏| 46/50 [00:14<00:00,  4.15it/s]
 94%|█████████▍| 47/50 [00:14<00:00,  4.18it/s]
 96%|█████████▌| 48/50 [00:15<00:00,  4.19it/s]
 98%|█████████▊| 49/50 [00:15<00:00,  4.18it/s]
100%|██████████| 50/50 [00:15<00:00,  4.25it/s]
100%|██████████| 50/50 [00:15<00:00,  3.18it/s]
>>> VALIDATING 


  0%|          | 0/13 [00:00<?, ?it/s]
  8%|▊         | 1/13 [00:01<00:13,  1.10s/it]
 23%|██▎       | 3/13 [00:01<00:03,  2.88it/s]
 38%|███▊      | 5/13 [00:01<00:02,  3.04it/s]
 54%|█████▍    | 7/13 [00:02<00:01,  4.49it/s]
 69%|██████▉   | 9/13 [00:02<00:01,  3.97it/s]
 85%|████████▍ | 11/13 [00:02<00:00,  5.22it/s]
100%|██████████| 13/13 [00:02<00:00,  6.55it/s]
100%|██████████| 13/13 [00:03<00:00,  4.27it/s]
>>> LOGGING 

BALANCED ACCS CHECKED FOR TRAIN
BALANCED ACCS CHECKED FOR VAL
train_acc: 0.7643378519290928
val_acc: 0.6513761467889908
train_abn_acc: 0
val_abn_acc: 0
train_cls_loss: 0.46895151899678866
val_cls_loss: 0.5962487005809628
train_total_loss: 1.440661640758932
val_total_loss: 0.5962487005809628
test_abn_acc: 0
balanced_train_acc: 0.5879623461408382
balanced_val_acc: 0.5152954734102136
Land_on_Land_train_acc: 0.9259576901086335
Land_on_Land_val_acc: 0.9957173447537473
Land_on_Water_train_acc: 0.75
Land_on_Water_val_acc: 0.5236051502145923
Water_on_Land_train_acc: 0.10714285714285714
Water_on_Land_val_acc: 0.0
Water_on_Water_train_acc: 0.2667928098391675
Water_on_Water_val_acc: 0.5413533834586466
train_abn_cls_loss: 0.7810386091004572
train_abn_att_clip_vit_loss: 0.19067152277396543
train_acc_Landbird: 0.9171645844649647
train_acc_Waterbird: 0.2587601078167116
val_acc_Landbird: 0.759914255091104
val_acc_Waterbird: 0.2706766917293233
TRAIN ACC:        0.7643378519290928
VAL ACC:          0.6513761467889908
BALANCED VAL ACC: 0.5152954734102136
prev best list: []
Saving to trained_weights/waterbirds/abn_att_waterbird_complete95_forest2water2_21050510_trial_000/best_balanced_valacc_0.52_epoch_0.ckpt
>>> EVALUATING ON TEST SET
WATERBIRDS DIR: /home/ryreu/guided_cnn/waterbirds/waterbird_complete95_forest2water2
NUMBER OF SAMPLES WITH LABEL Landbird: 4510
NUMBER OF SAMPLES WITH LABEL Waterbird: 1284
NUMBER OF SAMPLES WITH GROUP Land_on_Land: 2255
NUMBER OF SAMPLES WITH GROUP Land_on_Water: 2255
NUMBER OF SAMPLES WITH GROUP Water_on_Land: 642
NUMBER OF SAMPLES WITH GROUP Water_on_Water: 642
NUM TEST:   5794

Loaded checkpoint trained_weights/waterbirds/abn_att_waterbird_complete95_forest2water2_21050510_trial_000/best_balanced_valacc_0.52_epoch_0.ckpt

  0%|          | 0/5794 [00:00<?, ?it/s]
  0%|          | 1/5794 [00:00<28:00,  3.45it/s]
  0%|          | 7/5794 [00:00<04:30, 21.40it/s]
  0%|          | 13/5794 [00:00<03:00, 32.03it/s]
  0%|          | 19/5794 [00:00<02:27, 39.03it/s]
  0%|          | 25/5794 [00:00<02:11, 43.80it/s]
  1%|          | 31/5794 [00:00<02:03, 46.78it/s]
  1%|          | 37/5794 [00:00<01:56, 49.39it/s]
  1%|          | 43/5794 [00:01<01:52, 51.07it/s]
  1%|          | 49/5794 [00:01<01:49, 52.54it/s]
  1%|          | 55/5794 [00:01<01:48, 52.89it/s]
  1%|          | 61/5794 [00:01<01:47, 53.53it/s]
  1%|          | 67/5794 [00:01<01:49, 52.20it/s]
  1%|▏         | 73/5794 [00:01<01:50, 51.93it/s]
  1%|▏         | 79/5794 [00:01<01:48, 52.51it/s]
  1%|▏         | 85/5794 [00:01<01:49, 51.96it/s]
  2%|▏         | 91/5794 [00:01<01:48, 52.34it/s]
  2%|▏         | 97/5794 [00:02<01:46, 53.37it/s]
  2%|▏         | 103/5794 [00:02<01:44, 54.32it/s]
  2%|▏         | 109/5794 [00:02<01:44, 54.64it/s]
  2%|▏         | 115/5794 [00:02<01:43, 55.10it/s]
  2%|▏         | 121/5794 [00:02<01:42, 55.61it/s]
  2%|▏         | 127/5794 [00:02<01:41, 55.58it/s]
  2%|▏         | 133/5794 [00:02<01:41, 55.90it/s]
  2%|▏         | 139/5794 [00:02<01:40, 56.15it/s]
  3%|▎         | 145/5794 [00:02<01:40, 56.28it/s]
  3%|▎         | 151/5794 [00:03<01:39, 56.44it/s]
  3%|▎         | 157/5794 [00:03<01:40, 56.32it/s]
  3%|▎         | 163/5794 [00:03<01:39, 56.52it/s]
  3%|▎         | 169/5794 [00:03<01:39, 56.63it/s]
  3%|▎         | 175/5794 [00:03<01:39, 56.51it/s]
  3%|▎         | 181/5794 [00:03<01:39, 56.60it/s]
  3%|▎         | 187/5794 [00:03<01:39, 56.63it/s]
  3%|▎         | 193/5794 [00:03<01:39, 56.23it/s]
  3%|▎         | 199/5794 [00:03<01:39, 56.34it/s]
  4%|▎         | 205/5794 [00:03<01:39, 56.40it/s]
  4%|▎         | 211/5794 [00:04<01:40, 55.60it/s]
  4%|▎         | 217/5794 [00:04<01:39, 55.92it/s]
  4%|▍         | 223/5794 [00:04<01:39, 56.07it/s]
  4%|▍         | 229/5794 [00:04<01:39, 56.19it/s]
  4%|▍         | 235/5794 [00:04<01:38, 56.21it/s]
  4%|▍         | 241/5794 [00:04<01:39, 55.77it/s]
  4%|▍         | 247/5794 [00:04<01:39, 55.97it/s]
  4%|▍         | 253/5794 [00:04<01:38, 56.17it/s]
  4%|▍         | 259/5794 [00:04<01:38, 56.17it/s]
  5%|▍         | 265/5794 [00:05<01:38, 56.16it/s]
  5%|▍         | 271/5794 [00:05<01:37, 56.43it/s]
  5%|▍         | 277/5794 [00:05<01:38, 56.20it/s]
  5%|▍         | 283/5794 [00:05<01:38, 56.22it/s]
  5%|▍         | 289/5794 [00:05<01:38, 55.89it/s]
  5%|▌         | 295/5794 [00:05<01:38, 55.81it/s]
  5%|▌         | 301/5794 [00:05<01:37, 56.09it/s]
  5%|▌         | 307/5794 [00:05<01:37, 56.27it/s]
  5%|▌         | 313/5794 [00:05<01:37, 56.12it/s]
  6%|▌         | 319/5794 [00:06<01:38, 55.58it/s]
  6%|▌         | 325/5794 [00:06<01:38, 55.59it/s]
  6%|▌         | 331/5794 [00:06<01:38, 55.69it/s]
  6%|▌         | 337/5794 [00:06<01:38, 55.57it/s]
  6%|▌         | 343/5794 [00:06<01:37, 55.66it/s]
  6%|▌         | 349/5794 [00:06<01:38, 55.54it/s]
  6%|▌         | 355/5794 [00:06<01:37, 55.93it/s]
  6%|▌         | 361/5794 [00:06<01:37, 55.94it/s]
  6%|▋         | 367/5794 [00:06<01:37, 55.91it/s]
  6%|▋         | 373/5794 [00:07<01:36, 56.17it/s]
  7%|▋         | 379/5794 [00:07<01:36, 56.14it/s]
  7%|▋         | 385/5794 [00:07<01:36, 56.11it/s]
  7%|▋         | 391/5794 [00:07<01:35, 56.32it/s]
  7%|▋         | 397/5794 [00:07<01:36, 55.82it/s]
  7%|▋         | 403/5794 [00:07<01:36, 55.76it/s]
  7%|▋         | 409/5794 [00:07<01:36, 55.98it/s]
  7%|▋         | 415/5794 [00:07<01:36, 55.96it/s]
  7%|▋         | 421/5794 [00:07<01:35, 56.17it/s]
  7%|▋         | 427/5794 [00:07<01:36, 55.67it/s]
  7%|▋         | 433/5794 [00:08<01:35, 55.90it/s]
  8%|▊         | 439/5794 [00:08<01:35, 56.21it/s]
  8%|▊         | 445/5794 [00:08<01:35, 56.29it/s]
  8%|▊         | 451/5794 [00:08<01:34, 56.34it/s]
  8%|▊         | 457/5794 [00:08<01:34, 56.40it/s]
  8%|▊         | 463/5794 [00:08<01:34, 56.34it/s]
  8%|▊         | 469/5794 [00:08<01:34, 56.40it/s]
  8%|▊         | 475/5794 [00:08<01:34, 56.49it/s]
  8%|▊         | 481/5794 [00:08<01:34, 56.04it/s]
  8%|▊         | 487/5794 [00:09<01:34, 56.44it/s]
  9%|▊         | 493/5794 [00:09<01:33, 56.55it/s]
  9%|▊         | 499/5794 [00:09<01:33, 56.80it/s]
  9%|▊         | 505/5794 [00:09<01:32, 57.12it/s]
  9%|▉         | 511/5794 [00:09<01:32, 57.23it/s]
  9%|▉         | 517/5794 [00:09<01:32, 57.17it/s]
  9%|▉         | 523/5794 [00:09<01:31, 57.32it/s]
  9%|▉         | 529/5794 [00:09<01:31, 57.45it/s]
  9%|▉         | 535/5794 [00:09<01:31, 57.42it/s]
  9%|▉         | 541/5794 [00:09<01:31, 57.50it/s]
  9%|▉         | 547/5794 [00:10<01:31, 57.48it/s]
 10%|▉         | 553/5794 [00:10<01:31, 57.27it/s]
 10%|▉         | 559/5794 [00:10<01:31, 57.28it/s]
 10%|▉         | 565/5794 [00:10<01:32, 56.57it/s]
 10%|▉         | 571/5794 [00:10<01:34, 55.56it/s]
 10%|▉         | 577/5794 [00:10<01:33, 55.65it/s]
 10%|█         | 583/5794 [00:10<01:33, 55.74it/s]
 10%|█         | 589/5794 [00:10<01:32, 56.07it/s]
 10%|█         | 595/5794 [00:10<01:32, 56.18it/s]
 10%|█         | 601/5794 [00:11<01:32, 56.19it/s]
 10%|█         | 607/5794 [00:11<01:32, 56.22it/s]
 11%|█         | 613/5794 [00:11<01:35, 54.27it/s]
 11%|█         | 619/5794 [00:11<01:34, 54.98it/s]
 11%|█         | 625/5794 [00:11<01:32, 55.62it/s]
 11%|█         | 631/5794 [00:11<01:31, 56.30it/s]
 11%|█         | 637/5794 [00:11<01:31, 56.44it/s]
 11%|█         | 643/5794 [00:11<01:31, 56.23it/s]
 11%|█         | 649/5794 [00:11<01:31, 56.39it/s]
 11%|█▏        | 655/5794 [00:12<01:30, 56.70it/s]
 11%|█▏        | 661/5794 [00:12<01:30, 56.91it/s]
 12%|█▏        | 667/5794 [00:12<01:30, 56.71it/s]
 12%|█▏        | 673/5794 [00:12<01:29, 56.90it/s]
 12%|█▏        | 679/5794 [00:12<01:29, 57.20it/s]
 12%|█▏        | 685/5794 [00:12<01:29, 57.15it/s]
 12%|█▏        | 691/5794 [00:12<01:28, 57.43it/s]
 12%|█▏        | 697/5794 [00:12<01:28, 57.50it/s]
 12%|█▏        | 703/5794 [00:12<01:28, 57.40it/s]
 12%|█▏        | 709/5794 [00:12<01:29, 56.81it/s]
 12%|█▏        | 715/5794 [00:13<01:29, 57.02it/s]
 12%|█▏        | 721/5794 [00:13<01:28, 57.01it/s]
 13%|█▎        | 727/5794 [00:13<01:29, 56.91it/s]
 13%|█▎        | 733/5794 [00:13<01:28, 56.93it/s]
 13%|█▎        | 739/5794 [00:13<01:29, 56.63it/s]
 13%|█▎        | 745/5794 [00:13<01:28, 56.91it/s]
 13%|█▎        | 751/5794 [00:13<01:28, 57.09it/s]
 13%|█▎        | 757/5794 [00:13<01:28, 56.92it/s]
 13%|█▎        | 763/5794 [00:13<01:28, 57.13it/s]
 13%|█▎        | 769/5794 [00:13<01:27, 57.21it/s]
 13%|█▎        | 775/5794 [00:14<01:27, 57.24it/s]
 13%|█▎        | 781/5794 [00:14<01:27, 57.38it/s]
 14%|█▎        | 787/5794 [00:14<01:27, 57.23it/s]
 14%|█▎        | 793/5794 [00:14<01:27, 57.44it/s]
 14%|█▍        | 799/5794 [00:14<01:27, 57.31it/s]
 14%|█▍        | 805/5794 [00:14<01:27, 56.86it/s]
 14%|█▍        | 811/5794 [00:14<01:27, 57.02it/s]
 14%|█▍        | 817/5794 [00:14<01:27, 57.01it/s]
 14%|█▍        | 823/5794 [00:14<01:27, 57.11it/s]
 14%|█▍        | 829/5794 [00:15<01:27, 57.03it/s]
 14%|█▍        | 835/5794 [00:15<01:26, 57.14it/s]
 15%|█▍        | 841/5794 [00:15<01:26, 57.05it/s]
 15%|█▍        | 847/5794 [00:15<01:26, 57.17it/s]
 15%|█▍        | 853/5794 [00:15<01:27, 56.68it/s]
 15%|█▍        | 859/5794 [00:15<01:27, 56.61it/s]
 15%|█▍        | 865/5794 [00:15<01:26, 56.81it/s]
 15%|█▌        | 871/5794 [00:15<01:26, 56.78it/s]
 15%|█▌        | 877/5794 [00:15<01:26, 56.89it/s]
 15%|█▌        | 883/5794 [00:15<01:26, 56.99it/s]
 15%|█▌        | 889/5794 [00:16<01:26, 56.53it/s]
 15%|█▌        | 895/5794 [00:16<01:26, 56.78it/s]
 16%|█▌        | 901/5794 [00:16<01:26, 56.86it/s]
 16%|█▌        | 907/5794 [00:16<01:26, 56.71it/s]
 16%|█▌        | 913/5794 [00:16<01:25, 56.83it/s]
 16%|█▌        | 919/5794 [00:16<01:25, 57.00it/s]
 16%|█▌        | 925/5794 [00:16<01:25, 57.00it/s]
 16%|█▌        | 931/5794 [00:16<01:24, 57.22it/s]
 16%|█▌        | 937/5794 [00:16<01:24, 57.20it/s]
 16%|█▋        | 943/5794 [00:17<01:24, 57.19it/s]
 16%|█▋        | 949/5794 [00:17<01:24, 57.23it/s]
 16%|█▋        | 955/5794 [00:17<01:24, 56.95it/s]
 17%|█▋        | 961/5794 [00:17<01:26, 56.19it/s]
 17%|█▋        | 967/5794 [00:17<01:25, 56.38it/s]
 17%|█▋        | 973/5794 [00:17<01:25, 56.37it/s]
 17%|█▋        | 979/5794 [00:17<01:24, 56.81it/s]
 17%|█▋        | 985/5794 [00:17<01:24, 57.03it/s]
 17%|█▋        | 991/5794 [00:17<01:24, 56.95it/s]
 17%|█▋        | 997/5794 [00:18<01:28, 54.25it/s]
 17%|█▋        | 1003/5794 [00:18<01:30, 52.89it/s]
 17%|█▋        | 1009/5794 [00:18<01:31, 52.03it/s]
 18%|█▊        | 1015/5794 [00:18<01:30, 52.80it/s]
 18%|█▊        | 1021/5794 [00:18<01:31, 52.13it/s]
 18%|█▊        | 1027/5794 [00:18<01:33, 51.16it/s]
 18%|█▊        | 1033/5794 [00:18<01:32, 51.19it/s]
 18%|█▊        | 1039/5794 [00:18<01:32, 51.14it/s]
 18%|█▊        | 1045/5794 [00:18<01:33, 50.99it/s]
 18%|█▊        | 1051/5794 [00:19<01:33, 50.97it/s]
 18%|█▊        | 1057/5794 [00:19<01:33, 50.79it/s]
 18%|█▊        | 1063/5794 [00:19<01:33, 50.54it/s]
 18%|█▊        | 1069/5794 [00:19<01:33, 50.78it/s]
 19%|█▊        | 1075/5794 [00:19<01:33, 50.72it/s]
 19%|█▊        | 1081/5794 [00:19<01:33, 50.38it/s]
 19%|█▉        | 1087/5794 [00:19<01:33, 50.58it/s]
 19%|█▉        | 1093/5794 [00:19<01:32, 50.85it/s]
 19%|█▉        | 1099/5794 [00:20<01:32, 50.56it/s]
 19%|█▉        | 1105/5794 [00:20<01:32, 50.50it/s]
 19%|█▉        | 1111/5794 [00:20<01:32, 50.58it/s]
 19%|█▉        | 1117/5794 [00:20<01:31, 50.98it/s]
 19%|█▉        | 1123/5794 [00:20<01:32, 50.75it/s]
 19%|█▉        | 1129/5794 [00:20<01:31, 50.75it/s]
 20%|█▉        | 1135/5794 [00:20<01:32, 50.44it/s]
 20%|█▉        | 1141/5794 [00:20<01:31, 50.74it/s]
 20%|█▉        | 1147/5794 [00:20<01:31, 50.78it/s]
 20%|█▉        | 1153/5794 [00:21<01:31, 50.54it/s]
 20%|██        | 1159/5794 [00:21<01:31, 50.73it/s]
 20%|██        | 1165/5794 [00:21<01:32, 50.29it/s]
 20%|██        | 1171/5794 [00:21<01:31, 50.31it/s]
 20%|██        | 1177/5794 [00:21<01:31, 50.28it/s]
 20%|██        | 1183/5794 [00:21<01:31, 50.65it/s]
 21%|██        | 1189/5794 [00:21<01:30, 50.84it/s]
 21%|██        | 1195/5794 [00:21<01:30, 50.98it/s]
 21%|██        | 1201/5794 [00:22<01:29, 51.14it/s]
 21%|██        | 1207/5794 [00:22<01:30, 50.85it/s]
 21%|██        | 1213/5794 [00:22<01:30, 50.83it/s]
 21%|██        | 1219/5794 [00:22<01:30, 50.75it/s]
 21%|██        | 1225/5794 [00:22<01:30, 50.66it/s]
 21%|██        | 1231/5794 [00:22<01:30, 50.57it/s]
 21%|██▏       | 1237/5794 [00:22<01:29, 50.85it/s]
 21%|██▏       | 1243/5794 [00:22<01:29, 50.73it/s]
 22%|██▏       | 1249/5794 [00:22<01:30, 50.49it/s]
 22%|██▏       | 1255/5794 [00:23<01:29, 50.83it/s]
 22%|██▏       | 1261/5794 [00:23<01:28, 51.01it/s]
 22%|██▏       | 1267/5794 [00:23<01:28, 51.12it/s]
 22%|██▏       | 1273/5794 [00:23<01:28, 51.35it/s]
 22%|██▏       | 1279/5794 [00:23<01:29, 50.48it/s]
 22%|██▏       | 1285/5794 [00:23<01:28, 50.70it/s]
 22%|██▏       | 1291/5794 [00:23<01:30, 49.90it/s]
 22%|██▏       | 1296/5794 [00:23<01:30, 49.81it/s]
 22%|██▏       | 1302/5794 [00:24<01:29, 50.17it/s]
 23%|██▎       | 1308/5794 [00:24<01:28, 50.59it/s]
 23%|██▎       | 1314/5794 [00:24<01:28, 50.47it/s]
 23%|██▎       | 1320/5794 [00:24<01:28, 50.59it/s]
 23%|██▎       | 1326/5794 [00:24<01:28, 50.62it/s]
 23%|██▎       | 1332/5794 [00:24<01:28, 50.61it/s]
 23%|██▎       | 1338/5794 [00:24<01:27, 51.00it/s]
 23%|██▎       | 1344/5794 [00:24<01:27, 50.98it/s]
 23%|██▎       | 1350/5794 [00:24<01:26, 51.41it/s]
 23%|██▎       | 1356/5794 [00:25<01:23, 52.86it/s]
 24%|██▎       | 1362/5794 [00:25<01:22, 54.02it/s]
 24%|██▎       | 1368/5794 [00:25<01:21, 54.62it/s]
 24%|██▎       | 1374/5794 [00:25<01:20, 54.81it/s]
 24%|██▍       | 1380/5794 [00:25<01:20, 54.79it/s]
 24%|██▍       | 1386/5794 [00:25<01:20, 54.92it/s]
 24%|██▍       | 1392/5794 [00:25<01:19, 55.31it/s]
 24%|██▍       | 1398/5794 [00:25<01:20, 54.81it/s]
 24%|██▍       | 1404/5794 [00:25<01:19, 55.02it/s]
 24%|██▍       | 1410/5794 [00:26<01:19, 54.86it/s]
 24%|██▍       | 1416/5794 [00:26<01:20, 54.47it/s]
 25%|██▍       | 1422/5794 [00:26<01:19, 54.94it/s]
 25%|██▍       | 1428/5794 [00:26<01:18, 55.48it/s]
 25%|██▍       | 1434/5794 [00:26<01:18, 55.88it/s]
 25%|██▍       | 1440/5794 [00:26<01:17, 56.33it/s]
 25%|██▍       | 1446/5794 [00:26<01:17, 55.85it/s]
 25%|██▌       | 1452/5794 [00:26<01:19, 54.68it/s]
 25%|██▌       | 1458/5794 [00:26<01:18, 55.29it/s]
 25%|██▌       | 1464/5794 [00:27<01:17, 55.93it/s]
 25%|██▌       | 1470/5794 [00:27<01:18, 55.08it/s]
 25%|██▌       | 1476/5794 [00:27<01:17, 55.60it/s]
 26%|██▌       | 1482/5794 [00:27<01:17, 55.57it/s]
 26%|██▌       | 1488/5794 [00:27<01:17, 55.80it/s]
 26%|██▌       | 1494/5794 [00:27<01:17, 55.78it/s]
 26%|██▌       | 1500/5794 [00:27<01:16, 55.84it/s]
 26%|██▌       | 1506/5794 [00:27<01:16, 56.40it/s]
 26%|██▌       | 1512/5794 [00:27<01:15, 56.53it/s]
 26%|██▌       | 1518/5794 [00:27<01:15, 56.66it/s]
 26%|██▋       | 1524/5794 [00:28<01:15, 56.72it/s]
 26%|██▋       | 1530/5794 [00:28<01:14, 56.91it/s]
 27%|██▋       | 1536/5794 [00:28<01:14, 56.80it/s]
 27%|██▋       | 1542/5794 [00:28<01:14, 56.98it/s]
 27%|██▋       | 1548/5794 [00:28<01:14, 57.08it/s]
 27%|██▋       | 1554/5794 [00:28<01:14, 57.07it/s]
 27%|██▋       | 1560/5794 [00:28<01:14, 57.15it/s]
 27%|██▋       | 1566/5794 [00:28<01:13, 57.17it/s]
 27%|██▋       | 1572/5794 [00:28<01:14, 56.46it/s]
 27%|██▋       | 1578/5794 [00:29<01:15, 56.20it/s]
 27%|██▋       | 1584/5794 [00:29<01:14, 56.44it/s]
 27%|██▋       | 1590/5794 [00:29<01:14, 56.58it/s]
 28%|██▊       | 1596/5794 [00:29<01:14, 56.23it/s]
 28%|██▊       | 1602/5794 [00:29<01:14, 56.50it/s]
 28%|██▊       | 1608/5794 [00:29<01:13, 56.86it/s]
 28%|██▊       | 1614/5794 [00:29<01:13, 57.14it/s]
 28%|██▊       | 1620/5794 [00:29<01:12, 57.18it/s]
 28%|██▊       | 1626/5794 [00:29<01:12, 57.35it/s]
 28%|██▊       | 1632/5794 [00:29<01:12, 57.41it/s]
 28%|██▊       | 1638/5794 [00:30<01:12, 57.31it/s]
 28%|██▊       | 1644/5794 [00:30<01:12, 57.49it/s]
 28%|██▊       | 1650/5794 [00:30<01:12, 57.53it/s]
 29%|██▊       | 1656/5794 [00:30<01:13, 56.33it/s]
 29%|██▊       | 1662/5794 [00:30<01:13, 56.14it/s]
 29%|██▉       | 1668/5794 [00:30<01:13, 56.03it/s]
 29%|██▉       | 1674/5794 [00:30<01:13, 56.41it/s]
 29%|██▉       | 1680/5794 [00:30<01:12, 56.83it/s]
 29%|██▉       | 1686/5794 [00:30<01:12, 57.00it/s]
 29%|██▉       | 1692/5794 [00:31<01:11, 57.11it/s]
 29%|██▉       | 1698/5794 [00:31<01:11, 57.24it/s]
 29%|██▉       | 1704/5794 [00:31<01:13, 55.98it/s]
 30%|██▉       | 1710/5794 [00:31<01:15, 54.35it/s]
 30%|██▉       | 1716/5794 [00:31<01:17, 52.65it/s]
 30%|██▉       | 1722/5794 [00:31<01:18, 52.18it/s]
 30%|██▉       | 1728/5794 [00:31<01:18, 51.83it/s]
 30%|██▉       | 1734/5794 [00:31<01:18, 51.81it/s]
 30%|███       | 1740/5794 [00:31<01:18, 51.59it/s]
 30%|███       | 1746/5794 [00:32<01:18, 51.47it/s]
 30%|███       | 1752/5794 [00:32<01:19, 50.84it/s]
 30%|███       | 1758/5794 [00:32<01:19, 50.89it/s]
 30%|███       | 1764/5794 [00:32<01:18, 51.04it/s]
 31%|███       | 1770/5794 [00:32<01:19, 50.57it/s]
 31%|███       | 1776/5794 [00:32<01:19, 50.76it/s]
 31%|███       | 1782/5794 [00:32<01:18, 50.98it/s]
 31%|███       | 1788/5794 [00:32<01:18, 50.74it/s]
 31%|███       | 1794/5794 [00:33<01:19, 50.61it/s]
 31%|███       | 1800/5794 [00:33<01:18, 50.88it/s]
 31%|███       | 1806/5794 [00:33<01:17, 51.27it/s]
 31%|███▏      | 1812/5794 [00:33<01:16, 51.80it/s]
 31%|███▏      | 1818/5794 [00:33<01:17, 51.48it/s]
 31%|███▏      | 1824/5794 [00:33<01:16, 51.77it/s]
 32%|███▏      | 1830/5794 [00:33<01:15, 52.18it/s]
 32%|███▏      | 1836/5794 [00:33<01:15, 52.40it/s]
 32%|███▏      | 1842/5794 [00:33<01:15, 52.42it/s]
 32%|███▏      | 1848/5794 [00:34<01:14, 52.62it/s]
 32%|███▏      | 1854/5794 [00:34<01:14, 52.76it/s]
 32%|███▏      | 1860/5794 [00:34<01:14, 52.62it/s]
 32%|███▏      | 1866/5794 [00:34<01:14, 52.71it/s]
 32%|███▏      | 1872/5794 [00:34<01:14, 52.77it/s]
 32%|███▏      | 1878/5794 [00:34<01:14, 52.75it/s]
 33%|███▎      | 1884/5794 [00:34<01:13, 52.87it/s]
 33%|███▎      | 1890/5794 [00:34<01:13, 52.86it/s]
 33%|███▎      | 1896/5794 [00:34<01:14, 52.41it/s]
 33%|███▎      | 1902/5794 [00:35<01:14, 52.23it/s]
 33%|███▎      | 1908/5794 [00:35<01:14, 52.13it/s]
 33%|███▎      | 1914/5794 [00:35<01:14, 52.39it/s]
 33%|███▎      | 1920/5794 [00:35<01:14, 52.24it/s]
 33%|███▎      | 1926/5794 [00:35<01:14, 52.21it/s]
 33%|███▎      | 1932/5794 [00:35<01:13, 52.36it/s]
 33%|███▎      | 1938/5794 [00:35<01:13, 52.48it/s]
 34%|███▎      | 1944/5794 [00:35<01:13, 52.39it/s]
 34%|███▎      | 1950/5794 [00:36<01:13, 52.48it/s]
 34%|███▍      | 1956/5794 [00:36<01:13, 52.27it/s]
 34%|███▍      | 1962/5794 [00:36<01:13, 52.34it/s]
 34%|███▍      | 1968/5794 [00:36<01:13, 52.40it/s]
 34%|███▍      | 1974/5794 [00:36<01:12, 52.52it/s]
 34%|███▍      | 1980/5794 [00:36<01:12, 52.41it/s]
 34%|███▍      | 1986/5794 [00:36<01:12, 52.70it/s]
 34%|███▍      | 1992/5794 [00:36<01:12, 52.55it/s]
 34%|███▍      | 1998/5794 [00:36<01:12, 52.68it/s]
 35%|███▍      | 2004/5794 [00:37<01:11, 52.74it/s]
 35%|███▍      | 2010/5794 [00:37<01:11, 52.64it/s]
 35%|███▍      | 2016/5794 [00:37<01:11, 52.69it/s]
 35%|███▍      | 2022/5794 [00:37<01:11, 52.92it/s]
 35%|███▌      | 2028/5794 [00:37<01:11, 52.85it/s]
 35%|███▌      | 2034/5794 [00:37<01:11, 52.80it/s]
 35%|███▌      | 2040/5794 [00:37<01:11, 52.86it/s]
 35%|███▌      | 2046/5794 [00:37<01:10, 52.82it/s]
 35%|███▌      | 2052/5794 [00:37<01:10, 52.90it/s]
 36%|███▌      | 2058/5794 [00:38<01:11, 52.61it/s]
 36%|███▌      | 2064/5794 [00:38<01:10, 52.70it/s]
 36%|███▌      | 2070/5794 [00:38<01:10, 52.91it/s]
 36%|███▌      | 2076/5794 [00:38<01:10, 52.97it/s]
 36%|███▌      | 2082/5794 [00:38<01:10, 52.41it/s]
 36%|███▌      | 2088/5794 [00:38<01:10, 52.72it/s]
 36%|███▌      | 2094/5794 [00:38<01:10, 52.83it/s]
 36%|███▌      | 2100/5794 [00:38<01:09, 52.90it/s]
 36%|███▋      | 2106/5794 [00:38<01:09, 53.09it/s]
 36%|███▋      | 2112/5794 [00:39<01:10, 52.46it/s]
 37%|███▋      | 2118/5794 [00:39<01:09, 52.57it/s]
 37%|███▋      | 2124/5794 [00:39<01:10, 51.86it/s]
 37%|███▋      | 2130/5794 [00:39<01:10, 52.09it/s]
 37%|███▋      | 2136/5794 [00:39<01:09, 52.38it/s]
 37%|███▋      | 2142/5794 [00:39<01:09, 52.57it/s]
 37%|███▋      | 2148/5794 [00:39<01:09, 52.54it/s]
 37%|███▋      | 2154/5794 [00:39<01:08, 52.81it/s]
 37%|███▋      | 2160/5794 [00:40<01:08, 52.97it/s]
 37%|███▋      | 2166/5794 [00:40<01:08, 52.65it/s]
 37%|███▋      | 2172/5794 [00:40<01:09, 52.39it/s]
 38%|███▊      | 2178/5794 [00:40<01:08, 52.72it/s]
 38%|███▊      | 2184/5794 [00:40<01:08, 52.55it/s]
 38%|███▊      | 2190/5794 [00:40<01:08, 52.83it/s]
 38%|███▊      | 2196/5794 [00:40<01:07, 52.96it/s]
 38%|███▊      | 2202/5794 [00:40<01:07, 52.88it/s]
 38%|███▊      | 2208/5794 [00:40<01:07, 53.12it/s]
 38%|███▊      | 2214/5794 [00:41<01:07, 52.68it/s]
 38%|███▊      | 2220/5794 [00:41<01:07, 52.86it/s]
 38%|███▊      | 2226/5794 [00:41<01:07, 52.99it/s]
 39%|███▊      | 2232/5794 [00:41<01:07, 52.85it/s]
 39%|███▊      | 2238/5794 [00:41<01:07, 53.07it/s]
 39%|███▊      | 2244/5794 [00:41<01:06, 53.20it/s]
 39%|███▉      | 2250/5794 [00:41<01:06, 53.18it/s]
 39%|███▉      | 2256/5794 [00:41<01:06, 53.08it/s]
 39%|███▉      | 2262/5794 [00:41<01:07, 52.56it/s]
 39%|███▉      | 2268/5794 [00:42<01:07, 52.18it/s]
 39%|███▉      | 2274/5794 [00:42<01:07, 52.03it/s]
 39%|███▉      | 2280/5794 [00:42<01:08, 51.62it/s]
 39%|███▉      | 2286/5794 [00:42<01:08, 51.02it/s]
 40%|███▉      | 2292/5794 [00:42<01:08, 51.25it/s]
 40%|███▉      | 2298/5794 [00:42<01:08, 51.02it/s]
 40%|███▉      | 2304/5794 [00:42<01:08, 50.69it/s]
 40%|███▉      | 2310/5794 [00:42<01:08, 51.02it/s]
 40%|███▉      | 2316/5794 [00:43<01:08, 50.88it/s]
 40%|████      | 2322/5794 [00:43<01:08, 50.53it/s]
 40%|████      | 2328/5794 [00:43<01:08, 50.83it/s]
 40%|████      | 2334/5794 [00:43<01:07, 50.88it/s]
 40%|████      | 2340/5794 [00:43<01:07, 50.90it/s]
 40%|████      | 2346/5794 [00:43<01:07, 51.18it/s]
 41%|████      | 2352/5794 [00:43<01:08, 50.50it/s]
 41%|████      | 2358/5794 [00:43<01:07, 50.60it/s]
 41%|████      | 2364/5794 [00:43<01:06, 51.51it/s]
 41%|████      | 2370/5794 [00:44<01:06, 51.27it/s]
 41%|████      | 2376/5794 [00:44<01:07, 50.93it/s]
 41%|████      | 2382/5794 [00:44<01:07, 50.74it/s]
 41%|████      | 2388/5794 [00:44<01:06, 50.84it/s]
 41%|████▏     | 2394/5794 [00:44<01:07, 50.63it/s]
 41%|████▏     | 2400/5794 [00:44<01:07, 50.63it/s]
 42%|████▏     | 2406/5794 [00:44<01:06, 50.78it/s]
 42%|████▏     | 2412/5794 [00:44<01:06, 50.89it/s]
 42%|████▏     | 2418/5794 [00:45<01:06, 50.90it/s]
 42%|████▏     | 2424/5794 [00:45<01:06, 51.01it/s]
 42%|████▏     | 2430/5794 [00:45<01:06, 50.28it/s]
 42%|████▏     | 2436/5794 [00:45<01:07, 50.00it/s]
 42%|████▏     | 2442/5794 [00:45<01:06, 50.06it/s]
 42%|████▏     | 2448/5794 [00:45<01:04, 51.86it/s]
 42%|████▏     | 2454/5794 [00:45<01:02, 53.25it/s]
 42%|████▏     | 2460/5794 [00:45<01:01, 54.39it/s]
 43%|████▎     | 2466/5794 [00:45<01:00, 55.17it/s]
 43%|████▎     | 2472/5794 [00:46<00:59, 55.61it/s]
 43%|████▎     | 2478/5794 [00:46<00:59, 56.08it/s]
 43%|████▎     | 2484/5794 [00:46<00:58, 56.35it/s]
 43%|████▎     | 2490/5794 [00:46<00:59, 55.97it/s]
 43%|████▎     | 2496/5794 [00:46<00:58, 56.23it/s]
 43%|████▎     | 2502/5794 [00:46<00:58, 56.49it/s]
 43%|████▎     | 2508/5794 [00:46<00:57, 56.77it/s]
 43%|████▎     | 2514/5794 [00:46<00:57, 57.11it/s]
 43%|████▎     | 2520/5794 [00:46<00:58, 55.75it/s]
 44%|████▎     | 2526/5794 [00:46<01:00, 54.13it/s]
 44%|████▎     | 2532/5794 [00:47<01:01, 52.82it/s]
 44%|████▍     | 2538/5794 [00:47<01:02, 52.38it/s]
 44%|████▍     | 2544/5794 [00:47<01:02, 51.83it/s]
 44%|████▍     | 2550/5794 [00:47<01:03, 51.43it/s]
 44%|████▍     | 2556/5794 [00:47<01:03, 51.06it/s]
 44%|████▍     | 2562/5794 [00:47<01:03, 50.93it/s]
 44%|████▍     | 2568/5794 [00:47<01:03, 51.12it/s]
 44%|████▍     | 2574/5794 [00:47<01:03, 51.08it/s]
 45%|████▍     | 2580/5794 [00:48<01:02, 51.06it/s]
 45%|████▍     | 2586/5794 [00:48<01:03, 50.78it/s]
 45%|████▍     | 2592/5794 [00:48<01:02, 50.83it/s]
 45%|████▍     | 2598/5794 [00:48<01:02, 50.90it/s]
 45%|████▍     | 2604/5794 [00:48<01:03, 50.46it/s]
 45%|████▌     | 2610/5794 [00:48<01:02, 50.67it/s]
 45%|████▌     | 2616/5794 [00:48<01:02, 50.73it/s]
 45%|████▌     | 2622/5794 [00:48<01:03, 50.32it/s]
 45%|████▌     | 2628/5794 [00:48<01:02, 50.62it/s]
 45%|████▌     | 2634/5794 [00:49<01:02, 50.53it/s]
 46%|████▌     | 2640/5794 [00:49<01:02, 50.61it/s]
 46%|████▌     | 2646/5794 [00:49<01:01, 50.89it/s]
 46%|████▌     | 2652/5794 [00:49<01:01, 50.99it/s]
 46%|████▌     | 2658/5794 [00:49<01:02, 50.37it/s]
 46%|████▌     | 2664/5794 [00:49<01:00, 52.12it/s]
 46%|████▌     | 2670/5794 [00:49<00:59, 52.34it/s]
 46%|████▌     | 2676/5794 [00:49<01:00, 51.28it/s]
 46%|████▋     | 2682/5794 [00:50<01:00, 51.03it/s]
 46%|████▋     | 2688/5794 [00:50<01:00, 51.01it/s]
 46%|████▋     | 2694/5794 [00:50<01:01, 50.24it/s]
 47%|████▋     | 2700/5794 [00:50<01:01, 50.40it/s]
 47%|████▋     | 2706/5794 [00:50<01:01, 50.39it/s]
 47%|████▋     | 2712/5794 [00:50<01:00, 50.57it/s]
 47%|████▋     | 2718/5794 [00:50<01:00, 50.77it/s]
 47%|████▋     | 2724/5794 [00:50<01:00, 50.92it/s]
 47%|████▋     | 2730/5794 [00:51<01:00, 50.57it/s]
 47%|████▋     | 2736/5794 [00:51<01:00, 50.60it/s]
 47%|████▋     | 2742/5794 [00:51<01:00, 50.58it/s]
 47%|████▋     | 2748/5794 [00:51<01:00, 50.32it/s]
 48%|████▊     | 2754/5794 [00:51<01:00, 50.45it/s]
 48%|████▊     | 2760/5794 [00:51<00:59, 50.59it/s]
 48%|████▊     | 2766/5794 [00:51<00:59, 50.51it/s]
 48%|████▊     | 2772/5794 [00:51<00:59, 50.58it/s]
 48%|████▊     | 2778/5794 [00:51<00:59, 50.67it/s]
 48%|████▊     | 2784/5794 [00:52<00:59, 50.78it/s]
 48%|████▊     | 2790/5794 [00:52<00:58, 50.94it/s]
 48%|████▊     | 2796/5794 [00:52<00:58, 51.04it/s]
 48%|████▊     | 2802/5794 [00:52<00:56, 52.83it/s]
 48%|████▊     | 2808/5794 [00:52<00:55, 54.17it/s]
 49%|████▊     | 2814/5794 [00:52<00:53, 55.50it/s]
 49%|████▊     | 2820/5794 [00:52<00:52, 56.37it/s]
 49%|████▉     | 2826/5794 [00:52<00:52, 56.47it/s]
 49%|████▉     | 2832/5794 [00:52<00:51, 57.12it/s]
 49%|████▉     | 2838/5794 [00:53<00:51, 57.76it/s]
 49%|████▉     | 2844/5794 [00:53<00:51, 57.29it/s]
 49%|████▉     | 2850/5794 [00:53<00:51, 57.48it/s]
 49%|████▉     | 2856/5794 [00:53<00:50, 57.95it/s]
 49%|████▉     | 2862/5794 [00:53<00:50, 57.91it/s]
 49%|████▉     | 2868/5794 [00:53<00:50, 58.33it/s]
 50%|████▉     | 2874/5794 [00:53<00:49, 58.40it/s]
 50%|████▉     | 2880/5794 [00:53<00:49, 58.50it/s]
 50%|████▉     | 2886/5794 [00:53<00:49, 58.26it/s]
 50%|████▉     | 2892/5794 [00:53<00:50, 57.91it/s]
 50%|█████     | 2898/5794 [00:54<00:49, 57.98it/s]
 50%|█████     | 2904/5794 [00:54<00:49, 58.04it/s]
 50%|█████     | 2910/5794 [00:54<00:50, 57.34it/s]
 50%|█████     | 2916/5794 [00:54<00:49, 57.69it/s]
 50%|█████     | 2922/5794 [00:54<00:49, 58.07it/s]
 51%|█████     | 2928/5794 [00:54<00:49, 57.70it/s]
 51%|█████     | 2934/5794 [00:54<00:49, 57.47it/s]
 51%|█████     | 2940/5794 [00:54<00:50, 56.23it/s]
 51%|█████     | 2946/5794 [00:54<00:52, 54.32it/s]
 51%|█████     | 2952/5794 [00:55<00:53, 53.47it/s]
 51%|█████     | 2958/5794 [00:55<00:53, 52.62it/s]
 51%|█████     | 2964/5794 [00:55<00:54, 51.72it/s]
 51%|█████▏    | 2970/5794 [00:55<00:55, 51.22it/s]
 51%|█████▏    | 2976/5794 [00:55<00:55, 50.97it/s]
 51%|█████▏    | 2982/5794 [00:55<00:55, 50.63it/s]
 52%|█████▏    | 2988/5794 [00:55<00:55, 50.35it/s]
 52%|█████▏    | 2994/5794 [00:55<00:55, 50.54it/s]
 52%|█████▏    | 3000/5794 [00:55<00:54, 50.84it/s]
 52%|█████▏    | 3006/5794 [00:56<00:53, 52.54it/s]
 52%|█████▏    | 3012/5794 [00:56<00:51, 53.85it/s]
 52%|█████▏    | 3018/5794 [00:56<00:51, 54.27it/s]
 52%|█████▏    | 3024/5794 [00:56<00:50, 54.89it/s]
 52%|█████▏    | 3030/5794 [00:56<00:50, 55.09it/s]
 52%|█████▏    | 3036/5794 [00:56<00:49, 55.59it/s]
 53%|█████▎    | 3042/5794 [00:56<00:49, 55.74it/s]
 53%|█████▎    | 3048/5794 [00:56<00:49, 55.81it/s]
 53%|█████▎    | 3054/5794 [00:56<00:48, 55.97it/s]
 53%|█████▎    | 3060/5794 [00:57<00:48, 56.40it/s]
 53%|█████▎    | 3066/5794 [00:57<00:48, 56.58it/s]
 53%|█████▎    | 3072/5794 [00:57<00:47, 56.75it/s]
 53%|█████▎    | 3078/5794 [00:57<00:48, 56.47it/s]
 53%|█████▎    | 3084/5794 [00:57<00:48, 56.14it/s]
 53%|█████▎    | 3090/5794 [00:57<00:47, 56.47it/s]
 53%|█████▎    | 3096/5794 [00:57<00:47, 56.89it/s]
 54%|█████▎    | 3102/5794 [00:57<00:48, 55.52it/s]
 54%|█████▎    | 3108/5794 [00:57<00:48, 55.09it/s]
 54%|█████▎    | 3114/5794 [00:58<00:49, 53.87it/s]
 54%|█████▍    | 3120/5794 [00:58<00:50, 53.15it/s]
 54%|█████▍    | 3126/5794 [00:58<00:48, 54.46it/s]
 54%|█████▍    | 3132/5794 [00:58<00:48, 55.33it/s]
 54%|█████▍    | 3138/5794 [00:58<00:47, 56.15it/s]
 54%|█████▍    | 3144/5794 [00:58<00:46, 56.61it/s]
 54%|█████▍    | 3150/5794 [00:58<00:46, 56.99it/s]
 54%|█████▍    | 3156/5794 [00:58<00:46, 56.59it/s]
 55%|█████▍    | 3162/5794 [00:58<00:47, 55.08it/s]
 55%|█████▍    | 3168/5794 [00:59<00:48, 54.01it/s]
 55%|█████▍    | 3174/5794 [00:59<00:49, 52.75it/s]
 55%|█████▍    | 3180/5794 [00:59<00:50, 52.26it/s]
 55%|█████▍    | 3186/5794 [00:59<00:50, 51.38it/s]
 55%|█████▌    | 3192/5794 [00:59<00:50, 51.48it/s]
 55%|█████▌    | 3198/5794 [00:59<00:50, 51.51it/s]
 55%|█████▌    | 3204/5794 [00:59<00:50, 51.38it/s]
 55%|█████▌    | 3210/5794 [00:59<00:50, 51.61it/s]
 56%|█████▌    | 3216/5794 [00:59<00:50, 51.33it/s]
 56%|█████▌    | 3222/5794 [01:00<00:50, 51.38it/s]
 56%|█████▌    | 3228/5794 [01:00<00:49, 51.40it/s]
 56%|█████▌    | 3234/5794 [01:00<00:49, 51.22it/s]
 56%|█████▌    | 3240/5794 [01:00<00:49, 51.25it/s]
 56%|█████▌    | 3246/5794 [01:00<00:49, 51.29it/s]
 56%|█████▌    | 3252/5794 [01:00<00:49, 51.33it/s]
 56%|█████▌    | 3258/5794 [01:00<00:49, 51.52it/s]
 56%|█████▋    | 3264/5794 [01:00<00:49, 51.40it/s]
 56%|█████▋    | 3270/5794 [01:00<00:49, 51.25it/s]
 57%|█████▋    | 3276/5794 [01:01<00:49, 51.39it/s]
 57%|█████▋    | 3282/5794 [01:01<00:48, 51.48it/s]
 57%|█████▋    | 3288/5794 [01:01<00:48, 51.44it/s]
 57%|█████▋    | 3294/5794 [01:01<00:48, 51.58it/s]
 57%|█████▋    | 3300/5794 [01:01<00:48, 51.58it/s]
 57%|█████▋    | 3306/5794 [01:01<00:48, 51.58it/s]
 57%|█████▋    | 3312/5794 [01:01<00:48, 51.59it/s]
 57%|█████▋    | 3318/5794 [01:01<00:47, 51.75it/s]
 57%|█████▋    | 3324/5794 [01:02<00:47, 51.70it/s]
 57%|█████▋    | 3330/5794 [01:02<00:47, 51.81it/s]
 58%|█████▊    | 3336/5794 [01:02<00:47, 51.61it/s]
 58%|█████▊    | 3342/5794 [01:02<00:47, 51.84it/s]
 58%|█████▊    | 3348/5794 [01:02<00:47, 51.55it/s]
 58%|█████▊    | 3354/5794 [01:02<00:47, 51.68it/s]
 58%|█████▊    | 3360/5794 [01:02<00:46, 51.80it/s]
 58%|█████▊    | 3366/5794 [01:02<00:46, 51.86it/s]
 58%|█████▊    | 3372/5794 [01:02<00:46, 51.77it/s]
 58%|█████▊    | 3378/5794 [01:03<00:46, 51.46it/s]
 58%|█████▊    | 3384/5794 [01:03<00:46, 51.56it/s]
 59%|█████▊    | 3390/5794 [01:03<00:46, 51.51it/s]
 59%|█████▊    | 3396/5794 [01:03<00:46, 51.76it/s]
 59%|█████▊    | 3402/5794 [01:03<00:46, 51.85it/s]
 59%|█████▉    | 3408/5794 [01:03<00:46, 51.86it/s]
 59%|█████▉    | 3414/5794 [01:03<00:45, 51.98it/s]
 59%|█████▉    | 3420/5794 [01:03<00:45, 51.99it/s]
 59%|█████▉    | 3426/5794 [01:04<00:45, 52.04it/s]
 59%|█████▉    | 3432/5794 [01:04<00:45, 52.01it/s]
 59%|█████▉    | 3438/5794 [01:04<00:45, 51.46it/s]
 59%|█████▉    | 3444/5794 [01:04<00:45, 51.67it/s]
 60%|█████▉    | 3450/5794 [01:04<00:45, 51.79it/s]
 60%|█████▉    | 3456/5794 [01:04<00:45, 51.73it/s]
 60%|█████▉    | 3462/5794 [01:04<00:44, 51.83it/s]
 60%|█████▉    | 3468/5794 [01:04<00:44, 51.84it/s]
 60%|█████▉    | 3474/5794 [01:04<00:44, 51.77it/s]
 60%|██████    | 3480/5794 [01:05<00:44, 51.78it/s]
 60%|██████    | 3486/5794 [01:05<00:44, 51.52it/s]
 60%|██████    | 3492/5794 [01:05<00:44, 51.27it/s]
 60%|██████    | 3498/5794 [01:05<00:44, 51.21it/s]
 60%|██████    | 3504/5794 [01:05<00:45, 50.84it/s]
 61%|██████    | 3510/5794 [01:05<00:45, 50.36it/s]
 61%|██████    | 3516/5794 [01:05<00:45, 50.56it/s]
 61%|██████    | 3522/5794 [01:05<00:45, 50.47it/s]
 61%|██████    | 3528/5794 [01:06<00:45, 49.78it/s]
 61%|██████    | 3534/5794 [01:06<00:45, 50.09it/s]
 61%|██████    | 3540/5794 [01:06<00:45, 50.00it/s]
 61%|██████    | 3546/5794 [01:06<00:45, 49.92it/s]
 61%|██████▏   | 3552/5794 [01:06<00:44, 50.21it/s]
 61%|██████▏   | 3558/5794 [01:06<00:44, 50.21it/s]
 62%|██████▏   | 3564/5794 [01:06<00:44, 50.51it/s]
 62%|██████▏   | 3570/5794 [01:06<00:43, 50.60it/s]
 62%|██████▏   | 3576/5794 [01:06<00:44, 50.10it/s]
 62%|██████▏   | 3582/5794 [01:07<00:44, 49.93it/s]
 62%|██████▏   | 3588/5794 [01:07<00:43, 50.22it/s]
 62%|██████▏   | 3594/5794 [01:07<00:43, 50.17it/s]
 62%|██████▏   | 3600/5794 [01:07<00:44, 49.78it/s]
 62%|██████▏   | 3606/5794 [01:07<00:43, 49.91it/s]
 62%|██████▏   | 3611/5794 [01:07<00:43, 49.91it/s]
 62%|██████▏   | 3616/5794 [01:07<00:43, 49.81it/s]
 63%|██████▎   | 3622/5794 [01:07<00:43, 50.02it/s]
 63%|██████▎   | 3628/5794 [01:08<00:43, 50.10it/s]
 63%|██████▎   | 3634/5794 [01:08<00:42, 50.36it/s]
 63%|██████▎   | 3640/5794 [01:08<00:42, 50.61it/s]
 63%|██████▎   | 3646/5794 [01:08<00:42, 50.68it/s]
 63%|██████▎   | 3652/5794 [01:08<00:42, 50.22it/s]
 63%|██████▎   | 3658/5794 [01:08<00:42, 49.97it/s]
 63%|██████▎   | 3664/5794 [01:08<00:42, 50.12it/s]
 63%|██████▎   | 3670/5794 [01:08<00:42, 49.82it/s]
 63%|██████▎   | 3676/5794 [01:08<00:42, 49.83it/s]
 64%|██████▎   | 3682/5794 [01:09<00:42, 49.96it/s]
 64%|██████▎   | 3687/5794 [01:09<00:42, 49.84it/s]
 64%|██████▎   | 3692/5794 [01:09<00:42, 49.69it/s]
 64%|██████▍   | 3698/5794 [01:09<00:41, 50.01it/s]
 64%|██████▍   | 3704/5794 [01:09<00:41, 50.30it/s]
 64%|██████▍   | 3710/5794 [01:09<00:41, 50.25it/s]
 64%|██████▍   | 3716/5794 [01:09<00:41, 50.53it/s]
 64%|██████▍   | 3722/5794 [01:09<00:41, 50.38it/s]
 64%|██████▍   | 3728/5794 [01:09<00:41, 50.16it/s]
 64%|██████▍   | 3734/5794 [01:10<00:40, 50.44it/s]
 65%|██████▍   | 3740/5794 [01:10<00:41, 50.01it/s]
 65%|██████▍   | 3746/5794 [01:10<00:40, 49.97it/s]
 65%|██████▍   | 3752/5794 [01:10<00:40, 50.16it/s]
 65%|██████▍   | 3758/5794 [01:10<00:41, 49.53it/s]
 65%|██████▍   | 3763/5794 [01:10<00:41, 49.49it/s]
 65%|██████▌   | 3769/5794 [01:10<00:40, 49.95it/s]
 65%|██████▌   | 3775/5794 [01:10<00:40, 50.16it/s]
 65%|██████▌   | 3781/5794 [01:11<00:40, 50.30it/s]
 65%|██████▌   | 3787/5794 [01:11<00:38, 51.73it/s]
 65%|██████▌   | 3793/5794 [01:11<00:37, 53.41it/s]
 66%|██████▌   | 3799/5794 [01:11<00:36, 54.46it/s]
 66%|██████▌   | 3805/5794 [01:11<00:35, 55.35it/s]
 66%|██████▌   | 3811/5794 [01:11<00:35, 55.75it/s]
 66%|██████▌   | 3817/5794 [01:11<00:35, 56.14it/s]
 66%|██████▌   | 3823/5794 [01:11<00:34, 56.62it/s]
 66%|██████▌   | 3829/5794 [01:11<00:34, 56.15it/s]
 66%|██████▌   | 3835/5794 [01:12<00:34, 56.25it/s]
 66%|██████▋   | 3841/5794 [01:12<00:34, 56.52it/s]
 66%|██████▋   | 3847/5794 [01:12<00:34, 56.81it/s]
 66%|██████▋   | 3853/5794 [01:12<00:34, 56.20it/s]
 67%|██████▋   | 3859/5794 [01:12<00:34, 56.27it/s]
 67%|██████▋   | 3865/5794 [01:12<00:34, 56.23it/s]
 67%|██████▋   | 3871/5794 [01:12<00:33, 56.71it/s]
 67%|██████▋   | 3877/5794 [01:12<00:33, 56.85it/s]
 67%|██████▋   | 3883/5794 [01:12<00:33, 56.89it/s]
 67%|██████▋   | 3889/5794 [01:12<00:33, 57.12it/s]
 67%|██████▋   | 3895/5794 [01:13<00:33, 57.09it/s]
 67%|██████▋   | 3901/5794 [01:13<00:33, 57.14it/s]
 67%|██████▋   | 3907/5794 [01:13<00:33, 57.08it/s]
 68%|██████▊   | 3913/5794 [01:13<00:32, 57.17it/s]
 68%|██████▊   | 3919/5794 [01:13<00:33, 56.76it/s]
 68%|██████▊   | 3925/5794 [01:13<00:32, 56.89it/s]
 68%|██████▊   | 3931/5794 [01:13<00:32, 56.90it/s]
 68%|██████▊   | 3937/5794 [01:13<00:32, 56.99it/s]
 68%|██████▊   | 3943/5794 [01:13<00:32, 56.83it/s]
 68%|██████▊   | 3949/5794 [01:14<00:32, 57.14it/s]
 68%|██████▊   | 3955/5794 [01:14<00:31, 57.47it/s]
 68%|██████▊   | 3961/5794 [01:14<00:32, 57.15it/s]
 68%|██████▊   | 3967/5794 [01:14<00:32, 55.95it/s]
 69%|██████▊   | 3973/5794 [01:14<00:33, 54.23it/s]
 69%|██████▊   | 3979/5794 [01:14<00:34, 52.67it/s]
 69%|██████▉   | 3985/5794 [01:14<00:35, 51.68it/s]
 69%|██████▉   | 3991/5794 [01:14<00:35, 51.32it/s]
 69%|██████▉   | 3997/5794 [01:14<00:35, 50.61it/s]
 69%|██████▉   | 4003/5794 [01:15<00:35, 50.51it/s]
 69%|██████▉   | 4009/5794 [01:15<00:35, 50.28it/s]
 69%|██████▉   | 4015/5794 [01:15<00:35, 50.25it/s]
 69%|██████▉   | 4021/5794 [01:15<00:35, 50.13it/s]
 70%|██████▉   | 4027/5794 [01:15<00:35, 50.33it/s]
 70%|██████▉   | 4033/5794 [01:15<00:35, 50.06it/s]
 70%|██████▉   | 4039/5794 [01:15<00:34, 50.30it/s]
 70%|██████▉   | 4045/5794 [01:15<00:34, 50.33it/s]
 70%|██████▉   | 4051/5794 [01:16<00:34, 50.23it/s]
 70%|███████   | 4057/5794 [01:16<00:34, 50.26it/s]
 70%|███████   | 4063/5794 [01:16<00:34, 50.50it/s]
 70%|███████   | 4069/5794 [01:16<00:34, 50.29it/s]
 70%|███████   | 4075/5794 [01:16<00:34, 50.04it/s]
 70%|███████   | 4081/5794 [01:16<00:34, 50.29it/s]
 71%|███████   | 4087/5794 [01:16<00:33, 50.39it/s]
 71%|███████   | 4093/5794 [01:16<00:33, 50.62it/s]
 71%|███████   | 4099/5794 [01:16<00:33, 50.61it/s]
 71%|███████   | 4105/5794 [01:17<00:33, 50.49it/s]
 71%|███████   | 4111/5794 [01:17<00:33, 50.65it/s]
 71%|███████   | 4117/5794 [01:17<00:33, 50.67it/s]
 71%|███████   | 4123/5794 [01:17<00:33, 50.53it/s]
 71%|███████▏  | 4129/5794 [01:17<00:33, 50.18it/s]
 71%|███████▏  | 4135/5794 [01:17<00:33, 50.18it/s]
 71%|███████▏  | 4141/5794 [01:17<00:32, 50.42it/s]
 72%|███████▏  | 4147/5794 [01:17<00:32, 50.71it/s]
 72%|███████▏  | 4153/5794 [01:18<00:33, 49.49it/s]
 72%|███████▏  | 4158/5794 [01:18<00:33, 49.09it/s]
 72%|███████▏  | 4163/5794 [01:18<00:33, 48.97it/s]
 72%|███████▏  | 4168/5794 [01:18<00:33, 49.05it/s]
 72%|███████▏  | 4173/5794 [01:18<00:33, 49.08it/s]
 72%|███████▏  | 4179/5794 [01:18<00:32, 49.87it/s]
 72%|███████▏  | 4185/5794 [01:18<00:31, 50.47it/s]
 72%|███████▏  | 4191/5794 [01:18<00:31, 50.63it/s]
 72%|███████▏  | 4197/5794 [01:18<00:31, 50.94it/s]
 73%|███████▎  | 4203/5794 [01:19<00:31, 50.95it/s]
 73%|███████▎  | 4209/5794 [01:19<00:31, 50.99it/s]
 73%|███████▎  | 4215/5794 [01:19<00:30, 51.24it/s]
 73%|███████▎  | 4221/5794 [01:19<00:31, 50.36it/s]
 73%|███████▎  | 4227/5794 [01:19<00:31, 49.71it/s]
 73%|███████▎  | 4232/5794 [01:19<00:31, 49.29it/s]
 73%|███████▎  | 4237/5794 [01:19<00:31, 48.82it/s]
 73%|███████▎  | 4242/5794 [01:19<00:31, 48.66it/s]
 73%|███████▎  | 4247/5794 [01:19<00:31, 48.52it/s]
 73%|███████▎  | 4252/5794 [01:20<00:31, 48.27it/s]
 73%|███████▎  | 4257/5794 [01:20<00:31, 48.04it/s]
 74%|███████▎  | 4262/5794 [01:20<00:31, 48.09it/s]
 74%|███████▎  | 4267/5794 [01:20<00:31, 48.07it/s]
 74%|███████▎  | 4272/5794 [01:20<00:31, 47.60it/s]
 74%|███████▍  | 4277/5794 [01:20<00:31, 47.46it/s]
 74%|███████▍  | 4282/5794 [01:20<00:31, 47.80it/s]
 74%|███████▍  | 4287/5794 [01:20<00:31, 48.02it/s]
 74%|███████▍  | 4292/5794 [01:20<00:31, 48.30it/s]
 74%|███████▍  | 4298/5794 [01:20<00:30, 49.05it/s]
 74%|███████▍  | 4304/5794 [01:21<00:30, 49.44it/s]
 74%|███████▍  | 4309/5794 [01:21<00:30, 48.69it/s]
 74%|███████▍  | 4315/5794 [01:21<00:29, 49.75it/s]
 75%|███████▍  | 4321/5794 [01:21<00:28, 51.37it/s]
 75%|███████▍  | 4327/5794 [01:21<00:27, 52.59it/s]
 75%|███████▍  | 4333/5794 [01:21<00:27, 53.06it/s]
 75%|███████▍  | 4339/5794 [01:21<00:27, 53.07it/s]
 75%|███████▍  | 4345/5794 [01:21<00:27, 53.40it/s]
 75%|███████▌  | 4351/5794 [01:21<00:27, 53.18it/s]
 75%|███████▌  | 4357/5794 [01:22<00:26, 53.59it/s]
 75%|███████▌  | 4363/5794 [01:22<00:26, 54.07it/s]
 75%|███████▌  | 4369/5794 [01:22<00:26, 54.42it/s]
 76%|███████▌  | 4375/5794 [01:22<00:26, 54.22it/s]
 76%|███████▌  | 4381/5794 [01:22<00:25, 54.57it/s]
 76%|███████▌  | 4387/5794 [01:22<00:25, 54.75it/s]
 76%|███████▌  | 4393/5794 [01:22<00:25, 54.70it/s]
 76%|███████▌  | 4399/5794 [01:22<00:25, 54.65it/s]
 76%|███████▌  | 4405/5794 [01:22<00:25, 54.73it/s]
 76%|███████▌  | 4411/5794 [01:23<00:25, 54.49it/s]
 76%|███████▌  | 4417/5794 [01:23<00:25, 54.60it/s]
 76%|███████▋  | 4423/5794 [01:23<00:25, 54.74it/s]
 76%|███████▋  | 4429/5794 [01:23<00:25, 54.58it/s]
 77%|███████▋  | 4435/5794 [01:23<00:24, 54.71it/s]
 77%|███████▋  | 4441/5794 [01:23<00:24, 54.47it/s]
 77%|███████▋  | 4447/5794 [01:23<00:24, 54.72it/s]
 77%|███████▋  | 4453/5794 [01:23<00:24, 54.73it/s]
 77%|███████▋  | 4459/5794 [01:23<00:24, 54.31it/s]
 77%|███████▋  | 4465/5794 [01:24<00:24, 54.39it/s]
 77%|███████▋  | 4471/5794 [01:24<00:24, 54.66it/s]
 77%|███████▋  | 4477/5794 [01:24<00:24, 54.57it/s]
 77%|███████▋  | 4483/5794 [01:24<00:23, 54.80it/s]
 77%|███████▋  | 4489/5794 [01:24<00:23, 54.86it/s]
 78%|███████▊  | 4495/5794 [01:24<00:23, 54.87it/s]
 78%|███████▊  | 4501/5794 [01:24<00:23, 55.01it/s]
 78%|███████▊  | 4507/5794 [01:24<00:23, 54.99it/s]
 78%|███████▊  | 4513/5794 [01:24<00:23, 54.88it/s]
 78%|███████▊  | 4519/5794 [01:25<00:23, 55.03it/s]
 78%|███████▊  | 4525/5794 [01:25<00:23, 55.03it/s]
 78%|███████▊  | 4531/5794 [01:25<00:22, 54.97it/s]
 78%|███████▊  | 4537/5794 [01:25<00:23, 54.56it/s]
 78%|███████▊  | 4543/5794 [01:25<00:22, 54.47it/s]
 79%|███████▊  | 4549/5794 [01:25<00:22, 54.64it/s]
 79%|███████▊  | 4555/5794 [01:25<00:22, 54.69it/s]
 79%|███████▊  | 4561/5794 [01:25<00:22, 54.61it/s]
 79%|███████▉  | 4567/5794 [01:25<00:22, 54.76it/s]
 79%|███████▉  | 4573/5794 [01:26<00:22, 54.79it/s]
 79%|███████▉  | 4579/5794 [01:26<00:22, 54.56it/s]
 79%|███████▉  | 4585/5794 [01:26<00:22, 54.77it/s]
 79%|███████▉  | 4591/5794 [01:26<00:21, 54.81it/s]
 79%|███████▉  | 4597/5794 [01:26<00:21, 54.74it/s]
 79%|███████▉  | 4603/5794 [01:26<00:21, 54.84it/s]
 80%|███████▉  | 4609/5794 [01:26<00:21, 54.85it/s]
 80%|███████▉  | 4615/5794 [01:26<00:21, 54.77it/s]
 80%|███████▉  | 4621/5794 [01:26<00:21, 54.89it/s]
 80%|███████▉  | 4627/5794 [01:27<00:21, 54.91it/s]
 80%|███████▉  | 4633/5794 [01:27<00:21, 54.88it/s]
 80%|████████  | 4639/5794 [01:27<00:21, 54.95it/s]
 80%|████████  | 4645/5794 [01:27<00:20, 54.83it/s]
 80%|████████  | 4651/5794 [01:27<00:20, 54.85it/s]
 80%|████████  | 4657/5794 [01:27<00:20, 54.87it/s]
 80%|████████  | 4663/5794 [01:27<00:20, 54.24it/s]
 81%|████████  | 4669/5794 [01:27<00:20, 54.53it/s]
 81%|████████  | 4675/5794 [01:27<00:20, 54.69it/s]
 81%|████████  | 4681/5794 [01:28<00:20, 54.68it/s]
 81%|████████  | 4687/5794 [01:28<00:20, 54.84it/s]
 81%|████████  | 4693/5794 [01:28<00:20, 54.69it/s]
 81%|████████  | 4699/5794 [01:28<00:20, 54.70it/s]
 81%|████████  | 4705/5794 [01:28<00:19, 54.80it/s]
 81%|████████▏ | 4711/5794 [01:28<00:19, 54.88it/s]
 81%|████████▏ | 4717/5794 [01:28<00:19, 54.62it/s]
 82%|████████▏ | 4723/5794 [01:28<00:19, 54.79it/s]
 82%|████████▏ | 4729/5794 [01:28<00:19, 54.83it/s]
 82%|████████▏ | 4735/5794 [01:29<00:19, 54.81it/s]
 82%|████████▏ | 4741/5794 [01:29<00:19, 54.72it/s]
 82%|████████▏ | 4747/5794 [01:29<00:19, 54.67it/s]
 82%|████████▏ | 4753/5794 [01:29<00:19, 54.78it/s]
 82%|████████▏ | 4759/5794 [01:29<00:18, 54.82it/s]
 82%|████████▏ | 4765/5794 [01:29<00:18, 54.78it/s]
 82%|████████▏ | 4771/5794 [01:29<00:18, 54.30it/s]
 82%|████████▏ | 4777/5794 [01:29<00:18, 54.52it/s]
 83%|████████▎ | 4783/5794 [01:29<00:18, 54.17it/s]
 83%|████████▎ | 4789/5794 [01:30<00:18, 54.59it/s]
 83%|████████▎ | 4795/5794 [01:30<00:18, 54.88it/s]
 83%|████████▎ | 4801/5794 [01:30<00:17, 55.18it/s]
 83%|████████▎ | 4807/5794 [01:30<00:17, 55.68it/s]
 83%|████████▎ | 4813/5794 [01:30<00:17, 55.72it/s]
 83%|████████▎ | 4819/5794 [01:30<00:17, 55.58it/s]
 83%|████████▎ | 4825/5794 [01:30<00:17, 55.87it/s]
 83%|████████▎ | 4831/5794 [01:30<00:17, 55.67it/s]
 83%|████████▎ | 4837/5794 [01:30<00:17, 55.87it/s]
 84%|████████▎ | 4843/5794 [01:30<00:16, 56.13it/s]
 84%|████████▎ | 4849/5794 [01:31<00:17, 55.57it/s]
 84%|████████▍ | 4855/5794 [01:31<00:17, 53.59it/s]
 84%|████████▍ | 4861/5794 [01:31<00:17, 52.82it/s]
 84%|████████▍ | 4867/5794 [01:31<00:17, 53.10it/s]
 84%|████████▍ | 4873/5794 [01:31<00:17, 53.87it/s]
 84%|████████▍ | 4879/5794 [01:31<00:16, 54.45it/s]
 84%|████████▍ | 4885/5794 [01:31<00:16, 54.55it/s]
 84%|████████▍ | 4891/5794 [01:31<00:16, 54.74it/s]
 85%|████████▍ | 4897/5794 [01:31<00:16, 55.09it/s]
 85%|████████▍ | 4903/5794 [01:32<00:16, 55.36it/s]
 85%|████████▍ | 4909/5794 [01:32<00:15, 55.66it/s]
 85%|████████▍ | 4915/5794 [01:32<00:16, 54.26it/s]
 85%|████████▍ | 4921/5794 [01:32<00:16, 52.75it/s]
 85%|████████▌ | 4927/5794 [01:32<00:16, 51.90it/s]
 85%|████████▌ | 4933/5794 [01:32<00:16, 50.95it/s]
 85%|████████▌ | 4939/5794 [01:32<00:16, 50.49it/s]
 85%|████████▌ | 4945/5794 [01:32<00:16, 50.17it/s]
 85%|████████▌ | 4951/5794 [01:33<00:16, 49.78it/s]
 86%|████████▌ | 4956/5794 [01:33<00:16, 49.70it/s]
 86%|████████▌ | 4962/5794 [01:33<00:16, 50.12it/s]
 86%|████████▌ | 4968/5794 [01:33<00:16, 51.55it/s]
 86%|████████▌ | 4974/5794 [01:33<00:15, 52.81it/s]
 86%|████████▌ | 4980/5794 [01:33<00:15, 53.65it/s]
 86%|████████▌ | 4986/5794 [01:33<00:14, 53.97it/s]
 86%|████████▌ | 4992/5794 [01:33<00:14, 54.62it/s]
 86%|████████▋ | 4998/5794 [01:33<00:14, 54.84it/s]
 86%|████████▋ | 5004/5794 [01:34<00:14, 54.90it/s]
 86%|████████▋ | 5010/5794 [01:34<00:14, 55.21it/s]
 87%|████████▋ | 5016/5794 [01:34<00:14, 55.33it/s]
 87%|████████▋ | 5022/5794 [01:34<00:13, 55.20it/s]
 87%|████████▋ | 5028/5794 [01:34<00:14, 53.89it/s]
 87%|████████▋ | 5034/5794 [01:34<00:14, 52.21it/s]
 87%|████████▋ | 5040/5794 [01:34<00:14, 51.35it/s]
 87%|████████▋ | 5046/5794 [01:34<00:14, 50.82it/s]
 87%|████████▋ | 5052/5794 [01:34<00:14, 50.57it/s]
 87%|████████▋ | 5058/5794 [01:35<00:14, 50.25it/s]
 87%|████████▋ | 5064/5794 [01:35<00:14, 50.12it/s]
 88%|████████▊ | 5070/5794 [01:35<00:14, 50.10it/s]
 88%|████████▊ | 5076/5794 [01:35<00:14, 50.05it/s]
 88%|████████▊ | 5082/5794 [01:35<00:14, 50.08it/s]
 88%|████████▊ | 5088/5794 [01:35<00:14, 49.84it/s]
 88%|████████▊ | 5094/5794 [01:35<00:13, 50.03it/s]
 88%|████████▊ | 5100/5794 [01:35<00:13, 50.99it/s]
 88%|████████▊ | 5106/5794 [01:36<00:13, 50.58it/s]
 88%|████████▊ | 5112/5794 [01:36<00:13, 50.45it/s]
 88%|████████▊ | 5118/5794 [01:36<00:13, 50.35it/s]
 88%|████████▊ | 5124/5794 [01:36<00:13, 50.14it/s]
 89%|████████▊ | 5130/5794 [01:36<00:13, 50.14it/s]
 89%|████████▊ | 5136/5794 [01:36<00:13, 49.95it/s]
 89%|████████▊ | 5141/5794 [01:36<00:13, 49.84it/s]
 89%|████████▉ | 5147/5794 [01:36<00:12, 50.02it/s]
 89%|████████▉ | 5153/5794 [01:36<00:12, 49.48it/s]
 89%|████████▉ | 5158/5794 [01:37<00:12, 49.03it/s]
 89%|████████▉ | 5164/5794 [01:37<00:12, 49.58it/s]
 89%|████████▉ | 5170/5794 [01:37<00:12, 49.48it/s]
 89%|████████▉ | 5176/5794 [01:37<00:12, 49.69it/s]
 89%|████████▉ | 5181/5794 [01:37<00:12, 49.73it/s]
 90%|████████▉ | 5187/5794 [01:37<00:12, 49.94it/s]
 90%|████████▉ | 5192/5794 [01:37<00:12, 49.84it/s]
 90%|████████▉ | 5198/5794 [01:37<00:11, 50.05it/s]
 90%|████████▉ | 5204/5794 [01:37<00:11, 49.78it/s]
 90%|████████▉ | 5210/5794 [01:38<00:11, 49.97it/s]
 90%|█████████ | 5216/5794 [01:38<00:11, 50.04it/s]
 90%|█████████ | 5222/5794 [01:38<00:11, 50.02it/s]
 90%|█████████ | 5228/5794 [01:38<00:11, 49.95it/s]
 90%|█████████ | 5233/5794 [01:38<00:11, 49.82it/s]
 90%|█████████ | 5238/5794 [01:38<00:11, 49.67it/s]
 90%|█████████ | 5243/5794 [01:38<00:11, 49.54it/s]
 91%|█████████ | 5249/5794 [01:38<00:10, 49.73it/s]
 91%|█████████ | 5254/5794 [01:38<00:10, 49.39it/s]
 91%|█████████ | 5259/5794 [01:39<00:10, 49.14it/s]
 91%|█████████ | 5264/5794 [01:39<00:10, 48.97it/s]
 91%|█████████ | 5269/5794 [01:39<00:10, 49.02it/s]
 91%|█████████ | 5274/5794 [01:39<00:10, 49.30it/s]
 91%|█████████ | 5280/5794 [01:39<00:10, 49.78it/s]
 91%|█████████ | 5286/5794 [01:39<00:10, 50.14it/s]
 91%|█████████▏| 5292/5794 [01:39<00:09, 50.25it/s]
 91%|█████████▏| 5298/5794 [01:39<00:09, 50.53it/s]
 92%|█████████▏| 5304/5794 [01:39<00:09, 50.68it/s]
 92%|█████████▏| 5310/5794 [01:40<00:09, 50.49it/s]
 92%|█████████▏| 5316/5794 [01:40<00:09, 50.35it/s]
 92%|█████████▏| 5322/5794 [01:40<00:09, 50.90it/s]
 92%|█████████▏| 5328/5794 [01:40<00:09, 50.74it/s]
 92%|█████████▏| 5334/5794 [01:40<00:08, 51.24it/s]
 92%|█████████▏| 5340/5794 [01:40<00:08, 50.97it/s]
 92%|█████████▏| 5346/5794 [01:40<00:08, 50.52it/s]
 92%|█████████▏| 5352/5794 [01:40<00:08, 50.46it/s]
 92%|█████████▏| 5358/5794 [01:41<00:08, 50.45it/s]
 93%|█████████▎| 5364/5794 [01:41<00:08, 50.92it/s]
 93%|█████████▎| 5370/5794 [01:41<00:08, 50.99it/s]
 93%|█████████▎| 5376/5794 [01:41<00:08, 50.66it/s]
 93%|█████████▎| 5382/5794 [01:41<00:08, 50.68it/s]
 93%|█████████▎| 5388/5794 [01:41<00:07, 50.81it/s]
 93%|█████████▎| 5394/5794 [01:41<00:07, 51.04it/s]
 93%|█████████▎| 5400/5794 [01:41<00:07, 50.70it/s]
 93%|█████████▎| 5406/5794 [01:41<00:07, 50.57it/s]
 93%|█████████▎| 5412/5794 [01:42<00:07, 49.70it/s]
 94%|█████████▎| 5418/5794 [01:42<00:07, 50.03it/s]
 94%|█████████▎| 5424/5794 [01:42<00:07, 50.26it/s]
 94%|█████████▎| 5430/5794 [01:42<00:07, 50.05it/s]
 94%|█████████▍| 5436/5794 [01:42<00:07, 50.28it/s]
 94%|█████████▍| 5442/5794 [01:42<00:06, 50.41it/s]
 94%|█████████▍| 5448/5794 [01:42<00:06, 50.45it/s]
 94%|█████████▍| 5454/5794 [01:42<00:06, 50.66it/s]
 94%|█████████▍| 5460/5794 [01:43<00:06, 50.56it/s]
 94%|█████████▍| 5466/5794 [01:43<00:06, 50.36it/s]
 94%|█████████▍| 5472/5794 [01:43<00:06, 50.55it/s]
 95%|█████████▍| 5478/5794 [01:43<00:06, 50.11it/s]
 95%|█████████▍| 5484/5794 [01:43<00:06, 50.47it/s]
 95%|█████████▍| 5490/5794 [01:43<00:06, 49.70it/s]
 95%|█████████▍| 5495/5794 [01:43<00:06, 48.82it/s]
 95%|█████████▍| 5500/5794 [01:43<00:06, 48.82it/s]
 95%|█████████▌| 5505/5794 [01:43<00:05, 49.14it/s]
 95%|█████████▌| 5510/5794 [01:44<00:05, 49.20it/s]
 95%|█████████▌| 5515/5794 [01:44<00:05, 48.80it/s]
 95%|█████████▌| 5520/5794 [01:44<00:05, 48.67it/s]
 95%|█████████▌| 5525/5794 [01:44<00:05, 48.51it/s]
 95%|█████████▌| 5530/5794 [01:44<00:05, 48.36it/s]
 96%|█████████▌| 5535/5794 [01:44<00:05, 48.37it/s]
 96%|█████████▌| 5540/5794 [01:44<00:05, 48.45it/s]
 96%|█████████▌| 5545/5794 [01:44<00:05, 48.44it/s]
 96%|█████████▌| 5550/5794 [01:44<00:05, 48.32it/s]
 96%|█████████▌| 5555/5794 [01:45<00:04, 48.51it/s]
 96%|█████████▌| 5560/5794 [01:45<00:04, 48.61it/s]
 96%|█████████▌| 5565/5794 [01:45<00:04, 48.97it/s]
 96%|█████████▌| 5571/5794 [01:45<00:04, 49.86it/s]
 96%|█████████▋| 5577/5794 [01:45<00:04, 50.44it/s]
 96%|█████████▋| 5583/5794 [01:45<00:04, 50.75it/s]
 96%|█████████▋| 5589/5794 [01:45<00:03, 51.26it/s]
 97%|█████████▋| 5595/5794 [01:45<00:03, 51.48it/s]
 97%|█████████▋| 5601/5794 [01:45<00:03, 51.72it/s]
 97%|█████████▋| 5607/5794 [01:46<00:03, 51.81it/s]
 97%|█████████▋| 5613/5794 [01:46<00:03, 51.98it/s]
 97%|█████████▋| 5619/5794 [01:46<00:03, 51.81it/s]
 97%|█████████▋| 5625/5794 [01:46<00:03, 51.93it/s]
 97%|█████████▋| 5631/5794 [01:46<00:03, 51.80it/s]
 97%|█████████▋| 5637/5794 [01:46<00:03, 51.99it/s]
 97%|█████████▋| 5643/5794 [01:46<00:02, 52.15it/s]
 97%|█████████▋| 5649/5794 [01:46<00:02, 52.12it/s]
 98%|█████████▊| 5655/5794 [01:46<00:02, 52.25it/s]
 98%|█████████▊| 5661/5794 [01:47<00:02, 52.47it/s]
 98%|█████████▊| 5667/5794 [01:47<00:02, 52.27it/s]
 98%|█████████▊| 5673/5794 [01:47<00:02, 52.34it/s]
 98%|█████████▊| 5679/5794 [01:47<00:02, 52.35it/s]
 98%|█████████▊| 5685/5794 [01:47<00:02, 52.16it/s]
 98%|█████████▊| 5691/5794 [01:47<00:01, 52.01it/s]
 98%|█████████▊| 5697/5794 [01:47<00:01, 52.11it/s]
 98%|█████████▊| 5703/5794 [01:47<00:01, 52.19it/s]
 99%|█████████▊| 5709/5794 [01:47<00:01, 52.05it/s]
 99%|█████████▊| 5715/5794 [01:48<00:01, 51.95it/s]
 99%|█████████▊| 5721/5794 [01:48<00:01, 52.05it/s]
 99%|█████████▉| 5727/5794 [01:48<00:01, 52.07it/s]
 99%|█████████▉| 5733/5794 [01:48<00:01, 52.04it/s]
 99%|█████████▉| 5739/5794 [01:48<00:01, 52.01it/s]
 99%|█████████▉| 5745/5794 [01:48<00:00, 51.98it/s]
 99%|█████████▉| 5751/5794 [01:48<00:00, 51.83it/s]
 99%|█████████▉| 5757/5794 [01:48<00:00, 51.83it/s]
 99%|█████████▉| 5763/5794 [01:49<00:00, 51.99it/s]
100%|█████████▉| 5769/5794 [01:49<00:00, 51.34it/s]
100%|█████████▉| 5775/5794 [01:49<00:00, 51.50it/s]
100%|█████████▉| 5781/5794 [01:49<00:00, 51.65it/s]
100%|█████████▉| 5787/5794 [01:49<00:00, 51.08it/s]
100%|█████████▉| 5793/5794 [01:49<00:00, 51.84it/s]
100%|██████████| 5794/5794 [01:49<00:00, 52.82it/s]
BALANCED ACCS CHECKED FOR TEST
TEST SET RESULTS FOR CHECKPOINT trained_weights/waterbirds/abn_att_waterbird_complete95_forest2water2_21050510_trial_000/best_balanced_valacc_0.52_epoch_0.ckpt
test_acc: 0.6705212288574387
balanced_test_acc: 0.5373916392095102
Land_on_Land_test_acc: 0.9951219512195122
Land_on_Water_test_acc: 0.5578713968957871
Water_on_Land_test_acc: 0.01557632398753894
Water_on_Water_test_acc: 0.5809968847352025
test_acc_Waterbird: 0.2982866043613707
test_acc_Landbird: 0.7764966740576497
