[CMD] /home/ryreu/miniconda3/envs/gals_a100/bin/python -u main.py --config configs/waterbirds_95_gals_vit.yaml --name gals_waterbird_complete95_forest2water2_21048936_trial_000 DATA.ROOT=/home/ryreu/guided_cnn/waterbirds DATA.WATERBIRDS_DIR=waterbird_complete95_forest2water2 SEED=0 EXP.BASE.LR=0.0010000000000000002 EXP.CLASSIFIER.LR=9.999999999999991e-05 EXP.WEIGHT_DECAY=9.999999999999997e-06 EXP.AUX_LOSSES_ON_VAL=False EXP.LOSSES.GRADIENT_OUTSIDE.WEIGHT=10.000000000000002 EXP.NUM_EPOCHS=1
SEED: 0
DATA:
  BATCH_SIZE: 96
  NUM_WORKERS: 4
  SIZE: 224
  NORMALIZATION: imagenet
  ATTENTION_DIR: clip_vit_attention
  SEPARATE_CLASSES: false
  REMOVE_BACKGROUND: false
  ROOT: /home/ryreu/guided_cnn/waterbirds
  USE_CLASS_WEIGHTS: false
  USE_GROUP_WEIGHTS: false
  DATASET: waterbirds
  NUM_CLASSES: 2
  CONFOUNDING_FACTOR: 0.95
  WATERBIRDS_DIR: waterbird_complete95_forest2water2
EXP:
  NUM_TRIALS: 1
  LOSSES:
    CLASSIFICATION:
      WEIGHT: 1
    GRADIENT_OUTSIDE:
      COMPUTE: true
      LOG: false
      WEIGHT: 10.000000000000002
      CRITERION: L1
      GT: clip_vit
      COMBINE_ATT_MODE: average_nonzero
    GRADIENT_INSIDE:
      COMPUTE: false
      LOG: false
      WEIGHT: 1
      CRITERION: L1
      GT: segmentation
      COMBINE_ATT_MODE: average_nonzero
    GRADCAM:
      COMPUTE: false
      LOG: false
      WEIGHT: 1
      CRITERION: L1
      GT: segmentation
      MODE: match
      COMBINE_ATT_MODE: average_nonzero
  APPROACH: generic
  MODEL: resnet50
  PRETRAINED: true
  NUM_EPOCHS: 1
  OPTIMIZER: SGD
  WEIGHT_DECAY: 9.999999999999997e-06
  MOMENTUM: 0.9
  SCHEDULER: NONE
  BASE:
    LR: 0.0010000000000000002
  CLASSIFIER:
    LR: 9.999999999999991e-05
  AUX_LOSSES_ON_VAL: false
LOGGING:
  SAVE_EVERY: 0
  SAVE_BEST: true
  SAVE_LAST: false
  LOG_ATTENTION: false
  LOG_ATTENTION_STEP: 10
  SAVE_STATS_PATH: null
yaml: configs/waterbirds_95_gals_vit.yaml
name: gals_waterbird_complete95_forest2water2_21048936_trial_000
test_checkpoint: null

WATERBIRDS DIR: /home/ryreu/guided_cnn/waterbirds/waterbird_complete95_forest2water2
NUMBER OF SAMPLES WITH LABEL Landbird: 3682
NUMBER OF SAMPLES WITH LABEL Waterbird: 1113
NUMBER OF SAMPLES WITH GROUP Land_on_Land: 3498
NUMBER OF SAMPLES WITH GROUP Land_on_Water: 184
NUMBER OF SAMPLES WITH GROUP Water_on_Land: 56
NUMBER OF SAMPLES WITH GROUP Water_on_Water: 1057
WATERBIRDS DIR: /home/ryreu/guided_cnn/waterbirds/waterbird_complete95_forest2water2
NUMBER OF SAMPLES WITH LABEL Landbird: 933
NUMBER OF SAMPLES WITH LABEL Waterbird: 266
NUMBER OF SAMPLES WITH GROUP Land_on_Land: 467
NUMBER OF SAMPLES WITH GROUP Land_on_Water: 466
NUMBER OF SAMPLES WITH GROUP Water_on_Land: 133
NUMBER OF SAMPLES WITH GROUP Water_on_Water: 133
NUM TRAIN: 4795

NUM VAL:   1199

Number classifier outputs: 1
Using pretrained model: True
USING SGD OPTIMIZER
class weights: None
group weights: None
WANDB DISABLED: skipping wandb.init()
EPOCH: 0

>>> TRAINING 


  0%|          | 0/50 [00:00<?, ?it/s]
  2%|▏         | 1/50 [00:04<03:41,  4.52s/it]
  4%|▍         | 2/50 [00:05<01:59,  2.50s/it]
  6%|▌         | 3/50 [00:06<01:27,  1.85s/it]
  8%|▊         | 4/50 [00:07<01:11,  1.55s/it]
 10%|█         | 5/50 [00:08<01:02,  1.40s/it]
 12%|█▏        | 6/50 [00:09<00:56,  1.30s/it]
 14%|█▍        | 7/50 [00:11<00:52,  1.23s/it]
 16%|█▌        | 8/50 [00:12<00:49,  1.18s/it]
 18%|█▊        | 9/50 [00:13<00:47,  1.16s/it]
 20%|██        | 10/50 [00:14<00:45,  1.13s/it]
 22%|██▏       | 11/50 [00:15<00:43,  1.12s/it]
 24%|██▍       | 12/50 [00:16<00:42,  1.11s/it]
 26%|██▌       | 13/50 [00:17<00:40,  1.11s/it]
 28%|██▊       | 14/50 [00:18<00:39,  1.10s/it]
 30%|███       | 15/50 [00:19<00:38,  1.10s/it]
 32%|███▏      | 16/50 [00:20<00:37,  1.09s/it]
 34%|███▍      | 17/50 [00:21<00:36,  1.10s/it]
 36%|███▌      | 18/50 [00:23<00:34,  1.09s/it]
 38%|███▊      | 19/50 [00:24<00:33,  1.09s/it]
 40%|████      | 20/50 [00:25<00:32,  1.09s/it]
 42%|████▏     | 21/50 [00:26<00:31,  1.09s/it]
 44%|████▍     | 22/50 [00:27<00:30,  1.09s/it]
 46%|████▌     | 23/50 [00:28<00:29,  1.09s/it]
 48%|████▊     | 24/50 [00:29<00:28,  1.09s/it]
 50%|█████     | 25/50 [00:30<00:27,  1.10s/it]
 52%|█████▏    | 26/50 [00:31<00:26,  1.09s/it]
 54%|█████▍    | 27/50 [00:32<00:25,  1.09s/it]
 56%|█████▌    | 28/50 [00:33<00:24,  1.09s/it]
 58%|█████▊    | 29/50 [00:35<00:23,  1.10s/it]
 60%|██████    | 30/50 [00:36<00:21,  1.10s/it]
 62%|██████▏   | 31/50 [00:37<00:20,  1.10s/it]
 64%|██████▍   | 32/50 [00:38<00:19,  1.10s/it]
 66%|██████▌   | 33/50 [00:39<00:18,  1.10s/it]
 68%|██████▊   | 34/50 [00:40<00:17,  1.09s/it]
 70%|███████   | 35/50 [00:41<00:16,  1.09s/it]
 72%|███████▏  | 36/50 [00:42<00:15,  1.09s/it]
 74%|███████▍  | 37/50 [00:43<00:14,  1.09s/it]
 76%|███████▌  | 38/50 [00:44<00:13,  1.09s/it]
 78%|███████▊  | 39/50 [00:46<00:11,  1.09s/it]
 80%|████████  | 40/50 [00:47<00:10,  1.09s/it]
 82%|████████▏ | 41/50 [00:48<00:09,  1.09s/it]
 84%|████████▍ | 42/50 [00:49<00:08,  1.09s/it]
 86%|████████▌ | 43/50 [00:50<00:07,  1.09s/it]
 88%|████████▊ | 44/50 [00:51<00:06,  1.09s/it]
 90%|█████████ | 45/50 [00:52<00:05,  1.09s/it]
 92%|█████████▏| 46/50 [00:53<00:04,  1.09s/it]
 94%|█████████▍| 47/50 [00:54<00:03,  1.08s/it]
 96%|█████████▌| 48/50 [00:55<00:02,  1.08s/it]
 98%|█████████▊| 49/50 [00:56<00:01,  1.09s/it]
100%|██████████| 50/50 [00:57<00:00,  1.08s/it]
100%|██████████| 50/50 [00:57<00:00,  1.16s/it]
>>> VALIDATING 


  0%|          | 0/13 [00:00<?, ?it/s]
  8%|▊         | 1/13 [00:01<00:12,  1.06s/it]
 23%|██▎       | 3/13 [00:01<00:03,  3.03it/s]
 38%|███▊      | 5/13 [00:01<00:02,  3.34it/s]
 54%|█████▍    | 7/13 [00:01<00:01,  4.91it/s]
 69%|██████▉   | 9/13 [00:02<00:00,  4.34it/s]
 85%|████████▍ | 11/13 [00:02<00:00,  5.70it/s]
100%|██████████| 13/13 [00:02<00:00,  6.91it/s]
100%|██████████| 13/13 [00:02<00:00,  4.60it/s]
>>> LOGGING 

BALANCED ACCS CHECKED FOR TRAIN
BALANCED ACCS CHECKED FOR VAL
train_acc: 0.7067778936392075
val_acc: 0.713094245204337
train_cls_loss: 0.49542282981345503
val_cls_loss: 0.52809833426392
train_total_loss: 0.4954488380111917
val_total_loss: 0.52809833426392
balanced_train_acc: 0.5683488260071946
balanced_val_acc: 0.5455459388019889
Land_on_Land_train_acc: 0.8319039451114922
Land_on_Land_val_acc: 0.9978586723768736
Land_on_Water_train_acc: 0.7282608695652174
Land_on_Water_val_acc: 0.6952789699570815
Water_on_Land_train_acc: 0.14285714285714285
Water_on_Land_val_acc: 0.007518796992481203
Water_on_Water_train_acc: 0.31882686849574265
Water_on_Water_val_acc: 0.48120300751879697
train_dydx_outside_clip_vit_loss: 2.6005404255294888e-05
train_acc_Landbird: 0.8267246061922868
train_acc_Waterbird: 0.30997304582210244
val_acc_Landbird: 0.8467309753483387
val_acc_Waterbird: 0.24436090225563908
TRAIN ACC:        0.7067778936392075
VAL ACC:          0.713094245204337
BALANCED VAL ACC: 0.5455459388019889
prev best list: []
Saving to trained_weights/waterbirds/gals_waterbird_complete95_forest2water2_21048936_trial_000/best_balanced_valacc_0.55_epoch_0.ckpt
>>> EVALUATING ON TEST SET
WATERBIRDS DIR: /home/ryreu/guided_cnn/waterbirds/waterbird_complete95_forest2water2
NUMBER OF SAMPLES WITH LABEL Landbird: 4510
NUMBER OF SAMPLES WITH LABEL Waterbird: 1284
NUMBER OF SAMPLES WITH GROUP Land_on_Land: 2255
NUMBER OF SAMPLES WITH GROUP Land_on_Water: 2255
NUMBER OF SAMPLES WITH GROUP Water_on_Land: 642
NUMBER OF SAMPLES WITH GROUP Water_on_Water: 642
NUM TEST:   5794

Loaded checkpoint trained_weights/waterbirds/gals_waterbird_complete95_forest2water2_21048936_trial_000/best_balanced_valacc_0.55_epoch_0.ckpt

  0%|          | 0/5794 [00:00<?, ?it/s]
  0%|          | 1/5794 [00:00<25:23,  3.80it/s]
  0%|          | 8/5794 [00:00<03:36, 26.76it/s]
  0%|          | 16/5794 [00:00<02:15, 42.61it/s]
  0%|          | 24/5794 [00:00<01:50, 52.15it/s]
  1%|          | 32/5794 [00:00<01:38, 58.35it/s]
  1%|          | 40/5794 [00:00<01:32, 62.34it/s]
  1%|          | 48/5794 [00:00<01:28, 65.09it/s]
  1%|          | 56/5794 [00:01<01:25, 66.86it/s]
  1%|          | 64/5794 [00:01<01:24, 68.13it/s]
  1%|          | 72/5794 [00:01<01:23, 68.85it/s]
  1%|▏         | 80/5794 [00:01<01:22, 69.49it/s]
  2%|▏         | 88/5794 [00:01<01:21, 69.90it/s]
  2%|▏         | 96/5794 [00:01<01:21, 70.27it/s]
  2%|▏         | 104/5794 [00:01<01:20, 70.43it/s]
  2%|▏         | 112/5794 [00:01<01:20, 70.33it/s]
  2%|▏         | 120/5794 [00:01<01:20, 70.20it/s]
  2%|▏         | 128/5794 [00:02<01:21, 69.93it/s]
  2%|▏         | 136/5794 [00:02<01:20, 69.99it/s]
  2%|▏         | 144/5794 [00:02<01:20, 70.15it/s]
  3%|▎         | 152/5794 [00:02<01:20, 70.30it/s]
  3%|▎         | 160/5794 [00:02<01:20, 70.24it/s]
  3%|▎         | 168/5794 [00:02<01:19, 70.36it/s]
  3%|▎         | 176/5794 [00:02<01:19, 70.38it/s]
  3%|▎         | 184/5794 [00:02<01:19, 70.49it/s]
  3%|▎         | 192/5794 [00:02<01:19, 70.41it/s]
  3%|▎         | 200/5794 [00:03<01:19, 70.51it/s]
  4%|▎         | 208/5794 [00:03<01:19, 70.37it/s]
  4%|▎         | 216/5794 [00:03<01:19, 70.55it/s]
  4%|▍         | 224/5794 [00:03<01:19, 70.24it/s]
  4%|▍         | 232/5794 [00:03<01:19, 69.99it/s]
  4%|▍         | 240/5794 [00:03<01:19, 70.24it/s]
  4%|▍         | 248/5794 [00:03<01:19, 70.14it/s]
  4%|▍         | 256/5794 [00:03<01:18, 70.13it/s]
  5%|▍         | 264/5794 [00:03<01:18, 70.24it/s]
  5%|▍         | 272/5794 [00:04<01:18, 70.43it/s]
  5%|▍         | 280/5794 [00:04<01:18, 70.56it/s]
  5%|▍         | 288/5794 [00:04<01:17, 70.73it/s]
  5%|▌         | 296/5794 [00:04<01:17, 70.87it/s]
  5%|▌         | 304/5794 [00:04<01:17, 71.00it/s]
  5%|▌         | 312/5794 [00:04<01:17, 71.00it/s]
  6%|▌         | 320/5794 [00:04<01:16, 71.18it/s]
  6%|▌         | 328/5794 [00:04<01:16, 71.23it/s]
  6%|▌         | 336/5794 [00:05<01:16, 71.39it/s]
  6%|▌         | 344/5794 [00:05<01:16, 71.38it/s]
  6%|▌         | 352/5794 [00:05<01:16, 71.53it/s]
  6%|▌         | 360/5794 [00:05<01:16, 71.47it/s]
  6%|▋         | 368/5794 [00:05<01:16, 71.25it/s]
  6%|▋         | 376/5794 [00:05<01:15, 71.29it/s]
  7%|▋         | 384/5794 [00:05<01:15, 71.37it/s]
  7%|▋         | 392/5794 [00:05<01:15, 71.49it/s]
  7%|▋         | 400/5794 [00:05<01:15, 71.57it/s]
  7%|▋         | 408/5794 [00:06<01:15, 71.43it/s]
  7%|▋         | 416/5794 [00:06<01:15, 71.35it/s]
  7%|▋         | 424/5794 [00:06<01:15, 71.39it/s]
  7%|▋         | 432/5794 [00:06<01:15, 71.40it/s]
  8%|▊         | 440/5794 [00:06<01:14, 71.49it/s]
  8%|▊         | 448/5794 [00:06<01:14, 71.43it/s]
  8%|▊         | 456/5794 [00:06<01:14, 71.49it/s]
  8%|▊         | 464/5794 [00:06<01:14, 71.43it/s]
  8%|▊         | 472/5794 [00:06<01:14, 71.32it/s]
  8%|▊         | 480/5794 [00:07<01:14, 71.08it/s]
  8%|▊         | 488/5794 [00:07<01:14, 70.98it/s]
  9%|▊         | 496/5794 [00:07<01:14, 70.84it/s]
  9%|▊         | 504/5794 [00:07<01:14, 71.00it/s]
  9%|▉         | 512/5794 [00:07<01:14, 71.12it/s]
  9%|▉         | 520/5794 [00:07<01:14, 71.09it/s]
  9%|▉         | 528/5794 [00:07<01:14, 71.02it/s]
  9%|▉         | 536/5794 [00:07<01:14, 70.89it/s]
  9%|▉         | 544/5794 [00:07<01:14, 70.89it/s]
 10%|▉         | 552/5794 [00:08<01:14, 70.83it/s]
 10%|▉         | 560/5794 [00:08<01:13, 70.94it/s]
 10%|▉         | 568/5794 [00:08<01:13, 70.76it/s]
 10%|▉         | 576/5794 [00:08<01:13, 70.74it/s]
 10%|█         | 584/5794 [00:08<01:13, 70.71it/s]
 10%|█         | 592/5794 [00:08<01:13, 70.93it/s]
 10%|█         | 600/5794 [00:08<01:13, 70.78it/s]
 10%|█         | 608/5794 [00:08<01:13, 70.82it/s]
 11%|█         | 616/5794 [00:08<01:13, 70.84it/s]
 11%|█         | 624/5794 [00:09<01:12, 70.99it/s]
 11%|█         | 632/5794 [00:09<01:12, 70.81it/s]
 11%|█         | 640/5794 [00:09<01:12, 70.87it/s]
 11%|█         | 648/5794 [00:09<01:12, 70.95it/s]
 11%|█▏        | 656/5794 [00:09<01:12, 70.84it/s]
 11%|█▏        | 664/5794 [00:09<01:12, 70.89it/s]
 12%|█▏        | 672/5794 [00:09<01:12, 70.83it/s]
 12%|█▏        | 680/5794 [00:09<01:12, 70.76it/s]
 12%|█▏        | 688/5794 [00:09<01:12, 70.73it/s]
 12%|█▏        | 696/5794 [00:10<01:11, 70.83it/s]
 12%|█▏        | 704/5794 [00:10<01:11, 70.78it/s]
 12%|█▏        | 712/5794 [00:10<01:11, 71.09it/s]
 12%|█▏        | 720/5794 [00:10<01:11, 70.96it/s]
 13%|█▎        | 728/5794 [00:10<01:11, 71.02it/s]
 13%|█▎        | 736/5794 [00:10<01:11, 70.99it/s]
 13%|█▎        | 744/5794 [00:10<01:11, 71.05it/s]
 13%|█▎        | 752/5794 [00:10<01:11, 70.96it/s]
 13%|█▎        | 760/5794 [00:10<01:10, 71.03it/s]
 13%|█▎        | 768/5794 [00:11<01:10, 70.97it/s]
 13%|█▎        | 776/5794 [00:11<01:10, 71.08it/s]
 14%|█▎        | 784/5794 [00:11<01:10, 71.19it/s]
 14%|█▎        | 792/5794 [00:11<01:10, 71.38it/s]
 14%|█▍        | 800/5794 [00:11<01:09, 71.54it/s]
 14%|█▍        | 808/5794 [00:11<01:09, 71.51it/s]
 14%|█▍        | 816/5794 [00:11<01:09, 71.66it/s]
 14%|█▍        | 824/5794 [00:11<01:09, 71.51it/s]
 14%|█▍        | 832/5794 [00:11<01:09, 71.42it/s]
 14%|█▍        | 840/5794 [00:12<01:09, 71.26it/s]
 15%|█▍        | 848/5794 [00:12<01:09, 71.21it/s]
 15%|█▍        | 856/5794 [00:12<01:09, 71.03it/s]
 15%|█▍        | 864/5794 [00:12<01:09, 71.05it/s]
 15%|█▌        | 872/5794 [00:12<01:09, 70.92it/s]
 15%|█▌        | 880/5794 [00:12<01:09, 71.01it/s]
 15%|█▌        | 888/5794 [00:12<01:09, 70.85it/s]
 15%|█▌        | 896/5794 [00:12<01:09, 70.98it/s]
 16%|█▌        | 904/5794 [00:12<01:08, 70.92it/s]
 16%|█▌        | 912/5794 [00:13<01:08, 71.04it/s]
 16%|█▌        | 920/5794 [00:13<01:08, 71.06it/s]
 16%|█▌        | 928/5794 [00:13<01:08, 71.02it/s]
 16%|█▌        | 936/5794 [00:13<01:08, 70.94it/s]
 16%|█▋        | 944/5794 [00:13<01:08, 70.76it/s]
 16%|█▋        | 952/5794 [00:13<01:08, 70.74it/s]
 17%|█▋        | 960/5794 [00:13<01:08, 70.62it/s]
 17%|█▋        | 968/5794 [00:13<01:08, 70.61it/s]
 17%|█▋        | 976/5794 [00:14<01:08, 70.54it/s]
 17%|█▋        | 984/5794 [00:14<01:08, 70.57it/s]
 17%|█▋        | 992/5794 [00:14<01:08, 70.51it/s]
 17%|█▋        | 1000/5794 [00:14<01:07, 70.64it/s]
 17%|█▋        | 1008/5794 [00:14<01:07, 70.71it/s]
 18%|█▊        | 1016/5794 [00:14<01:07, 70.87it/s]
 18%|█▊        | 1024/5794 [00:14<01:07, 70.81it/s]
 18%|█▊        | 1032/5794 [00:14<01:07, 70.92it/s]
 18%|█▊        | 1040/5794 [00:14<01:07, 70.88it/s]
 18%|█▊        | 1048/5794 [00:15<01:07, 70.78it/s]
 18%|█▊        | 1056/5794 [00:15<01:06, 70.86it/s]
 18%|█▊        | 1064/5794 [00:15<01:06, 70.92it/s]
 19%|█▊        | 1072/5794 [00:15<01:06, 70.92it/s]
 19%|█▊        | 1080/5794 [00:15<01:06, 70.76it/s]
 19%|█▉        | 1088/5794 [00:15<01:06, 70.70it/s]
 19%|█▉        | 1096/5794 [00:15<01:06, 70.57it/s]
 19%|█▉        | 1104/5794 [00:15<01:06, 70.77it/s]
 19%|█▉        | 1112/5794 [00:15<01:06, 70.69it/s]
 19%|█▉        | 1120/5794 [00:16<01:05, 70.93it/s]
 19%|█▉        | 1128/5794 [00:16<01:05, 71.01it/s]
 20%|█▉        | 1136/5794 [00:16<01:05, 71.19it/s]
 20%|█▉        | 1144/5794 [00:16<01:05, 71.20it/s]
 20%|█▉        | 1152/5794 [00:16<01:05, 71.29it/s]
 20%|██        | 1160/5794 [00:16<01:05, 71.26it/s]
 20%|██        | 1168/5794 [00:16<01:04, 71.40it/s]
 20%|██        | 1176/5794 [00:16<01:04, 71.20it/s]
 20%|██        | 1184/5794 [00:16<01:04, 71.27it/s]
 21%|██        | 1192/5794 [00:17<01:04, 71.21it/s]
 21%|██        | 1200/5794 [00:17<01:04, 71.12it/s]
 21%|██        | 1208/5794 [00:17<01:04, 71.27it/s]
 21%|██        | 1216/5794 [00:17<01:04, 71.12it/s]
 21%|██        | 1224/5794 [00:17<01:04, 71.08it/s]
 21%|██▏       | 1232/5794 [00:17<01:04, 70.95it/s]
 21%|██▏       | 1240/5794 [00:17<01:04, 70.89it/s]
 22%|██▏       | 1248/5794 [00:17<01:04, 70.79it/s]
 22%|██▏       | 1256/5794 [00:17<01:04, 70.62it/s]
 22%|██▏       | 1264/5794 [00:18<01:04, 70.57it/s]
 22%|██▏       | 1272/5794 [00:18<01:03, 70.69it/s]
 22%|██▏       | 1280/5794 [00:18<01:03, 70.66it/s]
 22%|██▏       | 1288/5794 [00:18<01:03, 70.74it/s]
 22%|██▏       | 1296/5794 [00:18<01:03, 70.66it/s]
 23%|██▎       | 1304/5794 [00:18<01:03, 70.69it/s]
 23%|██▎       | 1312/5794 [00:18<01:03, 70.86it/s]
 23%|██▎       | 1320/5794 [00:18<01:02, 71.17it/s]
 23%|██▎       | 1328/5794 [00:18<01:02, 71.27it/s]
 23%|██▎       | 1336/5794 [00:19<01:02, 71.21it/s]
 23%|██▎       | 1344/5794 [00:19<01:02, 71.21it/s]
 23%|██▎       | 1352/5794 [00:19<01:02, 71.27it/s]
 23%|██▎       | 1360/5794 [00:19<01:02, 71.37it/s]
 24%|██▎       | 1368/5794 [00:19<01:02, 71.37it/s]
 24%|██▎       | 1376/5794 [00:19<01:01, 71.41it/s]
 24%|██▍       | 1384/5794 [00:19<01:01, 71.31it/s]
 24%|██▍       | 1392/5794 [00:19<01:01, 71.42it/s]
 24%|██▍       | 1400/5794 [00:19<01:01, 71.26it/s]
 24%|██▍       | 1408/5794 [00:20<01:01, 71.18it/s]
 24%|██▍       | 1416/5794 [00:20<01:01, 71.08it/s]
 25%|██▍       | 1424/5794 [00:20<01:01, 71.05it/s]
 25%|██▍       | 1432/5794 [00:20<01:01, 70.53it/s]
 25%|██▍       | 1440/5794 [00:20<01:01, 70.73it/s]
 25%|██▍       | 1448/5794 [00:20<01:01, 70.70it/s]
 25%|██▌       | 1456/5794 [00:20<01:01, 70.84it/s]
 25%|██▌       | 1464/5794 [00:20<01:01, 70.87it/s]
 25%|██▌       | 1472/5794 [00:21<01:00, 70.86it/s]
 26%|██▌       | 1480/5794 [00:21<01:00, 70.89it/s]
 26%|██▌       | 1488/5794 [00:21<01:00, 70.69it/s]
 26%|██▌       | 1496/5794 [00:21<01:00, 70.78it/s]
 26%|██▌       | 1504/5794 [00:21<01:00, 70.59it/s]
 26%|██▌       | 1512/5794 [00:21<01:00, 70.91it/s]
 26%|██▌       | 1520/5794 [00:21<01:00, 71.03it/s]
 26%|██▋       | 1528/5794 [00:21<00:59, 71.25it/s]
 27%|██▋       | 1536/5794 [00:21<00:59, 71.23it/s]
 27%|██▋       | 1544/5794 [00:22<00:59, 71.22it/s]
 27%|██▋       | 1552/5794 [00:22<00:59, 71.18it/s]
 27%|██▋       | 1560/5794 [00:22<00:59, 71.14it/s]
 27%|██▋       | 1568/5794 [00:22<00:59, 71.04it/s]
 27%|██▋       | 1576/5794 [00:22<00:59, 71.09it/s]
 27%|██▋       | 1584/5794 [00:22<00:59, 70.96it/s]
 27%|██▋       | 1592/5794 [00:22<00:59, 71.04it/s]
 28%|██▊       | 1600/5794 [00:22<00:59, 70.88it/s]
 28%|██▊       | 1608/5794 [00:22<00:59, 70.82it/s]
 28%|██▊       | 1616/5794 [00:23<00:59, 70.79it/s]
 28%|██▊       | 1624/5794 [00:23<00:58, 70.70it/s]
 28%|██▊       | 1632/5794 [00:23<00:58, 70.65it/s]
 28%|██▊       | 1640/5794 [00:23<00:58, 70.63it/s]
 28%|██▊       | 1648/5794 [00:23<00:58, 70.65it/s]
 29%|██▊       | 1656/5794 [00:23<00:58, 70.56it/s]
 29%|██▊       | 1664/5794 [00:23<00:58, 70.63it/s]
 29%|██▉       | 1672/5794 [00:23<00:58, 70.77it/s]
 29%|██▉       | 1680/5794 [00:23<00:57, 71.06it/s]
 29%|██▉       | 1688/5794 [00:24<00:57, 71.00it/s]
 29%|██▉       | 1696/5794 [00:24<00:57, 71.23it/s]
 29%|██▉       | 1704/5794 [00:24<00:57, 71.20it/s]
 30%|██▉       | 1712/5794 [00:24<00:57, 71.35it/s]
 30%|██▉       | 1720/5794 [00:24<00:57, 71.19it/s]
 30%|██▉       | 1728/5794 [00:24<00:56, 71.44it/s]
 30%|██▉       | 1736/5794 [00:24<00:56, 71.55it/s]
 30%|███       | 1744/5794 [00:24<00:56, 71.51it/s]
 30%|███       | 1752/5794 [00:24<00:56, 71.55it/s]
 30%|███       | 1760/5794 [00:25<00:56, 71.27it/s]
 31%|███       | 1768/5794 [00:25<00:56, 71.34it/s]
 31%|███       | 1776/5794 [00:25<00:56, 71.31it/s]
 31%|███       | 1784/5794 [00:25<00:56, 71.19it/s]
 31%|███       | 1792/5794 [00:25<00:56, 71.02it/s]
 31%|███       | 1800/5794 [00:25<00:56, 70.99it/s]
 31%|███       | 1808/5794 [00:25<00:56, 70.84it/s]
 31%|███▏      | 1816/5794 [00:25<00:55, 71.06it/s]
 31%|███▏      | 1824/5794 [00:25<00:55, 71.20it/s]
 32%|███▏      | 1832/5794 [00:26<00:55, 71.18it/s]
 32%|███▏      | 1840/5794 [00:26<00:55, 71.26it/s]
 32%|███▏      | 1848/5794 [00:26<00:55, 71.43it/s]
 32%|███▏      | 1856/5794 [00:26<00:55, 71.02it/s]
 32%|███▏      | 1864/5794 [00:26<00:55, 71.08it/s]
 32%|███▏      | 1872/5794 [00:26<00:55, 71.09it/s]
 32%|███▏      | 1880/5794 [00:26<00:55, 70.93it/s]
 33%|███▎      | 1888/5794 [00:26<00:55, 70.78it/s]
 33%|███▎      | 1896/5794 [00:26<00:55, 70.75it/s]
 33%|███▎      | 1904/5794 [00:27<00:55, 70.69it/s]
 33%|███▎      | 1912/5794 [00:27<00:54, 70.71it/s]
 33%|███▎      | 1920/5794 [00:27<00:54, 70.82it/s]
 33%|███▎      | 1928/5794 [00:27<00:54, 70.73it/s]
 33%|███▎      | 1936/5794 [00:27<00:54, 70.85it/s]
 34%|███▎      | 1944/5794 [00:27<00:54, 70.79it/s]
 34%|███▎      | 1952/5794 [00:27<00:54, 70.68it/s]
 34%|███▍      | 1960/5794 [00:27<00:54, 70.63it/s]
 34%|███▍      | 1968/5794 [00:27<00:54, 70.69it/s]
 34%|███▍      | 1976/5794 [00:28<00:54, 70.65it/s]
 34%|███▍      | 1984/5794 [00:28<00:53, 70.86it/s]
 34%|███▍      | 1992/5794 [00:28<00:53, 70.65it/s]
 35%|███▍      | 2000/5794 [00:28<00:53, 70.79it/s]
 35%|███▍      | 2008/5794 [00:28<00:53, 70.84it/s]
 35%|███▍      | 2016/5794 [00:28<00:53, 70.79it/s]
 35%|███▍      | 2024/5794 [00:28<00:53, 70.80it/s]
 35%|███▌      | 2032/5794 [00:28<00:53, 70.78it/s]
 35%|███▌      | 2040/5794 [00:29<00:53, 70.79it/s]
 35%|███▌      | 2048/5794 [00:29<00:52, 70.74it/s]
 35%|███▌      | 2056/5794 [00:29<00:52, 70.82it/s]
 36%|███▌      | 2064/5794 [00:29<00:52, 70.79it/s]
 36%|███▌      | 2072/5794 [00:29<00:52, 71.08it/s]
 36%|███▌      | 2080/5794 [00:29<00:52, 71.17it/s]
 36%|███▌      | 2088/5794 [00:29<00:52, 71.21it/s]
 36%|███▌      | 2096/5794 [00:29<00:51, 71.23it/s]
 36%|███▋      | 2104/5794 [00:29<00:51, 71.43it/s]
 36%|███▋      | 2112/5794 [00:30<00:51, 71.20it/s]
 37%|███▋      | 2120/5794 [00:30<00:51, 71.34it/s]
 37%|███▋      | 2128/5794 [00:30<00:51, 71.24it/s]
 37%|███▋      | 2136/5794 [00:30<00:51, 71.35it/s]
 37%|███▋      | 2144/5794 [00:30<00:51, 71.41it/s]
 37%|███▋      | 2152/5794 [00:30<00:51, 71.40it/s]
 37%|███▋      | 2160/5794 [00:30<00:50, 71.44it/s]
 37%|███▋      | 2168/5794 [00:30<00:50, 71.38it/s]
 38%|███▊      | 2176/5794 [00:30<00:50, 71.43it/s]
 38%|███▊      | 2184/5794 [00:31<00:50, 71.16it/s]
 38%|███▊      | 2192/5794 [00:31<00:50, 71.30it/s]
 38%|███▊      | 2200/5794 [00:31<00:50, 71.30it/s]
 38%|███▊      | 2208/5794 [00:31<00:50, 71.48it/s]
 38%|███▊      | 2216/5794 [00:31<00:50, 71.38it/s]
 38%|███▊      | 2224/5794 [00:31<00:50, 70.67it/s]
 39%|███▊      | 2232/5794 [00:31<00:50, 70.62it/s]
 39%|███▊      | 2240/5794 [00:31<00:50, 70.72it/s]
 39%|███▉      | 2248/5794 [00:31<00:50, 70.67it/s]
 39%|███▉      | 2256/5794 [00:32<00:49, 70.77it/s]
 39%|███▉      | 2264/5794 [00:32<00:49, 70.69it/s]
 39%|███▉      | 2272/5794 [00:32<00:49, 70.91it/s]
 39%|███▉      | 2280/5794 [00:32<00:49, 70.75it/s]
 39%|███▉      | 2288/5794 [00:32<00:49, 70.81it/s]
 40%|███▉      | 2296/5794 [00:32<00:49, 70.94it/s]
 40%|███▉      | 2304/5794 [00:32<00:49, 70.74it/s]
 40%|███▉      | 2312/5794 [00:32<00:49, 70.83it/s]
 40%|████      | 2320/5794 [00:32<00:49, 70.81it/s]
 40%|████      | 2328/5794 [00:33<00:48, 70.91it/s]
 40%|████      | 2336/5794 [00:33<00:48, 70.91it/s]
 40%|████      | 2344/5794 [00:33<00:48, 71.20it/s]
 41%|████      | 2352/5794 [00:33<00:48, 71.27it/s]
 41%|████      | 2360/5794 [00:33<00:48, 71.46it/s]
 41%|████      | 2368/5794 [00:33<00:47, 71.47it/s]
 41%|████      | 2376/5794 [00:33<00:47, 71.52it/s]
 41%|████      | 2384/5794 [00:33<00:47, 71.45it/s]
 41%|████▏     | 2392/5794 [00:33<00:47, 71.49it/s]
 41%|████▏     | 2400/5794 [00:34<00:47, 71.53it/s]
 42%|████▏     | 2408/5794 [00:34<00:47, 71.72it/s]
 42%|████▏     | 2416/5794 [00:34<00:47, 71.75it/s]
 42%|████▏     | 2424/5794 [00:34<00:47, 71.61it/s]
 42%|████▏     | 2432/5794 [00:34<00:47, 71.41it/s]
 42%|████▏     | 2440/5794 [00:34<00:47, 71.25it/s]
 42%|████▏     | 2448/5794 [00:34<00:46, 71.24it/s]
 42%|████▏     | 2456/5794 [00:34<00:46, 71.07it/s]
 43%|████▎     | 2464/5794 [00:34<00:46, 70.93it/s]
 43%|████▎     | 2472/5794 [00:35<00:46, 70.86it/s]
 43%|████▎     | 2480/5794 [00:35<00:46, 70.94it/s]
 43%|████▎     | 2488/5794 [00:35<00:46, 70.85it/s]
 43%|████▎     | 2496/5794 [00:35<00:46, 70.90it/s]
 43%|████▎     | 2504/5794 [00:35<00:46, 70.67it/s]
 43%|████▎     | 2512/5794 [00:35<00:46, 70.95it/s]
 43%|████▎     | 2520/5794 [00:35<00:46, 70.98it/s]
 44%|████▎     | 2528/5794 [00:35<00:45, 71.25it/s]
 44%|████▍     | 2536/5794 [00:35<00:45, 71.27it/s]
 44%|████▍     | 2544/5794 [00:36<00:45, 71.46it/s]
 44%|████▍     | 2552/5794 [00:36<00:45, 71.52it/s]
 44%|████▍     | 2560/5794 [00:36<00:45, 71.54it/s]
 44%|████▍     | 2568/5794 [00:36<00:45, 71.65it/s]
 44%|████▍     | 2576/5794 [00:36<00:44, 71.59it/s]
 45%|████▍     | 2584/5794 [00:36<00:44, 71.54it/s]
 45%|████▍     | 2592/5794 [00:36<00:44, 71.48it/s]
 45%|████▍     | 2600/5794 [00:36<00:44, 71.39it/s]
 45%|████▌     | 2608/5794 [00:36<00:44, 71.32it/s]
 45%|████▌     | 2616/5794 [00:37<00:44, 71.09it/s]
 45%|████▌     | 2624/5794 [00:37<00:44, 71.01it/s]
 45%|████▌     | 2632/5794 [00:37<00:44, 71.25it/s]
 46%|████▌     | 2640/5794 [00:37<00:44, 71.20it/s]
 46%|████▌     | 2648/5794 [00:37<00:44, 71.15it/s]
 46%|████▌     | 2656/5794 [00:37<00:44, 71.11it/s]
 46%|████▌     | 2664/5794 [00:37<00:43, 71.23it/s]
 46%|████▌     | 2672/5794 [00:37<00:43, 71.14it/s]
 46%|████▋     | 2680/5794 [00:38<00:43, 71.24it/s]
 46%|████▋     | 2688/5794 [00:38<00:44, 70.54it/s]
 47%|████▋     | 2696/5794 [00:38<00:43, 70.84it/s]
 47%|████▋     | 2704/5794 [00:38<00:43, 71.01it/s]
 47%|████▋     | 2712/5794 [00:38<00:43, 70.97it/s]
 47%|████▋     | 2720/5794 [00:38<00:43, 71.18it/s]
 47%|████▋     | 2728/5794 [00:38<00:42, 71.40it/s]
 47%|████▋     | 2736/5794 [00:38<00:42, 71.49it/s]
 47%|████▋     | 2744/5794 [00:38<00:42, 71.36it/s]
 47%|████▋     | 2752/5794 [00:39<00:42, 71.45it/s]
 48%|████▊     | 2760/5794 [00:39<00:42, 71.45it/s]
 48%|████▊     | 2768/5794 [00:39<00:42, 71.43it/s]
 48%|████▊     | 2776/5794 [00:39<00:42, 71.39it/s]
 48%|████▊     | 2784/5794 [00:39<00:42, 71.47it/s]
 48%|████▊     | 2792/5794 [00:39<00:42, 71.42it/s]
 48%|████▊     | 2800/5794 [00:39<00:41, 71.52it/s]
 48%|████▊     | 2808/5794 [00:39<00:41, 71.51it/s]
 49%|████▊     | 2816/5794 [00:39<00:41, 71.57it/s]
 49%|████▊     | 2824/5794 [00:40<00:41, 71.49it/s]
 49%|████▉     | 2832/5794 [00:40<00:41, 71.22it/s]
 49%|████▉     | 2840/5794 [00:40<00:41, 71.17it/s]
 49%|████▉     | 2848/5794 [00:40<00:41, 71.12it/s]
 49%|████▉     | 2856/5794 [00:40<00:41, 71.10it/s]
 49%|████▉     | 2864/5794 [00:40<00:41, 70.97it/s]
 50%|████▉     | 2872/5794 [00:40<00:41, 71.04it/s]
 50%|████▉     | 2880/5794 [00:40<00:41, 70.93it/s]
 50%|████▉     | 2888/5794 [00:40<00:40, 71.00it/s]
 50%|████▉     | 2896/5794 [00:41<00:40, 70.80it/s]
 50%|█████     | 2904/5794 [00:41<00:40, 70.79it/s]
 50%|█████     | 2912/5794 [00:41<00:40, 70.68it/s]
 50%|█████     | 2920/5794 [00:41<00:40, 70.74it/s]
 51%|█████     | 2928/5794 [00:41<00:40, 70.66it/s]
 51%|█████     | 2936/5794 [00:41<00:40, 70.82it/s]
 51%|█████     | 2944/5794 [00:41<00:40, 70.78it/s]
 51%|█████     | 2952/5794 [00:41<00:40, 70.71it/s]
 51%|█████     | 2960/5794 [00:41<00:40, 70.49it/s]
 51%|█████     | 2968/5794 [00:42<00:40, 70.33it/s]
 51%|█████▏    | 2976/5794 [00:42<00:40, 70.38it/s]
 52%|█████▏    | 2984/5794 [00:42<00:39, 70.45it/s]
 52%|█████▏    | 2992/5794 [00:42<00:39, 70.65it/s]
 52%|█████▏    | 3000/5794 [00:42<00:39, 70.68it/s]
 52%|█████▏    | 3008/5794 [00:42<00:39, 70.87it/s]
 52%|█████▏    | 3016/5794 [00:42<00:39, 70.85it/s]
 52%|█████▏    | 3024/5794 [00:42<00:39, 70.94it/s]
 52%|█████▏    | 3032/5794 [00:42<00:38, 70.86it/s]
 52%|█████▏    | 3040/5794 [00:43<00:38, 70.94it/s]
 53%|█████▎    | 3048/5794 [00:43<00:38, 70.83it/s]
 53%|█████▎    | 3056/5794 [00:43<00:38, 70.97it/s]
 53%|█████▎    | 3064/5794 [00:43<00:39, 69.35it/s]
 53%|█████▎    | 3072/5794 [00:43<00:39, 69.74it/s]
 53%|█████▎    | 3080/5794 [00:43<00:38, 69.72it/s]
 53%|█████▎    | 3088/5794 [00:43<00:38, 69.92it/s]
 53%|█████▎    | 3096/5794 [00:43<00:38, 70.06it/s]
 54%|█████▎    | 3104/5794 [00:43<00:38, 70.08it/s]
 54%|█████▎    | 3112/5794 [00:44<00:38, 70.16it/s]
 54%|█████▍    | 3120/5794 [00:44<00:38, 70.08it/s]
 54%|█████▍    | 3128/5794 [00:44<00:37, 70.18it/s]
 54%|█████▍    | 3136/5794 [00:44<00:37, 70.00it/s]
 54%|█████▍    | 3144/5794 [00:44<00:37, 70.08it/s]
 54%|█████▍    | 3152/5794 [00:44<00:37, 70.00it/s]
 55%|█████▍    | 3160/5794 [00:44<00:37, 69.40it/s]
 55%|█████▍    | 3167/5794 [00:44<00:37, 69.50it/s]
 55%|█████▍    | 3175/5794 [00:45<00:37, 69.79it/s]
 55%|█████▍    | 3182/5794 [00:45<00:37, 69.82it/s]
 55%|█████▌    | 3190/5794 [00:45<00:37, 70.04it/s]
 55%|█████▌    | 3198/5794 [00:45<00:37, 70.12it/s]
 55%|█████▌    | 3206/5794 [00:45<00:36, 70.00it/s]
 55%|█████▌    | 3214/5794 [00:45<00:36, 70.14it/s]
 56%|█████▌    | 3222/5794 [00:45<00:36, 70.17it/s]
 56%|█████▌    | 3230/5794 [00:45<00:36, 70.22it/s]
 56%|█████▌    | 3238/5794 [00:45<00:36, 70.19it/s]
 56%|█████▌    | 3246/5794 [00:46<00:36, 70.38it/s]
 56%|█████▌    | 3254/5794 [00:46<00:36, 70.54it/s]
 56%|█████▋    | 3262/5794 [00:46<00:35, 70.75it/s]
 56%|█████▋    | 3270/5794 [00:46<00:35, 70.66it/s]
 57%|█████▋    | 3278/5794 [00:46<00:35, 70.78it/s]
 57%|█████▋    | 3286/5794 [00:46<00:35, 70.78it/s]
 57%|█████▋    | 3294/5794 [00:46<00:35, 70.83it/s]
 57%|█████▋    | 3302/5794 [00:46<00:35, 70.74it/s]
 57%|█████▋    | 3310/5794 [00:46<00:35, 70.72it/s]
 57%|█████▋    | 3318/5794 [00:47<00:35, 69.84it/s]
 57%|█████▋    | 3326/5794 [00:47<00:35, 70.03it/s]
 58%|█████▊    | 3334/5794 [00:47<00:34, 70.33it/s]
 58%|█████▊    | 3342/5794 [00:47<00:34, 70.49it/s]
 58%|█████▊    | 3350/5794 [00:47<00:34, 70.63it/s]
 58%|█████▊    | 3358/5794 [00:47<00:34, 70.73it/s]
 58%|█████▊    | 3366/5794 [00:47<00:34, 70.81it/s]
 58%|█████▊    | 3374/5794 [00:47<00:34, 70.79it/s]
 58%|█████▊    | 3382/5794 [00:47<00:34, 70.73it/s]
 59%|█████▊    | 3390/5794 [00:48<00:33, 70.75it/s]
 59%|█████▊    | 3398/5794 [00:48<00:33, 70.80it/s]
 59%|█████▉    | 3406/5794 [00:48<00:33, 70.71it/s]
 59%|█████▉    | 3414/5794 [00:48<00:33, 70.75it/s]
 59%|█████▉    | 3422/5794 [00:48<00:33, 70.76it/s]
 59%|█████▉    | 3430/5794 [00:48<00:33, 70.99it/s]
 59%|█████▉    | 3438/5794 [00:48<00:33, 70.84it/s]
 59%|█████▉    | 3446/5794 [00:48<00:33, 70.85it/s]
 60%|█████▉    | 3454/5794 [00:48<00:33, 70.77it/s]
 60%|█████▉    | 3462/5794 [00:49<00:32, 70.91it/s]
 60%|█████▉    | 3470/5794 [00:49<00:32, 70.92it/s]
 60%|██████    | 3478/5794 [00:49<00:32, 70.83it/s]
 60%|██████    | 3486/5794 [00:49<00:32, 70.81it/s]
 60%|██████    | 3494/5794 [00:49<00:32, 70.85it/s]
 60%|██████    | 3502/5794 [00:49<00:32, 70.11it/s]
 61%|██████    | 3510/5794 [00:49<00:32, 70.26it/s]
 61%|██████    | 3518/5794 [00:49<00:32, 70.47it/s]
 61%|██████    | 3526/5794 [00:49<00:32, 70.50it/s]
 61%|██████    | 3534/5794 [00:50<00:32, 70.58it/s]
 61%|██████    | 3542/5794 [00:50<00:31, 70.57it/s]
 61%|██████▏   | 3550/5794 [00:50<00:31, 70.76it/s]
 61%|██████▏   | 3558/5794 [00:50<00:31, 70.81it/s]
 62%|██████▏   | 3566/5794 [00:50<00:31, 71.04it/s]
 62%|██████▏   | 3574/5794 [00:50<00:31, 71.05it/s]
 62%|██████▏   | 3582/5794 [00:50<00:31, 71.28it/s]
 62%|██████▏   | 3590/5794 [00:50<00:31, 70.97it/s]
 62%|██████▏   | 3598/5794 [00:50<00:30, 70.98it/s]
 62%|██████▏   | 3606/5794 [00:51<00:30, 71.02it/s]
 62%|██████▏   | 3614/5794 [00:51<00:30, 70.92it/s]
 63%|██████▎   | 3622/5794 [00:51<00:30, 70.88it/s]
 63%|██████▎   | 3630/5794 [00:51<00:30, 70.77it/s]
 63%|██████▎   | 3638/5794 [00:51<00:30, 70.78it/s]
 63%|██████▎   | 3646/5794 [00:51<00:30, 70.76it/s]
 63%|██████▎   | 3654/5794 [00:51<00:30, 70.87it/s]
 63%|██████▎   | 3662/5794 [00:51<00:30, 70.70it/s]
 63%|██████▎   | 3670/5794 [00:52<00:30, 70.72it/s]
 63%|██████▎   | 3678/5794 [00:52<00:29, 70.57it/s]
 64%|██████▎   | 3686/5794 [00:52<00:29, 70.78it/s]
 64%|██████▍   | 3694/5794 [00:52<00:29, 70.71it/s]
 64%|██████▍   | 3702/5794 [00:52<00:29, 70.80it/s]
 64%|██████▍   | 3710/5794 [00:52<00:29, 70.70it/s]
 64%|██████▍   | 3718/5794 [00:52<00:29, 70.77it/s]
 64%|██████▍   | 3726/5794 [00:52<00:29, 70.73it/s]
 64%|██████▍   | 3734/5794 [00:52<00:29, 70.86it/s]
 65%|██████▍   | 3742/5794 [00:53<00:28, 70.86it/s]
 65%|██████▍   | 3750/5794 [00:53<00:28, 70.81it/s]
 65%|██████▍   | 3758/5794 [00:53<00:28, 70.84it/s]
 65%|██████▍   | 3766/5794 [00:53<00:28, 70.86it/s]
 65%|██████▌   | 3774/5794 [00:53<00:28, 70.82it/s]
 65%|██████▌   | 3782/5794 [00:53<00:28, 70.80it/s]
 65%|██████▌   | 3790/5794 [00:53<00:28, 71.04it/s]
 66%|██████▌   | 3798/5794 [00:53<00:28, 71.13it/s]
 66%|██████▌   | 3806/5794 [00:53<00:27, 71.37it/s]
 66%|██████▌   | 3814/5794 [00:54<00:27, 71.02it/s]
 66%|██████▌   | 3822/5794 [00:54<00:28, 70.25it/s]
 66%|██████▌   | 3830/5794 [00:54<00:27, 70.36it/s]
 66%|██████▌   | 3838/5794 [00:54<00:27, 70.60it/s]
 66%|██████▋   | 3846/5794 [00:54<00:27, 70.54it/s]
 67%|██████▋   | 3854/5794 [00:54<00:27, 70.75it/s]
 67%|██████▋   | 3862/5794 [00:54<00:27, 70.75it/s]
 67%|██████▋   | 3870/5794 [00:54<00:27, 70.92it/s]
 67%|██████▋   | 3878/5794 [00:54<00:27, 70.87it/s]
 67%|██████▋   | 3886/5794 [00:55<00:26, 70.78it/s]
 67%|██████▋   | 3894/5794 [00:55<00:26, 70.88it/s]
 67%|██████▋   | 3902/5794 [00:55<00:26, 70.88it/s]
 67%|██████▋   | 3910/5794 [00:55<00:26, 70.95it/s]
 68%|██████▊   | 3918/5794 [00:55<00:26, 71.09it/s]
 68%|██████▊   | 3926/5794 [00:55<00:26, 71.30it/s]
 68%|██████▊   | 3934/5794 [00:55<00:26, 71.33it/s]
 68%|██████▊   | 3942/5794 [00:55<00:25, 71.37it/s]
 68%|██████▊   | 3950/5794 [00:55<00:25, 71.12it/s]
 68%|██████▊   | 3958/5794 [00:56<00:25, 71.05it/s]
 68%|██████▊   | 3966/5794 [00:56<00:25, 70.89it/s]
 69%|██████▊   | 3974/5794 [00:56<00:25, 70.91it/s]
 69%|██████▊   | 3982/5794 [00:56<00:25, 70.88it/s]
 69%|██████▉   | 3990/5794 [00:56<00:25, 71.04it/s]
 69%|██████▉   | 3998/5794 [00:56<00:25, 71.00it/s]
 69%|██████▉   | 4006/5794 [00:56<00:25, 71.13it/s]
 69%|██████▉   | 4014/5794 [00:56<00:25, 71.11it/s]
 69%|██████▉   | 4022/5794 [00:56<00:24, 71.00it/s]
 70%|██████▉   | 4030/5794 [00:57<00:24, 70.84it/s]
 70%|██████▉   | 4038/5794 [00:57<00:24, 70.83it/s]
 70%|██████▉   | 4046/5794 [00:57<00:24, 70.88it/s]
 70%|██████▉   | 4054/5794 [00:57<00:24, 70.78it/s]
 70%|███████   | 4062/5794 [00:57<00:24, 70.82it/s]
 70%|███████   | 4070/5794 [00:57<00:24, 70.68it/s]
 70%|███████   | 4078/5794 [00:57<00:24, 70.63it/s]
 71%|███████   | 4086/5794 [00:57<00:24, 70.53it/s]
 71%|███████   | 4094/5794 [00:57<00:24, 70.74it/s]
 71%|███████   | 4102/5794 [00:58<00:23, 70.75it/s]
 71%|███████   | 4110/5794 [00:58<00:23, 70.96it/s]
 71%|███████   | 4118/5794 [00:58<00:23, 70.97it/s]
 71%|███████   | 4126/5794 [00:58<00:23, 71.13it/s]
 71%|███████▏  | 4134/5794 [00:58<00:23, 71.08it/s]
 71%|███████▏  | 4142/5794 [00:58<00:23, 71.20it/s]
 72%|███████▏  | 4150/5794 [00:58<00:23, 71.23it/s]
 72%|███████▏  | 4158/5794 [00:58<00:22, 71.24it/s]
 72%|███████▏  | 4166/5794 [00:59<00:22, 71.05it/s]
 72%|███████▏  | 4174/5794 [00:59<00:22, 70.84it/s]
 72%|███████▏  | 4182/5794 [00:59<00:22, 70.79it/s]
 72%|███████▏  | 4190/5794 [00:59<00:22, 70.63it/s]
 72%|███████▏  | 4198/5794 [00:59<00:22, 70.58it/s]
 73%|███████▎  | 4206/5794 [00:59<00:22, 70.47it/s]
 73%|███████▎  | 4214/5794 [00:59<00:22, 70.39it/s]
 73%|███████▎  | 4222/5794 [00:59<00:22, 70.29it/s]
 73%|███████▎  | 4230/5794 [00:59<00:22, 70.31it/s]
 73%|███████▎  | 4238/5794 [01:00<00:22, 70.22it/s]
 73%|███████▎  | 4246/5794 [01:00<00:22, 70.34it/s]
 73%|███████▎  | 4254/5794 [01:00<00:21, 70.21it/s]
 74%|███████▎  | 4262/5794 [01:00<00:21, 70.26it/s]
 74%|███████▎  | 4270/5794 [01:00<00:21, 70.16it/s]
 74%|███████▍  | 4278/5794 [01:00<00:21, 70.31it/s]
 74%|███████▍  | 4286/5794 [01:00<00:21, 70.39it/s]
 74%|███████▍  | 4294/5794 [01:00<00:21, 69.79it/s]
 74%|███████▍  | 4302/5794 [01:00<00:21, 70.24it/s]
 74%|███████▍  | 4310/5794 [01:01<00:21, 70.45it/s]
 75%|███████▍  | 4318/5794 [01:01<00:20, 70.70it/s]
 75%|███████▍  | 4326/5794 [01:01<00:20, 70.57it/s]
 75%|███████▍  | 4334/5794 [01:01<00:20, 70.57it/s]
 75%|███████▍  | 4342/5794 [01:01<00:20, 70.55it/s]
 75%|███████▌  | 4350/5794 [01:01<00:20, 70.61it/s]
 75%|███████▌  | 4358/5794 [01:01<00:20, 70.53it/s]
 75%|███████▌  | 4366/5794 [01:01<00:20, 70.51it/s]
 75%|███████▌  | 4374/5794 [01:01<00:20, 70.46it/s]
 76%|███████▌  | 4382/5794 [01:02<00:20, 70.53it/s]
 76%|███████▌  | 4390/5794 [01:02<00:19, 70.40it/s]
 76%|███████▌  | 4398/5794 [01:02<00:19, 70.46it/s]
 76%|███████▌  | 4406/5794 [01:02<00:19, 70.35it/s]
 76%|███████▌  | 4414/5794 [01:02<00:19, 70.62it/s]
 76%|███████▋  | 4422/5794 [01:02<00:19, 70.80it/s]
 76%|███████▋  | 4430/5794 [01:02<00:19, 70.90it/s]
 77%|███████▋  | 4438/5794 [01:02<00:19, 71.01it/s]
 77%|███████▋  | 4446/5794 [01:02<00:18, 71.00it/s]
 77%|███████▋  | 4454/5794 [01:03<00:18, 71.08it/s]
 77%|███████▋  | 4462/5794 [01:03<00:18, 71.04it/s]
 77%|███████▋  | 4470/5794 [01:03<00:18, 70.98it/s]
 77%|███████▋  | 4478/5794 [01:03<00:18, 70.92it/s]
 77%|███████▋  | 4486/5794 [01:03<00:18, 70.97it/s]
 78%|███████▊  | 4494/5794 [01:03<00:18, 70.92it/s]
 78%|███████▊  | 4502/5794 [01:03<00:18, 70.96it/s]
 78%|███████▊  | 4510/5794 [01:03<00:18, 70.86it/s]
 78%|███████▊  | 4518/5794 [01:03<00:17, 71.01it/s]
 78%|███████▊  | 4526/5794 [01:04<00:17, 71.00it/s]
 78%|███████▊  | 4534/5794 [01:04<00:17, 71.07it/s]
 78%|███████▊  | 4542/5794 [01:04<00:17, 70.71it/s]
 79%|███████▊  | 4550/5794 [01:04<00:17, 70.62it/s]
 79%|███████▊  | 4558/5794 [01:04<00:17, 70.62it/s]
 79%|███████▉  | 4566/5794 [01:04<00:17, 70.52it/s]
 79%|███████▉  | 4574/5794 [01:04<00:17, 70.55it/s]
 79%|███████▉  | 4582/5794 [01:04<00:17, 70.46it/s]
 79%|███████▉  | 4590/5794 [01:05<00:17, 70.52it/s]
 79%|███████▉  | 4598/5794 [01:05<00:16, 70.39it/s]
 79%|███████▉  | 4606/5794 [01:05<00:16, 70.40it/s]
 80%|███████▉  | 4614/5794 [01:05<00:16, 70.34it/s]
 80%|███████▉  | 4622/5794 [01:05<00:16, 70.46it/s]
 80%|███████▉  | 4630/5794 [01:05<00:16, 70.45it/s]
 80%|████████  | 4638/5794 [01:05<00:16, 70.72it/s]
 80%|████████  | 4646/5794 [01:05<00:16, 70.86it/s]
 80%|████████  | 4654/5794 [01:05<00:16, 70.98it/s]
 80%|████████  | 4662/5794 [01:06<00:16, 70.12it/s]
 81%|████████  | 4670/5794 [01:06<00:15, 70.55it/s]
 81%|████████  | 4678/5794 [01:06<00:15, 70.67it/s]
 81%|████████  | 4686/5794 [01:06<00:15, 70.90it/s]
 81%|████████  | 4694/5794 [01:06<00:15, 71.07it/s]
 81%|████████  | 4702/5794 [01:06<00:15, 71.16it/s]
 81%|████████▏ | 4710/5794 [01:06<00:15, 71.25it/s]
 81%|████████▏ | 4718/5794 [01:06<00:15, 71.27it/s]
 82%|████████▏ | 4726/5794 [01:06<00:14, 71.32it/s]
 82%|████████▏ | 4734/5794 [01:07<00:14, 71.21it/s]
 82%|████████▏ | 4742/5794 [01:07<00:14, 71.27it/s]
 82%|████████▏ | 4750/5794 [01:07<00:14, 71.28it/s]
 82%|████████▏ | 4758/5794 [01:07<00:14, 71.38it/s]
 82%|████████▏ | 4766/5794 [01:07<00:14, 71.36it/s]
 82%|████████▏ | 4774/5794 [01:07<00:14, 71.48it/s]
 83%|████████▎ | 4782/5794 [01:07<00:14, 71.28it/s]
 83%|████████▎ | 4790/5794 [01:07<00:14, 70.68it/s]
 83%|████████▎ | 4798/5794 [01:07<00:14, 68.20it/s]
 83%|████████▎ | 4805/5794 [01:08<00:14, 66.82it/s]
 83%|████████▎ | 4812/5794 [01:08<00:14, 65.86it/s]
 83%|████████▎ | 4819/5794 [01:08<00:14, 65.13it/s]
 83%|████████▎ | 4826/5794 [01:08<00:14, 64.65it/s]
 83%|████████▎ | 4833/5794 [01:08<00:14, 64.22it/s]
 84%|████████▎ | 4840/5794 [01:08<00:14, 64.09it/s]
 84%|████████▎ | 4847/5794 [01:08<00:14, 63.87it/s]
 84%|████████▍ | 4854/5794 [01:08<00:14, 63.61it/s]
 84%|████████▍ | 4861/5794 [01:08<00:14, 63.59it/s]
 84%|████████▍ | 4868/5794 [01:09<00:14, 63.48it/s]
 84%|████████▍ | 4875/5794 [01:09<00:14, 63.51it/s]
 84%|████████▍ | 4882/5794 [01:09<00:14, 63.35it/s]
 84%|████████▍ | 4889/5794 [01:09<00:14, 63.41it/s]
 85%|████████▍ | 4896/5794 [01:09<00:14, 63.48it/s]
 85%|████████▍ | 4903/5794 [01:09<00:13, 63.65it/s]
 85%|████████▍ | 4911/5794 [01:09<00:13, 66.01it/s]
 85%|████████▍ | 4919/5794 [01:09<00:12, 67.56it/s]
 85%|████████▌ | 4927/5794 [01:09<00:12, 68.75it/s]
 85%|████████▌ | 4934/5794 [01:10<00:12, 68.59it/s]
 85%|████████▌ | 4942/5794 [01:10<00:12, 69.47it/s]
 85%|████████▌ | 4950/5794 [01:10<00:12, 69.93it/s]
 86%|████████▌ | 4958/5794 [01:10<00:11, 70.47it/s]
 86%|████████▌ | 4966/5794 [01:10<00:11, 70.68it/s]
 86%|████████▌ | 4974/5794 [01:10<00:11, 70.77it/s]
 86%|████████▌ | 4982/5794 [01:10<00:11, 71.07it/s]
 86%|████████▌ | 4990/5794 [01:10<00:11, 71.14it/s]
 86%|████████▋ | 4998/5794 [01:10<00:11, 69.25it/s]
 86%|████████▋ | 5005/5794 [01:11<00:11, 67.54it/s]
 87%|████████▋ | 5012/5794 [01:11<00:11, 66.31it/s]
 87%|████████▋ | 5019/5794 [01:11<00:11, 65.23it/s]
 87%|████████▋ | 5026/5794 [01:11<00:11, 64.63it/s]
 87%|████████▋ | 5033/5794 [01:11<00:11, 64.28it/s]
 87%|████████▋ | 5040/5794 [01:11<00:11, 63.98it/s]
 87%|████████▋ | 5047/5794 [01:11<00:11, 63.75it/s]
 87%|████████▋ | 5054/5794 [01:11<00:11, 63.42it/s]
 87%|████████▋ | 5061/5794 [01:11<00:11, 63.29it/s]
 87%|████████▋ | 5068/5794 [01:12<00:11, 63.14it/s]
 88%|████████▊ | 5075/5794 [01:12<00:11, 62.92it/s]
 88%|████████▊ | 5082/5794 [01:12<00:11, 62.82it/s]
 88%|████████▊ | 5089/5794 [01:12<00:11, 62.73it/s]
 88%|████████▊ | 5096/5794 [01:12<00:11, 62.79it/s]
 88%|████████▊ | 5103/5794 [01:12<00:11, 62.68it/s]
 88%|████████▊ | 5110/5794 [01:12<00:10, 62.80it/s]
 88%|████████▊ | 5117/5794 [01:12<00:10, 64.69it/s]
 88%|████████▊ | 5125/5794 [01:12<00:10, 66.63it/s]
 89%|████████▊ | 5133/5794 [01:13<00:09, 68.01it/s]
 89%|████████▊ | 5141/5794 [01:13<00:09, 68.90it/s]
 89%|████████▉ | 5149/5794 [01:13<00:09, 69.61it/s]
 89%|████████▉ | 5157/5794 [01:13<00:09, 70.01it/s]
 89%|████████▉ | 5165/5794 [01:13<00:08, 70.39it/s]
 89%|████████▉ | 5173/5794 [01:13<00:08, 70.52it/s]
 89%|████████▉ | 5181/5794 [01:13<00:08, 70.73it/s]
 90%|████████▉ | 5189/5794 [01:13<00:08, 70.73it/s]
 90%|████████▉ | 5197/5794 [01:13<00:08, 70.86it/s]
 90%|████████▉ | 5205/5794 [01:14<00:08, 70.77it/s]
 90%|████████▉ | 5213/5794 [01:14<00:08, 70.89it/s]
 90%|█████████ | 5221/5794 [01:14<00:08, 70.95it/s]
 90%|█████████ | 5229/5794 [01:14<00:07, 70.88it/s]
 90%|█████████ | 5237/5794 [01:14<00:07, 70.89it/s]
 91%|█████████ | 5245/5794 [01:14<00:07, 70.85it/s]
 91%|█████████ | 5253/5794 [01:14<00:07, 70.91it/s]
 91%|█████████ | 5261/5794 [01:14<00:07, 70.82it/s]
 91%|█████████ | 5269/5794 [01:14<00:07, 68.88it/s]
 91%|█████████ | 5276/5794 [01:15<00:07, 67.03it/s]
 91%|█████████ | 5283/5794 [01:15<00:07, 65.87it/s]
 91%|█████████▏| 5290/5794 [01:15<00:07, 66.36it/s]
 91%|█████████▏| 5298/5794 [01:15<00:07, 67.73it/s]
 92%|█████████▏| 5306/5794 [01:15<00:07, 68.62it/s]
 92%|█████████▏| 5314/5794 [01:15<00:06, 69.25it/s]
 92%|█████████▏| 5322/5794 [01:15<00:06, 69.72it/s]
 92%|█████████▏| 5330/5794 [01:15<00:06, 70.00it/s]
 92%|█████████▏| 5338/5794 [01:15<00:06, 70.44it/s]
 92%|█████████▏| 5346/5794 [01:16<00:06, 70.64it/s]
 92%|█████████▏| 5354/5794 [01:16<00:06, 70.92it/s]
 93%|█████████▎| 5362/5794 [01:16<00:06, 70.94it/s]
 93%|█████████▎| 5370/5794 [01:16<00:05, 71.09it/s]
 93%|█████████▎| 5378/5794 [01:16<00:05, 71.09it/s]
 93%|█████████▎| 5386/5794 [01:16<00:05, 71.21it/s]
 93%|█████████▎| 5394/5794 [01:16<00:05, 71.15it/s]
 93%|█████████▎| 5402/5794 [01:16<00:05, 71.17it/s]
 93%|█████████▎| 5410/5794 [01:17<00:05, 70.97it/s]
 94%|█████████▎| 5418/5794 [01:17<00:05, 71.02it/s]
 94%|█████████▎| 5426/5794 [01:17<00:05, 70.20it/s]
 94%|█████████▍| 5434/5794 [01:17<00:05, 70.51it/s]
 94%|█████████▍| 5442/5794 [01:17<00:04, 70.69it/s]
 94%|█████████▍| 5450/5794 [01:17<00:04, 70.64it/s]
 94%|█████████▍| 5458/5794 [01:17<00:04, 70.72it/s]
 94%|█████████▍| 5466/5794 [01:17<00:04, 70.66it/s]
 94%|█████████▍| 5474/5794 [01:17<00:04, 70.77it/s]
 95%|█████████▍| 5482/5794 [01:18<00:04, 70.73it/s]
 95%|█████████▍| 5490/5794 [01:18<00:04, 70.82it/s]
 95%|█████████▍| 5498/5794 [01:18<00:04, 70.83it/s]
 95%|█████████▌| 5506/5794 [01:18<00:04, 71.00it/s]
 95%|█████████▌| 5514/5794 [01:18<00:03, 70.99it/s]
 95%|█████████▌| 5522/5794 [01:18<00:03, 71.07it/s]
 95%|█████████▌| 5530/5794 [01:18<00:03, 71.04it/s]
 96%|█████████▌| 5538/5794 [01:18<00:03, 71.10it/s]
 96%|█████████▌| 5546/5794 [01:18<00:03, 70.99it/s]
 96%|█████████▌| 5554/5794 [01:19<00:03, 71.01it/s]
 96%|█████████▌| 5562/5794 [01:19<00:03, 70.97it/s]
 96%|█████████▌| 5570/5794 [01:19<00:03, 70.84it/s]
 96%|█████████▋| 5578/5794 [01:19<00:03, 70.87it/s]
 96%|█████████▋| 5586/5794 [01:19<00:02, 70.87it/s]
 97%|█████████▋| 5594/5794 [01:19<00:02, 70.86it/s]
 97%|█████████▋| 5602/5794 [01:19<00:02, 70.75it/s]
 97%|█████████▋| 5610/5794 [01:19<00:02, 70.11it/s]
 97%|█████████▋| 5618/5794 [01:19<00:02, 70.30it/s]
 97%|█████████▋| 5626/5794 [01:20<00:02, 70.49it/s]
 97%|█████████▋| 5634/5794 [01:20<00:02, 70.59it/s]
 97%|█████████▋| 5642/5794 [01:20<00:02, 70.73it/s]
 98%|█████████▊| 5650/5794 [01:20<00:02, 70.67it/s]
 98%|█████████▊| 5658/5794 [01:20<00:01, 70.81it/s]
 98%|█████████▊| 5666/5794 [01:20<00:01, 70.82it/s]
 98%|█████████▊| 5674/5794 [01:20<00:01, 70.94it/s]
 98%|█████████▊| 5682/5794 [01:20<00:01, 70.89it/s]
 98%|█████████▊| 5690/5794 [01:20<00:01, 70.81it/s]
 98%|█████████▊| 5698/5794 [01:21<00:01, 70.78it/s]
 98%|█████████▊| 5706/5794 [01:21<00:01, 70.90it/s]
 99%|█████████▊| 5714/5794 [01:21<00:01, 70.94it/s]
 99%|█████████▉| 5722/5794 [01:21<00:01, 70.89it/s]
 99%|█████████▉| 5730/5794 [01:21<00:00, 70.88it/s]
 99%|█████████▉| 5738/5794 [01:21<00:00, 70.81it/s]
 99%|█████████▉| 5746/5794 [01:21<00:00, 70.93it/s]
 99%|█████████▉| 5754/5794 [01:21<00:00, 70.90it/s]
 99%|█████████▉| 5762/5794 [01:21<00:00, 70.90it/s]
100%|█████████▉| 5770/5794 [01:22<00:00, 70.68it/s]
100%|█████████▉| 5778/5794 [01:22<00:00, 70.12it/s]
100%|█████████▉| 5786/5794 [01:22<00:00, 70.36it/s]
100%|██████████| 5794/5794 [01:22<00:00, 71.02it/s]
100%|██████████| 5794/5794 [01:22<00:00, 70.24it/s]
BALANCED ACCS CHECKED FOR TEST
TEST SET RESULTS FOR CHECKPOINT trained_weights/waterbirds/gals_waterbird_complete95_forest2water2_21048936_trial_000/best_balanced_valacc_0.55_epoch_0.ckpt
test_acc: 0.7279944770452192
balanced_test_acc: 0.5662318420125577
Land_on_Land_test_acc: 0.9991130820399113
Land_on_Water_test_acc: 0.7144124168514412
Water_on_Land_test_acc: 0.010903426791277258
Water_on_Water_test_acc: 0.5404984423676013
test_acc_Waterbird: 0.2757009345794392
test_acc_Landbird: 0.8567627494456763
