[CMD] /home/ryreu/miniconda3/envs/gals_a100/bin/python -u main.py --config configs/waterbirds_100_gals_vit.yaml --name gals_waterbird_1.0_forest2water2_21048936_trial_000 DATA.ROOT=/home/ryreu/guided_cnn/waterbirds DATA.WATERBIRDS_DIR=waterbird_1.0_forest2water2 SEED=0 EXP.BASE.LR=0.0010000000000000002 EXP.CLASSIFIER.LR=9.999999999999991e-05 EXP.WEIGHT_DECAY=9.999999999999997e-06 EXP.AUX_LOSSES_ON_VAL=False EXP.LOSSES.GRADIENT_OUTSIDE.WEIGHT=10.000000000000002 EXP.NUM_EPOCHS=1
SEED: 0
DATA:
  BATCH_SIZE: 96
  NUM_WORKERS: 4
  SIZE: 224
  NORMALIZATION: imagenet
  ATTENTION_DIR: clip_vit_attention
  SEPARATE_CLASSES: false
  REMOVE_BACKGROUND: false
  ROOT: /home/ryreu/guided_cnn/waterbirds
  USE_CLASS_WEIGHTS: false
  USE_GROUP_WEIGHTS: false
  DATASET: waterbirds
  NUM_CLASSES: 2
  CONFOUNDING_FACTOR: 1.0
  WATERBIRDS_DIR: waterbird_1.0_forest2water2
EXP:
  NUM_TRIALS: 1
  LOSSES:
    CLASSIFICATION:
      WEIGHT: 1
    GRADIENT_OUTSIDE:
      COMPUTE: true
      LOG: false
      WEIGHT: 10.000000000000002
      CRITERION: L1
      GT: clip_vit
      COMBINE_ATT_MODE: average_nonzero
    GRADIENT_INSIDE:
      COMPUTE: false
      LOG: false
      WEIGHT: 1
      CRITERION: L1
      GT: segmentation
      COMBINE_ATT_MODE: average_nonzero
    GRADCAM:
      COMPUTE: false
      LOG: false
      WEIGHT: 1
      CRITERION: L1
      GT: segmentation
      MODE: match
      COMBINE_ATT_MODE: average_nonzero
  APPROACH: generic
  MODEL: resnet50
  PRETRAINED: true
  NUM_EPOCHS: 1
  OPTIMIZER: SGD
  WEIGHT_DECAY: 9.999999999999997e-06
  MOMENTUM: 0.9
  SCHEDULER: NONE
  BASE:
    LR: 0.0010000000000000002
  CLASSIFIER:
    LR: 9.999999999999991e-05
  AUX_LOSSES_ON_VAL: false
LOGGING:
  SAVE_EVERY: 0
  SAVE_BEST: true
  SAVE_LAST: false
  LOG_ATTENTION: false
  LOG_ATTENTION_STEP: 10
  SAVE_STATS_PATH: null
yaml: configs/waterbirds_100_gals_vit.yaml
name: gals_waterbird_1.0_forest2water2_21048936_trial_000
test_checkpoint: null

WATERBIRDS DIR: /home/ryreu/guided_cnn/waterbirds/waterbird_1.0_forest2water2
NUMBER OF SAMPLES WITH LABEL Landbird: 3684
NUMBER OF SAMPLES WITH LABEL Waterbird: 1111
NUMBER OF SAMPLES WITH GROUP Land_on_Land: 3684
NUMBER OF SAMPLES WITH GROUP Land_on_Water: 0
NUMBER OF SAMPLES WITH GROUP Water_on_Land: 0
NUMBER OF SAMPLES WITH GROUP Water_on_Water: 1111
WATERBIRDS DIR: /home/ryreu/guided_cnn/waterbirds/waterbird_1.0_forest2water2
NUMBER OF SAMPLES WITH LABEL Landbird: 931
NUMBER OF SAMPLES WITH LABEL Waterbird: 268
NUMBER OF SAMPLES WITH GROUP Land_on_Land: 465
NUMBER OF SAMPLES WITH GROUP Land_on_Water: 466
NUMBER OF SAMPLES WITH GROUP Water_on_Land: 134
NUMBER OF SAMPLES WITH GROUP Water_on_Water: 134
NUM TRAIN: 4795

NUM VAL:   1199

Number classifier outputs: 1
Using pretrained model: True
USING SGD OPTIMIZER
class weights: None
group weights: None
WANDB DISABLED: skipping wandb.init()
EPOCH: 0

>>> TRAINING 


  0%|          | 0/50 [00:00<?, ?it/s]
  2%|▏         | 1/50 [00:04<03:38,  4.46s/it]
  4%|▍         | 2/50 [00:05<01:59,  2.48s/it]
  6%|▌         | 3/50 [00:06<01:26,  1.84s/it]
  8%|▊         | 4/50 [00:07<01:11,  1.55s/it]
 10%|█         | 5/50 [00:08<01:02,  1.38s/it]
 12%|█▏        | 6/50 [00:09<00:56,  1.28s/it]
 14%|█▍        | 7/50 [00:10<00:52,  1.22s/it]
 16%|█▌        | 8/50 [00:12<00:49,  1.18s/it]
 18%|█▊        | 9/50 [00:13<00:47,  1.15s/it]
 20%|██        | 10/50 [00:14<00:45,  1.13s/it]
 22%|██▏       | 11/50 [00:15<00:43,  1.12s/it]
 24%|██▍       | 12/50 [00:16<00:42,  1.11s/it]
 26%|██▌       | 13/50 [00:17<00:40,  1.10s/it]
 28%|██▊       | 14/50 [00:18<00:39,  1.10s/it]
 30%|███       | 15/50 [00:19<00:38,  1.09s/it]
 32%|███▏      | 16/50 [00:20<00:37,  1.09s/it]
 34%|███▍      | 17/50 [00:21<00:36,  1.09s/it]
 36%|███▌      | 18/50 [00:22<00:34,  1.09s/it]
 38%|███▊      | 19/50 [00:24<00:33,  1.09s/it]
 40%|████      | 20/50 [00:25<00:32,  1.09s/it]
 42%|████▏     | 21/50 [00:26<00:31,  1.09s/it]
 44%|████▍     | 22/50 [00:27<00:30,  1.09s/it]
 46%|████▌     | 23/50 [00:28<00:29,  1.09s/it]
 48%|████▊     | 24/50 [00:29<00:28,  1.09s/it]
 50%|█████     | 25/50 [00:30<00:27,  1.09s/it]
 52%|█████▏    | 26/50 [00:31<00:26,  1.10s/it]
 54%|█████▍    | 27/50 [00:32<00:25,  1.10s/it]
 56%|█████▌    | 28/50 [00:33<00:24,  1.10s/it]
 58%|█████▊    | 29/50 [00:34<00:23,  1.10s/it]
 60%|██████    | 30/50 [00:36<00:21,  1.10s/it]
 62%|██████▏   | 31/50 [00:37<00:20,  1.10s/it]
 64%|██████▍   | 32/50 [00:38<00:19,  1.10s/it]
 66%|██████▌   | 33/50 [00:39<00:18,  1.10s/it]
 68%|██████▊   | 34/50 [00:40<00:17,  1.10s/it]
 70%|███████   | 35/50 [00:41<00:16,  1.10s/it]
 72%|███████▏  | 36/50 [00:42<00:15,  1.10s/it]
 74%|███████▍  | 37/50 [00:43<00:14,  1.10s/it]
 76%|███████▌  | 38/50 [00:44<00:13,  1.10s/it]
 78%|███████▊  | 39/50 [00:45<00:12,  1.10s/it]
 80%|████████  | 40/50 [00:47<00:10,  1.10s/it]
 82%|████████▏ | 41/50 [00:48<00:09,  1.09s/it]
 84%|████████▍ | 42/50 [00:49<00:08,  1.09s/it]
 86%|████████▌ | 43/50 [00:50<00:07,  1.09s/it]
 88%|████████▊ | 44/50 [00:51<00:06,  1.09s/it]
 90%|█████████ | 45/50 [00:52<00:05,  1.09s/it]
 92%|█████████▏| 46/50 [00:53<00:04,  1.10s/it]
 94%|█████████▍| 47/50 [00:54<00:03,  1.09s/it]
 96%|█████████▌| 48/50 [00:55<00:02,  1.09s/it]
 98%|█████████▊| 49/50 [00:56<00:01,  1.09s/it]
100%|██████████| 50/50 [00:57<00:00,  1.09s/it]
100%|██████████| 50/50 [00:58<00:00,  1.16s/it]
>>> VALIDATING 


  0%|          | 0/13 [00:00<?, ?it/s]
  8%|▊         | 1/13 [00:01<00:12,  1.04s/it]
 23%|██▎       | 3/13 [00:01<00:03,  3.06it/s]
 38%|███▊      | 5/13 [00:01<00:02,  3.13it/s]
 54%|█████▍    | 7/13 [00:01<00:01,  4.67it/s]
 69%|██████▉   | 9/13 [00:02<00:00,  4.03it/s]
 85%|████████▍ | 11/13 [00:02<00:00,  5.36it/s]
100%|██████████| 13/13 [00:02<00:00,  6.55it/s]
100%|██████████| 13/13 [00:02<00:00,  4.41it/s]
>>> LOGGING 

BALANCED ACCS CHECKED FOR TRAIN
BALANCED ACCS CHECKED FOR VAL
train_acc: 0.7293013555787279
val_acc: 0.6839032527105922
train_cls_loss: 0.47431737886852465
val_cls_loss: 0.566548323362842
train_total_loss: 0.47434192414514964
val_total_loss: 0.566548323362842
balanced_train_acc: 0.6122934361840093
balanced_val_acc: 0.5705909229363387
Land_on_Land_train_acc: 0.8303474484256244
Land_on_Land_val_acc: 0.9956989247311828
Land_on_Water_train_acc: 0
Land_on_Water_val_acc: 0.555793991416309
Water_on_Land_train_acc: 0
Water_on_Land_val_acc: 0.03731343283582089
Water_on_Water_train_acc: 0.39423942394239425
Water_on_Water_val_acc: 0.6940298507462687
train_dydx_outside_clip_vit_loss: 2.454231434474212e-05
train_acc_Landbird: 0.8303474484256244
train_acc_Waterbird: 0.39423942394239425
val_acc_Landbird: 0.7755102040816326
val_acc_Waterbird: 0.3656716417910448
TRAIN ACC:        0.7293013555787279
VAL ACC:          0.6839032527105922
BALANCED VAL ACC: 0.5705909229363387
prev best list: []
Saving to trained_weights/waterbirds/gals_waterbird_1.0_forest2water2_21048936_trial_000/best_balanced_valacc_0.57_epoch_0.ckpt
>>> EVALUATING ON TEST SET
WATERBIRDS DIR: /home/ryreu/guided_cnn/waterbirds/waterbird_1.0_forest2water2
NUMBER OF SAMPLES WITH LABEL Landbird: 4510
NUMBER OF SAMPLES WITH LABEL Waterbird: 1284
NUMBER OF SAMPLES WITH GROUP Land_on_Land: 2255
NUMBER OF SAMPLES WITH GROUP Land_on_Water: 2255
NUMBER OF SAMPLES WITH GROUP Water_on_Land: 642
NUMBER OF SAMPLES WITH GROUP Water_on_Water: 642
NUM TEST:   5794

Loaded checkpoint trained_weights/waterbirds/gals_waterbird_1.0_forest2water2_21048936_trial_000/best_balanced_valacc_0.57_epoch_0.ckpt

  0%|          | 0/5794 [00:00<?, ?it/s]
  0%|          | 1/5794 [00:00<27:21,  3.53it/s]
  0%|          | 9/5794 [00:00<03:24, 28.30it/s]
  0%|          | 17/5794 [00:00<02:13, 43.39it/s]
  0%|          | 25/5794 [00:00<01:49, 52.88it/s]
  1%|          | 33/5794 [00:00<01:37, 59.20it/s]
  1%|          | 41/5794 [00:00<01:30, 63.26it/s]
  1%|          | 49/5794 [00:00<01:26, 66.15it/s]
  1%|          | 57/5794 [00:01<01:24, 67.98it/s]
  1%|          | 65/5794 [00:01<01:22, 69.39it/s]
  1%|▏         | 73/5794 [00:01<01:21, 70.32it/s]
  1%|▏         | 81/5794 [00:01<01:20, 71.17it/s]
  2%|▏         | 89/5794 [00:01<01:20, 71.08it/s]
  2%|▏         | 97/5794 [00:01<01:19, 71.93it/s]
  2%|▏         | 105/5794 [00:01<01:18, 72.53it/s]
  2%|▏         | 113/5794 [00:01<01:18, 72.78it/s]
  2%|▏         | 121/5794 [00:01<01:21, 69.26it/s]
  2%|▏         | 128/5794 [00:02<01:24, 67.39it/s]
  2%|▏         | 135/5794 [00:02<01:23, 67.42it/s]
  2%|▏         | 143/5794 [00:02<01:22, 68.83it/s]
  3%|▎         | 151/5794 [00:02<01:21, 69.60it/s]
  3%|▎         | 159/5794 [00:02<01:20, 70.29it/s]
  3%|▎         | 167/5794 [00:02<01:19, 71.04it/s]
  3%|▎         | 175/5794 [00:02<01:18, 71.36it/s]
  3%|▎         | 183/5794 [00:02<01:18, 71.69it/s]
  3%|▎         | 191/5794 [00:02<01:18, 71.38it/s]
  3%|▎         | 199/5794 [00:03<01:17, 71.78it/s]
  4%|▎         | 207/5794 [00:03<01:17, 71.98it/s]
  4%|▎         | 215/5794 [00:03<01:17, 72.00it/s]
  4%|▍         | 223/5794 [00:03<01:17, 72.03it/s]
  4%|▍         | 231/5794 [00:03<01:17, 72.14it/s]
  4%|▍         | 239/5794 [00:03<01:16, 72.23it/s]
  4%|▍         | 247/5794 [00:03<01:18, 70.77it/s]
  4%|▍         | 255/5794 [00:03<01:21, 67.85it/s]
  5%|▍         | 262/5794 [00:03<01:23, 66.61it/s]
  5%|▍         | 269/5794 [00:04<01:23, 65.96it/s]
  5%|▍         | 276/5794 [00:04<01:24, 65.31it/s]
  5%|▍         | 283/5794 [00:04<01:24, 64.97it/s]
  5%|▌         | 290/5794 [00:04<01:25, 64.37it/s]
  5%|▌         | 297/5794 [00:04<01:26, 63.68it/s]
  5%|▌         | 304/5794 [00:04<01:26, 63.57it/s]
  5%|▌         | 311/5794 [00:04<01:26, 63.31it/s]
  5%|▌         | 318/5794 [00:04<01:26, 63.43it/s]
  6%|▌         | 325/5794 [00:04<01:26, 63.55it/s]
  6%|▌         | 332/5794 [00:05<01:25, 63.53it/s]
  6%|▌         | 339/5794 [00:05<01:25, 63.60it/s]
  6%|▌         | 346/5794 [00:05<01:25, 63.58it/s]
  6%|▌         | 353/5794 [00:05<01:25, 63.68it/s]
  6%|▌         | 360/5794 [00:05<01:25, 63.68it/s]
  6%|▋         | 367/5794 [00:05<01:25, 63.71it/s]
  6%|▋         | 374/5794 [00:05<01:24, 63.94it/s]
  7%|▋         | 381/5794 [00:05<01:24, 63.69it/s]
  7%|▋         | 388/5794 [00:05<01:24, 63.73it/s]
  7%|▋         | 395/5794 [00:06<01:25, 63.23it/s]
  7%|▋         | 402/5794 [00:06<01:25, 63.33it/s]
  7%|▋         | 409/5794 [00:06<01:24, 63.51it/s]
  7%|▋         | 416/5794 [00:06<01:24, 63.52it/s]
  7%|▋         | 423/5794 [00:06<01:24, 63.62it/s]
  7%|▋         | 430/5794 [00:06<01:24, 63.68it/s]
  8%|▊         | 437/5794 [00:06<01:23, 63.84it/s]
  8%|▊         | 444/5794 [00:06<01:23, 63.83it/s]
  8%|▊         | 451/5794 [00:06<01:23, 63.76it/s]
  8%|▊         | 458/5794 [00:07<01:23, 63.55it/s]
  8%|▊         | 465/5794 [00:07<01:23, 63.55it/s]
  8%|▊         | 472/5794 [00:07<01:23, 63.67it/s]
  8%|▊         | 479/5794 [00:07<01:23, 63.85it/s]
  8%|▊         | 486/5794 [00:07<01:23, 63.82it/s]
  9%|▊         | 493/5794 [00:07<01:22, 63.88it/s]
  9%|▊         | 500/5794 [00:07<01:23, 63.74it/s]
  9%|▉         | 507/5794 [00:07<01:22, 63.87it/s]
  9%|▉         | 514/5794 [00:07<01:22, 63.80it/s]
  9%|▉         | 521/5794 [00:08<01:22, 64.00it/s]
  9%|▉         | 528/5794 [00:08<01:21, 64.54it/s]
  9%|▉         | 536/5794 [00:08<01:18, 66.71it/s]
  9%|▉         | 544/5794 [00:08<01:16, 68.42it/s]
 10%|▉         | 552/5794 [00:08<01:15, 69.51it/s]
 10%|▉         | 560/5794 [00:08<01:14, 70.46it/s]
 10%|▉         | 568/5794 [00:08<01:13, 70.93it/s]
 10%|▉         | 576/5794 [00:08<01:13, 71.37it/s]
 10%|█         | 584/5794 [00:08<01:12, 71.57it/s]
 10%|█         | 592/5794 [00:09<01:12, 71.80it/s]
 10%|█         | 600/5794 [00:09<01:12, 71.81it/s]
 10%|█         | 608/5794 [00:09<01:12, 71.95it/s]
 11%|█         | 616/5794 [00:09<01:12, 71.89it/s]
 11%|█         | 624/5794 [00:09<01:12, 71.72it/s]
 11%|█         | 632/5794 [00:09<01:11, 71.87it/s]
 11%|█         | 640/5794 [00:09<01:11, 71.73it/s]
 11%|█         | 648/5794 [00:09<01:11, 71.90it/s]
 11%|█▏        | 656/5794 [00:09<01:11, 71.82it/s]
 11%|█▏        | 664/5794 [00:10<01:11, 72.00it/s]
 12%|█▏        | 672/5794 [00:10<01:11, 71.78it/s]
 12%|█▏        | 680/5794 [00:10<01:10, 72.05it/s]
 12%|█▏        | 688/5794 [00:10<01:13, 69.14it/s]
 12%|█▏        | 695/5794 [00:10<01:15, 67.86it/s]
 12%|█▏        | 702/5794 [00:10<01:16, 66.67it/s]
 12%|█▏        | 709/5794 [00:10<01:17, 65.98it/s]
 12%|█▏        | 716/5794 [00:10<01:17, 65.36it/s]
 12%|█▏        | 723/5794 [00:10<01:17, 65.57it/s]
 13%|█▎        | 731/5794 [00:11<01:15, 67.32it/s]
 13%|█▎        | 739/5794 [00:11<01:13, 68.39it/s]
 13%|█▎        | 747/5794 [00:11<01:12, 69.25it/s]
 13%|█▎        | 755/5794 [00:11<01:12, 69.60it/s]
 13%|█▎        | 763/5794 [00:11<01:11, 70.15it/s]
 13%|█▎        | 771/5794 [00:11<01:11, 70.37it/s]
 13%|█▎        | 779/5794 [00:11<01:10, 70.71it/s]
 14%|█▎        | 787/5794 [00:11<01:10, 70.84it/s]
 14%|█▎        | 795/5794 [00:11<01:10, 71.05it/s]
 14%|█▍        | 803/5794 [00:12<01:10, 70.67it/s]
 14%|█▍        | 811/5794 [00:12<01:12, 68.38it/s]
 14%|█▍        | 818/5794 [00:12<01:14, 66.99it/s]
 14%|█▍        | 825/5794 [00:12<01:16, 65.19it/s]
 14%|█▍        | 832/5794 [00:12<01:17, 64.19it/s]
 14%|█▍        | 839/5794 [00:12<01:16, 65.01it/s]
 15%|█▍        | 847/5794 [00:12<01:13, 66.97it/s]
 15%|█▍        | 855/5794 [00:12<01:12, 68.19it/s]
 15%|█▍        | 863/5794 [00:12<01:11, 69.20it/s]
 15%|█▌        | 871/5794 [00:13<01:10, 69.39it/s]
 15%|█▌        | 879/5794 [00:13<01:10, 70.05it/s]
 15%|█▌        | 887/5794 [00:13<01:09, 70.43it/s]
 15%|█▌        | 895/5794 [00:13<01:10, 69.35it/s]
 16%|█▌        | 902/5794 [00:13<01:12, 67.49it/s]
 16%|█▌        | 909/5794 [00:13<01:13, 66.15it/s]
 16%|█▌        | 916/5794 [00:13<01:14, 65.39it/s]
 16%|█▌        | 923/5794 [00:13<01:15, 64.75it/s]
 16%|█▌        | 930/5794 [00:13<01:15, 64.23it/s]
 16%|█▌        | 937/5794 [00:14<01:13, 65.65it/s]
 16%|█▋        | 944/5794 [00:14<01:14, 65.27it/s]
 16%|█▋        | 951/5794 [00:14<01:15, 64.51it/s]
 17%|█▋        | 958/5794 [00:14<01:15, 64.14it/s]
 17%|█▋        | 965/5794 [00:14<01:16, 63.42it/s]
 17%|█▋        | 972/5794 [00:14<01:16, 63.33it/s]
 17%|█▋        | 979/5794 [00:14<01:16, 63.28it/s]
 17%|█▋        | 986/5794 [00:14<01:15, 63.30it/s]
 17%|█▋        | 993/5794 [00:14<01:15, 63.24it/s]
 17%|█▋        | 1000/5794 [00:15<01:15, 63.51it/s]
 17%|█▋        | 1007/5794 [00:15<01:15, 63.50it/s]
 18%|█▊        | 1014/5794 [00:15<01:15, 63.69it/s]
 18%|█▊        | 1021/5794 [00:15<01:14, 63.71it/s]
 18%|█▊        | 1028/5794 [00:15<01:15, 63.45it/s]
 18%|█▊        | 1035/5794 [00:15<01:14, 63.48it/s]
 18%|█▊        | 1042/5794 [00:15<01:14, 63.44it/s]
 18%|█▊        | 1049/5794 [00:15<01:14, 63.51it/s]
 18%|█▊        | 1056/5794 [00:15<01:15, 63.07it/s]
 18%|█▊        | 1063/5794 [00:16<01:15, 63.05it/s]
 18%|█▊        | 1070/5794 [00:16<01:14, 63.02it/s]
 19%|█▊        | 1077/5794 [00:16<01:14, 63.18it/s]
 19%|█▊        | 1084/5794 [00:16<01:14, 63.18it/s]
 19%|█▉        | 1091/5794 [00:16<01:14, 63.45it/s]
 19%|█▉        | 1098/5794 [00:16<01:14, 63.37it/s]
 19%|█▉        | 1105/5794 [00:16<01:13, 63.63it/s]
 19%|█▉        | 1112/5794 [00:16<01:13, 63.37it/s]
 19%|█▉        | 1119/5794 [00:16<01:13, 63.68it/s]
 19%|█▉        | 1126/5794 [00:17<01:13, 63.46it/s]
 20%|█▉        | 1133/5794 [00:17<01:13, 63.54it/s]
 20%|█▉        | 1141/5794 [00:17<01:09, 66.48it/s]
 20%|█▉        | 1149/5794 [00:17<01:07, 68.51it/s]
 20%|█▉        | 1157/5794 [00:17<01:06, 69.95it/s]
 20%|██        | 1165/5794 [00:17<01:05, 71.04it/s]
 20%|██        | 1173/5794 [00:17<01:04, 71.76it/s]
 20%|██        | 1181/5794 [00:17<01:03, 72.24it/s]
 21%|██        | 1189/5794 [00:17<01:03, 72.56it/s]
 21%|██        | 1197/5794 [00:18<01:03, 72.78it/s]
 21%|██        | 1205/5794 [00:18<01:02, 72.99it/s]
 21%|██        | 1213/5794 [00:18<01:02, 73.06it/s]
 21%|██        | 1221/5794 [00:18<01:02, 73.15it/s]
 21%|██        | 1229/5794 [00:18<01:02, 73.18it/s]
 21%|██▏       | 1237/5794 [00:18<01:02, 73.37it/s]
 21%|██▏       | 1245/5794 [00:18<01:02, 72.42it/s]
 22%|██▏       | 1253/5794 [00:18<01:03, 71.32it/s]
 22%|██▏       | 1261/5794 [00:18<01:02, 72.00it/s]
 22%|██▏       | 1269/5794 [00:19<01:02, 72.42it/s]
 22%|██▏       | 1277/5794 [00:19<01:02, 72.61it/s]
 22%|██▏       | 1285/5794 [00:19<01:01, 72.84it/s]
 22%|██▏       | 1293/5794 [00:19<01:02, 71.66it/s]
 22%|██▏       | 1301/5794 [00:19<01:05, 69.10it/s]
 23%|██▎       | 1308/5794 [00:19<01:06, 67.66it/s]
 23%|██▎       | 1315/5794 [00:19<01:07, 66.51it/s]
 23%|██▎       | 1322/5794 [00:19<01:08, 65.43it/s]
 23%|██▎       | 1329/5794 [00:19<01:08, 64.96it/s]
 23%|██▎       | 1336/5794 [00:20<01:09, 64.56it/s]
 23%|██▎       | 1343/5794 [00:20<01:09, 64.25it/s]
 23%|██▎       | 1350/5794 [00:20<01:09, 64.03it/s]
 23%|██▎       | 1357/5794 [00:20<01:09, 64.06it/s]
 24%|██▎       | 1364/5794 [00:20<01:09, 63.89it/s]
 24%|██▎       | 1371/5794 [00:20<01:09, 64.10it/s]
 24%|██▍       | 1379/5794 [00:20<01:06, 66.86it/s]
 24%|██▍       | 1387/5794 [00:20<01:04, 68.77it/s]
 24%|██▍       | 1395/5794 [00:20<01:02, 70.07it/s]
 24%|██▍       | 1403/5794 [00:21<01:02, 70.57it/s]
 24%|██▍       | 1411/5794 [00:21<01:04, 68.21it/s]
 24%|██▍       | 1418/5794 [00:21<01:05, 66.80it/s]
 25%|██▍       | 1425/5794 [00:21<01:06, 66.01it/s]
 25%|██▍       | 1432/5794 [00:21<01:06, 65.20it/s]
 25%|██▍       | 1439/5794 [00:21<01:07, 64.90it/s]
 25%|██▍       | 1446/5794 [00:21<01:07, 64.67it/s]
 25%|██▌       | 1454/5794 [00:21<01:04, 66.77it/s]
 25%|██▌       | 1462/5794 [00:21<01:03, 68.71it/s]
 25%|██▌       | 1470/5794 [00:22<01:01, 70.10it/s]
 26%|██▌       | 1478/5794 [00:22<01:03, 68.35it/s]
 26%|██▌       | 1485/5794 [00:22<01:04, 66.94it/s]
 26%|██▌       | 1492/5794 [00:22<01:05, 66.10it/s]
 26%|██▌       | 1499/5794 [00:22<01:05, 65.35it/s]
 26%|██▌       | 1506/5794 [00:22<01:06, 64.74it/s]
 26%|██▌       | 1513/5794 [00:22<01:06, 64.69it/s]
 26%|██▌       | 1520/5794 [00:22<01:06, 64.67it/s]
 26%|██▋       | 1527/5794 [00:22<01:05, 65.64it/s]
 26%|██▋       | 1534/5794 [00:23<01:05, 64.95it/s]
 27%|██▋       | 1541/5794 [00:23<01:05, 64.52it/s]
 27%|██▋       | 1548/5794 [00:23<01:05, 64.35it/s]
 27%|██▋       | 1555/5794 [00:23<01:06, 63.98it/s]
 27%|██▋       | 1562/5794 [00:23<01:06, 63.94it/s]
 27%|██▋       | 1569/5794 [00:23<01:06, 63.70it/s]
 27%|██▋       | 1576/5794 [00:23<01:06, 63.80it/s]
 27%|██▋       | 1583/5794 [00:23<01:06, 63.73it/s]
 27%|██▋       | 1590/5794 [00:23<01:05, 63.71it/s]
 28%|██▊       | 1597/5794 [00:24<01:05, 63.65it/s]
 28%|██▊       | 1604/5794 [00:24<01:05, 63.58it/s]
 28%|██▊       | 1611/5794 [00:24<01:05, 63.75it/s]
 28%|██▊       | 1618/5794 [00:24<01:04, 65.21it/s]
 28%|██▊       | 1626/5794 [00:24<01:02, 67.04it/s]
 28%|██▊       | 1633/5794 [00:24<01:03, 65.98it/s]
 28%|██▊       | 1640/5794 [00:24<01:03, 65.05it/s]
 28%|██▊       | 1647/5794 [00:24<01:04, 64.62it/s]
 29%|██▊       | 1654/5794 [00:24<01:05, 63.56it/s]
 29%|██▊       | 1661/5794 [00:24<01:04, 63.68it/s]
 29%|██▉       | 1668/5794 [00:25<01:04, 63.69it/s]
 29%|██▉       | 1675/5794 [00:25<01:04, 63.60it/s]
 29%|██▉       | 1682/5794 [00:25<01:04, 63.49it/s]
 29%|██▉       | 1689/5794 [00:25<01:04, 63.29it/s]
 29%|██▉       | 1696/5794 [00:25<01:04, 63.30it/s]
 29%|██▉       | 1703/5794 [00:25<01:04, 63.14it/s]
 30%|██▉       | 1710/5794 [00:25<01:04, 63.08it/s]
 30%|██▉       | 1717/5794 [00:25<01:04, 63.23it/s]
 30%|██▉       | 1724/5794 [00:25<01:04, 62.99it/s]
 30%|██▉       | 1731/5794 [00:26<01:04, 63.11it/s]
 30%|██▉       | 1738/5794 [00:26<01:04, 63.00it/s]
 30%|███       | 1745/5794 [00:26<01:04, 63.00it/s]
 30%|███       | 1752/5794 [00:26<01:03, 63.22it/s]
 30%|███       | 1759/5794 [00:26<01:03, 63.23it/s]
 30%|███       | 1766/5794 [00:26<01:03, 63.29it/s]
 31%|███       | 1773/5794 [00:26<01:03, 63.18it/s]
 31%|███       | 1781/5794 [00:26<01:01, 65.61it/s]
 31%|███       | 1789/5794 [00:26<00:59, 67.18it/s]
 31%|███       | 1797/5794 [00:27<00:58, 68.48it/s]
 31%|███       | 1805/5794 [00:27<00:57, 69.34it/s]
 31%|███▏      | 1813/5794 [00:27<00:56, 69.87it/s]
 31%|███▏      | 1821/5794 [00:27<00:56, 70.22it/s]
 32%|███▏      | 1829/5794 [00:27<00:56, 70.46it/s]
 32%|███▏      | 1837/5794 [00:27<00:55, 70.78it/s]
 32%|███▏      | 1845/5794 [00:27<00:55, 70.78it/s]
 32%|███▏      | 1853/5794 [00:27<00:55, 70.89it/s]
 32%|███▏      | 1861/5794 [00:28<00:56, 69.18it/s]
 32%|███▏      | 1868/5794 [00:28<00:57, 67.73it/s]
 32%|███▏      | 1876/5794 [00:28<00:57, 68.63it/s]
 32%|███▏      | 1883/5794 [00:28<00:58, 67.09it/s]
 33%|███▎      | 1890/5794 [00:28<00:59, 65.93it/s]
 33%|███▎      | 1897/5794 [00:28<01:00, 64.93it/s]
 33%|███▎      | 1904/5794 [00:28<01:00, 64.51it/s]
 33%|███▎      | 1911/5794 [00:28<01:00, 64.15it/s]
 33%|███▎      | 1918/5794 [00:28<01:00, 63.73it/s]
 33%|███▎      | 1925/5794 [00:29<01:00, 63.50it/s]
 33%|███▎      | 1932/5794 [00:29<01:00, 63.44it/s]
 33%|███▎      | 1939/5794 [00:29<01:00, 63.50it/s]
 34%|███▎      | 1946/5794 [00:29<01:00, 63.32it/s]
 34%|███▎      | 1953/5794 [00:29<01:00, 63.39it/s]
 34%|███▍      | 1960/5794 [00:29<01:00, 63.19it/s]
 34%|███▍      | 1967/5794 [00:29<01:00, 63.34it/s]
 34%|███▍      | 1974/5794 [00:29<01:00, 63.40it/s]
 34%|███▍      | 1981/5794 [00:29<00:59, 63.56it/s]
 34%|███▍      | 1988/5794 [00:30<00:59, 63.67it/s]
 34%|███▍      | 1995/5794 [00:30<00:59, 63.41it/s]
 35%|███▍      | 2002/5794 [00:30<00:59, 63.49it/s]
 35%|███▍      | 2009/5794 [00:30<00:59, 63.96it/s]
 35%|███▍      | 2016/5794 [00:30<00:59, 63.82it/s]
 35%|███▍      | 2023/5794 [00:30<00:59, 63.62it/s]
 35%|███▌      | 2030/5794 [00:30<00:59, 63.33it/s]
 35%|███▌      | 2037/5794 [00:30<00:59, 63.37it/s]
 35%|███▌      | 2044/5794 [00:30<00:59, 62.83it/s]
 35%|███▌      | 2051/5794 [00:31<00:59, 62.97it/s]
 36%|███▌      | 2058/5794 [00:31<00:59, 62.88it/s]
 36%|███▌      | 2065/5794 [00:31<00:59, 62.98it/s]
 36%|███▌      | 2072/5794 [00:31<00:59, 63.05it/s]
 36%|███▌      | 2079/5794 [00:31<00:58, 63.15it/s]
 36%|███▌      | 2086/5794 [00:31<00:58, 63.16it/s]
 36%|███▌      | 2093/5794 [00:31<00:58, 63.33it/s]
 36%|███▌      | 2100/5794 [00:31<00:58, 63.20it/s]
 36%|███▋      | 2107/5794 [00:31<00:58, 63.41it/s]
 36%|███▋      | 2114/5794 [00:32<00:58, 63.31it/s]
 37%|███▋      | 2121/5794 [00:32<00:57, 63.51it/s]
 37%|███▋      | 2128/5794 [00:32<00:56, 64.63it/s]
 37%|███▋      | 2136/5794 [00:32<00:54, 67.13it/s]
 37%|███▋      | 2144/5794 [00:32<00:52, 68.97it/s]
 37%|███▋      | 2152/5794 [00:32<00:51, 70.13it/s]
 37%|███▋      | 2160/5794 [00:32<00:51, 71.21it/s]
 37%|███▋      | 2168/5794 [00:32<00:50, 71.67it/s]
 38%|███▊      | 2176/5794 [00:32<00:50, 72.14it/s]
 38%|███▊      | 2184/5794 [00:32<00:49, 72.30it/s]
 38%|███▊      | 2192/5794 [00:33<00:49, 72.63it/s]
 38%|███▊      | 2200/5794 [00:33<00:49, 72.72it/s]
 38%|███▊      | 2208/5794 [00:33<00:49, 72.97it/s]
 38%|███▊      | 2216/5794 [00:33<00:49, 73.02it/s]
 38%|███▊      | 2224/5794 [00:33<00:48, 73.19it/s]
 39%|███▊      | 2232/5794 [00:33<00:48, 73.09it/s]
 39%|███▊      | 2240/5794 [00:33<00:48, 73.26it/s]
 39%|███▉      | 2248/5794 [00:33<00:48, 73.02it/s]
 39%|███▉      | 2256/5794 [00:33<00:48, 73.20it/s]
 39%|███▉      | 2264/5794 [00:34<00:48, 73.08it/s]
 39%|███▉      | 2272/5794 [00:34<00:48, 73.05it/s]
 39%|███▉      | 2280/5794 [00:34<00:48, 73.03it/s]
 39%|███▉      | 2288/5794 [00:34<00:48, 72.97it/s]
 40%|███▉      | 2296/5794 [00:34<00:48, 72.85it/s]
 40%|███▉      | 2304/5794 [00:34<00:48, 72.43it/s]
 40%|███▉      | 2312/5794 [00:34<00:47, 72.56it/s]
 40%|████      | 2320/5794 [00:34<00:47, 72.58it/s]
 40%|████      | 2328/5794 [00:34<00:47, 72.78it/s]
 40%|████      | 2336/5794 [00:35<00:47, 72.66it/s]
 40%|████      | 2344/5794 [00:35<00:47, 72.83it/s]
 41%|████      | 2352/5794 [00:35<00:47, 72.77it/s]
 41%|████      | 2360/5794 [00:35<00:47, 72.84it/s]
 41%|████      | 2368/5794 [00:35<00:47, 72.55it/s]
 41%|████      | 2376/5794 [00:35<00:46, 72.73it/s]
 41%|████      | 2384/5794 [00:35<00:46, 72.72it/s]
 41%|████▏     | 2392/5794 [00:35<00:47, 71.17it/s]
 41%|████▏     | 2400/5794 [00:35<00:49, 68.54it/s]
 42%|████▏     | 2407/5794 [00:36<00:50, 66.97it/s]
 42%|████▏     | 2414/5794 [00:36<00:51, 65.99it/s]
 42%|████▏     | 2421/5794 [00:36<00:51, 65.05it/s]
 42%|████▏     | 2428/5794 [00:36<00:52, 64.71it/s]
 42%|████▏     | 2435/5794 [00:36<00:52, 64.21it/s]
 42%|████▏     | 2442/5794 [00:36<00:52, 64.12it/s]
 42%|████▏     | 2449/5794 [00:36<00:52, 63.95it/s]
 42%|████▏     | 2456/5794 [00:36<00:52, 63.83it/s]
 43%|████▎     | 2463/5794 [00:36<00:52, 63.86it/s]
 43%|████▎     | 2470/5794 [00:37<00:52, 63.67it/s]
 43%|████▎     | 2477/5794 [00:37<00:52, 63.64it/s]
 43%|████▎     | 2484/5794 [00:37<00:51, 63.68it/s]
 43%|████▎     | 2491/5794 [00:37<00:51, 63.59it/s]
 43%|████▎     | 2498/5794 [00:37<00:51, 63.67it/s]
 43%|████▎     | 2505/5794 [00:37<00:51, 63.59it/s]
 43%|████▎     | 2512/5794 [00:37<00:51, 63.60it/s]
 43%|████▎     | 2519/5794 [00:37<00:51, 63.65it/s]
 44%|████▎     | 2526/5794 [00:37<00:51, 63.68it/s]
 44%|████▎     | 2533/5794 [00:38<00:51, 63.58it/s]
 44%|████▍     | 2540/5794 [00:38<00:51, 63.53it/s]
 44%|████▍     | 2547/5794 [00:38<00:51, 63.58it/s]
 44%|████▍     | 2554/5794 [00:38<00:49, 65.25it/s]
 44%|████▍     | 2562/5794 [00:38<00:47, 67.62it/s]
 44%|████▍     | 2570/5794 [00:38<00:46, 69.10it/s]
 44%|████▍     | 2578/5794 [00:38<00:45, 70.06it/s]
 45%|████▍     | 2586/5794 [00:38<00:45, 71.04it/s]
 45%|████▍     | 2594/5794 [00:38<00:44, 71.55it/s]
 45%|████▍     | 2602/5794 [00:39<00:44, 71.53it/s]
 45%|████▌     | 2610/5794 [00:39<00:44, 71.90it/s]
 45%|████▌     | 2618/5794 [00:39<00:44, 72.08it/s]
 45%|████▌     | 2626/5794 [00:39<00:43, 72.28it/s]
 45%|████▌     | 2634/5794 [00:39<00:43, 72.37it/s]
 46%|████▌     | 2642/5794 [00:39<00:43, 72.41it/s]
 46%|████▌     | 2650/5794 [00:39<00:43, 71.72it/s]
 46%|████▌     | 2658/5794 [00:39<00:43, 71.94it/s]
 46%|████▌     | 2666/5794 [00:39<00:43, 72.26it/s]
 46%|████▌     | 2674/5794 [00:40<00:43, 72.38it/s]
 46%|████▋     | 2682/5794 [00:40<00:42, 72.51it/s]
 46%|████▋     | 2690/5794 [00:40<00:42, 72.51it/s]
 47%|████▋     | 2698/5794 [00:40<00:42, 72.63it/s]
 47%|████▋     | 2706/5794 [00:40<00:42, 72.74it/s]
 47%|████▋     | 2714/5794 [00:40<00:42, 72.79it/s]
 47%|████▋     | 2722/5794 [00:40<00:42, 72.70it/s]
 47%|████▋     | 2730/5794 [00:40<00:42, 72.60it/s]
 47%|████▋     | 2738/5794 [00:40<00:42, 72.45it/s]
 47%|████▋     | 2746/5794 [00:41<00:42, 72.31it/s]
 48%|████▊     | 2754/5794 [00:41<00:43, 70.26it/s]
 48%|████▊     | 2762/5794 [00:41<00:44, 67.88it/s]
 48%|████▊     | 2769/5794 [00:41<00:45, 66.59it/s]
 48%|████▊     | 2776/5794 [00:41<00:46, 65.49it/s]
 48%|████▊     | 2783/5794 [00:41<00:46, 64.80it/s]
 48%|████▊     | 2790/5794 [00:41<00:46, 64.33it/s]
 48%|████▊     | 2797/5794 [00:41<00:46, 64.01it/s]
 48%|████▊     | 2804/5794 [00:41<00:46, 63.75it/s]
 49%|████▊     | 2811/5794 [00:42<00:47, 62.87it/s]
 49%|████▊     | 2818/5794 [00:42<00:47, 62.88it/s]
 49%|████▉     | 2825/5794 [00:42<00:47, 63.06it/s]
 49%|████▉     | 2832/5794 [00:42<00:46, 63.06it/s]
 49%|████▉     | 2839/5794 [00:42<00:46, 63.21it/s]
 49%|████▉     | 2846/5794 [00:42<00:46, 63.18it/s]
 49%|████▉     | 2853/5794 [00:42<00:46, 63.62it/s]
 49%|████▉     | 2860/5794 [00:42<00:46, 63.66it/s]
 49%|████▉     | 2867/5794 [00:42<00:45, 63.68it/s]
 50%|████▉     | 2874/5794 [00:43<00:46, 63.43it/s]
 50%|████▉     | 2881/5794 [00:43<00:46, 63.31it/s]
 50%|████▉     | 2888/5794 [00:43<00:45, 63.18it/s]
 50%|████▉     | 2895/5794 [00:43<00:45, 63.20it/s]
 50%|█████     | 2902/5794 [00:43<00:45, 63.08it/s]
 50%|█████     | 2909/5794 [00:43<00:45, 63.27it/s]
 50%|█████     | 2916/5794 [00:43<00:45, 63.09it/s]
 50%|█████     | 2923/5794 [00:43<00:45, 63.22it/s]
 51%|█████     | 2930/5794 [00:43<00:45, 63.10it/s]
 51%|█████     | 2937/5794 [00:44<00:45, 63.28it/s]
 51%|█████     | 2944/5794 [00:44<00:44, 63.34it/s]
 51%|█████     | 2951/5794 [00:44<00:44, 63.29it/s]
 51%|█████     | 2958/5794 [00:44<00:44, 63.36it/s]
 51%|█████     | 2965/5794 [00:44<00:44, 63.02it/s]
 51%|█████▏    | 2972/5794 [00:44<00:44, 63.19it/s]
 51%|█████▏    | 2979/5794 [00:44<00:44, 63.10it/s]
 52%|█████▏    | 2987/5794 [00:44<00:42, 65.61it/s]
 52%|█████▏    | 2995/5794 [00:44<00:41, 67.79it/s]
 52%|█████▏    | 3003/5794 [00:45<00:40, 69.37it/s]
 52%|█████▏    | 3011/5794 [00:45<00:39, 70.59it/s]
 52%|█████▏    | 3019/5794 [00:45<00:39, 71.05it/s]
 52%|█████▏    | 3027/5794 [00:45<00:39, 69.92it/s]
 52%|█████▏    | 3034/5794 [00:45<00:40, 68.03it/s]
 52%|█████▏    | 3041/5794 [00:45<00:41, 66.65it/s]
 53%|█████▎    | 3048/5794 [00:45<00:41, 65.46it/s]
 53%|█████▎    | 3055/5794 [00:45<00:42, 64.83it/s]
 53%|█████▎    | 3062/5794 [00:45<00:42, 64.47it/s]
 53%|█████▎    | 3069/5794 [00:46<00:42, 63.51it/s]
 53%|█████▎    | 3076/5794 [00:46<00:42, 63.33it/s]
 53%|█████▎    | 3083/5794 [00:46<00:42, 63.34it/s]
 53%|█████▎    | 3090/5794 [00:46<00:42, 63.33it/s]
 53%|█████▎    | 3097/5794 [00:46<00:42, 63.51it/s]
 54%|█████▎    | 3104/5794 [00:46<00:41, 65.04it/s]
 54%|█████▎    | 3112/5794 [00:46<00:39, 67.46it/s]
 54%|█████▍    | 3120/5794 [00:46<00:38, 69.09it/s]
 54%|█████▍    | 3128/5794 [00:46<00:37, 70.17it/s]
 54%|█████▍    | 3136/5794 [00:47<00:37, 70.84it/s]
 54%|█████▍    | 3144/5794 [00:47<00:37, 71.56it/s]
 54%|█████▍    | 3152/5794 [00:47<00:36, 71.80it/s]
 55%|█████▍    | 3160/5794 [00:47<00:36, 72.15it/s]
 55%|█████▍    | 3168/5794 [00:47<00:36, 72.22it/s]
 55%|█████▍    | 3176/5794 [00:47<00:36, 72.46it/s]
 55%|█████▍    | 3184/5794 [00:47<00:35, 72.56it/s]
 55%|█████▌    | 3192/5794 [00:47<00:35, 72.73it/s]
 55%|█████▌    | 3200/5794 [00:47<00:35, 72.74it/s]
 55%|█████▌    | 3208/5794 [00:48<00:35, 72.91it/s]
 56%|█████▌    | 3216/5794 [00:48<00:36, 69.89it/s]
 56%|█████▌    | 3224/5794 [00:48<00:37, 67.74it/s]
 56%|█████▌    | 3231/5794 [00:48<00:38, 66.63it/s]
 56%|█████▌    | 3238/5794 [00:48<00:38, 65.69it/s]
 56%|█████▌    | 3245/5794 [00:48<00:38, 66.12it/s]
 56%|█████▌    | 3253/5794 [00:48<00:37, 68.07it/s]
 56%|█████▋    | 3261/5794 [00:48<00:36, 69.62it/s]
 56%|█████▋    | 3269/5794 [00:48<00:35, 70.39it/s]
 57%|█████▋    | 3277/5794 [00:49<00:35, 71.23it/s]
 57%|█████▋    | 3285/5794 [00:49<00:35, 71.45it/s]
 57%|█████▋    | 3293/5794 [00:49<00:35, 71.21it/s]
 57%|█████▋    | 3301/5794 [00:49<00:34, 71.72it/s]
 57%|█████▋    | 3309/5794 [00:49<00:34, 72.10it/s]
 57%|█████▋    | 3317/5794 [00:49<00:34, 72.49it/s]
 57%|█████▋    | 3325/5794 [00:49<00:33, 72.71it/s]
 58%|█████▊    | 3333/5794 [00:49<00:33, 72.53it/s]
 58%|█████▊    | 3341/5794 [00:49<00:33, 72.64it/s]
 58%|█████▊    | 3349/5794 [00:50<00:33, 72.74it/s]
 58%|█████▊    | 3357/5794 [00:50<00:33, 72.76it/s]
 58%|█████▊    | 3365/5794 [00:50<00:33, 72.29it/s]
 58%|█████▊    | 3373/5794 [00:50<00:34, 69.44it/s]
 58%|█████▊    | 3380/5794 [00:50<00:35, 67.92it/s]
 58%|█████▊    | 3387/5794 [00:50<00:36, 66.60it/s]
 59%|█████▊    | 3395/5794 [00:50<00:35, 68.09it/s]
 59%|█████▊    | 3403/5794 [00:50<00:34, 69.57it/s]
 59%|█████▉    | 3411/5794 [00:50<00:33, 70.46it/s]
 59%|█████▉    | 3419/5794 [00:51<00:33, 70.98it/s]
 59%|█████▉    | 3427/5794 [00:51<00:33, 71.47it/s]
 59%|█████▉    | 3435/5794 [00:51<00:32, 71.97it/s]
 59%|█████▉    | 3443/5794 [00:51<00:32, 72.34it/s]
 60%|█████▉    | 3451/5794 [00:51<00:32, 72.71it/s]
 60%|█████▉    | 3459/5794 [00:51<00:32, 72.72it/s]
 60%|█████▉    | 3467/5794 [00:51<00:31, 73.13it/s]
 60%|█████▉    | 3475/5794 [00:51<00:31, 73.16it/s]
 60%|██████    | 3483/5794 [00:51<00:31, 73.20it/s]
 60%|██████    | 3491/5794 [00:52<00:31, 73.20it/s]
 60%|██████    | 3499/5794 [00:52<00:31, 73.25it/s]
 61%|██████    | 3507/5794 [00:52<00:32, 70.87it/s]
 61%|██████    | 3515/5794 [00:52<00:33, 68.84it/s]
 61%|██████    | 3522/5794 [00:52<00:33, 67.56it/s]
 61%|██████    | 3529/5794 [00:52<00:34, 66.55it/s]
 61%|██████    | 3536/5794 [00:52<00:34, 65.62it/s]
 61%|██████    | 3543/5794 [00:52<00:34, 65.13it/s]
 61%|██████▏   | 3550/5794 [00:52<00:34, 66.00it/s]
 61%|██████▏   | 3558/5794 [00:53<00:32, 68.25it/s]
 62%|██████▏   | 3565/5794 [00:53<00:32, 68.35it/s]
 62%|██████▏   | 3572/5794 [00:53<00:32, 67.46it/s]
 62%|██████▏   | 3579/5794 [00:53<00:33, 66.26it/s]
 62%|██████▏   | 3586/5794 [00:53<00:33, 65.66it/s]
 62%|██████▏   | 3593/5794 [00:53<00:33, 65.12it/s]
 62%|██████▏   | 3600/5794 [00:53<00:33, 64.84it/s]
 62%|██████▏   | 3607/5794 [00:53<00:33, 64.42it/s]
 62%|██████▏   | 3614/5794 [00:53<00:34, 63.90it/s]
 62%|██████▏   | 3621/5794 [00:54<00:33, 64.30it/s]
 63%|██████▎   | 3628/5794 [00:54<00:33, 64.97it/s]
 63%|██████▎   | 3635/5794 [00:54<00:32, 66.21it/s]
 63%|██████▎   | 3643/5794 [00:54<00:31, 68.00it/s]
 63%|██████▎   | 3651/5794 [00:54<00:31, 68.62it/s]
 63%|██████▎   | 3658/5794 [00:54<00:31, 67.15it/s]
 63%|██████▎   | 3665/5794 [00:54<00:32, 66.03it/s]
 63%|██████▎   | 3672/5794 [00:54<00:32, 65.22it/s]
 63%|██████▎   | 3679/5794 [00:54<00:32, 65.86it/s]
 64%|██████▎   | 3686/5794 [00:54<00:32, 65.61it/s]
 64%|██████▎   | 3693/5794 [00:55<00:32, 64.86it/s]
 64%|██████▍   | 3700/5794 [00:55<00:32, 64.55it/s]
 64%|██████▍   | 3707/5794 [00:55<00:32, 64.36it/s]
 64%|██████▍   | 3714/5794 [00:55<00:32, 64.03it/s]
 64%|██████▍   | 3721/5794 [00:55<00:32, 64.02it/s]
 64%|██████▍   | 3728/5794 [00:55<00:32, 63.87it/s]
 64%|██████▍   | 3735/5794 [00:55<00:32, 63.91it/s]
 65%|██████▍   | 3742/5794 [00:55<00:32, 63.80it/s]
 65%|██████▍   | 3749/5794 [00:55<00:32, 63.64it/s]
 65%|██████▍   | 3756/5794 [00:56<00:32, 63.39it/s]
 65%|██████▍   | 3763/5794 [00:56<00:32, 63.16it/s]
 65%|██████▌   | 3770/5794 [00:56<00:31, 63.39it/s]
 65%|██████▌   | 3777/5794 [00:56<00:31, 63.68it/s]
 65%|██████▌   | 3784/5794 [00:56<00:31, 63.36it/s]
 65%|██████▌   | 3791/5794 [00:56<00:31, 63.61it/s]
 66%|██████▌   | 3798/5794 [00:56<00:31, 63.46it/s]
 66%|██████▌   | 3805/5794 [00:56<00:31, 63.64it/s]
 66%|██████▌   | 3812/5794 [00:56<00:30, 64.10it/s]
 66%|██████▌   | 3820/5794 [00:57<00:29, 67.04it/s]
 66%|██████▌   | 3828/5794 [00:57<00:28, 68.85it/s]
 66%|██████▌   | 3836/5794 [00:57<00:27, 70.22it/s]
 66%|██████▋   | 3844/5794 [00:57<00:27, 71.17it/s]
 66%|██████▋   | 3852/5794 [00:57<00:27, 71.82it/s]
 67%|██████▋   | 3860/5794 [00:57<00:27, 71.55it/s]
 67%|██████▋   | 3868/5794 [00:57<00:27, 69.09it/s]
 67%|██████▋   | 3875/5794 [00:57<00:28, 67.65it/s]
 67%|██████▋   | 3882/5794 [00:57<00:28, 66.48it/s]
 67%|██████▋   | 3889/5794 [00:58<00:28, 65.93it/s]
 67%|██████▋   | 3896/5794 [00:58<00:29, 64.35it/s]
 67%|██████▋   | 3903/5794 [00:58<00:29, 64.25it/s]
 67%|██████▋   | 3910/5794 [00:58<00:29, 64.19it/s]
 68%|██████▊   | 3917/5794 [00:58<00:29, 64.10it/s]
 68%|██████▊   | 3924/5794 [00:58<00:29, 64.11it/s]
 68%|██████▊   | 3931/5794 [00:58<00:29, 63.96it/s]
 68%|██████▊   | 3938/5794 [00:58<00:28, 64.03it/s]
 68%|██████▊   | 3945/5794 [00:58<00:29, 63.40it/s]
 68%|██████▊   | 3952/5794 [00:59<00:29, 63.49it/s]
 68%|██████▊   | 3959/5794 [00:59<00:28, 63.76it/s]
 68%|██████▊   | 3966/5794 [00:59<00:28, 63.73it/s]
 69%|██████▊   | 3973/5794 [00:59<00:28, 63.92it/s]
 69%|██████▊   | 3980/5794 [00:59<00:28, 63.81it/s]
 69%|██████▉   | 3987/5794 [00:59<00:28, 63.81it/s]
 69%|██████▉   | 3994/5794 [00:59<00:28, 63.87it/s]
 69%|██████▉   | 4001/5794 [00:59<00:28, 63.91it/s]
 69%|██████▉   | 4008/5794 [00:59<00:27, 64.00it/s]
 69%|██████▉   | 4015/5794 [01:00<00:27, 64.10it/s]
 69%|██████▉   | 4022/5794 [01:00<00:27, 64.06it/s]
 70%|██████▉   | 4029/5794 [01:00<00:27, 63.81it/s]
 70%|██████▉   | 4036/5794 [01:00<00:27, 63.71it/s]
 70%|██████▉   | 4043/5794 [01:00<00:27, 63.88it/s]
 70%|██████▉   | 4050/5794 [01:00<00:27, 63.80it/s]
 70%|███████   | 4057/5794 [01:00<00:27, 63.84it/s]
 70%|███████   | 4064/5794 [01:00<00:27, 63.89it/s]
 70%|███████   | 4071/5794 [01:00<00:27, 63.80it/s]
 70%|███████   | 4078/5794 [01:01<00:26, 63.73it/s]
 71%|███████   | 4085/5794 [01:01<00:26, 63.43it/s]
 71%|███████   | 4092/5794 [01:01<00:26, 63.80it/s]
 71%|███████   | 4099/5794 [01:01<00:26, 63.89it/s]
 71%|███████   | 4106/5794 [01:01<00:26, 63.82it/s]
 71%|███████   | 4113/5794 [01:01<00:26, 63.80it/s]
 71%|███████   | 4120/5794 [01:01<00:26, 63.75it/s]
 71%|███████   | 4127/5794 [01:01<00:26, 63.89it/s]
 71%|███████▏  | 4134/5794 [01:01<00:26, 63.79it/s]
 71%|███████▏  | 4141/5794 [01:02<00:26, 63.19it/s]
 72%|███████▏  | 4148/5794 [01:02<00:25, 63.69it/s]
 72%|███████▏  | 4156/5794 [01:02<00:24, 66.41it/s]
 72%|███████▏  | 4163/5794 [01:02<00:24, 67.38it/s]
 72%|███████▏  | 4170/5794 [01:02<00:24, 66.18it/s]
 72%|███████▏  | 4177/5794 [01:02<00:24, 65.65it/s]
 72%|███████▏  | 4184/5794 [01:02<00:24, 65.29it/s]
 72%|███████▏  | 4191/5794 [01:02<00:24, 64.88it/s]
 72%|███████▏  | 4198/5794 [01:02<00:24, 64.62it/s]
 73%|███████▎  | 4205/5794 [01:03<00:24, 64.34it/s]
 73%|███████▎  | 4212/5794 [01:03<00:24, 64.34it/s]
 73%|███████▎  | 4219/5794 [01:03<00:24, 64.35it/s]
 73%|███████▎  | 4226/5794 [01:03<00:24, 64.04it/s]
 73%|███████▎  | 4233/5794 [01:03<00:24, 63.87it/s]
 73%|███████▎  | 4240/5794 [01:03<00:24, 63.80it/s]
 73%|███████▎  | 4247/5794 [01:03<00:24, 63.94it/s]
 73%|███████▎  | 4254/5794 [01:03<00:24, 63.47it/s]
 74%|███████▎  | 4261/5794 [01:03<00:24, 63.73it/s]
 74%|███████▎  | 4268/5794 [01:03<00:23, 63.63it/s]
 74%|███████▍  | 4275/5794 [01:04<00:23, 63.67it/s]
 74%|███████▍  | 4282/5794 [01:04<00:23, 63.64it/s]
 74%|███████▍  | 4289/5794 [01:04<00:23, 63.66it/s]
 74%|███████▍  | 4296/5794 [01:04<00:23, 63.47it/s]
 74%|███████▍  | 4303/5794 [01:04<00:23, 63.36it/s]
 74%|███████▍  | 4310/5794 [01:04<00:23, 63.37it/s]
 75%|███████▍  | 4317/5794 [01:04<00:23, 63.68it/s]
 75%|███████▍  | 4324/5794 [01:04<00:23, 63.69it/s]
 75%|███████▍  | 4331/5794 [01:04<00:22, 63.84it/s]
 75%|███████▍  | 4338/5794 [01:05<00:22, 63.98it/s]
 75%|███████▍  | 4345/5794 [01:05<00:22, 64.06it/s]
 75%|███████▌  | 4353/5794 [01:05<00:21, 66.25it/s]
 75%|███████▌  | 4361/5794 [01:05<00:21, 68.10it/s]
 75%|███████▌  | 4368/5794 [01:05<00:20, 68.50it/s]
 76%|███████▌  | 4375/5794 [01:05<00:21, 67.11it/s]
 76%|███████▌  | 4382/5794 [01:05<00:21, 66.27it/s]
 76%|███████▌  | 4389/5794 [01:05<00:21, 65.66it/s]
 76%|███████▌  | 4396/5794 [01:05<00:21, 65.03it/s]
 76%|███████▌  | 4403/5794 [01:06<00:21, 65.77it/s]
 76%|███████▌  | 4411/5794 [01:06<00:20, 67.56it/s]
 76%|███████▋  | 4419/5794 [01:06<00:19, 69.20it/s]
 76%|███████▋  | 4426/5794 [01:06<00:20, 68.28it/s]
 77%|███████▋  | 4433/5794 [01:06<00:20, 66.43it/s]
 77%|███████▋  | 4440/5794 [01:06<00:20, 65.95it/s]
 77%|███████▋  | 4447/5794 [01:06<00:20, 65.41it/s]
 77%|███████▋  | 4454/5794 [01:06<00:20, 66.43it/s]
 77%|███████▋  | 4462/5794 [01:06<00:19, 68.19it/s]
 77%|███████▋  | 4470/5794 [01:07<00:19, 69.28it/s]
 77%|███████▋  | 4478/5794 [01:07<00:18, 70.17it/s]
 77%|███████▋  | 4486/5794 [01:07<00:18, 70.83it/s]
 78%|███████▊  | 4494/5794 [01:07<00:18, 71.32it/s]
 78%|███████▊  | 4502/5794 [01:07<00:17, 71.82it/s]
 78%|███████▊  | 4510/5794 [01:07<00:17, 71.73it/s]
 78%|███████▊  | 4518/5794 [01:07<00:17, 71.99it/s]
 78%|███████▊  | 4526/5794 [01:07<00:17, 72.01it/s]
 78%|███████▊  | 4534/5794 [01:07<00:17, 72.34it/s]
 78%|███████▊  | 4542/5794 [01:08<00:17, 72.41it/s]
 79%|███████▊  | 4550/5794 [01:08<00:17, 72.48it/s]
 79%|███████▊  | 4558/5794 [01:08<00:17, 72.56it/s]
 79%|███████▉  | 4566/5794 [01:08<00:16, 72.58it/s]
 79%|███████▉  | 4574/5794 [01:08<00:16, 72.50it/s]
 79%|███████▉  | 4582/5794 [01:08<00:16, 71.80it/s]
 79%|███████▉  | 4590/5794 [01:08<00:16, 71.59it/s]
 79%|███████▉  | 4598/5794 [01:08<00:16, 72.20it/s]
 79%|███████▉  | 4606/5794 [01:08<00:17, 69.16it/s]
 80%|███████▉  | 4613/5794 [01:09<00:17, 67.54it/s]
 80%|███████▉  | 4620/5794 [01:09<00:17, 66.62it/s]
 80%|███████▉  | 4627/5794 [01:09<00:17, 65.83it/s]
 80%|███████▉  | 4634/5794 [01:09<00:17, 65.16it/s]
 80%|████████  | 4641/5794 [01:09<00:17, 64.62it/s]
 80%|████████  | 4648/5794 [01:09<00:17, 65.99it/s]
 80%|████████  | 4656/5794 [01:09<00:16, 68.14it/s]
 80%|████████  | 4664/5794 [01:09<00:16, 69.53it/s]
 81%|████████  | 4672/5794 [01:09<00:16, 69.87it/s]
 81%|████████  | 4679/5794 [01:10<00:16, 67.83it/s]
 81%|████████  | 4686/5794 [01:10<00:16, 66.52it/s]
 81%|████████  | 4693/5794 [01:10<00:16, 65.65it/s]
 81%|████████  | 4701/5794 [01:10<00:16, 67.73it/s]
 81%|████████▏ | 4709/5794 [01:10<00:15, 68.98it/s]
 81%|████████▏ | 4717/5794 [01:10<00:15, 70.14it/s]
 82%|████████▏ | 4725/5794 [01:10<00:15, 70.87it/s]
 82%|████████▏ | 4733/5794 [01:10<00:14, 71.12it/s]
 82%|████████▏ | 4741/5794 [01:10<00:14, 71.43it/s]
 82%|████████▏ | 4749/5794 [01:11<00:14, 71.55it/s]
 82%|████████▏ | 4757/5794 [01:11<00:14, 71.53it/s]
 82%|████████▏ | 4765/5794 [01:11<00:14, 71.64it/s]
 82%|████████▏ | 4773/5794 [01:11<00:14, 71.77it/s]
 83%|████████▎ | 4781/5794 [01:11<00:14, 71.71it/s]
 83%|████████▎ | 4789/5794 [01:11<00:14, 71.78it/s]
 83%|████████▎ | 4797/5794 [01:11<00:13, 72.05it/s]
 83%|████████▎ | 4805/5794 [01:11<00:14, 69.46it/s]
 83%|████████▎ | 4812/5794 [01:11<00:14, 67.67it/s]
 83%|████████▎ | 4820/5794 [01:12<00:14, 68.66it/s]
 83%|████████▎ | 4828/5794 [01:12<00:13, 69.75it/s]
 83%|████████▎ | 4836/5794 [01:12<00:13, 70.51it/s]
 84%|████████▎ | 4844/5794 [01:12<00:13, 71.19it/s]
 84%|████████▎ | 4852/5794 [01:12<00:13, 69.66it/s]
 84%|████████▍ | 4859/5794 [01:12<00:13, 68.65it/s]
 84%|████████▍ | 4866/5794 [01:12<00:13, 66.86it/s]
 84%|████████▍ | 4873/5794 [01:12<00:14, 65.77it/s]
 84%|████████▍ | 4880/5794 [01:12<00:14, 65.04it/s]
 84%|████████▍ | 4887/5794 [01:13<00:14, 64.25it/s]
 84%|████████▍ | 4894/5794 [01:13<00:14, 63.79it/s]
 85%|████████▍ | 4901/5794 [01:13<00:14, 63.43it/s]
 85%|████████▍ | 4908/5794 [01:13<00:14, 63.22it/s]
 85%|████████▍ | 4915/5794 [01:13<00:13, 63.24it/s]
 85%|████████▍ | 4922/5794 [01:13<00:13, 63.02it/s]
 85%|████████▌ | 4929/5794 [01:13<00:13, 63.73it/s]
 85%|████████▌ | 4937/5794 [01:13<00:12, 66.14it/s]
 85%|████████▌ | 4945/5794 [01:13<00:12, 68.23it/s]
 85%|████████▌ | 4953/5794 [01:14<00:12, 69.28it/s]
 86%|████████▌ | 4961/5794 [01:14<00:11, 70.33it/s]
 86%|████████▌ | 4969/5794 [01:14<00:11, 69.96it/s]
 86%|████████▌ | 4976/5794 [01:14<00:12, 68.08it/s]
 86%|████████▌ | 4983/5794 [01:14<00:12, 66.51it/s]
 86%|████████▌ | 4990/5794 [01:14<00:12, 65.52it/s]
 86%|████████▌ | 4997/5794 [01:14<00:12, 64.92it/s]
 86%|████████▋ | 5004/5794 [01:14<00:12, 64.44it/s]
 86%|████████▋ | 5011/5794 [01:14<00:12, 64.38it/s]
 87%|████████▋ | 5018/5794 [01:15<00:12, 64.26it/s]
 87%|████████▋ | 5025/5794 [01:15<00:12, 64.05it/s]
 87%|████████▋ | 5032/5794 [01:15<00:11, 64.02it/s]
 87%|████████▋ | 5039/5794 [01:15<00:11, 63.96it/s]
 87%|████████▋ | 5046/5794 [01:15<00:11, 63.95it/s]
 87%|████████▋ | 5053/5794 [01:15<00:11, 63.90it/s]
 87%|████████▋ | 5060/5794 [01:15<00:11, 64.00it/s]
 87%|████████▋ | 5067/5794 [01:15<00:11, 63.97it/s]
 88%|████████▊ | 5074/5794 [01:15<00:11, 63.75it/s]
 88%|████████▊ | 5081/5794 [01:16<00:11, 63.63it/s]
 88%|████████▊ | 5088/5794 [01:16<00:11, 63.49it/s]
 88%|████████▊ | 5095/5794 [01:16<00:10, 63.73it/s]
 88%|████████▊ | 5102/5794 [01:16<00:10, 63.70it/s]
 88%|████████▊ | 5109/5794 [01:16<00:10, 63.77it/s]
 88%|████████▊ | 5116/5794 [01:16<00:10, 63.51it/s]
 88%|████████▊ | 5123/5794 [01:16<00:10, 63.31it/s]
 89%|████████▊ | 5130/5794 [01:16<00:10, 64.28it/s]
 89%|████████▊ | 5138/5794 [01:16<00:09, 66.66it/s]
 89%|████████▉ | 5145/5794 [01:17<00:09, 65.71it/s]
 89%|████████▉ | 5153/5794 [01:17<00:09, 66.96it/s]
 89%|████████▉ | 5160/5794 [01:17<00:09, 65.90it/s]
 89%|████████▉ | 5167/5794 [01:17<00:09, 65.24it/s]
 89%|████████▉ | 5174/5794 [01:17<00:09, 65.22it/s]
 89%|████████▉ | 5181/5794 [01:17<00:09, 64.84it/s]
 90%|████████▉ | 5188/5794 [01:17<00:09, 64.64it/s]
 90%|████████▉ | 5195/5794 [01:17<00:09, 64.34it/s]
 90%|████████▉ | 5202/5794 [01:17<00:09, 64.24it/s]
 90%|████████▉ | 5209/5794 [01:18<00:09, 64.01it/s]
 90%|█████████ | 5216/5794 [01:18<00:09, 64.17it/s]
 90%|█████████ | 5223/5794 [01:18<00:08, 64.10it/s]
 90%|█████████ | 5230/5794 [01:18<00:08, 64.24it/s]
 90%|█████████ | 5237/5794 [01:18<00:08, 64.13it/s]
 91%|█████████ | 5244/5794 [01:18<00:08, 64.08it/s]
 91%|█████████ | 5251/5794 [01:18<00:08, 64.00it/s]
 91%|█████████ | 5258/5794 [01:18<00:08, 63.45it/s]
 91%|█████████ | 5265/5794 [01:18<00:08, 63.67it/s]
 91%|█████████ | 5272/5794 [01:18<00:08, 63.87it/s]
 91%|█████████ | 5279/5794 [01:19<00:08, 63.54it/s]
 91%|█████████ | 5286/5794 [01:19<00:07, 63.83it/s]
 91%|█████████▏| 5293/5794 [01:19<00:07, 63.74it/s]
 91%|█████████▏| 5300/5794 [01:19<00:07, 63.84it/s]
 92%|█████████▏| 5307/5794 [01:19<00:07, 63.87it/s]
 92%|█████████▏| 5314/5794 [01:19<00:07, 63.87it/s]
 92%|█████████▏| 5321/5794 [01:19<00:07, 63.79it/s]
 92%|█████████▏| 5328/5794 [01:19<00:07, 63.75it/s]
 92%|█████████▏| 5335/5794 [01:19<00:07, 63.75it/s]
 92%|█████████▏| 5342/5794 [01:20<00:07, 63.74it/s]
 92%|█████████▏| 5349/5794 [01:20<00:06, 63.91it/s]
 92%|█████████▏| 5356/5794 [01:20<00:06, 64.04it/s]
 93%|█████████▎| 5363/5794 [01:20<00:06, 63.96it/s]
 93%|█████████▎| 5370/5794 [01:20<00:06, 65.05it/s]
 93%|█████████▎| 5378/5794 [01:20<00:06, 67.46it/s]
 93%|█████████▎| 5386/5794 [01:20<00:05, 69.19it/s]
 93%|█████████▎| 5394/5794 [01:20<00:05, 70.29it/s]
 93%|█████████▎| 5402/5794 [01:20<00:05, 71.12it/s]
 93%|█████████▎| 5410/5794 [01:21<00:05, 71.58it/s]
 94%|█████████▎| 5418/5794 [01:21<00:05, 72.18it/s]
 94%|█████████▎| 5426/5794 [01:21<00:05, 72.63it/s]
 94%|█████████▍| 5434/5794 [01:21<00:04, 72.69it/s]
 94%|█████████▍| 5442/5794 [01:21<00:04, 72.93it/s]
 94%|█████████▍| 5450/5794 [01:21<00:04, 72.90it/s]
 94%|█████████▍| 5458/5794 [01:21<00:04, 73.22it/s]
 94%|█████████▍| 5466/5794 [01:21<00:04, 73.18it/s]
 94%|█████████▍| 5474/5794 [01:21<00:04, 73.46it/s]
 95%|█████████▍| 5482/5794 [01:22<00:04, 73.23it/s]
 95%|█████████▍| 5490/5794 [01:22<00:04, 73.32it/s]
 95%|█████████▍| 5498/5794 [01:22<00:04, 72.72it/s]
 95%|█████████▌| 5506/5794 [01:22<00:03, 72.48it/s]
 95%|█████████▌| 5514/5794 [01:22<00:04, 69.65it/s]
 95%|█████████▌| 5521/5794 [01:22<00:04, 68.17it/s]
 95%|█████████▌| 5528/5794 [01:22<00:03, 67.06it/s]
 96%|█████████▌| 5536/5794 [01:22<00:03, 68.83it/s]
 96%|█████████▌| 5544/5794 [01:22<00:03, 69.90it/s]
 96%|█████████▌| 5552/5794 [01:23<00:03, 70.26it/s]
 96%|█████████▌| 5560/5794 [01:23<00:03, 71.22it/s]
 96%|█████████▌| 5568/5794 [01:23<00:03, 71.68it/s]
 96%|█████████▌| 5576/5794 [01:23<00:03, 72.29it/s]
 96%|█████████▋| 5584/5794 [01:23<00:02, 72.67it/s]
 97%|█████████▋| 5592/5794 [01:23<00:02, 72.99it/s]
 97%|█████████▋| 5600/5794 [01:23<00:02, 72.87it/s]
 97%|█████████▋| 5608/5794 [01:23<00:02, 70.86it/s]
 97%|█████████▋| 5616/5794 [01:23<00:02, 68.70it/s]
 97%|█████████▋| 5623/5794 [01:24<00:02, 67.45it/s]
 97%|█████████▋| 5630/5794 [01:24<00:02, 66.34it/s]
 97%|█████████▋| 5637/5794 [01:24<00:02, 65.56it/s]
 97%|█████████▋| 5644/5794 [01:24<00:02, 65.18it/s]
 98%|█████████▊| 5651/5794 [01:24<00:02, 64.76it/s]
 98%|█████████▊| 5659/5794 [01:24<00:02, 66.97it/s]
 98%|█████████▊| 5667/5794 [01:24<00:01, 68.87it/s]
 98%|█████████▊| 5675/5794 [01:24<00:01, 70.44it/s]
 98%|█████████▊| 5683/5794 [01:24<00:01, 71.39it/s]
 98%|█████████▊| 5691/5794 [01:25<00:01, 72.06it/s]
 98%|█████████▊| 5699/5794 [01:25<00:01, 72.45it/s]
 98%|█████████▊| 5707/5794 [01:25<00:01, 71.79it/s]
 99%|█████████▊| 5715/5794 [01:25<00:01, 72.46it/s]
 99%|█████████▉| 5723/5794 [01:25<00:01, 70.07it/s]
 99%|█████████▉| 5731/5794 [01:25<00:00, 68.28it/s]
 99%|█████████▉| 5738/5794 [01:25<00:00, 67.09it/s]
 99%|█████████▉| 5745/5794 [01:25<00:00, 66.20it/s]
 99%|█████████▉| 5752/5794 [01:25<00:00, 65.44it/s]
 99%|█████████▉| 5759/5794 [01:26<00:00, 64.90it/s]
100%|█████████▉| 5766/5794 [01:26<00:00, 63.98it/s]
100%|█████████▉| 5773/5794 [01:26<00:00, 64.03it/s]
100%|█████████▉| 5780/5794 [01:26<00:00, 63.78it/s]
100%|█████████▉| 5787/5794 [01:26<00:00, 63.84it/s]
100%|██████████| 5794/5794 [01:26<00:00, 64.78it/s]
100%|██████████| 5794/5794 [01:26<00:00, 66.85it/s]
BALANCED ACCS CHECKED FOR TEST
TEST SET RESULTS FOR CHECKPOINT trained_weights/waterbirds/gals_waterbird_1.0_forest2water2_21048936_trial_000/best_balanced_valacc_0.57_epoch_0.ckpt
test_acc: 0.6791508457024508
balanced_test_acc: 0.5590903910313529
Land_on_Land_test_acc: 0.9964523281596452
Land_on_Water_test_acc: 0.5529933481152993
Water_on_Land_test_acc: 0.018691588785046728
Water_on_Water_test_acc: 0.6682242990654206
test_acc_Waterbird: 0.34345794392523366
test_acc_Landbird: 0.7747228381374723
