[SWEEP] run_name_prefix=abn_att_waterbird_1.0_forest2water2_21050510
[SWEEP] Trial 0 done. best_balanced_val_acc=0.5249691392660756
[SWEEP] Best trial:
  trial: 0
  name: abn_att_waterbird_1.0_forest2water2_21050510_trial_000
  method: abn_att
  seed: 0
  base_lr: 0.0010000000000000002
  classifier_lr: 9.999999999999991e-05
  grad_weight: None
  cam_weight: None
  abn_cls_weight: None
  abn_att_weight: 1.0
  weight_decay: 9.999999999999997e-06
  best_balanced_val_acc: 0.5249691392660756
  test_acc: 61.68450120814636
  balanced_test_acc: 52.352491175718896
  per_group: 52.352491175718896
  worst_group: 2.0249221183800623
  checkpoint: trained_weights/waterbirds/abn_att_waterbird_1.0_forest2water2_21050510_trial_000/best_balanced_valacc_0.52_epoch_0.ckpt
  log_path: /home/ryreu/guided_cnn/logsWaterbird/smoke_debug_21050510/abn100_vit_logs/abn_att_waterbird_1.0_forest2water2_21050510_trial_000.log
  seconds: 138
  sampler: random
  run_dir: trained_weights/waterbirds/abn_att_waterbird_1.0_forest2water2_21050510_trial_000
[TIME] sweep: median min/trial=2.30 | total tuning GPU-hours=0.04
[TIME] sweep: median min/epoch=0.0115 (epochs/trial=200)
