[SWEEP] run_name_prefix=abn_cls_waterbird_complete95_forest2water2_21050510
[SWEEP] Trial 0 done. best_balanced_val_acc=0.5182389252874953
[SWEEP] Best trial:
  trial: 0
  name: abn_cls_waterbird_complete95_forest2water2_21050510_trial_000
  method: abn_cls
  seed: 0
  base_lr: 0.0010000000000000002
  classifier_lr: 9.999999999999991e-05
  grad_weight: None
  cam_weight: None
  abn_cls_weight: 1.0
  abn_att_weight: None
  weight_decay: 9.999999999999997e-06
  best_balanced_val_acc: 0.5182389252874953
  test_acc: 67.46634449430445
  balanced_test_acc: 53.72669595430024
  per_group: 53.72669595430024
  worst_group: 1.557632398753894
  checkpoint: trained_weights/waterbirds/abn_cls_waterbird_complete95_forest2water2_21050510_trial_000/best_balanced_valacc_0.52_epoch_0.ckpt
  log_path: /home/ryreu/guided_cnn/logsWaterbird/smoke_debug_21050510/abn95_baseline_logs/abn_cls_waterbird_complete95_forest2water2_21050510_trial_000.log
  seconds: 134
  sampler: random
  run_dir: trained_weights/waterbirds/abn_cls_waterbird_complete95_forest2water2_21050510_trial_000
[TIME] sweep: median min/trial=2.23 | total tuning GPU-hours=0.04
[TIME] sweep: median min/epoch=0.0112 (epochs/trial=200)
