[SWEEP] run_name_prefix=gals_waterbird_1.0_forest2water2_21050510
[SWEEP] Trial 0 done. best_balanced_val_acc=0.5705909229363387
[SWEEP] Best trial:
  trial: 0
  name: gals_waterbird_1.0_forest2water2_21050510_trial_000
  method: gals
  seed: 0
  base_lr: 0.0010000000000000002
  classifier_lr: 9.999999999999991e-05
  grad_weight: 10.000000000000002
  cam_weight: None
  abn_cls_weight: None
  abn_att_weight: None
  weight_decay: 9.999999999999997e-06
  best_balanced_val_acc: 0.5705909229363387
  test_acc: 67.88056610286503
  balanced_test_acc: 55.886866154133074
  per_group: 55.886866154133074
  worst_group: 1.8691588785046727
  checkpoint: trained_weights/waterbirds/gals_waterbird_1.0_forest2water2_21050510_trial_000/best_balanced_valacc_0.57_epoch_0.ckpt
  log_path: /home/ryreu/guided_cnn/logsWaterbird/smoke_debug_21050510/gals100_ourmasks_logs/gals_waterbird_1.0_forest2water2_21050510_trial_000.log
  seconds: 157
  sampler: random
  run_dir: trained_weights/waterbirds/gals_waterbird_1.0_forest2water2_21050510_trial_000
[TIME] sweep: median min/trial=2.62 | total tuning GPU-hours=0.04
[TIME] sweep: median min/epoch=0.0131 (epochs/trial=200)
