[CMD] /home/ryreu/miniconda3/envs/gals_a100/bin/python -u main.py --config configs/waterbirds_95_abn_vit.yaml --name abn_att_waterbird_complete95_forest2water2_21047520_trial_000 DATA.ROOT=/home/ryreu/guided_cnn/waterbirds DATA.WATERBIRDS_DIR=waterbird_complete95_forest2water2 SEED=0 EXP.BASE.LR=0.0010000000000000002 EXP.CLASSIFIER.LR=9.999999999999991e-05 EXP.WEIGHT_DECAY=9.999999999999997e-06 EXP.AUX_LOSSES_ON_VAL=False EXP.LOSSES.ABN_SUPERVISION.WEIGHT=1.0 EXP.NUM_EPOCHS=1
SEED: 0
DATA:
  BATCH_SIZE: 96
  NUM_WORKERS: 4
  SIZE: 224
  NORMALIZATION: imagenet
  ATTENTION_DIR: clip_vit_attention
  SEPARATE_CLASSES: false
  REMOVE_BACKGROUND: false
  ROOT: /home/ryreu/guided_cnn/waterbirds
  USE_CLASS_WEIGHTS: false
  USE_GROUP_WEIGHTS: false
  DATASET: waterbirds
  NUM_CLASSES: 2
  CONFOUNDING_FACTOR: 0.95
  WATERBIRDS_DIR: waterbird_complete95_forest2water2
EXP:
  NUM_TRIALS: 1
  LOSSES:
    CLASSIFICATION:
      WEIGHT: 1
    GRADIENT_OUTSIDE:
      COMPUTE: false
      LOG: false
      WEIGHT: 0.01
      CRITERION: L1
      GT: segmentation
      COMBINE_ATT_MODE: average_nonzero
    GRADIENT_INSIDE:
      COMPUTE: false
      LOG: false
      WEIGHT: 1
      CRITERION: L1
      GT: segmentation
      COMBINE_ATT_MODE: average_nonzero
    GRADCAM:
      COMPUTE: false
      LOG: false
      WEIGHT: 1
      CRITERION: L1
      GT: segmentation
      MODE: match
      COMBINE_ATT_MODE: average_nonzero
    ABN_CLASSIFICATION:
      COMPUTE: true
      LOG: false
      WEIGHT: 1
    ABN_SUPERVISION:
      COMPUTE: true
      LOG: false
      WEIGHT: 1.0
      CRITERION: L1
      GT: clip_vit
      MODE: suppress_outside
      COMBINE_ATT_MODE: average_nonzero
  APPROACH: abn
  MODEL: resnet50_abn
  PRETRAINED: true
  PROVIDED_ATT: NONE
  PROVIDED_ATT_SHAPE:
  - 14
  - 14
  ABN_ADD_AFTER_ATTENTION: true
  NUM_EPOCHS: 1
  OPTIMIZER: SGD
  WEIGHT_DECAY: 9.999999999999997e-06
  MOMENTUM: 0.9
  SCHEDULER: NONE
  BASE:
    LR: 0.0010000000000000002
  CLASSIFIER:
    LR: 9.999999999999991e-05
  AUX_LOSSES_ON_VAL: false
LOGGING:
  SAVE_EVERY: 0
  SAVE_BEST: true
  SAVE_LAST: false
  LOG_ATTENTION: false
  LOG_ATTENTION_STEP: 10
  SAVE_STATS_PATH: null
yaml: configs/waterbirds_95_abn_vit.yaml
name: abn_att_waterbird_complete95_forest2water2_21047520_trial_000
test_checkpoint: null

WATERBIRDS DIR: /home/ryreu/guided_cnn/waterbirds/waterbird_complete95_forest2water2
NUMBER OF SAMPLES WITH LABEL Landbird: 3682
NUMBER OF SAMPLES WITH LABEL Waterbird: 1113
NUMBER OF SAMPLES WITH GROUP Land_on_Land: 3498
NUMBER OF SAMPLES WITH GROUP Land_on_Water: 184
NUMBER OF SAMPLES WITH GROUP Water_on_Land: 56
NUMBER OF SAMPLES WITH GROUP Water_on_Water: 1057
WATERBIRDS DIR: /home/ryreu/guided_cnn/waterbirds/waterbird_complete95_forest2water2
NUMBER OF SAMPLES WITH LABEL Landbird: 933
NUMBER OF SAMPLES WITH LABEL Waterbird: 266
NUMBER OF SAMPLES WITH GROUP Land_on_Land: 467
NUMBER OF SAMPLES WITH GROUP Land_on_Water: 466
NUMBER OF SAMPLES WITH GROUP Water_on_Land: 133
NUMBER OF SAMPLES WITH GROUP Water_on_Water: 133
NUM TRAIN: 4795

NUM VAL:   1199

Number classifier outputs: 1
Using pretrained model: True
Removing att_conv.weight from pretained weights, with weight shape torch.Size([1000, 2048, 1, 1])
Removing bn_att2.weight from pretained weights, with weight shape torch.Size([1000])
Removing bn_att2.bias from pretained weights, with weight shape torch.Size([1000])
Removing bn_att2.running_mean from pretained weights, with weight shape torch.Size([1000])
Removing bn_att2.running_var from pretained weights, with weight shape torch.Size([1000])
Removing att_conv2.weight from pretained weights, with weight shape torch.Size([1000, 1000, 1, 1])
Removing att_conv3.weight from pretained weights, with weight shape torch.Size([1, 1000, 3, 3])
Removing fc.weight from pretained weights, with weight shape torch.Size([1000, 2048])
Removing fc.bias from pretained weights, with weight shape torch.Size([1000])
Keys missing in state dict:    ['att_conv.weight', 'bn_att2.weight', 'bn_att2.bias', 'bn_att2.running_mean', 'bn_att2.running_var', 'att_conv2.weight', 'att_conv3.weight', 'fc.weight', 'fc.bias']
Unexpected keys in state dict: []
USING SGD OPTIMIZER
class weights: None
group weights: None
WANDB DISABLED: skipping wandb.init()
EPOCH: 0

>>> TRAINING 


  0%|          | 0/50 [00:00<?, ?it/s]
  2%|▏         | 1/50 [00:03<02:57,  3.62s/it]
  4%|▍         | 2/50 [00:03<01:18,  1.64s/it]
  6%|▌         | 3/50 [00:04<00:47,  1.00s/it]
  8%|▊         | 4/50 [00:04<00:32,  1.42it/s]
 10%|█         | 5/50 [00:04<00:24,  1.86it/s]
 12%|█▏        | 6/50 [00:04<00:19,  2.28it/s]
 14%|█▍        | 7/50 [00:05<00:16,  2.67it/s]
 16%|█▌        | 8/50 [00:05<00:13,  3.01it/s]
 18%|█▊        | 9/50 [00:05<00:12,  3.28it/s]
 20%|██        | 10/50 [00:05<00:11,  3.50it/s]
 22%|██▏       | 11/50 [00:06<00:10,  3.67it/s]
 24%|██▍       | 12/50 [00:06<00:10,  3.79it/s]
 26%|██▌       | 13/50 [00:06<00:09,  3.87it/s]
 28%|██▊       | 14/50 [00:06<00:09,  3.93it/s]
 30%|███       | 15/50 [00:07<00:08,  4.00it/s]
 32%|███▏      | 16/50 [00:07<00:08,  4.02it/s]
 34%|███▍      | 17/50 [00:07<00:08,  3.97it/s]
 36%|███▌      | 18/50 [00:07<00:08,  3.97it/s]
 38%|███▊      | 19/50 [00:08<00:07,  3.97it/s]
 40%|████      | 20/50 [00:08<00:07,  3.93it/s]
 42%|████▏     | 21/50 [00:08<00:07,  3.93it/s]
 44%|████▍     | 22/50 [00:08<00:07,  3.95it/s]
 46%|████▌     | 23/50 [00:09<00:06,  3.96it/s]
 48%|████▊     | 24/50 [00:09<00:06,  3.94it/s]
 50%|█████     | 25/50 [00:09<00:06,  3.92it/s]
 52%|█████▏    | 26/50 [00:09<00:06,  3.91it/s]
 54%|█████▍    | 27/50 [00:10<00:05,  3.93it/s]
 56%|█████▌    | 28/50 [00:10<00:05,  4.01it/s]
 58%|█████▊    | 29/50 [00:10<00:05,  4.07it/s]
 60%|██████    | 30/50 [00:10<00:04,  4.11it/s]
 62%|██████▏   | 31/50 [00:11<00:04,  4.11it/s]
 64%|██████▍   | 32/50 [00:11<00:04,  4.14it/s]
 66%|██████▌   | 33/50 [00:11<00:04,  4.15it/s]
 68%|██████▊   | 34/50 [00:11<00:03,  4.16it/s]
 70%|███████   | 35/50 [00:12<00:03,  4.13it/s]
 72%|███████▏  | 36/50 [00:12<00:03,  4.12it/s]
 74%|███████▍  | 37/50 [00:12<00:03,  4.06it/s]
 76%|███████▌  | 38/50 [00:12<00:02,  4.03it/s]
 78%|███████▊  | 39/50 [00:13<00:02,  3.99it/s]
 80%|████████  | 40/50 [00:13<00:02,  3.97it/s]
 82%|████████▏ | 41/50 [00:13<00:02,  4.04it/s]
 84%|████████▍ | 42/50 [00:13<00:01,  4.08it/s]
 86%|████████▌ | 43/50 [00:13<00:01,  4.11it/s]
 88%|████████▊ | 44/50 [00:14<00:01,  4.10it/s]
 90%|█████████ | 45/50 [00:14<00:01,  4.11it/s]
 92%|█████████▏| 46/50 [00:14<00:00,  4.14it/s]
 94%|█████████▍| 47/50 [00:14<00:00,  4.15it/s]
 96%|█████████▌| 48/50 [00:15<00:00,  4.17it/s]
 98%|█████████▊| 49/50 [00:15<00:00,  4.17it/s]
100%|██████████| 50/50 [00:15<00:00,  4.24it/s]
100%|██████████| 50/50 [00:15<00:00,  3.18it/s]
>>> VALIDATING 


  0%|          | 0/13 [00:00<?, ?it/s]
  0%|          | 0/13 [00:01<?, ?it/s]
Traceback (most recent call last):
  File "main.py", line 205, in <module>
    main(args)
  File "main.py", line 147, in main
    approach.train()
  File "/home/ryreu/guided_cnn/waterbirds/Waterbird_Runs/GALS/approaches/base.py", line 345, in train
    metrics = self.validate(metrics)
  File "/home/ryreu/guided_cnn/waterbirds/Waterbird_Runs/GALS/approaches/base.py", line 416, in validate
    metrics = self.eval_batch(data, metrics, mode='val')
  File "/home/ryreu/guided_cnn/waterbirds/Waterbird_Runs/GALS/approaches/base.py", line 264, in eval_batch
    loss, metrics = self.calc_loss(metrics, 'val', batch, inputs, output_dict, labels, aux_losses=False)
TypeError: calc_loss() got an unexpected keyword argument 'aux_losses'
