[CMD] /home/ryreu/miniconda3/envs/gals_a100/bin/python -u main.py --config configs/waterbirds_100_gals_vit.yaml --name rrr_waterbird_1.0_forest2water2_21050510_trial_000 DATA.ROOT=/home/ryreu/guided_cnn/waterbirds DATA.WATERBIRDS_DIR=waterbird_1.0_forest2water2 SEED=0 EXP.BASE.LR=0.0010000000000000002 EXP.CLASSIFIER.LR=9.999999999999991e-05 EXP.WEIGHT_DECAY=9.999999999999997e-06 EXP.AUX_LOSSES_ON_VAL=False EXP.LOSSES.GRADIENT_OUTSIDE.WEIGHT=10.000000000000002 EXP.NUM_EPOCHS=1
SEED: 0
DATA:
  BATCH_SIZE: 96
  NUM_WORKERS: 4
  SIZE: 224
  NORMALIZATION: imagenet
  ATTENTION_DIR: clip_vit_attention
  SEPARATE_CLASSES: false
  REMOVE_BACKGROUND: false
  ROOT: /home/ryreu/guided_cnn/waterbirds
  USE_CLASS_WEIGHTS: false
  USE_GROUP_WEIGHTS: false
  DATASET: waterbirds
  NUM_CLASSES: 2
  CONFOUNDING_FACTOR: 1.0
  WATERBIRDS_DIR: waterbird_1.0_forest2water2
EXP:
  NUM_TRIALS: 1
  LOSSES:
    CLASSIFICATION:
      WEIGHT: 1
    GRADIENT_OUTSIDE:
      COMPUTE: true
      LOG: false
      WEIGHT: 10.000000000000002
      CRITERION: L1
      GT: clip_vit
      COMBINE_ATT_MODE: average_nonzero
    GRADIENT_INSIDE:
      COMPUTE: false
      LOG: false
      WEIGHT: 1
      CRITERION: L1
      GT: segmentation
      COMBINE_ATT_MODE: average_nonzero
    GRADCAM:
      COMPUTE: false
      LOG: false
      WEIGHT: 1
      CRITERION: L1
      GT: segmentation
      MODE: match
      COMBINE_ATT_MODE: average_nonzero
  APPROACH: generic
  MODEL: resnet50
  PRETRAINED: true
  NUM_EPOCHS: 1
  OPTIMIZER: SGD
  WEIGHT_DECAY: 9.999999999999997e-06
  MOMENTUM: 0.9
  SCHEDULER: NONE
  BASE:
    LR: 0.0010000000000000002
  CLASSIFIER:
    LR: 9.999999999999991e-05
  AUX_LOSSES_ON_VAL: false
LOGGING:
  SAVE_EVERY: 0
  SAVE_BEST: true
  SAVE_LAST: false
  LOG_ATTENTION: false
  LOG_ATTENTION_STEP: 10
  SAVE_STATS_PATH: null
yaml: configs/waterbirds_100_gals_vit.yaml
name: rrr_waterbird_1.0_forest2water2_21050510_trial_000
test_checkpoint: null

WATERBIRDS DIR: /home/ryreu/guided_cnn/waterbirds/waterbird_1.0_forest2water2
NUMBER OF SAMPLES WITH LABEL Landbird: 3684
NUMBER OF SAMPLES WITH LABEL Waterbird: 1111
NUMBER OF SAMPLES WITH GROUP Land_on_Land: 3684
NUMBER OF SAMPLES WITH GROUP Land_on_Water: 0
NUMBER OF SAMPLES WITH GROUP Water_on_Land: 0
NUMBER OF SAMPLES WITH GROUP Water_on_Water: 1111
WATERBIRDS DIR: /home/ryreu/guided_cnn/waterbirds/waterbird_1.0_forest2water2
NUMBER OF SAMPLES WITH LABEL Landbird: 931
NUMBER OF SAMPLES WITH LABEL Waterbird: 268
NUMBER OF SAMPLES WITH GROUP Land_on_Land: 465
NUMBER OF SAMPLES WITH GROUP Land_on_Water: 466
NUMBER OF SAMPLES WITH GROUP Water_on_Land: 134
NUMBER OF SAMPLES WITH GROUP Water_on_Water: 134
NUM TRAIN: 4795

NUM VAL:   1199

Number classifier outputs: 1
Using pretrained model: True
USING SGD OPTIMIZER
class weights: None
group weights: None
WANDB DISABLED: skipping wandb.init()
EPOCH: 0

>>> TRAINING 


  0%|          | 0/50 [00:00<?, ?it/s]
  2%|▏         | 1/50 [00:04<03:39,  4.48s/it]
  4%|▍         | 2/50 [00:05<02:00,  2.50s/it]
  6%|▌         | 3/50 [00:06<01:27,  1.86s/it]
  8%|▊         | 4/50 [00:07<01:11,  1.56s/it]
 10%|█         | 5/50 [00:08<01:02,  1.39s/it]
 12%|█▏        | 6/50 [00:09<00:57,  1.30s/it]
 14%|█▍        | 7/50 [00:11<00:52,  1.23s/it]
 16%|█▌        | 8/50 [00:12<00:49,  1.19s/it]
 18%|█▊        | 9/50 [00:13<00:47,  1.16s/it]
 20%|██        | 10/50 [00:14<00:45,  1.14s/it]
 22%|██▏       | 11/50 [00:15<00:43,  1.13s/it]
 24%|██▍       | 12/50 [00:16<00:42,  1.12s/it]
 26%|██▌       | 13/50 [00:17<00:41,  1.11s/it]
 28%|██▊       | 14/50 [00:18<00:39,  1.11s/it]
 30%|███       | 15/50 [00:19<00:38,  1.10s/it]
 32%|███▏      | 16/50 [00:20<00:37,  1.10s/it]
 34%|███▍      | 17/50 [00:22<00:36,  1.09s/it]
 36%|███▌      | 18/50 [00:23<00:35,  1.09s/it]
 38%|███▊      | 19/50 [00:24<00:33,  1.09s/it]
 40%|████      | 20/50 [00:25<00:32,  1.09s/it]
 42%|████▏     | 21/50 [00:26<00:31,  1.09s/it]
 44%|████▍     | 22/50 [00:27<00:30,  1.09s/it]
 46%|████▌     | 23/50 [00:28<00:29,  1.09s/it]
 48%|████▊     | 24/50 [00:29<00:28,  1.09s/it]
 50%|█████     | 25/50 [00:30<00:27,  1.09s/it]
 52%|█████▏    | 26/50 [00:31<00:26,  1.10s/it]
 54%|█████▍    | 27/50 [00:32<00:25,  1.10s/it]
 56%|█████▌    | 28/50 [00:34<00:24,  1.10s/it]
 58%|█████▊    | 29/50 [00:35<00:23,  1.10s/it]
 60%|██████    | 30/50 [00:36<00:22,  1.10s/it]
 62%|██████▏   | 31/50 [00:37<00:20,  1.10s/it]
 64%|██████▍   | 32/50 [00:38<00:19,  1.10s/it]
 66%|██████▌   | 33/50 [00:39<00:18,  1.10s/it]
 68%|██████▊   | 34/50 [00:40<00:17,  1.10s/it]
 70%|███████   | 35/50 [00:41<00:16,  1.09s/it]
 72%|███████▏  | 36/50 [00:42<00:15,  1.09s/it]
 74%|███████▍  | 37/50 [00:43<00:14,  1.09s/it]
 76%|███████▌  | 38/50 [00:45<00:13,  1.09s/it]
 78%|███████▊  | 39/50 [00:46<00:12,  1.09s/it]
 80%|████████  | 40/50 [00:47<00:10,  1.09s/it]
 82%|████████▏ | 41/50 [00:48<00:09,  1.09s/it]
 84%|████████▍ | 42/50 [00:49<00:08,  1.09s/it]
 86%|████████▌ | 43/50 [00:50<00:07,  1.10s/it]
 88%|████████▊ | 44/50 [00:51<00:06,  1.10s/it]
 90%|█████████ | 45/50 [00:52<00:05,  1.10s/it]
 92%|█████████▏| 46/50 [00:53<00:04,  1.09s/it]
 94%|█████████▍| 47/50 [00:54<00:03,  1.09s/it]
 96%|█████████▌| 48/50 [00:55<00:02,  1.09s/it]
 98%|█████████▊| 49/50 [00:57<00:01,  1.09s/it]
100%|██████████| 50/50 [00:58<00:00,  1.09s/it]
100%|██████████| 50/50 [00:58<00:00,  1.16s/it]
>>> VALIDATING 


  0%|          | 0/13 [00:00<?, ?it/s]
  8%|▊         | 1/13 [00:01<00:12,  1.01s/it]
 23%|██▎       | 3/13 [00:01<00:03,  3.15it/s]
 38%|███▊      | 5/13 [00:01<00:02,  3.33it/s]
 54%|█████▍    | 7/13 [00:01<00:01,  4.87it/s]
 69%|██████▉   | 9/13 [00:02<00:00,  4.34it/s]
 85%|████████▍ | 11/13 [00:02<00:00,  5.73it/s]
100%|██████████| 13/13 [00:02<00:00,  6.85it/s]
100%|██████████| 13/13 [00:02<00:00,  4.62it/s]
>>> LOGGING 

BALANCED ACCS CHECKED FOR TRAIN
BALANCED ACCS CHECKED FOR VAL
train_acc: 0.7293013555787279
val_acc: 0.6839032527105922
train_cls_loss: 0.47431737886852465
val_cls_loss: 0.566548323362842
train_total_loss: 0.47434192414514964
val_total_loss: 0.566548323362842
balanced_train_acc: 0.6122934361840093
balanced_val_acc: 0.5705909229363387
Land_on_Land_train_acc: 0.8303474484256244
Land_on_Land_val_acc: 0.9956989247311828
Land_on_Water_train_acc: 0
Land_on_Water_val_acc: 0.555793991416309
Water_on_Land_train_acc: 0
Water_on_Land_val_acc: 0.03731343283582089
Water_on_Water_train_acc: 0.39423942394239425
Water_on_Water_val_acc: 0.6940298507462687
train_dydx_outside_clip_vit_loss: 2.454231434474212e-05
train_acc_Landbird: 0.8303474484256244
train_acc_Waterbird: 0.39423942394239425
val_acc_Landbird: 0.7755102040816326
val_acc_Waterbird: 0.3656716417910448
TRAIN ACC:        0.7293013555787279
VAL ACC:          0.6839032527105922
BALANCED VAL ACC: 0.5705909229363387
prev best list: []
Saving to trained_weights/waterbirds/rrr_waterbird_1.0_forest2water2_21050510_trial_000/best_balanced_valacc_0.57_epoch_0.ckpt
>>> EVALUATING ON TEST SET
WATERBIRDS DIR: /home/ryreu/guided_cnn/waterbirds/waterbird_1.0_forest2water2
NUMBER OF SAMPLES WITH LABEL Landbird: 4510
NUMBER OF SAMPLES WITH LABEL Waterbird: 1284
NUMBER OF SAMPLES WITH GROUP Land_on_Land: 2255
NUMBER OF SAMPLES WITH GROUP Land_on_Water: 2255
NUMBER OF SAMPLES WITH GROUP Water_on_Land: 642
NUMBER OF SAMPLES WITH GROUP Water_on_Water: 642
NUM TEST:   5794

Loaded checkpoint trained_weights/waterbirds/rrr_waterbird_1.0_forest2water2_21050510_trial_000/best_balanced_valacc_0.57_epoch_0.ckpt

  0%|          | 0/5794 [00:00<?, ?it/s]
  0%|          | 1/5794 [00:00<25:06,  3.85it/s]
  0%|          | 9/5794 [00:00<03:16, 29.48it/s]
  0%|          | 17/5794 [00:00<02:09, 44.48it/s]
  0%|          | 25/5794 [00:00<01:47, 53.77it/s]
  1%|          | 33/5794 [00:00<01:36, 59.88it/s]
  1%|          | 41/5794 [00:00<01:30, 63.83it/s]
  1%|          | 49/5794 [00:00<01:26, 66.57it/s]
  1%|          | 57/5794 [00:01<01:24, 68.27it/s]
  1%|          | 65/5794 [00:01<01:22, 69.69it/s]
  1%|▏         | 73/5794 [00:01<01:21, 70.46it/s]
  1%|▏         | 81/5794 [00:01<01:20, 71.13it/s]
  2%|▏         | 89/5794 [00:01<01:19, 71.44it/s]
  2%|▏         | 97/5794 [00:01<01:19, 71.96it/s]
  2%|▏         | 105/5794 [00:01<01:18, 72.22it/s]
  2%|▏         | 113/5794 [00:01<01:18, 72.22it/s]
  2%|▏         | 121/5794 [00:01<01:18, 72.18it/s]
  2%|▏         | 129/5794 [00:02<01:18, 72.10it/s]
  2%|▏         | 137/5794 [00:02<01:18, 72.23it/s]
  3%|▎         | 145/5794 [00:02<01:18, 72.17it/s]
  3%|▎         | 153/5794 [00:02<01:18, 72.29it/s]
  3%|▎         | 161/5794 [00:02<01:17, 72.34it/s]
  3%|▎         | 169/5794 [00:02<01:17, 72.36it/s]
  3%|▎         | 177/5794 [00:02<01:17, 72.25it/s]
  3%|▎         | 185/5794 [00:02<01:17, 72.39it/s]
  3%|▎         | 193/5794 [00:02<01:17, 72.19it/s]
  3%|▎         | 201/5794 [00:03<01:17, 72.27it/s]
  4%|▎         | 209/5794 [00:03<01:17, 72.20it/s]
  4%|▎         | 217/5794 [00:03<01:17, 72.29it/s]
  4%|▍         | 225/5794 [00:03<01:17, 72.18it/s]
  4%|▍         | 233/5794 [00:03<01:16, 72.33it/s]
  4%|▍         | 241/5794 [00:03<01:16, 72.35it/s]
  4%|▍         | 249/5794 [00:03<01:16, 72.39it/s]
  4%|▍         | 257/5794 [00:03<01:16, 72.16it/s]
  5%|▍         | 265/5794 [00:03<01:16, 71.90it/s]
  5%|▍         | 273/5794 [00:04<01:16, 71.74it/s]
  5%|▍         | 281/5794 [00:04<01:17, 71.53it/s]
  5%|▍         | 289/5794 [00:04<01:16, 71.50it/s]
  5%|▌         | 297/5794 [00:04<01:17, 71.28it/s]
  5%|▌         | 305/5794 [00:04<01:17, 71.28it/s]
  5%|▌         | 313/5794 [00:04<01:16, 71.23it/s]
  6%|▌         | 321/5794 [00:04<01:16, 71.44it/s]
  6%|▌         | 329/5794 [00:04<01:16, 71.40it/s]
  6%|▌         | 337/5794 [00:04<01:16, 71.42it/s]
  6%|▌         | 345/5794 [00:05<01:16, 71.38it/s]
  6%|▌         | 353/5794 [00:05<01:16, 71.44it/s]
  6%|▌         | 361/5794 [00:05<01:16, 71.16it/s]
  6%|▋         | 369/5794 [00:05<01:15, 71.39it/s]
  7%|▋         | 377/5794 [00:05<01:15, 71.45it/s]
  7%|▋         | 385/5794 [00:05<01:15, 71.34it/s]
  7%|▋         | 393/5794 [00:05<01:15, 71.36it/s]
  7%|▋         | 401/5794 [00:05<01:15, 71.45it/s]
  7%|▋         | 409/5794 [00:05<01:15, 71.49it/s]
  7%|▋         | 417/5794 [00:06<01:15, 71.41it/s]
  7%|▋         | 425/5794 [00:06<01:15, 71.50it/s]
  7%|▋         | 433/5794 [00:06<01:15, 71.38it/s]
  8%|▊         | 441/5794 [00:06<01:14, 71.47it/s]
  8%|▊         | 449/5794 [00:06<01:14, 71.40it/s]
  8%|▊         | 457/5794 [00:06<01:14, 71.51it/s]
  8%|▊         | 465/5794 [00:06<01:14, 71.20it/s]
  8%|▊         | 473/5794 [00:06<01:14, 71.19it/s]
  8%|▊         | 481/5794 [00:06<01:14, 71.04it/s]
  8%|▊         | 489/5794 [00:07<01:14, 71.13it/s]
  9%|▊         | 497/5794 [00:07<01:14, 71.02it/s]
  9%|▊         | 505/5794 [00:07<01:14, 71.10it/s]
  9%|▉         | 513/5794 [00:07<01:14, 71.12it/s]
  9%|▉         | 521/5794 [00:07<01:14, 71.08it/s]
  9%|▉         | 529/5794 [00:07<01:13, 71.17it/s]
  9%|▉         | 537/5794 [00:07<01:13, 71.07it/s]
  9%|▉         | 545/5794 [00:07<01:13, 71.13it/s]
 10%|▉         | 553/5794 [00:07<01:13, 71.20it/s]
 10%|▉         | 561/5794 [00:08<01:13, 71.39it/s]
 10%|▉         | 569/5794 [00:08<01:13, 71.39it/s]
 10%|▉         | 577/5794 [00:08<01:12, 71.52it/s]
 10%|█         | 585/5794 [00:08<01:12, 71.53it/s]
 10%|█         | 593/5794 [00:08<01:12, 71.67it/s]
 10%|█         | 601/5794 [00:08<01:12, 71.52it/s]
 11%|█         | 609/5794 [00:08<01:12, 71.58it/s]
 11%|█         | 617/5794 [00:08<01:12, 71.27it/s]
 11%|█         | 625/5794 [00:08<01:12, 71.31it/s]
 11%|█         | 633/5794 [00:09<01:12, 71.21it/s]
 11%|█         | 641/5794 [00:09<01:12, 71.30it/s]
 11%|█         | 649/5794 [00:09<01:12, 71.30it/s]
 11%|█▏        | 657/5794 [00:09<01:11, 71.35it/s]
 11%|█▏        | 665/5794 [00:09<01:11, 71.36it/s]
 12%|█▏        | 673/5794 [00:09<01:11, 71.32it/s]
 12%|█▏        | 681/5794 [00:09<01:11, 71.41it/s]
 12%|█▏        | 689/5794 [00:09<01:11, 71.38it/s]
 12%|█▏        | 697/5794 [00:09<01:11, 71.42it/s]
 12%|█▏        | 705/5794 [00:10<01:11, 71.36it/s]
 12%|█▏        | 713/5794 [00:10<01:11, 71.41it/s]
 12%|█▏        | 721/5794 [00:10<01:12, 69.51it/s]
 13%|█▎        | 728/5794 [00:10<01:14, 68.46it/s]
 13%|█▎        | 736/5794 [00:10<01:12, 69.30it/s]
 13%|█▎        | 743/5794 [00:10<01:13, 68.59it/s]
 13%|█▎        | 750/5794 [00:10<01:15, 67.20it/s]
 13%|█▎        | 757/5794 [00:10<01:16, 66.01it/s]
 13%|█▎        | 764/5794 [00:10<01:17, 65.31it/s]
 13%|█▎        | 771/5794 [00:11<01:17, 64.69it/s]
 13%|█▎        | 778/5794 [00:11<01:17, 64.51it/s]
 14%|█▎        | 785/5794 [00:11<01:17, 64.52it/s]
 14%|█▎        | 793/5794 [00:11<01:14, 66.71it/s]
 14%|█▍        | 800/5794 [00:11<01:14, 66.82it/s]
 14%|█▍        | 807/5794 [00:11<01:15, 65.80it/s]
 14%|█▍        | 814/5794 [00:11<01:16, 65.04it/s]
 14%|█▍        | 821/5794 [00:11<01:17, 64.46it/s]
 14%|█▍        | 828/5794 [00:11<01:17, 64.12it/s]
 14%|█▍        | 835/5794 [00:12<01:17, 63.71it/s]
 15%|█▍        | 842/5794 [00:12<01:17, 63.56it/s]
 15%|█▍        | 849/5794 [00:12<01:17, 63.53it/s]
 15%|█▍        | 856/5794 [00:12<01:17, 63.42it/s]
 15%|█▍        | 863/5794 [00:12<01:17, 63.50it/s]
 15%|█▌        | 870/5794 [00:12<01:17, 63.49it/s]
 15%|█▌        | 877/5794 [00:12<01:17, 63.46it/s]
 15%|█▌        | 884/5794 [00:12<01:17, 63.55it/s]
 15%|█▌        | 891/5794 [00:12<01:17, 63.38it/s]
 15%|█▌        | 898/5794 [00:13<01:17, 63.52it/s]
 16%|█▌        | 905/5794 [00:13<01:17, 63.38it/s]
 16%|█▌        | 912/5794 [00:13<01:16, 63.47it/s]
 16%|█▌        | 919/5794 [00:13<01:16, 63.50it/s]
 16%|█▌        | 926/5794 [00:13<01:16, 63.37it/s]
 16%|█▌        | 933/5794 [00:13<01:16, 63.37it/s]
 16%|█▌        | 940/5794 [00:13<01:16, 63.27it/s]
 16%|█▋        | 947/5794 [00:13<01:16, 63.31it/s]
 16%|█▋        | 954/5794 [00:13<01:16, 63.00it/s]
 17%|█▋        | 961/5794 [00:14<01:16, 62.91it/s]
 17%|█▋        | 968/5794 [00:14<01:16, 63.16it/s]
 17%|█▋        | 975/5794 [00:14<01:16, 63.13it/s]
 17%|█▋        | 982/5794 [00:14<01:16, 62.93it/s]
 17%|█▋        | 989/5794 [00:14<01:16, 62.98it/s]
 17%|█▋        | 996/5794 [00:14<01:16, 63.06it/s]
 17%|█▋        | 1003/5794 [00:14<01:16, 62.93it/s]
 17%|█▋        | 1010/5794 [00:14<01:16, 62.93it/s]
 18%|█▊        | 1017/5794 [00:14<01:15, 62.97it/s]
 18%|█▊        | 1024/5794 [00:15<01:15, 62.94it/s]
 18%|█▊        | 1031/5794 [00:15<01:15, 62.97it/s]
 18%|█▊        | 1038/5794 [00:15<01:15, 62.91it/s]
 18%|█▊        | 1045/5794 [00:15<01:15, 62.75it/s]
 18%|█▊        | 1052/5794 [00:15<01:15, 63.04it/s]
 18%|█▊        | 1059/5794 [00:15<01:15, 62.93it/s]
 18%|█▊        | 1066/5794 [00:15<01:14, 63.08it/s]
 19%|█▊        | 1073/5794 [00:15<01:14, 63.18it/s]
 19%|█▊        | 1080/5794 [00:15<01:14, 63.22it/s]
 19%|█▉        | 1087/5794 [00:16<01:14, 63.27it/s]
 19%|█▉        | 1094/5794 [00:16<01:14, 63.27it/s]
 19%|█▉        | 1101/5794 [00:16<01:14, 63.33it/s]
 19%|█▉        | 1108/5794 [00:16<01:13, 63.46it/s]
 19%|█▉        | 1115/5794 [00:16<01:13, 63.34it/s]
 19%|█▉        | 1122/5794 [00:16<01:13, 63.38it/s]
 19%|█▉        | 1129/5794 [00:16<01:13, 63.27it/s]
 20%|█▉        | 1136/5794 [00:16<01:13, 63.44it/s]
 20%|█▉        | 1143/5794 [00:16<01:13, 63.20it/s]
 20%|█▉        | 1150/5794 [00:17<01:13, 63.29it/s]
 20%|█▉        | 1157/5794 [00:17<01:13, 63.23it/s]
 20%|██        | 1164/5794 [00:17<01:13, 63.06it/s]
 20%|██        | 1171/5794 [00:17<01:13, 63.09it/s]
 20%|██        | 1178/5794 [00:17<01:13, 62.96it/s]
 20%|██        | 1185/5794 [00:17<01:12, 63.14it/s]
 21%|██        | 1192/5794 [00:17<01:12, 63.25it/s]
 21%|██        | 1199/5794 [00:17<01:12, 63.30it/s]
 21%|██        | 1206/5794 [00:17<01:12, 63.35it/s]
 21%|██        | 1213/5794 [00:18<01:12, 63.39it/s]
 21%|██        | 1220/5794 [00:18<01:10, 64.71it/s]
 21%|██        | 1228/5794 [00:18<01:08, 66.64it/s]
 21%|██▏       | 1236/5794 [00:18<01:06, 68.24it/s]
 21%|██▏       | 1244/5794 [00:18<01:05, 69.16it/s]
 22%|██▏       | 1252/5794 [00:18<01:04, 69.99it/s]
 22%|██▏       | 1260/5794 [00:18<01:04, 70.44it/s]
 22%|██▏       | 1268/5794 [00:18<01:04, 70.62it/s]
 22%|██▏       | 1276/5794 [00:18<01:04, 70.39it/s]
 22%|██▏       | 1284/5794 [00:19<01:03, 70.52it/s]
 22%|██▏       | 1292/5794 [00:19<01:03, 70.90it/s]
 22%|██▏       | 1300/5794 [00:19<01:03, 70.88it/s]
 23%|██▎       | 1308/5794 [00:19<01:03, 71.10it/s]
 23%|██▎       | 1316/5794 [00:19<01:02, 71.17it/s]
 23%|██▎       | 1324/5794 [00:19<01:02, 71.21it/s]
 23%|██▎       | 1332/5794 [00:19<01:02, 71.20it/s]
 23%|██▎       | 1340/5794 [00:19<01:02, 71.28it/s]
 23%|██▎       | 1348/5794 [00:19<01:02, 70.66it/s]
 23%|██▎       | 1356/5794 [00:20<01:04, 68.33it/s]
 24%|██▎       | 1363/5794 [00:20<01:06, 66.85it/s]
 24%|██▎       | 1370/5794 [00:20<01:07, 65.69it/s]
 24%|██▍       | 1377/5794 [00:20<01:07, 64.96it/s]
 24%|██▍       | 1384/5794 [00:20<01:08, 64.51it/s]
 24%|██▍       | 1391/5794 [00:20<01:08, 64.23it/s]
 24%|██▍       | 1398/5794 [00:20<01:08, 63.81it/s]
 24%|██▍       | 1405/5794 [00:20<01:08, 63.70it/s]
 24%|██▍       | 1412/5794 [00:20<01:08, 63.57it/s]
 24%|██▍       | 1419/5794 [00:21<01:09, 63.39it/s]
 25%|██▍       | 1426/5794 [00:21<01:08, 63.39it/s]
 25%|██▍       | 1433/5794 [00:21<01:08, 63.29it/s]
 25%|██▍       | 1440/5794 [00:21<01:08, 63.35it/s]
 25%|██▍       | 1447/5794 [00:21<01:08, 63.43it/s]
 25%|██▌       | 1454/5794 [00:21<01:08, 63.14it/s]
 25%|██▌       | 1461/5794 [00:21<01:08, 63.28it/s]
 25%|██▌       | 1468/5794 [00:21<01:08, 63.20it/s]
 25%|██▌       | 1475/5794 [00:21<01:08, 63.18it/s]
 26%|██▌       | 1482/5794 [00:22<01:08, 63.32it/s]
 26%|██▌       | 1489/5794 [00:22<01:08, 63.17it/s]
 26%|██▌       | 1496/5794 [00:22<01:07, 63.30it/s]
 26%|██▌       | 1503/5794 [00:22<01:07, 63.19it/s]
 26%|██▌       | 1510/5794 [00:22<01:07, 63.32it/s]
 26%|██▌       | 1517/5794 [00:22<01:07, 63.23it/s]
 26%|██▋       | 1524/5794 [00:22<01:07, 63.36it/s]
 26%|██▋       | 1531/5794 [00:22<01:07, 63.44it/s]
 27%|██▋       | 1538/5794 [00:22<01:07, 63.31it/s]
 27%|██▋       | 1545/5794 [00:23<01:07, 63.40it/s]
 27%|██▋       | 1552/5794 [00:23<01:07, 63.31it/s]
 27%|██▋       | 1559/5794 [00:23<01:06, 63.39it/s]
 27%|██▋       | 1566/5794 [00:23<01:06, 63.43it/s]
 27%|██▋       | 1573/5794 [00:23<01:06, 63.32it/s]
 27%|██▋       | 1580/5794 [00:23<01:06, 63.38it/s]
 27%|██▋       | 1587/5794 [00:23<01:06, 63.24it/s]
 28%|██▊       | 1594/5794 [00:23<01:06, 63.38it/s]
 28%|██▊       | 1601/5794 [00:23<01:06, 63.40it/s]
 28%|██▊       | 1608/5794 [00:24<01:06, 63.39it/s]
 28%|██▊       | 1615/5794 [00:24<01:05, 63.34it/s]
 28%|██▊       | 1622/5794 [00:24<01:05, 63.33it/s]
 28%|██▊       | 1629/5794 [00:24<01:05, 63.52it/s]
 28%|██▊       | 1636/5794 [00:24<01:05, 63.47it/s]
 28%|██▊       | 1643/5794 [00:24<01:05, 63.57it/s]
 28%|██▊       | 1650/5794 [00:24<01:05, 63.55it/s]
 29%|██▊       | 1657/5794 [00:24<01:05, 63.42it/s]
 29%|██▊       | 1664/5794 [00:24<01:05, 63.48it/s]
 29%|██▉       | 1671/5794 [00:25<01:05, 63.40it/s]
 29%|██▉       | 1678/5794 [00:25<01:04, 63.72it/s]
 29%|██▉       | 1686/5794 [00:25<01:02, 65.96it/s]
 29%|██▉       | 1694/5794 [00:25<01:00, 67.63it/s]
 29%|██▉       | 1702/5794 [00:25<00:59, 68.85it/s]
 30%|██▉       | 1710/5794 [00:25<00:58, 69.55it/s]
 30%|██▉       | 1718/5794 [00:25<00:58, 70.16it/s]
 30%|██▉       | 1726/5794 [00:25<00:58, 70.09it/s]
 30%|██▉       | 1734/5794 [00:25<00:57, 70.52it/s]
 30%|███       | 1742/5794 [00:26<00:57, 70.62it/s]
 30%|███       | 1750/5794 [00:26<00:57, 70.76it/s]
 30%|███       | 1758/5794 [00:26<00:56, 70.83it/s]
 30%|███       | 1766/5794 [00:26<00:56, 71.09it/s]
 31%|███       | 1774/5794 [00:26<00:56, 71.01it/s]
 31%|███       | 1782/5794 [00:26<00:56, 71.27it/s]
 31%|███       | 1790/5794 [00:26<00:56, 71.19it/s]
 31%|███       | 1798/5794 [00:26<00:56, 71.20it/s]
 31%|███       | 1806/5794 [00:26<00:56, 71.12it/s]
 31%|███▏      | 1814/5794 [00:27<00:55, 71.35it/s]
 31%|███▏      | 1822/5794 [00:27<00:55, 71.17it/s]
 32%|███▏      | 1830/5794 [00:27<00:55, 71.30it/s]
 32%|███▏      | 1838/5794 [00:27<00:55, 71.31it/s]
 32%|███▏      | 1846/5794 [00:27<00:57, 68.59it/s]
 32%|███▏      | 1853/5794 [00:27<00:58, 67.16it/s]
 32%|███▏      | 1860/5794 [00:27<00:59, 65.95it/s]
 32%|███▏      | 1867/5794 [00:27<01:00, 65.22it/s]
 32%|███▏      | 1874/5794 [00:27<01:00, 64.59it/s]
 32%|███▏      | 1881/5794 [00:28<01:00, 64.29it/s]
 33%|███▎      | 1888/5794 [00:28<01:01, 63.96it/s]
 33%|███▎      | 1895/5794 [00:28<01:01, 63.73it/s]
 33%|███▎      | 1902/5794 [00:28<01:01, 63.66it/s]
 33%|███▎      | 1909/5794 [00:28<01:01, 63.53it/s]
 33%|███▎      | 1916/5794 [00:28<01:00, 63.63it/s]
 33%|███▎      | 1923/5794 [00:28<01:00, 63.57it/s]
 33%|███▎      | 1930/5794 [00:28<01:01, 63.22it/s]
 33%|███▎      | 1937/5794 [00:28<00:59, 65.02it/s]
 34%|███▎      | 1945/5794 [00:29<00:57, 66.78it/s]
 34%|███▎      | 1953/5794 [00:29<00:56, 68.06it/s]
 34%|███▍      | 1961/5794 [00:29<00:55, 68.72it/s]
 34%|███▍      | 1969/5794 [00:29<00:55, 69.29it/s]
 34%|███▍      | 1976/5794 [00:29<00:56, 67.55it/s]
 34%|███▍      | 1983/5794 [00:29<00:57, 66.33it/s]
 34%|███▍      | 1990/5794 [00:29<00:58, 65.42it/s]
 34%|███▍      | 1997/5794 [00:29<00:58, 64.77it/s]
 35%|███▍      | 2004/5794 [00:29<00:59, 64.21it/s]
 35%|███▍      | 2011/5794 [00:30<00:59, 63.80it/s]
 35%|███▍      | 2018/5794 [00:30<00:59, 63.68it/s]
 35%|███▍      | 2025/5794 [00:30<00:59, 63.31it/s]
 35%|███▌      | 2032/5794 [00:30<00:58, 64.81it/s]
 35%|███▌      | 2040/5794 [00:30<00:56, 67.01it/s]
 35%|███▌      | 2048/5794 [00:30<00:54, 68.36it/s]
 35%|███▌      | 2056/5794 [00:30<00:53, 69.44it/s]
 36%|███▌      | 2064/5794 [00:30<00:53, 70.07it/s]
 36%|███▌      | 2072/5794 [00:30<00:52, 70.69it/s]
 36%|███▌      | 2080/5794 [00:31<00:52, 70.90it/s]
 36%|███▌      | 2088/5794 [00:31<00:52, 70.09it/s]
 36%|███▌      | 2096/5794 [00:31<00:54, 67.43it/s]
 36%|███▋      | 2103/5794 [00:31<00:55, 66.36it/s]
 36%|███▋      | 2110/5794 [00:31<00:56, 64.85it/s]
 37%|███▋      | 2117/5794 [00:31<00:57, 64.20it/s]
 37%|███▋      | 2124/5794 [00:31<00:57, 63.97it/s]
 37%|███▋      | 2131/5794 [00:31<00:57, 63.80it/s]
 37%|███▋      | 2138/5794 [00:31<00:57, 63.71it/s]
 37%|███▋      | 2145/5794 [00:32<00:57, 63.46it/s]
 37%|███▋      | 2152/5794 [00:32<00:57, 63.37it/s]
 37%|███▋      | 2159/5794 [00:32<00:57, 63.41it/s]
 37%|███▋      | 2166/5794 [00:32<00:57, 63.14it/s]
 38%|███▊      | 2173/5794 [00:32<00:57, 63.25it/s]
 38%|███▊      | 2180/5794 [00:32<00:57, 63.17it/s]
 38%|███▊      | 2187/5794 [00:32<00:56, 63.33it/s]
 38%|███▊      | 2194/5794 [00:32<00:56, 63.23it/s]
 38%|███▊      | 2201/5794 [00:32<00:56, 63.18it/s]
 38%|███▊      | 2208/5794 [00:33<00:56, 63.27it/s]
 38%|███▊      | 2215/5794 [00:33<00:56, 63.12it/s]
 38%|███▊      | 2222/5794 [00:33<00:56, 63.32it/s]
 38%|███▊      | 2229/5794 [00:33<00:56, 63.33it/s]
 39%|███▊      | 2236/5794 [00:33<00:56, 63.23it/s]
 39%|███▊      | 2243/5794 [00:33<00:56, 63.33it/s]
 39%|███▉      | 2250/5794 [00:33<00:55, 63.29it/s]
 39%|███▉      | 2257/5794 [00:33<00:55, 63.40it/s]
 39%|███▉      | 2264/5794 [00:33<00:55, 63.37it/s]
 39%|███▉      | 2271/5794 [00:34<00:55, 63.24it/s]
 39%|███▉      | 2278/5794 [00:34<00:55, 63.19it/s]
 39%|███▉      | 2285/5794 [00:34<00:53, 65.07it/s]
 40%|███▉      | 2293/5794 [00:34<00:52, 67.22it/s]
 40%|███▉      | 2301/5794 [00:34<00:50, 68.52it/s]
 40%|███▉      | 2309/5794 [00:34<00:50, 69.58it/s]
 40%|███▉      | 2317/5794 [00:34<00:49, 70.16it/s]
 40%|████      | 2325/5794 [00:34<00:48, 70.82it/s]
 40%|████      | 2333/5794 [00:34<00:48, 71.09it/s]
 40%|████      | 2341/5794 [00:35<00:48, 71.35it/s]
 41%|████      | 2349/5794 [00:35<00:48, 71.46it/s]
 41%|████      | 2357/5794 [00:35<00:48, 71.30it/s]
 41%|████      | 2365/5794 [00:35<00:49, 69.54it/s]
 41%|████      | 2372/5794 [00:35<00:50, 67.60it/s]
 41%|████      | 2379/5794 [00:35<00:51, 66.41it/s]
 41%|████      | 2386/5794 [00:35<00:52, 65.33it/s]
 41%|████▏     | 2393/5794 [00:35<00:52, 64.73it/s]
 41%|████▏     | 2400/5794 [00:35<00:52, 64.34it/s]
 42%|████▏     | 2407/5794 [00:36<00:52, 64.02it/s]
 42%|████▏     | 2414/5794 [00:36<00:53, 63.63it/s]
 42%|████▏     | 2421/5794 [00:36<00:53, 63.37it/s]
 42%|████▏     | 2428/5794 [00:36<00:53, 63.46it/s]
 42%|████▏     | 2435/5794 [00:36<00:53, 62.92it/s]
 42%|████▏     | 2442/5794 [00:36<00:53, 62.72it/s]
 42%|████▏     | 2449/5794 [00:36<00:53, 61.95it/s]
 42%|████▏     | 2456/5794 [00:36<00:53, 62.52it/s]
 43%|████▎     | 2464/5794 [00:36<00:50, 65.30it/s]
 43%|████▎     | 2472/5794 [00:37<00:49, 67.16it/s]
 43%|████▎     | 2480/5794 [00:37<00:48, 68.57it/s]
 43%|████▎     | 2488/5794 [00:37<00:47, 69.39it/s]
 43%|████▎     | 2495/5794 [00:37<00:47, 69.55it/s]
 43%|████▎     | 2503/5794 [00:37<00:46, 70.13it/s]
 43%|████▎     | 2511/5794 [00:37<00:46, 70.71it/s]
 43%|████▎     | 2519/5794 [00:37<00:46, 71.07it/s]
 44%|████▎     | 2527/5794 [00:37<00:45, 71.29it/s]
 44%|████▍     | 2535/5794 [00:37<00:45, 71.53it/s]
 44%|████▍     | 2543/5794 [00:38<00:45, 71.62it/s]
 44%|████▍     | 2551/5794 [00:38<00:45, 71.72it/s]
 44%|████▍     | 2559/5794 [00:38<00:45, 71.75it/s]
 44%|████▍     | 2567/5794 [00:38<00:44, 71.83it/s]
 44%|████▍     | 2575/5794 [00:38<00:44, 71.78it/s]
 45%|████▍     | 2583/5794 [00:38<00:44, 71.87it/s]
 45%|████▍     | 2591/5794 [00:38<00:44, 71.77it/s]
 45%|████▍     | 2599/5794 [00:38<00:44, 71.23it/s]
 45%|████▍     | 2607/5794 [00:38<00:45, 70.53it/s]
 45%|████▌     | 2615/5794 [00:39<00:45, 70.13it/s]
 45%|████▌     | 2623/5794 [00:39<00:46, 67.77it/s]
 45%|████▌     | 2630/5794 [00:39<00:47, 66.46it/s]
 46%|████▌     | 2637/5794 [00:39<00:48, 65.63it/s]
 46%|████▌     | 2644/5794 [00:39<00:48, 64.77it/s]
 46%|████▌     | 2651/5794 [00:39<00:48, 64.39it/s]
 46%|████▌     | 2658/5794 [00:39<00:49, 63.90it/s]
 46%|████▌     | 2665/5794 [00:39<00:49, 63.77it/s]
 46%|████▌     | 2672/5794 [00:40<00:49, 63.65it/s]
 46%|████▌     | 2679/5794 [00:40<00:49, 63.45it/s]
 46%|████▋     | 2686/5794 [00:40<00:49, 63.29it/s]
 46%|████▋     | 2693/5794 [00:40<00:49, 63.13it/s]
 47%|████▋     | 2700/5794 [00:40<00:48, 63.28it/s]
 47%|████▋     | 2707/5794 [00:40<00:48, 63.07it/s]
 47%|████▋     | 2714/5794 [00:40<00:48, 63.22it/s]
 47%|████▋     | 2721/5794 [00:40<00:48, 63.34it/s]
 47%|████▋     | 2728/5794 [00:40<00:48, 63.27it/s]
 47%|████▋     | 2736/5794 [00:41<00:46, 65.76it/s]
 47%|████▋     | 2744/5794 [00:41<00:45, 67.51it/s]
 47%|████▋     | 2752/5794 [00:41<00:44, 68.86it/s]
 48%|████▊     | 2760/5794 [00:41<00:43, 69.55it/s]
 48%|████▊     | 2768/5794 [00:41<00:43, 70.32it/s]
 48%|████▊     | 2776/5794 [00:41<00:42, 70.58it/s]
 48%|████▊     | 2784/5794 [00:41<00:42, 71.00it/s]
 48%|████▊     | 2792/5794 [00:41<00:42, 70.48it/s]
 48%|████▊     | 2800/5794 [00:41<00:42, 70.93it/s]
 48%|████▊     | 2808/5794 [00:42<00:41, 71.17it/s]
 49%|████▊     | 2816/5794 [00:42<00:41, 71.28it/s]
 49%|████▊     | 2824/5794 [00:42<00:41, 71.43it/s]
 49%|████▉     | 2832/5794 [00:42<00:41, 71.47it/s]
 49%|████▉     | 2840/5794 [00:42<00:41, 71.52it/s]
 49%|████▉     | 2848/5794 [00:42<00:41, 71.56it/s]
 49%|████▉     | 2856/5794 [00:42<00:40, 71.74it/s]
 49%|████▉     | 2864/5794 [00:42<00:40, 71.69it/s]
 50%|████▉     | 2872/5794 [00:42<00:40, 71.82it/s]
 50%|████▉     | 2880/5794 [00:43<00:40, 71.81it/s]
 50%|████▉     | 2888/5794 [00:43<00:40, 71.93it/s]
 50%|████▉     | 2896/5794 [00:43<00:40, 71.81it/s]
 50%|█████     | 2904/5794 [00:43<00:40, 71.85it/s]
 50%|█████     | 2912/5794 [00:43<00:40, 71.74it/s]
 50%|█████     | 2920/5794 [00:43<00:40, 71.80it/s]
 51%|█████     | 2928/5794 [00:43<00:39, 71.71it/s]
 51%|█████     | 2936/5794 [00:43<00:40, 70.73it/s]
 51%|█████     | 2944/5794 [00:43<00:41, 68.34it/s]
 51%|█████     | 2951/5794 [00:44<00:42, 66.85it/s]
 51%|█████     | 2958/5794 [00:44<00:43, 65.82it/s]
 51%|█████     | 2965/5794 [00:44<00:43, 65.00it/s]
 51%|█████▏    | 2972/5794 [00:44<00:43, 64.47it/s]
 51%|█████▏    | 2979/5794 [00:44<00:43, 64.08it/s]
 52%|█████▏    | 2986/5794 [00:44<00:43, 63.95it/s]
 52%|█████▏    | 2993/5794 [00:44<00:43, 63.81it/s]
 52%|█████▏    | 3000/5794 [00:44<00:43, 63.91it/s]
 52%|█████▏    | 3008/5794 [00:44<00:42, 66.32it/s]
 52%|█████▏    | 3016/5794 [00:45<00:40, 67.96it/s]
 52%|█████▏    | 3024/5794 [00:45<00:40, 69.16it/s]
 52%|█████▏    | 3032/5794 [00:45<00:39, 69.81it/s]
 52%|█████▏    | 3040/5794 [00:45<00:39, 70.40it/s]
 53%|█████▎    | 3048/5794 [00:45<00:38, 70.80it/s]
 53%|█████▎    | 3056/5794 [00:45<00:38, 71.14it/s]
 53%|█████▎    | 3064/5794 [00:45<00:38, 71.28it/s]
 53%|█████▎    | 3072/5794 [00:45<00:38, 71.59it/s]
 53%|█████▎    | 3080/5794 [00:45<00:37, 71.60it/s]
 53%|█████▎    | 3088/5794 [00:46<00:37, 71.58it/s]
 53%|█████▎    | 3096/5794 [00:46<00:37, 71.68it/s]
 54%|█████▎    | 3104/5794 [00:46<00:37, 71.70it/s]
 54%|█████▎    | 3112/5794 [00:46<00:37, 71.73it/s]
 54%|█████▍    | 3120/5794 [00:46<00:37, 71.78it/s]
 54%|█████▍    | 3128/5794 [00:46<00:37, 71.84it/s]
 54%|█████▍    | 3136/5794 [00:46<00:37, 71.64it/s]
 54%|█████▍    | 3144/5794 [00:46<00:36, 71.73it/s]
 54%|█████▍    | 3152/5794 [00:46<00:36, 71.66it/s]
 55%|█████▍    | 3160/5794 [00:47<00:36, 71.77it/s]
 55%|█████▍    | 3168/5794 [00:47<00:36, 71.62it/s]
 55%|█████▍    | 3176/5794 [00:47<00:36, 71.82it/s]
 55%|█████▍    | 3184/5794 [00:47<00:36, 71.82it/s]
 55%|█████▌    | 3192/5794 [00:47<00:37, 69.46it/s]
 55%|█████▌    | 3199/5794 [00:47<00:37, 69.01it/s]
 55%|█████▌    | 3207/5794 [00:47<00:37, 69.76it/s]
 55%|█████▌    | 3215/5794 [00:47<00:36, 70.44it/s]
 56%|█████▌    | 3223/5794 [00:47<00:36, 70.72it/s]
 56%|█████▌    | 3231/5794 [00:48<00:36, 71.08it/s]
 56%|█████▌    | 3239/5794 [00:48<00:35, 71.18it/s]
 56%|█████▌    | 3247/5794 [00:48<00:35, 71.40it/s]
 56%|█████▌    | 3255/5794 [00:48<00:35, 71.47it/s]
 56%|█████▋    | 3263/5794 [00:48<00:35, 71.67it/s]
 56%|█████▋    | 3271/5794 [00:48<00:35, 71.70it/s]
 57%|█████▋    | 3279/5794 [00:48<00:35, 71.77it/s]
 57%|█████▋    | 3287/5794 [00:48<00:34, 71.65it/s]
 57%|█████▋    | 3295/5794 [00:48<00:35, 71.37it/s]
 57%|█████▋    | 3303/5794 [00:49<00:34, 71.38it/s]
 57%|█████▋    | 3311/5794 [00:49<00:34, 71.55it/s]
 57%|█████▋    | 3319/5794 [00:49<00:35, 70.52it/s]
 57%|█████▋    | 3327/5794 [00:49<00:36, 68.40it/s]
 58%|█████▊    | 3334/5794 [00:49<00:36, 67.04it/s]
 58%|█████▊    | 3341/5794 [00:49<00:37, 65.91it/s]
 58%|█████▊    | 3348/5794 [00:49<00:37, 65.24it/s]
 58%|█████▊    | 3355/5794 [00:49<00:37, 64.73it/s]
 58%|█████▊    | 3362/5794 [00:49<00:37, 64.41it/s]
 58%|█████▊    | 3369/5794 [00:50<00:37, 64.24it/s]
 58%|█████▊    | 3376/5794 [00:50<00:37, 63.92it/s]
 58%|█████▊    | 3383/5794 [00:50<00:37, 63.66it/s]
 59%|█████▊    | 3390/5794 [00:50<00:37, 63.49it/s]
 59%|█████▊    | 3397/5794 [00:50<00:37, 63.54it/s]
 59%|█████▉    | 3404/5794 [00:50<00:37, 63.44it/s]
 59%|█████▉    | 3411/5794 [00:50<00:37, 63.50it/s]
 59%|█████▉    | 3418/5794 [00:50<00:37, 63.41it/s]
 59%|█████▉    | 3425/5794 [00:50<00:37, 63.31it/s]
 59%|█████▉    | 3432/5794 [00:51<00:37, 63.33it/s]
 59%|█████▉    | 3439/5794 [00:51<00:37, 63.15it/s]
 59%|█████▉    | 3446/5794 [00:51<00:37, 63.23it/s]
 60%|█████▉    | 3453/5794 [00:51<00:37, 63.26it/s]
 60%|█████▉    | 3460/5794 [00:51<00:36, 63.18it/s]
 60%|█████▉    | 3467/5794 [00:51<00:36, 63.26it/s]
 60%|█████▉    | 3474/5794 [00:51<00:36, 63.10it/s]
 60%|██████    | 3481/5794 [00:51<00:36, 63.22it/s]
 60%|██████    | 3488/5794 [00:51<00:36, 63.25it/s]
 60%|██████    | 3495/5794 [00:52<00:36, 63.10it/s]
 60%|██████    | 3502/5794 [00:52<00:36, 63.14it/s]
 61%|██████    | 3509/5794 [00:52<00:36, 63.08it/s]
 61%|██████    | 3516/5794 [00:52<00:36, 63.25it/s]
 61%|██████    | 3523/5794 [00:52<00:35, 63.11it/s]
 61%|██████    | 3530/5794 [00:52<00:35, 63.23it/s]
 61%|██████    | 3537/5794 [00:52<00:35, 63.23it/s]
 61%|██████    | 3544/5794 [00:52<00:35, 63.10it/s]
 61%|██████▏   | 3551/5794 [00:52<00:35, 63.16it/s]
 61%|██████▏   | 3558/5794 [00:53<00:35, 63.01it/s]
 62%|██████▏   | 3565/5794 [00:53<00:35, 63.21it/s]
 62%|██████▏   | 3572/5794 [00:53<00:35, 63.17it/s]
 62%|██████▏   | 3579/5794 [00:53<00:35, 63.09it/s]
 62%|██████▏   | 3586/5794 [00:53<00:34, 63.14it/s]
 62%|██████▏   | 3593/5794 [00:53<00:34, 63.07it/s]
 62%|██████▏   | 3601/5794 [00:53<00:33, 65.33it/s]
 62%|██████▏   | 3608/5794 [00:53<00:33, 65.15it/s]
 62%|██████▏   | 3615/5794 [00:53<00:32, 66.23it/s]
 63%|██████▎   | 3623/5794 [00:54<00:31, 67.92it/s]
 63%|██████▎   | 3631/5794 [00:54<00:31, 69.03it/s]
 63%|██████▎   | 3639/5794 [00:54<00:30, 69.83it/s]
 63%|██████▎   | 3647/5794 [00:54<00:30, 70.29it/s]
 63%|██████▎   | 3655/5794 [00:54<00:30, 70.77it/s]
 63%|██████▎   | 3663/5794 [00:54<00:30, 70.92it/s]
 63%|██████▎   | 3671/5794 [00:54<00:29, 71.25it/s]
 63%|██████▎   | 3679/5794 [00:54<00:29, 71.22it/s]
 64%|██████▎   | 3687/5794 [00:54<00:29, 71.37it/s]
 64%|██████▍   | 3695/5794 [00:55<00:29, 71.41it/s]
 64%|██████▍   | 3703/5794 [00:55<00:30, 68.68it/s]
 64%|██████▍   | 3710/5794 [00:55<00:31, 66.92it/s]
 64%|██████▍   | 3717/5794 [00:55<00:31, 65.92it/s]
 64%|██████▍   | 3724/5794 [00:55<00:31, 65.06it/s]
 64%|██████▍   | 3731/5794 [00:55<00:32, 64.46it/s]
 65%|██████▍   | 3738/5794 [00:55<00:32, 64.12it/s]
 65%|██████▍   | 3745/5794 [00:55<00:32, 63.82it/s]
 65%|██████▍   | 3752/5794 [00:55<00:32, 63.71it/s]
 65%|██████▍   | 3759/5794 [00:56<00:31, 63.61it/s]
 65%|██████▍   | 3766/5794 [00:56<00:31, 63.51it/s]
 65%|██████▌   | 3773/5794 [00:56<00:31, 63.49it/s]
 65%|██████▌   | 3780/5794 [00:56<00:31, 63.37it/s]
 65%|██████▌   | 3787/5794 [00:56<00:31, 63.45it/s]
 65%|██████▌   | 3794/5794 [00:56<00:31, 63.47it/s]
 66%|██████▌   | 3801/5794 [00:56<00:31, 63.42it/s]
 66%|██████▌   | 3808/5794 [00:56<00:31, 63.42it/s]
 66%|██████▌   | 3815/5794 [00:56<00:31, 63.35it/s]
 66%|██████▌   | 3822/5794 [00:57<00:31, 63.44it/s]
 66%|██████▌   | 3830/5794 [00:57<00:29, 65.84it/s]
 66%|██████▌   | 3838/5794 [00:57<00:28, 67.78it/s]
 66%|██████▋   | 3846/5794 [00:57<00:28, 68.92it/s]
 67%|██████▋   | 3854/5794 [00:57<00:27, 69.90it/s]
 67%|██████▋   | 3862/5794 [00:57<00:27, 70.55it/s]
 67%|██████▋   | 3870/5794 [00:57<00:27, 70.88it/s]
 67%|██████▋   | 3878/5794 [00:57<00:26, 71.22it/s]
 67%|██████▋   | 3886/5794 [00:57<00:26, 71.39it/s]
 67%|██████▋   | 3894/5794 [00:58<00:26, 71.47it/s]
 67%|██████▋   | 3902/5794 [00:58<00:26, 70.28it/s]
 67%|██████▋   | 3910/5794 [00:58<00:27, 68.02it/s]
 68%|██████▊   | 3917/5794 [00:58<00:28, 66.55it/s]
 68%|██████▊   | 3924/5794 [00:58<00:28, 65.63it/s]
 68%|██████▊   | 3931/5794 [00:58<00:28, 64.83it/s]
 68%|██████▊   | 3938/5794 [00:58<00:28, 64.48it/s]
 68%|██████▊   | 3945/5794 [00:58<00:28, 63.97it/s]
 68%|██████▊   | 3952/5794 [00:58<00:29, 63.35it/s]
 68%|██████▊   | 3959/5794 [00:59<00:28, 63.36it/s]
 68%|██████▊   | 3966/5794 [00:59<00:29, 62.70it/s]
 69%|██████▊   | 3973/5794 [00:59<00:29, 62.58it/s]
 69%|██████▊   | 3980/5794 [00:59<00:28, 62.83it/s]
 69%|██████▉   | 3987/5794 [00:59<00:28, 62.90it/s]
 69%|██████▉   | 3994/5794 [00:59<00:28, 63.10it/s]
 69%|██████▉   | 4001/5794 [00:59<00:28, 63.04it/s]
 69%|██████▉   | 4008/5794 [00:59<00:28, 63.01it/s]
 69%|██████▉   | 4015/5794 [00:59<00:28, 63.12it/s]
 69%|██████▉   | 4022/5794 [01:00<00:28, 63.22it/s]
 70%|██████▉   | 4029/5794 [01:00<00:27, 63.35it/s]
 70%|██████▉   | 4036/5794 [01:00<00:27, 63.06it/s]
 70%|██████▉   | 4043/5794 [01:00<00:27, 63.21it/s]
 70%|██████▉   | 4050/5794 [01:00<00:27, 63.15it/s]
 70%|███████   | 4057/5794 [01:00<00:27, 63.35it/s]
 70%|███████   | 4064/5794 [01:00<00:27, 63.21it/s]
 70%|███████   | 4071/5794 [01:00<00:27, 63.15it/s]
 70%|███████   | 4078/5794 [01:00<00:27, 63.26it/s]
 71%|███████   | 4085/5794 [01:01<00:27, 63.20it/s]
 71%|███████   | 4092/5794 [01:01<00:26, 63.19it/s]
 71%|███████   | 4099/5794 [01:01<00:26, 63.21it/s]
 71%|███████   | 4106/5794 [01:01<00:26, 63.17it/s]
 71%|███████   | 4113/5794 [01:01<00:26, 63.29it/s]
 71%|███████   | 4120/5794 [01:01<00:26, 63.14it/s]
 71%|███████   | 4127/5794 [01:01<00:26, 62.61it/s]
 71%|███████▏  | 4134/5794 [01:01<00:26, 62.89it/s]
 71%|███████▏  | 4141/5794 [01:01<00:26, 62.93it/s]
 72%|███████▏  | 4148/5794 [01:02<00:26, 63.06it/s]
 72%|███████▏  | 4155/5794 [01:02<00:25, 63.06it/s]
 72%|███████▏  | 4162/5794 [01:02<00:25, 63.20it/s]
 72%|███████▏  | 4170/5794 [01:02<00:24, 65.61it/s]
 72%|███████▏  | 4178/5794 [01:02<00:23, 67.52it/s]
 72%|███████▏  | 4186/5794 [01:02<00:23, 68.64it/s]
 72%|███████▏  | 4194/5794 [01:02<00:22, 69.64it/s]
 73%|███████▎  | 4202/5794 [01:02<00:22, 70.27it/s]
 73%|███████▎  | 4210/5794 [01:02<00:22, 70.62it/s]
 73%|███████▎  | 4218/5794 [01:03<00:22, 70.16it/s]
 73%|███████▎  | 4226/5794 [01:03<00:22, 70.65it/s]
 73%|███████▎  | 4234/5794 [01:03<00:21, 71.02it/s]
 73%|███████▎  | 4242/5794 [01:03<00:21, 71.21it/s]
 73%|███████▎  | 4250/5794 [01:03<00:21, 71.44it/s]
 73%|███████▎  | 4258/5794 [01:03<00:21, 71.61it/s]
 74%|███████▎  | 4266/5794 [01:03<00:21, 71.85it/s]
 74%|███████▍  | 4274/5794 [01:03<00:21, 71.82it/s]
 74%|███████▍  | 4282/5794 [01:03<00:21, 69.73it/s]
 74%|███████▍  | 4289/5794 [01:04<00:22, 67.75it/s]
 74%|███████▍  | 4296/5794 [01:04<00:22, 66.50it/s]
 74%|███████▍  | 4303/5794 [01:04<00:22, 65.49it/s]
 74%|███████▍  | 4310/5794 [01:04<00:22, 64.83it/s]
 75%|███████▍  | 4317/5794 [01:04<00:22, 64.41it/s]
 75%|███████▍  | 4324/5794 [01:04<00:22, 63.94it/s]
 75%|███████▍  | 4331/5794 [01:04<00:22, 63.82it/s]
 75%|███████▍  | 4338/5794 [01:04<00:22, 63.65it/s]
 75%|███████▍  | 4345/5794 [01:04<00:22, 63.55it/s]
 75%|███████▌  | 4352/5794 [01:05<00:22, 63.52it/s]
 75%|███████▌  | 4359/5794 [01:05<00:22, 63.39it/s]
 75%|███████▌  | 4366/5794 [01:05<00:22, 63.20it/s]
 75%|███████▌  | 4373/5794 [01:05<00:22, 63.15it/s]
 76%|███████▌  | 4380/5794 [01:05<00:22, 63.27it/s]
 76%|███████▌  | 4387/5794 [01:05<00:22, 63.34it/s]
 76%|███████▌  | 4394/5794 [01:05<00:22, 63.09it/s]
 76%|███████▌  | 4401/5794 [01:05<00:22, 63.18it/s]
 76%|███████▌  | 4408/5794 [01:05<00:21, 63.14it/s]
 76%|███████▌  | 4415/5794 [01:06<00:21, 63.19it/s]
 76%|███████▋  | 4422/5794 [01:06<00:21, 63.30it/s]
 76%|███████▋  | 4429/5794 [01:06<00:21, 63.28it/s]
 77%|███████▋  | 4436/5794 [01:06<00:21, 63.29it/s]
 77%|███████▋  | 4443/5794 [01:06<00:21, 63.23it/s]
 77%|███████▋  | 4450/5794 [01:06<00:21, 63.29it/s]
 77%|███████▋  | 4457/5794 [01:06<00:21, 63.36it/s]
 77%|███████▋  | 4464/5794 [01:06<00:21, 63.32it/s]
 77%|███████▋  | 4471/5794 [01:06<00:20, 63.25it/s]
 77%|███████▋  | 4478/5794 [01:07<00:20, 62.84it/s]
 77%|███████▋  | 4485/5794 [01:07<00:20, 63.05it/s]
 78%|███████▊  | 4492/5794 [01:07<00:20, 62.96it/s]
 78%|███████▊  | 4499/5794 [01:07<00:20, 63.23it/s]
 78%|███████▊  | 4506/5794 [01:07<00:20, 64.21it/s]
 78%|███████▊  | 4513/5794 [01:07<00:19, 65.49it/s]
 78%|███████▊  | 4520/5794 [01:07<00:19, 64.76it/s]
 78%|███████▊  | 4527/5794 [01:07<00:19, 64.11it/s]
 78%|███████▊  | 4534/5794 [01:07<00:19, 63.99it/s]
 78%|███████▊  | 4541/5794 [01:08<00:19, 63.81it/s]
 78%|███████▊  | 4548/5794 [01:08<00:19, 63.59it/s]
 79%|███████▊  | 4555/5794 [01:08<00:19, 63.36it/s]
 79%|███████▊  | 4562/5794 [01:08<00:19, 63.28it/s]
 79%|███████▉  | 4569/5794 [01:08<00:19, 63.38it/s]
 79%|███████▉  | 4576/5794 [01:08<00:19, 63.37it/s]
 79%|███████▉  | 4583/5794 [01:08<00:19, 63.27it/s]
 79%|███████▉  | 4590/5794 [01:08<00:19, 63.00it/s]
 79%|███████▉  | 4597/5794 [01:08<00:18, 63.05it/s]
 79%|███████▉  | 4604/5794 [01:09<00:18, 63.30it/s]
 80%|███████▉  | 4611/5794 [01:09<00:18, 63.24it/s]
 80%|███████▉  | 4618/5794 [01:09<00:18, 63.42it/s]
 80%|███████▉  | 4625/5794 [01:09<00:18, 63.36it/s]
 80%|███████▉  | 4632/5794 [01:09<00:18, 63.30it/s]
 80%|████████  | 4639/5794 [01:09<00:18, 63.49it/s]
 80%|████████  | 4646/5794 [01:09<00:18, 63.42it/s]
 80%|████████  | 4653/5794 [01:09<00:17, 63.55it/s]
 80%|████████  | 4660/5794 [01:09<00:17, 63.51it/s]
 81%|████████  | 4667/5794 [01:10<00:17, 63.52it/s]
 81%|████████  | 4674/5794 [01:10<00:17, 63.61it/s]
 81%|████████  | 4681/5794 [01:10<00:17, 63.40it/s]
 81%|████████  | 4688/5794 [01:10<00:17, 63.53it/s]
 81%|████████  | 4695/5794 [01:10<00:17, 63.55it/s]
 81%|████████  | 4702/5794 [01:10<00:17, 63.60it/s]
 81%|████████▏ | 4709/5794 [01:10<00:17, 63.68it/s]
 81%|████████▏ | 4716/5794 [01:10<00:16, 63.67it/s]
 82%|████████▏ | 4723/5794 [01:10<00:16, 63.67it/s]
 82%|████████▏ | 4730/5794 [01:11<00:16, 63.55it/s]
 82%|████████▏ | 4737/5794 [01:11<00:16, 63.72it/s]
 82%|████████▏ | 4744/5794 [01:11<00:16, 63.74it/s]
 82%|████████▏ | 4751/5794 [01:11<00:16, 63.66it/s]
 82%|████████▏ | 4758/5794 [01:11<00:16, 63.75it/s]
 82%|████████▏ | 4765/5794 [01:11<00:16, 63.66it/s]
 82%|████████▏ | 4772/5794 [01:11<00:16, 63.85it/s]
 82%|████████▏ | 4779/5794 [01:11<00:15, 63.89it/s]
 83%|████████▎ | 4786/5794 [01:11<00:15, 63.84it/s]
 83%|████████▎ | 4793/5794 [01:12<00:15, 63.90it/s]
 83%|████████▎ | 4800/5794 [01:12<00:15, 63.80it/s]
 83%|████████▎ | 4807/5794 [01:12<00:15, 63.87it/s]
 83%|████████▎ | 4814/5794 [01:12<00:15, 63.83it/s]
 83%|████████▎ | 4821/5794 [01:12<00:15, 63.71it/s]
 83%|████████▎ | 4828/5794 [01:12<00:15, 63.68it/s]
 83%|████████▎ | 4835/5794 [01:12<00:15, 63.67it/s]
 84%|████████▎ | 4842/5794 [01:12<00:14, 63.71it/s]
 84%|████████▎ | 4849/5794 [01:12<00:14, 63.56it/s]
 84%|████████▍ | 4856/5794 [01:13<00:14, 63.69it/s]
 84%|████████▍ | 4863/5794 [01:13<00:14, 63.60it/s]
 84%|████████▍ | 4870/5794 [01:13<00:14, 63.55it/s]
 84%|████████▍ | 4877/5794 [01:13<00:14, 63.62it/s]
 84%|████████▍ | 4884/5794 [01:13<00:14, 63.51it/s]
 84%|████████▍ | 4891/5794 [01:13<00:14, 63.66it/s]
 85%|████████▍ | 4898/5794 [01:13<00:14, 63.51it/s]
 85%|████████▍ | 4905/5794 [01:13<00:14, 63.49it/s]
 85%|████████▍ | 4912/5794 [01:13<00:13, 63.53it/s]
 85%|████████▍ | 4919/5794 [01:14<00:13, 63.40it/s]
 85%|████████▌ | 4926/5794 [01:14<00:13, 63.46it/s]
 85%|████████▌ | 4933/5794 [01:14<00:13, 63.30it/s]
 85%|████████▌ | 4940/5794 [01:14<00:13, 63.31it/s]
 85%|████████▌ | 4947/5794 [01:14<00:13, 63.33it/s]
 86%|████████▌ | 4954/5794 [01:14<00:13, 63.25it/s]
 86%|████████▌ | 4961/5794 [01:14<00:13, 63.37it/s]
 86%|████████▌ | 4968/5794 [01:14<00:13, 63.23it/s]
 86%|████████▌ | 4975/5794 [01:14<00:12, 63.35it/s]
 86%|████████▌ | 4982/5794 [01:15<00:12, 63.33it/s]
 86%|████████▌ | 4989/5794 [01:15<00:12, 64.61it/s]
 86%|████████▌ | 4997/5794 [01:15<00:11, 66.98it/s]
 86%|████████▋ | 5005/5794 [01:15<00:11, 68.44it/s]
 87%|████████▋ | 5013/5794 [01:15<00:11, 69.67it/s]
 87%|████████▋ | 5021/5794 [01:15<00:10, 70.47it/s]
 87%|████████▋ | 5029/5794 [01:15<00:10, 71.13it/s]
 87%|████████▋ | 5037/5794 [01:15<00:10, 71.50it/s]
 87%|████████▋ | 5045/5794 [01:15<00:10, 71.85it/s]
 87%|████████▋ | 5053/5794 [01:16<00:10, 71.98it/s]
 87%|████████▋ | 5061/5794 [01:16<00:10, 72.24it/s]
 87%|████████▋ | 5069/5794 [01:16<00:10, 72.35it/s]
 88%|████████▊ | 5077/5794 [01:16<00:09, 72.27it/s]
 88%|████████▊ | 5085/5794 [01:16<00:09, 72.23it/s]
 88%|████████▊ | 5093/5794 [01:16<00:09, 72.12it/s]
 88%|████████▊ | 5101/5794 [01:16<00:09, 72.15it/s]
 88%|████████▊ | 5109/5794 [01:16<00:09, 72.14it/s]
 88%|████████▊ | 5117/5794 [01:16<00:09, 72.18it/s]
 88%|████████▊ | 5125/5794 [01:17<00:09, 72.00it/s]
 89%|████████▊ | 5133/5794 [01:17<00:09, 72.16it/s]
 89%|████████▊ | 5141/5794 [01:17<00:09, 72.11it/s]
 89%|████████▉ | 5149/5794 [01:17<00:08, 72.22it/s]
 89%|████████▉ | 5157/5794 [01:17<00:08, 72.17it/s]
 89%|████████▉ | 5165/5794 [01:17<00:08, 72.24it/s]
 89%|████████▉ | 5173/5794 [01:17<00:08, 72.13it/s]
 89%|████████▉ | 5181/5794 [01:17<00:08, 72.31it/s]
 90%|████████▉ | 5189/5794 [01:17<00:08, 72.20it/s]
 90%|████████▉ | 5197/5794 [01:18<00:08, 72.31it/s]
 90%|████████▉ | 5205/5794 [01:18<00:08, 72.25it/s]
 90%|████████▉ | 5213/5794 [01:18<00:08, 72.30it/s]
 90%|█████████ | 5221/5794 [01:18<00:07, 72.36it/s]
 90%|█████████ | 5229/5794 [01:18<00:07, 72.30it/s]
 90%|█████████ | 5237/5794 [01:18<00:07, 70.15it/s]
 91%|█████████ | 5245/5794 [01:18<00:08, 67.98it/s]
 91%|█████████ | 5252/5794 [01:18<00:08, 66.73it/s]
 91%|█████████ | 5259/5794 [01:18<00:08, 65.33it/s]
 91%|█████████ | 5266/5794 [01:19<00:08, 64.79it/s]
 91%|█████████ | 5273/5794 [01:19<00:08, 64.39it/s]
 91%|█████████ | 5280/5794 [01:19<00:08, 64.14it/s]
 91%|█████████ | 5287/5794 [01:19<00:07, 64.01it/s]
 91%|█████████▏| 5294/5794 [01:19<00:07, 63.80it/s]
 91%|█████████▏| 5301/5794 [01:19<00:07, 63.78it/s]
 92%|█████████▏| 5308/5794 [01:19<00:07, 63.59it/s]
 92%|█████████▏| 5315/5794 [01:19<00:07, 63.69it/s]
 92%|█████████▏| 5322/5794 [01:19<00:07, 63.69it/s]
 92%|█████████▏| 5329/5794 [01:20<00:07, 63.60it/s]
 92%|█████████▏| 5336/5794 [01:20<00:07, 63.72it/s]
 92%|█████████▏| 5343/5794 [01:20<00:07, 63.55it/s]
 92%|█████████▏| 5350/5794 [01:20<00:06, 63.59it/s]
 92%|█████████▏| 5357/5794 [01:20<00:06, 63.63it/s]
 93%|█████████▎| 5364/5794 [01:20<00:06, 63.62it/s]
 93%|█████████▎| 5371/5794 [01:20<00:06, 63.65it/s]
 93%|█████████▎| 5378/5794 [01:20<00:06, 63.52it/s]
 93%|█████████▎| 5385/5794 [01:20<00:06, 63.63it/s]
 93%|█████████▎| 5392/5794 [01:21<00:06, 63.60it/s]
 93%|█████████▎| 5399/5794 [01:21<00:06, 63.48it/s]
 93%|█████████▎| 5406/5794 [01:21<00:06, 63.56it/s]
 93%|█████████▎| 5413/5794 [01:21<00:06, 63.39it/s]
 94%|█████████▎| 5420/5794 [01:21<00:05, 63.47it/s]
 94%|█████████▎| 5427/5794 [01:21<00:05, 63.42it/s]
 94%|█████████▍| 5434/5794 [01:21<00:05, 63.54it/s]
 94%|█████████▍| 5441/5794 [01:21<00:05, 63.61it/s]
 94%|█████████▍| 5448/5794 [01:21<00:05, 63.52it/s]
 94%|█████████▍| 5455/5794 [01:21<00:05, 63.58it/s]
 94%|█████████▍| 5462/5794 [01:22<00:05, 63.54it/s]
 94%|█████████▍| 5469/5794 [01:22<00:05, 63.67it/s]
 95%|█████████▍| 5476/5794 [01:22<00:04, 63.72it/s]
 95%|█████████▍| 5483/5794 [01:22<00:04, 63.74it/s]
 95%|█████████▍| 5490/5794 [01:22<00:04, 63.72it/s]
 95%|█████████▍| 5497/5794 [01:22<00:04, 63.66it/s]
 95%|█████████▍| 5504/5794 [01:22<00:04, 63.76it/s]
 95%|█████████▌| 5511/5794 [01:22<00:04, 63.70it/s]
 95%|█████████▌| 5518/5794 [01:22<00:04, 63.58it/s]
 95%|█████████▌| 5525/5794 [01:23<00:04, 63.64it/s]
 95%|█████████▌| 5532/5794 [01:23<00:04, 63.63it/s]
 96%|█████████▌| 5539/5794 [01:23<00:04, 63.68it/s]
 96%|█████████▌| 5546/5794 [01:23<00:03, 63.57it/s]
 96%|█████████▌| 5553/5794 [01:23<00:03, 63.62it/s]
 96%|█████████▌| 5560/5794 [01:23<00:03, 63.65it/s]
 96%|█████████▌| 5567/5794 [01:23<00:03, 63.59it/s]
 96%|█████████▌| 5574/5794 [01:23<00:03, 63.62it/s]
 96%|█████████▋| 5581/5794 [01:23<00:03, 63.47it/s]
 96%|█████████▋| 5588/5794 [01:24<00:03, 63.50it/s]
 97%|█████████▋| 5595/5794 [01:24<00:03, 63.73it/s]
 97%|█████████▋| 5602/5794 [01:24<00:03, 63.58it/s]
 97%|█████████▋| 5609/5794 [01:24<00:02, 63.63it/s]
 97%|█████████▋| 5616/5794 [01:24<00:02, 63.54it/s]
 97%|█████████▋| 5623/5794 [01:24<00:02, 63.58it/s]
 97%|█████████▋| 5630/5794 [01:24<00:02, 63.60it/s]
 97%|█████████▋| 5637/5794 [01:24<00:02, 63.54it/s]
 97%|█████████▋| 5644/5794 [01:24<00:02, 63.61it/s]
 98%|█████████▊| 5651/5794 [01:25<00:02, 64.14it/s]
 98%|█████████▊| 5659/5794 [01:25<00:02, 66.51it/s]
 98%|█████████▊| 5667/5794 [01:25<00:01, 67.96it/s]
 98%|█████████▊| 5675/5794 [01:25<00:01, 69.25it/s]
 98%|█████████▊| 5683/5794 [01:25<00:01, 70.04it/s]
 98%|█████████▊| 5691/5794 [01:25<00:01, 70.80it/s]
 98%|█████████▊| 5699/5794 [01:25<00:01, 71.20it/s]
 98%|█████████▊| 5707/5794 [01:25<00:01, 71.58it/s]
 99%|█████████▊| 5715/5794 [01:25<00:01, 71.88it/s]
 99%|█████████▉| 5723/5794 [01:26<00:00, 71.22it/s]
 99%|█████████▉| 5731/5794 [01:26<00:00, 71.58it/s]
 99%|█████████▉| 5739/5794 [01:26<00:00, 71.77it/s]
 99%|█████████▉| 5747/5794 [01:26<00:00, 71.92it/s]
 99%|█████████▉| 5755/5794 [01:26<00:00, 72.09it/s]
 99%|█████████▉| 5763/5794 [01:26<00:00, 72.10it/s]
100%|█████████▉| 5771/5794 [01:26<00:00, 72.08it/s]
100%|█████████▉| 5779/5794 [01:26<00:00, 72.19it/s]
100%|█████████▉| 5787/5794 [01:26<00:00, 72.10it/s]
100%|██████████| 5794/5794 [01:27<00:00, 66.51it/s]
BALANCED ACCS CHECKED FOR TEST
TEST SET RESULTS FOR CHECKPOINT trained_weights/waterbirds/rrr_waterbird_1.0_forest2water2_21050510_trial_000/best_balanced_valacc_0.57_epoch_0.ckpt
test_acc: 0.6791508457024508
balanced_test_acc: 0.5590903910313529
Land_on_Land_test_acc: 0.9964523281596452
Land_on_Water_test_acc: 0.5529933481152993
Water_on_Land_test_acc: 0.018691588785046728
Water_on_Water_test_acc: 0.6682242990654206
test_acc_Waterbird: 0.34345794392523366
test_acc_Landbird: 0.7747228381374723
