[CMD] /home/ryreu/miniconda3/envs/gals_a100/bin/python -u main.py --config configs/waterbirds_95_gals.yaml --name gals_waterbird_complete95_forest2water2_21048936_trial_000 DATA.ROOT=/home/ryreu/guided_cnn/waterbirds DATA.WATERBIRDS_DIR=waterbird_complete95_forest2water2 SEED=0 EXP.BASE.LR=0.0010000000000000002 EXP.CLASSIFIER.LR=9.999999999999991e-05 EXP.WEIGHT_DECAY=9.999999999999997e-06 EXP.AUX_LOSSES_ON_VAL=False EXP.LOSSES.GRADIENT_OUTSIDE.WEIGHT=10.000000000000002 EXP.NUM_EPOCHS=1
SEED: 0
DATA:
  BATCH_SIZE: 96
  NUM_WORKERS: 4
  SIZE: 224
  NORMALIZATION: imagenet
  ATTENTION_DIR: clip_rn50_attention_gradcam
  SEPARATE_CLASSES: false
  REMOVE_BACKGROUND: false
  ROOT: /home/ryreu/guided_cnn/waterbirds
  USE_CLASS_WEIGHTS: false
  USE_GROUP_WEIGHTS: false
  DATASET: waterbirds
  NUM_CLASSES: 2
  CONFOUNDING_FACTOR: 0.95
  WATERBIRDS_DIR: waterbird_complete95_forest2water2
EXP:
  NUM_TRIALS: 1
  LOSSES:
    CLASSIFICATION:
      WEIGHT: 1
    GRADIENT_OUTSIDE:
      COMPUTE: true
      LOG: false
      WEIGHT: 10.000000000000002
      CRITERION: L1
      GT: clip_rn50
      COMBINE_ATT_MODE: average_nonzero
    GRADIENT_INSIDE:
      COMPUTE: false
      LOG: false
      WEIGHT: 1
      CRITERION: L1
      GT: segmentation
      COMBINE_ATT_MODE: average_nonzero
    GRADCAM:
      COMPUTE: false
      LOG: false
      WEIGHT: 1
      CRITERION: L1
      GT: segmentation
      MODE: match
      COMBINE_ATT_MODE: average_nonzero
  APPROACH: generic
  MODEL: resnet50
  PRETRAINED: true
  NUM_EPOCHS: 1
  OPTIMIZER: SGD
  WEIGHT_DECAY: 9.999999999999997e-06
  MOMENTUM: 0.9
  SCHEDULER: NONE
  BASE:
    LR: 0.0010000000000000002
  CLASSIFIER:
    LR: 9.999999999999991e-05
  AUX_LOSSES_ON_VAL: false
LOGGING:
  SAVE_EVERY: 0
  SAVE_BEST: true
  SAVE_LAST: false
  LOG_ATTENTION: false
  LOG_ATTENTION_STEP: 10
  SAVE_STATS_PATH: null
yaml: configs/waterbirds_95_gals.yaml
name: gals_waterbird_complete95_forest2water2_21048936_trial_000
test_checkpoint: null

WATERBIRDS DIR: /home/ryreu/guided_cnn/waterbirds/waterbird_complete95_forest2water2
NUMBER OF SAMPLES WITH LABEL Landbird: 3682
NUMBER OF SAMPLES WITH LABEL Waterbird: 1113
NUMBER OF SAMPLES WITH GROUP Land_on_Land: 3498
NUMBER OF SAMPLES WITH GROUP Land_on_Water: 184
NUMBER OF SAMPLES WITH GROUP Water_on_Land: 56
NUMBER OF SAMPLES WITH GROUP Water_on_Water: 1057
WATERBIRDS DIR: /home/ryreu/guided_cnn/waterbirds/waterbird_complete95_forest2water2
NUMBER OF SAMPLES WITH LABEL Landbird: 933
NUMBER OF SAMPLES WITH LABEL Waterbird: 266
NUMBER OF SAMPLES WITH GROUP Land_on_Land: 467
NUMBER OF SAMPLES WITH GROUP Land_on_Water: 466
NUMBER OF SAMPLES WITH GROUP Water_on_Land: 133
NUMBER OF SAMPLES WITH GROUP Water_on_Water: 133
NUM TRAIN: 4795

NUM VAL:   1199

Number classifier outputs: 1
Using pretrained model: True
USING SGD OPTIMIZER
class weights: None
group weights: None
WANDB DISABLED: skipping wandb.init()
EPOCH: 0

>>> TRAINING 


  0%|          | 0/50 [00:00<?, ?it/s]
  2%|▏         | 1/50 [00:15<12:28, 15.27s/it]
  4%|▍         | 2/50 [00:16<05:32,  6.93s/it]
  6%|▌         | 3/50 [00:17<03:20,  4.26s/it]
  8%|▊         | 4/50 [00:18<02:18,  3.01s/it]
 10%|█         | 5/50 [00:19<01:44,  2.32s/it]
 12%|█▏        | 6/50 [00:20<01:23,  1.90s/it]
 14%|█▍        | 7/50 [00:21<01:10,  1.64s/it]
 16%|█▌        | 8/50 [00:22<01:01,  1.46s/it]
 18%|█▊        | 9/50 [00:23<00:55,  1.35s/it]
 20%|██        | 10/50 [00:25<00:50,  1.26s/it]
 22%|██▏       | 11/50 [00:26<00:47,  1.21s/it]
 24%|██▍       | 12/50 [00:27<00:44,  1.17s/it]
 26%|██▌       | 13/50 [00:28<00:42,  1.15s/it]
 28%|██▊       | 14/50 [00:29<00:40,  1.13s/it]
 30%|███       | 15/50 [00:30<00:39,  1.12s/it]
 32%|███▏      | 16/50 [00:31<00:37,  1.11s/it]
 34%|███▍      | 17/50 [00:32<00:36,  1.10s/it]
 36%|███▌      | 18/50 [00:33<00:35,  1.10s/it]
 38%|███▊      | 19/50 [00:34<00:33,  1.09s/it]
 40%|████      | 20/50 [00:35<00:32,  1.09s/it]
 42%|████▏     | 21/50 [00:37<00:31,  1.09s/it]
 44%|████▍     | 22/50 [00:38<00:30,  1.09s/it]
 46%|████▌     | 23/50 [00:39<00:29,  1.09s/it]
 48%|████▊     | 24/50 [00:40<00:28,  1.09s/it]
 50%|█████     | 25/50 [00:41<00:27,  1.09s/it]
 52%|█████▏    | 26/50 [00:42<00:26,  1.09s/it]
 54%|█████▍    | 27/50 [00:43<00:24,  1.09s/it]
 56%|█████▌    | 28/50 [00:44<00:23,  1.09s/it]
 58%|█████▊    | 29/50 [00:45<00:22,  1.09s/it]
 60%|██████    | 30/50 [00:46<00:21,  1.09s/it]
 62%|██████▏   | 31/50 [00:47<00:20,  1.09s/it]
 64%|██████▍   | 32/50 [00:48<00:19,  1.08s/it]
 66%|██████▌   | 33/50 [00:50<00:18,  1.09s/it]
 68%|██████▊   | 34/50 [00:54<00:32,  2.03s/it]
 70%|███████   | 35/50 [00:55<00:26,  1.75s/it]
 72%|███████▏  | 36/50 [00:56<00:21,  1.55s/it]
 74%|███████▍  | 37/50 [00:57<00:18,  1.41s/it]
 76%|███████▌  | 38/50 [00:58<00:15,  1.31s/it]
 78%|███████▊  | 39/50 [00:59<00:13,  1.25s/it]
 80%|████████  | 40/50 [01:00<00:11,  1.20s/it]
 82%|████████▏ | 41/50 [01:01<00:10,  1.16s/it]
 84%|████████▍ | 42/50 [01:02<00:09,  1.14s/it]
 86%|████████▌ | 43/50 [01:04<00:07,  1.13s/it]
 88%|████████▊ | 44/50 [01:05<00:06,  1.11s/it]
 90%|█████████ | 45/50 [01:06<00:05,  1.10s/it]
 92%|█████████▏| 46/50 [01:07<00:04,  1.10s/it]
 94%|█████████▍| 47/50 [01:08<00:03,  1.09s/it]
 96%|█████████▌| 48/50 [01:09<00:02,  1.09s/it]
 98%|█████████▊| 49/50 [01:10<00:01,  1.09s/it]
100%|██████████| 50/50 [01:11<00:00,  1.08s/it]
100%|██████████| 50/50 [01:11<00:00,  1.43s/it]
>>> VALIDATING 


  0%|          | 0/13 [00:00<?, ?it/s]
  8%|▊         | 1/13 [00:12<02:25, 12.15s/it]
 23%|██▎       | 3/13 [00:12<00:32,  3.21s/it]
 38%|███▊      | 5/13 [00:14<00:17,  2.13s/it]
 54%|█████▍    | 7/13 [00:14<00:07,  1.26s/it]
 69%|██████▉   | 9/13 [00:16<00:04,  1.15s/it]
 85%|████████▍ | 11/13 [00:16<00:01,  1.29it/s]
100%|██████████| 13/13 [00:17<00:00,  1.48it/s]
100%|██████████| 13/13 [00:17<00:00,  1.37s/it]
>>> LOGGING 

BALANCED ACCS CHECKED FOR TRAIN
BALANCED ACCS CHECKED FOR VAL
train_acc: 0.7067778936392075
val_acc: 0.713094245204337
train_cls_loss: 0.4954315274549848
val_cls_loss: 0.5280270112415867
train_total_loss: 0.49546385986712976
val_total_loss: 0.5280270112415867
balanced_train_acc: 0.5683488260071946
balanced_val_acc: 0.5455459388019889
Land_on_Land_train_acc: 0.8319039451114922
Land_on_Land_val_acc: 0.9978586723768736
Land_on_Water_train_acc: 0.7282608695652174
Land_on_Water_val_acc: 0.6952789699570815
Water_on_Land_train_acc: 0.14285714285714285
Water_on_Land_val_acc: 0.007518796992481203
Water_on_Water_train_acc: 0.31882686849574265
Water_on_Water_val_acc: 0.48120300751879697
train_dydx_outside_clip_rn50_loss: 3.233189005969793e-05
train_acc_Landbird: 0.8267246061922868
train_acc_Waterbird: 0.30997304582210244
val_acc_Landbird: 0.8467309753483387
val_acc_Waterbird: 0.24436090225563908
TRAIN ACC:        0.7067778936392075
VAL ACC:          0.713094245204337
BALANCED VAL ACC: 0.5455459388019889
prev best list: []
Saving to trained_weights/waterbirds/gals_waterbird_complete95_forest2water2_21048936_trial_000/best_balanced_valacc_0.55_epoch_0.ckpt
>>> EVALUATING ON TEST SET
WATERBIRDS DIR: /home/ryreu/guided_cnn/waterbirds/waterbird_complete95_forest2water2
NUMBER OF SAMPLES WITH LABEL Landbird: 4510
NUMBER OF SAMPLES WITH LABEL Waterbird: 1284
NUMBER OF SAMPLES WITH GROUP Land_on_Land: 2255
NUMBER OF SAMPLES WITH GROUP Land_on_Water: 2255
NUMBER OF SAMPLES WITH GROUP Water_on_Land: 642
NUMBER OF SAMPLES WITH GROUP Water_on_Water: 642
NUM TEST:   5794

Loaded checkpoint trained_weights/waterbirds/gals_waterbird_complete95_forest2water2_21048936_trial_000/best_balanced_valacc_0.55_epoch_0.ckpt

  0%|          | 0/5794 [00:00<?, ?it/s]
  0%|          | 1/5794 [00:00<20:59,  4.60it/s]
  0%|          | 8/5794 [00:00<03:18, 29.20it/s]
  0%|          | 16/5794 [00:00<02:07, 45.49it/s]
  0%|          | 24/5794 [00:00<01:45, 54.52it/s]
  1%|          | 32/5794 [00:00<01:35, 60.41it/s]
  1%|          | 39/5794 [00:00<01:32, 62.44it/s]
  1%|          | 47/5794 [00:00<01:26, 66.19it/s]
  1%|          | 55/5794 [00:00<01:24, 68.21it/s]
  1%|          | 62/5794 [00:01<01:24, 68.11it/s]
  1%|          | 70/5794 [00:01<01:21, 70.55it/s]
  1%|▏         | 78/5794 [00:01<01:23, 68.51it/s]
  1%|▏         | 86/5794 [00:01<01:21, 70.18it/s]
  2%|▏         | 94/5794 [00:01<01:20, 70.54it/s]
  2%|▏         | 102/5794 [00:01<01:20, 70.80it/s]
  2%|▏         | 110/5794 [00:01<01:20, 70.75it/s]
  2%|▏         | 118/5794 [00:01<01:19, 71.22it/s]
  2%|▏         | 126/5794 [00:01<01:20, 70.44it/s]
  2%|▏         | 134/5794 [00:02<01:19, 71.35it/s]
  2%|▏         | 142/5794 [00:02<01:19, 71.05it/s]
  3%|▎         | 150/5794 [00:02<01:19, 70.96it/s]
  3%|▎         | 158/5794 [00:02<01:19, 70.54it/s]
  3%|▎         | 166/5794 [00:02<01:20, 70.28it/s]
  3%|▎         | 174/5794 [00:02<01:20, 70.09it/s]
  3%|▎         | 182/5794 [00:02<01:19, 70.98it/s]
  3%|▎         | 190/5794 [00:02<01:19, 70.51it/s]
  3%|▎         | 198/5794 [00:03<01:19, 70.70it/s]
  4%|▎         | 206/5794 [00:03<01:32, 60.47it/s]
  4%|▎         | 214/5794 [00:03<01:27, 63.56it/s]
  4%|▍         | 221/5794 [00:03<01:25, 65.18it/s]
  4%|▍         | 229/5794 [00:03<01:23, 66.85it/s]
  4%|▍         | 237/5794 [00:03<01:21, 68.27it/s]
  4%|▍         | 245/5794 [00:03<01:20, 68.98it/s]
  4%|▍         | 252/5794 [00:03<01:20, 68.94it/s]
  4%|▍         | 260/5794 [00:03<01:19, 69.66it/s]
  5%|▍         | 268/5794 [00:04<01:19, 69.86it/s]
  5%|▍         | 276/5794 [00:04<01:18, 70.07it/s]
  5%|▍         | 284/5794 [00:04<01:21, 67.92it/s]
  5%|▌         | 292/5794 [00:04<01:19, 68.80it/s]
  5%|▌         | 299/5794 [00:04<01:21, 67.81it/s]
  5%|▌         | 307/5794 [00:04<01:19, 69.31it/s]
  5%|▌         | 315/5794 [00:04<01:18, 70.07it/s]
  6%|▌         | 323/5794 [00:04<01:18, 69.57it/s]
  6%|▌         | 331/5794 [00:04<01:17, 70.81it/s]
  6%|▌         | 339/5794 [00:05<01:17, 70.68it/s]
  6%|▌         | 347/5794 [00:05<01:17, 70.73it/s]
  6%|▌         | 355/5794 [00:05<01:17, 70.36it/s]
  6%|▋         | 363/5794 [00:05<01:16, 71.29it/s]
  6%|▋         | 371/5794 [00:05<01:16, 71.02it/s]
  7%|▋         | 379/5794 [00:05<01:16, 71.16it/s]
  7%|▋         | 387/5794 [00:05<01:15, 71.19it/s]
  7%|▋         | 395/5794 [00:05<01:15, 71.28it/s]
  7%|▋         | 403/5794 [00:05<01:15, 71.29it/s]
  7%|▋         | 411/5794 [00:06<01:15, 71.39it/s]
  7%|▋         | 419/5794 [00:06<01:15, 71.37it/s]
  7%|▋         | 427/5794 [00:06<01:15, 71.34it/s]
  8%|▊         | 435/5794 [00:06<01:15, 70.67it/s]
  8%|▊         | 443/5794 [00:06<01:14, 71.42it/s]
  8%|▊         | 451/5794 [00:06<01:15, 71.05it/s]
  8%|▊         | 459/5794 [00:06<01:15, 71.10it/s]
  8%|▊         | 467/5794 [00:06<01:15, 70.73it/s]
  8%|▊         | 475/5794 [00:06<01:14, 71.05it/s]
  8%|▊         | 483/5794 [00:07<01:14, 71.68it/s]
  8%|▊         | 491/5794 [00:07<01:14, 71.33it/s]
  9%|▊         | 499/5794 [00:07<01:13, 71.64it/s]
  9%|▉         | 507/5794 [00:07<01:14, 71.43it/s]
  9%|▉         | 515/5794 [00:07<01:13, 71.74it/s]
  9%|▉         | 523/5794 [00:07<01:14, 70.86it/s]
  9%|▉         | 531/5794 [00:07<01:13, 71.79it/s]
  9%|▉         | 539/5794 [00:07<01:14, 71.00it/s]
  9%|▉         | 547/5794 [00:07<01:13, 71.31it/s]
 10%|▉         | 555/5794 [00:08<01:13, 71.55it/s]
 10%|▉         | 563/5794 [00:08<01:13, 71.02it/s]
 10%|▉         | 571/5794 [00:08<01:13, 71.46it/s]
 10%|▉         | 579/5794 [00:08<01:12, 71.56it/s]
 10%|█         | 587/5794 [00:08<01:13, 70.77it/s]
 10%|█         | 595/5794 [00:08<01:13, 71.09it/s]
 10%|█         | 603/5794 [00:08<01:12, 71.42it/s]
 11%|█         | 611/5794 [00:08<01:12, 71.66it/s]
 11%|█         | 619/5794 [00:09<01:12, 71.79it/s]
 11%|█         | 627/5794 [00:09<01:12, 71.36it/s]
 11%|█         | 635/5794 [00:09<01:12, 71.56it/s]
 11%|█         | 643/5794 [00:09<01:12, 71.29it/s]
 11%|█         | 651/5794 [00:09<01:12, 70.95it/s]
 11%|█▏        | 659/5794 [00:09<01:12, 70.44it/s]
 12%|█▏        | 667/5794 [00:09<01:11, 71.44it/s]
 12%|█▏        | 675/5794 [00:09<01:11, 71.20it/s]
 12%|█▏        | 683/5794 [00:09<01:12, 70.90it/s]
 12%|█▏        | 691/5794 [00:10<01:12, 70.86it/s]
 12%|█▏        | 699/5794 [00:10<01:11, 71.20it/s]
 12%|█▏        | 707/5794 [00:10<01:10, 71.79it/s]
 12%|█▏        | 715/5794 [00:10<01:11, 71.04it/s]
 12%|█▏        | 723/5794 [00:10<01:11, 70.92it/s]
 13%|█▎        | 731/5794 [00:10<01:11, 70.83it/s]
 13%|█▎        | 739/5794 [00:10<01:10, 71.26it/s]
 13%|█▎        | 747/5794 [00:10<01:11, 71.08it/s]
 13%|█▎        | 755/5794 [00:10<01:11, 70.26it/s]
 13%|█▎        | 763/5794 [00:11<01:10, 71.59it/s]
 13%|█▎        | 771/5794 [00:11<01:10, 71.58it/s]
 13%|█▎        | 779/5794 [00:11<01:09, 71.90it/s]
 14%|█▎        | 787/5794 [00:11<01:09, 71.77it/s]
 14%|█▎        | 795/5794 [00:11<01:09, 71.63it/s]
 14%|█▍        | 803/5794 [00:11<01:10, 70.61it/s]
 14%|█▍        | 811/5794 [00:11<01:09, 72.08it/s]
 14%|█▍        | 819/5794 [00:11<01:09, 71.80it/s]
 14%|█▍        | 827/5794 [00:11<01:09, 71.70it/s]
 14%|█▍        | 835/5794 [00:12<01:09, 71.76it/s]
 15%|█▍        | 843/5794 [00:12<01:10, 70.61it/s]
 15%|█▍        | 851/5794 [00:12<01:09, 70.93it/s]
 15%|█▍        | 859/5794 [00:12<01:10, 69.90it/s]
 15%|█▍        | 867/5794 [00:12<01:10, 70.20it/s]
 15%|█▌        | 875/5794 [00:12<01:09, 70.32it/s]
 15%|█▌        | 883/5794 [00:12<01:09, 70.68it/s]
 15%|█▌        | 891/5794 [00:12<01:09, 70.26it/s]
 16%|█▌        | 899/5794 [00:12<01:08, 71.08it/s]
 16%|█▌        | 907/5794 [00:13<01:08, 71.17it/s]
 16%|█▌        | 915/5794 [00:13<01:08, 70.77it/s]
 16%|█▌        | 923/5794 [00:13<01:08, 71.02it/s]
 16%|█▌        | 931/5794 [00:13<01:08, 71.20it/s]
 16%|█▌        | 939/5794 [00:13<01:08, 71.37it/s]
 16%|█▋        | 947/5794 [00:13<01:08, 70.77it/s]
 16%|█▋        | 955/5794 [00:13<01:08, 71.13it/s]
 17%|█▋        | 963/5794 [00:13<01:07, 71.20it/s]
 17%|█▋        | 971/5794 [00:13<01:07, 70.97it/s]
 17%|█▋        | 979/5794 [00:14<01:07, 71.11it/s]
 17%|█▋        | 987/5794 [00:14<01:07, 70.97it/s]
 17%|█▋        | 995/5794 [00:14<01:07, 70.98it/s]
 17%|█▋        | 1003/5794 [00:14<01:07, 71.49it/s]
 17%|█▋        | 1011/5794 [00:14<01:06, 71.57it/s]
 18%|█▊        | 1019/5794 [00:14<01:06, 71.41it/s]
 18%|█▊        | 1027/5794 [00:14<01:06, 71.37it/s]
 18%|█▊        | 1035/5794 [00:14<01:06, 71.14it/s]
 18%|█▊        | 1043/5794 [00:14<01:06, 71.29it/s]
 18%|█▊        | 1051/5794 [00:15<01:06, 71.27it/s]
 18%|█▊        | 1059/5794 [00:15<01:06, 71.18it/s]
 18%|█▊        | 1067/5794 [00:15<01:06, 70.82it/s]
 19%|█▊        | 1075/5794 [00:15<01:07, 70.04it/s]
 19%|█▊        | 1083/5794 [00:15<01:06, 71.24it/s]
 19%|█▉        | 1091/5794 [00:15<01:06, 70.84it/s]
 19%|█▉        | 1099/5794 [00:15<01:06, 70.84it/s]
 19%|█▉        | 1107/5794 [00:15<01:05, 71.22it/s]
 19%|█▉        | 1115/5794 [00:16<01:09, 67.36it/s]
 19%|█▉        | 1123/5794 [00:16<01:06, 70.20it/s]
 20%|█▉        | 1131/5794 [00:16<01:06, 70.35it/s]
 20%|█▉        | 1139/5794 [00:16<01:05, 71.04it/s]
 20%|█▉        | 1147/5794 [00:16<01:05, 70.71it/s]
 20%|█▉        | 1155/5794 [00:16<01:06, 70.22it/s]
 20%|██        | 1163/5794 [00:16<01:05, 70.72it/s]
 20%|██        | 1171/5794 [00:16<01:05, 70.55it/s]
 20%|██        | 1179/5794 [00:16<01:04, 71.23it/s]
 20%|██        | 1187/5794 [00:17<01:04, 71.26it/s]
 21%|██        | 1195/5794 [00:17<01:04, 71.57it/s]
 21%|██        | 1203/5794 [00:17<01:04, 71.47it/s]
 21%|██        | 1211/5794 [00:17<01:04, 71.51it/s]
 21%|██        | 1219/5794 [00:17<01:04, 71.33it/s]
 21%|██        | 1227/5794 [00:17<01:04, 70.99it/s]
 21%|██▏       | 1235/5794 [00:17<01:04, 70.71it/s]
 21%|██▏       | 1243/5794 [00:17<01:04, 70.05it/s]
 22%|██▏       | 1251/5794 [00:17<01:04, 70.89it/s]
 22%|██▏       | 1259/5794 [00:18<01:03, 71.07it/s]
 22%|██▏       | 1267/5794 [00:18<01:04, 70.68it/s]
 22%|██▏       | 1275/5794 [00:18<01:03, 71.41it/s]
 22%|██▏       | 1283/5794 [00:18<01:03, 71.27it/s]
 22%|██▏       | 1291/5794 [00:18<01:02, 71.69it/s]
 22%|██▏       | 1299/5794 [00:18<01:02, 71.40it/s]
 23%|██▎       | 1307/5794 [00:18<01:02, 71.48it/s]
 23%|██▎       | 1315/5794 [00:18<01:02, 71.51it/s]
 23%|██▎       | 1323/5794 [00:18<01:02, 71.13it/s]
 23%|██▎       | 1331/5794 [00:19<01:02, 71.75it/s]
 23%|██▎       | 1339/5794 [00:19<01:02, 70.88it/s]
 23%|██▎       | 1347/5794 [00:19<01:02, 71.52it/s]
 23%|██▎       | 1355/5794 [00:19<01:02, 71.53it/s]
 24%|██▎       | 1363/5794 [00:19<01:01, 71.79it/s]
 24%|██▎       | 1371/5794 [00:19<01:02, 71.01it/s]
 24%|██▍       | 1379/5794 [00:19<01:01, 71.84it/s]
 24%|██▍       | 1387/5794 [00:19<01:01, 71.67it/s]
 24%|██▍       | 1395/5794 [00:19<01:01, 71.73it/s]
 24%|██▍       | 1403/5794 [00:20<01:02, 70.80it/s]
 24%|██▍       | 1411/5794 [00:20<01:01, 71.21it/s]
 24%|██▍       | 1419/5794 [00:20<01:01, 71.27it/s]
 25%|██▍       | 1427/5794 [00:20<01:01, 71.39it/s]
 25%|██▍       | 1435/5794 [00:20<01:01, 71.42it/s]
 25%|██▍       | 1443/5794 [00:20<01:00, 71.54it/s]
 25%|██▌       | 1451/5794 [00:20<01:00, 71.61it/s]
 25%|██▌       | 1459/5794 [00:20<01:00, 71.43it/s]
 25%|██▌       | 1467/5794 [00:20<01:00, 71.41it/s]
 25%|██▌       | 1475/5794 [00:21<01:00, 71.41it/s]
 26%|██▌       | 1483/5794 [00:21<01:00, 71.64it/s]
 26%|██▌       | 1491/5794 [00:21<01:00, 71.64it/s]
 26%|██▌       | 1499/5794 [00:21<01:00, 71.57it/s]
 26%|██▌       | 1507/5794 [00:21<00:59, 71.57it/s]
 26%|██▌       | 1515/5794 [00:21<01:00, 71.16it/s]
 26%|██▋       | 1523/5794 [00:21<00:59, 71.64it/s]
 26%|██▋       | 1531/5794 [00:21<00:59, 71.76it/s]
 27%|██▋       | 1539/5794 [00:21<00:59, 71.85it/s]
 27%|██▋       | 1547/5794 [00:22<00:59, 71.93it/s]
 27%|██▋       | 1555/5794 [00:22<00:59, 71.39it/s]
 27%|██▋       | 1563/5794 [00:22<00:59, 71.36it/s]
 27%|██▋       | 1571/5794 [00:22<00:58, 71.79it/s]
 27%|██▋       | 1579/5794 [00:22<00:58, 71.75it/s]
 27%|██▋       | 1587/5794 [00:22<00:58, 71.63it/s]
 28%|██▊       | 1595/5794 [00:22<00:58, 71.62it/s]
 28%|██▊       | 1603/5794 [00:22<00:59, 70.73it/s]
 28%|██▊       | 1611/5794 [00:22<00:58, 71.31it/s]
 28%|██▊       | 1619/5794 [00:23<00:58, 71.75it/s]
 28%|██▊       | 1627/5794 [00:23<00:58, 71.68it/s]
 28%|██▊       | 1635/5794 [00:23<00:58, 71.29it/s]
 28%|██▊       | 1643/5794 [00:23<00:58, 71.34it/s]
 28%|██▊       | 1651/5794 [00:23<00:58, 70.89it/s]
 29%|██▊       | 1659/5794 [00:23<00:57, 71.95it/s]
 29%|██▉       | 1667/5794 [00:23<00:56, 72.47it/s]
 29%|██▉       | 1675/5794 [00:23<00:57, 72.11it/s]
 29%|██▉       | 1683/5794 [00:23<00:57, 72.05it/s]
 29%|██▉       | 1691/5794 [00:24<00:57, 71.96it/s]
 29%|██▉       | 1699/5794 [00:24<00:57, 71.32it/s]
 29%|██▉       | 1707/5794 [00:24<00:57, 71.24it/s]
 30%|██▉       | 1715/5794 [00:24<00:56, 71.78it/s]
 30%|██▉       | 1723/5794 [00:24<00:57, 70.86it/s]
 30%|██▉       | 1731/5794 [00:24<00:56, 71.32it/s]
 30%|███       | 1739/5794 [00:24<00:57, 70.97it/s]
 30%|███       | 1747/5794 [00:24<00:56, 71.59it/s]
 30%|███       | 1755/5794 [00:24<00:56, 71.56it/s]
 30%|███       | 1763/5794 [00:25<00:56, 71.71it/s]
 31%|███       | 1771/5794 [00:25<00:56, 71.27it/s]
 31%|███       | 1779/5794 [00:25<00:55, 71.84it/s]
 31%|███       | 1787/5794 [00:25<00:56, 71.26it/s]
 31%|███       | 1795/5794 [00:25<00:55, 71.82it/s]
 31%|███       | 1803/5794 [00:25<00:55, 71.55it/s]
 31%|███▏      | 1811/5794 [00:25<00:55, 71.62it/s]
 31%|███▏      | 1819/5794 [00:25<00:55, 71.63it/s]
 32%|███▏      | 1827/5794 [00:26<01:01, 64.72it/s]
 32%|███▏      | 1835/5794 [00:26<00:58, 67.29it/s]
 32%|███▏      | 1843/5794 [00:26<00:57, 68.50it/s]
 32%|███▏      | 1851/5794 [00:26<00:56, 69.59it/s]
 32%|███▏      | 1859/5794 [00:26<00:56, 69.81it/s]
 32%|███▏      | 1867/5794 [00:26<00:55, 70.13it/s]
 32%|███▏      | 1875/5794 [00:26<00:55, 70.50it/s]
 32%|███▏      | 1883/5794 [00:26<00:55, 70.90it/s]
 33%|███▎      | 1891/5794 [00:26<00:54, 71.07it/s]
 33%|███▎      | 1899/5794 [00:27<00:54, 71.07it/s]
 33%|███▎      | 1907/5794 [00:27<00:54, 71.65it/s]
 33%|███▎      | 1915/5794 [00:27<00:54, 71.75it/s]
 33%|███▎      | 1923/5794 [00:27<00:54, 71.62it/s]
 33%|███▎      | 1931/5794 [00:27<00:53, 71.73it/s]
 33%|███▎      | 1939/5794 [00:27<00:54, 70.95it/s]
 34%|███▎      | 1947/5794 [00:27<00:53, 71.79it/s]
 34%|███▎      | 1955/5794 [00:27<00:53, 71.51it/s]
 34%|███▍      | 1963/5794 [00:27<00:54, 70.86it/s]
 34%|███▍      | 1971/5794 [00:28<00:53, 71.33it/s]
 34%|███▍      | 1979/5794 [00:28<00:53, 71.38it/s]
 34%|███▍      | 1987/5794 [00:28<00:53, 71.14it/s]
 34%|███▍      | 1995/5794 [00:28<00:53, 71.38it/s]
 35%|███▍      | 2003/5794 [00:28<00:52, 71.93it/s]
 35%|███▍      | 2011/5794 [00:28<00:52, 71.50it/s]
 35%|███▍      | 2019/5794 [00:28<00:52, 71.73it/s]
 35%|███▍      | 2027/5794 [00:28<00:52, 71.96it/s]
 35%|███▌      | 2035/5794 [00:28<00:52, 72.01it/s]
 35%|███▌      | 2043/5794 [00:29<00:52, 71.82it/s]
 35%|███▌      | 2051/5794 [00:29<00:52, 71.53it/s]
 36%|███▌      | 2059/5794 [00:29<00:52, 71.79it/s]
 36%|███▌      | 2067/5794 [00:29<00:51, 71.81it/s]
 36%|███▌      | 2075/5794 [00:29<00:51, 71.66it/s]
 36%|███▌      | 2083/5794 [00:29<00:51, 71.76it/s]
 36%|███▌      | 2091/5794 [00:29<00:52, 70.58it/s]
 36%|███▌      | 2099/5794 [00:29<00:51, 72.09it/s]
 36%|███▋      | 2107/5794 [00:29<00:51, 71.78it/s]
 37%|███▋      | 2115/5794 [00:30<00:51, 71.66it/s]
 37%|███▋      | 2123/5794 [00:30<00:51, 71.56it/s]
 37%|███▋      | 2131/5794 [00:30<00:51, 71.75it/s]
 37%|███▋      | 2139/5794 [00:30<00:51, 71.47it/s]
 37%|███▋      | 2147/5794 [00:30<00:50, 71.56it/s]
 37%|███▋      | 2155/5794 [00:30<00:51, 71.12it/s]
 37%|███▋      | 2163/5794 [00:30<00:50, 71.52it/s]
 37%|███▋      | 2171/5794 [00:30<00:51, 70.72it/s]
 38%|███▊      | 2179/5794 [00:30<00:50, 71.69it/s]
 38%|███▊      | 2187/5794 [00:31<00:50, 71.76it/s]
 38%|███▊      | 2195/5794 [00:31<00:50, 71.39it/s]
 38%|███▊      | 2203/5794 [00:31<00:50, 71.55it/s]
 38%|███▊      | 2211/5794 [00:31<00:50, 71.22it/s]
 38%|███▊      | 2219/5794 [00:31<00:50, 71.20it/s]
 38%|███▊      | 2227/5794 [00:31<00:50, 70.90it/s]
 39%|███▊      | 2235/5794 [00:31<00:49, 71.50it/s]
 39%|███▊      | 2243/5794 [00:31<00:49, 71.15it/s]
 39%|███▉      | 2251/5794 [00:31<00:49, 71.56it/s]
 39%|███▉      | 2259/5794 [00:32<00:49, 71.61it/s]
 39%|███▉      | 2267/5794 [00:32<00:49, 71.26it/s]
 39%|███▉      | 2275/5794 [00:32<00:49, 71.38it/s]
 39%|███▉      | 2283/5794 [00:32<00:49, 71.50it/s]
 40%|███▉      | 2291/5794 [00:32<00:48, 71.63it/s]
 40%|███▉      | 2299/5794 [00:32<00:48, 71.67it/s]
 40%|███▉      | 2307/5794 [00:32<00:48, 71.54it/s]
 40%|███▉      | 2315/5794 [00:32<00:48, 71.39it/s]
 40%|████      | 2323/5794 [00:32<00:48, 71.30it/s]
 40%|████      | 2331/5794 [00:33<00:48, 71.47it/s]
 40%|████      | 2339/5794 [00:33<00:48, 71.13it/s]
 41%|████      | 2347/5794 [00:33<00:48, 71.64it/s]
 41%|████      | 2355/5794 [00:33<00:48, 71.01it/s]
 41%|████      | 2363/5794 [00:33<00:47, 72.16it/s]
 41%|████      | 2371/5794 [00:33<00:50, 68.33it/s]
 41%|████      | 2379/5794 [00:33<00:49, 69.21it/s]
 41%|████      | 2386/5794 [00:33<00:49, 69.01it/s]
 41%|████▏     | 2394/5794 [00:33<00:48, 69.71it/s]
 41%|████▏     | 2402/5794 [00:34<00:48, 69.81it/s]
 42%|████▏     | 2410/5794 [00:34<00:48, 70.15it/s]
 42%|████▏     | 2418/5794 [00:34<00:48, 70.09it/s]
 42%|████▏     | 2426/5794 [00:34<00:47, 70.65it/s]
 42%|████▏     | 2434/5794 [00:34<00:47, 70.63it/s]
 42%|████▏     | 2442/5794 [00:34<00:47, 70.57it/s]
 42%|████▏     | 2450/5794 [00:34<00:47, 70.55it/s]
 42%|████▏     | 2458/5794 [00:34<00:47, 70.57it/s]
 43%|████▎     | 2466/5794 [00:34<00:47, 70.75it/s]
 43%|████▎     | 2474/5794 [00:35<00:47, 70.37it/s]
 43%|████▎     | 2482/5794 [00:35<00:47, 70.44it/s]
 43%|████▎     | 2490/5794 [00:35<00:46, 70.58it/s]
 43%|████▎     | 2498/5794 [00:35<00:46, 70.57it/s]
 43%|████▎     | 2506/5794 [00:35<00:46, 70.62it/s]
 43%|████▎     | 2514/5794 [00:35<00:46, 70.61it/s]
 44%|████▎     | 2522/5794 [00:35<00:46, 70.54it/s]
 44%|████▎     | 2530/5794 [00:35<00:46, 70.56it/s]
 44%|████▍     | 2538/5794 [00:35<00:46, 70.74it/s]
 44%|████▍     | 2546/5794 [00:36<00:57, 56.89it/s]
 44%|████▍     | 2554/5794 [00:36<00:53, 60.45it/s]
 44%|████▍     | 2562/5794 [00:36<00:51, 63.25it/s]
 44%|████▍     | 2569/5794 [00:36<00:50, 63.58it/s]
 44%|████▍     | 2576/5794 [00:36<00:49, 64.70it/s]
 45%|████▍     | 2583/5794 [00:36<00:48, 65.69it/s]
 45%|████▍     | 2590/5794 [00:36<00:48, 66.62it/s]
 45%|████▍     | 2597/5794 [00:36<00:47, 67.52it/s]
 45%|████▍     | 2604/5794 [00:37<00:47, 67.57it/s]
 45%|████▌     | 2612/5794 [00:37<00:46, 68.46it/s]
 45%|████▌     | 2619/5794 [00:37<00:46, 68.76it/s]
 45%|████▌     | 2626/5794 [00:37<00:45, 68.95it/s]
 45%|████▌     | 2634/5794 [00:37<00:45, 69.37it/s]
 46%|████▌     | 2641/5794 [00:37<00:45, 69.50it/s]
 46%|████▌     | 2648/5794 [00:37<00:45, 69.21it/s]
 46%|████▌     | 2656/5794 [00:37<00:45, 69.55it/s]
 46%|████▌     | 2663/5794 [00:37<00:45, 69.19it/s]
 46%|████▌     | 2670/5794 [00:37<00:45, 69.08it/s]
 46%|████▌     | 2677/5794 [00:38<00:45, 68.67it/s]
 46%|████▋     | 2684/5794 [00:38<00:45, 68.78it/s]
 46%|████▋     | 2691/5794 [00:38<00:45, 68.67it/s]
 47%|████▋     | 2699/5794 [00:38<00:44, 69.14it/s]
 47%|████▋     | 2707/5794 [00:38<00:44, 69.72it/s]
 47%|████▋     | 2714/5794 [00:38<00:44, 69.19it/s]
 47%|████▋     | 2722/5794 [00:38<00:43, 70.26it/s]
 47%|████▋     | 2730/5794 [00:38<00:43, 70.02it/s]
 47%|████▋     | 2738/5794 [00:38<00:43, 70.20it/s]
 47%|████▋     | 2746/5794 [00:39<00:43, 70.53it/s]
 48%|████▊     | 2754/5794 [00:39<00:43, 70.41it/s]
 48%|████▊     | 2762/5794 [00:39<00:43, 70.13it/s]
 48%|████▊     | 2770/5794 [00:39<00:43, 69.85it/s]
 48%|████▊     | 2778/5794 [00:39<00:43, 70.02it/s]
 48%|████▊     | 2786/5794 [00:39<00:42, 70.32it/s]
 48%|████▊     | 2794/5794 [00:39<00:42, 70.01it/s]
 48%|████▊     | 2802/5794 [00:39<00:43, 69.06it/s]
 48%|████▊     | 2810/5794 [00:39<00:42, 70.39it/s]
 49%|████▊     | 2818/5794 [00:40<00:42, 70.27it/s]
 49%|████▉     | 2826/5794 [00:40<00:42, 70.26it/s]
 49%|████▉     | 2834/5794 [00:40<00:42, 69.63it/s]
 49%|████▉     | 2842/5794 [00:40<00:42, 70.07it/s]
 49%|████▉     | 2850/5794 [00:40<00:42, 69.19it/s]
 49%|████▉     | 2858/5794 [00:40<00:42, 69.85it/s]
 49%|████▉     | 2865/5794 [00:40<00:42, 69.54it/s]
 50%|████▉     | 2873/5794 [00:40<00:41, 70.22it/s]
 50%|████▉     | 2881/5794 [00:41<00:41, 69.89it/s]
 50%|████▉     | 2888/5794 [00:41<00:41, 69.79it/s]
 50%|████▉     | 2895/5794 [00:41<00:41, 69.80it/s]
 50%|█████     | 2902/5794 [00:41<00:41, 69.77it/s]
 50%|█████     | 2909/5794 [00:41<00:41, 69.83it/s]
 50%|█████     | 2917/5794 [00:41<00:41, 69.99it/s]
 50%|█████     | 2924/5794 [00:41<00:41, 69.74it/s]
 51%|█████     | 2931/5794 [00:41<00:41, 69.36it/s]
 51%|█████     | 2938/5794 [00:41<00:41, 69.40it/s]
 51%|█████     | 2945/5794 [00:41<00:40, 69.53it/s]
 51%|█████     | 2952/5794 [00:42<00:40, 69.61it/s]
 51%|█████     | 2960/5794 [00:42<00:40, 69.79it/s]
 51%|█████     | 2968/5794 [00:42<00:40, 69.89it/s]
 51%|█████▏    | 2975/5794 [00:42<00:40, 69.78it/s]
 51%|█████▏    | 2982/5794 [00:42<00:41, 68.45it/s]
 52%|█████▏    | 2989/5794 [00:42<00:41, 67.48it/s]
 52%|█████▏    | 2996/5794 [00:42<00:41, 67.44it/s]
 52%|█████▏    | 3003/5794 [00:42<00:41, 66.91it/s]
 52%|█████▏    | 3010/5794 [00:42<00:41, 66.36it/s]
 52%|█████▏    | 3017/5794 [00:43<00:42, 65.70it/s]
 52%|█████▏    | 3024/5794 [00:43<00:42, 65.42it/s]
 52%|█████▏    | 3031/5794 [00:43<00:42, 65.24it/s]
 52%|█████▏    | 3038/5794 [00:43<00:42, 65.07it/s]
 53%|█████▎    | 3045/5794 [00:43<00:42, 65.15it/s]
 53%|█████▎    | 3052/5794 [00:43<00:42, 64.59it/s]
 53%|█████▎    | 3059/5794 [00:43<00:42, 65.01it/s]
 53%|█████▎    | 3066/5794 [00:43<00:42, 64.88it/s]
 53%|█████▎    | 3073/5794 [00:43<00:41, 65.00it/s]
 53%|█████▎    | 3080/5794 [00:43<00:41, 65.40it/s]
 53%|█████▎    | 3087/5794 [00:44<00:41, 65.33it/s]
 53%|█████▎    | 3094/5794 [00:44<00:41, 65.59it/s]
 54%|█████▎    | 3101/5794 [00:44<00:40, 65.79it/s]
 54%|█████▎    | 3108/5794 [00:44<00:40, 66.29it/s]
 54%|█████▍    | 3115/5794 [00:44<00:40, 66.18it/s]
 54%|█████▍    | 3122/5794 [00:44<00:40, 66.40it/s]
 54%|█████▍    | 3129/5794 [00:44<00:40, 66.36it/s]
 54%|█████▍    | 3136/5794 [00:44<00:40, 66.28it/s]
 54%|█████▍    | 3143/5794 [00:44<00:39, 66.28it/s]
 54%|█████▍    | 3150/5794 [00:45<00:39, 66.44it/s]
 54%|█████▍    | 3157/5794 [00:45<00:39, 66.45it/s]
 55%|█████▍    | 3164/5794 [00:45<00:39, 66.60it/s]
 55%|█████▍    | 3171/5794 [00:45<00:39, 67.14it/s]
 55%|█████▍    | 3178/5794 [00:45<00:38, 67.61it/s]
 55%|█████▍    | 3185/5794 [00:45<00:38, 68.24it/s]
 55%|█████▌    | 3192/5794 [00:45<00:37, 68.72it/s]
 55%|█████▌    | 3199/5794 [00:45<00:37, 68.97it/s]
 55%|█████▌    | 3206/5794 [00:45<00:37, 69.25it/s]
 55%|█████▌    | 3213/5794 [00:45<00:37, 69.39it/s]
 56%|█████▌    | 3220/5794 [00:46<00:37, 69.48it/s]
 56%|█████▌    | 3227/5794 [00:46<00:36, 69.43it/s]
 56%|█████▌    | 3234/5794 [00:46<00:37, 69.05it/s]
 56%|█████▌    | 3242/5794 [00:46<00:36, 69.87it/s]
 56%|█████▌    | 3249/5794 [00:46<00:36, 69.01it/s]
 56%|█████▌    | 3256/5794 [00:46<00:36, 69.23it/s]
 56%|█████▋    | 3263/5794 [00:46<00:36, 69.33it/s]
 56%|█████▋    | 3270/5794 [00:46<00:36, 69.07it/s]
 57%|█████▋    | 3277/5794 [00:46<00:36, 68.65it/s]
 57%|█████▋    | 3284/5794 [00:46<00:36, 68.42it/s]
 57%|█████▋    | 3291/5794 [00:47<00:36, 68.85it/s]
 57%|█████▋    | 3298/5794 [00:47<00:36, 68.59it/s]
 57%|█████▋    | 3305/5794 [00:47<00:36, 68.78it/s]
 57%|█████▋    | 3312/5794 [00:47<00:36, 68.65it/s]
 57%|█████▋    | 3319/5794 [00:47<00:36, 68.44it/s]
 57%|█████▋    | 3326/5794 [00:47<00:36, 68.48it/s]
 58%|█████▊    | 3333/5794 [00:47<00:36, 67.68it/s]
 58%|█████▊    | 3341/5794 [00:47<00:35, 68.65it/s]
 58%|█████▊    | 3348/5794 [00:47<00:36, 67.92it/s]
 58%|█████▊    | 3355/5794 [00:48<00:35, 68.15it/s]
 58%|█████▊    | 3362/5794 [00:48<00:35, 68.50it/s]
 58%|█████▊    | 3369/5794 [00:48<00:35, 68.84it/s]
 58%|█████▊    | 3376/5794 [00:48<00:35, 68.72it/s]
 58%|█████▊    | 3383/5794 [00:48<00:35, 68.73it/s]
 59%|█████▊    | 3390/5794 [00:48<00:35, 68.27it/s]
 59%|█████▊    | 3398/5794 [00:48<00:34, 68.72it/s]
 59%|█████▉    | 3405/5794 [00:48<00:34, 68.38it/s]
 59%|█████▉    | 3412/5794 [00:48<00:34, 68.21it/s]
 59%|█████▉    | 3419/5794 [00:48<00:35, 67.19it/s]
 59%|█████▉    | 3427/5794 [00:49<00:34, 68.54it/s]
 59%|█████▉    | 3434/5794 [00:49<00:34, 68.37it/s]
 59%|█████▉    | 3441/5794 [00:49<00:34, 67.24it/s]
 60%|█████▉    | 3448/5794 [00:49<00:34, 67.45it/s]
 60%|█████▉    | 3455/5794 [00:49<00:34, 67.66it/s]
 60%|█████▉    | 3462/5794 [00:49<00:34, 67.66it/s]
 60%|█████▉    | 3469/5794 [00:49<00:34, 67.84it/s]
 60%|█████▉    | 3476/5794 [00:49<00:34, 68.04it/s]
 60%|██████    | 3483/5794 [00:49<00:33, 68.12it/s]
 60%|██████    | 3490/5794 [00:49<00:33, 68.63it/s]
 60%|██████    | 3497/5794 [00:50<00:33, 68.92it/s]
 60%|██████    | 3504/5794 [00:50<00:33, 69.05it/s]
 61%|██████    | 3511/5794 [00:50<00:32, 69.22it/s]
 61%|██████    | 3518/5794 [00:50<00:32, 69.20it/s]
 61%|██████    | 3525/5794 [00:50<00:32, 69.17it/s]
 61%|██████    | 3532/5794 [00:50<00:32, 68.88it/s]
 61%|██████    | 3540/5794 [00:50<00:32, 69.09it/s]
 61%|██████    | 3548/5794 [00:50<00:32, 69.77it/s]
 61%|██████▏   | 3555/5794 [00:50<00:32, 69.44it/s]
 61%|██████▏   | 3563/5794 [00:51<00:31, 69.89it/s]
 62%|██████▏   | 3570/5794 [00:51<00:31, 69.78it/s]
 62%|██████▏   | 3577/5794 [00:51<00:32, 68.38it/s]
 62%|██████▏   | 3585/5794 [00:51<00:31, 70.32it/s]
 62%|██████▏   | 3593/5794 [00:51<00:31, 70.15it/s]
 62%|██████▏   | 3601/5794 [00:51<00:31, 69.93it/s]
 62%|██████▏   | 3608/5794 [00:51<00:31, 69.18it/s]
 62%|██████▏   | 3616/5794 [00:51<00:31, 69.58it/s]
 63%|██████▎   | 3623/5794 [00:51<00:31, 69.56it/s]
 63%|██████▎   | 3630/5794 [00:52<00:31, 69.67it/s]
 63%|██████▎   | 3637/5794 [00:52<00:31, 69.41it/s]
 63%|██████▎   | 3644/5794 [00:52<00:30, 69.40it/s]
 63%|██████▎   | 3651/5794 [00:52<00:30, 69.31it/s]
 63%|██████▎   | 3659/5794 [00:52<00:30, 69.97it/s]
 63%|██████▎   | 3666/5794 [00:52<00:30, 69.44it/s]
 63%|██████▎   | 3673/5794 [00:52<00:30, 69.39it/s]
 64%|██████▎   | 3680/5794 [00:52<00:30, 69.19it/s]
 64%|██████▎   | 3687/5794 [00:52<00:30, 68.66it/s]
 64%|██████▍   | 3694/5794 [00:52<00:30, 68.54it/s]
 64%|██████▍   | 3702/5794 [00:53<00:30, 69.30it/s]
 64%|██████▍   | 3709/5794 [00:53<00:30, 69.44it/s]
 64%|██████▍   | 3716/5794 [00:53<00:29, 69.48it/s]
 64%|██████▍   | 3723/5794 [00:53<00:29, 69.40it/s]
 64%|██████▍   | 3730/5794 [00:53<00:29, 69.24it/s]
 64%|██████▍   | 3737/5794 [00:53<00:29, 68.98it/s]
 65%|██████▍   | 3744/5794 [00:53<00:29, 68.92it/s]
 65%|██████▍   | 3751/5794 [00:53<00:29, 69.15it/s]
 65%|██████▍   | 3759/5794 [00:53<00:29, 68.96it/s]
 65%|██████▌   | 3767/5794 [00:53<00:29, 69.28it/s]
 65%|██████▌   | 3774/5794 [00:54<00:29, 69.33it/s]
 65%|██████▌   | 3781/5794 [00:54<00:29, 69.24it/s]
 65%|██████▌   | 3788/5794 [00:54<00:29, 69.13it/s]
 66%|██████▌   | 3796/5794 [00:54<00:28, 69.42it/s]
 66%|██████▌   | 3803/5794 [00:54<00:28, 69.27it/s]
 66%|██████▌   | 3811/5794 [00:54<00:28, 69.39it/s]
 66%|██████▌   | 3819/5794 [00:54<00:28, 70.02it/s]
 66%|██████▌   | 3826/5794 [00:54<00:28, 69.77it/s]
 66%|██████▌   | 3833/5794 [00:54<00:28, 69.39it/s]
 66%|██████▋   | 3840/5794 [00:55<00:28, 68.93it/s]
 66%|██████▋   | 3847/5794 [00:55<00:28, 69.02it/s]
 67%|██████▋   | 3854/5794 [00:55<00:28, 68.74it/s]
 67%|██████▋   | 3861/5794 [00:55<00:28, 68.53it/s]
 67%|██████▋   | 3869/5794 [00:55<00:28, 68.74it/s]
 67%|██████▋   | 3877/5794 [00:55<00:27, 69.02it/s]
 67%|██████▋   | 3885/5794 [00:55<00:27, 69.24it/s]
 67%|██████▋   | 3893/5794 [00:55<00:27, 69.84it/s]
 67%|██████▋   | 3901/5794 [00:55<00:27, 69.98it/s]
 67%|██████▋   | 3908/5794 [00:56<00:27, 69.84it/s]
 68%|██████▊   | 3916/5794 [00:56<00:26, 69.94it/s]
 68%|██████▊   | 3923/5794 [00:56<00:26, 69.93it/s]
 68%|██████▊   | 3930/5794 [00:56<00:26, 69.53it/s]
 68%|██████▊   | 3937/5794 [00:56<00:26, 69.44it/s]
 68%|██████▊   | 3944/5794 [00:56<00:26, 69.21it/s]
 68%|██████▊   | 3951/5794 [00:56<00:26, 68.68it/s]
 68%|██████▊   | 3959/5794 [00:56<00:26, 69.18it/s]
 68%|██████▊   | 3966/5794 [00:56<00:26, 69.19it/s]
 69%|██████▊   | 3973/5794 [00:56<00:26, 68.62it/s]
 69%|██████▊   | 3981/5794 [00:57<00:26, 69.03it/s]
 69%|██████▉   | 3988/5794 [00:57<00:26, 68.65it/s]
 69%|██████▉   | 3995/5794 [00:57<00:26, 68.74it/s]
 69%|██████▉   | 4002/5794 [00:57<00:26, 68.57it/s]
 69%|██████▉   | 4009/5794 [00:57<00:25, 68.93it/s]
 69%|██████▉   | 4017/5794 [00:57<00:25, 69.01it/s]
 69%|██████▉   | 4025/5794 [00:57<00:25, 69.75it/s]
 70%|██████▉   | 4032/5794 [00:57<00:25, 68.24it/s]
 70%|██████▉   | 4040/5794 [00:57<00:25, 70.09it/s]
 70%|██████▉   | 4048/5794 [00:58<00:24, 70.28it/s]
 70%|███████   | 4056/5794 [00:58<00:24, 70.02it/s]
 70%|███████   | 4064/5794 [00:58<00:24, 69.69it/s]
 70%|███████   | 4071/5794 [00:58<00:24, 69.32it/s]
 70%|███████   | 4079/5794 [00:58<00:24, 69.47it/s]
 71%|███████   | 4086/5794 [00:58<00:24, 69.02it/s]
 71%|███████   | 4094/5794 [00:58<00:24, 69.48it/s]
 71%|███████   | 4101/5794 [00:58<00:24, 69.48it/s]
 71%|███████   | 4108/5794 [00:58<00:24, 69.61it/s]
 71%|███████   | 4115/5794 [00:59<00:24, 69.10it/s]
 71%|███████   | 4123/5794 [00:59<00:24, 69.41it/s]
 71%|███████▏  | 4130/5794 [00:59<00:23, 69.57it/s]
 71%|███████▏  | 4138/5794 [00:59<00:23, 69.77it/s]
 72%|███████▏  | 4146/5794 [00:59<00:23, 70.16it/s]
 72%|███████▏  | 4154/5794 [00:59<00:23, 70.16it/s]
 72%|███████▏  | 4162/5794 [00:59<00:23, 70.30it/s]
 72%|███████▏  | 4170/5794 [00:59<00:23, 70.27it/s]
 72%|███████▏  | 4178/5794 [00:59<00:22, 70.40it/s]
 72%|███████▏  | 4186/5794 [01:00<00:23, 67.72it/s]
 72%|███████▏  | 4194/5794 [01:00<00:23, 69.06it/s]
 73%|███████▎  | 4201/5794 [01:00<00:23, 69.19it/s]
 73%|███████▎  | 4209/5794 [01:00<00:22, 69.52it/s]
 73%|███████▎  | 4216/5794 [01:00<00:22, 69.35it/s]
 73%|███████▎  | 4223/5794 [01:00<00:22, 69.13it/s]
 73%|███████▎  | 4230/5794 [01:00<00:22, 69.22it/s]
 73%|███████▎  | 4237/5794 [01:00<00:22, 69.15it/s]
 73%|███████▎  | 4245/5794 [01:00<00:26, 57.40it/s]
 73%|███████▎  | 4253/5794 [01:01<00:25, 61.15it/s]
 74%|███████▎  | 4261/5794 [01:01<00:23, 64.16it/s]
 74%|███████▎  | 4268/5794 [01:01<00:23, 65.48it/s]
 74%|███████▍  | 4275/5794 [01:01<00:22, 66.55it/s]
 74%|███████▍  | 4282/5794 [01:01<00:22, 67.27it/s]
 74%|███████▍  | 4289/5794 [01:01<00:22, 67.65it/s]
 74%|███████▍  | 4297/5794 [01:01<00:21, 68.58it/s]
 74%|███████▍  | 4305/5794 [01:01<00:21, 69.07it/s]
 74%|███████▍  | 4312/5794 [01:01<00:21, 68.73it/s]
 75%|███████▍  | 4319/5794 [01:02<00:21, 68.64it/s]
 75%|███████▍  | 4326/5794 [01:02<00:21, 68.74it/s]
 75%|███████▍  | 4334/5794 [01:02<00:20, 69.97it/s]
 75%|███████▍  | 4341/5794 [01:02<00:20, 69.76it/s]
 75%|███████▌  | 4348/5794 [01:02<00:20, 69.74it/s]
 75%|███████▌  | 4355/5794 [01:02<00:20, 69.00it/s]
 75%|███████▌  | 4363/5794 [01:02<00:20, 68.75it/s]
 75%|███████▌  | 4371/5794 [01:02<00:20, 70.55it/s]
 76%|███████▌  | 4379/5794 [01:02<00:20, 70.37it/s]
 76%|███████▌  | 4387/5794 [01:02<00:19, 70.35it/s]
 76%|███████▌  | 4395/5794 [01:03<00:19, 70.60it/s]
 76%|███████▌  | 4403/5794 [01:03<00:19, 70.61it/s]
 76%|███████▌  | 4411/5794 [01:03<00:19, 70.71it/s]
 76%|███████▋  | 4419/5794 [01:03<00:19, 70.84it/s]
 76%|███████▋  | 4427/5794 [01:03<00:19, 70.76it/s]
 77%|███████▋  | 4435/5794 [01:03<00:19, 70.79it/s]
 77%|███████▋  | 4443/5794 [01:03<00:19, 70.87it/s]
 77%|███████▋  | 4451/5794 [01:03<00:18, 70.83it/s]
 77%|███████▋  | 4459/5794 [01:03<00:18, 70.53it/s]
 77%|███████▋  | 4467/5794 [01:04<00:18, 70.66it/s]
 77%|███████▋  | 4475/5794 [01:04<00:18, 70.38it/s]
 77%|███████▋  | 4483/5794 [01:04<00:18, 70.13it/s]
 78%|███████▊  | 4491/5794 [01:04<00:18, 70.08it/s]
 78%|███████▊  | 4499/5794 [01:04<00:18, 70.21it/s]
 78%|███████▊  | 4507/5794 [01:04<00:18, 70.17it/s]
 78%|███████▊  | 4515/5794 [01:04<00:18, 70.07it/s]
 78%|███████▊  | 4523/5794 [01:04<00:18, 70.14it/s]
 78%|███████▊  | 4531/5794 [01:05<00:18, 70.17it/s]
 78%|███████▊  | 4539/5794 [01:05<00:17, 70.97it/s]
 78%|███████▊  | 4547/5794 [01:05<00:17, 71.10it/s]
 79%|███████▊  | 4555/5794 [01:05<00:17, 71.05it/s]
 79%|███████▉  | 4563/5794 [01:05<00:17, 70.62it/s]
 79%|███████▉  | 4571/5794 [01:05<00:17, 71.28it/s]
 79%|███████▉  | 4579/5794 [01:05<00:17, 70.93it/s]
 79%|███████▉  | 4587/5794 [01:05<00:17, 70.88it/s]
 79%|███████▉  | 4595/5794 [01:05<00:16, 70.82it/s]
 79%|███████▉  | 4603/5794 [01:06<00:16, 70.71it/s]
 80%|███████▉  | 4611/5794 [01:06<00:16, 70.46it/s]
 80%|███████▉  | 4619/5794 [01:06<00:16, 70.35it/s]
 80%|███████▉  | 4627/5794 [01:06<00:16, 70.04it/s]
 80%|███████▉  | 4635/5794 [01:06<00:16, 69.40it/s]
 80%|████████  | 4642/5794 [01:06<00:16, 69.35it/s]
 80%|████████  | 4650/5794 [01:06<00:16, 69.59it/s]
 80%|████████  | 4657/5794 [01:06<00:16, 69.53it/s]
 81%|████████  | 4665/5794 [01:06<00:16, 70.06it/s]
 81%|████████  | 4673/5794 [01:07<00:15, 70.35it/s]
 81%|████████  | 4681/5794 [01:07<00:15, 69.65it/s]
 81%|████████  | 4689/5794 [01:07<00:15, 71.07it/s]
 81%|████████  | 4697/5794 [01:07<00:15, 71.49it/s]
 81%|████████  | 4705/5794 [01:07<00:15, 71.50it/s]
 81%|████████▏ | 4713/5794 [01:07<00:15, 71.00it/s]
 81%|████████▏ | 4721/5794 [01:07<00:15, 70.77it/s]
 82%|████████▏ | 4729/5794 [01:07<00:15, 70.46it/s]
 82%|████████▏ | 4737/5794 [01:07<00:15, 70.10it/s]
 82%|████████▏ | 4745/5794 [01:08<00:14, 70.05it/s]
 82%|████████▏ | 4753/5794 [01:08<00:14, 69.80it/s]
 82%|████████▏ | 4760/5794 [01:08<00:14, 69.37it/s]
 82%|████████▏ | 4767/5794 [01:08<00:14, 68.78it/s]
 82%|████████▏ | 4775/5794 [01:08<00:14, 69.80it/s]
 83%|████████▎ | 4782/5794 [01:08<00:14, 69.18it/s]
 83%|████████▎ | 4789/5794 [01:08<00:14, 68.63it/s]
 83%|████████▎ | 4796/5794 [01:08<00:14, 68.24it/s]
 83%|████████▎ | 4804/5794 [01:08<00:14, 68.94it/s]
 83%|████████▎ | 4812/5794 [01:09<00:14, 69.25it/s]
 83%|████████▎ | 4820/5794 [01:09<00:13, 70.04it/s]
 83%|████████▎ | 4827/5794 [01:09<00:13, 69.81it/s]
 83%|████████▎ | 4834/5794 [01:09<00:13, 69.55it/s]
 84%|████████▎ | 4842/5794 [01:09<00:13, 70.43it/s]
 84%|████████▎ | 4850/5794 [01:09<00:13, 71.00it/s]
 84%|████████▍ | 4858/5794 [01:09<00:13, 71.16it/s]
 84%|████████▍ | 4866/5794 [01:09<00:13, 70.54it/s]
 84%|████████▍ | 4874/5794 [01:09<00:13, 70.49it/s]
 84%|████████▍ | 4882/5794 [01:10<00:12, 70.49it/s]
 84%|████████▍ | 4890/5794 [01:10<00:12, 70.48it/s]
 85%|████████▍ | 4898/5794 [01:10<00:12, 70.31it/s]
 85%|████████▍ | 4906/5794 [01:10<00:12, 70.30it/s]
 85%|████████▍ | 4914/5794 [01:10<00:12, 70.18it/s]
 85%|████████▍ | 4922/5794 [01:10<00:12, 70.00it/s]
 85%|████████▌ | 4929/5794 [01:10<00:12, 69.36it/s]
 85%|████████▌ | 4937/5794 [01:10<00:12, 69.77it/s]
 85%|████████▌ | 4944/5794 [01:10<00:12, 69.75it/s]
 85%|████████▌ | 4952/5794 [01:11<00:11, 70.44it/s]
 86%|████████▌ | 4960/5794 [01:11<00:11, 70.38it/s]
 86%|████████▌ | 4968/5794 [01:11<00:11, 69.98it/s]
 86%|████████▌ | 4976/5794 [01:11<00:11, 70.47it/s]
 86%|████████▌ | 4984/5794 [01:11<00:11, 69.98it/s]
 86%|████████▌ | 4992/5794 [01:11<00:11, 70.22it/s]
 86%|████████▋ | 5000/5794 [01:11<00:11, 69.80it/s]
 86%|████████▋ | 5008/5794 [01:11<00:11, 70.58it/s]
 87%|████████▋ | 5016/5794 [01:11<00:11, 70.42it/s]
 87%|████████▋ | 5024/5794 [01:12<00:10, 70.21it/s]
 87%|████████▋ | 5032/5794 [01:12<00:10, 69.52it/s]
 87%|████████▋ | 5040/5794 [01:12<00:10, 69.09it/s]
 87%|████████▋ | 5048/5794 [01:12<00:10, 69.90it/s]
 87%|████████▋ | 5055/5794 [01:12<00:10, 69.68it/s]
 87%|████████▋ | 5062/5794 [01:12<00:10, 69.28it/s]
 87%|████████▋ | 5069/5794 [01:12<00:10, 69.27it/s]
 88%|████████▊ | 5076/5794 [01:13<00:19, 36.16it/s]
 88%|████████▊ | 5084/5794 [01:13<00:16, 42.98it/s]
 88%|████████▊ | 5091/5794 [01:13<00:14, 48.25it/s]
 88%|████████▊ | 5098/5794 [01:13<00:13, 52.75it/s]
 88%|████████▊ | 5105/5794 [01:13<00:12, 56.61it/s]
 88%|████████▊ | 5112/5794 [01:13<00:11, 59.22it/s]
 88%|████████▊ | 5119/5794 [01:13<00:10, 61.93it/s]
 88%|████████▊ | 5126/5794 [01:13<00:10, 63.66it/s]
 89%|████████▊ | 5133/5794 [01:13<00:10, 65.17it/s]
 89%|████████▊ | 5140/5794 [01:14<00:09, 66.53it/s]
 89%|████████▉ | 5147/5794 [01:14<00:09, 66.73it/s]
 89%|████████▉ | 5155/5794 [01:14<00:09, 67.90it/s]
 89%|████████▉ | 5162/5794 [01:14<00:09, 67.14it/s]
 89%|████████▉ | 5170/5794 [01:14<00:09, 68.97it/s]
 89%|████████▉ | 5178/5794 [01:14<00:08, 69.44it/s]
 89%|████████▉ | 5185/5794 [01:14<00:08, 69.17it/s]
 90%|████████▉ | 5192/5794 [01:14<00:08, 69.09it/s]
 90%|████████▉ | 5199/5794 [01:14<00:08, 69.03it/s]
 90%|████████▉ | 5207/5794 [01:15<00:08, 69.92it/s]
 90%|████████▉ | 5214/5794 [01:15<00:08, 66.38it/s]
 90%|█████████ | 5222/5794 [01:15<00:08, 68.69it/s]
 90%|█████████ | 5229/5794 [01:15<00:08, 68.93it/s]
 90%|█████████ | 5236/5794 [01:15<00:08, 69.04it/s]
 90%|█████████ | 5243/5794 [01:15<00:07, 69.20it/s]
 91%|█████████ | 5250/5794 [01:15<00:07, 69.28it/s]
 91%|█████████ | 5257/5794 [01:15<00:07, 69.48it/s]
 91%|█████████ | 5264/5794 [01:15<00:07, 69.41it/s]
 91%|█████████ | 5272/5794 [01:15<00:07, 69.33it/s]
 91%|█████████ | 5279/5794 [01:16<00:08, 64.16it/s]
 91%|█████████ | 5287/5794 [01:16<00:07, 66.38it/s]
 91%|█████████▏| 5294/5794 [01:16<00:07, 67.32it/s]
 92%|█████████▏| 5302/5794 [01:16<00:07, 68.88it/s]
 92%|█████████▏| 5309/5794 [01:16<00:07, 68.95it/s]
 92%|█████████▏| 5316/5794 [01:16<00:06, 69.19it/s]
 92%|█████████▏| 5323/5794 [01:16<00:06, 69.41it/s]
 92%|█████████▏| 5331/5794 [01:16<00:06, 70.29it/s]
 92%|█████████▏| 5339/5794 [01:16<00:06, 69.78it/s]
 92%|█████████▏| 5347/5794 [01:17<00:06, 71.00it/s]
 92%|█████████▏| 5355/5794 [01:17<00:06, 70.82it/s]
 93%|█████████▎| 5363/5794 [01:17<00:06, 70.48it/s]
 93%|█████████▎| 5371/5794 [01:17<00:05, 71.22it/s]
 93%|█████████▎| 5379/5794 [01:17<00:05, 71.01it/s]
 93%|█████████▎| 5387/5794 [01:17<00:05, 71.12it/s]
 93%|█████████▎| 5395/5794 [01:17<00:05, 70.74it/s]
 93%|█████████▎| 5403/5794 [01:17<00:05, 70.15it/s]
 93%|█████████▎| 5411/5794 [01:17<00:05, 69.80it/s]
 94%|█████████▎| 5418/5794 [01:18<00:05, 69.26it/s]
 94%|█████████▎| 5426/5794 [01:18<00:05, 69.21it/s]
 94%|█████████▍| 5434/5794 [01:18<00:05, 69.74it/s]
 94%|█████████▍| 5442/5794 [01:18<00:05, 70.19it/s]
 94%|█████████▍| 5450/5794 [01:18<00:04, 69.86it/s]
 94%|█████████▍| 5457/5794 [01:18<00:04, 69.27it/s]
 94%|█████████▍| 5464/5794 [01:18<00:04, 68.85it/s]
 94%|█████████▍| 5472/5794 [01:18<00:04, 69.84it/s]
 95%|█████████▍| 5479/5794 [01:18<00:04, 69.58it/s]
 95%|█████████▍| 5486/5794 [01:19<00:04, 69.61it/s]
 95%|█████████▍| 5494/5794 [01:19<00:04, 69.58it/s]
 95%|█████████▍| 5501/5794 [01:19<00:05, 56.60it/s]
 95%|█████████▌| 5509/5794 [01:19<00:04, 60.96it/s]
 95%|█████████▌| 5516/5794 [01:19<00:04, 62.93it/s]
 95%|█████████▌| 5523/5794 [01:19<00:04, 64.46it/s]
 95%|█████████▌| 5530/5794 [01:19<00:04, 65.68it/s]
 96%|█████████▌| 5537/5794 [01:19<00:03, 66.71it/s]
 96%|█████████▌| 5544/5794 [01:19<00:03, 67.20it/s]
 96%|█████████▌| 5551/5794 [01:20<00:03, 67.71it/s]
 96%|█████████▌| 5559/5794 [01:20<00:03, 68.57it/s]
 96%|█████████▌| 5566/5794 [01:20<00:03, 68.93it/s]
 96%|█████████▌| 5574/5794 [01:20<00:03, 69.55it/s]
 96%|█████████▋| 5582/5794 [01:20<00:03, 69.96it/s]
 96%|█████████▋| 5590/5794 [01:20<00:02, 69.09it/s]
 97%|█████████▋| 5598/5794 [01:20<00:02, 69.56it/s]
 97%|█████████▋| 5606/5794 [01:20<00:02, 70.94it/s]
 97%|█████████▋| 5614/5794 [01:20<00:02, 69.42it/s]
 97%|█████████▋| 5622/5794 [01:21<00:02, 71.14it/s]
 97%|█████████▋| 5630/5794 [01:21<00:02, 70.97it/s]
 97%|█████████▋| 5638/5794 [01:21<00:02, 70.06it/s]
 97%|█████████▋| 5646/5794 [01:21<00:02, 70.16it/s]
 98%|█████████▊| 5654/5794 [01:21<00:01, 70.23it/s]
 98%|█████████▊| 5662/5794 [01:21<00:01, 70.23it/s]
 98%|█████████▊| 5670/5794 [01:21<00:01, 69.90it/s]
 98%|█████████▊| 5678/5794 [01:21<00:01, 70.11it/s]
 98%|█████████▊| 5686/5794 [01:21<00:01, 70.27it/s]
 98%|█████████▊| 5694/5794 [01:22<00:01, 70.54it/s]
 98%|█████████▊| 5702/5794 [01:22<00:01, 70.60it/s]
 99%|█████████▊| 5710/5794 [01:22<00:01, 70.55it/s]
 99%|█████████▊| 5718/5794 [01:22<00:01, 69.70it/s]
 99%|█████████▉| 5726/5794 [01:22<00:00, 69.68it/s]
 99%|█████████▉| 5734/5794 [01:22<00:00, 70.30it/s]
 99%|█████████▉| 5742/5794 [01:22<00:00, 70.97it/s]
 99%|█████████▉| 5750/5794 [01:22<00:00, 71.23it/s]
 99%|█████████▉| 5758/5794 [01:22<00:00, 71.35it/s]
100%|█████████▉| 5766/5794 [01:23<00:00, 71.79it/s]
100%|█████████▉| 5774/5794 [01:23<00:00, 71.37it/s]
100%|█████████▉| 5782/5794 [01:23<00:00, 71.10it/s]
100%|█████████▉| 5790/5794 [01:23<00:00, 71.67it/s]
100%|██████████| 5794/5794 [01:23<00:00, 69.36it/s]
BALANCED ACCS CHECKED FOR TEST
TEST SET RESULTS FOR CHECKPOINT trained_weights/waterbirds/gals_waterbird_complete95_forest2water2_21048936_trial_000/best_balanced_valacc_0.55_epoch_0.ckpt
test_acc: 0.7283396617190196
balanced_test_acc: 0.5664535715025799
Land_on_Land_test_acc: 0.9991130820399113
Land_on_Water_test_acc: 0.71529933481153
Water_on_Land_test_acc: 0.010903426791277258
Water_on_Water_test_acc: 0.5404984423676013
test_acc_Waterbird: 0.2757009345794392
test_acc_Landbird: 0.8572062084257206
