[I 2026-02-10 16:02:29,930] A new study created in memory with name: no-name-1b7e9655-2863-4114-8be7-429803999c32
/home/ryreu/miniconda3/envs/gals_a100/lib/python3.8/site-packages/torchvision/models/_utils.py:208: UserWarning: The parameter 'pretrained' is deprecated since 0.13 and will be removed in 0.15, please use 'weights' instead.
  warnings.warn(
/home/ryreu/miniconda3/envs/gals_a100/lib/python3.8/site-packages/torchvision/models/_utils.py:223: UserWarning: Arguments other than a weight enum or `None` for 'weights' are deprecated since 0.13 and will be removed in 0.15. The current behavior is equivalent to passing `weights=ResNet50_Weights.IMAGENET1K_V1`. You can also use `weights=ResNet50_Weights.DEFAULT` to get the most up-to-date weights.
  warnings.warn(msg)
[I 2026-02-10 16:52:31,511] Trial 0 finished with value: 0.8840993158136499 and parameters: {'attention_epoch': 107, 'kl_lambda': 1.3217110048834189, 'kl_incr': 0.18577173738318967, 'base_lr': 0.0001497990605743834, 'classifier_lr': 0.0008495204680741993, 'lr2_mult': 0.12824995555651014}. Best is trial 0 with value: 0.8840993158136499.
[I 2026-02-10 17:42:13,194] Trial 1 finished with value: 0.8803802109776048 and parameters: {'attention_epoch': 21, 'kl_lambda': 169.51782260998314, 'kl_incr': 1.001900734409197, 'base_lr': 0.0007967132638293228, 'classifier_lr': 0.003457844400543103, 'lr2_mult': 0.16015005870566623}. Best is trial 0 with value: 0.8840993158136499.
[I 2026-02-10 18:31:23,348] Trial 2 finished with value: 0.88544310938117 and parameters: {'attention_epoch': 102, 'kl_lambda': 6.881911879626534, 'kl_incr': 6.021714907726898, 'base_lr': 1.5568473251578653e-05, 'classifier_lr': 0.0006835949303885306, 'lr2_mult': 0.188962936821366}. Best is trial 2 with value: 0.88544310938117.
[I 2026-02-10 19:21:25,976] Trial 3 finished with value: 0.8897303548259716 and parameters: {'attention_epoch': 183, 'kl_lambda': 27.6811443263649, 'kl_incr': 4.935214402464129, 'base_lr': 3.820670552643383e-05, 'classifier_lr': 0.0001454012349897329, 'lr2_mult': 1.6948990338888863}. Best is trial 3 with value: 0.8897303548259716.
[I 2026-02-10 20:11:22,548] Trial 4 finished with value: 0.9136305393709354 and parameters: {'attention_epoch': 109, 'kl_lambda': 295.3017825649997, 'kl_incr': 0.1804588689618082, 'base_lr': 4.81872261305513e-05, 'classifier_lr': 0.002932587987450572, 'lr2_mult': 0.40940723404327417}. Best is trial 4 with value: 0.9136305393709354.
[I 2026-02-10 21:00:53,299] Trial 5 finished with value: 0.9047437726148168 and parameters: {'attention_epoch': 38, 'kl_lambda': 295.5632834488319, 'kl_incr': 0.8697791068489696, 'base_lr': 0.00018738352712457368, 'classifier_lr': 0.005996914526446637, 'lr2_mult': 0.21310397577917095}. Best is trial 4 with value: 0.9136305393709354.
[I 2026-02-10 21:51:00,314] Trial 6 finished with value: 0.8835634101330496 and parameters: {'attention_epoch': 11, 'kl_lambda': 32.95946388898618, 'kl_incr': 4.51161053541978, 'base_lr': 0.0006560676186607835, 'classifier_lr': 0.0021128725595673586, 'lr2_mult': 0.127683869307974}. Best is trial 4 with value: 0.9136305393709354.
[I 2026-02-10 22:40:57,186] Trial 7 finished with value: 0.8542880513180056 and parameters: {'attention_epoch': 108, 'kl_lambda': 11.893258261283847, 'kl_incr': 4.767648277518104, 'base_lr': 0.0004984961927296995, 'classifier_lr': 0.0024220421421349784, 'lr2_mult': 2.0575087463385695}. Best is trial 4 with value: 0.9136305393709354.
[I 2026-02-10 23:30:11,374] Trial 8 finished with value: 0.7987049617613164 and parameters: {'attention_epoch': 126, 'kl_lambda': 235.52545974068164, 'kl_incr': 1.0859188529765116, 'base_lr': 0.00020395578849174577, 'classifier_lr': 0.0011046090413068116, 'lr2_mult': 1.8542977880973608}. Best is trial 4 with value: 0.9136305393709354.
[I 2026-02-11 00:20:13,900] Trial 9 finished with value: 0.7716135193288688 and parameters: {'attention_epoch': 167, 'kl_lambda': 256.9923244001841, 'kl_incr': 2.273650347074806, 'base_lr': 0.0007849492409248986, 'classifier_lr': 0.00010585029359629383, 'lr2_mult': 0.3522853977076591}. Best is trial 4 with value: 0.9136305393709354.
[I 2026-02-11 01:10:10,714] Trial 10 finished with value: 0.8994008332728929 and parameters: {'attention_epoch': 61, 'kl_lambda': 71.18188879013995, 'kl_incr': 29.332863017456845, 'base_lr': 4.8074749037420496e-05, 'classifier_lr': 0.008012789211298103, 'lr2_mult': 0.7611052197063518}. Best is trial 4 with value: 0.9136305393709354.
[I 2026-02-11 01:59:35,611] Trial 11 finished with value: 0.892649630507136 and parameters: {'attention_epoch': 56, 'kl_lambda': 84.18685052907108, 'kl_incr': 0.12141763240309592, 'base_lr': 6.172354416738604e-05, 'classifier_lr': 0.009104122670635642, 'lr2_mult': 0.39319264831128}. Best is trial 4 with value: 0.9136305393709354.
[I 2026-02-11 02:49:49,712] Trial 12 finished with value: 0.8918739775483726 and parameters: {'attention_epoch': 62, 'kl_lambda': 92.66351936082681, 'kl_incr': 0.4227751516698803, 'base_lr': 0.00024545951945982434, 'classifier_lr': 0.004415705478639157, 'lr2_mult': 0.7638788984408225}. Best is trial 4 with value: 0.9136305393709354.
[I 2026-02-11 03:39:46,376] Trial 13 finished with value: 0.862638912393524 and parameters: {'attention_epoch': 154, 'kl_lambda': 4.000231102568254, 'kl_incr': 0.33577160963486313, 'base_lr': 1.7762997871421202e-05, 'classifier_lr': 0.00547127209948929, 'lr2_mult': 0.2662251779237542}. Best is trial 4 with value: 0.9136305393709354.
[I 2026-02-11 04:29:03,994] Trial 14 finished with value: 0.908255365100855 and parameters: {'attention_epoch': 34, 'kl_lambda': 120.05565198074636, 'kl_incr': 0.4418202079648482, 'base_lr': 0.00010102373398779246, 'classifier_lr': 0.0017336248682273958, 'lr2_mult': 0.6021162549077393}. Best is trial 4 with value: 0.9136305393709354.
[I 2026-02-11 05:19:06,922] Trial 15 finished with value: 0.8948335468897324 and parameters: {'attention_epoch': 77, 'kl_lambda': 47.46636967636342, 'kl_incr': 0.33173405460027044, 'base_lr': 9.098324904925995e-05, 'classifier_lr': 0.001484148414444408, 'lr2_mult': 0.7092571737834511}. Best is trial 4 with value: 0.9136305393709354.
[I 2026-02-11 06:09:35,192] Trial 16 finished with value: 0.8701738268500834 and parameters: {'attention_epoch': 134, 'kl_lambda': 115.39835682656306, 'kl_incr': 0.11667767698809994, 'base_lr': 9.971919411404649e-05, 'classifier_lr': 0.0004082333402066944, 'lr2_mult': 1.2229432989466926}. Best is trial 4 with value: 0.9136305393709354.
[I 2026-02-11 06:59:08,030] Trial 17 finished with value: 0.8779323711207279 and parameters: {'attention_epoch': 82, 'kl_lambda': 18.694603588125684, 'kl_incr': 0.5116003295992888, 'base_lr': 2.7006602548798347e-05, 'classifier_lr': 0.00046817588556681626, 'lr2_mult': 0.47315145773554507}. Best is trial 4 with value: 0.9136305393709354.
[I 2026-02-11 07:49:06,194] Trial 18 finished with value: 0.8484092062954814 and parameters: {'attention_epoch': 0, 'kl_lambda': 133.052067808393, 'kl_incr': 0.26165569353113083, 'base_lr': 0.00032412832612176406, 'classifier_lr': 0.0026631475889632764, 'lr2_mult': 0.9687672865252399}. Best is trial 4 with value: 0.9136305393709354.
[I 2026-02-11 08:39:07,748] Trial 19 finished with value: 0.8206468744207787 and parameters: {'attention_epoch': 34, 'kl_lambda': 46.59825001535282, 'kl_incr': 0.18261072526075547, 'base_lr': 1.1055726366988116e-05, 'classifier_lr': 0.0015638328373020975, 'lr2_mult': 2.78606252018858}. Best is trial 4 with value: 0.9136305393709354.
[I 2026-02-11 09:28:43,857] Trial 20 finished with value: 0.8835553514010106 and parameters: {'attention_epoch': 130, 'kl_lambda': 2.0462674004922827, 'kl_incr': 0.6050240776917297, 'base_lr': 6.93058087912352e-05, 'classifier_lr': 0.0002699052964746212, 'lr2_mult': 0.29858296859487776}. Best is trial 4 with value: 0.9136305393709354.
[I 2026-02-11 10:18:47,704] Trial 21 finished with value: 0.9111907582460975 and parameters: {'attention_epoch': 39, 'kl_lambda': 207.52314089469297, 'kl_incr': 0.9202033827983412, 'base_lr': 0.00016176352634085392, 'classifier_lr': 0.005725559912155669, 'lr2_mult': 0.22011528958000487}. Best is trial 4 with value: 0.9136305393709354.
[I 2026-02-11 11:09:16,340] Trial 22 finished with value: 0.9039036497997405 and parameters: {'attention_epoch': 40, 'kl_lambda': 177.5098948220339, 'kl_incr': 1.9249941366277212, 'base_lr': 0.00010840734016228393, 'classifier_lr': 0.0037628351112855133, 'lr2_mult': 0.5995465127634303}. Best is trial 4 with value: 0.9136305393709354.
[I 2026-02-11 11:58:46,747] Trial 23 finished with value: 0.9050076960890974 and parameters: {'attention_epoch': 83, 'kl_lambda': 156.15231614034968, 'kl_incr': 0.6519709402785372, 'base_lr': 3.889873754049746e-05, 'classifier_lr': 0.001626113477796007, 'lr2_mult': 0.4669803760006501}. Best is trial 4 with value: 0.9136305393709354.
[I 2026-02-11 12:49:12,301] Trial 24 finished with value: 0.8991127336024949 and parameters: {'attention_epoch': 19, 'kl_lambda': 62.44486337053297, 'kl_incr': 0.20948859039034484, 'base_lr': 0.0001307037405346344, 'classifier_lr': 0.0028439812865981426, 'lr2_mult': 0.24818741993856264}. Best is trial 4 with value: 0.9136305393709354.
[I 2026-02-11 13:40:04,930] Trial 25 finished with value: 0.8927060416314097 and parameters: {'attention_epoch': 51, 'kl_lambda': 199.4983575231986, 'kl_incr': 1.398184805684904, 'base_lr': 0.0003233506865190793, 'classifier_lr': 0.006062075176752035, 'lr2_mult': 0.34961531457543604}. Best is trial 4 with value: 0.9136305393709354.
[I 2026-02-11 14:29:54,866] Trial 26 finished with value: 0.9026001498924159 and parameters: {'attention_epoch': 74, 'kl_lambda': 114.31803637223655, 'kl_incr': 2.625009748580248, 'base_lr': 6.9763916898649e-05, 'classifier_lr': 0.0010829311252450729, 'lr2_mult': 1.10586191554509}. Best is trial 4 with value: 0.9136305393709354.
[I 2026-02-11 15:20:42,626] Trial 27 finished with value: 0.8953694525703326 and parameters: {'attention_epoch': 93, 'kl_lambda': 288.5672301790367, 'kl_incr': 0.6423392755055218, 'base_lr': 2.5094057152797933e-05, 'classifier_lr': 0.001975859366704195, 'lr2_mult': 0.5509463939315183}. Best is trial 4 with value: 0.9136305393709354.
[I 2026-02-11 16:11:20,194] Trial 28 finished with value: 0.88893858440313 and parameters: {'attention_epoch': 30, 'kl_lambda': 13.321343458456552, 'kl_incr': 17.429655421778598, 'base_lr': 0.00014094843208110417, 'classifier_lr': 0.004314201447824963, 'lr2_mult': 0.16863353041529097}. Best is trial 4 with value: 0.9136305393709354.
[I 2026-02-11 17:01:23,372] Trial 29 finished with value: 0.8916181128061311 and parameters: {'attention_epoch': 115, 'kl_lambda': 51.18694371592019, 'kl_incr': 0.15403034416503528, 'base_lr': 4.9353272987546915e-05, 'classifier_lr': 0.0007942390672520099, 'lr2_mult': 0.10540242365723779}. Best is trial 4 with value: 0.9136305393709354.
[I 2026-02-11 17:51:50,469] Trial 30 finished with value: 0.8940256590028125 and parameters: {'attention_epoch': 93, 'kl_lambda': 29.505033431342508, 'kl_incr': 0.248012220444423, 'base_lr': 8.563100821880635e-05, 'classifier_lr': 0.003116682387717739, 'lr2_mult': 0.4387919739765694}. Best is trial 4 with value: 0.9136305393709354.
[I 2026-02-11 18:42:05,901] Trial 31 finished with value: 0.8948093706936151 and parameters: {'attention_epoch': 47, 'kl_lambda': 150.83787748778155, 'kl_incr': 0.6449870213112429, 'base_lr': 3.4349155936746655e-05, 'classifier_lr': 0.0014922966081326908, 'lr2_mult': 0.5150858103463675}. Best is trial 4 with value: 0.9136305393709354.
[I 2026-02-11 19:31:44,543] Trial 32 finished with value: 0.9047921250070514 and parameters: {'attention_epoch': 69, 'kl_lambda': 178.66589504051228, 'kl_incr': 0.870893802281317, 'base_lr': 4.269020334234767e-05, 'classifier_lr': 0.001860905597983542, 'lr2_mult': 0.3022588993887331}. Best is trial 4 with value: 0.9136305393709354.
[I 2026-02-11 20:22:08,051] Trial 33 finished with value: 0.8969932870762114 and parameters: {'attention_epoch': 148, 'kl_lambda': 109.79652709383173, 'kl_incr': 0.3748697871311072, 'base_lr': 2.7521888576717905e-05, 'classifier_lr': 0.0006030083787665636, 'lr2_mult': 0.6801992547246694}. Best is trial 4 with value: 0.9136305393709354.
[I 2026-02-11 21:12:30,448] Trial 34 finished with value: 0.9082634238328942 and parameters: {'attention_epoch': 85, 'kl_lambda': 160.54637506807558, 'kl_incr': 1.41633711662532, 'base_lr': 6.122204951174097e-05, 'classifier_lr': 0.0013543458586592328, 'lr2_mult': 0.22734084521652623}. Best is trial 4 with value: 0.9136305393709354.
[I 2026-02-11 22:02:24,655] Trial 35 finished with value: 0.901784203273457 and parameters: {'attention_epoch': 20, 'kl_lambda': 216.29215184113863, 'kl_incr': 1.355686806170229, 'base_lr': 0.00016761427071524586, 'classifier_lr': 0.0010322189466137367, 'lr2_mult': 0.2198959116353736}. Best is trial 4 with value: 0.9136305393709354.
[I 2026-02-11 22:52:44,369] Trial 36 finished with value: 0.8937617355285319 and parameters: {'attention_epoch': 104, 'kl_lambda': 85.85874308067515, 'kl_incr': 2.6830357064130705, 'base_lr': 5.795039516181915e-05, 'classifier_lr': 0.007148671428206574, 'lr2_mult': 0.13214543552711774}. Best is trial 4 with value: 0.9136305393709354.
[I 2026-02-11 23:43:01,725] Trial 37 finished with value: 0.903943943459936 and parameters: {'attention_epoch': 190, 'kl_lambda': 284.58587620858214, 'kl_incr': 1.2752759201664898, 'base_lr': 0.00011916153479252567, 'classifier_lr': 0.0037119184166836483, 'lr2_mult': 0.18745150537542993}. Best is trial 4 with value: 0.9136305393709354.
[I 2026-02-12 00:32:34,714] Trial 38 finished with value: 0.8884026787225299 and parameters: {'attention_epoch': 117, 'kl_lambda': 1.1564506139053503, 'kl_incr': 3.8196085629146284, 'base_lr': 0.00027753444593676117, 'classifier_lr': 0.001243273695840458, 'lr2_mult': 0.14799528554019276}. Best is trial 4 with value: 0.9136305393709354.
[I 2026-02-12 01:22:57,593] Trial 39 finished with value: 0.887818420649695 and parameters: {'attention_epoch': 6, 'kl_lambda': 201.4686751080072, 'kl_incr': 0.8135721953033602, 'base_lr': 0.00045315169906123083, 'classifier_lr': 0.0023471460991855726, 'lr2_mult': 0.21108843642716504}. Best is trial 4 with value: 0.9136305393709354.
[I 2026-02-12 02:13:20,465] Trial 40 finished with value: 0.8878667730419296 and parameters: {'attention_epoch': 93, 'kl_lambda': 6.144278523126308, 'kl_incr': 6.975892657564539, 'base_lr': 8.045018928396822e-05, 'classifier_lr': 0.005003784111583314, 'lr2_mult': 0.34806970008777943}. Best is trial 4 with value: 0.9136305393709354.
[I 2026-02-12 03:02:59,213] Trial 41 finished with value: 0.9061278598425324 and parameters: {'attention_epoch': 85, 'kl_lambda': 143.48431136501927, 'kl_incr': 0.4658781071722513, 'base_lr': 3.875805768872313e-05, 'classifier_lr': 0.0008247235596775007, 'lr2_mult': 0.4253711005862067}. Best is trial 4 with value: 0.9136305393709354.
[I 2026-02-12 03:53:10,721] Trial 42 finished with value: 0.9044879078725754 and parameters: {'attention_epoch': 65, 'kl_lambda': 140.53666207436444, 'kl_incr': 0.506883601313414, 'base_lr': 1.9863688414750958e-05, 'classifier_lr': 0.0009158179381477882, 'lr2_mult': 0.4118623847333805}. Best is trial 4 with value: 0.9136305393709354.
[I 2026-02-12 04:43:27,669] Trial 43 finished with value: 0.9001684274996171 and parameters: {'attention_epoch': 45, 'kl_lambda': 229.52495680239653, 'kl_incr': 0.2867804368447696, 'base_lr': 3.398366988227145e-05, 'classifier_lr': 0.00073916006183781, 'lr2_mult': 0.2699177590059715}. Best is trial 4 with value: 0.9136305393709354.
[I 2026-02-12 05:33:03,043] Trial 44 finished with value: 0.8974888990966161 and parameters: {'attention_epoch': 27, 'kl_lambda': 62.00097077402523, 'kl_incr': 1.0324069123308564, 'base_lr': 5.122153151584638e-05, 'classifier_lr': 0.0012439480903727858, 'lr2_mult': 0.8847270611785598}. Best is trial 4 with value: 0.9136305393709354.
[I 2026-02-12 06:23:04,835] Trial 45 finished with value: 0.8768847359556448 and parameters: {'attention_epoch': 117, 'kl_lambda': 89.73420107896321, 'kl_incr': 0.10017719509579193, 'base_lr': 0.0001933397831244219, 'classifier_lr': 0.000573040985994287, 'lr2_mult': 0.5993439131153173}. Best is trial 4 with value: 0.9136305393709354.
[I 2026-02-12 07:13:26,332] Trial 46 finished with value: 0.8881306965162101 and parameters: {'attention_epoch': 139, 'kl_lambda': 38.03975016015298, 'kl_incr': 0.4206544071567693, 'base_lr': 6.008515890508857e-05, 'classifier_lr': 0.00028259225180775577, 'lr2_mult': 0.39794562401675193}. Best is trial 4 with value: 0.9136305393709354.
[I 2026-02-12 08:03:24,524] Trial 47 finished with value: 0.9122706283393371 and parameters: {'attention_epoch': 54, 'kl_lambda': 298.4360670956479, 'kl_incr': 0.1573364430670451, 'base_lr': 7.377700750911033e-05, 'classifier_lr': 0.002197302620355434, 'lr2_mult': 0.31952251674432824}. Best is trial 4 with value: 0.9136305393709354.
[I 2026-02-12 08:53:43,452] Trial 48 finished with value: 0.9114707991844563 and parameters: {'attention_epoch': 56, 'kl_lambda': 280.4707332884973, 'kl_incr': 0.15125657722418703, 'base_lr': 0.0001582227476131189, 'classifier_lr': 0.0023115588857505307, 'lr2_mult': 0.23403226538457417}. Best is trial 4 with value: 0.9136305393709354.
[I 2026-02-12 09:44:10,297] Trial 49 finished with value: 0.9087590358532989 and parameters: {'attention_epoch': 57, 'kl_lambda': 244.20847238934874, 'kl_incr': 0.1487180942953242, 'base_lr': 0.00014712623316634498, 'classifier_lr': 0.002322335692213057, 'lr2_mult': 0.21945380517362145}. Best is trial 4 with value: 0.9136305393709354.
/home/ryreu/miniconda3/envs/gals_a100/lib/python3.8/site-packages/torchvision/models/_utils.py:208: UserWarning: The parameter 'pretrained' is deprecated since 0.13 and will be removed in 0.15, please use 'weights' instead.
  warnings.warn(
/home/ryreu/miniconda3/envs/gals_a100/lib/python3.8/site-packages/torchvision/models/_utils.py:223: UserWarning: Arguments other than a weight enum or `None` for 'weights' are deprecated since 0.13 and will be removed in 0.15. The current behavior is equivalent to passing `weights=ResNet50_Weights.IMAGENET1K_V1`. You can also use `weights=ResNet50_Weights.DEFAULT` to get the most up-to-date weights.
  warnings.warn(msg)
/home/ryreu/miniconda3/envs/gals_a100/lib/python3.8/site-packages/torchvision/models/_utils.py:208: UserWarning: The parameter 'pretrained' is deprecated since 0.13 and will be removed in 0.15, please use 'weights' instead.
  warnings.warn(
/home/ryreu/miniconda3/envs/gals_a100/lib/python3.8/site-packages/torchvision/models/_utils.py:223: UserWarning: Arguments other than a weight enum or `None` for 'weights' are deprecated since 0.13 and will be removed in 0.15. The current behavior is equivalent to passing `weights=ResNet50_Weights.IMAGENET1K_V1`. You can also use `weights=ResNet50_Weights.DEFAULT` to get the most up-to-date weights.
  warnings.warn(msg)
/home/ryreu/miniconda3/envs/gals_a100/lib/python3.8/site-packages/torchvision/models/_utils.py:208: UserWarning: The parameter 'pretrained' is deprecated since 0.13 and will be removed in 0.15, please use 'weights' instead.
  warnings.warn(
/home/ryreu/miniconda3/envs/gals_a100/lib/python3.8/site-packages/torchvision/models/_utils.py:223: UserWarning: Arguments other than a weight enum or `None` for 'weights' are deprecated since 0.13 and will be removed in 0.15. The current behavior is equivalent to passing `weights=ResNet50_Weights.IMAGENET1K_V1`. You can also use `weights=ResNet50_Weights.DEFAULT` to get the most up-to-date weights.
  warnings.warn(msg)
/home/ryreu/miniconda3/envs/gals_a100/lib/python3.8/site-packages/torchvision/models/_utils.py:208: UserWarning: The parameter 'pretrained' is deprecated since 0.13 and will be removed in 0.15, please use 'weights' instead.
  warnings.warn(
/home/ryreu/miniconda3/envs/gals_a100/lib/python3.8/site-packages/torchvision/models/_utils.py:223: UserWarning: Arguments other than a weight enum or `None` for 'weights' are deprecated since 0.13 and will be removed in 0.15. The current behavior is equivalent to passing `weights=ResNet50_Weights.IMAGENET1K_V1`. You can also use `weights=ResNet50_Weights.DEFAULT` to get the most up-to-date weights.
  warnings.warn(msg)
/home/ryreu/miniconda3/envs/gals_a100/lib/python3.8/site-packages/torchvision/models/_utils.py:208: UserWarning: The parameter 'pretrained' is deprecated since 0.13 and will be removed in 0.15, please use 'weights' instead.
  warnings.warn(
/home/ryreu/miniconda3/envs/gals_a100/lib/python3.8/site-packages/torchvision/models/_utils.py:223: UserWarning: Arguments other than a weight enum or `None` for 'weights' are deprecated since 0.13 and will be removed in 0.15. The current behavior is equivalent to passing `weights=ResNet50_Weights.IMAGENET1K_V1`. You can also use `weights=ResNet50_Weights.DEFAULT` to get the most up-to-date weights.
  warnings.warn(msg)
/home/ryreu/miniconda3/envs/gals_a100/lib/python3.8/site-packages/torchvision/models/_utils.py:208: UserWarning: The parameter 'pretrained' is deprecated since 0.13 and will be removed in 0.15, please use 'weights' instead.
  warnings.warn(
/home/ryreu/miniconda3/envs/gals_a100/lib/python3.8/site-packages/torchvision/models/_utils.py:223: UserWarning: Arguments other than a weight enum or `None` for 'weights' are deprecated since 0.13 and will be removed in 0.15. The current behavior is equivalent to passing `weights=ResNet50_Weights.IMAGENET1K_V1`. You can also use `weights=ResNet50_Weights.DEFAULT` to get the most up-to-date weights.
  warnings.warn(msg)
/home/ryreu/miniconda3/envs/gals_a100/lib/python3.8/site-packages/torchvision/models/_utils.py:208: UserWarning: The parameter 'pretrained' is deprecated since 0.13 and will be removed in 0.15, please use 'weights' instead.
  warnings.warn(
/home/ryreu/miniconda3/envs/gals_a100/lib/python3.8/site-packages/torchvision/models/_utils.py:223: UserWarning: Arguments other than a weight enum or `None` for 'weights' are deprecated since 0.13 and will be removed in 0.15. The current behavior is equivalent to passing `weights=ResNet50_Weights.IMAGENET1K_V1`. You can also use `weights=ResNet50_Weights.DEFAULT` to get the most up-to-date weights.
  warnings.warn(msg)
/home/ryreu/miniconda3/envs/gals_a100/lib/python3.8/site-packages/torchvision/models/_utils.py:208: UserWarning: The parameter 'pretrained' is deprecated since 0.13 and will be removed in 0.15, please use 'weights' instead.
  warnings.warn(
/home/ryreu/miniconda3/envs/gals_a100/lib/python3.8/site-packages/torchvision/models/_utils.py:223: UserWarning: Arguments other than a weight enum or `None` for 'weights' are deprecated since 0.13 and will be removed in 0.15. The current behavior is equivalent to passing `weights=ResNet50_Weights.IMAGENET1K_V1`. You can also use `weights=ResNet50_Weights.DEFAULT` to get the most up-to-date weights.
  warnings.warn(msg)
/home/ryreu/miniconda3/envs/gals_a100/lib/python3.8/site-packages/torchvision/models/_utils.py:208: UserWarning: The parameter 'pretrained' is deprecated since 0.13 and will be removed in 0.15, please use 'weights' instead.
  warnings.warn(
/home/ryreu/miniconda3/envs/gals_a100/lib/python3.8/site-packages/torchvision/models/_utils.py:223: UserWarning: Arguments other than a weight enum or `None` for 'weights' are deprecated since 0.13 and will be removed in 0.15. The current behavior is equivalent to passing `weights=ResNet50_Weights.IMAGENET1K_V1`. You can also use `weights=ResNet50_Weights.DEFAULT` to get the most up-to-date weights.
  warnings.warn(msg)
/home/ryreu/miniconda3/envs/gals_a100/lib/python3.8/site-packages/torchvision/models/_utils.py:208: UserWarning: The parameter 'pretrained' is deprecated since 0.13 and will be removed in 0.15, please use 'weights' instead.
  warnings.warn(
/home/ryreu/miniconda3/envs/gals_a100/lib/python3.8/site-packages/torchvision/models/_utils.py:223: UserWarning: Arguments other than a weight enum or `None` for 'weights' are deprecated since 0.13 and will be removed in 0.15. The current behavior is equivalent to passing `weights=ResNet50_Weights.IMAGENET1K_V1`. You can also use `weights=ResNet50_Weights.DEFAULT` to get the most up-to-date weights.
  warnings.warn(msg)
/home/ryreu/miniconda3/envs/gals_a100/lib/python3.8/site-packages/torchvision/models/_utils.py:208: UserWarning: The parameter 'pretrained' is deprecated since 0.13 and will be removed in 0.15, please use 'weights' instead.
  warnings.warn(
/home/ryreu/miniconda3/envs/gals_a100/lib/python3.8/site-packages/torchvision/models/_utils.py:223: UserWarning: Arguments other than a weight enum or `None` for 'weights' are deprecated since 0.13 and will be removed in 0.15. The current behavior is equivalent to passing `weights=ResNet50_Weights.IMAGENET1K_V1`. You can also use `weights=ResNet50_Weights.DEFAULT` to get the most up-to-date weights.
  warnings.warn(msg)
/home/ryreu/miniconda3/envs/gals_a100/lib/python3.8/site-packages/torchvision/models/_utils.py:208: UserWarning: The parameter 'pretrained' is deprecated since 0.13 and will be removed in 0.15, please use 'weights' instead.
  warnings.warn(
/home/ryreu/miniconda3/envs/gals_a100/lib/python3.8/site-packages/torchvision/models/_utils.py:223: UserWarning: Arguments other than a weight enum or `None` for 'weights' are deprecated since 0.13 and will be removed in 0.15. The current behavior is equivalent to passing `weights=ResNet50_Weights.IMAGENET1K_V1`. You can also use `weights=ResNet50_Weights.DEFAULT` to get the most up-to-date weights.
  warnings.warn(msg)
/home/ryreu/miniconda3/envs/gals_a100/lib/python3.8/site-packages/torchvision/models/_utils.py:208: UserWarning: The parameter 'pretrained' is deprecated since 0.13 and will be removed in 0.15, please use 'weights' instead.
  warnings.warn(
/home/ryreu/miniconda3/envs/gals_a100/lib/python3.8/site-packages/torchvision/models/_utils.py:223: UserWarning: Arguments other than a weight enum or `None` for 'weights' are deprecated since 0.13 and will be removed in 0.15. The current behavior is equivalent to passing `weights=ResNet50_Weights.IMAGENET1K_V1`. You can also use `weights=ResNet50_Weights.DEFAULT` to get the most up-to-date weights.
  warnings.warn(msg)
/home/ryreu/miniconda3/envs/gals_a100/lib/python3.8/site-packages/torchvision/models/_utils.py:208: UserWarning: The parameter 'pretrained' is deprecated since 0.13 and will be removed in 0.15, please use 'weights' instead.
  warnings.warn(
/home/ryreu/miniconda3/envs/gals_a100/lib/python3.8/site-packages/torchvision/models/_utils.py:223: UserWarning: Arguments other than a weight enum or `None` for 'weights' are deprecated since 0.13 and will be removed in 0.15. The current behavior is equivalent to passing `weights=ResNet50_Weights.IMAGENET1K_V1`. You can also use `weights=ResNet50_Weights.DEFAULT` to get the most up-to-date weights.
  warnings.warn(msg)
/home/ryreu/miniconda3/envs/gals_a100/lib/python3.8/site-packages/torchvision/models/_utils.py:208: UserWarning: The parameter 'pretrained' is deprecated since 0.13 and will be removed in 0.15, please use 'weights' instead.
  warnings.warn(
/home/ryreu/miniconda3/envs/gals_a100/lib/python3.8/site-packages/torchvision/models/_utils.py:223: UserWarning: Arguments other than a weight enum or `None` for 'weights' are deprecated since 0.13 and will be removed in 0.15. The current behavior is equivalent to passing `weights=ResNet50_Weights.IMAGENET1K_V1`. You can also use `weights=ResNet50_Weights.DEFAULT` to get the most up-to-date weights.
  warnings.warn(msg)
