[I 2026-02-13 11:01:05,816] A new study created in memory with name: no-name-c9207609-28fc-4c5e-85d1-67f9a5680991
/home/ryreu/miniconda3/envs/gals_a100/lib/python3.8/site-packages/torchvision/models/_utils.py:208: UserWarning: The parameter 'pretrained' is deprecated since 0.13 and will be removed in 0.15, please use 'weights' instead.
  warnings.warn(
/home/ryreu/miniconda3/envs/gals_a100/lib/python3.8/site-packages/torchvision/models/_utils.py:223: UserWarning: Arguments other than a weight enum or `None` for 'weights' are deprecated since 0.13 and will be removed in 0.15. The current behavior is equivalent to passing `weights=ResNet50_Weights.IMAGENET1K_V1`. You can also use `weights=ResNet50_Weights.DEFAULT` to get the most up-to-date weights.
  warnings.warn(msg)
[I 2026-02-13 11:51:46,903] Trial 0 finished with value: 0.8781882358629693 and parameters: {'attention_epoch': 52, 'kl_lambda': 3.3006275018035693, 'base_lr': 0.00015752820076255465, 'classifier_lr': 0.0012490195403413896, 'lr2_mult': 1.5439563737454567}. Best is trial 0 with value: 0.8781882358629693.
[I 2026-02-13 12:42:21,091] Trial 1 finished with value: 0.884931379896687 and parameters: {'attention_epoch': 134, 'kl_lambda': 37.64334086596342, 'base_lr': 0.00032500294102896224, 'classifier_lr': 0.0010466063699830473, 'lr2_mult': 0.10264059449736043}. Best is trial 1 with value: 0.884931379896687.
[I 2026-02-13 13:32:12,731] Trial 2 finished with value: 0.8580393910822071 and parameters: {'attention_epoch': 76, 'kl_lambda': 50.3089431360996, 'base_lr': 0.0007188035666928688, 'classifier_lr': 0.00023779553483167361, 'lr2_mult': 0.622731156703287}. Best is trial 1 with value: 0.884931379896687.
[I 2026-02-13 14:22:08,355] Trial 3 finished with value: 0.8293402316079588 and parameters: {'attention_epoch': 98, 'kl_lambda': 10.160017328631314, 'base_lr': 9.702074591312473e-06, 'classifier_lr': 1.0087626489365448e-05, 'lr2_mult': 0.44300822033620696}. Best is trial 1 with value: 0.884931379896687.
[I 2026-02-13 15:12:05,934] Trial 4 finished with value: 0.829052131937561 and parameters: {'attention_epoch': 152, 'kl_lambda': 55.94216049201698, 'base_lr': 0.0005843361473391541, 'classifier_lr': 0.0019973690600952063, 'lr2_mult': 1.411891807432895}. Best is trial 1 with value: 0.884931379896687.
[I 2026-02-13 16:01:47,181] Trial 5 finished with value: 0.8811316877402509 and parameters: {'attention_epoch': 188, 'kl_lambda': 18.745641281741197, 'base_lr': 1.4539034238385314e-05, 'classifier_lr': 0.0015605334327760223, 'lr2_mult': 2.8094646068498705}. Best is trial 1 with value: 0.884931379896687.
[I 2026-02-13 16:51:31,459] Trial 6 finished with value: 0.8739009904181676 and parameters: {'attention_epoch': 102, 'kl_lambda': 10.384617465748367, 'base_lr': 0.000509262329187336, 'classifier_lr': 0.0001017682928687699, 'lr2_mult': 0.9028608709731626}. Best is trial 1 with value: 0.884931379896687.
[I 2026-02-13 17:42:16,092] Trial 7 finished with value: 0.8132227675297569 and parameters: {'attention_epoch': 16, 'kl_lambda': 3.1822104506928395, 'base_lr': 2.69137448094904e-06, 'classifier_lr': 0.002759275850393096, 'lr2_mult': 0.21132004150123465}. Best is trial 1 with value: 0.884931379896687.
[I 2026-02-13 18:32:50,826] Trial 8 finished with value: 0.8602071900007253 and parameters: {'attention_epoch': 47, 'kl_lambda': 15.471296148867275, 'base_lr': 5.1107616436248696e-05, 'classifier_lr': 7.236639751740692e-05, 'lr2_mult': 0.11897510725867266}. Best is trial 1 with value: 0.884931379896687.
[I 2026-02-13 19:22:37,571] Trial 9 finished with value: 0.8940014828066952 and parameters: {'attention_epoch': 50, 'kl_lambda': 219.15943693152303, 'base_lr': 1.9330289566908134e-05, 'classifier_lr': 0.00030451579690912966, 'lr2_mult': 0.3085609229769981}. Best is trial 9 with value: 0.8940014828066952.
[I 2026-02-13 20:12:20,102] Trial 10 finished with value: 0.79956926077251 and parameters: {'attention_epoch': 8, 'kl_lambda': 445.39269940692327, 'base_lr': 1.3910084824998707e-06, 'classifier_lr': 0.00975452347100851, 'lr2_mult': 0.2925024296252012}. Best is trial 9 with value: 0.8940014828066952.
[I 2026-02-13 21:02:07,635] Trial 11 finished with value: 0.8964654401276503 and parameters: {'attention_epoch': 134, 'kl_lambda': 331.17190406957116, 'base_lr': 6.691003983943932e-05, 'classifier_lr': 0.0004112054425073957, 'lr2_mult': 0.10394540066551977}. Best is trial 11 with value: 0.8964654401276503.
[I 2026-02-13 21:53:00,673] Trial 12 finished with value: 0.8959134169829719 and parameters: {'attention_epoch': 129, 'kl_lambda': 462.17556568258806, 'base_lr': 7.577764294907059e-05, 'classifier_lr': 0.0003399518038601929, 'lr2_mult': 0.20491203434270852}. Best is trial 11 with value: 0.8964654401276503.
[I 2026-02-13 22:43:32,241] Trial 13 finished with value: 0.8664386045499601 and parameters: {'attention_epoch': 141, 'kl_lambda': 172.23106771398898, 'base_lr': 7.371888333746183e-05, 'classifier_lr': 4.538018879634012e-05, 'lr2_mult': 0.16487688728014452}. Best is trial 11 with value: 0.8964654401276503.
[I 2026-02-13 23:33:16,962] Trial 14 finished with value: 0.8943379348693277 and parameters: {'attention_epoch': 174, 'kl_lambda': 458.61994803046315, 'base_lr': 0.000125188864120373, 'classifier_lr': 0.0006120995543212916, 'lr2_mult': 0.16226758337993044}. Best is trial 11 with value: 0.8964654401276503.
[I 2026-02-14 00:24:05,430] Trial 15 finished with value: 0.8935300469824078 and parameters: {'attention_epoch': 110, 'kl_lambda': 157.14748559787293, 'base_lr': 3.562712576975359e-05, 'classifier_lr': 0.00017133582912465402, 'lr2_mult': 0.23621662890244793}. Best is trial 11 with value: 0.8964654401276503.
[I 2026-02-14 01:14:44,813] Trial 16 finished with value: 0.8768686184915666 and parameters: {'attention_epoch': 165, 'kl_lambda': 102.35975625220716, 'base_lr': 5.705524109384976e-06, 'classifier_lr': 3.1640186482757454e-05, 'lr2_mult': 0.141619795478783}. Best is trial 11 with value: 0.8964654401276503.
[I 2026-02-14 02:04:43,182] Trial 17 finished with value: 0.8846755151544456 and parameters: {'attention_epoch': 123, 'kl_lambda': 291.3392554995073, 'base_lr': 0.0001948849406034817, 'classifier_lr': 0.0005188005097867358, 'lr2_mult': 0.40448008681256925}. Best is trial 11 with value: 0.8964654401276503.
[I 2026-02-14 02:55:22,942] Trial 18 finished with value: 0.8978011749631314 and parameters: {'attention_epoch': 82, 'kl_lambda': 84.38146597115127, 'base_lr': 6.935160138341733e-05, 'classifier_lr': 0.005452303580404469, 'lr2_mult': 0.1012328627514316}. Best is trial 18 with value: 0.8978011749631314.
[I 2026-02-14 03:45:10,626] Trial 19 finished with value: 0.8846593976903674 and parameters: {'attention_epoch': 80, 'kl_lambda': 88.21989712136698, 'base_lr': 2.7904407821835e-05, 'classifier_lr': 0.007253414892380894, 'lr2_mult': 0.10992044273717297}. Best is trial 18 with value: 0.8978011749631314.
[I 2026-02-14 04:35:57,856] Trial 20 finished with value: 0.8688380920146024 and parameters: {'attention_epoch': 80, 'kl_lambda': 99.2935844215247, 'base_lr': 5.627355932904326e-06, 'classifier_lr': 0.0045978543572035326, 'lr2_mult': 0.7471686941015262}. Best is trial 18 with value: 0.8978011749631314.
[I 2026-02-14 05:26:48,529] Trial 21 finished with value: 0.8838595685354866 and parameters: {'attention_epoch': 118, 'kl_lambda': 499.18627800121277, 'base_lr': 7.881699655439757e-05, 'classifier_lr': 0.0006184486516737164, 'lr2_mult': 0.18470462109247449}. Best is trial 18 with value: 0.8978011749631314.
[I 2026-02-14 06:16:37,032] Trial 22 finished with value: 0.8801001700392461 and parameters: {'attention_epoch': 150, 'kl_lambda': 283.69868921783524, 'base_lr': 8.514435458711852e-05, 'classifier_lr': 0.00015859895117846325, 'lr2_mult': 0.13655522043596058}. Best is trial 18 with value: 0.8978011749631314.
[I 2026-02-14 07:07:26,217] Trial 23 finished with value: 0.8905624189090089 and parameters: {'attention_epoch': 91, 'kl_lambda': 134.71545824671495, 'base_lr': 0.0002658297864110131, 'classifier_lr': 0.002970091155171219, 'lr2_mult': 0.10079599246125899}. Best is trial 18 with value: 0.8978011749631314.
[I 2026-02-14 07:58:05,916] Trial 24 finished with value: 0.9034160965113749 and parameters: {'attention_epoch': 125, 'kl_lambda': 284.9414721765664, 'base_lr': 4.281889366663779e-05, 'classifier_lr': 0.0004628232041195073, 'lr2_mult': 0.2487293646477088}. Best is trial 24 with value: 0.9034160965113749.
[I 2026-02-14 08:47:58,027] Trial 25 finished with value: 0.8534962808951639 and parameters: {'attention_epoch': 60, 'kl_lambda': 1.4727943854674659, 'base_lr': 3.696743004983631e-05, 'classifier_lr': 0.0009830972260382127, 'lr2_mult': 0.3156161132275973}. Best is trial 24 with value: 0.9034160965113749.
[I 2026-02-14 09:38:40,771] Trial 26 finished with value: 0.8838353923393694 and parameters: {'attention_epoch': 162, 'kl_lambda': 32.462467059109436, 'base_lr': 2.3917573194658114e-05, 'classifier_lr': 0.004236524294404372, 'lr2_mult': 0.25611260027673693}. Best is trial 24 with value: 0.9034160965113749.
[I 2026-02-14 10:29:28,452] Trial 27 finished with value: 0.8232135805752323 and parameters: {'attention_epoch': 198, 'kl_lambda': 239.21553659685938, 'base_lr': 1.181204351656133e-05, 'classifier_lr': 1.7130210533021382e-05, 'lr2_mult': 0.14070900040965834}. Best is trial 24 with value: 0.9034160965113749.
[I 2026-02-14 11:20:18,156] Trial 28 finished with value: 0.8940417764668906 and parameters: {'attention_epoch': 114, 'kl_lambda': 68.64685734593992, 'base_lr': 4.568131954720696e-05, 'classifier_lr': 0.0004539244886028161, 'lr2_mult': 0.43357624090231506}. Best is trial 24 with value: 0.9034160965113749.
[I 2026-02-14 12:12:08,120] Trial 29 finished with value: 0.8956736697048087 and parameters: {'attention_epoch': 32, 'kl_lambda': 158.14782166436677, 'base_lr': 0.00013056313610517115, 'classifier_lr': 0.0009199850153499598, 'lr2_mult': 0.1766556911005544}. Best is trial 24 with value: 0.9034160965113749.
[I 2026-02-14 13:03:46,809] Trial 30 finished with value: 0.8809080579261659 and parameters: {'attention_epoch': 87, 'kl_lambda': 29.97929365088827, 'base_lr': 0.00021212046799065867, 'classifier_lr': 0.0001285161837906237, 'lr2_mult': 0.1381205959776336}. Best is trial 24 with value: 0.9034160965113749.
[I 2026-02-14 13:54:44,445] Trial 31 finished with value: 0.8867788442166509 and parameters: {'attention_epoch': 128, 'kl_lambda': 330.21484031099436, 'base_lr': 6.214302153660287e-05, 'classifier_lr': 0.0002665998262954381, 'lr2_mult': 0.21293784083671136}. Best is trial 24 with value: 0.9034160965113749.
[I 2026-02-14 14:46:20,657] Trial 32 finished with value: 0.8862509972680899 and parameters: {'attention_epoch': 137, 'kl_lambda': 215.69626489468683, 'base_lr': 0.00011584821881710103, 'classifier_lr': 0.00041763919036223057, 'lr2_mult': 0.10003655451613093}. Best is trial 24 with value: 0.9034160965113749.
[I 2026-02-14 15:37:55,575] Trial 33 finished with value: 0.7893306417168322 and parameters: {'attention_epoch': 107, 'kl_lambda': 342.10336698253593, 'base_lr': 0.00036402163542581723, 'classifier_lr': 0.0008283545027475069, 'lr2_mult': 0.3806556387524402}. Best is trial 24 with value: 0.9034160965113749.
[I 2026-02-14 16:28:01,427] Trial 34 finished with value: 0.8755490011201637 and parameters: {'attention_epoch': 131, 'kl_lambda': 115.04193245405386, 'base_lr': 0.00010868386327152369, 'classifier_lr': 0.00021805194133963916, 'lr2_mult': 0.5564246542450147}. Best is trial 24 with value: 0.9034160965113749.
[I 2026-02-14 17:18:25,523] Trial 35 finished with value: 0.8785005117294844 and parameters: {'attention_epoch': 148, 'kl_lambda': 362.66895849505556, 'base_lr': 5.006428769740202e-05, 'classifier_lr': 7.843557286372982e-05, 'lr2_mult': 0.20157872113320047}. Best is trial 24 with value: 0.9034160965113749.
[I 2026-02-14 18:08:57,225] Trial 36 finished with value: 0.8865310382064486 and parameters: {'attention_epoch': 64, 'kl_lambda': 46.75327362299511, 'base_lr': 1.9010396194809256e-05, 'classifier_lr': 0.0017735488984247513, 'lr2_mult': 0.12552592934698847}. Best is trial 24 with value: 0.9034160965113749.
[I 2026-02-14 18:58:50,104] Trial 37 finished with value: 0.8787402590076477 and parameters: {'attention_epoch': 68, 'kl_lambda': 75.97108824066574, 'base_lr': 0.00017140677109165969, 'classifier_lr': 0.00036228933410920207, 'lr2_mult': 0.2600911992118258}. Best is trial 24 with value: 0.9034160965113749.
[I 2026-02-14 19:49:25,749] Trial 38 finished with value: 0.8798443052970046 and parameters: {'attention_epoch': 97, 'kl_lambda': 216.05601521522973, 'base_lr': 0.0003375923031911499, 'classifier_lr': 0.0012692259630184945, 'lr2_mult': 0.16015444785570404}. Best is trial 24 with value: 0.9034160965113749.
[I 2026-02-14 20:39:20,842] Trial 39 finished with value: 0.8741649138924481 and parameters: {'attention_epoch': 121, 'kl_lambda': 5.766208882115905, 'base_lr': 0.000867068905080341, 'classifier_lr': 4.6160919715949726e-05, 'lr2_mult': 1.3874700082808449}. Best is trial 24 with value: 0.9034160965113749.
[I 2026-02-14 21:29:59,571] Trial 40 finished with value: 0.8932258298479318 and parameters: {'attention_epoch': 179, 'kl_lambda': 52.91026978776798, 'base_lr': 3.218783598677019e-05, 'classifier_lr': 0.0002181114910299999, 'lr2_mult': 1.1075150938659326}. Best is trial 24 with value: 0.9034160965113749.
[I 2026-02-14 22:19:42,712] Trial 41 finished with value: 0.8948335468897324 and parameters: {'attention_epoch': 43, 'kl_lambda': 169.67567570201993, 'base_lr': 0.0001333442665146148, 'classifier_lr': 0.0008476973099391814, 'lr2_mult': 0.18374849881628}. Best is trial 24 with value: 0.9034160965113749.
[I 2026-02-14 23:10:21,860] Trial 42 finished with value: 0.8945776821474909 and parameters: {'attention_epoch': 28, 'kl_lambda': 150.2204321411812, 'base_lr': 8.899211373985603e-05, 'classifier_lr': 0.0006856765258634249, 'lr2_mult': 0.1147463942188824}. Best is trial 24 with value: 0.9034160965113749.
[I 2026-02-15 00:01:25,847] Trial 43 finished with value: 0.8837789812150956 and parameters: {'attention_epoch': 32, 'kl_lambda': 363.9746384526224, 'base_lr': 5.626956291513089e-05, 'classifier_lr': 0.0012691769412210446, 'lr2_mult': 0.3556077147281562}. Best is trial 24 with value: 0.9034160965113749.
[I 2026-02-15 00:51:03,809] Trial 44 finished with value: 0.8672626099009582 and parameters: {'attention_epoch': 139, 'kl_lambda': 203.55063902458906, 'base_lr': 0.0005014640966690905, 'classifier_lr': 0.0024313699564286165, 'lr2_mult': 0.16771693976124694}. Best is trial 24 with value: 0.9034160965113749.
[I 2026-02-15 01:40:54,636] Trial 45 finished with value: 0.8760768480687249 and parameters: {'attention_epoch': 158, 'kl_lambda': 270.0199530047169, 'base_lr': 0.0001597548621676738, 'classifier_lr': 0.0003320654572321288, 'lr2_mult': 0.21633521090043856}. Best is trial 24 with value: 0.9034160965113749.
[I 2026-02-15 02:31:24,268] Trial 46 finished with value: 0.8731253374594041 and parameters: {'attention_epoch': 5, 'kl_lambda': 127.02104701663379, 'base_lr': 4.045375752442297e-05, 'classifier_lr': 0.004508966858511667, 'lr2_mult': 0.2734553480971048}. Best is trial 24 with value: 0.9034160965113749.
[I 2026-02-15 03:21:36,518] Trial 47 finished with value: 0.7336508473756739 and parameters: {'attention_epoch': 101, 'kl_lambda': 466.51745834587354, 'base_lr': 6.723900760614687e-05, 'classifier_lr': 0.0014833880500984627, 'lr2_mult': 2.0401023991597866}. Best is trial 24 with value: 0.9034160965113749.
[I 2026-02-15 04:11:17,880] Trial 48 finished with value: 0.8889547018672082 and parameters: {'attention_epoch': 25, 'kl_lambda': 182.13355305132447, 'base_lr': 1.6892250070717535e-05, 'classifier_lr': 0.00048340020465955166, 'lr2_mult': 0.15291229530112432}. Best is trial 24 with value: 0.9034160965113749.
[I 2026-02-15 05:01:45,281] Trial 49 finished with value: 0.8647744763838858 and parameters: {'attention_epoch': 38, 'kl_lambda': 14.999707371420689, 'base_lr': 2.405051067896849e-05, 'classifier_lr': 0.0071497725081215826, 'lr2_mult': 0.12485073514726179}. Best is trial 24 with value: 0.9034160965113749.
/home/ryreu/miniconda3/envs/gals_a100/lib/python3.8/site-packages/torchvision/models/_utils.py:208: UserWarning: The parameter 'pretrained' is deprecated since 0.13 and will be removed in 0.15, please use 'weights' instead.
  warnings.warn(
/home/ryreu/miniconda3/envs/gals_a100/lib/python3.8/site-packages/torchvision/models/_utils.py:223: UserWarning: Arguments other than a weight enum or `None` for 'weights' are deprecated since 0.13 and will be removed in 0.15. The current behavior is equivalent to passing `weights=ResNet50_Weights.IMAGENET1K_V1`. You can also use `weights=ResNet50_Weights.DEFAULT` to get the most up-to-date weights.
  warnings.warn(msg)
/home/ryreu/miniconda3/envs/gals_a100/lib/python3.8/site-packages/torchvision/models/_utils.py:208: UserWarning: The parameter 'pretrained' is deprecated since 0.13 and will be removed in 0.15, please use 'weights' instead.
  warnings.warn(
/home/ryreu/miniconda3/envs/gals_a100/lib/python3.8/site-packages/torchvision/models/_utils.py:223: UserWarning: Arguments other than a weight enum or `None` for 'weights' are deprecated since 0.13 and will be removed in 0.15. The current behavior is equivalent to passing `weights=ResNet50_Weights.IMAGENET1K_V1`. You can also use `weights=ResNet50_Weights.DEFAULT` to get the most up-to-date weights.
  warnings.warn(msg)
/home/ryreu/miniconda3/envs/gals_a100/lib/python3.8/site-packages/torchvision/models/_utils.py:208: UserWarning: The parameter 'pretrained' is deprecated since 0.13 and will be removed in 0.15, please use 'weights' instead.
  warnings.warn(
/home/ryreu/miniconda3/envs/gals_a100/lib/python3.8/site-packages/torchvision/models/_utils.py:223: UserWarning: Arguments other than a weight enum or `None` for 'weights' are deprecated since 0.13 and will be removed in 0.15. The current behavior is equivalent to passing `weights=ResNet50_Weights.IMAGENET1K_V1`. You can also use `weights=ResNet50_Weights.DEFAULT` to get the most up-to-date weights.
  warnings.warn(msg)
/home/ryreu/miniconda3/envs/gals_a100/lib/python3.8/site-packages/torchvision/models/_utils.py:208: UserWarning: The parameter 'pretrained' is deprecated since 0.13 and will be removed in 0.15, please use 'weights' instead.
  warnings.warn(
/home/ryreu/miniconda3/envs/gals_a100/lib/python3.8/site-packages/torchvision/models/_utils.py:223: UserWarning: Arguments other than a weight enum or `None` for 'weights' are deprecated since 0.13 and will be removed in 0.15. The current behavior is equivalent to passing `weights=ResNet50_Weights.IMAGENET1K_V1`. You can also use `weights=ResNet50_Weights.DEFAULT` to get the most up-to-date weights.
  warnings.warn(msg)
/home/ryreu/miniconda3/envs/gals_a100/lib/python3.8/site-packages/torchvision/models/_utils.py:208: UserWarning: The parameter 'pretrained' is deprecated since 0.13 and will be removed in 0.15, please use 'weights' instead.
  warnings.warn(
/home/ryreu/miniconda3/envs/gals_a100/lib/python3.8/site-packages/torchvision/models/_utils.py:223: UserWarning: Arguments other than a weight enum or `None` for 'weights' are deprecated since 0.13 and will be removed in 0.15. The current behavior is equivalent to passing `weights=ResNet50_Weights.IMAGENET1K_V1`. You can also use `weights=ResNet50_Weights.DEFAULT` to get the most up-to-date weights.
  warnings.warn(msg)
/home/ryreu/miniconda3/envs/gals_a100/lib/python3.8/site-packages/torchvision/models/_utils.py:208: UserWarning: The parameter 'pretrained' is deprecated since 0.13 and will be removed in 0.15, please use 'weights' instead.
  warnings.warn(
/home/ryreu/miniconda3/envs/gals_a100/lib/python3.8/site-packages/torchvision/models/_utils.py:223: UserWarning: Arguments other than a weight enum or `None` for 'weights' are deprecated since 0.13 and will be removed in 0.15. The current behavior is equivalent to passing `weights=ResNet50_Weights.IMAGENET1K_V1`. You can also use `weights=ResNet50_Weights.DEFAULT` to get the most up-to-date weights.
  warnings.warn(msg)
/home/ryreu/miniconda3/envs/gals_a100/lib/python3.8/site-packages/torchvision/models/_utils.py:208: UserWarning: The parameter 'pretrained' is deprecated since 0.13 and will be removed in 0.15, please use 'weights' instead.
  warnings.warn(
/home/ryreu/miniconda3/envs/gals_a100/lib/python3.8/site-packages/torchvision/models/_utils.py:223: UserWarning: Arguments other than a weight enum or `None` for 'weights' are deprecated since 0.13 and will be removed in 0.15. The current behavior is equivalent to passing `weights=ResNet50_Weights.IMAGENET1K_V1`. You can also use `weights=ResNet50_Weights.DEFAULT` to get the most up-to-date weights.
  warnings.warn(msg)
/home/ryreu/miniconda3/envs/gals_a100/lib/python3.8/site-packages/torchvision/models/_utils.py:208: UserWarning: The parameter 'pretrained' is deprecated since 0.13 and will be removed in 0.15, please use 'weights' instead.
  warnings.warn(
/home/ryreu/miniconda3/envs/gals_a100/lib/python3.8/site-packages/torchvision/models/_utils.py:223: UserWarning: Arguments other than a weight enum or `None` for 'weights' are deprecated since 0.13 and will be removed in 0.15. The current behavior is equivalent to passing `weights=ResNet50_Weights.IMAGENET1K_V1`. You can also use `weights=ResNet50_Weights.DEFAULT` to get the most up-to-date weights.
  warnings.warn(msg)
/home/ryreu/miniconda3/envs/gals_a100/lib/python3.8/site-packages/torchvision/models/_utils.py:208: UserWarning: The parameter 'pretrained' is deprecated since 0.13 and will be removed in 0.15, please use 'weights' instead.
  warnings.warn(
/home/ryreu/miniconda3/envs/gals_a100/lib/python3.8/site-packages/torchvision/models/_utils.py:223: UserWarning: Arguments other than a weight enum or `None` for 'weights' are deprecated since 0.13 and will be removed in 0.15. The current behavior is equivalent to passing `weights=ResNet50_Weights.IMAGENET1K_V1`. You can also use `weights=ResNet50_Weights.DEFAULT` to get the most up-to-date weights.
  warnings.warn(msg)
/home/ryreu/miniconda3/envs/gals_a100/lib/python3.8/site-packages/torchvision/models/_utils.py:208: UserWarning: The parameter 'pretrained' is deprecated since 0.13 and will be removed in 0.15, please use 'weights' instead.
  warnings.warn(
/home/ryreu/miniconda3/envs/gals_a100/lib/python3.8/site-packages/torchvision/models/_utils.py:223: UserWarning: Arguments other than a weight enum or `None` for 'weights' are deprecated since 0.13 and will be removed in 0.15. The current behavior is equivalent to passing `weights=ResNet50_Weights.IMAGENET1K_V1`. You can also use `weights=ResNet50_Weights.DEFAULT` to get the most up-to-date weights.
  warnings.warn(msg)
/home/ryreu/miniconda3/envs/gals_a100/lib/python3.8/site-packages/torchvision/models/_utils.py:208: UserWarning: The parameter 'pretrained' is deprecated since 0.13 and will be removed in 0.15, please use 'weights' instead.
  warnings.warn(
/home/ryreu/miniconda3/envs/gals_a100/lib/python3.8/site-packages/torchvision/models/_utils.py:223: UserWarning: Arguments other than a weight enum or `None` for 'weights' are deprecated since 0.13 and will be removed in 0.15. The current behavior is equivalent to passing `weights=ResNet50_Weights.IMAGENET1K_V1`. You can also use `weights=ResNet50_Weights.DEFAULT` to get the most up-to-date weights.
  warnings.warn(msg)
/home/ryreu/miniconda3/envs/gals_a100/lib/python3.8/site-packages/torchvision/models/_utils.py:208: UserWarning: The parameter 'pretrained' is deprecated since 0.13 and will be removed in 0.15, please use 'weights' instead.
  warnings.warn(
/home/ryreu/miniconda3/envs/gals_a100/lib/python3.8/site-packages/torchvision/models/_utils.py:223: UserWarning: Arguments other than a weight enum or `None` for 'weights' are deprecated since 0.13 and will be removed in 0.15. The current behavior is equivalent to passing `weights=ResNet50_Weights.IMAGENET1K_V1`. You can also use `weights=ResNet50_Weights.DEFAULT` to get the most up-to-date weights.
  warnings.warn(msg)
/home/ryreu/miniconda3/envs/gals_a100/lib/python3.8/site-packages/torchvision/models/_utils.py:208: UserWarning: The parameter 'pretrained' is deprecated since 0.13 and will be removed in 0.15, please use 'weights' instead.
  warnings.warn(
/home/ryreu/miniconda3/envs/gals_a100/lib/python3.8/site-packages/torchvision/models/_utils.py:223: UserWarning: Arguments other than a weight enum or `None` for 'weights' are deprecated since 0.13 and will be removed in 0.15. The current behavior is equivalent to passing `weights=ResNet50_Weights.IMAGENET1K_V1`. You can also use `weights=ResNet50_Weights.DEFAULT` to get the most up-to-date weights.
  warnings.warn(msg)
/home/ryreu/miniconda3/envs/gals_a100/lib/python3.8/site-packages/torchvision/models/_utils.py:208: UserWarning: The parameter 'pretrained' is deprecated since 0.13 and will be removed in 0.15, please use 'weights' instead.
  warnings.warn(
/home/ryreu/miniconda3/envs/gals_a100/lib/python3.8/site-packages/torchvision/models/_utils.py:223: UserWarning: Arguments other than a weight enum or `None` for 'weights' are deprecated since 0.13 and will be removed in 0.15. The current behavior is equivalent to passing `weights=ResNet50_Weights.IMAGENET1K_V1`. You can also use `weights=ResNet50_Weights.DEFAULT` to get the most up-to-date weights.
  warnings.warn(msg)
/home/ryreu/miniconda3/envs/gals_a100/lib/python3.8/site-packages/torchvision/models/_utils.py:208: UserWarning: The parameter 'pretrained' is deprecated since 0.13 and will be removed in 0.15, please use 'weights' instead.
  warnings.warn(
/home/ryreu/miniconda3/envs/gals_a100/lib/python3.8/site-packages/torchvision/models/_utils.py:223: UserWarning: Arguments other than a weight enum or `None` for 'weights' are deprecated since 0.13 and will be removed in 0.15. The current behavior is equivalent to passing `weights=ResNet50_Weights.IMAGENET1K_V1`. You can also use `weights=ResNet50_Weights.DEFAULT` to get the most up-to-date weights.
  warnings.warn(msg)
