[I 2026-02-10 16:02:29,944] A new study created in memory with name: no-name-d5810901-a677-4bed-8d65-510aed487034
/home/ryreu/miniconda3/envs/gals_a100/lib/python3.8/site-packages/torchvision/models/_utils.py:208: UserWarning: The parameter 'pretrained' is deprecated since 0.13 and will be removed in 0.15, please use 'weights' instead.
  warnings.warn(
/home/ryreu/miniconda3/envs/gals_a100/lib/python3.8/site-packages/torchvision/models/_utils.py:223: UserWarning: Arguments other than a weight enum or `None` for 'weights' are deprecated since 0.13 and will be removed in 0.15. The current behavior is equivalent to passing `weights=ResNet50_Weights.IMAGENET1K_V1`. You can also use `weights=ResNet50_Weights.DEFAULT` to get the most up-to-date weights.
  warnings.warn(msg)
[I 2026-02-10 16:53:09,490] Trial 0 finished with value: 0.8197693059941966 and parameters: {'attention_epoch': 54, 'kl_lambda': 41.66368868284661, 'kl_incr': 4.347606766139109, 'base_lr': 3.4077016533603946e-05, 'classifier_lr': 0.001084268667114281, 'lr2_mult': 0.2153723606606376}. Best is trial 0 with value: 0.8197693059941966.
[I 2026-02-10 17:43:04,460] Trial 1 finished with value: 0.8203925325039678 and parameters: {'attention_epoch': 161, 'kl_lambda': 37.4238472171377, 'kl_incr': 7.354249636586504, 'base_lr': 5.044859627907743e-05, 'classifier_lr': 0.00010495257336467112, 'lr2_mult': 0.11064357144047991}. Best is trial 1 with value: 0.8203925325039678.
[I 2026-02-10 18:33:07,866] Trial 2 finished with value: 0.7920387322250189 and parameters: {'attention_epoch': 24, 'kl_lambda': 2.297047850332503, 'kl_incr': 6.135208488056298, 'base_lr': 4.3395883927837406e-05, 'classifier_lr': 0.00033886438596681686, 'lr2_mult': 0.5556787912148192}. Best is trial 1 with value: 0.8203925325039678.
[I 2026-02-10 19:22:42,405] Trial 3 finished with value: 0.8388508584895074 and parameters: {'attention_epoch': 158, 'kl_lambda': 5.705949927990112, 'kl_incr': 24.491189075613143, 'base_lr': 7.706351365749674e-05, 'classifier_lr': 0.0005341569182170002, 'lr2_mult': 0.2335516116685812}. Best is trial 3 with value: 0.8388508584895074.
[I 2026-02-10 20:13:08,531] Trial 4 finished with value: 0.866126537024865 and parameters: {'attention_epoch': 52, 'kl_lambda': 133.83433034337796, 'kl_incr': 2.8318291685233734, 'base_lr': 1.1488680626958635e-05, 'classifier_lr': 0.00012705394913431286, 'lr2_mult': 1.2332678116796187}. Best is trial 4 with value: 0.866126537024865.
[I 2026-02-10 21:03:28,498] Trial 5 finished with value: 0.792605848309473 and parameters: {'attention_epoch': 162, 'kl_lambda': 1.9367899930125545, 'kl_incr': 3.3446981530941455, 'base_lr': 5.703412880654482e-05, 'classifier_lr': 0.005966737400139818, 'lr2_mult': 1.464532848146635}. Best is trial 4 with value: 0.866126537024865.
[I 2026-02-10 21:52:50,629] Trial 6 finished with value: 0.8240076470493932 and parameters: {'attention_epoch': 28, 'kl_lambda': 26.247908588400875, 'kl_incr': 1.1427978906452438, 'base_lr': 3.626671114119517e-05, 'classifier_lr': 0.0011376064535428608, 'lr2_mult': 1.0342231928211303}. Best is trial 4 with value: 0.866126537024865.
[I 2026-02-10 22:43:05,338] Trial 7 finished with value: 0.8722606088782725 and parameters: {'attention_epoch': 178, 'kl_lambda': 234.43482011389503, 'kl_incr': 16.76824261341264, 'base_lr': 2.7611026399429867e-05, 'classifier_lr': 0.009622518415965484, 'lr2_mult': 0.4131719063590329}. Best is trial 7 with value: 0.8722606088782725.
[I 2026-02-10 23:33:24,381] Trial 8 finished with value: 0.81383362457316 and parameters: {'attention_epoch': 28, 'kl_lambda': 61.12201965071792, 'kl_incr': 14.079150753432083, 'base_lr': 0.0003606708318071531, 'classifier_lr': 0.0004864458822333492, 'lr2_mult': 0.4616925013434887}. Best is trial 7 with value: 0.8722606088782725.
[I 2026-02-11 00:22:43,704] Trial 9 finished with value: 0.8376344646263847 and parameters: {'attention_epoch': 167, 'kl_lambda': 133.36672639755912, 'kl_incr': 21.907931692345823, 'base_lr': 0.0003345457306226339, 'classifier_lr': 0.004916815240808898, 'lr2_mult': 0.7236949821356493}. Best is trial 7 with value: 0.8722606088782725.
[I 2026-02-11 01:12:54,565] Trial 10 finished with value: 0.8484036583997306 and parameters: {'attention_epoch': 110, 'kl_lambda': 264.12202877990154, 'kl_incr': 0.22783649260909541, 'base_lr': 1.1000076836143774e-05, 'classifier_lr': 0.0023000372555827047, 'lr2_mult': 2.501295114947239}. Best is trial 7 with value: 0.8722606088782725.
[I 2026-02-11 02:03:11,975] Trial 11 finished with value: 0.8934883851419594 and parameters: {'attention_epoch': 89, 'kl_lambda': 270.5854296855852, 'kl_incr': 0.8318007255092185, 'base_lr': 1.1293755766290176e-05, 'classifier_lr': 0.00011067387048849411, 'lr2_mult': 1.8411260433676864}. Best is trial 11 with value: 0.8934883851419594.
[I 2026-02-11 02:53:08,417] Trial 12 finished with value: 0.8421834169645863 and parameters: {'attention_epoch': 110, 'kl_lambda': 295.1998550798827, 'kl_incr': 0.7831477653977211, 'base_lr': 1.7775350789462777e-05, 'classifier_lr': 0.0027010049421370623, 'lr2_mult': 2.9647570230175813}. Best is trial 11 with value: 0.8934883851419594.
[I 2026-02-11 03:43:52,025] Trial 13 finished with value: 0.722616108501531 and parameters: {'attention_epoch': 199, 'kl_lambda': 9.80168261462373, 'kl_incr': 0.3933899697038364, 'base_lr': 0.0001552130141670078, 'classifier_lr': 0.00022580314244686066, 'lr2_mult': 0.3233050159521282}. Best is trial 11 with value: 0.8934883851419594.
[I 2026-02-11 04:33:53,741] Trial 14 finished with value: 0.6839740609519535 and parameters: {'attention_epoch': 85, 'kl_lambda': 100.13893612599186, 'kl_incr': 0.1081961000882471, 'base_lr': 0.0009713298456841115, 'classifier_lr': 0.002430054628563861, 'lr2_mult': 1.855094151814761}. Best is trial 11 with value: 0.8934883851419594.
[I 2026-02-11 05:23:27,832] Trial 15 finished with value: 0.8639763053689661 and parameters: {'attention_epoch': 131, 'kl_lambda': 292.426466028464, 'kl_incr': 1.6693282577866972, 'base_lr': 1.960318944714855e-05, 'classifier_lr': 0.008411496442035404, 'lr2_mult': 0.8483194632503567}. Best is trial 11 with value: 0.8934883851419594.
[I 2026-02-11 06:13:51,374] Trial 16 finished with value: 0.7938763486541514 and parameters: {'attention_epoch': 77, 'kl_lambda': 15.216651299666637, 'kl_incr': 0.5611861306119107, 'base_lr': 2.1582335916424445e-05, 'classifier_lr': 0.00018022873633301642, 'lr2_mult': 0.34483113143598587}. Best is trial 11 with value: 0.8934883851419594.
[I 2026-02-11 07:04:11,391] Trial 17 finished with value: 0.8391614697725123 and parameters: {'attention_epoch': 190, 'kl_lambda': 74.56431985480069, 'kl_incr': 12.622143253016548, 'base_lr': 0.00011952229982573917, 'classifier_lr': 0.0007213415808974809, 'lr2_mult': 0.18111830064785508}. Best is trial 11 with value: 0.8934883851419594.
[I 2026-02-11 07:53:47,698] Trial 18 finished with value: 0.8790740176667682 and parameters: {'attention_epoch': 128, 'kl_lambda': 169.8245133853877, 'kl_incr': 1.8029510392420678, 'base_lr': 1.0137125998909753e-05, 'classifier_lr': 0.0015296529311220628, 'lr2_mult': 0.6130088784379873}. Best is trial 11 with value: 0.8934883851419594.
[I 2026-02-11 08:44:06,150] Trial 19 finished with value: 0.8749458935184442 and parameters: {'attention_epoch': 133, 'kl_lambda': 158.24286847941798, 'kl_incr': 1.7975236489029978, 'base_lr': 1.1066711776372182e-05, 'classifier_lr': 0.001575755515399613, 'lr2_mult': 1.697170522420043}. Best is trial 11 with value: 0.8934883851419594.
[I 2026-02-11 09:34:30,816] Trial 20 finished with value: 0.778640364236818 and parameters: {'attention_epoch': 134, 'kl_lambda': 4.437378859954467, 'kl_incr': 0.3575495181345797, 'base_lr': 1.70161138488405e-05, 'classifier_lr': 0.0003024735427928209, 'lr2_mult': 0.6758764500812717}. Best is trial 11 with value: 0.8934883851419594.
[I 2026-02-11 10:23:56,169] Trial 21 finished with value: 0.8693208233804126 and parameters: {'attention_epoch': 133, 'kl_lambda': 154.34852416300365, 'kl_incr': 1.9898938208669665, 'base_lr': 1.0010256358055504e-05, 'classifier_lr': 0.0015765146462258404, 'lr2_mult': 1.9280458486500034}. Best is trial 11 with value: 0.8934883851419594.
[I 2026-02-11 11:15:28,027] Trial 22 finished with value: 0.8686134312326659 and parameters: {'attention_epoch': 99, 'kl_lambda': 69.9013939185237, 'kl_incr': 1.1409823478316317, 'base_lr': 1.543780558145745e-05, 'classifier_lr': 0.0014426272044730855, 'lr2_mult': 1.6467546006445832}. Best is trial 11 with value: 0.8934883851419594.
[I 2026-02-11 12:06:42,408] Trial 23 finished with value: 0.8843864725780335 and parameters: {'attention_epoch': 122, 'kl_lambda': 174.7792918190497, 'kl_incr': 1.7368902718040182, 'base_lr': 2.5862754363399015e-05, 'classifier_lr': 0.0036451609689937933, 'lr2_mult': 1.0827173247500659}. Best is trial 11 with value: 0.8934883851419594.
[I 2026-02-11 12:56:25,638] Trial 24 finished with value: 0.8895025410006894 and parameters: {'attention_epoch': 71, 'kl_lambda': 105.81400083994448, 'kl_incr': 1.004484660914563, 'base_lr': 2.6050437036696217e-05, 'classifier_lr': 0.004193325248539035, 'lr2_mult': 1.0507375258560592}. Best is trial 11 with value: 0.8934883851419594.
[I 2026-02-11 13:47:36,045] Trial 25 finished with value: 0.8726834410119115 and parameters: {'attention_epoch': 64, 'kl_lambda': 103.67110695171606, 'kl_incr': 0.8209564793100278, 'base_lr': 2.6484674501918138e-05, 'classifier_lr': 0.0042853403957236426, 'lr2_mult': 1.0109313965707647}. Best is trial 11 with value: 0.8934883851419594.
[I 2026-02-11 14:38:48,602] Trial 26 finished with value: 0.8761903425942255 and parameters: {'attention_epoch': 92, 'kl_lambda': 51.329991652082036, 'kl_incr': 0.2308402852253455, 'base_lr': 7.749332100044293e-05, 'classifier_lr': 0.0035274265179619973, 'lr2_mult': 1.2317148935884457}. Best is trial 11 with value: 0.8934883851419594.
[I 2026-02-11 15:28:52,593] Trial 27 finished with value: 0.8099018869134457 and parameters: {'attention_epoch': 74, 'kl_lambda': 23.33124228481982, 'kl_incr': 0.550713897471307, 'base_lr': 2.6756417371553316e-05, 'classifier_lr': 0.006545913022523796, 'lr2_mult': 2.498993001415765}. Best is trial 11 with value: 0.8934883851419594.
[I 2026-02-11 16:20:14,144] Trial 28 finished with value: 0.8691504881607002 and parameters: {'attention_epoch': 46, 'kl_lambda': 89.8316355547209, 'kl_incr': 1.1687352561414008, 'base_lr': 1.4272772526048275e-05, 'classifier_lr': 0.003203373224387686, 'lr2_mult': 0.8895207629303403}. Best is trial 11 with value: 0.8934883851419594.
[I 2026-02-11 17:11:36,147] Trial 29 finished with value: 0.8007739230806227 and parameters: {'attention_epoch': 112, 'kl_lambda': 1.0315472740405223, 'kl_incr': 4.695506805551015, 'base_lr': 3.531672800565823e-05, 'classifier_lr': 0.0008397202556544999, 'lr2_mult': 1.3735271985985487}. Best is trial 11 with value: 0.8934883851419594.
[I 2026-02-11 18:01:59,534] Trial 30 finished with value: 0.7985415297305096 and parameters: {'attention_epoch': 10, 'kl_lambda': 43.61451495975195, 'kl_incr': 3.116267323212959, 'base_lr': 0.00020612642518147157, 'classifier_lr': 0.003963033370989538, 'lr2_mult': 2.052097172726802}. Best is trial 11 with value: 0.8934883851419594.
[I 2026-02-11 18:53:19,775] Trial 31 finished with value: 0.8901818779357775 and parameters: {'attention_epoch': 121, 'kl_lambda': 193.29750556773618, 'kl_incr': 2.207543376572392, 'base_lr': 2.1991232026302597e-05, 'classifier_lr': 0.0018277268946287023, 'lr2_mult': 0.6526098485449283}. Best is trial 11 with value: 0.8934883851419594.
[I 2026-02-11 19:44:14,804] Trial 32 finished with value: 0.8939412764320183 and parameters: {'attention_epoch': 144, 'kl_lambda': 191.42776258257095, 'kl_incr': 2.47613305150636, 'base_lr': 2.51487645207037e-05, 'classifier_lr': 0.00250014659614762, 'lr2_mult': 0.80124846253222}. Best is trial 32 with value: 0.8939412764320183.
[I 2026-02-11 20:34:22,234] Trial 33 finished with value: 0.8935745547236962 and parameters: {'attention_epoch': 142, 'kl_lambda': 207.79109955041275, 'kl_incr': 6.157513183490486, 'base_lr': 5.178196882328372e-05, 'classifier_lr': 0.0020203934453244176, 'lr2_mult': 0.7828823908517722}. Best is trial 32 with value: 0.8939412764320183.
[I 2026-02-11 21:24:58,928] Trial 34 finished with value: 0.8898432114401141 and parameters: {'attention_epoch': 149, 'kl_lambda': 188.03143997447378, 'kl_incr': 8.139589869995179, 'base_lr': 5.5656361762283856e-05, 'classifier_lr': 0.0010865077443177865, 'lr2_mult': 0.4892498272189921}. Best is trial 32 with value: 0.8939412764320183.
[I 2026-02-11 22:15:33,523] Trial 35 finished with value: 0.8853483655834682 and parameters: {'attention_epoch': 149, 'kl_lambda': 212.74283265350965, 'kl_incr': 5.4981214158727445, 'base_lr': 4.241938731868972e-05, 'classifier_lr': 0.002166955385115284, 'lr2_mult': 0.7482355232771041}. Best is trial 32 with value: 0.8939412764320183.
[I 2026-02-11 23:05:11,724] Trial 36 finished with value: 0.8292118889975472 and parameters: {'attention_epoch': 148, 'kl_lambda': 223.63640694304308, 'kl_incr': 9.189427746328224, 'base_lr': 7.260726138888983e-05, 'classifier_lr': 0.00010140814618894446, 'lr2_mult': 0.5613734498881919}. Best is trial 32 with value: 0.8939412764320183.
[I 2026-02-11 23:56:07,651] Trial 37 finished with value: 0.8657598153165429 and parameters: {'attention_epoch': 174, 'kl_lambda': 121.84347332880309, 'kl_incr': 3.88121740847002, 'base_lr': 4.400537753274159e-05, 'classifier_lr': 0.0019616823989586857, 'lr2_mult': 0.2718105147933887}. Best is trial 32 with value: 0.8939412764320183.
[I 2026-02-12 00:46:59,957] Trial 38 finished with value: 0.7988240858008561 and parameters: {'attention_epoch': 99, 'kl_lambda': 36.418376283935096, 'kl_incr': 6.499591632665184, 'base_lr': 1.4122640520075384e-05, 'classifier_lr': 0.0004888104761418638, 'lr2_mult': 0.16555519886436504}. Best is trial 32 with value: 0.8939412764320183.
[I 2026-02-12 01:36:56,145] Trial 39 finished with value: 0.8630745306763712 and parameters: {'attention_epoch': 116, 'kl_lambda': 82.34939060948463, 'kl_incr': 2.755717603589387, 'base_lr': 3.2401489619367196e-05, 'classifier_lr': 0.0006917559640527415, 'lr2_mult': 0.8495641532941077}. Best is trial 32 with value: 0.8939412764320183.
[I 2026-02-12 02:27:51,703] Trial 40 finished with value: 0.8666936531093191 and parameters: {'attention_epoch': 142, 'kl_lambda': 205.18539944585663, 'kl_incr': 2.707337803389228, 'base_lr': 6.959936104164493e-05, 'classifier_lr': 0.001278311390602089, 'lr2_mult': 0.10264389034217616}. Best is trial 32 with value: 0.8939412764320183.
[I 2026-02-12 03:18:44,299] Trial 41 finished with value: 0.8834265835163602 and parameters: {'attention_epoch': 156, 'kl_lambda': 194.21165452836934, 'kl_incr': 7.926927793311825, 'base_lr': 4.805070164886174e-05, 'classifier_lr': 0.0009020182791359481, 'lr2_mult': 0.4405961036263298}. Best is trial 32 with value: 0.8939412764320183.
[I 2026-02-12 04:08:30,363] Trial 42 finished with value: 0.8776031229459577 and parameters: {'attention_epoch': 145, 'kl_lambda': 136.02742127440314, 'kl_incr': 11.43357740676033, 'base_lr': 5.314709340322322e-05, 'classifier_lr': 0.0010778097395401866, 'lr2_mult': 0.494273922716547}. Best is trial 32 with value: 0.8939412764320183.
[I 2026-02-12 04:59:48,042] Trial 43 finished with value: 0.8804306875931833 and parameters: {'attention_epoch': 168, 'kl_lambda': 202.24202303851533, 'kl_incr': 4.754100010246959, 'base_lr': 0.00010547446338908905, 'classifier_lr': 0.0019526597271054972, 'lr2_mult': 0.37021915657979415}. Best is trial 32 with value: 0.8939412764320183.
[I 2026-02-12 05:50:39,059] Trial 44 finished with value: 0.8883162062939866 and parameters: {'attention_epoch': 157, 'kl_lambda': 282.9267652877555, 'kl_incr': 9.474694390688269, 'base_lr': 2.2461368864626947e-05, 'classifier_lr': 0.002672420934541203, 'lr2_mult': 0.526366773835867}. Best is trial 32 with value: 0.8939412764320183.
[I 2026-02-12 06:40:29,109] Trial 45 finished with value: 0.85493451111788 and parameters: {'attention_epoch': 124, 'kl_lambda': 132.3243182488816, 'kl_incr': 20.14567706706814, 'base_lr': 6.18741785803727e-05, 'classifier_lr': 0.0003924508912677858, 'lr2_mult': 0.6055106982533535}. Best is trial 32 with value: 0.8939412764320183.
[I 2026-02-12 07:31:14,478] Trial 46 finished with value: 0.8721744392965356 and parameters: {'attention_epoch': 179, 'kl_lambda': 247.0768708157017, 'kl_incr': 2.1947577173227555, 'base_lr': 8.784581709647861e-05, 'classifier_lr': 0.0012042335158829007, 'lr2_mult': 0.6901290874324623}. Best is trial 32 with value: 0.8939412764320183.
[I 2026-02-12 08:22:04,939] Trial 47 finished with value: 0.8528985042563766 and parameters: {'attention_epoch': 143, 'kl_lambda': 60.8931428539721, 'kl_incr': 1.3677613239612227, 'base_lr': 3.541020152159391e-05, 'classifier_lr': 0.0005923552725240467, 'lr2_mult': 0.800026064615683}. Best is trial 32 with value: 0.8939412764320183.
[I 2026-02-12 09:11:54,677] Trial 48 finished with value: 0.7949224072975616 and parameters: {'attention_epoch': 118, 'kl_lambda': 6.135317358637811, 'kl_incr': 3.386730526813716, 'base_lr': 1.9768918165348298e-05, 'classifier_lr': 0.0018410859288929078, 'lr2_mult': 0.42223492437274696}. Best is trial 32 with value: 0.8939412764320183.
[I 2026-02-12 10:03:06,007] Trial 49 finished with value: 0.897079452362249 and parameters: {'attention_epoch': 105, 'kl_lambda': 292.0627411665314, 'kl_incr': 5.925901966922803, 'base_lr': 1.4344757074629838e-05, 'classifier_lr': 0.0001640219987533437, 'lr2_mult': 1.2529017366274622}. Best is trial 49 with value: 0.897079452362249.
/home/ryreu/miniconda3/envs/gals_a100/lib/python3.8/site-packages/torchvision/models/_utils.py:208: UserWarning: The parameter 'pretrained' is deprecated since 0.13 and will be removed in 0.15, please use 'weights' instead.
  warnings.warn(
/home/ryreu/miniconda3/envs/gals_a100/lib/python3.8/site-packages/torchvision/models/_utils.py:223: UserWarning: Arguments other than a weight enum or `None` for 'weights' are deprecated since 0.13 and will be removed in 0.15. The current behavior is equivalent to passing `weights=ResNet50_Weights.IMAGENET1K_V1`. You can also use `weights=ResNet50_Weights.DEFAULT` to get the most up-to-date weights.
  warnings.warn(msg)
/home/ryreu/miniconda3/envs/gals_a100/lib/python3.8/site-packages/torchvision/models/_utils.py:208: UserWarning: The parameter 'pretrained' is deprecated since 0.13 and will be removed in 0.15, please use 'weights' instead.
  warnings.warn(
/home/ryreu/miniconda3/envs/gals_a100/lib/python3.8/site-packages/torchvision/models/_utils.py:223: UserWarning: Arguments other than a weight enum or `None` for 'weights' are deprecated since 0.13 and will be removed in 0.15. The current behavior is equivalent to passing `weights=ResNet50_Weights.IMAGENET1K_V1`. You can also use `weights=ResNet50_Weights.DEFAULT` to get the most up-to-date weights.
  warnings.warn(msg)
/home/ryreu/miniconda3/envs/gals_a100/lib/python3.8/site-packages/torchvision/models/_utils.py:208: UserWarning: The parameter 'pretrained' is deprecated since 0.13 and will be removed in 0.15, please use 'weights' instead.
  warnings.warn(
/home/ryreu/miniconda3/envs/gals_a100/lib/python3.8/site-packages/torchvision/models/_utils.py:223: UserWarning: Arguments other than a weight enum or `None` for 'weights' are deprecated since 0.13 and will be removed in 0.15. The current behavior is equivalent to passing `weights=ResNet50_Weights.IMAGENET1K_V1`. You can also use `weights=ResNet50_Weights.DEFAULT` to get the most up-to-date weights.
  warnings.warn(msg)
/home/ryreu/miniconda3/envs/gals_a100/lib/python3.8/site-packages/torchvision/models/_utils.py:208: UserWarning: The parameter 'pretrained' is deprecated since 0.13 and will be removed in 0.15, please use 'weights' instead.
  warnings.warn(
/home/ryreu/miniconda3/envs/gals_a100/lib/python3.8/site-packages/torchvision/models/_utils.py:223: UserWarning: Arguments other than a weight enum or `None` for 'weights' are deprecated since 0.13 and will be removed in 0.15. The current behavior is equivalent to passing `weights=ResNet50_Weights.IMAGENET1K_V1`. You can also use `weights=ResNet50_Weights.DEFAULT` to get the most up-to-date weights.
  warnings.warn(msg)
/home/ryreu/miniconda3/envs/gals_a100/lib/python3.8/site-packages/torchvision/models/_utils.py:208: UserWarning: The parameter 'pretrained' is deprecated since 0.13 and will be removed in 0.15, please use 'weights' instead.
  warnings.warn(
/home/ryreu/miniconda3/envs/gals_a100/lib/python3.8/site-packages/torchvision/models/_utils.py:223: UserWarning: Arguments other than a weight enum or `None` for 'weights' are deprecated since 0.13 and will be removed in 0.15. The current behavior is equivalent to passing `weights=ResNet50_Weights.IMAGENET1K_V1`. You can also use `weights=ResNet50_Weights.DEFAULT` to get the most up-to-date weights.
  warnings.warn(msg)
/home/ryreu/miniconda3/envs/gals_a100/lib/python3.8/site-packages/torchvision/models/_utils.py:208: UserWarning: The parameter 'pretrained' is deprecated since 0.13 and will be removed in 0.15, please use 'weights' instead.
  warnings.warn(
/home/ryreu/miniconda3/envs/gals_a100/lib/python3.8/site-packages/torchvision/models/_utils.py:223: UserWarning: Arguments other than a weight enum or `None` for 'weights' are deprecated since 0.13 and will be removed in 0.15. The current behavior is equivalent to passing `weights=ResNet50_Weights.IMAGENET1K_V1`. You can also use `weights=ResNet50_Weights.DEFAULT` to get the most up-to-date weights.
  warnings.warn(msg)
/home/ryreu/miniconda3/envs/gals_a100/lib/python3.8/site-packages/torchvision/models/_utils.py:208: UserWarning: The parameter 'pretrained' is deprecated since 0.13 and will be removed in 0.15, please use 'weights' instead.
  warnings.warn(
/home/ryreu/miniconda3/envs/gals_a100/lib/python3.8/site-packages/torchvision/models/_utils.py:223: UserWarning: Arguments other than a weight enum or `None` for 'weights' are deprecated since 0.13 and will be removed in 0.15. The current behavior is equivalent to passing `weights=ResNet50_Weights.IMAGENET1K_V1`. You can also use `weights=ResNet50_Weights.DEFAULT` to get the most up-to-date weights.
  warnings.warn(msg)
/home/ryreu/miniconda3/envs/gals_a100/lib/python3.8/site-packages/torchvision/models/_utils.py:208: UserWarning: The parameter 'pretrained' is deprecated since 0.13 and will be removed in 0.15, please use 'weights' instead.
  warnings.warn(
/home/ryreu/miniconda3/envs/gals_a100/lib/python3.8/site-packages/torchvision/models/_utils.py:223: UserWarning: Arguments other than a weight enum or `None` for 'weights' are deprecated since 0.13 and will be removed in 0.15. The current behavior is equivalent to passing `weights=ResNet50_Weights.IMAGENET1K_V1`. You can also use `weights=ResNet50_Weights.DEFAULT` to get the most up-to-date weights.
  warnings.warn(msg)
/home/ryreu/miniconda3/envs/gals_a100/lib/python3.8/site-packages/torchvision/models/_utils.py:208: UserWarning: The parameter 'pretrained' is deprecated since 0.13 and will be removed in 0.15, please use 'weights' instead.
  warnings.warn(
/home/ryreu/miniconda3/envs/gals_a100/lib/python3.8/site-packages/torchvision/models/_utils.py:223: UserWarning: Arguments other than a weight enum or `None` for 'weights' are deprecated since 0.13 and will be removed in 0.15. The current behavior is equivalent to passing `weights=ResNet50_Weights.IMAGENET1K_V1`. You can also use `weights=ResNet50_Weights.DEFAULT` to get the most up-to-date weights.
  warnings.warn(msg)
/home/ryreu/miniconda3/envs/gals_a100/lib/python3.8/site-packages/torchvision/models/_utils.py:208: UserWarning: The parameter 'pretrained' is deprecated since 0.13 and will be removed in 0.15, please use 'weights' instead.
  warnings.warn(
/home/ryreu/miniconda3/envs/gals_a100/lib/python3.8/site-packages/torchvision/models/_utils.py:223: UserWarning: Arguments other than a weight enum or `None` for 'weights' are deprecated since 0.13 and will be removed in 0.15. The current behavior is equivalent to passing `weights=ResNet50_Weights.IMAGENET1K_V1`. You can also use `weights=ResNet50_Weights.DEFAULT` to get the most up-to-date weights.
  warnings.warn(msg)
/home/ryreu/miniconda3/envs/gals_a100/lib/python3.8/site-packages/torchvision/models/_utils.py:208: UserWarning: The parameter 'pretrained' is deprecated since 0.13 and will be removed in 0.15, please use 'weights' instead.
  warnings.warn(
/home/ryreu/miniconda3/envs/gals_a100/lib/python3.8/site-packages/torchvision/models/_utils.py:223: UserWarning: Arguments other than a weight enum or `None` for 'weights' are deprecated since 0.13 and will be removed in 0.15. The current behavior is equivalent to passing `weights=ResNet50_Weights.IMAGENET1K_V1`. You can also use `weights=ResNet50_Weights.DEFAULT` to get the most up-to-date weights.
  warnings.warn(msg)
/home/ryreu/miniconda3/envs/gals_a100/lib/python3.8/site-packages/torchvision/models/_utils.py:208: UserWarning: The parameter 'pretrained' is deprecated since 0.13 and will be removed in 0.15, please use 'weights' instead.
  warnings.warn(
/home/ryreu/miniconda3/envs/gals_a100/lib/python3.8/site-packages/torchvision/models/_utils.py:223: UserWarning: Arguments other than a weight enum or `None` for 'weights' are deprecated since 0.13 and will be removed in 0.15. The current behavior is equivalent to passing `weights=ResNet50_Weights.IMAGENET1K_V1`. You can also use `weights=ResNet50_Weights.DEFAULT` to get the most up-to-date weights.
  warnings.warn(msg)
/home/ryreu/miniconda3/envs/gals_a100/lib/python3.8/site-packages/torchvision/models/_utils.py:208: UserWarning: The parameter 'pretrained' is deprecated since 0.13 and will be removed in 0.15, please use 'weights' instead.
  warnings.warn(
/home/ryreu/miniconda3/envs/gals_a100/lib/python3.8/site-packages/torchvision/models/_utils.py:223: UserWarning: Arguments other than a weight enum or `None` for 'weights' are deprecated since 0.13 and will be removed in 0.15. The current behavior is equivalent to passing `weights=ResNet50_Weights.IMAGENET1K_V1`. You can also use `weights=ResNet50_Weights.DEFAULT` to get the most up-to-date weights.
  warnings.warn(msg)
/home/ryreu/miniconda3/envs/gals_a100/lib/python3.8/site-packages/torchvision/models/_utils.py:208: UserWarning: The parameter 'pretrained' is deprecated since 0.13 and will be removed in 0.15, please use 'weights' instead.
  warnings.warn(
/home/ryreu/miniconda3/envs/gals_a100/lib/python3.8/site-packages/torchvision/models/_utils.py:223: UserWarning: Arguments other than a weight enum or `None` for 'weights' are deprecated since 0.13 and will be removed in 0.15. The current behavior is equivalent to passing `weights=ResNet50_Weights.IMAGENET1K_V1`. You can also use `weights=ResNet50_Weights.DEFAULT` to get the most up-to-date weights.
  warnings.warn(msg)
/home/ryreu/miniconda3/envs/gals_a100/lib/python3.8/site-packages/torchvision/models/_utils.py:208: UserWarning: The parameter 'pretrained' is deprecated since 0.13 and will be removed in 0.15, please use 'weights' instead.
  warnings.warn(
/home/ryreu/miniconda3/envs/gals_a100/lib/python3.8/site-packages/torchvision/models/_utils.py:223: UserWarning: Arguments other than a weight enum or `None` for 'weights' are deprecated since 0.13 and will be removed in 0.15. The current behavior is equivalent to passing `weights=ResNet50_Weights.IMAGENET1K_V1`. You can also use `weights=ResNet50_Weights.DEFAULT` to get the most up-to-date weights.
  warnings.warn(msg)
