[I 2026-02-13 11:42:29,117] A new study created in memory with name: no-name-0eb5c6e6-4ad0-493f-b7b8-76797d237223
/home/ryreu/miniconda3/envs/gals_a100/lib/python3.8/site-packages/torchvision/models/_utils.py:208: UserWarning: The parameter 'pretrained' is deprecated since 0.13 and will be removed in 0.15, please use 'weights' instead.
  warnings.warn(
/home/ryreu/miniconda3/envs/gals_a100/lib/python3.8/site-packages/torchvision/models/_utils.py:223: UserWarning: Arguments other than a weight enum or `None` for 'weights' are deprecated since 0.13 and will be removed in 0.15. The current behavior is equivalent to passing `weights=ResNet50_Weights.IMAGENET1K_V1`. You can also use `weights=ResNet50_Weights.DEFAULT` to get the most up-to-date weights.
  warnings.warn(msg)
[I 2026-02-13 12:33:44,643] Trial 0 finished with value: 0.8508364461259759 and parameters: {'attention_epoch': 120, 'kl_lambda': 401.30287186413875, 'base_lr': 9.137539071798145e-06, 'classifier_lr': 3.7318654057875864e-05, 'lr2_mult': 0.3528810120697808}. Best is trial 0 with value: 0.8508364461259759.
[I 2026-02-13 13:24:28,725] Trial 1 finished with value: 0.7587412026868878 and parameters: {'attention_epoch': 165, 'kl_lambda': 2.278685119053476, 'base_lr': 5.633433323497585e-06, 'classifier_lr': 5.586827687765597e-05, 'lr2_mult': 0.7347240879439974}. Best is trial 0 with value: 0.8508364461259759.
[I 2026-02-13 14:14:33,490] Trial 2 finished with value: 0.8192041938535037 and parameters: {'attention_epoch': 153, 'kl_lambda': 61.946306215987505, 'base_lr': 2.893740358436098e-06, 'classifier_lr': 0.0001755334088680453, 'lr2_mult': 1.5384817796179322}. Best is trial 0 with value: 0.8508364461259759.
[I 2026-02-13 15:04:58,190] Trial 3 finished with value: 0.7505691200282156 and parameters: {'attention_epoch': 3, 'kl_lambda': 14.600432149435091, 'base_lr': 0.0009239521251880961, 'classifier_lr': 0.008013939432356938, 'lr2_mult': 2.157452102416915}. Best is trial 0 with value: 0.8508364461259759.
[I 2026-02-13 15:55:32,343] Trial 4 finished with value: 0.8491110505474775 and parameters: {'attention_epoch': 60, 'kl_lambda': 257.24267358053044, 'base_lr': 2.2340560878554985e-05, 'classifier_lr': 3.173588573055908e-05, 'lr2_mult': 0.5562999484066922}. Best is trial 0 with value: 0.8508364461259759.
[I 2026-02-13 16:45:42,436] Trial 5 finished with value: 0.8475840454013499 and parameters: {'attention_epoch': 99, 'kl_lambda': 47.1604207206391, 'base_lr': 3.585858545250997e-05, 'classifier_lr': 0.009479513699733733, 'lr2_mult': 0.32710676180483667}. Best is trial 0 with value: 0.8508364461259759.
[I 2026-02-13 17:36:58,184] Trial 6 finished with value: 0.7609174856116838 and parameters: {'attention_epoch': 78, 'kl_lambda': 4.332304278887921, 'base_lr': 1.2898705466195682e-05, 'classifier_lr': 0.0009622988919324699, 'lr2_mult': 0.2562905211063906}. Best is trial 0 with value: 0.8508364461259759.
[I 2026-02-13 18:27:08,056] Trial 7 finished with value: 0.8053549385190053 and parameters: {'attention_epoch': 19, 'kl_lambda': 7.368794561162896, 'base_lr': 0.00018223308027848106, 'classifier_lr': 0.001603860303089561, 'lr2_mult': 2.1001864604172518}. Best is trial 0 with value: 0.8508364461259759.
[I 2026-02-13 19:18:28,703] Trial 8 finished with value: 0.8017358160860573 and parameters: {'attention_epoch': 164, 'kl_lambda': 67.27674223060211, 'base_lr': 5.1611411923298625e-06, 'classifier_lr': 2.8177882894318776e-05, 'lr2_mult': 0.26581343821162695}. Best is trial 0 with value: 0.8508364461259759.
[I 2026-02-13 20:09:10,305] Trial 9 finished with value: 0.7262332269907177 and parameters: {'attention_epoch': 19, 'kl_lambda': 6.381963366183507, 'base_lr': 5.567870113765821e-06, 'classifier_lr': 0.00017662334498426305, 'lr2_mult': 0.14571776896656255}. Best is trial 0 with value: 0.8508364461259759.
[I 2026-02-13 21:00:12,376] Trial 10 finished with value: 0.7874897798868172 and parameters: {'attention_epoch': 127, 'kl_lambda': 481.5051159311442, 'base_lr': 8.668960713046021e-05, 'classifier_lr': 1.0301849619783089e-05, 'lr2_mult': 0.11789312105849367}. Best is trial 0 with value: 0.8508364461259759.
[I 2026-02-13 21:52:14,202] Trial 11 finished with value: 0.8354601856453501 and parameters: {'attention_epoch': 63, 'kl_lambda': 480.3257268786535, 'base_lr': 1.0148141929539019e-06, 'classifier_lr': 4.1174350719048004e-05, 'lr2_mult': 0.7138845742854015}. Best is trial 0 with value: 0.8508364461259759.
[I 2026-02-13 22:44:08,581] Trial 12 finished with value: 0.806881943665133 and parameters: {'attention_epoch': 197, 'kl_lambda': 194.48221447699123, 'base_lr': 2.651168447799957e-05, 'classifier_lr': 2.066791032504388e-05, 'lr2_mult': 0.4547642667754731}. Best is trial 0 with value: 0.8508364461259759.
[I 2026-02-13 23:35:06,091] Trial 13 finished with value: 0.8605575773121503 and parameters: {'attention_epoch': 57, 'kl_lambda': 130.3932346027774, 'base_lr': 2.0118097615315705e-05, 'classifier_lr': 8.910597197938742e-05, 'lr2_mult': 1.0512152934722565}. Best is trial 13 with value: 0.8605575773121503.
[I 2026-02-14 00:26:57,691] Trial 14 finished with value: 0.8313320614970261 and parameters: {'attention_epoch': 119, 'kl_lambda': 115.57904792357213, 'base_lr': 8.019577562164037e-05, 'classifier_lr': 0.00011111532361429717, 'lr2_mult': 1.09274820521748}. Best is trial 13 with value: 0.8605575773121503.
[I 2026-02-14 01:18:50,395] Trial 15 finished with value: 0.8051545441428731 and parameters: {'attention_epoch': 41, 'kl_lambda': 27.072735982606215, 'base_lr': 1.3107404745702352e-05, 'classifier_lr': 0.00044977144477661985, 'lr2_mult': 1.1409215143892724}. Best is trial 13 with value: 0.8605575773121503.
[I 2026-02-14 02:09:39,903] Trial 16 finished with value: 0.7869807781714414 and parameters: {'attention_epoch': 95, 'kl_lambda': 183.62158577786474, 'base_lr': 1.413079603525603e-06, 'classifier_lr': 7.284442577149703e-05, 'lr2_mult': 0.18746349251356678}. Best is trial 13 with value: 0.8605575773121503.
[I 2026-02-14 03:01:43,963] Trial 17 finished with value: 0.8066254388636838 and parameters: {'attention_epoch': 133, 'kl_lambda': 111.53446905744966, 'base_lr': 0.00039571140285613043, 'classifier_lr': 0.0004160239389435945, 'lr2_mult': 0.40756676981297385}. Best is trial 13 with value: 0.8605575773121503.
[I 2026-02-14 03:52:30,166] Trial 18 finished with value: 0.8261859339179505 and parameters: {'attention_epoch': 49, 'kl_lambda': 306.74745757028677, 'base_lr': 5.4763519798648044e-05, 'classifier_lr': 1.1802025712000083e-05, 'lr2_mult': 1.0556371851018636}. Best is trial 13 with value: 0.8605575773121503.
[I 2026-02-14 04:44:27,367] Trial 19 finished with value: 0.8183264664860446 and parameters: {'attention_epoch': 75, 'kl_lambda': 27.117652229700123, 'base_lr': 1.3225285419491101e-05, 'classifier_lr': 8.57611163328891e-05, 'lr2_mult': 2.9159102096430094}. Best is trial 13 with value: 0.8605575773121503.
[I 2026-02-14 05:36:23,362] Trial 20 finished with value: 0.8347227343411835 and parameters: {'attention_epoch': 111, 'kl_lambda': 113.50153098237494, 'base_lr': 2.7394148501205115e-06, 'classifier_lr': 0.0010264846474865776, 'lr2_mult': 0.6847063361094955}. Best is trial 13 with value: 0.8605575773121503.
[I 2026-02-14 06:27:12,032] Trial 21 finished with value: 0.8501290539782291 and parameters: {'attention_epoch': 43, 'kl_lambda': 249.68664020982717, 'base_lr': 2.2680026572312587e-05, 'classifier_lr': 2.624217126693575e-05, 'lr2_mult': 0.5784511274574091}. Best is trial 13 with value: 0.8605575773121503.
[I 2026-02-14 07:19:03,224] Trial 22 finished with value: 0.8525037273353961 and parameters: {'attention_epoch': 37, 'kl_lambda': 292.1067215882355, 'base_lr': 9.470255773509422e-06, 'classifier_lr': 1.9179462968054525e-05, 'lr2_mult': 0.48749727169685175}. Best is trial 13 with value: 0.8605575773121503.
[I 2026-02-14 08:10:05,337] Trial 23 finished with value: 0.7685204482421405 and parameters: {'attention_epoch': 84, 'kl_lambda': 1.0605164836863974, 'base_lr': 1.053978509583566e-05, 'classifier_lr': 1.5988511896571067e-05, 'lr2_mult': 0.3226156666503098}. Best is trial 13 with value: 0.8605575773121503.
[I 2026-02-14 08:59:52,685] Trial 24 finished with value: 0.8602750212418038 and parameters: {'attention_epoch': 32, 'kl_lambda': 473.40140197703107, 'base_lr': 6.793085523567143e-06, 'classifier_lr': 0.0001654201509948115, 'lr2_mult': 0.890404029761083}. Best is trial 13 with value: 0.8605575773121503.
[I 2026-02-14 09:50:53,461] Trial 25 finished with value: 0.8481491575420428 and parameters: {'attention_epoch': 28, 'kl_lambda': 168.78151201872325, 'base_lr': 2.779948676879195e-06, 'classifier_lr': 0.0002198447605161866, 'lr2_mult': 0.9186483612827074}. Best is trial 13 with value: 0.8605575773121503.
[I 2026-02-14 10:41:51,558] Trial 26 finished with value: 0.8713267710854962 and parameters: {'attention_epoch': 10, 'kl_lambda': 86.4482564330846, 'base_lr': 4.39503265430787e-05, 'classifier_lr': 0.00011060864251643007, 'lr2_mult': 1.449833084340595}. Best is trial 26 with value: 0.8713267710854962.
[I 2026-02-14 11:31:59,283] Trial 27 finished with value: 0.8347768408227392 and parameters: {'attention_epoch': 4, 'kl_lambda': 47.00558382312973, 'base_lr': 0.0001535952276057179, 'classifier_lr': 0.00011885628040775514, 'lr2_mult': 1.493973695834707}. Best is trial 26 with value: 0.8713267710854962.
[I 2026-02-14 12:22:50,804] Trial 28 finished with value: 0.8703668820238228 and parameters: {'attention_epoch': 18, 'kl_lambda': 78.10112021785967, 'base_lr': 4.8455416589382134e-05, 'classifier_lr': 0.0002951436468549698, 'lr2_mult': 1.5124410824119436}. Best is trial 26 with value: 0.8713267710854962.
[I 2026-02-14 13:14:03,603] Trial 29 finished with value: 0.8241779822691055 and parameters: {'attention_epoch': 16, 'kl_lambda': 17.12632581886678, 'base_lr': 4.669587505676553e-05, 'classifier_lr': 0.00034995257259087575, 'lr2_mult': 1.5522075773413708}. Best is trial 26 with value: 0.8713267710854962.
[I 2026-02-14 14:04:22,646] Trial 30 finished with value: 0.8610946342401846 and parameters: {'attention_epoch': 52, 'kl_lambda': 78.07050969891601, 'base_lr': 0.00014834884958601376, 'classifier_lr': 0.0007124318279937673, 'lr2_mult': 2.1686125116350947}. Best is trial 26 with value: 0.8713267710854962.
[I 2026-02-14 14:55:25,860] Trial 31 finished with value: 0.8236689805537297 and parameters: {'attention_epoch': 59, 'kl_lambda': 78.6728225244412, 'base_lr': 0.00019750281274859006, 'classifier_lr': 0.0007201545401778933, 'lr2_mult': 2.0188018806269405}. Best is trial 26 with value: 0.8713267710854962.
[I 2026-02-14 15:46:08,077] Trial 32 finished with value: 0.8541128941757379 and parameters: {'attention_epoch': 7, 'kl_lambda': 45.28845212928716, 'base_lr': 9.7758300715259e-05, 'classifier_lr': 0.001993054749071495, 'lr2_mult': 2.386964635511651}. Best is trial 26 with value: 0.8713267710854962.
[I 2026-02-14 16:36:59,692] Trial 33 finished with value: 0.6536984786058964 and parameters: {'attention_epoch': 53, 'kl_lambda': 102.43561206320514, 'base_lr': 0.00037221182794577027, 'classifier_lr': 5.1679561660113165e-05, 'lr2_mult': 1.375215257789097}. Best is trial 26 with value: 0.8713267710854962.
[I 2026-02-14 17:28:24,750] Trial 34 finished with value: 0.8383398528303702 and parameters: {'attention_epoch': 24, 'kl_lambda': 37.63776343553456, 'base_lr': 5.1200811431534e-05, 'classifier_lr': 0.0002864349146234424, 'lr2_mult': 1.7547534949065895}. Best is trial 26 with value: 0.8713267710854962.
[I 2026-02-14 18:19:52,703] Trial 35 finished with value: 0.8201921381278356 and parameters: {'attention_epoch': 70, 'kl_lambda': 76.79677455414202, 'base_lr': 0.00011612956069353419, 'classifier_lr': 0.003236789250479495, 'lr2_mult': 2.996492606031912}. Best is trial 26 with value: 0.8713267710854962.
[I 2026-02-14 19:10:34,194] Trial 36 finished with value: 0.8192863555477179 and parameters: {'attention_epoch': 10, 'kl_lambda': 152.81158856595576, 'base_lr': 0.00029580725098823067, 'classifier_lr': 0.0005862714554774626, 'lr2_mult': 1.2794834990908606}. Best is trial 26 with value: 0.8713267710854962.
[I 2026-02-14 20:02:06,708] Trial 37 finished with value: 0.7319725219231448 and parameters: {'attention_epoch': 32, 'kl_lambda': 12.79639188529001, 'base_lr': 0.0009307586748345432, 'classifier_lr': 0.00025330058138183366, 'lr2_mult': 1.7448630824835998}. Best is trial 26 with value: 0.8713267710854962.
[I 2026-02-14 20:53:48,284] Trial 38 finished with value: 0.8096193308430992 and parameters: {'attention_epoch': 2, 'kl_lambda': 36.5525693244365, 'base_lr': 3.4766957169755327e-05, 'classifier_lr': 0.00010877097271741309, 'lr2_mult': 2.4018240886632287}. Best is trial 26 with value: 0.8713267710854962.
[I 2026-02-14 21:44:39,066] Trial 39 finished with value: 0.8794687945877486 and parameters: {'attention_epoch': 84, 'kl_lambda': 68.53190811258156, 'base_lr': 6.376723048246593e-05, 'classifier_lr': 0.004998139249933349, 'lr2_mult': 0.8835105906732543}. Best is trial 39 with value: 0.8794687945877486.
[I 2026-02-14 22:36:34,395] Trial 40 finished with value: 0.872655385799253 and parameters: {'attention_epoch': 94, 'kl_lambda': 63.77156012280877, 'base_lr': 6.3718078029327e-05, 'classifier_lr': 0.004061884890327751, 'lr2_mult': 0.8239951958815664}. Best is trial 39 with value: 0.8794687945877486.
[I 2026-02-14 23:27:19,371] Trial 41 finished with value: 0.8783385703063629 and parameters: {'attention_epoch': 89, 'kl_lambda': 62.310104746091014, 'base_lr': 7.182841114332626e-05, 'classifier_lr': 0.005497419224430924, 'lr2_mult': 0.778734754325715}. Best is trial 39 with value: 0.8794687945877486.
[I 2026-02-15 00:19:39,503] Trial 42 finished with value: 0.8180459143594594 and parameters: {'attention_epoch': 87, 'kl_lambda': 19.865377397093713, 'base_lr': 4.575049784320174e-05, 'classifier_lr': 0.006353466963263209, 'lr2_mult': 0.8292006161959505}. Best is trial 39 with value: 0.8794687945877486.
[I 2026-02-15 01:10:44,487] Trial 43 finished with value: 0.8738717796623756 and parameters: {'attention_epoch': 110, 'kl_lambda': 62.28212908230616, 'base_lr': 6.51034711690121e-05, 'classifier_lr': 0.00528776044357817, 'lr2_mult': 0.6250860509940436}. Best is trial 39 with value: 0.8794687945877486.
[I 2026-02-15 02:01:54,271] Trial 44 finished with value: 0.8681044295172899 and parameters: {'attention_epoch': 108, 'kl_lambda': 59.98960391373057, 'base_lr': 6.711805728077878e-05, 'classifier_lr': 0.005159039675113448, 'lr2_mult': 0.6594590685421682}. Best is trial 39 with value: 0.8794687945877486.
[I 2026-02-15 02:53:57,656] Trial 45 finished with value: 0.8704229924491399 and parameters: {'attention_epoch': 132, 'kl_lambda': 58.11303514766247, 'base_lr': 0.00011733453563522881, 'classifier_lr': 0.00294141980221627, 'lr2_mult': 0.8087084368503678}. Best is trial 39 with value: 0.8794687945877486.
[I 2026-02-15 03:45:55,736] Trial 46 finished with value: 0.8277409942767366 and parameters: {'attention_epoch': 153, 'kl_lambda': 31.97473994482138, 'base_lr': 2.914449142209747e-05, 'classifier_lr': 0.0037496276016924603, 'lr2_mult': 0.5834872958579317}. Best is trial 39 with value: 0.8794687945877486.
[I 2026-02-15 04:37:23,882] Trial 47 finished with value: 0.7861331099604021 and parameters: {'attention_epoch': 96, 'kl_lambda': 9.461079564099366, 'base_lr': 3.780946261263711e-05, 'classifier_lr': 0.009160362288202778, 'lr2_mult': 0.950617277074413}. Best is trial 39 with value: 0.8794687945877486.
[I 2026-02-15 05:29:00,896] Trial 48 finished with value: 0.8321496705516456 and parameters: {'attention_epoch': 107, 'kl_lambda': 49.124342866699244, 'base_lr': 1.8253910556029705e-05, 'classifier_lr': 0.002091085913828035, 'lr2_mult': 0.5012665486276019}. Best is trial 39 with value: 0.8794687945877486.
[I 2026-02-15 06:20:45,890] Trial 49 finished with value: 0.8267791012713019 and parameters: {'attention_epoch': 193, 'kl_lambda': 25.520138644532636, 'base_lr': 6.332099309219959e-05, 'classifier_lr': 0.004912540385660088, 'lr2_mult': 0.39813085044319885}. Best is trial 39 with value: 0.8794687945877486.
/home/ryreu/miniconda3/envs/gals_a100/lib/python3.8/site-packages/torchvision/models/_utils.py:208: UserWarning: The parameter 'pretrained' is deprecated since 0.13 and will be removed in 0.15, please use 'weights' instead.
  warnings.warn(
/home/ryreu/miniconda3/envs/gals_a100/lib/python3.8/site-packages/torchvision/models/_utils.py:223: UserWarning: Arguments other than a weight enum or `None` for 'weights' are deprecated since 0.13 and will be removed in 0.15. The current behavior is equivalent to passing `weights=ResNet50_Weights.IMAGENET1K_V1`. You can also use `weights=ResNet50_Weights.DEFAULT` to get the most up-to-date weights.
  warnings.warn(msg)
/home/ryreu/miniconda3/envs/gals_a100/lib/python3.8/site-packages/torchvision/models/_utils.py:208: UserWarning: The parameter 'pretrained' is deprecated since 0.13 and will be removed in 0.15, please use 'weights' instead.
  warnings.warn(
/home/ryreu/miniconda3/envs/gals_a100/lib/python3.8/site-packages/torchvision/models/_utils.py:223: UserWarning: Arguments other than a weight enum or `None` for 'weights' are deprecated since 0.13 and will be removed in 0.15. The current behavior is equivalent to passing `weights=ResNet50_Weights.IMAGENET1K_V1`. You can also use `weights=ResNet50_Weights.DEFAULT` to get the most up-to-date weights.
  warnings.warn(msg)
/home/ryreu/miniconda3/envs/gals_a100/lib/python3.8/site-packages/torchvision/models/_utils.py:208: UserWarning: The parameter 'pretrained' is deprecated since 0.13 and will be removed in 0.15, please use 'weights' instead.
  warnings.warn(
/home/ryreu/miniconda3/envs/gals_a100/lib/python3.8/site-packages/torchvision/models/_utils.py:223: UserWarning: Arguments other than a weight enum or `None` for 'weights' are deprecated since 0.13 and will be removed in 0.15. The current behavior is equivalent to passing `weights=ResNet50_Weights.IMAGENET1K_V1`. You can also use `weights=ResNet50_Weights.DEFAULT` to get the most up-to-date weights.
  warnings.warn(msg)
/home/ryreu/miniconda3/envs/gals_a100/lib/python3.8/site-packages/torchvision/models/_utils.py:208: UserWarning: The parameter 'pretrained' is deprecated since 0.13 and will be removed in 0.15, please use 'weights' instead.
  warnings.warn(
/home/ryreu/miniconda3/envs/gals_a100/lib/python3.8/site-packages/torchvision/models/_utils.py:223: UserWarning: Arguments other than a weight enum or `None` for 'weights' are deprecated since 0.13 and will be removed in 0.15. The current behavior is equivalent to passing `weights=ResNet50_Weights.IMAGENET1K_V1`. You can also use `weights=ResNet50_Weights.DEFAULT` to get the most up-to-date weights.
  warnings.warn(msg)
/home/ryreu/miniconda3/envs/gals_a100/lib/python3.8/site-packages/torchvision/models/_utils.py:208: UserWarning: The parameter 'pretrained' is deprecated since 0.13 and will be removed in 0.15, please use 'weights' instead.
  warnings.warn(
/home/ryreu/miniconda3/envs/gals_a100/lib/python3.8/site-packages/torchvision/models/_utils.py:223: UserWarning: Arguments other than a weight enum or `None` for 'weights' are deprecated since 0.13 and will be removed in 0.15. The current behavior is equivalent to passing `weights=ResNet50_Weights.IMAGENET1K_V1`. You can also use `weights=ResNet50_Weights.DEFAULT` to get the most up-to-date weights.
  warnings.warn(msg)
/home/ryreu/miniconda3/envs/gals_a100/lib/python3.8/site-packages/torchvision/models/_utils.py:208: UserWarning: The parameter 'pretrained' is deprecated since 0.13 and will be removed in 0.15, please use 'weights' instead.
  warnings.warn(
/home/ryreu/miniconda3/envs/gals_a100/lib/python3.8/site-packages/torchvision/models/_utils.py:223: UserWarning: Arguments other than a weight enum or `None` for 'weights' are deprecated since 0.13 and will be removed in 0.15. The current behavior is equivalent to passing `weights=ResNet50_Weights.IMAGENET1K_V1`. You can also use `weights=ResNet50_Weights.DEFAULT` to get the most up-to-date weights.
  warnings.warn(msg)
/home/ryreu/miniconda3/envs/gals_a100/lib/python3.8/site-packages/torchvision/models/_utils.py:208: UserWarning: The parameter 'pretrained' is deprecated since 0.13 and will be removed in 0.15, please use 'weights' instead.
  warnings.warn(
/home/ryreu/miniconda3/envs/gals_a100/lib/python3.8/site-packages/torchvision/models/_utils.py:223: UserWarning: Arguments other than a weight enum or `None` for 'weights' are deprecated since 0.13 and will be removed in 0.15. The current behavior is equivalent to passing `weights=ResNet50_Weights.IMAGENET1K_V1`. You can also use `weights=ResNet50_Weights.DEFAULT` to get the most up-to-date weights.
  warnings.warn(msg)
/home/ryreu/miniconda3/envs/gals_a100/lib/python3.8/site-packages/torchvision/models/_utils.py:208: UserWarning: The parameter 'pretrained' is deprecated since 0.13 and will be removed in 0.15, please use 'weights' instead.
  warnings.warn(
/home/ryreu/miniconda3/envs/gals_a100/lib/python3.8/site-packages/torchvision/models/_utils.py:223: UserWarning: Arguments other than a weight enum or `None` for 'weights' are deprecated since 0.13 and will be removed in 0.15. The current behavior is equivalent to passing `weights=ResNet50_Weights.IMAGENET1K_V1`. You can also use `weights=ResNet50_Weights.DEFAULT` to get the most up-to-date weights.
  warnings.warn(msg)
/home/ryreu/miniconda3/envs/gals_a100/lib/python3.8/site-packages/torchvision/models/_utils.py:208: UserWarning: The parameter 'pretrained' is deprecated since 0.13 and will be removed in 0.15, please use 'weights' instead.
  warnings.warn(
/home/ryreu/miniconda3/envs/gals_a100/lib/python3.8/site-packages/torchvision/models/_utils.py:223: UserWarning: Arguments other than a weight enum or `None` for 'weights' are deprecated since 0.13 and will be removed in 0.15. The current behavior is equivalent to passing `weights=ResNet50_Weights.IMAGENET1K_V1`. You can also use `weights=ResNet50_Weights.DEFAULT` to get the most up-to-date weights.
  warnings.warn(msg)
/home/ryreu/miniconda3/envs/gals_a100/lib/python3.8/site-packages/torchvision/models/_utils.py:208: UserWarning: The parameter 'pretrained' is deprecated since 0.13 and will be removed in 0.15, please use 'weights' instead.
  warnings.warn(
/home/ryreu/miniconda3/envs/gals_a100/lib/python3.8/site-packages/torchvision/models/_utils.py:223: UserWarning: Arguments other than a weight enum or `None` for 'weights' are deprecated since 0.13 and will be removed in 0.15. The current behavior is equivalent to passing `weights=ResNet50_Weights.IMAGENET1K_V1`. You can also use `weights=ResNet50_Weights.DEFAULT` to get the most up-to-date weights.
  warnings.warn(msg)
/home/ryreu/miniconda3/envs/gals_a100/lib/python3.8/site-packages/torchvision/models/_utils.py:208: UserWarning: The parameter 'pretrained' is deprecated since 0.13 and will be removed in 0.15, please use 'weights' instead.
  warnings.warn(
/home/ryreu/miniconda3/envs/gals_a100/lib/python3.8/site-packages/torchvision/models/_utils.py:223: UserWarning: Arguments other than a weight enum or `None` for 'weights' are deprecated since 0.13 and will be removed in 0.15. The current behavior is equivalent to passing `weights=ResNet50_Weights.IMAGENET1K_V1`. You can also use `weights=ResNet50_Weights.DEFAULT` to get the most up-to-date weights.
  warnings.warn(msg)
/home/ryreu/miniconda3/envs/gals_a100/lib/python3.8/site-packages/torchvision/models/_utils.py:208: UserWarning: The parameter 'pretrained' is deprecated since 0.13 and will be removed in 0.15, please use 'weights' instead.
  warnings.warn(
/home/ryreu/miniconda3/envs/gals_a100/lib/python3.8/site-packages/torchvision/models/_utils.py:223: UserWarning: Arguments other than a weight enum or `None` for 'weights' are deprecated since 0.13 and will be removed in 0.15. The current behavior is equivalent to passing `weights=ResNet50_Weights.IMAGENET1K_V1`. You can also use `weights=ResNet50_Weights.DEFAULT` to get the most up-to-date weights.
  warnings.warn(msg)
/home/ryreu/miniconda3/envs/gals_a100/lib/python3.8/site-packages/torchvision/models/_utils.py:208: UserWarning: The parameter 'pretrained' is deprecated since 0.13 and will be removed in 0.15, please use 'weights' instead.
  warnings.warn(
/home/ryreu/miniconda3/envs/gals_a100/lib/python3.8/site-packages/torchvision/models/_utils.py:223: UserWarning: Arguments other than a weight enum or `None` for 'weights' are deprecated since 0.13 and will be removed in 0.15. The current behavior is equivalent to passing `weights=ResNet50_Weights.IMAGENET1K_V1`. You can also use `weights=ResNet50_Weights.DEFAULT` to get the most up-to-date weights.
  warnings.warn(msg)
/home/ryreu/miniconda3/envs/gals_a100/lib/python3.8/site-packages/torchvision/models/_utils.py:208: UserWarning: The parameter 'pretrained' is deprecated since 0.13 and will be removed in 0.15, please use 'weights' instead.
  warnings.warn(
/home/ryreu/miniconda3/envs/gals_a100/lib/python3.8/site-packages/torchvision/models/_utils.py:223: UserWarning: Arguments other than a weight enum or `None` for 'weights' are deprecated since 0.13 and will be removed in 0.15. The current behavior is equivalent to passing `weights=ResNet50_Weights.IMAGENET1K_V1`. You can also use `weights=ResNet50_Weights.DEFAULT` to get the most up-to-date weights.
  warnings.warn(msg)
/home/ryreu/miniconda3/envs/gals_a100/lib/python3.8/site-packages/torchvision/models/_utils.py:208: UserWarning: The parameter 'pretrained' is deprecated since 0.13 and will be removed in 0.15, please use 'weights' instead.
  warnings.warn(
/home/ryreu/miniconda3/envs/gals_a100/lib/python3.8/site-packages/torchvision/models/_utils.py:223: UserWarning: Arguments other than a weight enum or `None` for 'weights' are deprecated since 0.13 and will be removed in 0.15. The current behavior is equivalent to passing `weights=ResNet50_Weights.IMAGENET1K_V1`. You can also use `weights=ResNet50_Weights.DEFAULT` to get the most up-to-date weights.
  warnings.warn(msg)
