[I 2026-02-14 09:02:51,077] A new study created in memory with name: no-name-f2ad7d4f-0c75-4c2c-9631-c358e8aba98f
[I 2026-02-14 12:23:41,082] Trial 0 finished with value: 0.80387262368139 and parameters: {'base_lr': 2.8904468098474282e-05, 'classifier_lr': 0.000672207804246669, 'weight_decay': 6.223055383702494e-06, 'grad_weight': 30.587103488813092}. Best is trial 0 with value: 0.80387262368139.
[I 2026-02-14 15:44:10,393] Trial 1 finished with value: 0.7853395546744675 and parameters: {'base_lr': 1.727547157848276e-05, 'classifier_lr': 8.231684739091233e-05, 'weight_decay': 2.090031522146119e-06, 'grad_weight': 8.545489886819823}. Best is trial 0 with value: 0.80387262368139.
[I 2026-02-14 19:03:51,637] Trial 2 finished with value: 0.6342604904544319 and parameters: {'base_lr': 1.1742668260086972e-06, 'classifier_lr': 1.6095945983087058e-05, 'weight_decay': 0.00010539091064042489, 'grad_weight': 11.669034858286347}. Best is trial 0 with value: 0.80387262368139.
[I 2026-02-14 22:23:44,791] Trial 3 finished with value: 0.8220934168217973 and parameters: {'base_lr': 0.0005354215298290943, 'classifier_lr': 1.174337805046946e-05, 'weight_decay': 0.00016729378074232002, 'grad_weight': 11.59935251686401}. Best is trial 3 with value: 0.8220934168217973.
[I 2026-02-15 01:44:28,576] Trial 4 finished with value: 0.8003771486594299 and parameters: {'base_lr': 6.933124491410594e-05, 'classifier_lr': 0.00011200499291290381, 'weight_decay': 0.00017406360571618583, 'grad_weight': 2.6490321592075268}. Best is trial 3 with value: 0.8220934168217973.
[I 2026-02-15 05:04:38,873] Trial 5 finished with value: 0.7853556721385457 and parameters: {'base_lr': 1.6407270880281308e-06, 'classifier_lr': 0.0030004693723651135, 'weight_decay': 3.171423748121231e-06, 'grad_weight': 310.9682008479778}. Best is trial 3 with value: 0.8220934168217973.
[I 2026-02-15 08:24:35,790] Trial 6 finished with value: 0.8049363763105513 and parameters: {'base_lr': 4.5707866006895536e-05, 'classifier_lr': 0.00075346017256523, 'weight_decay': 7.245968355394395e-05, 'grad_weight': 40.3885717641899}. Best is trial 3 with value: 0.8220934168217973.
[I 2026-02-15 11:45:02,739] Trial 7 finished with value: 0.7571763008808194 and parameters: {'base_lr': 1.0521860163617573e-06, 'classifier_lr': 0.0001605696182127821, 'weight_decay': 0.0005735320769574724, 'grad_weight': 4799.031875570183}. Best is trial 3 with value: 0.8220934168217973.
[I 2026-02-15 15:05:15,224] Trial 8 finished with value: 0.7528487617758222 and parameters: {'base_lr': 7.916834203791084e-06, 'classifier_lr': 2.8915647937125926e-05, 'weight_decay': 3.7005516392821294e-05, 'grad_weight': 26466.54107608504}. Best is trial 3 with value: 0.8220934168217973.
[I 2026-02-15 18:24:50,272] Trial 9 finished with value: 0.8422180854064422 and parameters: {'base_lr': 5.202677190623769e-05, 'classifier_lr': 0.0003120473769176351, 'weight_decay': 0.0006814559612122508, 'grad_weight': 84947.32093496562}. Best is trial 9 with value: 0.8422180854064422.
[I 2026-02-15 21:43:40,644] Trial 10 finished with value: 0.8486650710377229 and parameters: {'base_lr': 0.0002604893963842019, 'classifier_lr': 0.009854420602497424, 'weight_decay': 0.0009664457651899831, 'grad_weight': 57136.01441309786}. Best is trial 10 with value: 0.8486650710377229.
[I 2026-02-16 01:02:08,859] Trial 11 finished with value: 0.8559118858238844 and parameters: {'base_lr': 0.00029202311997669853, 'classifier_lr': 0.0059020924831490055, 'weight_decay': 0.0009534113569991867, 'grad_weight': 85912.72663738763}. Best is trial 11 with value: 0.8559118858238844.
[I 2026-02-16 04:20:52,904] Trial 12 finished with value: 0.8259334026384288 and parameters: {'base_lr': 0.0005701176772243187, 'classifier_lr': 0.00945706546947971, 'weight_decay': 0.0008708772522284788, 'grad_weight': 4069.9694588701886}. Best is trial 11 with value: 0.8559118858238844.
[I 2026-02-16 07:39:57,658] Trial 13 finished with value: 0.8231813456470759 and parameters: {'base_lr': 0.0001924075143877969, 'classifier_lr': 0.00829574615528267, 'weight_decay': 1.0260718600065298e-05, 'grad_weight': 8664.339484164033}. Best is trial 11 with value: 0.8559118858238844.
[I 2026-02-16 10:59:07,747] Trial 14 finished with value: 0.8215978048013926 and parameters: {'base_lr': 0.0009293326057208514, 'classifier_lr': 0.0027161033532720614, 'weight_decay': 0.00043913787333049075, 'grad_weight': 477.2727218482283}. Best is trial 11 with value: 0.8559118858238844.
[I 2026-02-16 14:18:16,086] Trial 15 finished with value: 0.8545680922563643 and parameters: {'base_lr': 0.00021703735377581567, 'classifier_lr': 0.0026863788764094547, 'weight_decay': 0.0002573108645065889, 'grad_weight': 68722.37751882455}. Best is trial 11 with value: 0.8559118858238844.
[I 2026-02-16 17:38:00,146] Trial 16 finished with value: 0.8092397392194313 and parameters: {'base_lr': 0.0001477862034895002, 'classifier_lr': 0.0032888835608907425, 'weight_decay': 0.00027364783122441885, 'grad_weight': 484.866672778108}. Best is trial 11 with value: 0.8559118858238844.
[I 2026-02-16 20:57:21,474] Trial 17 finished with value: 0.8320439362070772 and parameters: {'base_lr': 0.00010671249929456877, 'classifier_lr': 0.0011855502482626878, 'weight_decay': 2.269068693990173e-05, 'grad_weight': 19197.987601489553}. Best is trial 11 with value: 0.8559118858238844.
[I 2026-02-17 00:16:39,802] Trial 18 finished with value: 0.8199739702955138 and parameters: {'base_lr': 0.00038962635944469304, 'classifier_lr': 0.0015896189174687183, 'weight_decay': 0.0003219424346650571, 'grad_weight': 1806.6146255661827}. Best is trial 11 with value: 0.8559118858238844.
[I 2026-02-17 03:36:15,196] Trial 19 finished with value: 0.8183501357896348 and parameters: {'base_lr': 8.846051988372484e-06, 'classifier_lr': 0.004151877843829347, 'weight_decay': 7.03834814741306e-05, 'grad_weight': 86866.66830208333}. Best is trial 11 with value: 0.8559118858238844.
[I 2026-02-17 06:55:44,818] Trial 20 finished with value: 0.8540483040398423 and parameters: {'base_lr': 0.0009621461108444925, 'classifier_lr': 0.0003886551090550946, 'weight_decay': 2.686610567390203e-05, 'grad_weight': 20085.781489019548}. Best is trial 11 with value: 0.8559118858238844.
[I 2026-02-17 10:15:27,701] Trial 21 finished with value: 0.8535123983592421 and parameters: {'base_lr': 0.0009715668504513909, 'classifier_lr': 0.0004040079764466513, 'weight_decay': 1.813195749195676e-05, 'grad_weight': 21463.56873184281}. Best is trial 11 with value: 0.8559118858238844.
[I 2026-02-17 13:34:36,533] Trial 22 finished with value: 0.8508489874203193 and parameters: {'base_lr': 0.00031544196895988235, 'classifier_lr': 0.0016173781822816486, 'weight_decay': 4.5082718359382206e-05, 'grad_weight': 30599.49059195178}. Best is trial 11 with value: 0.8559118858238844.
