[I 2026-02-14 13:38:24,165] A new study created in memory with name: no-name-b7c6c733-8eae-491b-abd9-7e21608ba193
[I 2026-02-14 16:58:37,031] Trial 0 finished with value: 0.8044246468260684 and parameters: {'base_lr': 0.00030491923017728924, 'classifier_lr': 3.463788362147788e-05, 'weight_decay': 1.5913677971070723e-06, 'grad_weight': 9.368532257601178}. Best is trial 0 with value: 0.8044246468260684.
[I 2026-02-14 20:19:07,077] Trial 1 finished with value: 0.7969219672976654 and parameters: {'base_lr': 8.085794278638175e-05, 'classifier_lr': 1.2185946631692783e-05, 'weight_decay': 0.00032339018655656285, 'grad_weight': 2608.8140364701694}. Best is trial 0 with value: 0.8044246468260684.
[I 2026-02-14 23:38:39,613] Trial 2 finished with value: 0.7888430884284667 and parameters: {'base_lr': 2.2936826687967293e-06, 'classifier_lr': 0.0018422159220346493, 'weight_decay': 1.0559528873944635e-06, 'grad_weight': 5.803058477840094}. Best is trial 0 with value: 0.8044246468260684.
[I 2026-02-15 02:58:23,239] Trial 3 finished with value: 0.8275088847520731 and parameters: {'base_lr': 0.000635972602175379, 'classifier_lr': 0.00015214654555796448, 'weight_decay': 7.762425749846539e-06, 'grad_weight': 4391.805344604098}. Best is trial 3 with value: 0.8275088847520731.
[I 2026-02-15 06:18:10,187] Trial 4 finished with value: 0.7958098622762695 and parameters: {'base_lr': 4.9566091799922284e-06, 'classifier_lr': 0.001416672201617807, 'weight_decay': 5.9723509624000915e-05, 'grad_weight': 9770.007112492003}. Best is trial 3 with value: 0.8275088847520731.
[I 2026-02-15 09:38:08,312] Trial 5 finished with value: 0.6962583307142454 and parameters: {'base_lr': 1.0462414226535269e-05, 'classifier_lr': 1.0610305856018596e-05, 'weight_decay': 3.21627734534024e-05, 'grad_weight': 580.4692264396259}. Best is trial 3 with value: 0.8275088847520731.
[I 2026-02-15 12:57:31,054] Trial 6 finished with value: 0.7883394176760228 and parameters: {'base_lr': 2.5448814604951624e-06, 'classifier_lr': 0.00513676237406619, 'weight_decay': 2.1779652802151925e-06, 'grad_weight': 397.2876357803564}. Best is trial 3 with value: 0.8275088847520731.
[I 2026-02-15 16:17:43,343] Trial 7 finished with value: 0.6664712424147186 and parameters: {'base_lr': 2.6680485842550808e-06, 'classifier_lr': 2.279039979004752e-05, 'weight_decay': 0.0004708513757030077, 'grad_weight': 808.7881885166786}. Best is trial 3 with value: 0.8275088847520731.
[I 2026-02-15 19:37:21,512] Trial 8 finished with value: 0.8049283175785122 and parameters: {'base_lr': 3.4296073565981064e-05, 'classifier_lr': 0.0015647337999266776, 'weight_decay': 8.575592163627678e-06, 'grad_weight': 102.07847113085144}. Best is trial 3 with value: 0.8275088847520731.
[I 2026-02-15 22:57:08,042] Trial 9 finished with value: 0.7885549887580687 and parameters: {'base_lr': 5.580472271557475e-06, 'classifier_lr': 0.00031719209172004627, 'weight_decay': 9.129938220956645e-06, 'grad_weight': 63.40021220265139}. Best is trial 3 with value: 0.8275088847520731.
[I 2026-02-16 02:16:26,463] Trial 10 finished with value: 0.8645024941775661 and parameters: {'base_lr': 0.0007207142394609229, 'classifier_lr': 0.0001025683674409851, 'weight_decay': 0.00011929684422401169, 'grad_weight': 79707.33736302787}. Best is trial 10 with value: 0.8645024941775661.
[I 2026-02-16 05:35:13,613] Trial 11 finished with value: 0.8634387415484048 and parameters: {'base_lr': 0.0009558546255196701, 'classifier_lr': 0.00011626005491459673, 'weight_decay': 0.000148241312713652, 'grad_weight': 61210.15893347994}. Best is trial 10 with value: 0.8645024941775661.
[I 2026-02-16 08:54:17,176] Trial 12 finished with value: 0.8644863767134878 and parameters: {'base_lr': 0.000984926863725363, 'classifier_lr': 0.000115586468415523, 'weight_decay': 0.0001291759315664001, 'grad_weight': 83196.22727048898}. Best is trial 10 with value: 0.8645024941775661.
[I 2026-02-16 12:13:32,849] Trial 13 finished with value: 0.8534882221631248 and parameters: {'base_lr': 0.00018847051401885755, 'classifier_lr': 8.233621447002638e-05, 'weight_decay': 0.0001217745611298304, 'grad_weight': 89183.25607029191}. Best is trial 10 with value: 0.8645024941775661.
[I 2026-02-16 15:33:03,880] Trial 14 finished with value: 0.8387629040446776 and parameters: {'base_lr': 0.0003007977653360276, 'classifier_lr': 0.0003811882371244148, 'weight_decay': 0.0008235048869953001, 'grad_weight': 18077.5121378955}. Best is trial 10 with value: 0.8645024941775661.
[I 2026-02-16 18:52:41,960] Trial 15 finished with value: 0.8261247975243575 and parameters: {'base_lr': 0.00014224088167567409, 'classifier_lr': 0.0005794915070942862, 'weight_decay': 0.0001308963665417507, 'grad_weight': 20802.475132114087}. Best is trial 10 with value: 0.8645024941775661.
[I 2026-02-16 22:13:00,169] Trial 16 finished with value: 0.8247810039568374 and parameters: {'base_lr': 3.7620509827805294e-05, 'classifier_lr': 5.3841099475624246e-05, 'weight_decay': 4.261467751906182e-05, 'grad_weight': 67988.78946839423}. Best is trial 10 with value: 0.8645024941775661.
[I 2026-02-17 01:32:49,901] Trial 17 finished with value: 0.821333881327112 and parameters: {'base_lr': 0.0005284964822026279, 'classifier_lr': 0.0001961932408927872, 'weight_decay': 0.00026986925922741487, 'grad_weight': 2009.1556117804737}. Best is trial 10 with value: 0.8645024941775661.
[I 2026-02-17 04:53:28,217] Trial 18 finished with value: 0.8036006414750703 and parameters: {'base_lr': 7.438341282178673e-05, 'classifier_lr': 0.0006985077452043846, 'weight_decay': 1.7149009473560463e-05, 'grad_weight': 2.068429670227}. Best is trial 10 with value: 0.8645024941775661.
[I 2026-02-17 08:14:24,181] Trial 19 finished with value: 0.7893548179129496 and parameters: {'base_lr': 1.475614864039007e-05, 'classifier_lr': 5.9662174092703516e-05, 'weight_decay': 7.745673947786651e-05, 'grad_weight': 23420.45588555108}. Best is trial 10 with value: 0.8645024941775661.
[I 2026-02-17 11:34:56,933] Trial 20 finished with value: 0.8481372240891618 and parameters: {'base_lr': 0.0008695287219727966, 'classifier_lr': 2.7080306313002806e-05, 'weight_decay': 0.000971581307068371, 'grad_weight': 6996.966717346642}. Best is trial 10 with value: 0.8645024941775661.
[I 2026-02-17 14:54:38,793] Trial 21 finished with value: 0.8680382628597216 and parameters: {'base_lr': 0.00043717871076441253, 'classifier_lr': 0.00012365169084132765, 'weight_decay': 0.0001483558815625416, 'grad_weight': 99807.29626169341}. Best is trial 21 with value: 0.8680382628597216.
