[I 2026-02-15 21:55:17,830] A new study created in memory with name: no-name-3c042cb8-f573-429c-a2fa-887caa2872c5
[I 2026-02-15 22:53:44,042] Trial 0 finished with value: 0.6386909437773538 and parameters: {'base_lr': 0.00012097292984886134, 'classifier_lr': 0.001670476198275452, 'weight_decay': 2.7890707905755742e-05, 'abn_att_weight': 0.32669348389447017}. Best is trial 0 with value: 0.6386909437773538.
[I 2026-02-15 23:51:08,760] Trial 1 finished with value: 0.5977884476650047 and parameters: {'base_lr': 1.4861866010578632e-06, 'classifier_lr': 0.00023186774045750772, 'weight_decay': 0.0008155994821518169, 'abn_att_weight': 2.1129005876719775}. Best is trial 0 with value: 0.6386909437773538.
[I 2026-02-16 00:51:02,842] Trial 2 finished with value: 0.6312282572101897 and parameters: {'base_lr': 2.5089104333830258e-05, 'classifier_lr': 0.0027895636144823557, 'weight_decay': 8.746090219527496e-06, 'abn_att_weight': 2.2804939170561878}. Best is trial 0 with value: 0.6386909437773538.
[I 2026-02-16 01:49:27,516] Trial 3 finished with value: 0.5811677381085978 and parameters: {'base_lr': 9.502296824871548e-06, 'classifier_lr': 5.253273231485463e-05, 'weight_decay': 0.00014002256693640611, 'abn_att_weight': 3.5189315012774456}. Best is trial 0 with value: 0.6386909437773538.
[I 2026-02-16 02:49:53,101] Trial 4 finished with value: 0.6239920162880549 and parameters: {'base_lr': 0.0001877433036748452, 'classifier_lr': 0.00018209895261010232, 'weight_decay': 5.517928761026175e-06, 'abn_att_weight': 1.6072321426288112}. Best is trial 0 with value: 0.6386909437773538.
[I 2026-02-16 03:48:35,239] Trial 5 finished with value: 0.5780295621783671 and parameters: {'base_lr': 5.985889906795674e-06, 'classifier_lr': 5.66247844278788e-05, 'weight_decay': 6.026207436067939e-05, 'abn_att_weight': 5.810450274666183}. Best is trial 0 with value: 0.6386909437773538.
[I 2026-02-16 04:49:09,530] Trial 6 finished with value: 0.6229179024319862 and parameters: {'base_lr': 2.4693200486325855e-06, 'classifier_lr': 0.001482857957305013, 'weight_decay': 0.0003536117393523927, 'abn_att_weight': 0.1170847159056038}. Best is trial 0 with value: 0.6386909437773538.
[I 2026-02-16 05:49:34,044] Trial 7 finished with value: 0.5509182070314379 and parameters: {'base_lr': 4.885944758384963e-06, 'classifier_lr': 1.3987684784576019e-05, 'weight_decay': 9.046177590149347e-06, 'abn_att_weight': 0.16142199597569237}. Best is trial 0 with value: 0.6386909437773538.
[I 2026-02-16 06:48:10,114] Trial 8 finished with value: 0.5827508536800423 and parameters: {'base_lr': 2.357281473202234e-06, 'classifier_lr': 0.00011160545752570111, 'weight_decay': 1.7092529001255373e-05, 'abn_att_weight': 0.7325143268931329}. Best is trial 0 with value: 0.6386909437773538.
[I 2026-02-16 07:48:39,991] Trial 9 finished with value: 0.6338293762123859 and parameters: {'base_lr': 0.00021793036791267046, 'classifier_lr': 0.0002962395847039773, 'weight_decay': 4.018053788837453e-06, 'abn_att_weight': 1.0182886905414714}. Best is trial 0 with value: 0.6386909437773538.
[I 2026-02-16 08:47:28,901] Trial 10 finished with value: 0.6413762284175257 and parameters: {'base_lr': 0.0006405371397648842, 'classifier_lr': 0.009170418923411815, 'weight_decay': 1.0097039822746283e-06, 'abn_att_weight': 0.3376775165081832}. Best is trial 10 with value: 0.6413762284175257.
[I 2026-02-16 09:48:05,780] Trial 11 finished with value: 0.6403301697741155 and parameters: {'base_lr': 0.0007610369215617908, 'classifier_lr': 0.008996531309403802, 'weight_decay': 1.0828719489936503e-06, 'abn_att_weight': 0.3458166491386684}. Best is trial 10 with value: 0.6413762284175257.
[I 2026-02-16 10:45:56,533] Trial 12 finished with value: 0.638181942061978 and parameters: {'base_lr': 0.0009431750315037283, 'classifier_lr': 0.008874030202741665, 'weight_decay': 1.2975662519036261e-06, 'abn_att_weight': 0.35251215380773876}. Best is trial 10 with value: 0.6413762284175257.
[I 2026-02-16 11:43:25,093] Trial 13 finished with value: 0.6373903842762556 and parameters: {'base_lr': 0.0008902895222746756, 'classifier_lr': 0.009452781937724652, 'weight_decay': 1.0086129167700851e-06, 'abn_att_weight': 0.36300637329727087}. Best is trial 10 with value: 0.6413762284175257.
[I 2026-02-16 12:41:31,227] Trial 14 finished with value: 0.640047613703769 and parameters: {'base_lr': 0.0003978989614207576, 'classifier_lr': 0.0036889363711884236, 'weight_decay': 2.1663441775053186e-06, 'abn_att_weight': 0.6134259651462999}. Best is trial 10 with value: 0.6413762284175257.
[I 2026-02-16 13:42:31,898] Trial 15 finished with value: 0.6287974734277058 and parameters: {'base_lr': 7.96860573997163e-05, 'classifier_lr': 0.0007389901701200581, 'weight_decay': 2.291855379515359e-06, 'abn_att_weight': 0.2035391017117582}. Best is trial 10 with value: 0.6413762284175257.
[I 2026-02-16 14:42:11,521] Trial 16 finished with value: 0.6430154544142873 and parameters: {'base_lr': 0.00040416654469627595, 'classifier_lr': 0.0007299441324222863, 'weight_decay': 2.9097933386231145e-06, 'abn_att_weight': 0.5241498209740156}. Best is trial 16 with value: 0.6430154544142873.
[I 2026-02-16 15:40:51,438] Trial 17 finished with value: 0.6291080847107107 and parameters: {'base_lr': 4.04662626785788e-05, 'classifier_lr': 0.0007877393425388327, 'weight_decay': 3.227201642281045e-06, 'abn_att_weight': 9.423763999074989}. Best is trial 16 with value: 0.6430154544142873.
[I 2026-02-16 16:41:19,386] Trial 18 finished with value: 0.6370517177805921 and parameters: {'base_lr': 0.0003615306328664566, 'classifier_lr': 0.000474157253357121, 'weight_decay': 6.727383829318978e-05, 'abn_att_weight': 1.000950159981665}. Best is trial 16 with value: 0.6430154544142873.
[I 2026-02-16 17:40:07,370] Trial 19 finished with value: 0.6360898247751575 and parameters: {'base_lr': 5.342128249654114e-05, 'classifier_lr': 0.00399168332708607, 'weight_decay': 1.0688468123372899e-05, 'abn_att_weight': 0.5913793577638571}. Best is trial 16 with value: 0.6430154544142873.
[I 2026-02-16 18:40:51,081] Trial 20 finished with value: 0.5880372573224105 and parameters: {'base_lr': 2.0777868827889497e-05, 'classifier_lr': 1.1264655236937713e-05, 'weight_decay': 2.016737852594929e-06, 'abn_att_weight': 0.17552101154983607}. Best is trial 16 with value: 0.6430154544142873.
[I 2026-02-16 19:40:38,985] Trial 21 finished with value: 0.6416868397005306 and parameters: {'base_lr': 0.0005297697530762312, 'classifier_lr': 0.004454060874680213, 'weight_decay': 1.0381341762714117e-06, 'abn_att_weight': 0.2811497980212917}. Best is trial 16 with value: 0.6430154544142873.
[I 2026-02-16 20:41:47,715] Trial 22 finished with value: 0.6435525113423217 and parameters: {'base_lr': 0.00046703451682252555, 'classifier_lr': 0.004911290684018169, 'weight_decay': 5.1123244831034584e-06, 'abn_att_weight': 0.2158041902226466}. Best is trial 22 with value: 0.6435525113423217.
[I 2026-02-16 21:41:21,542] Trial 23 finished with value: 0.6491495262676948 and parameters: {'base_lr': 0.0003130999406591618, 'classifier_lr': 0.0017232677567893917, 'weight_decay': 5.603014134498807e-06, 'abn_att_weight': 0.10196931124630326}. Best is trial 23 with value: 0.6491495262676948.
[I 2026-02-16 22:40:41,246] Trial 24 finished with value: 0.6454462381967712 and parameters: {'base_lr': 0.00021286342041071713, 'classifier_lr': 0.0015527616140411054, 'weight_decay': 1.6420443134768828e-05, 'abn_att_weight': 0.1023783156665862}. Best is trial 23 with value: 0.6491495262676948.
[I 2026-02-16 23:39:05,987] Trial 25 finished with value: 0.6416307292752137 and parameters: {'base_lr': 0.0001990100005488667, 'classifier_lr': 0.0017690562309703368, 'weight_decay': 2.2945980264144923e-05, 'abn_att_weight': 0.12320780109839828}. Best is trial 23 with value: 0.6491495262676948.
[I 2026-02-17 00:37:16,091] Trial 26 finished with value: 0.6381538868493195 and parameters: {'base_lr': 0.0001206341468307177, 'classifier_lr': 0.001208152881470029, 'weight_decay': 1.474433144147806e-05, 'abn_att_weight': 0.11126229569290128}. Best is trial 23 with value: 0.6491495262676948.
[I 2026-02-17 01:35:22,511] Trial 27 finished with value: 0.6459832951248056 and parameters: {'base_lr': 0.0003103063436786343, 'classifier_lr': 0.0024182394732384744, 'weight_decay': 4.4370657633124556e-05, 'abn_att_weight': 0.18921711079597392}. Best is trial 23 with value: 0.6491495262676948.
[I 2026-02-17 02:33:18,360] Trial 28 finished with value: 0.6427048431312823 and parameters: {'base_lr': 0.00024293422219107128, 'classifier_lr': 0.0025585430866947203, 'weight_decay': 4.862094547398938e-05, 'abn_att_weight': 0.14767186962940027}. Best is trial 23 with value: 0.6491495262676948.
[I 2026-02-17 03:31:34,024] Trial 29 finished with value: 0.6376448851339436 and parameters: {'base_lr': 0.00012413387870679533, 'classifier_lr': 0.0004775531154746471, 'weight_decay': 3.0989446219233896e-05, 'abn_att_weight': 0.10052808160447844}. Best is trial 23 with value: 0.6491495262676948.
[I 2026-02-17 04:29:52,053] Trial 30 finished with value: 0.6309176459271847 and parameters: {'base_lr': 9.318179687047659e-05, 'classifier_lr': 0.001158560109340186, 'weight_decay': 0.00014343378626550704, 'abn_att_weight': 0.24230194631421775}. Best is trial 23 with value: 0.6491495262676948.
[I 2026-02-17 05:27:55,876] Trial 31 finished with value: 0.6457007390544591 and parameters: {'base_lr': 0.00030180915894840137, 'classifier_lr': 0.005493164966046002, 'weight_decay': 5.995420291367231e-06, 'abn_att_weight': 0.2080794342053791}. Best is trial 23 with value: 0.6491495262676948.
[I 2026-02-17 06:26:09,156] Trial 32 finished with value: 0.6470574089808743 and parameters: {'base_lr': 0.00027995246998143217, 'classifier_lr': 0.002244978652624196, 'weight_decay': 6.80971975769715e-06, 'abn_att_weight': 0.14684216393878513}. Best is trial 23 with value: 0.6491495262676948.
[I 2026-02-17 07:24:14,764] Trial 33 finished with value: 0.6475944659089087 and parameters: {'base_lr': 0.0002915480408462743, 'classifier_lr': 0.0022799930662239427, 'weight_decay': 6.415631422063898e-06, 'abn_att_weight': 0.14272413490622454}. Best is trial 23 with value: 0.6491495262676948.
[I 2026-02-17 08:22:53,478] Trial 34 finished with value: 0.6410936723471792 and parameters: {'base_lr': 0.0001391529062746088, 'classifier_lr': 0.002216293671511799, 'weight_decay': 0.00012085787518429625, 'abn_att_weight': 0.1415357900529631}. Best is trial 23 with value: 0.6491495262676948.
[I 2026-02-17 09:21:27,894] Trial 35 finished with value: 0.6312843676355067 and parameters: {'base_lr': 6.145400024663682e-05, 'classifier_lr': 0.0024839120482523856, 'weight_decay': 6.548107144143422e-06, 'abn_att_weight': 0.17935328695718739}. Best is trial 23 with value: 0.6491495262676948.
[I 2026-02-17 10:19:55,459] Trial 36 finished with value: 0.6175473331516425 and parameters: {'base_lr': 2.442366316199001e-05, 'classifier_lr': 0.0009842041260225204, 'weight_decay': 3.852350463935981e-05, 'abn_att_weight': 0.4556834344159716}. Best is trial 23 with value: 0.6491495262676948.
[I 2026-02-17 11:18:50,513] Trial 37 finished with value: 0.6432980104846338 and parameters: {'base_lr': 0.0002992918078147662, 'classifier_lr': 0.0032937762390051846, 'weight_decay': 1.1481821090986697e-05, 'abn_att_weight': 0.26978350796611034}. Best is trial 23 with value: 0.6491495262676948.
[I 2026-02-17 12:17:02,570] Trial 38 finished with value: 0.6457007390544591 and parameters: {'base_lr': 0.0005657486050710284, 'classifier_lr': 0.006092381514962642, 'weight_decay': 7.378289973811925e-06, 'abn_att_weight': 0.13810254257267163}. Best is trial 23 with value: 0.6491495262676948.
[I 2026-02-17 13:15:15,292] Trial 39 finished with value: 0.6330939288519807 and parameters: {'base_lr': 1.2636883109810952e-05, 'classifier_lr': 0.001877077973728859, 'weight_decay': 2.5970917532053472e-05, 'abn_att_weight': 2.0643719678041874}. Best is trial 23 with value: 0.6491495262676948.
[I 2026-02-17 14:12:37,810] Trial 40 finished with value: 0.6261682992128509 and parameters: {'base_lr': 9.635325440278186e-05, 'classifier_lr': 0.0005318244763515421, 'weight_decay': 0.0008379213405895298, 'abn_att_weight': 3.540682856044242}. Best is trial 23 with value: 0.6491495262676948.
[I 2026-02-17 15:10:28,411] Trial 41 finished with value: 0.6443160139153854 and parameters: {'base_lr': 0.000272058132007498, 'classifier_lr': 0.005805286467046139, 'weight_decay': 4.892638520576622e-06, 'abn_att_weight': 0.19563123451590994}. Best is trial 23 with value: 0.6491495262676948.
[I 2026-02-17 16:08:13,703] Trial 42 finished with value: 0.6403021145614569 and parameters: {'base_lr': 0.00016807510794884296, 'classifier_lr': 0.0028294087541992224, 'weight_decay': 7.696023973472196e-06, 'abn_att_weight': 0.1488278154009604}. Best is trial 23 with value: 0.6491495262676948.
