[I 2026-02-15 00:52:37,041] A new study created in memory with name: no-name-e9f274ed-4e4b-4619-ab14-6af791899e8f
[I 2026-02-15 01:46:07,253] Trial 0 finished with value: 0.8146068547574725 and parameters: {'base_lr': 0.00060040629856564, 'classifier_lr': 0.0006054407526248725, 'weight_decay': 4.293019268162863e-06, 'cam_weight': 1.2154089247129107}. Best is trial 0 with value: 0.8146068547574725.
[I 2026-02-15 02:39:06,813] Trial 1 finished with value: 0.8170063422221148 and parameters: {'base_lr': 7.877460137655649e-05, 'classifier_lr': 0.0009223637255455154, 'weight_decay': 8.097432039972277e-06, 'cam_weight': 0.57149550935835}. Best is trial 1 with value: 0.8170063422221148.
[I 2026-02-15 03:32:06,820] Trial 2 finished with value: 0.8014570187526695 and parameters: {'base_lr': 3.570888933641381e-06, 'classifier_lr': 0.001042450419022459, 'weight_decay': 8.511853407460825e-05, 'cam_weight': 0.16088623570164337}. Best is trial 1 with value: 0.8170063422221148.
[I 2026-02-15 04:24:34,171] Trial 3 finished with value: 0.8242531570082763 and parameters: {'base_lr': 0.0003526872740434198, 'classifier_lr': 0.0034051236333691517, 'weight_decay': 0.00020977901482826643, 'cam_weight': 2.8413900199976583}. Best is trial 3 with value: 0.8242531570082763.
[I 2026-02-15 05:16:50,593] Trial 4 finished with value: 0.8025207713818308 and parameters: {'base_lr': 0.00022511999769994975, 'classifier_lr': 0.0001206774275319432, 'weight_decay': 0.00020950175794128237, 'cam_weight': 1.7900635661317488}. Best is trial 3 with value: 0.8242531570082763.
[I 2026-02-15 06:09:17,314] Trial 5 finished with value: 0.7936340046257122 and parameters: {'base_lr': 0.00029739356999674654, 'classifier_lr': 0.0025169822648471044, 'weight_decay': 1.335952545661143e-06, 'cam_weight': 8.889679538403504}. Best is trial 3 with value: 0.8242531570082763.
[I 2026-02-15 07:02:00,852] Trial 6 finished with value: 0.6776849680471275 and parameters: {'base_lr': 2.215378400464253e-06, 'classifier_lr': 1.4645297265263098e-05, 'weight_decay': 0.0004915146748779932, 'cam_weight': 1.649165166680075}. Best is trial 3 with value: 0.8242531570082763.
[I 2026-02-15 07:54:38,941] Trial 7 finished with value: 0.7552563079725036 and parameters: {'base_lr': 0.00032410852693586314, 'classifier_lr': 3.2679779359738275e-05, 'weight_decay': 2.9264911553578293e-05, 'cam_weight': 29.850379013937825}. Best is trial 3 with value: 0.8242531570082763.
[I 2026-02-15 08:46:51,341] Trial 8 finished with value: 0.8288204433914368 and parameters: {'base_lr': 5.027384860532675e-05, 'classifier_lr': 0.007091852691643495, 'weight_decay': 9.175293456385671e-05, 'cam_weight': 1.9328673731244204}. Best is trial 8 with value: 0.8288204433914368.
[I 2026-02-15 09:38:57,494] Trial 9 finished with value: 0.7891070119027472 and parameters: {'base_lr': 1.3982400898007477e-06, 'classifier_lr': 0.0017703133479174968, 'weight_decay': 0.0004892875050049677, 'cam_weight': 0.15621936170297854}. Best is trial 8 with value: 0.8288204433914368.
[I 2026-02-15 10:31:36,456] Trial 10 finished with value: 0.77698063486691 and parameters: {'base_lr': 1.4295236801732871e-05, 'classifier_lr': 0.009973775517794463, 'weight_decay': 3.145955810590875e-05, 'cam_weight': 91.85304991215659}. Best is trial 8 with value: 0.8288204433914368.
[I 2026-02-15 11:23:10,300] Trial 11 finished with value: 0.8100718033024683 and parameters: {'base_lr': 4.318655995204488e-05, 'classifier_lr': 0.009496021814275906, 'weight_decay': 0.00010513974660622495, 'cam_weight': 7.2761946331328335}. Best is trial 8 with value: 0.8288204433914368.
[I 2026-02-15 12:15:43,646] Trial 12 finished with value: 0.793617887161634 and parameters: {'base_lr': 1.3127846155005224e-05, 'classifier_lr': 0.004255048905468294, 'weight_decay': 0.00014090698644495626, 'cam_weight': 5.746661084087145}. Best is trial 8 with value: 0.8288204433914368.
[I 2026-02-15 13:08:26,918] Trial 13 finished with value: 0.818877982738196 and parameters: {'base_lr': 9.761328715291374e-05, 'classifier_lr': 0.00022490201158428163, 'weight_decay': 0.0008726944358956565, 'cam_weight': 0.4676510720509674}. Best is trial 8 with value: 0.8288204433914368.
[I 2026-02-15 14:01:17,173] Trial 14 finished with value: 0.7736382757536929 and parameters: {'base_lr': 0.0009935195066066056, 'classifier_lr': 0.004380717977647469, 'weight_decay': 5.154369248997014e-05, 'cam_weight': 20.064213412317915}. Best is trial 8 with value: 0.8288204433914368.
[I 2026-02-15 14:53:15,299] Trial 15 finished with value: 0.8205098759761139 and parameters: {'base_lr': 1.6654056468946168e-05, 'classifier_lr': 0.0031956307483760786, 'weight_decay': 0.0002966962798857901, 'cam_weight': 3.3789329159846506}. Best is trial 8 with value: 0.8288204433914368.
[I 2026-02-15 15:46:44,047] Trial 16 finished with value: 0.8170063422221148 and parameters: {'base_lr': 0.00011452992672750523, 'classifier_lr': 0.00035971678365643667, 'weight_decay': 1.2713076953909484e-05, 'cam_weight': 0.5440966807830846}. Best is trial 8 with value: 0.8288204433914368.
[I 2026-02-15 16:39:22,562] Trial 17 finished with value: 0.7912345171610699 and parameters: {'base_lr': 3.236351502557841e-05, 'classifier_lr': 6.52400038677071e-05, 'weight_decay': 4.935131590485722e-05, 'cam_weight': 3.211980957104001}. Best is trial 8 with value: 0.8288204433914368.
[I 2026-02-15 17:31:32,493] Trial 18 finished with value: 0.8164543190774363 and parameters: {'base_lr': 4.488063304047525e-06, 'classifier_lr': 0.007253812799110496, 'weight_decay': 1.8421286477092352e-05, 'cam_weight': 23.702604085688154}. Best is trial 8 with value: 0.8288204433914368.
[I 2026-02-15 18:24:23,159] Trial 19 finished with value: 0.8250610448951962 and parameters: {'base_lr': 0.00017898256471980464, 'classifier_lr': 0.0016370849871169277, 'weight_decay': 0.000999950744787435, 'cam_weight': 0.912799525300004}. Best is trial 8 with value: 0.8288204433914368.
[I 2026-02-15 19:16:48,335] Trial 20 finished with value: 0.8191580236765548 and parameters: {'base_lr': 6.281560939537291e-05, 'classifier_lr': 0.0014830721578891932, 'weight_decay': 0.0007103735488292117, 'cam_weight': 0.31656546782028877}. Best is trial 8 with value: 0.8288204433914368.
[I 2026-02-15 20:08:58,123] Trial 21 finished with value: 0.8137667319423962 and parameters: {'base_lr': 0.000172280603076489, 'classifier_lr': 0.0047830229060092135, 'weight_decay': 0.00025348204830502813, 'cam_weight': 1.0517596674428258}. Best is trial 8 with value: 0.8288204433914368.
[I 2026-02-15 21:01:46,651] Trial 22 finished with value: 0.8065279758882737 and parameters: {'base_lr': 0.0004494889684794058, 'classifier_lr': 0.0022224141109650065, 'weight_decay': 0.000331969037038317, 'cam_weight': 2.3785247349016596}. Best is trial 8 with value: 0.8288204433914368.
[I 2026-02-15 21:53:36,309] Trial 23 finished with value: 0.8126949205811957 and parameters: {'base_lr': 0.0001379963526960691, 'classifier_lr': 0.0005267538127719653, 'weight_decay': 0.0009706959670854573, 'cam_weight': 0.8844797954787444}. Best is trial 8 with value: 0.8288204433914368.
[I 2026-02-15 22:45:40,659] Trial 24 finished with value: 0.791538734295546 and parameters: {'base_lr': 0.0008184794049940612, 'classifier_lr': 0.00597051261359936, 'weight_decay': 0.0001489921848348829, 'cam_weight': 4.4981427433875085}. Best is trial 8 with value: 0.8288204433914368.
[I 2026-02-15 23:38:50,297] Trial 25 finished with value: 0.8207657407183554 and parameters: {'base_lr': 6.261706143384766e-05, 'classifier_lr': 0.0009608133938651981, 'weight_decay': 6.836753720421249e-05, 'cam_weight': 0.24700864006060133}. Best is trial 8 with value: 0.8288204433914368.
[I 2026-02-16 00:30:35,909] Trial 26 finished with value: 0.7890586595105126 and parameters: {'base_lr': 0.0004232160717657133, 'classifier_lr': 0.003198401931850306, 'weight_decay': 0.000483563734120911, 'cam_weight': 11.07720518067065}. Best is trial 8 with value: 0.8288204433914368.
[I 2026-02-16 01:22:39,952] Trial 27 finished with value: 0.8271885501535188 and parameters: {'base_lr': 2.868710220444738e-05, 'classifier_lr': 0.0015100137614959459, 'weight_decay': 0.00016100471410379453, 'cam_weight': 0.7656994687825549}. Best is trial 8 with value: 0.8288204433914368.
[I 2026-02-16 02:15:38,236] Trial 28 finished with value: 0.805728146733393 and parameters: {'base_lr': 2.1005917156363503e-05, 'classifier_lr': 0.00021283150614134533, 'weight_decay': 0.0001218318992448759, 'cam_weight': 0.333614405988443}. Best is trial 8 with value: 0.8288204433914368.
[I 2026-02-16 03:08:20,736] Trial 29 finished with value: 0.812191249828752 and parameters: {'base_lr': 8.636540571181759e-06, 'classifier_lr': 0.0005640656543196047, 'weight_decay': 1.6269205298579771e-06, 'cam_weight': 0.9356683139543562}. Best is trial 8 with value: 0.8288204433914368.
[I 2026-02-16 04:00:13,790] Trial 30 finished with value: 0.829356349072037 and parameters: {'base_lr': 4.265721001643204e-05, 'classifier_lr': 0.0013247119672054903, 'weight_decay': 1.773878915091895e-05, 'cam_weight': 1.4251091706547239}. Best is trial 30 with value: 0.829356349072037.
[I 2026-02-16 04:52:13,156] Trial 31 finished with value: 0.8280125555045169 and parameters: {'base_lr': 3.341197621435043e-05, 'classifier_lr': 0.0010846636775103953, 'weight_decay': 6.6534117821404096e-06, 'cam_weight': 1.8461844549564193}. Best is trial 30 with value: 0.829356349072037.
[I 2026-02-16 05:44:17,447] Trial 32 finished with value: 0.8215655698732361 and parameters: {'base_lr': 3.737229576933045e-05, 'classifier_lr': 0.0008032822378814425, 'weight_decay': 4.0935967007588996e-06, 'cam_weight': 1.5444224650518994}. Best is trial 30 with value: 0.829356349072037.
[I 2026-02-16 06:36:25,620] Trial 33 finished with value: 0.825860874050077 and parameters: {'base_lr': 2.531891321405954e-05, 'classifier_lr': 0.0012503034837796506, 'weight_decay': 7.545832533887771e-06, 'cam_weight': 0.7619018108682217}. Best is trial 30 with value: 0.829356349072037.
[I 2026-02-16 07:28:32,892] Trial 34 finished with value: 0.8156544899225555 and parameters: {'base_lr': 8.873342256320923e-06, 'classifier_lr': 0.00036418627147193766, 'weight_decay': 3.989347423595806e-06, 'cam_weight': 2.0092732792021817}. Best is trial 30 with value: 0.829356349072037.
[I 2026-02-16 08:20:49,781] Trial 35 finished with value: 0.8180781535833153 and parameters: {'base_lr': 5.231969676251126e-05, 'classifier_lr': 0.0007675125794736175, 'weight_decay': 2.487482462992229e-06, 'cam_weight': 0.5514387387404418}. Best is trial 30 with value: 0.829356349072037.
[I 2026-02-16 09:13:31,027] Trial 36 finished with value: 0.813230826261796 and parameters: {'base_lr': 7.890279327554846e-05, 'classifier_lr': 0.0021406884704932485, 'weight_decay': 1.3052842776274295e-05, 'cam_weight': 1.3552430159850397}. Best is trial 30 with value: 0.829356349072037.
[I 2026-02-16 10:06:10,605] Trial 37 finished with value: 0.8103034918485925 and parameters: {'base_lr': 2.4411803502440246e-05, 'classifier_lr': 0.0010976146673499687, 'weight_decay': 7.090749919897521e-06, 'cam_weight': 0.10931729260330629}. Best is trial 30 with value: 0.829356349072037.
[I 2026-02-16 10:58:32,451] Trial 38 finished with value: 0.8065037996921565 and parameters: {'base_lr': 8.89065900419691e-06, 'classifier_lr': 0.00046764095604697636, 'weight_decay': 2.0210507090992502e-05, 'cam_weight': 4.3564055643387345}. Best is trial 30 with value: 0.829356349072037.
[I 2026-02-16 11:50:33,416] Trial 39 finished with value: 0.8065118584241955 and parameters: {'base_lr': 4.327993080095276e-05, 'classifier_lr': 0.00016194702587741231, 'weight_decay': 4.29996317386245e-05, 'cam_weight': 2.339646041675431}. Best is trial 30 with value: 0.829356349072037.
[I 2026-02-16 12:43:36,941] Trial 40 finished with value: 0.7880190830774686 and parameters: {'base_lr': 3.846917517156985e-06, 'classifier_lr': 9.276499667521527e-05, 'weight_decay': 7.379973173209503e-05, 'cam_weight': 1.4527626716052575}. Best is trial 30 with value: 0.829356349072037.
[I 2026-02-16 13:36:18,076] Trial 41 finished with value: 0.8266768206690359 and parameters: {'base_lr': 2.5813547734097256e-05, 'classifier_lr': 0.0014419087843031853, 'weight_decay': 6.577784945359588e-06, 'cam_weight': 0.745233426859224}. Best is trial 30 with value: 0.829356349072037.
[I 2026-02-16 14:28:34,338] Trial 42 finished with value: 0.8317638952687184 and parameters: {'base_lr': 2.9228999967387786e-05, 'classifier_lr': 0.0028821013103203772, 'weight_decay': 9.927143639238053e-06, 'cam_weight': 0.676494052035474}. Best is trial 42 with value: 0.8317638952687184.
[I 2026-02-16 15:20:37,069] Trial 43 finished with value: 0.826684879401075 and parameters: {'base_lr': 1.768383756377297e-05, 'classifier_lr': 0.002652672600732839, 'weight_decay': 1.0720033904350314e-05, 'cam_weight': 0.38423501716899783}. Best is trial 42 with value: 0.8317638952687184.
[I 2026-02-16 16:13:50,892] Trial 44 finished with value: 0.8132469437258742 and parameters: {'base_lr': 7.828219845306744e-05, 'classifier_lr': 0.0020272326344271, 'weight_decay': 1.8774629821458777e-05, 'cam_weight': 1.208673497728665}. Best is trial 42 with value: 0.8317638952687184.
[I 2026-02-16 17:06:49,571] Trial 45 finished with value: 0.8299003134846763 and parameters: {'base_lr': 3.294577461658965e-05, 'classifier_lr': 0.00582818335740269, 'weight_decay': 2.5998991200885497e-05, 'cam_weight': 0.24075720596035738}. Best is trial 42 with value: 0.8317638952687184.
[I 2026-02-16 17:59:34,350] Trial 46 finished with value: 0.832035877475038 and parameters: {'base_lr': 5.398357251175745e-05, 'classifier_lr': 0.006776663988659939, 'weight_decay': 2.9124407106640273e-05, 'cam_weight': 0.2330971737869278}. Best is trial 46 with value: 0.832035877475038.
[I 2026-02-16 18:52:18,044] Trial 47 finished with value: 0.8140709490768723 and parameters: {'base_lr': 1.1162858281164345e-05, 'classifier_lr': 0.007349250356870853, 'weight_decay': 2.7326903345078792e-05, 'cam_weight': 0.17675801487432913}. Best is trial 46 with value: 0.832035877475038.
[I 2026-02-16 19:45:30,778] Trial 48 finished with value: 0.8304281604332374 and parameters: {'base_lr': 5.107962514030028e-05, 'classifier_lr': 0.0050465633839582354, 'weight_decay': 3.844544105417524e-05, 'cam_weight': 0.24030893036735118}. Best is trial 46 with value: 0.832035877475038.
[I 2026-02-16 20:38:28,998] Trial 49 finished with value: 0.8301561782269178 and parameters: {'base_lr': 0.00010273517807612343, 'classifier_lr': 0.005208256591673483, 'weight_decay': 3.729999733433325e-05, 'cam_weight': 0.20873726947396237}. Best is trial 46 with value: 0.832035877475038.
