[I 2026-02-14 09:05:18,350] A new study created in memory with name: no-name-bdd2ecb3-5a7b-4135-86eb-21d7e1163d77
[I 2026-02-14 12:23:34,868] Trial 0 finished with value: 0.6463239655642303 and parameters: {'base_lr': 0.0005312350539898999, 'classifier_lr': 1.618890111127494e-05, 'weight_decay': 1.748649702014269e-05, 'grad_weight': 2.2753365020373035}. Best is trial 0 with value: 0.6463239655642303.
[I 2026-02-14 15:43:45,828] Trial 1 finished with value: 0.604567789409558 and parameters: {'base_lr': 8.96781548073233e-06, 'classifier_lr': 1.228290128729093e-05, 'weight_decay': 9.741139579473068e-06, 'grad_weight': 92501.54237583175}. Best is trial 0 with value: 0.6463239655642303.
[I 2026-02-14 19:03:58,112] Trial 2 finished with value: 0.6311160363595556 and parameters: {'base_lr': 5.108716382304937e-05, 'classifier_lr': 2.2042711913270393e-05, 'weight_decay': 0.00026797994674602956, 'grad_weight': 493.2863203539814}. Best is trial 0 with value: 0.6463239655642303.
[I 2026-02-14 22:24:16,449] Trial 3 finished with value: 0.6636240120557257 and parameters: {'base_lr': 0.00012151708781071634, 'classifier_lr': 5.3892373658932455e-05, 'weight_decay': 2.0652265431373917e-05, 'grad_weight': 20723.203907451174}. Best is trial 3 with value: 0.6636240120557257.
[I 2026-02-15 01:44:38,181] Trial 4 finished with value: 0.6740264841207497 and parameters: {'base_lr': 0.00026125231481779375, 'classifier_lr': 0.0001464011827346531, 'weight_decay': 4.185352486664349e-05, 'grad_weight': 29124.544536787304}. Best is trial 4 with value: 0.6740264841207497.
[I 2026-02-15 05:05:13,763] Trial 5 finished with value: 0.6066879619090371 and parameters: {'base_lr': 1.146813465873032e-06, 'classifier_lr': 1.86418636603293e-05, 'weight_decay': 6.781989771460825e-06, 'grad_weight': 61553.99742726978}. Best is trial 4 with value: 0.6740264841207497.
[I 2026-02-15 08:24:42,214] Trial 6 finished with value: 0.5973916668002629 and parameters: {'base_lr': 1.2161606274393694e-06, 'classifier_lr': 1.92984070211971e-05, 'weight_decay': 6.393788545105136e-05, 'grad_weight': 27.005040819061723}. Best is trial 4 with value: 0.6740264841207497.
[I 2026-02-15 11:44:45,155] Trial 7 finished with value: 0.646295910351572 and parameters: {'base_lr': 0.0002420544681110619, 'classifier_lr': 0.00045806806626916274, 'weight_decay': 6.294108117055775e-06, 'grad_weight': 5.648948015186396}. Best is trial 4 with value: 0.6740264841207497.
[I 2026-02-15 15:04:02,496] Trial 8 finished with value: 0.6486705837087388 and parameters: {'base_lr': 0.0007524789835523324, 'classifier_lr': 3.442794125741587e-05, 'weight_decay': 4.9259789177810466e-05, 'grad_weight': 2.723987398940137}. Best is trial 4 with value: 0.6740264841207497.
[I 2026-02-15 18:23:47,532] Trial 9 finished with value: 0.652061256552896 and parameters: {'base_lr': 1.3795646218656026e-06, 'classifier_lr': 0.001680064138657397, 'weight_decay': 5.39756675779074e-06, 'grad_weight': 3417.91632257968}. Best is trial 4 with value: 0.6740264841207497.
[I 2026-02-15 21:43:15,483] Trial 10 finished with value: 0.6679765779053177 and parameters: {'base_lr': 3.0035516520556e-05, 'classifier_lr': 0.007805600791501267, 'weight_decay': 1.278860487738346e-06, 'grad_weight': 2309.372487459599}. Best is trial 4 with value: 0.6740264841207497.
[I 2026-02-16 01:02:37,179] Trial 11 finished with value: 0.6669024640492489 and parameters: {'base_lr': 1.4710180495617079e-05, 'classifier_lr': 0.00944335861407119, 'weight_decay': 1.0400762438655892e-06, 'grad_weight': 3212.4150416682523}. Best is trial 4 with value: 0.6740264841207497.
[I 2026-02-16 04:21:52,619] Trial 12 finished with value: 0.6487266941340559 and parameters: {'base_lr': 6.325390071066787e-05, 'classifier_lr': 0.000169868585092707, 'weight_decay': 1.256446018432045e-06, 'grad_weight': 4415.3400534126185}. Best is trial 4 with value: 0.6740264841207497.
[I 2026-02-16 07:40:41,433] Trial 13 finished with value: 0.6663654071212146 and parameters: {'base_lr': 1.7420167853903465e-05, 'classifier_lr': 0.007182665135738836, 'weight_decay': 0.00017643560782881014, 'grad_weight': 256.3672858996746}. Best is trial 4 with value: 0.6740264841207497.
[I 2026-02-16 10:59:42,866] Trial 14 finished with value: 0.64423184827741 and parameters: {'base_lr': 4.116131814730579e-06, 'classifier_lr': 0.0004682453637586427, 'weight_decay': 0.0009549484473697344, 'grad_weight': 505.36517439270085}. Best is trial 4 with value: 0.6740264841207497.
[I 2026-02-16 14:19:39,477] Trial 15 finished with value: 0.6638785129134136 and parameters: {'base_lr': 0.00019088777710498295, 'classifier_lr': 0.00011163648609651334, 'weight_decay': 2.524059978019805e-06, 'grad_weight': 15593.735127564323}. Best is trial 4 with value: 0.6740264841207497.
[I 2026-02-16 17:38:35,330] Trial 16 finished with value: 0.6674675761899418 and parameters: {'base_lr': 3.9086362926466845e-05, 'classifier_lr': 0.0012670889468408054, 'weight_decay': 0.00013438289156941687, 'grad_weight': 13303.137162159202}. Best is trial 4 with value: 0.6740264841207497.
[I 2026-02-16 20:57:48,274] Trial 17 finished with value: 0.6577724962726645 and parameters: {'base_lr': 9.021136575120818e-05, 'classifier_lr': 0.0031060947049687503, 'weight_decay': 3.970994747127629e-05, 'grad_weight': 109.28588345825156}. Best is trial 4 with value: 0.6740264841207497.
[I 2026-02-17 00:16:52,010] Trial 18 finished with value: 0.6491795854241147 and parameters: {'base_lr': 0.00030385742672123136, 'classifier_lr': 0.00017554567596876625, 'weight_decay': 2.813952053709166e-06, 'grad_weight': 1561.9268265187957}. Best is trial 4 with value: 0.6740264841207497.
[I 2026-02-17 03:36:24,618] Trial 19 finished with value: 0.647963191560992 and parameters: {'base_lr': 4.318797042185864e-06, 'classifier_lr': 0.0006656413688891934, 'weight_decay': 0.0005548920043766518, 'grad_weight': 36.77394601104923}. Best is trial 4 with value: 0.6740264841207497.
[I 2026-02-17 06:56:08,966] Trial 20 finished with value: 0.6292784199304231 and parameters: {'base_lr': 2.1812341837179508e-05, 'classifier_lr': 7.348689460870474e-05, 'weight_decay': 1.4343002639910917e-05, 'grad_weight': 1117.3718762720127}. Best is trial 4 with value: 0.6740264841207497.
[I 2026-02-17 10:15:19,416] Trial 21 finished with value: 0.6685416900460106 and parameters: {'base_lr': 4.023608702572199e-05, 'classifier_lr': 0.0013352089543515848, 'weight_decay': 0.00010176056816355416, 'grad_weight': 14070.347934135782}. Best is trial 4 with value: 0.6740264841207497.
[I 2026-02-17 13:35:12,236] Trial 22 finished with value: 0.6714253651185533 and parameters: {'base_lr': 3.351341340271476e-05, 'classifier_lr': 0.004166283837605699, 'weight_decay': 0.00010441337331050076, 'grad_weight': 23459.160812606355}. Best is trial 4 with value: 0.6740264841207497.
