[I 2026-02-15 04:22:35,688] A new study created in memory with name: no-name-2bf57e91-70f8-4a03-848b-f7793d278d33
[I 2026-02-15 05:15:32,416] Trial 0 finished with value: 0.6905029097263414 and parameters: {'base_lr': 0.00017426090879089231, 'classifier_lr': 0.000981912010616909, 'weight_decay': 6.240004882263117e-06, 'cam_weight': 20.042939289518905}. Best is trial 0 with value: 0.6905029097263414.
[I 2026-02-15 06:07:10,556] Trial 1 finished with value: 0.7023442134119948 and parameters: {'base_lr': 6.459506711601147e-05, 'classifier_lr': 0.0009597847678374577, 'weight_decay': 0.00012025030512424577, 'cam_weight': 47.77722111417002}. Best is trial 1 with value: 0.7023442134119948.
[I 2026-02-15 06:59:37,389] Trial 2 finished with value: 0.6801304968177373 and parameters: {'base_lr': 1.1333161983260782e-06, 'classifier_lr': 0.0006752791194289792, 'weight_decay': 4.0355265336109566e-06, 'cam_weight': 1.1413440084170559}. Best is trial 1 with value: 0.7023442134119948.
[I 2026-02-15 07:52:19,606] Trial 3 finished with value: 0.8262981547685846 and parameters: {'base_lr': 3.956647091391961e-06, 'classifier_lr': 0.009057101480504058, 'weight_decay': 1.6442101547879745e-06, 'cam_weight': 25.619506033155453}. Best is trial 3 with value: 0.8262981547685846.
[I 2026-02-15 08:44:07,832] Trial 4 finished with value: 0.6687941869599372 and parameters: {'base_lr': 0.0007324374217616417, 'classifier_lr': 0.0005541712351256024, 'weight_decay': 1.387819552217562e-05, 'cam_weight': 17.870675486474536}. Best is trial 3 with value: 0.8262981547685846.
[I 2026-02-15 09:36:20,044] Trial 5 finished with value: 0.6600329448354362 and parameters: {'base_lr': 3.531575307271415e-05, 'classifier_lr': 0.00018848438065181047, 'weight_decay': 0.00012110788577025671, 'cam_weight': 0.13518945183320338}. Best is trial 3 with value: 0.8262981547685846.
[I 2026-02-15 10:28:07,505] Trial 6 finished with value: 0.6733471471856614 and parameters: {'base_lr': 6.989051553697057e-05, 'classifier_lr': 3.404213288587494e-05, 'weight_decay': 9.811527618339433e-05, 'cam_weight': 6.30442449664812}. Best is trial 3 with value: 0.8262981547685846.
[I 2026-02-15 11:20:52,147] Trial 7 finished with value: 0.712412026868878 and parameters: {'base_lr': 2.179882751045157e-05, 'classifier_lr': 0.0010017843205194254, 'weight_decay': 2.587391237692873e-06, 'cam_weight': 5.915197038090899}. Best is trial 3 with value: 0.8262981547685846.
[I 2026-02-15 12:13:29,475] Trial 8 finished with value: 0.6528247591259599 and parameters: {'base_lr': 4.016945829272271e-05, 'classifier_lr': 8.594922226705913e-05, 'weight_decay': 0.0005192044400497757, 'cam_weight': 0.14144894985033152}. Best is trial 3 with value: 0.8262981547685846.
[I 2026-02-15 13:05:18,945] Trial 9 finished with value: 0.7368621447007712 and parameters: {'base_lr': 3.486554457861989e-05, 'classifier_lr': 0.0018130864935181367, 'weight_decay': 8.676518433822996e-06, 'cam_weight': 3.5654859904101546}. Best is trial 3 with value: 0.8262981547685846.
[I 2026-02-15 13:57:06,954] Trial 10 finished with value: 0.8208995302755824 and parameters: {'base_lr': 2.775701820436366e-06, 'classifier_lr': 0.007695283270659932, 'weight_decay': 1.246914911516247e-06, 'cam_weight': 97.10966021632251}. Best is trial 3 with value: 0.8262981547685846.
[I 2026-02-15 14:48:56,447] Trial 11 finished with value: 0.8126172307100373 and parameters: {'base_lr': 2.3776056348145956e-06, 'classifier_lr': 0.007469889131381286, 'weight_decay': 1.3823337364455479e-06, 'cam_weight': 92.5610810075252}. Best is trial 3 with value: 0.8262981547685846.
[I 2026-02-15 15:40:48,378] Trial 12 finished with value: 0.8235567597030957 and parameters: {'base_lr': 5.147015936563678e-06, 'classifier_lr': 0.008501406509356145, 'weight_decay': 1.4117125447149968e-06, 'cam_weight': 96.38318586254536}. Best is trial 3 with value: 0.8262981547685846.
[I 2026-02-15 16:33:11,397] Trial 13 finished with value: 0.8207291950558699 and parameters: {'base_lr': 5.6391472564652915e-06, 'classifier_lr': 0.0033311379144222463, 'weight_decay': 1.0292220797116057e-06, 'cam_weight': 19.85526087499853}. Best is trial 3 with value: 0.8262981547685846.
[I 2026-02-15 17:25:47,682] Trial 14 finished with value: 0.7136564759446591 and parameters: {'base_lr': 8.819408125668384e-06, 'classifier_lr': 0.0034120770593617754, 'weight_decay': 2.655375579358977e-05, 'cam_weight': 1.2114670209070417}. Best is trial 3 with value: 0.8262981547685846.
[I 2026-02-15 18:17:27,290] Trial 15 finished with value: 0.6372481042692018 and parameters: {'base_lr': 8.725183325119845e-06, 'classifier_lr': 1.245748038235967e-05, 'weight_decay': 2.8418924114883644e-06, 'cam_weight': 43.42998445635497}. Best is trial 3 with value: 0.8262981547685846.
[I 2026-02-15 19:09:31,600] Trial 16 finished with value: 0.8312739471279478 and parameters: {'base_lr': 1.1516469246394005e-06, 'classifier_lr': 0.009147208599806347, 'weight_decay': 2.6957238707132748e-05, 'cam_weight': 37.99929753980681}. Best is trial 16 with value: 0.8312739471279478.
[I 2026-02-15 20:01:42,836] Trial 17 finished with value: 0.7552623563172323 and parameters: {'base_lr': 1.0527032995503877e-06, 'classifier_lr': 0.0026987736911919863, 'weight_decay': 4.4826752856737585e-05, 'cam_weight': 9.135947552751329}. Best is trial 16 with value: 0.8312739471279478.
[I 2026-02-15 20:53:50,258] Trial 18 finished with value: 0.6841163409590073 and parameters: {'base_lr': 2.7409517383320146e-06, 'classifier_lr': 0.00031146199095414065, 'weight_decay': 0.0009925985806526275, 'cam_weight': 1.325762868681661}. Best is trial 16 with value: 0.8312739471279478.
[I 2026-02-15 21:46:08,839] Trial 19 finished with value: 0.771289898520288 and parameters: {'base_lr': 1.3613967287297667e-05, 'classifier_lr': 0.004956020109032046, 'weight_decay': 2.0949950523575528e-05, 'cam_weight': 37.36568085520121}. Best is trial 16 with value: 0.8312739471279478.
[I 2026-02-15 22:38:05,470] Trial 20 finished with value: 0.6717640316142168 and parameters: {'base_lr': 1.863398401089008e-06, 'classifier_lr': 0.0017749103425127451, 'weight_decay': 0.00031552026833362633, 'cam_weight': 0.41160459418006345}. Best is trial 16 with value: 0.8312739471279478.
[I 2026-02-15 23:30:02,352] Trial 21 finished with value: 0.8246589287718229 and parameters: {'base_lr': 4.824557697573443e-06, 'classifier_lr': 0.00898784766821137, 'weight_decay': 2.5699355908038003e-06, 'cam_weight': 52.11878678296337}. Best is trial 16 with value: 0.8312739471279478.
[I 2026-02-16 00:21:15,636] Trial 22 finished with value: 0.8396684675441268 and parameters: {'base_lr': 5.0603557918093155e-06, 'classifier_lr': 0.008659804735977593, 'weight_decay': 7.200568514331509e-06, 'cam_weight': 29.677302557935892}. Best is trial 22 with value: 0.8396684675441268.
[I 2026-02-16 01:12:52,519] Trial 23 finished with value: 0.7297661798419289 and parameters: {'base_lr': 1.6001436813070334e-06, 'classifier_lr': 0.0047758400720875815, 'weight_decay': 8.275780631758392e-06, 'cam_weight': 12.460934639909198}. Best is trial 22 with value: 0.8396684675441268.
[I 2026-02-16 02:04:46,171] Trial 24 finished with value: 0.7503687256520832 and parameters: {'base_lr': 3.2579609197884824e-06, 'classifier_lr': 0.0019246614990988987, 'weight_decay': 3.742821683535633e-05, 'cam_weight': 26.71676618585192}. Best is trial 22 with value: 0.8396684675441268.
[I 2026-02-16 02:55:50,205] Trial 25 finished with value: 0.7203536559949981 and parameters: {'base_lr': 1.223668030365327e-05, 'classifier_lr': 0.005247457569260669, 'weight_decay': 1.4009592524602875e-05, 'cam_weight': 11.305778285151908}. Best is trial 22 with value: 0.8396684675441268.
[I 2026-02-16 03:48:11,850] Trial 26 finished with value: 0.7347700274139506 and parameters: {'base_lr': 4.182554130863019e-06, 'classifier_lr': 0.004272049602010249, 'weight_decay': 5.7462112589138496e-06, 'cam_weight': 3.2368237703662803}. Best is trial 22 with value: 0.8396684675441268.
[I 2026-02-16 04:39:50,804] Trial 27 finished with value: 0.8248573192041939 and parameters: {'base_lr': 1.022742013032679e-06, 'classifier_lr': 0.00980499609645073, 'weight_decay': 1.52782191665398e-05, 'cam_weight': 29.35268407945068}. Best is trial 22 with value: 0.8396684675441268.
[I 2026-02-16 05:31:14,860] Trial 28 finished with value: 0.6885771197717108 and parameters: {'base_lr': 7.97576945098524e-06, 'classifier_lr': 0.00010373031562318256, 'weight_decay': 4.996002308441605e-05, 'cam_weight': 57.57910871575577}. Best is trial 22 with value: 0.8396684675441268.
[I 2026-02-16 06:23:22,580] Trial 29 finished with value: 0.710770796928355 and parameters: {'base_lr': 0.000245351603314426, 'classifier_lr': 0.002480488401989753, 'weight_decay': 4.896140607840032e-06, 'cam_weight': 22.036570573508058}. Best is trial 22 with value: 0.8396684675441268.
[I 2026-02-16 07:14:55,730] Trial 30 finished with value: 0.7024043317248345 and parameters: {'base_lr': 1.6455830967534145e-06, 'classifier_lr': 0.0012653455986390708, 'weight_decay': 6.475592875716776e-05, 'cam_weight': 15.991321804825288}. Best is trial 22 with value: 0.8396684675441268.
[I 2026-02-16 08:06:32,780] Trial 31 finished with value: 0.8073869374929862 and parameters: {'base_lr': 1.000064516645165e-06, 'classifier_lr': 0.009664408630691389, 'weight_decay': 1.7816612158905073e-05, 'cam_weight': 32.24766401769256}. Best is trial 22 with value: 0.8396684675441268.
[I 2026-02-16 08:58:44,113] Trial 32 finished with value: 0.8220858649822851 and parameters: {'base_lr': 1.6185326629141988e-06, 'classifier_lr': 0.006372489016048217, 'weight_decay': 1.149104733430047e-05, 'cam_weight': 61.777844451888036}. Best is trial 22 with value: 0.8396684675441268.
[I 2026-02-16 09:50:25,627] Trial 33 finished with value: 0.7739210766789041 and parameters: {'base_lr': 3.520957154167775e-06, 'classifier_lr': 0.005238670838740982, 'weight_decay': 7.908340525951047e-06, 'cam_weight': 30.14445443036451}. Best is trial 22 with value: 0.8396684675441268.
[I 2026-02-16 10:42:03,245] Trial 34 finished with value: 0.7691717299645703 and parameters: {'base_lr': 1.450267104834186e-06, 'classifier_lr': 0.009302463374591148, 'weight_decay': 2.7055834593804247e-05, 'cam_weight': 10.05009954674072}. Best is trial 22 with value: 0.8396684675441268.
[I 2026-02-16 11:34:12,903] Trial 35 finished with value: 0.7426555461147538 and parameters: {'base_lr': 2.137875690605374e-06, 'classifier_lr': 0.003264086620455021, 'weight_decay': 2.9818148695562114e-06, 'cam_weight': 5.665666145651793}. Best is trial 22 with value: 0.8396684675441268.
[I 2026-02-16 12:25:55,401] Trial 36 finished with value: 0.6939236417269186 and parameters: {'base_lr': 1.552923751285306e-05, 'classifier_lr': 0.0005231865565623823, 'weight_decay': 1.9743109578710422e-06, 'cam_weight': 16.62206499841627}. Best is trial 22 with value: 0.8396684675441268.
[I 2026-02-16 13:17:45,027] Trial 37 finished with value: 0.7479720089135418 and parameters: {'base_lr': 0.0001028419308748108, 'classifier_lr': 0.005734563360147101, 'weight_decay': 0.00017262833415330228, 'cam_weight': 66.53435123646378}. Best is trial 22 with value: 0.8396684675441268.
[I 2026-02-16 14:10:32,715] Trial 38 finished with value: 0.6941240361030507 and parameters: {'base_lr': 0.0008470948777621964, 'classifier_lr': 0.0008727743033480535, 'weight_decay': 4.394416401934812e-06, 'cam_weight': 1.9917782474877455}. Best is trial 22 with value: 0.8396684675441268.
[I 2026-02-16 15:02:25,844] Trial 39 finished with value: 0.6881883546820142 and parameters: {'base_lr': 0.00037608452613629805, 'classifier_lr': 0.0012762512899597322, 'weight_decay': 6.732806997714599e-05, 'cam_weight': 7.00668627503977}. Best is trial 22 with value: 0.8396684675441268.
[I 2026-02-16 15:54:32,406] Trial 40 finished with value: 0.7471784471840581 and parameters: {'base_lr': 2.212414775575289e-05, 'classifier_lr': 0.0037491636883842236, 'weight_decay': 1.3964817540985405e-05, 'cam_weight': 24.335700285753113}. Best is trial 22 with value: 0.8396684675441268.
[I 2026-02-16 16:46:59,652] Trial 41 finished with value: 0.8225107010596855 and parameters: {'base_lr': 6.059930244720697e-06, 'classifier_lr': 0.007106482862515202, 'weight_decay': 2.051822445544855e-06, 'cam_weight': 45.04990448855004}. Best is trial 22 with value: 0.8396684675441268.
[I 2026-02-16 17:39:37,015] Trial 42 finished with value: 0.8120801737820029 and parameters: {'base_lr': 4.231221416607819e-06, 'classifier_lr': 0.009219759635193581, 'weight_decay': 3.46258050022849e-06, 'cam_weight': 69.22487966873707}. Best is trial 22 with value: 0.8396684675441268.
[I 2026-02-16 18:32:47,781] Trial 43 finished with value: 0.8266368212642481 and parameters: {'base_lr': 1.2699387742578395e-06, 'classifier_lr': 0.006453556902005419, 'weight_decay': 6.58693985416009e-06, 'cam_weight': 41.93334004473072}. Best is trial 22 with value: 0.8396684675441268.
[I 2026-02-16 19:26:07,847] Trial 44 finished with value: 0.7632340445997723 and parameters: {'base_lr': 1.445193446477826e-06, 'classifier_lr': 0.005958081312840113, 'weight_decay': 1.052942772936909e-05, 'cam_weight': 37.727713476091296}. Best is trial 22 with value: 0.8396684675441268.
[I 2026-02-16 20:19:36,515] Trial 45 finished with value: 0.8015915321352421 and parameters: {'base_lr': 2.2731355399833673e-06, 'classifier_lr': 0.002395778906512658, 'weight_decay': 6.5859125214449506e-06, 'cam_weight': 18.015759571120267}. Best is trial 22 with value: 0.8396684675441268.
[I 2026-02-16 21:12:12,838] Trial 46 finished with value: 0.5120156467928884 and parameters: {'base_lr': 1.1644963894479434e-06, 'classifier_lr': 4.369435509953751e-05, 'weight_decay': 2.285844168179874e-05, 'cam_weight': 29.491109931000434}. Best is trial 22 with value: 0.8396684675441268.
[I 2026-02-16 22:05:50,848] Trial 47 finished with value: 0.695735206887154 and parameters: {'base_lr': 2.8561117622501946e-06, 'classifier_lr': 0.0072455549632427, 'weight_decay': 1.5996344736881823e-05, 'cam_weight': 0.5648264627915557}. Best is trial 22 with value: 0.8396684675441268.
[I 2026-02-16 22:58:39,939] Trial 48 finished with value: 0.7677248825688956 and parameters: {'base_lr': 1.2058872900524256e-06, 'classifier_lr': 0.00400687287962682, 'weight_decay': 3.368801834013753e-05, 'cam_weight': 85.49846933149871}. Best is trial 22 with value: 0.8396684675441268.
[I 2026-02-16 23:52:05,497] Trial 49 finished with value: 0.7970986902223576 and parameters: {'base_lr': 7.161430240475637e-06, 'classifier_lr': 0.0065674477486483045, 'weight_decay': 1.1037774888456262e-05, 'cam_weight': 13.699115036457378}. Best is trial 22 with value: 0.8396684675441268.
