[CMD] /home/ryreu/miniconda3/envs/gals_a100/bin/python -u main.py --config configs/waterbirds_95_abn.yaml --name abn_cls_waterbird_complete95_forest2water2_21048936_trial_000 DATA.ROOT=/home/ryreu/guided_cnn/waterbirds DATA.WATERBIRDS_DIR=waterbird_complete95_forest2water2 SEED=0 EXP.BASE.LR=0.0010000000000000002 EXP.CLASSIFIER.LR=9.999999999999991e-05 EXP.WEIGHT_DECAY=9.999999999999997e-06 EXP.AUX_LOSSES_ON_VAL=False EXP.LOSSES.ABN_CLASSIFICATION.WEIGHT=1.0 EXP.NUM_EPOCHS=1
SEED: 0
DATA:
  BATCH_SIZE: 96
  NUM_WORKERS: 4
  SIZE: 224
  NORMALIZATION: imagenet
  ATTENTION_DIR: NONE
  SEPARATE_CLASSES: false
  REMOVE_BACKGROUND: false
  ROOT: /home/ryreu/guided_cnn/waterbirds
  USE_CLASS_WEIGHTS: false
  USE_GROUP_WEIGHTS: false
  DATASET: waterbirds
  NUM_CLASSES: 2
  CONFOUNDING_FACTOR: 0.95
  WATERBIRDS_DIR: waterbird_complete95_forest2water2
EXP:
  NUM_TRIALS: 1
  LOSSES:
    CLASSIFICATION:
      WEIGHT: 1
    GRADIENT_OUTSIDE:
      COMPUTE: false
      LOG: false
      WEIGHT: 0.01
      CRITERION: L1
      GT: segmentation
      COMBINE_ATT_MODE: average_nonzero
    GRADIENT_INSIDE:
      COMPUTE: false
      LOG: false
      WEIGHT: 1
      CRITERION: L1
      GT: segmentation
      COMBINE_ATT_MODE: average_nonzero
    GRADCAM:
      COMPUTE: false
      LOG: false
      WEIGHT: 1
      CRITERION: L1
      GT: segmentation
      MODE: match
      COMBINE_ATT_MODE: average_nonzero
    ABN_CLASSIFICATION:
      COMPUTE: true
      LOG: false
      WEIGHT: 1.0
    ABN_SUPERVISION:
      COMPUTE: false
      LOG: false
      WEIGHT: 1
      CRITERION: L1
      GT: segmentation
      MODE: suppress_outside
  APPROACH: abn
  MODEL: resnet50_abn
  PRETRAINED: true
  PROVIDED_ATT: NONE
  PROVIDED_ATT_SHAPE:
  - 14
  - 14
  ABN_ADD_AFTER_ATTENTION: true
  NUM_EPOCHS: 1
  OPTIMIZER: SGD
  WEIGHT_DECAY: 9.999999999999997e-06
  MOMENTUM: 0.9
  SCHEDULER: NONE
  BASE:
    LR: 0.0010000000000000002
  CLASSIFIER:
    LR: 9.999999999999991e-05
  AUX_LOSSES_ON_VAL: false
LOGGING:
  SAVE_EVERY: 0
  SAVE_BEST: true
  SAVE_LAST: false
  LOG_ATTENTION: false
  LOG_ATTENTION_STEP: 10
  SAVE_STATS_PATH: null
yaml: configs/waterbirds_95_abn.yaml
name: abn_cls_waterbird_complete95_forest2water2_21048936_trial_000
test_checkpoint: null

WATERBIRDS DIR: /home/ryreu/guided_cnn/waterbirds/waterbird_complete95_forest2water2
NUMBER OF SAMPLES WITH LABEL Landbird: 3682
NUMBER OF SAMPLES WITH LABEL Waterbird: 1113
NUMBER OF SAMPLES WITH GROUP Land_on_Land: 3498
NUMBER OF SAMPLES WITH GROUP Land_on_Water: 184
NUMBER OF SAMPLES WITH GROUP Water_on_Land: 56
NUMBER OF SAMPLES WITH GROUP Water_on_Water: 1057
WATERBIRDS DIR: /home/ryreu/guided_cnn/waterbirds/waterbird_complete95_forest2water2
NUMBER OF SAMPLES WITH LABEL Landbird: 933
NUMBER OF SAMPLES WITH LABEL Waterbird: 266
NUMBER OF SAMPLES WITH GROUP Land_on_Land: 467
NUMBER OF SAMPLES WITH GROUP Land_on_Water: 466
NUMBER OF SAMPLES WITH GROUP Water_on_Land: 133
NUMBER OF SAMPLES WITH GROUP Water_on_Water: 133
NUM TRAIN: 4795

NUM VAL:   1199

Number classifier outputs: 1
Using pretrained model: True
Removing att_conv.weight from pretained weights, with weight shape torch.Size([1000, 2048, 1, 1])
Removing bn_att2.weight from pretained weights, with weight shape torch.Size([1000])
Removing bn_att2.bias from pretained weights, with weight shape torch.Size([1000])
Removing bn_att2.running_mean from pretained weights, with weight shape torch.Size([1000])
Removing bn_att2.running_var from pretained weights, with weight shape torch.Size([1000])
Removing att_conv2.weight from pretained weights, with weight shape torch.Size([1000, 1000, 1, 1])
Removing att_conv3.weight from pretained weights, with weight shape torch.Size([1, 1000, 3, 3])
Removing fc.weight from pretained weights, with weight shape torch.Size([1000, 2048])
Removing fc.bias from pretained weights, with weight shape torch.Size([1000])
Keys missing in state dict:    ['att_conv.weight', 'bn_att2.weight', 'bn_att2.bias', 'bn_att2.running_mean', 'bn_att2.running_var', 'att_conv2.weight', 'att_conv3.weight', 'fc.weight', 'fc.bias']
Unexpected keys in state dict: []
USING SGD OPTIMIZER
class weights: None
group weights: None
WANDB DISABLED: skipping wandb.init()
EPOCH: 0

>>> TRAINING 


  0%|          | 0/50 [00:00<?, ?it/s]
  2%|▏         | 1/50 [00:03<02:42,  3.31s/it]
  4%|▍         | 2/50 [00:03<01:11,  1.49s/it]
  6%|▌         | 3/50 [00:03<00:41,  1.12it/s]
  8%|▊         | 4/50 [00:03<00:28,  1.63it/s]
 10%|█         | 5/50 [00:04<00:20,  2.18it/s]
 12%|█▏        | 6/50 [00:04<00:16,  2.74it/s]
 14%|█▍        | 7/50 [00:04<00:13,  3.26it/s]
 16%|█▌        | 8/50 [00:04<00:11,  3.71it/s]
 18%|█▊        | 9/50 [00:04<00:09,  4.11it/s]
 20%|██        | 10/50 [00:05<00:09,  4.44it/s]
 22%|██▏       | 11/50 [00:05<00:08,  4.71it/s]
 24%|██▍       | 12/50 [00:05<00:07,  4.90it/s]
 26%|██▌       | 13/50 [00:05<00:07,  5.05it/s]
 28%|██▊       | 14/50 [00:05<00:06,  5.14it/s]
 30%|███       | 15/50 [00:05<00:06,  5.22it/s]
 32%|███▏      | 16/50 [00:06<00:06,  5.22it/s]
 34%|███▍      | 17/50 [00:06<00:06,  5.29it/s]
 36%|███▌      | 18/50 [00:06<00:06,  5.29it/s]
 38%|███▊      | 19/50 [00:06<00:05,  5.32it/s]
 40%|████      | 20/50 [00:06<00:05,  5.35it/s]
 42%|████▏     | 21/50 [00:07<00:05,  5.38it/s]
 44%|████▍     | 22/50 [00:07<00:05,  5.39it/s]
 46%|████▌     | 23/50 [00:07<00:05,  5.39it/s]
 48%|████▊     | 24/50 [00:07<00:04,  5.39it/s]
 50%|█████     | 25/50 [00:07<00:04,  5.35it/s]
 52%|█████▏    | 26/50 [00:07<00:04,  5.36it/s]
 54%|█████▍    | 27/50 [00:08<00:04,  5.39it/s]
 56%|█████▌    | 28/50 [00:08<00:04,  5.40it/s]
 58%|█████▊    | 29/50 [00:08<00:03,  5.40it/s]
 60%|██████    | 30/50 [00:08<00:03,  5.40it/s]
 62%|██████▏   | 31/50 [00:08<00:03,  5.39it/s]
 64%|██████▍   | 32/50 [00:09<00:03,  5.40it/s]
 66%|██████▌   | 33/50 [00:09<00:03,  5.40it/s]
 68%|██████▊   | 34/50 [00:09<00:02,  5.40it/s]
 70%|███████   | 35/50 [00:09<00:02,  5.40it/s]
 72%|███████▏  | 36/50 [00:09<00:02,  5.41it/s]
 74%|███████▍  | 37/50 [00:10<00:02,  5.40it/s]
 76%|███████▌  | 38/50 [00:10<00:02,  5.43it/s]
 78%|███████▊  | 39/50 [00:10<00:02,  5.41it/s]
 80%|████████  | 40/50 [00:10<00:01,  5.37it/s]
 82%|████████▏ | 41/50 [00:10<00:01,  5.40it/s]
 84%|████████▍ | 42/50 [00:10<00:01,  5.38it/s]
 86%|████████▌ | 43/50 [00:11<00:01,  5.42it/s]
 88%|████████▊ | 44/50 [00:11<00:01,  5.41it/s]
 90%|█████████ | 45/50 [00:11<00:00,  5.40it/s]
 92%|█████████▏| 46/50 [00:11<00:00,  5.42it/s]
 94%|█████████▍| 47/50 [00:11<00:00,  5.43it/s]
 96%|█████████▌| 48/50 [00:12<00:00,  5.43it/s]
 98%|█████████▊| 49/50 [00:12<00:00,  5.45it/s]
100%|██████████| 50/50 [00:12<00:00,  5.53it/s]
100%|██████████| 50/50 [00:12<00:00,  4.01it/s]
>>> VALIDATING 


  0%|          | 0/13 [00:00<?, ?it/s]
  8%|▊         | 1/13 [00:00<00:09,  1.27it/s]
 23%|██▎       | 3/13 [00:00<00:02,  3.83it/s]
 38%|███▊      | 5/13 [00:01<00:01,  4.75it/s]
 54%|█████▍    | 7/13 [00:01<00:00,  6.49it/s]
 69%|██████▉   | 9/13 [00:01<00:00,  6.40it/s]
 85%|████████▍ | 11/13 [00:01<00:00,  7.80it/s]
100%|██████████| 13/13 [00:02<00:00,  9.44it/s]
100%|██████████| 13/13 [00:02<00:00,  6.26it/s]
>>> LOGGING 

BALANCED ACCS CHECKED FOR TRAIN
BALANCED ACCS CHECKED FOR VAL
train_acc: 0.7645464025026069
val_acc: 0.6580483736447039
train_abn_acc: 0
val_abn_acc: 0
train_cls_loss: 0.46838029782764606
val_cls_loss: 0.589450759824064
train_total_loss: 1.2504703736528988
val_total_loss: 0.589450759824064
test_abn_acc: 0
balanced_train_acc: 0.588411582439131
balanced_val_acc: 0.5182389252874953
Land_on_Land_train_acc: 0.9259576901086335
Land_on_Land_val_acc: 0.9935760171306209
Land_on_Water_train_acc: 0.75
Land_on_Water_val_acc: 0.5450643776824035
Water_on_Land_train_acc: 0.10714285714285714
Water_on_Land_val_acc: 0.0
Water_on_Water_train_acc: 0.26773888363292336
Water_on_Water_val_acc: 0.5338345864661654
train_abn_cls_loss: 0.7820900716175003
train_acc_Landbird: 0.9171645844649647
train_acc_Waterbird: 0.25965858041329737
val_acc_Landbird: 0.7695605573419079
val_acc_Waterbird: 0.2669172932330827
TRAIN ACC:        0.7645464025026069
VAL ACC:          0.6580483736447039
BALANCED VAL ACC: 0.5182389252874953
prev best list: []
Saving to trained_weights/waterbirds/abn_cls_waterbird_complete95_forest2water2_21048936_trial_000/best_balanced_valacc_0.52_epoch_0.ckpt
>>> EVALUATING ON TEST SET
WATERBIRDS DIR: /home/ryreu/guided_cnn/waterbirds/waterbird_complete95_forest2water2
NUMBER OF SAMPLES WITH LABEL Landbird: 4510
NUMBER OF SAMPLES WITH LABEL Waterbird: 1284
NUMBER OF SAMPLES WITH GROUP Land_on_Land: 2255
NUMBER OF SAMPLES WITH GROUP Land_on_Water: 2255
NUMBER OF SAMPLES WITH GROUP Water_on_Land: 642
NUMBER OF SAMPLES WITH GROUP Water_on_Water: 642
NUM TEST:   5794

Loaded checkpoint trained_weights/waterbirds/abn_cls_waterbird_complete95_forest2water2_21048936_trial_000/best_balanced_valacc_0.52_epoch_0.ckpt

  0%|          | 0/5794 [00:00<?, ?it/s]
  0%|          | 1/5794 [00:00<24:11,  3.99it/s]
  0%|          | 7/5794 [00:00<04:07, 23.42it/s]
  0%|          | 13/5794 [00:00<02:44, 35.25it/s]
  0%|          | 19/5794 [00:00<02:15, 42.52it/s]
  0%|          | 25/5794 [00:00<02:02, 47.06it/s]
  1%|          | 31/5794 [00:00<01:54, 50.23it/s]
  1%|          | 37/5794 [00:00<01:49, 52.34it/s]
  1%|          | 43/5794 [00:00<01:46, 53.88it/s]
  1%|          | 49/5794 [00:01<01:44, 54.92it/s]
  1%|          | 55/5794 [00:01<01:43, 55.54it/s]
  1%|          | 61/5794 [00:01<01:41, 56.23it/s]
  1%|          | 67/5794 [00:01<01:41, 56.56it/s]
  1%|▏         | 73/5794 [00:01<01:44, 54.88it/s]
  1%|▏         | 79/5794 [00:01<01:45, 54.03it/s]
  1%|▏         | 85/5794 [00:01<01:47, 53.33it/s]
  2%|▏         | 91/5794 [00:01<01:48, 52.68it/s]
  2%|▏         | 97/5794 [00:01<01:49, 52.00it/s]
  2%|▏         | 103/5794 [00:02<01:49, 51.94it/s]
  2%|▏         | 109/5794 [00:02<01:50, 51.28it/s]
  2%|▏         | 115/5794 [00:02<01:51, 51.13it/s]
  2%|▏         | 121/5794 [00:02<01:50, 51.28it/s]
  2%|▏         | 127/5794 [00:02<01:50, 51.29it/s]
  2%|▏         | 133/5794 [00:02<01:50, 51.46it/s]
  2%|▏         | 139/5794 [00:02<01:49, 51.53it/s]
  3%|▎         | 145/5794 [00:02<01:49, 51.58it/s]
  3%|▎         | 151/5794 [00:03<01:49, 51.64it/s]
  3%|▎         | 157/5794 [00:03<01:49, 51.38it/s]
  3%|▎         | 163/5794 [00:03<01:49, 51.62it/s]
  3%|▎         | 169/5794 [00:03<01:49, 51.32it/s]
  3%|▎         | 175/5794 [00:03<01:50, 51.05it/s]
  3%|▎         | 181/5794 [00:03<01:49, 51.17it/s]
  3%|▎         | 187/5794 [00:03<01:49, 51.27it/s]
  3%|▎         | 193/5794 [00:03<01:49, 51.15it/s]
  3%|▎         | 199/5794 [00:03<01:49, 51.27it/s]
  4%|▎         | 205/5794 [00:04<01:48, 51.45it/s]
  4%|▎         | 211/5794 [00:04<01:48, 51.34it/s]
  4%|▎         | 217/5794 [00:04<01:48, 51.45it/s]
  4%|▍         | 223/5794 [00:04<01:48, 51.38it/s]
  4%|▍         | 229/5794 [00:04<01:48, 51.43it/s]
  4%|▍         | 235/5794 [00:04<01:47, 51.53it/s]
  4%|▍         | 241/5794 [00:04<01:48, 51.27it/s]
  4%|▍         | 247/5794 [00:04<01:48, 51.15it/s]
  4%|▍         | 253/5794 [00:05<01:48, 50.96it/s]
  4%|▍         | 259/5794 [00:05<01:48, 50.93it/s]
  5%|▍         | 265/5794 [00:05<01:48, 51.14it/s]
  5%|▍         | 271/5794 [00:05<01:47, 51.39it/s]
  5%|▍         | 277/5794 [00:05<01:47, 51.22it/s]
  5%|▍         | 283/5794 [00:05<01:47, 51.41it/s]
  5%|▍         | 289/5794 [00:05<01:47, 51.12it/s]
  5%|▌         | 295/5794 [00:05<01:47, 51.08it/s]
  5%|▌         | 301/5794 [00:05<01:47, 51.23it/s]
  5%|▌         | 307/5794 [00:06<01:46, 51.30it/s]
  5%|▌         | 313/5794 [00:06<01:46, 51.30it/s]
  6%|▌         | 319/5794 [00:06<01:46, 51.35it/s]
  6%|▌         | 325/5794 [00:06<01:46, 51.41it/s]
  6%|▌         | 331/5794 [00:06<01:46, 51.34it/s]
  6%|▌         | 337/5794 [00:06<01:46, 51.41it/s]
  6%|▌         | 343/5794 [00:06<01:46, 51.26it/s]
  6%|▌         | 349/5794 [00:06<01:46, 51.35it/s]
  6%|▌         | 355/5794 [00:07<01:45, 51.41it/s]
  6%|▌         | 361/5794 [00:07<01:46, 51.23it/s]
  6%|▋         | 367/5794 [00:07<01:45, 51.34it/s]
  6%|▋         | 373/5794 [00:07<01:45, 51.41it/s]
  7%|▋         | 379/5794 [00:07<01:45, 51.27it/s]
  7%|▋         | 385/5794 [00:07<01:45, 51.35it/s]
  7%|▋         | 391/5794 [00:07<01:45, 51.38it/s]
  7%|▋         | 397/5794 [00:07<01:45, 51.29it/s]
  7%|▋         | 403/5794 [00:07<01:44, 51.45it/s]
  7%|▋         | 409/5794 [00:08<01:44, 51.42it/s]
  7%|▋         | 415/5794 [00:08<01:44, 51.28it/s]
  7%|▋         | 421/5794 [00:08<01:44, 51.38it/s]
  7%|▋         | 427/5794 [00:08<01:44, 51.40it/s]
  7%|▋         | 433/5794 [00:08<01:45, 50.96it/s]
  8%|▊         | 439/5794 [00:08<01:44, 51.18it/s]
  8%|▊         | 445/5794 [00:08<01:44, 51.14it/s]
  8%|▊         | 451/5794 [00:08<01:44, 51.22it/s]
  8%|▊         | 457/5794 [00:09<01:44, 51.29it/s]
  8%|▊         | 463/5794 [00:09<01:43, 51.27it/s]
  8%|▊         | 469/5794 [00:09<01:43, 51.40it/s]
  8%|▊         | 475/5794 [00:09<01:43, 51.50it/s]
  8%|▊         | 481/5794 [00:09<01:43, 51.31it/s]
  8%|▊         | 487/5794 [00:09<01:43, 51.40it/s]
  9%|▊         | 493/5794 [00:09<01:43, 51.43it/s]
  9%|▊         | 499/5794 [00:09<01:43, 51.21it/s]
  9%|▊         | 505/5794 [00:09<01:43, 51.09it/s]
  9%|▉         | 511/5794 [00:10<01:43, 50.97it/s]
  9%|▉         | 517/5794 [00:10<01:43, 51.01it/s]
  9%|▉         | 523/5794 [00:10<01:43, 51.12it/s]
  9%|▉         | 529/5794 [00:10<01:42, 51.24it/s]
  9%|▉         | 535/5794 [00:10<01:42, 51.25it/s]
  9%|▉         | 541/5794 [00:10<01:42, 51.37it/s]
  9%|▉         | 547/5794 [00:10<01:42, 51.30it/s]
 10%|▉         | 553/5794 [00:10<01:41, 51.38it/s]
 10%|▉         | 559/5794 [00:10<01:41, 51.48it/s]
 10%|▉         | 565/5794 [00:11<01:42, 51.10it/s]
 10%|▉         | 571/5794 [00:11<01:42, 51.17it/s]
 10%|▉         | 577/5794 [00:11<01:41, 51.31it/s]
 10%|█         | 583/5794 [00:11<01:42, 51.03it/s]
 10%|█         | 589/5794 [00:11<01:41, 51.29it/s]
 10%|█         | 595/5794 [00:11<01:41, 51.39it/s]
 10%|█         | 601/5794 [00:11<01:41, 51.37it/s]
 10%|█         | 607/5794 [00:11<01:40, 51.38it/s]
 11%|█         | 613/5794 [00:12<01:40, 51.53it/s]
 11%|█         | 619/5794 [00:12<01:40, 51.47it/s]
 11%|█         | 625/5794 [00:12<01:40, 51.37it/s]
 11%|█         | 631/5794 [00:12<01:40, 51.38it/s]
 11%|█         | 637/5794 [00:12<01:40, 51.36it/s]
 11%|█         | 643/5794 [00:12<01:40, 51.51it/s]
 11%|█         | 649/5794 [00:12<01:40, 51.24it/s]
 11%|█▏        | 655/5794 [00:12<01:40, 51.29it/s]
 11%|█▏        | 661/5794 [00:12<01:39, 51.35it/s]
 12%|█▏        | 667/5794 [00:13<01:40, 51.24it/s]
 12%|█▏        | 673/5794 [00:13<01:40, 51.20it/s]
 12%|█▏        | 679/5794 [00:13<01:40, 50.97it/s]
 12%|█▏        | 685/5794 [00:13<01:40, 50.86it/s]
 12%|█▏        | 691/5794 [00:13<01:40, 50.96it/s]
 12%|█▏        | 697/5794 [00:13<01:39, 51.14it/s]
 12%|█▏        | 703/5794 [00:13<01:39, 51.12it/s]
 12%|█▏        | 709/5794 [00:13<01:39, 51.31it/s]
 12%|█▏        | 715/5794 [00:14<01:38, 51.35it/s]
 12%|█▏        | 721/5794 [00:14<01:38, 51.35it/s]
 13%|█▎        | 727/5794 [00:14<01:38, 51.37it/s]
 13%|█▎        | 733/5794 [00:14<01:38, 51.31it/s]
 13%|█▎        | 739/5794 [00:14<01:38, 51.23it/s]
 13%|█▎        | 745/5794 [00:14<01:38, 51.34it/s]
 13%|█▎        | 751/5794 [00:14<01:38, 51.26it/s]
 13%|█▎        | 757/5794 [00:14<01:38, 51.17it/s]
 13%|█▎        | 763/5794 [00:14<01:38, 51.06it/s]
 13%|█▎        | 769/5794 [00:15<01:38, 50.90it/s]
 13%|█▎        | 775/5794 [00:15<01:38, 50.98it/s]
 13%|█▎        | 781/5794 [00:15<01:38, 51.12it/s]
 14%|█▎        | 787/5794 [00:15<01:38, 51.08it/s]
 14%|█▎        | 793/5794 [00:15<01:37, 51.29it/s]
 14%|█▍        | 799/5794 [00:15<01:37, 51.34it/s]
 14%|█▍        | 805/5794 [00:15<01:37, 51.24it/s]
 14%|█▍        | 811/5794 [00:15<01:36, 51.41it/s]
 14%|█▍        | 817/5794 [00:16<01:36, 51.33it/s]
 14%|█▍        | 823/5794 [00:16<01:36, 51.32it/s]
 14%|█▍        | 829/5794 [00:16<01:36, 51.40it/s]
 14%|█▍        | 835/5794 [00:16<01:36, 51.38it/s]
 15%|█▍        | 841/5794 [00:16<01:36, 51.25it/s]
 15%|█▍        | 847/5794 [00:16<01:36, 51.33it/s]
 15%|█▍        | 853/5794 [00:16<01:36, 51.33it/s]
 15%|█▍        | 859/5794 [00:16<01:36, 51.27it/s]
 15%|█▍        | 865/5794 [00:16<01:35, 51.35it/s]
 15%|█▌        | 871/5794 [00:17<01:36, 51.19it/s]
 15%|█▌        | 877/5794 [00:17<01:35, 51.29it/s]
 15%|█▌        | 883/5794 [00:17<01:36, 51.15it/s]
 15%|█▌        | 889/5794 [00:17<01:35, 51.09it/s]
 15%|█▌        | 895/5794 [00:17<01:35, 51.23it/s]
 16%|█▌        | 901/5794 [00:17<01:35, 51.23it/s]
 16%|█▌        | 907/5794 [00:17<01:35, 51.11it/s]
 16%|█▌        | 913/5794 [00:17<01:35, 51.27it/s]
 16%|█▌        | 919/5794 [00:18<01:34, 51.33it/s]
 16%|█▌        | 925/5794 [00:18<01:35, 51.21it/s]
 16%|█▌        | 931/5794 [00:18<01:34, 51.31it/s]
 16%|█▌        | 937/5794 [00:18<01:34, 51.36it/s]
 16%|█▋        | 943/5794 [00:18<01:34, 51.30it/s]
 16%|█▋        | 949/5794 [00:18<01:34, 51.42it/s]
 16%|█▋        | 955/5794 [00:18<01:34, 51.39it/s]
 17%|█▋        | 961/5794 [00:18<01:33, 51.45it/s]
 17%|█▋        | 967/5794 [00:18<01:34, 51.25it/s]
 17%|█▋        | 973/5794 [00:19<01:34, 51.20it/s]
 17%|█▋        | 979/5794 [00:19<01:33, 51.33it/s]
 17%|█▋        | 985/5794 [00:19<01:33, 51.39it/s]
 17%|█▋        | 991/5794 [00:19<01:33, 51.33it/s]
 17%|█▋        | 997/5794 [00:19<01:33, 51.45it/s]
 17%|█▋        | 1003/5794 [00:19<01:32, 51.54it/s]
 17%|█▋        | 1009/5794 [00:19<01:33, 51.26it/s]
 18%|█▊        | 1015/5794 [00:19<01:33, 51.18it/s]
 18%|█▊        | 1021/5794 [00:20<01:33, 51.03it/s]
 18%|█▊        | 1027/5794 [00:20<01:33, 50.84it/s]
 18%|█▊        | 1033/5794 [00:20<01:33, 50.82it/s]
 18%|█▊        | 1039/5794 [00:20<01:33, 50.85it/s]
 18%|█▊        | 1045/5794 [00:20<01:33, 50.74it/s]
 18%|█▊        | 1051/5794 [00:20<01:33, 50.66it/s]
 18%|█▊        | 1057/5794 [00:20<01:33, 50.64it/s]
 18%|█▊        | 1063/5794 [00:20<01:33, 50.79it/s]
 18%|█▊        | 1069/5794 [00:20<01:32, 50.84it/s]
 19%|█▊        | 1075/5794 [00:21<01:32, 50.78it/s]
 19%|█▊        | 1081/5794 [00:21<01:32, 50.96it/s]
 19%|█▉        | 1087/5794 [00:21<01:32, 51.03it/s]
 19%|█▉        | 1093/5794 [00:21<01:32, 50.75it/s]
 19%|█▉        | 1099/5794 [00:21<01:33, 50.44it/s]
 19%|█▉        | 1105/5794 [00:21<01:32, 50.62it/s]
 19%|█▉        | 1111/5794 [00:21<01:32, 50.65it/s]
 19%|█▉        | 1117/5794 [00:21<01:32, 50.80it/s]
 19%|█▉        | 1123/5794 [00:22<01:31, 50.81it/s]
 19%|█▉        | 1129/5794 [00:22<01:31, 50.74it/s]
 20%|█▉        | 1135/5794 [00:22<01:29, 52.24it/s]
 20%|█▉        | 1141/5794 [00:22<01:26, 53.51it/s]
 20%|█▉        | 1147/5794 [00:22<01:25, 54.38it/s]
 20%|█▉        | 1153/5794 [00:22<01:24, 55.23it/s]
 20%|██        | 1159/5794 [00:22<01:23, 55.64it/s]
 20%|██        | 1165/5794 [00:22<01:22, 56.08it/s]
 20%|██        | 1171/5794 [00:22<01:22, 56.36it/s]
 20%|██        | 1177/5794 [00:22<01:22, 56.20it/s]
 20%|██        | 1183/5794 [00:23<01:21, 56.38it/s]
 21%|██        | 1189/5794 [00:23<01:21, 56.62it/s]
 21%|██        | 1195/5794 [00:23<01:21, 56.56it/s]
 21%|██        | 1201/5794 [00:23<01:21, 56.46it/s]
 21%|██        | 1207/5794 [00:23<01:21, 56.53it/s]
 21%|██        | 1213/5794 [00:23<01:21, 56.49it/s]
 21%|██        | 1219/5794 [00:23<01:20, 56.57it/s]
 21%|██        | 1225/5794 [00:23<01:20, 56.63it/s]
 21%|██        | 1231/5794 [00:23<01:20, 56.43it/s]
 21%|██▏       | 1237/5794 [00:24<01:20, 56.72it/s]
 21%|██▏       | 1243/5794 [00:24<01:20, 56.78it/s]
 22%|██▏       | 1249/5794 [00:24<01:20, 56.81it/s]
 22%|██▏       | 1255/5794 [00:24<01:19, 56.93it/s]
 22%|██▏       | 1261/5794 [00:24<01:19, 56.76it/s]
 22%|██▏       | 1267/5794 [00:24<01:19, 56.84it/s]
 22%|██▏       | 1273/5794 [00:24<01:19, 56.82it/s]
 22%|██▏       | 1279/5794 [00:24<01:19, 56.70it/s]
 22%|██▏       | 1285/5794 [00:24<01:19, 56.74it/s]
 22%|██▏       | 1291/5794 [00:25<01:19, 56.71it/s]
 22%|██▏       | 1297/5794 [00:25<01:19, 56.54it/s]
 22%|██▏       | 1303/5794 [00:25<01:19, 56.78it/s]
 23%|██▎       | 1309/5794 [00:25<01:18, 56.96it/s]
 23%|██▎       | 1315/5794 [00:25<01:18, 56.76it/s]
 23%|██▎       | 1321/5794 [00:25<01:18, 56.78it/s]
 23%|██▎       | 1327/5794 [00:25<01:18, 56.88it/s]
 23%|██▎       | 1333/5794 [00:25<01:18, 56.85it/s]
 23%|██▎       | 1339/5794 [00:25<01:18, 56.89it/s]
 23%|██▎       | 1345/5794 [00:25<01:18, 56.92it/s]
 23%|██▎       | 1351/5794 [00:26<01:18, 56.86it/s]
 23%|██▎       | 1357/5794 [00:26<01:17, 56.92it/s]
 24%|██▎       | 1363/5794 [00:26<01:17, 56.91it/s]
 24%|██▎       | 1369/5794 [00:26<01:17, 56.84it/s]
 24%|██▎       | 1375/5794 [00:26<01:17, 56.96it/s]
 24%|██▍       | 1381/5794 [00:26<01:17, 56.94it/s]
 24%|██▍       | 1387/5794 [00:26<01:17, 57.12it/s]
 24%|██▍       | 1393/5794 [00:26<01:17, 57.10it/s]
 24%|██▍       | 1399/5794 [00:26<01:17, 57.06it/s]
 24%|██▍       | 1405/5794 [00:27<01:17, 56.53it/s]
 24%|██▍       | 1411/5794 [00:27<01:19, 55.12it/s]
 24%|██▍       | 1417/5794 [00:27<01:21, 53.77it/s]
 25%|██▍       | 1423/5794 [00:27<01:22, 53.20it/s]
 25%|██▍       | 1429/5794 [00:27<01:22, 52.74it/s]
 25%|██▍       | 1435/5794 [00:27<01:23, 52.34it/s]
 25%|██▍       | 1441/5794 [00:27<01:23, 52.10it/s]
 25%|██▍       | 1447/5794 [00:27<01:23, 51.94it/s]
 25%|██▌       | 1453/5794 [00:27<01:23, 51.72it/s]
 25%|██▌       | 1459/5794 [00:28<01:23, 51.69it/s]
 25%|██▌       | 1465/5794 [00:28<01:24, 51.47it/s]
 25%|██▌       | 1471/5794 [00:28<01:23, 51.49it/s]
 25%|██▌       | 1477/5794 [00:28<01:23, 51.46it/s]
 26%|██▌       | 1483/5794 [00:28<01:24, 51.32it/s]
 26%|██▌       | 1489/5794 [00:28<01:23, 51.37it/s]
 26%|██▌       | 1495/5794 [00:28<01:23, 51.40it/s]
 26%|██▌       | 1501/5794 [00:28<01:23, 51.29it/s]
 26%|██▌       | 1507/5794 [00:28<01:23, 51.41it/s]
 26%|██▌       | 1513/5794 [00:29<01:23, 51.46it/s]
 26%|██▌       | 1519/5794 [00:29<01:22, 51.79it/s]
 26%|██▋       | 1525/5794 [00:29<01:19, 53.42it/s]
 26%|██▋       | 1531/5794 [00:29<01:18, 54.54it/s]
 27%|██▋       | 1537/5794 [00:29<01:17, 55.17it/s]
 27%|██▋       | 1543/5794 [00:29<01:16, 55.76it/s]
 27%|██▋       | 1549/5794 [00:29<01:15, 56.20it/s]
 27%|██▋       | 1555/5794 [00:29<01:15, 56.23it/s]
 27%|██▋       | 1561/5794 [00:29<01:15, 56.36it/s]
 27%|██▋       | 1567/5794 [00:30<01:15, 55.70it/s]
 27%|██▋       | 1573/5794 [00:30<01:15, 56.13it/s]
 27%|██▋       | 1579/5794 [00:30<01:14, 56.52it/s]
 27%|██▋       | 1585/5794 [00:30<01:14, 56.65it/s]
 27%|██▋       | 1591/5794 [00:30<01:14, 56.75it/s]
 28%|██▊       | 1597/5794 [00:30<01:13, 56.97it/s]
 28%|██▊       | 1603/5794 [00:30<01:13, 56.92it/s]
 28%|██▊       | 1609/5794 [00:30<01:13, 57.06it/s]
 28%|██▊       | 1615/5794 [00:30<01:13, 57.12it/s]
 28%|██▊       | 1621/5794 [00:31<01:13, 57.04it/s]
 28%|██▊       | 1627/5794 [00:31<01:12, 57.21it/s]
 28%|██▊       | 1633/5794 [00:31<01:13, 56.26it/s]
 28%|██▊       | 1639/5794 [00:31<01:16, 54.47it/s]
 28%|██▊       | 1645/5794 [00:31<01:17, 53.63it/s]
 28%|██▊       | 1651/5794 [00:31<01:18, 52.96it/s]
 29%|██▊       | 1657/5794 [00:31<01:18, 52.38it/s]
 29%|██▊       | 1663/5794 [00:31<01:19, 52.11it/s]
 29%|██▉       | 1669/5794 [00:31<01:19, 51.82it/s]
 29%|██▉       | 1675/5794 [00:32<01:19, 51.82it/s]
 29%|██▉       | 1681/5794 [00:32<01:19, 51.59it/s]
 29%|██▉       | 1687/5794 [00:32<01:19, 51.42it/s]
 29%|██▉       | 1693/5794 [00:32<01:19, 51.50it/s]
 29%|██▉       | 1699/5794 [00:32<01:19, 51.48it/s]
 29%|██▉       | 1705/5794 [00:32<01:19, 51.44it/s]
 30%|██▉       | 1711/5794 [00:32<01:19, 51.47it/s]
 30%|██▉       | 1717/5794 [00:32<01:18, 51.63it/s]
 30%|██▉       | 1723/5794 [00:32<01:18, 51.55it/s]
 30%|██▉       | 1729/5794 [00:33<01:18, 51.73it/s]
 30%|██▉       | 1735/5794 [00:33<01:18, 51.72it/s]
 30%|███       | 1741/5794 [00:33<01:18, 51.69it/s]
 30%|███       | 1747/5794 [00:33<01:18, 51.62it/s]
 30%|███       | 1753/5794 [00:33<01:18, 51.63it/s]
 30%|███       | 1759/5794 [00:33<01:18, 51.57it/s]
 30%|███       | 1765/5794 [00:33<01:17, 51.74it/s]
 31%|███       | 1771/5794 [00:33<01:17, 51.64it/s]
 31%|███       | 1777/5794 [00:34<01:17, 51.73it/s]
 31%|███       | 1783/5794 [00:34<01:17, 51.81it/s]
 31%|███       | 1789/5794 [00:34<01:17, 51.62it/s]
 31%|███       | 1795/5794 [00:34<01:17, 51.66it/s]
 31%|███       | 1801/5794 [00:34<01:17, 51.75it/s]
 31%|███       | 1807/5794 [00:34<01:17, 51.67it/s]
 31%|███▏      | 1813/5794 [00:34<01:16, 51.80it/s]
 31%|███▏      | 1819/5794 [00:34<01:17, 51.60it/s]
 31%|███▏      | 1825/5794 [00:34<01:17, 51.24it/s]
 32%|███▏      | 1831/5794 [00:35<01:17, 51.13it/s]
 32%|███▏      | 1837/5794 [00:35<01:17, 51.29it/s]
 32%|███▏      | 1843/5794 [00:35<01:16, 51.35it/s]
 32%|███▏      | 1849/5794 [00:35<01:16, 51.48it/s]
 32%|███▏      | 1855/5794 [00:35<01:16, 51.65it/s]
 32%|███▏      | 1861/5794 [00:35<01:16, 51.59it/s]
 32%|███▏      | 1867/5794 [00:35<01:15, 51.70it/s]
 32%|███▏      | 1873/5794 [00:35<01:15, 51.69it/s]
 32%|███▏      | 1879/5794 [00:35<01:15, 51.77it/s]
 33%|███▎      | 1885/5794 [00:36<01:15, 51.79it/s]
 33%|███▎      | 1891/5794 [00:36<01:15, 51.61it/s]
 33%|███▎      | 1897/5794 [00:36<01:15, 51.65it/s]
 33%|███▎      | 1903/5794 [00:36<01:15, 51.69it/s]
 33%|███▎      | 1909/5794 [00:36<01:15, 51.54it/s]
 33%|███▎      | 1915/5794 [00:36<01:15, 51.18it/s]
 33%|███▎      | 1921/5794 [00:36<01:15, 51.35it/s]
 33%|███▎      | 1927/5794 [00:36<01:15, 51.32it/s]
 33%|███▎      | 1933/5794 [00:37<01:15, 51.45it/s]
 33%|███▎      | 1939/5794 [00:37<01:14, 51.53it/s]
 34%|███▎      | 1945/5794 [00:37<01:14, 51.50it/s]
 34%|███▎      | 1951/5794 [00:37<01:14, 51.62it/s]
 34%|███▍      | 1957/5794 [00:37<01:14, 51.67it/s]
 34%|███▍      | 1963/5794 [00:37<01:14, 51.55it/s]
 34%|███▍      | 1969/5794 [00:37<01:14, 51.56it/s]
 34%|███▍      | 1975/5794 [00:37<01:14, 51.44it/s]
 34%|███▍      | 1981/5794 [00:37<01:13, 51.53it/s]
 34%|███▍      | 1987/5794 [00:38<01:13, 51.62it/s]
 34%|███▍      | 1993/5794 [00:38<01:13, 51.55it/s]
 35%|███▍      | 1999/5794 [00:38<01:13, 51.62it/s]
 35%|███▍      | 2005/5794 [00:38<01:13, 51.59it/s]
 35%|███▍      | 2011/5794 [00:38<01:13, 51.47it/s]
 35%|███▍      | 2017/5794 [00:38<01:13, 51.54it/s]
 35%|███▍      | 2023/5794 [00:38<01:13, 51.57it/s]
 35%|███▌      | 2029/5794 [00:38<01:13, 51.44it/s]
 35%|███▌      | 2035/5794 [00:39<01:12, 51.51it/s]
 35%|███▌      | 2041/5794 [00:39<01:12, 51.46it/s]
 35%|███▌      | 2047/5794 [00:39<01:12, 51.39it/s]
 35%|███▌      | 2053/5794 [00:39<01:12, 51.52it/s]
 36%|███▌      | 2059/5794 [00:39<01:12, 51.59it/s]
 36%|███▌      | 2065/5794 [00:39<01:12, 51.49it/s]
 36%|███▌      | 2071/5794 [00:39<01:12, 51.60it/s]
 36%|███▌      | 2077/5794 [00:39<01:12, 51.34it/s]
 36%|███▌      | 2083/5794 [00:39<01:12, 51.16it/s]
 36%|███▌      | 2089/5794 [00:40<01:12, 51.03it/s]
 36%|███▌      | 2095/5794 [00:40<01:12, 51.16it/s]
 36%|███▋      | 2101/5794 [00:40<01:12, 51.26it/s]
 36%|███▋      | 2107/5794 [00:40<01:11, 51.43it/s]
 36%|███▋      | 2113/5794 [00:40<01:11, 51.43it/s]
 37%|███▋      | 2119/5794 [00:40<01:11, 51.52it/s]
 37%|███▋      | 2125/5794 [00:40<01:11, 51.55it/s]
 37%|███▋      | 2131/5794 [00:40<01:11, 51.43it/s]
 37%|███▋      | 2137/5794 [00:41<01:11, 51.48it/s]
 37%|███▋      | 2143/5794 [00:41<01:10, 51.62it/s]
 37%|███▋      | 2149/5794 [00:41<01:10, 51.47it/s]
 37%|███▋      | 2155/5794 [00:41<01:10, 51.58it/s]
 37%|███▋      | 2161/5794 [00:41<01:10, 51.58it/s]
 37%|███▋      | 2167/5794 [00:41<01:10, 51.50it/s]
 38%|███▊      | 2173/5794 [00:41<01:10, 51.57it/s]
 38%|███▊      | 2179/5794 [00:41<01:10, 51.39it/s]
 38%|███▊      | 2185/5794 [00:41<01:10, 51.43it/s]
 38%|███▊      | 2191/5794 [00:42<01:09, 51.55it/s]
 38%|███▊      | 2197/5794 [00:42<01:09, 51.42it/s]
 38%|███▊      | 2203/5794 [00:42<01:10, 51.19it/s]
 38%|███▊      | 2209/5794 [00:42<01:09, 51.37it/s]
 38%|███▊      | 2215/5794 [00:42<01:09, 51.38it/s]
 38%|███▊      | 2221/5794 [00:42<01:09, 51.73it/s]
 38%|███▊      | 2227/5794 [00:42<01:06, 53.38it/s]
 39%|███▊      | 2233/5794 [00:42<01:05, 54.40it/s]
 39%|███▊      | 2239/5794 [00:42<01:04, 55.38it/s]
 39%|███▊      | 2245/5794 [00:43<01:03, 56.01it/s]
 39%|███▉      | 2251/5794 [00:43<01:02, 56.36it/s]
 39%|███▉      | 2257/5794 [00:43<01:02, 56.73it/s]
 39%|███▉      | 2263/5794 [00:43<01:02, 56.90it/s]
 39%|███▉      | 2269/5794 [00:43<01:02, 56.79it/s]
 39%|███▉      | 2275/5794 [00:43<01:01, 56.97it/s]
 39%|███▉      | 2281/5794 [00:43<01:01, 56.88it/s]
 39%|███▉      | 2287/5794 [00:43<01:01, 57.12it/s]
 40%|███▉      | 2293/5794 [00:43<01:02, 55.99it/s]
 40%|███▉      | 2299/5794 [00:44<01:04, 54.54it/s]
 40%|███▉      | 2305/5794 [00:44<01:05, 53.66it/s]
 40%|███▉      | 2311/5794 [00:44<01:05, 53.12it/s]
 40%|███▉      | 2317/5794 [00:44<01:06, 52.58it/s]
 40%|████      | 2323/5794 [00:44<01:06, 52.34it/s]
 40%|████      | 2329/5794 [00:44<01:06, 52.11it/s]
 40%|████      | 2335/5794 [00:44<01:06, 51.91it/s]
 40%|████      | 2341/5794 [00:44<01:06, 51.69it/s]
 41%|████      | 2347/5794 [00:44<01:07, 51.39it/s]
 41%|████      | 2353/5794 [00:45<01:07, 51.06it/s]
 41%|████      | 2359/5794 [00:45<01:07, 51.24it/s]
 41%|████      | 2365/5794 [00:45<01:06, 51.41it/s]
 41%|████      | 2371/5794 [00:45<01:06, 51.36it/s]
 41%|████      | 2377/5794 [00:45<01:06, 51.34it/s]
 41%|████      | 2383/5794 [00:45<01:06, 51.23it/s]
 41%|████      | 2389/5794 [00:45<01:06, 51.36it/s]
 41%|████▏     | 2395/5794 [00:45<01:06, 51.43it/s]
 41%|████▏     | 2401/5794 [00:46<01:06, 51.36it/s]
 42%|████▏     | 2407/5794 [00:46<01:05, 51.47it/s]
 42%|████▏     | 2413/5794 [00:46<01:03, 52.84it/s]
 42%|████▏     | 2419/5794 [00:46<01:02, 54.11it/s]
 42%|████▏     | 2425/5794 [00:46<01:01, 55.13it/s]
 42%|████▏     | 2431/5794 [00:46<01:00, 55.87it/s]
 42%|████▏     | 2437/5794 [00:46<00:59, 56.19it/s]
 42%|████▏     | 2443/5794 [00:46<00:59, 56.61it/s]
 42%|████▏     | 2449/5794 [00:46<00:58, 56.83it/s]
 42%|████▏     | 2455/5794 [00:46<00:58, 56.92it/s]
 42%|████▏     | 2461/5794 [00:47<00:58, 57.09it/s]
 43%|████▎     | 2467/5794 [00:47<00:58, 57.28it/s]
 43%|████▎     | 2473/5794 [00:47<00:57, 57.34it/s]
 43%|████▎     | 2479/5794 [00:47<00:57, 57.40it/s]
 43%|████▎     | 2485/5794 [00:47<00:57, 57.25it/s]
 43%|████▎     | 2491/5794 [00:47<00:57, 57.37it/s]
 43%|████▎     | 2497/5794 [00:47<00:57, 57.36it/s]
 43%|████▎     | 2503/5794 [00:47<00:57, 57.36it/s]
 43%|████▎     | 2509/5794 [00:47<00:57, 57.49it/s]
 43%|████▎     | 2515/5794 [00:48<00:57, 57.46it/s]
 44%|████▎     | 2521/5794 [00:48<00:57, 57.29it/s]
 44%|████▎     | 2527/5794 [00:48<00:57, 57.28it/s]
 44%|████▎     | 2533/5794 [00:48<00:56, 57.35it/s]
 44%|████▍     | 2539/5794 [00:48<00:56, 57.24it/s]
 44%|████▍     | 2545/5794 [00:48<00:56, 57.28it/s]
 44%|████▍     | 2551/5794 [00:48<00:56, 57.16it/s]
 44%|████▍     | 2557/5794 [00:48<00:56, 56.99it/s]
 44%|████▍     | 2563/5794 [00:48<00:56, 57.12it/s]
 44%|████▍     | 2569/5794 [00:48<00:56, 57.23it/s]
 44%|████▍     | 2575/5794 [00:49<00:56, 57.10it/s]
 45%|████▍     | 2581/5794 [00:49<00:56, 57.29it/s]
 45%|████▍     | 2587/5794 [00:49<00:56, 56.87it/s]
 45%|████▍     | 2593/5794 [00:49<00:58, 55.12it/s]
 45%|████▍     | 2599/5794 [00:49<00:59, 53.89it/s]
 45%|████▍     | 2605/5794 [00:49<01:00, 53.08it/s]
 45%|████▌     | 2611/5794 [00:49<01:00, 52.64it/s]
 45%|████▌     | 2617/5794 [00:49<01:01, 52.04it/s]
 45%|████▌     | 2623/5794 [00:49<01:01, 51.52it/s]
 45%|████▌     | 2629/5794 [00:50<01:01, 51.28it/s]
 45%|████▌     | 2635/5794 [00:50<01:01, 51.13it/s]
 46%|████▌     | 2641/5794 [00:50<01:01, 50.87it/s]
 46%|████▌     | 2647/5794 [00:50<01:01, 50.88it/s]
 46%|████▌     | 2653/5794 [00:50<01:01, 50.91it/s]
 46%|████▌     | 2659/5794 [00:50<01:01, 50.78it/s]
 46%|████▌     | 2665/5794 [00:50<01:02, 50.05it/s]
 46%|████▌     | 2671/5794 [00:50<01:02, 50.23it/s]
 46%|████▌     | 2677/5794 [00:51<01:01, 50.32it/s]
 46%|████▋     | 2683/5794 [00:51<01:01, 50.50it/s]
 46%|████▋     | 2689/5794 [00:51<01:01, 50.49it/s]
 47%|████▋     | 2695/5794 [00:51<01:01, 50.61it/s]
 47%|████▋     | 2701/5794 [00:51<01:00, 50.75it/s]
 47%|████▋     | 2707/5794 [00:51<01:01, 50.60it/s]
 47%|████▋     | 2713/5794 [00:51<01:00, 50.70it/s]
 47%|████▋     | 2719/5794 [00:51<01:00, 50.76it/s]
 47%|████▋     | 2725/5794 [00:51<01:00, 50.65it/s]
 47%|████▋     | 2731/5794 [00:52<01:00, 50.75it/s]
 47%|████▋     | 2737/5794 [00:52<01:00, 50.77it/s]
 47%|████▋     | 2743/5794 [00:52<01:00, 50.71it/s]
 47%|████▋     | 2749/5794 [00:52<00:59, 50.79it/s]
 48%|████▊     | 2755/5794 [00:52<00:59, 50.80it/s]
 48%|████▊     | 2761/5794 [00:52<00:59, 50.73it/s]
 48%|████▊     | 2767/5794 [00:52<00:59, 50.78it/s]
 48%|████▊     | 2773/5794 [00:52<00:59, 50.77it/s]
 48%|████▊     | 2779/5794 [00:53<00:59, 50.72it/s]
 48%|████▊     | 2785/5794 [00:53<00:59, 50.82it/s]
 48%|████▊     | 2791/5794 [00:53<00:59, 50.66it/s]
 48%|████▊     | 2797/5794 [00:53<00:59, 50.67it/s]
 48%|████▊     | 2803/5794 [00:53<00:58, 50.71it/s]
 48%|████▊     | 2809/5794 [00:53<00:58, 50.63it/s]
 49%|████▊     | 2815/5794 [00:53<00:59, 50.34it/s]
 49%|████▊     | 2821/5794 [00:53<00:58, 50.70it/s]
 49%|████▉     | 2827/5794 [00:54<00:58, 50.80it/s]
 49%|████▉     | 2833/5794 [00:54<00:57, 51.06it/s]
 49%|████▉     | 2839/5794 [00:54<00:57, 51.18it/s]
 49%|████▉     | 2845/5794 [00:54<00:57, 51.16it/s]
 49%|████▉     | 2851/5794 [00:54<00:57, 51.21it/s]
 49%|████▉     | 2857/5794 [00:54<00:57, 51.26it/s]
 49%|████▉     | 2863/5794 [00:54<00:57, 51.21it/s]
 50%|████▉     | 2869/5794 [00:54<00:57, 51.20it/s]
 50%|████▉     | 2875/5794 [00:54<00:57, 51.11it/s]
 50%|████▉     | 2881/5794 [00:55<00:57, 50.92it/s]
 50%|████▉     | 2887/5794 [00:55<00:56, 51.05it/s]
 50%|████▉     | 2893/5794 [00:55<00:56, 51.11it/s]
 50%|█████     | 2899/5794 [00:55<00:56, 51.22it/s]
 50%|█████     | 2905/5794 [00:55<00:56, 51.32it/s]
 50%|█████     | 2911/5794 [00:55<00:56, 51.14it/s]
 50%|█████     | 2917/5794 [00:55<00:56, 51.29it/s]
 50%|█████     | 2923/5794 [00:55<00:55, 51.39it/s]
 51%|█████     | 2929/5794 [00:55<00:55, 51.25it/s]
 51%|█████     | 2935/5794 [00:56<00:55, 51.27it/s]
 51%|█████     | 2941/5794 [00:56<00:55, 51.29it/s]
 51%|█████     | 2947/5794 [00:56<00:55, 51.22it/s]
 51%|█████     | 2953/5794 [00:56<00:55, 51.30it/s]
 51%|█████     | 2959/5794 [00:56<00:55, 51.36it/s]
 51%|█████     | 2965/5794 [00:56<00:55, 51.27it/s]
 51%|█████▏    | 2971/5794 [00:56<00:55, 51.32it/s]
 51%|█████▏    | 2977/5794 [00:56<00:54, 51.44it/s]
 51%|█████▏    | 2983/5794 [00:57<00:54, 51.32it/s]
 52%|█████▏    | 2989/5794 [00:57<00:54, 51.38it/s]
 52%|█████▏    | 2995/5794 [00:57<00:54, 51.28it/s]
 52%|█████▏    | 3001/5794 [00:57<00:54, 51.33it/s]
 52%|█████▏    | 3007/5794 [00:57<00:54, 51.38it/s]
 52%|█████▏    | 3013/5794 [00:57<00:54, 51.24it/s]
 52%|█████▏    | 3019/5794 [00:57<00:54, 51.31it/s]
 52%|█████▏    | 3025/5794 [00:57<00:53, 51.38it/s]
 52%|█████▏    | 3031/5794 [00:57<00:53, 51.28it/s]
 52%|█████▏    | 3037/5794 [00:58<00:53, 51.30it/s]
 53%|█████▎    | 3043/5794 [00:58<00:53, 51.35it/s]
 53%|█████▎    | 3049/5794 [00:58<00:53, 51.25it/s]
 53%|█████▎    | 3055/5794 [00:58<00:53, 50.99it/s]
 53%|█████▎    | 3061/5794 [00:58<00:53, 51.10it/s]
 53%|█████▎    | 3067/5794 [00:58<00:53, 51.04it/s]
 53%|█████▎    | 3073/5794 [00:58<00:53, 51.12it/s]
 53%|█████▎    | 3079/5794 [00:58<00:53, 51.16it/s]
 53%|█████▎    | 3085/5794 [00:59<00:52, 51.17it/s]
 53%|█████▎    | 3091/5794 [00:59<00:52, 51.19it/s]
 53%|█████▎    | 3097/5794 [00:59<00:52, 51.25it/s]
 54%|█████▎    | 3103/5794 [00:59<00:52, 51.29it/s]
 54%|█████▎    | 3109/5794 [00:59<00:52, 51.29it/s]
 54%|█████▍    | 3115/5794 [00:59<00:52, 51.14it/s]
 54%|█████▍    | 3121/5794 [00:59<00:52, 51.20it/s]
 54%|█████▍    | 3127/5794 [00:59<00:52, 51.16it/s]
 54%|█████▍    | 3133/5794 [00:59<00:52, 50.93it/s]
 54%|█████▍    | 3139/5794 [01:00<00:52, 50.86it/s]
 54%|█████▍    | 3145/5794 [01:00<00:51, 51.03it/s]
 54%|█████▍    | 3151/5794 [01:00<00:51, 50.95it/s]
 54%|█████▍    | 3157/5794 [01:00<00:51, 51.17it/s]
 55%|█████▍    | 3163/5794 [01:00<00:51, 51.23it/s]
 55%|█████▍    | 3169/5794 [01:00<00:51, 51.14it/s]
 55%|█████▍    | 3175/5794 [01:00<00:51, 51.22it/s]
 55%|█████▍    | 3181/5794 [01:00<00:50, 51.25it/s]
 55%|█████▌    | 3187/5794 [01:01<00:50, 51.16it/s]
 55%|█████▌    | 3193/5794 [01:01<00:50, 51.26it/s]
 55%|█████▌    | 3199/5794 [01:01<00:50, 51.16it/s]
 55%|█████▌    | 3205/5794 [01:01<00:50, 51.23it/s]
 55%|█████▌    | 3211/5794 [01:01<00:50, 51.31it/s]
 56%|█████▌    | 3217/5794 [01:01<00:50, 51.20it/s]
 56%|█████▌    | 3223/5794 [01:01<00:50, 51.24it/s]
 56%|█████▌    | 3229/5794 [01:01<00:49, 51.32it/s]
 56%|█████▌    | 3235/5794 [01:01<00:49, 51.27it/s]
 56%|█████▌    | 3241/5794 [01:02<00:49, 51.40it/s]
 56%|█████▌    | 3247/5794 [01:02<00:49, 51.42it/s]
 56%|█████▌    | 3253/5794 [01:02<00:49, 51.29it/s]
 56%|█████▌    | 3259/5794 [01:02<00:49, 51.34it/s]
 56%|█████▋    | 3265/5794 [01:02<00:49, 51.36it/s]
 56%|█████▋    | 3271/5794 [01:02<00:49, 51.30it/s]
 57%|█████▋    | 3277/5794 [01:02<00:48, 51.42it/s]
 57%|█████▋    | 3283/5794 [01:02<00:48, 51.35it/s]
 57%|█████▋    | 3289/5794 [01:03<00:48, 51.36it/s]
 57%|█████▋    | 3295/5794 [01:03<00:48, 51.44it/s]
 57%|█████▋    | 3301/5794 [01:03<00:48, 51.37it/s]
 57%|█████▋    | 3307/5794 [01:03<00:48, 51.37it/s]
 57%|█████▋    | 3313/5794 [01:03<00:48, 50.90it/s]
 57%|█████▋    | 3319/5794 [01:03<00:48, 50.93it/s]
 57%|█████▋    | 3325/5794 [01:03<00:48, 51.00it/s]
 57%|█████▋    | 3331/5794 [01:03<00:48, 51.09it/s]
 58%|█████▊    | 3337/5794 [01:03<00:48, 51.06it/s]
 58%|█████▊    | 3343/5794 [01:04<00:47, 51.07it/s]
 58%|█████▊    | 3349/5794 [01:04<00:47, 51.18it/s]
 58%|█████▊    | 3355/5794 [01:04<00:47, 51.10it/s]
 58%|█████▊    | 3361/5794 [01:04<00:47, 51.16it/s]
 58%|█████▊    | 3367/5794 [01:04<00:47, 51.20it/s]
 58%|█████▊    | 3373/5794 [01:04<00:47, 51.17it/s]
 58%|█████▊    | 3379/5794 [01:04<00:47, 51.14it/s]
 58%|█████▊    | 3385/5794 [01:04<00:47, 51.04it/s]
 59%|█████▊    | 3391/5794 [01:05<00:47, 50.79it/s]
 59%|█████▊    | 3397/5794 [01:05<00:47, 50.77it/s]
 59%|█████▊    | 3403/5794 [01:05<00:47, 50.79it/s]
 59%|█████▉    | 3409/5794 [01:05<00:46, 51.01it/s]
 59%|█████▉    | 3415/5794 [01:05<00:46, 51.17it/s]
 59%|█████▉    | 3421/5794 [01:05<00:46, 51.15it/s]
 59%|█████▉    | 3427/5794 [01:05<00:46, 51.20it/s]
 59%|█████▉    | 3433/5794 [01:05<00:46, 51.30it/s]
 59%|█████▉    | 3439/5794 [01:05<00:46, 51.18it/s]
 59%|█████▉    | 3445/5794 [01:06<00:45, 51.26it/s]
 60%|█████▉    | 3451/5794 [01:06<00:45, 51.24it/s]
 60%|█████▉    | 3457/5794 [01:06<00:45, 51.16it/s]
 60%|█████▉    | 3463/5794 [01:06<00:45, 51.26it/s]
 60%|█████▉    | 3469/5794 [01:06<00:45, 51.32it/s]
 60%|█████▉    | 3475/5794 [01:06<00:45, 51.22it/s]
 60%|██████    | 3481/5794 [01:06<00:45, 51.33it/s]
 60%|██████    | 3487/5794 [01:06<00:45, 51.26it/s]
 60%|██████    | 3493/5794 [01:07<00:44, 51.24it/s]
 60%|██████    | 3499/5794 [01:07<00:44, 51.27it/s]
 60%|██████    | 3505/5794 [01:07<00:44, 51.18it/s]
 61%|██████    | 3511/5794 [01:07<00:44, 51.22it/s]
 61%|██████    | 3517/5794 [01:07<00:44, 51.30it/s]
 61%|██████    | 3523/5794 [01:07<00:44, 51.17it/s]
 61%|██████    | 3529/5794 [01:07<00:44, 51.22it/s]
 61%|██████    | 3535/5794 [01:07<00:44, 51.26it/s]
 61%|██████    | 3541/5794 [01:07<00:44, 51.17it/s]
 61%|██████    | 3547/5794 [01:08<00:43, 51.14it/s]
 61%|██████▏   | 3553/5794 [01:08<00:43, 51.10it/s]
 61%|██████▏   | 3559/5794 [01:08<00:43, 51.03it/s]
 62%|██████▏   | 3565/5794 [01:08<00:43, 51.18it/s]
 62%|██████▏   | 3571/5794 [01:08<00:43, 51.21it/s]
 62%|██████▏   | 3577/5794 [01:08<00:43, 51.20it/s]
 62%|██████▏   | 3583/5794 [01:08<00:43, 51.20it/s]
 62%|██████▏   | 3589/5794 [01:08<00:43, 50.85it/s]
 62%|██████▏   | 3595/5794 [01:09<00:43, 50.85it/s]
 62%|██████▏   | 3601/5794 [01:09<00:42, 51.02it/s]
 62%|██████▏   | 3607/5794 [01:09<00:42, 51.03it/s]
 62%|██████▏   | 3613/5794 [01:09<00:42, 51.11it/s]
 62%|██████▏   | 3619/5794 [01:09<00:42, 51.14it/s]
 63%|██████▎   | 3625/5794 [01:09<00:42, 51.07it/s]
 63%|██████▎   | 3631/5794 [01:09<00:42, 51.20it/s]
 63%|██████▎   | 3637/5794 [01:09<00:42, 51.13it/s]
 63%|██████▎   | 3643/5794 [01:09<00:42, 50.86it/s]
 63%|██████▎   | 3649/5794 [01:10<00:42, 50.77it/s]
 63%|██████▎   | 3655/5794 [01:10<00:41, 50.97it/s]
 63%|██████▎   | 3661/5794 [01:10<00:41, 51.01it/s]
 63%|██████▎   | 3667/5794 [01:10<00:41, 51.25it/s]
 63%|██████▎   | 3673/5794 [01:10<00:41, 51.30it/s]
 63%|██████▎   | 3679/5794 [01:10<00:41, 51.27it/s]
 64%|██████▎   | 3685/5794 [01:10<00:41, 51.34it/s]
 64%|██████▎   | 3691/5794 [01:10<00:40, 51.34it/s]
 64%|██████▍   | 3697/5794 [01:10<00:40, 51.29it/s]
 64%|██████▍   | 3703/5794 [01:11<00:40, 51.35it/s]
 64%|██████▍   | 3709/5794 [01:11<00:40, 51.21it/s]
 64%|██████▍   | 3715/5794 [01:11<00:40, 51.22it/s]
 64%|██████▍   | 3721/5794 [01:11<00:40, 51.29it/s]
 64%|██████▍   | 3727/5794 [01:11<00:40, 51.17it/s]
 64%|██████▍   | 3733/5794 [01:11<00:40, 51.15it/s]
 65%|██████▍   | 3739/5794 [01:11<00:40, 51.20it/s]
 65%|██████▍   | 3745/5794 [01:11<00:40, 51.11it/s]
 65%|██████▍   | 3751/5794 [01:12<00:39, 51.22it/s]
 65%|██████▍   | 3757/5794 [01:12<00:39, 51.30it/s]
 65%|██████▍   | 3763/5794 [01:12<00:39, 51.21it/s]
 65%|██████▌   | 3769/5794 [01:12<00:39, 51.31it/s]
 65%|██████▌   | 3775/5794 [01:12<00:39, 51.30it/s]
 65%|██████▌   | 3781/5794 [01:12<00:39, 51.23it/s]
 65%|██████▌   | 3787/5794 [01:12<00:39, 51.27it/s]
 65%|██████▌   | 3793/5794 [01:12<00:38, 51.34it/s]
 66%|██████▌   | 3799/5794 [01:12<00:38, 51.24it/s]
 66%|██████▌   | 3805/5794 [01:13<00:38, 51.29it/s]
 66%|██████▌   | 3811/5794 [01:13<00:38, 51.21it/s]
 66%|██████▌   | 3817/5794 [01:13<00:38, 51.33it/s]
 66%|██████▌   | 3823/5794 [01:13<00:38, 51.27it/s]
 66%|██████▌   | 3829/5794 [01:13<00:38, 51.16it/s]
 66%|██████▌   | 3835/5794 [01:13<00:38, 51.25it/s]
 66%|██████▋   | 3841/5794 [01:13<00:38, 50.93it/s]
 66%|██████▋   | 3847/5794 [01:13<00:38, 50.88it/s]
 66%|██████▋   | 3853/5794 [01:14<00:37, 51.10it/s]
 67%|██████▋   | 3859/5794 [01:14<00:37, 51.18it/s]
 67%|██████▋   | 3865/5794 [01:14<00:37, 51.16it/s]
 67%|██████▋   | 3871/5794 [01:14<00:37, 51.20it/s]
 67%|██████▋   | 3877/5794 [01:14<00:37, 51.27it/s]
 67%|██████▋   | 3883/5794 [01:14<00:37, 51.19it/s]
 67%|██████▋   | 3889/5794 [01:14<00:37, 51.15it/s]
 67%|██████▋   | 3895/5794 [01:14<00:37, 51.03it/s]
 67%|██████▋   | 3901/5794 [01:14<00:37, 50.83it/s]
 67%|██████▋   | 3907/5794 [01:15<00:37, 50.83it/s]
 68%|██████▊   | 3913/5794 [01:15<00:36, 50.90it/s]
 68%|██████▊   | 3919/5794 [01:15<00:36, 51.06it/s]
 68%|██████▊   | 3925/5794 [01:15<00:36, 51.15it/s]
 68%|██████▊   | 3931/5794 [01:15<00:36, 51.03it/s]
 68%|██████▊   | 3937/5794 [01:15<00:36, 51.17it/s]
 68%|██████▊   | 3943/5794 [01:15<00:36, 51.26it/s]
 68%|██████▊   | 3949/5794 [01:15<00:36, 51.17it/s]
 68%|██████▊   | 3955/5794 [01:16<00:35, 51.25it/s]
 68%|██████▊   | 3961/5794 [01:16<00:35, 51.30it/s]
 68%|██████▊   | 3967/5794 [01:16<00:35, 51.08it/s]
 69%|██████▊   | 3973/5794 [01:16<00:35, 51.23it/s]
 69%|██████▊   | 3979/5794 [01:16<00:35, 51.21it/s]
 69%|██████▉   | 3985/5794 [01:16<00:35, 51.13it/s]
 69%|██████▉   | 3991/5794 [01:16<00:35, 51.17it/s]
 69%|██████▉   | 3997/5794 [01:16<00:35, 51.18it/s]
 69%|██████▉   | 4003/5794 [01:16<00:35, 51.07it/s]
 69%|██████▉   | 4009/5794 [01:17<00:34, 51.23it/s]
 69%|██████▉   | 4015/5794 [01:17<00:34, 51.14it/s]
 69%|██████▉   | 4021/5794 [01:17<00:34, 51.25it/s]
 70%|██████▉   | 4027/5794 [01:17<00:34, 51.30it/s]
 70%|██████▉   | 4033/5794 [01:17<00:34, 51.23it/s]
 70%|██████▉   | 4039/5794 [01:17<00:34, 51.38it/s]
 70%|██████▉   | 4045/5794 [01:17<00:34, 51.37it/s]
 70%|██████▉   | 4051/5794 [01:17<00:33, 51.30it/s]
 70%|███████   | 4057/5794 [01:18<00:33, 51.33it/s]
 70%|███████   | 4063/5794 [01:18<00:33, 51.36it/s]
 70%|███████   | 4069/5794 [01:18<00:33, 51.18it/s]
 70%|███████   | 4075/5794 [01:18<00:33, 51.21it/s]
 70%|███████   | 4081/5794 [01:18<00:33, 50.85it/s]
 71%|███████   | 4087/5794 [01:18<00:33, 50.93it/s]
 71%|███████   | 4093/5794 [01:18<00:33, 51.05it/s]
 71%|███████   | 4099/5794 [01:18<00:33, 51.13it/s]
 71%|███████   | 4105/5794 [01:18<00:33, 51.05it/s]
 71%|███████   | 4111/5794 [01:19<00:32, 51.15it/s]
 71%|███████   | 4117/5794 [01:19<00:32, 51.07it/s]
 71%|███████   | 4123/5794 [01:19<00:32, 51.19it/s]
 71%|███████▏  | 4129/5794 [01:19<00:32, 51.25it/s]
 71%|███████▏  | 4135/5794 [01:19<00:32, 51.12it/s]
 71%|███████▏  | 4141/5794 [01:19<00:32, 51.21it/s]
 72%|███████▏  | 4147/5794 [01:19<00:32, 51.13it/s]
 72%|███████▏  | 4153/5794 [01:19<00:32, 50.85it/s]
 72%|███████▏  | 4159/5794 [01:20<00:32, 50.85it/s]
 72%|███████▏  | 4165/5794 [01:20<00:32, 50.78it/s]
 72%|███████▏  | 4171/5794 [01:20<00:32, 50.59it/s]
 72%|███████▏  | 4177/5794 [01:20<00:31, 50.58it/s]
 72%|███████▏  | 4183/5794 [01:20<00:31, 50.56it/s]
 72%|███████▏  | 4189/5794 [01:20<00:31, 50.48it/s]
 72%|███████▏  | 4195/5794 [01:20<00:31, 50.54it/s]
 73%|███████▎  | 4201/5794 [01:20<00:31, 50.58it/s]
 73%|███████▎  | 4207/5794 [01:20<00:31, 50.55it/s]
 73%|███████▎  | 4213/5794 [01:21<00:31, 50.60it/s]
 73%|███████▎  | 4219/5794 [01:21<00:31, 50.52it/s]
 73%|███████▎  | 4225/5794 [01:21<00:31, 50.61it/s]
 73%|███████▎  | 4231/5794 [01:21<00:30, 50.67it/s]
 73%|███████▎  | 4237/5794 [01:21<00:30, 50.55it/s]
 73%|███████▎  | 4243/5794 [01:21<00:30, 50.62it/s]
 73%|███████▎  | 4249/5794 [01:21<00:30, 50.70it/s]
 73%|███████▎  | 4255/5794 [01:21<00:30, 50.58it/s]
 74%|███████▎  | 4261/5794 [01:22<00:30, 50.60it/s]
 74%|███████▎  | 4267/5794 [01:22<00:30, 50.38it/s]
 74%|███████▎  | 4273/5794 [01:22<00:30, 50.36it/s]
 74%|███████▍  | 4279/5794 [01:22<00:29, 50.51it/s]
 74%|███████▍  | 4285/5794 [01:22<00:29, 50.61it/s]
 74%|███████▍  | 4291/5794 [01:22<00:29, 50.58it/s]
 74%|███████▍  | 4297/5794 [01:22<00:29, 50.67it/s]
 74%|███████▍  | 4303/5794 [01:22<00:29, 50.76it/s]
 74%|███████▍  | 4309/5794 [01:22<00:29, 50.72it/s]
 74%|███████▍  | 4315/5794 [01:23<00:29, 50.74it/s]
 75%|███████▍  | 4321/5794 [01:23<00:29, 50.67it/s]
 75%|███████▍  | 4327/5794 [01:23<00:29, 50.37it/s]
 75%|███████▍  | 4333/5794 [01:23<00:29, 50.29it/s]
 75%|███████▍  | 4339/5794 [01:23<00:28, 50.28it/s]
 75%|███████▍  | 4345/5794 [01:23<00:28, 50.46it/s]
 75%|███████▌  | 4351/5794 [01:23<00:28, 50.41it/s]
 75%|███████▌  | 4357/5794 [01:23<00:28, 50.65it/s]
 75%|███████▌  | 4363/5794 [01:24<00:28, 50.94it/s]
 75%|███████▌  | 4369/5794 [01:24<00:27, 51.17it/s]
 76%|███████▌  | 4375/5794 [01:24<00:27, 51.15it/s]
 76%|███████▌  | 4381/5794 [01:24<00:27, 51.24it/s]
 76%|███████▌  | 4387/5794 [01:24<00:27, 51.30it/s]
 76%|███████▌  | 4393/5794 [01:24<00:27, 51.29it/s]
 76%|███████▌  | 4399/5794 [01:24<00:27, 51.34it/s]
 76%|███████▌  | 4405/5794 [01:24<00:27, 51.25it/s]
 76%|███████▌  | 4411/5794 [01:24<00:27, 50.93it/s]
 76%|███████▌  | 4417/5794 [01:25<00:26, 51.72it/s]
 76%|███████▋  | 4423/5794 [01:25<00:25, 52.76it/s]
 76%|███████▋  | 4429/5794 [01:25<00:25, 54.09it/s]
 77%|███████▋  | 4435/5794 [01:25<00:24, 54.84it/s]
 77%|███████▋  | 4441/5794 [01:25<00:24, 55.45it/s]
 77%|███████▋  | 4447/5794 [01:25<00:24, 56.01it/s]
 77%|███████▋  | 4453/5794 [01:25<00:23, 56.36it/s]
 77%|███████▋  | 4459/5794 [01:25<00:23, 56.49it/s]
 77%|███████▋  | 4465/5794 [01:25<00:23, 56.78it/s]
 77%|███████▋  | 4471/5794 [01:26<00:23, 56.96it/s]
 77%|███████▋  | 4477/5794 [01:26<00:23, 56.92it/s]
 77%|███████▋  | 4483/5794 [01:26<00:22, 57.04it/s]
 77%|███████▋  | 4489/5794 [01:26<00:22, 57.08it/s]
 78%|███████▊  | 4495/5794 [01:26<00:22, 57.02it/s]
 78%|███████▊  | 4501/5794 [01:26<00:22, 57.18it/s]
 78%|███████▊  | 4507/5794 [01:26<00:22, 57.20it/s]
 78%|███████▊  | 4513/5794 [01:26<00:22, 57.10it/s]
 78%|███████▊  | 4519/5794 [01:26<00:22, 57.14it/s]
 78%|███████▊  | 4525/5794 [01:27<00:22, 57.04it/s]
 78%|███████▊  | 4531/5794 [01:27<00:22, 56.99it/s]
 78%|███████▊  | 4537/5794 [01:27<00:21, 57.17it/s]
 78%|███████▊  | 4543/5794 [01:27<00:21, 57.10it/s]
 79%|███████▊  | 4549/5794 [01:27<00:21, 57.22it/s]
 79%|███████▊  | 4555/5794 [01:27<00:21, 57.18it/s]
 79%|███████▊  | 4561/5794 [01:27<00:21, 57.04it/s]
 79%|███████▉  | 4567/5794 [01:27<00:21, 57.15it/s]
 79%|███████▉  | 4573/5794 [01:27<00:21, 57.20it/s]
 79%|███████▉  | 4579/5794 [01:27<00:21, 57.11it/s]
 79%|███████▉  | 4585/5794 [01:28<00:21, 57.23it/s]
 79%|███████▉  | 4591/5794 [01:28<00:21, 57.21it/s]
 79%|███████▉  | 4597/5794 [01:28<00:20, 57.15it/s]
 79%|███████▉  | 4603/5794 [01:28<00:20, 57.19it/s]
 80%|███████▉  | 4609/5794 [01:28<00:20, 57.26it/s]
 80%|███████▉  | 4615/5794 [01:28<00:20, 57.19it/s]
 80%|███████▉  | 4621/5794 [01:28<00:20, 57.28it/s]
 80%|███████▉  | 4627/5794 [01:28<00:20, 57.01it/s]
 80%|███████▉  | 4633/5794 [01:28<00:20, 57.13it/s]
 80%|████████  | 4639/5794 [01:28<00:20, 57.20it/s]
 80%|████████  | 4645/5794 [01:29<00:20, 57.13it/s]
 80%|████████  | 4651/5794 [01:29<00:19, 57.22it/s]
 80%|████████  | 4657/5794 [01:29<00:20, 55.30it/s]
 80%|████████  | 4663/5794 [01:29<00:20, 53.90it/s]
 81%|████████  | 4669/5794 [01:29<00:21, 53.22it/s]
 81%|████████  | 4675/5794 [01:29<00:21, 52.67it/s]
 81%|████████  | 4681/5794 [01:29<00:21, 52.11it/s]
 81%|████████  | 4687/5794 [01:29<00:21, 51.82it/s]
 81%|████████  | 4693/5794 [01:30<00:21, 51.48it/s]
 81%|████████  | 4699/5794 [01:30<00:21, 51.27it/s]
 81%|████████  | 4705/5794 [01:30<00:21, 51.37it/s]
 81%|████████▏ | 4711/5794 [01:30<00:21, 51.25it/s]
 81%|████████▏ | 4717/5794 [01:30<00:21, 51.25it/s]
 82%|████████▏ | 4723/5794 [01:30<00:20, 51.27it/s]
 82%|████████▏ | 4729/5794 [01:30<00:20, 51.25it/s]
 82%|████████▏ | 4735/5794 [01:30<00:20, 51.28it/s]
 82%|████████▏ | 4741/5794 [01:30<00:20, 51.39it/s]
 82%|████████▏ | 4747/5794 [01:31<00:20, 51.29it/s]
 82%|████████▏ | 4753/5794 [01:31<00:20, 51.37it/s]
 82%|████████▏ | 4759/5794 [01:31<00:20, 51.39it/s]
 82%|████████▏ | 4765/5794 [01:31<00:20, 51.27it/s]
 82%|████████▏ | 4771/5794 [01:31<00:19, 51.31it/s]
 82%|████████▏ | 4777/5794 [01:31<00:19, 51.40it/s]
 83%|████████▎ | 4783/5794 [01:31<00:19, 51.26it/s]
 83%|████████▎ | 4789/5794 [01:31<00:19, 51.35it/s]
 83%|████████▎ | 4795/5794 [01:32<00:19, 51.25it/s]
 83%|████████▎ | 4801/5794 [01:32<00:19, 51.25it/s]
 83%|████████▎ | 4807/5794 [01:32<00:19, 51.31it/s]
 83%|████████▎ | 4813/5794 [01:32<00:19, 51.29it/s]
 83%|████████▎ | 4819/5794 [01:32<00:19, 51.21it/s]
 83%|████████▎ | 4825/5794 [01:32<00:18, 51.32it/s]
 83%|████████▎ | 4831/5794 [01:32<00:18, 51.20it/s]
 83%|████████▎ | 4837/5794 [01:32<00:18, 51.32it/s]
 84%|████████▎ | 4843/5794 [01:32<00:18, 51.34it/s]
 84%|████████▎ | 4849/5794 [01:33<00:18, 51.28it/s]
 84%|████████▍ | 4855/5794 [01:33<00:18, 50.98it/s]
 84%|████████▍ | 4861/5794 [01:33<00:18, 51.12it/s]
 84%|████████▍ | 4867/5794 [01:33<00:18, 50.79it/s]
 84%|████████▍ | 4873/5794 [01:33<00:18, 50.74it/s]
 84%|████████▍ | 4879/5794 [01:33<00:17, 50.87it/s]
 84%|████████▍ | 4885/5794 [01:33<00:17, 50.84it/s]
 84%|████████▍ | 4891/5794 [01:33<00:17, 50.26it/s]
 85%|████████▍ | 4897/5794 [01:34<00:17, 50.56it/s]
 85%|████████▍ | 4903/5794 [01:34<00:17, 50.76it/s]
 85%|████████▍ | 4909/5794 [01:34<00:17, 50.90it/s]
 85%|████████▍ | 4915/5794 [01:34<00:17, 51.09it/s]
 85%|████████▍ | 4921/5794 [01:34<00:17, 51.09it/s]
 85%|████████▌ | 4927/5794 [01:34<00:16, 51.23it/s]
 85%|████████▌ | 4933/5794 [01:34<00:16, 51.17it/s]
 85%|████████▌ | 4939/5794 [01:34<00:16, 51.18it/s]
 85%|████████▌ | 4945/5794 [01:34<00:16, 51.00it/s]
 85%|████████▌ | 4951/5794 [01:35<00:16, 50.76it/s]
 86%|████████▌ | 4957/5794 [01:35<00:16, 50.88it/s]
 86%|████████▌ | 4963/5794 [01:35<00:16, 50.96it/s]
 86%|████████▌ | 4969/5794 [01:35<00:16, 50.93it/s]
 86%|████████▌ | 4975/5794 [01:35<00:16, 51.13it/s]
 86%|████████▌ | 4981/5794 [01:35<00:15, 51.15it/s]
 86%|████████▌ | 4987/5794 [01:35<00:15, 52.22it/s]
 86%|████████▌ | 4993/5794 [01:35<00:14, 53.63it/s]
 86%|████████▋ | 4999/5794 [01:35<00:14, 54.72it/s]
 86%|████████▋ | 5005/5794 [01:36<00:14, 53.77it/s]
 86%|████████▋ | 5011/5794 [01:36<00:14, 53.08it/s]
 87%|████████▋ | 5017/5794 [01:36<00:14, 52.52it/s]
 87%|████████▋ | 5023/5794 [01:36<00:14, 52.09it/s]
 87%|████████▋ | 5029/5794 [01:36<00:14, 51.90it/s]
 87%|████████▋ | 5035/5794 [01:36<00:14, 51.69it/s]
 87%|████████▋ | 5041/5794 [01:36<00:14, 51.63it/s]
 87%|████████▋ | 5047/5794 [01:36<00:14, 51.48it/s]
 87%|████████▋ | 5053/5794 [01:37<00:14, 51.34it/s]
 87%|████████▋ | 5059/5794 [01:37<00:14, 51.48it/s]
 87%|████████▋ | 5065/5794 [01:37<00:14, 51.43it/s]
 88%|████████▊ | 5071/5794 [01:37<00:14, 51.31it/s]
 88%|████████▊ | 5077/5794 [01:37<00:13, 51.33it/s]
 88%|████████▊ | 5083/5794 [01:37<00:13, 51.38it/s]
 88%|████████▊ | 5089/5794 [01:37<00:13, 51.32it/s]
 88%|████████▊ | 5095/5794 [01:37<00:13, 51.38it/s]
 88%|████████▊ | 5101/5794 [01:37<00:13, 51.29it/s]
 88%|████████▊ | 5107/5794 [01:38<00:13, 51.28it/s]
 88%|████████▊ | 5113/5794 [01:38<00:13, 51.25it/s]
 88%|████████▊ | 5119/5794 [01:38<00:13, 51.25it/s]
 88%|████████▊ | 5125/5794 [01:38<00:13, 50.80it/s]
 89%|████████▊ | 5131/5794 [01:38<00:13, 50.96it/s]
 89%|████████▊ | 5137/5794 [01:38<00:12, 50.98it/s]
 89%|████████▉ | 5143/5794 [01:38<00:12, 51.16it/s]
 89%|████████▉ | 5149/5794 [01:38<00:12, 51.23it/s]
 89%|████████▉ | 5155/5794 [01:39<00:12, 51.24it/s]
 89%|████████▉ | 5161/5794 [01:39<00:12, 51.26it/s]
 89%|████████▉ | 5167/5794 [01:39<00:12, 51.36it/s]
 89%|████████▉ | 5173/5794 [01:39<00:12, 51.24it/s]
 89%|████████▉ | 5179/5794 [01:39<00:11, 51.30it/s]
 89%|████████▉ | 5185/5794 [01:39<00:11, 51.26it/s]
 90%|████████▉ | 5191/5794 [01:39<00:11, 51.23it/s]
 90%|████████▉ | 5197/5794 [01:39<00:11, 51.15it/s]
 90%|████████▉ | 5203/5794 [01:39<00:11, 51.05it/s]
 90%|████████▉ | 5209/5794 [01:40<00:11, 50.85it/s]
 90%|█████████ | 5215/5794 [01:40<00:11, 51.05it/s]
 90%|█████████ | 5221/5794 [01:40<00:11, 51.14it/s]
 90%|█████████ | 5227/5794 [01:40<00:11, 51.24it/s]
 90%|█████████ | 5233/5794 [01:40<00:10, 51.30it/s]
 90%|█████████ | 5239/5794 [01:40<00:10, 51.25it/s]
 91%|█████████ | 5245/5794 [01:40<00:10, 51.29it/s]
 91%|█████████ | 5251/5794 [01:40<00:10, 51.33it/s]
 91%|█████████ | 5257/5794 [01:41<00:10, 51.20it/s]
 91%|█████████ | 5263/5794 [01:41<00:10, 51.33it/s]
 91%|█████████ | 5269/5794 [01:41<00:10, 51.35it/s]
 91%|█████████ | 5275/5794 [01:41<00:10, 51.31it/s]
 91%|█████████ | 5281/5794 [01:41<00:09, 51.30it/s]
 91%|█████████ | 5287/5794 [01:41<00:09, 51.36it/s]
 91%|█████████▏| 5293/5794 [01:41<00:09, 51.24it/s]
 91%|█████████▏| 5299/5794 [01:41<00:09, 51.26it/s]
 92%|█████████▏| 5305/5794 [01:41<00:09, 51.28it/s]
 92%|█████████▏| 5311/5794 [01:42<00:09, 51.31it/s]
 92%|█████████▏| 5317/5794 [01:42<00:09, 51.36it/s]
 92%|█████████▏| 5323/5794 [01:42<00:09, 51.39it/s]
 92%|█████████▏| 5329/5794 [01:42<00:09, 51.51it/s]
 92%|█████████▏| 5335/5794 [01:42<00:08, 53.22it/s]
 92%|█████████▏| 5341/5794 [01:42<00:08, 54.25it/s]
 92%|█████████▏| 5347/5794 [01:42<00:08, 55.19it/s]
 92%|█████████▏| 5353/5794 [01:42<00:07, 55.79it/s]
 92%|█████████▏| 5359/5794 [01:42<00:07, 56.06it/s]
 93%|█████████▎| 5365/5794 [01:43<00:07, 56.41it/s]
 93%|█████████▎| 5371/5794 [01:43<00:07, 56.76it/s]
 93%|█████████▎| 5377/5794 [01:43<00:07, 56.76it/s]
 93%|█████████▎| 5383/5794 [01:43<00:07, 57.00it/s]
 93%|█████████▎| 5389/5794 [01:43<00:07, 56.83it/s]
 93%|█████████▎| 5395/5794 [01:43<00:07, 56.88it/s]
 93%|█████████▎| 5401/5794 [01:43<00:06, 57.02it/s]
 93%|█████████▎| 5407/5794 [01:43<00:06, 57.10it/s]
 93%|█████████▎| 5413/5794 [01:43<00:06, 56.99it/s]
 94%|█████████▎| 5419/5794 [01:43<00:06, 57.13it/s]
 94%|█████████▎| 5425/5794 [01:44<00:06, 57.13it/s]
 94%|█████████▎| 5431/5794 [01:44<00:06, 57.06it/s]
 94%|█████████▍| 5437/5794 [01:44<00:06, 57.15it/s]
 94%|█████████▍| 5443/5794 [01:44<00:06, 56.53it/s]
 94%|█████████▍| 5449/5794 [01:44<00:06, 56.75it/s]
 94%|█████████▍| 5455/5794 [01:44<00:05, 56.92it/s]
 94%|█████████▍| 5461/5794 [01:44<00:05, 56.89it/s]
 94%|█████████▍| 5467/5794 [01:44<00:05, 56.91it/s]
 94%|█████████▍| 5473/5794 [01:44<00:05, 56.82it/s]
 95%|█████████▍| 5479/5794 [01:45<00:05, 56.59it/s]
 95%|█████████▍| 5485/5794 [01:45<00:05, 56.66it/s]
 95%|█████████▍| 5491/5794 [01:45<00:05, 56.92it/s]
 95%|█████████▍| 5497/5794 [01:45<00:05, 56.91it/s]
 95%|█████████▍| 5503/5794 [01:45<00:05, 57.07it/s]
 95%|█████████▌| 5509/5794 [01:45<00:04, 57.09it/s]
 95%|█████████▌| 5515/5794 [01:45<00:04, 57.03it/s]
 95%|█████████▌| 5521/5794 [01:45<00:04, 57.11it/s]
 95%|█████████▌| 5527/5794 [01:45<00:04, 57.23it/s]
 95%|█████████▌| 5533/5794 [01:45<00:04, 57.13it/s]
 96%|█████████▌| 5539/5794 [01:46<00:04, 57.24it/s]
 96%|█████████▌| 5545/5794 [01:46<00:04, 57.13it/s]
 96%|█████████▌| 5551/5794 [01:46<00:04, 57.20it/s]
 96%|█████████▌| 5557/5794 [01:46<00:04, 57.18it/s]
 96%|█████████▌| 5563/5794 [01:46<00:04, 57.17it/s]
 96%|█████████▌| 5569/5794 [01:46<00:03, 57.24it/s]
 96%|█████████▌| 5575/5794 [01:46<00:03, 57.16it/s]
 96%|█████████▋| 5581/5794 [01:46<00:03, 57.06it/s]
 96%|█████████▋| 5587/5794 [01:46<00:03, 57.22it/s]
 97%|█████████▋| 5593/5794 [01:47<00:03, 57.25it/s]
 97%|█████████▋| 5599/5794 [01:47<00:03, 57.15it/s]
 97%|█████████▋| 5605/5794 [01:47<00:03, 57.18it/s]
 97%|█████████▋| 5611/5794 [01:47<00:03, 57.26it/s]
 97%|█████████▋| 5617/5794 [01:47<00:03, 57.14it/s]
 97%|█████████▋| 5623/5794 [01:47<00:02, 57.28it/s]
 97%|█████████▋| 5629/5794 [01:47<00:02, 57.24it/s]
 97%|█████████▋| 5635/5794 [01:47<00:02, 57.18it/s]
 97%|█████████▋| 5641/5794 [01:47<00:02, 57.21it/s]
 97%|█████████▋| 5647/5794 [01:47<00:02, 57.07it/s]
 98%|█████████▊| 5653/5794 [01:48<00:02, 57.19it/s]
 98%|█████████▊| 5659/5794 [01:48<00:02, 57.19it/s]
 98%|█████████▊| 5665/5794 [01:48<00:02, 57.07it/s]
 98%|█████████▊| 5671/5794 [01:48<00:02, 56.93it/s]
 98%|█████████▊| 5677/5794 [01:48<00:02, 57.00it/s]
 98%|█████████▊| 5683/5794 [01:48<00:01, 56.34it/s]
 98%|█████████▊| 5689/5794 [01:48<00:01, 56.55it/s]
 98%|█████████▊| 5695/5794 [01:48<00:01, 56.73it/s]
 98%|█████████▊| 5701/5794 [01:48<00:01, 56.69it/s]
 98%|█████████▊| 5707/5794 [01:49<00:01, 56.85it/s]
 99%|█████████▊| 5713/5794 [01:49<00:01, 56.99it/s]
 99%|█████████▊| 5719/5794 [01:49<00:01, 56.93it/s]
 99%|█████████▉| 5725/5794 [01:49<00:01, 57.09it/s]
 99%|█████████▉| 5731/5794 [01:49<00:01, 57.10it/s]
 99%|█████████▉| 5737/5794 [01:49<00:00, 57.07it/s]
 99%|█████████▉| 5743/5794 [01:49<00:00, 57.08it/s]
 99%|█████████▉| 5749/5794 [01:49<00:00, 56.89it/s]
 99%|█████████▉| 5755/5794 [01:49<00:00, 56.84it/s]
 99%|█████████▉| 5761/5794 [01:49<00:00, 56.79it/s]
100%|█████████▉| 5767/5794 [01:50<00:00, 56.63it/s]
100%|█████████▉| 5773/5794 [01:50<00:00, 56.68it/s]
100%|█████████▉| 5779/5794 [01:50<00:00, 56.69it/s]
100%|█████████▉| 5785/5794 [01:50<00:00, 56.56it/s]
100%|█████████▉| 5791/5794 [01:50<00:00, 56.75it/s]
100%|██████████| 5794/5794 [01:50<00:00, 52.36it/s]
BALANCED ACCS CHECKED FOR TEST
TEST SET RESULTS FOR CHECKPOINT trained_weights/waterbirds/abn_cls_waterbird_complete95_forest2water2_21048936_trial_000/best_balanced_valacc_0.52_epoch_0.ckpt
test_acc: 0.6746634449430445
balanced_test_acc: 0.5372669595430024
Land_on_Land_test_acc: 0.9951219512195122
Land_on_Water_test_acc: 0.572949002217295
Water_on_Land_test_acc: 0.01557632398753894
Water_on_Water_test_acc: 0.5654205607476636
test_acc_Waterbird: 0.29049844236760125
test_acc_Landbird: 0.7840354767184036
