[CMD] /home/ryreu/miniconda3/envs/gals_a100/bin/python -u main.py --config configs/waterbirds_95_gals_vit.yaml --name rrr_waterbird_complete95_forest2water2_21050510_trial_000 DATA.ROOT=/home/ryreu/guided_cnn/waterbirds DATA.WATERBIRDS_DIR=waterbird_complete95_forest2water2 SEED=0 EXP.BASE.LR=0.0010000000000000002 EXP.CLASSIFIER.LR=9.999999999999991e-05 EXP.WEIGHT_DECAY=9.999999999999997e-06 EXP.AUX_LOSSES_ON_VAL=False EXP.LOSSES.GRADIENT_OUTSIDE.WEIGHT=10.000000000000002 EXP.NUM_EPOCHS=1
SEED: 0
DATA:
  BATCH_SIZE: 96
  NUM_WORKERS: 4
  SIZE: 224
  NORMALIZATION: imagenet
  ATTENTION_DIR: clip_vit_attention
  SEPARATE_CLASSES: false
  REMOVE_BACKGROUND: false
  ROOT: /home/ryreu/guided_cnn/waterbirds
  USE_CLASS_WEIGHTS: false
  USE_GROUP_WEIGHTS: false
  DATASET: waterbirds
  NUM_CLASSES: 2
  CONFOUNDING_FACTOR: 0.95
  WATERBIRDS_DIR: waterbird_complete95_forest2water2
EXP:
  NUM_TRIALS: 1
  LOSSES:
    CLASSIFICATION:
      WEIGHT: 1
    GRADIENT_OUTSIDE:
      COMPUTE: true
      LOG: false
      WEIGHT: 10.000000000000002
      CRITERION: L1
      GT: clip_vit
      COMBINE_ATT_MODE: average_nonzero
    GRADIENT_INSIDE:
      COMPUTE: false
      LOG: false
      WEIGHT: 1
      CRITERION: L1
      GT: segmentation
      COMBINE_ATT_MODE: average_nonzero
    GRADCAM:
      COMPUTE: false
      LOG: false
      WEIGHT: 1
      CRITERION: L1
      GT: segmentation
      MODE: match
      COMBINE_ATT_MODE: average_nonzero
  APPROACH: generic
  MODEL: resnet50
  PRETRAINED: true
  NUM_EPOCHS: 1
  OPTIMIZER: SGD
  WEIGHT_DECAY: 9.999999999999997e-06
  MOMENTUM: 0.9
  SCHEDULER: NONE
  BASE:
    LR: 0.0010000000000000002
  CLASSIFIER:
    LR: 9.999999999999991e-05
  AUX_LOSSES_ON_VAL: false
LOGGING:
  SAVE_EVERY: 0
  SAVE_BEST: true
  SAVE_LAST: false
  LOG_ATTENTION: false
  LOG_ATTENTION_STEP: 10
  SAVE_STATS_PATH: null
yaml: configs/waterbirds_95_gals_vit.yaml
name: rrr_waterbird_complete95_forest2water2_21050510_trial_000
test_checkpoint: null

WATERBIRDS DIR: /home/ryreu/guided_cnn/waterbirds/waterbird_complete95_forest2water2
NUMBER OF SAMPLES WITH LABEL Landbird: 3682
NUMBER OF SAMPLES WITH LABEL Waterbird: 1113
NUMBER OF SAMPLES WITH GROUP Land_on_Land: 3498
NUMBER OF SAMPLES WITH GROUP Land_on_Water: 184
NUMBER OF SAMPLES WITH GROUP Water_on_Land: 56
NUMBER OF SAMPLES WITH GROUP Water_on_Water: 1057
WATERBIRDS DIR: /home/ryreu/guided_cnn/waterbirds/waterbird_complete95_forest2water2
NUMBER OF SAMPLES WITH LABEL Landbird: 933
NUMBER OF SAMPLES WITH LABEL Waterbird: 266
NUMBER OF SAMPLES WITH GROUP Land_on_Land: 467
NUMBER OF SAMPLES WITH GROUP Land_on_Water: 466
NUMBER OF SAMPLES WITH GROUP Water_on_Land: 133
NUMBER OF SAMPLES WITH GROUP Water_on_Water: 133
NUM TRAIN: 4795

NUM VAL:   1199

Number classifier outputs: 1
Using pretrained model: True
USING SGD OPTIMIZER
class weights: None
group weights: None
WANDB DISABLED: skipping wandb.init()
EPOCH: 0

>>> TRAINING 


  0%|          | 0/50 [00:00<?, ?it/s]
  2%|▏         | 1/50 [00:04<03:39,  4.48s/it]
  4%|▍         | 2/50 [00:05<01:59,  2.49s/it]
  6%|▌         | 3/50 [00:06<01:26,  1.84s/it]
  8%|▊         | 4/50 [00:07<01:11,  1.55s/it]
 10%|█         | 5/50 [00:08<01:02,  1.38s/it]
 12%|█▏        | 6/50 [00:09<00:56,  1.29s/it]
 14%|█▍        | 7/50 [00:11<00:52,  1.22s/it]
 16%|█▌        | 8/50 [00:12<00:49,  1.18s/it]
 18%|█▊        | 9/50 [00:13<00:47,  1.16s/it]
 20%|██        | 10/50 [00:14<00:45,  1.13s/it]
 22%|██▏       | 11/50 [00:15<00:43,  1.12s/it]
 24%|██▍       | 12/50 [00:16<00:42,  1.11s/it]
 26%|██▌       | 13/50 [00:17<00:40,  1.11s/it]
 28%|██▊       | 14/50 [00:18<00:39,  1.10s/it]
 30%|███       | 15/50 [00:19<00:38,  1.10s/it]
 32%|███▏      | 16/50 [00:20<00:37,  1.10s/it]
 34%|███▍      | 17/50 [00:21<00:36,  1.10s/it]
 36%|███▌      | 18/50 [00:23<00:35,  1.10s/it]
 38%|███▊      | 19/50 [00:24<00:34,  1.10s/it]
 40%|████      | 20/50 [00:25<00:32,  1.10s/it]
 42%|████▏     | 21/50 [00:26<00:31,  1.10s/it]
 44%|████▍     | 22/50 [00:27<00:30,  1.10s/it]
 46%|████▌     | 23/50 [00:28<00:29,  1.10s/it]
 48%|████▊     | 24/50 [00:29<00:28,  1.10s/it]
 50%|█████     | 25/50 [00:30<00:27,  1.10s/it]
 52%|█████▏    | 26/50 [00:31<00:26,  1.09s/it]
 54%|█████▍    | 27/50 [00:32<00:25,  1.09s/it]
 56%|█████▌    | 28/50 [00:33<00:23,  1.09s/it]
 58%|█████▊    | 29/50 [00:35<00:22,  1.09s/it]
 60%|██████    | 30/50 [00:36<00:21,  1.09s/it]
 62%|██████▏   | 31/50 [00:37<00:20,  1.09s/it]
 64%|██████▍   | 32/50 [00:38<00:19,  1.09s/it]
 66%|██████▌   | 33/50 [00:39<00:18,  1.10s/it]
 68%|██████▊   | 34/50 [00:40<00:17,  1.10s/it]
 70%|███████   | 35/50 [00:41<00:16,  1.10s/it]
 72%|███████▏  | 36/50 [00:42<00:15,  1.10s/it]
 74%|███████▍  | 37/50 [00:43<00:14,  1.10s/it]
 76%|███████▌  | 38/50 [00:44<00:13,  1.10s/it]
 78%|███████▊  | 39/50 [00:46<00:12,  1.10s/it]
 80%|████████  | 40/50 [00:47<00:10,  1.10s/it]
 82%|████████▏ | 41/50 [00:48<00:09,  1.10s/it]
 84%|████████▍ | 42/50 [00:49<00:08,  1.10s/it]
 86%|████████▌ | 43/50 [00:50<00:07,  1.10s/it]
 88%|████████▊ | 44/50 [00:51<00:06,  1.10s/it]
 90%|█████████ | 45/50 [00:52<00:05,  1.10s/it]
 92%|█████████▏| 46/50 [00:53<00:04,  1.10s/it]
 94%|█████████▍| 47/50 [00:54<00:03,  1.09s/it]
 96%|█████████▌| 48/50 [00:55<00:02,  1.09s/it]
 98%|█████████▊| 49/50 [00:57<00:01,  1.09s/it]
100%|██████████| 50/50 [00:58<00:00,  1.09s/it]
100%|██████████| 50/50 [00:58<00:00,  1.16s/it]
>>> VALIDATING 


  0%|          | 0/13 [00:00<?, ?it/s]
  8%|▊         | 1/13 [00:01<00:12,  1.01s/it]
 23%|██▎       | 3/13 [00:01<00:03,  3.13it/s]
 38%|███▊      | 5/13 [00:01<00:02,  3.34it/s]
 54%|█████▍    | 7/13 [00:01<00:01,  4.86it/s]
 69%|██████▉   | 9/13 [00:02<00:00,  4.31it/s]
 85%|████████▍ | 11/13 [00:02<00:00,  5.64it/s]
100%|██████████| 13/13 [00:02<00:00,  6.83it/s]
100%|██████████| 13/13 [00:02<00:00,  4.60it/s]
>>> LOGGING 

BALANCED ACCS CHECKED FOR TRAIN
BALANCED ACCS CHECKED FOR VAL
train_acc: 0.7067778936392075
val_acc: 0.713094245204337
train_cls_loss: 0.49542282981345503
val_cls_loss: 0.52809833426392
train_total_loss: 0.4954488380111917
val_total_loss: 0.52809833426392
balanced_train_acc: 0.5683488260071946
balanced_val_acc: 0.5455459388019889
Land_on_Land_train_acc: 0.8319039451114922
Land_on_Land_val_acc: 0.9978586723768736
Land_on_Water_train_acc: 0.7282608695652174
Land_on_Water_val_acc: 0.6952789699570815
Water_on_Land_train_acc: 0.14285714285714285
Water_on_Land_val_acc: 0.007518796992481203
Water_on_Water_train_acc: 0.31882686849574265
Water_on_Water_val_acc: 0.48120300751879697
train_dydx_outside_clip_vit_loss: 2.6005404255294888e-05
train_acc_Landbird: 0.8267246061922868
train_acc_Waterbird: 0.30997304582210244
val_acc_Landbird: 0.8467309753483387
val_acc_Waterbird: 0.24436090225563908
TRAIN ACC:        0.7067778936392075
VAL ACC:          0.713094245204337
BALANCED VAL ACC: 0.5455459388019889
prev best list: []
Saving to trained_weights/waterbirds/rrr_waterbird_complete95_forest2water2_21050510_trial_000/best_balanced_valacc_0.55_epoch_0.ckpt
>>> EVALUATING ON TEST SET
WATERBIRDS DIR: /home/ryreu/guided_cnn/waterbirds/waterbird_complete95_forest2water2
NUMBER OF SAMPLES WITH LABEL Landbird: 4510
NUMBER OF SAMPLES WITH LABEL Waterbird: 1284
NUMBER OF SAMPLES WITH GROUP Land_on_Land: 2255
NUMBER OF SAMPLES WITH GROUP Land_on_Water: 2255
NUMBER OF SAMPLES WITH GROUP Water_on_Land: 642
NUMBER OF SAMPLES WITH GROUP Water_on_Water: 642
NUM TEST:   5794

Loaded checkpoint trained_weights/waterbirds/rrr_waterbird_complete95_forest2water2_21050510_trial_000/best_balanced_valacc_0.55_epoch_0.ckpt

  0%|          | 0/5794 [00:00<?, ?it/s]
  0%|          | 1/5794 [00:00<25:03,  3.85it/s]
  0%|          | 8/5794 [00:00<03:32, 27.24it/s]
  0%|          | 16/5794 [00:00<02:13, 43.21it/s]
  0%|          | 24/5794 [00:00<01:49, 52.73it/s]
  1%|          | 32/5794 [00:00<01:37, 58.97it/s]
  1%|          | 40/5794 [00:00<01:31, 62.64it/s]
  1%|          | 48/5794 [00:00<01:27, 65.37it/s]
  1%|          | 56/5794 [00:01<01:25, 67.23it/s]
  1%|          | 64/5794 [00:01<01:23, 68.70it/s]
  1%|          | 72/5794 [00:01<01:22, 69.45it/s]
  1%|▏         | 80/5794 [00:01<01:21, 70.06it/s]
  2%|▏         | 88/5794 [00:01<01:21, 70.38it/s]
  2%|▏         | 96/5794 [00:01<01:20, 70.54it/s]
  2%|▏         | 104/5794 [00:01<01:20, 70.71it/s]
  2%|▏         | 112/5794 [00:01<01:20, 70.77it/s]
  2%|▏         | 120/5794 [00:01<01:20, 70.84it/s]
  2%|▏         | 128/5794 [00:02<01:19, 70.84it/s]
  2%|▏         | 136/5794 [00:02<01:19, 70.96it/s]
  2%|▏         | 144/5794 [00:02<01:19, 70.93it/s]
  3%|▎         | 152/5794 [00:02<01:19, 70.97it/s]
  3%|▎         | 160/5794 [00:02<01:19, 70.90it/s]
  3%|▎         | 168/5794 [00:02<01:19, 70.86it/s]
  3%|▎         | 176/5794 [00:02<01:19, 70.90it/s]
  3%|▎         | 184/5794 [00:02<01:18, 71.16it/s]
  3%|▎         | 192/5794 [00:02<01:18, 71.24it/s]
  3%|▎         | 200/5794 [00:03<01:18, 71.05it/s]
  4%|▎         | 208/5794 [00:03<01:18, 70.89it/s]
  4%|▎         | 216/5794 [00:03<01:18, 71.17it/s]
  4%|▍         | 224/5794 [00:03<01:18, 71.08it/s]
  4%|▍         | 232/5794 [00:03<01:18, 71.02it/s]
  4%|▍         | 240/5794 [00:03<01:18, 70.99it/s]
  4%|▍         | 248/5794 [00:03<01:18, 71.05it/s]
  4%|▍         | 256/5794 [00:03<01:17, 71.12it/s]
  5%|▍         | 264/5794 [00:03<01:17, 71.16it/s]
  5%|▍         | 272/5794 [00:04<01:17, 71.45it/s]
  5%|▍         | 280/5794 [00:04<01:17, 71.38it/s]
  5%|▍         | 288/5794 [00:04<01:16, 71.63it/s]
  5%|▌         | 296/5794 [00:04<01:16, 71.67it/s]
  5%|▌         | 304/5794 [00:04<01:16, 71.80it/s]
  5%|▌         | 312/5794 [00:04<01:16, 71.76it/s]
  6%|▌         | 320/5794 [00:04<01:16, 71.84it/s]
  6%|▌         | 328/5794 [00:04<01:16, 71.72it/s]
  6%|▌         | 336/5794 [00:04<01:15, 71.95it/s]
  6%|▌         | 344/5794 [00:05<01:15, 71.87it/s]
  6%|▌         | 352/5794 [00:05<01:15, 71.82it/s]
  6%|▌         | 360/5794 [00:05<01:16, 70.86it/s]
  6%|▋         | 368/5794 [00:05<01:16, 71.00it/s]
  6%|▋         | 376/5794 [00:05<01:15, 71.41it/s]
  7%|▋         | 384/5794 [00:05<01:15, 71.54it/s]
  7%|▋         | 392/5794 [00:05<01:15, 71.65it/s]
  7%|▋         | 400/5794 [00:05<01:15, 71.65it/s]
  7%|▋         | 408/5794 [00:05<01:14, 71.90it/s]
  7%|▋         | 416/5794 [00:06<01:14, 71.88it/s]
  7%|▋         | 424/5794 [00:06<01:14, 72.00it/s]
  7%|▋         | 432/5794 [00:06<01:14, 71.79it/s]
  8%|▊         | 440/5794 [00:06<01:14, 71.73it/s]
  8%|▊         | 448/5794 [00:06<01:14, 71.57it/s]
  8%|▊         | 456/5794 [00:06<01:14, 71.65it/s]
  8%|▊         | 464/5794 [00:06<01:14, 71.43it/s]
  8%|▊         | 472/5794 [00:06<01:14, 71.52it/s]
  8%|▊         | 480/5794 [00:06<01:14, 71.09it/s]
  8%|▊         | 488/5794 [00:07<01:14, 71.29it/s]
  9%|▊         | 496/5794 [00:07<01:14, 71.33it/s]
  9%|▊         | 504/5794 [00:07<01:14, 71.27it/s]
  9%|▉         | 512/5794 [00:07<01:14, 71.38it/s]
  9%|▉         | 520/5794 [00:07<01:13, 71.35it/s]
  9%|▉         | 528/5794 [00:07<01:13, 71.37it/s]
  9%|▉         | 536/5794 [00:07<01:13, 71.38it/s]
  9%|▉         | 544/5794 [00:07<01:13, 71.40it/s]
 10%|▉         | 552/5794 [00:07<01:13, 71.37it/s]
 10%|▉         | 560/5794 [00:08<01:13, 71.44it/s]
 10%|▉         | 568/5794 [00:08<01:13, 71.33it/s]
 10%|▉         | 576/5794 [00:08<01:13, 71.42it/s]
 10%|█         | 584/5794 [00:08<01:13, 71.35it/s]
 10%|█         | 592/5794 [00:08<01:12, 71.48it/s]
 10%|█         | 600/5794 [00:08<01:12, 71.43it/s]
 10%|█         | 608/5794 [00:08<01:12, 71.61it/s]
 11%|█         | 616/5794 [00:08<01:12, 71.61it/s]
 11%|█         | 624/5794 [00:08<01:12, 71.76it/s]
 11%|█         | 632/5794 [00:09<01:11, 71.84it/s]
 11%|█         | 640/5794 [00:09<01:11, 71.88it/s]
 11%|█         | 648/5794 [00:09<01:11, 71.82it/s]
 11%|█▏        | 656/5794 [00:09<01:11, 71.50it/s]
 11%|█▏        | 664/5794 [00:09<01:11, 71.72it/s]
 12%|█▏        | 672/5794 [00:09<01:11, 71.67it/s]
 12%|█▏        | 680/5794 [00:09<01:11, 71.08it/s]
 12%|█▏        | 688/5794 [00:09<01:11, 71.29it/s]
 12%|█▏        | 696/5794 [00:09<01:11, 71.44it/s]
 12%|█▏        | 704/5794 [00:10<01:11, 71.42it/s]
 12%|█▏        | 712/5794 [00:10<01:10, 71.59it/s]
 12%|█▏        | 720/5794 [00:10<01:10, 71.70it/s]
 13%|█▎        | 728/5794 [00:10<01:10, 71.71it/s]
 13%|█▎        | 736/5794 [00:10<01:10, 71.50it/s]
 13%|█▎        | 744/5794 [00:10<01:10, 71.75it/s]
 13%|█▎        | 752/5794 [00:10<01:10, 71.51it/s]
 13%|█▎        | 760/5794 [00:10<01:10, 71.74it/s]
 13%|█▎        | 768/5794 [00:11<01:10, 71.80it/s]
 13%|█▎        | 776/5794 [00:11<01:09, 71.88it/s]
 14%|█▎        | 784/5794 [00:11<01:09, 71.90it/s]
 14%|█▎        | 792/5794 [00:11<01:09, 71.79it/s]
 14%|█▍        | 800/5794 [00:11<01:09, 71.89it/s]
 14%|█▍        | 808/5794 [00:11<01:09, 71.73it/s]
 14%|█▍        | 816/5794 [00:11<01:09, 71.81it/s]
 14%|█▍        | 824/5794 [00:11<01:09, 71.74it/s]
 14%|█▍        | 832/5794 [00:11<01:09, 71.79it/s]
 14%|█▍        | 840/5794 [00:12<01:09, 71.69it/s]
 15%|█▍        | 848/5794 [00:12<01:08, 71.78it/s]
 15%|█▍        | 856/5794 [00:12<01:08, 71.68it/s]
 15%|█▍        | 864/5794 [00:12<01:08, 71.71it/s]
 15%|█▌        | 872/5794 [00:12<01:08, 71.61it/s]
 15%|█▌        | 880/5794 [00:12<01:08, 71.58it/s]
 15%|█▌        | 888/5794 [00:12<01:08, 71.46it/s]
 15%|█▌        | 896/5794 [00:12<01:08, 71.63it/s]
 16%|█▌        | 904/5794 [00:12<01:08, 71.71it/s]
 16%|█▌        | 912/5794 [00:13<01:08, 71.61it/s]
 16%|█▌        | 920/5794 [00:13<01:08, 71.67it/s]
 16%|█▌        | 928/5794 [00:13<01:07, 71.60it/s]
 16%|█▌        | 936/5794 [00:13<01:07, 71.57it/s]
 16%|█▋        | 944/5794 [00:13<01:07, 71.64it/s]
 16%|█▋        | 952/5794 [00:13<01:07, 71.60it/s]
 17%|█▋        | 960/5794 [00:13<01:07, 71.57it/s]
 17%|█▋        | 968/5794 [00:13<01:07, 71.62it/s]
 17%|█▋        | 976/5794 [00:13<01:07, 71.56it/s]
 17%|█▋        | 984/5794 [00:14<01:07, 71.67it/s]
 17%|█▋        | 992/5794 [00:14<01:07, 71.56it/s]
 17%|█▋        | 1000/5794 [00:14<01:07, 71.48it/s]
 17%|█▋        | 1008/5794 [00:14<01:07, 70.74it/s]
 18%|█▊        | 1016/5794 [00:14<01:07, 70.67it/s]
 18%|█▊        | 1024/5794 [00:14<01:07, 70.55it/s]
 18%|█▊        | 1032/5794 [00:14<01:07, 70.56it/s]
 18%|█▊        | 1040/5794 [00:14<01:07, 70.67it/s]
 18%|█▊        | 1048/5794 [00:14<01:07, 70.47it/s]
 18%|█▊        | 1056/5794 [00:15<01:07, 70.52it/s]
 18%|█▊        | 1064/5794 [00:15<01:06, 70.62it/s]
 19%|█▊        | 1072/5794 [00:15<01:06, 70.76it/s]
 19%|█▊        | 1080/5794 [00:15<01:06, 70.64it/s]
 19%|█▉        | 1088/5794 [00:15<01:06, 70.80it/s]
 19%|█▉        | 1096/5794 [00:15<01:06, 70.73it/s]
 19%|█▉        | 1104/5794 [00:15<01:06, 70.88it/s]
 19%|█▉        | 1112/5794 [00:15<01:06, 70.64it/s]
 19%|█▉        | 1120/5794 [00:15<01:06, 70.69it/s]
 19%|█▉        | 1128/5794 [00:16<01:05, 70.70it/s]
 20%|█▉        | 1136/5794 [00:16<01:05, 70.82it/s]
 20%|█▉        | 1144/5794 [00:16<01:05, 70.69it/s]
 20%|█▉        | 1152/5794 [00:16<01:05, 70.72it/s]
 20%|██        | 1160/5794 [00:16<01:05, 70.45it/s]
 20%|██        | 1168/5794 [00:16<01:05, 70.49it/s]
 20%|██        | 1176/5794 [00:16<01:05, 70.88it/s]
 20%|██        | 1184/5794 [00:16<01:05, 70.79it/s]
 21%|██        | 1192/5794 [00:16<01:04, 70.95it/s]
 21%|██        | 1200/5794 [00:17<01:04, 70.71it/s]
 21%|██        | 1208/5794 [00:17<01:04, 71.01it/s]
 21%|██        | 1216/5794 [00:17<01:04, 71.11it/s]
 21%|██        | 1224/5794 [00:17<01:04, 71.24it/s]
 21%|██▏       | 1232/5794 [00:17<01:04, 71.28it/s]
 21%|██▏       | 1240/5794 [00:17<01:03, 71.34it/s]
 22%|██▏       | 1248/5794 [00:17<01:03, 71.26it/s]
 22%|██▏       | 1256/5794 [00:17<01:03, 71.26it/s]
 22%|██▏       | 1264/5794 [00:17<01:03, 71.25it/s]
 22%|██▏       | 1272/5794 [00:18<01:03, 71.45it/s]
 22%|██▏       | 1280/5794 [00:18<01:03, 71.38it/s]
 22%|██▏       | 1288/5794 [00:18<01:03, 71.34it/s]
 22%|██▏       | 1296/5794 [00:18<01:03, 71.21it/s]
 23%|██▎       | 1304/5794 [00:18<01:03, 71.18it/s]
 23%|██▎       | 1312/5794 [00:18<01:03, 71.06it/s]
 23%|██▎       | 1320/5794 [00:18<01:02, 71.02it/s]
 23%|██▎       | 1328/5794 [00:18<01:02, 70.90it/s]
 23%|██▎       | 1336/5794 [00:18<01:02, 70.81it/s]
 23%|██▎       | 1344/5794 [00:19<01:02, 70.77it/s]
 23%|██▎       | 1352/5794 [00:19<01:02, 70.58it/s]
 23%|██▎       | 1360/5794 [00:19<01:02, 70.76it/s]
 24%|██▎       | 1368/5794 [00:19<01:02, 70.44it/s]
 24%|██▎       | 1376/5794 [00:19<01:02, 70.25it/s]
 24%|██▍       | 1384/5794 [00:19<01:02, 70.29it/s]
 24%|██▍       | 1392/5794 [00:19<01:03, 69.72it/s]
 24%|██▍       | 1400/5794 [00:19<01:02, 70.17it/s]
 24%|██▍       | 1408/5794 [00:20<01:02, 70.41it/s]
 24%|██▍       | 1416/5794 [00:20<01:01, 70.70it/s]
 25%|██▍       | 1424/5794 [00:20<01:01, 70.94it/s]
 25%|██▍       | 1432/5794 [00:20<01:01, 70.99it/s]
 25%|██▍       | 1440/5794 [00:20<01:01, 71.19it/s]
 25%|██▍       | 1448/5794 [00:20<01:00, 71.32it/s]
 25%|██▌       | 1456/5794 [00:20<01:00, 71.26it/s]
 25%|██▌       | 1464/5794 [00:20<01:00, 71.33it/s]
 25%|██▌       | 1472/5794 [00:20<01:00, 71.38it/s]
 26%|██▌       | 1480/5794 [00:21<01:00, 71.41it/s]
 26%|██▌       | 1488/5794 [00:21<01:00, 71.35it/s]
 26%|██▌       | 1496/5794 [00:21<01:00, 71.38it/s]
 26%|██▌       | 1504/5794 [00:21<01:00, 71.41it/s]
 26%|██▌       | 1512/5794 [00:21<00:59, 71.53it/s]
 26%|██▌       | 1520/5794 [00:21<00:59, 71.32it/s]
 26%|██▋       | 1528/5794 [00:21<00:59, 71.49it/s]
 27%|██▋       | 1536/5794 [00:21<00:59, 71.41it/s]
 27%|██▋       | 1544/5794 [00:21<00:59, 71.40it/s]
 27%|██▋       | 1552/5794 [00:22<00:59, 71.26it/s]
 27%|██▋       | 1560/5794 [00:22<00:59, 71.28it/s]
 27%|██▋       | 1568/5794 [00:22<00:59, 71.15it/s]
 27%|██▋       | 1576/5794 [00:22<00:59, 71.27it/s]
 27%|██▋       | 1584/5794 [00:22<00:59, 71.08it/s]
 27%|██▋       | 1592/5794 [00:22<00:59, 70.65it/s]
 28%|██▊       | 1600/5794 [00:22<00:59, 70.69it/s]
 28%|██▊       | 1608/5794 [00:22<00:59, 70.06it/s]
 28%|██▊       | 1616/5794 [00:22<00:59, 70.58it/s]
 28%|██▊       | 1624/5794 [00:23<00:58, 70.71it/s]
 28%|██▊       | 1632/5794 [00:23<00:58, 71.02it/s]
 28%|██▊       | 1640/5794 [00:23<00:58, 71.07it/s]
 28%|██▊       | 1648/5794 [00:23<00:58, 71.23it/s]
 29%|██▊       | 1656/5794 [00:23<00:58, 71.17it/s]
 29%|██▊       | 1664/5794 [00:23<00:57, 71.27it/s]
 29%|██▉       | 1672/5794 [00:23<00:58, 70.82it/s]
 29%|██▉       | 1680/5794 [00:23<00:58, 70.83it/s]
 29%|██▉       | 1688/5794 [00:23<00:58, 70.63it/s]
 29%|██▉       | 1696/5794 [00:24<00:57, 70.70it/s]
 29%|██▉       | 1704/5794 [00:24<00:57, 70.54it/s]
 30%|██▉       | 1712/5794 [00:24<00:57, 70.67it/s]
 30%|██▉       | 1720/5794 [00:24<00:57, 70.56it/s]
 30%|██▉       | 1728/5794 [00:24<00:57, 70.56it/s]
 30%|██▉       | 1736/5794 [00:24<00:57, 70.49it/s]
 30%|███       | 1744/5794 [00:24<00:57, 70.42it/s]
 30%|███       | 1752/5794 [00:24<00:57, 70.41it/s]
 30%|███       | 1760/5794 [00:24<00:57, 70.37it/s]
 31%|███       | 1768/5794 [00:25<00:57, 70.47it/s]
 31%|███       | 1776/5794 [00:25<00:57, 70.38it/s]
 31%|███       | 1784/5794 [00:25<00:56, 70.45it/s]
 31%|███       | 1792/5794 [00:25<00:56, 70.30it/s]
 31%|███       | 1800/5794 [00:25<00:56, 70.35it/s]
 31%|███       | 1808/5794 [00:25<00:56, 70.30it/s]
 31%|███▏      | 1816/5794 [00:25<00:56, 70.32it/s]
 31%|███▏      | 1824/5794 [00:25<00:56, 70.25it/s]
 32%|███▏      | 1832/5794 [00:25<00:56, 70.38it/s]
 32%|███▏      | 1840/5794 [00:26<00:56, 70.29it/s]
 32%|███▏      | 1848/5794 [00:26<00:55, 70.48it/s]
 32%|███▏      | 1856/5794 [00:26<00:55, 70.56it/s]
 32%|███▏      | 1864/5794 [00:26<00:55, 70.46it/s]
 32%|███▏      | 1872/5794 [00:26<00:55, 70.49it/s]
 32%|███▏      | 1880/5794 [00:26<00:55, 70.44it/s]
 33%|███▎      | 1888/5794 [00:26<00:55, 70.44it/s]
 33%|███▎      | 1896/5794 [00:26<00:55, 70.41it/s]
 33%|███▎      | 1904/5794 [00:27<00:55, 70.49it/s]
 33%|███▎      | 1912/5794 [00:27<00:54, 70.72it/s]
 33%|███▎      | 1920/5794 [00:27<00:54, 71.00it/s]
 33%|███▎      | 1928/5794 [00:27<00:54, 71.07it/s]
 33%|███▎      | 1936/5794 [00:27<00:54, 71.16it/s]
 34%|███▎      | 1944/5794 [00:27<00:54, 71.08it/s]
 34%|███▎      | 1952/5794 [00:27<00:53, 71.16it/s]
 34%|███▍      | 1960/5794 [00:27<00:53, 71.17it/s]
 34%|███▍      | 1968/5794 [00:27<00:53, 71.21it/s]
 34%|███▍      | 1976/5794 [00:28<00:53, 71.06it/s]
 34%|███▍      | 1984/5794 [00:28<00:53, 71.30it/s]
 34%|███▍      | 1992/5794 [00:28<00:53, 71.33it/s]
 35%|███▍      | 2000/5794 [00:28<00:53, 71.35it/s]
 35%|███▍      | 2008/5794 [00:28<00:53, 71.27it/s]
 35%|███▍      | 2016/5794 [00:28<00:53, 71.17it/s]
 35%|███▍      | 2024/5794 [00:28<00:53, 70.89it/s]
 35%|███▌      | 2032/5794 [00:28<00:53, 70.74it/s]
 35%|███▌      | 2040/5794 [00:28<00:53, 70.64it/s]
 35%|███▌      | 2048/5794 [00:29<00:53, 70.61it/s]
 35%|███▌      | 2056/5794 [00:29<00:52, 70.67it/s]
 36%|███▌      | 2064/5794 [00:29<00:52, 70.55it/s]
 36%|███▌      | 2072/5794 [00:29<00:52, 70.24it/s]
 36%|███▌      | 2080/5794 [00:29<00:52, 70.26it/s]
 36%|███▌      | 2088/5794 [00:29<00:52, 70.41it/s]
 36%|███▌      | 2096/5794 [00:29<00:52, 70.31it/s]
 36%|███▋      | 2104/5794 [00:29<00:52, 70.38it/s]
 36%|███▋      | 2112/5794 [00:29<00:52, 70.25it/s]
 37%|███▋      | 2120/5794 [00:30<00:52, 70.36it/s]
 37%|███▋      | 2128/5794 [00:30<00:52, 70.33it/s]
 37%|███▋      | 2136/5794 [00:30<00:52, 70.27it/s]
 37%|███▋      | 2144/5794 [00:30<00:51, 70.31it/s]
 37%|███▋      | 2152/5794 [00:30<00:51, 70.22it/s]
 37%|███▋      | 2160/5794 [00:30<00:51, 70.33it/s]
 37%|███▋      | 2168/5794 [00:30<00:51, 70.16it/s]
 38%|███▊      | 2176/5794 [00:30<00:51, 70.20it/s]
 38%|███▊      | 2184/5794 [00:30<00:51, 70.19it/s]
 38%|███▊      | 2192/5794 [00:31<00:51, 70.35it/s]
 38%|███▊      | 2200/5794 [00:31<00:51, 70.32it/s]
 38%|███▊      | 2208/5794 [00:31<00:50, 70.38it/s]
 38%|███▊      | 2216/5794 [00:31<00:50, 70.36it/s]
 38%|███▊      | 2224/5794 [00:31<00:50, 70.45it/s]
 39%|███▊      | 2232/5794 [00:31<00:50, 70.35it/s]
 39%|███▊      | 2240/5794 [00:31<00:50, 70.36it/s]
 39%|███▉      | 2248/5794 [00:31<00:50, 70.28it/s]
 39%|███▉      | 2256/5794 [00:31<00:50, 70.35it/s]
 39%|███▉      | 2264/5794 [00:32<00:50, 70.40it/s]
 39%|███▉      | 2272/5794 [00:32<00:50, 70.32it/s]
 39%|███▉      | 2280/5794 [00:32<00:49, 70.31it/s]
 39%|███▉      | 2288/5794 [00:32<00:49, 70.51it/s]
 40%|███▉      | 2296/5794 [00:32<00:49, 70.54it/s]
 40%|███▉      | 2304/5794 [00:32<00:49, 70.38it/s]
 40%|███▉      | 2312/5794 [00:32<00:49, 70.47it/s]
 40%|████      | 2320/5794 [00:32<00:49, 70.39it/s]
 40%|████      | 2328/5794 [00:33<00:49, 70.45it/s]
 40%|████      | 2336/5794 [00:33<00:49, 70.38it/s]
 40%|████      | 2344/5794 [00:33<00:49, 70.38it/s]
 41%|████      | 2352/5794 [00:33<00:48, 70.31it/s]
 41%|████      | 2360/5794 [00:33<00:48, 70.32it/s]
 41%|████      | 2368/5794 [00:33<00:48, 70.23it/s]
 41%|████      | 2376/5794 [00:33<00:48, 70.45it/s]
 41%|████      | 2384/5794 [00:33<00:48, 70.34it/s]
 41%|████▏     | 2392/5794 [00:33<00:48, 70.40it/s]
 41%|████▏     | 2400/5794 [00:34<00:48, 70.40it/s]
 42%|████▏     | 2408/5794 [00:34<00:48, 70.26it/s]
 42%|████▏     | 2416/5794 [00:34<00:48, 70.35it/s]
 42%|████▏     | 2424/5794 [00:34<00:47, 70.30it/s]
 42%|████▏     | 2432/5794 [00:34<00:47, 70.39it/s]
 42%|████▏     | 2440/5794 [00:34<00:47, 70.27it/s]
 42%|████▏     | 2448/5794 [00:34<00:47, 70.37it/s]
 42%|████▏     | 2456/5794 [00:34<00:47, 70.31it/s]
 43%|████▎     | 2464/5794 [00:34<00:47, 70.39it/s]
 43%|████▎     | 2472/5794 [00:35<00:47, 70.27it/s]
 43%|████▎     | 2480/5794 [00:35<00:47, 70.40it/s]
 43%|████▎     | 2488/5794 [00:35<00:46, 70.38it/s]
 43%|████▎     | 2496/5794 [00:35<00:46, 70.49it/s]
 43%|████▎     | 2504/5794 [00:35<00:46, 70.34it/s]
 43%|████▎     | 2512/5794 [00:35<00:46, 70.45it/s]
 43%|████▎     | 2520/5794 [00:35<00:46, 70.19it/s]
 44%|████▎     | 2528/5794 [00:35<00:46, 70.31it/s]
 44%|████▍     | 2536/5794 [00:35<00:46, 70.31it/s]
 44%|████▍     | 2544/5794 [00:36<00:46, 70.37it/s]
 44%|████▍     | 2552/5794 [00:36<00:46, 70.43it/s]
 44%|████▍     | 2560/5794 [00:36<00:45, 70.38it/s]
 44%|████▍     | 2568/5794 [00:36<00:45, 70.43it/s]
 44%|████▍     | 2576/5794 [00:36<00:45, 70.38it/s]
 45%|████▍     | 2584/5794 [00:36<00:45, 70.44it/s]
 45%|████▍     | 2592/5794 [00:36<00:45, 70.33it/s]
 45%|████▍     | 2600/5794 [00:36<00:45, 70.39it/s]
 45%|████▌     | 2608/5794 [00:36<00:45, 70.30it/s]
 45%|████▌     | 2616/5794 [00:37<00:45, 70.31it/s]
 45%|████▌     | 2624/5794 [00:37<00:45, 70.44it/s]
 45%|████▌     | 2632/5794 [00:37<00:44, 70.77it/s]
 46%|████▌     | 2640/5794 [00:37<00:44, 70.81it/s]
 46%|████▌     | 2648/5794 [00:37<00:44, 71.01it/s]
 46%|████▌     | 2656/5794 [00:37<00:44, 70.96it/s]
 46%|████▌     | 2664/5794 [00:37<00:44, 71.14it/s]
 46%|████▌     | 2672/5794 [00:37<00:43, 71.06it/s]
 46%|████▋     | 2680/5794 [00:38<00:43, 70.81it/s]
 46%|████▋     | 2688/5794 [00:38<00:43, 70.73it/s]
 47%|████▋     | 2696/5794 [00:38<00:43, 70.63it/s]
 47%|████▋     | 2704/5794 [00:38<00:43, 70.58it/s]
 47%|████▋     | 2712/5794 [00:38<00:43, 70.49it/s]
 47%|████▋     | 2720/5794 [00:38<00:43, 70.56it/s]
 47%|████▋     | 2728/5794 [00:38<00:43, 70.52it/s]
 47%|████▋     | 2736/5794 [00:38<00:43, 70.58it/s]
 47%|████▋     | 2744/5794 [00:38<00:43, 70.60it/s]
 47%|████▋     | 2752/5794 [00:39<00:42, 70.87it/s]
 48%|████▊     | 2760/5794 [00:39<00:42, 70.87it/s]
 48%|████▊     | 2768/5794 [00:39<00:42, 70.81it/s]
 48%|████▊     | 2776/5794 [00:39<00:43, 69.92it/s]
 48%|████▊     | 2784/5794 [00:39<00:42, 70.15it/s]
 48%|████▊     | 2792/5794 [00:39<00:42, 70.15it/s]
 48%|████▊     | 2800/5794 [00:39<00:42, 70.46it/s]
 48%|████▊     | 2808/5794 [00:39<00:42, 70.44it/s]
 49%|████▊     | 2816/5794 [00:39<00:42, 70.65it/s]
 49%|████▊     | 2824/5794 [00:40<00:41, 70.96it/s]
 49%|████▉     | 2832/5794 [00:40<00:41, 71.12it/s]
 49%|████▉     | 2840/5794 [00:40<00:41, 71.28it/s]
 49%|████▉     | 2848/5794 [00:40<00:41, 71.20it/s]
 49%|████▉     | 2856/5794 [00:40<00:41, 71.33it/s]
 49%|████▉     | 2864/5794 [00:40<00:41, 71.23it/s]
 50%|████▉     | 2872/5794 [00:40<00:41, 71.26it/s]
 50%|████▉     | 2880/5794 [00:40<00:40, 71.14it/s]
 50%|████▉     | 2888/5794 [00:40<00:40, 71.25it/s]
 50%|████▉     | 2896/5794 [00:41<00:40, 71.19it/s]
 50%|█████     | 2904/5794 [00:41<00:40, 71.24it/s]
 50%|█████     | 2912/5794 [00:41<00:40, 71.21it/s]
 50%|█████     | 2920/5794 [00:41<00:40, 71.30it/s]
 51%|█████     | 2928/5794 [00:41<00:40, 71.21it/s]
 51%|█████     | 2936/5794 [00:41<00:40, 71.36it/s]
 51%|█████     | 2944/5794 [00:41<00:39, 71.38it/s]
 51%|█████     | 2952/5794 [00:41<00:40, 71.01it/s]
 51%|█████     | 2960/5794 [00:41<00:39, 70.91it/s]
 51%|█████     | 2968/5794 [00:42<00:39, 70.74it/s]
 51%|█████▏    | 2976/5794 [00:42<00:39, 70.75it/s]
 52%|█████▏    | 2984/5794 [00:42<00:39, 70.59it/s]
 52%|█████▏    | 2992/5794 [00:42<00:39, 70.65it/s]
 52%|█████▏    | 3000/5794 [00:42<00:39, 70.50it/s]
 52%|█████▏    | 3008/5794 [00:42<00:39, 70.49it/s]
 52%|█████▏    | 3016/5794 [00:42<00:39, 70.36it/s]
 52%|█████▏    | 3024/5794 [00:42<00:39, 70.44it/s]
 52%|█████▏    | 3032/5794 [00:42<00:39, 70.41it/s]
 52%|█████▏    | 3040/5794 [00:43<00:39, 70.46it/s]
 53%|█████▎    | 3048/5794 [00:43<00:39, 70.35it/s]
 53%|█████▎    | 3056/5794 [00:43<00:38, 70.48it/s]
 53%|█████▎    | 3064/5794 [00:43<00:38, 70.43it/s]
 53%|█████▎    | 3072/5794 [00:43<00:38, 70.42it/s]
 53%|█████▎    | 3080/5794 [00:43<00:38, 70.74it/s]
 53%|█████▎    | 3088/5794 [00:43<00:38, 70.90it/s]
 53%|█████▎    | 3096/5794 [00:43<00:37, 71.03it/s]
 54%|█████▎    | 3104/5794 [00:44<00:37, 71.00it/s]
 54%|█████▎    | 3112/5794 [00:44<00:37, 71.09it/s]
 54%|█████▍    | 3120/5794 [00:44<00:37, 70.90it/s]
 54%|█████▍    | 3128/5794 [00:44<00:37, 70.84it/s]
 54%|█████▍    | 3136/5794 [00:44<00:37, 70.59it/s]
 54%|█████▍    | 3144/5794 [00:44<00:37, 70.57it/s]
 54%|█████▍    | 3152/5794 [00:44<00:37, 70.41it/s]
 55%|█████▍    | 3160/5794 [00:44<00:37, 70.53it/s]
 55%|█████▍    | 3168/5794 [00:44<00:37, 70.46it/s]
 55%|█████▍    | 3176/5794 [00:45<00:37, 70.51it/s]
 55%|█████▍    | 3184/5794 [00:45<00:37, 70.33it/s]
 55%|█████▌    | 3192/5794 [00:45<00:36, 70.40it/s]
 55%|█████▌    | 3200/5794 [00:45<00:37, 69.58it/s]
 55%|█████▌    | 3208/5794 [00:45<00:36, 70.05it/s]
 56%|█████▌    | 3216/5794 [00:45<00:36, 70.34it/s]
 56%|█████▌    | 3224/5794 [00:45<00:36, 70.42it/s]
 56%|█████▌    | 3232/5794 [00:45<00:36, 70.39it/s]
 56%|█████▌    | 3240/5794 [00:45<00:36, 70.41it/s]
 56%|█████▌    | 3248/5794 [00:46<00:36, 70.51it/s]
 56%|█████▌    | 3256/5794 [00:46<00:36, 70.40it/s]
 56%|█████▋    | 3264/5794 [00:46<00:35, 70.63it/s]
 56%|█████▋    | 3272/5794 [00:46<00:35, 70.56it/s]
 57%|█████▋    | 3280/5794 [00:46<00:35, 70.79it/s]
 57%|█████▋    | 3288/5794 [00:46<00:35, 70.90it/s]
 57%|█████▋    | 3296/5794 [00:46<00:35, 71.13it/s]
 57%|█████▋    | 3304/5794 [00:46<00:35, 71.09it/s]
 57%|█████▋    | 3312/5794 [00:46<00:34, 71.32it/s]
 57%|█████▋    | 3320/5794 [00:47<00:35, 70.44it/s]
 57%|█████▋    | 3328/5794 [00:47<00:34, 70.88it/s]
 58%|█████▊    | 3336/5794 [00:47<00:34, 70.93it/s]
 58%|█████▊    | 3344/5794 [00:47<00:34, 71.28it/s]
 58%|█████▊    | 3352/5794 [00:47<00:34, 71.32it/s]
 58%|█████▊    | 3360/5794 [00:47<00:34, 71.35it/s]
 58%|█████▊    | 3368/5794 [00:47<00:33, 71.49it/s]
 58%|█████▊    | 3376/5794 [00:47<00:33, 71.47it/s]
 58%|█████▊    | 3384/5794 [00:47<00:33, 71.50it/s]
 59%|█████▊    | 3392/5794 [00:48<00:33, 71.43it/s]
 59%|█████▊    | 3400/5794 [00:48<00:33, 71.23it/s]
 59%|█████▉    | 3408/5794 [00:48<00:33, 70.99it/s]
 59%|█████▉    | 3416/5794 [00:48<00:33, 70.87it/s]
 59%|█████▉    | 3424/5794 [00:48<00:33, 70.74it/s]
 59%|█████▉    | 3432/5794 [00:48<00:33, 70.81it/s]
 59%|█████▉    | 3440/5794 [00:48<00:33, 70.80it/s]
 60%|█████▉    | 3448/5794 [00:48<00:33, 70.78it/s]
 60%|█████▉    | 3456/5794 [00:48<00:33, 70.68it/s]
 60%|█████▉    | 3464/5794 [00:49<00:32, 70.83it/s]
 60%|█████▉    | 3472/5794 [00:49<00:32, 70.64it/s]
 60%|██████    | 3480/5794 [00:49<00:32, 70.69it/s]
 60%|██████    | 3488/5794 [00:49<00:32, 70.18it/s]
 60%|██████    | 3496/5794 [00:49<00:32, 70.25it/s]
 60%|██████    | 3504/5794 [00:49<00:32, 70.56it/s]
 61%|██████    | 3512/5794 [00:49<00:32, 70.50it/s]
 61%|██████    | 3520/5794 [00:49<00:32, 70.60it/s]
 61%|██████    | 3528/5794 [00:49<00:32, 70.45it/s]
 61%|██████    | 3536/5794 [00:50<00:32, 70.49it/s]
 61%|██████    | 3544/5794 [00:50<00:31, 70.35it/s]
 61%|██████▏   | 3552/5794 [00:50<00:31, 70.44it/s]
 61%|██████▏   | 3560/5794 [00:50<00:31, 70.48it/s]
 62%|██████▏   | 3568/5794 [00:50<00:31, 70.75it/s]
 62%|██████▏   | 3576/5794 [00:50<00:31, 70.76it/s]
 62%|██████▏   | 3584/5794 [00:50<00:31, 70.70it/s]
 62%|██████▏   | 3592/5794 [00:50<00:31, 70.66it/s]
 62%|██████▏   | 3600/5794 [00:51<00:30, 70.85it/s]
 62%|██████▏   | 3608/5794 [00:51<00:30, 70.79it/s]
 62%|██████▏   | 3616/5794 [00:51<00:30, 70.89it/s]
 63%|██████▎   | 3624/5794 [00:51<00:30, 70.98it/s]
 63%|██████▎   | 3632/5794 [00:51<00:30, 70.95it/s]
 63%|██████▎   | 3640/5794 [00:51<00:30, 70.93it/s]
 63%|██████▎   | 3648/5794 [00:51<00:30, 70.20it/s]
 63%|██████▎   | 3656/5794 [00:51<00:30, 70.50it/s]
 63%|██████▎   | 3664/5794 [00:51<00:30, 70.58it/s]
 63%|██████▎   | 3672/5794 [00:52<00:29, 70.84it/s]
 64%|██████▎   | 3680/5794 [00:52<00:29, 70.81it/s]
 64%|██████▎   | 3688/5794 [00:52<00:29, 71.01it/s]
 64%|██████▍   | 3696/5794 [00:52<00:29, 71.21it/s]
 64%|██████▍   | 3704/5794 [00:52<00:29, 71.52it/s]
 64%|██████▍   | 3712/5794 [00:52<00:29, 71.50it/s]
 64%|██████▍   | 3720/5794 [00:52<00:28, 71.70it/s]
 64%|██████▍   | 3728/5794 [00:52<00:28, 71.70it/s]
 64%|██████▍   | 3736/5794 [00:52<00:28, 71.70it/s]
 65%|██████▍   | 3744/5794 [00:53<00:28, 71.40it/s]
 65%|██████▍   | 3752/5794 [00:53<00:28, 71.36it/s]
 65%|██████▍   | 3760/5794 [00:53<00:28, 71.19it/s]
 65%|██████▌   | 3768/5794 [00:53<00:28, 71.12it/s]
 65%|██████▌   | 3776/5794 [00:53<00:28, 71.25it/s]
 65%|██████▌   | 3784/5794 [00:53<00:28, 71.09it/s]
 65%|██████▌   | 3792/5794 [00:53<00:28, 71.06it/s]
 66%|██████▌   | 3800/5794 [00:53<00:28, 71.17it/s]
 66%|██████▌   | 3808/5794 [00:53<00:27, 71.39it/s]
 66%|██████▌   | 3816/5794 [00:54<00:27, 71.44it/s]
 66%|██████▌   | 3824/5794 [00:54<00:27, 71.49it/s]
 66%|██████▌   | 3832/5794 [00:54<00:27, 71.45it/s]
 66%|██████▋   | 3840/5794 [00:54<00:27, 71.52it/s]
 66%|██████▋   | 3848/5794 [00:54<00:27, 71.46it/s]
 67%|██████▋   | 3856/5794 [00:54<00:27, 71.63it/s]
 67%|██████▋   | 3864/5794 [00:54<00:27, 71.47it/s]
 67%|██████▋   | 3872/5794 [00:54<00:26, 71.47it/s]
 67%|██████▋   | 3880/5794 [00:54<00:26, 71.38it/s]
 67%|██████▋   | 3888/5794 [00:55<00:26, 71.55it/s]
 67%|██████▋   | 3896/5794 [00:55<00:26, 71.44it/s]
 67%|██████▋   | 3904/5794 [00:55<00:26, 71.33it/s]
 68%|██████▊   | 3912/5794 [00:55<00:26, 71.30it/s]
 68%|██████▊   | 3920/5794 [00:55<00:26, 71.25it/s]
 68%|██████▊   | 3928/5794 [00:55<00:26, 71.23it/s]
 68%|██████▊   | 3936/5794 [00:55<00:26, 71.20it/s]
 68%|██████▊   | 3944/5794 [00:55<00:25, 71.31it/s]
 68%|██████▊   | 3952/5794 [00:55<00:25, 71.33it/s]
 68%|██████▊   | 3960/5794 [00:56<00:25, 71.37it/s]
 68%|██████▊   | 3968/5794 [00:56<00:25, 71.16it/s]
 69%|██████▊   | 3976/5794 [00:56<00:25, 71.12it/s]
 69%|██████▉   | 3984/5794 [00:56<00:25, 70.91it/s]
 69%|██████▉   | 3992/5794 [00:56<00:25, 70.95it/s]
 69%|██████▉   | 4000/5794 [00:56<00:25, 70.83it/s]
 69%|██████▉   | 4008/5794 [00:56<00:25, 70.88it/s]
 69%|██████▉   | 4016/5794 [00:56<00:25, 70.71it/s]
 69%|██████▉   | 4024/5794 [00:56<00:24, 70.82it/s]
 70%|██████▉   | 4032/5794 [00:57<00:24, 70.78it/s]
 70%|██████▉   | 4040/5794 [00:57<00:24, 70.63it/s]
 70%|██████▉   | 4048/5794 [00:57<00:24, 70.75it/s]
 70%|███████   | 4056/5794 [00:57<00:24, 70.74it/s]
 70%|███████   | 4064/5794 [00:57<00:24, 70.01it/s]
 70%|███████   | 4072/5794 [00:57<00:24, 70.30it/s]
 70%|███████   | 4080/5794 [00:57<00:24, 70.51it/s]
 71%|███████   | 4088/5794 [00:57<00:24, 70.50it/s]
 71%|███████   | 4096/5794 [00:57<00:23, 70.76it/s]
 71%|███████   | 4104/5794 [00:58<00:23, 70.76it/s]
 71%|███████   | 4112/5794 [00:58<00:23, 70.81it/s]
 71%|███████   | 4120/5794 [00:58<00:23, 70.76it/s]
 71%|███████   | 4128/5794 [00:58<00:23, 70.92it/s]
 71%|███████▏  | 4136/5794 [00:58<00:23, 70.87it/s]
 72%|███████▏  | 4144/5794 [00:58<00:23, 70.96it/s]
 72%|███████▏  | 4152/5794 [00:58<00:23, 70.79it/s]
 72%|███████▏  | 4160/5794 [00:58<00:22, 71.10it/s]
 72%|███████▏  | 4168/5794 [00:59<00:22, 71.26it/s]
 72%|███████▏  | 4176/5794 [00:59<00:22, 71.27it/s]
 72%|███████▏  | 4184/5794 [00:59<00:22, 71.33it/s]
 72%|███████▏  | 4192/5794 [00:59<00:22, 71.31it/s]
 72%|███████▏  | 4200/5794 [00:59<00:22, 71.34it/s]
 73%|███████▎  | 4208/5794 [00:59<00:22, 71.35it/s]
 73%|███████▎  | 4216/5794 [00:59<00:22, 71.37it/s]
 73%|███████▎  | 4224/5794 [00:59<00:21, 71.37it/s]
 73%|███████▎  | 4232/5794 [00:59<00:22, 70.79it/s]
 73%|███████▎  | 4240/5794 [01:00<00:21, 70.97it/s]
 73%|███████▎  | 4248/5794 [01:00<00:21, 71.23it/s]
 73%|███████▎  | 4256/5794 [01:00<00:21, 71.28it/s]
 74%|███████▎  | 4264/5794 [01:00<00:21, 71.48it/s]
 74%|███████▎  | 4272/5794 [01:00<00:21, 71.36it/s]
 74%|███████▍  | 4280/5794 [01:00<00:21, 71.38it/s]
 74%|███████▍  | 4288/5794 [01:00<00:21, 71.17it/s]
 74%|███████▍  | 4296/5794 [01:00<00:21, 71.03it/s]
 74%|███████▍  | 4304/5794 [01:00<00:20, 71.04it/s]
 74%|███████▍  | 4312/5794 [01:01<00:20, 70.96it/s]
 75%|███████▍  | 4320/5794 [01:01<00:20, 71.04it/s]
 75%|███████▍  | 4328/5794 [01:01<00:20, 70.95it/s]
 75%|███████▍  | 4336/5794 [01:01<00:20, 70.93it/s]
 75%|███████▍  | 4344/5794 [01:01<00:20, 70.70it/s]
 75%|███████▌  | 4352/5794 [01:01<00:20, 70.71it/s]
 75%|███████▌  | 4360/5794 [01:01<00:20, 70.54it/s]
 75%|███████▌  | 4368/5794 [01:01<00:20, 70.60it/s]
 76%|███████▌  | 4376/5794 [01:01<00:20, 70.53it/s]
 76%|███████▌  | 4384/5794 [01:02<00:19, 70.58it/s]
 76%|███████▌  | 4392/5794 [01:02<00:19, 70.45it/s]
 76%|███████▌  | 4400/5794 [01:02<00:19, 70.58it/s]
 76%|███████▌  | 4408/5794 [01:02<00:19, 70.57it/s]
 76%|███████▌  | 4416/5794 [01:02<00:19, 70.64it/s]
 76%|███████▋  | 4424/5794 [01:02<00:19, 70.56it/s]
 76%|███████▋  | 4432/5794 [01:02<00:19, 70.64it/s]
 77%|███████▋  | 4440/5794 [01:02<00:19, 70.62it/s]
 77%|███████▋  | 4448/5794 [01:02<00:19, 70.67it/s]
 77%|███████▋  | 4456/5794 [01:03<00:18, 70.66it/s]
 77%|███████▋  | 4464/5794 [01:03<00:18, 70.59it/s]
 77%|███████▋  | 4472/5794 [01:03<00:18, 70.57it/s]
 77%|███████▋  | 4480/5794 [01:03<00:18, 70.46it/s]
 77%|███████▋  | 4488/5794 [01:03<00:18, 70.49it/s]
 78%|███████▊  | 4496/5794 [01:03<00:18, 70.41it/s]
 78%|███████▊  | 4504/5794 [01:03<00:18, 70.75it/s]
 78%|███████▊  | 4512/5794 [01:03<00:18, 70.96it/s]
 78%|███████▊  | 4520/5794 [01:03<00:17, 71.22it/s]
 78%|███████▊  | 4528/5794 [01:04<00:17, 71.26it/s]
 78%|███████▊  | 4536/5794 [01:04<00:17, 71.29it/s]
 78%|███████▊  | 4544/5794 [01:04<00:17, 70.90it/s]
 79%|███████▊  | 4552/5794 [01:04<00:17, 70.86it/s]
 79%|███████▊  | 4560/5794 [01:04<00:17, 70.67it/s]
 79%|███████▉  | 4568/5794 [01:04<00:17, 70.71it/s]
 79%|███████▉  | 4576/5794 [01:04<00:17, 70.69it/s]
 79%|███████▉  | 4584/5794 [01:04<00:17, 70.67it/s]
 79%|███████▉  | 4592/5794 [01:04<00:17, 70.33it/s]
 79%|███████▉  | 4600/5794 [01:05<00:16, 70.38it/s]
 80%|███████▉  | 4608/5794 [01:05<00:16, 70.45it/s]
 80%|███████▉  | 4616/5794 [01:05<00:16, 70.24it/s]
 80%|███████▉  | 4624/5794 [01:05<00:16, 70.26it/s]
 80%|███████▉  | 4632/5794 [01:05<00:16, 70.11it/s]
 80%|████████  | 4640/5794 [01:05<00:16, 70.34it/s]
 80%|████████  | 4648/5794 [01:05<00:16, 70.10it/s]
 80%|████████  | 4656/5794 [01:05<00:16, 70.31it/s]
 80%|████████  | 4664/5794 [01:06<00:16, 70.34it/s]
 81%|████████  | 4672/5794 [01:06<00:15, 70.29it/s]
 81%|████████  | 4680/5794 [01:06<00:15, 70.34it/s]
 81%|████████  | 4688/5794 [01:06<00:15, 70.42it/s]
 81%|████████  | 4696/5794 [01:06<00:15, 70.32it/s]
 81%|████████  | 4704/5794 [01:06<00:15, 70.45it/s]
 81%|████████▏ | 4712/5794 [01:06<00:15, 70.52it/s]
 81%|████████▏ | 4720/5794 [01:06<00:15, 70.40it/s]
 82%|████████▏ | 4728/5794 [01:06<00:15, 70.54it/s]
 82%|████████▏ | 4736/5794 [01:07<00:15, 70.33it/s]
 82%|████████▏ | 4744/5794 [01:07<00:14, 70.43it/s]
 82%|████████▏ | 4752/5794 [01:07<00:14, 70.41it/s]
 82%|████████▏ | 4760/5794 [01:07<00:14, 70.68it/s]
 82%|████████▏ | 4768/5794 [01:07<00:14, 70.82it/s]
 82%|████████▏ | 4776/5794 [01:07<00:14, 71.04it/s]
 83%|████████▎ | 4784/5794 [01:07<00:14, 71.12it/s]
 83%|████████▎ | 4792/5794 [01:07<00:14, 71.27it/s]
 83%|████████▎ | 4800/5794 [01:07<00:14, 70.98it/s]
 83%|████████▎ | 4808/5794 [01:08<00:13, 71.00it/s]
 83%|████████▎ | 4816/5794 [01:08<00:13, 70.78it/s]
 83%|████████▎ | 4824/5794 [01:08<00:13, 70.80it/s]
 83%|████████▎ | 4832/5794 [01:08<00:13, 70.64it/s]
 84%|████████▎ | 4840/5794 [01:08<00:13, 70.78it/s]
 84%|████████▎ | 4848/5794 [01:08<00:13, 70.80it/s]
 84%|████████▍ | 4856/5794 [01:08<00:13, 70.56it/s]
 84%|████████▍ | 4864/5794 [01:08<00:13, 70.57it/s]
 84%|████████▍ | 4872/5794 [01:08<00:13, 70.25it/s]
 84%|████████▍ | 4880/5794 [01:09<00:12, 70.59it/s]
 84%|████████▍ | 4888/5794 [01:09<00:12, 70.72it/s]
 85%|████████▍ | 4896/5794 [01:09<00:12, 70.97it/s]
 85%|████████▍ | 4904/5794 [01:09<00:12, 70.65it/s]
 85%|████████▍ | 4912/5794 [01:09<00:12, 70.72it/s]
 85%|████████▍ | 4920/5794 [01:09<00:12, 70.65it/s]
 85%|████████▌ | 4928/5794 [01:09<00:12, 70.40it/s]
 85%|████████▌ | 4936/5794 [01:09<00:12, 70.44it/s]
 85%|████████▌ | 4944/5794 [01:09<00:12, 70.61it/s]
 85%|████████▌ | 4952/5794 [01:10<00:11, 70.25it/s]
 86%|████████▌ | 4960/5794 [01:10<00:11, 70.40it/s]
 86%|████████▌ | 4968/5794 [01:10<00:11, 70.14it/s]
 86%|████████▌ | 4976/5794 [01:10<00:11, 70.30it/s]
 86%|████████▌ | 4984/5794 [01:10<00:11, 70.42it/s]
 86%|████████▌ | 4992/5794 [01:10<00:11, 70.18it/s]
 86%|████████▋ | 5000/5794 [01:10<00:11, 70.16it/s]
 86%|████████▋ | 5008/5794 [01:10<00:11, 70.14it/s]
 87%|████████▋ | 5016/5794 [01:11<00:11, 70.24it/s]
 87%|████████▋ | 5024/5794 [01:11<00:10, 70.52it/s]
 87%|████████▋ | 5032/5794 [01:11<00:10, 70.83it/s]
 87%|████████▋ | 5040/5794 [01:11<00:10, 70.11it/s]
 87%|████████▋ | 5048/5794 [01:11<00:10, 70.49it/s]
 87%|████████▋ | 5056/5794 [01:11<00:10, 70.69it/s]
 87%|████████▋ | 5064/5794 [01:11<00:10, 70.91it/s]
 88%|████████▊ | 5072/5794 [01:11<00:10, 70.98it/s]
 88%|████████▊ | 5080/5794 [01:11<00:10, 71.18it/s]
 88%|████████▊ | 5088/5794 [01:12<00:09, 71.18it/s]
 88%|████████▊ | 5096/5794 [01:12<00:09, 71.31it/s]
 88%|████████▊ | 5104/5794 [01:12<00:09, 71.16it/s]
 88%|████████▊ | 5112/5794 [01:12<00:09, 71.28it/s]
 88%|████████▊ | 5120/5794 [01:12<00:09, 71.28it/s]
 89%|████████▊ | 5128/5794 [01:12<00:09, 71.23it/s]
 89%|████████▊ | 5136/5794 [01:12<00:09, 71.38it/s]
 89%|████████▉ | 5144/5794 [01:12<00:09, 71.34it/s]
 89%|████████▉ | 5152/5794 [01:12<00:09, 71.10it/s]
 89%|████████▉ | 5160/5794 [01:13<00:08, 70.87it/s]
 89%|████████▉ | 5168/5794 [01:13<00:08, 70.82it/s]
 89%|████████▉ | 5176/5794 [01:13<00:08, 70.59it/s]
 89%|████████▉ | 5184/5794 [01:13<00:08, 70.68it/s]
 90%|████████▉ | 5192/5794 [01:13<00:08, 70.48it/s]
 90%|████████▉ | 5200/5794 [01:13<00:08, 70.60it/s]
 90%|████████▉ | 5208/5794 [01:13<00:08, 70.52it/s]
 90%|█████████ | 5216/5794 [01:13<00:08, 70.59it/s]
 90%|█████████ | 5224/5794 [01:13<00:08, 70.53it/s]
 90%|█████████ | 5232/5794 [01:14<00:07, 70.67it/s]
 90%|█████████ | 5240/5794 [01:14<00:07, 70.38it/s]
 91%|█████████ | 5248/5794 [01:14<00:07, 70.47it/s]
 91%|█████████ | 5256/5794 [01:14<00:07, 70.53it/s]
 91%|█████████ | 5264/5794 [01:14<00:07, 70.29it/s]
 91%|█████████ | 5272/5794 [01:14<00:07, 70.47it/s]
 91%|█████████ | 5280/5794 [01:14<00:07, 70.39it/s]
 91%|█████████▏| 5288/5794 [01:14<00:07, 69.74it/s]
 91%|█████████▏| 5296/5794 [01:14<00:07, 69.99it/s]
 92%|█████████▏| 5304/5794 [01:15<00:06, 70.36it/s]
 92%|█████████▏| 5312/5794 [01:15<00:06, 70.41it/s]
 92%|█████████▏| 5320/5794 [01:15<00:06, 70.45it/s]
 92%|█████████▏| 5328/5794 [01:15<00:06, 70.08it/s]
 92%|█████████▏| 5336/5794 [01:15<00:06, 70.25it/s]
 92%|█████████▏| 5344/5794 [01:15<00:06, 70.38it/s]
 92%|█████████▏| 5352/5794 [01:15<00:06, 70.46it/s]
 93%|█████████▎| 5360/5794 [01:15<00:06, 70.65it/s]
 93%|█████████▎| 5368/5794 [01:15<00:06, 70.98it/s]
 93%|█████████▎| 5376/5794 [01:16<00:05, 71.01it/s]
 93%|█████████▎| 5384/5794 [01:16<00:05, 70.99it/s]
 93%|█████████▎| 5392/5794 [01:16<00:05, 71.07it/s]
 93%|█████████▎| 5400/5794 [01:16<00:05, 71.06it/s]
 93%|█████████▎| 5408/5794 [01:16<00:05, 71.04it/s]
 93%|█████████▎| 5416/5794 [01:16<00:05, 70.96it/s]
 94%|█████████▎| 5424/5794 [01:16<00:05, 70.86it/s]
 94%|█████████▍| 5432/5794 [01:16<00:05, 70.67it/s]
 94%|█████████▍| 5440/5794 [01:17<00:04, 70.89it/s]
 94%|█████████▍| 5448/5794 [01:17<00:04, 70.90it/s]
 94%|█████████▍| 5456/5794 [01:17<00:04, 70.36it/s]
 94%|█████████▍| 5464/5794 [01:17<00:04, 70.63it/s]
 94%|█████████▍| 5472/5794 [01:17<00:04, 70.99it/s]
 95%|█████████▍| 5480/5794 [01:17<00:04, 70.98it/s]
 95%|█████████▍| 5488/5794 [01:17<00:04, 71.21it/s]
 95%|█████████▍| 5496/5794 [01:17<00:04, 71.30it/s]
 95%|█████████▍| 5504/5794 [01:17<00:04, 71.41it/s]
 95%|█████████▌| 5512/5794 [01:18<00:03, 71.30it/s]
 95%|█████████▌| 5520/5794 [01:18<00:03, 71.41it/s]
 95%|█████████▌| 5528/5794 [01:18<00:03, 71.50it/s]
 96%|█████████▌| 5536/5794 [01:18<00:03, 71.55it/s]
 96%|█████████▌| 5544/5794 [01:18<00:03, 71.24it/s]
 96%|█████████▌| 5552/5794 [01:18<00:03, 70.99it/s]
 96%|█████████▌| 5560/5794 [01:18<00:03, 70.96it/s]
 96%|█████████▌| 5568/5794 [01:18<00:03, 70.78it/s]
 96%|█████████▌| 5576/5794 [01:18<00:03, 71.02it/s]
 96%|█████████▋| 5584/5794 [01:19<00:02, 71.07it/s]
 97%|█████████▋| 5592/5794 [01:19<00:02, 71.29it/s]
 97%|█████████▋| 5600/5794 [01:19<00:02, 71.24it/s]
 97%|█████████▋| 5608/5794 [01:19<00:02, 71.20it/s]
 97%|█████████▋| 5616/5794 [01:19<00:02, 71.11it/s]
 97%|█████████▋| 5624/5794 [01:19<00:02, 71.25it/s]
 97%|█████████▋| 5632/5794 [01:19<00:02, 71.27it/s]
 97%|█████████▋| 5640/5794 [01:19<00:02, 71.37it/s]
 97%|█████████▋| 5648/5794 [01:19<00:02, 71.28it/s]
 98%|█████████▊| 5656/5794 [01:20<00:01, 71.38it/s]
 98%|█████████▊| 5664/5794 [01:20<00:01, 71.47it/s]
 98%|█████████▊| 5672/5794 [01:20<00:01, 71.45it/s]
 98%|█████████▊| 5680/5794 [01:20<00:01, 71.39it/s]
 98%|█████████▊| 5688/5794 [01:20<00:01, 71.36it/s]
 98%|█████████▊| 5696/5794 [01:20<00:01, 71.38it/s]
 98%|█████████▊| 5704/5794 [01:20<00:01, 71.09it/s]
 99%|█████████▊| 5712/5794 [01:20<00:01, 71.13it/s]
 99%|█████████▊| 5720/5794 [01:20<00:01, 71.16it/s]
 99%|█████████▉| 5728/5794 [01:21<00:00, 71.29it/s]
 99%|█████████▉| 5736/5794 [01:21<00:00, 71.10it/s]
 99%|█████████▉| 5744/5794 [01:21<00:00, 71.26it/s]
 99%|█████████▉| 5752/5794 [01:21<00:00, 71.16it/s]
 99%|█████████▉| 5760/5794 [01:21<00:00, 71.17it/s]
100%|█████████▉| 5768/5794 [01:21<00:00, 71.15it/s]
100%|█████████▉| 5776/5794 [01:21<00:00, 71.25it/s]
100%|█████████▉| 5784/5794 [01:21<00:00, 71.18it/s]
100%|█████████▉| 5792/5794 [01:21<00:00, 71.97it/s]
100%|██████████| 5794/5794 [01:22<00:00, 70.65it/s]
BALANCED ACCS CHECKED FOR TEST
TEST SET RESULTS FOR CHECKPOINT trained_weights/waterbirds/rrr_waterbird_complete95_forest2water2_21050510_trial_000/best_balanced_valacc_0.55_epoch_0.ckpt
test_acc: 0.7279944770452192
balanced_test_acc: 0.5662318420125577
Land_on_Land_test_acc: 0.9991130820399113
Land_on_Water_test_acc: 0.7144124168514412
Water_on_Land_test_acc: 0.010903426791277258
Water_on_Water_test_acc: 0.5404984423676013
test_acc_Waterbird: 0.2757009345794392
test_acc_Landbird: 0.8567627494456763
