[CMD] /home/ryreu/miniconda3/envs/gals_a100/bin/python -u main.py --config configs/waterbirds_95_upweight.yaml --name upweight_waterbird_complete95_forest2water2_21050510_trial_000 DATA.ROOT=/home/ryreu/guided_cnn/waterbirds DATA.WATERBIRDS_DIR=waterbird_complete95_forest2water2 SEED=0 EXP.BASE.LR=0.0010000000000000002 EXP.CLASSIFIER.LR=9.999999999999991e-05 EXP.WEIGHT_DECAY=9.999999999999997e-06 EXP.AUX_LOSSES_ON_VAL=False EXP.NUM_EPOCHS=1
SEED: 0
DATA:
  BATCH_SIZE: 96
  NUM_WORKERS: 4
  SIZE: 224
  NORMALIZATION: imagenet
  ATTENTION_DIR: NONE
  SEPARATE_CLASSES: true
  REMOVE_BACKGROUND: false
  ROOT: /home/ryreu/guided_cnn/waterbirds
  USE_CLASS_WEIGHTS: true
  USE_GROUP_WEIGHTS: false
  DATASET: waterbirds
  NUM_CLASSES: 2
  CONFOUNDING_FACTOR: 0.95
  WATERBIRDS_DIR: waterbird_complete95_forest2water2
EXP:
  NUM_TRIALS: 1
  LOSSES:
    CLASSIFICATION:
      WEIGHT: 1
    GRADIENT_OUTSIDE:
      COMPUTE: false
      LOG: false
      WEIGHT: 0.01
      CRITERION: L1
      GT: segmentation
      COMBINE_ATT_MODE: average_nonzero
    GRADIENT_INSIDE:
      COMPUTE: false
      LOG: false
      WEIGHT: 1
      CRITERION: L1
      GT: segmentation
      COMBINE_ATT_MODE: average_nonzero
    GRADCAM:
      COMPUTE: false
      LOG: false
      WEIGHT: 1
      CRITERION: L1
      GT: segmentation
      MODE: match
      COMBINE_ATT_MODE: average_nonzero
  APPROACH: generic
  MODEL: resnet50
  PRETRAINED: true
  NUM_EPOCHS: 1
  OPTIMIZER: SGD
  WEIGHT_DECAY: 9.999999999999997e-06
  MOMENTUM: 0.9
  SCHEDULER: NONE
  BASE:
    LR: 0.0010000000000000002
  CLASSIFIER:
    LR: 9.999999999999991e-05
  AUX_LOSSES_ON_VAL: false
LOGGING:
  SAVE_EVERY: 0
  SAVE_BEST: true
  SAVE_LAST: false
  LOG_ATTENTION: false
  LOG_ATTENTION_STEP: 10
  SAVE_STATS_PATH: null
yaml: configs/waterbirds_95_upweight.yaml
name: upweight_waterbird_complete95_forest2water2_21050510_trial_000
test_checkpoint: null

WATERBIRDS DIR: /home/ryreu/guided_cnn/waterbirds/waterbird_complete95_forest2water2
NUMBER OF SAMPLES WITH LABEL Landbird: 3682
NUMBER OF SAMPLES WITH LABEL Waterbird: 1113
NUMBER OF SAMPLES WITH GROUP Land_on_Land: 3498
NUMBER OF SAMPLES WITH GROUP Land_on_Water: 184
NUMBER OF SAMPLES WITH GROUP Water_on_Land: 56
NUMBER OF SAMPLES WITH GROUP Water_on_Water: 1057
WATERBIRDS DIR: /home/ryreu/guided_cnn/waterbirds/waterbird_complete95_forest2water2
NUMBER OF SAMPLES WITH LABEL Landbird: 933
NUMBER OF SAMPLES WITH LABEL Waterbird: 266
NUMBER OF SAMPLES WITH GROUP Land_on_Land: 467
NUMBER OF SAMPLES WITH GROUP Land_on_Water: 466
NUMBER OF SAMPLES WITH GROUP Water_on_Land: 133
NUMBER OF SAMPLES WITH GROUP Water_on_Water: 133
NUM TRAIN: 4795

NUM VAL:   1199

Number classifier outputs: 2
Using pretrained model: True
USING SGD OPTIMIZER
class weights: tensor([0.3023, 1.0000], device='cuda:0')
group weights: None
WANDB DISABLED: skipping wandb.init()
EPOCH: 0

>>> TRAINING 


  0%|          | 0/50 [00:00<?, ?it/s]
  2%|▏         | 1/50 [00:03<02:40,  3.27s/it]
  4%|▍         | 2/50 [00:03<01:09,  1.44s/it]
  6%|▌         | 3/50 [00:03<00:40,  1.17it/s]
  8%|▊         | 4/50 [00:03<00:26,  1.74it/s]
 10%|█         | 5/50 [00:03<00:19,  2.35it/s]
 12%|█▏        | 6/50 [00:04<00:14,  3.01it/s]
 14%|█▍        | 7/50 [00:04<00:11,  3.69it/s]
 16%|█▌        | 8/50 [00:04<00:09,  4.31it/s]
 18%|█▊        | 9/50 [00:04<00:08,  4.92it/s]
 20%|██        | 10/50 [00:04<00:07,  5.40it/s]
 22%|██▏       | 11/50 [00:04<00:06,  5.80it/s]
 24%|██▍       | 12/50 [00:04<00:06,  6.08it/s]
 26%|██▌       | 13/50 [00:05<00:05,  6.32it/s]
 28%|██▊       | 14/50 [00:05<00:05,  6.47it/s]
 30%|███       | 15/50 [00:05<00:05,  6.57it/s]
 32%|███▏      | 16/50 [00:05<00:05,  6.68it/s]
 34%|███▍      | 17/50 [00:05<00:04,  6.69it/s]
 36%|███▌      | 18/50 [00:05<00:04,  6.67it/s]
 38%|███▊      | 19/50 [00:05<00:04,  6.71it/s]
 40%|████      | 20/50 [00:06<00:04,  6.71it/s]
 42%|████▏     | 21/50 [00:06<00:04,  6.73it/s]
 44%|████▍     | 22/50 [00:06<00:04,  6.74it/s]
 46%|████▌     | 23/50 [00:06<00:04,  6.74it/s]
 48%|████▊     | 24/50 [00:06<00:03,  6.69it/s]
 50%|█████     | 25/50 [00:06<00:03,  6.70it/s]
 52%|█████▏    | 26/50 [00:06<00:03,  6.68it/s]
 54%|█████▍    | 27/50 [00:07<00:03,  6.65it/s]
 56%|█████▌    | 28/50 [00:07<00:03,  6.57it/s]
 58%|█████▊    | 29/50 [00:07<00:03,  6.62it/s]
 60%|██████    | 30/50 [00:07<00:03,  6.63it/s]
 62%|██████▏   | 31/50 [00:07<00:02,  6.65it/s]
 64%|██████▍   | 32/50 [00:07<00:02,  6.71it/s]
 66%|██████▌   | 33/50 [00:08<00:02,  6.70it/s]
 68%|██████▊   | 34/50 [00:08<00:02,  6.63it/s]
 70%|███████   | 35/50 [00:08<00:02,  6.64it/s]
 72%|███████▏  | 36/50 [00:08<00:02,  6.68it/s]
 74%|███████▍  | 37/50 [00:08<00:01,  6.66it/s]
 76%|███████▌  | 38/50 [00:08<00:01,  6.68it/s]
 78%|███████▊  | 39/50 [00:08<00:01,  6.67it/s]
 80%|████████  | 40/50 [00:09<00:01,  6.71it/s]
 82%|████████▏ | 41/50 [00:09<00:01,  6.71it/s]
 84%|████████▍ | 42/50 [00:09<00:01,  6.71it/s]
 86%|████████▌ | 43/50 [00:09<00:01,  6.73it/s]
 88%|████████▊ | 44/50 [00:09<00:00,  6.78it/s]
 90%|█████████ | 45/50 [00:09<00:00,  6.77it/s]
 92%|█████████▏| 46/50 [00:09<00:00,  6.76it/s]
 94%|█████████▍| 47/50 [00:10<00:00,  6.79it/s]
 96%|█████████▌| 48/50 [00:10<00:00,  6.83it/s]
 98%|█████████▊| 49/50 [00:10<00:00,  6.83it/s]
100%|██████████| 50/50 [00:10<00:00,  6.89it/s]
100%|██████████| 50/50 [00:10<00:00,  4.71it/s]
>>> VALIDATING 


  0%|          | 0/13 [00:00<?, ?it/s]
  8%|▊         | 1/13 [00:00<00:09,  1.20it/s]
 23%|██▎       | 3/13 [00:00<00:02,  3.78it/s]
 38%|███▊      | 5/13 [00:01<00:01,  4.57it/s]
 54%|█████▍    | 7/13 [00:01<00:00,  6.42it/s]
 69%|██████▉   | 9/13 [00:01<00:00,  5.99it/s]
 85%|████████▍ | 11/13 [00:01<00:00,  7.62it/s]
100%|██████████| 13/13 [00:02<00:00,  9.51it/s]
100%|██████████| 13/13 [00:02<00:00,  6.09it/s]
>>> LOGGING 

BALANCED ACCS CHECKED FOR TRAIN
BALANCED ACCS CHECKED FOR VAL
train_acc: 0.8462982273201252
val_acc: 0.6547122602168474
train_cls_loss: 0.4323306700609026
val_cls_loss: 0.618947260274402
train_total_loss: 0.4323306700609026
val_total_loss: 0.618947260274402
balanced_train_acc: 0.8344094507018676
balanced_val_acc: 0.6692877692623842
Land_on_Land_train_acc: 0.884505431675243
Land_on_Land_val_acc: 0.974304068522484
Land_on_Water_train_acc: 0.32608695652173914
Land_on_Water_val_acc: 0.3111587982832618
Water_on_Land_train_acc: 0.5
Water_on_Land_val_acc: 0.42105263157894735
Water_on_Water_train_acc: 0.8287606433301797
Water_on_Water_val_acc: 0.9699248120300752
train_acc_Landbird: 0.8565996740901684
train_acc_Waterbird: 0.8122192273135669
val_acc_Landbird: 0.6430868167202572
val_acc_Waterbird: 0.6954887218045113
TRAIN ACC:        0.8462982273201252
VAL ACC:          0.6547122602168474
BALANCED VAL ACC: 0.6692877692623842
prev best list: []
Saving to trained_weights/waterbirds/upweight_waterbird_complete95_forest2water2_21050510_trial_000/best_balanced_valacc_0.67_epoch_0.ckpt
>>> EVALUATING ON TEST SET
WATERBIRDS DIR: /home/ryreu/guided_cnn/waterbirds/waterbird_complete95_forest2water2
NUMBER OF SAMPLES WITH LABEL Landbird: 4510
NUMBER OF SAMPLES WITH LABEL Waterbird: 1284
NUMBER OF SAMPLES WITH GROUP Land_on_Land: 2255
NUMBER OF SAMPLES WITH GROUP Land_on_Water: 2255
NUMBER OF SAMPLES WITH GROUP Water_on_Land: 642
NUMBER OF SAMPLES WITH GROUP Water_on_Water: 642
NUM TEST:   5794

Loaded checkpoint trained_weights/waterbirds/upweight_waterbird_complete95_forest2water2_21050510_trial_000/best_balanced_valacc_0.67_epoch_0.ckpt

  0%|          | 0/5794 [00:00<?, ?it/s]
  0%|          | 1/5794 [00:00<25:06,  3.84it/s]
  0%|          | 9/5794 [00:00<03:15, 29.66it/s]
  0%|          | 17/5794 [00:00<02:09, 44.65it/s]
  0%|          | 25/5794 [00:00<01:47, 53.79it/s]
  1%|          | 33/5794 [00:00<01:36, 59.86it/s]
  1%|          | 41/5794 [00:00<01:30, 63.81it/s]
  1%|          | 49/5794 [00:00<01:26, 66.61it/s]
  1%|          | 57/5794 [00:01<01:23, 68.35it/s]
  1%|          | 65/5794 [00:01<01:22, 69.67it/s]
  1%|▏         | 73/5794 [00:01<01:21, 70.41it/s]
  1%|▏         | 81/5794 [00:01<01:20, 71.14it/s]
  2%|▏         | 89/5794 [00:01<01:19, 71.52it/s]
  2%|▏         | 97/5794 [00:01<01:19, 71.81it/s]
  2%|▏         | 105/5794 [00:01<01:19, 71.12it/s]
  2%|▏         | 113/5794 [00:01<01:19, 71.61it/s]
  2%|▏         | 121/5794 [00:01<01:18, 71.83it/s]
  2%|▏         | 129/5794 [00:02<01:18, 71.79it/s]
  2%|▏         | 137/5794 [00:02<01:18, 71.95it/s]
  3%|▎         | 145/5794 [00:02<01:18, 72.03it/s]
  3%|▎         | 153/5794 [00:02<01:18, 71.70it/s]
  3%|▎         | 161/5794 [00:02<01:18, 71.69it/s]
  3%|▎         | 169/5794 [00:02<01:18, 71.88it/s]
  3%|▎         | 177/5794 [00:02<01:18, 71.98it/s]
  3%|▎         | 185/5794 [00:02<01:17, 72.17it/s]
  3%|▎         | 193/5794 [00:02<01:17, 71.92it/s]
  3%|▎         | 201/5794 [00:03<01:17, 71.93it/s]
  4%|▎         | 209/5794 [00:03<01:17, 71.71it/s]
  4%|▎         | 217/5794 [00:03<01:17, 71.83it/s]
  4%|▍         | 225/5794 [00:03<01:17, 71.75it/s]
  4%|▍         | 233/5794 [00:03<01:17, 71.35it/s]
  4%|▍         | 241/5794 [00:03<01:17, 71.33it/s]
  4%|▍         | 249/5794 [00:03<01:17, 71.15it/s]
  4%|▍         | 257/5794 [00:03<01:17, 71.46it/s]
  5%|▍         | 265/5794 [00:03<01:17, 71.65it/s]
  5%|▍         | 273/5794 [00:04<01:16, 72.11it/s]
  5%|▍         | 281/5794 [00:04<01:16, 72.23it/s]
  5%|▍         | 289/5794 [00:04<01:15, 72.45it/s]
  5%|▌         | 297/5794 [00:04<01:15, 72.41it/s]
  5%|▌         | 305/5794 [00:04<01:18, 69.60it/s]
  5%|▌         | 312/5794 [00:04<01:20, 67.76it/s]
  6%|▌         | 319/5794 [00:04<01:22, 66.69it/s]
  6%|▌         | 326/5794 [00:04<01:23, 65.17it/s]
  6%|▌         | 333/5794 [00:04<01:24, 64.82it/s]
  6%|▌         | 340/5794 [00:05<01:24, 64.70it/s]
  6%|▌         | 347/5794 [00:05<01:24, 64.56it/s]
  6%|▌         | 354/5794 [00:05<01:24, 64.54it/s]
  6%|▌         | 361/5794 [00:05<01:24, 64.30it/s]
  6%|▋         | 368/5794 [00:05<01:24, 64.35it/s]
  6%|▋         | 375/5794 [00:05<01:24, 64.34it/s]
  7%|▋         | 382/5794 [00:05<01:24, 64.28it/s]
  7%|▋         | 389/5794 [00:05<01:23, 64.35it/s]
  7%|▋         | 396/5794 [00:05<01:24, 64.23it/s]
  7%|▋         | 403/5794 [00:06<01:24, 64.16it/s]
  7%|▋         | 410/5794 [00:06<01:24, 63.83it/s]
  7%|▋         | 417/5794 [00:06<01:24, 63.90it/s]
  7%|▋         | 424/5794 [00:06<01:23, 64.15it/s]
  7%|▋         | 431/5794 [00:06<01:23, 64.09it/s]
  8%|▊         | 438/5794 [00:06<01:23, 64.26it/s]
  8%|▊         | 445/5794 [00:06<01:23, 64.18it/s]
  8%|▊         | 452/5794 [00:06<01:22, 64.37it/s]
  8%|▊         | 459/5794 [00:06<01:23, 64.27it/s]
  8%|▊         | 466/5794 [00:07<01:23, 64.19it/s]
  8%|▊         | 473/5794 [00:07<01:22, 64.35it/s]
  8%|▊         | 480/5794 [00:07<01:22, 64.28it/s]
  8%|▊         | 487/5794 [00:07<01:22, 64.39it/s]
  9%|▊         | 494/5794 [00:07<01:22, 64.38it/s]
  9%|▊         | 501/5794 [00:07<01:22, 64.29it/s]
  9%|▉         | 508/5794 [00:07<01:22, 64.32it/s]
  9%|▉         | 515/5794 [00:07<01:22, 64.24it/s]
  9%|▉         | 522/5794 [00:07<01:21, 64.38it/s]
  9%|▉         | 529/5794 [00:07<01:21, 64.47it/s]
  9%|▉         | 536/5794 [00:08<01:21, 64.37it/s]
  9%|▉         | 543/5794 [00:08<01:21, 64.18it/s]
  9%|▉         | 550/5794 [00:08<01:21, 64.09it/s]
 10%|▉         | 557/5794 [00:08<01:21, 64.21it/s]
 10%|▉         | 564/5794 [00:08<01:22, 63.73it/s]
 10%|▉         | 571/5794 [00:08<01:21, 63.96it/s]
 10%|▉         | 578/5794 [00:08<01:21, 63.96it/s]
 10%|█         | 585/5794 [00:08<01:21, 64.01it/s]
 10%|█         | 592/5794 [00:08<01:21, 63.91it/s]
 10%|█         | 599/5794 [00:09<01:21, 63.84it/s]
 10%|█         | 606/5794 [00:09<01:21, 63.82it/s]
 11%|█         | 613/5794 [00:09<01:20, 64.04it/s]
 11%|█         | 620/5794 [00:09<01:21, 63.60it/s]
 11%|█         | 627/5794 [00:09<01:20, 63.84it/s]
 11%|█         | 634/5794 [00:09<01:20, 63.72it/s]
 11%|█         | 641/5794 [00:09<01:20, 64.03it/s]
 11%|█         | 648/5794 [00:09<01:20, 63.89it/s]
 11%|█▏        | 655/5794 [00:09<01:20, 63.98it/s]
 11%|█▏        | 662/5794 [00:10<01:20, 64.07it/s]
 12%|█▏        | 669/5794 [00:10<01:19, 64.11it/s]
 12%|█▏        | 676/5794 [00:10<01:19, 64.20it/s]
 12%|█▏        | 683/5794 [00:10<01:19, 64.07it/s]
 12%|█▏        | 690/5794 [00:10<01:20, 63.77it/s]
 12%|█▏        | 697/5794 [00:10<01:19, 63.82it/s]
 12%|█▏        | 704/5794 [00:10<01:19, 63.83it/s]
 12%|█▏        | 711/5794 [00:10<01:19, 63.89it/s]
 12%|█▏        | 718/5794 [00:10<01:19, 63.84it/s]
 13%|█▎        | 725/5794 [00:11<01:19, 63.97it/s]
 13%|█▎        | 732/5794 [00:11<01:18, 64.12it/s]
 13%|█▎        | 739/5794 [00:11<01:18, 64.10it/s]
 13%|█▎        | 746/5794 [00:11<01:19, 63.42it/s]
 13%|█▎        | 753/5794 [00:11<01:19, 63.44it/s]
 13%|█▎        | 760/5794 [00:11<01:18, 63.75it/s]
 13%|█▎        | 767/5794 [00:11<01:19, 63.58it/s]
 13%|█▎        | 774/5794 [00:11<01:18, 63.70it/s]
 13%|█▎        | 781/5794 [00:11<01:18, 63.90it/s]
 14%|█▎        | 788/5794 [00:12<01:18, 63.87it/s]
 14%|█▎        | 795/5794 [00:12<01:18, 64.09it/s]
 14%|█▍        | 802/5794 [00:12<01:18, 63.97it/s]
 14%|█▍        | 809/5794 [00:12<01:17, 64.18it/s]
 14%|█▍        | 816/5794 [00:12<01:17, 64.21it/s]
 14%|█▍        | 823/5794 [00:12<01:17, 64.14it/s]
 14%|█▍        | 830/5794 [00:12<01:17, 64.27it/s]
 14%|█▍        | 837/5794 [00:12<01:17, 64.22it/s]
 15%|█▍        | 844/5794 [00:12<01:17, 64.23it/s]
 15%|█▍        | 851/5794 [00:13<01:16, 64.29it/s]
 15%|█▍        | 858/5794 [00:13<01:16, 64.27it/s]
 15%|█▍        | 865/5794 [00:13<01:16, 64.33it/s]
 15%|█▌        | 872/5794 [00:13<01:16, 64.27it/s]
 15%|█▌        | 879/5794 [00:13<01:16, 63.94it/s]
 15%|█▌        | 886/5794 [00:13<01:16, 64.11it/s]
 15%|█▌        | 893/5794 [00:13<01:16, 64.19it/s]
 16%|█▌        | 900/5794 [00:13<01:16, 64.38it/s]
 16%|█▌        | 907/5794 [00:13<01:15, 64.34it/s]
 16%|█▌        | 914/5794 [00:14<01:15, 64.30it/s]
 16%|█▌        | 921/5794 [00:14<01:15, 64.34it/s]
 16%|█▌        | 928/5794 [00:14<01:15, 64.46it/s]
 16%|█▌        | 935/5794 [00:14<01:15, 64.49it/s]
 16%|█▋        | 942/5794 [00:14<01:15, 64.26it/s]
 16%|█▋        | 949/5794 [00:14<01:15, 64.43it/s]
 16%|█▋        | 956/5794 [00:14<01:15, 64.29it/s]
 17%|█▋        | 963/5794 [00:14<01:15, 64.29it/s]
 17%|█▋        | 970/5794 [00:14<01:15, 63.88it/s]
 17%|█▋        | 977/5794 [00:14<01:15, 63.96it/s]
 17%|█▋        | 984/5794 [00:15<01:15, 64.11it/s]
 17%|█▋        | 991/5794 [00:15<01:14, 64.13it/s]
 17%|█▋        | 998/5794 [00:15<01:14, 64.32it/s]
 17%|█▋        | 1005/5794 [00:15<01:14, 64.09it/s]
 17%|█▋        | 1012/5794 [00:15<01:14, 64.12it/s]
 18%|█▊        | 1019/5794 [00:15<01:14, 64.16it/s]
 18%|█▊        | 1026/5794 [00:15<01:14, 64.17it/s]
 18%|█▊        | 1033/5794 [00:15<01:14, 64.08it/s]
 18%|█▊        | 1040/5794 [00:15<01:14, 64.05it/s]
 18%|█▊        | 1047/5794 [00:16<01:14, 64.09it/s]
 18%|█▊        | 1054/5794 [00:16<01:13, 64.14it/s]
 18%|█▊        | 1061/5794 [00:16<01:14, 63.79it/s]
 18%|█▊        | 1068/5794 [00:16<01:13, 63.90it/s]
 19%|█▊        | 1075/5794 [00:16<01:14, 63.74it/s]
 19%|█▊        | 1082/5794 [00:16<01:12, 64.65it/s]
 19%|█▉        | 1089/5794 [00:16<01:12, 64.94it/s]
 19%|█▉        | 1096/5794 [00:16<01:12, 64.97it/s]
 19%|█▉        | 1103/5794 [00:16<01:12, 64.68it/s]
 19%|█▉        | 1110/5794 [00:17<01:12, 64.31it/s]
 19%|█▉        | 1117/5794 [00:17<01:12, 64.25it/s]
 19%|█▉        | 1124/5794 [00:17<01:12, 64.22it/s]
 20%|█▉        | 1131/5794 [00:17<01:12, 64.19it/s]
 20%|█▉        | 1138/5794 [00:17<01:12, 64.08it/s]
 20%|█▉        | 1145/5794 [00:17<01:12, 63.70it/s]
 20%|█▉        | 1152/5794 [00:17<01:12, 63.74it/s]
 20%|██        | 1159/5794 [00:17<01:12, 63.90it/s]
 20%|██        | 1167/5794 [00:17<01:09, 66.22it/s]
 20%|██        | 1174/5794 [00:18<01:11, 64.94it/s]
 20%|██        | 1181/5794 [00:18<01:11, 64.56it/s]
 21%|██        | 1188/5794 [00:18<01:11, 64.34it/s]
 21%|██        | 1195/5794 [00:18<01:11, 64.20it/s]
 21%|██        | 1202/5794 [00:18<01:11, 64.06it/s]
 21%|██        | 1209/5794 [00:18<01:11, 64.15it/s]
 21%|██        | 1216/5794 [00:18<01:11, 63.88it/s]
 21%|██        | 1223/5794 [00:18<01:11, 64.05it/s]
 21%|██        | 1230/5794 [00:18<01:11, 63.80it/s]
 21%|██▏       | 1237/5794 [00:19<01:11, 64.10it/s]
 21%|██▏       | 1244/5794 [00:19<01:11, 63.99it/s]
 22%|██▏       | 1251/5794 [00:19<01:10, 64.08it/s]
 22%|██▏       | 1258/5794 [00:19<01:10, 64.12it/s]
 22%|██▏       | 1265/5794 [00:19<01:10, 63.96it/s]
 22%|██▏       | 1272/5794 [00:19<01:10, 64.06it/s]
 22%|██▏       | 1279/5794 [00:19<01:10, 64.05it/s]
 22%|██▏       | 1286/5794 [00:19<01:10, 64.01it/s]
 22%|██▏       | 1293/5794 [00:19<01:10, 64.04it/s]
 22%|██▏       | 1300/5794 [00:20<01:10, 64.05it/s]
 23%|██▎       | 1307/5794 [00:20<01:09, 64.25it/s]
 23%|██▎       | 1314/5794 [00:20<01:09, 64.15it/s]
 23%|██▎       | 1321/5794 [00:20<01:09, 64.23it/s]
 23%|██▎       | 1328/5794 [00:20<01:09, 64.25it/s]
 23%|██▎       | 1335/5794 [00:20<01:09, 64.19it/s]
 23%|██▎       | 1342/5794 [00:20<01:09, 64.27it/s]
 23%|██▎       | 1349/5794 [00:20<01:09, 64.17it/s]
 23%|██▎       | 1356/5794 [00:20<01:09, 64.20it/s]
 24%|██▎       | 1363/5794 [00:20<01:09, 63.65it/s]
 24%|██▎       | 1370/5794 [00:21<01:07, 65.30it/s]
 24%|██▍       | 1378/5794 [00:21<01:05, 67.59it/s]
 24%|██▍       | 1386/5794 [00:21<01:03, 69.12it/s]
 24%|██▍       | 1394/5794 [00:21<01:03, 69.75it/s]
 24%|██▍       | 1402/5794 [00:21<01:02, 70.41it/s]
 24%|██▍       | 1410/5794 [00:21<01:01, 70.93it/s]
 24%|██▍       | 1418/5794 [00:21<01:01, 71.37it/s]
 25%|██▍       | 1426/5794 [00:21<01:00, 71.68it/s]
 25%|██▍       | 1434/5794 [00:21<01:00, 71.84it/s]
 25%|██▍       | 1442/5794 [00:22<01:00, 71.87it/s]
 25%|██▌       | 1450/5794 [00:22<01:00, 72.09it/s]
 25%|██▌       | 1458/5794 [00:22<01:00, 72.07it/s]
 25%|██▌       | 1466/5794 [00:22<00:59, 72.17it/s]
 25%|██▌       | 1474/5794 [00:22<00:59, 72.20it/s]
 26%|██▌       | 1482/5794 [00:22<00:59, 72.21it/s]
 26%|██▌       | 1490/5794 [00:22<00:59, 72.45it/s]
 26%|██▌       | 1498/5794 [00:22<00:59, 72.58it/s]
 26%|██▌       | 1506/5794 [00:22<00:59, 72.58it/s]
 26%|██▌       | 1514/5794 [00:23<00:58, 72.67it/s]
 26%|██▋       | 1522/5794 [00:23<00:58, 72.57it/s]
 26%|██▋       | 1530/5794 [00:23<00:58, 72.65it/s]
 27%|██▋       | 1538/5794 [00:23<00:58, 72.41it/s]
 27%|██▋       | 1546/5794 [00:23<00:58, 72.57it/s]
 27%|██▋       | 1554/5794 [00:23<00:58, 72.20it/s]
 27%|██▋       | 1562/5794 [00:23<00:58, 72.03it/s]
 27%|██▋       | 1570/5794 [00:23<00:58, 72.06it/s]
 27%|██▋       | 1578/5794 [00:23<00:59, 71.24it/s]
 27%|██▋       | 1586/5794 [00:24<01:01, 68.97it/s]
 27%|██▋       | 1593/5794 [00:24<01:02, 67.45it/s]
 28%|██▊       | 1600/5794 [00:24<01:03, 66.47it/s]
 28%|██▊       | 1607/5794 [00:24<01:03, 65.80it/s]
 28%|██▊       | 1614/5794 [00:24<01:03, 65.41it/s]
 28%|██▊       | 1621/5794 [00:24<01:04, 64.52it/s]
 28%|██▊       | 1628/5794 [00:24<01:04, 64.31it/s]
 28%|██▊       | 1635/5794 [00:24<01:05, 63.75it/s]
 28%|██▊       | 1642/5794 [00:24<01:04, 64.02it/s]
 28%|██▊       | 1649/5794 [00:25<01:04, 64.06it/s]
 29%|██▊       | 1656/5794 [00:25<01:04, 64.11it/s]
 29%|██▊       | 1663/5794 [00:25<01:04, 63.97it/s]
 29%|██▉       | 1670/5794 [00:25<01:04, 63.73it/s]
 29%|██▉       | 1677/5794 [00:25<01:04, 64.03it/s]
 29%|██▉       | 1684/5794 [00:25<01:04, 64.20it/s]
 29%|██▉       | 1691/5794 [00:25<01:03, 64.16it/s]
 29%|██▉       | 1698/5794 [00:25<01:03, 64.39it/s]
 29%|██▉       | 1705/5794 [00:25<01:03, 64.46it/s]
 30%|██▉       | 1712/5794 [00:26<01:03, 64.55it/s]
 30%|██▉       | 1719/5794 [00:26<01:03, 64.66it/s]
 30%|██▉       | 1726/5794 [00:26<01:03, 64.57it/s]
 30%|██▉       | 1733/5794 [00:26<01:02, 64.57it/s]
 30%|███       | 1740/5794 [00:26<01:03, 64.21it/s]
 30%|███       | 1747/5794 [00:26<01:02, 64.31it/s]
 30%|███       | 1754/5794 [00:26<01:02, 64.41it/s]
 30%|███       | 1761/5794 [00:26<01:02, 64.59it/s]
 31%|███       | 1768/5794 [00:26<01:02, 64.29it/s]
 31%|███       | 1775/5794 [00:27<01:02, 64.39it/s]
 31%|███       | 1782/5794 [00:27<01:02, 64.42it/s]
 31%|███       | 1789/5794 [00:27<01:02, 64.39it/s]
 31%|███       | 1796/5794 [00:27<01:02, 64.32it/s]
 31%|███       | 1803/5794 [00:27<01:01, 64.57it/s]
 31%|███       | 1810/5794 [00:27<01:01, 64.58it/s]
 31%|███▏      | 1817/5794 [00:27<01:01, 64.47it/s]
 31%|███▏      | 1824/5794 [00:27<01:01, 64.45it/s]
 32%|███▏      | 1831/5794 [00:27<01:01, 64.36it/s]
 32%|███▏      | 1838/5794 [00:28<01:01, 64.51it/s]
 32%|███▏      | 1845/5794 [00:28<01:01, 64.45it/s]
 32%|███▏      | 1852/5794 [00:28<01:01, 64.49it/s]
 32%|███▏      | 1859/5794 [00:28<01:01, 64.39it/s]
 32%|███▏      | 1866/5794 [00:28<01:00, 64.50it/s]
 32%|███▏      | 1873/5794 [00:28<01:00, 64.49it/s]
 32%|███▏      | 1880/5794 [00:28<01:00, 64.57it/s]
 33%|███▎      | 1887/5794 [00:28<01:00, 64.64it/s]
 33%|███▎      | 1894/5794 [00:28<01:00, 64.37it/s]
 33%|███▎      | 1901/5794 [00:29<01:00, 64.53it/s]
 33%|███▎      | 1908/5794 [00:29<01:00, 64.42it/s]
 33%|███▎      | 1915/5794 [00:29<01:00, 64.54it/s]
 33%|███▎      | 1922/5794 [00:29<01:00, 64.51it/s]
 33%|███▎      | 1929/5794 [00:29<01:00, 64.40it/s]
 33%|███▎      | 1936/5794 [00:29<01:00, 63.70it/s]
 34%|███▎      | 1943/5794 [00:29<01:00, 63.94it/s]
 34%|███▎      | 1950/5794 [00:29<01:00, 63.92it/s]
 34%|███▍      | 1957/5794 [00:29<01:00, 63.93it/s]
 34%|███▍      | 1964/5794 [00:29<01:00, 63.62it/s]
 34%|███▍      | 1971/5794 [00:30<00:59, 63.85it/s]
 34%|███▍      | 1978/5794 [00:30<00:59, 63.75it/s]
 34%|███▍      | 1985/5794 [00:30<00:59, 64.04it/s]
 34%|███▍      | 1992/5794 [00:30<00:59, 63.95it/s]
 35%|███▍      | 1999/5794 [00:30<00:59, 64.17it/s]
 35%|███▍      | 2006/5794 [00:30<00:58, 64.26it/s]
 35%|███▍      | 2013/5794 [00:30<00:59, 63.95it/s]
 35%|███▍      | 2020/5794 [00:30<00:58, 64.09it/s]
 35%|███▍      | 2027/5794 [00:30<00:58, 64.08it/s]
 35%|███▌      | 2035/5794 [00:31<00:56, 66.74it/s]
 35%|███▌      | 2043/5794 [00:31<00:54, 68.74it/s]
 35%|███▌      | 2051/5794 [00:31<00:53, 70.46it/s]
 36%|███▌      | 2059/5794 [00:31<00:52, 71.63it/s]
 36%|███▌      | 2067/5794 [00:31<00:51, 72.37it/s]
 36%|███▌      | 2075/5794 [00:31<00:53, 69.56it/s]
 36%|███▌      | 2082/5794 [00:31<00:54, 68.02it/s]
 36%|███▌      | 2089/5794 [00:31<00:55, 67.06it/s]
 36%|███▌      | 2096/5794 [00:31<00:55, 66.21it/s]
 36%|███▋      | 2103/5794 [00:32<00:56, 65.62it/s]
 36%|███▋      | 2110/5794 [00:32<00:56, 65.32it/s]
 37%|███▋      | 2117/5794 [00:32<00:56, 65.02it/s]
 37%|███▋      | 2124/5794 [00:32<00:56, 64.94it/s]
 37%|███▋      | 2131/5794 [00:32<00:56, 64.52it/s]
 37%|███▋      | 2138/5794 [00:32<00:56, 64.53it/s]
 37%|███▋      | 2145/5794 [00:32<00:56, 64.41it/s]
 37%|███▋      | 2152/5794 [00:32<00:56, 64.57it/s]
 37%|███▋      | 2159/5794 [00:32<00:56, 64.46it/s]
 37%|███▋      | 2166/5794 [00:33<00:56, 64.42it/s]
 38%|███▊      | 2173/5794 [00:33<00:56, 64.55it/s]
 38%|███▊      | 2180/5794 [00:33<00:56, 64.43it/s]
 38%|███▊      | 2187/5794 [00:33<00:56, 64.22it/s]
 38%|███▊      | 2194/5794 [00:33<00:56, 63.69it/s]
 38%|███▊      | 2201/5794 [00:33<00:56, 63.55it/s]
 38%|███▊      | 2208/5794 [00:33<00:56, 63.82it/s]
 38%|███▊      | 2215/5794 [00:33<00:56, 63.82it/s]
 38%|███▊      | 2222/5794 [00:33<00:55, 64.06it/s]
 38%|███▊      | 2229/5794 [00:34<00:55, 64.24it/s]
 39%|███▊      | 2236/5794 [00:34<00:55, 64.18it/s]
 39%|███▊      | 2243/5794 [00:34<00:55, 64.17it/s]
 39%|███▉      | 2250/5794 [00:34<00:55, 64.03it/s]
 39%|███▉      | 2257/5794 [00:34<00:55, 64.10it/s]
 39%|███▉      | 2264/5794 [00:34<00:55, 63.10it/s]
 39%|███▉      | 2271/5794 [00:34<00:55, 63.47it/s]
 39%|███▉      | 2278/5794 [00:34<00:55, 63.39it/s]
 39%|███▉      | 2285/5794 [00:34<00:55, 63.25it/s]
 40%|███▉      | 2292/5794 [00:35<00:55, 63.41it/s]
 40%|███▉      | 2299/5794 [00:35<00:55, 63.05it/s]
 40%|███▉      | 2306/5794 [00:35<00:55, 63.14it/s]
 40%|███▉      | 2313/5794 [00:35<00:55, 63.25it/s]
 40%|████      | 2320/5794 [00:35<00:54, 63.31it/s]
 40%|████      | 2327/5794 [00:35<00:54, 63.49it/s]
 40%|████      | 2334/5794 [00:35<00:54, 63.49it/s]
 40%|████      | 2341/5794 [00:35<00:54, 63.59it/s]
 41%|████      | 2348/5794 [00:35<00:54, 63.63it/s]
 41%|████      | 2355/5794 [00:36<00:54, 63.64it/s]
 41%|████      | 2362/5794 [00:36<00:53, 63.79it/s]
 41%|████      | 2369/5794 [00:36<00:53, 63.65it/s]
 41%|████      | 2376/5794 [00:36<00:53, 63.81it/s]
 41%|████      | 2383/5794 [00:36<00:53, 63.66it/s]
 41%|████      | 2390/5794 [00:36<00:53, 63.81it/s]
 41%|████▏     | 2397/5794 [00:36<00:53, 63.28it/s]
 41%|████▏     | 2404/5794 [00:36<00:53, 63.30it/s]
 42%|████▏     | 2411/5794 [00:36<00:53, 63.44it/s]
 42%|████▏     | 2418/5794 [00:37<00:53, 63.35it/s]
 42%|████▏     | 2425/5794 [00:37<00:53, 63.46it/s]
 42%|████▏     | 2432/5794 [00:37<00:52, 63.58it/s]
 42%|████▏     | 2439/5794 [00:37<00:53, 63.21it/s]
 42%|████▏     | 2446/5794 [00:37<00:52, 63.37it/s]
 42%|████▏     | 2453/5794 [00:37<00:52, 63.27it/s]
 42%|████▏     | 2460/5794 [00:37<00:52, 63.55it/s]
 43%|████▎     | 2467/5794 [00:37<00:52, 63.42it/s]
 43%|████▎     | 2474/5794 [00:37<00:52, 63.48it/s]
 43%|████▎     | 2481/5794 [00:38<00:52, 63.38it/s]
 43%|████▎     | 2488/5794 [00:38<00:52, 63.32it/s]
 43%|████▎     | 2495/5794 [00:38<00:52, 63.30it/s]
 43%|████▎     | 2502/5794 [00:38<00:51, 64.14it/s]
 43%|████▎     | 2509/5794 [00:38<00:50, 64.73it/s]
 43%|████▎     | 2516/5794 [00:38<00:51, 64.27it/s]
 44%|████▎     | 2523/5794 [00:38<00:51, 63.99it/s]
 44%|████▎     | 2530/5794 [00:38<00:51, 63.90it/s]
 44%|████▍     | 2537/5794 [00:38<00:51, 63.63it/s]
 44%|████▍     | 2544/5794 [00:38<00:51, 63.56it/s]
 44%|████▍     | 2551/5794 [00:39<00:50, 63.67it/s]
 44%|████▍     | 2558/5794 [00:39<00:50, 63.54it/s]
 44%|████▍     | 2565/5794 [00:39<00:50, 63.52it/s]
 44%|████▍     | 2572/5794 [00:39<00:51, 62.85it/s]
 45%|████▍     | 2579/5794 [00:39<00:51, 63.03it/s]
 45%|████▍     | 2586/5794 [00:39<00:50, 63.20it/s]
 45%|████▍     | 2593/5794 [00:39<00:50, 63.07it/s]
 45%|████▍     | 2600/5794 [00:39<00:50, 63.24it/s]
 45%|████▍     | 2607/5794 [00:39<00:50, 63.09it/s]
 45%|████▌     | 2614/5794 [00:40<00:50, 63.41it/s]
 45%|████▌     | 2621/5794 [00:40<00:50, 63.33it/s]
 45%|████▌     | 2628/5794 [00:40<00:50, 62.70it/s]
 45%|████▌     | 2635/5794 [00:40<00:50, 63.03it/s]
 46%|████▌     | 2642/5794 [00:40<00:49, 63.83it/s]
 46%|████▌     | 2650/5794 [00:40<00:47, 66.31it/s]
 46%|████▌     | 2657/5794 [00:40<00:48, 65.12it/s]
 46%|████▌     | 2664/5794 [00:40<00:48, 64.78it/s]
 46%|████▌     | 2671/5794 [00:40<00:48, 64.43it/s]
 46%|████▌     | 2678/5794 [00:41<00:48, 64.23it/s]
 46%|████▋     | 2685/5794 [00:41<00:48, 64.11it/s]
 46%|████▋     | 2692/5794 [00:41<00:48, 63.79it/s]
 47%|████▋     | 2699/5794 [00:41<00:48, 63.55it/s]
 47%|████▋     | 2706/5794 [00:41<00:48, 63.51it/s]
 47%|████▋     | 2713/5794 [00:41<00:48, 63.41it/s]
 47%|████▋     | 2720/5794 [00:41<00:48, 63.56it/s]
 47%|████▋     | 2727/5794 [00:41<00:48, 63.25it/s]
 47%|████▋     | 2734/5794 [00:41<00:48, 63.43it/s]
 47%|████▋     | 2741/5794 [00:42<00:48, 63.11it/s]
 47%|████▋     | 2748/5794 [00:42<00:48, 63.27it/s]
 48%|████▊     | 2755/5794 [00:42<00:47, 63.48it/s]
 48%|████▊     | 2762/5794 [00:42<00:48, 63.14it/s]
 48%|████▊     | 2769/5794 [00:42<00:47, 63.32it/s]
 48%|████▊     | 2776/5794 [00:42<00:47, 63.21it/s]
 48%|████▊     | 2783/5794 [00:42<00:47, 63.37it/s]
 48%|████▊     | 2790/5794 [00:42<00:47, 63.48it/s]
 48%|████▊     | 2797/5794 [00:42<00:47, 63.37it/s]
 48%|████▊     | 2804/5794 [00:43<00:47, 63.53it/s]
 49%|████▊     | 2811/5794 [00:43<00:47, 63.44it/s]
 49%|████▊     | 2818/5794 [00:43<00:46, 63.50it/s]
 49%|████▉     | 2825/5794 [00:43<00:46, 63.30it/s]
 49%|████▉     | 2832/5794 [00:43<00:46, 63.46it/s]
 49%|████▉     | 2839/5794 [00:43<00:46, 63.50it/s]
 49%|████▉     | 2846/5794 [00:43<00:46, 63.61it/s]
 49%|████▉     | 2853/5794 [00:43<00:46, 63.75it/s]
 49%|████▉     | 2860/5794 [00:43<00:46, 63.65it/s]
 49%|████▉     | 2867/5794 [00:44<00:45, 63.66it/s]
 50%|████▉     | 2874/5794 [00:44<00:45, 63.64it/s]
 50%|████▉     | 2881/5794 [00:44<00:45, 63.67it/s]
 50%|████▉     | 2888/5794 [00:44<00:45, 63.71it/s]
 50%|████▉     | 2895/5794 [00:44<00:45, 63.12it/s]
 50%|█████     | 2902/5794 [00:44<00:45, 63.36it/s]
 50%|█████     | 2909/5794 [00:44<00:45, 63.30it/s]
 50%|█████     | 2916/5794 [00:44<00:45, 62.89it/s]
 50%|█████     | 2923/5794 [00:44<00:45, 63.06it/s]
 51%|█████     | 2930/5794 [00:45<00:45, 63.09it/s]
 51%|█████     | 2937/5794 [00:45<00:45, 63.31it/s]
 51%|█████     | 2944/5794 [00:45<00:45, 62.88it/s]
 51%|█████     | 2951/5794 [00:45<00:44, 63.31it/s]
 51%|█████     | 2958/5794 [00:45<00:44, 63.46it/s]
 51%|█████     | 2965/5794 [00:45<00:44, 63.43it/s]
 51%|█████▏    | 2972/5794 [00:45<00:44, 63.51it/s]
 51%|█████▏    | 2979/5794 [00:45<00:44, 63.55it/s]
 52%|█████▏    | 2986/5794 [00:45<00:44, 63.11it/s]
 52%|█████▏    | 2993/5794 [00:46<00:44, 63.30it/s]
 52%|█████▏    | 3000/5794 [00:46<00:44, 63.20it/s]
 52%|█████▏    | 3007/5794 [00:46<00:43, 63.43it/s]
 52%|█████▏    | 3015/5794 [00:46<00:42, 65.60it/s]
 52%|█████▏    | 3023/5794 [00:46<00:40, 67.79it/s]
 52%|█████▏    | 3030/5794 [00:46<00:41, 65.81it/s]
 52%|█████▏    | 3037/5794 [00:46<00:42, 65.10it/s]
 53%|█████▎    | 3044/5794 [00:46<00:42, 64.63it/s]
 53%|█████▎    | 3051/5794 [00:46<00:42, 64.26it/s]
 53%|█████▎    | 3058/5794 [00:47<00:42, 64.10it/s]
 53%|█████▎    | 3065/5794 [00:47<00:42, 63.90it/s]
 53%|█████▎    | 3072/5794 [00:47<00:42, 63.99it/s]
 53%|█████▎    | 3079/5794 [00:47<00:42, 63.94it/s]
 53%|█████▎    | 3086/5794 [00:47<00:42, 63.95it/s]
 53%|█████▎    | 3093/5794 [00:47<00:42, 63.92it/s]
 54%|█████▎    | 3100/5794 [00:47<00:42, 63.87it/s]
 54%|█████▎    | 3107/5794 [00:47<00:42, 63.61it/s]
 54%|█████▎    | 3114/5794 [00:47<00:42, 63.64it/s]
 54%|█████▍    | 3121/5794 [00:48<00:41, 63.73it/s]
 54%|█████▍    | 3128/5794 [00:48<00:41, 63.65it/s]
 54%|█████▍    | 3135/5794 [00:48<00:41, 63.71it/s]
 54%|█████▍    | 3142/5794 [00:48<00:41, 63.85it/s]
 54%|█████▍    | 3149/5794 [00:48<00:41, 63.78it/s]
 54%|█████▍    | 3156/5794 [00:48<00:41, 63.69it/s]
 55%|█████▍    | 3163/5794 [00:48<00:41, 63.83it/s]
 55%|█████▍    | 3170/5794 [00:48<00:41, 63.69it/s]
 55%|█████▍    | 3177/5794 [00:48<00:41, 63.81it/s]
 55%|█████▍    | 3184/5794 [00:49<00:41, 63.58it/s]
 55%|█████▌    | 3191/5794 [00:49<00:40, 63.73it/s]
 55%|█████▌    | 3198/5794 [00:49<00:40, 63.84it/s]
 55%|█████▌    | 3205/5794 [00:49<00:40, 63.78it/s]
 55%|█████▌    | 3212/5794 [00:49<00:40, 63.87it/s]
 56%|█████▌    | 3219/5794 [00:49<00:40, 63.75it/s]
 56%|█████▌    | 3226/5794 [00:49<00:40, 63.93it/s]
 56%|█████▌    | 3233/5794 [00:49<00:40, 63.63it/s]
 56%|█████▌    | 3240/5794 [00:49<00:40, 63.73it/s]
 56%|█████▌    | 3247/5794 [00:50<00:39, 64.91it/s]
 56%|█████▌    | 3254/5794 [00:50<00:39, 64.75it/s]
 56%|█████▋    | 3261/5794 [00:50<00:39, 64.49it/s]
 56%|█████▋    | 3268/5794 [00:50<00:39, 64.28it/s]
 57%|█████▋    | 3275/5794 [00:50<00:39, 64.21it/s]
 57%|█████▋    | 3282/5794 [00:50<00:39, 64.18it/s]
 57%|█████▋    | 3289/5794 [00:50<00:39, 63.52it/s]
 57%|█████▋    | 3296/5794 [00:50<00:39, 63.48it/s]
 57%|█████▋    | 3303/5794 [00:50<00:39, 63.38it/s]
 57%|█████▋    | 3310/5794 [00:51<00:39, 63.23it/s]
 57%|█████▋    | 3317/5794 [00:51<00:38, 64.15it/s]
 57%|█████▋    | 3325/5794 [00:51<00:37, 66.12it/s]
 58%|█████▊    | 3333/5794 [00:51<00:36, 67.73it/s]
 58%|█████▊    | 3341/5794 [00:51<00:35, 68.52it/s]
 58%|█████▊    | 3349/5794 [00:51<00:35, 69.38it/s]
 58%|█████▊    | 3356/5794 [00:51<00:35, 69.54it/s]
 58%|█████▊    | 3364/5794 [00:51<00:34, 70.11it/s]
 58%|█████▊    | 3372/5794 [00:51<00:34, 70.13it/s]
 58%|█████▊    | 3380/5794 [00:52<00:34, 70.41it/s]
 58%|█████▊    | 3388/5794 [00:52<00:34, 70.33it/s]
 59%|█████▊    | 3396/5794 [00:52<00:33, 70.56it/s]
 59%|█████▉    | 3404/5794 [00:52<00:33, 70.52it/s]
 59%|█████▉    | 3412/5794 [00:52<00:33, 70.74it/s]
 59%|█████▉    | 3420/5794 [00:52<00:33, 70.63it/s]
 59%|█████▉    | 3428/5794 [00:52<00:33, 70.86it/s]
 59%|█████▉    | 3436/5794 [00:52<00:33, 70.91it/s]
 59%|█████▉    | 3444/5794 [00:52<00:33, 70.91it/s]
 60%|█████▉    | 3452/5794 [00:53<00:33, 70.93it/s]
 60%|█████▉    | 3460/5794 [00:53<00:32, 70.90it/s]
 60%|█████▉    | 3468/5794 [00:53<00:32, 70.97it/s]
 60%|█████▉    | 3476/5794 [00:53<00:32, 70.91it/s]
 60%|██████    | 3484/5794 [00:53<00:32, 70.87it/s]
 60%|██████    | 3492/5794 [00:53<00:32, 70.79it/s]
 60%|██████    | 3500/5794 [00:53<00:32, 70.88it/s]
 61%|██████    | 3508/5794 [00:53<00:32, 70.75it/s]
 61%|██████    | 3516/5794 [00:53<00:32, 70.92it/s]
 61%|██████    | 3524/5794 [00:54<00:32, 70.55it/s]
 61%|██████    | 3532/5794 [00:54<00:31, 70.74it/s]
 61%|██████    | 3540/5794 [00:54<00:32, 69.90it/s]
 61%|██████    | 3548/5794 [00:54<00:31, 70.28it/s]
 61%|██████▏   | 3556/5794 [00:54<00:31, 70.34it/s]
 62%|██████▏   | 3564/5794 [00:54<00:31, 70.55it/s]
 62%|██████▏   | 3572/5794 [00:54<00:31, 70.80it/s]
 62%|██████▏   | 3580/5794 [00:54<00:31, 70.04it/s]
 62%|██████▏   | 3588/5794 [00:54<00:31, 70.33it/s]
 62%|██████▏   | 3596/5794 [00:55<00:31, 70.44it/s]
 62%|██████▏   | 3604/5794 [00:55<00:31, 70.61it/s]
 62%|██████▏   | 3612/5794 [00:55<00:30, 70.49it/s]
 62%|██████▏   | 3620/5794 [00:55<00:30, 70.61it/s]
 63%|██████▎   | 3628/5794 [00:55<00:30, 70.66it/s]
 63%|██████▎   | 3636/5794 [00:55<00:30, 70.82it/s]
 63%|██████▎   | 3644/5794 [00:55<00:30, 70.56it/s]
 63%|██████▎   | 3652/5794 [00:55<00:30, 70.64it/s]
 63%|██████▎   | 3660/5794 [00:55<00:30, 70.66it/s]
 63%|██████▎   | 3668/5794 [00:56<00:30, 70.61it/s]
 63%|██████▎   | 3676/5794 [00:56<00:29, 70.62it/s]
 64%|██████▎   | 3684/5794 [00:56<00:29, 70.82it/s]
 64%|██████▎   | 3692/5794 [00:56<00:29, 70.76it/s]
 64%|██████▍   | 3700/5794 [00:56<00:29, 70.69it/s]
 64%|██████▍   | 3708/5794 [00:56<00:29, 70.74it/s]
 64%|██████▍   | 3716/5794 [00:56<00:29, 69.79it/s]
 64%|██████▍   | 3723/5794 [00:56<00:30, 68.16it/s]
 64%|██████▍   | 3730/5794 [00:56<00:30, 66.66it/s]
 64%|██████▍   | 3737/5794 [00:57<00:31, 65.90it/s]
 65%|██████▍   | 3744/5794 [00:57<00:31, 65.13it/s]
 65%|██████▍   | 3751/5794 [00:57<00:31, 64.81it/s]
 65%|██████▍   | 3758/5794 [00:57<00:31, 64.49it/s]
 65%|██████▍   | 3765/5794 [00:57<00:31, 64.18it/s]
 65%|██████▌   | 3772/5794 [00:57<00:31, 64.13it/s]
 65%|██████▌   | 3779/5794 [00:57<00:31, 63.30it/s]
 65%|██████▌   | 3786/5794 [00:57<00:31, 63.57it/s]
 65%|██████▌   | 3793/5794 [00:57<00:31, 63.65it/s]
 66%|██████▌   | 3800/5794 [00:58<00:31, 63.66it/s]
 66%|██████▌   | 3807/5794 [00:58<00:31, 63.77it/s]
 66%|██████▌   | 3814/5794 [00:58<00:31, 63.85it/s]
 66%|██████▌   | 3821/5794 [00:58<00:30, 64.04it/s]
 66%|██████▌   | 3828/5794 [00:58<00:30, 64.00it/s]
 66%|██████▌   | 3835/5794 [00:58<00:30, 64.08it/s]
 66%|██████▋   | 3842/5794 [00:58<00:30, 64.24it/s]
 66%|██████▋   | 3849/5794 [00:58<00:30, 64.14it/s]
 67%|██████▋   | 3856/5794 [00:58<00:30, 64.25it/s]
 67%|██████▋   | 3863/5794 [00:59<00:30, 64.03it/s]
 67%|██████▋   | 3870/5794 [00:59<00:29, 64.16it/s]
 67%|██████▋   | 3877/5794 [00:59<00:29, 64.07it/s]
 67%|██████▋   | 3884/5794 [00:59<00:29, 63.94it/s]
 67%|██████▋   | 3891/5794 [00:59<00:29, 64.03it/s]
 67%|██████▋   | 3898/5794 [00:59<00:29, 63.94it/s]
 67%|██████▋   | 3905/5794 [00:59<00:28, 65.31it/s]
 68%|██████▊   | 3913/5794 [00:59<00:28, 66.88it/s]
 68%|██████▊   | 3921/5794 [00:59<00:27, 67.98it/s]
 68%|██████▊   | 3928/5794 [01:00<00:27, 68.43it/s]
 68%|██████▊   | 3936/5794 [01:00<00:26, 69.80it/s]
 68%|██████▊   | 3944/5794 [01:00<00:26, 70.20it/s]
 68%|██████▊   | 3952/5794 [01:00<00:26, 69.88it/s]
 68%|██████▊   | 3960/5794 [01:00<00:26, 70.01it/s]
 68%|██████▊   | 3968/5794 [01:00<00:26, 70.02it/s]
 69%|██████▊   | 3976/5794 [01:00<00:26, 69.51it/s]
 69%|██████▊   | 3983/5794 [01:00<00:26, 68.31it/s]
 69%|██████▉   | 3990/5794 [01:00<00:26, 66.94it/s]
 69%|██████▉   | 3997/5794 [01:01<00:27, 65.77it/s]
 69%|██████▉   | 4004/5794 [01:01<00:27, 65.11it/s]
 69%|██████▉   | 4011/5794 [01:01<00:27, 64.53it/s]
 69%|██████▉   | 4018/5794 [01:01<00:27, 64.11it/s]
 69%|██████▉   | 4025/5794 [01:01<00:27, 63.99it/s]
 70%|██████▉   | 4032/5794 [01:01<00:27, 63.61it/s]
 70%|██████▉   | 4039/5794 [01:01<00:27, 63.51it/s]
 70%|██████▉   | 4046/5794 [01:01<00:27, 63.61it/s]
 70%|██████▉   | 4053/5794 [01:01<00:27, 63.61it/s]
 70%|███████   | 4060/5794 [01:02<00:27, 63.68it/s]
 70%|███████   | 4067/5794 [01:02<00:27, 63.61it/s]
 70%|███████   | 4074/5794 [01:02<00:26, 63.79it/s]
 70%|███████   | 4081/5794 [01:02<00:26, 64.29it/s]
 71%|███████   | 4089/5794 [01:02<00:25, 66.39it/s]
 71%|███████   | 4097/5794 [01:02<00:24, 67.92it/s]
 71%|███████   | 4105/5794 [01:02<00:24, 68.95it/s]
 71%|███████   | 4113/5794 [01:02<00:24, 69.71it/s]
 71%|███████   | 4121/5794 [01:02<00:23, 70.04it/s]
 71%|███████▏  | 4129/5794 [01:03<00:23, 70.32it/s]
 71%|███████▏  | 4137/5794 [01:03<00:24, 68.97it/s]
 72%|███████▏  | 4144/5794 [01:03<00:24, 67.65it/s]
 72%|███████▏  | 4151/5794 [01:03<00:24, 66.33it/s]
 72%|███████▏  | 4158/5794 [01:03<00:24, 65.76it/s]
 72%|███████▏  | 4165/5794 [01:03<00:24, 65.32it/s]
 72%|███████▏  | 4172/5794 [01:03<00:25, 64.81it/s]
 72%|███████▏  | 4179/5794 [01:03<00:25, 64.52it/s]
 72%|███████▏  | 4186/5794 [01:03<00:25, 64.23it/s]
 72%|███████▏  | 4193/5794 [01:04<00:24, 64.21it/s]
 72%|███████▏  | 4200/5794 [01:04<00:24, 64.16it/s]
 73%|███████▎  | 4207/5794 [01:04<00:24, 64.00it/s]
 73%|███████▎  | 4214/5794 [01:04<00:24, 64.07it/s]
 73%|███████▎  | 4222/5794 [01:04<00:23, 66.11it/s]
 73%|███████▎  | 4230/5794 [01:04<00:23, 67.81it/s]
 73%|███████▎  | 4238/5794 [01:04<00:22, 68.80it/s]
 73%|███████▎  | 4245/5794 [01:04<00:22, 69.02it/s]
 73%|███████▎  | 4253/5794 [01:04<00:22, 69.74it/s]
 74%|███████▎  | 4261/5794 [01:05<00:21, 70.87it/s]
 74%|███████▎  | 4269/5794 [01:05<00:21, 71.70it/s]
 74%|███████▍  | 4277/5794 [01:05<00:21, 71.31it/s]
 74%|███████▍  | 4285/5794 [01:05<00:21, 71.11it/s]
 74%|███████▍  | 4293/5794 [01:05<00:21, 70.24it/s]
 74%|███████▍  | 4301/5794 [01:05<00:21, 70.57it/s]
 74%|███████▍  | 4309/5794 [01:05<00:21, 70.50it/s]
 75%|███████▍  | 4317/5794 [01:05<00:20, 70.68it/s]
 75%|███████▍  | 4325/5794 [01:05<00:20, 70.52it/s]
 75%|███████▍  | 4333/5794 [01:06<00:20, 70.62it/s]
 75%|███████▍  | 4341/5794 [01:06<00:20, 70.55it/s]
 75%|███████▌  | 4349/5794 [01:06<00:20, 70.62it/s]
 75%|███████▌  | 4357/5794 [01:06<00:20, 70.56it/s]
 75%|███████▌  | 4365/5794 [01:06<00:20, 70.55it/s]
 75%|███████▌  | 4373/5794 [01:06<00:20, 68.13it/s]
 76%|███████▌  | 4380/5794 [01:06<00:21, 66.41it/s]
 76%|███████▌  | 4387/5794 [01:06<00:21, 65.79it/s]
 76%|███████▌  | 4394/5794 [01:06<00:21, 65.15it/s]
 76%|███████▌  | 4401/5794 [01:07<00:21, 64.98it/s]
 76%|███████▌  | 4408/5794 [01:07<00:21, 64.62it/s]
 76%|███████▌  | 4415/5794 [01:07<00:21, 64.54it/s]
 76%|███████▋  | 4422/5794 [01:07<00:21, 64.42it/s]
 76%|███████▋  | 4429/5794 [01:07<00:21, 64.29it/s]
 77%|███████▋  | 4436/5794 [01:07<00:21, 64.31it/s]
 77%|███████▋  | 4443/5794 [01:07<00:21, 64.15it/s]
 77%|███████▋  | 4450/5794 [01:07<00:20, 64.22it/s]
 77%|███████▋  | 4457/5794 [01:07<00:20, 64.00it/s]
 77%|███████▋  | 4464/5794 [01:08<00:20, 64.10it/s]
 77%|███████▋  | 4471/5794 [01:08<00:20, 64.13it/s]
 77%|███████▋  | 4478/5794 [01:08<00:20, 64.06it/s]
 77%|███████▋  | 4485/5794 [01:08<00:20, 64.12it/s]
 78%|███████▊  | 4492/5794 [01:08<00:20, 63.99it/s]
 78%|███████▊  | 4499/5794 [01:08<00:20, 64.16it/s]
 78%|███████▊  | 4506/5794 [01:08<00:20, 64.21it/s]
 78%|███████▊  | 4513/5794 [01:08<00:19, 64.13it/s]
 78%|███████▊  | 4520/5794 [01:08<00:19, 64.25it/s]
 78%|███████▊  | 4527/5794 [01:09<00:19, 64.00it/s]
 78%|███████▊  | 4534/5794 [01:09<00:19, 64.05it/s]
 78%|███████▊  | 4541/5794 [01:09<00:19, 64.08it/s]
 78%|███████▊  | 4548/5794 [01:09<00:19, 64.10it/s]
 79%|███████▊  | 4555/5794 [01:09<00:19, 64.04it/s]
 79%|███████▊  | 4562/5794 [01:09<00:19, 63.96it/s]
 79%|███████▉  | 4569/5794 [01:09<00:18, 64.94it/s]
 79%|███████▉  | 4577/5794 [01:09<00:18, 66.74it/s]
 79%|███████▉  | 4585/5794 [01:09<00:17, 68.10it/s]
 79%|███████▉  | 4592/5794 [01:10<00:18, 66.58it/s]
 79%|███████▉  | 4599/5794 [01:10<00:18, 65.73it/s]
 79%|███████▉  | 4606/5794 [01:10<00:18, 65.26it/s]
 80%|███████▉  | 4613/5794 [01:10<00:18, 64.83it/s]
 80%|███████▉  | 4620/5794 [01:10<00:18, 64.69it/s]
 80%|███████▉  | 4627/5794 [01:10<00:18, 64.08it/s]
 80%|███████▉  | 4634/5794 [01:10<00:18, 63.83it/s]
 80%|████████  | 4641/5794 [01:10<00:18, 63.99it/s]
 80%|████████  | 4648/5794 [01:10<00:17, 63.79it/s]
 80%|████████  | 4655/5794 [01:11<00:17, 64.00it/s]
 80%|████████  | 4662/5794 [01:11<00:17, 63.78it/s]
 81%|████████  | 4669/5794 [01:11<00:17, 63.89it/s]
 81%|████████  | 4676/5794 [01:11<00:17, 63.81it/s]
 81%|████████  | 4683/5794 [01:11<00:17, 63.64it/s]
 81%|████████  | 4690/5794 [01:11<00:17, 63.56it/s]
 81%|████████  | 4697/5794 [01:11<00:16, 64.83it/s]
 81%|████████  | 4704/5794 [01:11<00:16, 66.00it/s]
 81%|████████▏ | 4711/5794 [01:11<00:16, 65.49it/s]
 81%|████████▏ | 4718/5794 [01:11<00:16, 65.05it/s]
 82%|████████▏ | 4725/5794 [01:12<00:16, 64.95it/s]
 82%|████████▏ | 4732/5794 [01:12<00:16, 64.59it/s]
 82%|████████▏ | 4739/5794 [01:12<00:16, 64.63it/s]
 82%|████████▏ | 4747/5794 [01:12<00:15, 66.51it/s]
 82%|████████▏ | 4755/5794 [01:12<00:15, 68.16it/s]
 82%|████████▏ | 4763/5794 [01:12<00:14, 68.98it/s]
 82%|████████▏ | 4771/5794 [01:12<00:14, 69.70it/s]
 82%|████████▏ | 4779/5794 [01:12<00:14, 70.13it/s]
 83%|████████▎ | 4787/5794 [01:12<00:14, 70.37it/s]
 83%|████████▎ | 4795/5794 [01:13<00:14, 70.49it/s]
 83%|████████▎ | 4803/5794 [01:13<00:14, 68.84it/s]
 83%|████████▎ | 4810/5794 [01:13<00:14, 67.58it/s]
 83%|████████▎ | 4817/5794 [01:13<00:14, 66.24it/s]
 83%|████████▎ | 4824/5794 [01:13<00:14, 65.63it/s]
 83%|████████▎ | 4831/5794 [01:13<00:14, 64.76it/s]
 84%|████████▎ | 4838/5794 [01:13<00:14, 64.69it/s]
 84%|████████▎ | 4845/5794 [01:13<00:14, 64.42it/s]
 84%|████████▎ | 4852/5794 [01:13<00:14, 64.25it/s]
 84%|████████▍ | 4860/5794 [01:14<00:14, 66.15it/s]
 84%|████████▍ | 4868/5794 [01:14<00:13, 67.74it/s]
 84%|████████▍ | 4876/5794 [01:14<00:13, 69.08it/s]
 84%|████████▍ | 4884/5794 [01:14<00:13, 69.70it/s]
 84%|████████▍ | 4892/5794 [01:14<00:12, 70.01it/s]
 85%|████████▍ | 4900/5794 [01:14<00:12, 70.36it/s]
 85%|████████▍ | 4908/5794 [01:14<00:12, 70.58it/s]
 85%|████████▍ | 4916/5794 [01:14<00:12, 70.57it/s]
 85%|████████▍ | 4924/5794 [01:15<00:12, 70.83it/s]
 85%|████████▌ | 4932/5794 [01:15<00:12, 71.10it/s]
 85%|████████▌ | 4940/5794 [01:15<00:12, 69.14it/s]
 85%|████████▌ | 4947/5794 [01:15<00:12, 67.58it/s]
 86%|████████▌ | 4954/5794 [01:15<00:12, 66.46it/s]
 86%|████████▌ | 4961/5794 [01:15<00:12, 65.93it/s]
 86%|████████▌ | 4968/5794 [01:15<00:12, 65.31it/s]
 86%|████████▌ | 4975/5794 [01:15<00:12, 64.88it/s]
 86%|████████▌ | 4982/5794 [01:15<00:12, 64.72it/s]
 86%|████████▌ | 4989/5794 [01:16<00:12, 64.58it/s]
 86%|████████▌ | 4996/5794 [01:16<00:12, 64.55it/s]
 86%|████████▋ | 5003/5794 [01:16<00:12, 64.20it/s]
 86%|████████▋ | 5010/5794 [01:16<00:12, 64.36it/s]
 87%|████████▋ | 5017/5794 [01:16<00:12, 64.41it/s]
 87%|████████▋ | 5024/5794 [01:16<00:11, 64.28it/s]
 87%|████████▋ | 5031/5794 [01:16<00:11, 64.01it/s]
 87%|████████▋ | 5038/5794 [01:16<00:11, 64.52it/s]
 87%|████████▋ | 5046/5794 [01:16<00:11, 67.32it/s]
 87%|████████▋ | 5054/5794 [01:16<00:10, 69.24it/s]
 87%|████████▋ | 5061/5794 [01:17<00:10, 69.10it/s]
 87%|████████▋ | 5068/5794 [01:17<00:10, 67.52it/s]
 88%|████████▊ | 5075/5794 [01:17<00:10, 66.31it/s]
 88%|████████▊ | 5082/5794 [01:17<00:10, 65.59it/s]
 88%|████████▊ | 5089/5794 [01:17<00:10, 64.94it/s]
 88%|████████▊ | 5096/5794 [01:17<00:10, 64.56it/s]
 88%|████████▊ | 5103/5794 [01:17<00:10, 64.06it/s]
 88%|████████▊ | 5110/5794 [01:17<00:10, 64.00it/s]
 88%|████████▊ | 5117/5794 [01:17<00:10, 63.72it/s]
 88%|████████▊ | 5124/5794 [01:18<00:10, 63.45it/s]
 89%|████████▊ | 5131/5794 [01:18<00:10, 63.49it/s]
 89%|████████▊ | 5139/5794 [01:18<00:09, 65.71it/s]
 89%|████████▉ | 5147/5794 [01:18<00:09, 67.35it/s]
 89%|████████▉ | 5155/5794 [01:18<00:09, 68.54it/s]
 89%|████████▉ | 5163/5794 [01:18<00:09, 69.70it/s]
 89%|████████▉ | 5171/5794 [01:18<00:08, 70.12it/s]
 89%|████████▉ | 5179/5794 [01:18<00:08, 70.78it/s]
 90%|████████▉ | 5187/5794 [01:18<00:08, 71.04it/s]
 90%|████████▉ | 5195/5794 [01:19<00:08, 71.34it/s]
 90%|████████▉ | 5203/5794 [01:19<00:08, 71.46it/s]
 90%|████████▉ | 5211/5794 [01:19<00:08, 71.59it/s]
 90%|█████████ | 5219/5794 [01:19<00:08, 71.74it/s]
 90%|█████████ | 5227/5794 [01:19<00:07, 71.83it/s]
 90%|█████████ | 5235/5794 [01:19<00:07, 71.85it/s]
 90%|█████████ | 5243/5794 [01:19<00:07, 71.82it/s]
 91%|█████████ | 5251/5794 [01:19<00:07, 71.92it/s]
 91%|█████████ | 5259/5794 [01:19<00:07, 71.86it/s]
 91%|█████████ | 5267/5794 [01:20<00:07, 72.01it/s]
 91%|█████████ | 5275/5794 [01:20<00:07, 71.97it/s]
 91%|█████████ | 5283/5794 [01:20<00:07, 72.06it/s]
 91%|█████████▏| 5291/5794 [01:20<00:06, 71.90it/s]
 91%|█████████▏| 5299/5794 [01:20<00:06, 72.01it/s]
 92%|█████████▏| 5307/5794 [01:20<00:06, 71.92it/s]
 92%|█████████▏| 5315/5794 [01:20<00:06, 72.02it/s]
 92%|█████████▏| 5323/5794 [01:20<00:06, 72.12it/s]
 92%|█████████▏| 5331/5794 [01:20<00:06, 71.99it/s]
 92%|█████████▏| 5339/5794 [01:21<00:06, 72.01it/s]
 92%|█████████▏| 5347/5794 [01:21<00:06, 71.93it/s]
 92%|█████████▏| 5355/5794 [01:21<00:06, 71.76it/s]
 93%|█████████▎| 5363/5794 [01:21<00:06, 71.66it/s]
 93%|█████████▎| 5371/5794 [01:21<00:05, 71.72it/s]
 93%|█████████▎| 5379/5794 [01:21<00:05, 70.98it/s]
 93%|█████████▎| 5387/5794 [01:21<00:05, 68.76it/s]
 93%|█████████▎| 5394/5794 [01:21<00:05, 67.19it/s]
 93%|█████████▎| 5401/5794 [01:21<00:05, 66.25it/s]
 93%|█████████▎| 5408/5794 [01:22<00:05, 65.65it/s]
 93%|█████████▎| 5415/5794 [01:22<00:05, 64.72it/s]
 94%|█████████▎| 5422/5794 [01:22<00:05, 64.54it/s]
 94%|█████████▎| 5429/5794 [01:22<00:05, 64.21it/s]
 94%|█████████▍| 5436/5794 [01:22<00:05, 64.16it/s]
 94%|█████████▍| 5443/5794 [01:22<00:05, 63.77it/s]
 94%|█████████▍| 5450/5794 [01:22<00:05, 63.87it/s]
 94%|█████████▍| 5457/5794 [01:22<00:05, 63.93it/s]
 94%|█████████▍| 5464/5794 [01:22<00:05, 63.83it/s]
 94%|█████████▍| 5471/5794 [01:23<00:05, 63.74it/s]
 95%|█████████▍| 5478/5794 [01:23<00:04, 63.61it/s]
 95%|█████████▍| 5485/5794 [01:23<00:04, 63.80it/s]
 95%|█████████▍| 5492/5794 [01:23<00:04, 63.37it/s]
 95%|█████████▍| 5499/5794 [01:23<00:04, 63.22it/s]
 95%|█████████▌| 5506/5794 [01:23<00:04, 63.44it/s]
 95%|█████████▌| 5513/5794 [01:23<00:04, 63.43it/s]
 95%|█████████▌| 5520/5794 [01:23<00:04, 63.42it/s]
 95%|█████████▌| 5527/5794 [01:23<00:04, 63.57it/s]
 96%|█████████▌| 5534/5794 [01:24<00:04, 63.62it/s]
 96%|█████████▌| 5541/5794 [01:24<00:03, 63.71it/s]
 96%|█████████▌| 5548/5794 [01:24<00:03, 63.54it/s]
 96%|█████████▌| 5555/5794 [01:24<00:03, 63.72it/s]
 96%|█████████▌| 5562/5794 [01:24<00:03, 63.60it/s]
 96%|█████████▌| 5569/5794 [01:24<00:03, 63.75it/s]
 96%|█████████▌| 5576/5794 [01:24<00:03, 63.74it/s]
 96%|█████████▋| 5583/5794 [01:24<00:03, 63.29it/s]
 96%|█████████▋| 5590/5794 [01:24<00:03, 63.54it/s]
 97%|█████████▋| 5597/5794 [01:25<00:03, 63.56it/s]
 97%|█████████▋| 5604/5794 [01:25<00:02, 63.68it/s]
 97%|█████████▋| 5611/5794 [01:25<00:02, 63.68it/s]
 97%|█████████▋| 5618/5794 [01:25<00:02, 63.64it/s]
 97%|█████████▋| 5626/5794 [01:25<00:02, 65.84it/s]
 97%|█████████▋| 5634/5794 [01:25<00:02, 67.66it/s]
 97%|█████████▋| 5642/5794 [01:25<00:02, 69.08it/s]
 98%|█████████▊| 5650/5794 [01:25<00:02, 69.93it/s]
 98%|█████████▊| 5658/5794 [01:25<00:01, 70.61it/s]
 98%|█████████▊| 5666/5794 [01:26<00:01, 71.01it/s]
 98%|█████████▊| 5674/5794 [01:26<00:01, 71.43it/s]
 98%|█████████▊| 5682/5794 [01:26<00:01, 71.47it/s]
 98%|█████████▊| 5690/5794 [01:26<00:01, 71.69it/s]
 98%|█████████▊| 5698/5794 [01:26<00:01, 71.62it/s]
 98%|█████████▊| 5706/5794 [01:26<00:01, 71.85it/s]
 99%|█████████▊| 5714/5794 [01:26<00:01, 70.45it/s]
 99%|█████████▉| 5722/5794 [01:26<00:01, 68.27it/s]
 99%|█████████▉| 5729/5794 [01:26<00:00, 67.01it/s]
 99%|█████████▉| 5736/5794 [01:27<00:00, 67.30it/s]
 99%|█████████▉| 5744/5794 [01:27<00:00, 68.63it/s]
 99%|█████████▉| 5751/5794 [01:27<00:00, 66.87it/s]
 99%|█████████▉| 5758/5794 [01:27<00:00, 65.74it/s]
 99%|█████████▉| 5765/5794 [01:27<00:00, 65.00it/s]
100%|█████████▉| 5772/5794 [01:27<00:00, 64.46it/s]
100%|█████████▉| 5779/5794 [01:27<00:00, 64.26it/s]
100%|█████████▉| 5786/5794 [01:27<00:00, 63.67it/s]
100%|█████████▉| 5793/5794 [01:27<00:00, 64.44it/s]
100%|██████████| 5794/5794 [01:28<00:00, 65.79it/s]
BALANCED ACCS CHECKED FOR TEST
TEST SET RESULTS FOR CHECKPOINT trained_weights/waterbirds/upweight_waterbird_complete95_forest2water2_21050510_trial_000/best_balanced_valacc_0.67_epoch_0.ckpt
test_acc: 0.6536071798412151
balanced_test_acc: 0.6632916813450207
Land_on_Land_test_acc: 0.9778270509977827
Land_on_Water_test_acc: 0.3139689578713969
Water_on_Land_test_acc: 0.3987538940809969
Water_on_Water_test_acc: 0.9626168224299065
test_acc_Waterbird: 0.6806853582554517
test_acc_Landbird: 0.6458980044345898
