[CMD] /home/ryreu/miniconda3/envs/gals_a100/bin/python -u main.py --config configs/waterbirds_100_gals_ourmasks.yaml --name gals_waterbird_1.0_forest2water2_21050510_trial_000 DATA.ROOT=/home/ryreu/guided_cnn/waterbirds DATA.WATERBIRDS_DIR=waterbird_1.0_forest2water2 SEED=0 EXP.BASE.LR=0.0010000000000000002 EXP.CLASSIFIER.LR=9.999999999999991e-05 EXP.WEIGHT_DECAY=9.999999999999997e-06 EXP.AUX_LOSSES_ON_VAL=False EXP.LOSSES.GRADIENT_OUTSIDE.WEIGHT=10.000000000000002 DATA.SEGMENTATION_DIR=/home/ryreu/guided_cnn/waterbirds/L100/LearningToLook/code/WeCLIPPlus/results/val/prediction_cmap DATA.SEG_TRAIN_ONLY=True EXP.NUM_EPOCHS=1
SEED: 0
DATA:
  BATCH_SIZE: 96
  NUM_WORKERS: 4
  SIZE: 224
  NORMALIZATION: imagenet
  ATTENTION_DIR: NONE
  SEPARATE_CLASSES: false
  REMOVE_BACKGROUND: false
  ROOT: /home/ryreu/guided_cnn/waterbirds
  USE_CLASS_WEIGHTS: false
  USE_GROUP_WEIGHTS: false
  DATASET: waterbirds
  NUM_CLASSES: 2
  CONFOUNDING_FACTOR: 1.0
  WATERBIRDS_DIR: waterbird_1.0_forest2water2
  SEGMENTATION_DIR: /home/ryreu/guided_cnn/waterbirds/L100/LearningToLook/code/WeCLIPPlus/results/val/prediction_cmap
  SEG_TRAIN_ONLY: true
EXP:
  NUM_TRIALS: 1
  LOSSES:
    CLASSIFICATION:
      WEIGHT: 1
    GRADIENT_OUTSIDE:
      COMPUTE: true
      LOG: false
      WEIGHT: 10.000000000000002
      CRITERION: L1
      GT: segmentation
      COMBINE_ATT_MODE: average_nonzero
    GRADIENT_INSIDE:
      COMPUTE: false
      LOG: false
      WEIGHT: 1
      CRITERION: L1
      GT: segmentation
      COMBINE_ATT_MODE: average_nonzero
    GRADCAM:
      COMPUTE: false
      LOG: false
      WEIGHT: 1
      CRITERION: L1
      GT: segmentation
      MODE: match
      COMBINE_ATT_MODE: average_nonzero
  APPROACH: generic
  MODEL: resnet50
  PRETRAINED: true
  NUM_EPOCHS: 1
  OPTIMIZER: SGD
  WEIGHT_DECAY: 9.999999999999997e-06
  MOMENTUM: 0.9
  SCHEDULER: NONE
  AUX_LOSSES_ON_VAL: false
  BASE:
    LR: 0.0010000000000000002
  CLASSIFIER:
    LR: 9.999999999999991e-05
LOGGING:
  SAVE_EVERY: 0
  SAVE_BEST: true
  SAVE_LAST: false
  LOG_ATTENTION: false
  LOG_ATTENTION_STEP: 10
  SAVE_STATS_PATH: null
yaml: configs/waterbirds_100_gals_ourmasks.yaml
name: gals_waterbird_1.0_forest2water2_21050510_trial_000
test_checkpoint: null

WATERBIRDS DIR: /home/ryreu/guided_cnn/waterbirds/waterbird_1.0_forest2water2
NUMBER OF SAMPLES WITH LABEL Landbird: 3684
NUMBER OF SAMPLES WITH LABEL Waterbird: 1111
NUMBER OF SAMPLES WITH GROUP Land_on_Land: 3684
NUMBER OF SAMPLES WITH GROUP Land_on_Water: 0
NUMBER OF SAMPLES WITH GROUP Water_on_Land: 0
NUMBER OF SAMPLES WITH GROUP Water_on_Water: 1111
WATERBIRDS DIR: /home/ryreu/guided_cnn/waterbirds/waterbird_1.0_forest2water2
NUMBER OF SAMPLES WITH LABEL Landbird: 931
NUMBER OF SAMPLES WITH LABEL Waterbird: 268
NUMBER OF SAMPLES WITH GROUP Land_on_Land: 465
NUMBER OF SAMPLES WITH GROUP Land_on_Water: 466
NUMBER OF SAMPLES WITH GROUP Water_on_Land: 134
NUMBER OF SAMPLES WITH GROUP Water_on_Water: 134
NUM TRAIN: 4795

NUM VAL:   1199

Number classifier outputs: 1
Using pretrained model: True
USING SGD OPTIMIZER
class weights: None
group weights: None
WANDB DISABLED: skipping wandb.init()
EPOCH: 0

>>> TRAINING 


  0%|          | 0/50 [00:00<?, ?it/s]
  2%|▏         | 1/50 [00:04<03:45,  4.60s/it]
  4%|▍         | 2/50 [00:05<02:00,  2.52s/it]
  6%|▌         | 3/50 [00:06<01:26,  1.85s/it]
  8%|▊         | 4/50 [00:07<01:10,  1.53s/it]
 10%|█         | 5/50 [00:08<01:01,  1.36s/it]
 12%|█▏        | 6/50 [00:09<00:55,  1.25s/it]
 14%|█▍        | 7/50 [00:10<00:51,  1.19s/it]
 16%|█▌        | 8/50 [00:11<00:47,  1.14s/it]
 18%|█▊        | 9/50 [00:13<00:45,  1.11s/it]
 20%|██        | 10/50 [00:14<00:43,  1.09s/it]
 22%|██▏       | 11/50 [00:15<00:42,  1.08s/it]
 24%|██▍       | 12/50 [00:16<00:40,  1.07s/it]
 26%|██▌       | 13/50 [00:17<00:39,  1.06s/it]
 28%|██▊       | 14/50 [00:18<00:38,  1.06s/it]
 30%|███       | 15/50 [00:19<00:36,  1.05s/it]
 32%|███▏      | 16/50 [00:20<00:35,  1.05s/it]
 34%|███▍      | 17/50 [00:21<00:34,  1.05s/it]
 36%|███▌      | 18/50 [00:22<00:33,  1.05s/it]
 38%|███▊      | 19/50 [00:23<00:32,  1.05s/it]
 40%|████      | 20/50 [00:24<00:31,  1.05s/it]
 42%|████▏     | 21/50 [00:25<00:30,  1.05s/it]
 44%|████▍     | 22/50 [00:26<00:29,  1.05s/it]
 46%|████▌     | 23/50 [00:27<00:28,  1.05s/it]
 48%|████▊     | 24/50 [00:28<00:27,  1.05s/it]
 50%|█████     | 25/50 [00:29<00:26,  1.05s/it]
 52%|█████▏    | 26/50 [00:30<00:25,  1.05s/it]
 54%|█████▍    | 27/50 [00:31<00:24,  1.05s/it]
 56%|█████▌    | 28/50 [00:32<00:23,  1.05s/it]
 58%|█████▊    | 29/50 [00:33<00:22,  1.05s/it]
 60%|██████    | 30/50 [00:34<00:20,  1.05s/it]
 62%|██████▏   | 31/50 [00:36<00:19,  1.05s/it]
 64%|██████▍   | 32/50 [00:37<00:18,  1.05s/it]
 66%|██████▌   | 33/50 [00:38<00:17,  1.05s/it]
 68%|██████▊   | 34/50 [00:39<00:16,  1.05s/it]
 70%|███████   | 35/50 [00:40<00:15,  1.05s/it]
 72%|███████▏  | 36/50 [00:41<00:14,  1.05s/it]
 74%|███████▍  | 37/50 [00:42<00:13,  1.05s/it]
 76%|███████▌  | 38/50 [00:43<00:12,  1.05s/it]
 78%|███████▊  | 39/50 [00:44<00:11,  1.05s/it]
 80%|████████  | 40/50 [00:45<00:10,  1.05s/it]
 82%|████████▏ | 41/50 [00:46<00:09,  1.05s/it]
 84%|████████▍ | 42/50 [00:47<00:08,  1.05s/it]
 86%|████████▌ | 43/50 [00:48<00:07,  1.05s/it]
 88%|████████▊ | 44/50 [00:49<00:06,  1.05s/it]
 90%|█████████ | 45/50 [00:50<00:05,  1.05s/it]
 92%|█████████▏| 46/50 [00:51<00:04,  1.05s/it]
 94%|█████████▍| 47/50 [00:52<00:03,  1.05s/it]
 96%|█████████▌| 48/50 [00:53<00:02,  1.05s/it]
 98%|█████████▊| 49/50 [00:54<00:01,  1.05s/it]
100%|██████████| 50/50 [00:55<00:00,  1.04s/it]
100%|██████████| 50/50 [00:55<00:00,  1.12s/it]
>>> VALIDATING 


  0%|          | 0/13 [00:00<?, ?it/s]
  8%|▊         | 1/13 [00:00<00:09,  1.25it/s]
 23%|██▎       | 3/13 [00:00<00:02,  3.92it/s]
 38%|███▊      | 5/13 [00:01<00:01,  4.56it/s]
 54%|█████▍    | 7/13 [00:01<00:00,  6.52it/s]
 69%|██████▉   | 9/13 [00:01<00:00,  6.12it/s]
 85%|████████▍ | 11/13 [00:01<00:00,  7.78it/s]
100%|██████████| 13/13 [00:02<00:00,  9.64it/s]
100%|██████████| 13/13 [00:02<00:00,  6.20it/s]
>>> LOGGING 

BALANCED ACCS CHECKED FOR TRAIN
BALANCED ACCS CHECKED FOR VAL
train_acc: 0.7293013555787279
val_acc: 0.6839032527105922
train_cls_loss: 0.47431053930079725
val_cls_loss: 0.5665843930216607
train_total_loss: 0.4743357773990651
val_total_loss: 0.5665843930216607
balanced_train_acc: 0.6122934361840093
balanced_val_acc: 0.5705909229363387
Land_on_Land_train_acc: 0.8303474484256244
Land_on_Land_val_acc: 0.9956989247311828
Land_on_Water_train_acc: 0
Land_on_Water_val_acc: 0.555793991416309
Water_on_Land_train_acc: 0
Water_on_Land_val_acc: 0.03731343283582089
Water_on_Water_train_acc: 0.39423942394239425
Water_on_Water_val_acc: 0.6940298507462687
train_dydx_outside_segmentation_loss: 2.5237776774837688e-05
train_acc_Landbird: 0.8303474484256244
train_acc_Waterbird: 0.39423942394239425
val_acc_Landbird: 0.7755102040816326
val_acc_Waterbird: 0.3656716417910448
TRAIN ACC:        0.7293013555787279
VAL ACC:          0.6839032527105922
BALANCED VAL ACC: 0.5705909229363387
prev best list: []
Saving to trained_weights/waterbirds/gals_waterbird_1.0_forest2water2_21050510_trial_000/best_balanced_valacc_0.57_epoch_0.ckpt
>>> EVALUATING ON TEST SET
WATERBIRDS DIR: /home/ryreu/guided_cnn/waterbirds/waterbird_1.0_forest2water2
NUMBER OF SAMPLES WITH LABEL Landbird: 4510
NUMBER OF SAMPLES WITH LABEL Waterbird: 1284
NUMBER OF SAMPLES WITH GROUP Land_on_Land: 2255
NUMBER OF SAMPLES WITH GROUP Land_on_Water: 2255
NUMBER OF SAMPLES WITH GROUP Water_on_Land: 642
NUMBER OF SAMPLES WITH GROUP Water_on_Water: 642
NUM TEST:   5794

Loaded checkpoint trained_weights/waterbirds/gals_waterbird_1.0_forest2water2_21050510_trial_000/best_balanced_valacc_0.57_epoch_0.ckpt

  0%|          | 0/5794 [00:00<?, ?it/s]
  0%|          | 1/5794 [00:00<23:19,  4.14it/s]
  0%|          | 8/5794 [00:00<03:24, 28.23it/s]
  0%|          | 16/5794 [00:00<02:09, 44.59it/s]
  0%|          | 24/5794 [00:00<01:46, 54.30it/s]
  1%|          | 32/5794 [00:00<01:35, 60.57it/s]
  1%|          | 40/5794 [00:00<01:29, 64.44it/s]
  1%|          | 48/5794 [00:00<01:25, 67.12it/s]
  1%|          | 56/5794 [00:01<01:23, 68.75it/s]
  1%|          | 64/5794 [00:01<01:21, 70.12it/s]
  1%|          | 72/5794 [00:01<01:20, 71.03it/s]
  1%|▏         | 80/5794 [00:01<01:19, 71.78it/s]
  2%|▏         | 88/5794 [00:01<01:18, 72.29it/s]
  2%|▏         | 96/5794 [00:01<01:18, 72.39it/s]
  2%|▏         | 104/5794 [00:01<01:18, 72.52it/s]
  2%|▏         | 112/5794 [00:01<01:18, 72.67it/s]
  2%|▏         | 120/5794 [00:01<01:17, 72.82it/s]
  2%|▏         | 128/5794 [00:01<01:17, 72.76it/s]
  2%|▏         | 136/5794 [00:02<01:18, 72.34it/s]
  2%|▏         | 144/5794 [00:02<01:18, 72.34it/s]
  3%|▎         | 152/5794 [00:02<01:17, 72.51it/s]
  3%|▎         | 160/5794 [00:02<01:17, 72.52it/s]
  3%|▎         | 168/5794 [00:02<01:17, 72.72it/s]
  3%|▎         | 176/5794 [00:02<01:17, 72.61it/s]
  3%|▎         | 184/5794 [00:02<01:17, 72.75it/s]
  3%|▎         | 192/5794 [00:02<01:17, 72.63it/s]
  3%|▎         | 200/5794 [00:02<01:16, 72.77it/s]
  4%|▎         | 208/5794 [00:03<01:16, 72.60it/s]
  4%|▎         | 216/5794 [00:03<01:16, 72.65it/s]
  4%|▍         | 224/5794 [00:03<01:16, 72.68it/s]
  4%|▍         | 232/5794 [00:03<01:16, 72.63it/s]
  4%|▍         | 240/5794 [00:03<01:16, 72.86it/s]
  4%|▍         | 248/5794 [00:03<01:16, 72.75it/s]
  4%|▍         | 256/5794 [00:03<01:16, 72.81it/s]
  5%|▍         | 264/5794 [00:03<01:16, 72.60it/s]
  5%|▍         | 272/5794 [00:03<01:15, 72.73it/s]
  5%|▍         | 280/5794 [00:04<01:15, 72.79it/s]
  5%|▍         | 288/5794 [00:04<01:15, 72.61it/s]
  5%|▌         | 296/5794 [00:04<01:15, 72.69it/s]
  5%|▌         | 304/5794 [00:04<01:15, 72.59it/s]
  5%|▌         | 312/5794 [00:04<01:15, 72.55it/s]
  6%|▌         | 320/5794 [00:04<01:15, 72.39it/s]
  6%|▌         | 328/5794 [00:04<01:15, 72.37it/s]
  6%|▌         | 336/5794 [00:04<01:15, 72.30it/s]
  6%|▌         | 344/5794 [00:04<01:15, 72.31it/s]
  6%|▌         | 352/5794 [00:05<01:15, 72.39it/s]
  6%|▌         | 360/5794 [00:05<01:14, 72.56it/s]
  6%|▋         | 368/5794 [00:05<01:14, 72.60it/s]
  6%|▋         | 376/5794 [00:05<01:14, 72.65it/s]
  7%|▋         | 384/5794 [00:05<01:14, 72.64it/s]
  7%|▋         | 392/5794 [00:05<01:14, 72.66it/s]
  7%|▋         | 400/5794 [00:05<01:14, 72.62it/s]
  7%|▋         | 408/5794 [00:05<01:15, 71.77it/s]
  7%|▋         | 416/5794 [00:05<01:17, 69.20it/s]
  7%|▋         | 423/5794 [00:06<01:19, 67.81it/s]
  7%|▋         | 430/5794 [00:06<01:20, 66.78it/s]
  8%|▊         | 437/5794 [00:06<01:21, 66.10it/s]
  8%|▊         | 444/5794 [00:06<01:21, 65.56it/s]
  8%|▊         | 451/5794 [00:06<01:22, 64.84it/s]
  8%|▊         | 458/5794 [00:06<01:22, 64.65it/s]
  8%|▊         | 465/5794 [00:06<01:22, 64.54it/s]
  8%|▊         | 472/5794 [00:06<01:22, 64.72it/s]
  8%|▊         | 479/5794 [00:06<01:22, 64.64it/s]
  8%|▊         | 486/5794 [00:07<01:22, 64.56it/s]
  9%|▊         | 493/5794 [00:07<01:22, 64.58it/s]
  9%|▊         | 500/5794 [00:07<01:22, 64.44it/s]
  9%|▉         | 507/5794 [00:07<01:22, 64.44it/s]
  9%|▉         | 514/5794 [00:07<01:22, 64.31it/s]
  9%|▉         | 521/5794 [00:07<01:21, 64.45it/s]
  9%|▉         | 528/5794 [00:07<01:21, 64.45it/s]
  9%|▉         | 535/5794 [00:07<01:21, 64.33it/s]
  9%|▉         | 542/5794 [00:07<01:21, 64.40it/s]
  9%|▉         | 549/5794 [00:08<01:21, 64.23it/s]
 10%|▉         | 556/5794 [00:08<01:21, 64.13it/s]
 10%|▉         | 563/5794 [00:08<01:21, 64.17it/s]
 10%|▉         | 570/5794 [00:08<01:21, 64.21it/s]
 10%|▉         | 577/5794 [00:08<01:20, 64.43it/s]
 10%|█         | 584/5794 [00:08<01:21, 64.04it/s]
 10%|█         | 591/5794 [00:08<01:21, 64.14it/s]
 10%|█         | 598/5794 [00:08<01:20, 64.29it/s]
 10%|█         | 606/5794 [00:08<01:17, 66.76it/s]
 11%|█         | 613/5794 [00:09<01:17, 67.04it/s]
 11%|█         | 620/5794 [00:09<01:18, 66.17it/s]
 11%|█         | 627/5794 [00:09<01:18, 65.70it/s]
 11%|█         | 634/5794 [00:09<01:18, 65.41it/s]
 11%|█         | 641/5794 [00:09<01:19, 65.19it/s]
 11%|█         | 648/5794 [00:09<01:19, 64.74it/s]
 11%|█▏        | 655/5794 [00:09<01:19, 64.36it/s]
 11%|█▏        | 662/5794 [00:09<01:19, 64.50it/s]
 12%|█▏        | 669/5794 [00:09<01:19, 64.56it/s]
 12%|█▏        | 676/5794 [00:09<01:19, 64.64it/s]
 12%|█▏        | 683/5794 [00:10<01:19, 64.57it/s]
 12%|█▏        | 690/5794 [00:10<01:19, 64.58it/s]
 12%|█▏        | 697/5794 [00:10<01:19, 64.47it/s]
 12%|█▏        | 704/5794 [00:10<01:18, 64.49it/s]
 12%|█▏        | 711/5794 [00:10<01:18, 64.50it/s]
 12%|█▏        | 718/5794 [00:10<01:19, 63.76it/s]
 13%|█▎        | 725/5794 [00:10<01:19, 63.99it/s]
 13%|█▎        | 732/5794 [00:10<01:19, 64.06it/s]
 13%|█▎        | 739/5794 [00:10<01:19, 63.76it/s]
 13%|█▎        | 746/5794 [00:11<01:18, 63.94it/s]
 13%|█▎        | 753/5794 [00:11<01:19, 63.75it/s]
 13%|█▎        | 760/5794 [00:11<01:18, 64.02it/s]
 13%|█▎        | 767/5794 [00:11<01:18, 64.00it/s]
 13%|█▎        | 774/5794 [00:11<01:18, 64.07it/s]
 13%|█▎        | 781/5794 [00:11<01:18, 64.09it/s]
 14%|█▎        | 788/5794 [00:11<01:18, 64.03it/s]
 14%|█▎        | 795/5794 [00:11<01:18, 63.95it/s]
 14%|█▍        | 802/5794 [00:11<01:17, 64.05it/s]
 14%|█▍        | 809/5794 [00:12<01:16, 64.81it/s]
 14%|█▍        | 817/5794 [00:12<01:13, 67.36it/s]
 14%|█▍        | 824/5794 [00:12<01:13, 67.29it/s]
 14%|█▍        | 831/5794 [00:12<01:14, 66.52it/s]
 14%|█▍        | 838/5794 [00:12<01:15, 65.71it/s]
 15%|█▍        | 845/5794 [00:12<01:15, 65.49it/s]
 15%|█▍        | 852/5794 [00:12<01:15, 65.06it/s]
 15%|█▍        | 859/5794 [00:12<01:16, 64.85it/s]
 15%|█▍        | 866/5794 [00:12<01:16, 64.78it/s]
 15%|█▌        | 873/5794 [00:13<01:16, 64.67it/s]
 15%|█▌        | 880/5794 [00:13<01:15, 64.70it/s]
 15%|█▌        | 887/5794 [00:13<01:15, 64.62it/s]
 15%|█▌        | 894/5794 [00:13<01:15, 64.55it/s]
 16%|█▌        | 901/5794 [00:13<01:15, 64.60it/s]
 16%|█▌        | 908/5794 [00:13<01:15, 64.44it/s]
 16%|█▌        | 915/5794 [00:13<01:15, 64.49it/s]
 16%|█▌        | 922/5794 [00:13<01:15, 64.36it/s]
 16%|█▌        | 929/5794 [00:13<01:15, 64.48it/s]
 16%|█▌        | 936/5794 [00:14<01:15, 64.27it/s]
 16%|█▋        | 943/5794 [00:14<01:15, 64.21it/s]
 16%|█▋        | 950/5794 [00:14<01:15, 64.39it/s]
 17%|█▋        | 957/5794 [00:14<01:15, 64.33it/s]
 17%|█▋        | 964/5794 [00:14<01:14, 64.46it/s]
 17%|█▋        | 971/5794 [00:14<01:14, 64.33it/s]
 17%|█▋        | 978/5794 [00:14<01:14, 64.43it/s]
 17%|█▋        | 985/5794 [00:14<01:14, 64.44it/s]
 17%|█▋        | 992/5794 [00:14<01:14, 64.41it/s]
 17%|█▋        | 999/5794 [00:15<01:14, 64.46it/s]
 17%|█▋        | 1006/5794 [00:15<01:14, 64.51it/s]
 17%|█▋        | 1013/5794 [00:15<01:14, 64.43it/s]
 18%|█▊        | 1020/5794 [00:15<01:14, 64.48it/s]
 18%|█▊        | 1027/5794 [00:15<01:14, 64.33it/s]
 18%|█▊        | 1034/5794 [00:15<01:13, 64.42it/s]
 18%|█▊        | 1041/5794 [00:15<01:13, 64.34it/s]
 18%|█▊        | 1048/5794 [00:15<01:13, 64.39it/s]
 18%|█▊        | 1055/5794 [00:15<01:13, 64.32it/s]
 18%|█▊        | 1062/5794 [00:15<01:13, 64.43it/s]
 18%|█▊        | 1069/5794 [00:16<01:13, 64.45it/s]
 19%|█▊        | 1076/5794 [00:16<01:13, 64.41it/s]
 19%|█▊        | 1083/5794 [00:16<01:13, 64.44it/s]
 19%|█▉        | 1090/5794 [00:16<01:12, 64.45it/s]
 19%|█▉        | 1097/5794 [00:16<01:12, 64.38it/s]
 19%|█▉        | 1104/5794 [00:16<01:12, 64.35it/s]
 19%|█▉        | 1111/5794 [00:16<01:12, 64.19it/s]
 19%|█▉        | 1118/5794 [00:16<01:12, 64.26it/s]
 19%|█▉        | 1125/5794 [00:16<01:12, 64.33it/s]
 20%|█▉        | 1132/5794 [00:17<01:12, 64.24it/s]
 20%|█▉        | 1139/5794 [00:17<01:12, 64.31it/s]
 20%|█▉        | 1146/5794 [00:17<01:12, 64.23it/s]
 20%|█▉        | 1153/5794 [00:17<01:12, 64.36it/s]
 20%|██        | 1160/5794 [00:17<01:12, 64.18it/s]
 20%|██        | 1167/5794 [00:17<01:12, 64.20it/s]
 20%|██        | 1174/5794 [00:17<01:11, 64.22it/s]
 20%|██        | 1181/5794 [00:17<01:11, 64.14it/s]
 21%|██        | 1188/5794 [00:17<01:11, 64.16it/s]
 21%|██        | 1195/5794 [00:18<01:11, 64.03it/s]
 21%|██        | 1202/5794 [00:18<01:11, 64.04it/s]
 21%|██        | 1209/5794 [00:18<01:11, 64.18it/s]
 21%|██        | 1216/5794 [00:18<01:11, 64.12it/s]
 21%|██        | 1223/5794 [00:18<01:11, 64.21it/s]
 21%|██        | 1230/5794 [00:18<01:11, 64.16it/s]
 21%|██▏       | 1237/5794 [00:18<01:10, 64.19it/s]
 21%|██▏       | 1244/5794 [00:18<01:10, 64.23it/s]
 22%|██▏       | 1251/5794 [00:18<01:10, 64.14it/s]
 22%|██▏       | 1258/5794 [00:19<01:10, 64.20it/s]
 22%|██▏       | 1265/5794 [00:19<01:10, 64.15it/s]
 22%|██▏       | 1272/5794 [00:19<01:10, 64.20it/s]
 22%|██▏       | 1279/5794 [00:19<01:10, 64.00it/s]
 22%|██▏       | 1286/5794 [00:19<01:10, 64.14it/s]
 22%|██▏       | 1293/5794 [00:19<01:10, 63.86it/s]
 22%|██▏       | 1300/5794 [00:19<01:10, 63.72it/s]
 23%|██▎       | 1307/5794 [00:19<01:10, 63.89it/s]
 23%|██▎       | 1315/5794 [00:19<01:07, 66.43it/s]
 23%|██▎       | 1323/5794 [00:20<01:05, 68.38it/s]
 23%|██▎       | 1331/5794 [00:20<01:04, 69.67it/s]
 23%|██▎       | 1339/5794 [00:20<01:03, 70.53it/s]
 23%|██▎       | 1347/5794 [00:20<01:02, 71.16it/s]
 23%|██▎       | 1355/5794 [00:20<01:01, 71.70it/s]
 24%|██▎       | 1363/5794 [00:20<01:01, 72.13it/s]
 24%|██▎       | 1371/5794 [00:20<01:01, 72.34it/s]
 24%|██▍       | 1379/5794 [00:20<01:00, 72.54it/s]
 24%|██▍       | 1387/5794 [00:20<01:00, 72.59it/s]
 24%|██▍       | 1395/5794 [00:21<01:00, 72.68it/s]
 24%|██▍       | 1403/5794 [00:21<01:00, 72.70it/s]
 24%|██▍       | 1411/5794 [00:21<01:00, 72.89it/s]
 24%|██▍       | 1419/5794 [00:21<01:00, 72.81it/s]
 25%|██▍       | 1427/5794 [00:21<00:59, 72.86it/s]
 25%|██▍       | 1435/5794 [00:21<01:00, 72.01it/s]
 25%|██▍       | 1443/5794 [00:21<01:02, 69.65it/s]
 25%|██▌       | 1450/5794 [00:21<01:03, 68.13it/s]
 25%|██▌       | 1457/5794 [00:21<01:04, 67.14it/s]
 25%|██▌       | 1464/5794 [00:22<01:05, 66.36it/s]
 25%|██▌       | 1471/5794 [00:22<01:05, 65.70it/s]
 26%|██▌       | 1478/5794 [00:22<01:05, 65.44it/s]
 26%|██▌       | 1485/5794 [00:22<01:06, 65.00it/s]
 26%|██▌       | 1492/5794 [00:22<01:06, 64.86it/s]
 26%|██▌       | 1499/5794 [00:22<01:06, 64.73it/s]
 26%|██▌       | 1506/5794 [00:22<01:06, 64.54it/s]
 26%|██▌       | 1513/5794 [00:22<01:06, 64.46it/s]
 26%|██▌       | 1520/5794 [00:22<01:06, 64.32it/s]
 26%|██▋       | 1527/5794 [00:22<01:06, 64.37it/s]
 26%|██▋       | 1534/5794 [00:23<01:06, 64.37it/s]
 27%|██▋       | 1541/5794 [00:23<01:05, 64.44it/s]
 27%|██▋       | 1548/5794 [00:23<01:05, 64.37it/s]
 27%|██▋       | 1555/5794 [00:23<01:05, 64.33it/s]
 27%|██▋       | 1562/5794 [00:23<01:05, 64.39it/s]
 27%|██▋       | 1569/5794 [00:23<01:05, 64.25it/s]
 27%|██▋       | 1576/5794 [00:23<01:05, 64.29it/s]
 27%|██▋       | 1583/5794 [00:23<01:05, 64.35it/s]
 27%|██▋       | 1590/5794 [00:23<01:05, 64.34it/s]
 28%|██▊       | 1597/5794 [00:24<01:04, 64.58it/s]
 28%|██▊       | 1605/5794 [00:24<01:02, 66.93it/s]
 28%|██▊       | 1613/5794 [00:24<01:00, 68.69it/s]
 28%|██▊       | 1621/5794 [00:24<00:59, 69.83it/s]
 28%|██▊       | 1629/5794 [00:24<00:58, 70.68it/s]
 28%|██▊       | 1637/5794 [00:24<00:58, 71.14it/s]
 28%|██▊       | 1645/5794 [00:24<00:57, 71.70it/s]
 29%|██▊       | 1653/5794 [00:24<00:57, 71.90it/s]
 29%|██▊       | 1661/5794 [00:24<00:57, 72.20it/s]
 29%|██▉       | 1669/5794 [00:25<00:57, 72.37it/s]
 29%|██▉       | 1677/5794 [00:25<00:56, 72.39it/s]
 29%|██▉       | 1685/5794 [00:25<00:56, 72.53it/s]
 29%|██▉       | 1693/5794 [00:25<00:56, 72.50it/s]
 29%|██▉       | 1701/5794 [00:25<00:56, 72.60it/s]
 29%|██▉       | 1709/5794 [00:25<00:56, 72.60it/s]
 30%|██▉       | 1717/5794 [00:25<00:56, 72.61it/s]
 30%|██▉       | 1725/5794 [00:25<00:56, 72.58it/s]
 30%|██▉       | 1733/5794 [00:25<00:55, 72.66it/s]
 30%|███       | 1741/5794 [00:26<00:56, 72.19it/s]
 30%|███       | 1749/5794 [00:26<00:55, 72.45it/s]
 30%|███       | 1757/5794 [00:26<00:55, 72.45it/s]
 30%|███       | 1765/5794 [00:26<00:55, 72.67it/s]
 31%|███       | 1773/5794 [00:26<00:55, 72.35it/s]
 31%|███       | 1781/5794 [00:26<00:55, 72.68it/s]
 31%|███       | 1789/5794 [00:26<00:55, 72.65it/s]
 31%|███       | 1797/5794 [00:26<00:57, 70.05it/s]
 31%|███       | 1805/5794 [00:26<00:58, 68.13it/s]
 31%|███▏      | 1812/5794 [00:27<00:59, 67.02it/s]
 31%|███▏      | 1819/5794 [00:27<00:59, 66.29it/s]
 32%|███▏      | 1826/5794 [00:27<01:00, 65.54it/s]
 32%|███▏      | 1833/5794 [00:27<01:00, 65.33it/s]
 32%|███▏      | 1840/5794 [00:27<00:59, 66.18it/s]
 32%|███▏      | 1848/5794 [00:27<00:57, 68.38it/s]
 32%|███▏      | 1856/5794 [00:27<00:56, 69.67it/s]
 32%|███▏      | 1864/5794 [00:27<00:55, 70.64it/s]
 32%|███▏      | 1872/5794 [00:27<00:54, 71.43it/s]
 32%|███▏      | 1880/5794 [00:28<00:54, 71.71it/s]
 33%|███▎      | 1888/5794 [00:28<00:54, 71.70it/s]
 33%|███▎      | 1896/5794 [00:28<00:54, 71.89it/s]
 33%|███▎      | 1904/5794 [00:28<00:53, 72.10it/s]
 33%|███▎      | 1912/5794 [00:28<00:55, 69.56it/s]
 33%|███▎      | 1919/5794 [00:28<00:56, 68.12it/s]
 33%|███▎      | 1926/5794 [00:28<00:57, 66.91it/s]
 33%|███▎      | 1933/5794 [00:28<00:58, 66.08it/s]
 33%|███▎      | 1940/5794 [00:28<00:58, 65.59it/s]
 34%|███▎      | 1947/5794 [00:29<00:57, 66.38it/s]
 34%|███▎      | 1955/5794 [00:29<00:56, 68.28it/s]
 34%|███▍      | 1963/5794 [00:29<00:55, 69.54it/s]
 34%|███▍      | 1971/5794 [00:29<00:54, 70.55it/s]
 34%|███▍      | 1979/5794 [00:29<00:53, 71.06it/s]
 34%|███▍      | 1987/5794 [00:29<00:53, 71.13it/s]
 34%|███▍      | 1995/5794 [00:29<00:53, 71.51it/s]
 35%|███▍      | 2003/5794 [00:29<00:52, 71.93it/s]
 35%|███▍      | 2011/5794 [00:29<00:52, 72.02it/s]
 35%|███▍      | 2019/5794 [00:30<00:52, 72.37it/s]
 35%|███▍      | 2027/5794 [00:30<00:52, 72.33it/s]
 35%|███▌      | 2035/5794 [00:30<00:51, 72.48it/s]
 35%|███▌      | 2043/5794 [00:30<00:51, 72.62it/s]
 35%|███▌      | 2051/5794 [00:30<00:51, 72.56it/s]
 36%|███▌      | 2059/5794 [00:30<00:51, 72.54it/s]
 36%|███▌      | 2067/5794 [00:30<00:51, 72.51it/s]
 36%|███▌      | 2075/5794 [00:30<00:51, 72.56it/s]
 36%|███▌      | 2083/5794 [00:30<00:51, 72.49it/s]
 36%|███▌      | 2091/5794 [00:31<00:50, 72.61it/s]
 36%|███▌      | 2099/5794 [00:31<00:50, 72.67it/s]
 36%|███▋      | 2107/5794 [00:31<00:50, 72.74it/s]
 37%|███▋      | 2115/5794 [00:31<00:50, 72.59it/s]
 37%|███▋      | 2123/5794 [00:31<00:50, 72.54it/s]
 37%|███▋      | 2131/5794 [00:31<00:50, 72.50it/s]
 37%|███▋      | 2139/5794 [00:31<00:50, 72.70it/s]
 37%|███▋      | 2147/5794 [00:31<00:50, 72.66it/s]
 37%|███▋      | 2155/5794 [00:31<00:50, 72.37it/s]
 37%|███▋      | 2163/5794 [00:32<00:50, 72.27it/s]
 37%|███▋      | 2171/5794 [00:32<00:50, 72.05it/s]
 38%|███▊      | 2179/5794 [00:32<00:51, 69.65it/s]
 38%|███▊      | 2187/5794 [00:32<00:51, 70.08it/s]
 38%|███▊      | 2195/5794 [00:32<00:50, 71.03it/s]
 38%|███▊      | 2203/5794 [00:32<00:50, 71.54it/s]
 38%|███▊      | 2211/5794 [00:32<00:49, 72.01it/s]
 38%|███▊      | 2219/5794 [00:32<00:49, 72.12it/s]
 38%|███▊      | 2227/5794 [00:32<00:49, 72.29it/s]
 39%|███▊      | 2235/5794 [00:33<00:49, 72.42it/s]
 39%|███▊      | 2243/5794 [00:33<00:49, 72.23it/s]
 39%|███▉      | 2251/5794 [00:33<00:48, 72.31it/s]
 39%|███▉      | 2259/5794 [00:33<00:48, 72.46it/s]
 39%|███▉      | 2267/5794 [00:33<00:48, 72.52it/s]
 39%|███▉      | 2275/5794 [00:33<00:48, 72.78it/s]
 39%|███▉      | 2283/5794 [00:33<00:48, 72.71it/s]
 40%|███▉      | 2291/5794 [00:33<00:48, 72.89it/s]
 40%|███▉      | 2299/5794 [00:33<00:48, 72.67it/s]
 40%|███▉      | 2307/5794 [00:34<00:48, 72.45it/s]
 40%|███▉      | 2315/5794 [00:34<00:47, 72.56it/s]
 40%|████      | 2323/5794 [00:34<00:47, 72.55it/s]
 40%|████      | 2331/5794 [00:34<00:47, 72.69it/s]
 40%|████      | 2339/5794 [00:34<00:47, 72.55it/s]
 41%|████      | 2347/5794 [00:34<00:47, 72.48it/s]
 41%|████      | 2355/5794 [00:34<00:47, 72.51it/s]
 41%|████      | 2363/5794 [00:34<00:47, 72.33it/s]
 41%|████      | 2371/5794 [00:34<00:47, 72.47it/s]
 41%|████      | 2379/5794 [00:35<00:47, 72.66it/s]
 41%|████      | 2387/5794 [00:35<00:46, 72.59it/s]
 41%|████▏     | 2395/5794 [00:35<00:46, 72.70it/s]
 41%|████▏     | 2403/5794 [00:35<00:46, 72.65it/s]
 42%|████▏     | 2411/5794 [00:35<00:46, 72.49it/s]
 42%|████▏     | 2419/5794 [00:35<00:46, 72.60it/s]
 42%|████▏     | 2427/5794 [00:35<00:46, 72.60it/s]
 42%|████▏     | 2435/5794 [00:35<00:46, 72.68it/s]
 42%|████▏     | 2443/5794 [00:35<00:46, 72.84it/s]
 42%|████▏     | 2451/5794 [00:36<00:45, 72.99it/s]
 42%|████▏     | 2459/5794 [00:36<00:45, 72.88it/s]
 43%|████▎     | 2467/5794 [00:36<00:45, 72.93it/s]
 43%|████▎     | 2475/5794 [00:36<00:45, 72.87it/s]
 43%|████▎     | 2483/5794 [00:36<00:45, 72.86it/s]
 43%|████▎     | 2491/5794 [00:36<00:45, 71.87it/s]
 43%|████▎     | 2499/5794 [00:36<00:45, 72.18it/s]
 43%|████▎     | 2507/5794 [00:36<00:45, 72.40it/s]
 43%|████▎     | 2515/5794 [00:36<00:45, 72.65it/s]
 44%|████▎     | 2523/5794 [00:37<00:44, 72.80it/s]
 44%|████▎     | 2531/5794 [00:37<00:44, 72.91it/s]
 44%|████▍     | 2539/5794 [00:37<00:44, 73.09it/s]
 44%|████▍     | 2547/5794 [00:37<00:44, 73.10it/s]
 44%|████▍     | 2555/5794 [00:37<00:44, 72.87it/s]
 44%|████▍     | 2563/5794 [00:37<00:45, 71.48it/s]
 44%|████▍     | 2571/5794 [00:37<00:46, 69.06it/s]
 44%|████▍     | 2578/5794 [00:37<00:47, 68.03it/s]
 45%|████▍     | 2585/5794 [00:37<00:47, 67.03it/s]
 45%|████▍     | 2592/5794 [00:38<00:48, 66.12it/s]
 45%|████▍     | 2599/5794 [00:38<00:48, 65.75it/s]
 45%|████▍     | 2606/5794 [00:38<00:49, 64.77it/s]
 45%|████▌     | 2613/5794 [00:38<00:49, 64.66it/s]
 45%|████▌     | 2620/5794 [00:38<00:49, 64.72it/s]
 45%|████▌     | 2627/5794 [00:38<00:49, 64.49it/s]
 45%|████▌     | 2634/5794 [00:38<00:48, 64.55it/s]
 46%|████▌     | 2641/5794 [00:38<00:48, 64.55it/s]
 46%|████▌     | 2648/5794 [00:38<00:48, 64.55it/s]
 46%|████▌     | 2655/5794 [00:38<00:48, 64.50it/s]
 46%|████▌     | 2662/5794 [00:39<00:48, 64.39it/s]
 46%|████▌     | 2669/5794 [00:39<00:48, 64.51it/s]
 46%|████▌     | 2676/5794 [00:39<00:48, 64.41it/s]
 46%|████▋     | 2683/5794 [00:39<00:48, 64.37it/s]
 46%|████▋     | 2690/5794 [00:39<00:48, 64.11it/s]
 47%|████▋     | 2697/5794 [00:39<00:48, 63.94it/s]
 47%|████▋     | 2704/5794 [00:39<00:48, 64.09it/s]
 47%|████▋     | 2711/5794 [00:39<00:48, 64.02it/s]
 47%|████▋     | 2718/5794 [00:39<00:47, 64.16it/s]
 47%|████▋     | 2725/5794 [00:40<00:47, 64.16it/s]
 47%|████▋     | 2732/5794 [00:40<00:47, 64.28it/s]
 47%|████▋     | 2739/5794 [00:40<00:47, 64.22it/s]
 47%|████▋     | 2746/5794 [00:40<00:47, 64.15it/s]
 48%|████▊     | 2753/5794 [00:40<00:47, 64.24it/s]
 48%|████▊     | 2760/5794 [00:40<00:47, 64.20it/s]
 48%|████▊     | 2767/5794 [00:40<00:47, 64.18it/s]
 48%|████▊     | 2774/5794 [00:40<00:47, 64.23it/s]
 48%|████▊     | 2781/5794 [00:40<00:46, 64.24it/s]
 48%|████▊     | 2788/5794 [00:41<00:46, 64.36it/s]
 48%|████▊     | 2795/5794 [00:41<00:46, 64.23it/s]
 48%|████▊     | 2802/5794 [00:41<00:46, 64.28it/s]
 48%|████▊     | 2809/5794 [00:41<00:46, 64.19it/s]
 49%|████▊     | 2816/5794 [00:41<00:46, 64.28it/s]
 49%|████▊     | 2823/5794 [00:41<00:46, 64.33it/s]
 49%|████▉     | 2830/5794 [00:41<00:46, 64.31it/s]
 49%|████▉     | 2837/5794 [00:41<00:45, 64.38it/s]
 49%|████▉     | 2844/5794 [00:41<00:45, 64.24it/s]
 49%|████▉     | 2851/5794 [00:42<00:45, 64.31it/s]
 49%|████▉     | 2858/5794 [00:42<00:45, 64.34it/s]
 49%|████▉     | 2865/5794 [00:42<00:45, 64.31it/s]
 50%|████▉     | 2872/5794 [00:42<00:45, 64.38it/s]
 50%|████▉     | 2879/5794 [00:42<00:45, 64.27it/s]
 50%|████▉     | 2886/5794 [00:42<00:45, 64.32it/s]
 50%|████▉     | 2893/5794 [00:42<00:45, 64.34it/s]
 50%|█████     | 2900/5794 [00:42<00:45, 64.31it/s]
 50%|█████     | 2907/5794 [00:42<00:44, 64.29it/s]
 50%|█████     | 2914/5794 [00:43<00:44, 64.27it/s]
 50%|█████     | 2921/5794 [00:43<00:44, 64.33it/s]
 51%|█████     | 2928/5794 [00:43<00:44, 64.18it/s]
 51%|█████     | 2935/5794 [00:43<00:44, 64.25it/s]
 51%|█████     | 2942/5794 [00:43<00:44, 64.19it/s]
 51%|█████     | 2949/5794 [00:43<00:44, 64.09it/s]
 51%|█████     | 2956/5794 [00:43<00:44, 64.27it/s]
 51%|█████     | 2963/5794 [00:43<00:44, 64.12it/s]
 51%|█████▏    | 2970/5794 [00:43<00:44, 64.16it/s]
 51%|█████▏    | 2977/5794 [00:44<00:43, 64.19it/s]
 52%|█████▏    | 2984/5794 [00:44<00:43, 64.09it/s]
 52%|█████▏    | 2991/5794 [00:44<00:43, 64.15it/s]
 52%|█████▏    | 2998/5794 [00:44<00:43, 64.14it/s]
 52%|█████▏    | 3005/5794 [00:44<00:43, 64.30it/s]
 52%|█████▏    | 3012/5794 [00:44<00:43, 64.24it/s]
 52%|█████▏    | 3019/5794 [00:44<00:43, 64.06it/s]
 52%|█████▏    | 3026/5794 [00:44<00:42, 64.65it/s]
 52%|█████▏    | 3034/5794 [00:44<00:41, 66.80it/s]
 53%|█████▎    | 3042/5794 [00:44<00:40, 68.59it/s]
 53%|█████▎    | 3050/5794 [00:45<00:39, 69.76it/s]
 53%|█████▎    | 3058/5794 [00:45<00:38, 70.60it/s]
 53%|█████▎    | 3066/5794 [00:45<00:38, 71.17it/s]
 53%|█████▎    | 3074/5794 [00:45<00:37, 71.78it/s]
 53%|█████▎    | 3082/5794 [00:45<00:37, 71.90it/s]
 53%|█████▎    | 3090/5794 [00:45<00:37, 72.24it/s]
 53%|█████▎    | 3098/5794 [00:45<00:37, 72.14it/s]
 54%|█████▎    | 3106/5794 [00:45<00:37, 72.51it/s]
 54%|█████▎    | 3114/5794 [00:45<00:36, 72.52it/s]
 54%|█████▍    | 3122/5794 [00:46<00:36, 72.48it/s]
 54%|█████▍    | 3130/5794 [00:46<00:36, 72.50it/s]
 54%|█████▍    | 3138/5794 [00:46<00:36, 72.49it/s]
 54%|█████▍    | 3146/5794 [00:46<00:36, 72.57it/s]
 54%|█████▍    | 3154/5794 [00:46<00:36, 72.52it/s]
 55%|█████▍    | 3162/5794 [00:46<00:36, 72.47it/s]
 55%|█████▍    | 3170/5794 [00:46<00:36, 72.48it/s]
 55%|█████▍    | 3178/5794 [00:46<00:36, 72.58it/s]
 55%|█████▍    | 3186/5794 [00:46<00:35, 72.60it/s]
 55%|█████▌    | 3194/5794 [00:47<00:35, 72.75it/s]
 55%|█████▌    | 3202/5794 [00:47<00:35, 72.59it/s]
 55%|█████▌    | 3210/5794 [00:47<00:35, 72.75it/s]
 56%|█████▌    | 3218/5794 [00:47<00:35, 72.65it/s]
 56%|█████▌    | 3226/5794 [00:47<00:35, 72.78it/s]
 56%|█████▌    | 3234/5794 [00:47<00:35, 72.53it/s]
 56%|█████▌    | 3242/5794 [00:47<00:35, 72.78it/s]
 56%|█████▌    | 3250/5794 [00:47<00:34, 72.83it/s]
 56%|█████▌    | 3258/5794 [00:47<00:34, 72.66it/s]
 56%|█████▋    | 3266/5794 [00:48<00:34, 72.63it/s]
 57%|█████▋    | 3274/5794 [00:48<00:34, 72.35it/s]
 57%|█████▋    | 3282/5794 [00:48<00:34, 72.38it/s]
 57%|█████▋    | 3290/5794 [00:48<00:34, 72.30it/s]
 57%|█████▋    | 3298/5794 [00:48<00:34, 72.48it/s]
 57%|█████▋    | 3306/5794 [00:48<00:34, 72.40it/s]
 57%|█████▋    | 3314/5794 [00:48<00:34, 72.30it/s]
 57%|█████▋    | 3322/5794 [00:48<00:35, 69.61it/s]
 57%|█████▋    | 3329/5794 [00:48<00:36, 68.01it/s]
 58%|█████▊    | 3336/5794 [00:49<00:36, 66.72it/s]
 58%|█████▊    | 3343/5794 [00:49<00:37, 65.99it/s]
 58%|█████▊    | 3350/5794 [00:49<00:37, 65.50it/s]
 58%|█████▊    | 3357/5794 [00:49<00:37, 65.07it/s]
 58%|█████▊    | 3364/5794 [00:49<00:37, 64.71it/s]
 58%|█████▊    | 3371/5794 [00:49<00:37, 64.05it/s]
 58%|█████▊    | 3378/5794 [00:49<00:37, 64.19it/s]
 58%|█████▊    | 3385/5794 [00:49<00:37, 64.22it/s]
 59%|█████▊    | 3392/5794 [00:49<00:37, 64.14it/s]
 59%|█████▊    | 3399/5794 [00:50<00:37, 64.29it/s]
 59%|█████▉    | 3406/5794 [00:50<00:37, 64.22it/s]
 59%|█████▉    | 3413/5794 [00:50<00:36, 64.82it/s]
 59%|█████▉    | 3421/5794 [00:50<00:35, 67.03it/s]
 59%|█████▉    | 3429/5794 [00:50<00:34, 68.87it/s]
 59%|█████▉    | 3437/5794 [00:50<00:33, 70.04it/s]
 59%|█████▉    | 3445/5794 [00:50<00:33, 70.76it/s]
 60%|█████▉    | 3453/5794 [00:50<00:32, 71.36it/s]
 60%|█████▉    | 3461/5794 [00:50<00:32, 71.58it/s]
 60%|█████▉    | 3469/5794 [00:51<00:32, 71.91it/s]
 60%|██████    | 3477/5794 [00:51<00:32, 71.94it/s]
 60%|██████    | 3485/5794 [00:51<00:32, 72.14it/s]
 60%|██████    | 3493/5794 [00:51<00:31, 72.15it/s]
 60%|██████    | 3501/5794 [00:51<00:31, 72.30it/s]
 61%|██████    | 3509/5794 [00:51<00:31, 72.44it/s]
 61%|██████    | 3517/5794 [00:51<00:31, 72.59it/s]
 61%|██████    | 3525/5794 [00:51<00:31, 72.51it/s]
 61%|██████    | 3533/5794 [00:51<00:31, 72.59it/s]
 61%|██████    | 3541/5794 [00:52<00:31, 72.48it/s]
 61%|██████▏   | 3549/5794 [00:52<00:30, 72.47it/s]
 61%|██████▏   | 3557/5794 [00:52<00:30, 72.22it/s]
 62%|██████▏   | 3565/5794 [00:52<00:30, 72.43it/s]
 62%|██████▏   | 3573/5794 [00:52<00:30, 72.54it/s]
 62%|██████▏   | 3581/5794 [00:52<00:30, 72.41it/s]
 62%|██████▏   | 3589/5794 [00:52<00:30, 72.49it/s]
 62%|██████▏   | 3597/5794 [00:52<00:30, 71.85it/s]
 62%|██████▏   | 3605/5794 [00:52<00:30, 72.11it/s]
 62%|██████▏   | 3613/5794 [00:53<00:30, 72.03it/s]
 62%|██████▏   | 3621/5794 [00:53<00:30, 72.18it/s]
 63%|██████▎   | 3629/5794 [00:53<00:29, 72.21it/s]
 63%|██████▎   | 3637/5794 [00:53<00:29, 72.34it/s]
 63%|██████▎   | 3645/5794 [00:53<00:29, 72.31it/s]
 63%|██████▎   | 3653/5794 [00:53<00:30, 69.90it/s]
 63%|██████▎   | 3661/5794 [00:53<00:31, 68.01it/s]
 63%|██████▎   | 3668/5794 [00:53<00:31, 66.94it/s]
 63%|██████▎   | 3675/5794 [00:53<00:32, 66.08it/s]
 64%|██████▎   | 3682/5794 [00:54<00:32, 65.44it/s]
 64%|██████▎   | 3689/5794 [00:54<00:32, 65.06it/s]
 64%|██████▍   | 3696/5794 [00:54<00:32, 64.60it/s]
 64%|██████▍   | 3703/5794 [00:54<00:32, 64.42it/s]
 64%|██████▍   | 3710/5794 [00:54<00:32, 64.19it/s]
 64%|██████▍   | 3717/5794 [00:54<00:32, 64.06it/s]
 64%|██████▍   | 3724/5794 [00:54<00:32, 64.04it/s]
 64%|██████▍   | 3731/5794 [00:54<00:32, 63.90it/s]
 65%|██████▍   | 3738/5794 [00:54<00:32, 63.82it/s]
 65%|██████▍   | 3745/5794 [00:55<00:32, 63.71it/s]
 65%|██████▍   | 3752/5794 [00:55<00:31, 63.88it/s]
 65%|██████▍   | 3759/5794 [00:55<00:31, 63.62it/s]
 65%|██████▍   | 3766/5794 [00:55<00:31, 63.68it/s]
 65%|██████▌   | 3773/5794 [00:55<00:32, 63.11it/s]
 65%|██████▌   | 3780/5794 [00:55<00:31, 63.21it/s]
 65%|██████▌   | 3787/5794 [00:55<00:31, 63.54it/s]
 65%|██████▌   | 3794/5794 [00:55<00:31, 63.78it/s]
 66%|██████▌   | 3801/5794 [00:55<00:31, 63.93it/s]
 66%|██████▌   | 3808/5794 [00:56<00:31, 64.01it/s]
 66%|██████▌   | 3815/5794 [00:56<00:30, 63.98it/s]
 66%|██████▌   | 3822/5794 [00:56<00:30, 65.28it/s]
 66%|██████▌   | 3830/5794 [00:56<00:29, 67.47it/s]
 66%|██████▌   | 3838/5794 [00:56<00:28, 68.98it/s]
 66%|██████▋   | 3846/5794 [00:56<00:27, 69.94it/s]
 67%|██████▋   | 3854/5794 [00:56<00:27, 70.69it/s]
 67%|██████▋   | 3862/5794 [00:56<00:27, 71.28it/s]
 67%|██████▋   | 3870/5794 [00:56<00:26, 71.65it/s]
 67%|██████▋   | 3878/5794 [00:57<00:26, 71.88it/s]
 67%|██████▋   | 3886/5794 [00:57<00:26, 71.96it/s]
 67%|██████▋   | 3894/5794 [00:57<00:26, 72.06it/s]
 67%|██████▋   | 3902/5794 [00:57<00:26, 72.07it/s]
 67%|██████▋   | 3910/5794 [00:57<00:26, 72.07it/s]
 68%|██████▊   | 3918/5794 [00:57<00:26, 72.10it/s]
 68%|██████▊   | 3926/5794 [00:57<00:25, 72.32it/s]
 68%|██████▊   | 3934/5794 [00:57<00:25, 72.18it/s]
 68%|██████▊   | 3942/5794 [00:57<00:25, 72.33it/s]
 68%|██████▊   | 3950/5794 [00:58<00:25, 72.23it/s]
 68%|██████▊   | 3958/5794 [00:58<00:25, 72.33it/s]
 68%|██████▊   | 3966/5794 [00:58<00:25, 71.95it/s]
 69%|██████▊   | 3974/5794 [00:58<00:25, 72.12it/s]
 69%|██████▊   | 3982/5794 [00:58<00:25, 72.22it/s]
 69%|██████▉   | 3990/5794 [00:58<00:24, 72.38it/s]
 69%|██████▉   | 3998/5794 [00:58<00:24, 72.44it/s]
 69%|██████▉   | 4006/5794 [00:58<00:24, 72.38it/s]
 69%|██████▉   | 4014/5794 [00:58<00:24, 72.40it/s]
 69%|██████▉   | 4022/5794 [00:59<00:24, 72.36it/s]
 70%|██████▉   | 4030/5794 [00:59<00:24, 72.25it/s]
 70%|██████▉   | 4038/5794 [00:59<00:24, 72.20it/s]
 70%|██████▉   | 4046/5794 [00:59<00:24, 72.25it/s]
 70%|██████▉   | 4054/5794 [00:59<00:24, 72.25it/s]
 70%|███████   | 4062/5794 [00:59<00:24, 72.07it/s]
 70%|███████   | 4070/5794 [00:59<00:23, 71.92it/s]
 70%|███████   | 4078/5794 [00:59<00:23, 72.10it/s]
 71%|███████   | 4086/5794 [00:59<00:23, 72.08it/s]
 71%|███████   | 4094/5794 [01:00<00:23, 72.30it/s]
 71%|███████   | 4102/5794 [01:00<00:23, 72.15it/s]
 71%|███████   | 4110/5794 [01:00<00:23, 72.29it/s]
 71%|███████   | 4118/5794 [01:00<00:23, 72.23it/s]
 71%|███████   | 4126/5794 [01:00<00:23, 72.18it/s]
 71%|███████▏  | 4134/5794 [01:00<00:22, 72.25it/s]
 71%|███████▏  | 4142/5794 [01:00<00:22, 72.29it/s]
 72%|███████▏  | 4150/5794 [01:00<00:22, 72.43it/s]
 72%|███████▏  | 4158/5794 [01:00<00:22, 72.38it/s]
 72%|███████▏  | 4166/5794 [01:01<00:22, 72.38it/s]
 72%|███████▏  | 4174/5794 [01:01<00:22, 72.37it/s]
 72%|███████▏  | 4182/5794 [01:01<00:22, 72.53it/s]
 72%|███████▏  | 4190/5794 [01:01<00:22, 72.42it/s]
 72%|███████▏  | 4198/5794 [01:01<00:22, 71.82it/s]
 73%|███████▎  | 4206/5794 [01:01<00:22, 71.94it/s]
 73%|███████▎  | 4214/5794 [01:01<00:21, 72.19it/s]
 73%|███████▎  | 4222/5794 [01:01<00:21, 72.18it/s]
 73%|███████▎  | 4230/5794 [01:01<00:21, 72.38it/s]
 73%|███████▎  | 4238/5794 [01:02<00:21, 72.31it/s]
 73%|███████▎  | 4246/5794 [01:02<00:21, 72.57it/s]
 73%|███████▎  | 4254/5794 [01:02<00:21, 72.46it/s]
 74%|███████▎  | 4262/5794 [01:02<00:21, 72.54it/s]
 74%|███████▎  | 4270/5794 [01:02<00:20, 72.61it/s]
 74%|███████▍  | 4278/5794 [01:02<00:20, 72.56it/s]
 74%|███████▍  | 4286/5794 [01:02<00:20, 72.64it/s]
 74%|███████▍  | 4294/5794 [01:02<00:20, 72.61it/s]
 74%|███████▍  | 4302/5794 [01:02<00:20, 71.54it/s]
 74%|███████▍  | 4310/5794 [01:03<00:21, 69.23it/s]
 75%|███████▍  | 4317/5794 [01:03<00:21, 67.84it/s]
 75%|███████▍  | 4324/5794 [01:03<00:22, 66.75it/s]
 75%|███████▍  | 4331/5794 [01:03<00:22, 66.08it/s]
 75%|███████▍  | 4338/5794 [01:03<00:22, 65.67it/s]
 75%|███████▍  | 4345/5794 [01:03<00:22, 65.20it/s]
 75%|███████▌  | 4352/5794 [01:03<00:22, 64.98it/s]
 75%|███████▌  | 4359/5794 [01:03<00:22, 64.72it/s]
 75%|███████▌  | 4366/5794 [01:03<00:22, 64.72it/s]
 75%|███████▌  | 4373/5794 [01:03<00:22, 64.53it/s]
 76%|███████▌  | 4380/5794 [01:04<00:21, 64.50it/s]
 76%|███████▌  | 4387/5794 [01:04<00:21, 64.44it/s]
 76%|███████▌  | 4394/5794 [01:04<00:21, 64.38it/s]
 76%|███████▌  | 4401/5794 [01:04<00:21, 64.41it/s]
 76%|███████▌  | 4408/5794 [01:04<00:21, 64.21it/s]
 76%|███████▌  | 4415/5794 [01:04<00:21, 64.20it/s]
 76%|███████▋  | 4422/5794 [01:04<00:21, 64.26it/s]
 76%|███████▋  | 4429/5794 [01:04<00:21, 64.26it/s]
 77%|███████▋  | 4436/5794 [01:04<00:21, 64.32it/s]
 77%|███████▋  | 4443/5794 [01:05<00:21, 64.24it/s]
 77%|███████▋  | 4450/5794 [01:05<00:20, 64.33it/s]
 77%|███████▋  | 4457/5794 [01:05<00:20, 64.33it/s]
 77%|███████▋  | 4464/5794 [01:05<00:20, 64.34it/s]
 77%|███████▋  | 4471/5794 [01:05<00:20, 64.41it/s]
 77%|███████▋  | 4478/5794 [01:05<00:20, 64.43it/s]
 77%|███████▋  | 4485/5794 [01:05<00:20, 64.55it/s]
 78%|███████▊  | 4492/5794 [01:05<00:20, 64.45it/s]
 78%|███████▊  | 4499/5794 [01:05<00:20, 64.60it/s]
 78%|███████▊  | 4506/5794 [01:06<00:19, 64.62it/s]
 78%|███████▊  | 4513/5794 [01:06<00:19, 64.61it/s]
 78%|███████▊  | 4520/5794 [01:06<00:19, 64.66it/s]
 78%|███████▊  | 4527/5794 [01:06<00:19, 64.52it/s]
 78%|███████▊  | 4534/5794 [01:06<00:19, 64.70it/s]
 78%|███████▊  | 4541/5794 [01:06<00:19, 64.71it/s]
 78%|███████▊  | 4548/5794 [01:06<00:19, 64.62it/s]
 79%|███████▊  | 4555/5794 [01:06<00:19, 64.63it/s]
 79%|███████▊  | 4562/5794 [01:06<00:19, 64.49it/s]
 79%|███████▉  | 4569/5794 [01:07<00:18, 64.68it/s]
 79%|███████▉  | 4576/5794 [01:07<00:18, 64.65it/s]
 79%|███████▉  | 4583/5794 [01:07<00:18, 64.65it/s]
 79%|███████▉  | 4590/5794 [01:07<00:18, 64.67it/s]
 79%|███████▉  | 4597/5794 [01:07<00:18, 64.60it/s]
 79%|███████▉  | 4604/5794 [01:07<00:18, 64.71it/s]
 80%|███████▉  | 4611/5794 [01:07<00:18, 64.64it/s]
 80%|███████▉  | 4618/5794 [01:07<00:18, 64.72it/s]
 80%|███████▉  | 4625/5794 [01:07<00:18, 64.74it/s]
 80%|███████▉  | 4632/5794 [01:08<00:17, 64.69it/s]
 80%|████████  | 4639/5794 [01:08<00:17, 64.78it/s]
 80%|████████  | 4646/5794 [01:08<00:17, 64.15it/s]
 80%|████████  | 4653/5794 [01:08<00:17, 64.25it/s]
 80%|████████  | 4660/5794 [01:08<00:17, 64.40it/s]
 81%|████████  | 4667/5794 [01:08<00:17, 64.44it/s]
 81%|████████  | 4674/5794 [01:08<00:17, 64.50it/s]
 81%|████████  | 4681/5794 [01:08<00:17, 64.55it/s]
 81%|████████  | 4688/5794 [01:08<00:17, 64.71it/s]
 81%|████████  | 4695/5794 [01:08<00:16, 64.75it/s]
 81%|████████  | 4702/5794 [01:09<00:16, 64.72it/s]
 81%|████████▏ | 4709/5794 [01:09<00:16, 64.68it/s]
 81%|████████▏ | 4716/5794 [01:09<00:16, 64.69it/s]
 82%|████████▏ | 4723/5794 [01:09<00:16, 64.78it/s]
 82%|████████▏ | 4731/5794 [01:09<00:15, 67.00it/s]
 82%|████████▏ | 4739/5794 [01:09<00:15, 68.51it/s]
 82%|████████▏ | 4747/5794 [01:09<00:15, 69.74it/s]
 82%|████████▏ | 4755/5794 [01:09<00:14, 70.91it/s]
 82%|████████▏ | 4763/5794 [01:09<00:14, 71.54it/s]
 82%|████████▏ | 4771/5794 [01:10<00:14, 71.81it/s]
 82%|████████▏ | 4779/5794 [01:10<00:14, 72.12it/s]
 83%|████████▎ | 4787/5794 [01:10<00:13, 72.20it/s]
 83%|████████▎ | 4795/5794 [01:10<00:13, 72.28it/s]
 83%|████████▎ | 4803/5794 [01:10<00:13, 72.31it/s]
 83%|████████▎ | 4811/5794 [01:10<00:13, 72.34it/s]
 83%|████████▎ | 4819/5794 [01:10<00:13, 72.23it/s]
 83%|████████▎ | 4827/5794 [01:10<00:13, 72.34it/s]
 83%|████████▎ | 4835/5794 [01:10<00:13, 72.42it/s]
 84%|████████▎ | 4843/5794 [01:11<00:13, 71.73it/s]
 84%|████████▎ | 4851/5794 [01:11<00:13, 69.24it/s]
 84%|████████▍ | 4859/5794 [01:11<00:13, 70.20it/s]
 84%|████████▍ | 4867/5794 [01:11<00:13, 70.77it/s]
 84%|████████▍ | 4875/5794 [01:11<00:12, 71.37it/s]
 84%|████████▍ | 4883/5794 [01:11<00:12, 71.63it/s]
 84%|████████▍ | 4891/5794 [01:11<00:12, 72.07it/s]
 85%|████████▍ | 4899/5794 [01:11<00:12, 72.23it/s]
 85%|████████▍ | 4907/5794 [01:11<00:12, 72.27it/s]
 85%|████████▍ | 4915/5794 [01:12<00:12, 72.39it/s]
 85%|████████▍ | 4923/5794 [01:12<00:12, 72.31it/s]
 85%|████████▌ | 4931/5794 [01:12<00:11, 72.29it/s]
 85%|████████▌ | 4939/5794 [01:12<00:11, 72.33it/s]
 85%|████████▌ | 4947/5794 [01:12<00:12, 69.63it/s]
 86%|████████▌ | 4954/5794 [01:12<00:12, 67.97it/s]
 86%|████████▌ | 4961/5794 [01:12<00:12, 66.97it/s]
 86%|████████▌ | 4968/5794 [01:12<00:12, 66.02it/s]
 86%|████████▌ | 4975/5794 [01:12<00:12, 65.51it/s]
 86%|████████▌ | 4982/5794 [01:13<00:12, 65.16it/s]
 86%|████████▌ | 4989/5794 [01:13<00:12, 64.77it/s]
 86%|████████▌ | 4996/5794 [01:13<00:12, 64.70it/s]
 86%|████████▋ | 5003/5794 [01:13<00:12, 63.81it/s]
 86%|████████▋ | 5010/5794 [01:13<00:12, 64.06it/s]
 87%|████████▋ | 5017/5794 [01:13<00:12, 64.15it/s]
 87%|████████▋ | 5024/5794 [01:13<00:11, 64.24it/s]
 87%|████████▋ | 5031/5794 [01:13<00:11, 64.31it/s]
 87%|████████▋ | 5038/5794 [01:13<00:11, 64.23it/s]
 87%|████████▋ | 5045/5794 [01:14<00:11, 64.33it/s]
 87%|████████▋ | 5052/5794 [01:14<00:11, 64.38it/s]
 87%|████████▋ | 5059/5794 [01:14<00:11, 64.25it/s]
 87%|████████▋ | 5066/5794 [01:14<00:11, 64.28it/s]
 88%|████████▊ | 5073/5794 [01:14<00:11, 64.14it/s]
 88%|████████▊ | 5080/5794 [01:14<00:11, 64.06it/s]
 88%|████████▊ | 5087/5794 [01:14<00:11, 64.07it/s]
 88%|████████▊ | 5094/5794 [01:14<00:10, 64.29it/s]
 88%|████████▊ | 5101/5794 [01:14<00:10, 64.42it/s]
 88%|████████▊ | 5108/5794 [01:15<00:10, 64.31it/s]
 88%|████████▊ | 5115/5794 [01:15<00:10, 64.29it/s]
 88%|████████▊ | 5122/5794 [01:15<00:10, 64.15it/s]
 89%|████████▊ | 5129/5794 [01:15<00:10, 64.32it/s]
 89%|████████▊ | 5136/5794 [01:15<00:10, 64.41it/s]
 89%|████████▉ | 5143/5794 [01:15<00:10, 64.24it/s]
 89%|████████▉ | 5150/5794 [01:15<00:10, 64.30it/s]
 89%|████████▉ | 5157/5794 [01:15<00:09, 64.35it/s]
 89%|████████▉ | 5164/5794 [01:15<00:09, 64.34it/s]
 89%|████████▉ | 5171/5794 [01:16<00:09, 64.29it/s]
 89%|████████▉ | 5178/5794 [01:16<00:09, 64.16it/s]
 89%|████████▉ | 5185/5794 [01:16<00:09, 64.21it/s]
 90%|████████▉ | 5192/5794 [01:16<00:09, 64.18it/s]
 90%|████████▉ | 5199/5794 [01:16<00:09, 64.14it/s]
 90%|████████▉ | 5206/5794 [01:16<00:09, 64.05it/s]
 90%|████████▉ | 5213/5794 [01:16<00:09, 64.24it/s]
 90%|█████████ | 5220/5794 [01:16<00:08, 64.37it/s]
 90%|█████████ | 5227/5794 [01:16<00:08, 64.19it/s]
 90%|█████████ | 5234/5794 [01:17<00:08, 64.21it/s]
 90%|█████████ | 5241/5794 [01:17<00:08, 64.13it/s]
 91%|█████████ | 5248/5794 [01:17<00:08, 65.76it/s]
 91%|█████████ | 5256/5794 [01:17<00:07, 67.88it/s]
 91%|█████████ | 5264/5794 [01:17<00:07, 69.11it/s]
 91%|█████████ | 5272/5794 [01:17<00:07, 70.11it/s]
 91%|█████████ | 5280/5794 [01:17<00:07, 68.75it/s]
 91%|█████████ | 5287/5794 [01:17<00:07, 67.49it/s]
 91%|█████████▏| 5294/5794 [01:17<00:07, 66.57it/s]
 91%|█████████▏| 5301/5794 [01:17<00:07, 66.05it/s]
 92%|█████████▏| 5308/5794 [01:18<00:07, 65.40it/s]
 92%|█████████▏| 5315/5794 [01:18<00:07, 64.44it/s]
 92%|█████████▏| 5322/5794 [01:18<00:07, 64.41it/s]
 92%|█████████▏| 5329/5794 [01:18<00:07, 64.29it/s]
 92%|█████████▏| 5336/5794 [01:18<00:07, 64.40it/s]
 92%|█████████▏| 5343/5794 [01:18<00:07, 64.16it/s]
 92%|█████████▏| 5350/5794 [01:18<00:06, 65.18it/s]
 92%|█████████▏| 5358/5794 [01:18<00:06, 67.40it/s]
 93%|█████████▎| 5366/5794 [01:18<00:06, 68.99it/s]
 93%|█████████▎| 5374/5794 [01:19<00:05, 70.10it/s]
 93%|█████████▎| 5382/5794 [01:19<00:05, 70.78it/s]
 93%|█████████▎| 5390/5794 [01:19<00:05, 71.37it/s]
 93%|█████████▎| 5398/5794 [01:19<00:05, 71.66it/s]
 93%|█████████▎| 5406/5794 [01:19<00:05, 71.75it/s]
 93%|█████████▎| 5414/5794 [01:19<00:05, 71.49it/s]
 94%|█████████▎| 5422/5794 [01:19<00:05, 71.84it/s]
 94%|█████████▎| 5430/5794 [01:19<00:05, 71.91it/s]
 94%|█████████▍| 5438/5794 [01:19<00:04, 72.05it/s]
 94%|█████████▍| 5446/5794 [01:20<00:04, 72.02it/s]
 94%|█████████▍| 5454/5794 [01:20<00:04, 72.16it/s]
 94%|█████████▍| 5462/5794 [01:20<00:04, 72.14it/s]
 94%|█████████▍| 5470/5794 [01:20<00:04, 72.31it/s]
 95%|█████████▍| 5478/5794 [01:20<00:04, 72.26it/s]
 95%|█████████▍| 5486/5794 [01:20<00:04, 72.46it/s]
 95%|█████████▍| 5494/5794 [01:20<00:04, 72.54it/s]
 95%|█████████▍| 5502/5794 [01:20<00:04, 72.39it/s]
 95%|█████████▌| 5510/5794 [01:20<00:03, 72.56it/s]
 95%|█████████▌| 5518/5794 [01:21<00:03, 72.54it/s]
 95%|█████████▌| 5526/5794 [01:21<00:03, 72.51it/s]
 96%|█████████▌| 5534/5794 [01:21<00:03, 72.27it/s]
 96%|█████████▌| 5542/5794 [01:21<00:03, 72.43it/s]
 96%|█████████▌| 5550/5794 [01:21<00:03, 72.45it/s]
 96%|█████████▌| 5558/5794 [01:21<00:03, 72.56it/s]
 96%|█████████▌| 5566/5794 [01:21<00:03, 72.40it/s]
 96%|█████████▌| 5574/5794 [01:21<00:03, 72.52it/s]
 96%|█████████▋| 5582/5794 [01:21<00:02, 72.47it/s]
 96%|█████████▋| 5590/5794 [01:22<00:02, 72.53it/s]
 97%|█████████▋| 5598/5794 [01:22<00:02, 72.35it/s]
 97%|█████████▋| 5606/5794 [01:22<00:02, 72.48it/s]
 97%|█████████▋| 5614/5794 [01:22<00:02, 69.86it/s]
 97%|█████████▋| 5622/5794 [01:22<00:02, 68.19it/s]
 97%|█████████▋| 5629/5794 [01:22<00:02, 67.16it/s]
 97%|█████████▋| 5636/5794 [01:22<00:02, 66.17it/s]
 97%|█████████▋| 5643/5794 [01:22<00:02, 65.62it/s]
 98%|█████████▊| 5650/5794 [01:22<00:02, 65.16it/s]
 98%|█████████▊| 5657/5794 [01:23<00:02, 64.80it/s]
 98%|█████████▊| 5664/5794 [01:23<00:02, 64.60it/s]
 98%|█████████▊| 5671/5794 [01:23<00:01, 64.49it/s]
 98%|█████████▊| 5678/5794 [01:23<00:01, 64.41it/s]
 98%|█████████▊| 5685/5794 [01:23<00:01, 64.18it/s]
 98%|█████████▊| 5692/5794 [01:23<00:01, 64.77it/s]
 98%|█████████▊| 5700/5794 [01:23<00:01, 67.02it/s]
 99%|█████████▊| 5708/5794 [01:23<00:01, 68.75it/s]
 99%|█████████▊| 5716/5794 [01:23<00:01, 69.74it/s]
 99%|█████████▉| 5723/5794 [01:24<00:01, 69.67it/s]
 99%|█████████▉| 5731/5794 [01:24<00:00, 70.65it/s]
 99%|█████████▉| 5739/5794 [01:24<00:00, 71.10it/s]
 99%|█████████▉| 5747/5794 [01:24<00:00, 71.45it/s]
 99%|█████████▉| 5755/5794 [01:24<00:00, 71.67it/s]
 99%|█████████▉| 5763/5794 [01:24<00:00, 71.74it/s]
100%|█████████▉| 5771/5794 [01:24<00:00, 71.88it/s]
100%|█████████▉| 5779/5794 [01:24<00:00, 72.11it/s]
100%|█████████▉| 5787/5794 [01:24<00:00, 72.18it/s]
100%|██████████| 5794/5794 [01:25<00:00, 68.07it/s]
BALANCED ACCS CHECKED FOR TEST
TEST SET RESULTS FOR CHECKPOINT trained_weights/waterbirds/gals_waterbird_1.0_forest2water2_21050510_trial_000/best_balanced_valacc_0.57_epoch_0.ckpt
test_acc: 0.6788056610286504
balanced_test_acc: 0.5588686615413307
Land_on_Land_test_acc: 0.9960088691796009
Land_on_Water_test_acc: 0.5525498891352549
Water_on_Land_test_acc: 0.018691588785046728
Water_on_Water_test_acc: 0.6682242990654206
test_acc_Waterbird: 0.34345794392523366
test_acc_Landbird: 0.774279379157428
