[CMD] /home/ryreu/miniconda3/envs/gals_a100/bin/python -u main.py --config configs/waterbirds_95_abn.yaml --name abn_cls_waterbird_complete95_forest2water2_21050510_trial_000 DATA.ROOT=/home/ryreu/guided_cnn/waterbirds DATA.WATERBIRDS_DIR=waterbird_complete95_forest2water2 SEED=0 EXP.BASE.LR=0.0010000000000000002 EXP.CLASSIFIER.LR=9.999999999999991e-05 EXP.WEIGHT_DECAY=9.999999999999997e-06 EXP.AUX_LOSSES_ON_VAL=False EXP.LOSSES.ABN_CLASSIFICATION.WEIGHT=1.0 EXP.NUM_EPOCHS=1
SEED: 0
DATA:
  BATCH_SIZE: 96
  NUM_WORKERS: 4
  SIZE: 224
  NORMALIZATION: imagenet
  ATTENTION_DIR: NONE
  SEPARATE_CLASSES: false
  REMOVE_BACKGROUND: false
  ROOT: /home/ryreu/guided_cnn/waterbirds
  USE_CLASS_WEIGHTS: false
  USE_GROUP_WEIGHTS: false
  DATASET: waterbirds
  NUM_CLASSES: 2
  CONFOUNDING_FACTOR: 0.95
  WATERBIRDS_DIR: waterbird_complete95_forest2water2
EXP:
  NUM_TRIALS: 1
  LOSSES:
    CLASSIFICATION:
      WEIGHT: 1
    GRADIENT_OUTSIDE:
      COMPUTE: false
      LOG: false
      WEIGHT: 0.01
      CRITERION: L1
      GT: segmentation
      COMBINE_ATT_MODE: average_nonzero
    GRADIENT_INSIDE:
      COMPUTE: false
      LOG: false
      WEIGHT: 1
      CRITERION: L1
      GT: segmentation
      COMBINE_ATT_MODE: average_nonzero
    GRADCAM:
      COMPUTE: false
      LOG: false
      WEIGHT: 1
      CRITERION: L1
      GT: segmentation
      MODE: match
      COMBINE_ATT_MODE: average_nonzero
    ABN_CLASSIFICATION:
      COMPUTE: true
      LOG: false
      WEIGHT: 1.0
    ABN_SUPERVISION:
      COMPUTE: false
      LOG: false
      WEIGHT: 1
      CRITERION: L1
      GT: segmentation
      MODE: suppress_outside
  APPROACH: abn
  MODEL: resnet50_abn
  PRETRAINED: true
  PROVIDED_ATT: NONE
  PROVIDED_ATT_SHAPE:
  - 14
  - 14
  ABN_ADD_AFTER_ATTENTION: true
  NUM_EPOCHS: 1
  OPTIMIZER: SGD
  WEIGHT_DECAY: 9.999999999999997e-06
  MOMENTUM: 0.9
  SCHEDULER: NONE
  BASE:
    LR: 0.0010000000000000002
  CLASSIFIER:
    LR: 9.999999999999991e-05
  AUX_LOSSES_ON_VAL: false
LOGGING:
  SAVE_EVERY: 0
  SAVE_BEST: true
  SAVE_LAST: false
  LOG_ATTENTION: false
  LOG_ATTENTION_STEP: 10
  SAVE_STATS_PATH: null
yaml: configs/waterbirds_95_abn.yaml
name: abn_cls_waterbird_complete95_forest2water2_21050510_trial_000
test_checkpoint: null

WATERBIRDS DIR: /home/ryreu/guided_cnn/waterbirds/waterbird_complete95_forest2water2
NUMBER OF SAMPLES WITH LABEL Landbird: 3682
NUMBER OF SAMPLES WITH LABEL Waterbird: 1113
NUMBER OF SAMPLES WITH GROUP Land_on_Land: 3498
NUMBER OF SAMPLES WITH GROUP Land_on_Water: 184
NUMBER OF SAMPLES WITH GROUP Water_on_Land: 56
NUMBER OF SAMPLES WITH GROUP Water_on_Water: 1057
WATERBIRDS DIR: /home/ryreu/guided_cnn/waterbirds/waterbird_complete95_forest2water2
NUMBER OF SAMPLES WITH LABEL Landbird: 933
NUMBER OF SAMPLES WITH LABEL Waterbird: 266
NUMBER OF SAMPLES WITH GROUP Land_on_Land: 467
NUMBER OF SAMPLES WITH GROUP Land_on_Water: 466
NUMBER OF SAMPLES WITH GROUP Water_on_Land: 133
NUMBER OF SAMPLES WITH GROUP Water_on_Water: 133
NUM TRAIN: 4795

NUM VAL:   1199

Number classifier outputs: 1
Using pretrained model: True
Removing att_conv.weight from pretained weights, with weight shape torch.Size([1000, 2048, 1, 1])
Removing bn_att2.weight from pretained weights, with weight shape torch.Size([1000])
Removing bn_att2.bias from pretained weights, with weight shape torch.Size([1000])
Removing bn_att2.running_mean from pretained weights, with weight shape torch.Size([1000])
Removing bn_att2.running_var from pretained weights, with weight shape torch.Size([1000])
Removing att_conv2.weight from pretained weights, with weight shape torch.Size([1000, 1000, 1, 1])
Removing att_conv3.weight from pretained weights, with weight shape torch.Size([1, 1000, 3, 3])
Removing fc.weight from pretained weights, with weight shape torch.Size([1000, 2048])
Removing fc.bias from pretained weights, with weight shape torch.Size([1000])
Keys missing in state dict:    ['att_conv.weight', 'bn_att2.weight', 'bn_att2.bias', 'bn_att2.running_mean', 'bn_att2.running_var', 'att_conv2.weight', 'att_conv3.weight', 'fc.weight', 'fc.bias']
Unexpected keys in state dict: []
USING SGD OPTIMIZER
class weights: None
group weights: None
WANDB DISABLED: skipping wandb.init()
EPOCH: 0

>>> TRAINING 


  0%|          | 0/50 [00:00<?, ?it/s]
  2%|▏         | 1/50 [00:03<02:46,  3.40s/it]
  4%|▍         | 2/50 [00:03<01:12,  1.52s/it]
  6%|▌         | 3/50 [00:03<00:42,  1.10it/s]
  8%|▊         | 4/50 [00:03<00:28,  1.60it/s]
 10%|█         | 5/50 [00:04<00:20,  2.14it/s]
 12%|█▏        | 6/50 [00:04<00:16,  2.70it/s]
 14%|█▍        | 7/50 [00:04<00:13,  3.23it/s]
 16%|█▌        | 8/50 [00:04<00:11,  3.72it/s]
 18%|█▊        | 9/50 [00:04<00:09,  4.15it/s]
 20%|██        | 10/50 [00:05<00:08,  4.51it/s]
 22%|██▏       | 11/50 [00:05<00:08,  4.78it/s]
 24%|██▍       | 12/50 [00:05<00:07,  4.95it/s]
 26%|██▌       | 13/50 [00:05<00:07,  5.11it/s]
 28%|██▊       | 14/50 [00:05<00:06,  5.18it/s]
 30%|███       | 15/50 [00:05<00:06,  5.24it/s]
 32%|███▏      | 16/50 [00:06<00:06,  5.24it/s]
 34%|███▍      | 17/50 [00:06<00:06,  5.27it/s]
 36%|███▌      | 18/50 [00:06<00:06,  5.30it/s]
 38%|███▊      | 19/50 [00:06<00:05,  5.32it/s]
 40%|████      | 20/50 [00:06<00:05,  5.35it/s]
 42%|████▏     | 21/50 [00:07<00:05,  5.36it/s]
 44%|████▍     | 22/50 [00:07<00:05,  5.33it/s]
 46%|████▌     | 23/50 [00:07<00:05,  5.35it/s]
 48%|████▊     | 24/50 [00:07<00:04,  5.37it/s]
 50%|█████     | 25/50 [00:07<00:04,  5.33it/s]
 52%|█████▏    | 26/50 [00:08<00:04,  5.33it/s]
 54%|█████▍    | 27/50 [00:08<00:04,  5.36it/s]
 56%|█████▌    | 28/50 [00:08<00:04,  5.36it/s]
 58%|█████▊    | 29/50 [00:08<00:03,  5.37it/s]
 60%|██████    | 30/50 [00:08<00:03,  5.36it/s]
 62%|██████▏   | 31/50 [00:08<00:03,  5.39it/s]
 64%|██████▍   | 32/50 [00:09<00:03,  5.39it/s]
 66%|██████▌   | 33/50 [00:09<00:03,  5.43it/s]
 68%|██████▊   | 34/50 [00:09<00:02,  5.47it/s]
 70%|███████   | 35/50 [00:09<00:02,  5.42it/s]
 72%|███████▏  | 36/50 [00:09<00:02,  5.38it/s]
 74%|███████▍  | 37/50 [00:10<00:02,  5.37it/s]
 76%|███████▌  | 38/50 [00:10<00:02,  5.34it/s]
 78%|███████▊  | 39/50 [00:10<00:02,  5.36it/s]
 80%|████████  | 40/50 [00:10<00:01,  5.32it/s]
 82%|████████▏ | 41/50 [00:10<00:01,  5.31it/s]
 84%|████████▍ | 42/50 [00:11<00:01,  5.30it/s]
 86%|████████▌ | 43/50 [00:11<00:01,  5.33it/s]
 88%|████████▊ | 44/50 [00:11<00:01,  5.30it/s]
 90%|█████████ | 45/50 [00:11<00:00,  5.30it/s]
 92%|█████████▏| 46/50 [00:11<00:00,  5.32it/s]
 94%|█████████▍| 47/50 [00:11<00:00,  5.35it/s]
 96%|█████████▌| 48/50 [00:12<00:00,  5.34it/s]
 98%|█████████▊| 49/50 [00:12<00:00,  5.33it/s]
100%|██████████| 50/50 [00:12<00:00,  5.39it/s]
100%|██████████| 50/50 [00:12<00:00,  3.98it/s]
>>> VALIDATING 


  0%|          | 0/13 [00:00<?, ?it/s]
  8%|▊         | 1/13 [00:00<00:09,  1.31it/s]
 23%|██▎       | 3/13 [00:00<00:02,  3.84it/s]
 38%|███▊      | 5/13 [00:01<00:01,  4.70it/s]
 54%|█████▍    | 7/13 [00:01<00:00,  6.42it/s]
 69%|██████▉   | 9/13 [00:01<00:00,  6.19it/s]
 85%|████████▍ | 11/13 [00:01<00:00,  7.51it/s]
100%|██████████| 13/13 [00:02<00:00,  9.03it/s]
100%|██████████| 13/13 [00:02<00:00,  6.10it/s]
>>> LOGGING 

BALANCED ACCS CHECKED FOR TRAIN
BALANCED ACCS CHECKED FOR VAL
train_acc: 0.7645464025026069
val_acc: 0.6580483736447039
train_abn_acc: 0
val_abn_acc: 0
train_cls_loss: 0.46838029782764606
val_cls_loss: 0.589450759824064
train_total_loss: 1.2504703736528988
val_total_loss: 0.589450759824064
test_abn_acc: 0
balanced_train_acc: 0.588411582439131
balanced_val_acc: 0.5182389252874953
Land_on_Land_train_acc: 0.9259576901086335
Land_on_Land_val_acc: 0.9935760171306209
Land_on_Water_train_acc: 0.75
Land_on_Water_val_acc: 0.5450643776824035
Water_on_Land_train_acc: 0.10714285714285714
Water_on_Land_val_acc: 0.0
Water_on_Water_train_acc: 0.26773888363292336
Water_on_Water_val_acc: 0.5338345864661654
train_abn_cls_loss: 0.7820900716175003
train_acc_Landbird: 0.9171645844649647
train_acc_Waterbird: 0.25965858041329737
val_acc_Landbird: 0.7695605573419079
val_acc_Waterbird: 0.2669172932330827
TRAIN ACC:        0.7645464025026069
VAL ACC:          0.6580483736447039
BALANCED VAL ACC: 0.5182389252874953
prev best list: []
Saving to trained_weights/waterbirds/abn_cls_waterbird_complete95_forest2water2_21050510_trial_000/best_balanced_valacc_0.52_epoch_0.ckpt
>>> EVALUATING ON TEST SET
WATERBIRDS DIR: /home/ryreu/guided_cnn/waterbirds/waterbird_complete95_forest2water2
NUMBER OF SAMPLES WITH LABEL Landbird: 4510
NUMBER OF SAMPLES WITH LABEL Waterbird: 1284
NUMBER OF SAMPLES WITH GROUP Land_on_Land: 2255
NUMBER OF SAMPLES WITH GROUP Land_on_Water: 2255
NUMBER OF SAMPLES WITH GROUP Water_on_Land: 642
NUMBER OF SAMPLES WITH GROUP Water_on_Water: 642
NUM TEST:   5794

Loaded checkpoint trained_weights/waterbirds/abn_cls_waterbird_complete95_forest2water2_21050510_trial_000/best_balanced_valacc_0.52_epoch_0.ckpt

  0%|          | 0/5794 [00:00<?, ?it/s]
  0%|          | 1/5794 [00:00<24:31,  3.94it/s]
  0%|          | 7/5794 [00:00<04:06, 23.46it/s]
  0%|          | 13/5794 [00:00<02:45, 34.83it/s]
  0%|          | 19/5794 [00:00<02:17, 41.98it/s]
  0%|          | 25/5794 [00:00<02:04, 46.50it/s]
  1%|          | 31/5794 [00:00<01:56, 49.65it/s]
  1%|          | 37/5794 [00:00<01:51, 51.74it/s]
  1%|          | 43/5794 [00:01<01:48, 53.10it/s]
  1%|          | 49/5794 [00:01<01:46, 54.04it/s]
  1%|          | 55/5794 [00:01<01:45, 54.51it/s]
  1%|          | 61/5794 [00:01<01:44, 55.05it/s]
  1%|          | 67/5794 [00:01<01:43, 55.59it/s]
  1%|▏         | 73/5794 [00:01<01:43, 55.29it/s]
  1%|▏         | 79/5794 [00:01<01:42, 55.59it/s]
  1%|▏         | 85/5794 [00:01<01:42, 55.93it/s]
  2%|▏         | 91/5794 [00:01<01:42, 55.77it/s]
  2%|▏         | 97/5794 [00:01<01:42, 55.59it/s]
  2%|▏         | 103/5794 [00:02<01:42, 55.46it/s]
  2%|▏         | 109/5794 [00:02<01:42, 55.21it/s]
  2%|▏         | 115/5794 [00:02<01:42, 55.29it/s]
  2%|▏         | 121/5794 [00:02<01:43, 55.07it/s]
  2%|▏         | 127/5794 [00:02<01:42, 55.11it/s]
  2%|▏         | 133/5794 [00:02<01:42, 55.20it/s]
  2%|▏         | 139/5794 [00:02<01:43, 54.89it/s]
  3%|▎         | 145/5794 [00:02<01:42, 54.92it/s]
  3%|▎         | 151/5794 [00:02<01:42, 55.27it/s]
  3%|▎         | 157/5794 [00:03<01:41, 55.38it/s]
  3%|▎         | 163/5794 [00:03<01:41, 55.75it/s]
  3%|▎         | 169/5794 [00:03<01:40, 55.90it/s]
  3%|▎         | 175/5794 [00:03<01:40, 55.79it/s]
  3%|▎         | 181/5794 [00:03<01:40, 56.12it/s]
  3%|▎         | 187/5794 [00:03<01:39, 56.15it/s]
  3%|▎         | 193/5794 [00:03<01:39, 56.11it/s]
  3%|▎         | 199/5794 [00:03<01:39, 56.33it/s]
  4%|▎         | 205/5794 [00:03<01:39, 56.18it/s]
  4%|▎         | 211/5794 [00:04<01:39, 56.06it/s]
  4%|▎         | 217/5794 [00:04<01:40, 55.74it/s]
  4%|▍         | 223/5794 [00:04<01:40, 55.69it/s]
  4%|▍         | 229/5794 [00:04<01:40, 55.51it/s]
  4%|▍         | 235/5794 [00:04<01:40, 55.57it/s]
  4%|▍         | 241/5794 [00:04<01:40, 55.42it/s]
  4%|▍         | 247/5794 [00:04<01:39, 55.59it/s]
  4%|▍         | 253/5794 [00:04<01:39, 55.85it/s]
  4%|▍         | 259/5794 [00:04<01:38, 55.99it/s]
  5%|▍         | 265/5794 [00:04<01:38, 56.18it/s]
  5%|▍         | 271/5794 [00:05<01:38, 55.97it/s]
  5%|▍         | 277/5794 [00:05<01:39, 55.57it/s]
  5%|▍         | 283/5794 [00:05<01:39, 55.33it/s]
  5%|▍         | 289/5794 [00:05<01:39, 55.27it/s]
  5%|▌         | 295/5794 [00:05<01:39, 55.18it/s]
  5%|▌         | 301/5794 [00:05<01:39, 55.12it/s]
  5%|▌         | 307/5794 [00:05<01:39, 55.17it/s]
  5%|▌         | 313/5794 [00:05<01:39, 55.03it/s]
  6%|▌         | 319/5794 [00:05<01:39, 55.13it/s]
  6%|▌         | 325/5794 [00:06<01:39, 55.09it/s]
  6%|▌         | 331/5794 [00:06<01:39, 55.11it/s]
  6%|▌         | 337/5794 [00:06<01:38, 55.13it/s]
  6%|▌         | 343/5794 [00:06<01:38, 55.12it/s]
  6%|▌         | 349/5794 [00:06<01:38, 55.16it/s]
  6%|▌         | 355/5794 [00:06<01:38, 55.23it/s]
  6%|▌         | 361/5794 [00:06<01:38, 55.00it/s]
  6%|▋         | 367/5794 [00:06<01:38, 55.26it/s]
  6%|▋         | 373/5794 [00:06<01:38, 55.23it/s]
  7%|▋         | 379/5794 [00:07<01:38, 55.04it/s]
  7%|▋         | 385/5794 [00:07<01:37, 55.21it/s]
  7%|▋         | 391/5794 [00:07<01:37, 55.26it/s]
  7%|▋         | 397/5794 [00:07<01:38, 55.02it/s]
  7%|▋         | 403/5794 [00:07<01:38, 54.97it/s]
  7%|▋         | 409/5794 [00:07<01:38, 54.80it/s]
  7%|▋         | 415/5794 [00:07<01:38, 54.72it/s]
  7%|▋         | 421/5794 [00:07<01:37, 54.85it/s]
  7%|▋         | 427/5794 [00:07<01:37, 54.83it/s]
  7%|▋         | 433/5794 [00:08<01:38, 54.68it/s]
  8%|▊         | 439/5794 [00:08<01:37, 54.80it/s]
  8%|▊         | 445/5794 [00:08<01:37, 54.94it/s]
  8%|▊         | 451/5794 [00:08<01:37, 54.85it/s]
  8%|▊         | 457/5794 [00:08<01:37, 54.83it/s]
  8%|▊         | 463/5794 [00:08<01:37, 54.87it/s]
  8%|▊         | 469/5794 [00:08<01:37, 54.86it/s]
  8%|▊         | 475/5794 [00:08<01:36, 54.99it/s]
  8%|▊         | 481/5794 [00:08<01:36, 54.85it/s]
  8%|▊         | 487/5794 [00:09<01:36, 54.89it/s]
  9%|▊         | 493/5794 [00:09<01:36, 55.01it/s]
  9%|▊         | 499/5794 [00:09<01:36, 55.03it/s]
  9%|▊         | 505/5794 [00:09<01:35, 55.21it/s]
  9%|▉         | 511/5794 [00:09<01:35, 55.26it/s]
  9%|▉         | 517/5794 [00:09<01:35, 55.09it/s]
  9%|▉         | 523/5794 [00:09<01:35, 55.21it/s]
  9%|▉         | 529/5794 [00:09<01:35, 55.35it/s]
  9%|▉         | 535/5794 [00:09<01:34, 55.48it/s]
  9%|▉         | 541/5794 [00:09<01:34, 55.48it/s]
  9%|▉         | 547/5794 [00:10<01:34, 55.42it/s]
 10%|▉         | 553/5794 [00:10<01:34, 55.45it/s]
 10%|▉         | 559/5794 [00:10<01:34, 55.42it/s]
 10%|▉         | 565/5794 [00:10<01:34, 55.22it/s]
 10%|▉         | 571/5794 [00:10<01:34, 55.34it/s]
 10%|▉         | 577/5794 [00:10<01:34, 55.18it/s]
 10%|█         | 583/5794 [00:10<01:34, 54.95it/s]
 10%|█         | 589/5794 [00:10<01:35, 54.49it/s]
 10%|█         | 595/5794 [00:10<01:34, 54.74it/s]
 10%|█         | 601/5794 [00:11<01:34, 54.73it/s]
 10%|█         | 607/5794 [00:11<01:34, 55.03it/s]
 11%|█         | 613/5794 [00:11<01:33, 55.13it/s]
 11%|█         | 619/5794 [00:11<01:34, 54.68it/s]
 11%|█         | 625/5794 [00:11<01:33, 54.99it/s]
 11%|█         | 631/5794 [00:11<01:34, 54.89it/s]
 11%|█         | 637/5794 [00:11<01:33, 54.87it/s]
 11%|█         | 643/5794 [00:11<01:33, 54.99it/s]
 11%|█         | 649/5794 [00:11<01:33, 55.04it/s]
 11%|█▏        | 655/5794 [00:12<01:33, 54.92it/s]
 11%|█▏        | 661/5794 [00:12<01:33, 55.16it/s]
 12%|█▏        | 667/5794 [00:12<01:33, 55.09it/s]
 12%|█▏        | 673/5794 [00:12<01:32, 55.56it/s]
 12%|█▏        | 679/5794 [00:12<01:31, 55.85it/s]
 12%|█▏        | 685/5794 [00:12<01:31, 55.89it/s]
 12%|█▏        | 691/5794 [00:12<01:31, 56.04it/s]
 12%|█▏        | 697/5794 [00:12<01:30, 56.33it/s]
 12%|█▏        | 703/5794 [00:12<01:30, 56.21it/s]
 12%|█▏        | 709/5794 [00:13<01:30, 56.30it/s]
 12%|█▏        | 715/5794 [00:13<01:29, 56.52it/s]
 12%|█▏        | 721/5794 [00:13<01:30, 56.09it/s]
 13%|█▎        | 727/5794 [00:13<01:29, 56.50it/s]
 13%|█▎        | 733/5794 [00:13<01:32, 54.81it/s]
 13%|█▎        | 739/5794 [00:13<01:35, 52.94it/s]
 13%|█▎        | 745/5794 [00:13<01:37, 51.84it/s]
 13%|█▎        | 751/5794 [00:13<01:38, 51.13it/s]
 13%|█▎        | 757/5794 [00:13<01:39, 50.41it/s]
 13%|█▎        | 763/5794 [00:14<01:40, 50.05it/s]
 13%|█▎        | 769/5794 [00:14<01:40, 49.81it/s]
 13%|█▎        | 774/5794 [00:14<01:40, 49.81it/s]
 13%|█▎        | 779/5794 [00:14<01:40, 49.65it/s]
 14%|█▎        | 784/5794 [00:14<01:40, 49.64it/s]
 14%|█▎        | 789/5794 [00:14<01:41, 49.46it/s]
 14%|█▎        | 794/5794 [00:14<01:40, 49.51it/s]
 14%|█▍        | 799/5794 [00:14<01:40, 49.60it/s]
 14%|█▍        | 804/5794 [00:14<01:41, 49.36it/s]
 14%|█▍        | 809/5794 [00:15<01:40, 49.48it/s]
 14%|█▍        | 814/5794 [00:15<01:40, 49.55it/s]
 14%|█▍        | 819/5794 [00:15<01:40, 49.62it/s]
 14%|█▍        | 824/5794 [00:15<01:40, 49.49it/s]
 14%|█▍        | 829/5794 [00:15<01:40, 49.59it/s]
 14%|█▍        | 834/5794 [00:15<01:39, 49.60it/s]
 14%|█▍        | 839/5794 [00:15<01:40, 49.50it/s]
 15%|█▍        | 844/5794 [00:15<01:39, 49.51it/s]
 15%|█▍        | 849/5794 [00:15<01:39, 49.64it/s]
 15%|█▍        | 855/5794 [00:15<01:37, 50.63it/s]
 15%|█▍        | 861/5794 [00:16<01:38, 50.23it/s]
 15%|█▍        | 867/5794 [00:16<01:39, 49.77it/s]
 15%|█▌        | 872/5794 [00:16<01:39, 49.63it/s]
 15%|█▌        | 877/5794 [00:16<01:39, 49.59it/s]
 15%|█▌        | 882/5794 [00:16<01:39, 49.28it/s]
 15%|█▌        | 887/5794 [00:16<01:39, 49.29it/s]
 15%|█▌        | 893/5794 [00:16<01:37, 50.37it/s]
 16%|█▌        | 899/5794 [00:16<01:34, 51.59it/s]
 16%|█▌        | 905/5794 [00:16<01:33, 52.41it/s]
 16%|█▌        | 911/5794 [00:17<01:31, 53.36it/s]
 16%|█▌        | 917/5794 [00:17<01:30, 53.79it/s]
 16%|█▌        | 923/5794 [00:17<01:29, 54.18it/s]
 16%|█▌        | 929/5794 [00:17<01:29, 54.61it/s]
 16%|█▌        | 935/5794 [00:17<01:28, 54.77it/s]
 16%|█▌        | 941/5794 [00:17<01:32, 52.69it/s]
 16%|█▋        | 947/5794 [00:17<01:33, 51.70it/s]
 16%|█▋        | 953/5794 [00:17<01:34, 51.06it/s]
 17%|█▋        | 959/5794 [00:17<01:35, 50.50it/s]
 17%|█▋        | 965/5794 [00:18<01:35, 50.31it/s]
 17%|█▋        | 971/5794 [00:18<01:36, 49.97it/s]
 17%|█▋        | 977/5794 [00:18<01:37, 49.54it/s]
 17%|█▋        | 983/5794 [00:18<01:36, 49.64it/s]
 17%|█▋        | 988/5794 [00:18<01:37, 49.40it/s]
 17%|█▋        | 993/5794 [00:18<01:37, 49.25it/s]
 17%|█▋        | 998/5794 [00:18<01:37, 49.29it/s]
 17%|█▋        | 1003/5794 [00:18<01:37, 49.09it/s]
 17%|█▋        | 1008/5794 [00:18<01:37, 48.91it/s]
 17%|█▋        | 1013/5794 [00:19<01:37, 49.11it/s]
 18%|█▊        | 1019/5794 [00:19<01:33, 50.99it/s]
 18%|█▊        | 1025/5794 [00:19<01:31, 51.98it/s]
 18%|█▊        | 1031/5794 [00:19<01:29, 52.94it/s]
 18%|█▊        | 1037/5794 [00:19<01:28, 53.75it/s]
 18%|█▊        | 1043/5794 [00:19<01:28, 53.97it/s]
 18%|█▊        | 1049/5794 [00:19<01:27, 54.36it/s]
 18%|█▊        | 1055/5794 [00:19<01:26, 54.76it/s]
 18%|█▊        | 1061/5794 [00:19<01:26, 54.76it/s]
 18%|█▊        | 1067/5794 [00:20<01:25, 55.01it/s]
 19%|█▊        | 1073/5794 [00:20<01:25, 55.02it/s]
 19%|█▊        | 1079/5794 [00:20<01:25, 55.00it/s]
 19%|█▊        | 1085/5794 [00:20<01:25, 55.11it/s]
 19%|█▉        | 1091/5794 [00:20<01:25, 55.00it/s]
 19%|█▉        | 1097/5794 [00:20<01:25, 54.71it/s]
 19%|█▉        | 1103/5794 [00:20<01:25, 54.86it/s]
 19%|█▉        | 1109/5794 [00:20<01:25, 54.87it/s]
 19%|█▉        | 1115/5794 [00:20<01:25, 54.95it/s]
 19%|█▉        | 1121/5794 [00:21<01:25, 54.81it/s]
 19%|█▉        | 1127/5794 [00:21<01:25, 54.59it/s]
 20%|█▉        | 1133/5794 [00:21<01:25, 54.83it/s]
 20%|█▉        | 1139/5794 [00:21<01:24, 54.96it/s]
 20%|█▉        | 1145/5794 [00:21<01:24, 54.69it/s]
 20%|█▉        | 1151/5794 [00:21<01:25, 54.24it/s]
 20%|█▉        | 1157/5794 [00:21<01:24, 54.57it/s]
 20%|██        | 1163/5794 [00:21<01:24, 54.75it/s]
 20%|██        | 1169/5794 [00:21<01:23, 55.10it/s]
 20%|██        | 1175/5794 [00:21<01:23, 55.40it/s]
 20%|██        | 1181/5794 [00:22<01:23, 55.42it/s]
 20%|██        | 1187/5794 [00:22<01:23, 55.45it/s]
 21%|██        | 1193/5794 [00:22<01:23, 55.21it/s]
 21%|██        | 1199/5794 [00:22<01:22, 55.60it/s]
 21%|██        | 1205/5794 [00:22<01:22, 55.92it/s]
 21%|██        | 1211/5794 [00:22<01:21, 56.12it/s]
 21%|██        | 1217/5794 [00:22<01:21, 56.13it/s]
 21%|██        | 1223/5794 [00:22<01:21, 55.87it/s]
 21%|██        | 1229/5794 [00:22<01:21, 55.93it/s]
 21%|██▏       | 1235/5794 [00:23<01:21, 55.88it/s]
 21%|██▏       | 1241/5794 [00:23<01:21, 56.02it/s]
 22%|██▏       | 1247/5794 [00:23<01:21, 56.07it/s]
 22%|██▏       | 1253/5794 [00:23<01:21, 56.06it/s]
 22%|██▏       | 1259/5794 [00:23<01:21, 55.82it/s]
 22%|██▏       | 1265/5794 [00:23<01:21, 55.64it/s]
 22%|██▏       | 1271/5794 [00:23<01:21, 55.51it/s]
 22%|██▏       | 1277/5794 [00:23<01:21, 55.32it/s]
 22%|██▏       | 1283/5794 [00:23<01:22, 54.46it/s]
 22%|██▏       | 1289/5794 [00:24<01:22, 54.53it/s]
 22%|██▏       | 1295/5794 [00:24<01:22, 54.83it/s]
 22%|██▏       | 1301/5794 [00:24<01:21, 54.91it/s]
 23%|██▎       | 1307/5794 [00:24<01:21, 55.10it/s]
 23%|██▎       | 1313/5794 [00:24<01:21, 54.97it/s]
 23%|██▎       | 1319/5794 [00:24<01:21, 55.08it/s]
 23%|██▎       | 1325/5794 [00:24<01:21, 55.01it/s]
 23%|██▎       | 1331/5794 [00:24<01:22, 54.26it/s]
 23%|██▎       | 1337/5794 [00:24<01:21, 54.81it/s]
 23%|██▎       | 1343/5794 [00:25<01:20, 55.17it/s]
 23%|██▎       | 1349/5794 [00:25<01:20, 55.32it/s]
 23%|██▎       | 1355/5794 [00:25<01:19, 55.56it/s]
 23%|██▎       | 1361/5794 [00:25<01:19, 55.79it/s]
 24%|██▎       | 1367/5794 [00:25<01:19, 55.75it/s]
 24%|██▎       | 1373/5794 [00:25<01:19, 55.95it/s]
 24%|██▍       | 1379/5794 [00:25<01:18, 56.54it/s]
 24%|██▍       | 1385/5794 [00:25<01:17, 57.07it/s]
 24%|██▍       | 1391/5794 [00:25<01:16, 57.43it/s]
 24%|██▍       | 1397/5794 [00:25<01:16, 57.73it/s]
 24%|██▍       | 1403/5794 [00:26<01:16, 57.66it/s]
 24%|██▍       | 1409/5794 [00:26<01:16, 57.51it/s]
 24%|██▍       | 1415/5794 [00:26<01:16, 57.27it/s]
 25%|██▍       | 1421/5794 [00:26<01:16, 57.51it/s]
 25%|██▍       | 1427/5794 [00:26<01:15, 57.80it/s]
 25%|██▍       | 1433/5794 [00:26<01:15, 57.95it/s]
 25%|██▍       | 1439/5794 [00:26<01:16, 57.23it/s]
 25%|██▍       | 1445/5794 [00:26<01:16, 57.01it/s]
 25%|██▌       | 1451/5794 [00:26<01:17, 56.05it/s]
 25%|██▌       | 1457/5794 [00:27<01:19, 54.66it/s]
 25%|██▌       | 1463/5794 [00:27<01:20, 53.91it/s]
 25%|██▌       | 1469/5794 [00:27<01:19, 54.24it/s]
 25%|██▌       | 1475/5794 [00:27<01:20, 53.97it/s]
 26%|██▌       | 1481/5794 [00:27<01:20, 53.61it/s]
 26%|██▌       | 1487/5794 [00:27<01:20, 53.54it/s]
 26%|██▌       | 1493/5794 [00:27<01:20, 53.57it/s]
 26%|██▌       | 1499/5794 [00:27<01:20, 53.66it/s]
 26%|██▌       | 1505/5794 [00:27<01:20, 53.57it/s]
 26%|██▌       | 1511/5794 [00:28<01:19, 53.79it/s]
 26%|██▌       | 1517/5794 [00:28<01:19, 53.68it/s]
 26%|██▋       | 1523/5794 [00:28<01:19, 53.73it/s]
 26%|██▋       | 1529/5794 [00:28<01:19, 53.53it/s]
 26%|██▋       | 1535/5794 [00:28<01:19, 53.44it/s]
 27%|██▋       | 1541/5794 [00:28<01:19, 53.66it/s]
 27%|██▋       | 1547/5794 [00:28<01:18, 53.95it/s]
 27%|██▋       | 1553/5794 [00:28<01:19, 53.14it/s]
 27%|██▋       | 1559/5794 [00:28<01:19, 53.13it/s]
 27%|██▋       | 1565/5794 [00:29<01:20, 52.64it/s]
 27%|██▋       | 1571/5794 [00:29<01:19, 52.84it/s]
 27%|██▋       | 1577/5794 [00:29<01:19, 52.77it/s]
 27%|██▋       | 1583/5794 [00:29<01:19, 53.26it/s]
 27%|██▋       | 1589/5794 [00:29<01:18, 53.56it/s]
 28%|██▊       | 1595/5794 [00:29<01:18, 53.64it/s]
 28%|██▊       | 1601/5794 [00:29<01:18, 53.58it/s]
 28%|██▊       | 1607/5794 [00:29<01:18, 53.38it/s]
 28%|██▊       | 1613/5794 [00:29<01:18, 53.41it/s]
 28%|██▊       | 1619/5794 [00:30<01:19, 52.79it/s]
 28%|██▊       | 1625/5794 [00:30<01:21, 51.30it/s]
 28%|██▊       | 1631/5794 [00:30<01:22, 50.28it/s]
 28%|██▊       | 1637/5794 [00:30<01:24, 49.40it/s]
 28%|██▊       | 1642/5794 [00:30<01:24, 49.01it/s]
 28%|██▊       | 1647/5794 [00:30<01:24, 49.16it/s]
 29%|██▊       | 1652/5794 [00:30<01:24, 49.11it/s]
 29%|██▊       | 1657/5794 [00:30<01:24, 49.11it/s]
 29%|██▊       | 1662/5794 [00:30<01:24, 49.07it/s]
 29%|██▉       | 1667/5794 [00:31<01:24, 48.89it/s]
 29%|██▉       | 1672/5794 [00:31<01:24, 48.67it/s]
 29%|██▉       | 1677/5794 [00:31<01:24, 48.78it/s]
 29%|██▉       | 1682/5794 [00:31<01:23, 49.01it/s]
 29%|██▉       | 1687/5794 [00:31<01:24, 48.57it/s]
 29%|██▉       | 1692/5794 [00:31<01:24, 48.76it/s]
 29%|██▉       | 1697/5794 [00:31<01:23, 48.90it/s]
 29%|██▉       | 1702/5794 [00:31<01:23, 48.93it/s]
 29%|██▉       | 1707/5794 [00:31<01:23, 48.89it/s]
 30%|██▉       | 1712/5794 [00:31<01:23, 48.92it/s]
 30%|██▉       | 1717/5794 [00:32<01:23, 48.89it/s]
 30%|██▉       | 1722/5794 [00:32<01:23, 48.99it/s]
 30%|██▉       | 1727/5794 [00:32<01:23, 48.92it/s]
 30%|██▉       | 1733/5794 [00:32<01:19, 50.78it/s]
 30%|███       | 1739/5794 [00:32<01:17, 52.01it/s]
 30%|███       | 1745/5794 [00:32<01:16, 53.16it/s]
 30%|███       | 1751/5794 [00:32<01:14, 54.05it/s]
 30%|███       | 1757/5794 [00:32<01:14, 54.52it/s]
 30%|███       | 1763/5794 [00:32<01:13, 54.88it/s]
 31%|███       | 1769/5794 [00:33<01:13, 54.91it/s]
 31%|███       | 1775/5794 [00:33<01:14, 54.25it/s]
 31%|███       | 1781/5794 [00:33<01:16, 52.57it/s]
 31%|███       | 1787/5794 [00:33<01:17, 51.46it/s]
 31%|███       | 1793/5794 [00:33<01:18, 50.65it/s]
 31%|███       | 1799/5794 [00:33<01:19, 50.22it/s]
 31%|███       | 1805/5794 [00:33<01:20, 49.43it/s]
 31%|███       | 1810/5794 [00:33<01:20, 49.23it/s]
 31%|███▏      | 1815/5794 [00:33<01:21, 49.08it/s]
 31%|███▏      | 1820/5794 [00:34<01:20, 49.18it/s]
 31%|███▏      | 1825/5794 [00:34<01:20, 49.11it/s]
 32%|███▏      | 1830/5794 [00:34<01:20, 48.96it/s]
 32%|███▏      | 1835/5794 [00:34<01:20, 49.04it/s]
 32%|███▏      | 1840/5794 [00:34<01:21, 48.72it/s]
 32%|███▏      | 1845/5794 [00:34<01:20, 48.97it/s]
 32%|███▏      | 1850/5794 [00:34<01:20, 48.93it/s]
 32%|███▏      | 1856/5794 [00:34<01:17, 50.52it/s]
 32%|███▏      | 1862/5794 [00:34<01:15, 51.80it/s]
 32%|███▏      | 1868/5794 [00:35<01:14, 52.96it/s]
 32%|███▏      | 1874/5794 [00:35<01:13, 53.57it/s]
 32%|███▏      | 1880/5794 [00:35<01:12, 54.24it/s]
 33%|███▎      | 1886/5794 [00:35<01:11, 54.53it/s]
 33%|███▎      | 1892/5794 [00:35<01:11, 54.84it/s]
 33%|███▎      | 1898/5794 [00:35<01:10, 55.11it/s]
 33%|███▎      | 1904/5794 [00:35<01:10, 55.35it/s]
 33%|███▎      | 1910/5794 [00:35<01:10, 55.29it/s]
 33%|███▎      | 1916/5794 [00:35<01:09, 55.41it/s]
 33%|███▎      | 1922/5794 [00:36<01:10, 55.17it/s]
 33%|███▎      | 1928/5794 [00:36<01:09, 55.39it/s]
 33%|███▎      | 1934/5794 [00:36<01:09, 55.79it/s]
 33%|███▎      | 1940/5794 [00:36<01:09, 55.85it/s]
 34%|███▎      | 1946/5794 [00:36<01:08, 55.79it/s]
 34%|███▎      | 1952/5794 [00:36<01:08, 55.99it/s]
 34%|███▍      | 1958/5794 [00:36<01:08, 55.87it/s]
 34%|███▍      | 1964/5794 [00:36<01:09, 55.42it/s]
 34%|███▍      | 1970/5794 [00:36<01:09, 55.19it/s]
 34%|███▍      | 1976/5794 [00:36<01:08, 55.44it/s]
 34%|███▍      | 1982/5794 [00:37<01:08, 55.91it/s]
 34%|███▍      | 1988/5794 [00:37<01:08, 55.49it/s]
 34%|███▍      | 1994/5794 [00:37<01:08, 55.31it/s]
 35%|███▍      | 2000/5794 [00:37<01:08, 55.49it/s]
 35%|███▍      | 2006/5794 [00:37<01:08, 54.95it/s]
 35%|███▍      | 2012/5794 [00:37<01:09, 54.70it/s]
 35%|███▍      | 2018/5794 [00:37<01:08, 55.36it/s]
 35%|███▍      | 2024/5794 [00:37<01:07, 55.79it/s]
 35%|███▌      | 2030/5794 [00:37<01:07, 55.48it/s]
 35%|███▌      | 2036/5794 [00:38<01:07, 55.64it/s]
 35%|███▌      | 2042/5794 [00:38<01:06, 56.00it/s]
 35%|███▌      | 2048/5794 [00:38<01:07, 55.84it/s]
 35%|███▌      | 2054/5794 [00:38<01:06, 56.03it/s]
 36%|███▌      | 2060/5794 [00:38<01:06, 56.40it/s]
 36%|███▌      | 2066/5794 [00:38<01:06, 56.29it/s]
 36%|███▌      | 2072/5794 [00:38<01:05, 56.47it/s]
 36%|███▌      | 2078/5794 [00:38<01:05, 56.55it/s]
 36%|███▌      | 2084/5794 [00:38<01:06, 56.15it/s]
 36%|███▌      | 2090/5794 [00:39<01:06, 55.91it/s]
 36%|███▌      | 2096/5794 [00:39<01:08, 53.67it/s]
 36%|███▋      | 2102/5794 [00:39<01:10, 52.38it/s]
 36%|███▋      | 2108/5794 [00:39<01:11, 51.36it/s]
 36%|███▋      | 2114/5794 [00:39<01:12, 50.59it/s]
 37%|███▋      | 2120/5794 [00:39<01:13, 50.21it/s]
 37%|███▋      | 2126/5794 [00:39<01:13, 49.91it/s]
 37%|███▋      | 2131/5794 [00:39<01:13, 49.60it/s]
 37%|███▋      | 2136/5794 [00:39<01:14, 49.42it/s]
 37%|███▋      | 2141/5794 [00:40<01:14, 49.28it/s]
 37%|███▋      | 2146/5794 [00:40<01:14, 49.11it/s]
 37%|███▋      | 2151/5794 [00:40<01:13, 49.26it/s]
 37%|███▋      | 2156/5794 [00:40<01:13, 49.36it/s]
 37%|███▋      | 2161/5794 [00:40<01:13, 49.24it/s]
 37%|███▋      | 2166/5794 [00:40<01:14, 48.57it/s]
 37%|███▋      | 2171/5794 [00:40<01:14, 48.83it/s]
 38%|███▊      | 2176/5794 [00:40<01:13, 48.94it/s]
 38%|███▊      | 2181/5794 [00:40<01:13, 48.90it/s]
 38%|███▊      | 2186/5794 [00:40<01:13, 49.08it/s]
 38%|███▊      | 2191/5794 [00:41<01:13, 48.99it/s]
 38%|███▊      | 2196/5794 [00:41<01:13, 48.79it/s]
 38%|███▊      | 2201/5794 [00:41<01:14, 48.43it/s]
 38%|███▊      | 2206/5794 [00:41<01:13, 48.50it/s]
 38%|███▊      | 2211/5794 [00:41<01:13, 48.87it/s]
 38%|███▊      | 2216/5794 [00:41<01:13, 48.79it/s]
 38%|███▊      | 2221/5794 [00:41<01:13, 48.62it/s]
 38%|███▊      | 2226/5794 [00:41<01:12, 48.95it/s]
 39%|███▊      | 2231/5794 [00:41<01:12, 48.89it/s]
 39%|███▊      | 2236/5794 [00:42<01:12, 49.01it/s]
 39%|███▊      | 2241/5794 [00:42<01:12, 49.11it/s]
 39%|███▉      | 2246/5794 [00:42<01:12, 49.01it/s]
 39%|███▉      | 2251/5794 [00:42<01:12, 48.83it/s]
 39%|███▉      | 2256/5794 [00:42<01:12, 49.06it/s]
 39%|███▉      | 2261/5794 [00:42<01:12, 49.05it/s]
 39%|███▉      | 2266/5794 [00:42<01:11, 49.06it/s]
 39%|███▉      | 2271/5794 [00:42<01:12, 48.90it/s]
 39%|███▉      | 2276/5794 [00:42<01:11, 49.04it/s]
 39%|███▉      | 2281/5794 [00:42<01:11, 49.19it/s]
 39%|███▉      | 2286/5794 [00:43<01:11, 49.11it/s]
 40%|███▉      | 2291/5794 [00:43<01:11, 49.32it/s]
 40%|███▉      | 2296/5794 [00:43<01:11, 49.23it/s]
 40%|███▉      | 2301/5794 [00:43<01:11, 49.06it/s]
 40%|███▉      | 2306/5794 [00:43<01:10, 49.16it/s]
 40%|███▉      | 2311/5794 [00:43<01:11, 48.95it/s]
 40%|███▉      | 2316/5794 [00:43<01:11, 48.91it/s]
 40%|████      | 2321/5794 [00:43<01:10, 48.96it/s]
 40%|████      | 2326/5794 [00:43<01:11, 48.83it/s]
 40%|████      | 2331/5794 [00:43<01:10, 48.87it/s]
 40%|████      | 2336/5794 [00:44<01:10, 48.74it/s]
 40%|████      | 2341/5794 [00:44<01:10, 48.94it/s]
 40%|████      | 2346/5794 [00:44<01:10, 48.90it/s]
 41%|████      | 2351/5794 [00:44<01:10, 48.86it/s]
 41%|████      | 2356/5794 [00:44<01:10, 48.97it/s]
 41%|████      | 2361/5794 [00:44<01:09, 49.15it/s]
 41%|████      | 2366/5794 [00:44<01:09, 49.20it/s]
 41%|████      | 2371/5794 [00:44<01:09, 49.21it/s]
 41%|████      | 2376/5794 [00:44<01:09, 49.17it/s]
 41%|████      | 2381/5794 [00:44<01:09, 49.16it/s]
 41%|████      | 2386/5794 [00:45<01:09, 49.10it/s]
 41%|████▏     | 2391/5794 [00:45<01:09, 49.18it/s]
 41%|████▏     | 2396/5794 [00:45<01:08, 49.29it/s]
 41%|████▏     | 2401/5794 [00:45<01:09, 49.05it/s]
 42%|████▏     | 2406/5794 [00:45<01:08, 49.11it/s]
 42%|████▏     | 2411/5794 [00:45<01:08, 49.21it/s]
 42%|████▏     | 2416/5794 [00:45<01:08, 49.15it/s]
 42%|████▏     | 2421/5794 [00:45<01:08, 49.17it/s]
 42%|████▏     | 2426/5794 [00:45<01:08, 49.07it/s]
 42%|████▏     | 2431/5794 [00:45<01:08, 49.18it/s]
 42%|████▏     | 2436/5794 [00:46<01:08, 49.17it/s]
 42%|████▏     | 2441/5794 [00:46<01:08, 49.16it/s]
 42%|████▏     | 2446/5794 [00:46<01:07, 49.33it/s]
 42%|████▏     | 2451/5794 [00:46<01:07, 49.19it/s]
 42%|████▏     | 2456/5794 [00:46<01:07, 49.12it/s]
 42%|████▏     | 2461/5794 [00:46<01:07, 49.32it/s]
 43%|████▎     | 2466/5794 [00:46<01:07, 49.16it/s]
 43%|████▎     | 2471/5794 [00:46<01:07, 49.08it/s]
 43%|████▎     | 2476/5794 [00:46<01:07, 49.11it/s]
 43%|████▎     | 2481/5794 [00:46<01:07, 49.15it/s]
 43%|████▎     | 2486/5794 [00:47<01:07, 49.17it/s]
 43%|████▎     | 2491/5794 [00:47<01:07, 49.09it/s]
 43%|████▎     | 2496/5794 [00:47<01:07, 49.08it/s]
 43%|████▎     | 2501/5794 [00:47<01:06, 49.17it/s]
 43%|████▎     | 2506/5794 [00:47<01:07, 48.87it/s]
 43%|████▎     | 2511/5794 [00:47<01:07, 48.84it/s]
 43%|████▎     | 2516/5794 [00:47<01:06, 49.09it/s]
 44%|████▎     | 2521/5794 [00:47<01:07, 48.73it/s]
 44%|████▎     | 2526/5794 [00:47<01:06, 49.03it/s]
 44%|████▎     | 2531/5794 [00:48<01:06, 49.10it/s]
 44%|████▍     | 2536/5794 [00:48<01:06, 49.03it/s]
 44%|████▍     | 2541/5794 [00:48<01:06, 48.98it/s]
 44%|████▍     | 2546/5794 [00:48<01:06, 49.14it/s]
 44%|████▍     | 2551/5794 [00:48<01:05, 49.26it/s]
 44%|████▍     | 2556/5794 [00:48<01:05, 49.16it/s]
 44%|████▍     | 2561/5794 [00:48<01:05, 49.16it/s]
 44%|████▍     | 2567/5794 [00:48<01:04, 49.82it/s]
 44%|████▍     | 2573/5794 [00:48<01:02, 51.64it/s]
 45%|████▍     | 2579/5794 [00:48<01:01, 52.44it/s]
 45%|████▍     | 2585/5794 [00:49<01:02, 51.15it/s]
 45%|████▍     | 2591/5794 [00:49<01:03, 50.41it/s]
 45%|████▍     | 2597/5794 [00:49<01:04, 49.93it/s]
 45%|████▍     | 2603/5794 [00:49<01:04, 49.73it/s]
 45%|████▌     | 2608/5794 [00:49<01:04, 49.58it/s]
 45%|████▌     | 2613/5794 [00:49<01:04, 49.50it/s]
 45%|████▌     | 2618/5794 [00:49<01:04, 49.57it/s]
 45%|████▌     | 2623/5794 [00:49<01:04, 49.28it/s]
 45%|████▌     | 2628/5794 [00:49<01:04, 49.35it/s]
 45%|████▌     | 2633/5794 [00:50<01:04, 49.22it/s]
 46%|████▌     | 2638/5794 [00:50<01:03, 49.32it/s]
 46%|████▌     | 2643/5794 [00:50<01:04, 49.11it/s]
 46%|████▌     | 2648/5794 [00:50<01:04, 48.95it/s]
 46%|████▌     | 2653/5794 [00:50<01:04, 48.98it/s]
 46%|████▌     | 2658/5794 [00:50<01:04, 48.87it/s]
 46%|████▌     | 2663/5794 [00:50<01:04, 48.88it/s]
 46%|████▌     | 2668/5794 [00:50<01:03, 48.98it/s]
 46%|████▌     | 2673/5794 [00:50<01:04, 48.76it/s]
 46%|████▌     | 2678/5794 [00:50<01:03, 49.05it/s]
 46%|████▋     | 2683/5794 [00:51<01:03, 49.05it/s]
 46%|████▋     | 2688/5794 [00:51<01:03, 49.15it/s]
 46%|████▋     | 2693/5794 [00:51<01:03, 49.05it/s]
 47%|████▋     | 2698/5794 [00:51<01:03, 48.74it/s]
 47%|████▋     | 2703/5794 [00:51<01:03, 48.90it/s]
 47%|████▋     | 2708/5794 [00:51<01:03, 48.74it/s]
 47%|████▋     | 2713/5794 [00:51<01:02, 48.97it/s]
 47%|████▋     | 2718/5794 [00:51<01:02, 49.05it/s]
 47%|████▋     | 2723/5794 [00:51<01:02, 49.14it/s]
 47%|████▋     | 2729/5794 [00:52<01:00, 50.32it/s]
 47%|████▋     | 2735/5794 [00:52<00:58, 52.26it/s]
 47%|████▋     | 2741/5794 [00:52<00:57, 53.52it/s]
 47%|████▋     | 2747/5794 [00:52<00:55, 54.63it/s]
 48%|████▊     | 2753/5794 [00:52<00:55, 55.26it/s]
 48%|████▊     | 2759/5794 [00:52<00:54, 55.63it/s]
 48%|████▊     | 2765/5794 [00:52<00:54, 55.79it/s]
 48%|████▊     | 2771/5794 [00:52<00:54, 55.00it/s]
 48%|████▊     | 2777/5794 [00:52<00:55, 54.67it/s]
 48%|████▊     | 2783/5794 [00:52<00:55, 54.54it/s]
 48%|████▊     | 2789/5794 [00:53<00:54, 55.03it/s]
 48%|████▊     | 2795/5794 [00:53<00:54, 54.63it/s]
 48%|████▊     | 2801/5794 [00:53<00:54, 55.06it/s]
 48%|████▊     | 2807/5794 [00:53<00:54, 55.12it/s]
 49%|████▊     | 2813/5794 [00:53<00:53, 55.27it/s]
 49%|████▊     | 2819/5794 [00:53<00:53, 55.37it/s]
 49%|████▉     | 2825/5794 [00:53<00:53, 55.25it/s]
 49%|████▉     | 2831/5794 [00:53<00:53, 55.33it/s]
 49%|████▉     | 2837/5794 [00:53<00:53, 55.53it/s]
 49%|████▉     | 2843/5794 [00:54<00:53, 55.33it/s]
 49%|████▉     | 2849/5794 [00:54<00:53, 55.52it/s]
 49%|████▉     | 2855/5794 [00:54<00:52, 55.64it/s]
 49%|████▉     | 2861/5794 [00:54<00:52, 55.55it/s]
 49%|████▉     | 2867/5794 [00:54<00:52, 55.65it/s]
 50%|████▉     | 2873/5794 [00:54<00:52, 55.80it/s]
 50%|████▉     | 2879/5794 [00:54<00:52, 55.65it/s]
 50%|████▉     | 2885/5794 [00:54<00:52, 55.90it/s]
 50%|████▉     | 2891/5794 [00:54<00:51, 55.85it/s]
 50%|█████     | 2897/5794 [00:55<00:51, 55.82it/s]
 50%|█████     | 2903/5794 [00:55<00:51, 55.94it/s]
 50%|█████     | 2909/5794 [00:55<00:51, 55.72it/s]
 50%|█████     | 2915/5794 [00:55<00:51, 56.01it/s]
 50%|█████     | 2921/5794 [00:55<00:50, 56.59it/s]
 51%|█████     | 2927/5794 [00:55<00:50, 56.71it/s]
 51%|█████     | 2933/5794 [00:55<00:50, 56.69it/s]
 51%|█████     | 2939/5794 [00:55<00:50, 56.87it/s]
 51%|█████     | 2945/5794 [00:55<00:50, 56.57it/s]
 51%|█████     | 2951/5794 [00:55<00:50, 56.08it/s]
 51%|█████     | 2957/5794 [00:56<00:50, 56.66it/s]
 51%|█████     | 2963/5794 [00:56<00:50, 56.43it/s]
 51%|█████     | 2969/5794 [00:56<00:52, 53.83it/s]
 51%|█████▏    | 2975/5794 [00:56<00:53, 52.22it/s]
 51%|█████▏    | 2981/5794 [00:56<00:53, 53.06it/s]
 52%|█████▏    | 2987/5794 [00:56<00:52, 53.96it/s]
 52%|█████▏    | 2993/5794 [00:56<00:51, 54.51it/s]
 52%|█████▏    | 2999/5794 [00:56<00:51, 54.66it/s]
 52%|█████▏    | 3005/5794 [00:56<00:50, 55.23it/s]
 52%|█████▏    | 3011/5794 [00:57<00:50, 55.33it/s]
 52%|█████▏    | 3017/5794 [00:57<00:49, 55.56it/s]
 52%|█████▏    | 3023/5794 [00:57<00:49, 55.52it/s]
 52%|█████▏    | 3029/5794 [00:57<00:49, 55.55it/s]
 52%|█████▏    | 3035/5794 [00:57<00:49, 55.32it/s]
 52%|█████▏    | 3041/5794 [00:57<00:49, 55.14it/s]
 53%|█████▎    | 3047/5794 [00:57<00:49, 55.17it/s]
 53%|█████▎    | 3053/5794 [00:57<00:49, 55.44it/s]
 53%|█████▎    | 3059/5794 [00:57<00:49, 55.61it/s]
 53%|█████▎    | 3065/5794 [00:58<00:49, 55.52it/s]
 53%|█████▎    | 3071/5794 [00:58<00:49, 55.53it/s]
 53%|█████▎    | 3077/5794 [00:58<00:48, 55.66it/s]
 53%|█████▎    | 3083/5794 [00:58<00:48, 55.57it/s]
 53%|█████▎    | 3089/5794 [00:58<00:48, 55.71it/s]
 53%|█████▎    | 3095/5794 [00:58<00:48, 55.73it/s]
 54%|█████▎    | 3101/5794 [00:58<00:48, 55.62it/s]
 54%|█████▎    | 3107/5794 [00:58<00:48, 55.75it/s]
 54%|█████▎    | 3113/5794 [00:58<00:48, 55.46it/s]
 54%|█████▍    | 3119/5794 [00:59<00:48, 55.28it/s]
 54%|█████▍    | 3125/5794 [00:59<00:48, 55.51it/s]
 54%|█████▍    | 3131/5794 [00:59<00:47, 55.51it/s]
 54%|█████▍    | 3137/5794 [00:59<00:48, 54.97it/s]
 54%|█████▍    | 3143/5794 [00:59<00:47, 55.33it/s]
 54%|█████▍    | 3149/5794 [00:59<00:48, 54.63it/s]
 54%|█████▍    | 3155/5794 [00:59<00:48, 54.96it/s]
 55%|█████▍    | 3161/5794 [00:59<00:47, 54.98it/s]
 55%|█████▍    | 3167/5794 [00:59<00:47, 55.02it/s]
 55%|█████▍    | 3173/5794 [01:00<00:47, 55.34it/s]
 55%|█████▍    | 3179/5794 [01:00<00:47, 55.48it/s]
 55%|█████▍    | 3185/5794 [01:00<00:47, 55.37it/s]
 55%|█████▌    | 3191/5794 [01:00<00:46, 55.61it/s]
 55%|█████▌    | 3197/5794 [01:00<00:46, 55.29it/s]
 55%|█████▌    | 3203/5794 [01:00<00:46, 55.31it/s]
 55%|█████▌    | 3209/5794 [01:00<00:46, 55.36it/s]
 55%|█████▌    | 3215/5794 [01:00<00:47, 53.91it/s]
 56%|█████▌    | 3221/5794 [01:00<00:49, 52.23it/s]
 56%|█████▌    | 3227/5794 [01:01<00:50, 51.24it/s]
 56%|█████▌    | 3233/5794 [01:01<00:50, 50.42it/s]
 56%|█████▌    | 3239/5794 [01:01<00:51, 49.89it/s]
 56%|█████▌    | 3245/5794 [01:01<00:51, 49.72it/s]
 56%|█████▌    | 3250/5794 [01:01<00:51, 49.48it/s]
 56%|█████▌    | 3255/5794 [01:01<00:51, 49.35it/s]
 56%|█████▋    | 3260/5794 [01:01<00:51, 49.30it/s]
 56%|█████▋    | 3265/5794 [01:01<00:51, 49.31it/s]
 56%|█████▋    | 3270/5794 [01:01<00:51, 49.21it/s]
 57%|█████▋    | 3275/5794 [01:02<00:51, 49.15it/s]
 57%|█████▋    | 3280/5794 [01:02<00:50, 49.30it/s]
 57%|█████▋    | 3285/5794 [01:02<00:51, 49.08it/s]
 57%|█████▋    | 3290/5794 [01:02<00:51, 49.10it/s]
 57%|█████▋    | 3295/5794 [01:02<00:51, 48.91it/s]
 57%|█████▋    | 3300/5794 [01:02<00:51, 48.78it/s]
 57%|█████▋    | 3305/5794 [01:02<00:51, 48.77it/s]
 57%|█████▋    | 3310/5794 [01:02<00:50, 48.86it/s]
 57%|█████▋    | 3315/5794 [01:02<00:50, 48.83it/s]
 57%|█████▋    | 3320/5794 [01:02<00:50, 48.61it/s]
 57%|█████▋    | 3325/5794 [01:03<00:51, 48.34it/s]
 57%|█████▋    | 3330/5794 [01:03<00:50, 48.61it/s]
 58%|█████▊    | 3335/5794 [01:03<00:50, 48.75it/s]
 58%|█████▊    | 3340/5794 [01:03<00:50, 48.92it/s]
 58%|█████▊    | 3345/5794 [01:03<00:49, 49.06it/s]
 58%|█████▊    | 3351/5794 [01:03<00:49, 49.35it/s]
 58%|█████▊    | 3356/5794 [01:03<00:49, 49.11it/s]
 58%|█████▊    | 3361/5794 [01:03<00:49, 48.95it/s]
 58%|█████▊    | 3366/5794 [01:03<00:49, 49.07it/s]
 58%|█████▊    | 3371/5794 [01:03<00:49, 48.62it/s]
 58%|█████▊    | 3377/5794 [01:04<00:49, 49.23it/s]
 58%|█████▊    | 3382/5794 [01:04<00:48, 49.44it/s]
 58%|█████▊    | 3387/5794 [01:04<00:48, 49.42it/s]
 59%|█████▊    | 3393/5794 [01:04<00:48, 49.63it/s]
 59%|█████▊    | 3398/5794 [01:04<00:48, 49.72it/s]
 59%|█████▊    | 3403/5794 [01:04<00:48, 49.28it/s]
 59%|█████▉    | 3409/5794 [01:04<00:48, 49.64it/s]
 59%|█████▉    | 3415/5794 [01:04<00:47, 50.05it/s]
 59%|█████▉    | 3420/5794 [01:04<00:47, 49.82it/s]
 59%|█████▉    | 3425/5794 [01:05<00:47, 49.68it/s]
 59%|█████▉    | 3430/5794 [01:05<00:47, 49.67it/s]
 59%|█████▉    | 3435/5794 [01:05<00:47, 49.72it/s]
 59%|█████▉    | 3440/5794 [01:05<00:47, 49.37it/s]
 59%|█████▉    | 3445/5794 [01:05<00:47, 49.15it/s]
 60%|█████▉    | 3450/5794 [01:05<00:47, 49.23it/s]
 60%|█████▉    | 3455/5794 [01:05<00:47, 49.23it/s]
 60%|█████▉    | 3460/5794 [01:05<00:47, 49.44it/s]
 60%|█████▉    | 3465/5794 [01:05<00:47, 49.40it/s]
 60%|█████▉    | 3470/5794 [01:05<00:47, 49.33it/s]
 60%|█████▉    | 3475/5794 [01:06<00:47, 49.29it/s]
 60%|██████    | 3480/5794 [01:06<00:47, 49.00it/s]
 60%|██████    | 3485/5794 [01:06<00:47, 48.91it/s]
 60%|██████    | 3490/5794 [01:06<00:47, 48.46it/s]
 60%|██████    | 3496/5794 [01:06<00:46, 49.07it/s]
 60%|██████    | 3502/5794 [01:06<00:46, 49.47it/s]
 61%|██████    | 3507/5794 [01:06<00:46, 49.53it/s]
 61%|██████    | 3513/5794 [01:06<00:45, 49.80it/s]
 61%|██████    | 3519/5794 [01:06<00:45, 49.96it/s]
 61%|██████    | 3524/5794 [01:07<00:45, 49.57it/s]
 61%|██████    | 3529/5794 [01:07<00:45, 49.40it/s]
 61%|██████    | 3534/5794 [01:07<00:45, 49.29it/s]
 61%|██████    | 3540/5794 [01:07<00:45, 49.43it/s]
 61%|██████    | 3545/5794 [01:07<00:45, 49.31it/s]
 61%|██████▏   | 3550/5794 [01:07<00:45, 49.04it/s]
 61%|██████▏   | 3555/5794 [01:07<00:45, 48.90it/s]
 61%|██████▏   | 3560/5794 [01:07<00:45, 48.91it/s]
 62%|██████▏   | 3565/5794 [01:07<00:45, 48.96it/s]
 62%|██████▏   | 3570/5794 [01:08<00:45, 48.86it/s]
 62%|██████▏   | 3575/5794 [01:08<00:45, 48.83it/s]
 62%|██████▏   | 3581/5794 [01:08<00:44, 49.25it/s]
 62%|██████▏   | 3586/5794 [01:08<00:44, 49.17it/s]
 62%|██████▏   | 3591/5794 [01:08<00:44, 49.00it/s]
 62%|██████▏   | 3596/5794 [01:08<00:45, 48.24it/s]
 62%|██████▏   | 3601/5794 [01:08<00:45, 48.48it/s]
 62%|██████▏   | 3606/5794 [01:08<00:44, 48.80it/s]
 62%|██████▏   | 3611/5794 [01:08<00:44, 48.65it/s]
 62%|██████▏   | 3616/5794 [01:08<00:45, 48.21it/s]
 62%|██████▏   | 3621/5794 [01:09<00:45, 48.09it/s]
 63%|██████▎   | 3626/5794 [01:09<00:45, 47.74it/s]
 63%|██████▎   | 3631/5794 [01:09<00:45, 47.84it/s]
 63%|██████▎   | 3636/5794 [01:09<00:45, 47.91it/s]
 63%|██████▎   | 3641/5794 [01:09<00:44, 47.87it/s]
 63%|██████▎   | 3646/5794 [01:09<00:44, 47.80it/s]
 63%|██████▎   | 3651/5794 [01:09<00:44, 47.82it/s]
 63%|██████▎   | 3656/5794 [01:09<00:44, 48.00it/s]
 63%|██████▎   | 3661/5794 [01:09<00:44, 47.96it/s]
 63%|██████▎   | 3666/5794 [01:09<00:44, 48.13it/s]
 63%|██████▎   | 3671/5794 [01:10<00:44, 48.23it/s]
 63%|██████▎   | 3676/5794 [01:10<00:43, 48.14it/s]
 64%|██████▎   | 3681/5794 [01:10<00:43, 48.06it/s]
 64%|██████▎   | 3686/5794 [01:10<00:43, 48.00it/s]
 64%|██████▎   | 3691/5794 [01:10<00:43, 47.92it/s]
 64%|██████▍   | 3696/5794 [01:10<00:43, 47.76it/s]
 64%|██████▍   | 3701/5794 [01:10<00:43, 47.78it/s]
 64%|██████▍   | 3706/5794 [01:10<00:43, 47.89it/s]
 64%|██████▍   | 3711/5794 [01:10<00:43, 47.92it/s]
 64%|██████▍   | 3717/5794 [01:11<00:41, 50.36it/s]
 64%|██████▍   | 3723/5794 [01:11<00:39, 51.86it/s]
 64%|██████▍   | 3729/5794 [01:11<00:39, 52.59it/s]
 64%|██████▍   | 3735/5794 [01:11<00:38, 53.34it/s]
 65%|██████▍   | 3741/5794 [01:11<00:38, 53.81it/s]
 65%|██████▍   | 3747/5794 [01:11<00:37, 54.06it/s]
 65%|██████▍   | 3753/5794 [01:11<00:37, 54.25it/s]
 65%|██████▍   | 3759/5794 [01:11<00:37, 54.48it/s]
 65%|██████▍   | 3765/5794 [01:11<00:38, 52.19it/s]
 65%|██████▌   | 3771/5794 [01:12<00:39, 50.93it/s]
 65%|██████▌   | 3777/5794 [01:12<00:39, 50.53it/s]
 65%|██████▌   | 3783/5794 [01:12<00:40, 49.59it/s]
 65%|██████▌   | 3788/5794 [01:12<00:40, 49.42it/s]
 65%|██████▌   | 3793/5794 [01:12<00:40, 49.27it/s]
 66%|██████▌   | 3798/5794 [01:12<00:40, 48.93it/s]
 66%|██████▌   | 3803/5794 [01:12<00:40, 49.05it/s]
 66%|██████▌   | 3808/5794 [01:12<00:40, 49.28it/s]
 66%|██████▌   | 3813/5794 [01:12<00:40, 48.85it/s]
 66%|██████▌   | 3818/5794 [01:13<00:40, 49.11it/s]
 66%|██████▌   | 3823/5794 [01:13<00:40, 49.04it/s]
 66%|██████▌   | 3828/5794 [01:13<00:39, 49.19it/s]
 66%|██████▌   | 3833/5794 [01:13<00:39, 49.09it/s]
 66%|██████▌   | 3838/5794 [01:13<00:39, 49.20it/s]
 66%|██████▋   | 3844/5794 [01:13<00:38, 50.57it/s]
 66%|██████▋   | 3850/5794 [01:13<00:37, 52.33it/s]
 67%|██████▋   | 3856/5794 [01:13<00:36, 53.52it/s]
 67%|██████▋   | 3862/5794 [01:13<00:35, 54.14it/s]
 67%|██████▋   | 3868/5794 [01:13<00:35, 54.63it/s]
 67%|██████▋   | 3874/5794 [01:14<00:34, 55.18it/s]
 67%|██████▋   | 3880/5794 [01:14<00:34, 55.59it/s]
 67%|██████▋   | 3886/5794 [01:14<00:34, 56.07it/s]
 67%|██████▋   | 3892/5794 [01:14<00:33, 56.23it/s]
 67%|██████▋   | 3898/5794 [01:14<00:33, 55.80it/s]
 67%|██████▋   | 3904/5794 [01:14<00:35, 53.73it/s]
 67%|██████▋   | 3910/5794 [01:14<00:35, 52.48it/s]
 68%|██████▊   | 3916/5794 [01:14<00:36, 51.38it/s]
 68%|██████▊   | 3922/5794 [01:14<00:36, 50.61it/s]
 68%|██████▊   | 3928/5794 [01:15<00:37, 50.04it/s]
 68%|██████▊   | 3934/5794 [01:15<00:37, 49.57it/s]
 68%|██████▊   | 3939/5794 [01:15<00:37, 49.55it/s]
 68%|██████▊   | 3944/5794 [01:15<00:37, 49.47it/s]
 68%|██████▊   | 3949/5794 [01:15<00:37, 49.06it/s]
 68%|██████▊   | 3954/5794 [01:15<00:37, 49.18it/s]
 68%|██████▊   | 3959/5794 [01:15<00:37, 49.19it/s]
 68%|██████▊   | 3964/5794 [01:15<00:37, 49.19it/s]
 69%|██████▊   | 3969/5794 [01:15<00:37, 49.10it/s]
 69%|██████▊   | 3974/5794 [01:16<00:37, 49.18it/s]
 69%|██████▊   | 3979/5794 [01:16<00:37, 49.04it/s]
 69%|██████▉   | 3984/5794 [01:16<00:36, 49.08it/s]
 69%|██████▉   | 3989/5794 [01:16<00:36, 49.07it/s]
 69%|██████▉   | 3994/5794 [01:16<00:36, 49.20it/s]
 69%|██████▉   | 3999/5794 [01:16<00:36, 48.95it/s]
 69%|██████▉   | 4004/5794 [01:16<00:36, 49.03it/s]
 69%|██████▉   | 4009/5794 [01:16<00:36, 49.20it/s]
 69%|██████▉   | 4014/5794 [01:16<00:36, 49.14it/s]
 69%|██████▉   | 4019/5794 [01:16<00:36, 49.08it/s]
 69%|██████▉   | 4024/5794 [01:17<00:35, 49.24it/s]
 70%|██████▉   | 4029/5794 [01:17<00:35, 49.34it/s]
 70%|██████▉   | 4034/5794 [01:17<00:35, 49.28it/s]
 70%|██████▉   | 4039/5794 [01:17<00:35, 49.31it/s]
 70%|██████▉   | 4044/5794 [01:17<00:35, 49.39it/s]
 70%|██████▉   | 4049/5794 [01:17<00:35, 49.15it/s]
 70%|██████▉   | 4054/5794 [01:17<00:35, 49.11it/s]
 70%|███████   | 4059/5794 [01:17<00:35, 49.20it/s]
 70%|███████   | 4064/5794 [01:17<00:35, 49.20it/s]
 70%|███████   | 4069/5794 [01:17<00:35, 49.16it/s]
 70%|███████   | 4074/5794 [01:18<00:34, 49.16it/s]
 70%|███████   | 4079/5794 [01:18<00:34, 49.11it/s]
 70%|███████   | 4084/5794 [01:18<00:34, 49.11it/s]
 71%|███████   | 4089/5794 [01:18<00:34, 49.30it/s]
 71%|███████   | 4095/5794 [01:18<00:33, 51.11it/s]
 71%|███████   | 4101/5794 [01:18<00:32, 52.11it/s]
 71%|███████   | 4107/5794 [01:18<00:31, 53.20it/s]
 71%|███████   | 4113/5794 [01:18<00:31, 53.63it/s]
 71%|███████   | 4119/5794 [01:18<00:31, 53.88it/s]
 71%|███████   | 4125/5794 [01:19<00:30, 54.23it/s]
 71%|███████▏  | 4131/5794 [01:19<00:30, 54.60it/s]
 71%|███████▏  | 4137/5794 [01:19<00:30, 54.66it/s]
 72%|███████▏  | 4143/5794 [01:19<00:30, 54.99it/s]
 72%|███████▏  | 4149/5794 [01:19<00:29, 55.11it/s]
 72%|███████▏  | 4155/5794 [01:19<00:29, 54.91it/s]
 72%|███████▏  | 4161/5794 [01:19<00:29, 54.96it/s]
 72%|███████▏  | 4167/5794 [01:19<00:29, 55.04it/s]
 72%|███████▏  | 4173/5794 [01:19<00:29, 55.03it/s]
 72%|███████▏  | 4179/5794 [01:20<00:29, 54.91it/s]
 72%|███████▏  | 4185/5794 [01:20<00:29, 55.15it/s]
 72%|███████▏  | 4191/5794 [01:20<00:29, 55.11it/s]
 72%|███████▏  | 4197/5794 [01:20<00:28, 55.26it/s]
 73%|███████▎  | 4203/5794 [01:20<00:28, 55.11it/s]
 73%|███████▎  | 4209/5794 [01:20<00:28, 55.26it/s]
 73%|███████▎  | 4215/5794 [01:20<00:28, 55.34it/s]
 73%|███████▎  | 4221/5794 [01:20<00:28, 55.34it/s]
 73%|███████▎  | 4227/5794 [01:20<00:28, 55.22it/s]
 73%|███████▎  | 4233/5794 [01:21<00:28, 55.31it/s]
 73%|███████▎  | 4239/5794 [01:21<00:28, 55.27it/s]
 73%|███████▎  | 4245/5794 [01:21<00:27, 55.41it/s]
 73%|███████▎  | 4251/5794 [01:21<00:27, 55.23it/s]
 73%|███████▎  | 4257/5794 [01:21<00:27, 55.17it/s]
 74%|███████▎  | 4263/5794 [01:21<00:27, 55.37it/s]
 74%|███████▎  | 4269/5794 [01:21<00:27, 55.19it/s]
 74%|███████▍  | 4275/5794 [01:21<00:27, 55.07it/s]
 74%|███████▍  | 4281/5794 [01:21<00:27, 55.75it/s]
 74%|███████▍  | 4287/5794 [01:21<00:26, 56.25it/s]
 74%|███████▍  | 4293/5794 [01:22<00:26, 56.23it/s]
 74%|███████▍  | 4299/5794 [01:22<00:26, 56.51it/s]
 74%|███████▍  | 4305/5794 [01:22<00:26, 56.66it/s]
 74%|███████▍  | 4311/5794 [01:22<00:26, 56.65it/s]
 75%|███████▍  | 4317/5794 [01:22<00:26, 56.57it/s]
 75%|███████▍  | 4323/5794 [01:22<00:25, 56.63it/s]
 75%|███████▍  | 4329/5794 [01:22<00:25, 56.60it/s]
 75%|███████▍  | 4335/5794 [01:22<00:25, 56.61it/s]
 75%|███████▍  | 4341/5794 [01:22<00:25, 56.49it/s]
 75%|███████▌  | 4347/5794 [01:23<00:25, 56.27it/s]
 75%|███████▌  | 4353/5794 [01:23<00:25, 55.67it/s]
 75%|███████▌  | 4359/5794 [01:23<00:25, 55.48it/s]
 75%|███████▌  | 4365/5794 [01:23<00:25, 55.61it/s]
 75%|███████▌  | 4371/5794 [01:23<00:25, 55.62it/s]
 76%|███████▌  | 4377/5794 [01:23<00:25, 54.67it/s]
 76%|███████▌  | 4383/5794 [01:23<00:26, 52.90it/s]
 76%|███████▌  | 4389/5794 [01:23<00:27, 51.65it/s]
 76%|███████▌  | 4395/5794 [01:23<00:27, 50.84it/s]
 76%|███████▌  | 4401/5794 [01:24<00:27, 50.34it/s]
 76%|███████▌  | 4407/5794 [01:24<00:27, 49.89it/s]
 76%|███████▌  | 4412/5794 [01:24<00:27, 49.66it/s]
 76%|███████▌  | 4417/5794 [01:24<00:27, 49.68it/s]
 76%|███████▋  | 4422/5794 [01:24<00:27, 49.42it/s]
 76%|███████▋  | 4427/5794 [01:24<00:27, 49.40it/s]
 76%|███████▋  | 4432/5794 [01:24<00:27, 49.23it/s]
 77%|███████▋  | 4437/5794 [01:24<00:27, 49.42it/s]
 77%|███████▋  | 4442/5794 [01:24<00:27, 49.27it/s]
 77%|███████▋  | 4447/5794 [01:25<00:27, 49.30it/s]
 77%|███████▋  | 4452/5794 [01:25<00:27, 49.02it/s]
 77%|███████▋  | 4457/5794 [01:25<00:27, 49.17it/s]
 77%|███████▋  | 4462/5794 [01:25<00:27, 49.02it/s]
 77%|███████▋  | 4467/5794 [01:25<00:26, 49.19it/s]
 77%|███████▋  | 4472/5794 [01:25<00:27, 48.93it/s]
 77%|███████▋  | 4477/5794 [01:25<00:26, 48.90it/s]
 77%|███████▋  | 4482/5794 [01:25<00:26, 49.04it/s]
 77%|███████▋  | 4487/5794 [01:25<00:26, 49.11it/s]
 78%|███████▊  | 4492/5794 [01:25<00:26, 49.03it/s]
 78%|███████▊  | 4497/5794 [01:26<00:26, 49.29it/s]
 78%|███████▊  | 4502/5794 [01:26<00:26, 49.24it/s]
 78%|███████▊  | 4507/5794 [01:26<00:26, 49.28it/s]
 78%|███████▊  | 4512/5794 [01:26<00:26, 49.10it/s]
 78%|███████▊  | 4517/5794 [01:26<00:25, 49.14it/s]
 78%|███████▊  | 4522/5794 [01:26<00:25, 49.17it/s]
 78%|███████▊  | 4527/5794 [01:26<00:25, 49.04it/s]
 78%|███████▊  | 4532/5794 [01:26<00:25, 49.05it/s]
 78%|███████▊  | 4537/5794 [01:26<00:25, 49.10it/s]
 78%|███████▊  | 4542/5794 [01:26<00:25, 48.71it/s]
 78%|███████▊  | 4547/5794 [01:27<00:25, 48.84it/s]
 79%|███████▊  | 4552/5794 [01:27<00:25, 48.24it/s]
 79%|███████▊  | 4557/5794 [01:27<00:25, 48.59it/s]
 79%|███████▊  | 4562/5794 [01:27<00:25, 48.55it/s]
 79%|███████▉  | 4567/5794 [01:27<00:25, 48.64it/s]
 79%|███████▉  | 4572/5794 [01:27<00:25, 48.61it/s]
 79%|███████▉  | 4577/5794 [01:27<00:25, 48.49it/s]
 79%|███████▉  | 4582/5794 [01:27<00:25, 48.47it/s]
 79%|███████▉  | 4587/5794 [01:27<00:24, 48.66it/s]
 79%|███████▉  | 4592/5794 [01:27<00:24, 48.77it/s]
 79%|███████▉  | 4597/5794 [01:28<00:24, 48.89it/s]
 79%|███████▉  | 4602/5794 [01:28<00:24, 48.84it/s]
 80%|███████▉  | 4607/5794 [01:28<00:24, 49.02it/s]
 80%|███████▉  | 4612/5794 [01:28<00:24, 48.93it/s]
 80%|███████▉  | 4617/5794 [01:28<00:23, 49.10it/s]
 80%|███████▉  | 4622/5794 [01:28<00:23, 48.95it/s]
 80%|███████▉  | 4627/5794 [01:28<00:23, 48.99it/s]
 80%|███████▉  | 4632/5794 [01:28<00:23, 49.06it/s]
 80%|████████  | 4637/5794 [01:28<00:23, 49.06it/s]
 80%|████████  | 4642/5794 [01:28<00:23, 49.02it/s]
 80%|████████  | 4647/5794 [01:29<00:23, 48.87it/s]
 80%|████████  | 4652/5794 [01:29<00:23, 49.09it/s]
 80%|████████  | 4657/5794 [01:29<00:23, 49.08it/s]
 80%|████████  | 4662/5794 [01:29<00:23, 48.79it/s]
 81%|████████  | 4667/5794 [01:29<00:22, 49.04it/s]
 81%|████████  | 4672/5794 [01:29<00:22, 49.11it/s]
 81%|████████  | 4677/5794 [01:29<00:22, 49.14it/s]
 81%|████████  | 4682/5794 [01:29<00:22, 49.13it/s]
 81%|████████  | 4687/5794 [01:29<00:22, 49.14it/s]
 81%|████████  | 4692/5794 [01:30<00:22, 49.30it/s]
 81%|████████  | 4697/5794 [01:30<00:22, 49.05it/s]
 81%|████████  | 4702/5794 [01:30<00:22, 49.25it/s]
 81%|████████  | 4707/5794 [01:30<00:22, 49.20it/s]
 81%|████████▏ | 4712/5794 [01:30<00:22, 49.12it/s]
 81%|████████▏ | 4717/5794 [01:30<00:21, 49.20it/s]
 81%|████████▏ | 4722/5794 [01:30<00:21, 49.25it/s]
 82%|████████▏ | 4727/5794 [01:30<00:21, 49.30it/s]
 82%|████████▏ | 4732/5794 [01:30<00:21, 49.07it/s]
 82%|████████▏ | 4737/5794 [01:30<00:21, 49.09it/s]
 82%|████████▏ | 4742/5794 [01:31<00:21, 49.29it/s]
 82%|████████▏ | 4747/5794 [01:31<00:21, 49.09it/s]
 82%|████████▏ | 4752/5794 [01:31<00:21, 49.28it/s]
 82%|████████▏ | 4757/5794 [01:31<00:21, 49.20it/s]
 82%|████████▏ | 4762/5794 [01:31<00:20, 49.14it/s]
 82%|████████▏ | 4767/5794 [01:31<00:20, 49.36it/s]
 82%|████████▏ | 4773/5794 [01:31<00:19, 51.36it/s]
 82%|████████▏ | 4779/5794 [01:31<00:19, 52.76it/s]
 83%|████████▎ | 4785/5794 [01:31<00:18, 53.52it/s]
 83%|████████▎ | 4791/5794 [01:31<00:18, 54.16it/s]
 83%|████████▎ | 4797/5794 [01:32<00:18, 54.62it/s]
 83%|████████▎ | 4803/5794 [01:32<00:18, 55.01it/s]
 83%|████████▎ | 4809/5794 [01:32<00:17, 55.18it/s]
 83%|████████▎ | 4815/5794 [01:32<00:17, 55.18it/s]
 83%|████████▎ | 4821/5794 [01:32<00:17, 55.49it/s]
 83%|████████▎ | 4827/5794 [01:32<00:17, 55.57it/s]
 83%|████████▎ | 4833/5794 [01:32<00:17, 55.46it/s]
 84%|████████▎ | 4839/5794 [01:32<00:17, 55.70it/s]
 84%|████████▎ | 4845/5794 [01:32<00:17, 55.69it/s]
 84%|████████▎ | 4851/5794 [01:33<00:16, 55.54it/s]
 84%|████████▍ | 4857/5794 [01:33<00:16, 55.70it/s]
 84%|████████▍ | 4863/5794 [01:33<00:16, 55.76it/s]
 84%|████████▍ | 4869/5794 [01:33<00:17, 53.47it/s]
 84%|████████▍ | 4875/5794 [01:33<00:17, 52.20it/s]
 84%|████████▍ | 4881/5794 [01:33<00:17, 51.29it/s]
 84%|████████▍ | 4887/5794 [01:33<00:17, 50.56it/s]
 84%|████████▍ | 4893/5794 [01:33<00:17, 50.18it/s]
 85%|████████▍ | 4899/5794 [01:33<00:18, 49.51it/s]
 85%|████████▍ | 4904/5794 [01:34<00:18, 49.39it/s]
 85%|████████▍ | 4909/5794 [01:34<00:17, 49.32it/s]
 85%|████████▍ | 4914/5794 [01:34<00:17, 49.41it/s]
 85%|████████▍ | 4919/5794 [01:34<00:17, 48.67it/s]
 85%|████████▍ | 4924/5794 [01:34<00:17, 48.93it/s]
 85%|████████▌ | 4929/5794 [01:34<00:17, 49.04it/s]
 85%|████████▌ | 4934/5794 [01:34<00:17, 48.88it/s]
 85%|████████▌ | 4939/5794 [01:34<00:17, 48.12it/s]
 85%|████████▌ | 4944/5794 [01:34<00:17, 48.52it/s]
 85%|████████▌ | 4949/5794 [01:35<00:17, 48.72it/s]
 86%|████████▌ | 4955/5794 [01:35<00:16, 50.46it/s]
 86%|████████▌ | 4961/5794 [01:35<00:16, 51.98it/s]
 86%|████████▌ | 4967/5794 [01:35<00:15, 52.03it/s]
 86%|████████▌ | 4973/5794 [01:35<00:16, 50.67it/s]
 86%|████████▌ | 4979/5794 [01:35<00:16, 50.35it/s]
 86%|████████▌ | 4985/5794 [01:35<00:16, 49.92it/s]
 86%|████████▌ | 4990/5794 [01:35<00:16, 49.84it/s]
 86%|████████▌ | 4995/5794 [01:35<00:16, 49.68it/s]
 86%|████████▋ | 5000/5794 [01:36<00:16, 49.36it/s]
 86%|████████▋ | 5005/5794 [01:36<00:15, 49.31it/s]
 86%|████████▋ | 5010/5794 [01:36<00:15, 49.44it/s]
 87%|████████▋ | 5015/5794 [01:36<00:15, 49.43it/s]
 87%|████████▋ | 5020/5794 [01:36<00:15, 49.20it/s]
 87%|████████▋ | 5025/5794 [01:36<00:15, 49.16it/s]
 87%|████████▋ | 5030/5794 [01:36<00:15, 49.23it/s]
 87%|████████▋ | 5035/5794 [01:36<00:15, 49.19it/s]
 87%|████████▋ | 5040/5794 [01:36<00:15, 48.90it/s]
 87%|████████▋ | 5045/5794 [01:36<00:15, 49.11it/s]
 87%|████████▋ | 5050/5794 [01:37<00:15, 49.23it/s]
 87%|████████▋ | 5055/5794 [01:37<00:15, 49.07it/s]
 87%|████████▋ | 5060/5794 [01:37<00:14, 49.26it/s]
 87%|████████▋ | 5065/5794 [01:37<00:14, 49.35it/s]
 88%|████████▊ | 5070/5794 [01:37<00:14, 49.28it/s]
 88%|████████▊ | 5075/5794 [01:37<00:14, 49.05it/s]
 88%|████████▊ | 5080/5794 [01:37<00:14, 49.09it/s]
 88%|████████▊ | 5085/5794 [01:37<00:14, 49.13it/s]
 88%|████████▊ | 5090/5794 [01:37<00:14, 49.14it/s]
 88%|████████▊ | 5095/5794 [01:37<00:14, 49.26it/s]
 88%|████████▊ | 5100/5794 [01:38<00:14, 49.23it/s]
 88%|████████▊ | 5105/5794 [01:38<00:13, 49.22it/s]
 88%|████████▊ | 5110/5794 [01:38<00:13, 49.26it/s]
 88%|████████▊ | 5115/5794 [01:38<00:13, 49.38it/s]
 88%|████████▊ | 5120/5794 [01:38<00:13, 49.13it/s]
 88%|████████▊ | 5125/5794 [01:38<00:13, 49.00it/s]
 89%|████████▊ | 5130/5794 [01:38<00:13, 49.23it/s]
 89%|████████▊ | 5135/5794 [01:38<00:13, 49.28it/s]
 89%|████████▊ | 5140/5794 [01:38<00:13, 48.93it/s]
 89%|████████▉ | 5145/5794 [01:38<00:13, 49.17it/s]
 89%|████████▉ | 5150/5794 [01:39<00:13, 49.20it/s]
 89%|████████▉ | 5155/5794 [01:39<00:13, 49.07it/s]
 89%|████████▉ | 5160/5794 [01:39<00:12, 49.17it/s]
 89%|████████▉ | 5165/5794 [01:39<00:12, 49.20it/s]
 89%|████████▉ | 5170/5794 [01:39<00:12, 49.30it/s]
 89%|████████▉ | 5175/5794 [01:39<00:12, 49.21it/s]
 89%|████████▉ | 5180/5794 [01:39<00:12, 49.30it/s]
 89%|████████▉ | 5185/5794 [01:39<00:12, 49.29it/s]
 90%|████████▉ | 5190/5794 [01:39<00:12, 49.24it/s]
 90%|████████▉ | 5195/5794 [01:39<00:12, 49.23it/s]
 90%|████████▉ | 5200/5794 [01:40<00:12, 49.25it/s]
 90%|████████▉ | 5205/5794 [01:40<00:11, 49.27it/s]
 90%|████████▉ | 5210/5794 [01:40<00:11, 49.13it/s]
 90%|█████████ | 5215/5794 [01:40<00:11, 49.34it/s]
 90%|█████████ | 5220/5794 [01:40<00:11, 49.35it/s]
 90%|█████████ | 5225/5794 [01:40<00:11, 49.30it/s]
 90%|█████████ | 5230/5794 [01:40<00:11, 49.27it/s]
 90%|█████████ | 5235/5794 [01:40<00:11, 49.25it/s]
 90%|█████████ | 5240/5794 [01:40<00:11, 49.19it/s]
 91%|█████████ | 5246/5794 [01:41<00:11, 49.52it/s]
 91%|█████████ | 5251/5794 [01:41<00:10, 49.38it/s]
 91%|█████████ | 5256/5794 [01:41<00:10, 49.29it/s]
 91%|█████████ | 5261/5794 [01:41<00:10, 49.28it/s]
 91%|█████████ | 5266/5794 [01:41<00:10, 49.28it/s]
 91%|█████████ | 5271/5794 [01:41<00:10, 49.31it/s]
 91%|█████████ | 5276/5794 [01:41<00:10, 49.10it/s]
 91%|█████████ | 5281/5794 [01:41<00:10, 49.15it/s]
 91%|█████████ | 5286/5794 [01:41<00:10, 49.25it/s]
 91%|█████████▏| 5291/5794 [01:41<00:10, 49.06it/s]
 91%|█████████▏| 5296/5794 [01:42<00:10, 49.26it/s]
 91%|█████████▏| 5301/5794 [01:42<00:10, 49.23it/s]
 92%|█████████▏| 5306/5794 [01:42<00:09, 49.34it/s]
 92%|█████████▏| 5311/5794 [01:42<00:09, 49.13it/s]
 92%|█████████▏| 5316/5794 [01:42<00:09, 49.14it/s]
 92%|█████████▏| 5321/5794 [01:42<00:09, 49.24it/s]
 92%|█████████▏| 5326/5794 [01:42<00:09, 49.13it/s]
 92%|█████████▏| 5331/5794 [01:42<00:09, 49.27it/s]
 92%|█████████▏| 5336/5794 [01:42<00:09, 49.23it/s]
 92%|█████████▏| 5341/5794 [01:42<00:09, 49.10it/s]
 92%|█████████▏| 5346/5794 [01:43<00:09, 49.13it/s]
 92%|█████████▏| 5351/5794 [01:43<00:09, 49.11it/s]
 92%|█████████▏| 5356/5794 [01:43<00:08, 49.21it/s]
 93%|█████████▎| 5361/5794 [01:43<00:08, 48.99it/s]
 93%|█████████▎| 5366/5794 [01:43<00:08, 49.20it/s]
 93%|█████████▎| 5371/5794 [01:43<00:08, 49.14it/s]
 93%|█████████▎| 5376/5794 [01:43<00:08, 49.03it/s]
 93%|█████████▎| 5381/5794 [01:43<00:08, 49.17it/s]
 93%|█████████▎| 5386/5794 [01:43<00:08, 49.09it/s]
 93%|█████████▎| 5391/5794 [01:43<00:08, 49.12it/s]
 93%|█████████▎| 5396/5794 [01:44<00:08, 48.94it/s]
 93%|█████████▎| 5401/5794 [01:44<00:08, 48.96it/s]
 93%|█████████▎| 5406/5794 [01:44<00:07, 49.16it/s]
 93%|█████████▎| 5411/5794 [01:44<00:07, 48.94it/s]
 93%|█████████▎| 5416/5794 [01:44<00:07, 49.12it/s]
 94%|█████████▎| 5421/5794 [01:44<00:07, 49.16it/s]
 94%|█████████▎| 5426/5794 [01:44<00:07, 49.23it/s]
 94%|█████████▎| 5431/5794 [01:44<00:07, 48.74it/s]
 94%|█████████▍| 5436/5794 [01:44<00:07, 48.70it/s]
 94%|█████████▍| 5441/5794 [01:44<00:07, 48.92it/s]
 94%|█████████▍| 5446/5794 [01:45<00:07, 49.04it/s]
 94%|█████████▍| 5451/5794 [01:45<00:06, 49.23it/s]
 94%|█████████▍| 5456/5794 [01:45<00:06, 49.44it/s]
 94%|█████████▍| 5461/5794 [01:45<00:06, 49.36it/s]
 94%|█████████▍| 5466/5794 [01:45<00:06, 49.29it/s]
 94%|█████████▍| 5471/5794 [01:45<00:06, 49.19it/s]
 95%|█████████▍| 5477/5794 [01:45<00:06, 49.60it/s]
 95%|█████████▍| 5482/5794 [01:45<00:06, 49.01it/s]
 95%|█████████▍| 5488/5794 [01:45<00:06, 49.40it/s]
 95%|█████████▍| 5494/5794 [01:46<00:06, 49.75it/s]
 95%|█████████▍| 5499/5794 [01:46<00:05, 49.32it/s]
 95%|█████████▌| 5505/5794 [01:46<00:05, 49.85it/s]
 95%|█████████▌| 5510/5794 [01:46<00:05, 49.49it/s]
 95%|█████████▌| 5515/5794 [01:46<00:05, 49.60it/s]
 95%|█████████▌| 5521/5794 [01:46<00:05, 50.07it/s]
 95%|█████████▌| 5527/5794 [01:46<00:05, 50.04it/s]
 95%|█████████▌| 5532/5794 [01:46<00:05, 49.76it/s]
 96%|█████████▌| 5537/5794 [01:46<00:05, 49.77it/s]
 96%|█████████▌| 5542/5794 [01:47<00:05, 49.77it/s]
 96%|█████████▌| 5547/5794 [01:47<00:04, 49.53it/s]
 96%|█████████▌| 5552/5794 [01:47<00:04, 49.22it/s]
 96%|█████████▌| 5557/5794 [01:47<00:04, 49.24it/s]
 96%|█████████▌| 5562/5794 [01:47<00:04, 49.32it/s]
 96%|█████████▌| 5567/5794 [01:47<00:04, 49.21it/s]
 96%|█████████▌| 5572/5794 [01:47<00:04, 49.37it/s]
 96%|█████████▋| 5577/5794 [01:47<00:04, 49.28it/s]
 96%|█████████▋| 5582/5794 [01:47<00:04, 49.27it/s]
 96%|█████████▋| 5587/5794 [01:47<00:04, 49.37it/s]
 97%|█████████▋| 5592/5794 [01:48<00:04, 49.06it/s]
 97%|█████████▋| 5597/5794 [01:48<00:04, 48.79it/s]
 97%|█████████▋| 5603/5794 [01:48<00:03, 49.20it/s]
 97%|█████████▋| 5609/5794 [01:48<00:03, 49.54it/s]
 97%|█████████▋| 5614/5794 [01:48<00:03, 49.60it/s]
 97%|█████████▋| 5620/5794 [01:48<00:03, 49.86it/s]
 97%|█████████▋| 5626/5794 [01:48<00:03, 49.98it/s]
 97%|█████████▋| 5631/5794 [01:48<00:03, 49.86it/s]
 97%|█████████▋| 5636/5794 [01:48<00:03, 49.27it/s]
 97%|█████████▋| 5641/5794 [01:49<00:03, 49.05it/s]
 97%|█████████▋| 5646/5794 [01:49<00:03, 49.07it/s]
 98%|█████████▊| 5651/5794 [01:49<00:02, 49.10it/s]
 98%|█████████▊| 5656/5794 [01:49<00:02, 48.92it/s]
 98%|█████████▊| 5661/5794 [01:49<00:02, 48.77it/s]
 98%|█████████▊| 5666/5794 [01:49<00:02, 48.76it/s]
 98%|█████████▊| 5671/5794 [01:49<00:02, 49.00it/s]
 98%|█████████▊| 5676/5794 [01:49<00:02, 48.97it/s]
 98%|█████████▊| 5681/5794 [01:49<00:02, 48.89it/s]
 98%|█████████▊| 5686/5794 [01:49<00:02, 49.03it/s]
 98%|█████████▊| 5691/5794 [01:50<00:02, 49.26it/s]
 98%|█████████▊| 5696/5794 [01:50<00:01, 49.24it/s]
 98%|█████████▊| 5701/5794 [01:50<00:01, 48.99it/s]
 98%|█████████▊| 5706/5794 [01:50<00:01, 48.20it/s]
 99%|█████████▊| 5712/5794 [01:50<00:01, 49.60it/s]
 99%|█████████▊| 5718/5794 [01:50<00:01, 50.36it/s]
 99%|█████████▉| 5724/5794 [01:50<00:01, 49.72it/s]
 99%|█████████▉| 5729/5794 [01:50<00:01, 49.19it/s]
 99%|█████████▉| 5734/5794 [01:50<00:01, 48.84it/s]
 99%|█████████▉| 5739/5794 [01:51<00:01, 48.73it/s]
 99%|█████████▉| 5744/5794 [01:51<00:01, 48.53it/s]
 99%|█████████▉| 5749/5794 [01:51<00:00, 48.32it/s]
 99%|█████████▉| 5754/5794 [01:51<00:00, 48.25it/s]
 99%|█████████▉| 5759/5794 [01:51<00:00, 48.16it/s]
 99%|█████████▉| 5764/5794 [01:51<00:00, 48.19it/s]
100%|█████████▉| 5769/5794 [01:51<00:00, 48.16it/s]
100%|█████████▉| 5774/5794 [01:51<00:00, 48.40it/s]
100%|█████████▉| 5779/5794 [01:51<00:00, 48.62it/s]
100%|█████████▉| 5784/5794 [01:51<00:00, 48.40it/s]
100%|█████████▉| 5789/5794 [01:52<00:00, 48.50it/s]
100%|██████████| 5794/5794 [01:52<00:00, 48.58it/s]
100%|██████████| 5794/5794 [01:52<00:00, 51.62it/s]
BALANCED ACCS CHECKED FOR TEST
TEST SET RESULTS FOR CHECKPOINT trained_weights/waterbirds/abn_cls_waterbird_complete95_forest2water2_21050510_trial_000/best_balanced_valacc_0.52_epoch_0.ckpt
test_acc: 0.6746634449430445
balanced_test_acc: 0.5372669595430024
Land_on_Land_test_acc: 0.9951219512195122
Land_on_Water_test_acc: 0.572949002217295
Water_on_Land_test_acc: 0.01557632398753894
Water_on_Water_test_acc: 0.5654205607476636
test_acc_Waterbird: 0.29049844236760125
test_acc_Landbird: 0.7840354767184036
