[CMD] /home/ryreu/miniconda3/envs/gals_a100/bin/python -u main.py --config configs/waterbirds_95_gals_ourmasks.yaml --name gals_waterbird_complete95_forest2water2_21050510_trial_000 DATA.ROOT=/home/ryreu/guided_cnn/waterbirds DATA.WATERBIRDS_DIR=waterbird_complete95_forest2water2 SEED=0 EXP.BASE.LR=0.0010000000000000002 EXP.CLASSIFIER.LR=9.999999999999991e-05 EXP.WEIGHT_DECAY=9.999999999999997e-06 EXP.AUX_LOSSES_ON_VAL=False EXP.LOSSES.GRADIENT_OUTSIDE.WEIGHT=10.000000000000002 DATA.SEGMENTATION_DIR=/home/ryreu/guided_cnn/waterbirds/LearningToLook/code/WeCLIPPlus/results/val/prediction_cmap DATA.SEG_TRAIN_ONLY=True EXP.NUM_EPOCHS=1
SEED: 0
DATA:
  BATCH_SIZE: 96
  NUM_WORKERS: 4
  SIZE: 224
  NORMALIZATION: imagenet
  ATTENTION_DIR: NONE
  SEPARATE_CLASSES: false
  REMOVE_BACKGROUND: false
  ROOT: /home/ryreu/guided_cnn/waterbirds
  USE_CLASS_WEIGHTS: false
  USE_GROUP_WEIGHTS: false
  DATASET: waterbirds
  NUM_CLASSES: 2
  CONFOUNDING_FACTOR: 0.95
  WATERBIRDS_DIR: waterbird_complete95_forest2water2
  SEGMENTATION_DIR: /home/ryreu/guided_cnn/waterbirds/LearningToLook/code/WeCLIPPlus/results/val/prediction_cmap
  SEG_TRAIN_ONLY: true
EXP:
  NUM_TRIALS: 1
  LOSSES:
    CLASSIFICATION:
      WEIGHT: 1
    GRADIENT_OUTSIDE:
      COMPUTE: true
      LOG: false
      WEIGHT: 10.000000000000002
      CRITERION: L1
      GT: segmentation
      COMBINE_ATT_MODE: average_nonzero
    GRADIENT_INSIDE:
      COMPUTE: false
      LOG: false
      WEIGHT: 1
      CRITERION: L1
      GT: segmentation
      COMBINE_ATT_MODE: average_nonzero
    GRADCAM:
      COMPUTE: false
      LOG: false
      WEIGHT: 1
      CRITERION: L1
      GT: segmentation
      MODE: match
      COMBINE_ATT_MODE: average_nonzero
  APPROACH: generic
  MODEL: resnet50
  PRETRAINED: true
  NUM_EPOCHS: 1
  OPTIMIZER: SGD
  WEIGHT_DECAY: 9.999999999999997e-06
  MOMENTUM: 0.9
  SCHEDULER: NONE
  AUX_LOSSES_ON_VAL: false
  BASE:
    LR: 0.0010000000000000002
  CLASSIFIER:
    LR: 9.999999999999991e-05
LOGGING:
  SAVE_EVERY: 0
  SAVE_BEST: true
  SAVE_LAST: false
  LOG_ATTENTION: false
  LOG_ATTENTION_STEP: 10
  SAVE_STATS_PATH: null
yaml: configs/waterbirds_95_gals_ourmasks.yaml
name: gals_waterbird_complete95_forest2water2_21050510_trial_000
test_checkpoint: null

WATERBIRDS DIR: /home/ryreu/guided_cnn/waterbirds/waterbird_complete95_forest2water2
NUMBER OF SAMPLES WITH LABEL Landbird: 3682
NUMBER OF SAMPLES WITH LABEL Waterbird: 1113
NUMBER OF SAMPLES WITH GROUP Land_on_Land: 3498
NUMBER OF SAMPLES WITH GROUP Land_on_Water: 184
NUMBER OF SAMPLES WITH GROUP Water_on_Land: 56
NUMBER OF SAMPLES WITH GROUP Water_on_Water: 1057
WATERBIRDS DIR: /home/ryreu/guided_cnn/waterbirds/waterbird_complete95_forest2water2
NUMBER OF SAMPLES WITH LABEL Landbird: 933
NUMBER OF SAMPLES WITH LABEL Waterbird: 266
NUMBER OF SAMPLES WITH GROUP Land_on_Land: 467
NUMBER OF SAMPLES WITH GROUP Land_on_Water: 466
NUMBER OF SAMPLES WITH GROUP Water_on_Land: 133
NUMBER OF SAMPLES WITH GROUP Water_on_Water: 133
NUM TRAIN: 4795

NUM VAL:   1199

Number classifier outputs: 1
Using pretrained model: True
USING SGD OPTIMIZER
class weights: None
group weights: None
WANDB DISABLED: skipping wandb.init()
EPOCH: 0

>>> TRAINING 


  0%|          | 0/50 [00:00<?, ?it/s]
  2%|▏         | 1/50 [00:04<03:45,  4.60s/it]
  4%|▍         | 2/50 [00:05<02:01,  2.53s/it]
  6%|▌         | 3/50 [00:06<01:27,  1.85s/it]
  8%|▊         | 4/50 [00:07<01:10,  1.53s/it]
 10%|█         | 5/50 [00:08<01:01,  1.36s/it]
 12%|█▏        | 6/50 [00:09<00:55,  1.25s/it]
 14%|█▍        | 7/50 [00:10<00:50,  1.19s/it]
 16%|█▌        | 8/50 [00:11<00:47,  1.14s/it]
 18%|█▊        | 9/50 [00:13<00:45,  1.11s/it]
 20%|██        | 10/50 [00:14<00:43,  1.09s/it]
 22%|██▏       | 11/50 [00:15<00:42,  1.08s/it]
 24%|██▍       | 12/50 [00:16<00:40,  1.07s/it]
 26%|██▌       | 13/50 [00:17<00:39,  1.06s/it]
 28%|██▊       | 14/50 [00:18<00:37,  1.06s/it]
 30%|███       | 15/50 [00:19<00:36,  1.05s/it]
 32%|███▏      | 16/50 [00:20<00:35,  1.05s/it]
 34%|███▍      | 17/50 [00:21<00:34,  1.05s/it]
 36%|███▌      | 18/50 [00:22<00:33,  1.05s/it]
 38%|███▊      | 19/50 [00:23<00:32,  1.05s/it]
 40%|████      | 20/50 [00:24<00:31,  1.04s/it]
 42%|████▏     | 21/50 [00:25<00:30,  1.05s/it]
 44%|████▍     | 22/50 [00:26<00:29,  1.05s/it]
 46%|████▌     | 23/50 [00:27<00:28,  1.05s/it]
 48%|████▊     | 24/50 [00:28<00:27,  1.05s/it]
 50%|█████     | 25/50 [00:29<00:26,  1.05s/it]
 52%|█████▏    | 26/50 [00:30<00:25,  1.05s/it]
 54%|█████▍    | 27/50 [00:31<00:24,  1.05s/it]
 56%|█████▌    | 28/50 [00:32<00:23,  1.05s/it]
 58%|█████▊    | 29/50 [00:33<00:21,  1.05s/it]
 60%|██████    | 30/50 [00:34<00:20,  1.05s/it]
 62%|██████▏   | 31/50 [00:36<00:19,  1.04s/it]
 64%|██████▍   | 32/50 [00:37<00:18,  1.04s/it]
 66%|██████▌   | 33/50 [00:38<00:17,  1.05s/it]
 68%|██████▊   | 34/50 [00:39<00:16,  1.05s/it]
 70%|███████   | 35/50 [00:40<00:15,  1.05s/it]
 72%|███████▏  | 36/50 [00:41<00:14,  1.05s/it]
 74%|███████▍  | 37/50 [00:42<00:13,  1.05s/it]
 76%|███████▌  | 38/50 [00:43<00:12,  1.05s/it]
 78%|███████▊  | 39/50 [00:44<00:11,  1.05s/it]
 80%|████████  | 40/50 [00:45<00:10,  1.05s/it]
 82%|████████▏ | 41/50 [00:46<00:09,  1.05s/it]
 84%|████████▍ | 42/50 [00:47<00:08,  1.05s/it]
 86%|████████▌ | 43/50 [00:48<00:07,  1.05s/it]
 88%|████████▊ | 44/50 [00:49<00:06,  1.05s/it]
 90%|█████████ | 45/50 [00:50<00:05,  1.05s/it]
 92%|█████████▏| 46/50 [00:51<00:04,  1.05s/it]
 94%|█████████▍| 47/50 [00:52<00:03,  1.05s/it]
 96%|█████████▌| 48/50 [00:53<00:02,  1.05s/it]
 98%|█████████▊| 49/50 [00:54<00:01,  1.05s/it]
100%|██████████| 50/50 [00:55<00:00,  1.05s/it]
100%|██████████| 50/50 [00:55<00:00,  1.12s/it]
>>> VALIDATING 


  0%|          | 0/13 [00:00<?, ?it/s]
  8%|▊         | 1/13 [00:00<00:09,  1.27it/s]
 23%|██▎       | 3/13 [00:00<00:02,  3.88it/s]
 38%|███▊      | 5/13 [00:01<00:01,  4.70it/s]
 54%|█████▍    | 7/13 [00:01<00:00,  6.57it/s]
 69%|██████▉   | 9/13 [00:01<00:00,  6.30it/s]
 85%|████████▍ | 11/13 [00:01<00:00,  7.89it/s]
100%|██████████| 13/13 [00:01<00:00,  9.84it/s]
100%|██████████| 13/13 [00:02<00:00,  6.28it/s]
>>> LOGGING 

BALANCED ACCS CHECKED FOR TRAIN
BALANCED ACCS CHECKED FOR VAL
train_acc: 0.7067778936392075
val_acc: 0.713094245204337
train_cls_loss: 0.49541953628702134
val_cls_loss: 0.5280912072584966
train_total_loss: 0.49544632345344775
val_total_loss: 0.5280912072584966
balanced_train_acc: 0.5683488260071946
balanced_val_acc: 0.5455459388019889
Land_on_Land_train_acc: 0.8319039451114922
Land_on_Land_val_acc: 0.9978586723768736
Land_on_Water_train_acc: 0.7282608695652174
Land_on_Water_val_acc: 0.6952789699570815
Water_on_Land_train_acc: 0.14285714285714285
Water_on_Land_val_acc: 0.007518796992481203
Water_on_Water_train_acc: 0.31882686849574265
Water_on_Water_val_acc: 0.48120300751879697
train_dydx_outside_segmentation_loss: 2.678831597194146e-05
train_acc_Landbird: 0.8267246061922868
train_acc_Waterbird: 0.30997304582210244
val_acc_Landbird: 0.8467309753483387
val_acc_Waterbird: 0.24436090225563908
TRAIN ACC:        0.7067778936392075
VAL ACC:          0.713094245204337
BALANCED VAL ACC: 0.5455459388019889
prev best list: []
Saving to trained_weights/waterbirds/gals_waterbird_complete95_forest2water2_21050510_trial_000/best_balanced_valacc_0.55_epoch_0.ckpt
>>> EVALUATING ON TEST SET
WATERBIRDS DIR: /home/ryreu/guided_cnn/waterbirds/waterbird_complete95_forest2water2
NUMBER OF SAMPLES WITH LABEL Landbird: 4510
NUMBER OF SAMPLES WITH LABEL Waterbird: 1284
NUMBER OF SAMPLES WITH GROUP Land_on_Land: 2255
NUMBER OF SAMPLES WITH GROUP Land_on_Water: 2255
NUMBER OF SAMPLES WITH GROUP Water_on_Land: 642
NUMBER OF SAMPLES WITH GROUP Water_on_Water: 642
NUM TEST:   5794

Loaded checkpoint trained_weights/waterbirds/gals_waterbird_complete95_forest2water2_21050510_trial_000/best_balanced_valacc_0.55_epoch_0.ckpt

  0%|          | 0/5794 [00:00<?, ?it/s]
  0%|          | 1/5794 [00:00<22:39,  4.26it/s]
  0%|          | 8/5794 [00:00<03:22, 28.56it/s]
  0%|          | 16/5794 [00:00<02:08, 44.97it/s]
  0%|          | 24/5794 [00:00<01:46, 54.27it/s]
  1%|          | 32/5794 [00:00<01:35, 60.18it/s]
  1%|          | 40/5794 [00:00<01:30, 63.84it/s]
  1%|          | 48/5794 [00:00<01:26, 66.41it/s]
  1%|          | 56/5794 [00:01<01:24, 68.05it/s]
  1%|          | 64/5794 [00:01<01:22, 69.21it/s]
  1%|          | 72/5794 [00:01<01:21, 70.01it/s]
  1%|▏         | 80/5794 [00:01<01:21, 70.47it/s]
  2%|▏         | 88/5794 [00:01<01:20, 70.93it/s]
  2%|▏         | 96/5794 [00:01<01:20, 71.00it/s]
  2%|▏         | 104/5794 [00:01<01:19, 71.46it/s]
  2%|▏         | 112/5794 [00:01<01:19, 71.35it/s]
  2%|▏         | 120/5794 [00:01<01:19, 71.47it/s]
  2%|▏         | 128/5794 [00:02<01:19, 71.38it/s]
  2%|▏         | 136/5794 [00:02<01:19, 71.61it/s]
  2%|▏         | 144/5794 [00:02<01:18, 71.56it/s]
  3%|▎         | 152/5794 [00:02<01:19, 71.38it/s]
  3%|▎         | 160/5794 [00:02<01:18, 71.44it/s]
  3%|▎         | 168/5794 [00:02<01:19, 70.41it/s]
  3%|▎         | 176/5794 [00:02<01:20, 69.51it/s]
  3%|▎         | 183/5794 [00:02<01:20, 69.53it/s]
  3%|▎         | 191/5794 [00:02<01:20, 69.96it/s]
  3%|▎         | 199/5794 [00:03<01:19, 70.55it/s]
  4%|▎         | 207/5794 [00:03<01:19, 70.52it/s]
  4%|▎         | 215/5794 [00:03<01:18, 70.87it/s]
  4%|▍         | 223/5794 [00:03<01:18, 71.06it/s]
  4%|▍         | 231/5794 [00:03<01:17, 71.35it/s]
  4%|▍         | 239/5794 [00:03<01:17, 71.50it/s]
  4%|▍         | 247/5794 [00:03<01:17, 71.67it/s]
  4%|▍         | 255/5794 [00:03<01:17, 71.77it/s]
  5%|▍         | 263/5794 [00:03<01:17, 71.75it/s]
  5%|▍         | 271/5794 [00:04<01:16, 71.92it/s]
  5%|▍         | 279/5794 [00:04<01:17, 71.44it/s]
  5%|▍         | 287/5794 [00:04<01:16, 71.56it/s]
  5%|▌         | 295/5794 [00:04<01:16, 71.51it/s]
  5%|▌         | 303/5794 [00:04<01:16, 71.77it/s]
  5%|▌         | 311/5794 [00:04<01:16, 71.27it/s]
  6%|▌         | 319/5794 [00:04<01:16, 71.51it/s]
  6%|▌         | 327/5794 [00:04<01:16, 71.45it/s]
  6%|▌         | 335/5794 [00:04<01:16, 71.64it/s]
  6%|▌         | 343/5794 [00:05<01:16, 71.67it/s]
  6%|▌         | 351/5794 [00:05<01:15, 71.74it/s]
  6%|▌         | 359/5794 [00:05<01:16, 71.26it/s]
  6%|▋         | 367/5794 [00:05<01:16, 71.33it/s]
  6%|▋         | 375/5794 [00:05<01:15, 71.47it/s]
  7%|▋         | 383/5794 [00:05<01:15, 71.49it/s]
  7%|▋         | 391/5794 [00:05<01:15, 71.55it/s]
  7%|▋         | 399/5794 [00:05<01:15, 71.53it/s]
  7%|▋         | 407/5794 [00:05<01:15, 71.64it/s]
  7%|▋         | 415/5794 [00:06<01:15, 71.61it/s]
  7%|▋         | 423/5794 [00:06<01:14, 71.72it/s]
  7%|▋         | 431/5794 [00:06<01:14, 71.57it/s]
  8%|▊         | 439/5794 [00:06<01:14, 71.69it/s]
  8%|▊         | 447/5794 [00:06<01:14, 71.58it/s]
  8%|▊         | 455/5794 [00:06<01:14, 71.92it/s]
  8%|▊         | 463/5794 [00:06<01:14, 71.90it/s]
  8%|▊         | 471/5794 [00:06<01:13, 72.11it/s]
  8%|▊         | 479/5794 [00:06<01:13, 71.93it/s]
  8%|▊         | 487/5794 [00:07<01:13, 72.12it/s]
  9%|▊         | 495/5794 [00:07<01:13, 72.18it/s]
  9%|▊         | 503/5794 [00:07<01:13, 72.20it/s]
  9%|▉         | 511/5794 [00:07<01:13, 72.02it/s]
  9%|▉         | 519/5794 [00:07<01:13, 72.02it/s]
  9%|▉         | 527/5794 [00:07<01:12, 72.18it/s]
  9%|▉         | 535/5794 [00:07<01:12, 72.15it/s]
  9%|▉         | 543/5794 [00:07<01:12, 71.99it/s]
 10%|▉         | 551/5794 [00:07<01:12, 71.97it/s]
 10%|▉         | 559/5794 [00:08<01:13, 71.57it/s]
 10%|▉         | 567/5794 [00:08<01:12, 71.64it/s]
 10%|▉         | 575/5794 [00:08<01:12, 71.54it/s]
 10%|█         | 583/5794 [00:08<01:13, 71.35it/s]
 10%|█         | 591/5794 [00:08<01:12, 71.36it/s]
 10%|█         | 599/5794 [00:08<01:13, 71.13it/s]
 10%|█         | 607/5794 [00:08<01:12, 71.39it/s]
 11%|█         | 615/5794 [00:08<01:12, 71.35it/s]
 11%|█         | 623/5794 [00:08<01:12, 71.64it/s]
 11%|█         | 631/5794 [00:09<01:12, 71.59it/s]
 11%|█         | 639/5794 [00:09<01:12, 71.25it/s]
 11%|█         | 647/5794 [00:09<01:12, 70.99it/s]
 11%|█▏        | 655/5794 [00:09<01:12, 71.03it/s]
 11%|█▏        | 663/5794 [00:09<01:12, 71.13it/s]
 12%|█▏        | 671/5794 [00:09<01:12, 71.08it/s]
 12%|█▏        | 679/5794 [00:09<01:11, 71.30it/s]
 12%|█▏        | 687/5794 [00:09<01:11, 71.34it/s]
 12%|█▏        | 695/5794 [00:09<01:11, 71.42it/s]
 12%|█▏        | 703/5794 [00:10<01:11, 71.40it/s]
 12%|█▏        | 711/5794 [00:10<01:11, 71.49it/s]
 12%|█▏        | 719/5794 [00:10<01:11, 71.47it/s]
 13%|█▎        | 727/5794 [00:10<01:10, 71.56it/s]
 13%|█▎        | 735/5794 [00:10<01:10, 71.39it/s]
 13%|█▎        | 743/5794 [00:10<01:10, 71.46it/s]
 13%|█▎        | 751/5794 [00:10<01:10, 71.26it/s]
 13%|█▎        | 759/5794 [00:10<01:10, 71.44it/s]
 13%|█▎        | 767/5794 [00:10<01:10, 71.43it/s]
 13%|█▎        | 775/5794 [00:11<01:10, 71.41it/s]
 14%|█▎        | 783/5794 [00:11<01:10, 71.34it/s]
 14%|█▎        | 791/5794 [00:11<01:11, 70.35it/s]
 14%|█▍        | 799/5794 [00:11<01:11, 70.04it/s]
 14%|█▍        | 807/5794 [00:11<01:10, 70.51it/s]
 14%|█▍        | 815/5794 [00:11<01:10, 70.83it/s]
 14%|█▍        | 823/5794 [00:11<01:09, 71.03it/s]
 14%|█▍        | 831/5794 [00:11<01:09, 71.28it/s]
 14%|█▍        | 839/5794 [00:11<01:09, 71.27it/s]
 15%|█▍        | 847/5794 [00:12<01:09, 71.46it/s]
 15%|█▍        | 855/5794 [00:12<01:09, 71.46it/s]
 15%|█▍        | 863/5794 [00:12<01:08, 71.58it/s]
 15%|█▌        | 871/5794 [00:12<01:08, 71.58it/s]
 15%|█▌        | 879/5794 [00:12<01:08, 71.76it/s]
 15%|█▌        | 887/5794 [00:12<01:08, 71.64it/s]
 15%|█▌        | 895/5794 [00:12<01:08, 71.65it/s]
 16%|█▌        | 903/5794 [00:12<01:08, 71.45it/s]
 16%|█▌        | 911/5794 [00:12<01:08, 71.54it/s]
 16%|█▌        | 919/5794 [00:13<01:08, 71.67it/s]
 16%|█▌        | 927/5794 [00:13<01:08, 71.55it/s]
 16%|█▌        | 935/5794 [00:13<01:07, 71.59it/s]
 16%|█▋        | 943/5794 [00:13<01:07, 71.57it/s]
 16%|█▋        | 951/5794 [00:13<01:07, 71.52it/s]
 17%|█▋        | 959/5794 [00:13<01:07, 71.61it/s]
 17%|█▋        | 967/5794 [00:13<01:07, 71.85it/s]
 17%|█▋        | 975/5794 [00:13<01:06, 72.02it/s]
 17%|█▋        | 983/5794 [00:13<01:06, 72.25it/s]
 17%|█▋        | 991/5794 [00:14<01:06, 71.97it/s]
 17%|█▋        | 999/5794 [00:14<01:06, 72.13it/s]
 17%|█▋        | 1007/5794 [00:14<01:06, 72.09it/s]
 18%|█▊        | 1015/5794 [00:14<01:06, 72.29it/s]
 18%|█▊        | 1023/5794 [00:14<01:06, 72.14it/s]
 18%|█▊        | 1031/5794 [00:14<01:05, 72.28it/s]
 18%|█▊        | 1039/5794 [00:14<01:05, 72.39it/s]
 18%|█▊        | 1047/5794 [00:14<01:05, 72.41it/s]
 18%|█▊        | 1055/5794 [00:14<01:05, 72.33it/s]
 18%|█▊        | 1063/5794 [00:15<01:05, 72.30it/s]
 18%|█▊        | 1071/5794 [00:15<01:05, 72.35it/s]
 19%|█▊        | 1079/5794 [00:15<01:05, 72.28it/s]
 19%|█▉        | 1087/5794 [00:15<01:05, 72.32it/s]
 19%|█▉        | 1095/5794 [00:15<01:05, 72.25it/s]
 19%|█▉        | 1103/5794 [00:15<01:04, 72.31it/s]
 19%|█▉        | 1111/5794 [00:15<01:04, 72.27it/s]
 19%|█▉        | 1119/5794 [00:15<01:04, 72.37it/s]
 19%|█▉        | 1127/5794 [00:15<01:04, 72.33it/s]
 20%|█▉        | 1135/5794 [00:16<01:04, 72.42it/s]
 20%|█▉        | 1143/5794 [00:16<01:04, 72.02it/s]
 20%|█▉        | 1151/5794 [00:16<01:04, 72.24it/s]
 20%|██        | 1159/5794 [00:16<01:04, 72.21it/s]
 20%|██        | 1167/5794 [00:16<01:04, 72.22it/s]
 20%|██        | 1175/5794 [00:16<01:03, 72.20it/s]
 20%|██        | 1183/5794 [00:16<01:03, 72.11it/s]
 21%|██        | 1191/5794 [00:16<01:03, 72.00it/s]
 21%|██        | 1199/5794 [00:16<01:03, 71.90it/s]
 21%|██        | 1207/5794 [00:17<01:03, 71.83it/s]
 21%|██        | 1215/5794 [00:17<01:03, 71.72it/s]
 21%|██        | 1223/5794 [00:17<01:03, 71.76it/s]
 21%|██        | 1231/5794 [00:17<01:03, 71.68it/s]
 21%|██▏       | 1239/5794 [00:17<01:03, 71.73it/s]
 22%|██▏       | 1247/5794 [00:17<01:03, 71.53it/s]
 22%|██▏       | 1255/5794 [00:17<01:03, 71.65it/s]
 22%|██▏       | 1263/5794 [00:17<01:03, 71.53it/s]
 22%|██▏       | 1271/5794 [00:17<01:03, 71.55it/s]
 22%|██▏       | 1279/5794 [00:18<01:03, 71.43it/s]
 22%|██▏       | 1287/5794 [00:18<01:02, 71.64it/s]
 22%|██▏       | 1295/5794 [00:18<01:02, 71.54it/s]
 22%|██▏       | 1303/5794 [00:18<01:02, 71.68it/s]
 23%|██▎       | 1311/5794 [00:18<01:02, 71.64it/s]
 23%|██▎       | 1319/5794 [00:18<01:02, 71.48it/s]
 23%|██▎       | 1327/5794 [00:18<01:02, 71.35it/s]
 23%|██▎       | 1335/5794 [00:18<01:02, 71.16it/s]
 23%|██▎       | 1343/5794 [00:18<01:02, 71.45it/s]
 23%|██▎       | 1351/5794 [00:19<01:02, 71.02it/s]
 23%|██▎       | 1359/5794 [00:19<01:02, 71.11it/s]
 24%|██▎       | 1367/5794 [00:19<01:02, 71.13it/s]
 24%|██▎       | 1375/5794 [00:19<01:02, 71.25it/s]
 24%|██▍       | 1383/5794 [00:19<01:01, 71.18it/s]
 24%|██▍       | 1391/5794 [00:19<01:01, 71.32it/s]
 24%|██▍       | 1399/5794 [00:19<01:01, 71.28it/s]
 24%|██▍       | 1407/5794 [00:19<01:01, 71.35it/s]
 24%|██▍       | 1415/5794 [00:19<01:01, 71.24it/s]
 25%|██▍       | 1423/5794 [00:20<01:01, 71.39it/s]
 25%|██▍       | 1431/5794 [00:20<01:01, 71.31it/s]
 25%|██▍       | 1439/5794 [00:20<01:00, 71.44it/s]
 25%|██▍       | 1447/5794 [00:20<01:00, 71.42it/s]
 25%|██▌       | 1455/5794 [00:20<01:00, 71.27it/s]
 25%|██▌       | 1463/5794 [00:20<01:00, 71.31it/s]
 25%|██▌       | 1471/5794 [00:20<01:00, 71.20it/s]
 26%|██▌       | 1479/5794 [00:20<01:00, 71.20it/s]
 26%|██▌       | 1487/5794 [00:21<01:00, 71.11it/s]
 26%|██▌       | 1495/5794 [00:21<01:00, 71.10it/s]
 26%|██▌       | 1503/5794 [00:21<01:01, 70.32it/s]
 26%|██▌       | 1511/5794 [00:21<01:00, 70.65it/s]
 26%|██▌       | 1519/5794 [00:21<01:00, 70.81it/s]
 26%|██▋       | 1527/5794 [00:21<01:00, 70.95it/s]
 26%|██▋       | 1535/5794 [00:21<00:59, 71.01it/s]
 27%|██▋       | 1543/5794 [00:21<00:59, 71.18it/s]
 27%|██▋       | 1551/5794 [00:21<00:59, 71.11it/s]
 27%|██▋       | 1559/5794 [00:22<00:59, 71.27it/s]
 27%|██▋       | 1567/5794 [00:22<00:59, 71.17it/s]
 27%|██▋       | 1575/5794 [00:22<00:59, 71.31it/s]
 27%|██▋       | 1583/5794 [00:22<00:59, 71.28it/s]
 27%|██▋       | 1591/5794 [00:22<00:58, 71.25it/s]
 28%|██▊       | 1599/5794 [00:22<00:58, 71.19it/s]
 28%|██▊       | 1607/5794 [00:22<00:58, 71.25it/s]
 28%|██▊       | 1615/5794 [00:22<00:59, 70.80it/s]
 28%|██▊       | 1623/5794 [00:22<00:58, 71.27it/s]
 28%|██▊       | 1631/5794 [00:23<00:58, 71.74it/s]
 28%|██▊       | 1639/5794 [00:23<00:57, 71.94it/s]
 28%|██▊       | 1647/5794 [00:23<00:57, 72.19it/s]
 29%|██▊       | 1655/5794 [00:23<00:57, 72.27it/s]
 29%|██▊       | 1663/5794 [00:23<00:57, 72.20it/s]
 29%|██▉       | 1671/5794 [00:23<00:57, 72.06it/s]
 29%|██▉       | 1679/5794 [00:23<00:56, 72.26it/s]
 29%|██▉       | 1687/5794 [00:23<00:57, 71.90it/s]
 29%|██▉       | 1695/5794 [00:23<00:56, 71.99it/s]
 29%|██▉       | 1703/5794 [00:24<00:56, 71.86it/s]
 30%|██▉       | 1711/5794 [00:24<00:57, 71.24it/s]
 30%|██▉       | 1719/5794 [00:24<00:56, 71.52it/s]
 30%|██▉       | 1727/5794 [00:24<00:56, 71.55it/s]
 30%|██▉       | 1735/5794 [00:24<00:56, 71.89it/s]
 30%|███       | 1743/5794 [00:24<00:56, 71.75it/s]
 30%|███       | 1751/5794 [00:24<00:56, 72.07it/s]
 30%|███       | 1759/5794 [00:24<00:56, 71.94it/s]
 30%|███       | 1767/5794 [00:24<00:55, 72.20it/s]
 31%|███       | 1775/5794 [00:25<00:55, 72.16it/s]
 31%|███       | 1783/5794 [00:25<00:55, 72.41it/s]
 31%|███       | 1791/5794 [00:25<00:55, 72.27it/s]
 31%|███       | 1799/5794 [00:25<00:55, 72.53it/s]
 31%|███       | 1807/5794 [00:25<00:55, 72.36it/s]
 31%|███▏      | 1815/5794 [00:25<00:54, 72.42it/s]
 31%|███▏      | 1823/5794 [00:25<00:54, 72.30it/s]
 32%|███▏      | 1831/5794 [00:25<00:54, 72.32it/s]
 32%|███▏      | 1839/5794 [00:25<00:54, 72.26it/s]
 32%|███▏      | 1847/5794 [00:26<00:54, 72.47it/s]
 32%|███▏      | 1855/5794 [00:26<00:54, 72.41it/s]
 32%|███▏      | 1863/5794 [00:26<00:54, 72.41it/s]
 32%|███▏      | 1871/5794 [00:26<00:54, 72.11it/s]
 32%|███▏      | 1879/5794 [00:26<00:54, 72.13it/s]
 33%|███▎      | 1887/5794 [00:26<00:54, 72.12it/s]
 33%|███▎      | 1895/5794 [00:26<00:54, 71.68it/s]
 33%|███▎      | 1903/5794 [00:26<00:54, 71.59it/s]
 33%|███▎      | 1911/5794 [00:26<00:54, 71.22it/s]
 33%|███▎      | 1919/5794 [00:27<00:54, 71.05it/s]
 33%|███▎      | 1927/5794 [00:27<00:54, 70.74it/s]
 33%|███▎      | 1935/5794 [00:27<00:54, 70.89it/s]
 34%|███▎      | 1943/5794 [00:27<00:54, 70.91it/s]
 34%|███▎      | 1951/5794 [00:27<00:54, 71.16it/s]
 34%|███▍      | 1959/5794 [00:27<00:53, 71.19it/s]
 34%|███▍      | 1967/5794 [00:27<00:53, 71.21it/s]
 34%|███▍      | 1975/5794 [00:27<00:54, 70.70it/s]
 34%|███▍      | 1983/5794 [00:27<00:53, 70.90it/s]
 34%|███▍      | 1991/5794 [00:28<00:53, 71.18it/s]
 35%|███▍      | 1999/5794 [00:28<00:53, 71.24it/s]
 35%|███▍      | 2007/5794 [00:28<00:53, 71.11it/s]
 35%|███▍      | 2015/5794 [00:28<00:53, 71.22it/s]
 35%|███▍      | 2023/5794 [00:28<00:52, 71.25it/s]
 35%|███▌      | 2031/5794 [00:28<00:52, 71.22it/s]
 35%|███▌      | 2039/5794 [00:28<00:52, 70.89it/s]
 35%|███▌      | 2047/5794 [00:28<00:52, 71.01it/s]
 35%|███▌      | 2055/5794 [00:28<00:52, 71.14it/s]
 36%|███▌      | 2063/5794 [00:29<00:52, 70.48it/s]
 36%|███▌      | 2071/5794 [00:29<00:53, 69.88it/s]
 36%|███▌      | 2079/5794 [00:29<00:52, 70.55it/s]
 36%|███▌      | 2087/5794 [00:29<00:52, 70.48it/s]
 36%|███▌      | 2095/5794 [00:29<00:52, 69.94it/s]
 36%|███▋      | 2103/5794 [00:29<00:52, 70.08it/s]
 36%|███▋      | 2111/5794 [00:29<00:52, 70.12it/s]
 37%|███▋      | 2119/5794 [00:29<00:52, 70.38it/s]
 37%|███▋      | 2127/5794 [00:29<00:51, 70.60it/s]
 37%|███▋      | 2135/5794 [00:30<00:51, 70.68it/s]
 37%|███▋      | 2143/5794 [00:30<00:51, 71.05it/s]
 37%|███▋      | 2151/5794 [00:30<00:51, 71.22it/s]
 37%|███▋      | 2159/5794 [00:30<00:51, 71.12it/s]
 37%|███▋      | 2167/5794 [00:30<00:51, 70.97it/s]
 38%|███▊      | 2175/5794 [00:30<00:51, 70.81it/s]
 38%|███▊      | 2183/5794 [00:30<00:51, 70.64it/s]
 38%|███▊      | 2191/5794 [00:30<00:50, 71.04it/s]
 38%|███▊      | 2199/5794 [00:30<00:50, 71.04it/s]
 38%|███▊      | 2207/5794 [00:31<00:50, 70.90it/s]
 38%|███▊      | 2215/5794 [00:31<00:50, 71.02it/s]
 38%|███▊      | 2223/5794 [00:31<00:50, 71.14it/s]
 39%|███▊      | 2231/5794 [00:31<00:50, 70.44it/s]
 39%|███▊      | 2239/5794 [00:31<00:50, 70.70it/s]
 39%|███▉      | 2247/5794 [00:31<00:50, 70.55it/s]
 39%|███▉      | 2255/5794 [00:31<00:50, 70.41it/s]
 39%|███▉      | 2263/5794 [00:31<00:50, 70.32it/s]
 39%|███▉      | 2271/5794 [00:32<00:50, 70.42it/s]
 39%|███▉      | 2279/5794 [00:32<00:49, 70.38it/s]
 39%|███▉      | 2287/5794 [00:32<00:49, 70.64it/s]
 40%|███▉      | 2295/5794 [00:32<00:48, 71.91it/s]
 40%|███▉      | 2303/5794 [00:32<00:47, 73.00it/s]
 40%|███▉      | 2311/5794 [00:32<00:47, 73.86it/s]
 40%|████      | 2319/5794 [00:32<00:46, 74.32it/s]
 40%|████      | 2327/5794 [00:32<00:47, 73.73it/s]
 40%|████      | 2335/5794 [00:32<00:46, 74.03it/s]
 40%|████      | 2343/5794 [00:32<00:46, 74.41it/s]
 41%|████      | 2351/5794 [00:33<00:46, 74.47it/s]
 41%|████      | 2359/5794 [00:33<00:46, 74.51it/s]
 41%|████      | 2367/5794 [00:33<00:45, 74.79it/s]
 41%|████      | 2375/5794 [00:33<00:46, 73.82it/s]
 41%|████      | 2383/5794 [00:33<00:46, 72.70it/s]
 41%|████▏     | 2391/5794 [00:33<00:46, 72.42it/s]
 41%|████▏     | 2399/5794 [00:33<00:47, 71.70it/s]
 42%|████▏     | 2407/5794 [00:33<00:47, 72.05it/s]
 42%|████▏     | 2415/5794 [00:33<00:46, 72.20it/s]
 42%|████▏     | 2423/5794 [00:34<00:46, 72.27it/s]
 42%|████▏     | 2431/5794 [00:34<00:46, 72.07it/s]
 42%|████▏     | 2439/5794 [00:34<00:46, 72.03it/s]
 42%|████▏     | 2447/5794 [00:34<00:46, 71.55it/s]
 42%|████▏     | 2455/5794 [00:34<00:46, 71.64it/s]
 43%|████▎     | 2463/5794 [00:34<00:46, 72.32it/s]
 43%|████▎     | 2471/5794 [00:34<00:45, 72.65it/s]
 43%|████▎     | 2479/5794 [00:34<00:45, 72.90it/s]
 43%|████▎     | 2487/5794 [00:34<00:45, 72.83it/s]
 43%|████▎     | 2495/5794 [00:35<00:45, 72.70it/s]
 43%|████▎     | 2503/5794 [00:35<00:45, 72.28it/s]
 43%|████▎     | 2511/5794 [00:35<00:45, 72.52it/s]
 43%|████▎     | 2519/5794 [00:35<00:45, 72.32it/s]
 44%|████▎     | 2527/5794 [00:35<00:45, 71.49it/s]
 44%|████▍     | 2535/5794 [00:35<00:45, 71.22it/s]
 44%|████▍     | 2543/5794 [00:35<00:45, 70.72it/s]
 44%|████▍     | 2551/5794 [00:35<00:46, 70.46it/s]
 44%|████▍     | 2559/5794 [00:35<00:46, 70.21it/s]
 44%|████▍     | 2567/5794 [00:36<00:45, 70.42it/s]
 44%|████▍     | 2575/5794 [00:36<00:45, 70.20it/s]
 45%|████▍     | 2583/5794 [00:36<00:45, 70.44it/s]
 45%|████▍     | 2591/5794 [00:36<00:45, 70.23it/s]
 45%|████▍     | 2599/5794 [00:36<00:45, 70.36it/s]
 45%|████▍     | 2607/5794 [00:36<00:45, 70.33it/s]
 45%|████▌     | 2615/5794 [00:36<00:45, 70.54it/s]
 45%|████▌     | 2623/5794 [00:36<00:44, 70.51it/s]
 45%|████▌     | 2631/5794 [00:37<00:44, 70.72it/s]
 46%|████▌     | 2639/5794 [00:37<00:44, 70.55it/s]
 46%|████▌     | 2647/5794 [00:37<00:44, 70.72it/s]
 46%|████▌     | 2655/5794 [00:37<00:44, 70.69it/s]
 46%|████▌     | 2663/5794 [00:37<00:44, 70.80it/s]
 46%|████▌     | 2671/5794 [00:37<00:44, 70.85it/s]
 46%|████▌     | 2679/5794 [00:37<00:44, 70.69it/s]
 46%|████▋     | 2687/5794 [00:37<00:43, 70.79it/s]
 47%|████▋     | 2695/5794 [00:37<00:43, 70.72it/s]
 47%|████▋     | 2703/5794 [00:38<00:43, 70.83it/s]
 47%|████▋     | 2711/5794 [00:38<00:43, 70.78it/s]
 47%|████▋     | 2719/5794 [00:38<00:43, 70.88it/s]
 47%|████▋     | 2727/5794 [00:38<00:43, 70.80it/s]
 47%|████▋     | 2735/5794 [00:38<00:43, 70.88it/s]
 47%|████▋     | 2743/5794 [00:38<00:43, 70.61it/s]
 47%|████▋     | 2751/5794 [00:38<00:43, 70.51it/s]
 48%|████▊     | 2759/5794 [00:38<00:43, 70.50it/s]
 48%|████▊     | 2767/5794 [00:38<00:42, 70.57it/s]
 48%|████▊     | 2775/5794 [00:39<00:42, 70.54it/s]
 48%|████▊     | 2783/5794 [00:39<00:42, 70.22it/s]
 48%|████▊     | 2791/5794 [00:39<00:42, 70.04it/s]
 48%|████▊     | 2799/5794 [00:39<00:42, 69.92it/s]
 48%|████▊     | 2807/5794 [00:39<00:42, 70.18it/s]
 49%|████▊     | 2815/5794 [00:39<00:42, 70.10it/s]
 49%|████▊     | 2823/5794 [00:39<00:42, 70.17it/s]
 49%|████▉     | 2831/5794 [00:39<00:42, 70.12it/s]
 49%|████▉     | 2839/5794 [00:39<00:42, 70.13it/s]
 49%|████▉     | 2847/5794 [00:40<00:41, 70.70it/s]
 49%|████▉     | 2855/5794 [00:40<00:41, 71.20it/s]
 49%|████▉     | 2863/5794 [00:40<00:41, 71.38it/s]
 50%|████▉     | 2871/5794 [00:40<00:40, 71.75it/s]
 50%|████▉     | 2879/5794 [00:40<00:40, 71.82it/s]
 50%|████▉     | 2887/5794 [00:40<00:40, 72.13it/s]
 50%|████▉     | 2895/5794 [00:40<00:40, 71.84it/s]
 50%|█████     | 2903/5794 [00:40<00:40, 72.13it/s]
 50%|█████     | 2911/5794 [00:40<00:39, 72.09it/s]
 50%|█████     | 2919/5794 [00:41<00:39, 72.22it/s]
 51%|█████     | 2927/5794 [00:41<00:39, 71.86it/s]
 51%|█████     | 2935/5794 [00:41<00:39, 72.09it/s]
 51%|█████     | 2943/5794 [00:41<00:39, 72.29it/s]
 51%|█████     | 2951/5794 [00:41<00:39, 72.24it/s]
 51%|█████     | 2959/5794 [00:41<00:39, 72.08it/s]
 51%|█████     | 2967/5794 [00:41<00:39, 71.90it/s]
 51%|█████▏    | 2975/5794 [00:41<00:39, 71.78it/s]
 51%|█████▏    | 2983/5794 [00:41<00:39, 71.67it/s]
 52%|█████▏    | 2991/5794 [00:42<00:39, 71.62it/s]
 52%|█████▏    | 2999/5794 [00:42<00:39, 71.55it/s]
 52%|█████▏    | 3007/5794 [00:42<00:38, 71.54it/s]
 52%|█████▏    | 3015/5794 [00:42<00:38, 71.43it/s]
 52%|█████▏    | 3023/5794 [00:42<00:38, 71.54it/s]
 52%|█████▏    | 3031/5794 [00:42<00:38, 71.42it/s]
 52%|█████▏    | 3039/5794 [00:42<00:38, 71.42it/s]
 53%|█████▎    | 3047/5794 [00:42<00:38, 71.00it/s]
 53%|█████▎    | 3055/5794 [00:42<00:38, 71.21it/s]
 53%|█████▎    | 3063/5794 [00:43<00:38, 71.20it/s]
 53%|█████▎    | 3071/5794 [00:43<00:38, 71.44it/s]
 53%|█████▎    | 3079/5794 [00:43<00:38, 71.26it/s]
 53%|█████▎    | 3087/5794 [00:43<00:37, 71.34it/s]
 53%|█████▎    | 3095/5794 [00:43<00:37, 71.41it/s]
 54%|█████▎    | 3103/5794 [00:43<00:37, 71.34it/s]
 54%|█████▎    | 3111/5794 [00:43<00:37, 71.39it/s]
 54%|█████▍    | 3119/5794 [00:43<00:37, 71.45it/s]
 54%|█████▍    | 3127/5794 [00:43<00:37, 71.55it/s]
 54%|█████▍    | 3135/5794 [00:44<00:37, 71.01it/s]
 54%|█████▍    | 3143/5794 [00:44<00:37, 71.10it/s]
 54%|█████▍    | 3151/5794 [00:44<00:37, 71.09it/s]
 55%|█████▍    | 3159/5794 [00:44<00:37, 71.18it/s]
 55%|█████▍    | 3167/5794 [00:44<00:36, 71.17it/s]
 55%|█████▍    | 3175/5794 [00:44<00:36, 71.24it/s]
 55%|█████▍    | 3183/5794 [00:44<00:36, 71.08it/s]
 55%|█████▌    | 3191/5794 [00:44<00:36, 71.06it/s]
 55%|█████▌    | 3199/5794 [00:44<00:36, 71.00it/s]
 55%|█████▌    | 3207/5794 [00:45<00:36, 71.18it/s]
 55%|█████▌    | 3215/5794 [00:45<00:36, 71.29it/s]
 56%|█████▌    | 3223/5794 [00:45<00:36, 70.74it/s]
 56%|█████▌    | 3231/5794 [00:45<00:36, 70.85it/s]
 56%|█████▌    | 3239/5794 [00:45<00:36, 70.90it/s]
 56%|█████▌    | 3247/5794 [00:45<00:35, 71.03it/s]
 56%|█████▌    | 3255/5794 [00:45<00:35, 70.63it/s]
 56%|█████▋    | 3263/5794 [00:45<00:35, 70.85it/s]
 56%|█████▋    | 3271/5794 [00:45<00:35, 71.26it/s]
 57%|█████▋    | 3279/5794 [00:46<00:35, 71.73it/s]
 57%|█████▋    | 3287/5794 [00:46<00:34, 71.97it/s]
 57%|█████▋    | 3295/5794 [00:46<00:34, 72.32it/s]
 57%|█████▋    | 3303/5794 [00:46<00:34, 72.39it/s]
 57%|█████▋    | 3311/5794 [00:46<00:34, 72.63it/s]
 57%|█████▋    | 3319/5794 [00:46<00:34, 72.63it/s]
 57%|█████▋    | 3327/5794 [00:46<00:33, 72.86it/s]
 58%|█████▊    | 3335/5794 [00:46<00:33, 72.77it/s]
 58%|█████▊    | 3343/5794 [00:46<00:33, 72.17it/s]
 58%|█████▊    | 3351/5794 [00:47<00:33, 71.93it/s]
 58%|█████▊    | 3359/5794 [00:47<00:33, 71.74it/s]
 58%|█████▊    | 3367/5794 [00:47<00:33, 71.75it/s]
 58%|█████▊    | 3375/5794 [00:47<00:33, 71.61it/s]
 58%|█████▊    | 3383/5794 [00:47<00:33, 72.01it/s]
 59%|█████▊    | 3391/5794 [00:47<00:33, 72.17it/s]
 59%|█████▊    | 3399/5794 [00:47<00:33, 71.59it/s]
 59%|█████▉    | 3407/5794 [00:47<00:33, 71.45it/s]
 59%|█████▉    | 3415/5794 [00:47<00:33, 71.58it/s]
 59%|█████▉    | 3423/5794 [00:48<00:33, 71.45it/s]
 59%|█████▉    | 3431/5794 [00:48<00:33, 71.59it/s]
 59%|█████▉    | 3439/5794 [00:48<00:32, 71.63it/s]
 59%|█████▉    | 3447/5794 [00:48<00:32, 72.09it/s]
 60%|█████▉    | 3455/5794 [00:48<00:32, 72.27it/s]
 60%|█████▉    | 3463/5794 [00:48<00:32, 72.24it/s]
 60%|█████▉    | 3471/5794 [00:48<00:32, 72.23it/s]
 60%|██████    | 3479/5794 [00:48<00:31, 72.53it/s]
 60%|██████    | 3487/5794 [00:48<00:31, 72.70it/s]
 60%|██████    | 3495/5794 [00:49<00:31, 72.17it/s]
 60%|██████    | 3503/5794 [00:49<00:31, 72.27it/s]
 61%|██████    | 3511/5794 [00:49<00:31, 72.42it/s]
 61%|██████    | 3519/5794 [00:49<00:31, 72.58it/s]
 61%|██████    | 3527/5794 [00:49<00:31, 72.32it/s]
 61%|██████    | 3535/5794 [00:49<00:31, 72.53it/s]
 61%|██████    | 3543/5794 [00:49<00:31, 72.56it/s]
 61%|██████▏   | 3551/5794 [00:49<00:30, 72.71it/s]
 61%|██████▏   | 3559/5794 [00:49<00:30, 72.66it/s]
 62%|██████▏   | 3567/5794 [00:50<00:30, 72.66it/s]
 62%|██████▏   | 3575/5794 [00:50<00:30, 72.51it/s]
 62%|██████▏   | 3583/5794 [00:50<00:30, 72.63it/s]
 62%|██████▏   | 3591/5794 [00:50<00:30, 72.21it/s]
 62%|██████▏   | 3599/5794 [00:50<00:30, 72.29it/s]
 62%|██████▏   | 3607/5794 [00:50<00:30, 72.26it/s]
 62%|██████▏   | 3615/5794 [00:50<00:30, 72.48it/s]
 63%|██████▎   | 3623/5794 [00:50<00:29, 72.57it/s]
 63%|██████▎   | 3631/5794 [00:50<00:29, 72.59it/s]
 63%|██████▎   | 3639/5794 [00:51<00:29, 72.65it/s]
 63%|██████▎   | 3647/5794 [00:51<00:29, 72.50it/s]
 63%|██████▎   | 3655/5794 [00:51<00:29, 72.70it/s]
 63%|██████▎   | 3663/5794 [00:51<00:29, 72.60it/s]
 63%|██████▎   | 3671/5794 [00:51<00:29, 72.40it/s]
 63%|██████▎   | 3679/5794 [00:51<00:29, 72.08it/s]
 64%|██████▎   | 3687/5794 [00:51<00:29, 72.04it/s]
 64%|██████▍   | 3695/5794 [00:51<00:29, 71.84it/s]
 64%|██████▍   | 3703/5794 [00:51<00:29, 71.87it/s]
 64%|██████▍   | 3711/5794 [00:52<00:29, 71.68it/s]
 64%|██████▍   | 3719/5794 [00:52<00:28, 71.72it/s]
 64%|██████▍   | 3727/5794 [00:52<00:28, 71.55it/s]
 64%|██████▍   | 3735/5794 [00:52<00:28, 71.65it/s]
 65%|██████▍   | 3743/5794 [00:52<00:28, 71.55it/s]
 65%|██████▍   | 3751/5794 [00:52<00:28, 71.67it/s]
 65%|██████▍   | 3759/5794 [00:52<00:28, 71.31it/s]
 65%|██████▌   | 3767/5794 [00:52<00:28, 71.44it/s]
 65%|██████▌   | 3775/5794 [00:52<00:28, 71.89it/s]
 65%|██████▌   | 3783/5794 [00:53<00:27, 72.01it/s]
 65%|██████▌   | 3791/5794 [00:53<00:27, 72.21it/s]
 66%|██████▌   | 3799/5794 [00:53<00:27, 72.28it/s]
 66%|██████▌   | 3807/5794 [00:53<00:27, 72.37it/s]
 66%|██████▌   | 3815/5794 [00:53<00:27, 72.26it/s]
 66%|██████▌   | 3823/5794 [00:53<00:27, 72.32it/s]
 66%|██████▌   | 3831/5794 [00:53<00:27, 72.20it/s]
 66%|██████▋   | 3839/5794 [00:53<00:27, 72.24it/s]
 66%|██████▋   | 3847/5794 [00:53<00:26, 72.18it/s]
 67%|██████▋   | 3855/5794 [00:54<00:26, 71.83it/s]
 67%|██████▋   | 3863/5794 [00:54<00:26, 71.57it/s]
 67%|██████▋   | 3871/5794 [00:54<00:26, 71.72it/s]
 67%|██████▋   | 3879/5794 [00:54<00:26, 71.73it/s]
 67%|██████▋   | 3887/5794 [00:54<00:26, 71.82it/s]
 67%|██████▋   | 3895/5794 [00:54<00:26, 71.87it/s]
 67%|██████▋   | 3903/5794 [00:54<00:26, 71.81it/s]
 68%|██████▊   | 3911/5794 [00:54<00:26, 71.76it/s]
 68%|██████▊   | 3919/5794 [00:54<00:26, 71.60it/s]
 68%|██████▊   | 3927/5794 [00:55<00:26, 71.68it/s]
 68%|██████▊   | 3935/5794 [00:55<00:26, 71.30it/s]
 68%|██████▊   | 3943/5794 [00:55<00:25, 71.29it/s]
 68%|██████▊   | 3951/5794 [00:55<00:25, 71.27it/s]
 68%|██████▊   | 3959/5794 [00:55<00:25, 71.42it/s]
 68%|██████▊   | 3967/5794 [00:55<00:25, 71.48it/s]
 69%|██████▊   | 3975/5794 [00:55<00:25, 71.55it/s]
 69%|██████▊   | 3983/5794 [00:55<00:25, 71.46it/s]
 69%|██████▉   | 3991/5794 [00:55<00:25, 71.59it/s]
 69%|██████▉   | 3999/5794 [00:56<00:25, 71.67it/s]
 69%|██████▉   | 4007/5794 [00:56<00:24, 71.85it/s]
 69%|██████▉   | 4015/5794 [00:56<00:24, 71.87it/s]
 69%|██████▉   | 4023/5794 [00:56<00:24, 72.01it/s]
 70%|██████▉   | 4031/5794 [00:56<00:24, 72.08it/s]
 70%|██████▉   | 4039/5794 [00:56<00:24, 72.15it/s]
 70%|██████▉   | 4047/5794 [00:56<00:24, 72.25it/s]
 70%|██████▉   | 4055/5794 [00:56<00:24, 72.22it/s]
 70%|███████   | 4063/5794 [00:56<00:23, 72.23it/s]
 70%|███████   | 4071/5794 [00:57<00:23, 72.20it/s]
 70%|███████   | 4079/5794 [00:57<00:23, 72.10it/s]
 71%|███████   | 4087/5794 [00:57<00:23, 71.91it/s]
 71%|███████   | 4095/5794 [00:57<00:23, 71.87it/s]
 71%|███████   | 4103/5794 [00:57<00:23, 71.71it/s]
 71%|███████   | 4111/5794 [00:57<00:23, 71.94it/s]
 71%|███████   | 4119/5794 [00:57<00:23, 71.99it/s]
 71%|███████   | 4127/5794 [00:57<00:23, 72.13it/s]
 71%|███████▏  | 4135/5794 [00:57<00:23, 72.05it/s]
 72%|███████▏  | 4143/5794 [00:58<00:22, 72.29it/s]
 72%|███████▏  | 4151/5794 [00:58<00:22, 72.19it/s]
 72%|███████▏  | 4159/5794 [00:58<00:22, 71.98it/s]
 72%|███████▏  | 4167/5794 [00:58<00:22, 71.99it/s]
 72%|███████▏  | 4175/5794 [00:58<00:22, 71.92it/s]
 72%|███████▏  | 4183/5794 [00:58<00:22, 71.76it/s]
 72%|███████▏  | 4191/5794 [00:58<00:22, 71.59it/s]
 72%|███████▏  | 4199/5794 [00:58<00:22, 71.65it/s]
 73%|███████▎  | 4207/5794 [00:58<00:22, 71.66it/s]
 73%|███████▎  | 4215/5794 [00:59<00:22, 71.17it/s]
 73%|███████▎  | 4223/5794 [00:59<00:22, 71.07it/s]
 73%|███████▎  | 4231/5794 [00:59<00:21, 71.11it/s]
 73%|███████▎  | 4239/5794 [00:59<00:21, 71.12it/s]
 73%|███████▎  | 4247/5794 [00:59<00:21, 71.10it/s]
 73%|███████▎  | 4255/5794 [00:59<00:21, 71.03it/s]
 74%|███████▎  | 4263/5794 [00:59<00:21, 70.97it/s]
 74%|███████▎  | 4271/5794 [00:59<00:21, 70.97it/s]
 74%|███████▍  | 4279/5794 [01:00<00:21, 71.12it/s]
 74%|███████▍  | 4287/5794 [01:00<00:21, 71.08it/s]
 74%|███████▍  | 4295/5794 [01:00<00:21, 71.14it/s]
 74%|███████▍  | 4303/5794 [01:00<00:21, 70.99it/s]
 74%|███████▍  | 4311/5794 [01:00<00:21, 70.52it/s]
 75%|███████▍  | 4319/5794 [01:00<00:20, 70.47it/s]
 75%|███████▍  | 4327/5794 [01:00<00:20, 70.68it/s]
 75%|███████▍  | 4335/5794 [01:00<00:20, 70.87it/s]
 75%|███████▍  | 4343/5794 [01:00<00:20, 71.03it/s]
 75%|███████▌  | 4351/5794 [01:01<00:20, 71.08it/s]
 75%|███████▌  | 4359/5794 [01:01<00:20, 71.06it/s]
 75%|███████▌  | 4367/5794 [01:01<00:20, 71.17it/s]
 76%|███████▌  | 4375/5794 [01:01<00:19, 71.20it/s]
 76%|███████▌  | 4383/5794 [01:01<00:20, 70.52it/s]
 76%|███████▌  | 4391/5794 [01:01<00:19, 70.63it/s]
 76%|███████▌  | 4399/5794 [01:01<00:19, 70.93it/s]
 76%|███████▌  | 4407/5794 [01:01<00:19, 70.70it/s]
 76%|███████▌  | 4415/5794 [01:01<00:19, 71.02it/s]
 76%|███████▋  | 4423/5794 [01:02<00:19, 70.80it/s]
 76%|███████▋  | 4431/5794 [01:02<00:19, 71.06it/s]
 77%|███████▋  | 4439/5794 [01:02<00:19, 71.15it/s]
 77%|███████▋  | 4447/5794 [01:02<00:18, 71.27it/s]
 77%|███████▋  | 4455/5794 [01:02<00:18, 71.54it/s]
 77%|███████▋  | 4463/5794 [01:02<00:18, 71.65it/s]
 77%|███████▋  | 4471/5794 [01:02<00:18, 71.36it/s]
 77%|███████▋  | 4479/5794 [01:02<00:18, 71.22it/s]
 77%|███████▋  | 4487/5794 [01:02<00:18, 70.28it/s]
 78%|███████▊  | 4495/5794 [01:03<00:18, 71.10it/s]
 78%|███████▊  | 4503/5794 [01:03<00:17, 72.21it/s]
 78%|███████▊  | 4511/5794 [01:03<00:17, 72.91it/s]
 78%|███████▊  | 4519/5794 [01:03<00:17, 73.65it/s]
 78%|███████▊  | 4527/5794 [01:03<00:17, 73.90it/s]
 78%|███████▊  | 4535/5794 [01:03<00:16, 74.32it/s]
 78%|███████▊  | 4543/5794 [01:03<00:16, 74.38it/s]
 79%|███████▊  | 4551/5794 [01:03<00:16, 74.43it/s]
 79%|███████▊  | 4559/5794 [01:03<00:16, 73.12it/s]
 79%|███████▉  | 4567/5794 [01:04<00:16, 72.93it/s]
 79%|███████▉  | 4575/5794 [01:04<00:16, 72.34it/s]
 79%|███████▉  | 4583/5794 [01:04<00:16, 72.09it/s]
 79%|███████▉  | 4591/5794 [01:04<00:16, 72.16it/s]
 79%|███████▉  | 4599/5794 [01:04<00:16, 72.19it/s]
 80%|███████▉  | 4607/5794 [01:04<00:16, 72.18it/s]
 80%|███████▉  | 4615/5794 [01:04<00:16, 72.08it/s]
 80%|███████▉  | 4623/5794 [01:04<00:16, 72.20it/s]
 80%|███████▉  | 4631/5794 [01:04<00:16, 72.15it/s]
 80%|████████  | 4639/5794 [01:05<00:15, 72.29it/s]
 80%|████████  | 4647/5794 [01:05<00:15, 72.14it/s]
 80%|████████  | 4655/5794 [01:05<00:15, 72.23it/s]
 80%|████████  | 4663/5794 [01:05<00:15, 72.09it/s]
 81%|████████  | 4671/5794 [01:05<00:15, 71.32it/s]
 81%|████████  | 4679/5794 [01:05<00:15, 71.28it/s]
 81%|████████  | 4687/5794 [01:05<00:15, 71.35it/s]
 81%|████████  | 4695/5794 [01:05<00:15, 71.39it/s]
 81%|████████  | 4703/5794 [01:05<00:15, 71.70it/s]
 81%|████████▏ | 4711/5794 [01:06<00:15, 71.93it/s]
 81%|████████▏ | 4719/5794 [01:06<00:14, 71.97it/s]
 82%|████████▏ | 4727/5794 [01:06<00:14, 72.04it/s]
 82%|████████▏ | 4735/5794 [01:06<00:14, 72.04it/s]
 82%|████████▏ | 4743/5794 [01:06<00:14, 72.06it/s]
 82%|████████▏ | 4751/5794 [01:06<00:14, 71.91it/s]
 82%|████████▏ | 4759/5794 [01:06<00:14, 71.97it/s]
 82%|████████▏ | 4767/5794 [01:06<00:14, 71.95it/s]
 82%|████████▏ | 4775/5794 [01:06<00:14, 72.03it/s]
 83%|████████▎ | 4783/5794 [01:07<00:14, 71.90it/s]
 83%|████████▎ | 4791/5794 [01:07<00:13, 72.04it/s]
 83%|████████▎ | 4799/5794 [01:07<00:13, 71.95it/s]
 83%|████████▎ | 4807/5794 [01:07<00:13, 71.98it/s]
 83%|████████▎ | 4815/5794 [01:07<00:13, 71.83it/s]
 83%|████████▎ | 4823/5794 [01:07<00:13, 71.68it/s]
 83%|████████▎ | 4831/5794 [01:07<00:13, 71.43it/s]
 84%|████████▎ | 4839/5794 [01:07<00:13, 71.45it/s]
 84%|████████▎ | 4847/5794 [01:07<00:13, 71.34it/s]
 84%|████████▍ | 4855/5794 [01:08<00:13, 71.26it/s]
 84%|████████▍ | 4863/5794 [01:08<00:13, 71.21it/s]
 84%|████████▍ | 4871/5794 [01:08<00:12, 71.17it/s]
 84%|████████▍ | 4879/5794 [01:08<00:12, 71.14it/s]
 84%|████████▍ | 4887/5794 [01:08<00:12, 71.04it/s]
 84%|████████▍ | 4895/5794 [01:08<00:12, 71.12it/s]
 85%|████████▍ | 4903/5794 [01:08<00:12, 70.82it/s]
 85%|████████▍ | 4911/5794 [01:08<00:12, 70.87it/s]
 85%|████████▍ | 4919/5794 [01:08<00:12, 70.89it/s]
 85%|████████▌ | 4927/5794 [01:09<00:12, 70.92it/s]
 85%|████████▌ | 4935/5794 [01:09<00:12, 70.46it/s]
 85%|████████▌ | 4943/5794 [01:09<00:12, 70.64it/s]
 85%|████████▌ | 4951/5794 [01:09<00:12, 70.24it/s]
 86%|████████▌ | 4959/5794 [01:09<00:11, 70.43it/s]
 86%|████████▌ | 4967/5794 [01:09<00:11, 70.18it/s]
 86%|████████▌ | 4975/5794 [01:09<00:11, 70.52it/s]
 86%|████████▌ | 4983/5794 [01:09<00:11, 70.67it/s]
 86%|████████▌ | 4991/5794 [01:09<00:11, 70.48it/s]
 86%|████████▋ | 4999/5794 [01:10<00:11, 70.80it/s]
 86%|████████▋ | 5007/5794 [01:10<00:11, 70.48it/s]
 87%|████████▋ | 5015/5794 [01:10<00:11, 70.68it/s]
 87%|████████▋ | 5023/5794 [01:10<00:10, 70.35it/s]
 87%|████████▋ | 5031/5794 [01:10<00:10, 70.62it/s]
 87%|████████▋ | 5039/5794 [01:10<00:10, 70.69it/s]
 87%|████████▋ | 5047/5794 [01:10<00:10, 70.74it/s]
 87%|████████▋ | 5055/5794 [01:10<00:10, 70.55it/s]
 87%|████████▋ | 5063/5794 [01:10<00:10, 70.81it/s]
 88%|████████▊ | 5071/5794 [01:11<00:10, 70.81it/s]
 88%|████████▊ | 5079/5794 [01:11<00:10, 70.89it/s]
 88%|████████▊ | 5087/5794 [01:11<00:09, 70.93it/s]
 88%|████████▊ | 5095/5794 [01:11<00:09, 71.11it/s]
 88%|████████▊ | 5103/5794 [01:11<00:09, 71.13it/s]
 88%|████████▊ | 5111/5794 [01:11<00:09, 71.30it/s]
 88%|████████▊ | 5119/5794 [01:11<00:09, 71.19it/s]
 88%|████████▊ | 5127/5794 [01:11<00:09, 71.16it/s]
 89%|████████▊ | 5135/5794 [01:11<00:09, 71.27it/s]
 89%|████████▉ | 5143/5794 [01:12<00:09, 71.23it/s]
 89%|████████▉ | 5151/5794 [01:12<00:09, 71.26it/s]
 89%|████████▉ | 5159/5794 [01:12<00:08, 71.25it/s]
 89%|████████▉ | 5167/5794 [01:12<00:08, 71.28it/s]
 89%|████████▉ | 5175/5794 [01:12<00:08, 70.99it/s]
 89%|████████▉ | 5183/5794 [01:12<00:08, 71.14it/s]
 90%|████████▉ | 5191/5794 [01:12<00:08, 69.50it/s]
 90%|████████▉ | 5199/5794 [01:12<00:08, 70.04it/s]
 90%|████████▉ | 5207/5794 [01:13<00:08, 70.31it/s]
 90%|█████████ | 5215/5794 [01:13<00:08, 70.72it/s]
 90%|█████████ | 5223/5794 [01:13<00:08, 70.66it/s]
 90%|█████████ | 5231/5794 [01:13<00:07, 70.93it/s]
 90%|█████████ | 5239/5794 [01:13<00:07, 70.88it/s]
 91%|█████████ | 5247/5794 [01:13<00:07, 71.07it/s]
 91%|█████████ | 5255/5794 [01:13<00:07, 71.10it/s]
 91%|█████████ | 5263/5794 [01:13<00:07, 70.98it/s]
 91%|█████████ | 5271/5794 [01:13<00:07, 71.04it/s]
 91%|█████████ | 5279/5794 [01:14<00:07, 70.93it/s]
 91%|█████████ | 5287/5794 [01:14<00:07, 70.57it/s]
 91%|█████████▏| 5295/5794 [01:14<00:07, 70.43it/s]
 92%|█████████▏| 5303/5794 [01:14<00:06, 70.76it/s]
 92%|█████████▏| 5311/5794 [01:14<00:06, 70.86it/s]
 92%|█████████▏| 5319/5794 [01:14<00:06, 71.04it/s]
 92%|█████████▏| 5327/5794 [01:14<00:06, 70.98it/s]
 92%|█████████▏| 5335/5794 [01:14<00:06, 70.99it/s]
 92%|█████████▏| 5343/5794 [01:14<00:06, 70.93it/s]
 92%|█████████▏| 5351/5794 [01:15<00:06, 71.11it/s]
 92%|█████████▏| 5359/5794 [01:15<00:06, 71.11it/s]
 93%|█████████▎| 5367/5794 [01:15<00:05, 71.20it/s]
 93%|█████████▎| 5375/5794 [01:15<00:05, 71.13it/s]
 93%|█████████▎| 5383/5794 [01:15<00:05, 71.22it/s]
 93%|█████████▎| 5391/5794 [01:15<00:05, 71.24it/s]
 93%|█████████▎| 5399/5794 [01:15<00:05, 71.18it/s]
 93%|█████████▎| 5407/5794 [01:15<00:05, 71.21it/s]
 93%|█████████▎| 5415/5794 [01:15<00:05, 71.10it/s]
 94%|█████████▎| 5423/5794 [01:16<00:05, 71.08it/s]
 94%|█████████▎| 5431/5794 [01:16<00:05, 71.29it/s]
 94%|█████████▍| 5439/5794 [01:16<00:04, 71.72it/s]
 94%|█████████▍| 5447/5794 [01:16<00:04, 71.76it/s]
 94%|█████████▍| 5455/5794 [01:16<00:04, 71.98it/s]
 94%|█████████▍| 5463/5794 [01:16<00:04, 72.05it/s]
 94%|█████████▍| 5471/5794 [01:16<00:04, 72.32it/s]
 95%|█████████▍| 5479/5794 [01:16<00:04, 72.29it/s]
 95%|█████████▍| 5487/5794 [01:16<00:04, 72.42it/s]
 95%|█████████▍| 5495/5794 [01:17<00:04, 71.81it/s]
 95%|█████████▍| 5503/5794 [01:17<00:04, 72.04it/s]
 95%|█████████▌| 5511/5794 [01:17<00:03, 71.97it/s]
 95%|█████████▌| 5519/5794 [01:17<00:03, 72.18it/s]
 95%|█████████▌| 5527/5794 [01:17<00:03, 71.92it/s]
 96%|█████████▌| 5535/5794 [01:17<00:03, 72.06it/s]
 96%|█████████▌| 5543/5794 [01:17<00:03, 72.13it/s]
 96%|█████████▌| 5551/5794 [01:17<00:03, 72.17it/s]
 96%|█████████▌| 5559/5794 [01:17<00:03, 71.98it/s]
 96%|█████████▌| 5567/5794 [01:18<00:03, 72.05it/s]
 96%|█████████▌| 5575/5794 [01:18<00:03, 72.27it/s]
 96%|█████████▋| 5583/5794 [01:18<00:02, 72.29it/s]
 96%|█████████▋| 5591/5794 [01:18<00:02, 72.15it/s]
 97%|█████████▋| 5599/5794 [01:18<00:02, 72.16it/s]
 97%|█████████▋| 5607/5794 [01:18<00:02, 72.11it/s]
 97%|█████████▋| 5615/5794 [01:18<00:02, 71.74it/s]
 97%|█████████▋| 5623/5794 [01:18<00:02, 71.51it/s]
 97%|█████████▋| 5631/5794 [01:18<00:02, 71.37it/s]
 97%|█████████▋| 5639/5794 [01:19<00:02, 71.32it/s]
 97%|█████████▋| 5647/5794 [01:19<00:02, 70.94it/s]
 98%|█████████▊| 5655/5794 [01:19<00:01, 70.89it/s]
 98%|█████████▊| 5663/5794 [01:19<00:01, 70.96it/s]
 98%|█████████▊| 5671/5794 [01:19<00:01, 71.02it/s]
 98%|█████████▊| 5679/5794 [01:19<00:01, 71.11it/s]
 98%|█████████▊| 5687/5794 [01:19<00:01, 71.05it/s]
 98%|█████████▊| 5695/5794 [01:19<00:01, 71.09it/s]
 98%|█████████▊| 5703/5794 [01:19<00:01, 71.07it/s]
 99%|█████████▊| 5711/5794 [01:20<00:01, 71.04it/s]
 99%|█████████▊| 5719/5794 [01:20<00:01, 71.06it/s]
 99%|█████████▉| 5727/5794 [01:20<00:00, 71.15it/s]
 99%|█████████▉| 5735/5794 [01:20<00:00, 71.06it/s]
 99%|█████████▉| 5743/5794 [01:20<00:00, 71.02it/s]
 99%|█████████▉| 5751/5794 [01:20<00:00, 70.87it/s]
 99%|█████████▉| 5759/5794 [01:20<00:00, 70.95it/s]
100%|█████████▉| 5767/5794 [01:20<00:00, 70.88it/s]
100%|█████████▉| 5775/5794 [01:20<00:00, 70.93it/s]
100%|█████████▉| 5783/5794 [01:21<00:00, 70.87it/s]
100%|█████████▉| 5791/5794 [01:21<00:00, 71.03it/s]
100%|██████████| 5794/5794 [01:21<00:00, 71.25it/s]
BALANCED ACCS CHECKED FOR TEST
TEST SET RESULTS FOR CHECKPOINT trained_weights/waterbirds/gals_waterbird_complete95_forest2water2_21050510_trial_000/best_balanced_valacc_0.55_epoch_0.ckpt
test_acc: 0.7283396617190196
balanced_test_acc: 0.5664535715025799
Land_on_Land_test_acc: 0.9991130820399113
Land_on_Water_test_acc: 0.71529933481153
Water_on_Land_test_acc: 0.010903426791277258
Water_on_Water_test_acc: 0.5404984423676013
test_acc_Waterbird: 0.2757009345794392
test_acc_Landbird: 0.8572062084257206
