[CMD] /home/ryreu/miniconda3/envs/gals_a100/bin/python -u main.py --config configs/waterbirds_95_gradcam_vit.yaml --name gradcam_waterbird_complete95_forest2water2_21047520_trial_000 DATA.ROOT=/home/ryreu/guided_cnn/waterbirds DATA.WATERBIRDS_DIR=waterbird_complete95_forest2water2 SEED=0 EXP.BASE.LR=0.0010000000000000002 EXP.CLASSIFIER.LR=9.999999999999991e-05 EXP.WEIGHT_DECAY=9.999999999999997e-06 EXP.AUX_LOSSES_ON_VAL=False EXP.LOSSES.GRADCAM.WEIGHT=1.0 EXP.NUM_EPOCHS=1
SEED: 0
DATA:
  BATCH_SIZE: 96
  NUM_WORKERS: 4
  SIZE: 224
  NORMALIZATION: imagenet
  ATTENTION_DIR: clip_vit_attention
  SEPARATE_CLASSES: false
  REMOVE_BACKGROUND: false
  ROOT: /home/ryreu/guided_cnn/waterbirds
  USE_CLASS_WEIGHTS: false
  USE_GROUP_WEIGHTS: false
  DATASET: waterbirds
  NUM_CLASSES: 2
  CONFOUNDING_FACTOR: 0.95
  WATERBIRDS_DIR: waterbird_complete95_forest2water2
EXP:
  NUM_TRIALS: 1
  LOSSES:
    CLASSIFICATION:
      WEIGHT: 1
    GRADIENT_OUTSIDE:
      COMPUTE: false
      LOG: false
      WEIGHT: 10000
      CRITERION: L1
      GT: clip_vit
      COMBINE_ATT_MODE: average_nonzero
    GRADIENT_INSIDE:
      COMPUTE: false
      LOG: false
      WEIGHT: 1
      CRITERION: L1
      GT: segmentation
      COMBINE_ATT_MODE: average_nonzero
    GRADCAM:
      COMPUTE: true
      LOG: false
      WEIGHT: 1.0
      CRITERION: L1
      GT: clip_vit
      MODE: match
      COMBINE_ATT_MODE: average_nonzero
  APPROACH: generic
  MODEL: resnet50
  PRETRAINED: true
  NUM_EPOCHS: 1
  OPTIMIZER: SGD
  WEIGHT_DECAY: 9.999999999999997e-06
  MOMENTUM: 0.9
  SCHEDULER: NONE
  BASE:
    LR: 0.0010000000000000002
  CLASSIFIER:
    LR: 9.999999999999991e-05
  AUX_LOSSES_ON_VAL: false
LOGGING:
  SAVE_EVERY: 0
  SAVE_BEST: true
  SAVE_LAST: false
  LOG_ATTENTION: false
  LOG_ATTENTION_STEP: 10
  SAVE_STATS_PATH: null
yaml: configs/waterbirds_95_gradcam_vit.yaml
name: gradcam_waterbird_complete95_forest2water2_21047520_trial_000
test_checkpoint: null

WATERBIRDS DIR: /home/ryreu/guided_cnn/waterbirds/waterbird_complete95_forest2water2
NUMBER OF SAMPLES WITH LABEL Landbird: 3682
NUMBER OF SAMPLES WITH LABEL Waterbird: 1113
NUMBER OF SAMPLES WITH GROUP Land_on_Land: 3498
NUMBER OF SAMPLES WITH GROUP Land_on_Water: 184
NUMBER OF SAMPLES WITH GROUP Water_on_Land: 56
NUMBER OF SAMPLES WITH GROUP Water_on_Water: 1057
WATERBIRDS DIR: /home/ryreu/guided_cnn/waterbirds/waterbird_complete95_forest2water2
NUMBER OF SAMPLES WITH LABEL Landbird: 933
NUMBER OF SAMPLES WITH LABEL Waterbird: 266
NUMBER OF SAMPLES WITH GROUP Land_on_Land: 467
NUMBER OF SAMPLES WITH GROUP Land_on_Water: 466
NUMBER OF SAMPLES WITH GROUP Water_on_Land: 133
NUMBER OF SAMPLES WITH GROUP Water_on_Water: 133
NUM TRAIN: 4795

NUM VAL:   1199

Number classifier outputs: 1
Using pretrained model: True
USING SGD OPTIMIZER
class weights: None
group weights: None
WANDB DISABLED: skipping wandb.init()
EPOCH: 0

>>> TRAINING 


  0%|          | 0/50 [00:00<?, ?it/s]
  2%|▏         | 1/50 [00:03<02:57,  3.62s/it]
  4%|▍         | 2/50 [00:03<01:17,  1.62s/it]
  6%|▌         | 3/50 [00:04<00:45,  1.02it/s]
  8%|▊         | 4/50 [00:04<00:31,  1.48it/s]
 10%|█         | 5/50 [00:04<00:23,  1.95it/s]
 12%|█▏        | 6/50 [00:04<00:18,  2.41it/s]
 14%|█▍        | 7/50 [00:04<00:15,  2.85it/s]
 16%|█▌        | 8/50 [00:05<00:13,  3.23it/s]
 18%|█▊        | 9/50 [00:05<00:11,  3.62it/s]
 20%|██        | 10/50 [00:05<00:10,  3.93it/s]
 22%|██▏       | 11/50 [00:05<00:09,  4.17it/s]
 24%|██▍       | 12/50 [00:05<00:08,  4.35it/s]
 26%|██▌       | 13/50 [00:06<00:08,  4.51it/s]
 28%|██▊       | 14/50 [00:06<00:07,  4.61it/s]
 30%|███       | 15/50 [00:06<00:07,  4.67it/s]
 32%|███▏      | 16/50 [00:06<00:07,  4.71it/s]
 34%|███▍      | 17/50 [00:07<00:06,  4.76it/s]
 36%|███▌      | 18/50 [00:07<00:06,  4.77it/s]
 38%|███▊      | 19/50 [00:07<00:06,  4.75it/s]
 40%|████      | 20/50 [00:07<00:06,  4.77it/s]
 42%|████▏     | 21/50 [00:07<00:06,  4.68it/s]
 44%|████▍     | 22/50 [00:08<00:06,  4.59it/s]
 46%|████▌     | 23/50 [00:08<00:05,  4.68it/s]
 48%|████▊     | 24/50 [00:08<00:05,  4.70it/s]
 50%|█████     | 25/50 [00:08<00:05,  4.74it/s]
 52%|█████▏    | 26/50 [00:08<00:05,  4.78it/s]
 54%|█████▍    | 27/50 [00:09<00:04,  4.79it/s]
 56%|█████▌    | 28/50 [00:09<00:04,  4.77it/s]
 58%|█████▊    | 29/50 [00:09<00:04,  4.81it/s]
 60%|██████    | 30/50 [00:09<00:04,  4.74it/s]
 62%|██████▏   | 31/50 [00:09<00:04,  4.74it/s]
 64%|██████▍   | 32/50 [00:10<00:03,  4.76it/s]
 66%|██████▌   | 33/50 [00:10<00:03,  4.80it/s]
 68%|██████▊   | 34/50 [00:10<00:03,  4.83it/s]
 70%|███████   | 35/50 [00:10<00:03,  4.83it/s]
 72%|███████▏  | 36/50 [00:10<00:02,  4.84it/s]
 74%|███████▍  | 37/50 [00:11<00:02,  4.83it/s]
 76%|███████▌  | 38/50 [00:11<00:02,  4.84it/s]
 78%|███████▊  | 39/50 [00:11<00:02,  4.84it/s]
 80%|████████  | 40/50 [00:11<00:02,  4.85it/s]
 82%|████████▏ | 41/50 [00:12<00:01,  4.87it/s]
 84%|████████▍ | 42/50 [00:12<00:01,  4.86it/s]
 86%|████████▌ | 43/50 [00:12<00:01,  4.84it/s]
 88%|████████▊ | 44/50 [00:12<00:01,  4.84it/s]
 90%|█████████ | 45/50 [00:12<00:01,  4.72it/s]
 92%|█████████▏| 46/50 [00:13<00:00,  4.69it/s]
 94%|█████████▍| 47/50 [00:13<00:00,  4.69it/s]
 96%|█████████▌| 48/50 [00:13<00:00,  4.67it/s]
 98%|█████████▊| 49/50 [00:13<00:00,  4.61it/s]
100%|██████████| 50/50 [00:13<00:00,  4.60it/s]
100%|██████████| 50/50 [00:14<00:00,  3.57it/s]
>>> VALIDATING 


  0%|          | 0/13 [00:00<?, ?it/s]
  8%|▊         | 1/13 [00:01<00:12,  1.04s/it]
 23%|██▎       | 3/13 [00:01<00:03,  3.09it/s]
 38%|███▊      | 5/13 [00:01<00:02,  3.06it/s]
 54%|█████▍    | 7/13 [00:01<00:01,  4.59it/s]
 69%|██████▉   | 9/13 [00:02<00:01,  3.92it/s]
 85%|████████▍ | 11/13 [00:02<00:00,  5.29it/s]
100%|██████████| 13/13 [00:02<00:00,  6.31it/s]
100%|██████████| 13/13 [00:03<00:00,  4.27it/s]
>>> LOGGING 

BALANCED ACCS CHECKED FOR TRAIN
BALANCED ACCS CHECKED FOR VAL
train_acc: 0.7040667361835246
val_acc: 0.7581317764804003
train_cls_loss: 0.5003235138370048
val_cls_loss: 0.47928019736686084
train_total_loss: 0.71605755559968
val_total_loss: 0.47928019736686084
balanced_train_acc: 0.5631356351996284
balanced_val_acc: 0.5597031163116795
Land_on_Land_train_acc: 0.8299028016009148
Land_on_Land_val_acc: 1.0
Land_on_Water_train_acc: 0.7554347826086957
Land_on_Water_val_acc: 0.8326180257510729
Water_on_Land_train_acc: 0.14285714285714285
Water_on_Land_val_acc: 0.007518796992481203
Water_on_Water_train_acc: 0.30842005676442763
Water_on_Water_val_acc: 0.39849624060150374
train_gradcam_clip_vit_loss: 0.2157340363926634
train_acc_Landbird: 0.8261814231395981
train_acc_Waterbird: 0.3000898472596586
val_acc_Landbird: 0.9163987138263665
val_acc_Waterbird: 0.20300751879699247
TRAIN ACC:        0.7040667361835246
VAL ACC:          0.7581317764804003
BALANCED VAL ACC: 0.5597031163116795
prev best list: []
Saving to trained_weights/waterbirds/gradcam_waterbird_complete95_forest2water2_21047520_trial_000/best_balanced_valacc_0.56_epoch_0.ckpt
>>> EVALUATING ON TEST SET
WATERBIRDS DIR: /home/ryreu/guided_cnn/waterbirds/waterbird_complete95_forest2water2
NUMBER OF SAMPLES WITH LABEL Landbird: 4510
NUMBER OF SAMPLES WITH LABEL Waterbird: 1284
NUMBER OF SAMPLES WITH GROUP Land_on_Land: 2255
NUMBER OF SAMPLES WITH GROUP Land_on_Water: 2255
NUMBER OF SAMPLES WITH GROUP Water_on_Land: 642
NUMBER OF SAMPLES WITH GROUP Water_on_Water: 642
NUM TEST:   5794

Loaded checkpoint trained_weights/waterbirds/gradcam_waterbird_complete95_forest2water2_21047520_trial_000/best_balanced_valacc_0.56_epoch_0.ckpt

  0%|          | 0/5794 [00:00<?, ?it/s]
  0%|          | 1/5794 [00:00<25:03,  3.85it/s]
  0%|          | 8/5794 [00:00<03:34, 27.03it/s]
  0%|          | 16/5794 [00:00<02:14, 43.05it/s]
  0%|          | 24/5794 [00:00<01:49, 52.56it/s]
  1%|          | 32/5794 [00:00<01:37, 58.80it/s]
  1%|          | 40/5794 [00:00<01:31, 62.59it/s]
  1%|          | 48/5794 [00:00<01:28, 65.28it/s]
  1%|          | 56/5794 [00:01<01:25, 67.07it/s]
  1%|          | 64/5794 [00:01<01:24, 67.96it/s]
  1%|          | 71/5794 [00:01<01:23, 68.44it/s]
  1%|▏         | 78/5794 [00:01<01:23, 68.84it/s]
  1%|▏         | 86/5794 [00:01<01:22, 69.37it/s]
  2%|▏         | 94/5794 [00:01<01:21, 69.78it/s]
  2%|▏         | 102/5794 [00:01<01:21, 69.97it/s]
  2%|▏         | 110/5794 [00:01<01:21, 69.84it/s]
  2%|▏         | 118/5794 [00:01<01:20, 70.43it/s]
  2%|▏         | 126/5794 [00:02<01:20, 70.66it/s]
  2%|▏         | 134/5794 [00:02<01:19, 71.11it/s]
  2%|▏         | 142/5794 [00:02<01:19, 71.00it/s]
  3%|▎         | 150/5794 [00:02<01:20, 70.27it/s]
  3%|▎         | 158/5794 [00:02<01:19, 70.71it/s]
  3%|▎         | 166/5794 [00:02<01:19, 71.09it/s]
  3%|▎         | 174/5794 [00:02<01:18, 71.23it/s]
  3%|▎         | 182/5794 [00:02<01:18, 71.47it/s]
  3%|▎         | 190/5794 [00:02<01:18, 71.46it/s]
  3%|▎         | 198/5794 [00:03<01:18, 71.59it/s]
  4%|▎         | 206/5794 [00:03<01:17, 71.76it/s]
  4%|▎         | 214/5794 [00:03<01:17, 71.66it/s]
  4%|▍         | 222/5794 [00:03<01:17, 71.80it/s]
  4%|▍         | 230/5794 [00:03<01:17, 71.69it/s]
  4%|▍         | 238/5794 [00:03<01:17, 71.77it/s]
  4%|▍         | 246/5794 [00:03<01:17, 71.72it/s]
  4%|▍         | 254/5794 [00:03<01:17, 71.88it/s]
  5%|▍         | 262/5794 [00:03<01:17, 71.79it/s]
  5%|▍         | 270/5794 [00:04<01:16, 71.99it/s]
  5%|▍         | 278/5794 [00:04<01:16, 71.93it/s]
  5%|▍         | 286/5794 [00:04<01:16, 71.89it/s]
  5%|▌         | 294/5794 [00:04<01:16, 71.90it/s]
  5%|▌         | 302/5794 [00:04<01:16, 71.96it/s]
  5%|▌         | 310/5794 [00:04<01:16, 71.83it/s]
  5%|▌         | 318/5794 [00:04<01:17, 71.06it/s]
  6%|▌         | 326/5794 [00:04<01:16, 71.26it/s]
  6%|▌         | 334/5794 [00:04<01:16, 71.49it/s]
  6%|▌         | 342/5794 [00:05<01:16, 71.58it/s]
  6%|▌         | 350/5794 [00:05<01:16, 71.06it/s]
  6%|▌         | 358/5794 [00:05<01:16, 71.34it/s]
  6%|▋         | 366/5794 [00:05<01:16, 71.38it/s]
  6%|▋         | 374/5794 [00:05<01:15, 71.58it/s]
  7%|▋         | 382/5794 [00:05<01:15, 71.51it/s]
  7%|▋         | 390/5794 [00:05<01:15, 71.59it/s]
  7%|▋         | 398/5794 [00:05<01:15, 71.58it/s]
  7%|▋         | 406/5794 [00:05<01:15, 71.73it/s]
  7%|▋         | 414/5794 [00:06<01:15, 71.42it/s]
  7%|▋         | 422/5794 [00:06<01:14, 71.67it/s]
  7%|▋         | 430/5794 [00:06<01:14, 71.58it/s]
  8%|▊         | 438/5794 [00:06<01:14, 71.66it/s]
  8%|▊         | 446/5794 [00:06<01:14, 71.60it/s]
  8%|▊         | 454/5794 [00:06<01:14, 71.60it/s]
  8%|▊         | 462/5794 [00:06<01:14, 71.59it/s]
  8%|▊         | 470/5794 [00:06<01:14, 71.58it/s]
  8%|▊         | 478/5794 [00:06<01:14, 70.89it/s]
  8%|▊         | 486/5794 [00:07<01:14, 71.18it/s]
  9%|▊         | 494/5794 [00:07<01:14, 71.30it/s]
  9%|▊         | 502/5794 [00:07<01:14, 71.38it/s]
  9%|▉         | 510/5794 [00:07<01:13, 71.60it/s]
  9%|▉         | 518/5794 [00:07<01:13, 71.53it/s]
  9%|▉         | 526/5794 [00:07<01:13, 71.78it/s]
  9%|▉         | 534/5794 [00:07<01:13, 71.36it/s]
  9%|▉         | 542/5794 [00:07<01:14, 70.92it/s]
  9%|▉         | 550/5794 [00:07<01:13, 71.06it/s]
 10%|▉         | 558/5794 [00:08<01:13, 71.37it/s]
 10%|▉         | 566/5794 [00:08<01:13, 71.38it/s]
 10%|▉         | 574/5794 [00:08<01:13, 71.29it/s]
 10%|█         | 582/5794 [00:08<01:12, 71.42it/s]
 10%|█         | 590/5794 [00:08<01:16, 68.44it/s]
 10%|█         | 597/5794 [00:08<01:17, 66.96it/s]
 10%|█         | 604/5794 [00:08<01:19, 65.69it/s]
 11%|█         | 611/5794 [00:08<01:19, 64.98it/s]
 11%|█         | 618/5794 [00:08<01:20, 64.26it/s]
 11%|█         | 625/5794 [00:09<01:20, 64.04it/s]
 11%|█         | 632/5794 [00:09<01:20, 63.73it/s]
 11%|█         | 639/5794 [00:09<01:20, 64.09it/s]
 11%|█         | 647/5794 [00:09<01:17, 66.44it/s]
 11%|█▏        | 655/5794 [00:09<01:15, 68.03it/s]
 11%|█▏        | 663/5794 [00:09<01:14, 69.30it/s]
 12%|█▏        | 670/5794 [00:09<01:13, 69.44it/s]
 12%|█▏        | 677/5794 [00:09<01:16, 67.18it/s]
 12%|█▏        | 684/5794 [00:09<01:17, 65.92it/s]
 12%|█▏        | 691/5794 [00:10<01:18, 65.12it/s]
 12%|█▏        | 698/5794 [00:10<01:18, 64.59it/s]
 12%|█▏        | 705/5794 [00:10<01:19, 63.90it/s]
 12%|█▏        | 712/5794 [00:10<01:19, 63.85it/s]
 12%|█▏        | 719/5794 [00:10<01:19, 63.53it/s]
 13%|█▎        | 726/5794 [00:10<01:19, 63.62it/s]
 13%|█▎        | 733/5794 [00:10<01:19, 63.47it/s]
 13%|█▎        | 740/5794 [00:10<01:19, 63.37it/s]
 13%|█▎        | 747/5794 [00:10<01:19, 63.35it/s]
 13%|█▎        | 754/5794 [00:11<01:19, 63.11it/s]
 13%|█▎        | 761/5794 [00:11<01:19, 63.17it/s]
 13%|█▎        | 768/5794 [00:11<01:19, 63.05it/s]
 13%|█▎        | 775/5794 [00:11<01:20, 62.64it/s]
 13%|█▎        | 782/5794 [00:11<01:19, 62.77it/s]
 14%|█▎        | 789/5794 [00:11<01:20, 62.50it/s]
 14%|█▎        | 796/5794 [00:11<01:19, 62.76it/s]
 14%|█▍        | 803/5794 [00:11<01:19, 62.72it/s]
 14%|█▍        | 810/5794 [00:11<01:19, 62.88it/s]
 14%|█▍        | 817/5794 [00:12<01:17, 64.37it/s]
 14%|█▍        | 825/5794 [00:12<01:14, 66.62it/s]
 14%|█▍        | 833/5794 [00:12<01:12, 68.58it/s]
 15%|█▍        | 841/5794 [00:12<01:11, 69.53it/s]
 15%|█▍        | 849/5794 [00:12<01:10, 70.54it/s]
 15%|█▍        | 857/5794 [00:12<01:09, 71.00it/s]
 15%|█▍        | 865/5794 [00:12<01:08, 71.59it/s]
 15%|█▌        | 873/5794 [00:12<01:10, 69.72it/s]
 15%|█▌        | 880/5794 [00:12<01:12, 68.01it/s]
 15%|█▌        | 887/5794 [00:13<01:13, 66.63it/s]
 15%|█▌        | 894/5794 [00:13<01:14, 65.83it/s]
 16%|█▌        | 901/5794 [00:13<01:13, 66.18it/s]
 16%|█▌        | 909/5794 [00:13<01:12, 67.09it/s]
 16%|█▌        | 916/5794 [00:13<01:12, 67.48it/s]
 16%|█▌        | 924/5794 [00:13<01:11, 68.32it/s]
 16%|█▌        | 932/5794 [00:13<01:10, 69.04it/s]
 16%|█▌        | 940/5794 [00:13<01:09, 69.49it/s]
 16%|█▋        | 948/5794 [00:13<01:09, 69.70it/s]
 16%|█▋        | 955/5794 [00:14<01:09, 69.71it/s]
 17%|█▋        | 963/5794 [00:14<01:09, 69.84it/s]
 17%|█▋        | 971/5794 [00:14<01:08, 69.95it/s]
 17%|█▋        | 978/5794 [00:14<01:08, 69.94it/s]
 17%|█▋        | 986/5794 [00:14<01:08, 70.09it/s]
 17%|█▋        | 994/5794 [00:14<01:10, 67.73it/s]
 17%|█▋        | 1001/5794 [00:14<01:12, 66.17it/s]
 17%|█▋        | 1008/5794 [00:14<01:14, 64.50it/s]
 18%|█▊        | 1015/5794 [00:14<01:14, 63.97it/s]
 18%|█▊        | 1022/5794 [00:15<01:15, 63.62it/s]
 18%|█▊        | 1029/5794 [00:15<01:15, 62.73it/s]
 18%|█▊        | 1036/5794 [00:15<01:15, 62.66it/s]
 18%|█▊        | 1043/5794 [00:15<01:16, 62.44it/s]
 18%|█▊        | 1050/5794 [00:15<01:15, 62.65it/s]
 18%|█▊        | 1057/5794 [00:15<01:15, 62.57it/s]
 18%|█▊        | 1064/5794 [00:15<01:15, 62.82it/s]
 18%|█▊        | 1071/5794 [00:15<01:15, 62.85it/s]
 19%|█▊        | 1078/5794 [00:15<01:15, 62.74it/s]
 19%|█▊        | 1085/5794 [00:16<01:14, 62.80it/s]
 19%|█▉        | 1092/5794 [00:16<01:15, 62.55it/s]
 19%|█▉        | 1099/5794 [00:16<01:14, 62.77it/s]
 19%|█▉        | 1106/5794 [00:16<01:14, 62.89it/s]
 19%|█▉        | 1113/5794 [00:16<01:14, 62.66it/s]
 19%|█▉        | 1120/5794 [00:16<01:14, 62.57it/s]
 19%|█▉        | 1127/5794 [00:16<01:14, 62.45it/s]
 20%|█▉        | 1134/5794 [00:16<01:14, 62.67it/s]
 20%|█▉        | 1141/5794 [00:16<01:14, 62.76it/s]
 20%|█▉        | 1148/5794 [00:17<01:14, 62.65it/s]
 20%|█▉        | 1155/5794 [00:17<01:14, 62.46it/s]
 20%|██        | 1162/5794 [00:17<01:14, 62.43it/s]
 20%|██        | 1169/5794 [00:17<01:13, 62.54it/s]
 20%|██        | 1176/5794 [00:17<01:15, 61.48it/s]
 20%|██        | 1183/5794 [00:17<01:14, 61.91it/s]
 21%|██        | 1190/5794 [00:17<01:14, 62.15it/s]
 21%|██        | 1197/5794 [00:17<01:13, 62.21it/s]
 21%|██        | 1204/5794 [00:17<01:13, 62.39it/s]
 21%|██        | 1211/5794 [00:18<01:12, 63.48it/s]
 21%|██        | 1218/5794 [00:18<01:10, 64.49it/s]
 21%|██        | 1225/5794 [00:18<01:12, 62.65it/s]
 21%|██▏       | 1232/5794 [00:18<01:13, 62.42it/s]
 21%|██▏       | 1239/5794 [00:18<01:12, 62.52it/s]
 22%|██▏       | 1246/5794 [00:18<01:13, 61.92it/s]
 22%|██▏       | 1253/5794 [00:18<01:13, 62.03it/s]
 22%|██▏       | 1260/5794 [00:18<01:13, 62.03it/s]
 22%|██▏       | 1267/5794 [00:19<01:12, 62.04it/s]
 22%|██▏       | 1274/5794 [00:19<01:12, 62.20it/s]
 22%|██▏       | 1281/5794 [00:19<01:12, 62.10it/s]
 22%|██▏       | 1288/5794 [00:19<01:12, 62.20it/s]
 22%|██▏       | 1295/5794 [00:19<01:12, 62.09it/s]
 22%|██▏       | 1302/5794 [00:19<01:12, 62.15it/s]
 23%|██▎       | 1309/5794 [00:19<01:12, 62.28it/s]
 23%|██▎       | 1316/5794 [00:19<01:12, 62.18it/s]
 23%|██▎       | 1323/5794 [00:19<01:11, 62.26it/s]
 23%|██▎       | 1330/5794 [00:20<01:11, 62.26it/s]
 23%|██▎       | 1337/5794 [00:20<01:11, 62.31it/s]
 23%|██▎       | 1344/5794 [00:20<01:11, 62.13it/s]
 23%|██▎       | 1351/5794 [00:20<01:11, 62.10it/s]
 23%|██▎       | 1358/5794 [00:20<01:11, 62.22it/s]
 24%|██▎       | 1365/5794 [00:20<01:11, 62.12it/s]
 24%|██▎       | 1372/5794 [00:20<01:10, 62.35it/s]
 24%|██▍       | 1379/5794 [00:20<01:10, 62.50it/s]
 24%|██▍       | 1386/5794 [00:20<01:10, 62.64it/s]
 24%|██▍       | 1393/5794 [00:21<01:10, 62.83it/s]
 24%|██▍       | 1400/5794 [00:21<01:09, 62.82it/s]
 24%|██▍       | 1408/5794 [00:21<01:07, 65.13it/s]
 24%|██▍       | 1416/5794 [00:21<01:05, 67.01it/s]
 25%|██▍       | 1424/5794 [00:21<01:03, 68.73it/s]
 25%|██▍       | 1432/5794 [00:21<01:02, 69.53it/s]
 25%|██▍       | 1440/5794 [00:21<01:02, 69.78it/s]
 25%|██▍       | 1447/5794 [00:21<01:02, 69.09it/s]
 25%|██▌       | 1454/5794 [00:21<01:04, 67.11it/s]
 25%|██▌       | 1461/5794 [00:22<01:06, 65.55it/s]
 25%|██▌       | 1468/5794 [00:22<01:06, 64.61it/s]
 25%|██▌       | 1475/5794 [00:22<01:06, 65.02it/s]
 26%|██▌       | 1483/5794 [00:22<01:04, 67.06it/s]
 26%|██▌       | 1491/5794 [00:22<01:02, 68.66it/s]
 26%|██▌       | 1499/5794 [00:22<01:02, 69.25it/s]
 26%|██▌       | 1507/5794 [00:22<01:01, 70.17it/s]
 26%|██▌       | 1515/5794 [00:22<01:00, 70.87it/s]
 26%|██▋       | 1523/5794 [00:22<01:00, 70.91it/s]
 26%|██▋       | 1531/5794 [00:23<00:59, 71.33it/s]
 27%|██▋       | 1539/5794 [00:23<01:00, 70.21it/s]
 27%|██▋       | 1547/5794 [00:23<01:02, 67.88it/s]
 27%|██▋       | 1554/5794 [00:23<01:04, 66.22it/s]
 27%|██▋       | 1561/5794 [00:23<01:04, 65.21it/s]
 27%|██▋       | 1568/5794 [00:23<01:05, 64.38it/s]
 27%|██▋       | 1575/5794 [00:23<01:05, 63.98it/s]
 27%|██▋       | 1582/5794 [00:23<01:06, 63.58it/s]
 27%|██▋       | 1589/5794 [00:23<01:06, 63.33it/s]
 28%|██▊       | 1596/5794 [00:24<01:06, 63.29it/s]
 28%|██▊       | 1603/5794 [00:24<01:06, 63.08it/s]
 28%|██▊       | 1610/5794 [00:24<01:06, 62.98it/s]
 28%|██▊       | 1617/5794 [00:24<01:06, 63.07it/s]
 28%|██▊       | 1624/5794 [00:24<01:06, 62.84it/s]
 28%|██▊       | 1631/5794 [00:24<01:06, 62.86it/s]
 28%|██▊       | 1638/5794 [00:24<01:06, 62.61it/s]
 28%|██▊       | 1645/5794 [00:24<01:06, 62.78it/s]
 29%|██▊       | 1652/5794 [00:24<01:06, 62.67it/s]
 29%|██▊       | 1659/5794 [00:25<01:05, 62.85it/s]
 29%|██▉       | 1666/5794 [00:25<01:05, 62.83it/s]
 29%|██▉       | 1673/5794 [00:25<01:04, 64.00it/s]
 29%|██▉       | 1681/5794 [00:25<01:01, 66.65it/s]
 29%|██▉       | 1689/5794 [00:25<01:00, 68.06it/s]
 29%|██▉       | 1697/5794 [00:25<00:59, 69.03it/s]
 29%|██▉       | 1705/5794 [00:25<00:58, 69.93it/s]
 30%|██▉       | 1713/5794 [00:25<00:57, 70.62it/s]
 30%|██▉       | 1721/5794 [00:25<00:58, 69.24it/s]
 30%|██▉       | 1728/5794 [00:26<01:00, 67.37it/s]
 30%|██▉       | 1735/5794 [00:26<01:01, 65.98it/s]
 30%|███       | 1742/5794 [00:26<01:02, 64.90it/s]
 30%|███       | 1749/5794 [00:26<01:02, 64.39it/s]
 30%|███       | 1756/5794 [00:26<01:03, 63.70it/s]
 30%|███       | 1763/5794 [00:26<01:03, 63.33it/s]
 31%|███       | 1770/5794 [00:26<01:03, 62.96it/s]
 31%|███       | 1777/5794 [00:26<01:03, 62.92it/s]
 31%|███       | 1784/5794 [00:26<01:03, 62.91it/s]
 31%|███       | 1791/5794 [00:27<01:03, 62.88it/s]
 31%|███       | 1798/5794 [00:27<01:03, 62.88it/s]
 31%|███       | 1805/5794 [00:27<01:03, 62.69it/s]
 31%|███▏      | 1812/5794 [00:27<01:03, 62.88it/s]
 31%|███▏      | 1819/5794 [00:27<01:03, 62.99it/s]
 32%|███▏      | 1826/5794 [00:27<01:03, 62.75it/s]
 32%|███▏      | 1833/5794 [00:27<01:03, 62.79it/s]
 32%|███▏      | 1840/5794 [00:27<01:03, 62.68it/s]
 32%|███▏      | 1847/5794 [00:27<01:02, 62.79it/s]
 32%|███▏      | 1854/5794 [00:28<01:03, 62.07it/s]
 32%|███▏      | 1861/5794 [00:28<01:03, 62.14it/s]
 32%|███▏      | 1868/5794 [00:28<01:02, 62.44it/s]
 32%|███▏      | 1875/5794 [00:28<01:02, 62.41it/s]
 32%|███▏      | 1882/5794 [00:28<01:02, 62.55it/s]
 33%|███▎      | 1889/5794 [00:28<01:02, 62.57it/s]
 33%|███▎      | 1896/5794 [00:28<01:02, 62.61it/s]
 33%|███▎      | 1903/5794 [00:28<01:02, 62.57it/s]
 33%|███▎      | 1910/5794 [00:28<01:02, 62.53it/s]
 33%|███▎      | 1917/5794 [00:29<01:01, 62.59it/s]
 33%|███▎      | 1924/5794 [00:29<01:01, 62.44it/s]
 33%|███▎      | 1931/5794 [00:29<01:01, 62.47it/s]
 33%|███▎      | 1938/5794 [00:29<01:01, 62.58it/s]
 34%|███▎      | 1945/5794 [00:29<01:01, 62.62it/s]
 34%|███▎      | 1952/5794 [00:29<01:01, 62.77it/s]
 34%|███▍      | 1959/5794 [00:29<01:01, 62.63it/s]
 34%|███▍      | 1966/5794 [00:29<01:01, 62.69it/s]
 34%|███▍      | 1973/5794 [00:29<01:00, 62.74it/s]
 34%|███▍      | 1980/5794 [00:30<01:00, 62.80it/s]
 34%|███▍      | 1987/5794 [00:30<01:00, 62.99it/s]
 34%|███▍      | 1994/5794 [00:30<01:00, 62.77it/s]
 35%|███▍      | 2001/5794 [00:30<01:00, 62.89it/s]
 35%|███▍      | 2008/5794 [00:30<01:00, 62.57it/s]
 35%|███▍      | 2015/5794 [00:30<01:00, 62.55it/s]
 35%|███▍      | 2022/5794 [00:30<01:00, 62.74it/s]
 35%|███▌      | 2029/5794 [00:30<01:00, 62.53it/s]
 35%|███▌      | 2036/5794 [00:30<00:59, 62.69it/s]
 35%|███▌      | 2043/5794 [00:31<00:59, 62.67it/s]
 35%|███▌      | 2050/5794 [00:31<00:59, 62.79it/s]
 36%|███▌      | 2057/5794 [00:31<00:59, 62.79it/s]
 36%|███▌      | 2064/5794 [00:31<00:59, 62.65it/s]
 36%|███▌      | 2071/5794 [00:31<00:59, 62.67it/s]
 36%|███▌      | 2078/5794 [00:31<00:59, 62.37it/s]
 36%|███▌      | 2085/5794 [00:31<00:59, 62.22it/s]
 36%|███▌      | 2092/5794 [00:31<00:58, 63.38it/s]
 36%|███▌      | 2100/5794 [00:31<00:56, 65.83it/s]
 36%|███▋      | 2108/5794 [00:32<00:54, 67.87it/s]
 37%|███▋      | 2116/5794 [00:32<00:53, 69.21it/s]
 37%|███▋      | 2124/5794 [00:32<00:52, 70.31it/s]
 37%|███▋      | 2132/5794 [00:32<00:51, 70.86it/s]
 37%|███▋      | 2140/5794 [00:32<00:51, 71.37it/s]
 37%|███▋      | 2148/5794 [00:32<00:50, 71.71it/s]
 37%|███▋      | 2156/5794 [00:32<00:50, 72.07it/s]
 37%|███▋      | 2164/5794 [00:32<00:50, 72.06it/s]
 37%|███▋      | 2172/5794 [00:32<00:50, 72.40it/s]
 38%|███▊      | 2180/5794 [00:33<00:49, 72.40it/s]
 38%|███▊      | 2188/5794 [00:33<00:50, 71.86it/s]
 38%|███▊      | 2196/5794 [00:33<00:49, 72.02it/s]
 38%|███▊      | 2204/5794 [00:33<00:49, 72.29it/s]
 38%|███▊      | 2212/5794 [00:33<00:49, 72.49it/s]
 38%|███▊      | 2220/5794 [00:33<00:49, 71.49it/s]
 38%|███▊      | 2228/5794 [00:33<00:51, 68.92it/s]
 39%|███▊      | 2235/5794 [00:33<00:53, 66.35it/s]
 39%|███▊      | 2242/5794 [00:33<00:54, 65.61it/s]
 39%|███▉      | 2249/5794 [00:34<00:54, 64.90it/s]
 39%|███▉      | 2256/5794 [00:34<00:54, 64.45it/s]
 39%|███▉      | 2263/5794 [00:34<00:55, 64.11it/s]
 39%|███▉      | 2270/5794 [00:34<00:55, 63.96it/s]
 39%|███▉      | 2277/5794 [00:34<00:55, 63.78it/s]
 39%|███▉      | 2284/5794 [00:34<00:55, 63.65it/s]
 40%|███▉      | 2292/5794 [00:34<00:52, 66.52it/s]
 40%|███▉      | 2300/5794 [00:34<00:51, 68.28it/s]
 40%|███▉      | 2308/5794 [00:34<00:50, 69.66it/s]
 40%|███▉      | 2316/5794 [00:35<00:49, 70.49it/s]
 40%|████      | 2324/5794 [00:35<00:48, 71.07it/s]
 40%|████      | 2332/5794 [00:35<00:48, 71.23it/s]
 40%|████      | 2340/5794 [00:35<00:48, 71.56it/s]
 41%|████      | 2348/5794 [00:35<00:47, 71.80it/s]
 41%|████      | 2356/5794 [00:35<00:47, 72.04it/s]
 41%|████      | 2364/5794 [00:35<00:47, 72.04it/s]
 41%|████      | 2372/5794 [00:35<00:47, 72.13it/s]
 41%|████      | 2380/5794 [00:35<00:47, 72.30it/s]
 41%|████      | 2388/5794 [00:36<00:47, 72.24it/s]
 41%|████▏     | 2396/5794 [00:36<00:46, 72.49it/s]
 41%|████▏     | 2404/5794 [00:36<00:46, 72.40it/s]
 42%|████▏     | 2412/5794 [00:36<00:46, 72.47it/s]
 42%|████▏     | 2420/5794 [00:36<00:47, 71.64it/s]
 42%|████▏     | 2428/5794 [00:36<00:49, 68.60it/s]
 42%|████▏     | 2435/5794 [00:36<00:50, 66.91it/s]
 42%|████▏     | 2442/5794 [00:36<00:50, 66.03it/s]
 42%|████▏     | 2449/5794 [00:36<00:51, 65.37it/s]
 42%|████▏     | 2456/5794 [00:37<00:51, 64.71it/s]
 43%|████▎     | 2463/5794 [00:37<00:51, 64.47it/s]
 43%|████▎     | 2470/5794 [00:37<00:51, 64.11it/s]
 43%|████▎     | 2477/5794 [00:37<00:51, 63.93it/s]
 43%|████▎     | 2484/5794 [00:37<00:51, 63.79it/s]
 43%|████▎     | 2491/5794 [00:37<00:51, 63.60it/s]
 43%|████▎     | 2498/5794 [00:37<00:51, 63.62it/s]
 43%|████▎     | 2505/5794 [00:37<00:51, 63.31it/s]
 43%|████▎     | 2512/5794 [00:37<00:51, 63.21it/s]
 43%|████▎     | 2519/5794 [00:38<00:51, 63.21it/s]
 44%|████▎     | 2526/5794 [00:38<00:51, 63.39it/s]
 44%|████▎     | 2533/5794 [00:38<00:51, 63.33it/s]
 44%|████▍     | 2540/5794 [00:38<00:52, 62.56it/s]
 44%|████▍     | 2547/5794 [00:38<00:51, 62.85it/s]
 44%|████▍     | 2554/5794 [00:38<00:51, 62.97it/s]
 44%|████▍     | 2561/5794 [00:38<00:51, 63.12it/s]
 44%|████▍     | 2568/5794 [00:38<00:51, 63.09it/s]
 44%|████▍     | 2575/5794 [00:38<00:50, 63.13it/s]
 45%|████▍     | 2582/5794 [00:39<00:50, 63.29it/s]
 45%|████▍     | 2589/5794 [00:39<00:50, 63.25it/s]
 45%|████▍     | 2596/5794 [00:39<00:50, 63.39it/s]
 45%|████▍     | 2603/5794 [00:39<00:50, 63.36it/s]
 45%|████▌     | 2610/5794 [00:39<00:50, 63.41it/s]
 45%|████▌     | 2618/5794 [00:39<00:48, 65.79it/s]
 45%|████▌     | 2626/5794 [00:39<00:46, 67.70it/s]
 45%|████▌     | 2634/5794 [00:39<00:45, 69.23it/s]
 46%|████▌     | 2642/5794 [00:39<00:44, 70.14it/s]
 46%|████▌     | 2650/5794 [00:40<00:44, 70.79it/s]
 46%|████▌     | 2658/5794 [00:40<00:44, 70.43it/s]
 46%|████▌     | 2666/5794 [00:40<00:44, 70.98it/s]
 46%|████▌     | 2674/5794 [00:40<00:43, 71.34it/s]
 46%|████▋     | 2682/5794 [00:40<00:43, 71.80it/s]
 46%|████▋     | 2690/5794 [00:40<00:43, 71.99it/s]
 47%|████▋     | 2698/5794 [00:40<00:42, 72.20it/s]
 47%|████▋     | 2706/5794 [00:40<00:42, 72.31it/s]
 47%|████▋     | 2714/5794 [00:40<00:42, 72.38it/s]
 47%|████▋     | 2722/5794 [00:41<00:42, 72.62it/s]
 47%|████▋     | 2730/5794 [00:41<00:42, 72.58it/s]
 47%|████▋     | 2738/5794 [00:41<00:42, 72.60it/s]
 47%|████▋     | 2746/5794 [00:41<00:41, 72.59it/s]
 48%|████▊     | 2754/5794 [00:41<00:41, 72.67it/s]
 48%|████▊     | 2762/5794 [00:41<00:41, 72.34it/s]
 48%|████▊     | 2770/5794 [00:41<00:41, 72.21it/s]
 48%|████▊     | 2778/5794 [00:41<00:41, 72.25it/s]
 48%|████▊     | 2786/5794 [00:41<00:41, 72.48it/s]
 48%|████▊     | 2794/5794 [00:42<00:41, 72.45it/s]
 48%|████▊     | 2802/5794 [00:42<00:41, 72.52it/s]
 48%|████▊     | 2810/5794 [00:42<00:41, 72.53it/s]
 49%|████▊     | 2818/5794 [00:42<00:40, 72.59it/s]
 49%|████▉     | 2826/5794 [00:42<00:42, 70.07it/s]
 49%|████▉     | 2834/5794 [00:42<00:43, 68.03it/s]
 49%|████▉     | 2841/5794 [00:42<00:44, 66.71it/s]
 49%|████▉     | 2848/5794 [00:42<00:44, 65.61it/s]
 49%|████▉     | 2855/5794 [00:42<00:45, 65.04it/s]
 49%|████▉     | 2862/5794 [00:43<00:45, 64.48it/s]
 50%|████▉     | 2869/5794 [00:43<00:45, 64.30it/s]
 50%|████▉     | 2876/5794 [00:43<00:45, 64.82it/s]
 50%|████▉     | 2884/5794 [00:43<00:43, 66.82it/s]
 50%|████▉     | 2892/5794 [00:43<00:42, 68.05it/s]
 50%|█████     | 2900/5794 [00:43<00:42, 68.84it/s]
 50%|█████     | 2908/5794 [00:43<00:41, 69.44it/s]
 50%|█████     | 2916/5794 [00:43<00:41, 69.12it/s]
 50%|█████     | 2924/5794 [00:44<00:41, 69.77it/s]
 51%|█████     | 2932/5794 [00:44<00:40, 70.05it/s]
 51%|█████     | 2940/5794 [00:44<00:40, 70.38it/s]
 51%|█████     | 2948/5794 [00:44<00:40, 70.51it/s]
 51%|█████     | 2956/5794 [00:44<00:40, 70.64it/s]
 51%|█████     | 2964/5794 [00:44<00:40, 70.63it/s]
 51%|█████▏    | 2972/5794 [00:44<00:39, 70.91it/s]
 51%|█████▏    | 2980/5794 [00:44<00:39, 70.75it/s]
 52%|█████▏    | 2988/5794 [00:44<00:39, 70.92it/s]
 52%|█████▏    | 2996/5794 [00:45<00:39, 70.87it/s]
 52%|█████▏    | 3004/5794 [00:45<00:39, 70.90it/s]
 52%|█████▏    | 3012/5794 [00:45<00:39, 70.82it/s]
 52%|█████▏    | 3020/5794 [00:45<00:39, 70.97it/s]
 52%|█████▏    | 3028/5794 [00:45<00:38, 71.03it/s]
 52%|█████▏    | 3036/5794 [00:45<00:38, 71.00it/s]
 53%|█████▎    | 3044/5794 [00:45<00:38, 71.02it/s]
 53%|█████▎    | 3052/5794 [00:45<00:38, 71.01it/s]
 53%|█████▎    | 3060/5794 [00:45<00:38, 71.16it/s]
 53%|█████▎    | 3068/5794 [00:46<00:38, 71.01it/s]
 53%|█████▎    | 3076/5794 [00:46<00:38, 71.06it/s]
 53%|█████▎    | 3084/5794 [00:46<00:38, 70.09it/s]
 53%|█████▎    | 3092/5794 [00:46<00:38, 70.39it/s]
 54%|█████▎    | 3100/5794 [00:46<00:38, 70.39it/s]
 54%|█████▎    | 3108/5794 [00:46<00:38, 70.16it/s]
 54%|█████▍    | 3116/5794 [00:46<00:38, 69.99it/s]
 54%|█████▍    | 3123/5794 [00:46<00:38, 69.91it/s]
 54%|█████▍    | 3130/5794 [00:46<00:38, 69.88it/s]
 54%|█████▍    | 3137/5794 [00:47<00:38, 69.80it/s]
 54%|█████▍    | 3144/5794 [00:47<00:37, 69.80it/s]
 54%|█████▍    | 3151/5794 [00:47<00:37, 69.68it/s]
 55%|█████▍    | 3159/5794 [00:47<00:37, 69.90it/s]
 55%|█████▍    | 3166/5794 [00:47<00:37, 69.79it/s]
 55%|█████▍    | 3174/5794 [00:47<00:37, 69.84it/s]
 55%|█████▍    | 3182/5794 [00:47<00:37, 70.08it/s]
 55%|█████▌    | 3190/5794 [00:47<00:37, 70.32it/s]
 55%|█████▌    | 3198/5794 [00:47<00:36, 70.82it/s]
 55%|█████▌    | 3206/5794 [00:48<00:36, 70.92it/s]
 55%|█████▌    | 3214/5794 [00:48<00:36, 70.95it/s]
 56%|█████▌    | 3222/5794 [00:48<00:36, 70.77it/s]
 56%|█████▌    | 3230/5794 [00:48<00:37, 67.66it/s]
 56%|█████▌    | 3237/5794 [00:48<00:38, 66.09it/s]
 56%|█████▌    | 3244/5794 [00:48<00:39, 64.93it/s]
 56%|█████▌    | 3251/5794 [00:48<00:40, 63.21it/s]
 56%|█████▌    | 3258/5794 [00:48<00:40, 63.04it/s]
 56%|█████▋    | 3265/5794 [00:48<00:40, 62.90it/s]
 56%|█████▋    | 3272/5794 [00:49<00:40, 62.55it/s]
 57%|█████▋    | 3279/5794 [00:49<00:40, 62.70it/s]
 57%|█████▋    | 3286/5794 [00:49<00:40, 62.38it/s]
 57%|█████▋    | 3293/5794 [00:49<00:40, 62.42it/s]
 57%|█████▋    | 3300/5794 [00:49<00:39, 62.43it/s]
 57%|█████▋    | 3307/5794 [00:49<00:39, 62.34it/s]
 57%|█████▋    | 3314/5794 [00:49<00:39, 62.27it/s]
 57%|█████▋    | 3321/5794 [00:49<00:39, 62.21it/s]
 57%|█████▋    | 3328/5794 [00:49<00:39, 62.24it/s]
 58%|█████▊    | 3335/5794 [00:50<00:39, 62.26it/s]
 58%|█████▊    | 3342/5794 [00:50<00:39, 62.39it/s]
 58%|█████▊    | 3349/5794 [00:50<00:39, 61.82it/s]
 58%|█████▊    | 3356/5794 [00:50<00:39, 61.86it/s]
 58%|█████▊    | 3363/5794 [00:50<00:39, 61.96it/s]
 58%|█████▊    | 3370/5794 [00:50<00:39, 61.78it/s]
 58%|█████▊    | 3377/5794 [00:50<00:38, 62.12it/s]
 58%|█████▊    | 3384/5794 [00:50<00:38, 62.49it/s]
 59%|█████▊    | 3391/5794 [00:50<00:38, 62.69it/s]
 59%|█████▊    | 3398/5794 [00:51<00:38, 62.79it/s]
 59%|█████▉    | 3405/5794 [00:51<00:37, 64.03it/s]
 59%|█████▉    | 3413/5794 [00:51<00:36, 65.90it/s]
 59%|█████▉    | 3421/5794 [00:51<00:35, 67.17it/s]
 59%|█████▉    | 3429/5794 [00:51<00:34, 68.27it/s]
 59%|█████▉    | 3436/5794 [00:51<00:34, 68.72it/s]
 59%|█████▉    | 3443/5794 [00:51<00:34, 68.75it/s]
 60%|█████▉    | 3451/5794 [00:51<00:33, 69.28it/s]
 60%|█████▉    | 3458/5794 [00:51<00:33, 69.39it/s]
 60%|█████▉    | 3466/5794 [00:52<00:33, 69.73it/s]
 60%|█████▉    | 3474/5794 [00:52<00:33, 69.89it/s]
 60%|██████    | 3482/5794 [00:52<00:32, 70.14it/s]
 60%|██████    | 3490/5794 [00:52<00:32, 70.10it/s]
 60%|██████    | 3498/5794 [00:52<00:32, 70.41it/s]
 61%|██████    | 3506/5794 [00:52<00:32, 69.49it/s]
 61%|██████    | 3514/5794 [00:52<00:32, 69.96it/s]
 61%|██████    | 3522/5794 [00:52<00:32, 70.00it/s]
 61%|██████    | 3530/5794 [00:52<00:32, 70.08it/s]
 61%|██████    | 3538/5794 [00:53<00:32, 70.26it/s]
 61%|██████    | 3546/5794 [00:53<00:33, 67.72it/s]
 61%|██████▏   | 3553/5794 [00:53<00:33, 66.35it/s]
 61%|██████▏   | 3560/5794 [00:53<00:34, 65.31it/s]
 62%|██████▏   | 3567/5794 [00:53<00:34, 64.71it/s]
 62%|██████▏   | 3574/5794 [00:53<00:34, 63.80it/s]
 62%|██████▏   | 3581/5794 [00:53<00:34, 63.68it/s]
 62%|██████▏   | 3588/5794 [00:53<00:34, 63.42it/s]
 62%|██████▏   | 3595/5794 [00:53<00:34, 63.22it/s]
 62%|██████▏   | 3602/5794 [00:54<00:34, 63.13it/s]
 62%|██████▏   | 3609/5794 [00:54<00:34, 63.07it/s]
 62%|██████▏   | 3616/5794 [00:54<00:34, 63.17it/s]
 63%|██████▎   | 3623/5794 [00:54<00:34, 63.23it/s]
 63%|██████▎   | 3630/5794 [00:54<00:34, 63.61it/s]
 63%|██████▎   | 3638/5794 [00:54<00:32, 65.85it/s]
 63%|██████▎   | 3645/5794 [00:54<00:32, 66.89it/s]
 63%|██████▎   | 3653/5794 [00:54<00:31, 68.12it/s]
 63%|██████▎   | 3661/5794 [00:54<00:30, 68.88it/s]
 63%|██████▎   | 3669/5794 [00:55<00:30, 69.32it/s]
 63%|██████▎   | 3677/5794 [00:55<00:30, 69.73it/s]
 64%|██████▎   | 3685/5794 [00:55<00:30, 70.03it/s]
 64%|██████▎   | 3693/5794 [00:55<00:29, 70.08it/s]
 64%|██████▍   | 3701/5794 [00:55<00:29, 70.42it/s]
 64%|██████▍   | 3709/5794 [00:55<00:29, 70.46it/s]
 64%|██████▍   | 3717/5794 [00:55<00:29, 70.55it/s]
 64%|██████▍   | 3725/5794 [00:55<00:29, 70.72it/s]
 64%|██████▍   | 3733/5794 [00:55<00:29, 70.64it/s]
 65%|██████▍   | 3741/5794 [00:56<00:29, 70.68it/s]
 65%|██████▍   | 3749/5794 [00:56<00:28, 70.55it/s]
 65%|██████▍   | 3757/5794 [00:56<00:29, 69.85it/s]
 65%|██████▍   | 3765/5794 [00:56<00:28, 70.21it/s]
 65%|██████▌   | 3773/5794 [00:56<00:28, 70.46it/s]
 65%|██████▌   | 3781/5794 [00:56<00:28, 70.22it/s]
 65%|██████▌   | 3789/5794 [00:56<00:28, 70.18it/s]
 66%|██████▌   | 3797/5794 [00:56<00:28, 70.32it/s]
 66%|██████▌   | 3805/5794 [00:57<00:28, 70.37it/s]
 66%|██████▌   | 3813/5794 [00:57<00:28, 70.46it/s]
 66%|██████▌   | 3821/5794 [00:57<00:27, 70.57it/s]
 66%|██████▌   | 3829/5794 [00:57<00:27, 70.71it/s]
 66%|██████▌   | 3837/5794 [00:57<00:27, 70.88it/s]
 66%|██████▋   | 3845/5794 [00:57<00:27, 70.52it/s]
 66%|██████▋   | 3853/5794 [00:57<00:27, 70.83it/s]
 67%|██████▋   | 3861/5794 [00:57<00:27, 71.14it/s]
 67%|██████▋   | 3869/5794 [00:57<00:27, 71.06it/s]
 67%|██████▋   | 3877/5794 [00:58<00:26, 71.08it/s]
 67%|██████▋   | 3885/5794 [00:58<00:26, 71.02it/s]
 67%|██████▋   | 3893/5794 [00:58<00:26, 71.18it/s]
 67%|██████▋   | 3901/5794 [00:58<00:26, 71.08it/s]
 67%|██████▋   | 3909/5794 [00:58<00:26, 70.36it/s]
 68%|██████▊   | 3917/5794 [00:58<00:26, 70.45it/s]
 68%|██████▊   | 3925/5794 [00:58<00:26, 70.72it/s]
 68%|██████▊   | 3933/5794 [00:58<00:26, 70.79it/s]
 68%|██████▊   | 3941/5794 [00:58<00:26, 71.03it/s]
 68%|██████▊   | 3949/5794 [00:59<00:26, 70.94it/s]
 68%|██████▊   | 3957/5794 [00:59<00:25, 71.21it/s]
 68%|██████▊   | 3965/5794 [00:59<00:25, 71.04it/s]
 69%|██████▊   | 3973/5794 [00:59<00:25, 71.23it/s]
 69%|██████▊   | 3981/5794 [00:59<00:25, 70.78it/s]
 69%|██████▉   | 3989/5794 [00:59<00:26, 68.55it/s]
 69%|██████▉   | 3996/5794 [00:59<00:26, 67.12it/s]
 69%|██████▉   | 4003/5794 [00:59<00:27, 66.07it/s]
 69%|██████▉   | 4010/5794 [00:59<00:27, 65.42it/s]
 69%|██████▉   | 4017/5794 [01:00<00:27, 64.81it/s]
 69%|██████▉   | 4024/5794 [01:00<00:27, 64.51it/s]
 70%|██████▉   | 4031/5794 [01:00<00:27, 63.99it/s]
 70%|██████▉   | 4038/5794 [01:00<00:27, 64.58it/s]
 70%|██████▉   | 4045/5794 [01:00<00:26, 66.03it/s]
 70%|██████▉   | 4052/5794 [01:00<00:25, 67.16it/s]
 70%|███████   | 4059/5794 [01:00<00:25, 67.81it/s]
 70%|███████   | 4066/5794 [01:00<00:26, 66.29it/s]
 70%|███████   | 4073/5794 [01:00<00:26, 65.41it/s]
 70%|███████   | 4080/5794 [01:01<00:26, 64.87it/s]
 71%|███████   | 4087/5794 [01:01<00:26, 64.31it/s]
 71%|███████   | 4094/5794 [01:01<00:26, 64.02it/s]
 71%|███████   | 4101/5794 [01:01<00:26, 63.46it/s]
 71%|███████   | 4108/5794 [01:01<00:26, 63.34it/s]
 71%|███████   | 4115/5794 [01:01<00:26, 63.32it/s]
 71%|███████   | 4122/5794 [01:01<00:26, 62.75it/s]
 71%|███████▏  | 4129/5794 [01:01<00:26, 62.68it/s]
 71%|███████▏  | 4136/5794 [01:01<00:26, 62.72it/s]
 72%|███████▏  | 4143/5794 [01:02<00:26, 62.87it/s]
 72%|███████▏  | 4150/5794 [01:02<00:26, 62.94it/s]
 72%|███████▏  | 4157/5794 [01:02<00:25, 63.02it/s]
 72%|███████▏  | 4165/5794 [01:02<00:24, 65.18it/s]
 72%|███████▏  | 4173/5794 [01:02<00:24, 66.69it/s]
 72%|███████▏  | 4181/5794 [01:02<00:23, 67.89it/s]
 72%|███████▏  | 4188/5794 [01:02<00:23, 68.46it/s]
 72%|███████▏  | 4196/5794 [01:02<00:23, 69.11it/s]
 73%|███████▎  | 4204/5794 [01:02<00:22, 69.56it/s]
 73%|███████▎  | 4212/5794 [01:03<00:22, 69.84it/s]
 73%|███████▎  | 4219/5794 [01:03<00:22, 69.84it/s]
 73%|███████▎  | 4227/5794 [01:03<00:22, 70.05it/s]
 73%|███████▎  | 4235/5794 [01:03<00:22, 69.41it/s]
 73%|███████▎  | 4242/5794 [01:03<00:22, 69.56it/s]
 73%|███████▎  | 4250/5794 [01:03<00:22, 69.91it/s]
 73%|███████▎  | 4257/5794 [01:03<00:22, 69.66it/s]
 74%|███████▎  | 4265/5794 [01:03<00:21, 69.98it/s]
 74%|███████▎  | 4272/5794 [01:03<00:21, 69.78it/s]
 74%|███████▍  | 4280/5794 [01:03<00:21, 70.18it/s]
 74%|███████▍  | 4288/5794 [01:04<00:21, 70.23it/s]
 74%|███████▍  | 4296/5794 [01:04<00:21, 70.13it/s]
 74%|███████▍  | 4304/5794 [01:04<00:21, 70.25it/s]
 74%|███████▍  | 4312/5794 [01:04<00:21, 70.31it/s]
 75%|███████▍  | 4320/5794 [01:04<00:20, 70.46it/s]
 75%|███████▍  | 4328/5794 [01:04<00:20, 70.38it/s]
 75%|███████▍  | 4336/5794 [01:04<00:20, 70.41it/s]
 75%|███████▍  | 4344/5794 [01:04<00:20, 70.26it/s]
 75%|███████▌  | 4352/5794 [01:05<00:20, 70.45it/s]
 75%|███████▌  | 4360/5794 [01:05<00:20, 70.40it/s]
 75%|███████▌  | 4368/5794 [01:05<00:20, 70.42it/s]
 76%|███████▌  | 4376/5794 [01:05<00:20, 70.38it/s]
 76%|███████▌  | 4384/5794 [01:05<00:20, 69.80it/s]
 76%|███████▌  | 4392/5794 [01:05<00:20, 69.96it/s]
 76%|███████▌  | 4400/5794 [01:05<00:19, 70.18it/s]
 76%|███████▌  | 4408/5794 [01:05<00:19, 70.03it/s]
 76%|███████▌  | 4416/5794 [01:05<00:19, 70.07it/s]
 76%|███████▋  | 4424/5794 [01:06<00:19, 69.95it/s]
 76%|███████▋  | 4432/5794 [01:06<00:19, 70.10it/s]
 77%|███████▋  | 4440/5794 [01:06<00:19, 69.91it/s]
 77%|███████▋  | 4447/5794 [01:06<00:19, 69.90it/s]
 77%|███████▋  | 4455/5794 [01:06<00:19, 70.04it/s]
 77%|███████▋  | 4463/5794 [01:06<00:19, 69.73it/s]
 77%|███████▋  | 4470/5794 [01:06<00:19, 69.46it/s]
 77%|███████▋  | 4477/5794 [01:06<00:19, 69.31it/s]
 77%|███████▋  | 4485/5794 [01:06<00:18, 69.73it/s]
 78%|███████▊  | 4493/5794 [01:07<00:18, 69.83it/s]
 78%|███████▊  | 4501/5794 [01:07<00:18, 70.03it/s]
 78%|███████▊  | 4509/5794 [01:07<00:18, 70.08it/s]
 78%|███████▊  | 4517/5794 [01:07<00:18, 70.31it/s]
 78%|███████▊  | 4525/5794 [01:07<00:18, 70.30it/s]
 78%|███████▊  | 4533/5794 [01:07<00:17, 70.42it/s]
 78%|███████▊  | 4541/5794 [01:07<00:17, 70.46it/s]
 79%|███████▊  | 4549/5794 [01:07<00:17, 70.53it/s]
 79%|███████▊  | 4557/5794 [01:07<00:17, 70.44it/s]
 79%|███████▉  | 4565/5794 [01:08<00:17, 68.81it/s]
 79%|███████▉  | 4572/5794 [01:08<00:18, 67.15it/s]
 79%|███████▉  | 4579/5794 [01:08<00:18, 65.14it/s]
 79%|███████▉  | 4586/5794 [01:08<00:18, 64.70it/s]
 79%|███████▉  | 4593/5794 [01:08<00:18, 64.05it/s]
 79%|███████▉  | 4600/5794 [01:08<00:18, 63.85it/s]
 80%|███████▉  | 4607/5794 [01:08<00:18, 63.64it/s]
 80%|███████▉  | 4614/5794 [01:08<00:18, 63.39it/s]
 80%|███████▉  | 4621/5794 [01:08<00:18, 63.40it/s]
 80%|███████▉  | 4628/5794 [01:09<00:18, 63.17it/s]
 80%|███████▉  | 4635/5794 [01:09<00:18, 63.05it/s]
 80%|████████  | 4642/5794 [01:09<00:18, 63.05it/s]
 80%|████████  | 4649/5794 [01:09<00:18, 63.03it/s]
 80%|████████  | 4656/5794 [01:09<00:18, 63.07it/s]
 80%|████████  | 4663/5794 [01:09<00:17, 63.05it/s]
 81%|████████  | 4670/5794 [01:09<00:17, 63.15it/s]
 81%|████████  | 4677/5794 [01:09<00:17, 63.08it/s]
 81%|████████  | 4684/5794 [01:09<00:17, 63.06it/s]
 81%|████████  | 4691/5794 [01:10<00:17, 63.14it/s]
 81%|████████  | 4698/5794 [01:10<00:17, 63.02it/s]
 81%|████████  | 4705/5794 [01:10<00:17, 62.96it/s]
 81%|████████▏ | 4712/5794 [01:10<00:17, 62.73it/s]
 81%|████████▏ | 4719/5794 [01:10<00:17, 62.88it/s]
 82%|████████▏ | 4726/5794 [01:10<00:16, 62.95it/s]
 82%|████████▏ | 4733/5794 [01:10<00:16, 62.87it/s]
 82%|████████▏ | 4740/5794 [01:10<00:16, 62.30it/s]
 82%|████████▏ | 4747/5794 [01:10<00:16, 62.34it/s]
 82%|████████▏ | 4754/5794 [01:11<00:16, 62.42it/s]
 82%|████████▏ | 4761/5794 [01:11<00:16, 63.30it/s]
 82%|████████▏ | 4768/5794 [01:11<00:15, 64.41it/s]
 82%|████████▏ | 4776/5794 [01:11<00:15, 66.27it/s]
 83%|████████▎ | 4783/5794 [01:11<00:15, 67.27it/s]
 83%|████████▎ | 4790/5794 [01:11<00:14, 67.94it/s]
 83%|████████▎ | 4797/5794 [01:11<00:14, 68.26it/s]
 83%|████████▎ | 4805/5794 [01:11<00:14, 68.99it/s]
 83%|████████▎ | 4813/5794 [01:11<00:14, 69.31it/s]
 83%|████████▎ | 4821/5794 [01:12<00:13, 69.58it/s]
 83%|████████▎ | 4829/5794 [01:12<00:13, 69.86it/s]
 83%|████████▎ | 4836/5794 [01:12<00:13, 69.83it/s]
 84%|████████▎ | 4844/5794 [01:12<00:13, 70.08it/s]
 84%|████████▎ | 4852/5794 [01:12<00:13, 70.17it/s]
 84%|████████▍ | 4860/5794 [01:12<00:13, 70.31it/s]
 84%|████████▍ | 4868/5794 [01:12<00:13, 70.28it/s]
 84%|████████▍ | 4876/5794 [01:12<00:13, 70.35it/s]
 84%|████████▍ | 4884/5794 [01:12<00:12, 70.30it/s]
 84%|████████▍ | 4892/5794 [01:13<00:12, 70.37it/s]
 85%|████████▍ | 4900/5794 [01:13<00:12, 70.30it/s]
 85%|████████▍ | 4908/5794 [01:13<00:12, 70.47it/s]
 85%|████████▍ | 4916/5794 [01:13<00:12, 70.29it/s]
 85%|████████▍ | 4924/5794 [01:13<00:12, 70.36it/s]
 85%|████████▌ | 4932/5794 [01:13<00:12, 70.25it/s]
 85%|████████▌ | 4940/5794 [01:13<00:12, 70.21it/s]
 85%|████████▌ | 4948/5794 [01:13<00:12, 70.28it/s]
 86%|████████▌ | 4956/5794 [01:13<00:11, 70.13it/s]
 86%|████████▌ | 4964/5794 [01:14<00:11, 70.36it/s]
 86%|████████▌ | 4972/5794 [01:14<00:11, 70.12it/s]
 86%|████████▌ | 4980/5794 [01:14<00:11, 70.12it/s]
 86%|████████▌ | 4988/5794 [01:14<00:11, 70.10it/s]
 86%|████████▌ | 4996/5794 [01:14<00:11, 70.15it/s]
 86%|████████▋ | 5004/5794 [01:14<00:11, 70.12it/s]
 87%|████████▋ | 5012/5794 [01:14<00:11, 70.30it/s]
 87%|████████▋ | 5020/5794 [01:14<00:11, 67.75it/s]
 87%|████████▋ | 5027/5794 [01:15<00:11, 66.40it/s]
 87%|████████▋ | 5034/5794 [01:15<00:11, 65.51it/s]
 87%|████████▋ | 5041/5794 [01:15<00:11, 64.75it/s]
 87%|████████▋ | 5048/5794 [01:15<00:11, 64.19it/s]
 87%|████████▋ | 5055/5794 [01:15<00:11, 63.71it/s]
 87%|████████▋ | 5062/5794 [01:15<00:11, 63.53it/s]
 87%|████████▋ | 5069/5794 [01:15<00:11, 63.23it/s]
 88%|████████▊ | 5076/5794 [01:15<00:11, 63.32it/s]
 88%|████████▊ | 5083/5794 [01:15<00:11, 63.33it/s]
 88%|████████▊ | 5090/5794 [01:16<00:11, 63.15it/s]
 88%|████████▊ | 5097/5794 [01:16<00:11, 63.19it/s]
 88%|████████▊ | 5104/5794 [01:16<00:10, 63.12it/s]
 88%|████████▊ | 5111/5794 [01:16<00:10, 63.09it/s]
 88%|████████▊ | 5118/5794 [01:16<00:10, 63.05it/s]
 88%|████████▊ | 5125/5794 [01:16<00:10, 63.03it/s]
 89%|████████▊ | 5132/5794 [01:16<00:10, 62.69it/s]
 89%|████████▊ | 5139/5794 [01:16<00:10, 61.75it/s]
 89%|████████▉ | 5146/5794 [01:16<00:10, 61.89it/s]
 89%|████████▉ | 5153/5794 [01:17<00:10, 61.97it/s]
 89%|████████▉ | 5160/5794 [01:17<00:10, 61.95it/s]
 89%|████████▉ | 5167/5794 [01:17<00:10, 61.99it/s]
 89%|████████▉ | 5174/5794 [01:17<00:09, 62.01it/s]
 89%|████████▉ | 5181/5794 [01:17<00:09, 62.14it/s]
 90%|████████▉ | 5188/5794 [01:17<00:09, 61.71it/s]
 90%|████████▉ | 5195/5794 [01:17<00:09, 62.14it/s]
 90%|████████▉ | 5202/5794 [01:17<00:09, 62.60it/s]
 90%|████████▉ | 5209/5794 [01:17<00:09, 64.45it/s]
 90%|█████████ | 5216/5794 [01:17<00:08, 65.97it/s]
 90%|█████████ | 5223/5794 [01:18<00:08, 66.12it/s]
 90%|█████████ | 5231/5794 [01:18<00:08, 67.54it/s]
 90%|█████████ | 5238/5794 [01:18<00:08, 68.14it/s]
 91%|█████████ | 5246/5794 [01:18<00:07, 68.80it/s]
 91%|█████████ | 5254/5794 [01:18<00:07, 69.25it/s]
 91%|█████████ | 5261/5794 [01:18<00:07, 69.42it/s]
 91%|█████████ | 5269/5794 [01:18<00:07, 69.77it/s]
 91%|█████████ | 5277/5794 [01:18<00:07, 69.71it/s]
 91%|█████████ | 5285/5794 [01:18<00:07, 69.99it/s]
 91%|█████████▏| 5292/5794 [01:19<00:07, 69.98it/s]
 91%|█████████▏| 5299/5794 [01:19<00:07, 69.96it/s]
 92%|█████████▏| 5307/5794 [01:19<00:06, 70.07it/s]
 92%|█████████▏| 5315/5794 [01:19<00:06, 70.24it/s]
 92%|█████████▏| 5323/5794 [01:19<00:06, 70.47it/s]
 92%|█████████▏| 5331/5794 [01:19<00:06, 70.41it/s]
 92%|█████████▏| 5339/5794 [01:19<00:06, 70.36it/s]
 92%|█████████▏| 5347/5794 [01:19<00:06, 70.20it/s]
 92%|█████████▏| 5355/5794 [01:19<00:06, 70.33it/s]
 93%|█████████▎| 5363/5794 [01:20<00:06, 70.18it/s]
 93%|█████████▎| 5371/5794 [01:20<00:06, 70.39it/s]
 93%|█████████▎| 5379/5794 [01:20<00:05, 69.98it/s]
 93%|█████████▎| 5387/5794 [01:20<00:05, 70.14it/s]
 93%|█████████▎| 5395/5794 [01:20<00:05, 70.02it/s]
 93%|█████████▎| 5403/5794 [01:20<00:05, 70.09it/s]
 93%|█████████▎| 5411/5794 [01:20<00:05, 69.29it/s]
 94%|█████████▎| 5419/5794 [01:20<00:05, 69.63it/s]
 94%|█████████▎| 5426/5794 [01:21<00:05, 69.61it/s]
 94%|█████████▍| 5434/5794 [01:21<00:05, 69.93it/s]
 94%|█████████▍| 5442/5794 [01:21<00:05, 70.05it/s]
 94%|█████████▍| 5450/5794 [01:21<00:04, 70.05it/s]
 94%|█████████▍| 5458/5794 [01:21<00:04, 70.00it/s]
 94%|█████████▍| 5466/5794 [01:21<00:04, 69.87it/s]
 94%|█████████▍| 5473/5794 [01:21<00:04, 69.78it/s]
 95%|█████████▍| 5480/5794 [01:21<00:04, 69.80it/s]
 95%|█████████▍| 5488/5794 [01:21<00:04, 69.93it/s]
 95%|█████████▍| 5495/5794 [01:21<00:04, 69.91it/s]
 95%|█████████▍| 5503/5794 [01:22<00:04, 69.84it/s]
 95%|█████████▌| 5511/5794 [01:22<00:04, 69.88it/s]
 95%|█████████▌| 5519/5794 [01:22<00:03, 70.12it/s]
 95%|█████████▌| 5527/5794 [01:22<00:03, 69.98it/s]
 96%|█████████▌| 5534/5794 [01:22<00:03, 69.96it/s]
 96%|█████████▌| 5542/5794 [01:22<00:03, 70.11it/s]
 96%|█████████▌| 5550/5794 [01:22<00:03, 69.97it/s]
 96%|█████████▌| 5557/5794 [01:22<00:03, 69.61it/s]
 96%|█████████▌| 5564/5794 [01:22<00:03, 67.40it/s]
 96%|█████████▌| 5571/5794 [01:23<00:03, 66.09it/s]
 96%|█████████▋| 5578/5794 [01:23<00:03, 65.15it/s]
 96%|█████████▋| 5585/5794 [01:23<00:03, 64.31it/s]
 97%|█████████▋| 5592/5794 [01:23<00:03, 63.89it/s]
 97%|█████████▋| 5599/5794 [01:23<00:03, 63.52it/s]
 97%|█████████▋| 5606/5794 [01:23<00:02, 63.36it/s]
 97%|█████████▋| 5613/5794 [01:23<00:02, 63.18it/s]
 97%|█████████▋| 5620/5794 [01:23<00:02, 63.03it/s]
 97%|█████████▋| 5627/5794 [01:23<00:02, 62.94it/s]
 97%|█████████▋| 5634/5794 [01:24<00:02, 62.76it/s]
 97%|█████████▋| 5641/5794 [01:24<00:02, 62.77it/s]
 97%|█████████▋| 5648/5794 [01:24<00:02, 62.62it/s]
 98%|█████████▊| 5655/5794 [01:24<00:02, 62.89it/s]
 98%|█████████▊| 5662/5794 [01:24<00:02, 62.84it/s]
 98%|█████████▊| 5669/5794 [01:24<00:02, 62.47it/s]
 98%|█████████▊| 5676/5794 [01:24<00:01, 62.77it/s]
 98%|█████████▊| 5683/5794 [01:24<00:01, 62.62it/s]
 98%|█████████▊| 5690/5794 [01:24<00:01, 62.70it/s]
 98%|█████████▊| 5697/5794 [01:25<00:01, 62.75it/s]
 98%|█████████▊| 5704/5794 [01:25<00:01, 62.68it/s]
 99%|█████████▊| 5711/5794 [01:25<00:01, 62.74it/s]
 99%|█████████▊| 5718/5794 [01:25<00:01, 62.54it/s]
 99%|█████████▉| 5725/5794 [01:25<00:01, 62.55it/s]
 99%|█████████▉| 5732/5794 [01:25<00:00, 62.54it/s]
 99%|█████████▉| 5739/5794 [01:25<00:00, 62.70it/s]
 99%|█████████▉| 5746/5794 [01:25<00:00, 62.75it/s]
 99%|█████████▉| 5753/5794 [01:26<00:00, 62.71it/s]
 99%|█████████▉| 5760/5794 [01:26<00:00, 62.11it/s]
100%|█████████▉| 5767/5794 [01:26<00:00, 62.10it/s]
100%|█████████▉| 5774/5794 [01:26<00:00, 62.23it/s]
100%|█████████▉| 5781/5794 [01:26<00:00, 62.44it/s]
100%|█████████▉| 5788/5794 [01:26<00:00, 62.46it/s]
100%|██████████| 5794/5794 [01:26<00:00, 66.81it/s]
BALANCED ACCS CHECKED FOR TEST
TEST SET RESULTS FOR CHECKPOINT trained_weights/waterbirds/gradcam_waterbird_complete95_forest2water2_21047520_trial_000/best_balanced_valacc_0.56_epoch_0.ckpt
test_acc: 0.7726958923023818
balanced_test_acc: 0.584082620138011
Land_on_Land_test_acc: 0.998669623059867
Land_on_Water_test_acc: 0.8470066518847007
Water_on_Land_test_acc: 0.010903426791277258
Water_on_Water_test_acc: 0.4797507788161994
test_acc_Waterbird: 0.24532710280373832
test_acc_Landbird: 0.9228381374722838
