Traceback (most recent call last):
  File "run_clip_lr_sweep.py", line 573, in <module>
    main()
  File "run_clip_lr_sweep.py", line 396, in main
    model, preprocess = clip.load(args.clip_model, device=args.device)
  File "/home/ryreu/guided_cnn/waterbirds/Waterbird_Runs/GALS/CLIP/clip/clip.py", line 133, in load
    model.apply(patch_device)
  File "/home/ryreu/miniconda3/envs/gals_a100/lib/python3.8/site-packages/torch/nn/modules/module.py", line 668, in apply
    module.apply(fn)
  File "/home/ryreu/miniconda3/envs/gals_a100/lib/python3.8/site-packages/torch/nn/modules/module.py", line 668, in apply
    module.apply(fn)
  File "/home/ryreu/miniconda3/envs/gals_a100/lib/python3.8/site-packages/torch/nn/modules/module.py", line 668, in apply
    module.apply(fn)
  File "/home/ryreu/miniconda3/envs/gals_a100/lib/python3.8/site-packages/torch/nn/modules/module.py", line 669, in apply
    fn(self)
  File "/home/ryreu/guided_cnn/waterbirds/Waterbird_Runs/GALS/CLIP/clip/clip.py", line 124, in patch_device
    graphs = [module.graph] if hasattr(module, "graph") else []
  File "/home/ryreu/miniconda3/envs/gals_a100/lib/python3.8/site-packages/torch/jit/_script.py", line 673, in graph
    return self._c._get_method("forward").graph
RuntimeError: Method 'forward' is not defined.
