[CMD] /home/ryreu/miniconda3/envs/gals_a100/bin/python -u main.py --config configs/waterbirds_100_gals_vit.yaml --name gals_waterbird_1.0_forest2water2_21050510_trial_000 DATA.ROOT=/home/ryreu/guided_cnn/waterbirds DATA.WATERBIRDS_DIR=waterbird_1.0_forest2water2 SEED=0 EXP.BASE.LR=0.0010000000000000002 EXP.CLASSIFIER.LR=9.999999999999991e-05 EXP.WEIGHT_DECAY=9.999999999999997e-06 EXP.AUX_LOSSES_ON_VAL=False EXP.LOSSES.GRADIENT_OUTSIDE.WEIGHT=10.000000000000002 EXP.NUM_EPOCHS=1
SEED: 0
DATA:
  BATCH_SIZE: 96
  NUM_WORKERS: 4
  SIZE: 224
  NORMALIZATION: imagenet
  ATTENTION_DIR: clip_vit_attention
  SEPARATE_CLASSES: false
  REMOVE_BACKGROUND: false
  ROOT: /home/ryreu/guided_cnn/waterbirds
  USE_CLASS_WEIGHTS: false
  USE_GROUP_WEIGHTS: false
  DATASET: waterbirds
  NUM_CLASSES: 2
  CONFOUNDING_FACTOR: 1.0
  WATERBIRDS_DIR: waterbird_1.0_forest2water2
EXP:
  NUM_TRIALS: 1
  LOSSES:
    CLASSIFICATION:
      WEIGHT: 1
    GRADIENT_OUTSIDE:
      COMPUTE: true
      LOG: false
      WEIGHT: 10.000000000000002
      CRITERION: L1
      GT: clip_vit
      COMBINE_ATT_MODE: average_nonzero
    GRADIENT_INSIDE:
      COMPUTE: false
      LOG: false
      WEIGHT: 1
      CRITERION: L1
      GT: segmentation
      COMBINE_ATT_MODE: average_nonzero
    GRADCAM:
      COMPUTE: false
      LOG: false
      WEIGHT: 1
      CRITERION: L1
      GT: segmentation
      MODE: match
      COMBINE_ATT_MODE: average_nonzero
  APPROACH: generic
  MODEL: resnet50
  PRETRAINED: true
  NUM_EPOCHS: 1
  OPTIMIZER: SGD
  WEIGHT_DECAY: 9.999999999999997e-06
  MOMENTUM: 0.9
  SCHEDULER: NONE
  BASE:
    LR: 0.0010000000000000002
  CLASSIFIER:
    LR: 9.999999999999991e-05
  AUX_LOSSES_ON_VAL: false
LOGGING:
  SAVE_EVERY: 0
  SAVE_BEST: true
  SAVE_LAST: false
  LOG_ATTENTION: false
  LOG_ATTENTION_STEP: 10
  SAVE_STATS_PATH: null
yaml: configs/waterbirds_100_gals_vit.yaml
name: gals_waterbird_1.0_forest2water2_21050510_trial_000
test_checkpoint: null

WATERBIRDS DIR: /home/ryreu/guided_cnn/waterbirds/waterbird_1.0_forest2water2
NUMBER OF SAMPLES WITH LABEL Landbird: 3684
NUMBER OF SAMPLES WITH LABEL Waterbird: 1111
NUMBER OF SAMPLES WITH GROUP Land_on_Land: 3684
NUMBER OF SAMPLES WITH GROUP Land_on_Water: 0
NUMBER OF SAMPLES WITH GROUP Water_on_Land: 0
NUMBER OF SAMPLES WITH GROUP Water_on_Water: 1111
WATERBIRDS DIR: /home/ryreu/guided_cnn/waterbirds/waterbird_1.0_forest2water2
NUMBER OF SAMPLES WITH LABEL Landbird: 931
NUMBER OF SAMPLES WITH LABEL Waterbird: 268
NUMBER OF SAMPLES WITH GROUP Land_on_Land: 465
NUMBER OF SAMPLES WITH GROUP Land_on_Water: 466
NUMBER OF SAMPLES WITH GROUP Water_on_Land: 134
NUMBER OF SAMPLES WITH GROUP Water_on_Water: 134
NUM TRAIN: 4795

NUM VAL:   1199

Number classifier outputs: 1
Using pretrained model: True
USING SGD OPTIMIZER
class weights: None
group weights: None
WANDB DISABLED: skipping wandb.init()
EPOCH: 0

>>> TRAINING 


  0%|          | 0/50 [00:00<?, ?it/s]
  2%|▏         | 1/50 [00:04<03:45,  4.61s/it]
  4%|▍         | 2/50 [00:05<02:03,  2.57s/it]
  6%|▌         | 3/50 [00:06<01:28,  1.89s/it]
  8%|▊         | 4/50 [00:07<01:12,  1.57s/it]
 10%|█         | 5/50 [00:09<01:02,  1.40s/it]
 12%|█▏        | 6/50 [00:10<00:57,  1.30s/it]
 14%|█▍        | 7/50 [00:11<00:53,  1.24s/it]
 16%|█▌        | 8/50 [00:12<00:50,  1.19s/it]
 18%|█▊        | 9/50 [00:13<00:47,  1.17s/it]
 20%|██        | 10/50 [00:14<00:45,  1.14s/it]
 22%|██▏       | 11/50 [00:15<00:43,  1.13s/it]
 24%|██▍       | 12/50 [00:16<00:42,  1.12s/it]
 26%|██▌       | 13/50 [00:17<00:40,  1.11s/it]
 28%|██▊       | 14/50 [00:18<00:39,  1.10s/it]
 30%|███       | 15/50 [00:19<00:38,  1.10s/it]
 32%|███▏      | 16/50 [00:21<00:37,  1.10s/it]
 34%|███▍      | 17/50 [00:22<00:36,  1.09s/it]
 36%|███▌      | 18/50 [00:23<00:35,  1.09s/it]
 38%|███▊      | 19/50 [00:24<00:33,  1.09s/it]
 40%|████      | 20/50 [00:25<00:32,  1.09s/it]
 42%|████▏     | 21/50 [00:26<00:31,  1.09s/it]
 44%|████▍     | 22/50 [00:27<00:30,  1.09s/it]
 46%|████▌     | 23/50 [00:28<00:29,  1.09s/it]
 48%|████▊     | 24/50 [00:29<00:28,  1.09s/it]
 50%|█████     | 25/50 [00:30<00:27,  1.09s/it]
 52%|█████▏    | 26/50 [00:31<00:26,  1.09s/it]
 54%|█████▍    | 27/50 [00:33<00:25,  1.10s/it]
 56%|█████▌    | 28/50 [00:34<00:24,  1.10s/it]
 58%|█████▊    | 29/50 [00:35<00:22,  1.09s/it]
 60%|██████    | 30/50 [00:36<00:21,  1.09s/it]
 62%|██████▏   | 31/50 [00:37<00:20,  1.09s/it]
 64%|██████▍   | 32/50 [00:38<00:19,  1.10s/it]
 66%|██████▌   | 33/50 [00:39<00:18,  1.10s/it]
 68%|██████▊   | 34/50 [00:40<00:17,  1.10s/it]
 70%|███████   | 35/50 [00:41<00:16,  1.10s/it]
 72%|███████▏  | 36/50 [00:42<00:15,  1.10s/it]
 74%|███████▍  | 37/50 [00:44<00:14,  1.10s/it]
 76%|███████▌  | 38/50 [00:45<00:13,  1.10s/it]
 78%|███████▊  | 39/50 [00:46<00:12,  1.10s/it]
 80%|████████  | 40/50 [00:47<00:11,  1.10s/it]
 82%|████████▏ | 41/50 [00:48<00:09,  1.10s/it]
 84%|████████▍ | 42/50 [00:49<00:08,  1.10s/it]
 86%|████████▌ | 43/50 [00:50<00:07,  1.10s/it]
 88%|████████▊ | 44/50 [00:51<00:06,  1.10s/it]
 90%|█████████ | 45/50 [00:52<00:05,  1.09s/it]
 92%|█████████▏| 46/50 [00:53<00:04,  1.09s/it]
 94%|█████████▍| 47/50 [00:55<00:03,  1.09s/it]
 96%|█████████▌| 48/50 [00:56<00:02,  1.09s/it]
 98%|█████████▊| 49/50 [00:57<00:01,  1.09s/it]
100%|██████████| 50/50 [00:58<00:00,  1.09s/it]
100%|██████████| 50/50 [00:58<00:00,  1.17s/it]
>>> VALIDATING 


  0%|          | 0/13 [00:00<?, ?it/s]
  8%|▊         | 1/13 [00:01<00:12,  1.04s/it]
 23%|██▎       | 3/13 [00:01<00:03,  3.07it/s]
 38%|███▊      | 5/13 [00:01<00:02,  3.24it/s]
 54%|█████▍    | 7/13 [00:01<00:01,  4.75it/s]
 69%|██████▉   | 9/13 [00:02<00:00,  4.14it/s]
 85%|████████▍ | 11/13 [00:02<00:00,  5.54it/s]
100%|██████████| 13/13 [00:02<00:00,  6.45it/s]
100%|██████████| 13/13 [00:02<00:00,  4.37it/s]
>>> LOGGING 

BALANCED ACCS CHECKED FOR TRAIN
BALANCED ACCS CHECKED FOR VAL
train_acc: 0.7293013555787279
val_acc: 0.6839032527105922
train_cls_loss: 0.47431737886852465
val_cls_loss: 0.566548323362842
train_total_loss: 0.47434192414514964
val_total_loss: 0.566548323362842
balanced_train_acc: 0.6122934361840093
balanced_val_acc: 0.5705909229363387
Land_on_Land_train_acc: 0.8303474484256244
Land_on_Land_val_acc: 0.9956989247311828
Land_on_Water_train_acc: 0
Land_on_Water_val_acc: 0.555793991416309
Water_on_Land_train_acc: 0
Water_on_Land_val_acc: 0.03731343283582089
Water_on_Water_train_acc: 0.39423942394239425
Water_on_Water_val_acc: 0.6940298507462687
train_dydx_outside_clip_vit_loss: 2.454231434474212e-05
train_acc_Landbird: 0.8303474484256244
train_acc_Waterbird: 0.39423942394239425
val_acc_Landbird: 0.7755102040816326
val_acc_Waterbird: 0.3656716417910448
TRAIN ACC:        0.7293013555787279
VAL ACC:          0.6839032527105922
BALANCED VAL ACC: 0.5705909229363387
prev best list: []
Saving to trained_weights/waterbirds/gals_waterbird_1.0_forest2water2_21050510_trial_000/best_balanced_valacc_0.57_epoch_0.ckpt
>>> EVALUATING ON TEST SET
WATERBIRDS DIR: /home/ryreu/guided_cnn/waterbirds/waterbird_1.0_forest2water2
NUMBER OF SAMPLES WITH LABEL Landbird: 4510
NUMBER OF SAMPLES WITH LABEL Waterbird: 1284
NUMBER OF SAMPLES WITH GROUP Land_on_Land: 2255
NUMBER OF SAMPLES WITH GROUP Land_on_Water: 2255
NUMBER OF SAMPLES WITH GROUP Water_on_Land: 642
NUMBER OF SAMPLES WITH GROUP Water_on_Water: 642
NUM TEST:   5794

Loaded checkpoint trained_weights/waterbirds/gals_waterbird_1.0_forest2water2_21050510_trial_000/best_balanced_valacc_0.57_epoch_0.ckpt

  0%|          | 0/5794 [00:00<?, ?it/s]
  0%|          | 1/5794 [00:00<26:37,  3.63it/s]
  0%|          | 8/5794 [00:00<03:43, 25.90it/s]
  0%|          | 16/5794 [00:00<02:17, 42.03it/s]
  0%|          | 24/5794 [00:00<01:51, 51.72it/s]
  1%|          | 32/5794 [00:00<01:39, 58.06it/s]
  1%|          | 40/5794 [00:00<01:32, 62.17it/s]
  1%|          | 48/5794 [00:00<01:28, 65.17it/s]
  1%|          | 55/5794 [00:01<01:26, 66.40it/s]
  1%|          | 63/5794 [00:01<01:24, 68.13it/s]
  1%|          | 71/5794 [00:01<01:23, 68.91it/s]
  1%|▏         | 79/5794 [00:01<01:22, 69.45it/s]
  2%|▏         | 87/5794 [00:01<01:22, 69.53it/s]
  2%|▏         | 95/5794 [00:01<01:21, 70.06it/s]
  2%|▏         | 103/5794 [00:01<01:20, 70.38it/s]
  2%|▏         | 111/5794 [00:01<01:21, 69.45it/s]
  2%|▏         | 118/5794 [00:01<01:22, 68.75it/s]
  2%|▏         | 125/5794 [00:02<01:22, 68.78it/s]
  2%|▏         | 133/5794 [00:02<01:21, 69.18it/s]
  2%|▏         | 141/5794 [00:02<01:21, 69.40it/s]
  3%|▎         | 148/5794 [00:02<01:21, 69.49it/s]
  3%|▎         | 155/5794 [00:02<01:21, 69.59it/s]
  3%|▎         | 162/5794 [00:02<01:22, 68.30it/s]
  3%|▎         | 170/5794 [00:02<01:21, 68.97it/s]
  3%|▎         | 177/5794 [00:02<01:21, 69.17it/s]
  3%|▎         | 184/5794 [00:02<01:20, 69.28it/s]
  3%|▎         | 191/5794 [00:03<01:24, 66.25it/s]
  3%|▎         | 198/5794 [00:03<01:25, 65.12it/s]
  4%|▎         | 205/5794 [00:03<01:27, 63.99it/s]
  4%|▎         | 212/5794 [00:03<01:28, 63.26it/s]
  4%|▍         | 219/5794 [00:03<01:28, 62.82it/s]
  4%|▍         | 226/5794 [00:03<01:29, 62.55it/s]
  4%|▍         | 233/5794 [00:03<01:29, 62.26it/s]
  4%|▍         | 240/5794 [00:03<01:29, 62.32it/s]
  4%|▍         | 247/5794 [00:03<01:29, 62.04it/s]
  4%|▍         | 254/5794 [00:04<01:29, 62.14it/s]
  5%|▍         | 261/5794 [00:04<01:29, 61.99it/s]
  5%|▍         | 268/5794 [00:04<01:28, 62.10it/s]
  5%|▍         | 275/5794 [00:04<01:28, 62.10it/s]
  5%|▍         | 282/5794 [00:04<01:28, 62.12it/s]
  5%|▍         | 289/5794 [00:04<01:28, 62.09it/s]
  5%|▌         | 296/5794 [00:04<01:28, 61.97it/s]
  5%|▌         | 303/5794 [00:04<01:28, 62.12it/s]
  5%|▌         | 310/5794 [00:04<01:28, 62.03it/s]
  5%|▌         | 317/5794 [00:05<01:28, 62.17it/s]
  6%|▌         | 324/5794 [00:05<01:28, 62.14it/s]
  6%|▌         | 331/5794 [00:05<01:28, 62.05it/s]
  6%|▌         | 338/5794 [00:05<01:27, 62.01it/s]
  6%|▌         | 346/5794 [00:05<01:24, 64.61it/s]
  6%|▌         | 354/5794 [00:05<01:22, 66.32it/s]
  6%|▌         | 361/5794 [00:05<01:23, 65.16it/s]
  6%|▋         | 368/5794 [00:05<01:24, 64.18it/s]
  6%|▋         | 375/5794 [00:05<01:25, 63.57it/s]
  7%|▋         | 382/5794 [00:06<01:25, 63.06it/s]
  7%|▋         | 389/5794 [00:06<01:26, 62.22it/s]
  7%|▋         | 396/5794 [00:06<01:26, 62.15it/s]
  7%|▋         | 403/5794 [00:06<01:26, 62.31it/s]
  7%|▋         | 410/5794 [00:06<01:27, 61.55it/s]
  7%|▋         | 417/5794 [00:06<01:27, 61.72it/s]
  7%|▋         | 424/5794 [00:06<01:26, 62.18it/s]
  7%|▋         | 431/5794 [00:06<01:26, 61.86it/s]
  8%|▊         | 438/5794 [00:06<01:25, 62.52it/s]
  8%|▊         | 445/5794 [00:07<01:24, 63.03it/s]
  8%|▊         | 453/5794 [00:07<01:21, 65.30it/s]
  8%|▊         | 460/5794 [00:07<01:20, 66.49it/s]
  8%|▊         | 467/5794 [00:07<01:20, 65.87it/s]
  8%|▊         | 474/5794 [00:07<01:22, 64.78it/s]
  8%|▊         | 481/5794 [00:07<01:22, 64.04it/s]
  8%|▊         | 488/5794 [00:07<01:23, 63.64it/s]
  9%|▊         | 495/5794 [00:07<01:23, 63.27it/s]
  9%|▊         | 502/5794 [00:07<01:24, 62.87it/s]
  9%|▉         | 509/5794 [00:08<01:24, 62.70it/s]
  9%|▉         | 516/5794 [00:08<01:24, 62.55it/s]
  9%|▉         | 523/5794 [00:08<01:24, 62.59it/s]
  9%|▉         | 530/5794 [00:08<01:24, 62.57it/s]
  9%|▉         | 537/5794 [00:08<01:23, 62.60it/s]
  9%|▉         | 544/5794 [00:08<01:23, 62.76it/s]
 10%|▉         | 551/5794 [00:08<01:23, 62.52it/s]
 10%|▉         | 558/5794 [00:08<01:23, 62.63it/s]
 10%|▉         | 565/5794 [00:08<01:24, 61.83it/s]
 10%|▉         | 572/5794 [00:09<01:24, 62.07it/s]
 10%|▉         | 579/5794 [00:09<01:24, 62.07it/s]
 10%|█         | 586/5794 [00:09<01:23, 62.21it/s]
 10%|█         | 593/5794 [00:09<01:23, 62.38it/s]
 10%|█         | 600/5794 [00:09<01:23, 62.32it/s]
 10%|█         | 607/5794 [00:09<01:23, 62.45it/s]
 11%|█         | 614/5794 [00:09<01:22, 62.42it/s]
 11%|█         | 621/5794 [00:09<01:22, 62.36it/s]
 11%|█         | 628/5794 [00:09<01:22, 62.31it/s]
 11%|█         | 635/5794 [00:10<01:22, 62.31it/s]
 11%|█         | 642/5794 [00:10<01:22, 62.52it/s]
 11%|█         | 649/5794 [00:10<01:22, 62.38it/s]
 11%|█▏        | 656/5794 [00:10<01:22, 62.27it/s]
 11%|█▏        | 663/5794 [00:10<01:22, 62.44it/s]
 12%|█▏        | 670/5794 [00:10<01:22, 62.43it/s]
 12%|█▏        | 677/5794 [00:10<01:21, 62.60it/s]
 12%|█▏        | 684/5794 [00:10<01:22, 62.06it/s]
 12%|█▏        | 691/5794 [00:10<01:21, 62.35it/s]
 12%|█▏        | 698/5794 [00:11<01:21, 62.39it/s]
 12%|█▏        | 705/5794 [00:11<01:22, 61.86it/s]
 12%|█▏        | 712/5794 [00:11<01:22, 61.95it/s]
 12%|█▏        | 719/5794 [00:11<01:21, 62.59it/s]
 13%|█▎        | 726/5794 [00:11<01:19, 63.52it/s]
 13%|█▎        | 733/5794 [00:11<01:18, 64.26it/s]
 13%|█▎        | 740/5794 [00:11<01:18, 64.50it/s]
 13%|█▎        | 747/5794 [00:11<01:17, 64.71it/s]
 13%|█▎        | 754/5794 [00:11<01:17, 64.95it/s]
 13%|█▎        | 761/5794 [00:12<01:17, 65.19it/s]
 13%|█▎        | 768/5794 [00:12<01:16, 65.43it/s]
 13%|█▎        | 775/5794 [00:12<01:16, 65.42it/s]
 13%|█▎        | 782/5794 [00:12<01:16, 65.40it/s]
 14%|█▎        | 789/5794 [00:12<01:15, 66.38it/s]
 14%|█▍        | 797/5794 [00:12<01:12, 68.72it/s]
 14%|█▍        | 805/5794 [00:12<01:11, 70.00it/s]
 14%|█▍        | 813/5794 [00:12<01:09, 71.26it/s]
 14%|█▍        | 821/5794 [00:12<01:09, 71.93it/s]
 14%|█▍        | 829/5794 [00:13<01:08, 72.47it/s]
 14%|█▍        | 837/5794 [00:13<01:08, 72.56it/s]
 15%|█▍        | 845/5794 [00:13<01:07, 73.07it/s]
 15%|█▍        | 853/5794 [00:13<01:07, 73.32it/s]
 15%|█▍        | 861/5794 [00:13<01:07, 73.59it/s]
 15%|█▍        | 869/5794 [00:13<01:06, 73.66it/s]
 15%|█▌        | 877/5794 [00:13<01:06, 73.54it/s]
 15%|█▌        | 885/5794 [00:13<01:06, 73.58it/s]
 15%|█▌        | 893/5794 [00:13<01:06, 73.68it/s]
 16%|█▌        | 901/5794 [00:14<01:06, 73.25it/s]
 16%|█▌        | 909/5794 [00:14<01:08, 71.26it/s]
 16%|█▌        | 917/5794 [00:14<01:09, 69.67it/s]
 16%|█▌        | 924/5794 [00:14<01:11, 68.38it/s]
 16%|█▌        | 931/5794 [00:14<01:11, 67.88it/s]
 16%|█▌        | 938/5794 [00:14<01:12, 67.05it/s]
 16%|█▋        | 945/5794 [00:14<01:12, 66.62it/s]
 16%|█▋        | 952/5794 [00:14<01:13, 66.25it/s]
 17%|█▋        | 959/5794 [00:14<01:13, 66.01it/s]
 17%|█▋        | 966/5794 [00:15<01:13, 66.10it/s]
 17%|█▋        | 973/5794 [00:15<01:14, 65.14it/s]
 17%|█▋        | 980/5794 [00:15<01:13, 65.35it/s]
 17%|█▋        | 987/5794 [00:15<01:13, 65.70it/s]
 17%|█▋        | 994/5794 [00:15<01:13, 65.12it/s]
 17%|█▋        | 1001/5794 [00:15<01:13, 65.37it/s]
 17%|█▋        | 1008/5794 [00:15<01:13, 65.21it/s]
 18%|█▊        | 1015/5794 [00:15<01:13, 65.39it/s]
 18%|█▊        | 1022/5794 [00:15<01:12, 65.63it/s]
 18%|█▊        | 1029/5794 [00:15<01:12, 65.45it/s]
 18%|█▊        | 1036/5794 [00:16<01:13, 65.17it/s]
 18%|█▊        | 1043/5794 [00:16<01:12, 65.32it/s]
 18%|█▊        | 1050/5794 [00:16<01:12, 65.35it/s]
 18%|█▊        | 1057/5794 [00:16<01:11, 65.84it/s]
 18%|█▊        | 1064/5794 [00:16<01:11, 65.80it/s]
 18%|█▊        | 1071/5794 [00:16<01:11, 66.12it/s]
 19%|█▊        | 1078/5794 [00:16<01:10, 66.95it/s]
 19%|█▊        | 1086/5794 [00:16<01:08, 68.40it/s]
 19%|█▉        | 1094/5794 [00:16<01:07, 70.03it/s]
 19%|█▉        | 1102/5794 [00:17<01:05, 71.45it/s]
 19%|█▉        | 1110/5794 [00:17<01:05, 71.69it/s]
 19%|█▉        | 1118/5794 [00:17<01:06, 69.98it/s]
 19%|█▉        | 1126/5794 [00:17<01:08, 68.26it/s]
 20%|█▉        | 1133/5794 [00:17<01:09, 67.41it/s]
 20%|█▉        | 1140/5794 [00:17<01:09, 66.63it/s]
 20%|█▉        | 1147/5794 [00:17<01:10, 66.25it/s]
 20%|█▉        | 1154/5794 [00:17<01:10, 65.97it/s]
 20%|██        | 1161/5794 [00:17<01:09, 66.42it/s]
 20%|██        | 1168/5794 [00:18<01:09, 66.32it/s]
 20%|██        | 1175/5794 [00:18<01:09, 66.46it/s]
 20%|██        | 1182/5794 [00:18<01:09, 66.14it/s]
 21%|██        | 1189/5794 [00:18<01:08, 67.10it/s]
 21%|██        | 1197/5794 [00:18<01:06, 69.65it/s]
 21%|██        | 1205/5794 [00:18<01:04, 71.60it/s]
 21%|██        | 1213/5794 [00:18<01:02, 72.87it/s]
 21%|██        | 1221/5794 [00:18<01:02, 73.71it/s]
 21%|██        | 1229/5794 [00:18<01:01, 73.93it/s]
 21%|██▏       | 1237/5794 [00:18<01:01, 73.70it/s]
 21%|██▏       | 1245/5794 [00:19<01:04, 70.73it/s]
 22%|██▏       | 1253/5794 [00:19<01:05, 69.37it/s]
 22%|██▏       | 1261/5794 [00:19<01:04, 70.16it/s]
 22%|██▏       | 1269/5794 [00:19<01:03, 71.77it/s]
 22%|██▏       | 1277/5794 [00:19<01:01, 72.90it/s]
 22%|██▏       | 1285/5794 [00:19<01:01, 73.45it/s]
 22%|██▏       | 1293/5794 [00:19<01:00, 74.05it/s]
 22%|██▏       | 1301/5794 [00:19<01:00, 74.10it/s]
 23%|██▎       | 1309/5794 [00:19<01:00, 74.35it/s]
 23%|██▎       | 1317/5794 [00:20<01:00, 74.18it/s]
 23%|██▎       | 1325/5794 [00:20<01:00, 74.14it/s]
 23%|██▎       | 1333/5794 [00:20<01:01, 72.92it/s]
 23%|██▎       | 1341/5794 [00:20<01:01, 72.75it/s]
 23%|██▎       | 1349/5794 [00:20<01:01, 72.17it/s]
 23%|██▎       | 1357/5794 [00:20<01:01, 72.16it/s]
 24%|██▎       | 1365/5794 [00:20<01:01, 71.87it/s]
 24%|██▎       | 1373/5794 [00:20<01:01, 71.99it/s]
 24%|██▍       | 1381/5794 [00:20<01:01, 71.55it/s]
 24%|██▍       | 1389/5794 [00:21<01:02, 70.91it/s]
 24%|██▍       | 1397/5794 [00:21<01:02, 69.82it/s]
 24%|██▍       | 1405/5794 [00:21<01:02, 70.02it/s]
 24%|██▍       | 1413/5794 [00:21<01:02, 70.09it/s]
 25%|██▍       | 1421/5794 [00:21<01:02, 70.13it/s]
 25%|██▍       | 1429/5794 [00:21<01:02, 70.06it/s]
 25%|██▍       | 1437/5794 [00:21<01:02, 69.98it/s]
 25%|██▍       | 1444/5794 [00:21<01:02, 69.97it/s]
 25%|██▌       | 1452/5794 [00:22<01:01, 70.04it/s]
 25%|██▌       | 1460/5794 [00:22<01:01, 70.13it/s]
 25%|██▌       | 1468/5794 [00:22<01:01, 70.18it/s]
 25%|██▌       | 1476/5794 [00:22<01:01, 70.32it/s]
 26%|██▌       | 1484/5794 [00:22<01:01, 70.28it/s]
 26%|██▌       | 1492/5794 [00:22<01:02, 68.33it/s]
 26%|██▌       | 1499/5794 [00:22<01:04, 66.54it/s]
 26%|██▌       | 1506/5794 [00:22<01:05, 65.01it/s]
 26%|██▌       | 1513/5794 [00:22<01:06, 63.95it/s]
 26%|██▌       | 1520/5794 [00:23<01:07, 63.49it/s]
 26%|██▋       | 1528/5794 [00:23<01:04, 65.83it/s]
 26%|██▋       | 1535/5794 [00:23<01:04, 66.26it/s]
 27%|██▋       | 1542/5794 [00:23<01:05, 65.08it/s]
 27%|██▋       | 1549/5794 [00:23<01:05, 64.61it/s]
 27%|██▋       | 1556/5794 [00:23<01:06, 64.05it/s]
 27%|██▋       | 1563/5794 [00:23<01:06, 63.94it/s]
 27%|██▋       | 1570/5794 [00:23<01:05, 64.20it/s]
 27%|██▋       | 1577/5794 [00:23<01:06, 63.38it/s]
 27%|██▋       | 1584/5794 [00:24<01:06, 63.10it/s]
 27%|██▋       | 1591/5794 [00:24<01:06, 63.19it/s]
 28%|██▊       | 1598/5794 [00:24<01:06, 63.49it/s]
 28%|██▊       | 1605/5794 [00:24<01:05, 63.77it/s]
 28%|██▊       | 1612/5794 [00:24<01:05, 64.25it/s]
 28%|██▊       | 1619/5794 [00:24<01:05, 64.20it/s]
 28%|██▊       | 1626/5794 [00:24<01:04, 64.45it/s]
 28%|██▊       | 1633/5794 [00:24<01:04, 64.16it/s]
 28%|██▊       | 1640/5794 [00:24<01:04, 64.05it/s]
 28%|██▊       | 1647/5794 [00:25<01:05, 63.64it/s]
 29%|██▊       | 1654/5794 [00:25<01:05, 63.60it/s]
 29%|██▊       | 1661/5794 [00:25<01:04, 64.07it/s]
 29%|██▉       | 1668/5794 [00:25<01:04, 63.96it/s]
 29%|██▉       | 1675/5794 [00:25<01:04, 63.62it/s]
 29%|██▉       | 1682/5794 [00:25<01:04, 63.55it/s]
 29%|██▉       | 1689/5794 [00:25<01:04, 63.31it/s]
 29%|██▉       | 1696/5794 [00:25<01:03, 64.27it/s]
 29%|██▉       | 1704/5794 [00:25<01:01, 66.30it/s]
 30%|██▉       | 1712/5794 [00:26<01:00, 67.86it/s]
 30%|██▉       | 1719/5794 [00:26<00:59, 68.08it/s]
 30%|██▉       | 1727/5794 [00:26<00:58, 69.01it/s]
 30%|██▉       | 1735/5794 [00:26<00:58, 69.83it/s]
 30%|███       | 1743/5794 [00:26<00:57, 70.06it/s]
 30%|███       | 1751/5794 [00:26<00:58, 69.53it/s]
 30%|███       | 1758/5794 [00:26<00:58, 68.93it/s]
 30%|███       | 1765/5794 [00:26<00:58, 68.43it/s]
 31%|███       | 1773/5794 [00:26<00:58, 69.25it/s]
 31%|███       | 1781/5794 [00:26<00:57, 70.02it/s]
 31%|███       | 1789/5794 [00:27<00:56, 70.46it/s]
 31%|███       | 1797/5794 [00:27<00:56, 70.97it/s]
 31%|███       | 1805/5794 [00:27<00:56, 71.18it/s]
 31%|███▏      | 1813/5794 [00:27<00:55, 71.30it/s]
 31%|███▏      | 1821/5794 [00:27<00:55, 71.49it/s]
 32%|███▏      | 1829/5794 [00:27<00:55, 71.48it/s]
 32%|███▏      | 1837/5794 [00:27<00:55, 71.62it/s]
 32%|███▏      | 1845/5794 [00:27<00:55, 71.56it/s]
 32%|███▏      | 1853/5794 [00:27<00:54, 71.68it/s]
 32%|███▏      | 1861/5794 [00:28<00:55, 70.50it/s]
 32%|███▏      | 1869/5794 [00:28<00:56, 69.91it/s]
 32%|███▏      | 1876/5794 [00:28<00:56, 69.92it/s]
 33%|███▎      | 1884/5794 [00:28<00:55, 70.28it/s]
 33%|███▎      | 1892/5794 [00:28<00:55, 70.79it/s]
 33%|███▎      | 1900/5794 [00:28<00:54, 71.37it/s]
 33%|███▎      | 1908/5794 [00:28<00:54, 71.57it/s]
 33%|███▎      | 1916/5794 [00:28<00:54, 70.95it/s]
 33%|███▎      | 1924/5794 [00:29<00:56, 68.25it/s]
 33%|███▎      | 1931/5794 [00:29<00:58, 65.53it/s]
 33%|███▎      | 1938/5794 [00:29<00:59, 64.33it/s]
 34%|███▎      | 1945/5794 [00:29<01:01, 62.93it/s]
 34%|███▎      | 1952/5794 [00:29<01:01, 62.50it/s]
 34%|███▍      | 1959/5794 [00:29<01:02, 61.63it/s]
 34%|███▍      | 1966/5794 [00:29<01:02, 61.25it/s]
 34%|███▍      | 1973/5794 [00:29<01:02, 60.84it/s]
 34%|███▍      | 1980/5794 [00:29<01:02, 60.60it/s]
 34%|███▍      | 1987/5794 [00:30<01:02, 60.56it/s]
 34%|███▍      | 1994/5794 [00:30<01:01, 61.69it/s]
 35%|███▍      | 2001/5794 [00:30<01:01, 61.82it/s]
 35%|███▍      | 2008/5794 [00:30<01:01, 61.65it/s]
 35%|███▍      | 2015/5794 [00:30<01:01, 61.17it/s]
 35%|███▍      | 2022/5794 [00:30<01:01, 61.54it/s]
 35%|███▌      | 2029/5794 [00:30<01:01, 61.62it/s]
 35%|███▌      | 2036/5794 [00:30<01:00, 62.02it/s]
 35%|███▌      | 2043/5794 [00:30<00:58, 63.90it/s]
 35%|███▌      | 2050/5794 [00:31<00:57, 65.46it/s]
 36%|███▌      | 2057/5794 [00:31<00:56, 65.85it/s]
 36%|███▌      | 2064/5794 [00:31<00:56, 65.76it/s]
 36%|███▌      | 2071/5794 [00:31<00:55, 66.57it/s]
 36%|███▌      | 2078/5794 [00:31<00:55, 67.08it/s]
 36%|███▌      | 2086/5794 [00:31<00:54, 68.20it/s]
 36%|███▌      | 2094/5794 [00:31<00:53, 68.95it/s]
 36%|███▋      | 2101/5794 [00:31<00:54, 68.02it/s]
 36%|███▋      | 2108/5794 [00:31<00:54, 67.84it/s]
 37%|███▋      | 2116/5794 [00:32<00:53, 68.62it/s]
 37%|███▋      | 2124/5794 [00:32<00:53, 69.10it/s]
 37%|███▋      | 2131/5794 [00:32<00:53, 68.90it/s]
 37%|███▋      | 2138/5794 [00:32<00:53, 68.82it/s]
 37%|███▋      | 2145/5794 [00:32<00:52, 68.92it/s]
 37%|███▋      | 2153/5794 [00:32<00:52, 69.18it/s]
 37%|███▋      | 2160/5794 [00:32<00:53, 68.41it/s]
 37%|███▋      | 2168/5794 [00:32<00:52, 69.01it/s]
 38%|███▊      | 2175/5794 [00:32<00:52, 69.14it/s]
 38%|███▊      | 2183/5794 [00:32<00:51, 69.45it/s]
 38%|███▊      | 2191/5794 [00:33<00:51, 69.76it/s]
 38%|███▊      | 2198/5794 [00:33<00:51, 69.57it/s]
 38%|███▊      | 2206/5794 [00:33<00:51, 69.81it/s]
 38%|███▊      | 2213/5794 [00:33<00:51, 69.56it/s]
 38%|███▊      | 2221/5794 [00:33<00:51, 69.81it/s]
 38%|███▊      | 2228/5794 [00:33<00:51, 69.77it/s]
 39%|███▊      | 2236/5794 [00:33<00:50, 69.90it/s]
 39%|███▊      | 2243/5794 [00:33<00:50, 69.90it/s]
 39%|███▉      | 2250/5794 [00:33<00:51, 68.83it/s]
 39%|███▉      | 2258/5794 [00:34<00:51, 69.22it/s]
 39%|███▉      | 2265/5794 [00:34<00:50, 69.30it/s]
 39%|███▉      | 2273/5794 [00:34<00:50, 69.58it/s]
 39%|███▉      | 2281/5794 [00:34<00:50, 69.81it/s]
 40%|███▉      | 2289/5794 [00:34<00:50, 69.97it/s]
 40%|███▉      | 2296/5794 [00:34<00:50, 69.63it/s]
 40%|███▉      | 2304/5794 [00:34<00:50, 69.71it/s]
 40%|███▉      | 2311/5794 [00:34<00:49, 69.72it/s]
 40%|████      | 2318/5794 [00:34<00:50, 69.50it/s]
 40%|████      | 2326/5794 [00:35<00:49, 69.96it/s]
 40%|████      | 2333/5794 [00:35<00:49, 69.58it/s]
 40%|████      | 2341/5794 [00:35<00:49, 70.09it/s]
 41%|████      | 2349/5794 [00:35<00:49, 69.71it/s]
 41%|████      | 2356/5794 [00:35<00:50, 68.31it/s]
 41%|████      | 2363/5794 [00:35<00:50, 67.84it/s]
 41%|████      | 2370/5794 [00:35<00:50, 68.11it/s]
 41%|████      | 2377/5794 [00:35<00:50, 67.79it/s]
 41%|████      | 2384/5794 [00:35<00:50, 68.07it/s]
 41%|████▏     | 2391/5794 [00:35<00:49, 68.36it/s]
 41%|████▏     | 2398/5794 [00:36<00:49, 68.67it/s]
 42%|████▏     | 2405/5794 [00:36<00:49, 68.60it/s]
 42%|████▏     | 2412/5794 [00:36<00:49, 68.77it/s]
 42%|████▏     | 2419/5794 [00:36<00:49, 68.63it/s]
 42%|████▏     | 2426/5794 [00:36<00:48, 68.81it/s]
 42%|████▏     | 2433/5794 [00:36<00:48, 68.97it/s]
 42%|████▏     | 2440/5794 [00:36<00:48, 68.90it/s]
 42%|████▏     | 2447/5794 [00:36<00:48, 68.98it/s]
 42%|████▏     | 2454/5794 [00:36<00:48, 69.27it/s]
 42%|████▏     | 2462/5794 [00:37<00:47, 69.75it/s]
 43%|████▎     | 2469/5794 [00:37<00:47, 69.43it/s]
 43%|████▎     | 2476/5794 [00:37<00:48, 68.84it/s]
 43%|████▎     | 2483/5794 [00:37<00:48, 68.27it/s]
 43%|████▎     | 2490/5794 [00:37<00:48, 68.15it/s]
 43%|████▎     | 2497/5794 [00:37<00:48, 67.69it/s]
 43%|████▎     | 2504/5794 [00:37<00:48, 67.21it/s]
 43%|████▎     | 2511/5794 [00:37<00:48, 67.58it/s]
 43%|████▎     | 2518/5794 [00:37<00:48, 68.00it/s]
 44%|████▎     | 2525/5794 [00:37<00:47, 68.42it/s]
 44%|████▎     | 2532/5794 [00:38<00:47, 68.83it/s]
 44%|████▍     | 2539/5794 [00:38<00:47, 69.03it/s]
 44%|████▍     | 2547/5794 [00:38<00:46, 69.56it/s]
 44%|████▍     | 2554/5794 [00:38<00:46, 69.17it/s]
 44%|████▍     | 2562/5794 [00:38<00:46, 69.60it/s]
 44%|████▍     | 2569/5794 [00:38<00:46, 69.51it/s]
 44%|████▍     | 2577/5794 [00:38<00:46, 69.77it/s]
 45%|████▍     | 2584/5794 [00:38<00:45, 69.79it/s]
 45%|████▍     | 2591/5794 [00:38<00:46, 69.62it/s]
 45%|████▍     | 2599/5794 [00:39<00:45, 69.56it/s]
 45%|████▍     | 2607/5794 [00:39<00:45, 69.80it/s]
 45%|████▌     | 2615/5794 [00:39<00:45, 70.25it/s]
 45%|████▌     | 2623/5794 [00:39<00:45, 70.17it/s]
 45%|████▌     | 2631/5794 [00:39<00:44, 70.29it/s]
 46%|████▌     | 2639/5794 [00:39<00:45, 69.25it/s]
 46%|████▌     | 2646/5794 [00:39<00:45, 68.75it/s]
 46%|████▌     | 2653/5794 [00:39<00:45, 68.72it/s]
 46%|████▌     | 2660/5794 [00:39<00:46, 67.68it/s]
 46%|████▌     | 2667/5794 [00:39<00:45, 68.13it/s]
 46%|████▌     | 2674/5794 [00:40<00:45, 68.63it/s]
 46%|████▋     | 2682/5794 [00:40<00:45, 69.12it/s]
 46%|████▋     | 2690/5794 [00:40<00:44, 69.25it/s]
 47%|████▋     | 2697/5794 [00:40<00:44, 69.44it/s]
 47%|████▋     | 2705/5794 [00:40<00:44, 69.70it/s]
 47%|████▋     | 2712/5794 [00:40<00:44, 69.65it/s]
 47%|████▋     | 2719/5794 [00:40<00:44, 69.70it/s]
 47%|████▋     | 2726/5794 [00:40<00:44, 69.70it/s]
 47%|████▋     | 2734/5794 [00:40<00:43, 69.61it/s]
 47%|████▋     | 2741/5794 [00:41<00:43, 69.65it/s]
 47%|████▋     | 2749/5794 [00:41<00:43, 69.93it/s]
 48%|████▊     | 2757/5794 [00:41<00:43, 70.13it/s]
 48%|████▊     | 2765/5794 [00:41<00:43, 69.76it/s]
 48%|████▊     | 2772/5794 [00:41<00:43, 69.76it/s]
 48%|████▊     | 2779/5794 [00:41<00:44, 68.37it/s]
 48%|████▊     | 2786/5794 [00:41<00:45, 65.92it/s]
 48%|████▊     | 2793/5794 [00:41<00:46, 64.00it/s]
 48%|████▊     | 2800/5794 [00:41<00:47, 63.46it/s]
 48%|████▊     | 2807/5794 [00:42<00:47, 63.11it/s]
 49%|████▊     | 2814/5794 [00:42<00:47, 63.03it/s]
 49%|████▊     | 2821/5794 [00:42<00:47, 63.17it/s]
 49%|████▉     | 2828/5794 [00:42<00:46, 63.16it/s]
 49%|████▉     | 2835/5794 [00:42<00:46, 63.05it/s]
 49%|████▉     | 2842/5794 [00:42<00:46, 63.44it/s]
 49%|████▉     | 2849/5794 [00:42<00:46, 63.54it/s]
 49%|████▉     | 2856/5794 [00:42<00:46, 63.63it/s]
 49%|████▉     | 2863/5794 [00:42<00:46, 62.60it/s]
 50%|████▉     | 2871/5794 [00:43<00:44, 65.32it/s]
 50%|████▉     | 2878/5794 [00:43<00:44, 65.96it/s]
 50%|████▉     | 2886/5794 [00:43<00:42, 67.91it/s]
 50%|████▉     | 2894/5794 [00:43<00:42, 68.59it/s]
 50%|█████     | 2902/5794 [00:43<00:41, 69.13it/s]
 50%|█████     | 2910/5794 [00:43<00:41, 70.20it/s]
 50%|█████     | 2918/5794 [00:43<00:40, 70.96it/s]
 51%|█████     | 2926/5794 [00:43<00:40, 71.40it/s]
 51%|█████     | 2934/5794 [00:43<00:40, 71.13it/s]
 51%|█████     | 2942/5794 [00:44<00:40, 71.21it/s]
 51%|█████     | 2950/5794 [00:44<00:39, 71.17it/s]
 51%|█████     | 2958/5794 [00:44<00:40, 69.91it/s]
 51%|█████     | 2966/5794 [00:44<00:40, 70.16it/s]
 51%|█████▏    | 2974/5794 [00:44<00:40, 70.34it/s]
 51%|█████▏    | 2982/5794 [00:44<00:39, 70.80it/s]
 52%|█████▏    | 2990/5794 [00:44<00:39, 70.70it/s]
 52%|█████▏    | 2998/5794 [00:44<00:39, 70.67it/s]
 52%|█████▏    | 3006/5794 [00:44<00:40, 69.52it/s]
 52%|█████▏    | 3013/5794 [00:45<00:40, 68.59it/s]
 52%|█████▏    | 3020/5794 [00:45<00:40, 68.62it/s]
 52%|█████▏    | 3028/5794 [00:45<00:39, 69.35it/s]
 52%|█████▏    | 3035/5794 [00:45<00:39, 69.00it/s]
 53%|█████▎    | 3042/5794 [00:45<00:40, 68.60it/s]
 53%|█████▎    | 3049/5794 [00:45<00:40, 67.30it/s]
 53%|█████▎    | 3056/5794 [00:45<00:40, 67.45it/s]
 53%|█████▎    | 3063/5794 [00:45<00:40, 67.37it/s]
 53%|█████▎    | 3070/5794 [00:45<00:40, 67.35it/s]
 53%|█████▎    | 3077/5794 [00:46<00:40, 67.31it/s]
 53%|█████▎    | 3084/5794 [00:46<00:40, 67.46it/s]
 53%|█████▎    | 3091/5794 [00:46<00:39, 67.74it/s]
 53%|█████▎    | 3098/5794 [00:46<00:39, 67.57it/s]
 54%|█████▎    | 3105/5794 [00:46<00:39, 68.23it/s]
 54%|█████▎    | 3112/5794 [00:46<00:39, 68.05it/s]
 54%|█████▍    | 3119/5794 [00:46<00:39, 67.29it/s]
 54%|█████▍    | 3126/5794 [00:46<00:39, 66.97it/s]
 54%|█████▍    | 3133/5794 [00:46<00:40, 66.14it/s]
 54%|█████▍    | 3140/5794 [00:46<00:39, 66.91it/s]
 54%|█████▍    | 3147/5794 [00:47<00:39, 67.43it/s]
 54%|█████▍    | 3154/5794 [00:47<00:38, 67.88it/s]
 55%|█████▍    | 3162/5794 [00:47<00:38, 68.64it/s]
 55%|█████▍    | 3169/5794 [00:47<00:38, 68.92it/s]
 55%|█████▍    | 3176/5794 [00:47<00:38, 68.75it/s]
 55%|█████▍    | 3183/5794 [00:47<00:37, 69.02it/s]
 55%|█████▌    | 3190/5794 [00:47<00:37, 69.27it/s]
 55%|█████▌    | 3197/5794 [00:47<00:37, 69.14it/s]
 55%|█████▌    | 3204/5794 [00:47<00:37, 68.48it/s]
 55%|█████▌    | 3211/5794 [00:47<00:38, 67.81it/s]
 56%|█████▌    | 3218/5794 [00:48<00:38, 67.43it/s]
 56%|█████▌    | 3225/5794 [00:48<00:38, 67.27it/s]
 56%|█████▌    | 3232/5794 [00:48<00:38, 67.17it/s]
 56%|█████▌    | 3239/5794 [00:48<00:38, 66.71it/s]
 56%|█████▌    | 3246/5794 [00:48<00:38, 66.79it/s]
 56%|█████▌    | 3253/5794 [00:48<00:38, 66.60it/s]
 56%|█████▋    | 3260/5794 [00:48<00:38, 66.36it/s]
 56%|█████▋    | 3267/5794 [00:48<00:38, 66.27it/s]
 57%|█████▋    | 3275/5794 [00:48<00:37, 67.76it/s]
 57%|█████▋    | 3283/5794 [00:49<00:36, 68.78it/s]
 57%|█████▋    | 3291/5794 [00:49<00:36, 69.43it/s]
 57%|█████▋    | 3299/5794 [00:49<00:35, 69.89it/s]
 57%|█████▋    | 3307/5794 [00:49<00:35, 70.17it/s]
 57%|█████▋    | 3315/5794 [00:49<00:35, 70.59it/s]
 57%|█████▋    | 3323/5794 [00:49<00:34, 70.76it/s]
 57%|█████▋    | 3331/5794 [00:49<00:34, 70.86it/s]
 58%|█████▊    | 3339/5794 [00:49<00:34, 70.42it/s]
 58%|█████▊    | 3347/5794 [00:49<00:34, 70.90it/s]
 58%|█████▊    | 3355/5794 [00:50<00:34, 71.12it/s]
 58%|█████▊    | 3363/5794 [00:50<00:35, 69.32it/s]
 58%|█████▊    | 3370/5794 [00:50<00:35, 67.56it/s]
 58%|█████▊    | 3377/5794 [00:50<00:36, 66.36it/s]
 58%|█████▊    | 3384/5794 [00:50<00:36, 65.94it/s]
 59%|█████▊    | 3391/5794 [00:50<00:36, 65.15it/s]
 59%|█████▊    | 3398/5794 [00:50<00:37, 64.31it/s]
 59%|█████▉    | 3405/5794 [00:50<00:37, 63.46it/s]
 59%|█████▉    | 3412/5794 [00:50<00:37, 62.97it/s]
 59%|█████▉    | 3419/5794 [00:51<00:37, 62.82it/s]
 59%|█████▉    | 3426/5794 [00:51<00:37, 62.42it/s]
 59%|█████▉    | 3433/5794 [00:51<00:37, 62.33it/s]
 59%|█████▉    | 3440/5794 [00:51<00:37, 62.17it/s]
 59%|█████▉    | 3447/5794 [00:51<00:37, 62.23it/s]
 60%|█████▉    | 3454/5794 [00:51<00:37, 62.06it/s]
 60%|█████▉    | 3461/5794 [00:51<00:37, 61.65it/s]
 60%|█████▉    | 3468/5794 [00:51<00:37, 61.62it/s]
 60%|█████▉    | 3475/5794 [00:51<00:37, 61.74it/s]
 60%|██████    | 3482/5794 [00:52<00:37, 61.51it/s]
 60%|██████    | 3489/5794 [00:52<00:37, 61.58it/s]
 60%|██████    | 3496/5794 [00:52<00:37, 62.06it/s]
 60%|██████    | 3503/5794 [00:52<00:36, 62.49it/s]
 61%|██████    | 3510/5794 [00:52<00:36, 62.49it/s]
 61%|██████    | 3517/5794 [00:52<00:36, 62.53it/s]
 61%|██████    | 3524/5794 [00:52<00:36, 62.17it/s]
 61%|██████    | 3531/5794 [00:52<00:36, 62.51it/s]
 61%|██████    | 3538/5794 [00:53<00:36, 62.50it/s]
 61%|██████    | 3545/5794 [00:53<00:36, 62.43it/s]
 61%|██████▏   | 3552/5794 [00:53<00:35, 62.33it/s]
 61%|██████▏   | 3559/5794 [00:53<00:35, 62.46it/s]
 62%|██████▏   | 3566/5794 [00:53<00:35, 62.88it/s]
 62%|██████▏   | 3573/5794 [00:53<00:35, 63.03it/s]
 62%|██████▏   | 3580/5794 [00:53<00:35, 63.10it/s]
 62%|██████▏   | 3587/5794 [00:53<00:35, 62.97it/s]
 62%|██████▏   | 3594/5794 [00:53<00:35, 62.68it/s]
 62%|██████▏   | 3601/5794 [00:54<00:34, 62.66it/s]
 62%|██████▏   | 3608/5794 [00:54<00:35, 62.44it/s]
 62%|██████▏   | 3615/5794 [00:54<00:34, 62.55it/s]
 63%|██████▎   | 3622/5794 [00:54<00:34, 62.57it/s]
 63%|██████▎   | 3630/5794 [00:54<00:33, 65.45it/s]
 63%|██████▎   | 3638/5794 [00:54<00:32, 67.21it/s]
 63%|██████▎   | 3646/5794 [00:54<00:31, 68.63it/s]
 63%|██████▎   | 3654/5794 [00:54<00:30, 69.94it/s]
 63%|██████▎   | 3662/5794 [00:54<00:30, 70.40it/s]
 63%|██████▎   | 3670/5794 [00:55<00:29, 70.81it/s]
 63%|██████▎   | 3678/5794 [00:55<00:29, 71.27it/s]
 64%|██████▎   | 3686/5794 [00:55<00:29, 71.56it/s]
 64%|██████▍   | 3694/5794 [00:55<00:29, 71.84it/s]
 64%|██████▍   | 3702/5794 [00:55<00:28, 72.39it/s]
 64%|██████▍   | 3710/5794 [00:55<00:28, 73.13it/s]
 64%|██████▍   | 3718/5794 [00:55<00:28, 73.79it/s]
 64%|██████▍   | 3726/5794 [00:55<00:27, 74.31it/s]
 64%|██████▍   | 3734/5794 [00:55<00:27, 73.69it/s]
 65%|██████▍   | 3742/5794 [00:55<00:27, 73.77it/s]
 65%|██████▍   | 3750/5794 [00:56<00:28, 72.03it/s]
 65%|██████▍   | 3758/5794 [00:56<00:28, 71.03it/s]
 65%|██████▍   | 3766/5794 [00:56<00:29, 69.62it/s]
 65%|██████▌   | 3773/5794 [00:56<00:29, 69.24it/s]
 65%|██████▌   | 3780/5794 [00:56<00:29, 69.01it/s]
 65%|██████▌   | 3787/5794 [00:56<00:28, 69.21it/s]
 65%|██████▌   | 3794/5794 [00:56<00:29, 68.77it/s]
 66%|██████▌   | 3801/5794 [00:56<00:29, 68.61it/s]
 66%|██████▌   | 3808/5794 [00:56<00:28, 68.74it/s]
 66%|██████▌   | 3815/5794 [00:57<00:28, 68.41it/s]
 66%|██████▌   | 3822/5794 [00:57<00:28, 68.54it/s]
 66%|██████▌   | 3829/5794 [00:57<00:28, 68.62it/s]
 66%|██████▌   | 3837/5794 [00:57<00:28, 69.15it/s]
 66%|██████▋   | 3844/5794 [00:57<00:28, 68.64it/s]
 66%|██████▋   | 3851/5794 [00:57<00:28, 68.30it/s]
 67%|██████▋   | 3858/5794 [00:57<00:28, 68.73it/s]
 67%|██████▋   | 3866/5794 [00:57<00:27, 69.20it/s]
 67%|██████▋   | 3873/5794 [00:57<00:28, 68.38it/s]
 67%|██████▋   | 3880/5794 [00:58<00:27, 68.78it/s]
 67%|██████▋   | 3888/5794 [00:58<00:27, 69.47it/s]
 67%|██████▋   | 3896/5794 [00:58<00:27, 70.26it/s]
 67%|██████▋   | 3904/5794 [00:58<00:26, 70.34it/s]
 68%|██████▊   | 3912/5794 [00:58<00:26, 70.79it/s]
 68%|██████▊   | 3920/5794 [00:58<00:26, 71.15it/s]
 68%|██████▊   | 3928/5794 [00:58<00:26, 70.85it/s]
 68%|██████▊   | 3936/5794 [00:58<00:26, 71.16it/s]
 68%|██████▊   | 3944/5794 [00:58<00:26, 70.52it/s]
 68%|██████▊   | 3952/5794 [00:59<00:26, 69.66it/s]
 68%|██████▊   | 3959/5794 [00:59<00:26, 69.20it/s]
 68%|██████▊   | 3966/5794 [00:59<00:26, 68.69it/s]
 69%|██████▊   | 3973/5794 [00:59<00:26, 68.49it/s]
 69%|██████▊   | 3980/5794 [00:59<00:26, 68.59it/s]
 69%|██████▉   | 3987/5794 [00:59<00:26, 68.55it/s]
 69%|██████▉   | 3994/5794 [00:59<00:26, 67.63it/s]
 69%|██████▉   | 4001/5794 [00:59<00:26, 67.66it/s]
 69%|██████▉   | 4008/5794 [00:59<00:26, 67.36it/s]
 69%|██████▉   | 4015/5794 [00:59<00:26, 67.25it/s]
 69%|██████▉   | 4022/5794 [01:00<00:26, 67.66it/s]
 70%|██████▉   | 4030/5794 [01:00<00:25, 68.46it/s]
 70%|██████▉   | 4037/5794 [01:00<00:25, 68.13it/s]
 70%|██████▉   | 4045/5794 [01:00<00:25, 68.78it/s]
 70%|██████▉   | 4052/5794 [01:00<00:25, 68.18it/s]
 70%|███████   | 4059/5794 [01:00<00:25, 66.95it/s]
 70%|███████   | 4066/5794 [01:00<00:26, 66.17it/s]
 70%|███████   | 4073/5794 [01:00<00:25, 66.88it/s]
 70%|███████   | 4080/5794 [01:00<00:25, 67.15it/s]
 71%|███████   | 4087/5794 [01:01<00:25, 67.42it/s]
 71%|███████   | 4094/5794 [01:01<00:24, 68.10it/s]
 71%|███████   | 4101/5794 [01:01<00:24, 67.99it/s]
 71%|███████   | 4108/5794 [01:01<00:24, 68.22it/s]
 71%|███████   | 4115/5794 [01:01<00:24, 68.01it/s]
 71%|███████   | 4122/5794 [01:01<00:24, 67.89it/s]
 71%|███████▏  | 4130/5794 [01:01<00:24, 69.09it/s]
 71%|███████▏  | 4138/5794 [01:01<00:23, 69.59it/s]
 72%|███████▏  | 4146/5794 [01:01<00:23, 70.03it/s]
 72%|███████▏  | 4154/5794 [01:01<00:23, 70.49it/s]
 72%|███████▏  | 4162/5794 [01:02<00:22, 71.07it/s]
 72%|███████▏  | 4170/5794 [01:02<00:22, 70.72it/s]
 72%|███████▏  | 4178/5794 [01:02<00:22, 70.91it/s]
 72%|███████▏  | 4186/5794 [01:02<00:22, 70.83it/s]
 72%|███████▏  | 4194/5794 [01:02<00:22, 71.26it/s]
 73%|███████▎  | 4202/5794 [01:02<00:22, 70.45it/s]
 73%|███████▎  | 4210/5794 [01:02<00:22, 69.23it/s]
 73%|███████▎  | 4218/5794 [01:02<00:22, 69.77it/s]
 73%|███████▎  | 4226/5794 [01:03<00:22, 70.05it/s]
 73%|███████▎  | 4234/5794 [01:03<00:21, 70.96it/s]
 73%|███████▎  | 4242/5794 [01:03<00:21, 71.44it/s]
 73%|███████▎  | 4250/5794 [01:03<00:21, 70.51it/s]
 73%|███████▎  | 4258/5794 [01:03<00:21, 71.22it/s]
 74%|███████▎  | 4266/5794 [01:03<00:21, 71.33it/s]
 74%|███████▍  | 4274/5794 [01:03<00:21, 71.27it/s]
 74%|███████▍  | 4282/5794 [01:03<00:21, 69.87it/s]
 74%|███████▍  | 4289/5794 [01:03<00:22, 67.11it/s]
 74%|███████▍  | 4296/5794 [01:04<00:22, 65.96it/s]
 74%|███████▍  | 4303/5794 [01:04<00:22, 66.41it/s]
 74%|███████▍  | 4310/5794 [01:04<00:23, 64.45it/s]
 75%|███████▍  | 4317/5794 [01:04<00:23, 64.13it/s]
 75%|███████▍  | 4324/5794 [01:04<00:23, 63.50it/s]
 75%|███████▍  | 4331/5794 [01:04<00:23, 63.03it/s]
 75%|███████▍  | 4338/5794 [01:04<00:23, 63.18it/s]
 75%|███████▍  | 4345/5794 [01:04<00:22, 64.70it/s]
 75%|███████▌  | 4352/5794 [01:04<00:22, 65.31it/s]
 75%|███████▌  | 4359/5794 [01:05<00:21, 65.52it/s]
 75%|███████▌  | 4366/5794 [01:05<00:21, 65.98it/s]
 75%|███████▌  | 4373/5794 [01:05<00:21, 66.82it/s]
 76%|███████▌  | 4381/5794 [01:05<00:20, 68.26it/s]
 76%|███████▌  | 4388/5794 [01:05<00:20, 68.17it/s]
 76%|███████▌  | 4395/5794 [01:05<00:20, 67.46it/s]
 76%|███████▌  | 4403/5794 [01:05<00:20, 68.72it/s]
 76%|███████▌  | 4411/5794 [01:05<00:19, 69.36it/s]
 76%|███████▋  | 4419/5794 [01:05<00:19, 69.92it/s]
 76%|███████▋  | 4426/5794 [01:05<00:19, 69.49it/s]
 77%|███████▋  | 4434/5794 [01:06<00:19, 70.20it/s]
 77%|███████▋  | 4442/5794 [01:06<00:19, 70.63it/s]
 77%|███████▋  | 4450/5794 [01:06<00:19, 67.32it/s]
 77%|███████▋  | 4457/5794 [01:06<00:20, 65.45it/s]
 77%|███████▋  | 4464/5794 [01:06<00:20, 63.81it/s]
 77%|███████▋  | 4471/5794 [01:06<00:21, 62.33it/s]
 77%|███████▋  | 4478/5794 [01:06<00:21, 61.57it/s]
 77%|███████▋  | 4485/5794 [01:06<00:21, 60.91it/s]
 78%|███████▊  | 4492/5794 [01:07<00:21, 60.55it/s]
 78%|███████▊  | 4499/5794 [01:07<00:21, 60.66it/s]
 78%|███████▊  | 4506/5794 [01:07<00:21, 60.55it/s]
 78%|███████▊  | 4513/5794 [01:07<00:21, 60.27it/s]
 78%|███████▊  | 4520/5794 [01:07<00:21, 59.92it/s]
 78%|███████▊  | 4526/5794 [01:07<00:21, 59.24it/s]
 78%|███████▊  | 4532/5794 [01:07<00:21, 58.19it/s]
 78%|███████▊  | 4538/5794 [01:07<00:21, 58.08it/s]
 78%|███████▊  | 4544/5794 [01:07<00:21, 57.80it/s]
 79%|███████▊  | 4550/5794 [01:08<00:21, 58.02it/s]
 79%|███████▊  | 4556/5794 [01:08<00:21, 57.67it/s]
 79%|███████▊  | 4562/5794 [01:08<00:21, 57.99it/s]
 79%|███████▉  | 4568/5794 [01:08<00:21, 58.11it/s]
 79%|███████▉  | 4574/5794 [01:08<00:20, 58.59it/s]
 79%|███████▉  | 4580/5794 [01:08<00:20, 58.79it/s]
 79%|███████▉  | 4587/5794 [01:08<00:20, 59.21it/s]
 79%|███████▉  | 4593/5794 [01:08<00:20, 58.89it/s]
 79%|███████▉  | 4599/5794 [01:08<00:20, 59.02it/s]
 79%|███████▉  | 4605/5794 [01:08<00:20, 59.23it/s]
 80%|███████▉  | 4612/5794 [01:09<00:19, 59.61it/s]
 80%|███████▉  | 4619/5794 [01:09<00:19, 59.82it/s]
 80%|███████▉  | 4626/5794 [01:09<00:19, 59.98it/s]
 80%|███████▉  | 4633/5794 [01:09<00:18, 61.34it/s]
 80%|████████  | 4640/5794 [01:09<00:18, 63.67it/s]
 80%|████████  | 4647/5794 [01:09<00:17, 65.29it/s]
 80%|████████  | 4654/5794 [01:09<00:17, 66.46it/s]
 80%|████████  | 4661/5794 [01:09<00:17, 64.90it/s]
 81%|████████  | 4668/5794 [01:09<00:17, 63.87it/s]
 81%|████████  | 4675/5794 [01:10<00:17, 63.43it/s]
 81%|████████  | 4682/5794 [01:10<00:17, 62.92it/s]
 81%|████████  | 4689/5794 [01:10<00:17, 62.91it/s]
 81%|████████  | 4697/5794 [01:10<00:16, 64.82it/s]
 81%|████████  | 4705/5794 [01:10<00:16, 65.58it/s]
 81%|████████▏ | 4713/5794 [01:10<00:16, 66.98it/s]
 81%|████████▏ | 4721/5794 [01:10<00:15, 68.23it/s]
 82%|████████▏ | 4729/5794 [01:10<00:15, 68.79it/s]
 82%|████████▏ | 4737/5794 [01:10<00:15, 69.29it/s]
 82%|████████▏ | 4745/5794 [01:11<00:15, 69.78it/s]
 82%|████████▏ | 4752/5794 [01:11<00:14, 69.77it/s]
 82%|████████▏ | 4760/5794 [01:11<00:14, 70.02it/s]
 82%|████████▏ | 4768/5794 [01:11<00:14, 69.76it/s]
 82%|████████▏ | 4776/5794 [01:11<00:14, 70.14it/s]
 83%|████████▎ | 4784/5794 [01:11<00:14, 70.23it/s]
 83%|████████▎ | 4792/5794 [01:11<00:14, 70.61it/s]
 83%|████████▎ | 4800/5794 [01:11<00:14, 70.40it/s]
 83%|████████▎ | 4808/5794 [01:11<00:13, 70.83it/s]
 83%|████████▎ | 4816/5794 [01:12<00:13, 70.86it/s]
 83%|████████▎ | 4824/5794 [01:12<00:13, 70.30it/s]
 83%|████████▎ | 4832/5794 [01:12<00:13, 70.53it/s]
 84%|████████▎ | 4840/5794 [01:12<00:13, 70.95it/s]
 84%|████████▎ | 4848/5794 [01:12<00:13, 71.06it/s]
 84%|████████▍ | 4856/5794 [01:12<00:13, 71.12it/s]
 84%|████████▍ | 4864/5794 [01:12<00:13, 71.21it/s]
 84%|████████▍ | 4872/5794 [01:12<00:12, 71.28it/s]
 84%|████████▍ | 4880/5794 [01:12<00:12, 71.48it/s]
 84%|████████▍ | 4888/5794 [01:13<00:12, 71.35it/s]
 85%|████████▍ | 4896/5794 [01:13<00:12, 71.45it/s]
 85%|████████▍ | 4904/5794 [01:13<00:12, 71.07it/s]
 85%|████████▍ | 4912/5794 [01:13<00:12, 70.85it/s]
 85%|████████▍ | 4920/5794 [01:13<00:12, 70.13it/s]
 85%|████████▌ | 4928/5794 [01:13<00:12, 70.38it/s]
 85%|████████▌ | 4936/5794 [01:13<00:12, 70.36it/s]
 85%|████████▌ | 4944/5794 [01:13<00:12, 70.41it/s]
 85%|████████▌ | 4952/5794 [01:14<00:12, 70.15it/s]
 86%|████████▌ | 4960/5794 [01:14<00:11, 69.51it/s]
 86%|████████▌ | 4967/5794 [01:14<00:12, 66.43it/s]
 86%|████████▌ | 4974/5794 [01:14<00:12, 64.01it/s]
 86%|████████▌ | 4981/5794 [01:14<00:13, 62.52it/s]
 86%|████████▌ | 4988/5794 [01:14<00:13, 61.28it/s]
 86%|████████▌ | 4995/5794 [01:14<00:13, 60.01it/s]
 86%|████████▋ | 5002/5794 [01:14<00:12, 62.08it/s]
 86%|████████▋ | 5009/5794 [01:14<00:12, 63.85it/s]
 87%|████████▋ | 5016/5794 [01:15<00:11, 65.29it/s]
 87%|████████▋ | 5023/5794 [01:15<00:11, 66.09it/s]
 87%|████████▋ | 5030/5794 [01:15<00:11, 66.68it/s]
 87%|████████▋ | 5037/5794 [01:15<00:11, 67.00it/s]
 87%|████████▋ | 5044/5794 [01:15<00:11, 66.12it/s]
 87%|████████▋ | 5051/5794 [01:15<00:11, 66.38it/s]
 87%|████████▋ | 5058/5794 [01:15<00:11, 66.67it/s]
 87%|████████▋ | 5065/5794 [01:15<00:10, 67.16it/s]
 88%|████████▊ | 5072/5794 [01:15<00:10, 67.68it/s]
 88%|████████▊ | 5079/5794 [01:15<00:10, 68.03it/s]
 88%|████████▊ | 5087/5794 [01:16<00:10, 68.74it/s]
 88%|████████▊ | 5095/5794 [01:16<00:10, 69.28it/s]
 88%|████████▊ | 5102/5794 [01:16<00:10, 69.07it/s]
 88%|████████▊ | 5109/5794 [01:16<00:09, 69.23it/s]
 88%|████████▊ | 5117/5794 [01:16<00:09, 69.73it/s]
 88%|████████▊ | 5124/5794 [01:16<00:09, 67.40it/s]
 89%|████████▊ | 5131/5794 [01:16<00:10, 65.55it/s]
 89%|████████▊ | 5138/5794 [01:16<00:10, 62.96it/s]
 89%|████████▉ | 5145/5794 [01:16<00:10, 62.58it/s]
 89%|████████▉ | 5152/5794 [01:17<00:10, 62.41it/s]
 89%|████████▉ | 5159/5794 [01:17<00:10, 62.42it/s]
 89%|████████▉ | 5166/5794 [01:17<00:10, 62.22it/s]
 89%|████████▉ | 5173/5794 [01:17<00:10, 61.47it/s]
 89%|████████▉ | 5180/5794 [01:17<00:10, 61.33it/s]
 90%|████████▉ | 5187/5794 [01:17<00:09, 61.32it/s]
 90%|████████▉ | 5194/5794 [01:17<00:09, 61.23it/s]
 90%|████████▉ | 5201/5794 [01:17<00:09, 61.61it/s]
 90%|████████▉ | 5208/5794 [01:17<00:09, 60.77it/s]
 90%|█████████ | 5215/5794 [01:18<00:09, 60.90it/s]
 90%|█████████ | 5222/5794 [01:18<00:09, 63.29it/s]
 90%|█████████ | 5229/5794 [01:18<00:08, 64.85it/s]
 90%|█████████ | 5237/5794 [01:18<00:08, 66.85it/s]
 91%|█████████ | 5245/5794 [01:18<00:08, 68.24it/s]
 91%|█████████ | 5253/5794 [01:18<00:07, 69.23it/s]
 91%|█████████ | 5261/5794 [01:18<00:07, 70.20it/s]
 91%|█████████ | 5269/5794 [01:18<00:07, 70.86it/s]
 91%|█████████ | 5277/5794 [01:18<00:07, 71.58it/s]
 91%|█████████ | 5285/5794 [01:19<00:07, 72.10it/s]
 91%|█████████▏| 5293/5794 [01:19<00:06, 71.78it/s]
 91%|█████████▏| 5301/5794 [01:19<00:06, 70.78it/s]
 92%|█████████▏| 5309/5794 [01:19<00:06, 70.23it/s]
 92%|█████████▏| 5317/5794 [01:19<00:06, 70.35it/s]
 92%|█████████▏| 5325/5794 [01:19<00:06, 70.71it/s]
 92%|█████████▏| 5333/5794 [01:19<00:06, 71.18it/s]
 92%|█████████▏| 5341/5794 [01:19<00:06, 71.10it/s]
 92%|█████████▏| 5349/5794 [01:19<00:06, 71.14it/s]
 92%|█████████▏| 5357/5794 [01:20<00:06, 71.32it/s]
 93%|█████████▎| 5365/5794 [01:20<00:05, 72.05it/s]
 93%|█████████▎| 5373/5794 [01:20<00:05, 71.95it/s]
 93%|█████████▎| 5381/5794 [01:20<00:05, 71.31it/s]
 93%|█████████▎| 5389/5794 [01:20<00:05, 71.82it/s]
 93%|█████████▎| 5397/5794 [01:20<00:05, 72.59it/s]
 93%|█████████▎| 5405/5794 [01:20<00:05, 73.10it/s]
 93%|█████████▎| 5413/5794 [01:20<00:05, 73.47it/s]
 94%|█████████▎| 5421/5794 [01:20<00:05, 73.91it/s]
 94%|█████████▎| 5429/5794 [01:21<00:04, 74.02it/s]
 94%|█████████▍| 5437/5794 [01:21<00:04, 71.77it/s]
 94%|█████████▍| 5445/5794 [01:21<00:05, 69.34it/s]
 94%|█████████▍| 5452/5794 [01:21<00:05, 67.46it/s]
 94%|█████████▍| 5459/5794 [01:21<00:05, 66.22it/s]
 94%|█████████▍| 5466/5794 [01:21<00:05, 64.99it/s]
 94%|█████████▍| 5473/5794 [01:21<00:04, 64.29it/s]
 95%|█████████▍| 5480/5794 [01:21<00:04, 63.36it/s]
 95%|█████████▍| 5487/5794 [01:22<00:04, 63.10it/s]
 95%|█████████▍| 5494/5794 [01:22<00:04, 62.03it/s]
 95%|█████████▍| 5501/5794 [01:22<00:04, 60.97it/s]
 95%|█████████▌| 5508/5794 [01:22<00:04, 61.59it/s]
 95%|█████████▌| 5515/5794 [01:22<00:04, 62.19it/s]
 95%|█████████▌| 5522/5794 [01:22<00:04, 62.26it/s]
 95%|█████████▌| 5529/5794 [01:22<00:04, 62.53it/s]
 96%|█████████▌| 5536/5794 [01:22<00:04, 62.74it/s]
 96%|█████████▌| 5543/5794 [01:22<00:03, 63.00it/s]
 96%|█████████▌| 5550/5794 [01:23<00:03, 62.14it/s]
 96%|█████████▌| 5557/5794 [01:23<00:03, 62.44it/s]
 96%|█████████▌| 5564/5794 [01:23<00:03, 61.95it/s]
 96%|█████████▌| 5571/5794 [01:23<00:03, 62.25it/s]
 96%|█████████▋| 5578/5794 [01:23<00:03, 62.05it/s]
 96%|█████████▋| 5585/5794 [01:23<00:03, 62.05it/s]
 97%|█████████▋| 5592/5794 [01:23<00:03, 62.17it/s]
 97%|█████████▋| 5599/5794 [01:23<00:03, 61.87it/s]
 97%|█████████▋| 5606/5794 [01:23<00:03, 61.85it/s]
 97%|█████████▋| 5613/5794 [01:24<00:02, 62.16it/s]
 97%|█████████▋| 5620/5794 [01:24<00:02, 62.26it/s]
 97%|█████████▋| 5627/5794 [01:24<00:02, 62.32it/s]
 97%|█████████▋| 5634/5794 [01:24<00:02, 61.63it/s]
 97%|█████████▋| 5641/5794 [01:24<00:02, 61.53it/s]
 97%|█████████▋| 5648/5794 [01:24<00:02, 61.90it/s]
 98%|█████████▊| 5655/5794 [01:24<00:02, 62.07it/s]
 98%|█████████▊| 5662/5794 [01:24<00:02, 61.72it/s]
 98%|█████████▊| 5669/5794 [01:24<00:02, 61.08it/s]
 98%|█████████▊| 5676/5794 [01:25<00:01, 60.46it/s]
 98%|█████████▊| 5683/5794 [01:25<00:01, 60.26it/s]
 98%|█████████▊| 5690/5794 [01:25<00:01, 60.34it/s]
 98%|█████████▊| 5697/5794 [01:25<00:01, 60.23it/s]
 98%|█████████▊| 5704/5794 [01:25<00:01, 59.93it/s]
 99%|█████████▊| 5711/5794 [01:25<00:01, 60.34it/s]
 99%|█████████▊| 5718/5794 [01:25<00:01, 60.06it/s]
 99%|█████████▉| 5725/5794 [01:25<00:01, 60.82it/s]
 99%|█████████▉| 5732/5794 [01:25<00:01, 61.41it/s]
 99%|█████████▉| 5739/5794 [01:26<00:00, 61.68it/s]
 99%|█████████▉| 5746/5794 [01:26<00:00, 61.82it/s]
 99%|█████████▉| 5753/5794 [01:26<00:00, 61.98it/s]
 99%|█████████▉| 5760/5794 [01:26<00:00, 62.15it/s]
100%|█████████▉| 5767/5794 [01:26<00:00, 62.24it/s]
100%|█████████▉| 5774/5794 [01:26<00:00, 62.06it/s]
100%|█████████▉| 5781/5794 [01:26<00:00, 61.55it/s]
100%|█████████▉| 5788/5794 [01:26<00:00, 61.22it/s]
100%|██████████| 5794/5794 [01:27<00:00, 66.50it/s]
BALANCED ACCS CHECKED FOR TEST
TEST SET RESULTS FOR CHECKPOINT trained_weights/waterbirds/gals_waterbird_1.0_forest2water2_21050510_trial_000/best_balanced_valacc_0.57_epoch_0.ckpt
test_acc: 0.6791508457024508
balanced_test_acc: 0.5590903910313529
Land_on_Land_test_acc: 0.9964523281596452
Land_on_Water_test_acc: 0.5529933481152993
Water_on_Land_test_acc: 0.018691588785046728
Water_on_Water_test_acc: 0.6682242990654206
test_acc_Waterbird: 0.34345794392523366
test_acc_Landbird: 0.7747228381374723
