[CMD] /home/ryreu/miniconda3/envs/gals_a100/bin/python -u main.py --config configs/waterbirds_95_gals.yaml --name gals_waterbird_complete95_forest2water2_21050510_trial_000 DATA.ROOT=/home/ryreu/guided_cnn/waterbirds DATA.WATERBIRDS_DIR=waterbird_complete95_forest2water2 SEED=0 EXP.BASE.LR=0.0010000000000000002 EXP.CLASSIFIER.LR=9.999999999999991e-05 EXP.WEIGHT_DECAY=9.999999999999997e-06 EXP.AUX_LOSSES_ON_VAL=False EXP.LOSSES.GRADIENT_OUTSIDE.WEIGHT=10.000000000000002 EXP.NUM_EPOCHS=1
SEED: 0
DATA:
  BATCH_SIZE: 96
  NUM_WORKERS: 4
  SIZE: 224
  NORMALIZATION: imagenet
  ATTENTION_DIR: clip_rn50_attention_gradcam
  SEPARATE_CLASSES: false
  REMOVE_BACKGROUND: false
  ROOT: /home/ryreu/guided_cnn/waterbirds
  USE_CLASS_WEIGHTS: false
  USE_GROUP_WEIGHTS: false
  DATASET: waterbirds
  NUM_CLASSES: 2
  CONFOUNDING_FACTOR: 0.95
  WATERBIRDS_DIR: waterbird_complete95_forest2water2
EXP:
  NUM_TRIALS: 1
  LOSSES:
    CLASSIFICATION:
      WEIGHT: 1
    GRADIENT_OUTSIDE:
      COMPUTE: true
      LOG: false
      WEIGHT: 10.000000000000002
      CRITERION: L1
      GT: clip_rn50
      COMBINE_ATT_MODE: average_nonzero
    GRADIENT_INSIDE:
      COMPUTE: false
      LOG: false
      WEIGHT: 1
      CRITERION: L1
      GT: segmentation
      COMBINE_ATT_MODE: average_nonzero
    GRADCAM:
      COMPUTE: false
      LOG: false
      WEIGHT: 1
      CRITERION: L1
      GT: segmentation
      MODE: match
      COMBINE_ATT_MODE: average_nonzero
  APPROACH: generic
  MODEL: resnet50
  PRETRAINED: true
  NUM_EPOCHS: 1
  OPTIMIZER: SGD
  WEIGHT_DECAY: 9.999999999999997e-06
  MOMENTUM: 0.9
  SCHEDULER: NONE
  BASE:
    LR: 0.0010000000000000002
  CLASSIFIER:
    LR: 9.999999999999991e-05
  AUX_LOSSES_ON_VAL: false
LOGGING:
  SAVE_EVERY: 0
  SAVE_BEST: true
  SAVE_LAST: false
  LOG_ATTENTION: false
  LOG_ATTENTION_STEP: 10
  SAVE_STATS_PATH: null
yaml: configs/waterbirds_95_gals.yaml
name: gals_waterbird_complete95_forest2water2_21050510_trial_000
test_checkpoint: null

WATERBIRDS DIR: /home/ryreu/guided_cnn/waterbirds/waterbird_complete95_forest2water2
NUMBER OF SAMPLES WITH LABEL Landbird: 3682
NUMBER OF SAMPLES WITH LABEL Waterbird: 1113
NUMBER OF SAMPLES WITH GROUP Land_on_Land: 3498
NUMBER OF SAMPLES WITH GROUP Land_on_Water: 184
NUMBER OF SAMPLES WITH GROUP Water_on_Land: 56
NUMBER OF SAMPLES WITH GROUP Water_on_Water: 1057
WATERBIRDS DIR: /home/ryreu/guided_cnn/waterbirds/waterbird_complete95_forest2water2
NUMBER OF SAMPLES WITH LABEL Landbird: 933
NUMBER OF SAMPLES WITH LABEL Waterbird: 266
NUMBER OF SAMPLES WITH GROUP Land_on_Land: 467
NUMBER OF SAMPLES WITH GROUP Land_on_Water: 466
NUMBER OF SAMPLES WITH GROUP Water_on_Land: 133
NUMBER OF SAMPLES WITH GROUP Water_on_Water: 133
NUM TRAIN: 4795

NUM VAL:   1199

Number classifier outputs: 1
Using pretrained model: True
USING SGD OPTIMIZER
class weights: None
group weights: None
WANDB DISABLED: skipping wandb.init()
EPOCH: 0

>>> TRAINING 


  0%|          | 0/50 [00:00<?, ?it/s]
  2%|▏         | 1/50 [00:04<03:39,  4.49s/it]
  4%|▍         | 2/50 [00:05<01:59,  2.49s/it]
  6%|▌         | 3/50 [00:06<01:27,  1.86s/it]
  8%|▊         | 4/50 [00:07<01:11,  1.56s/it]
 10%|█         | 5/50 [00:08<01:02,  1.39s/it]
 12%|█▏        | 6/50 [00:09<00:56,  1.28s/it]
 14%|█▍        | 7/50 [00:11<00:52,  1.22s/it]
 16%|█▌        | 8/50 [00:12<00:49,  1.18s/it]
 18%|█▊        | 9/50 [00:13<00:47,  1.16s/it]
 20%|██        | 10/50 [00:14<00:45,  1.14s/it]
 22%|██▏       | 11/50 [00:15<00:43,  1.13s/it]
 24%|██▍       | 12/50 [00:16<00:42,  1.11s/it]
 26%|██▌       | 13/50 [00:17<00:41,  1.11s/it]
 28%|██▊       | 14/50 [00:18<00:39,  1.11s/it]
 30%|███       | 15/50 [00:19<00:38,  1.11s/it]
 32%|███▏      | 16/50 [00:20<00:37,  1.10s/it]
 34%|███▍      | 17/50 [00:22<00:36,  1.11s/it]
 36%|███▌      | 18/50 [00:23<00:35,  1.10s/it]
 38%|███▊      | 19/50 [00:24<00:34,  1.10s/it]
 40%|████      | 20/50 [00:25<00:32,  1.10s/it]
 42%|████▏     | 21/50 [00:26<00:31,  1.10s/it]
 44%|████▍     | 22/50 [00:27<00:30,  1.10s/it]
 46%|████▌     | 23/50 [00:28<00:29,  1.10s/it]
 48%|████▊     | 24/50 [00:29<00:28,  1.10s/it]
 50%|█████     | 25/50 [00:30<00:27,  1.10s/it]
 52%|█████▏    | 26/50 [00:31<00:26,  1.10s/it]
 54%|█████▍    | 27/50 [00:33<00:25,  1.10s/it]
 56%|█████▌    | 28/50 [00:34<00:24,  1.10s/it]
 58%|█████▊    | 29/50 [00:35<00:23,  1.10s/it]
 60%|██████    | 30/50 [00:36<00:21,  1.10s/it]
 62%|██████▏   | 31/50 [00:37<00:20,  1.10s/it]
 64%|██████▍   | 32/50 [00:38<00:19,  1.10s/it]
 66%|██████▌   | 33/50 [00:39<00:18,  1.10s/it]
 68%|██████▊   | 34/50 [00:40<00:17,  1.10s/it]
 70%|███████   | 35/50 [00:41<00:16,  1.10s/it]
 72%|███████▏  | 36/50 [00:42<00:15,  1.09s/it]
 74%|███████▍  | 37/50 [00:44<00:14,  1.10s/it]
 76%|███████▌  | 38/50 [00:45<00:13,  1.10s/it]
 78%|███████▊  | 39/50 [00:46<00:12,  1.10s/it]
 80%|████████  | 40/50 [00:47<00:10,  1.10s/it]
 82%|████████▏ | 41/50 [00:48<00:09,  1.10s/it]
 84%|████████▍ | 42/50 [00:49<00:08,  1.10s/it]
 86%|████████▌ | 43/50 [00:50<00:07,  1.10s/it]
 88%|████████▊ | 44/50 [00:51<00:06,  1.10s/it]
 90%|█████████ | 45/50 [00:52<00:05,  1.09s/it]
 92%|█████████▏| 46/50 [00:53<00:04,  1.09s/it]
 94%|█████████▍| 47/50 [00:54<00:03,  1.09s/it]
 96%|█████████▌| 48/50 [00:56<00:02,  1.08s/it]
 98%|█████████▊| 49/50 [00:57<00:01,  1.09s/it]
100%|██████████| 50/50 [00:58<00:00,  1.09s/it]
100%|██████████| 50/50 [00:58<00:00,  1.17s/it]
>>> VALIDATING 


  0%|          | 0/13 [00:00<?, ?it/s]
  8%|▊         | 1/13 [00:01<00:12,  1.06s/it]
 23%|██▎       | 3/13 [00:01<00:03,  3.03it/s]
 38%|███▊      | 5/13 [00:01<00:02,  3.35it/s]
 54%|█████▍    | 7/13 [00:01<00:01,  4.91it/s]
 69%|██████▉   | 9/13 [00:02<00:00,  4.37it/s]
 85%|████████▍ | 11/13 [00:02<00:00,  5.72it/s]
100%|██████████| 13/13 [00:02<00:00,  6.99it/s]
100%|██████████| 13/13 [00:02<00:00,  4.62it/s]
>>> LOGGING 

BALANCED ACCS CHECKED FOR TRAIN
BALANCED ACCS CHECKED FOR VAL
train_acc: 0.7067778936392075
val_acc: 0.713094245204337
train_cls_loss: 0.4954315274549848
val_cls_loss: 0.5280270112415867
train_total_loss: 0.49546385986712976
val_total_loss: 0.5280270112415867
balanced_train_acc: 0.5683488260071946
balanced_val_acc: 0.5455459388019889
Land_on_Land_train_acc: 0.8319039451114922
Land_on_Land_val_acc: 0.9978586723768736
Land_on_Water_train_acc: 0.7282608695652174
Land_on_Water_val_acc: 0.6952789699570815
Water_on_Land_train_acc: 0.14285714285714285
Water_on_Land_val_acc: 0.007518796992481203
Water_on_Water_train_acc: 0.31882686849574265
Water_on_Water_val_acc: 0.48120300751879697
train_dydx_outside_clip_rn50_loss: 3.233189005969793e-05
train_acc_Landbird: 0.8267246061922868
train_acc_Waterbird: 0.30997304582210244
val_acc_Landbird: 0.8467309753483387
val_acc_Waterbird: 0.24436090225563908
TRAIN ACC:        0.7067778936392075
VAL ACC:          0.713094245204337
BALANCED VAL ACC: 0.5455459388019889
prev best list: []
Saving to trained_weights/waterbirds/gals_waterbird_complete95_forest2water2_21050510_trial_000/best_balanced_valacc_0.55_epoch_0.ckpt
>>> EVALUATING ON TEST SET
WATERBIRDS DIR: /home/ryreu/guided_cnn/waterbirds/waterbird_complete95_forest2water2
NUMBER OF SAMPLES WITH LABEL Landbird: 4510
NUMBER OF SAMPLES WITH LABEL Waterbird: 1284
NUMBER OF SAMPLES WITH GROUP Land_on_Land: 2255
NUMBER OF SAMPLES WITH GROUP Land_on_Water: 2255
NUMBER OF SAMPLES WITH GROUP Water_on_Land: 642
NUMBER OF SAMPLES WITH GROUP Water_on_Water: 642
NUM TEST:   5794

Loaded checkpoint trained_weights/waterbirds/gals_waterbird_complete95_forest2water2_21050510_trial_000/best_balanced_valacc_0.55_epoch_0.ckpt

  0%|          | 0/5794 [00:00<?, ?it/s]
  0%|          | 1/5794 [00:00<24:14,  3.98it/s]
  0%|          | 8/5794 [00:00<03:36, 26.77it/s]
  0%|          | 15/5794 [00:00<02:24, 39.87it/s]
  0%|          | 22/5794 [00:00<02:00, 47.75it/s]
  1%|          | 29/5794 [00:00<01:48, 52.89it/s]
  1%|          | 36/5794 [00:00<01:42, 56.18it/s]
  1%|          | 43/5794 [00:00<01:38, 58.49it/s]
  1%|          | 50/5794 [00:01<01:35, 60.04it/s]
  1%|          | 57/5794 [00:01<01:33, 61.12it/s]
  1%|          | 64/5794 [00:01<01:32, 61.69it/s]
  1%|          | 71/5794 [00:01<01:32, 62.05it/s]
  1%|▏         | 78/5794 [00:01<01:31, 62.46it/s]
  1%|▏         | 85/5794 [00:01<01:30, 62.90it/s]
  2%|▏         | 92/5794 [00:01<01:30, 62.92it/s]
  2%|▏         | 99/5794 [00:01<01:30, 63.13it/s]
  2%|▏         | 106/5794 [00:01<01:30, 63.17it/s]
  2%|▏         | 113/5794 [00:02<01:29, 63.41it/s]
  2%|▏         | 120/5794 [00:02<01:29, 63.39it/s]
  2%|▏         | 127/5794 [00:02<01:29, 63.34it/s]
  2%|▏         | 134/5794 [00:02<01:29, 63.37it/s]
  2%|▏         | 141/5794 [00:02<01:29, 63.28it/s]
  3%|▎         | 148/5794 [00:02<01:29, 63.41it/s]
  3%|▎         | 155/5794 [00:02<01:29, 63.28it/s]
  3%|▎         | 162/5794 [00:02<01:28, 63.31it/s]
  3%|▎         | 169/5794 [00:02<01:28, 63.33it/s]
  3%|▎         | 176/5794 [00:03<01:28, 63.15it/s]
  3%|▎         | 183/5794 [00:03<01:28, 63.27it/s]
  3%|▎         | 190/5794 [00:03<01:29, 62.87it/s]
  3%|▎         | 197/5794 [00:03<01:28, 63.12it/s]
  4%|▎         | 204/5794 [00:03<01:28, 63.28it/s]
  4%|▎         | 211/5794 [00:03<01:28, 63.27it/s]
  4%|▍         | 218/5794 [00:03<01:28, 63.05it/s]
  4%|▍         | 225/5794 [00:03<01:28, 63.02it/s]
  4%|▍         | 232/5794 [00:03<01:28, 62.99it/s]
  4%|▍         | 239/5794 [00:04<01:27, 63.19it/s]
  4%|▍         | 246/5794 [00:04<01:27, 63.21it/s]
  4%|▍         | 254/5794 [00:04<01:23, 65.96it/s]
  5%|▍         | 262/5794 [00:04<01:21, 68.09it/s]
  5%|▍         | 270/5794 [00:04<01:19, 69.50it/s]
  5%|▍         | 278/5794 [00:04<01:18, 70.44it/s]
  5%|▍         | 286/5794 [00:04<01:17, 71.25it/s]
  5%|▌         | 294/5794 [00:04<01:16, 71.52it/s]
  5%|▌         | 302/5794 [00:04<01:16, 72.14it/s]
  5%|▌         | 310/5794 [00:05<01:15, 72.22it/s]
  5%|▌         | 318/5794 [00:05<01:15, 72.59it/s]
  6%|▌         | 326/5794 [00:05<01:15, 72.57it/s]
  6%|▌         | 334/5794 [00:05<01:14, 72.86it/s]
  6%|▌         | 342/5794 [00:05<01:14, 72.85it/s]
  6%|▌         | 350/5794 [00:05<01:14, 72.79it/s]
  6%|▌         | 358/5794 [00:05<01:14, 72.92it/s]
  6%|▋         | 366/5794 [00:05<01:14, 72.68it/s]
  6%|▋         | 374/5794 [00:05<01:17, 70.05it/s]
  7%|▋         | 382/5794 [00:06<01:19, 67.87it/s]
  7%|▋         | 389/5794 [00:06<01:21, 66.66it/s]
  7%|▋         | 396/5794 [00:06<01:22, 65.66it/s]
  7%|▋         | 403/5794 [00:06<01:22, 65.15it/s]
  7%|▋         | 410/5794 [00:06<01:23, 64.65it/s]
  7%|▋         | 417/5794 [00:06<01:23, 64.28it/s]
  7%|▋         | 424/5794 [00:06<01:23, 64.04it/s]
  7%|▋         | 431/5794 [00:06<01:24, 63.84it/s]
  8%|▊         | 438/5794 [00:06<01:23, 63.87it/s]
  8%|▊         | 445/5794 [00:07<01:24, 63.60it/s]
  8%|▊         | 452/5794 [00:07<01:23, 63.65it/s]
  8%|▊         | 459/5794 [00:07<01:23, 63.59it/s]
  8%|▊         | 466/5794 [00:07<01:23, 63.49it/s]
  8%|▊         | 473/5794 [00:07<01:23, 63.43it/s]
  8%|▊         | 480/5794 [00:07<01:23, 63.38it/s]
  8%|▊         | 487/5794 [00:07<01:23, 63.34it/s]
  9%|▊         | 494/5794 [00:07<01:23, 63.48it/s]
  9%|▊         | 501/5794 [00:07<01:23, 63.48it/s]
  9%|▉         | 508/5794 [00:08<01:23, 63.51it/s]
  9%|▉         | 515/5794 [00:08<01:23, 63.52it/s]
  9%|▉         | 522/5794 [00:08<01:22, 63.59it/s]
  9%|▉         | 529/5794 [00:08<01:22, 63.65it/s]
  9%|▉         | 536/5794 [00:08<01:22, 63.60it/s]
  9%|▉         | 543/5794 [00:08<01:22, 63.60it/s]
  9%|▉         | 550/5794 [00:08<01:22, 63.52it/s]
 10%|▉         | 557/5794 [00:08<01:22, 63.63it/s]
 10%|▉         | 564/5794 [00:08<01:22, 63.56it/s]
 10%|▉         | 571/5794 [00:08<01:22, 63.67it/s]
 10%|▉         | 578/5794 [00:09<01:22, 63.61it/s]
 10%|█         | 585/5794 [00:09<01:21, 63.56it/s]
 10%|█         | 592/5794 [00:09<01:21, 63.62it/s]
 10%|█         | 599/5794 [00:09<01:21, 63.50it/s]
 10%|█         | 606/5794 [00:09<01:21, 63.64it/s]
 11%|█         | 613/5794 [00:09<01:21, 63.67it/s]
 11%|█         | 620/5794 [00:09<01:21, 63.59it/s]
 11%|█         | 627/5794 [00:09<01:21, 63.67it/s]
 11%|█         | 634/5794 [00:09<01:21, 63.54it/s]
 11%|█         | 641/5794 [00:10<01:21, 63.62it/s]
 11%|█         | 648/5794 [00:10<01:20, 63.54it/s]
 11%|█▏        | 655/5794 [00:10<01:20, 63.54it/s]
 11%|█▏        | 662/5794 [00:10<01:20, 63.47it/s]
 12%|█▏        | 669/5794 [00:10<01:20, 63.47it/s]
 12%|█▏        | 676/5794 [00:10<01:18, 65.23it/s]
 12%|█▏        | 684/5794 [00:10<01:15, 67.56it/s]
 12%|█▏        | 692/5794 [00:10<01:13, 69.42it/s]
 12%|█▏        | 700/5794 [00:10<01:12, 70.45it/s]
 12%|█▏        | 708/5794 [00:11<01:11, 71.49it/s]
 12%|█▏        | 716/5794 [00:11<01:10, 72.07it/s]
 12%|█▏        | 724/5794 [00:11<01:10, 72.36it/s]
 13%|█▎        | 732/5794 [00:11<01:10, 71.86it/s]
 13%|█▎        | 740/5794 [00:11<01:09, 72.39it/s]
 13%|█▎        | 748/5794 [00:11<01:09, 72.72it/s]
 13%|█▎        | 756/5794 [00:11<01:09, 72.93it/s]
 13%|█▎        | 764/5794 [00:11<01:08, 73.11it/s]
 13%|█▎        | 772/5794 [00:11<01:08, 73.10it/s]
 13%|█▎        | 780/5794 [00:12<01:08, 73.31it/s]
 14%|█▎        | 788/5794 [00:12<01:08, 73.33it/s]
 14%|█▎        | 796/5794 [00:12<01:08, 73.39it/s]
 14%|█▍        | 804/5794 [00:12<01:08, 73.18it/s]
 14%|█▍        | 812/5794 [00:12<01:07, 73.28it/s]
 14%|█▍        | 820/5794 [00:12<01:07, 73.21it/s]
 14%|█▍        | 828/5794 [00:12<01:07, 73.17it/s]
 14%|█▍        | 836/5794 [00:12<01:07, 73.19it/s]
 15%|█▍        | 844/5794 [00:12<01:07, 73.48it/s]
 15%|█▍        | 852/5794 [00:13<01:07, 73.06it/s]
 15%|█▍        | 860/5794 [00:13<01:07, 73.18it/s]
 15%|█▍        | 868/5794 [00:13<01:07, 72.64it/s]
 15%|█▌        | 876/5794 [00:13<01:07, 72.89it/s]
 15%|█▌        | 884/5794 [00:13<01:07, 73.12it/s]
 15%|█▌        | 892/5794 [00:13<01:06, 73.19it/s]
 16%|█▌        | 900/5794 [00:13<01:06, 73.27it/s]
 16%|█▌        | 908/5794 [00:13<01:06, 73.21it/s]
 16%|█▌        | 916/5794 [00:13<01:06, 73.32it/s]
 16%|█▌        | 924/5794 [00:14<01:06, 73.27it/s]
 16%|█▌        | 932/5794 [00:14<01:06, 73.35it/s]
 16%|█▌        | 940/5794 [00:14<01:06, 73.21it/s]
 16%|█▋        | 948/5794 [00:14<01:06, 73.33it/s]
 16%|█▋        | 956/5794 [00:14<01:06, 73.14it/s]
 17%|█▋        | 964/5794 [00:14<01:05, 73.21it/s]
 17%|█▋        | 972/5794 [00:14<01:05, 73.08it/s]
 17%|█▋        | 980/5794 [00:14<01:05, 73.24it/s]
 17%|█▋        | 988/5794 [00:14<01:05, 73.33it/s]
 17%|█▋        | 996/5794 [00:15<01:05, 73.19it/s]
 17%|█▋        | 1004/5794 [00:15<01:05, 72.80it/s]
 17%|█▋        | 1012/5794 [00:15<01:05, 72.59it/s]
 18%|█▊        | 1020/5794 [00:15<01:05, 72.50it/s]
 18%|█▊        | 1028/5794 [00:15<01:05, 72.27it/s]
 18%|█▊        | 1036/5794 [00:15<01:05, 72.25it/s]
 18%|█▊        | 1044/5794 [00:15<01:05, 72.05it/s]
 18%|█▊        | 1052/5794 [00:15<01:05, 72.04it/s]
 18%|█▊        | 1060/5794 [00:15<01:05, 72.27it/s]
 18%|█▊        | 1068/5794 [00:16<01:05, 72.53it/s]
 19%|█▊        | 1076/5794 [00:16<01:05, 72.32it/s]
 19%|█▊        | 1084/5794 [00:16<01:05, 72.20it/s]
 19%|█▉        | 1092/5794 [00:16<01:05, 71.97it/s]
 19%|█▉        | 1100/5794 [00:16<01:05, 71.98it/s]
 19%|█▉        | 1108/5794 [00:16<01:05, 71.76it/s]
 19%|█▉        | 1116/5794 [00:16<01:05, 71.83it/s]
 19%|█▉        | 1124/5794 [00:16<01:04, 71.85it/s]
 20%|█▉        | 1132/5794 [00:16<01:04, 71.99it/s]
 20%|█▉        | 1140/5794 [00:17<01:04, 72.32it/s]
 20%|█▉        | 1148/5794 [00:17<01:04, 72.48it/s]
 20%|█▉        | 1156/5794 [00:17<01:03, 72.67it/s]
 20%|██        | 1164/5794 [00:17<01:03, 72.73it/s]
 20%|██        | 1172/5794 [00:17<01:03, 72.88it/s]
 20%|██        | 1180/5794 [00:17<01:03, 72.80it/s]
 21%|██        | 1188/5794 [00:17<01:03, 72.74it/s]
 21%|██        | 1196/5794 [00:17<01:03, 72.68it/s]
 21%|██        | 1204/5794 [00:17<01:03, 72.75it/s]
 21%|██        | 1212/5794 [00:18<01:04, 71.53it/s]
 21%|██        | 1220/5794 [00:18<01:03, 72.10it/s]
 21%|██        | 1228/5794 [00:18<01:03, 72.13it/s]
 21%|██▏       | 1236/5794 [00:18<01:02, 72.46it/s]
 21%|██▏       | 1244/5794 [00:18<01:02, 72.36it/s]
 22%|██▏       | 1252/5794 [00:18<01:02, 72.79it/s]
 22%|██▏       | 1260/5794 [00:18<01:03, 71.30it/s]
 22%|██▏       | 1268/5794 [00:18<01:03, 71.32it/s]
 22%|██▏       | 1276/5794 [00:18<01:03, 71.22it/s]
 22%|██▏       | 1284/5794 [00:19<01:03, 71.29it/s]
 22%|██▏       | 1292/5794 [00:19<01:03, 71.34it/s]
 22%|██▏       | 1300/5794 [00:19<01:02, 71.50it/s]
 23%|██▎       | 1308/5794 [00:19<01:02, 71.70it/s]
 23%|██▎       | 1316/5794 [00:19<01:02, 71.59it/s]
 23%|██▎       | 1324/5794 [00:19<01:02, 71.81it/s]
 23%|██▎       | 1332/5794 [00:19<01:02, 71.87it/s]
 23%|██▎       | 1340/5794 [00:19<01:01, 72.28it/s]
 23%|██▎       | 1348/5794 [00:19<01:01, 72.44it/s]
 23%|██▎       | 1356/5794 [00:20<01:01, 72.73it/s]
 24%|██▎       | 1364/5794 [00:20<01:00, 72.74it/s]
 24%|██▎       | 1372/5794 [00:20<01:00, 72.70it/s]
 24%|██▍       | 1380/5794 [00:20<01:00, 72.74it/s]
 24%|██▍       | 1388/5794 [00:20<01:00, 72.71it/s]
 24%|██▍       | 1396/5794 [00:20<01:03, 69.65it/s]
 24%|██▍       | 1403/5794 [00:20<01:04, 67.82it/s]
 24%|██▍       | 1410/5794 [00:20<01:05, 66.61it/s]
 24%|██▍       | 1417/5794 [00:20<01:06, 65.35it/s]
 25%|██▍       | 1424/5794 [00:21<01:07, 64.97it/s]
 25%|██▍       | 1431/5794 [00:21<01:07, 64.36it/s]
 25%|██▍       | 1438/5794 [00:21<01:07, 64.36it/s]
 25%|██▍       | 1445/5794 [00:21<01:08, 63.85it/s]
 25%|██▌       | 1452/5794 [00:21<01:08, 63.73it/s]
 25%|██▌       | 1459/5794 [00:21<01:08, 63.61it/s]
 25%|██▌       | 1467/5794 [00:21<01:05, 65.90it/s]
 25%|██▌       | 1475/5794 [00:21<01:03, 68.03it/s]
 26%|██▌       | 1483/5794 [00:21<01:01, 69.57it/s]
 26%|██▌       | 1491/5794 [00:22<01:00, 70.71it/s]
 26%|██▌       | 1499/5794 [00:22<01:00, 71.36it/s]
 26%|██▌       | 1507/5794 [00:22<00:59, 71.69it/s]
 26%|██▌       | 1515/5794 [00:22<01:01, 69.04it/s]
 26%|██▋       | 1522/5794 [00:22<01:03, 67.43it/s]
 26%|██▋       | 1529/5794 [00:22<01:04, 66.36it/s]
 27%|██▋       | 1536/5794 [00:22<01:05, 65.38it/s]
 27%|██▋       | 1543/5794 [00:22<01:05, 64.92it/s]
 27%|██▋       | 1550/5794 [00:22<01:05, 64.42it/s]
 27%|██▋       | 1557/5794 [00:23<01:05, 64.21it/s]
 27%|██▋       | 1564/5794 [00:23<01:06, 63.91it/s]
 27%|██▋       | 1571/5794 [00:23<01:06, 63.67it/s]
 27%|██▋       | 1578/5794 [00:23<01:06, 63.60it/s]
 27%|██▋       | 1585/5794 [00:23<01:06, 63.43it/s]
 27%|██▋       | 1592/5794 [00:23<01:06, 63.53it/s]
 28%|██▊       | 1599/5794 [00:23<01:06, 63.55it/s]
 28%|██▊       | 1606/5794 [00:23<01:05, 63.50it/s]
 28%|██▊       | 1613/5794 [00:23<01:05, 63.57it/s]
 28%|██▊       | 1620/5794 [00:24<01:05, 63.29it/s]
 28%|██▊       | 1627/5794 [00:24<01:05, 63.42it/s]
 28%|██▊       | 1635/5794 [00:24<01:03, 65.63it/s]
 28%|██▊       | 1642/5794 [00:24<01:03, 65.78it/s]
 28%|██▊       | 1649/5794 [00:24<01:03, 65.15it/s]
 29%|██▊       | 1656/5794 [00:24<01:03, 64.80it/s]
 29%|██▊       | 1663/5794 [00:24<01:03, 64.55it/s]
 29%|██▉       | 1670/5794 [00:24<01:04, 64.23it/s]
 29%|██▉       | 1677/5794 [00:24<01:04, 63.91it/s]
 29%|██▉       | 1684/5794 [00:24<01:04, 63.95it/s]
 29%|██▉       | 1691/5794 [00:25<01:04, 63.90it/s]
 29%|██▉       | 1698/5794 [00:25<01:04, 63.94it/s]
 29%|██▉       | 1705/5794 [00:25<01:04, 63.65it/s]
 30%|██▉       | 1712/5794 [00:25<01:03, 63.78it/s]
 30%|██▉       | 1719/5794 [00:25<01:03, 63.80it/s]
 30%|██▉       | 1726/5794 [00:25<01:03, 63.74it/s]
 30%|██▉       | 1733/5794 [00:25<01:03, 63.63it/s]
 30%|███       | 1740/5794 [00:25<01:03, 63.64it/s]
 30%|███       | 1747/5794 [00:25<01:03, 63.81it/s]
 30%|███       | 1754/5794 [00:26<01:03, 63.71it/s]
 30%|███       | 1761/5794 [00:26<01:03, 63.52it/s]
 31%|███       | 1768/5794 [00:26<01:03, 63.36it/s]
 31%|███       | 1775/5794 [00:26<01:03, 63.34it/s]
 31%|███       | 1782/5794 [00:26<01:03, 63.41it/s]
 31%|███       | 1789/5794 [00:26<01:03, 63.27it/s]
 31%|███       | 1796/5794 [00:26<01:03, 63.30it/s]
 31%|███       | 1803/5794 [00:26<01:01, 65.14it/s]
 31%|███       | 1810/5794 [00:26<01:01, 64.39it/s]
 31%|███▏      | 1817/5794 [00:27<01:01, 64.18it/s]
 31%|███▏      | 1824/5794 [00:27<01:02, 63.92it/s]
 32%|███▏      | 1831/5794 [00:27<01:02, 63.90it/s]
 32%|███▏      | 1838/5794 [00:27<01:02, 63.70it/s]
 32%|███▏      | 1845/5794 [00:27<01:02, 63.12it/s]
 32%|███▏      | 1852/5794 [00:27<01:02, 63.16it/s]
 32%|███▏      | 1859/5794 [00:27<01:02, 63.02it/s]
 32%|███▏      | 1866/5794 [00:27<01:02, 63.04it/s]
 32%|███▏      | 1873/5794 [00:27<01:02, 63.09it/s]
 32%|███▏      | 1880/5794 [00:28<01:02, 63.13it/s]
 33%|███▎      | 1887/5794 [00:28<01:01, 63.31it/s]
 33%|███▎      | 1894/5794 [00:28<01:01, 63.16it/s]
 33%|███▎      | 1901/5794 [00:28<01:01, 63.32it/s]
 33%|███▎      | 1908/5794 [00:28<01:01, 63.23it/s]
 33%|███▎      | 1915/5794 [00:28<01:01, 63.46it/s]
 33%|███▎      | 1922/5794 [00:28<01:01, 63.45it/s]
 33%|███▎      | 1929/5794 [00:28<01:00, 63.49it/s]
 33%|███▎      | 1936/5794 [00:28<01:00, 63.55it/s]
 34%|███▎      | 1943/5794 [00:29<01:00, 63.46it/s]
 34%|███▎      | 1950/5794 [00:29<01:00, 63.56it/s]
 34%|███▍      | 1957/5794 [00:29<01:00, 63.61it/s]
 34%|███▍      | 1964/5794 [00:29<01:00, 63.50it/s]
 34%|███▍      | 1972/5794 [00:29<00:57, 65.96it/s]
 34%|███▍      | 1980/5794 [00:29<00:55, 68.12it/s]
 34%|███▍      | 1988/5794 [00:29<00:54, 69.63it/s]
 34%|███▍      | 1996/5794 [00:29<00:53, 70.65it/s]
 35%|███▍      | 2004/5794 [00:29<00:53, 71.44it/s]
 35%|███▍      | 2012/5794 [00:30<00:52, 71.86it/s]
 35%|███▍      | 2020/5794 [00:30<00:52, 72.23it/s]
 35%|███▌      | 2028/5794 [00:30<00:52, 72.28it/s]
 35%|███▌      | 2036/5794 [00:30<00:51, 72.51it/s]
 35%|███▌      | 2044/5794 [00:30<00:51, 72.59it/s]
 35%|███▌      | 2052/5794 [00:30<00:51, 72.47it/s]
 36%|███▌      | 2060/5794 [00:30<00:51, 72.52it/s]
 36%|███▌      | 2068/5794 [00:30<00:51, 71.85it/s]
 36%|███▌      | 2076/5794 [00:30<00:51, 72.26it/s]
 36%|███▌      | 2084/5794 [00:31<00:51, 72.54it/s]
 36%|███▌      | 2092/5794 [00:31<00:50, 72.66it/s]
 36%|███▌      | 2100/5794 [00:31<00:50, 72.53it/s]
 36%|███▋      | 2108/5794 [00:31<00:50, 72.73it/s]
 37%|███▋      | 2116/5794 [00:31<00:50, 72.64it/s]
 37%|███▋      | 2124/5794 [00:31<00:50, 72.87it/s]
 37%|███▋      | 2132/5794 [00:31<00:51, 71.54it/s]
 37%|███▋      | 2140/5794 [00:31<00:52, 69.07it/s]
 37%|███▋      | 2147/5794 [00:31<00:54, 67.46it/s]
 37%|███▋      | 2154/5794 [00:32<00:54, 66.36it/s]
 37%|███▋      | 2161/5794 [00:32<00:55, 65.52it/s]
 37%|███▋      | 2168/5794 [00:32<00:55, 64.89it/s]
 38%|███▊      | 2175/5794 [00:32<00:56, 64.53it/s]
 38%|███▊      | 2182/5794 [00:32<00:56, 64.17it/s]
 38%|███▊      | 2189/5794 [00:32<00:56, 64.07it/s]
 38%|███▊      | 2196/5794 [00:32<00:56, 63.73it/s]
 38%|███▊      | 2203/5794 [00:32<00:56, 63.82it/s]
 38%|███▊      | 2210/5794 [00:32<00:56, 63.76it/s]
 38%|███▊      | 2217/5794 [00:33<00:56, 63.67it/s]
 38%|███▊      | 2224/5794 [00:33<00:56, 63.66it/s]
 39%|███▊      | 2231/5794 [00:33<00:56, 63.48it/s]
 39%|███▊      | 2238/5794 [00:33<00:55, 63.58it/s]
 39%|███▊      | 2245/5794 [00:33<00:55, 63.74it/s]
 39%|███▉      | 2252/5794 [00:33<00:55, 63.69it/s]
 39%|███▉      | 2259/5794 [00:33<00:55, 63.74it/s]
 39%|███▉      | 2266/5794 [00:33<00:55, 63.54it/s]
 39%|███▉      | 2273/5794 [00:33<00:55, 63.72it/s]
 39%|███▉      | 2280/5794 [00:34<00:55, 63.53it/s]
 39%|███▉      | 2287/5794 [00:34<00:55, 63.54it/s]
 40%|███▉      | 2294/5794 [00:34<00:55, 63.54it/s]
 40%|███▉      | 2301/5794 [00:34<00:54, 63.52it/s]
 40%|███▉      | 2308/5794 [00:34<00:54, 63.61it/s]
 40%|███▉      | 2315/5794 [00:34<00:54, 63.33it/s]
 40%|████      | 2322/5794 [00:34<00:54, 63.49it/s]
 40%|████      | 2329/5794 [00:34<00:54, 63.55it/s]
 40%|████      | 2336/5794 [00:34<00:54, 63.58it/s]
 40%|████      | 2343/5794 [00:35<00:54, 63.68it/s]
 41%|████      | 2350/5794 [00:35<00:54, 63.39it/s]
 41%|████      | 2357/5794 [00:35<00:54, 63.55it/s]
 41%|████      | 2364/5794 [00:35<00:53, 63.59it/s]
 41%|████      | 2371/5794 [00:35<00:53, 63.74it/s]
 41%|████      | 2378/5794 [00:35<00:53, 63.58it/s]
 41%|████      | 2385/5794 [00:35<00:53, 63.55it/s]
 41%|████▏     | 2392/5794 [00:35<00:53, 63.73it/s]
 41%|████▏     | 2399/5794 [00:35<00:53, 63.70it/s]
 42%|████▏     | 2406/5794 [00:36<00:53, 63.65it/s]
 42%|████▏     | 2413/5794 [00:36<00:53, 63.77it/s]
 42%|████▏     | 2420/5794 [00:36<00:52, 63.74it/s]
 42%|████▏     | 2427/5794 [00:36<00:52, 63.72it/s]
 42%|████▏     | 2434/5794 [00:36<00:52, 63.68it/s]
 42%|████▏     | 2441/5794 [00:36<00:52, 63.85it/s]
 42%|████▏     | 2449/5794 [00:36<00:50, 66.67it/s]
 42%|████▏     | 2457/5794 [00:36<00:48, 68.52it/s]
 43%|████▎     | 2465/5794 [00:36<00:47, 69.85it/s]
 43%|████▎     | 2472/5794 [00:37<00:48, 68.22it/s]
 43%|████▎     | 2479/5794 [00:37<00:49, 67.00it/s]
 43%|████▎     | 2486/5794 [00:37<00:50, 65.90it/s]
 43%|████▎     | 2493/5794 [00:37<00:50, 65.36it/s]
 43%|████▎     | 2500/5794 [00:37<00:50, 64.93it/s]
 43%|████▎     | 2507/5794 [00:37<00:50, 64.64it/s]
 43%|████▎     | 2514/5794 [00:37<00:50, 64.36it/s]
 44%|████▎     | 2521/5794 [00:37<00:51, 64.16it/s]
 44%|████▎     | 2528/5794 [00:37<00:50, 64.11it/s]
 44%|████▍     | 2535/5794 [00:37<00:50, 64.11it/s]
 44%|████▍     | 2542/5794 [00:38<00:50, 63.93it/s]
 44%|████▍     | 2549/5794 [00:38<00:50, 63.91it/s]
 44%|████▍     | 2556/5794 [00:38<00:50, 63.80it/s]
 44%|████▍     | 2563/5794 [00:38<00:50, 63.84it/s]
 44%|████▍     | 2570/5794 [00:38<00:50, 63.77it/s]
 44%|████▍     | 2577/5794 [00:38<00:50, 63.82it/s]
 45%|████▍     | 2584/5794 [00:38<00:50, 63.72it/s]
 45%|████▍     | 2591/5794 [00:38<00:50, 63.49it/s]
 45%|████▍     | 2598/5794 [00:38<00:49, 65.10it/s]
 45%|████▍     | 2606/5794 [00:39<00:47, 67.12it/s]
 45%|████▌     | 2614/5794 [00:39<00:46, 68.29it/s]
 45%|████▌     | 2621/5794 [00:39<00:47, 66.88it/s]
 45%|████▌     | 2628/5794 [00:39<00:47, 66.17it/s]
 45%|████▌     | 2635/5794 [00:39<00:48, 65.49it/s]
 46%|████▌     | 2642/5794 [00:39<00:48, 64.75it/s]
 46%|████▌     | 2649/5794 [00:39<00:48, 64.36it/s]
 46%|████▌     | 2656/5794 [00:39<00:49, 64.02it/s]
 46%|████▌     | 2663/5794 [00:39<00:48, 64.15it/s]
 46%|████▌     | 2670/5794 [00:40<00:49, 63.71it/s]
 46%|████▌     | 2677/5794 [00:40<00:48, 63.70it/s]
 46%|████▋     | 2684/5794 [00:40<00:48, 63.61it/s]
 46%|████▋     | 2691/5794 [00:40<00:48, 63.63it/s]
 47%|████▋     | 2698/5794 [00:40<00:48, 63.59it/s]
 47%|████▋     | 2705/5794 [00:40<00:48, 63.67it/s]
 47%|████▋     | 2712/5794 [00:40<00:48, 63.47it/s]
 47%|████▋     | 2719/5794 [00:40<00:47, 65.27it/s]
 47%|████▋     | 2726/5794 [00:40<00:46, 66.31it/s]
 47%|████▋     | 2733/5794 [00:41<00:46, 65.51it/s]
 47%|████▋     | 2740/5794 [00:41<00:47, 64.75it/s]
 47%|████▋     | 2747/5794 [00:41<00:47, 64.30it/s]
 48%|████▊     | 2754/5794 [00:41<00:47, 64.04it/s]
 48%|████▊     | 2761/5794 [00:41<00:47, 63.84it/s]
 48%|████▊     | 2768/5794 [00:41<00:47, 63.77it/s]
 48%|████▊     | 2775/5794 [00:41<00:47, 63.61it/s]
 48%|████▊     | 2782/5794 [00:41<00:47, 63.63it/s]
 48%|████▊     | 2789/5794 [00:41<00:47, 63.63it/s]
 48%|████▊     | 2796/5794 [00:42<00:47, 63.53it/s]
 48%|████▊     | 2803/5794 [00:42<00:47, 63.50it/s]
 48%|████▊     | 2810/5794 [00:42<00:47, 63.24it/s]
 49%|████▊     | 2817/5794 [00:42<00:47, 63.29it/s]
 49%|████▊     | 2824/5794 [00:42<00:46, 63.42it/s]
 49%|████▉     | 2831/5794 [00:42<00:46, 63.10it/s]
 49%|████▉     | 2838/5794 [00:42<00:46, 63.19it/s]
 49%|████▉     | 2845/5794 [00:42<00:46, 63.05it/s]
 49%|████▉     | 2852/5794 [00:42<00:46, 63.34it/s]
 49%|████▉     | 2859/5794 [00:43<00:46, 63.20it/s]
 49%|████▉     | 2866/5794 [00:43<00:46, 63.32it/s]
 50%|████▉     | 2873/5794 [00:43<00:46, 63.13it/s]
 50%|████▉     | 2880/5794 [00:43<00:46, 63.01it/s]
 50%|████▉     | 2887/5794 [00:43<00:46, 62.91it/s]
 50%|████▉     | 2894/5794 [00:43<00:46, 62.86it/s]
 50%|█████     | 2901/5794 [00:43<00:46, 62.89it/s]
 50%|█████     | 2908/5794 [00:43<00:45, 62.96it/s]
 50%|█████     | 2915/5794 [00:43<00:45, 62.84it/s]
 50%|█████     | 2922/5794 [00:44<00:45, 62.98it/s]
 51%|█████     | 2929/5794 [00:44<00:45, 62.82it/s]
 51%|█████     | 2936/5794 [00:44<00:45, 62.95it/s]
 51%|█████     | 2943/5794 [00:44<00:45, 62.95it/s]
 51%|█████     | 2950/5794 [00:44<00:45, 62.95it/s]
 51%|█████     | 2957/5794 [00:44<00:45, 62.96it/s]
 51%|█████     | 2964/5794 [00:44<00:45, 62.87it/s]
 51%|█████▏    | 2971/5794 [00:44<00:44, 62.98it/s]
 51%|█████▏    | 2978/5794 [00:44<00:44, 62.86it/s]
 52%|█████▏    | 2985/5794 [00:45<00:44, 63.01it/s]
 52%|█████▏    | 2992/5794 [00:45<00:44, 63.01it/s]
 52%|█████▏    | 2999/5794 [00:45<00:44, 62.95it/s]
 52%|█████▏    | 3006/5794 [00:45<00:44, 62.99it/s]
 52%|█████▏    | 3013/5794 [00:45<00:44, 62.91it/s]
 52%|█████▏    | 3020/5794 [00:45<00:43, 63.05it/s]
 52%|█████▏    | 3027/5794 [00:45<00:43, 63.10it/s]
 52%|█████▏    | 3034/5794 [00:45<00:43, 62.92it/s]
 52%|█████▏    | 3041/5794 [00:45<00:43, 62.97it/s]
 53%|█████▎    | 3048/5794 [00:46<00:43, 62.71it/s]
 53%|█████▎    | 3055/5794 [00:46<00:43, 62.76it/s]
 53%|█████▎    | 3062/5794 [00:46<00:43, 62.92it/s]
 53%|█████▎    | 3069/5794 [00:46<00:43, 62.91it/s]
 53%|█████▎    | 3076/5794 [00:46<00:43, 62.93it/s]
 53%|█████▎    | 3083/5794 [00:46<00:43, 62.61it/s]
 53%|█████▎    | 3090/5794 [00:46<00:43, 62.82it/s]
 53%|█████▎    | 3097/5794 [00:46<00:42, 62.81it/s]
 54%|█████▎    | 3104/5794 [00:46<00:42, 62.93it/s]
 54%|█████▎    | 3111/5794 [00:47<00:42, 62.81it/s]
 54%|█████▍    | 3118/5794 [00:47<00:42, 62.80it/s]
 54%|█████▍    | 3125/5794 [00:47<00:42, 62.92it/s]
 54%|█████▍    | 3132/5794 [00:47<00:42, 62.90it/s]
 54%|█████▍    | 3139/5794 [00:47<00:42, 62.86it/s]
 54%|█████▍    | 3146/5794 [00:47<00:42, 62.91it/s]
 54%|█████▍    | 3153/5794 [00:47<00:42, 62.79it/s]
 55%|█████▍    | 3160/5794 [00:47<00:41, 62.99it/s]
 55%|█████▍    | 3167/5794 [00:47<00:41, 62.77it/s]
 55%|█████▍    | 3174/5794 [00:48<00:41, 62.89it/s]
 55%|█████▍    | 3181/5794 [00:48<00:41, 62.87it/s]
 55%|█████▌    | 3188/5794 [00:48<00:41, 62.88it/s]
 55%|█████▌    | 3195/5794 [00:48<00:41, 62.78it/s]
 55%|█████▌    | 3202/5794 [00:48<00:41, 62.76it/s]
 55%|█████▌    | 3209/5794 [00:48<00:41, 62.96it/s]
 56%|█████▌    | 3216/5794 [00:48<00:41, 62.82it/s]
 56%|█████▌    | 3223/5794 [00:48<00:40, 63.01it/s]
 56%|█████▌    | 3230/5794 [00:48<00:40, 63.02it/s]
 56%|█████▌    | 3237/5794 [00:49<00:40, 62.92it/s]
 56%|█████▌    | 3244/5794 [00:49<00:40, 62.94it/s]
 56%|█████▌    | 3251/5794 [00:49<00:40, 62.99it/s]
 56%|█████▌    | 3259/5794 [00:49<00:38, 65.71it/s]
 56%|█████▋    | 3267/5794 [00:49<00:37, 67.38it/s]
 57%|█████▋    | 3275/5794 [00:49<00:36, 68.67it/s]
 57%|█████▋    | 3283/5794 [00:49<00:36, 69.69it/s]
 57%|█████▋    | 3291/5794 [00:49<00:35, 70.25it/s]
 57%|█████▋    | 3299/5794 [00:49<00:35, 70.66it/s]
 57%|█████▋    | 3307/5794 [00:50<00:35, 70.79it/s]
 57%|█████▋    | 3315/5794 [00:50<00:34, 70.95it/s]
 57%|█████▋    | 3323/5794 [00:50<00:34, 70.97it/s]
 57%|█████▋    | 3331/5794 [00:50<00:34, 71.04it/s]
 58%|█████▊    | 3339/5794 [00:50<00:35, 69.95it/s]
 58%|█████▊    | 3346/5794 [00:50<00:35, 68.06it/s]
 58%|█████▊    | 3353/5794 [00:50<00:36, 66.55it/s]
 58%|█████▊    | 3360/5794 [00:50<00:37, 65.61it/s]
 58%|█████▊    | 3367/5794 [00:50<00:37, 64.97it/s]
 58%|█████▊    | 3374/5794 [00:51<00:37, 64.32it/s]
 58%|█████▊    | 3381/5794 [00:51<00:37, 64.00it/s]
 58%|█████▊    | 3388/5794 [00:51<00:37, 63.35it/s]
 59%|█████▊    | 3395/5794 [00:51<00:38, 63.11it/s]
 59%|█████▊    | 3402/5794 [00:51<00:37, 63.17it/s]
 59%|█████▉    | 3409/5794 [00:51<00:37, 63.12it/s]
 59%|█████▉    | 3416/5794 [00:51<00:37, 63.14it/s]
 59%|█████▉    | 3423/5794 [00:51<00:37, 63.06it/s]
 59%|█████▉    | 3430/5794 [00:51<00:37, 63.10it/s]
 59%|█████▉    | 3437/5794 [00:52<00:37, 62.94it/s]
 59%|█████▉    | 3444/5794 [00:52<00:37, 63.11it/s]
 60%|█████▉    | 3451/5794 [00:52<00:37, 63.14it/s]
 60%|█████▉    | 3458/5794 [00:52<00:37, 63.03it/s]
 60%|█████▉    | 3465/5794 [00:52<00:36, 63.13it/s]
 60%|█████▉    | 3472/5794 [00:52<00:36, 63.00it/s]
 60%|██████    | 3479/5794 [00:52<00:36, 63.12it/s]
 60%|██████    | 3486/5794 [00:52<00:36, 63.02it/s]
 60%|██████    | 3493/5794 [00:52<00:36, 63.02it/s]
 60%|██████    | 3500/5794 [00:53<00:36, 63.15it/s]
 61%|██████    | 3507/5794 [00:53<00:36, 62.93it/s]
 61%|██████    | 3514/5794 [00:53<00:36, 62.93it/s]
 61%|██████    | 3521/5794 [00:53<00:36, 62.97it/s]
 61%|██████    | 3528/5794 [00:53<00:35, 62.99it/s]
 61%|██████    | 3535/5794 [00:53<00:35, 63.08it/s]
 61%|██████    | 3542/5794 [00:53<00:35, 62.98it/s]
 61%|██████▏   | 3549/5794 [00:53<00:35, 63.09it/s]
 61%|██████▏   | 3556/5794 [00:53<00:35, 63.06it/s]
 61%|██████▏   | 3563/5794 [00:54<00:35, 63.15it/s]
 62%|██████▏   | 3570/5794 [00:54<00:35, 63.18it/s]
 62%|██████▏   | 3577/5794 [00:54<00:35, 63.10it/s]
 62%|██████▏   | 3584/5794 [00:54<00:35, 63.14it/s]
 62%|██████▏   | 3591/5794 [00:54<00:35, 62.77it/s]
 62%|██████▏   | 3598/5794 [00:54<00:34, 62.92it/s]
 62%|██████▏   | 3605/5794 [00:54<00:34, 63.03it/s]
 62%|██████▏   | 3612/5794 [00:54<00:34, 62.99it/s]
 62%|██████▏   | 3619/5794 [00:54<00:34, 63.13it/s]
 63%|██████▎   | 3626/5794 [00:55<00:34, 63.70it/s]
 63%|██████▎   | 3634/5794 [00:55<00:32, 66.05it/s]
 63%|██████▎   | 3642/5794 [00:55<00:31, 67.60it/s]
 63%|██████▎   | 3650/5794 [00:55<00:31, 68.61it/s]
 63%|██████▎   | 3657/5794 [00:55<00:31, 66.90it/s]
 63%|██████▎   | 3664/5794 [00:55<00:32, 65.77it/s]
 63%|██████▎   | 3671/5794 [00:55<00:32, 65.06it/s]
 63%|██████▎   | 3678/5794 [00:55<00:32, 64.48it/s]
 64%|██████▎   | 3685/5794 [00:55<00:32, 64.17it/s]
 64%|██████▎   | 3692/5794 [00:56<00:32, 63.76it/s]
 64%|██████▍   | 3699/5794 [00:56<00:32, 63.74it/s]
 64%|██████▍   | 3706/5794 [00:56<00:32, 63.46it/s]
 64%|██████▍   | 3713/5794 [00:56<00:32, 63.30it/s]
 64%|██████▍   | 3720/5794 [00:56<00:32, 64.08it/s]
 64%|██████▍   | 3728/5794 [00:56<00:31, 66.60it/s]
 64%|██████▍   | 3736/5794 [00:56<00:30, 68.55it/s]
 65%|██████▍   | 3744/5794 [00:56<00:29, 69.75it/s]
 65%|██████▍   | 3752/5794 [00:56<00:29, 69.99it/s]
 65%|██████▍   | 3760/5794 [00:57<00:29, 70.04it/s]
 65%|██████▌   | 3768/5794 [00:57<00:28, 70.61it/s]
 65%|██████▌   | 3776/5794 [00:57<00:28, 70.68it/s]
 65%|██████▌   | 3784/5794 [00:57<00:28, 70.80it/s]
 65%|██████▌   | 3792/5794 [00:57<00:28, 71.03it/s]
 66%|██████▌   | 3800/5794 [00:57<00:28, 71.05it/s]
 66%|██████▌   | 3808/5794 [00:57<00:27, 71.10it/s]
 66%|██████▌   | 3816/5794 [00:57<00:27, 71.07it/s]
 66%|██████▌   | 3824/5794 [00:57<00:27, 71.22it/s]
 66%|██████▌   | 3832/5794 [00:58<00:27, 71.21it/s]
 66%|██████▋   | 3840/5794 [00:58<00:27, 71.27it/s]
 66%|██████▋   | 3848/5794 [00:58<00:27, 71.17it/s]
 67%|██████▋   | 3856/5794 [00:58<00:27, 71.12it/s]
 67%|██████▋   | 3864/5794 [00:58<00:27, 70.19it/s]
 67%|██████▋   | 3872/5794 [00:58<00:27, 70.58it/s]
 67%|██████▋   | 3880/5794 [00:58<00:27, 70.67it/s]
 67%|██████▋   | 3888/5794 [00:58<00:26, 70.89it/s]
 67%|██████▋   | 3896/5794 [00:58<00:26, 70.85it/s]
 67%|██████▋   | 3904/5794 [00:59<00:26, 71.04it/s]
 68%|██████▊   | 3912/5794 [00:59<00:26, 71.10it/s]
 68%|██████▊   | 3920/5794 [00:59<00:26, 71.06it/s]
 68%|██████▊   | 3928/5794 [00:59<00:26, 71.12it/s]
 68%|██████▊   | 3936/5794 [00:59<00:26, 70.99it/s]
 68%|██████▊   | 3944/5794 [00:59<00:26, 71.11it/s]
 68%|██████▊   | 3952/5794 [00:59<00:25, 71.09it/s]
 68%|██████▊   | 3960/5794 [00:59<00:25, 71.17it/s]
 68%|██████▊   | 3968/5794 [00:59<00:25, 71.13it/s]
 69%|██████▊   | 3976/5794 [01:00<00:25, 71.32it/s]
 69%|██████▉   | 3984/5794 [01:00<00:25, 71.25it/s]
 69%|██████▉   | 3992/5794 [01:00<00:25, 71.28it/s]
 69%|██████▉   | 4000/5794 [01:00<00:25, 71.16it/s]
 69%|██████▉   | 4008/5794 [01:00<00:25, 71.30it/s]
 69%|██████▉   | 4016/5794 [01:00<00:24, 71.29it/s]
 69%|██████▉   | 4024/5794 [01:00<00:24, 71.62it/s]
 70%|██████▉   | 4032/5794 [01:00<00:24, 71.55it/s]
 70%|██████▉   | 4040/5794 [01:00<00:24, 71.79it/s]
 70%|██████▉   | 4048/5794 [01:01<00:24, 71.93it/s]
 70%|███████   | 4056/5794 [01:01<00:24, 71.94it/s]
 70%|███████   | 4064/5794 [01:01<00:24, 71.76it/s]
 70%|███████   | 4072/5794 [01:01<00:23, 71.77it/s]
 70%|███████   | 4080/5794 [01:01<00:23, 71.76it/s]
 71%|███████   | 4088/5794 [01:01<00:23, 71.70it/s]
 71%|███████   | 4096/5794 [01:01<00:23, 71.78it/s]
 71%|███████   | 4104/5794 [01:01<00:23, 71.67it/s]
 71%|███████   | 4112/5794 [01:02<00:23, 71.77it/s]
 71%|███████   | 4120/5794 [01:02<00:23, 71.69it/s]
 71%|███████   | 4128/5794 [01:02<00:23, 71.80it/s]
 71%|███████▏  | 4136/5794 [01:02<00:23, 71.67it/s]
 72%|███████▏  | 4144/5794 [01:02<00:22, 71.81it/s]
 72%|███████▏  | 4152/5794 [01:02<00:22, 71.59it/s]
 72%|███████▏  | 4160/5794 [01:02<00:22, 71.50it/s]
 72%|███████▏  | 4168/5794 [01:02<00:22, 71.49it/s]
 72%|███████▏  | 4176/5794 [01:02<00:22, 71.79it/s]
 72%|███████▏  | 4184/5794 [01:03<00:22, 71.84it/s]
 72%|███████▏  | 4192/5794 [01:03<00:22, 71.78it/s]
 72%|███████▏  | 4200/5794 [01:03<00:22, 71.78it/s]
 73%|███████▎  | 4208/5794 [01:03<00:22, 71.69it/s]
 73%|███████▎  | 4216/5794 [01:03<00:22, 71.64it/s]
 73%|███████▎  | 4224/5794 [01:03<00:21, 71.49it/s]
 73%|███████▎  | 4232/5794 [01:03<00:21, 71.56it/s]
 73%|███████▎  | 4240/5794 [01:03<00:21, 71.46it/s]
 73%|███████▎  | 4248/5794 [01:03<00:21, 71.53it/s]
 73%|███████▎  | 4256/5794 [01:04<00:21, 71.38it/s]
 74%|███████▎  | 4264/5794 [01:04<00:21, 71.46it/s]
 74%|███████▎  | 4272/5794 [01:04<00:21, 71.36it/s]
 74%|███████▍  | 4280/5794 [01:04<00:21, 71.49it/s]
 74%|███████▍  | 4288/5794 [01:04<00:21, 71.39it/s]
 74%|███████▍  | 4296/5794 [01:04<00:20, 71.49it/s]
 74%|███████▍  | 4304/5794 [01:04<00:21, 70.67it/s]
 74%|███████▍  | 4312/5794 [01:04<00:20, 71.02it/s]
 75%|███████▍  | 4320/5794 [01:04<00:20, 71.23it/s]
 75%|███████▍  | 4328/5794 [01:05<00:20, 71.29it/s]
 75%|███████▍  | 4336/5794 [01:05<00:20, 71.38it/s]
 75%|███████▍  | 4344/5794 [01:05<00:20, 71.35it/s]
 75%|███████▌  | 4352/5794 [01:05<00:20, 71.44it/s]
 75%|███████▌  | 4360/5794 [01:05<00:20, 71.52it/s]
 75%|███████▌  | 4368/5794 [01:05<00:19, 71.66it/s]
 76%|███████▌  | 4376/5794 [01:05<00:19, 71.64it/s]
 76%|███████▌  | 4384/5794 [01:05<00:19, 71.75it/s]
 76%|███████▌  | 4392/5794 [01:05<00:19, 71.69it/s]
 76%|███████▌  | 4400/5794 [01:06<00:19, 71.85it/s]
 76%|███████▌  | 4408/5794 [01:06<00:19, 71.72it/s]
 76%|███████▌  | 4416/5794 [01:06<00:19, 71.88it/s]
 76%|███████▋  | 4424/5794 [01:06<00:19, 71.74it/s]
 76%|███████▋  | 4432/5794 [01:06<00:18, 71.83it/s]
 77%|███████▋  | 4440/5794 [01:06<00:18, 71.72it/s]
 77%|███████▋  | 4448/5794 [01:06<00:18, 71.81it/s]
 77%|███████▋  | 4456/5794 [01:06<00:18, 71.81it/s]
 77%|███████▋  | 4464/5794 [01:06<00:18, 71.79it/s]
 77%|███████▋  | 4472/5794 [01:07<00:18, 71.79it/s]
 77%|███████▋  | 4480/5794 [01:07<00:18, 71.69it/s]
 77%|███████▋  | 4488/5794 [01:07<00:18, 71.58it/s]
 78%|███████▊  | 4496/5794 [01:07<00:18, 71.46it/s]
 78%|███████▊  | 4504/5794 [01:07<00:18, 71.55it/s]
 78%|███████▊  | 4512/5794 [01:07<00:18, 71.07it/s]
 78%|███████▊  | 4520/5794 [01:07<00:17, 71.17it/s]
 78%|███████▊  | 4528/5794 [01:07<00:17, 71.01it/s]
 78%|███████▊  | 4536/5794 [01:07<00:17, 71.20it/s]
 78%|███████▊  | 4544/5794 [01:08<00:17, 70.99it/s]
 79%|███████▊  | 4552/5794 [01:08<00:17, 71.22it/s]
 79%|███████▊  | 4560/5794 [01:08<00:17, 71.01it/s]
 79%|███████▉  | 4568/5794 [01:08<00:17, 71.25it/s]
 79%|███████▉  | 4576/5794 [01:08<00:17, 71.01it/s]
 79%|███████▉  | 4584/5794 [01:08<00:16, 71.23it/s]
 79%|███████▉  | 4592/5794 [01:08<00:16, 71.18it/s]
 79%|███████▉  | 4600/5794 [01:08<00:16, 71.17it/s]
 80%|███████▉  | 4608/5794 [01:08<00:16, 71.21it/s]
 80%|███████▉  | 4616/5794 [01:09<00:16, 71.16it/s]
 80%|███████▉  | 4624/5794 [01:09<00:16, 71.19it/s]
 80%|███████▉  | 4632/5794 [01:09<00:16, 71.19it/s]
 80%|████████  | 4640/5794 [01:09<00:16, 71.20it/s]
 80%|████████  | 4648/5794 [01:09<00:16, 71.14it/s]
 80%|████████  | 4656/5794 [01:09<00:15, 71.27it/s]
 80%|████████  | 4664/5794 [01:09<00:15, 71.10it/s]
 81%|████████  | 4672/5794 [01:09<00:15, 71.20it/s]
 81%|████████  | 4680/5794 [01:09<00:15, 71.05it/s]
 81%|████████  | 4688/5794 [01:10<00:15, 71.19it/s]
 81%|████████  | 4696/5794 [01:10<00:15, 71.10it/s]
 81%|████████  | 4704/5794 [01:10<00:15, 71.19it/s]
 81%|████████▏ | 4712/5794 [01:10<00:15, 70.98it/s]
 81%|████████▏ | 4720/5794 [01:10<00:14, 71.75it/s]
 82%|████████▏ | 4728/5794 [01:10<00:15, 69.27it/s]
 82%|████████▏ | 4735/5794 [01:10<00:15, 67.16it/s]
 82%|████████▏ | 4742/5794 [01:10<00:15, 65.95it/s]
 82%|████████▏ | 4749/5794 [01:10<00:15, 65.95it/s]
 82%|████████▏ | 4757/5794 [01:11<00:15, 67.34it/s]
 82%|████████▏ | 4765/5794 [01:11<00:15, 68.58it/s]
 82%|████████▏ | 4773/5794 [01:11<00:14, 69.31it/s]
 83%|████████▎ | 4781/5794 [01:11<00:14, 69.88it/s]
 83%|████████▎ | 4789/5794 [01:11<00:14, 70.48it/s]
 83%|████████▎ | 4797/5794 [01:11<00:14, 67.77it/s]
 83%|████████▎ | 4804/5794 [01:11<00:14, 66.45it/s]
 83%|████████▎ | 4811/5794 [01:11<00:14, 65.61it/s]
 83%|████████▎ | 4818/5794 [01:11<00:15, 64.73it/s]
 83%|████████▎ | 4825/5794 [01:12<00:15, 64.42it/s]
 83%|████████▎ | 4832/5794 [01:12<00:15, 63.97it/s]
 84%|████████▎ | 4839/5794 [01:12<00:14, 63.88it/s]
 84%|████████▎ | 4846/5794 [01:12<00:14, 63.74it/s]
 84%|████████▍ | 4853/5794 [01:12<00:14, 63.65it/s]
 84%|████████▍ | 4860/5794 [01:12<00:14, 63.58it/s]
 84%|████████▍ | 4867/5794 [01:12<00:14, 63.50it/s]
 84%|████████▍ | 4874/5794 [01:12<00:14, 63.38it/s]
 84%|████████▍ | 4881/5794 [01:12<00:14, 63.39it/s]
 84%|████████▍ | 4888/5794 [01:13<00:14, 63.29it/s]
 84%|████████▍ | 4895/5794 [01:13<00:14, 63.24it/s]
 85%|████████▍ | 4902/5794 [01:13<00:14, 63.16it/s]
 85%|████████▍ | 4909/5794 [01:13<00:13, 63.25it/s]
 85%|████████▍ | 4916/5794 [01:13<00:13, 63.12it/s]
 85%|████████▍ | 4923/5794 [01:13<00:13, 63.17it/s]
 85%|████████▌ | 4930/5794 [01:13<00:13, 63.10it/s]
 85%|████████▌ | 4937/5794 [01:13<00:13, 63.62it/s]
 85%|████████▌ | 4945/5794 [01:13<00:12, 66.13it/s]
 85%|████████▌ | 4952/5794 [01:14<00:12, 67.16it/s]
 86%|████████▌ | 4960/5794 [01:14<00:12, 68.59it/s]
 86%|████████▌ | 4968/5794 [01:14<00:11, 69.14it/s]
 86%|████████▌ | 4976/5794 [01:14<00:11, 69.96it/s]
 86%|████████▌ | 4984/5794 [01:14<00:11, 70.23it/s]
 86%|████████▌ | 4992/5794 [01:14<00:11, 70.75it/s]
 86%|████████▋ | 5000/5794 [01:14<00:11, 70.90it/s]
 86%|████████▋ | 5008/5794 [01:14<00:11, 71.05it/s]
 87%|████████▋ | 5016/5794 [01:14<00:10, 71.05it/s]
 87%|████████▋ | 5024/5794 [01:15<00:10, 71.14it/s]
 87%|████████▋ | 5032/5794 [01:15<00:10, 71.22it/s]
 87%|████████▋ | 5040/5794 [01:15<00:10, 71.29it/s]
 87%|████████▋ | 5048/5794 [01:15<00:10, 71.37it/s]
 87%|████████▋ | 5056/5794 [01:15<00:10, 71.32it/s]
 87%|████████▋ | 5064/5794 [01:15<00:10, 71.43it/s]
 88%|████████▊ | 5072/5794 [01:15<00:10, 71.39it/s]
 88%|████████▊ | 5080/5794 [01:15<00:09, 71.43it/s]
 88%|████████▊ | 5088/5794 [01:15<00:09, 71.31it/s]
 88%|████████▊ | 5096/5794 [01:16<00:09, 71.41it/s]
 88%|████████▊ | 5104/5794 [01:16<00:09, 71.35it/s]
 88%|████████▊ | 5112/5794 [01:16<00:09, 71.42it/s]
 88%|████████▊ | 5120/5794 [01:16<00:09, 71.30it/s]
 89%|████████▊ | 5128/5794 [01:16<00:09, 71.55it/s]
 89%|████████▊ | 5136/5794 [01:16<00:09, 71.58it/s]
 89%|████████▉ | 5144/5794 [01:16<00:09, 71.60it/s]
 89%|████████▉ | 5152/5794 [01:16<00:08, 71.68it/s]
 89%|████████▉ | 5160/5794 [01:16<00:08, 71.65it/s]
 89%|████████▉ | 5168/5794 [01:17<00:08, 71.58it/s]
 89%|████████▉ | 5176/5794 [01:17<00:08, 71.55it/s]
 89%|████████▉ | 5184/5794 [01:17<00:08, 71.51it/s]
 90%|████████▉ | 5192/5794 [01:17<00:08, 71.38it/s]
 90%|████████▉ | 5200/5794 [01:17<00:08, 71.50it/s]
 90%|████████▉ | 5208/5794 [01:17<00:08, 71.28it/s]
 90%|█████████ | 5216/5794 [01:17<00:08, 71.49it/s]
 90%|█████████ | 5224/5794 [01:17<00:07, 71.48it/s]
 90%|█████████ | 5232/5794 [01:17<00:07, 71.61it/s]
 90%|█████████ | 5240/5794 [01:18<00:07, 71.12it/s]
 91%|█████████ | 5248/5794 [01:18<00:07, 71.35it/s]
 91%|█████████ | 5256/5794 [01:18<00:07, 71.32it/s]
 91%|█████████ | 5264/5794 [01:18<00:07, 71.54it/s]
 91%|█████████ | 5272/5794 [01:18<00:07, 71.39it/s]
 91%|█████████ | 5280/5794 [01:18<00:07, 71.49it/s]
 91%|█████████▏| 5288/5794 [01:18<00:07, 71.11it/s]
 91%|█████████▏| 5296/5794 [01:18<00:06, 71.26it/s]
 92%|█████████▏| 5304/5794 [01:19<00:06, 71.28it/s]
 92%|█████████▏| 5312/5794 [01:19<00:06, 71.35it/s]
 92%|█████████▏| 5320/5794 [01:19<00:06, 70.75it/s]
 92%|█████████▏| 5328/5794 [01:19<00:06, 70.96it/s]
 92%|█████████▏| 5336/5794 [01:19<00:06, 71.14it/s]
 92%|█████████▏| 5344/5794 [01:19<00:06, 71.20it/s]
 92%|█████████▏| 5352/5794 [01:19<00:06, 71.50it/s]
 93%|█████████▎| 5360/5794 [01:19<00:06, 71.33it/s]
 93%|█████████▎| 5368/5794 [01:19<00:05, 71.59it/s]
 93%|█████████▎| 5376/5794 [01:20<00:05, 71.55it/s]
 93%|█████████▎| 5384/5794 [01:20<00:05, 71.72it/s]
 93%|█████████▎| 5392/5794 [01:20<00:05, 71.52it/s]
 93%|█████████▎| 5400/5794 [01:20<00:05, 71.72it/s]
 93%|█████████▎| 5408/5794 [01:20<00:05, 71.77it/s]
 93%|█████████▎| 5416/5794 [01:20<00:05, 71.82it/s]
 94%|█████████▎| 5424/5794 [01:20<00:05, 71.84it/s]
 94%|█████████▍| 5432/5794 [01:20<00:05, 71.82it/s]
 94%|█████████▍| 5440/5794 [01:20<00:04, 71.98it/s]
 94%|█████████▍| 5448/5794 [01:21<00:04, 71.93it/s]
 94%|█████████▍| 5456/5794 [01:21<00:04, 72.00it/s]
 94%|█████████▍| 5464/5794 [01:21<00:04, 71.71it/s]
 94%|█████████▍| 5472/5794 [01:21<00:04, 71.65it/s]
 95%|█████████▍| 5480/5794 [01:21<00:04, 71.50it/s]
 95%|█████████▍| 5488/5794 [01:21<00:04, 71.56it/s]
 95%|█████████▍| 5496/5794 [01:21<00:04, 71.54it/s]
 95%|█████████▍| 5504/5794 [01:21<00:04, 71.40it/s]
 95%|█████████▌| 5512/5794 [01:21<00:04, 69.92it/s]
 95%|█████████▌| 5519/5794 [01:22<00:04, 68.06it/s]
 95%|█████████▌| 5526/5794 [01:22<00:04, 66.66it/s]
 95%|█████████▌| 5533/5794 [01:22<00:03, 65.65it/s]
 96%|█████████▌| 5540/5794 [01:22<00:03, 65.02it/s]
 96%|█████████▌| 5547/5794 [01:22<00:03, 64.46it/s]
 96%|█████████▌| 5554/5794 [01:22<00:03, 64.11it/s]
 96%|█████████▌| 5561/5794 [01:22<00:03, 63.69it/s]
 96%|█████████▌| 5568/5794 [01:22<00:03, 63.52it/s]
 96%|█████████▌| 5575/5794 [01:22<00:03, 63.25it/s]
 96%|█████████▋| 5582/5794 [01:23<00:03, 63.23it/s]
 96%|█████████▋| 5589/5794 [01:23<00:03, 63.37it/s]
 97%|█████████▋| 5596/5794 [01:23<00:03, 63.17it/s]
 97%|█████████▋| 5603/5794 [01:23<00:03, 63.32it/s]
 97%|█████████▋| 5610/5794 [01:23<00:02, 63.26it/s]
 97%|█████████▋| 5617/5794 [01:23<00:02, 63.26it/s]
 97%|█████████▋| 5624/5794 [01:23<00:02, 63.18it/s]
 97%|█████████▋| 5631/5794 [01:23<00:02, 62.99it/s]
 97%|█████████▋| 5638/5794 [01:23<00:02, 63.30it/s]
 97%|█████████▋| 5645/5794 [01:24<00:02, 63.44it/s]
 98%|█████████▊| 5652/5794 [01:24<00:02, 63.35it/s]
 98%|█████████▊| 5659/5794 [01:24<00:02, 63.43it/s]
 98%|█████████▊| 5666/5794 [01:24<00:02, 63.33it/s]
 98%|█████████▊| 5673/5794 [01:24<00:01, 63.99it/s]
 98%|█████████▊| 5681/5794 [01:24<00:01, 66.25it/s]
 98%|█████████▊| 5689/5794 [01:24<00:01, 67.92it/s]
 98%|█████████▊| 5697/5794 [01:24<00:01, 69.11it/s]
 98%|█████████▊| 5705/5794 [01:24<00:01, 69.83it/s]
 99%|█████████▊| 5713/5794 [01:25<00:01, 70.51it/s]
 99%|█████████▊| 5721/5794 [01:25<00:01, 70.90it/s]
 99%|█████████▉| 5729/5794 [01:25<00:00, 71.21it/s]
 99%|█████████▉| 5737/5794 [01:25<00:00, 71.24it/s]
 99%|█████████▉| 5745/5794 [01:25<00:00, 71.47it/s]
 99%|█████████▉| 5753/5794 [01:25<00:00, 71.52it/s]
 99%|█████████▉| 5761/5794 [01:25<00:00, 71.61it/s]
100%|█████████▉| 5769/5794 [01:25<00:00, 71.62it/s]
100%|█████████▉| 5777/5794 [01:25<00:00, 71.70it/s]
100%|█████████▉| 5785/5794 [01:26<00:00, 71.69it/s]
100%|█████████▉| 5793/5794 [01:26<00:00, 71.97it/s]
100%|██████████| 5794/5794 [01:26<00:00, 67.20it/s]
BALANCED ACCS CHECKED FOR TEST
TEST SET RESULTS FOR CHECKPOINT trained_weights/waterbirds/gals_waterbird_complete95_forest2water2_21050510_trial_000/best_balanced_valacc_0.55_epoch_0.ckpt
test_acc: 0.7283396617190196
balanced_test_acc: 0.5664535715025799
Land_on_Land_test_acc: 0.9991130820399113
Land_on_Water_test_acc: 0.71529933481153
Water_on_Land_test_acc: 0.010903426791277258
Water_on_Water_test_acc: 0.5404984423676013
test_acc_Waterbird: 0.2757009345794392
test_acc_Landbird: 0.8572062084257206
