[CMD] /home/ryreu/miniconda3/envs/gals_a100/bin/python -u main.py --config configs/waterbirds_100_gals_vit.yaml --name gals_waterbird_1.0_forest2water2_21050491_trial_000 DATA.ROOT=/home/ryreu/guided_cnn/waterbirds DATA.WATERBIRDS_DIR=waterbird_1.0_forest2water2 SEED=0 EXP.BASE.LR=0.0010000000000000002 EXP.CLASSIFIER.LR=9.999999999999991e-05 EXP.WEIGHT_DECAY=9.999999999999997e-06 EXP.AUX_LOSSES_ON_VAL=False EXP.LOSSES.GRADIENT_OUTSIDE.WEIGHT=10.000000000000002 EXP.NUM_EPOCHS=1
SEED: 0
DATA:
  BATCH_SIZE: 96
  NUM_WORKERS: 4
  SIZE: 224
  NORMALIZATION: imagenet
  ATTENTION_DIR: clip_vit_attention
  SEPARATE_CLASSES: false
  REMOVE_BACKGROUND: false
  ROOT: /home/ryreu/guided_cnn/waterbirds
  USE_CLASS_WEIGHTS: false
  USE_GROUP_WEIGHTS: false
  DATASET: waterbirds
  NUM_CLASSES: 2
  CONFOUNDING_FACTOR: 1.0
  WATERBIRDS_DIR: waterbird_1.0_forest2water2
EXP:
  NUM_TRIALS: 1
  LOSSES:
    CLASSIFICATION:
      WEIGHT: 1
    GRADIENT_OUTSIDE:
      COMPUTE: true
      LOG: false
      WEIGHT: 10.000000000000002
      CRITERION: L1
      GT: clip_vit
      COMBINE_ATT_MODE: average_nonzero
    GRADIENT_INSIDE:
      COMPUTE: false
      LOG: false
      WEIGHT: 1
      CRITERION: L1
      GT: segmentation
      COMBINE_ATT_MODE: average_nonzero
    GRADCAM:
      COMPUTE: false
      LOG: false
      WEIGHT: 1
      CRITERION: L1
      GT: segmentation
      MODE: match
      COMBINE_ATT_MODE: average_nonzero
  APPROACH: generic
  MODEL: resnet50
  PRETRAINED: true
  NUM_EPOCHS: 1
  OPTIMIZER: SGD
  WEIGHT_DECAY: 9.999999999999997e-06
  MOMENTUM: 0.9
  SCHEDULER: NONE
  BASE:
    LR: 0.0010000000000000002
  CLASSIFIER:
    LR: 9.999999999999991e-05
  AUX_LOSSES_ON_VAL: false
LOGGING:
  SAVE_EVERY: 0
  SAVE_BEST: true
  SAVE_LAST: false
  LOG_ATTENTION: false
  LOG_ATTENTION_STEP: 10
  SAVE_STATS_PATH: null
yaml: configs/waterbirds_100_gals_vit.yaml
name: gals_waterbird_1.0_forest2water2_21050491_trial_000
test_checkpoint: null

WATERBIRDS DIR: /home/ryreu/guided_cnn/waterbirds/waterbird_1.0_forest2water2
NUMBER OF SAMPLES WITH LABEL Landbird: 3684
NUMBER OF SAMPLES WITH LABEL Waterbird: 1111
NUMBER OF SAMPLES WITH GROUP Land_on_Land: 3684
NUMBER OF SAMPLES WITH GROUP Land_on_Water: 0
NUMBER OF SAMPLES WITH GROUP Water_on_Land: 0
NUMBER OF SAMPLES WITH GROUP Water_on_Water: 1111
WATERBIRDS DIR: /home/ryreu/guided_cnn/waterbirds/waterbird_1.0_forest2water2
NUMBER OF SAMPLES WITH LABEL Landbird: 931
NUMBER OF SAMPLES WITH LABEL Waterbird: 268
NUMBER OF SAMPLES WITH GROUP Land_on_Land: 465
NUMBER OF SAMPLES WITH GROUP Land_on_Water: 466
NUMBER OF SAMPLES WITH GROUP Water_on_Land: 134
NUMBER OF SAMPLES WITH GROUP Water_on_Water: 134
NUM TRAIN: 4795

NUM VAL:   1199

Number classifier outputs: 1
Using pretrained model: True
USING SGD OPTIMIZER
class weights: None
group weights: None
WANDB DISABLED: skipping wandb.init()
EPOCH: 0

>>> TRAINING 


  0%|          | 0/50 [00:00<?, ?it/s]
  2%|▏         | 1/50 [00:04<03:40,  4.50s/it]
  4%|▍         | 2/50 [00:05<02:00,  2.51s/it]
  6%|▌         | 3/50 [00:06<01:27,  1.85s/it]
  8%|▊         | 4/50 [00:07<01:11,  1.56s/it]
 10%|█         | 5/50 [00:08<01:02,  1.39s/it]
 12%|█▏        | 6/50 [00:09<00:56,  1.29s/it]
 14%|█▍        | 7/50 [00:11<00:52,  1.23s/it]
 16%|█▌        | 8/50 [00:12<00:49,  1.19s/it]
 18%|█▊        | 9/50 [00:13<00:47,  1.16s/it]
 20%|██        | 10/50 [00:14<00:45,  1.14s/it]
 22%|██▏       | 11/50 [00:15<00:43,  1.13s/it]
 24%|██▍       | 12/50 [00:16<00:42,  1.12s/it]
 26%|██▌       | 13/50 [00:17<00:41,  1.11s/it]
 28%|██▊       | 14/50 [00:18<00:39,  1.11s/it]
 30%|███       | 15/50 [00:19<00:38,  1.10s/it]
 32%|███▏      | 16/50 [00:20<00:37,  1.10s/it]
 34%|███▍      | 17/50 [00:22<00:36,  1.11s/it]
 36%|███▌      | 18/50 [00:23<00:35,  1.10s/it]
 38%|███▊      | 19/50 [00:24<00:33,  1.09s/it]
 40%|████      | 20/50 [00:25<00:32,  1.09s/it]
 42%|████▏     | 21/50 [00:26<00:31,  1.09s/it]
 44%|████▍     | 22/50 [00:27<00:30,  1.09s/it]
 46%|████▌     | 23/50 [00:28<00:29,  1.09s/it]
 48%|████▊     | 24/50 [00:29<00:28,  1.09s/it]
 50%|█████     | 25/50 [00:30<00:27,  1.10s/it]
 52%|█████▏    | 26/50 [00:31<00:26,  1.09s/it]
 54%|█████▍    | 27/50 [00:32<00:25,  1.09s/it]
 56%|█████▌    | 28/50 [00:34<00:23,  1.09s/it]
 58%|█████▊    | 29/50 [00:35<00:22,  1.09s/it]
 60%|██████    | 30/50 [00:36<00:21,  1.09s/it]
 62%|██████▏   | 31/50 [00:37<00:20,  1.09s/it]
 64%|██████▍   | 32/50 [00:38<00:19,  1.10s/it]
 66%|██████▌   | 33/50 [00:39<00:18,  1.10s/it]
 68%|██████▊   | 34/50 [00:40<00:17,  1.10s/it]
 70%|███████   | 35/50 [00:41<00:16,  1.09s/it]
 72%|███████▏  | 36/50 [00:42<00:15,  1.10s/it]
 74%|███████▍  | 37/50 [00:43<00:14,  1.09s/it]
 76%|███████▌  | 38/50 [00:45<00:13,  1.09s/it]
 78%|███████▊  | 39/50 [00:46<00:12,  1.09s/it]
 80%|████████  | 40/50 [00:47<00:10,  1.09s/it]
 82%|████████▏ | 41/50 [00:48<00:09,  1.10s/it]
 84%|████████▍ | 42/50 [00:49<00:08,  1.10s/it]
 86%|████████▌ | 43/50 [00:50<00:07,  1.10s/it]
 88%|████████▊ | 44/50 [00:51<00:06,  1.10s/it]
 90%|█████████ | 45/50 [00:52<00:05,  1.10s/it]
 92%|█████████▏| 46/50 [00:53<00:04,  1.10s/it]
 94%|█████████▍| 47/50 [00:54<00:03,  1.10s/it]
 96%|█████████▌| 48/50 [00:55<00:02,  1.10s/it]
 98%|█████████▊| 49/50 [00:57<00:01,  1.10s/it]
100%|██████████| 50/50 [00:58<00:00,  1.10s/it]
100%|██████████| 50/50 [00:58<00:00,  1.16s/it]
>>> VALIDATING 


  0%|          | 0/13 [00:00<?, ?it/s]
  8%|▊         | 1/13 [00:01<00:12,  1.02s/it]
 23%|██▎       | 3/13 [00:01<00:03,  3.13it/s]
 38%|███▊      | 5/13 [00:01<00:02,  3.27it/s]
 54%|█████▍    | 7/13 [00:01<00:01,  4.75it/s]
 69%|██████▉   | 9/13 [00:02<00:01,  3.76it/s]
 85%|████████▍ | 11/13 [00:02<00:00,  5.10it/s]
100%|██████████| 13/13 [00:02<00:00,  6.09it/s]
100%|██████████| 13/13 [00:03<00:00,  4.29it/s]
>>> LOGGING 

BALANCED ACCS CHECKED FOR TRAIN
BALANCED ACCS CHECKED FOR VAL
train_acc: 0.7293013555787279
val_acc: 0.6839032527105922
train_cls_loss: 0.47431737886852465
val_cls_loss: 0.566548323362842
train_total_loss: 0.47434192414514964
val_total_loss: 0.566548323362842
balanced_train_acc: 0.6122934361840093
balanced_val_acc: 0.5705909229363387
Land_on_Land_train_acc: 0.8303474484256244
Land_on_Land_val_acc: 0.9956989247311828
Land_on_Water_train_acc: 0
Land_on_Water_val_acc: 0.555793991416309
Water_on_Land_train_acc: 0
Water_on_Land_val_acc: 0.03731343283582089
Water_on_Water_train_acc: 0.39423942394239425
Water_on_Water_val_acc: 0.6940298507462687
train_dydx_outside_clip_vit_loss: 2.454231434474212e-05
train_acc_Landbird: 0.8303474484256244
train_acc_Waterbird: 0.39423942394239425
val_acc_Landbird: 0.7755102040816326
val_acc_Waterbird: 0.3656716417910448
TRAIN ACC:        0.7293013555787279
VAL ACC:          0.6839032527105922
BALANCED VAL ACC: 0.5705909229363387
prev best list: []
Saving to trained_weights/waterbirds/gals_waterbird_1.0_forest2water2_21050491_trial_000/best_balanced_valacc_0.57_epoch_0.ckpt
>>> EVALUATING ON TEST SET
WATERBIRDS DIR: /home/ryreu/guided_cnn/waterbirds/waterbird_1.0_forest2water2
NUMBER OF SAMPLES WITH LABEL Landbird: 4510
NUMBER OF SAMPLES WITH LABEL Waterbird: 1284
NUMBER OF SAMPLES WITH GROUP Land_on_Land: 2255
NUMBER OF SAMPLES WITH GROUP Land_on_Water: 2255
NUMBER OF SAMPLES WITH GROUP Water_on_Land: 642
NUMBER OF SAMPLES WITH GROUP Water_on_Water: 642
NUM TEST:   5794

Loaded checkpoint trained_weights/waterbirds/gals_waterbird_1.0_forest2water2_21050491_trial_000/best_balanced_valacc_0.57_epoch_0.ckpt

  0%|          | 0/5794 [00:00<?, ?it/s]
  0%|          | 1/5794 [00:00<26:53,  3.59it/s]
  0%|          | 8/5794 [00:00<03:43, 25.87it/s]
  0%|          | 16/5794 [00:00<02:18, 41.86it/s]
  0%|          | 24/5794 [00:00<01:51, 51.71it/s]
  1%|          | 32/5794 [00:00<01:39, 58.12it/s]
  1%|          | 40/5794 [00:00<01:32, 62.06it/s]
  1%|          | 48/5794 [00:00<01:28, 64.97it/s]
  1%|          | 56/5794 [00:01<01:25, 66.83it/s]
  1%|          | 64/5794 [00:01<01:24, 67.90it/s]
  1%|          | 72/5794 [00:01<01:23, 68.68it/s]
  1%|▏         | 80/5794 [00:01<01:22, 69.55it/s]
  2%|▏         | 88/5794 [00:01<01:21, 69.95it/s]
  2%|▏         | 96/5794 [00:01<01:21, 70.33it/s]
  2%|▏         | 104/5794 [00:01<01:20, 70.55it/s]
  2%|▏         | 112/5794 [00:01<01:20, 70.55it/s]
  2%|▏         | 120/5794 [00:01<01:20, 70.68it/s]
  2%|▏         | 128/5794 [00:02<01:20, 70.70it/s]
  2%|▏         | 136/5794 [00:02<01:20, 70.72it/s]
  2%|▏         | 144/5794 [00:02<01:20, 70.53it/s]
  3%|▎         | 152/5794 [00:02<01:20, 70.40it/s]
  3%|▎         | 160/5794 [00:02<01:19, 70.71it/s]
  3%|▎         | 168/5794 [00:02<01:18, 71.27it/s]
  3%|▎         | 176/5794 [00:02<01:21, 68.83it/s]
  3%|▎         | 183/5794 [00:02<01:23, 67.48it/s]
  3%|▎         | 190/5794 [00:02<01:24, 66.10it/s]
  3%|▎         | 197/5794 [00:03<01:25, 65.56it/s]
  4%|▎         | 204/5794 [00:03<01:26, 64.69it/s]
  4%|▎         | 211/5794 [00:03<01:26, 64.44it/s]
  4%|▍         | 218/5794 [00:03<01:26, 64.21it/s]
  4%|▍         | 225/5794 [00:03<01:25, 65.37it/s]
  4%|▍         | 233/5794 [00:03<01:21, 67.84it/s]
  4%|▍         | 241/5794 [00:03<01:20, 69.36it/s]
  4%|▍         | 249/5794 [00:03<01:18, 70.72it/s]
  4%|▍         | 257/5794 [00:03<01:17, 71.33it/s]
  5%|▍         | 265/5794 [00:04<01:16, 72.08it/s]
  5%|▍         | 273/5794 [00:04<01:16, 72.27it/s]
  5%|▍         | 281/5794 [00:04<01:16, 71.80it/s]
  5%|▍         | 289/5794 [00:04<01:19, 69.11it/s]
  5%|▌         | 296/5794 [00:04<01:21, 67.59it/s]
  5%|▌         | 303/5794 [00:04<01:22, 66.42it/s]
  5%|▌         | 310/5794 [00:04<01:23, 65.55it/s]
  5%|▌         | 317/5794 [00:04<01:24, 64.88it/s]
  6%|▌         | 324/5794 [00:04<01:24, 64.48it/s]
  6%|▌         | 331/5794 [00:05<01:25, 64.14it/s]
  6%|▌         | 338/5794 [00:05<01:25, 63.71it/s]
  6%|▌         | 345/5794 [00:05<01:25, 63.38it/s]
  6%|▌         | 352/5794 [00:05<01:26, 62.92it/s]
  6%|▌         | 359/5794 [00:05<01:25, 63.50it/s]
  6%|▋         | 367/5794 [00:05<01:22, 66.18it/s]
  6%|▋         | 375/5794 [00:05<01:19, 68.40it/s]
  7%|▋         | 383/5794 [00:05<01:17, 69.81it/s]
  7%|▋         | 391/5794 [00:05<01:16, 70.83it/s]
  7%|▋         | 399/5794 [00:06<01:15, 71.63it/s]
  7%|▋         | 407/5794 [00:06<01:14, 72.11it/s]
  7%|▋         | 415/5794 [00:06<01:14, 72.61it/s]
  7%|▋         | 423/5794 [00:06<01:13, 72.71it/s]
  7%|▋         | 431/5794 [00:06<01:13, 72.95it/s]
  8%|▊         | 439/5794 [00:06<01:15, 71.01it/s]
  8%|▊         | 447/5794 [00:06<01:17, 68.72it/s]
  8%|▊         | 454/5794 [00:06<01:19, 67.24it/s]
  8%|▊         | 461/5794 [00:06<01:20, 66.27it/s]
  8%|▊         | 468/5794 [00:07<01:21, 65.47it/s]
  8%|▊         | 475/5794 [00:07<01:21, 64.93it/s]
  8%|▊         | 482/5794 [00:07<01:22, 64.53it/s]
  8%|▊         | 489/5794 [00:07<01:22, 64.27it/s]
  9%|▊         | 496/5794 [00:07<01:22, 64.01it/s]
  9%|▊         | 503/5794 [00:07<01:22, 63.86it/s]
  9%|▉         | 510/5794 [00:07<01:22, 63.86it/s]
  9%|▉         | 517/5794 [00:07<01:23, 63.57it/s]
  9%|▉         | 524/5794 [00:07<01:22, 63.63it/s]
  9%|▉         | 531/5794 [00:08<01:22, 63.53it/s]
  9%|▉         | 538/5794 [00:08<01:22, 63.76it/s]
  9%|▉         | 545/5794 [00:08<01:22, 63.83it/s]
 10%|▉         | 552/5794 [00:08<01:22, 63.69it/s]
 10%|▉         | 559/5794 [00:08<01:22, 63.82it/s]
 10%|▉         | 566/5794 [00:08<01:22, 63.55it/s]
 10%|▉         | 573/5794 [00:08<01:21, 63.87it/s]
 10%|█         | 580/5794 [00:08<01:21, 63.63it/s]
 10%|█         | 587/5794 [00:08<01:21, 63.58it/s]
 10%|█         | 594/5794 [00:09<01:21, 63.60it/s]
 10%|█         | 601/5794 [00:09<01:20, 64.55it/s]
 10%|█         | 608/5794 [00:09<01:20, 64.28it/s]
 11%|█         | 615/5794 [00:09<01:20, 64.03it/s]
 11%|█         | 622/5794 [00:09<01:20, 64.15it/s]
 11%|█         | 629/5794 [00:09<01:20, 63.95it/s]
 11%|█         | 636/5794 [00:09<01:20, 64.02it/s]
 11%|█         | 643/5794 [00:09<01:19, 64.64it/s]
 11%|█         | 650/5794 [00:09<01:18, 65.74it/s]
 11%|█▏        | 657/5794 [00:10<01:17, 66.64it/s]
 11%|█▏        | 664/5794 [00:10<01:17, 66.52it/s]
 12%|█▏        | 671/5794 [00:10<01:18, 65.56it/s]
 12%|█▏        | 678/5794 [00:10<01:19, 64.59it/s]
 12%|█▏        | 685/5794 [00:10<01:19, 64.09it/s]
 12%|█▏        | 692/5794 [00:10<01:19, 63.84it/s]
 12%|█▏        | 699/5794 [00:10<01:19, 64.07it/s]
 12%|█▏        | 706/5794 [00:10<01:19, 63.88it/s]
 12%|█▏        | 714/5794 [00:10<01:16, 66.05it/s]
 12%|█▏        | 722/5794 [00:11<01:14, 67.70it/s]
 13%|█▎        | 730/5794 [00:11<01:13, 68.96it/s]
 13%|█▎        | 738/5794 [00:11<01:12, 69.78it/s]
 13%|█▎        | 746/5794 [00:11<01:12, 70.00it/s]
 13%|█▎        | 754/5794 [00:11<01:11, 70.50it/s]
 13%|█▎        | 762/5794 [00:11<01:11, 70.77it/s]
 13%|█▎        | 770/5794 [00:11<01:10, 71.01it/s]
 13%|█▎        | 778/5794 [00:11<01:10, 71.35it/s]
 14%|█▎        | 786/5794 [00:11<01:10, 71.22it/s]
 14%|█▎        | 794/5794 [00:12<01:09, 71.57it/s]
 14%|█▍        | 802/5794 [00:12<01:09, 71.31it/s]
 14%|█▍        | 810/5794 [00:12<01:09, 71.67it/s]
 14%|█▍        | 818/5794 [00:12<01:09, 71.50it/s]
 14%|█▍        | 826/5794 [00:12<01:09, 71.67it/s]
 14%|█▍        | 834/5794 [00:12<01:09, 71.73it/s]
 15%|█▍        | 842/5794 [00:12<01:08, 71.83it/s]
 15%|█▍        | 850/5794 [00:12<01:08, 71.91it/s]
 15%|█▍        | 858/5794 [00:12<01:08, 71.85it/s]
 15%|█▍        | 866/5794 [00:13<01:08, 71.90it/s]
 15%|█▌        | 874/5794 [00:13<01:08, 71.81it/s]
 15%|█▌        | 882/5794 [00:13<01:08, 71.94it/s]
 15%|█▌        | 890/5794 [00:13<01:08, 71.90it/s]
 15%|█▌        | 898/5794 [00:13<01:08, 71.99it/s]
 16%|█▌        | 906/5794 [00:13<01:08, 71.44it/s]
 16%|█▌        | 914/5794 [00:13<01:08, 71.32it/s]
 16%|█▌        | 922/5794 [00:13<01:08, 71.38it/s]
 16%|█▌        | 930/5794 [00:13<01:07, 71.68it/s]
 16%|█▌        | 938/5794 [00:14<01:07, 71.81it/s]
 16%|█▋        | 946/5794 [00:14<01:07, 72.08it/s]
 16%|█▋        | 954/5794 [00:14<01:07, 72.17it/s]
 17%|█▋        | 962/5794 [00:14<01:06, 72.31it/s]
 17%|█▋        | 970/5794 [00:14<01:06, 72.17it/s]
 17%|█▋        | 978/5794 [00:14<01:06, 72.20it/s]
 17%|█▋        | 986/5794 [00:14<01:06, 72.04it/s]
 17%|█▋        | 994/5794 [00:14<01:06, 72.11it/s]
 17%|█▋        | 1002/5794 [00:14<01:06, 72.13it/s]
 17%|█▋        | 1010/5794 [00:15<01:06, 72.19it/s]
 18%|█▊        | 1018/5794 [00:15<01:06, 72.29it/s]
 18%|█▊        | 1026/5794 [00:15<01:06, 71.30it/s]
 18%|█▊        | 1034/5794 [00:15<01:06, 71.55it/s]
 18%|█▊        | 1042/5794 [00:15<01:06, 71.57it/s]
 18%|█▊        | 1050/5794 [00:15<01:06, 71.18it/s]
 18%|█▊        | 1058/5794 [00:15<01:06, 71.10it/s]
 18%|█▊        | 1066/5794 [00:15<01:06, 71.49it/s]
 19%|█▊        | 1074/5794 [00:15<01:05, 71.58it/s]
 19%|█▊        | 1082/5794 [00:16<01:05, 71.84it/s]
 19%|█▉        | 1090/5794 [00:16<01:05, 71.74it/s]
 19%|█▉        | 1098/5794 [00:16<01:05, 71.85it/s]
 19%|█▉        | 1106/5794 [00:16<01:05, 72.07it/s]
 19%|█▉        | 1114/5794 [00:16<01:04, 72.05it/s]
 19%|█▉        | 1122/5794 [00:16<01:05, 71.80it/s]
 20%|█▉        | 1130/5794 [00:16<01:04, 71.81it/s]
 20%|█▉        | 1138/5794 [00:16<01:04, 71.95it/s]
 20%|█▉        | 1146/5794 [00:16<01:04, 71.88it/s]
 20%|█▉        | 1154/5794 [00:17<01:05, 71.04it/s]
 20%|██        | 1162/5794 [00:17<01:04, 71.30it/s]
 20%|██        | 1170/5794 [00:17<01:04, 71.66it/s]
 20%|██        | 1178/5794 [00:17<01:04, 71.81it/s]
 20%|██        | 1186/5794 [00:17<01:04, 71.99it/s]
 21%|██        | 1194/5794 [00:17<01:03, 72.04it/s]
 21%|██        | 1202/5794 [00:17<01:03, 72.20it/s]
 21%|██        | 1210/5794 [00:17<01:03, 71.66it/s]
 21%|██        | 1218/5794 [00:17<01:03, 71.87it/s]
 21%|██        | 1226/5794 [00:18<01:03, 72.00it/s]
 21%|██▏       | 1234/5794 [00:18<01:03, 72.16it/s]
 21%|██▏       | 1242/5794 [00:18<01:03, 72.23it/s]
 22%|██▏       | 1250/5794 [00:18<01:02, 72.21it/s]
 22%|██▏       | 1258/5794 [00:18<01:02, 72.24it/s]
 22%|██▏       | 1266/5794 [00:18<01:02, 72.27it/s]
 22%|██▏       | 1274/5794 [00:18<01:02, 72.26it/s]
 22%|██▏       | 1282/5794 [00:18<01:02, 71.89it/s]
 22%|██▏       | 1290/5794 [00:18<01:03, 71.20it/s]
 22%|██▏       | 1298/5794 [00:19<01:03, 71.24it/s]
 23%|██▎       | 1306/5794 [00:19<01:02, 71.63it/s]
 23%|██▎       | 1314/5794 [00:19<01:02, 71.79it/s]
 23%|██▎       | 1322/5794 [00:19<01:02, 72.11it/s]
 23%|██▎       | 1330/5794 [00:19<01:02, 71.29it/s]
 23%|██▎       | 1338/5794 [00:19<01:02, 71.75it/s]
 23%|██▎       | 1346/5794 [00:19<01:01, 71.87it/s]
 23%|██▎       | 1354/5794 [00:19<01:01, 72.18it/s]
 24%|██▎       | 1362/5794 [00:19<01:01, 72.21it/s]
 24%|██▎       | 1370/5794 [00:20<01:01, 72.15it/s]
 24%|██▍       | 1378/5794 [00:20<01:01, 72.34it/s]
 24%|██▍       | 1386/5794 [00:20<01:01, 71.88it/s]
 24%|██▍       | 1394/5794 [00:20<01:01, 71.74it/s]
 24%|██▍       | 1402/5794 [00:20<01:01, 71.83it/s]
 24%|██▍       | 1410/5794 [00:20<01:00, 71.99it/s]
 24%|██▍       | 1418/5794 [00:20<01:01, 71.23it/s]
 25%|██▍       | 1426/5794 [00:20<01:01, 71.59it/s]
 25%|██▍       | 1434/5794 [00:20<01:00, 71.73it/s]
 25%|██▍       | 1442/5794 [00:21<01:00, 71.91it/s]
 25%|██▌       | 1450/5794 [00:21<01:00, 71.89it/s]
 25%|██▌       | 1458/5794 [00:21<01:00, 71.85it/s]
 25%|██▌       | 1466/5794 [00:21<01:00, 71.88it/s]
 25%|██▌       | 1474/5794 [00:21<00:59, 72.01it/s]
 26%|██▌       | 1482/5794 [00:21<00:59, 72.05it/s]
 26%|██▌       | 1490/5794 [00:21<00:59, 71.98it/s]
 26%|██▌       | 1498/5794 [00:21<00:59, 72.07it/s]
 26%|██▌       | 1506/5794 [00:21<00:59, 72.09it/s]
 26%|██▌       | 1514/5794 [00:22<00:59, 72.13it/s]
 26%|██▋       | 1522/5794 [00:22<00:59, 72.21it/s]
 26%|██▋       | 1530/5794 [00:22<00:58, 72.28it/s]
 27%|██▋       | 1538/5794 [00:22<00:58, 72.30it/s]
 27%|██▋       | 1546/5794 [00:22<00:58, 72.33it/s]
 27%|██▋       | 1554/5794 [00:22<00:58, 72.47it/s]
 27%|██▋       | 1562/5794 [00:22<00:58, 72.45it/s]
 27%|██▋       | 1570/5794 [00:22<00:58, 72.45it/s]
 27%|██▋       | 1578/5794 [00:22<00:58, 72.00it/s]
 27%|██▋       | 1586/5794 [00:23<00:58, 72.09it/s]
 28%|██▊       | 1594/5794 [00:23<00:58, 72.27it/s]
 28%|██▊       | 1602/5794 [00:23<00:57, 72.33it/s]
 28%|██▊       | 1610/5794 [00:23<00:57, 72.52it/s]
 28%|██▊       | 1618/5794 [00:23<00:57, 72.47it/s]
 28%|██▊       | 1626/5794 [00:23<00:57, 72.57it/s]
 28%|██▊       | 1634/5794 [00:23<00:57, 72.60it/s]
 28%|██▊       | 1642/5794 [00:23<00:57, 72.25it/s]
 28%|██▊       | 1650/5794 [00:23<00:57, 72.33it/s]
 29%|██▊       | 1658/5794 [00:24<00:57, 72.05it/s]
 29%|██▉       | 1666/5794 [00:24<00:57, 72.08it/s]
 29%|██▉       | 1674/5794 [00:24<00:57, 72.11it/s]
 29%|██▉       | 1682/5794 [00:24<00:56, 72.28it/s]
 29%|██▉       | 1690/5794 [00:24<00:56, 72.29it/s]
 29%|██▉       | 1698/5794 [00:24<00:56, 72.17it/s]
 29%|██▉       | 1706/5794 [00:24<00:56, 72.24it/s]
 30%|██▉       | 1714/5794 [00:24<00:56, 72.37it/s]
 30%|██▉       | 1722/5794 [00:24<00:56, 72.25it/s]
 30%|██▉       | 1730/5794 [00:25<00:56, 72.31it/s]
 30%|██▉       | 1738/5794 [00:25<00:56, 72.16it/s]
 30%|███       | 1746/5794 [00:25<00:56, 71.98it/s]
 30%|███       | 1754/5794 [00:25<00:56, 72.02it/s]
 30%|███       | 1762/5794 [00:25<00:56, 71.91it/s]
 31%|███       | 1770/5794 [00:25<00:55, 72.04it/s]
 31%|███       | 1778/5794 [00:25<00:55, 72.09it/s]
 31%|███       | 1786/5794 [00:25<00:55, 72.21it/s]
 31%|███       | 1794/5794 [00:25<00:55, 72.14it/s]
 31%|███       | 1802/5794 [00:26<00:55, 72.18it/s]
 31%|███       | 1810/5794 [00:26<00:55, 72.23it/s]
 31%|███▏      | 1818/5794 [00:26<00:54, 72.37it/s]
 32%|███▏      | 1826/5794 [00:26<00:54, 72.15it/s]
 32%|███▏      | 1834/5794 [00:26<00:54, 72.26it/s]
 32%|███▏      | 1842/5794 [00:26<00:54, 72.35it/s]
 32%|███▏      | 1850/5794 [00:26<00:54, 72.46it/s]
 32%|███▏      | 1858/5794 [00:26<00:54, 72.34it/s]
 32%|███▏      | 1866/5794 [00:26<00:54, 72.38it/s]
 32%|███▏      | 1874/5794 [00:27<00:54, 72.21it/s]
 32%|███▏      | 1882/5794 [00:27<00:54, 72.30it/s]
 33%|███▎      | 1890/5794 [00:27<00:54, 72.03it/s]
 33%|███▎      | 1898/5794 [00:27<00:53, 72.23it/s]
 33%|███▎      | 1906/5794 [00:27<00:53, 72.35it/s]
 33%|███▎      | 1914/5794 [00:27<00:54, 71.68it/s]
 33%|███▎      | 1922/5794 [00:27<00:53, 71.94it/s]
 33%|███▎      | 1930/5794 [00:27<00:53, 72.08it/s]
 33%|███▎      | 1938/5794 [00:27<00:53, 72.23it/s]
 34%|███▎      | 1946/5794 [00:28<00:53, 72.31it/s]
 34%|███▎      | 1954/5794 [00:28<00:53, 72.44it/s]
 34%|███▍      | 1962/5794 [00:28<00:53, 72.30it/s]
 34%|███▍      | 1970/5794 [00:28<00:52, 72.32it/s]
 34%|███▍      | 1978/5794 [00:28<00:52, 72.33it/s]
 34%|███▍      | 1986/5794 [00:28<00:52, 72.30it/s]
 34%|███▍      | 1994/5794 [00:28<00:52, 72.29it/s]
 35%|███▍      | 2002/5794 [00:28<00:52, 72.39it/s]
 35%|███▍      | 2010/5794 [00:28<00:52, 71.65it/s]
 35%|███▍      | 2018/5794 [00:29<00:52, 71.64it/s]
 35%|███▍      | 2026/5794 [00:29<00:52, 71.69it/s]
 35%|███▌      | 2034/5794 [00:29<00:52, 71.81it/s]
 35%|███▌      | 2042/5794 [00:29<00:52, 72.01it/s]
 35%|███▌      | 2050/5794 [00:29<00:51, 72.15it/s]
 36%|███▌      | 2058/5794 [00:29<00:51, 72.25it/s]
 36%|███▌      | 2066/5794 [00:29<00:51, 72.23it/s]
 36%|███▌      | 2074/5794 [00:29<00:51, 72.30it/s]
 36%|███▌      | 2082/5794 [00:29<00:51, 72.25it/s]
 36%|███▌      | 2090/5794 [00:30<00:51, 71.53it/s]
 36%|███▌      | 2098/5794 [00:30<00:51, 71.75it/s]
 36%|███▋      | 2106/5794 [00:30<00:51, 71.46it/s]
 36%|███▋      | 2114/5794 [00:30<00:51, 71.11it/s]
 37%|███▋      | 2122/5794 [00:30<00:51, 71.48it/s]
 37%|███▋      | 2130/5794 [00:30<00:51, 71.67it/s]
 37%|███▋      | 2138/5794 [00:30<00:50, 71.97it/s]
 37%|███▋      | 2146/5794 [00:30<00:50, 72.02it/s]
 37%|███▋      | 2154/5794 [00:30<00:50, 72.18it/s]
 37%|███▋      | 2162/5794 [00:31<00:50, 72.19it/s]
 37%|███▋      | 2170/5794 [00:31<00:50, 72.41it/s]
 38%|███▊      | 2178/5794 [00:31<00:49, 72.53it/s]
 38%|███▊      | 2186/5794 [00:31<00:49, 72.50it/s]
 38%|███▊      | 2194/5794 [00:31<00:49, 72.71it/s]
 38%|███▊      | 2202/5794 [00:31<00:49, 72.68it/s]
 38%|███▊      | 2210/5794 [00:31<00:49, 72.72it/s]
 38%|███▊      | 2218/5794 [00:31<00:49, 72.72it/s]
 38%|███▊      | 2226/5794 [00:31<00:49, 72.74it/s]
 39%|███▊      | 2234/5794 [00:32<00:48, 72.73it/s]
 39%|███▊      | 2242/5794 [00:32<00:48, 72.73it/s]
 39%|███▉      | 2250/5794 [00:32<00:48, 72.77it/s]
 39%|███▉      | 2258/5794 [00:32<00:48, 72.78it/s]
 39%|███▉      | 2266/5794 [00:32<00:48, 72.71it/s]
 39%|███▉      | 2274/5794 [00:32<00:48, 72.70it/s]
 39%|███▉      | 2282/5794 [00:32<00:48, 72.54it/s]
 40%|███▉      | 2290/5794 [00:32<00:48, 72.65it/s]
 40%|███▉      | 2298/5794 [00:32<00:48, 72.56it/s]
 40%|███▉      | 2306/5794 [00:33<00:48, 72.64it/s]
 40%|███▉      | 2314/5794 [00:33<00:47, 72.64it/s]
 40%|████      | 2322/5794 [00:33<00:47, 72.67it/s]
 40%|████      | 2330/5794 [00:33<00:47, 72.66it/s]
 40%|████      | 2338/5794 [00:33<00:47, 72.63it/s]
 40%|████      | 2346/5794 [00:33<00:47, 72.62it/s]
 41%|████      | 2354/5794 [00:33<00:47, 72.55it/s]
 41%|████      | 2362/5794 [00:33<00:47, 72.55it/s]
 41%|████      | 2370/5794 [00:33<00:47, 72.46it/s]
 41%|████      | 2378/5794 [00:33<00:47, 72.44it/s]
 41%|████      | 2386/5794 [00:34<00:47, 72.41it/s]
 41%|████▏     | 2394/5794 [00:34<00:46, 72.58it/s]
 41%|████▏     | 2402/5794 [00:34<00:46, 72.46it/s]
 42%|████▏     | 2410/5794 [00:34<00:46, 72.28it/s]
 42%|████▏     | 2418/5794 [00:34<00:46, 72.34it/s]
 42%|████▏     | 2426/5794 [00:34<00:46, 72.29it/s]
 42%|████▏     | 2434/5794 [00:34<00:46, 72.25it/s]
 42%|████▏     | 2442/5794 [00:34<00:46, 72.30it/s]
 42%|████▏     | 2450/5794 [00:34<00:46, 72.35it/s]
 42%|████▏     | 2458/5794 [00:35<00:46, 72.32it/s]
 43%|████▎     | 2466/5794 [00:35<00:45, 72.40it/s]
 43%|████▎     | 2474/5794 [00:35<00:46, 71.97it/s]
 43%|████▎     | 2482/5794 [00:35<00:46, 71.89it/s]
 43%|████▎     | 2490/5794 [00:35<00:45, 72.01it/s]
 43%|████▎     | 2498/5794 [00:35<00:45, 72.06it/s]
 43%|████▎     | 2506/5794 [00:35<00:45, 72.08it/s]
 43%|████▎     | 2514/5794 [00:35<00:45, 72.16it/s]
 44%|████▎     | 2522/5794 [00:35<00:45, 72.21it/s]
 44%|████▎     | 2530/5794 [00:36<00:45, 72.21it/s]
 44%|████▍     | 2538/5794 [00:36<00:45, 72.17it/s]
 44%|████▍     | 2546/5794 [00:36<00:45, 72.18it/s]
 44%|████▍     | 2554/5794 [00:36<00:44, 72.13it/s]
 44%|████▍     | 2562/5794 [00:36<00:44, 72.23it/s]
 44%|████▍     | 2570/5794 [00:36<00:44, 72.18it/s]
 44%|████▍     | 2578/5794 [00:36<00:44, 72.25it/s]
 45%|████▍     | 2586/5794 [00:36<00:44, 72.32it/s]
 45%|████▍     | 2594/5794 [00:36<00:44, 72.25it/s]
 45%|████▍     | 2602/5794 [00:37<00:44, 72.28it/s]
 45%|████▌     | 2610/5794 [00:37<00:44, 72.27it/s]
 45%|████▌     | 2618/5794 [00:37<00:43, 72.36it/s]
 45%|████▌     | 2626/5794 [00:37<00:43, 72.38it/s]
 45%|████▌     | 2634/5794 [00:37<00:44, 71.69it/s]
 46%|████▌     | 2642/5794 [00:37<00:43, 71.92it/s]
 46%|████▌     | 2650/5794 [00:37<00:43, 72.11it/s]
 46%|████▌     | 2658/5794 [00:37<00:43, 72.03it/s]
 46%|████▌     | 2666/5794 [00:37<00:43, 72.14it/s]
 46%|████▌     | 2674/5794 [00:38<00:43, 72.09it/s]
 46%|████▋     | 2682/5794 [00:38<00:43, 72.27it/s]
 46%|████▋     | 2690/5794 [00:38<00:42, 72.22it/s]
 47%|████▋     | 2698/5794 [00:38<00:42, 72.37it/s]
 47%|████▋     | 2706/5794 [00:38<00:42, 72.28it/s]
 47%|████▋     | 2714/5794 [00:38<00:42, 72.28it/s]
 47%|████▋     | 2722/5794 [00:38<00:42, 72.22it/s]
 47%|████▋     | 2730/5794 [00:38<00:42, 72.07it/s]
 47%|████▋     | 2738/5794 [00:38<00:42, 71.30it/s]
 47%|████▋     | 2746/5794 [00:39<00:42, 71.44it/s]
 48%|████▊     | 2754/5794 [00:39<00:42, 71.67it/s]
 48%|████▊     | 2762/5794 [00:39<00:42, 71.81it/s]
 48%|████▊     | 2770/5794 [00:39<00:42, 71.95it/s]
 48%|████▊     | 2778/5794 [00:39<00:42, 71.53it/s]
 48%|████▊     | 2786/5794 [00:39<00:42, 71.47it/s]
 48%|████▊     | 2794/5794 [00:39<00:41, 71.64it/s]
 48%|████▊     | 2802/5794 [00:39<00:41, 71.81it/s]
 48%|████▊     | 2810/5794 [00:39<00:41, 71.70it/s]
 49%|████▊     | 2818/5794 [00:40<00:41, 71.90it/s]
 49%|████▉     | 2826/5794 [00:40<00:41, 71.87it/s]
 49%|████▉     | 2834/5794 [00:40<00:41, 71.52it/s]
 49%|████▉     | 2842/5794 [00:40<00:41, 71.54it/s]
 49%|████▉     | 2850/5794 [00:40<00:40, 71.87it/s]
 49%|████▉     | 2858/5794 [00:40<00:40, 72.06it/s]
 49%|████▉     | 2866/5794 [00:40<00:40, 72.11it/s]
 50%|████▉     | 2874/5794 [00:40<00:40, 72.10it/s]
 50%|████▉     | 2882/5794 [00:40<00:40, 71.89it/s]
 50%|████▉     | 2890/5794 [00:41<00:40, 72.07it/s]
 50%|█████     | 2898/5794 [00:41<00:40, 72.04it/s]
 50%|█████     | 2906/5794 [00:41<00:40, 72.09it/s]
 50%|█████     | 2914/5794 [00:41<00:39, 72.07it/s]
 50%|█████     | 2922/5794 [00:41<00:39, 72.29it/s]
 51%|█████     | 2930/5794 [00:41<00:39, 72.23it/s]
 51%|█████     | 2938/5794 [00:41<00:39, 72.29it/s]
 51%|█████     | 2946/5794 [00:41<00:39, 72.20it/s]
 51%|█████     | 2954/5794 [00:41<00:39, 72.34it/s]
 51%|█████     | 2962/5794 [00:42<00:39, 72.16it/s]
 51%|█████▏    | 2970/5794 [00:42<00:39, 72.34it/s]
 51%|█████▏    | 2978/5794 [00:42<00:38, 72.23it/s]
 52%|█████▏    | 2986/5794 [00:42<00:38, 72.39it/s]
 52%|█████▏    | 2994/5794 [00:42<00:38, 72.45it/s]
 52%|█████▏    | 3002/5794 [00:42<00:38, 72.41it/s]
 52%|█████▏    | 3010/5794 [00:42<00:38, 72.31it/s]
 52%|█████▏    | 3018/5794 [00:42<00:38, 72.33it/s]
 52%|█████▏    | 3026/5794 [00:42<00:38, 72.31it/s]
 52%|█████▏    | 3034/5794 [00:43<00:38, 72.29it/s]
 53%|█████▎    | 3042/5794 [00:43<00:38, 72.39it/s]
 53%|█████▎    | 3050/5794 [00:43<00:37, 72.26it/s]
 53%|█████▎    | 3058/5794 [00:43<00:37, 72.39it/s]
 53%|█████▎    | 3066/5794 [00:43<00:37, 72.32it/s]
 53%|█████▎    | 3074/5794 [00:43<00:37, 72.45it/s]
 53%|█████▎    | 3082/5794 [00:43<00:37, 72.12it/s]
 53%|█████▎    | 3090/5794 [00:43<00:37, 72.30it/s]
 53%|█████▎    | 3098/5794 [00:43<00:37, 72.18it/s]
 54%|█████▎    | 3106/5794 [00:44<00:37, 72.28it/s]
 54%|█████▎    | 3114/5794 [00:44<00:37, 72.10it/s]
 54%|█████▍    | 3122/5794 [00:44<00:36, 72.26it/s]
 54%|█████▍    | 3130/5794 [00:44<00:36, 72.14it/s]
 54%|█████▍    | 3138/5794 [00:44<00:36, 72.13it/s]
 54%|█████▍    | 3146/5794 [00:44<00:36, 72.16it/s]
 54%|█████▍    | 3154/5794 [00:44<00:36, 71.78it/s]
 55%|█████▍    | 3162/5794 [00:44<00:36, 71.68it/s]
 55%|█████▍    | 3170/5794 [00:44<00:36, 71.71it/s]
 55%|█████▍    | 3178/5794 [00:45<00:36, 71.75it/s]
 55%|█████▍    | 3186/5794 [00:45<00:36, 71.78it/s]
 55%|█████▌    | 3194/5794 [00:45<00:36, 71.49it/s]
 55%|█████▌    | 3202/5794 [00:45<00:36, 71.56it/s]
 55%|█████▌    | 3210/5794 [00:45<00:35, 71.83it/s]
 56%|█████▌    | 3218/5794 [00:45<00:35, 71.88it/s]
 56%|█████▌    | 3226/5794 [00:45<00:35, 72.01it/s]
 56%|█████▌    | 3234/5794 [00:45<00:35, 71.88it/s]
 56%|█████▌    | 3242/5794 [00:45<00:35, 72.10it/s]
 56%|█████▌    | 3250/5794 [00:46<00:35, 71.93it/s]
 56%|█████▌    | 3258/5794 [00:46<00:35, 71.72it/s]
 56%|█████▋    | 3266/5794 [00:46<00:35, 71.85it/s]
 57%|█████▋    | 3274/5794 [00:46<00:35, 71.93it/s]
 57%|█████▋    | 3282/5794 [00:46<00:34, 72.04it/s]
 57%|█████▋    | 3290/5794 [00:46<00:34, 72.10it/s]
 57%|█████▋    | 3298/5794 [00:46<00:34, 72.11it/s]
 57%|█████▋    | 3306/5794 [00:46<00:34, 72.14it/s]
 57%|█████▋    | 3314/5794 [00:46<00:34, 72.12it/s]
 57%|█████▋    | 3322/5794 [00:47<00:34, 72.10it/s]
 57%|█████▋    | 3330/5794 [00:47<00:34, 72.20it/s]
 58%|█████▊    | 3338/5794 [00:47<00:34, 72.18it/s]
 58%|█████▊    | 3346/5794 [00:47<00:33, 72.25it/s]
 58%|█████▊    | 3354/5794 [00:47<00:33, 72.19it/s]
 58%|█████▊    | 3362/5794 [00:47<00:33, 72.31it/s]
 58%|█████▊    | 3370/5794 [00:47<00:33, 72.06it/s]
 58%|█████▊    | 3378/5794 [00:47<00:33, 72.17it/s]
 58%|█████▊    | 3386/5794 [00:47<00:33, 72.03it/s]
 59%|█████▊    | 3394/5794 [00:48<00:33, 72.05it/s]
 59%|█████▊    | 3402/5794 [00:48<00:33, 72.16it/s]
 59%|█████▉    | 3410/5794 [00:48<00:33, 72.08it/s]
 59%|█████▉    | 3418/5794 [00:48<00:32, 72.15it/s]
 59%|█████▉    | 3426/5794 [00:48<00:32, 72.18it/s]
 59%|█████▉    | 3434/5794 [00:48<00:32, 71.78it/s]
 59%|█████▉    | 3442/5794 [00:48<00:32, 71.73it/s]
 60%|█████▉    | 3450/5794 [00:48<00:32, 71.89it/s]
 60%|█████▉    | 3458/5794 [00:48<00:32, 71.23it/s]
 60%|█████▉    | 3466/5794 [00:49<00:32, 71.51it/s]
 60%|█████▉    | 3474/5794 [00:49<00:32, 71.60it/s]
 60%|██████    | 3482/5794 [00:49<00:32, 71.75it/s]
 60%|██████    | 3490/5794 [00:49<00:32, 71.83it/s]
 60%|██████    | 3498/5794 [00:49<00:32, 71.29it/s]
 61%|██████    | 3506/5794 [00:49<00:31, 71.59it/s]
 61%|██████    | 3514/5794 [00:49<00:31, 71.89it/s]
 61%|██████    | 3522/5794 [00:49<00:31, 71.84it/s]
 61%|██████    | 3530/5794 [00:49<00:31, 71.88it/s]
 61%|██████    | 3538/5794 [00:50<00:31, 71.98it/s]
 61%|██████    | 3546/5794 [00:50<00:31, 72.12it/s]
 61%|██████▏   | 3554/5794 [00:50<00:31, 71.26it/s]
 61%|██████▏   | 3562/5794 [00:50<00:31, 71.35it/s]
 62%|██████▏   | 3570/5794 [00:50<00:31, 71.63it/s]
 62%|██████▏   | 3578/5794 [00:50<00:30, 71.91it/s]
 62%|██████▏   | 3586/5794 [00:50<00:30, 71.95it/s]
 62%|██████▏   | 3594/5794 [00:50<00:30, 72.13it/s]
 62%|██████▏   | 3602/5794 [00:50<00:30, 72.31it/s]
 62%|██████▏   | 3610/5794 [00:51<00:30, 72.30it/s]
 62%|██████▏   | 3618/5794 [00:51<00:30, 72.43it/s]
 63%|██████▎   | 3626/5794 [00:51<00:29, 72.47it/s]
 63%|██████▎   | 3634/5794 [00:51<00:29, 72.46it/s]
 63%|██████▎   | 3642/5794 [00:51<00:29, 72.19it/s]
 63%|██████▎   | 3650/5794 [00:51<00:29, 72.28it/s]
 63%|██████▎   | 3658/5794 [00:51<00:29, 72.12it/s]
 63%|██████▎   | 3666/5794 [00:51<00:29, 72.34it/s]
 63%|██████▎   | 3674/5794 [00:51<00:29, 72.32it/s]
 64%|██████▎   | 3682/5794 [00:52<00:29, 72.01it/s]
 64%|██████▎   | 3690/5794 [00:52<00:29, 72.10it/s]
 64%|██████▍   | 3698/5794 [00:52<00:29, 72.03it/s]
 64%|██████▍   | 3706/5794 [00:52<00:28, 72.07it/s]
 64%|██████▍   | 3714/5794 [00:52<00:28, 72.25it/s]
 64%|██████▍   | 3722/5794 [00:52<00:28, 72.39it/s]
 64%|██████▍   | 3730/5794 [00:52<00:28, 72.50it/s]
 65%|██████▍   | 3738/5794 [00:52<00:28, 72.50it/s]
 65%|██████▍   | 3746/5794 [00:52<00:28, 72.44it/s]
 65%|██████▍   | 3754/5794 [00:53<00:28, 72.58it/s]
 65%|██████▍   | 3762/5794 [00:53<00:28, 72.53it/s]
 65%|██████▌   | 3770/5794 [00:53<00:27, 72.62it/s]
 65%|██████▌   | 3778/5794 [00:53<00:27, 72.67it/s]
 65%|██████▌   | 3786/5794 [00:53<00:27, 72.74it/s]
 65%|██████▌   | 3794/5794 [00:53<00:27, 72.74it/s]
 66%|██████▌   | 3802/5794 [00:53<00:27, 72.45it/s]
 66%|██████▌   | 3810/5794 [00:53<00:27, 72.43it/s]
 66%|██████▌   | 3818/5794 [00:53<00:27, 72.36it/s]
 66%|██████▌   | 3826/5794 [00:54<00:27, 72.37it/s]
 66%|██████▌   | 3834/5794 [00:54<00:27, 72.42it/s]
 66%|██████▋   | 3842/5794 [00:54<00:26, 72.46it/s]
 66%|██████▋   | 3850/5794 [00:54<00:26, 72.42it/s]
 67%|██████▋   | 3858/5794 [00:54<00:26, 72.47it/s]
 67%|██████▋   | 3866/5794 [00:54<00:26, 72.40it/s]
 67%|██████▋   | 3874/5794 [00:54<00:26, 72.35it/s]
 67%|██████▋   | 3882/5794 [00:54<00:26, 72.32it/s]
 67%|██████▋   | 3890/5794 [00:54<00:26, 72.29it/s]
 67%|██████▋   | 3898/5794 [00:55<00:26, 72.18it/s]
 67%|██████▋   | 3906/5794 [00:55<00:26, 72.11it/s]
 68%|██████▊   | 3914/5794 [00:55<00:26, 71.67it/s]
 68%|██████▊   | 3922/5794 [00:55<00:26, 70.90it/s]
 68%|██████▊   | 3930/5794 [00:55<00:26, 71.29it/s]
 68%|██████▊   | 3938/5794 [00:55<00:25, 71.76it/s]
 68%|██████▊   | 3946/5794 [00:55<00:25, 71.90it/s]
 68%|██████▊   | 3954/5794 [00:55<00:25, 71.93it/s]
 68%|██████▊   | 3962/5794 [00:55<00:25, 72.17it/s]
 69%|██████▊   | 3970/5794 [00:56<00:25, 72.17it/s]
 69%|██████▊   | 3978/5794 [00:56<00:25, 72.30it/s]
 69%|██████▉   | 3986/5794 [00:56<00:25, 71.33it/s]
 69%|██████▉   | 3994/5794 [00:56<00:25, 71.63it/s]
 69%|██████▉   | 4002/5794 [00:56<00:24, 71.95it/s]
 69%|██████▉   | 4010/5794 [00:56<00:24, 72.01it/s]
 69%|██████▉   | 4018/5794 [00:56<00:24, 71.95it/s]
 69%|██████▉   | 4026/5794 [00:56<00:24, 71.11it/s]
 70%|██████▉   | 4034/5794 [00:56<00:24, 71.52it/s]
 70%|██████▉   | 4042/5794 [00:57<00:24, 71.78it/s]
 70%|██████▉   | 4050/5794 [00:57<00:24, 72.00it/s]
 70%|███████   | 4058/5794 [00:57<00:24, 72.30it/s]
 70%|███████   | 4066/5794 [00:57<00:23, 72.16it/s]
 70%|███████   | 4074/5794 [00:57<00:23, 72.49it/s]
 70%|███████   | 4082/5794 [00:57<00:23, 72.44it/s]
 71%|███████   | 4090/5794 [00:57<00:23, 72.31it/s]
 71%|███████   | 4098/5794 [00:57<00:23, 72.33it/s]
 71%|███████   | 4106/5794 [00:57<00:23, 72.27it/s]
 71%|███████   | 4114/5794 [00:58<00:23, 72.36it/s]
 71%|███████   | 4122/5794 [00:58<00:23, 72.45it/s]
 71%|███████▏  | 4130/5794 [00:58<00:22, 72.55it/s]
 71%|███████▏  | 4138/5794 [00:58<00:22, 72.59it/s]
 72%|███████▏  | 4146/5794 [00:58<00:22, 72.71it/s]
 72%|███████▏  | 4154/5794 [00:58<00:22, 72.63it/s]
 72%|███████▏  | 4162/5794 [00:58<00:22, 72.72it/s]
 72%|███████▏  | 4170/5794 [00:58<00:22, 72.61it/s]
 72%|███████▏  | 4178/5794 [00:58<00:22, 72.51it/s]
 72%|███████▏  | 4186/5794 [00:59<00:22, 72.35it/s]
 72%|███████▏  | 4194/5794 [00:59<00:22, 72.61it/s]
 73%|███████▎  | 4202/5794 [00:59<00:21, 72.57it/s]
 73%|███████▎  | 4210/5794 [00:59<00:21, 72.75it/s]
 73%|███████▎  | 4218/5794 [00:59<00:21, 72.76it/s]
 73%|███████▎  | 4226/5794 [00:59<00:21, 72.57it/s]
 73%|███████▎  | 4234/5794 [00:59<00:21, 72.52it/s]
 73%|███████▎  | 4242/5794 [00:59<00:21, 72.60it/s]
 73%|███████▎  | 4250/5794 [00:59<00:21, 72.52it/s]
 73%|███████▎  | 4258/5794 [01:00<00:21, 72.56it/s]
 74%|███████▎  | 4266/5794 [01:00<00:21, 72.52it/s]
 74%|███████▍  | 4274/5794 [01:00<00:21, 71.79it/s]
 74%|███████▍  | 4282/5794 [01:00<00:21, 71.22it/s]
 74%|███████▍  | 4290/5794 [01:00<00:21, 71.41it/s]
 74%|███████▍  | 4298/5794 [01:00<00:20, 71.75it/s]
 74%|███████▍  | 4306/5794 [01:00<00:20, 71.79it/s]
 74%|███████▍  | 4314/5794 [01:00<00:20, 72.01it/s]
 75%|███████▍  | 4322/5794 [01:00<00:20, 72.01it/s]
 75%|███████▍  | 4330/5794 [01:01<00:20, 72.08it/s]
 75%|███████▍  | 4338/5794 [01:01<00:20, 72.08it/s]
 75%|███████▌  | 4346/5794 [01:01<00:20, 72.28it/s]
 75%|███████▌  | 4354/5794 [01:01<00:19, 72.39it/s]
 75%|███████▌  | 4362/5794 [01:01<00:19, 72.29it/s]
 75%|███████▌  | 4370/5794 [01:01<00:19, 72.38it/s]
 76%|███████▌  | 4378/5794 [01:01<00:19, 72.21it/s]
 76%|███████▌  | 4386/5794 [01:01<00:19, 72.28it/s]
 76%|███████▌  | 4394/5794 [01:01<00:19, 72.22it/s]
 76%|███████▌  | 4402/5794 [01:02<00:19, 72.29it/s]
 76%|███████▌  | 4410/5794 [01:02<00:19, 72.29it/s]
 76%|███████▋  | 4418/5794 [01:02<00:19, 72.30it/s]
 76%|███████▋  | 4426/5794 [01:02<00:18, 72.22it/s]
 77%|███████▋  | 4434/5794 [01:02<00:18, 72.34it/s]
 77%|███████▋  | 4442/5794 [01:02<00:18, 72.30it/s]
 77%|███████▋  | 4450/5794 [01:02<00:18, 72.36it/s]
 77%|███████▋  | 4458/5794 [01:02<00:18, 72.23it/s]
 77%|███████▋  | 4466/5794 [01:02<00:18, 72.27it/s]
 77%|███████▋  | 4474/5794 [01:03<00:18, 72.10it/s]
 77%|███████▋  | 4482/5794 [01:03<00:18, 72.17it/s]
 77%|███████▋  | 4490/5794 [01:03<00:18, 72.25it/s]
 78%|███████▊  | 4498/5794 [01:03<00:17, 72.18it/s]
 78%|███████▊  | 4506/5794 [01:03<00:17, 72.30it/s]
 78%|███████▊  | 4514/5794 [01:03<00:17, 72.26it/s]
 78%|███████▊  | 4522/5794 [01:03<00:17, 72.21it/s]
 78%|███████▊  | 4530/5794 [01:03<00:17, 72.15it/s]
 78%|███████▊  | 4538/5794 [01:03<00:17, 72.22it/s]
 78%|███████▊  | 4546/5794 [01:04<00:17, 72.03it/s]
 79%|███████▊  | 4554/5794 [01:04<00:17, 72.16it/s]
 79%|███████▊  | 4562/5794 [01:04<00:17, 72.17it/s]
 79%|███████▉  | 4570/5794 [01:04<00:16, 72.20it/s]
 79%|███████▉  | 4578/5794 [01:04<00:16, 72.20it/s]
 79%|███████▉  | 4586/5794 [01:04<00:16, 72.31it/s]
 79%|███████▉  | 4594/5794 [01:04<00:16, 72.22it/s]
 79%|███████▉  | 4602/5794 [01:04<00:16, 72.31it/s]
 80%|███████▉  | 4610/5794 [01:04<00:16, 72.12it/s]
 80%|███████▉  | 4618/5794 [01:05<00:16, 72.23it/s]
 80%|███████▉  | 4626/5794 [01:05<00:16, 72.30it/s]
 80%|███████▉  | 4634/5794 [01:05<00:16, 71.82it/s]
 80%|████████  | 4642/5794 [01:05<00:16, 71.88it/s]
 80%|████████  | 4650/5794 [01:05<00:15, 71.71it/s]
 80%|████████  | 4658/5794 [01:05<00:16, 71.00it/s]
 81%|████████  | 4666/5794 [01:05<00:15, 71.33it/s]
 81%|████████  | 4674/5794 [01:05<00:15, 71.70it/s]
 81%|████████  | 4682/5794 [01:05<00:15, 71.89it/s]
 81%|████████  | 4690/5794 [01:06<00:15, 72.15it/s]
 81%|████████  | 4698/5794 [01:06<00:15, 72.23it/s]
 81%|████████  | 4706/5794 [01:06<00:15, 72.37it/s]
 81%|████████▏ | 4714/5794 [01:06<00:14, 72.37it/s]
 81%|████████▏ | 4722/5794 [01:06<00:14, 72.51it/s]
 82%|████████▏ | 4730/5794 [01:06<00:14, 72.44it/s]
 82%|████████▏ | 4738/5794 [01:06<00:14, 72.50it/s]
 82%|████████▏ | 4746/5794 [01:06<00:14, 72.32it/s]
 82%|████████▏ | 4754/5794 [01:06<00:14, 72.45it/s]
 82%|████████▏ | 4762/5794 [01:07<00:14, 72.45it/s]
 82%|████████▏ | 4770/5794 [01:07<00:14, 72.44it/s]
 82%|████████▏ | 4778/5794 [01:07<00:14, 72.38it/s]
 83%|████████▎ | 4786/5794 [01:07<00:13, 72.47it/s]
 83%|████████▎ | 4794/5794 [01:07<00:13, 72.49it/s]
 83%|████████▎ | 4802/5794 [01:07<00:13, 72.41it/s]
 83%|████████▎ | 4810/5794 [01:07<00:13, 72.43it/s]
 83%|████████▎ | 4818/5794 [01:07<00:13, 72.34it/s]
 83%|████████▎ | 4826/5794 [01:07<00:13, 72.40it/s]
 83%|████████▎ | 4834/5794 [01:08<00:13, 72.24it/s]
 84%|████████▎ | 4842/5794 [01:08<00:13, 72.32it/s]
 84%|████████▎ | 4850/5794 [01:08<00:13, 72.12it/s]
 84%|████████▍ | 4858/5794 [01:08<00:12, 72.32it/s]
 84%|████████▍ | 4866/5794 [01:08<00:12, 72.18it/s]
 84%|████████▍ | 4874/5794 [01:08<00:12, 72.31it/s]
 84%|████████▍ | 4882/5794 [01:08<00:12, 71.99it/s]
 84%|████████▍ | 4890/5794 [01:08<00:12, 72.24it/s]
 85%|████████▍ | 4898/5794 [01:08<00:12, 71.78it/s]
 85%|████████▍ | 4906/5794 [01:09<00:12, 71.56it/s]
 85%|████████▍ | 4914/5794 [01:09<00:12, 71.74it/s]
 85%|████████▍ | 4922/5794 [01:09<00:12, 71.04it/s]
 85%|████████▌ | 4930/5794 [01:09<00:12, 71.45it/s]
 85%|████████▌ | 4938/5794 [01:09<00:11, 71.67it/s]
 85%|████████▌ | 4946/5794 [01:09<00:11, 71.93it/s]
 86%|████████▌ | 4954/5794 [01:09<00:11, 71.98it/s]
 86%|████████▌ | 4962/5794 [01:09<00:11, 72.10it/s]
 86%|████████▌ | 4970/5794 [01:09<00:11, 71.98it/s]
 86%|████████▌ | 4978/5794 [01:10<00:11, 72.08it/s]
 86%|████████▌ | 4986/5794 [01:10<00:11, 72.07it/s]
 86%|████████▌ | 4994/5794 [01:10<00:11, 71.76it/s]
 86%|████████▋ | 5002/5794 [01:10<00:11, 71.39it/s]
 86%|████████▋ | 5010/5794 [01:10<00:10, 71.69it/s]
 87%|████████▋ | 5018/5794 [01:10<00:10, 71.79it/s]
 87%|████████▋ | 5026/5794 [01:10<00:10, 71.84it/s]
 87%|████████▋ | 5034/5794 [01:10<00:10, 71.87it/s]
 87%|████████▋ | 5042/5794 [01:10<00:10, 71.97it/s]
 87%|████████▋ | 5050/5794 [01:11<00:10, 72.17it/s]
 87%|████████▋ | 5058/5794 [01:11<00:10, 72.20it/s]
 87%|████████▋ | 5066/5794 [01:11<00:10, 72.27it/s]
 88%|████████▊ | 5074/5794 [01:11<00:09, 72.44it/s]
 88%|████████▊ | 5082/5794 [01:11<00:09, 72.58it/s]
 88%|████████▊ | 5090/5794 [01:11<00:09, 72.55it/s]
 88%|████████▊ | 5098/5794 [01:11<00:09, 72.57it/s]
 88%|████████▊ | 5106/5794 [01:11<00:09, 72.49it/s]
 88%|████████▊ | 5114/5794 [01:11<00:09, 72.35it/s]
 88%|████████▊ | 5122/5794 [01:12<00:09, 71.98it/s]
 89%|████████▊ | 5130/5794 [01:12<00:09, 71.94it/s]
 89%|████████▊ | 5138/5794 [01:12<00:09, 71.92it/s]
 89%|████████▉ | 5146/5794 [01:12<00:09, 71.82it/s]
 89%|████████▉ | 5154/5794 [01:12<00:08, 71.81it/s]
 89%|████████▉ | 5162/5794 [01:12<00:08, 71.86it/s]
 89%|████████▉ | 5170/5794 [01:12<00:08, 71.91it/s]
 89%|████████▉ | 5178/5794 [01:12<00:08, 71.85it/s]
 90%|████████▉ | 5186/5794 [01:12<00:08, 71.90it/s]
 90%|████████▉ | 5194/5794 [01:13<00:08, 71.91it/s]
 90%|████████▉ | 5202/5794 [01:13<00:08, 71.90it/s]
 90%|████████▉ | 5210/5794 [01:13<00:08, 71.89it/s]
 90%|█████████ | 5218/5794 [01:13<00:08, 71.90it/s]
 90%|█████████ | 5226/5794 [01:13<00:07, 71.98it/s]
 90%|█████████ | 5234/5794 [01:13<00:07, 71.25it/s]
 90%|█████████ | 5242/5794 [01:13<00:07, 71.70it/s]
 91%|█████████ | 5250/5794 [01:13<00:07, 72.06it/s]
 91%|█████████ | 5258/5794 [01:13<00:07, 72.21it/s]
 91%|█████████ | 5266/5794 [01:14<00:07, 72.44it/s]
 91%|█████████ | 5274/5794 [01:14<00:07, 72.49it/s]
 91%|█████████ | 5282/5794 [01:14<00:07, 72.52it/s]
 91%|█████████▏| 5290/5794 [01:14<00:06, 72.52it/s]
 91%|█████████▏| 5298/5794 [01:14<00:06, 72.58it/s]
 92%|█████████▏| 5306/5794 [01:14<00:06, 72.80it/s]
 92%|█████████▏| 5314/5794 [01:14<00:06, 72.89it/s]
 92%|█████████▏| 5322/5794 [01:14<00:06, 72.94it/s]
 92%|█████████▏| 5330/5794 [01:14<00:06, 72.81it/s]
 92%|█████████▏| 5338/5794 [01:15<00:06, 72.82it/s]
 92%|█████████▏| 5346/5794 [01:15<00:06, 72.74it/s]
 92%|█████████▏| 5354/5794 [01:15<00:06, 72.34it/s]
 93%|█████████▎| 5362/5794 [01:15<00:05, 72.31it/s]
 93%|█████████▎| 5370/5794 [01:15<00:05, 72.39it/s]
 93%|█████████▎| 5378/5794 [01:15<00:05, 72.50it/s]
 93%|█████████▎| 5386/5794 [01:15<00:05, 72.58it/s]
 93%|█████████▎| 5394/5794 [01:15<00:05, 72.49it/s]
 93%|█████████▎| 5402/5794 [01:15<00:05, 72.21it/s]
 93%|█████████▎| 5410/5794 [01:16<00:05, 72.03it/s]
 94%|█████████▎| 5418/5794 [01:16<00:05, 72.22it/s]
 94%|█████████▎| 5426/5794 [01:16<00:05, 72.20it/s]
 94%|█████████▍| 5434/5794 [01:16<00:04, 72.32it/s]
 94%|█████████▍| 5442/5794 [01:16<00:04, 72.32it/s]
 94%|█████████▍| 5450/5794 [01:16<00:04, 72.27it/s]
 94%|█████████▍| 5458/5794 [01:16<00:04, 72.35it/s]
 94%|█████████▍| 5466/5794 [01:16<00:04, 72.15it/s]
 94%|█████████▍| 5474/5794 [01:16<00:04, 72.13it/s]
 95%|█████████▍| 5482/5794 [01:17<00:04, 71.36it/s]
 95%|█████████▍| 5490/5794 [01:17<00:04, 71.63it/s]
 95%|█████████▍| 5498/5794 [01:17<00:04, 71.73it/s]
 95%|█████████▌| 5506/5794 [01:17<00:04, 71.89it/s]
 95%|█████████▌| 5514/5794 [01:17<00:03, 71.97it/s]
 95%|█████████▌| 5522/5794 [01:17<00:03, 72.18it/s]
 95%|█████████▌| 5530/5794 [01:17<00:03, 72.08it/s]
 96%|█████████▌| 5538/5794 [01:17<00:03, 72.16it/s]
 96%|█████████▌| 5546/5794 [01:17<00:03, 71.93it/s]
 96%|█████████▌| 5554/5794 [01:18<00:03, 72.14it/s]
 96%|█████████▌| 5562/5794 [01:18<00:03, 72.04it/s]
 96%|█████████▌| 5570/5794 [01:18<00:03, 72.28it/s]
 96%|█████████▋| 5578/5794 [01:18<00:02, 72.37it/s]
 96%|█████████▋| 5586/5794 [01:18<00:02, 72.36it/s]
 97%|█████████▋| 5594/5794 [01:18<00:02, 71.91it/s]
 97%|█████████▋| 5602/5794 [01:18<00:02, 71.96it/s]
 97%|█████████▋| 5610/5794 [01:18<00:02, 72.14it/s]
 97%|█████████▋| 5618/5794 [01:18<00:02, 71.63it/s]
 97%|█████████▋| 5626/5794 [01:19<00:02, 71.59it/s]
 97%|█████████▋| 5634/5794 [01:19<00:02, 71.63it/s]
 97%|█████████▋| 5642/5794 [01:19<00:02, 71.89it/s]
 98%|█████████▊| 5650/5794 [01:19<00:02, 71.98it/s]
 98%|█████████▊| 5658/5794 [01:19<00:01, 72.28it/s]
 98%|█████████▊| 5666/5794 [01:19<00:01, 72.33it/s]
 98%|█████████▊| 5674/5794 [01:19<00:01, 72.62it/s]
 98%|█████████▊| 5682/5794 [01:19<00:01, 72.44it/s]
 98%|█████████▊| 5690/5794 [01:19<00:01, 72.48it/s]
 98%|█████████▊| 5698/5794 [01:20<00:01, 72.36it/s]
 98%|█████████▊| 5706/5794 [01:20<00:01, 72.41it/s]
 99%|█████████▊| 5714/5794 [01:20<00:01, 72.11it/s]
 99%|█████████▉| 5722/5794 [01:20<00:01, 71.69it/s]
 99%|█████████▉| 5730/5794 [01:20<00:00, 71.06it/s]
 99%|█████████▉| 5738/5794 [01:20<00:00, 71.48it/s]
 99%|█████████▉| 5746/5794 [01:20<00:00, 71.75it/s]
 99%|█████████▉| 5754/5794 [01:20<00:00, 71.92it/s]
 99%|█████████▉| 5762/5794 [01:20<00:00, 72.18it/s]
100%|█████████▉| 5770/5794 [01:21<00:00, 72.02it/s]
100%|█████████▉| 5778/5794 [01:21<00:00, 71.91it/s]
100%|█████████▉| 5786/5794 [01:21<00:00, 71.85it/s]
100%|██████████| 5794/5794 [01:21<00:00, 72.57it/s]
100%|██████████| 5794/5794 [01:21<00:00, 71.16it/s]
BALANCED ACCS CHECKED FOR TEST
TEST SET RESULTS FOR CHECKPOINT trained_weights/waterbirds/gals_waterbird_1.0_forest2water2_21050491_trial_000/best_balanced_valacc_0.57_epoch_0.ckpt
test_acc: 0.6791508457024508
balanced_test_acc: 0.5590903910313529
Land_on_Land_test_acc: 0.9964523281596452
Land_on_Water_test_acc: 0.5529933481152993
Water_on_Land_test_acc: 0.018691588785046728
Water_on_Water_test_acc: 0.6682242990654206
test_acc_Waterbird: 0.34345794392523366
test_acc_Landbird: 0.7747228381374723
