[CMD] /home/ryreu/miniconda3/envs/gals_a100/bin/python -u main.py --config configs/waterbirds_95_gradcam_vit.yaml --name gradcam_waterbird_complete95_forest2water2_21050510_trial_000 DATA.ROOT=/home/ryreu/guided_cnn/waterbirds DATA.WATERBIRDS_DIR=waterbird_complete95_forest2water2 SEED=0 EXP.BASE.LR=0.0010000000000000002 EXP.CLASSIFIER.LR=9.999999999999991e-05 EXP.WEIGHT_DECAY=9.999999999999997e-06 EXP.AUX_LOSSES_ON_VAL=False EXP.LOSSES.GRADCAM.WEIGHT=1.0 EXP.NUM_EPOCHS=1
SEED: 0
DATA:
  BATCH_SIZE: 96
  NUM_WORKERS: 4
  SIZE: 224
  NORMALIZATION: imagenet
  ATTENTION_DIR: clip_vit_attention
  SEPARATE_CLASSES: false
  REMOVE_BACKGROUND: false
  ROOT: /home/ryreu/guided_cnn/waterbirds
  USE_CLASS_WEIGHTS: false
  USE_GROUP_WEIGHTS: false
  DATASET: waterbirds
  NUM_CLASSES: 2
  CONFOUNDING_FACTOR: 0.95
  WATERBIRDS_DIR: waterbird_complete95_forest2water2
EXP:
  NUM_TRIALS: 1
  LOSSES:
    CLASSIFICATION:
      WEIGHT: 1
    GRADIENT_OUTSIDE:
      COMPUTE: false
      LOG: false
      WEIGHT: 10000
      CRITERION: L1
      GT: clip_vit
      COMBINE_ATT_MODE: average_nonzero
    GRADIENT_INSIDE:
      COMPUTE: false
      LOG: false
      WEIGHT: 1
      CRITERION: L1
      GT: segmentation
      COMBINE_ATT_MODE: average_nonzero
    GRADCAM:
      COMPUTE: true
      LOG: false
      WEIGHT: 1.0
      CRITERION: L1
      GT: clip_vit
      MODE: match
      COMBINE_ATT_MODE: average_nonzero
  APPROACH: generic
  MODEL: resnet50
  PRETRAINED: true
  NUM_EPOCHS: 1
  OPTIMIZER: SGD
  WEIGHT_DECAY: 9.999999999999997e-06
  MOMENTUM: 0.9
  SCHEDULER: NONE
  BASE:
    LR: 0.0010000000000000002
  CLASSIFIER:
    LR: 9.999999999999991e-05
  AUX_LOSSES_ON_VAL: false
LOGGING:
  SAVE_EVERY: 0
  SAVE_BEST: true
  SAVE_LAST: false
  LOG_ATTENTION: false
  LOG_ATTENTION_STEP: 10
  SAVE_STATS_PATH: null
yaml: configs/waterbirds_95_gradcam_vit.yaml
name: gradcam_waterbird_complete95_forest2water2_21050510_trial_000
test_checkpoint: null

WATERBIRDS DIR: /home/ryreu/guided_cnn/waterbirds/waterbird_complete95_forest2water2
NUMBER OF SAMPLES WITH LABEL Landbird: 3682
NUMBER OF SAMPLES WITH LABEL Waterbird: 1113
NUMBER OF SAMPLES WITH GROUP Land_on_Land: 3498
NUMBER OF SAMPLES WITH GROUP Land_on_Water: 184
NUMBER OF SAMPLES WITH GROUP Water_on_Land: 56
NUMBER OF SAMPLES WITH GROUP Water_on_Water: 1057
WATERBIRDS DIR: /home/ryreu/guided_cnn/waterbirds/waterbird_complete95_forest2water2
NUMBER OF SAMPLES WITH LABEL Landbird: 933
NUMBER OF SAMPLES WITH LABEL Waterbird: 266
NUMBER OF SAMPLES WITH GROUP Land_on_Land: 467
NUMBER OF SAMPLES WITH GROUP Land_on_Water: 466
NUMBER OF SAMPLES WITH GROUP Water_on_Land: 133
NUMBER OF SAMPLES WITH GROUP Water_on_Water: 133
NUM TRAIN: 4795

NUM VAL:   1199

Number classifier outputs: 1
Using pretrained model: True
USING SGD OPTIMIZER
class weights: None
group weights: None
WANDB DISABLED: skipping wandb.init()
EPOCH: 0

>>> TRAINING 


  0%|          | 0/50 [00:00<?, ?it/s]
  2%|▏         | 1/50 [00:03<02:51,  3.49s/it]
  4%|▍         | 2/50 [00:03<01:15,  1.57s/it]
  6%|▌         | 3/50 [00:03<00:44,  1.05it/s]
  8%|▊         | 4/50 [00:04<00:30,  1.52it/s]
 10%|█         | 5/50 [00:04<00:22,  2.01it/s]
 12%|█▏        | 6/50 [00:04<00:17,  2.50it/s]
 14%|█▍        | 7/50 [00:04<00:14,  2.95it/s]
 16%|█▌        | 8/50 [00:04<00:12,  3.35it/s]
 18%|█▊        | 9/50 [00:05<00:11,  3.69it/s]
 20%|██        | 10/50 [00:05<00:10,  3.97it/s]
 22%|██▏       | 11/50 [00:05<00:09,  4.17it/s]
 24%|██▍       | 12/50 [00:05<00:08,  4.31it/s]
 26%|██▌       | 13/50 [00:06<00:08,  4.44it/s]
 28%|██▊       | 14/50 [00:06<00:07,  4.54it/s]
 30%|███       | 15/50 [00:06<00:07,  4.59it/s]
 32%|███▏      | 16/50 [00:06<00:07,  4.63it/s]
 34%|███▍      | 17/50 [00:06<00:07,  4.68it/s]
 36%|███▌      | 18/50 [00:07<00:06,  4.72it/s]
 38%|███▊      | 19/50 [00:07<00:06,  4.72it/s]
 40%|████      | 20/50 [00:07<00:06,  4.70it/s]
 42%|████▏     | 21/50 [00:07<00:06,  4.72it/s]
 44%|████▍     | 22/50 [00:07<00:05,  4.72it/s]
 46%|████▌     | 23/50 [00:08<00:05,  4.74it/s]
 48%|████▊     | 24/50 [00:08<00:05,  4.76it/s]
 50%|█████     | 25/50 [00:08<00:05,  4.70it/s]
 52%|█████▏    | 26/50 [00:08<00:05,  4.66it/s]
 54%|█████▍    | 27/50 [00:09<00:05,  4.59it/s]
 56%|█████▌    | 28/50 [00:09<00:04,  4.52it/s]
 58%|█████▊    | 29/50 [00:09<00:04,  4.52it/s]
 60%|██████    | 30/50 [00:09<00:04,  4.51it/s]
 62%|██████▏   | 31/50 [00:09<00:04,  4.52it/s]
 64%|██████▍   | 32/50 [00:10<00:03,  4.51it/s]
 66%|██████▌   | 33/50 [00:10<00:03,  4.53it/s]
 68%|██████▊   | 34/50 [00:10<00:03,  4.53it/s]
 70%|███████   | 35/50 [00:10<00:03,  4.63it/s]
 72%|███████▏  | 36/50 [00:10<00:02,  4.69it/s]
 74%|███████▍  | 37/50 [00:11<00:02,  4.75it/s]
 76%|███████▌  | 38/50 [00:11<00:02,  4.74it/s]
 78%|███████▊  | 39/50 [00:11<00:02,  4.80it/s]
 80%|████████  | 40/50 [00:11<00:02,  4.76it/s]
 82%|████████▏ | 41/50 [00:12<00:01,  4.76it/s]
 84%|████████▍ | 42/50 [00:12<00:01,  4.77it/s]
 86%|████████▌ | 43/50 [00:12<00:01,  4.76it/s]
 88%|████████▊ | 44/50 [00:12<00:01,  4.71it/s]
 90%|█████████ | 45/50 [00:12<00:01,  4.72it/s]
 92%|█████████▏| 46/50 [00:13<00:00,  4.78it/s]
 94%|█████████▍| 47/50 [00:13<00:00,  4.80it/s]
 96%|█████████▌| 48/50 [00:13<00:00,  4.80it/s]
 98%|█████████▊| 49/50 [00:13<00:00,  4.83it/s]
100%|██████████| 50/50 [00:13<00:00,  4.87it/s]
100%|██████████| 50/50 [00:13<00:00,  3.58it/s]
>>> VALIDATING 


  0%|          | 0/13 [00:00<?, ?it/s]
  8%|▊         | 1/13 [00:01<00:12,  1.04s/it]
 23%|██▎       | 3/13 [00:01<00:03,  3.10it/s]
 38%|███▊      | 5/13 [00:01<00:02,  3.20it/s]
 54%|█████▍    | 7/13 [00:01<00:01,  4.72it/s]
 69%|██████▉   | 9/13 [00:02<00:00,  4.14it/s]
 85%|████████▍ | 11/13 [00:02<00:00,  5.51it/s]
100%|██████████| 13/13 [00:02<00:00,  6.42it/s]
100%|██████████| 13/13 [00:02<00:00,  4.43it/s]
>>> LOGGING 

BALANCED ACCS CHECKED FOR TRAIN
BALANCED ACCS CHECKED FOR VAL
train_acc: 0.7040667361835246
val_acc: 0.7581317764804003
train_cls_loss: 0.5003235138370048
val_cls_loss: 0.47928019736686084
train_total_loss: 0.71605755559968
val_total_loss: 0.47928019736686084
balanced_train_acc: 0.5631356351996284
balanced_val_acc: 0.5597031163116795
Land_on_Land_train_acc: 0.8299028016009148
Land_on_Land_val_acc: 1.0
Land_on_Water_train_acc: 0.7554347826086957
Land_on_Water_val_acc: 0.8326180257510729
Water_on_Land_train_acc: 0.14285714285714285
Water_on_Land_val_acc: 0.007518796992481203
Water_on_Water_train_acc: 0.30842005676442763
Water_on_Water_val_acc: 0.39849624060150374
train_gradcam_clip_vit_loss: 0.2157340363926634
train_acc_Landbird: 0.8261814231395981
train_acc_Waterbird: 0.3000898472596586
val_acc_Landbird: 0.9163987138263665
val_acc_Waterbird: 0.20300751879699247
TRAIN ACC:        0.7040667361835246
VAL ACC:          0.7581317764804003
BALANCED VAL ACC: 0.5597031163116795
prev best list: []
Saving to trained_weights/waterbirds/gradcam_waterbird_complete95_forest2water2_21050510_trial_000/best_balanced_valacc_0.56_epoch_0.ckpt
>>> EVALUATING ON TEST SET
WATERBIRDS DIR: /home/ryreu/guided_cnn/waterbirds/waterbird_complete95_forest2water2
NUMBER OF SAMPLES WITH LABEL Landbird: 4510
NUMBER OF SAMPLES WITH LABEL Waterbird: 1284
NUMBER OF SAMPLES WITH GROUP Land_on_Land: 2255
NUMBER OF SAMPLES WITH GROUP Land_on_Water: 2255
NUMBER OF SAMPLES WITH GROUP Water_on_Land: 642
NUMBER OF SAMPLES WITH GROUP Water_on_Water: 642
NUM TEST:   5794

Loaded checkpoint trained_weights/waterbirds/gradcam_waterbird_complete95_forest2water2_21050510_trial_000/best_balanced_valacc_0.56_epoch_0.ckpt

  0%|          | 0/5794 [00:00<?, ?it/s]
  0%|          | 1/5794 [00:00<26:24,  3.66it/s]
  0%|          | 8/5794 [00:00<03:45, 25.71it/s]
  0%|          | 16/5794 [00:00<02:17, 41.93it/s]
  0%|          | 24/5794 [00:00<01:51, 51.81it/s]
  1%|          | 32/5794 [00:00<01:38, 58.21it/s]
  1%|          | 40/5794 [00:00<01:32, 62.46it/s]
  1%|          | 48/5794 [00:00<01:27, 65.81it/s]
  1%|          | 56/5794 [00:01<01:24, 67.97it/s]
  1%|          | 64/5794 [00:01<01:22, 69.69it/s]
  1%|          | 72/5794 [00:01<01:21, 70.62it/s]
  1%|▏         | 80/5794 [00:01<01:19, 71.54it/s]
  2%|▏         | 88/5794 [00:01<01:19, 72.05it/s]
  2%|▏         | 96/5794 [00:01<01:18, 72.19it/s]
  2%|▏         | 104/5794 [00:01<01:18, 72.37it/s]
  2%|▏         | 112/5794 [00:01<01:18, 72.46it/s]
  2%|▏         | 120/5794 [00:01<01:18, 72.39it/s]
  2%|▏         | 128/5794 [00:02<01:18, 72.42it/s]
  2%|▏         | 136/5794 [00:02<01:18, 71.66it/s]
  2%|▏         | 144/5794 [00:02<01:18, 71.90it/s]
  3%|▎         | 152/5794 [00:02<01:18, 72.11it/s]
  3%|▎         | 160/5794 [00:02<01:18, 72.18it/s]
  3%|▎         | 168/5794 [00:02<01:18, 71.99it/s]
  3%|▎         | 176/5794 [00:02<01:17, 72.04it/s]
  3%|▎         | 184/5794 [00:02<01:17, 72.08it/s]
  3%|▎         | 192/5794 [00:02<01:17, 71.95it/s]
  3%|▎         | 200/5794 [00:03<01:17, 72.04it/s]
  4%|▎         | 208/5794 [00:03<01:17, 72.00it/s]
  4%|▎         | 216/5794 [00:03<01:17, 72.16it/s]
  4%|▍         | 224/5794 [00:03<01:17, 72.14it/s]
  4%|▍         | 232/5794 [00:03<01:17, 71.78it/s]
  4%|▍         | 240/5794 [00:03<01:17, 71.82it/s]
  4%|▍         | 248/5794 [00:03<01:17, 71.83it/s]
  4%|▍         | 256/5794 [00:03<01:17, 71.86it/s]
  5%|▍         | 264/5794 [00:03<01:17, 71.74it/s]
  5%|▍         | 272/5794 [00:04<01:16, 71.78it/s]
  5%|▍         | 280/5794 [00:04<01:16, 71.86it/s]
  5%|▍         | 288/5794 [00:04<01:16, 71.88it/s]
  5%|▌         | 296/5794 [00:04<01:16, 71.81it/s]
  5%|▌         | 304/5794 [00:04<01:16, 71.79it/s]
  5%|▌         | 312/5794 [00:04<01:16, 71.66it/s]
  6%|▌         | 320/5794 [00:04<01:16, 71.45it/s]
  6%|▌         | 328/5794 [00:04<01:16, 71.34it/s]
  6%|▌         | 336/5794 [00:04<01:16, 71.25it/s]
  6%|▌         | 344/5794 [00:05<01:16, 70.83it/s]
  6%|▌         | 352/5794 [00:05<01:16, 70.93it/s]
  6%|▌         | 360/5794 [00:05<01:16, 71.04it/s]
  6%|▋         | 368/5794 [00:05<01:16, 70.95it/s]
  6%|▋         | 376/5794 [00:05<01:16, 71.02it/s]
  7%|▋         | 384/5794 [00:05<01:16, 71.02it/s]
  7%|▋         | 392/5794 [00:05<01:15, 71.26it/s]
  7%|▋         | 400/5794 [00:05<01:15, 71.27it/s]
  7%|▋         | 408/5794 [00:05<01:15, 71.48it/s]
  7%|▋         | 416/5794 [00:06<01:15, 71.38it/s]
  7%|▋         | 424/5794 [00:06<01:15, 71.42it/s]
  7%|▋         | 432/5794 [00:06<01:15, 71.29it/s]
  8%|▊         | 440/5794 [00:06<01:15, 71.30it/s]
  8%|▊         | 448/5794 [00:06<01:14, 71.81it/s]
  8%|▊         | 456/5794 [00:06<01:13, 72.29it/s]
  8%|▊         | 464/5794 [00:06<01:13, 72.44it/s]
  8%|▊         | 472/5794 [00:06<01:13, 72.54it/s]
  8%|▊         | 480/5794 [00:06<01:13, 72.56it/s]
  8%|▊         | 488/5794 [00:07<01:12, 72.82it/s]
  9%|▊         | 496/5794 [00:07<01:12, 72.93it/s]
  9%|▊         | 504/5794 [00:07<01:12, 72.76it/s]
  9%|▉         | 512/5794 [00:07<01:12, 72.92it/s]
  9%|▉         | 520/5794 [00:07<01:12, 72.89it/s]
  9%|▉         | 528/5794 [00:07<01:12, 73.05it/s]
  9%|▉         | 536/5794 [00:07<01:12, 72.86it/s]
  9%|▉         | 544/5794 [00:07<01:11, 73.04it/s]
 10%|▉         | 552/5794 [00:07<01:11, 72.92it/s]
 10%|▉         | 560/5794 [00:08<01:11, 72.91it/s]
 10%|▉         | 568/5794 [00:08<01:11, 72.72it/s]
 10%|▉         | 576/5794 [00:08<01:11, 72.88it/s]
 10%|█         | 584/5794 [00:08<01:11, 72.85it/s]
 10%|█         | 592/5794 [00:08<01:11, 72.84it/s]
 10%|█         | 600/5794 [00:08<01:11, 72.95it/s]
 10%|█         | 608/5794 [00:08<01:10, 73.08it/s]
 11%|█         | 616/5794 [00:08<01:10, 73.17it/s]
 11%|█         | 624/5794 [00:08<01:10, 73.31it/s]
 11%|█         | 632/5794 [00:09<01:10, 73.07it/s]
 11%|█         | 640/5794 [00:09<01:10, 73.14it/s]
 11%|█         | 648/5794 [00:09<01:10, 73.23it/s]
 11%|█▏        | 656/5794 [00:09<01:10, 73.10it/s]
 11%|█▏        | 664/5794 [00:09<01:10, 72.35it/s]
 12%|█▏        | 672/5794 [00:09<01:11, 72.08it/s]
 12%|█▏        | 680/5794 [00:09<01:11, 71.60it/s]
 12%|█▏        | 688/5794 [00:09<01:14, 68.94it/s]
 12%|█▏        | 695/5794 [00:09<01:15, 67.55it/s]
 12%|█▏        | 702/5794 [00:10<01:16, 66.41it/s]
 12%|█▏        | 709/5794 [00:10<01:16, 66.08it/s]
 12%|█▏        | 716/5794 [00:10<01:17, 65.60it/s]
 12%|█▏        | 723/5794 [00:10<01:18, 64.52it/s]
 13%|█▎        | 730/5794 [00:10<01:18, 64.27it/s]
 13%|█▎        | 737/5794 [00:10<01:18, 64.07it/s]
 13%|█▎        | 744/5794 [00:10<01:19, 63.84it/s]
 13%|█▎        | 751/5794 [00:10<01:19, 63.73it/s]
 13%|█▎        | 758/5794 [00:10<01:19, 63.71it/s]
 13%|█▎        | 765/5794 [00:11<01:18, 63.76it/s]
 13%|█▎        | 772/5794 [00:11<01:18, 63.61it/s]
 13%|█▎        | 779/5794 [00:11<01:18, 63.73it/s]
 14%|█▎        | 786/5794 [00:11<01:18, 63.59it/s]
 14%|█▎        | 793/5794 [00:11<01:18, 63.69it/s]
 14%|█▍        | 800/5794 [00:11<01:18, 63.71it/s]
 14%|█▍        | 807/5794 [00:11<01:18, 63.73it/s]
 14%|█▍        | 815/5794 [00:11<01:15, 65.79it/s]
 14%|█▍        | 823/5794 [00:11<01:13, 67.76it/s]
 14%|█▍        | 831/5794 [00:12<01:11, 69.45it/s]
 14%|█▍        | 839/5794 [00:12<01:10, 70.44it/s]
 15%|█▍        | 847/5794 [00:12<01:09, 71.34it/s]
 15%|█▍        | 855/5794 [00:12<01:08, 71.69it/s]
 15%|█▍        | 863/5794 [00:12<01:08, 72.17it/s]
 15%|█▌        | 871/5794 [00:12<01:08, 72.29it/s]
 15%|█▌        | 879/5794 [00:12<01:07, 72.41it/s]
 15%|█▌        | 887/5794 [00:12<01:07, 72.42it/s]
 15%|█▌        | 895/5794 [00:12<01:07, 72.44it/s]
 16%|█▌        | 903/5794 [00:13<01:07, 72.48it/s]
 16%|█▌        | 911/5794 [00:13<01:07, 72.31it/s]
 16%|█▌        | 919/5794 [00:13<01:07, 72.44it/s]
 16%|█▌        | 927/5794 [00:13<01:07, 72.39it/s]
 16%|█▌        | 935/5794 [00:13<01:06, 72.54it/s]
 16%|█▋        | 943/5794 [00:13<01:06, 72.47it/s]
 16%|█▋        | 951/5794 [00:13<01:06, 72.55it/s]
 17%|█▋        | 959/5794 [00:13<01:09, 69.46it/s]
 17%|█▋        | 966/5794 [00:13<01:11, 67.90it/s]
 17%|█▋        | 973/5794 [00:14<01:12, 66.66it/s]
 17%|█▋        | 980/5794 [00:14<01:13, 65.88it/s]
 17%|█▋        | 987/5794 [00:14<01:13, 65.32it/s]
 17%|█▋        | 994/5794 [00:14<01:13, 64.89it/s]
 17%|█▋        | 1001/5794 [00:14<01:14, 64.74it/s]
 17%|█▋        | 1008/5794 [00:14<01:14, 64.27it/s]
 18%|█▊        | 1015/5794 [00:14<01:14, 64.32it/s]
 18%|█▊        | 1022/5794 [00:14<01:14, 64.28it/s]
 18%|█▊        | 1029/5794 [00:14<01:14, 64.11it/s]
 18%|█▊        | 1036/5794 [00:14<01:14, 64.10it/s]
 18%|█▊        | 1043/5794 [00:15<01:14, 63.84it/s]
 18%|█▊        | 1050/5794 [00:15<01:14, 63.83it/s]
 18%|█▊        | 1057/5794 [00:15<01:14, 63.72it/s]
 18%|█▊        | 1064/5794 [00:15<01:14, 63.38it/s]
 18%|█▊        | 1071/5794 [00:15<01:14, 63.51it/s]
 19%|█▊        | 1078/5794 [00:15<01:14, 63.44it/s]
 19%|█▊        | 1085/5794 [00:15<01:13, 63.67it/s]
 19%|█▉        | 1092/5794 [00:15<01:14, 63.47it/s]
 19%|█▉        | 1099/5794 [00:15<01:13, 63.62it/s]
 19%|█▉        | 1106/5794 [00:16<01:13, 63.68it/s]
 19%|█▉        | 1113/5794 [00:16<01:13, 63.55it/s]
 19%|█▉        | 1120/5794 [00:16<01:13, 63.62it/s]
 19%|█▉        | 1127/5794 [00:16<01:13, 63.57it/s]
 20%|█▉        | 1134/5794 [00:16<01:13, 63.45it/s]
 20%|█▉        | 1141/5794 [00:16<01:13, 63.65it/s]
 20%|█▉        | 1148/5794 [00:16<01:13, 63.60it/s]
 20%|█▉        | 1155/5794 [00:16<01:12, 63.64it/s]
 20%|██        | 1162/5794 [00:16<01:13, 63.44it/s]
 20%|██        | 1169/5794 [00:17<01:12, 63.67it/s]
 20%|██        | 1176/5794 [00:17<01:12, 63.55it/s]
 20%|██        | 1183/5794 [00:17<01:12, 63.53it/s]
 21%|██        | 1190/5794 [00:17<01:12, 63.64it/s]
 21%|██        | 1197/5794 [00:17<01:12, 63.56it/s]
 21%|██        | 1204/5794 [00:17<01:12, 63.54it/s]
 21%|██        | 1211/5794 [00:17<01:12, 63.52it/s]
 21%|██        | 1218/5794 [00:17<01:11, 63.66it/s]
 21%|██        | 1225/5794 [00:17<01:11, 63.80it/s]
 21%|██▏       | 1232/5794 [00:18<01:11, 63.60it/s]
 21%|██▏       | 1239/5794 [00:18<01:11, 63.66it/s]
 22%|██▏       | 1246/5794 [00:18<01:11, 63.62it/s]
 22%|██▏       | 1253/5794 [00:18<01:11, 63.71it/s]
 22%|██▏       | 1260/5794 [00:18<01:11, 63.68it/s]
 22%|██▏       | 1267/5794 [00:18<01:11, 63.51it/s]
 22%|██▏       | 1274/5794 [00:18<01:10, 63.73it/s]
 22%|██▏       | 1281/5794 [00:18<01:11, 63.48it/s]
 22%|██▏       | 1288/5794 [00:18<01:10, 63.54it/s]
 22%|██▏       | 1295/5794 [00:19<01:11, 63.31it/s]
 22%|██▏       | 1302/5794 [00:19<01:10, 63.40it/s]
 23%|██▎       | 1309/5794 [00:19<01:10, 63.52it/s]
 23%|██▎       | 1316/5794 [00:19<01:10, 63.43it/s]
 23%|██▎       | 1323/5794 [00:19<01:11, 62.84it/s]
 23%|██▎       | 1330/5794 [00:19<01:10, 63.06it/s]
 23%|██▎       | 1337/5794 [00:19<01:10, 63.03it/s]
 23%|██▎       | 1344/5794 [00:19<01:10, 62.97it/s]
 23%|██▎       | 1351/5794 [00:19<01:10, 63.04it/s]
 23%|██▎       | 1358/5794 [00:20<01:10, 63.34it/s]
 24%|██▎       | 1365/5794 [00:20<01:10, 63.19it/s]
 24%|██▎       | 1372/5794 [00:20<01:09, 63.39it/s]
 24%|██▍       | 1379/5794 [00:20<01:09, 63.38it/s]
 24%|██▍       | 1386/5794 [00:20<01:09, 63.25it/s]
 24%|██▍       | 1393/5794 [00:20<01:09, 63.55it/s]
 24%|██▍       | 1400/5794 [00:20<01:09, 63.50it/s]
 24%|██▍       | 1407/5794 [00:20<01:08, 63.61it/s]
 24%|██▍       | 1414/5794 [00:20<01:08, 63.77it/s]
 25%|██▍       | 1421/5794 [00:21<01:08, 63.83it/s]
 25%|██▍       | 1428/5794 [00:21<01:08, 63.86it/s]
 25%|██▍       | 1435/5794 [00:21<01:08, 63.73it/s]
 25%|██▍       | 1442/5794 [00:21<01:08, 63.72it/s]
 25%|██▌       | 1449/5794 [00:21<01:08, 63.67it/s]
 25%|██▌       | 1456/5794 [00:21<01:08, 63.70it/s]
 25%|██▌       | 1463/5794 [00:21<01:08, 63.54it/s]
 25%|██▌       | 1470/5794 [00:21<01:08, 63.51it/s]
 25%|██▌       | 1477/5794 [00:21<01:07, 63.70it/s]
 26%|██▌       | 1484/5794 [00:22<01:07, 63.67it/s]
 26%|██▌       | 1492/5794 [00:22<01:05, 65.95it/s]
 26%|██▌       | 1500/5794 [00:22<01:03, 67.86it/s]
 26%|██▌       | 1508/5794 [00:22<01:01, 69.32it/s]
 26%|██▌       | 1516/5794 [00:22<01:00, 70.51it/s]
 26%|██▋       | 1524/5794 [00:22<01:00, 71.14it/s]
 26%|██▋       | 1532/5794 [00:22<01:02, 68.69it/s]
 27%|██▋       | 1539/5794 [00:22<01:03, 67.09it/s]
 27%|██▋       | 1546/5794 [00:22<01:04, 66.22it/s]
 27%|██▋       | 1553/5794 [00:23<01:04, 65.38it/s]
 27%|██▋       | 1560/5794 [00:23<01:05, 64.73it/s]
 27%|██▋       | 1567/5794 [00:23<01:05, 64.48it/s]
 27%|██▋       | 1574/5794 [00:23<01:05, 64.29it/s]
 27%|██▋       | 1581/5794 [00:23<01:05, 64.29it/s]
 27%|██▋       | 1588/5794 [00:23<01:05, 64.04it/s]
 28%|██▊       | 1595/5794 [00:23<01:04, 64.99it/s]
 28%|██▊       | 1603/5794 [00:23<01:02, 67.34it/s]
 28%|██▊       | 1611/5794 [00:23<01:00, 69.09it/s]
 28%|██▊       | 1619/5794 [00:24<00:59, 70.04it/s]
 28%|██▊       | 1627/5794 [00:24<00:58, 70.91it/s]
 28%|██▊       | 1635/5794 [00:24<00:58, 71.49it/s]
 28%|██▊       | 1643/5794 [00:24<00:57, 71.78it/s]
 28%|██▊       | 1651/5794 [00:24<00:57, 72.22it/s]
 29%|██▊       | 1659/5794 [00:24<00:57, 72.18it/s]
 29%|██▉       | 1667/5794 [00:24<00:57, 72.31it/s]
 29%|██▉       | 1675/5794 [00:24<00:56, 72.41it/s]
 29%|██▉       | 1683/5794 [00:24<00:56, 72.68it/s]
 29%|██▉       | 1691/5794 [00:25<00:57, 70.93it/s]
 29%|██▉       | 1699/5794 [00:25<00:59, 68.77it/s]
 29%|██▉       | 1706/5794 [00:25<01:00, 67.15it/s]
 30%|██▉       | 1713/5794 [00:25<01:01, 66.13it/s]
 30%|██▉       | 1720/5794 [00:25<01:02, 65.31it/s]
 30%|██▉       | 1727/5794 [00:25<01:02, 64.78it/s]
 30%|██▉       | 1734/5794 [00:25<01:02, 64.50it/s]
 30%|███       | 1741/5794 [00:25<01:03, 64.29it/s]
 30%|███       | 1748/5794 [00:25<01:03, 64.05it/s]
 30%|███       | 1755/5794 [00:26<01:03, 63.66it/s]
 30%|███       | 1762/5794 [00:26<01:03, 63.56it/s]
 31%|███       | 1769/5794 [00:26<01:03, 63.54it/s]
 31%|███       | 1776/5794 [00:26<01:03, 63.47it/s]
 31%|███       | 1783/5794 [00:26<01:02, 63.67it/s]
 31%|███       | 1790/5794 [00:26<01:03, 63.53it/s]
 31%|███       | 1797/5794 [00:26<01:02, 63.47it/s]
 31%|███       | 1804/5794 [00:26<01:02, 63.51it/s]
 31%|███▏      | 1811/5794 [00:26<01:02, 63.53it/s]
 31%|███▏      | 1818/5794 [00:27<01:02, 63.62it/s]
 31%|███▏      | 1825/5794 [00:27<01:01, 64.71it/s]
 32%|███▏      | 1833/5794 [00:27<00:58, 67.40it/s]
 32%|███▏      | 1841/5794 [00:27<00:57, 68.92it/s]
 32%|███▏      | 1849/5794 [00:27<00:56, 70.12it/s]
 32%|███▏      | 1857/5794 [00:27<00:56, 70.23it/s]
 32%|███▏      | 1865/5794 [00:27<00:57, 68.11it/s]
 32%|███▏      | 1872/5794 [00:27<00:57, 68.11it/s]
 32%|███▏      | 1880/5794 [00:27<00:56, 69.51it/s]
 33%|███▎      | 1888/5794 [00:28<00:55, 70.51it/s]
 33%|███▎      | 1896/5794 [00:28<00:54, 71.10it/s]
 33%|███▎      | 1904/5794 [00:28<00:54, 71.62it/s]
 33%|███▎      | 1912/5794 [00:28<00:54, 71.57it/s]
 33%|███▎      | 1920/5794 [00:28<00:53, 71.88it/s]
 33%|███▎      | 1928/5794 [00:28<00:54, 70.87it/s]
 33%|███▎      | 1936/5794 [00:28<00:56, 68.59it/s]
 34%|███▎      | 1943/5794 [00:28<00:57, 67.12it/s]
 34%|███▎      | 1950/5794 [00:28<00:58, 66.18it/s]
 34%|███▍      | 1957/5794 [00:29<00:58, 65.20it/s]
 34%|███▍      | 1964/5794 [00:29<00:59, 64.61it/s]
 34%|███▍      | 1971/5794 [00:29<00:59, 64.32it/s]
 34%|███▍      | 1978/5794 [00:29<00:59, 64.04it/s]
 34%|███▍      | 1985/5794 [00:29<00:59, 63.89it/s]
 34%|███▍      | 1992/5794 [00:29<00:59, 63.75it/s]
 35%|███▍      | 1999/5794 [00:29<00:59, 63.51it/s]
 35%|███▍      | 2006/5794 [00:29<00:59, 63.54it/s]
 35%|███▍      | 2013/5794 [00:29<00:59, 63.51it/s]
 35%|███▍      | 2020/5794 [00:30<00:59, 63.34it/s]
 35%|███▍      | 2027/5794 [00:30<00:59, 63.35it/s]
 35%|███▌      | 2034/5794 [00:30<00:59, 63.42it/s]
 35%|███▌      | 2041/5794 [00:30<00:59, 63.47it/s]
 35%|███▌      | 2048/5794 [00:30<00:59, 63.34it/s]
 35%|███▌      | 2055/5794 [00:30<00:57, 64.82it/s]
 36%|███▌      | 2062/5794 [00:30<00:56, 66.20it/s]
 36%|███▌      | 2070/5794 [00:30<00:54, 68.33it/s]
 36%|███▌      | 2078/5794 [00:30<00:53, 69.44it/s]
 36%|███▌      | 2086/5794 [00:31<00:52, 70.61it/s]
 36%|███▌      | 2094/5794 [00:31<00:51, 71.30it/s]
 36%|███▋      | 2102/5794 [00:31<00:51, 71.67it/s]
 36%|███▋      | 2110/5794 [00:31<00:51, 72.13it/s]
 37%|███▋      | 2118/5794 [00:31<00:50, 72.37it/s]
 37%|███▋      | 2126/5794 [00:31<00:50, 72.62it/s]
 37%|███▋      | 2134/5794 [00:31<00:50, 72.51it/s]
 37%|███▋      | 2142/5794 [00:31<00:50, 72.66it/s]
 37%|███▋      | 2150/5794 [00:31<00:50, 72.60it/s]
 37%|███▋      | 2158/5794 [00:32<00:49, 72.78it/s]
 37%|███▋      | 2166/5794 [00:32<00:49, 72.81it/s]
 38%|███▊      | 2174/5794 [00:32<00:49, 72.91it/s]
 38%|███▊      | 2182/5794 [00:32<00:49, 72.92it/s]
 38%|███▊      | 2190/5794 [00:32<00:49, 73.12it/s]
 38%|███▊      | 2198/5794 [00:32<00:49, 72.85it/s]
 38%|███▊      | 2206/5794 [00:32<00:49, 73.02it/s]
 38%|███▊      | 2214/5794 [00:32<00:49, 72.87it/s]
 38%|███▊      | 2222/5794 [00:32<00:48, 72.94it/s]
 38%|███▊      | 2230/5794 [00:32<00:48, 72.86it/s]
 39%|███▊      | 2238/5794 [00:33<00:48, 72.84it/s]
 39%|███▉      | 2246/5794 [00:33<00:48, 72.91it/s]
 39%|███▉      | 2254/5794 [00:33<00:48, 72.83it/s]
 39%|███▉      | 2262/5794 [00:33<00:48, 72.84it/s]
 39%|███▉      | 2270/5794 [00:33<00:48, 72.75it/s]
 39%|███▉      | 2278/5794 [00:33<00:48, 72.81it/s]
 39%|███▉      | 2286/5794 [00:33<00:48, 72.71it/s]
 40%|███▉      | 2294/5794 [00:33<00:48, 72.83it/s]
 40%|███▉      | 2302/5794 [00:33<00:47, 72.88it/s]
 40%|███▉      | 2310/5794 [00:34<00:47, 73.04it/s]
 40%|████      | 2318/5794 [00:34<00:47, 72.80it/s]
 40%|████      | 2326/5794 [00:34<00:47, 72.94it/s]
 40%|████      | 2334/5794 [00:34<00:47, 72.91it/s]
 40%|████      | 2342/5794 [00:34<00:47, 72.14it/s]
 41%|████      | 2350/5794 [00:34<00:49, 69.17it/s]
 41%|████      | 2357/5794 [00:34<00:50, 67.61it/s]
 41%|████      | 2364/5794 [00:34<00:51, 66.39it/s]
 41%|████      | 2371/5794 [00:34<00:52, 65.43it/s]
 41%|████      | 2378/5794 [00:35<00:52, 65.05it/s]
 41%|████      | 2385/5794 [00:35<00:52, 64.52it/s]
 41%|████▏     | 2392/5794 [00:35<00:53, 64.12it/s]
 41%|████▏     | 2399/5794 [00:35<00:53, 63.78it/s]
 42%|████▏     | 2406/5794 [00:35<00:53, 63.65it/s]
 42%|████▏     | 2413/5794 [00:35<00:53, 63.69it/s]
 42%|████▏     | 2420/5794 [00:35<00:53, 63.45it/s]
 42%|████▏     | 2427/5794 [00:35<00:53, 63.47it/s]
 42%|████▏     | 2434/5794 [00:35<00:52, 63.60it/s]
 42%|████▏     | 2441/5794 [00:36<00:52, 63.39it/s]
 42%|████▏     | 2448/5794 [00:36<00:52, 63.32it/s]
 42%|████▏     | 2455/5794 [00:36<00:52, 63.19it/s]
 42%|████▏     | 2462/5794 [00:36<00:51, 64.38it/s]
 43%|████▎     | 2470/5794 [00:36<00:49, 66.81it/s]
 43%|████▎     | 2478/5794 [00:36<00:48, 68.60it/s]
 43%|████▎     | 2486/5794 [00:36<00:47, 69.49it/s]
 43%|████▎     | 2494/5794 [00:36<00:47, 69.87it/s]
 43%|████▎     | 2502/5794 [00:36<00:46, 70.83it/s]
 43%|████▎     | 2510/5794 [00:37<00:45, 71.43it/s]
 43%|████▎     | 2518/5794 [00:37<00:45, 71.87it/s]
 44%|████▎     | 2526/5794 [00:37<00:45, 72.00it/s]
 44%|████▎     | 2534/5794 [00:37<00:45, 72.06it/s]
 44%|████▍     | 2542/5794 [00:37<00:45, 71.97it/s]
 44%|████▍     | 2550/5794 [00:37<00:45, 72.08it/s]
 44%|████▍     | 2558/5794 [00:37<00:44, 72.02it/s]
 44%|████▍     | 2566/5794 [00:37<00:44, 72.15it/s]
 44%|████▍     | 2574/5794 [00:37<00:44, 71.95it/s]
 45%|████▍     | 2582/5794 [00:38<00:44, 72.15it/s]
 45%|████▍     | 2590/5794 [00:38<00:44, 72.04it/s]
 45%|████▍     | 2598/5794 [00:38<00:44, 72.10it/s]
 45%|████▍     | 2606/5794 [00:38<00:44, 71.99it/s]
 45%|████▌     | 2614/5794 [00:38<00:44, 72.06it/s]
 45%|████▌     | 2622/5794 [00:38<00:44, 71.78it/s]
 45%|████▌     | 2630/5794 [00:38<00:44, 71.81it/s]
 46%|████▌     | 2638/5794 [00:38<00:43, 71.84it/s]
 46%|████▌     | 2646/5794 [00:38<00:43, 71.57it/s]
 46%|████▌     | 2654/5794 [00:39<00:43, 71.57it/s]
 46%|████▌     | 2662/5794 [00:39<00:43, 71.53it/s]
 46%|████▌     | 2670/5794 [00:39<00:43, 71.64it/s]
 46%|████▌     | 2678/5794 [00:39<00:43, 71.67it/s]
 46%|████▋     | 2686/5794 [00:39<00:43, 71.82it/s]
 46%|████▋     | 2694/5794 [00:39<00:43, 71.64it/s]
 47%|████▋     | 2702/5794 [00:39<00:43, 71.74it/s]
 47%|████▋     | 2710/5794 [00:39<00:43, 71.59it/s]
 47%|████▋     | 2718/5794 [00:39<00:42, 71.82it/s]
 47%|████▋     | 2726/5794 [00:40<00:42, 71.80it/s]
 47%|████▋     | 2734/5794 [00:40<00:42, 71.86it/s]
 47%|████▋     | 2742/5794 [00:40<00:42, 71.71it/s]
 47%|████▋     | 2750/5794 [00:40<00:42, 71.58it/s]
 48%|████▊     | 2758/5794 [00:40<00:42, 71.36it/s]
 48%|████▊     | 2766/5794 [00:40<00:42, 71.44it/s]
 48%|████▊     | 2774/5794 [00:40<00:42, 71.30it/s]
 48%|████▊     | 2782/5794 [00:40<00:42, 71.22it/s]
 48%|████▊     | 2790/5794 [00:40<00:42, 71.26it/s]
 48%|████▊     | 2798/5794 [00:41<00:42, 71.21it/s]
 48%|████▊     | 2806/5794 [00:41<00:41, 71.37it/s]
 49%|████▊     | 2814/5794 [00:41<00:41, 71.38it/s]
 49%|████▊     | 2822/5794 [00:41<00:41, 71.40it/s]
 49%|████▉     | 2830/5794 [00:41<00:41, 71.34it/s]
 49%|████▉     | 2838/5794 [00:41<00:41, 71.07it/s]
 49%|████▉     | 2846/5794 [00:41<00:41, 71.03it/s]
 49%|████▉     | 2854/5794 [00:41<00:41, 71.14it/s]
 49%|████▉     | 2862/5794 [00:42<00:41, 71.05it/s]
 50%|████▉     | 2870/5794 [00:42<00:41, 71.10it/s]
 50%|████▉     | 2878/5794 [00:42<00:41, 71.06it/s]
 50%|████▉     | 2886/5794 [00:42<00:40, 71.19it/s]
 50%|████▉     | 2894/5794 [00:42<00:40, 71.01it/s]
 50%|█████     | 2902/5794 [00:42<00:40, 71.16it/s]
 50%|█████     | 2910/5794 [00:42<00:40, 71.27it/s]
 50%|█████     | 2918/5794 [00:42<00:40, 71.17it/s]
 51%|█████     | 2926/5794 [00:42<00:40, 71.23it/s]
 51%|█████     | 2934/5794 [00:43<00:40, 71.07it/s]
 51%|█████     | 2942/5794 [00:43<00:40, 71.11it/s]
 51%|█████     | 2950/5794 [00:43<00:39, 71.10it/s]
 51%|█████     | 2958/5794 [00:43<00:39, 71.23it/s]
 51%|█████     | 2966/5794 [00:43<00:39, 71.28it/s]
 51%|█████▏    | 2974/5794 [00:43<00:39, 71.33it/s]
 51%|█████▏    | 2982/5794 [00:43<00:39, 71.26it/s]
 52%|█████▏    | 2990/5794 [00:43<00:39, 71.38it/s]
 52%|█████▏    | 2998/5794 [00:43<00:39, 71.32it/s]
 52%|█████▏    | 3006/5794 [00:44<00:39, 71.42it/s]
 52%|█████▏    | 3014/5794 [00:44<00:39, 71.18it/s]
 52%|█████▏    | 3022/5794 [00:44<00:38, 71.70it/s]
 52%|█████▏    | 3030/5794 [00:44<00:38, 72.04it/s]
 52%|█████▏    | 3038/5794 [00:44<00:37, 72.56it/s]
 53%|█████▎    | 3046/5794 [00:44<00:37, 72.87it/s]
 53%|█████▎    | 3054/5794 [00:44<00:37, 73.01it/s]
 53%|█████▎    | 3062/5794 [00:44<00:37, 73.15it/s]
 53%|█████▎    | 3070/5794 [00:44<00:37, 73.20it/s]
 53%|█████▎    | 3078/5794 [00:45<00:37, 73.29it/s]
 53%|█████▎    | 3086/5794 [00:45<00:37, 72.88it/s]
 53%|█████▎    | 3094/5794 [00:45<00:37, 72.68it/s]
 54%|█████▎    | 3102/5794 [00:45<00:37, 72.34it/s]
 54%|█████▎    | 3110/5794 [00:45<00:37, 72.16it/s]
 54%|█████▍    | 3118/5794 [00:45<00:37, 71.92it/s]
 54%|█████▍    | 3126/5794 [00:45<00:37, 71.99it/s]
 54%|█████▍    | 3134/5794 [00:45<00:37, 71.79it/s]
 54%|█████▍    | 3142/5794 [00:45<00:36, 72.11it/s]
 54%|█████▍    | 3150/5794 [00:46<00:36, 72.41it/s]
 55%|█████▍    | 3158/5794 [00:46<00:36, 72.77it/s]
 55%|█████▍    | 3166/5794 [00:46<00:36, 72.74it/s]
 55%|█████▍    | 3174/5794 [00:46<00:35, 73.01it/s]
 55%|█████▍    | 3182/5794 [00:46<00:35, 73.10it/s]
 55%|█████▌    | 3190/5794 [00:46<00:35, 73.13it/s]
 55%|█████▌    | 3198/5794 [00:46<00:35, 73.30it/s]
 55%|█████▌    | 3206/5794 [00:46<00:35, 73.11it/s]
 55%|█████▌    | 3214/5794 [00:46<00:35, 73.25it/s]
 56%|█████▌    | 3222/5794 [00:46<00:35, 73.21it/s]
 56%|█████▌    | 3230/5794 [00:47<00:35, 73.08it/s]
 56%|█████▌    | 3238/5794 [00:47<00:35, 72.62it/s]
 56%|█████▌    | 3246/5794 [00:47<00:35, 72.41it/s]
 56%|█████▌    | 3254/5794 [00:47<00:35, 72.00it/s]
 56%|█████▋    | 3262/5794 [00:47<00:35, 71.93it/s]
 56%|█████▋    | 3270/5794 [00:47<00:35, 71.69it/s]
 57%|█████▋    | 3278/5794 [00:47<00:35, 71.59it/s]
 57%|█████▋    | 3286/5794 [00:47<00:35, 71.47it/s]
 57%|█████▋    | 3294/5794 [00:47<00:34, 71.57it/s]
 57%|█████▋    | 3302/5794 [00:48<00:34, 71.36it/s]
 57%|█████▋    | 3310/5794 [00:48<00:34, 71.51it/s]
 57%|█████▋    | 3318/5794 [00:48<00:34, 71.48it/s]
 57%|█████▋    | 3326/5794 [00:48<00:34, 71.32it/s]
 58%|█████▊    | 3334/5794 [00:48<00:34, 71.41it/s]
 58%|█████▊    | 3342/5794 [00:48<00:34, 71.40it/s]
 58%|█████▊    | 3350/5794 [00:48<00:34, 71.39it/s]
 58%|█████▊    | 3358/5794 [00:48<00:34, 71.30it/s]
 58%|█████▊    | 3366/5794 [00:49<00:34, 71.12it/s]
 58%|█████▊    | 3374/5794 [00:49<00:33, 71.58it/s]
 58%|█████▊    | 3382/5794 [00:49<00:33, 72.10it/s]
 59%|█████▊    | 3390/5794 [00:49<00:33, 72.34it/s]
 59%|█████▊    | 3398/5794 [00:49<00:33, 72.54it/s]
 59%|█████▉    | 3406/5794 [00:49<00:32, 72.74it/s]
 59%|█████▉    | 3414/5794 [00:49<00:32, 72.81it/s]
 59%|█████▉    | 3422/5794 [00:49<00:32, 72.82it/s]
 59%|█████▉    | 3430/5794 [00:49<00:32, 73.05it/s]
 59%|█████▉    | 3438/5794 [00:49<00:32, 72.82it/s]
 59%|█████▉    | 3446/5794 [00:50<00:32, 72.98it/s]
 60%|█████▉    | 3454/5794 [00:50<00:32, 72.95it/s]
 60%|█████▉    | 3462/5794 [00:50<00:32, 72.82it/s]
 60%|█████▉    | 3470/5794 [00:50<00:31, 72.65it/s]
 60%|██████    | 3478/5794 [00:50<00:31, 72.70it/s]
 60%|██████    | 3486/5794 [00:50<00:31, 72.78it/s]
 60%|██████    | 3494/5794 [00:50<00:31, 72.66it/s]
 60%|██████    | 3502/5794 [00:50<00:31, 72.85it/s]
 61%|██████    | 3510/5794 [00:50<00:31, 72.79it/s]
 61%|██████    | 3518/5794 [00:51<00:31, 72.82it/s]
 61%|██████    | 3526/5794 [00:51<00:31, 72.68it/s]
 61%|██████    | 3534/5794 [00:51<00:31, 72.82it/s]
 61%|██████    | 3542/5794 [00:51<00:30, 72.79it/s]
 61%|██████▏   | 3550/5794 [00:51<00:30, 72.95it/s]
 61%|██████▏   | 3558/5794 [00:51<00:30, 72.95it/s]
 62%|██████▏   | 3566/5794 [00:51<00:30, 73.02it/s]
 62%|██████▏   | 3574/5794 [00:51<00:30, 72.88it/s]
 62%|██████▏   | 3582/5794 [00:51<00:30, 72.89it/s]
 62%|██████▏   | 3590/5794 [00:52<00:30, 73.07it/s]
 62%|██████▏   | 3598/5794 [00:52<00:30, 72.90it/s]
 62%|██████▏   | 3606/5794 [00:52<00:29, 72.95it/s]
 62%|██████▏   | 3614/5794 [00:52<00:29, 72.78it/s]
 63%|██████▎   | 3622/5794 [00:52<00:29, 72.84it/s]
 63%|██████▎   | 3630/5794 [00:52<00:29, 72.83it/s]
 63%|██████▎   | 3638/5794 [00:52<00:29, 72.93it/s]
 63%|██████▎   | 3646/5794 [00:52<00:29, 72.81it/s]
 63%|██████▎   | 3654/5794 [00:52<00:29, 72.94it/s]
 63%|██████▎   | 3662/5794 [00:53<00:29, 72.85it/s]
 63%|██████▎   | 3670/5794 [00:53<00:29, 72.95it/s]
 63%|██████▎   | 3678/5794 [00:53<00:29, 72.79it/s]
 64%|██████▎   | 3686/5794 [00:53<00:28, 72.88it/s]
 64%|██████▍   | 3694/5794 [00:53<00:28, 72.84it/s]
 64%|██████▍   | 3702/5794 [00:53<00:28, 72.89it/s]
 64%|██████▍   | 3710/5794 [00:53<00:28, 72.80it/s]
 64%|██████▍   | 3718/5794 [00:53<00:28, 72.93it/s]
 64%|██████▍   | 3726/5794 [00:53<00:28, 73.00it/s]
 64%|██████▍   | 3734/5794 [00:54<00:28, 72.87it/s]
 65%|██████▍   | 3742/5794 [00:54<00:28, 72.89it/s]
 65%|██████▍   | 3750/5794 [00:54<00:28, 72.82it/s]
 65%|██████▍   | 3758/5794 [00:54<00:27, 72.93it/s]
 65%|██████▍   | 3766/5794 [00:54<00:27, 72.86it/s]
 65%|██████▌   | 3774/5794 [00:54<00:27, 72.96it/s]
 65%|██████▌   | 3782/5794 [00:54<00:27, 72.98it/s]
 65%|██████▌   | 3790/5794 [00:54<00:27, 73.17it/s]
 66%|██████▌   | 3798/5794 [00:54<00:27, 73.14it/s]
 66%|██████▌   | 3806/5794 [00:55<00:27, 73.17it/s]
 66%|██████▌   | 3814/5794 [00:55<00:27, 72.81it/s]
 66%|██████▌   | 3822/5794 [00:55<00:27, 73.03it/s]
 66%|██████▌   | 3830/5794 [00:55<00:26, 72.76it/s]
 66%|██████▌   | 3838/5794 [00:55<00:26, 72.93it/s]
 66%|██████▋   | 3846/5794 [00:55<00:26, 72.81it/s]
 67%|██████▋   | 3854/5794 [00:55<00:26, 72.93it/s]
 67%|██████▋   | 3862/5794 [00:55<00:26, 72.99it/s]
 67%|██████▋   | 3870/5794 [00:55<00:26, 72.88it/s]
 67%|██████▋   | 3878/5794 [00:56<00:26, 73.01it/s]
 67%|██████▋   | 3886/5794 [00:56<00:26, 72.43it/s]
 67%|██████▋   | 3894/5794 [00:56<00:26, 72.23it/s]
 67%|██████▋   | 3902/5794 [00:56<00:26, 71.94it/s]
 67%|██████▋   | 3910/5794 [00:56<00:26, 71.88it/s]
 68%|██████▊   | 3918/5794 [00:56<00:26, 71.61it/s]
 68%|██████▊   | 3926/5794 [00:56<00:26, 71.69it/s]
 68%|██████▊   | 3934/5794 [00:56<00:26, 71.47it/s]
 68%|██████▊   | 3942/5794 [00:56<00:25, 71.52it/s]
 68%|██████▊   | 3950/5794 [00:57<00:25, 71.39it/s]
 68%|██████▊   | 3958/5794 [00:57<00:25, 71.84it/s]
 68%|██████▊   | 3966/5794 [00:57<00:25, 72.01it/s]
 69%|██████▊   | 3974/5794 [00:57<00:25, 72.37it/s]
 69%|██████▊   | 3982/5794 [00:57<00:25, 72.32it/s]
 69%|██████▉   | 3990/5794 [00:57<00:24, 72.63it/s]
 69%|██████▉   | 3998/5794 [00:57<00:24, 72.76it/s]
 69%|██████▉   | 4006/5794 [00:57<00:24, 72.60it/s]
 69%|██████▉   | 4014/5794 [00:57<00:24, 72.60it/s]
 69%|██████▉   | 4022/5794 [00:58<00:24, 72.53it/s]
 70%|██████▉   | 4030/5794 [00:58<00:24, 72.64it/s]
 70%|██████▉   | 4038/5794 [00:58<00:24, 72.60it/s]
 70%|██████▉   | 4046/5794 [00:58<00:24, 72.77it/s]
 70%|██████▉   | 4054/5794 [00:58<00:23, 72.84it/s]
 70%|███████   | 4062/5794 [00:58<00:23, 72.50it/s]
 70%|███████   | 4070/5794 [00:58<00:23, 72.08it/s]
 70%|███████   | 4078/5794 [00:58<00:23, 71.89it/s]
 71%|███████   | 4086/5794 [00:58<00:23, 71.58it/s]
 71%|███████   | 4094/5794 [00:59<00:23, 71.36it/s]
 71%|███████   | 4102/5794 [00:59<00:23, 71.28it/s]
 71%|███████   | 4110/5794 [00:59<00:23, 71.49it/s]
 71%|███████   | 4118/5794 [00:59<00:23, 71.28it/s]
 71%|███████   | 4126/5794 [00:59<00:23, 71.35it/s]
 71%|███████▏  | 4134/5794 [00:59<00:23, 71.26it/s]
 71%|███████▏  | 4142/5794 [00:59<00:23, 71.20it/s]
 72%|███████▏  | 4150/5794 [00:59<00:23, 71.17it/s]
 72%|███████▏  | 4158/5794 [00:59<00:22, 71.17it/s]
 72%|███████▏  | 4166/5794 [01:00<00:22, 71.13it/s]
 72%|███████▏  | 4174/5794 [01:00<00:22, 71.00it/s]
 72%|███████▏  | 4182/5794 [01:00<00:22, 71.08it/s]
 72%|███████▏  | 4190/5794 [01:00<00:22, 70.81it/s]
 72%|███████▏  | 4198/5794 [01:00<00:22, 70.98it/s]
 73%|███████▎  | 4206/5794 [01:00<00:22, 70.89it/s]
 73%|███████▎  | 4214/5794 [01:00<00:22, 71.11it/s]
 73%|███████▎  | 4222/5794 [01:00<00:22, 70.95it/s]
 73%|███████▎  | 4230/5794 [01:00<00:21, 71.10it/s]
 73%|███████▎  | 4238/5794 [01:01<00:21, 70.92it/s]
 73%|███████▎  | 4246/5794 [01:01<00:21, 71.02it/s]
 73%|███████▎  | 4254/5794 [01:01<00:21, 70.92it/s]
 74%|███████▎  | 4262/5794 [01:01<00:21, 71.06it/s]
 74%|███████▎  | 4270/5794 [01:01<00:21, 71.07it/s]
 74%|███████▍  | 4278/5794 [01:01<00:21, 70.94it/s]
 74%|███████▍  | 4286/5794 [01:01<00:21, 71.00it/s]
 74%|███████▍  | 4294/5794 [01:01<00:21, 70.93it/s]
 74%|███████▍  | 4302/5794 [01:01<00:20, 71.08it/s]
 74%|███████▍  | 4310/5794 [01:02<00:20, 71.04it/s]
 75%|███████▍  | 4318/5794 [01:02<00:20, 71.08it/s]
 75%|███████▍  | 4326/5794 [01:02<00:20, 71.00it/s]
 75%|███████▍  | 4334/5794 [01:02<00:20, 71.11it/s]
 75%|███████▍  | 4342/5794 [01:02<00:20, 70.95it/s]
 75%|███████▌  | 4350/5794 [01:02<00:20, 71.15it/s]
 75%|███████▌  | 4358/5794 [01:02<00:20, 71.55it/s]
 75%|███████▌  | 4366/5794 [01:02<00:19, 72.00it/s]
 75%|███████▌  | 4374/5794 [01:02<00:19, 72.18it/s]
 76%|███████▌  | 4382/5794 [01:03<00:19, 72.42it/s]
 76%|███████▌  | 4390/5794 [01:03<00:19, 72.47it/s]
 76%|███████▌  | 4398/5794 [01:03<00:19, 72.68it/s]
 76%|███████▌  | 4406/5794 [01:03<00:19, 72.74it/s]
 76%|███████▌  | 4414/5794 [01:03<00:18, 72.75it/s]
 76%|███████▋  | 4422/5794 [01:03<00:18, 72.77it/s]
 76%|███████▋  | 4430/5794 [01:03<00:18, 72.66it/s]
 77%|███████▋  | 4438/5794 [01:03<00:18, 72.70it/s]
 77%|███████▋  | 4446/5794 [01:03<00:18, 72.81it/s]
 77%|███████▋  | 4454/5794 [01:04<00:18, 72.86it/s]
 77%|███████▋  | 4462/5794 [01:04<00:18, 72.72it/s]
 77%|███████▋  | 4470/5794 [01:04<00:18, 72.75it/s]
 77%|███████▋  | 4478/5794 [01:04<00:18, 72.67it/s]
 77%|███████▋  | 4486/5794 [01:04<00:17, 72.79it/s]
 78%|███████▊  | 4494/5794 [01:04<00:18, 72.12it/s]
 78%|███████▊  | 4502/5794 [01:04<00:17, 71.89it/s]
 78%|███████▊  | 4510/5794 [01:04<00:17, 71.58it/s]
 78%|███████▊  | 4518/5794 [01:04<00:17, 71.60it/s]
 78%|███████▊  | 4526/5794 [01:05<00:17, 71.46it/s]
 78%|███████▊  | 4534/5794 [01:05<00:17, 71.45it/s]
 78%|███████▊  | 4542/5794 [01:05<00:17, 71.44it/s]
 79%|███████▊  | 4550/5794 [01:05<00:17, 71.19it/s]
 79%|███████▊  | 4558/5794 [01:05<00:17, 71.20it/s]
 79%|███████▉  | 4566/5794 [01:05<00:17, 71.06it/s]
 79%|███████▉  | 4574/5794 [01:05<00:17, 71.27it/s]
 79%|███████▉  | 4582/5794 [01:05<00:17, 71.13it/s]
 79%|███████▉  | 4590/5794 [01:05<00:16, 71.22it/s]
 79%|███████▉  | 4598/5794 [01:06<00:16, 71.05it/s]
 79%|███████▉  | 4606/5794 [01:06<00:16, 71.52it/s]
 80%|███████▉  | 4614/5794 [01:06<00:16, 71.75it/s]
 80%|███████▉  | 4622/5794 [01:06<00:16, 72.02it/s]
 80%|███████▉  | 4630/5794 [01:06<00:16, 72.12it/s]
 80%|████████  | 4638/5794 [01:06<00:15, 72.32it/s]
 80%|████████  | 4646/5794 [01:06<00:15, 72.32it/s]
 80%|████████  | 4654/5794 [01:06<00:15, 72.37it/s]
 80%|████████  | 4662/5794 [01:06<00:15, 72.30it/s]
 81%|████████  | 4670/5794 [01:07<00:15, 72.43it/s]
 81%|████████  | 4678/5794 [01:07<00:15, 72.53it/s]
 81%|████████  | 4686/5794 [01:07<00:15, 72.55it/s]
 81%|████████  | 4694/5794 [01:07<00:15, 72.60it/s]
 81%|████████  | 4702/5794 [01:07<00:15, 72.44it/s]
 81%|████████▏ | 4710/5794 [01:07<00:14, 72.55it/s]
 81%|████████▏ | 4718/5794 [01:07<00:14, 72.36it/s]
 82%|████████▏ | 4726/5794 [01:07<00:14, 72.44it/s]
 82%|████████▏ | 4734/5794 [01:07<00:14, 72.41it/s]
 82%|████████▏ | 4742/5794 [01:08<00:14, 72.55it/s]
 82%|████████▏ | 4750/5794 [01:08<00:14, 72.41it/s]
 82%|████████▏ | 4758/5794 [01:08<00:14, 72.49it/s]
 82%|████████▏ | 4766/5794 [01:08<00:14, 72.44it/s]
 82%|████████▏ | 4774/5794 [01:08<00:14, 72.67it/s]
 83%|████████▎ | 4782/5794 [01:08<00:13, 72.55it/s]
 83%|████████▎ | 4790/5794 [01:08<00:13, 72.73it/s]
 83%|████████▎ | 4798/5794 [01:08<00:13, 72.58it/s]
 83%|████████▎ | 4806/5794 [01:08<00:13, 72.65it/s]
 83%|████████▎ | 4814/5794 [01:09<00:13, 72.41it/s]
 83%|████████▎ | 4822/5794 [01:09<00:13, 72.50it/s]
 83%|████████▎ | 4830/5794 [01:09<00:13, 72.75it/s]
 84%|████████▎ | 4838/5794 [01:09<00:13, 72.81it/s]
 84%|████████▎ | 4846/5794 [01:09<00:13, 72.92it/s]
 84%|████████▍ | 4854/5794 [01:09<00:12, 72.77it/s]
 84%|████████▍ | 4862/5794 [01:09<00:12, 72.87it/s]
 84%|████████▍ | 4870/5794 [01:09<00:12, 72.74it/s]
 84%|████████▍ | 4878/5794 [01:09<00:12, 72.90it/s]
 84%|████████▍ | 4886/5794 [01:10<00:12, 72.72it/s]
 84%|████████▍ | 4894/5794 [01:10<00:12, 72.99it/s]
 85%|████████▍ | 4902/5794 [01:10<00:12, 72.83it/s]
 85%|████████▍ | 4910/5794 [01:10<00:12, 72.60it/s]
 85%|████████▍ | 4918/5794 [01:10<00:12, 72.64it/s]
 85%|████████▌ | 4926/5794 [01:10<00:11, 72.76it/s]
 85%|████████▌ | 4934/5794 [01:10<00:11, 72.66it/s]
 85%|████████▌ | 4942/5794 [01:10<00:11, 72.87it/s]
 85%|████████▌ | 4950/5794 [01:10<00:11, 72.93it/s]
 86%|████████▌ | 4958/5794 [01:11<00:11, 72.83it/s]
 86%|████████▌ | 4966/5794 [01:11<00:11, 72.94it/s]
 86%|████████▌ | 4974/5794 [01:11<00:11, 72.87it/s]
 86%|████████▌ | 4982/5794 [01:11<00:11, 72.99it/s]
 86%|████████▌ | 4990/5794 [01:11<00:11, 72.92it/s]
 86%|████████▋ | 4998/5794 [01:11<00:10, 72.89it/s]
 86%|████████▋ | 5006/5794 [01:11<00:10, 72.70it/s]
 87%|████████▋ | 5014/5794 [01:11<00:10, 72.40it/s]
 87%|████████▋ | 5022/5794 [01:11<00:10, 71.97it/s]
 87%|████████▋ | 5030/5794 [01:12<00:10, 71.92it/s]
 87%|████████▋ | 5038/5794 [01:12<00:10, 71.62it/s]
 87%|████████▋ | 5046/5794 [01:12<00:10, 71.58it/s]
 87%|████████▋ | 5054/5794 [01:12<00:10, 71.50it/s]
 87%|████████▋ | 5062/5794 [01:12<00:10, 71.51it/s]
 88%|████████▊ | 5070/5794 [01:12<00:10, 71.33it/s]
 88%|████████▊ | 5078/5794 [01:12<00:10, 71.55it/s]
 88%|████████▊ | 5086/5794 [01:12<00:09, 71.46it/s]
 88%|████████▊ | 5094/5794 [01:12<00:09, 71.47it/s]
 88%|████████▊ | 5102/5794 [01:13<00:09, 71.45it/s]
 88%|████████▊ | 5110/5794 [01:13<00:09, 71.26it/s]
 88%|████████▊ | 5118/5794 [01:13<00:09, 71.35it/s]
 88%|████████▊ | 5126/5794 [01:13<00:09, 71.29it/s]
 89%|████████▊ | 5134/5794 [01:13<00:09, 71.27it/s]
 89%|████████▊ | 5142/5794 [01:13<00:09, 71.15it/s]
 89%|████████▉ | 5150/5794 [01:13<00:09, 71.18it/s]
 89%|████████▉ | 5158/5794 [01:13<00:08, 71.07it/s]
 89%|████████▉ | 5166/5794 [01:13<00:08, 71.26it/s]
 89%|████████▉ | 5174/5794 [01:14<00:08, 71.57it/s]
 89%|████████▉ | 5182/5794 [01:14<00:08, 72.11it/s]
 90%|████████▉ | 5190/5794 [01:14<00:08, 72.34it/s]
 90%|████████▉ | 5198/5794 [01:14<00:08, 72.71it/s]
 90%|████████▉ | 5206/5794 [01:14<00:08, 72.83it/s]
 90%|████████▉ | 5214/5794 [01:14<00:07, 73.13it/s]
 90%|█████████ | 5222/5794 [01:14<00:07, 73.27it/s]
 90%|█████████ | 5230/5794 [01:14<00:07, 73.13it/s]
 90%|█████████ | 5238/5794 [01:14<00:07, 73.16it/s]
 91%|█████████ | 5246/5794 [01:15<00:07, 73.00it/s]
 91%|█████████ | 5254/5794 [01:15<00:07, 73.07it/s]
 91%|█████████ | 5262/5794 [01:15<00:07, 72.89it/s]
 91%|█████████ | 5270/5794 [01:15<00:07, 72.86it/s]
 91%|█████████ | 5278/5794 [01:15<00:07, 72.84it/s]
 91%|█████████ | 5286/5794 [01:15<00:06, 72.97it/s]
 91%|█████████▏| 5294/5794 [01:15<00:06, 72.89it/s]
 92%|█████████▏| 5302/5794 [01:15<00:06, 73.07it/s]
 92%|█████████▏| 5310/5794 [01:15<00:06, 72.93it/s]
 92%|█████████▏| 5318/5794 [01:16<00:06, 73.01it/s]
 92%|█████████▏| 5326/5794 [01:16<00:06, 72.86it/s]
 92%|█████████▏| 5334/5794 [01:16<00:06, 72.95it/s]
 92%|█████████▏| 5342/5794 [01:16<00:06, 72.82it/s]
 92%|█████████▏| 5350/5794 [01:16<00:06, 72.28it/s]
 92%|█████████▏| 5358/5794 [01:16<00:06, 72.51it/s]
 93%|█████████▎| 5366/5794 [01:16<00:05, 72.66it/s]
 93%|█████████▎| 5374/5794 [01:16<00:05, 72.89it/s]
 93%|█████████▎| 5382/5794 [01:16<00:05, 72.92it/s]
 93%|█████████▎| 5390/5794 [01:17<00:05, 73.15it/s]
 93%|█████████▎| 5398/5794 [01:17<00:05, 72.08it/s]
 93%|█████████▎| 5406/5794 [01:17<00:05, 72.52it/s]
 93%|█████████▎| 5414/5794 [01:17<00:05, 72.69it/s]
 94%|█████████▎| 5422/5794 [01:17<00:05, 72.94it/s]
 94%|█████████▎| 5430/5794 [01:17<00:04, 72.99it/s]
 94%|█████████▍| 5438/5794 [01:17<00:04, 72.84it/s]
 94%|█████████▍| 5446/5794 [01:17<00:04, 72.26it/s]
 94%|█████████▍| 5454/5794 [01:17<00:04, 72.02it/s]
 94%|█████████▍| 5462/5794 [01:18<00:04, 71.61it/s]
 94%|█████████▍| 5470/5794 [01:18<00:04, 71.71it/s]
 95%|█████████▍| 5478/5794 [01:18<00:04, 71.56it/s]
 95%|█████████▍| 5486/5794 [01:18<00:04, 71.53it/s]
 95%|█████████▍| 5494/5794 [01:18<00:04, 71.86it/s]
 95%|█████████▍| 5502/5794 [01:18<00:04, 72.19it/s]
 95%|█████████▌| 5510/5794 [01:18<00:03, 72.54it/s]
 95%|█████████▌| 5518/5794 [01:18<00:03, 72.57it/s]
 95%|█████████▌| 5526/5794 [01:18<00:03, 72.70it/s]
 96%|█████████▌| 5534/5794 [01:19<00:03, 72.32it/s]
 96%|█████████▌| 5542/5794 [01:19<00:03, 72.65it/s]
 96%|█████████▌| 5550/5794 [01:19<00:03, 72.83it/s]
 96%|█████████▌| 5558/5794 [01:19<00:03, 72.90it/s]
 96%|█████████▌| 5566/5794 [01:19<00:03, 72.86it/s]
 96%|█████████▌| 5574/5794 [01:19<00:03, 72.97it/s]
 96%|█████████▋| 5582/5794 [01:19<00:02, 73.00it/s]
 96%|█████████▋| 5590/5794 [01:19<00:02, 73.04it/s]
 97%|█████████▋| 5598/5794 [01:19<00:02, 72.78it/s]
 97%|█████████▋| 5606/5794 [01:19<00:02, 72.82it/s]
 97%|█████████▋| 5614/5794 [01:20<00:02, 72.67it/s]
 97%|█████████▋| 5622/5794 [01:20<00:02, 72.80it/s]
 97%|█████████▋| 5630/5794 [01:20<00:02, 72.84it/s]
 97%|█████████▋| 5638/5794 [01:20<00:02, 72.63it/s]
 97%|█████████▋| 5646/5794 [01:20<00:02, 72.67it/s]
 98%|█████████▊| 5654/5794 [01:20<00:01, 72.72it/s]
 98%|█████████▊| 5662/5794 [01:20<00:01, 72.74it/s]
 98%|█████████▊| 5670/5794 [01:20<00:01, 72.71it/s]
 98%|█████████▊| 5678/5794 [01:20<00:01, 72.87it/s]
 98%|█████████▊| 5686/5794 [01:21<00:01, 72.78it/s]
 98%|█████████▊| 5694/5794 [01:21<00:01, 72.81it/s]
 98%|█████████▊| 5702/5794 [01:21<00:01, 72.73it/s]
 99%|█████████▊| 5710/5794 [01:21<00:01, 72.66it/s]
 99%|█████████▊| 5718/5794 [01:21<00:01, 72.16it/s]
 99%|█████████▉| 5726/5794 [01:21<00:00, 72.03it/s]
 99%|█████████▉| 5734/5794 [01:21<00:00, 71.76it/s]
 99%|█████████▉| 5742/5794 [01:21<00:00, 71.74it/s]
 99%|█████████▉| 5750/5794 [01:21<00:00, 71.48it/s]
 99%|█████████▉| 5758/5794 [01:22<00:00, 71.49it/s]
100%|█████████▉| 5766/5794 [01:22<00:00, 71.98it/s]
100%|█████████▉| 5774/5794 [01:22<00:00, 72.16it/s]
100%|█████████▉| 5782/5794 [01:22<00:00, 72.39it/s]
100%|█████████▉| 5790/5794 [01:22<00:00, 72.69it/s]
100%|██████████| 5794/5794 [01:22<00:00, 70.11it/s]
BALANCED ACCS CHECKED FOR TEST
TEST SET RESULTS FOR CHECKPOINT trained_weights/waterbirds/gradcam_waterbird_complete95_forest2water2_21050510_trial_000/best_balanced_valacc_0.56_epoch_0.ckpt
test_acc: 0.7726958923023818
balanced_test_acc: 0.584082620138011
Land_on_Land_test_acc: 0.998669623059867
Land_on_Water_test_acc: 0.8470066518847007
Water_on_Land_test_acc: 0.010903426791277258
Water_on_Water_test_acc: 0.4797507788161994
test_acc_Waterbird: 0.24532710280373832
test_acc_Landbird: 0.9228381374722838
