[CMD] /home/ryreu/miniconda3/envs/gals_a100/bin/python -u main.py --config configs/waterbirds_95_gals.yaml --name gals_waterbird_complete95_forest2water2_21047520_trial_000 DATA.ROOT=/home/ryreu/guided_cnn/waterbirds DATA.WATERBIRDS_DIR=waterbird_complete95_forest2water2 SEED=0 EXP.BASE.LR=0.0010000000000000002 EXP.CLASSIFIER.LR=9.999999999999991e-05 EXP.WEIGHT_DECAY=9.999999999999997e-06 EXP.AUX_LOSSES_ON_VAL=False EXP.LOSSES.GRADIENT_OUTSIDE.WEIGHT=10.000000000000002 EXP.NUM_EPOCHS=1
SEED: 0
DATA:
  BATCH_SIZE: 96
  NUM_WORKERS: 4
  SIZE: 224
  NORMALIZATION: imagenet
  ATTENTION_DIR: clip_rn50_attention_gradcam
  SEPARATE_CLASSES: false
  REMOVE_BACKGROUND: false
  ROOT: /home/ryreu/guided_cnn/waterbirds
  USE_CLASS_WEIGHTS: false
  USE_GROUP_WEIGHTS: false
  DATASET: waterbirds
  NUM_CLASSES: 2
  CONFOUNDING_FACTOR: 0.95
  WATERBIRDS_DIR: waterbird_complete95_forest2water2
EXP:
  NUM_TRIALS: 1
  LOSSES:
    CLASSIFICATION:
      WEIGHT: 1
    GRADIENT_OUTSIDE:
      COMPUTE: true
      LOG: false
      WEIGHT: 10.000000000000002
      CRITERION: L1
      GT: clip_rn50
      COMBINE_ATT_MODE: average_nonzero
    GRADIENT_INSIDE:
      COMPUTE: false
      LOG: false
      WEIGHT: 1
      CRITERION: L1
      GT: segmentation
      COMBINE_ATT_MODE: average_nonzero
    GRADCAM:
      COMPUTE: false
      LOG: false
      WEIGHT: 1
      CRITERION: L1
      GT: segmentation
      MODE: match
      COMBINE_ATT_MODE: average_nonzero
  APPROACH: generic
  MODEL: resnet50
  PRETRAINED: true
  NUM_EPOCHS: 1
  OPTIMIZER: SGD
  WEIGHT_DECAY: 9.999999999999997e-06
  MOMENTUM: 0.9
  SCHEDULER: NONE
  BASE:
    LR: 0.0010000000000000002
  CLASSIFIER:
    LR: 9.999999999999991e-05
  AUX_LOSSES_ON_VAL: false
LOGGING:
  SAVE_EVERY: 0
  SAVE_BEST: true
  SAVE_LAST: false
  LOG_ATTENTION: false
  LOG_ATTENTION_STEP: 10
  SAVE_STATS_PATH: null
yaml: configs/waterbirds_95_gals.yaml
name: gals_waterbird_complete95_forest2water2_21047520_trial_000
test_checkpoint: null

WATERBIRDS DIR: /home/ryreu/guided_cnn/waterbirds/waterbird_complete95_forest2water2
NUMBER OF SAMPLES WITH LABEL Landbird: 3682
NUMBER OF SAMPLES WITH LABEL Waterbird: 1113
NUMBER OF SAMPLES WITH GROUP Land_on_Land: 3498
NUMBER OF SAMPLES WITH GROUP Land_on_Water: 184
NUMBER OF SAMPLES WITH GROUP Water_on_Land: 56
NUMBER OF SAMPLES WITH GROUP Water_on_Water: 1057
WATERBIRDS DIR: /home/ryreu/guided_cnn/waterbirds/waterbird_complete95_forest2water2
NUMBER OF SAMPLES WITH LABEL Landbird: 933
NUMBER OF SAMPLES WITH LABEL Waterbird: 266
NUMBER OF SAMPLES WITH GROUP Land_on_Land: 467
NUMBER OF SAMPLES WITH GROUP Land_on_Water: 466
NUMBER OF SAMPLES WITH GROUP Water_on_Land: 133
NUMBER OF SAMPLES WITH GROUP Water_on_Water: 133
NUM TRAIN: 4795

NUM VAL:   1199

Number classifier outputs: 1
Using pretrained model: True
USING SGD OPTIMIZER
class weights: None
group weights: None
WANDB DISABLED: skipping wandb.init()
EPOCH: 0

>>> TRAINING 


  0%|          | 0/50 [00:00<?, ?it/s]
  2%|▏         | 1/50 [00:06<05:29,  6.72s/it]
  4%|▍         | 2/50 [00:07<02:44,  3.43s/it]
  6%|▌         | 3/50 [00:08<01:50,  2.36s/it]
  8%|▊         | 4/50 [00:10<01:25,  1.86s/it]
 10%|█         | 5/50 [00:11<01:11,  1.58s/it]
 12%|█▏        | 6/50 [00:12<01:02,  1.41s/it]
 14%|█▍        | 7/50 [00:13<00:56,  1.31s/it]
 16%|█▌        | 8/50 [00:14<00:51,  1.24s/it]
 18%|█▊        | 9/50 [00:15<00:48,  1.19s/it]
 20%|██        | 10/50 [00:16<00:46,  1.16s/it]
 22%|██▏       | 11/50 [00:17<00:44,  1.14s/it]
 24%|██▍       | 12/50 [00:18<00:42,  1.12s/it]
 26%|██▌       | 13/50 [00:19<00:41,  1.11s/it]
 28%|██▊       | 14/50 [00:20<00:39,  1.10s/it]
 30%|███       | 15/50 [00:21<00:38,  1.10s/it]
 32%|███▏      | 16/50 [00:23<00:37,  1.10s/it]
 34%|███▍      | 17/50 [00:24<00:36,  1.09s/it]
 36%|███▌      | 18/50 [00:25<00:35,  1.09s/it]
 38%|███▊      | 19/50 [00:26<00:33,  1.09s/it]
 40%|████      | 20/50 [00:27<00:32,  1.09s/it]
 42%|████▏     | 21/50 [00:28<00:31,  1.09s/it]
 44%|████▍     | 22/50 [00:29<00:30,  1.09s/it]
 46%|████▌     | 23/50 [00:30<00:29,  1.09s/it]
 48%|████▊     | 24/50 [00:31<00:28,  1.09s/it]
 50%|█████     | 25/50 [00:32<00:27,  1.09s/it]
 52%|█████▏    | 26/50 [00:33<00:26,  1.09s/it]
 54%|█████▍    | 27/50 [00:35<00:25,  1.09s/it]
 56%|█████▌    | 28/50 [00:36<00:23,  1.09s/it]
 58%|█████▊    | 29/50 [00:37<00:22,  1.09s/it]
 60%|██████    | 30/50 [00:38<00:21,  1.09s/it]
 62%|██████▏   | 31/50 [00:39<00:20,  1.09s/it]
 64%|██████▍   | 32/50 [00:40<00:19,  1.09s/it]
 66%|██████▌   | 33/50 [00:41<00:18,  1.09s/it]
 68%|██████▊   | 34/50 [00:42<00:17,  1.09s/it]
 70%|███████   | 35/50 [00:43<00:16,  1.09s/it]
 72%|███████▏  | 36/50 [00:44<00:15,  1.09s/it]
 74%|███████▍  | 37/50 [00:45<00:14,  1.09s/it]
 76%|███████▌  | 38/50 [00:47<00:13,  1.09s/it]
 78%|███████▊  | 39/50 [00:48<00:11,  1.09s/it]
 80%|████████  | 40/50 [00:49<00:10,  1.09s/it]
 82%|████████▏ | 41/50 [00:50<00:09,  1.09s/it]
 84%|████████▍ | 42/50 [00:53<00:13,  1.67s/it]
 86%|████████▌ | 43/50 [00:54<00:10,  1.53s/it]
 88%|████████▊ | 44/50 [00:55<00:08,  1.40s/it]
 90%|█████████ | 45/50 [00:56<00:06,  1.30s/it]
 92%|█████████▏| 46/50 [00:57<00:04,  1.24s/it]
 94%|█████████▍| 47/50 [00:58<00:03,  1.19s/it]
 96%|█████████▌| 48/50 [00:59<00:02,  1.16s/it]
 98%|█████████▊| 49/50 [01:01<00:01,  1.14s/it]
100%|██████████| 50/50 [01:02<00:00,  1.12s/it]
100%|██████████| 50/50 [01:02<00:00,  1.24s/it]
>>> VALIDATING 


  0%|          | 0/13 [00:00<?, ?it/s]
  8%|▊         | 1/13 [00:02<00:34,  2.85s/it]
 23%|██▎       | 3/13 [00:03<00:07,  1.25it/s]
 38%|███▊      | 5/13 [00:04<00:06,  1.28it/s]
 54%|█████▍    | 7/13 [00:04<00:02,  2.08it/s]
 69%|██████▉   | 9/13 [00:06<00:02,  1.81it/s]
 85%|████████▍ | 11/13 [00:06<00:00,  2.60it/s]
100%|██████████| 13/13 [00:06<00:00,  2.82it/s]
100%|██████████| 13/13 [00:06<00:00,  1.90it/s]
>>> LOGGING 

BALANCED ACCS CHECKED FOR TRAIN
BALANCED ACCS CHECKED FOR VAL
train_acc: 0.7067778936392075
val_acc: 0.713094245204337
train_cls_loss: 0.4954315274549848
val_cls_loss: 0.5280270112415867
train_total_loss: 0.49546385986712976
val_total_loss: 0.5280270112415867
balanced_train_acc: 0.5683488260071946
balanced_val_acc: 0.5455459388019889
Land_on_Land_train_acc: 0.8319039451114922
Land_on_Land_val_acc: 0.9978586723768736
Land_on_Water_train_acc: 0.7282608695652174
Land_on_Water_val_acc: 0.6952789699570815
Water_on_Land_train_acc: 0.14285714285714285
Water_on_Land_val_acc: 0.007518796992481203
Water_on_Water_train_acc: 0.31882686849574265
Water_on_Water_val_acc: 0.48120300751879697
train_dydx_outside_clip_rn50_loss: 3.233189005969793e-05
train_acc_Landbird: 0.8267246061922868
train_acc_Waterbird: 0.30997304582210244
val_acc_Landbird: 0.8467309753483387
val_acc_Waterbird: 0.24436090225563908
TRAIN ACC:        0.7067778936392075
VAL ACC:          0.713094245204337
BALANCED VAL ACC: 0.5455459388019889
prev best list: []
Saving to trained_weights/waterbirds/gals_waterbird_complete95_forest2water2_21047520_trial_000/best_balanced_valacc_0.55_epoch_0.ckpt
>>> EVALUATING ON TEST SET
WATERBIRDS DIR: /home/ryreu/guided_cnn/waterbirds/waterbird_complete95_forest2water2
NUMBER OF SAMPLES WITH LABEL Landbird: 4510
NUMBER OF SAMPLES WITH LABEL Waterbird: 1284
NUMBER OF SAMPLES WITH GROUP Land_on_Land: 2255
NUMBER OF SAMPLES WITH GROUP Land_on_Water: 2255
NUMBER OF SAMPLES WITH GROUP Water_on_Land: 642
NUMBER OF SAMPLES WITH GROUP Water_on_Water: 642
NUM TEST:   5794

Loaded checkpoint trained_weights/waterbirds/gals_waterbird_complete95_forest2water2_21047520_trial_000/best_balanced_valacc_0.55_epoch_0.ckpt

  0%|          | 0/5794 [00:00<?, ?it/s]
  0%|          | 1/5794 [00:00<31:47,  3.04it/s]
  0%|          | 8/5794 [00:00<04:11, 22.98it/s]
  0%|          | 15/5794 [00:00<02:38, 36.57it/s]
  0%|          | 22/5794 [00:00<02:04, 46.31it/s]
  1%|          | 29/5794 [00:00<01:50, 52.38it/s]
  1%|          | 37/5794 [00:00<01:38, 58.16it/s]
  1%|          | 44/5794 [00:00<01:33, 61.28it/s]
  1%|          | 51/5794 [00:01<01:31, 62.62it/s]
  1%|          | 58/5794 [00:01<01:29, 63.86it/s]
  1%|          | 65/5794 [00:01<01:28, 65.05it/s]
  1%|          | 72/5794 [00:01<01:26, 65.85it/s]
  1%|▏         | 79/5794 [00:01<01:25, 66.70it/s]
  1%|▏         | 86/5794 [00:01<01:24, 67.48it/s]
  2%|▏         | 93/5794 [00:01<01:24, 67.83it/s]
  2%|▏         | 100/5794 [00:01<01:23, 67.86it/s]
  2%|▏         | 107/5794 [00:01<01:23, 68.24it/s]
  2%|▏         | 114/5794 [00:01<01:23, 68.37it/s]
  2%|▏         | 121/5794 [00:02<01:22, 68.46it/s]
  2%|▏         | 128/5794 [00:02<01:23, 67.63it/s]
  2%|▏         | 136/5794 [00:02<01:22, 68.49it/s]
  2%|▏         | 143/5794 [00:02<01:22, 68.33it/s]
  3%|▎         | 150/5794 [00:02<01:23, 67.77it/s]
  3%|▎         | 157/5794 [00:02<01:23, 67.73it/s]
  3%|▎         | 164/5794 [00:02<01:22, 68.04it/s]
  3%|▎         | 171/5794 [00:02<01:23, 67.71it/s]
  3%|▎         | 178/5794 [00:02<01:22, 67.73it/s]
  3%|▎         | 185/5794 [00:03<01:22, 67.83it/s]
  3%|▎         | 192/5794 [00:03<01:22, 67.76it/s]
  3%|▎         | 199/5794 [00:03<01:22, 68.04it/s]
  4%|▎         | 206/5794 [00:03<01:23, 66.97it/s]
  4%|▎         | 214/5794 [00:03<01:22, 67.83it/s]
  4%|▍         | 221/5794 [00:03<01:21, 68.38it/s]
  4%|▍         | 228/5794 [00:03<01:21, 68.55it/s]
  4%|▍         | 235/5794 [00:03<01:20, 68.77it/s]
  4%|▍         | 242/5794 [00:03<01:20, 69.04it/s]
  4%|▍         | 249/5794 [00:03<01:20, 69.22it/s]
  4%|▍         | 256/5794 [00:04<01:20, 68.97it/s]
  5%|▍         | 264/5794 [00:04<01:19, 69.40it/s]
  5%|▍         | 271/5794 [00:04<01:19, 69.35it/s]
  5%|▍         | 278/5794 [00:04<01:19, 68.99it/s]
  5%|▍         | 285/5794 [00:04<01:20, 68.48it/s]
  5%|▌         | 293/5794 [00:04<01:19, 68.98it/s]
  5%|▌         | 301/5794 [00:04<01:19, 69.13it/s]
  5%|▌         | 309/5794 [00:04<01:18, 69.62it/s]
  5%|▌         | 317/5794 [00:04<01:18, 69.79it/s]
  6%|▌         | 324/5794 [00:05<01:18, 69.55it/s]
  6%|▌         | 332/5794 [00:05<01:18, 69.69it/s]
  6%|▌         | 340/5794 [00:05<01:18, 69.78it/s]
  6%|▌         | 348/5794 [00:05<01:17, 69.92it/s]
  6%|▌         | 356/5794 [00:05<01:18, 69.66it/s]
  6%|▋         | 364/5794 [00:05<01:17, 69.84it/s]
  6%|▋         | 371/5794 [00:05<01:17, 69.84it/s]
  7%|▋         | 379/5794 [00:05<01:17, 69.97it/s]
  7%|▋         | 386/5794 [00:06<02:07, 42.26it/s]
  7%|▋         | 394/5794 [00:06<01:51, 48.54it/s]
  7%|▋         | 401/5794 [00:06<01:41, 52.89it/s]
  7%|▋         | 408/5794 [00:06<01:34, 56.74it/s]
  7%|▋         | 415/5794 [00:06<01:29, 60.01it/s]
  7%|▋         | 422/5794 [00:06<01:25, 62.51it/s]
  7%|▋         | 429/5794 [00:06<01:23, 64.03it/s]
  8%|▊         | 437/5794 [00:06<01:21, 66.05it/s]
  8%|▊         | 444/5794 [00:07<01:19, 66.95it/s]
  8%|▊         | 451/5794 [00:07<01:19, 67.38it/s]
  8%|▊         | 458/5794 [00:07<01:18, 67.74it/s]
  8%|▊         | 465/5794 [00:07<01:18, 68.21it/s]
  8%|▊         | 472/5794 [00:07<01:18, 68.10it/s]
  8%|▊         | 479/5794 [00:07<01:17, 68.60it/s]
  8%|▊         | 486/5794 [00:07<01:17, 68.27it/s]
  9%|▊         | 493/5794 [00:07<01:17, 68.69it/s]
  9%|▊         | 500/5794 [00:07<01:16, 68.89it/s]
  9%|▉         | 507/5794 [00:07<01:16, 69.04it/s]
  9%|▉         | 514/5794 [00:08<01:16, 68.79it/s]
  9%|▉         | 521/5794 [00:08<01:16, 69.04it/s]
  9%|▉         | 528/5794 [00:08<01:16, 68.53it/s]
  9%|▉         | 535/5794 [00:08<01:16, 68.95it/s]
  9%|▉         | 542/5794 [00:08<01:17, 67.82it/s]
  9%|▉         | 549/5794 [00:08<01:17, 67.93it/s]
 10%|▉         | 556/5794 [00:08<01:16, 68.08it/s]
 10%|▉         | 563/5794 [00:08<01:16, 68.28it/s]
 10%|▉         | 570/5794 [00:08<01:17, 67.27it/s]
 10%|▉         | 578/5794 [00:08<01:16, 68.51it/s]
 10%|█         | 585/5794 [00:09<01:16, 68.47it/s]
 10%|█         | 592/5794 [00:09<01:15, 68.74it/s]
 10%|█         | 599/5794 [00:09<01:16, 68.28it/s]
 10%|█         | 606/5794 [00:09<01:15, 68.71it/s]
 11%|█         | 613/5794 [00:09<01:15, 68.21it/s]
 11%|█         | 620/5794 [00:09<01:15, 68.25it/s]
 11%|█         | 627/5794 [00:09<01:16, 67.71it/s]
 11%|█         | 634/5794 [00:09<01:16, 67.85it/s]
 11%|█         | 642/5794 [00:09<01:15, 68.69it/s]
 11%|█         | 649/5794 [00:09<01:14, 68.75it/s]
 11%|█▏        | 656/5794 [00:10<01:14, 68.97it/s]
 11%|█▏        | 664/5794 [00:10<01:13, 69.59it/s]
 12%|█▏        | 671/5794 [00:10<01:13, 69.54it/s]
 12%|█▏        | 678/5794 [00:10<01:13, 69.55it/s]
 12%|█▏        | 686/5794 [00:10<01:12, 70.79it/s]
 12%|█▏        | 694/5794 [00:10<01:12, 70.45it/s]
 12%|█▏        | 702/5794 [00:10<01:12, 70.08it/s]
 12%|█▏        | 710/5794 [00:10<01:12, 69.72it/s]
 12%|█▏        | 717/5794 [00:10<01:14, 68.61it/s]
 12%|█▏        | 724/5794 [00:11<01:14, 68.30it/s]
 13%|█▎        | 731/5794 [00:11<01:13, 68.76it/s]
 13%|█▎        | 738/5794 [00:11<01:14, 67.73it/s]
 13%|█▎        | 745/5794 [00:11<01:14, 68.14it/s]
 13%|█▎        | 752/5794 [00:11<01:13, 68.18it/s]
 13%|█▎        | 759/5794 [00:11<01:13, 68.23it/s]
 13%|█▎        | 766/5794 [00:11<01:13, 68.47it/s]
 13%|█▎        | 773/5794 [00:11<01:13, 68.35it/s]
 13%|█▎        | 781/5794 [00:11<01:12, 68.96it/s]
 14%|█▎        | 788/5794 [00:12<01:12, 68.81it/s]
 14%|█▎        | 795/5794 [00:12<01:12, 68.68it/s]
 14%|█▍        | 802/5794 [00:12<01:12, 68.93it/s]
 14%|█▍        | 809/5794 [00:12<01:12, 68.86it/s]
 14%|█▍        | 816/5794 [00:12<01:12, 68.38it/s]
 14%|█▍        | 823/5794 [00:12<01:12, 68.83it/s]
 14%|█▍        | 830/5794 [00:12<01:12, 68.72it/s]
 14%|█▍        | 837/5794 [00:12<01:12, 68.83it/s]
 15%|█▍        | 844/5794 [00:12<01:12, 68.66it/s]
 15%|█▍        | 851/5794 [00:12<01:11, 68.67it/s]
 15%|█▍        | 858/5794 [00:13<01:12, 68.33it/s]
 15%|█▍        | 865/5794 [00:13<01:11, 68.73it/s]
 15%|█▌        | 872/5794 [00:13<01:11, 68.60it/s]
 15%|█▌        | 879/5794 [00:13<01:12, 68.07it/s]
 15%|█▌        | 886/5794 [00:13<01:11, 68.39it/s]
 15%|█▌        | 893/5794 [00:13<01:11, 68.65it/s]
 16%|█▌        | 900/5794 [00:13<01:12, 67.59it/s]
 16%|█▌        | 907/5794 [00:13<01:11, 68.07it/s]
 16%|█▌        | 914/5794 [00:13<01:11, 68.23it/s]
 16%|█▌        | 921/5794 [00:13<01:11, 68.27it/s]
 16%|█▌        | 928/5794 [00:14<01:11, 68.23it/s]
 16%|█▌        | 935/5794 [00:14<01:10, 68.52it/s]
 16%|█▋        | 942/5794 [00:14<01:10, 68.76it/s]
 16%|█▋        | 949/5794 [00:14<01:10, 68.35it/s]
 16%|█▋        | 956/5794 [00:14<01:10, 68.65it/s]
 17%|█▋        | 963/5794 [00:14<01:10, 68.80it/s]
 17%|█▋        | 971/5794 [00:14<01:09, 69.22it/s]
 17%|█▋        | 978/5794 [00:14<01:09, 69.35it/s]
 17%|█▋        | 986/5794 [00:14<01:09, 69.66it/s]
 17%|█▋        | 994/5794 [00:15<01:09, 68.98it/s]
 17%|█▋        | 1002/5794 [00:15<01:08, 70.04it/s]
 17%|█▋        | 1010/5794 [00:15<01:08, 70.21it/s]
 18%|█▊        | 1018/5794 [00:15<01:08, 70.10it/s]
 18%|█▊        | 1026/5794 [00:15<01:07, 70.29it/s]
 18%|█▊        | 1034/5794 [00:15<01:07, 70.14it/s]
 18%|█▊        | 1042/5794 [00:15<01:09, 68.24it/s]
 18%|█▊        | 1049/5794 [00:15<01:11, 66.47it/s]
 18%|█▊        | 1056/5794 [00:15<01:12, 65.61it/s]
 18%|█▊        | 1063/5794 [00:16<01:12, 65.15it/s]
 18%|█▊        | 1070/5794 [00:16<01:12, 65.01it/s]
 19%|█▊        | 1078/5794 [00:16<01:10, 66.68it/s]
 19%|█▊        | 1085/5794 [00:16<01:10, 66.89it/s]
 19%|█▉        | 1092/5794 [00:16<01:10, 66.97it/s]
 19%|█▉        | 1099/5794 [00:16<01:09, 67.41it/s]
 19%|█▉        | 1106/5794 [00:16<01:09, 67.56it/s]
 19%|█▉        | 1114/5794 [00:16<01:07, 68.95it/s]
 19%|█▉        | 1122/5794 [00:16<01:07, 69.06it/s]
 19%|█▉        | 1129/5794 [00:17<01:08, 68.54it/s]
 20%|█▉        | 1136/5794 [00:17<01:08, 68.35it/s]
 20%|█▉        | 1143/5794 [00:17<01:08, 67.95it/s]
 20%|█▉        | 1150/5794 [00:17<01:08, 67.87it/s]
 20%|█▉        | 1157/5794 [00:17<01:08, 68.15it/s]
 20%|██        | 1164/5794 [00:17<01:08, 67.90it/s]
 20%|██        | 1171/5794 [00:17<01:08, 67.86it/s]
 20%|██        | 1178/5794 [00:17<01:08, 67.86it/s]
 20%|██        | 1186/5794 [00:17<01:07, 68.75it/s]
 21%|██        | 1193/5794 [00:17<01:06, 68.90it/s]
 21%|██        | 1200/5794 [00:18<01:08, 67.53it/s]
 21%|██        | 1208/5794 [00:18<01:06, 69.06it/s]
 21%|██        | 1215/5794 [00:18<01:07, 67.88it/s]
 21%|██        | 1222/5794 [00:18<01:08, 67.23it/s]
 21%|██        | 1230/5794 [00:18<01:06, 68.45it/s]
 21%|██▏       | 1238/5794 [00:18<01:05, 69.34it/s]
 21%|██▏       | 1245/5794 [00:18<01:05, 68.99it/s]
 22%|██▏       | 1252/5794 [00:18<01:06, 68.41it/s]
 22%|██▏       | 1259/5794 [00:18<01:06, 68.40it/s]
 22%|██▏       | 1266/5794 [00:19<01:06, 68.07it/s]
 22%|██▏       | 1273/5794 [00:19<01:06, 68.23it/s]
 22%|██▏       | 1280/5794 [00:19<01:07, 67.25it/s]
 22%|██▏       | 1287/5794 [00:19<01:07, 66.33it/s]
 22%|██▏       | 1294/5794 [00:19<01:09, 64.95it/s]
 22%|██▏       | 1301/5794 [00:19<01:09, 65.01it/s]
 23%|██▎       | 1308/5794 [00:19<01:08, 65.87it/s]
 23%|██▎       | 1315/5794 [00:19<01:07, 66.10it/s]
 23%|██▎       | 1322/5794 [00:19<01:06, 66.99it/s]
 23%|██▎       | 1329/5794 [00:19<01:06, 67.63it/s]
 23%|██▎       | 1336/5794 [00:20<01:05, 67.59it/s]
 23%|██▎       | 1343/5794 [00:20<01:05, 67.97it/s]
 23%|██▎       | 1350/5794 [00:20<01:05, 68.20it/s]
 23%|██▎       | 1357/5794 [00:20<01:04, 68.52it/s]
 24%|██▎       | 1364/5794 [00:20<01:04, 68.25it/s]
 24%|██▎       | 1371/5794 [00:20<01:05, 67.66it/s]
 24%|██▍       | 1378/5794 [00:20<01:05, 67.15it/s]
 24%|██▍       | 1385/5794 [00:20<01:05, 66.82it/s]
 24%|██▍       | 1392/5794 [00:20<01:06, 66.69it/s]
 24%|██▍       | 1399/5794 [00:21<01:06, 66.13it/s]
 24%|██▍       | 1406/5794 [00:21<01:07, 65.24it/s]
 24%|██▍       | 1413/5794 [00:21<01:08, 63.90it/s]
 25%|██▍       | 1420/5794 [00:21<01:07, 64.79it/s]
 25%|██▍       | 1427/5794 [00:21<01:07, 64.95it/s]
 25%|██▍       | 1434/5794 [00:21<01:20, 54.20it/s]
 25%|██▍       | 1442/5794 [00:21<01:13, 58.96it/s]
 25%|██▌       | 1449/5794 [00:21<01:11, 61.01it/s]
 25%|██▌       | 1456/5794 [00:21<01:09, 62.58it/s]
 25%|██▌       | 1463/5794 [00:22<01:07, 64.01it/s]
 25%|██▌       | 1470/5794 [00:22<01:06, 65.33it/s]
 26%|██▌       | 1478/5794 [00:22<01:04, 66.98it/s]
 26%|██▌       | 1485/5794 [00:22<01:04, 66.55it/s]
 26%|██▌       | 1492/5794 [00:22<01:04, 66.96it/s]
 26%|██▌       | 1500/5794 [00:22<01:03, 68.01it/s]
 26%|██▌       | 1507/5794 [00:22<01:03, 67.84it/s]
 26%|██▌       | 1514/5794 [00:22<01:03, 67.70it/s]
 26%|██▋       | 1521/5794 [00:22<01:02, 68.31it/s]
 26%|██▋       | 1528/5794 [00:22<01:02, 68.23it/s]
 26%|██▋       | 1535/5794 [00:23<01:02, 68.39it/s]
 27%|██▋       | 1542/5794 [00:23<01:01, 68.79it/s]
 27%|██▋       | 1549/5794 [00:23<01:01, 68.96it/s]
 27%|██▋       | 1556/5794 [00:23<01:01, 69.21it/s]
 27%|██▋       | 1563/5794 [00:23<01:01, 69.09it/s]
 27%|██▋       | 1571/5794 [00:23<01:00, 69.69it/s]
 27%|██▋       | 1578/5794 [00:23<01:01, 69.08it/s]
 27%|██▋       | 1585/5794 [00:23<01:00, 69.18it/s]
 27%|██▋       | 1592/5794 [00:23<01:01, 68.47it/s]
 28%|██▊       | 1599/5794 [00:24<01:01, 68.19it/s]
 28%|██▊       | 1607/5794 [00:24<01:01, 68.20it/s]
 28%|██▊       | 1614/5794 [00:32<25:29,  2.73it/s]
 28%|██▊       | 1621/5794 [00:32<18:18,  3.80it/s]
 28%|██▊       | 1628/5794 [00:32<13:10,  5.27it/s]
 28%|██▊       | 1635/5794 [00:33<09:33,  7.25it/s]
 28%|██▊       | 1642/5794 [00:33<07:00,  9.88it/s]
 28%|██▊       | 1649/5794 [00:33<05:12, 13.27it/s]
 29%|██▊       | 1656/5794 [00:33<03:56, 17.48it/s]
 29%|██▊       | 1663/5794 [00:33<03:04, 22.42it/s]
 29%|██▉       | 1671/5794 [00:33<02:22, 28.89it/s]
 29%|██▉       | 1679/5794 [00:33<01:55, 35.63it/s]
 29%|██▉       | 1686/5794 [00:33<01:39, 41.39it/s]
 29%|██▉       | 1693/5794 [00:33<01:27, 46.87it/s]
 29%|██▉       | 1701/5794 [00:33<01:17, 52.85it/s]
 29%|██▉       | 1709/5794 [00:34<01:10, 57.70it/s]
 30%|██▉       | 1717/5794 [00:34<01:06, 61.16it/s]
 30%|██▉       | 1725/5794 [00:34<01:03, 64.29it/s]
 30%|██▉       | 1733/5794 [00:34<01:01, 66.47it/s]
 30%|███       | 1741/5794 [00:34<00:59, 68.51it/s]
 30%|███       | 1749/5794 [00:34<00:58, 69.06it/s]
 30%|███       | 1757/5794 [00:34<00:57, 69.85it/s]
 30%|███       | 1765/5794 [00:34<00:57, 69.82it/s]
 31%|███       | 1773/5794 [00:34<00:57, 70.28it/s]
 31%|███       | 1781/5794 [00:35<00:56, 70.93it/s]
 31%|███       | 1789/5794 [00:35<00:57, 69.97it/s]
 31%|███       | 1797/5794 [00:35<00:57, 70.09it/s]
 31%|███       | 1805/5794 [00:35<00:58, 68.75it/s]
 31%|███▏      | 1812/5794 [00:35<00:59, 67.36it/s]
 31%|███▏      | 1819/5794 [00:35<00:58, 67.72it/s]
 32%|███▏      | 1826/5794 [00:35<00:58, 68.09it/s]
 32%|███▏      | 1834/5794 [00:35<00:56, 69.94it/s]
 32%|███▏      | 1842/5794 [00:35<00:56, 70.02it/s]
 32%|███▏      | 1850/5794 [00:36<00:55, 70.90it/s]
 32%|███▏      | 1858/5794 [00:36<00:55, 71.43it/s]
 32%|███▏      | 1866/5794 [00:36<00:54, 71.90it/s]
 32%|███▏      | 1874/5794 [00:36<00:54, 72.02it/s]
 32%|███▏      | 1882/5794 [00:36<00:54, 72.13it/s]
 33%|███▎      | 1890/5794 [00:36<00:53, 72.32it/s]
 33%|███▎      | 1898/5794 [00:36<00:54, 71.75it/s]
 33%|███▎      | 1906/5794 [00:36<00:53, 72.96it/s]
 33%|███▎      | 1914/5794 [00:36<00:53, 72.74it/s]
 33%|███▎      | 1922/5794 [00:37<00:53, 72.44it/s]
 33%|███▎      | 1930/5794 [00:37<00:53, 72.36it/s]
 33%|███▎      | 1938/5794 [00:37<00:53, 72.26it/s]
 34%|███▎      | 1946/5794 [00:37<00:53, 72.48it/s]
 34%|███▎      | 1954/5794 [00:37<00:53, 72.24it/s]
 34%|███▍      | 1962/5794 [00:37<00:52, 72.30it/s]
 34%|███▍      | 1970/5794 [00:37<00:52, 72.50it/s]
 34%|███▍      | 1978/5794 [00:37<00:52, 72.29it/s]
 34%|███▍      | 1986/5794 [00:37<00:52, 72.48it/s]
 34%|███▍      | 1994/5794 [00:38<00:52, 72.52it/s]
 35%|███▍      | 2002/5794 [00:38<00:52, 72.41it/s]
 35%|███▍      | 2010/5794 [00:38<00:52, 72.56it/s]
 35%|███▍      | 2018/5794 [00:38<00:52, 72.46it/s]
 35%|███▍      | 2026/5794 [00:38<00:51, 72.54it/s]
 35%|███▌      | 2034/5794 [00:38<00:52, 72.15it/s]
 35%|███▌      | 2042/5794 [00:38<00:51, 72.50it/s]
 35%|███▌      | 2050/5794 [00:38<00:51, 72.66it/s]
 36%|███▌      | 2058/5794 [00:38<00:51, 72.76it/s]
 36%|███▌      | 2066/5794 [00:39<00:51, 72.74it/s]
 36%|███▌      | 2074/5794 [00:39<00:51, 72.64it/s]
 36%|███▌      | 2082/5794 [00:39<00:52, 71.14it/s]
 36%|███▌      | 2090/5794 [00:39<00:51, 72.17it/s]
 36%|███▌      | 2098/5794 [00:39<00:51, 71.96it/s]
 36%|███▋      | 2106/5794 [00:39<00:51, 72.19it/s]
 36%|███▋      | 2114/5794 [00:39<00:51, 71.80it/s]
 37%|███▋      | 2122/5794 [00:39<00:51, 71.18it/s]
 37%|███▋      | 2130/5794 [00:39<00:50, 72.10it/s]
 37%|███▋      | 2138/5794 [00:40<00:50, 71.81it/s]
 37%|███▋      | 2146/5794 [00:40<00:50, 71.72it/s]
 37%|███▋      | 2154/5794 [00:40<00:50, 71.52it/s]
 37%|███▋      | 2162/5794 [00:40<00:50, 71.40it/s]
 37%|███▋      | 2170/5794 [00:40<00:51, 70.49it/s]
 38%|███▊      | 2178/5794 [00:40<00:50, 71.32it/s]
 38%|███▊      | 2186/5794 [00:40<00:50, 71.20it/s]
 38%|███▊      | 2194/5794 [00:40<00:50, 71.45it/s]
 38%|███▊      | 2202/5794 [00:40<00:50, 71.08it/s]
 38%|███▊      | 2210/5794 [00:41<00:50, 71.19it/s]
 38%|███▊      | 2218/5794 [00:41<00:50, 71.21it/s]
 38%|███▊      | 2226/5794 [00:41<00:49, 71.44it/s]
 39%|███▊      | 2234/5794 [00:41<00:49, 71.56it/s]
 39%|███▊      | 2242/5794 [00:41<00:49, 71.40it/s]
 39%|███▉      | 2250/5794 [00:41<00:49, 71.97it/s]
 39%|███▉      | 2258/5794 [00:41<00:49, 72.05it/s]
 39%|███▉      | 2266/5794 [00:41<00:49, 71.83it/s]
 39%|███▉      | 2274/5794 [00:41<00:49, 71.77it/s]
 39%|███▉      | 2282/5794 [00:42<00:49, 71.63it/s]
 40%|███▉      | 2290/5794 [00:42<00:48, 71.91it/s]
 40%|███▉      | 2298/5794 [00:42<00:49, 71.21it/s]
 40%|███▉      | 2306/5794 [00:42<00:48, 72.48it/s]
 40%|███▉      | 2314/5794 [00:42<00:48, 71.97it/s]
 40%|████      | 2322/5794 [00:42<00:47, 72.53it/s]
 40%|████      | 2330/5794 [00:42<00:47, 72.40it/s]
 40%|████      | 2338/5794 [00:42<00:47, 72.66it/s]
 40%|████      | 2346/5794 [00:43<00:53, 64.08it/s]
 41%|████      | 2353/5794 [00:43<00:52, 65.35it/s]
 41%|████      | 2360/5794 [00:43<00:51, 66.15it/s]
 41%|████      | 2367/5794 [00:43<00:51, 66.61it/s]
 41%|████      | 2374/5794 [00:43<00:50, 67.32it/s]
 41%|████      | 2381/5794 [00:43<00:50, 67.81it/s]
 41%|████      | 2388/5794 [00:43<00:50, 67.84it/s]
 41%|████▏     | 2395/5794 [00:43<00:50, 67.57it/s]
 41%|████▏     | 2402/5794 [00:43<00:49, 68.01it/s]
 42%|████▏     | 2409/5794 [00:43<00:49, 68.25it/s]
 42%|████▏     | 2416/5794 [00:44<00:50, 66.29it/s]
 42%|████▏     | 2424/5794 [00:44<00:49, 68.57it/s]
 42%|████▏     | 2432/5794 [00:44<00:48, 69.04it/s]
 42%|████▏     | 2439/5794 [00:44<00:49, 68.08it/s]
 42%|████▏     | 2447/5794 [00:44<00:48, 68.52it/s]
 42%|████▏     | 2455/5794 [00:44<00:48, 68.24it/s]
 43%|████▎     | 2463/5794 [00:44<00:48, 68.95it/s]
 43%|████▎     | 2470/5794 [00:44<00:48, 68.77it/s]
 43%|████▎     | 2477/5794 [00:44<00:48, 68.77it/s]
 43%|████▎     | 2484/5794 [00:45<00:48, 68.74it/s]
 43%|████▎     | 2491/5794 [00:45<00:48, 68.28it/s]
 43%|████▎     | 2498/5794 [00:45<00:48, 68.54it/s]
 43%|████▎     | 2505/5794 [00:45<00:48, 68.03it/s]
 43%|████▎     | 2512/5794 [00:45<00:48, 67.96it/s]
 43%|████▎     | 2519/5794 [00:45<00:47, 68.48it/s]
 44%|████▎     | 2526/5794 [00:45<00:47, 68.40it/s]
 44%|████▎     | 2533/5794 [00:45<00:47, 68.49it/s]
 44%|████▍     | 2540/5794 [00:45<00:48, 67.75it/s]
 44%|████▍     | 2547/5794 [00:45<00:47, 67.97it/s]
 44%|████▍     | 2554/5794 [00:46<00:48, 67.32it/s]
 44%|████▍     | 2561/5794 [00:46<00:47, 67.59it/s]
 44%|████▍     | 2568/5794 [00:46<00:47, 67.29it/s]
 44%|████▍     | 2575/5794 [00:46<00:47, 67.55it/s]
 45%|████▍     | 2582/5794 [00:46<00:47, 67.43it/s]
 45%|████▍     | 2589/5794 [00:46<00:47, 67.28it/s]
 45%|████▍     | 2596/5794 [00:46<00:47, 67.49it/s]
 45%|████▍     | 2603/5794 [00:46<00:47, 67.51it/s]
 45%|████▌     | 2610/5794 [00:46<00:47, 67.63it/s]
 45%|████▌     | 2617/5794 [00:47<00:46, 67.67it/s]
 45%|████▌     | 2625/5794 [00:47<00:46, 68.83it/s]
 45%|████▌     | 2633/5794 [00:47<00:45, 69.76it/s]
 46%|████▌     | 2641/5794 [00:47<00:44, 70.65it/s]
 46%|████▌     | 2649/5794 [00:47<00:44, 71.10it/s]
 46%|████▌     | 2657/5794 [00:47<00:43, 71.73it/s]
 46%|████▌     | 2665/5794 [00:47<00:43, 71.89it/s]
 46%|████▌     | 2673/5794 [00:47<00:43, 72.03it/s]
 46%|████▋     | 2681/5794 [00:47<00:43, 72.29it/s]
 46%|████▋     | 2689/5794 [00:48<00:42, 72.41it/s]
 47%|████▋     | 2697/5794 [00:48<00:42, 72.37it/s]
 47%|████▋     | 2705/5794 [00:48<00:42, 72.44it/s]
 47%|████▋     | 2713/5794 [00:48<00:42, 72.00it/s]
 47%|████▋     | 2721/5794 [00:48<00:42, 71.71it/s]
 47%|████▋     | 2729/5794 [00:48<00:42, 71.88it/s]
 47%|████▋     | 2737/5794 [00:48<00:42, 72.31it/s]
 47%|████▋     | 2745/5794 [00:48<00:42, 71.00it/s]
 48%|████▊     | 2753/5794 [00:48<00:42, 71.86it/s]
 48%|████▊     | 2761/5794 [00:49<00:42, 71.85it/s]
 48%|████▊     | 2769/5794 [00:49<00:41, 72.04it/s]
 48%|████▊     | 2777/5794 [00:49<00:42, 70.53it/s]
 48%|████▊     | 2785/5794 [00:49<00:41, 72.32it/s]
 48%|████▊     | 2793/5794 [00:49<00:41, 71.64it/s]
 48%|████▊     | 2801/5794 [00:49<00:41, 72.21it/s]
 48%|████▊     | 2809/5794 [00:49<00:41, 71.57it/s]
 49%|████▊     | 2817/5794 [00:49<00:41, 71.41it/s]
 49%|████▉     | 2825/5794 [00:49<00:41, 71.54it/s]
 49%|████▉     | 2833/5794 [00:50<00:41, 71.48it/s]
 49%|████▉     | 2841/5794 [00:50<00:40, 72.12it/s]
 49%|████▉     | 2849/5794 [00:50<00:40, 72.17it/s]
 49%|████▉     | 2857/5794 [00:50<00:41, 71.54it/s]
 49%|████▉     | 2865/5794 [00:50<00:40, 72.08it/s]
 50%|████▉     | 2873/5794 [00:50<00:40, 72.28it/s]
 50%|████▉     | 2881/5794 [00:50<00:44, 65.43it/s]
 50%|████▉     | 2889/5794 [00:50<00:42, 68.49it/s]
 50%|█████     | 2897/5794 [00:50<00:41, 69.84it/s]
 50%|█████     | 2905/5794 [00:51<00:41, 70.19it/s]
 50%|█████     | 2913/5794 [00:51<00:40, 70.51it/s]
 50%|█████     | 2921/5794 [00:51<00:40, 70.63it/s]
 51%|█████     | 2929/5794 [00:51<00:40, 71.07it/s]
 51%|█████     | 2937/5794 [00:51<00:40, 70.78it/s]
 51%|█████     | 2945/5794 [00:51<00:40, 70.71it/s]
 51%|█████     | 2953/5794 [00:51<00:40, 70.78it/s]
 51%|█████     | 2961/5794 [00:51<00:39, 70.95it/s]
 51%|█████     | 2969/5794 [00:51<00:39, 70.99it/s]
 51%|█████▏    | 2977/5794 [00:52<00:39, 70.96it/s]
 52%|█████▏    | 2985/5794 [00:52<00:39, 70.84it/s]
 52%|█████▏    | 2993/5794 [00:52<00:39, 71.19it/s]
 52%|█████▏    | 3001/5794 [00:52<00:39, 71.40it/s]
 52%|█████▏    | 3009/5794 [00:52<00:39, 71.29it/s]
 52%|█████▏    | 3017/5794 [00:52<00:38, 72.15it/s]
 52%|█████▏    | 3025/5794 [00:52<00:38, 72.31it/s]
 52%|█████▏    | 3033/5794 [00:52<00:38, 72.33it/s]
 52%|█████▏    | 3041/5794 [00:52<00:38, 71.72it/s]
 53%|█████▎    | 3049/5794 [00:53<00:38, 71.87it/s]
 53%|█████▎    | 3057/5794 [00:53<00:37, 72.06it/s]
 53%|█████▎    | 3065/5794 [00:53<00:37, 71.97it/s]
 53%|█████▎    | 3073/5794 [00:53<00:38, 71.56it/s]
 53%|█████▎    | 3081/5794 [00:53<00:38, 71.36it/s]
 53%|█████▎    | 3089/5794 [00:53<00:37, 71.48it/s]
 53%|█████▎    | 3097/5794 [00:53<00:37, 71.31it/s]
 54%|█████▎    | 3105/5794 [00:53<00:37, 71.19it/s]
 54%|█████▎    | 3113/5794 [00:53<00:37, 71.09it/s]
 54%|█████▍    | 3121/5794 [00:54<00:37, 71.24it/s]
 54%|█████▍    | 3129/5794 [00:54<00:37, 71.10it/s]
 54%|█████▍    | 3137/5794 [00:54<00:37, 70.86it/s]
 54%|█████▍    | 3145/5794 [00:54<00:37, 71.04it/s]
 54%|█████▍    | 3153/5794 [00:54<00:37, 70.60it/s]
 55%|█████▍    | 3161/5794 [00:54<00:36, 71.31it/s]
 55%|█████▍    | 3169/5794 [00:54<00:37, 70.80it/s]
 55%|█████▍    | 3177/5794 [00:54<00:36, 70.76it/s]
 55%|█████▍    | 3185/5794 [00:54<00:36, 70.67it/s]
 55%|█████▌    | 3193/5794 [00:55<00:36, 70.55it/s]
 55%|█████▌    | 3201/5794 [00:55<00:36, 70.40it/s]
 55%|█████▌    | 3209/5794 [00:55<00:36, 70.67it/s]
 56%|█████▌    | 3217/5794 [00:55<00:36, 70.68it/s]
 56%|█████▌    | 3225/5794 [00:55<00:36, 70.91it/s]
 56%|█████▌    | 3233/5794 [00:55<00:36, 70.62it/s]
 56%|█████▌    | 3241/5794 [00:55<00:35, 70.96it/s]
 56%|█████▌    | 3249/5794 [00:55<00:35, 71.07it/s]
 56%|█████▌    | 3257/5794 [00:55<00:35, 70.89it/s]
 56%|█████▋    | 3265/5794 [00:56<00:36, 70.12it/s]
 56%|█████▋    | 3273/5794 [00:56<00:35, 70.74it/s]
 57%|█████▋    | 3281/5794 [00:56<00:35, 70.95it/s]
 57%|█████▋    | 3289/5794 [00:56<00:35, 71.13it/s]
 57%|█████▋    | 3297/5794 [00:56<00:34, 71.44it/s]
 57%|█████▋    | 3305/5794 [00:56<00:34, 71.63it/s]
 57%|█████▋    | 3313/5794 [00:56<00:34, 71.77it/s]
 57%|█████▋    | 3321/5794 [00:56<00:34, 71.87it/s]
 57%|█████▋    | 3329/5794 [00:56<00:34, 72.05it/s]
 58%|█████▊    | 3337/5794 [00:57<00:34, 72.19it/s]
 58%|█████▊    | 3345/5794 [00:57<00:33, 72.25it/s]
 58%|█████▊    | 3353/5794 [00:57<00:33, 72.46it/s]
 58%|█████▊    | 3361/5794 [00:57<00:33, 72.42it/s]
 58%|█████▊    | 3369/5794 [00:57<00:34, 70.12it/s]
 58%|█████▊    | 3377/5794 [00:57<00:33, 71.56it/s]
 58%|█████▊    | 3385/5794 [00:57<00:33, 71.95it/s]
 59%|█████▊    | 3393/5794 [01:06<13:11,  3.03it/s]
 59%|█████▊    | 3400/5794 [01:06<09:43,  4.10it/s]
 59%|█████▉    | 3408/5794 [01:06<06:52,  5.78it/s]
 59%|█████▉    | 3416/5794 [01:06<04:55,  8.05it/s]
 59%|█████▉    | 3424/5794 [01:06<03:35, 11.02it/s]
 59%|█████▉    | 3432/5794 [01:06<02:39, 14.81it/s]
 59%|█████▉    | 3440/5794 [01:06<02:00, 19.47it/s]
 59%|█████▉    | 3447/5794 [01:07<01:36, 24.27it/s]
 60%|█████▉    | 3455/5794 [01:07<01:16, 30.52it/s]
 60%|█████▉    | 3463/5794 [01:07<01:03, 36.90it/s]
 60%|█████▉    | 3471/5794 [01:07<00:53, 43.59it/s]
 60%|██████    | 3479/5794 [01:07<00:46, 49.35it/s]
 60%|██████    | 3487/5794 [01:07<00:42, 54.51it/s]
 60%|██████    | 3495/5794 [01:07<00:39, 58.34it/s]
 60%|██████    | 3503/5794 [01:07<00:37, 61.88it/s]
 61%|██████    | 3511/5794 [01:07<00:35, 64.40it/s]
 61%|██████    | 3519/5794 [01:08<00:34, 66.43it/s]
 61%|██████    | 3527/5794 [01:08<00:33, 67.53it/s]
 61%|██████    | 3535/5794 [01:08<00:32, 68.81it/s]
 61%|██████    | 3543/5794 [01:08<00:32, 69.85it/s]
 61%|██████▏   | 3551/5794 [01:08<00:31, 70.16it/s]
 61%|██████▏   | 3559/5794 [01:08<00:31, 70.36it/s]
 62%|██████▏   | 3567/5794 [01:08<00:31, 70.81it/s]
 62%|██████▏   | 3575/5794 [01:08<00:31, 71.29it/s]
 62%|██████▏   | 3583/5794 [01:08<00:30, 71.53it/s]
 62%|██████▏   | 3591/5794 [01:09<00:31, 70.84it/s]
 62%|██████▏   | 3599/5794 [01:09<00:30, 71.57it/s]
 62%|██████▏   | 3607/5794 [01:09<00:30, 71.38it/s]
 62%|██████▏   | 3615/5794 [01:09<00:30, 71.90it/s]
 63%|██████▎   | 3623/5794 [01:09<00:30, 71.70it/s]
 63%|██████▎   | 3631/5794 [01:09<00:30, 71.24it/s]
 63%|██████▎   | 3639/5794 [01:09<00:30, 71.22it/s]
 63%|██████▎   | 3647/5794 [01:09<00:30, 70.89it/s]
 63%|██████▎   | 3655/5794 [01:09<00:29, 71.36it/s]
 63%|██████▎   | 3663/5794 [01:10<00:29, 71.59it/s]
 63%|██████▎   | 3671/5794 [01:10<00:29, 71.47it/s]
 63%|██████▎   | 3679/5794 [01:10<00:29, 71.25it/s]
 64%|██████▎   | 3687/5794 [01:10<00:29, 70.86it/s]
 64%|██████▍   | 3695/5794 [01:10<00:29, 71.38it/s]
 64%|██████▍   | 3703/5794 [01:10<00:29, 71.05it/s]
 64%|██████▍   | 3711/5794 [01:10<00:29, 70.81it/s]
 64%|██████▍   | 3719/5794 [01:10<00:29, 70.81it/s]
 64%|██████▍   | 3727/5794 [01:10<00:29, 70.99it/s]
 64%|██████▍   | 3735/5794 [01:11<00:29, 70.87it/s]
 65%|██████▍   | 3743/5794 [01:11<00:28, 71.05it/s]
 65%|██████▍   | 3751/5794 [01:11<00:28, 70.75it/s]
 65%|██████▍   | 3759/5794 [01:11<00:28, 70.89it/s]
 65%|██████▌   | 3767/5794 [01:11<00:28, 70.82it/s]
 65%|██████▌   | 3775/5794 [01:11<00:28, 71.17it/s]
 65%|██████▌   | 3783/5794 [01:11<00:28, 71.04it/s]
 65%|██████▌   | 3791/5794 [01:11<00:28, 70.69it/s]
 66%|██████▌   | 3799/5794 [01:12<00:28, 71.05it/s]
 66%|██████▌   | 3807/5794 [01:12<00:28, 70.88it/s]
 66%|██████▌   | 3815/5794 [01:12<00:27, 71.19it/s]
 66%|██████▌   | 3823/5794 [01:12<00:28, 69.92it/s]
 66%|██████▌   | 3831/5794 [01:12<00:27, 70.36it/s]
 66%|██████▋   | 3839/5794 [01:12<00:27, 70.65it/s]
 66%|██████▋   | 3847/5794 [01:12<00:27, 70.91it/s]
 67%|██████▋   | 3855/5794 [01:12<00:27, 71.20it/s]
 67%|██████▋   | 3863/5794 [01:12<00:27, 71.30it/s]
 67%|██████▋   | 3871/5794 [01:13<00:26, 71.32it/s]
 67%|██████▋   | 3879/5794 [01:13<00:26, 71.52it/s]
 67%|██████▋   | 3887/5794 [01:13<00:26, 70.90it/s]
 67%|██████▋   | 3895/5794 [01:13<00:26, 71.22it/s]
 67%|██████▋   | 3903/5794 [01:13<00:26, 71.54it/s]
 68%|██████▊   | 3911/5794 [01:13<00:26, 71.41it/s]
 68%|██████▊   | 3919/5794 [01:13<00:26, 71.31it/s]
 68%|██████▊   | 3927/5794 [01:13<00:26, 71.04it/s]
 68%|██████▊   | 3935/5794 [01:13<00:26, 71.46it/s]
 68%|██████▊   | 3943/5794 [01:14<00:25, 71.42it/s]
 68%|██████▊   | 3951/5794 [01:14<00:25, 70.92it/s]
 68%|██████▊   | 3959/5794 [01:14<00:25, 71.62it/s]
 68%|██████▊   | 3967/5794 [01:14<00:25, 71.66it/s]
 69%|██████▊   | 3975/5794 [01:22<09:55,  3.06it/s]
 69%|██████▊   | 3983/5794 [01:22<07:02,  4.28it/s]
 69%|██████▉   | 3991/5794 [01:23<05:02,  5.97it/s]
 69%|██████▉   | 3999/5794 [01:23<03:38,  8.23it/s]
 69%|██████▉   | 4007/5794 [01:23<02:39, 11.20it/s]
 69%|██████▉   | 4015/5794 [01:23<01:58, 14.97it/s]
 69%|██████▉   | 4023/5794 [01:23<01:30, 19.60it/s]
 70%|██████▉   | 4031/5794 [01:23<01:10, 25.02it/s]
 70%|██████▉   | 4039/5794 [01:23<00:56, 31.03it/s]
 70%|██████▉   | 4047/5794 [01:23<00:46, 37.28it/s]
 70%|██████▉   | 4055/5794 [01:23<00:40, 43.28it/s]
 70%|███████   | 4063/5794 [01:24<00:35, 49.06it/s]
 70%|███████   | 4071/5794 [01:24<00:31, 54.01it/s]
 70%|███████   | 4079/5794 [01:24<00:29, 58.22it/s]
 71%|███████   | 4087/5794 [01:24<00:27, 61.47it/s]
 71%|███████   | 4095/5794 [01:24<00:26, 63.95it/s]
 71%|███████   | 4103/5794 [01:24<00:25, 66.17it/s]
 71%|███████   | 4111/5794 [01:24<00:25, 67.10it/s]
 71%|███████   | 4119/5794 [01:24<00:24, 68.11it/s]
 71%|███████   | 4127/5794 [01:24<00:24, 69.16it/s]
 71%|███████▏  | 4135/5794 [01:25<00:23, 69.49it/s]
 72%|███████▏  | 4143/5794 [01:25<00:23, 70.01it/s]
 72%|███████▏  | 4151/5794 [01:25<00:23, 70.40it/s]
 72%|███████▏  | 4159/5794 [01:25<00:23, 70.62it/s]
 72%|███████▏  | 4167/5794 [01:25<00:23, 70.54it/s]
 72%|███████▏  | 4175/5794 [01:25<00:22, 70.43it/s]
 72%|███████▏  | 4183/5794 [01:25<00:22, 70.75it/s]
 72%|███████▏  | 4191/5794 [01:25<00:22, 71.19it/s]
 72%|███████▏  | 4199/5794 [01:25<00:22, 71.22it/s]
 73%|███████▎  | 4207/5794 [01:26<00:22, 70.57it/s]
 73%|███████▎  | 4215/5794 [01:26<00:22, 70.76it/s]
 73%|███████▎  | 4223/5794 [01:26<00:22, 71.05it/s]
 73%|███████▎  | 4231/5794 [01:26<00:21, 71.10it/s]
 73%|███████▎  | 4239/5794 [01:26<00:21, 71.10it/s]
 73%|███████▎  | 4247/5794 [01:26<00:22, 70.26it/s]
 73%|███████▎  | 4255/5794 [01:26<00:21, 71.01it/s]
 74%|███████▎  | 4263/5794 [01:26<00:21, 70.90it/s]
 74%|███████▎  | 4271/5794 [01:27<00:21, 70.75it/s]
 74%|███████▍  | 4279/5794 [01:27<00:21, 70.91it/s]
 74%|███████▍  | 4287/5794 [01:27<00:21, 70.92it/s]
 74%|███████▍  | 4295/5794 [01:27<00:21, 70.98it/s]
 74%|███████▍  | 4303/5794 [01:27<00:21, 70.78it/s]
 74%|███████▍  | 4311/5794 [01:27<00:21, 70.43it/s]
 75%|███████▍  | 4319/5794 [01:27<00:20, 70.77it/s]
 75%|███████▍  | 4327/5794 [01:27<00:20, 70.71it/s]
 75%|███████▍  | 4335/5794 [01:27<00:20, 70.38it/s]
 75%|███████▍  | 4343/5794 [01:28<00:20, 70.60it/s]
 75%|███████▌  | 4351/5794 [01:28<00:20, 70.78it/s]
 75%|███████▌  | 4359/5794 [01:28<00:20, 70.68it/s]
 75%|███████▌  | 4367/5794 [01:28<00:20, 70.59it/s]
 76%|███████▌  | 4375/5794 [01:28<00:20, 70.64it/s]
 76%|███████▌  | 4383/5794 [01:28<00:20, 70.02it/s]
 76%|███████▌  | 4391/5794 [01:28<00:19, 70.31it/s]
 76%|███████▌  | 4399/5794 [01:28<00:19, 70.48it/s]
 76%|███████▌  | 4407/5794 [01:28<00:19, 70.43it/s]
 76%|███████▌  | 4415/5794 [01:29<00:19, 70.47it/s]
 76%|███████▋  | 4423/5794 [01:29<00:19, 70.58it/s]
 76%|███████▋  | 4431/5794 [01:29<00:19, 70.63it/s]
 77%|███████▋  | 4439/5794 [01:29<00:19, 70.49it/s]
 77%|███████▋  | 4447/5794 [01:29<00:19, 70.60it/s]
 77%|███████▋  | 4455/5794 [01:29<00:19, 70.42it/s]
 77%|███████▋  | 4463/5794 [01:29<00:19, 69.97it/s]
 77%|███████▋  | 4471/5794 [01:29<00:24, 54.47it/s]
 77%|███████▋  | 4479/5794 [01:30<00:21, 60.11it/s]
 77%|███████▋  | 4487/5794 [01:30<00:20, 62.83it/s]
 78%|███████▊  | 4495/5794 [01:30<00:19, 65.21it/s]
 78%|███████▊  | 4503/5794 [01:30<00:19, 66.61it/s]
 78%|███████▊  | 4511/5794 [01:30<00:18, 68.00it/s]
 78%|███████▊  | 4519/5794 [01:30<00:18, 68.74it/s]
 78%|███████▊  | 4527/5794 [01:30<00:18, 69.15it/s]
 78%|███████▊  | 4535/5794 [01:30<00:18, 69.84it/s]
 78%|███████▊  | 4543/5794 [01:30<00:17, 70.00it/s]
 79%|███████▊  | 4551/5794 [01:31<00:17, 70.13it/s]
 79%|███████▊  | 4559/5794 [01:31<00:17, 70.04it/s]
 79%|███████▉  | 4567/5794 [01:31<00:17, 70.36it/s]
 79%|███████▉  | 4575/5794 [01:31<00:17, 70.16it/s]
 79%|███████▉  | 4583/5794 [01:31<00:17, 70.46it/s]
 79%|███████▉  | 4591/5794 [01:31<00:17, 70.04it/s]
 79%|███████▉  | 4599/5794 [01:31<00:16, 70.77it/s]
 80%|███████▉  | 4607/5794 [01:31<00:16, 70.57it/s]
 80%|███████▉  | 4615/5794 [01:31<00:16, 70.68it/s]
 80%|███████▉  | 4623/5794 [01:32<00:16, 69.41it/s]
 80%|███████▉  | 4630/5794 [01:32<00:16, 68.59it/s]
 80%|████████  | 4638/5794 [01:32<00:16, 69.28it/s]
 80%|████████  | 4645/5794 [01:32<00:16, 69.18it/s]
 80%|████████  | 4652/5794 [01:32<00:16, 68.88it/s]
 80%|████████  | 4659/5794 [01:32<00:16, 68.44it/s]
 81%|████████  | 4666/5794 [01:32<00:16, 68.50it/s]
 81%|████████  | 4674/5794 [01:32<00:16, 69.98it/s]
 81%|████████  | 4681/5794 [01:32<00:16, 69.22it/s]
 81%|████████  | 4689/5794 [01:33<00:15, 69.52it/s]
 81%|████████  | 4697/5794 [01:33<00:15, 70.15it/s]
 81%|████████  | 4705/5794 [01:33<00:15, 70.53it/s]
 81%|████████▏ | 4713/5794 [01:33<00:15, 70.65it/s]
 81%|████████▏ | 4721/5794 [01:33<00:15, 71.05it/s]
 82%|████████▏ | 4729/5794 [01:33<00:14, 71.16it/s]
 82%|████████▏ | 4737/5794 [01:33<00:14, 70.98it/s]
 82%|████████▏ | 4745/5794 [01:33<00:14, 71.50it/s]
 82%|████████▏ | 4753/5794 [01:33<00:14, 70.93it/s]
 82%|████████▏ | 4761/5794 [01:34<00:14, 70.98it/s]
 82%|████████▏ | 4769/5794 [01:34<00:14, 71.30it/s]
 82%|████████▏ | 4777/5794 [01:34<00:14, 70.66it/s]
 83%|████████▎ | 4785/5794 [01:34<00:14, 70.56it/s]
 83%|████████▎ | 4793/5794 [01:34<00:14, 70.59it/s]
 83%|████████▎ | 4801/5794 [01:34<00:13, 71.10it/s]
 83%|████████▎ | 4809/5794 [01:34<00:13, 70.98it/s]
 83%|████████▎ | 4817/5794 [01:34<00:14, 68.84it/s]
 83%|████████▎ | 4825/5794 [01:34<00:13, 69.28it/s]
 83%|████████▎ | 4832/5794 [01:35<00:13, 68.90it/s]
 84%|████████▎ | 4839/5794 [01:35<00:13, 69.12it/s]
 84%|████████▎ | 4846/5794 [01:35<00:13, 69.09it/s]
 84%|████████▍ | 4853/5794 [01:35<00:13, 68.34it/s]
 84%|████████▍ | 4861/5794 [01:35<00:13, 70.25it/s]
 84%|████████▍ | 4869/5794 [01:35<00:13, 70.54it/s]
 84%|████████▍ | 4877/5794 [01:35<00:13, 67.93it/s]
 84%|████████▍ | 4885/5794 [01:35<00:13, 69.20it/s]
 84%|████████▍ | 4893/5794 [01:35<00:12, 69.89it/s]
 85%|████████▍ | 4901/5794 [01:36<00:12, 70.24it/s]
 85%|████████▍ | 4909/5794 [01:36<00:12, 70.28it/s]
 85%|████████▍ | 4917/5794 [01:36<00:12, 70.64it/s]
 85%|████████▌ | 4925/5794 [01:36<00:12, 70.96it/s]
 85%|████████▌ | 4933/5794 [01:36<00:12, 71.31it/s]
 85%|████████▌ | 4941/5794 [01:36<00:11, 71.33it/s]
 85%|████████▌ | 4949/5794 [01:36<00:11, 71.53it/s]
 86%|████████▌ | 4957/5794 [01:36<00:11, 70.97it/s]
 86%|████████▌ | 4965/5794 [01:36<00:11, 71.27it/s]
 86%|████████▌ | 4973/5794 [01:37<00:11, 71.37it/s]
 86%|████████▌ | 4981/5794 [01:37<00:11, 71.47it/s]
 86%|████████▌ | 4989/5794 [01:37<00:11, 71.54it/s]
 86%|████████▌ | 4997/5794 [01:37<00:11, 71.29it/s]
 86%|████████▋ | 5005/5794 [01:37<00:10, 71.87it/s]
 87%|████████▋ | 5013/5794 [01:37<00:10, 71.79it/s]
 87%|████████▋ | 5021/5794 [01:37<00:10, 71.50it/s]
 87%|████████▋ | 5029/5794 [01:37<00:10, 71.88it/s]
 87%|████████▋ | 5037/5794 [01:37<00:10, 72.05it/s]
 87%|████████▋ | 5045/5794 [01:38<00:10, 72.03it/s]
 87%|████████▋ | 5053/5794 [01:38<00:10, 72.24it/s]
 87%|████████▋ | 5061/5794 [01:38<00:10, 72.12it/s]
 87%|████████▋ | 5069/5794 [01:38<00:10, 71.80it/s]
 88%|████████▊ | 5077/5794 [01:38<00:09, 72.00it/s]
 88%|████████▊ | 5085/5794 [01:38<00:09, 71.97it/s]
 88%|████████▊ | 5093/5794 [01:38<00:09, 71.55it/s]
 88%|████████▊ | 5101/5794 [01:38<00:09, 71.55it/s]
 88%|████████▊ | 5109/5794 [01:38<00:09, 70.05it/s]
 88%|████████▊ | 5117/5794 [01:39<00:09, 69.77it/s]
 88%|████████▊ | 5124/5794 [01:39<00:09, 68.91it/s]
 89%|████████▊ | 5132/5794 [01:39<00:09, 69.00it/s]
 89%|████████▊ | 5140/5794 [01:39<00:09, 69.27it/s]
 89%|████████▉ | 5147/5794 [01:39<00:09, 69.03it/s]
 89%|████████▉ | 5154/5794 [01:39<00:09, 68.50it/s]
 89%|████████▉ | 5162/5794 [01:39<00:09, 68.89it/s]
 89%|████████▉ | 5170/5794 [01:39<00:08, 70.00it/s]
 89%|████████▉ | 5178/5794 [01:39<00:08, 70.30it/s]
 90%|████████▉ | 5186/5794 [01:40<00:08, 70.43it/s]
 90%|████████▉ | 5194/5794 [01:40<00:08, 71.00it/s]
 90%|████████▉ | 5202/5794 [01:40<00:08, 71.14it/s]
 90%|████████▉ | 5210/5794 [01:40<00:08, 71.24it/s]
 90%|█████████ | 5218/5794 [01:40<00:08, 71.15it/s]
 90%|█████████ | 5226/5794 [01:40<00:07, 71.48it/s]
 90%|█████████ | 5234/5794 [01:40<00:07, 71.23it/s]
 90%|█████████ | 5242/5794 [01:40<00:07, 71.15it/s]
 91%|█████████ | 5250/5794 [01:40<00:07, 71.02it/s]
 91%|█████████ | 5258/5794 [01:41<00:07, 70.76it/s]
 91%|█████████ | 5266/5794 [01:41<00:07, 71.03it/s]
 91%|█████████ | 5274/5794 [01:41<00:07, 70.21it/s]
 91%|█████████ | 5282/5794 [01:41<00:07, 70.53it/s]
 91%|█████████▏| 5290/5794 [01:41<00:07, 70.66it/s]
 91%|█████████▏| 5298/5794 [01:41<00:06, 70.93it/s]
 92%|█████████▏| 5306/5794 [01:41<00:06, 71.13it/s]
 92%|█████████▏| 5314/5794 [01:41<00:06, 70.61it/s]
 92%|█████████▏| 5322/5794 [01:42<00:06, 71.22it/s]
 92%|█████████▏| 5330/5794 [01:42<00:06, 71.15it/s]
 92%|█████████▏| 5338/5794 [01:42<00:06, 71.22it/s]
 92%|█████████▏| 5346/5794 [01:42<00:06, 70.87it/s]
 92%|█████████▏| 5354/5794 [01:42<00:06, 70.84it/s]
 93%|█████████▎| 5362/5794 [01:42<00:06, 70.92it/s]
 93%|█████████▎| 5370/5794 [01:42<00:05, 71.19it/s]
 93%|█████████▎| 5378/5794 [01:42<00:05, 71.07it/s]
 93%|█████████▎| 5386/5794 [01:42<00:05, 71.16it/s]
 93%|█████████▎| 5394/5794 [01:43<00:05, 70.89it/s]
 93%|█████████▎| 5402/5794 [01:43<00:05, 71.26it/s]
 93%|█████████▎| 5410/5794 [01:43<00:05, 71.37it/s]
 94%|█████████▎| 5418/5794 [01:43<00:05, 71.37it/s]
 94%|█████████▎| 5426/5794 [01:43<00:05, 70.82it/s]
 94%|█████████▍| 5434/5794 [01:43<00:05, 71.36it/s]
 94%|█████████▍| 5442/5794 [01:43<00:04, 71.61it/s]
 94%|█████████▍| 5450/5794 [01:43<00:04, 70.25it/s]
 94%|█████████▍| 5458/5794 [01:43<00:04, 72.21it/s]
 94%|█████████▍| 5466/5794 [01:44<00:04, 72.07it/s]
 94%|█████████▍| 5474/5794 [01:44<00:04, 72.01it/s]
 95%|█████████▍| 5482/5794 [01:44<00:04, 71.75it/s]
 95%|█████████▍| 5490/5794 [01:44<00:04, 70.82it/s]
 95%|█████████▍| 5498/5794 [01:44<00:04, 71.33it/s]
 95%|█████████▌| 5506/5794 [01:44<00:04, 71.34it/s]
 95%|█████████▌| 5514/5794 [01:44<00:03, 70.86it/s]
 95%|█████████▌| 5522/5794 [01:44<00:03, 70.35it/s]
 95%|█████████▌| 5530/5794 [01:44<00:03, 71.02it/s]
 96%|█████████▌| 5538/5794 [01:45<00:03, 71.00it/s]
 96%|█████████▌| 5546/5794 [01:45<00:03, 71.13it/s]
 96%|█████████▌| 5554/5794 [01:45<00:03, 70.80it/s]
 96%|█████████▌| 5562/5794 [01:45<00:03, 71.18it/s]
 96%|█████████▌| 5570/5794 [01:45<00:03, 70.93it/s]
 96%|█████████▋| 5578/5794 [01:45<00:03, 71.10it/s]
 96%|█████████▋| 5586/5794 [01:45<00:02, 70.88it/s]
 97%|█████████▋| 5594/5794 [01:45<00:02, 71.22it/s]
 97%|█████████▋| 5602/5794 [01:45<00:02, 71.10it/s]
 97%|█████████▋| 5610/5794 [01:46<00:02, 70.97it/s]
 97%|█████████▋| 5618/5794 [01:54<00:57,  3.07it/s]
 97%|█████████▋| 5626/5794 [01:54<00:38,  4.31it/s]
 97%|█████████▋| 5634/5794 [01:54<00:26,  6.00it/s]
 97%|█████████▋| 5642/5794 [01:54<00:18,  8.28it/s]
 98%|█████████▊| 5650/5794 [01:54<00:12, 11.28it/s]
 98%|█████████▊| 5658/5794 [01:55<00:09, 15.10it/s]
 98%|█████████▊| 5665/5794 [01:55<00:06, 19.20it/s]
 98%|█████████▊| 5673/5794 [01:55<00:04, 24.83it/s]
 98%|█████████▊| 5681/5794 [01:55<00:03, 30.97it/s]
 98%|█████████▊| 5689/5794 [01:55<00:02, 37.57it/s]
 98%|█████████▊| 5697/5794 [01:55<00:02, 43.80it/s]
 98%|█████████▊| 5705/5794 [01:55<00:01, 49.56it/s]
 99%|█████████▊| 5713/5794 [01:55<00:01, 54.54it/s]
 99%|█████████▊| 5721/5794 [01:55<00:01, 58.80it/s]
 99%|█████████▉| 5729/5794 [01:56<00:01, 62.04it/s]
 99%|█████████▉| 5737/5794 [01:56<00:00, 64.69it/s]
 99%|█████████▉| 5745/5794 [01:56<00:00, 66.02it/s]
 99%|█████████▉| 5753/5794 [01:56<00:00, 68.00it/s]
 99%|█████████▉| 5761/5794 [01:56<00:00, 69.59it/s]
100%|█████████▉| 5769/5794 [01:56<00:00, 70.13it/s]
100%|█████████▉| 5777/5794 [01:56<00:00, 70.65it/s]
100%|█████████▉| 5785/5794 [01:56<00:00, 70.59it/s]
100%|█████████▉| 5793/5794 [01:56<00:00, 71.71it/s]
100%|██████████| 5794/5794 [01:57<00:00, 49.52it/s]
BALANCED ACCS CHECKED FOR TEST
TEST SET RESULTS FOR CHECKPOINT trained_weights/waterbirds/gals_waterbird_complete95_forest2water2_21047520_trial_000/best_balanced_valacc_0.55_epoch_0.ckpt
test_acc: 0.7283396617190196
balanced_test_acc: 0.5664535715025799
Land_on_Land_test_acc: 0.9991130820399113
Land_on_Water_test_acc: 0.71529933481153
Water_on_Land_test_acc: 0.010903426791277258
Water_on_Water_test_acc: 0.5404984423676013
test_acc_Waterbird: 0.2757009345794392
test_acc_Landbird: 0.8572062084257206
