[CMD] /home/ryreu/miniconda3/envs/gals_a100/bin/python -u main.py --config configs/waterbirds_95_upweight.yaml --name upweight_waterbird_complete95_forest2water2_21047520_trial_000 DATA.ROOT=/home/ryreu/guided_cnn/waterbirds DATA.WATERBIRDS_DIR=waterbird_complete95_forest2water2 SEED=0 EXP.BASE.LR=0.0010000000000000002 EXP.CLASSIFIER.LR=9.999999999999991e-05 EXP.WEIGHT_DECAY=9.999999999999997e-06 EXP.AUX_LOSSES_ON_VAL=False EXP.NUM_EPOCHS=1
SEED: 0
DATA:
  BATCH_SIZE: 96
  NUM_WORKERS: 4
  SIZE: 224
  NORMALIZATION: imagenet
  ATTENTION_DIR: NONE
  SEPARATE_CLASSES: true
  REMOVE_BACKGROUND: false
  ROOT: /home/ryreu/guided_cnn/waterbirds
  USE_CLASS_WEIGHTS: true
  USE_GROUP_WEIGHTS: false
  DATASET: waterbirds
  NUM_CLASSES: 2
  CONFOUNDING_FACTOR: 0.95
  WATERBIRDS_DIR: waterbird_complete95_forest2water2
EXP:
  NUM_TRIALS: 1
  LOSSES:
    CLASSIFICATION:
      WEIGHT: 1
    GRADIENT_OUTSIDE:
      COMPUTE: false
      LOG: false
      WEIGHT: 0.01
      CRITERION: L1
      GT: segmentation
      COMBINE_ATT_MODE: average_nonzero
    GRADIENT_INSIDE:
      COMPUTE: false
      LOG: false
      WEIGHT: 1
      CRITERION: L1
      GT: segmentation
      COMBINE_ATT_MODE: average_nonzero
    GRADCAM:
      COMPUTE: false
      LOG: false
      WEIGHT: 1
      CRITERION: L1
      GT: segmentation
      MODE: match
      COMBINE_ATT_MODE: average_nonzero
  APPROACH: generic
  MODEL: resnet50
  PRETRAINED: true
  NUM_EPOCHS: 1
  OPTIMIZER: SGD
  WEIGHT_DECAY: 9.999999999999997e-06
  MOMENTUM: 0.9
  SCHEDULER: NONE
  BASE:
    LR: 0.0010000000000000002
  CLASSIFIER:
    LR: 9.999999999999991e-05
  AUX_LOSSES_ON_VAL: false
LOGGING:
  SAVE_EVERY: 0
  SAVE_BEST: true
  SAVE_LAST: false
  LOG_ATTENTION: false
  LOG_ATTENTION_STEP: 10
  SAVE_STATS_PATH: null
yaml: configs/waterbirds_95_upweight.yaml
name: upweight_waterbird_complete95_forest2water2_21047520_trial_000
test_checkpoint: null

WATERBIRDS DIR: /home/ryreu/guided_cnn/waterbirds/waterbird_complete95_forest2water2
NUMBER OF SAMPLES WITH LABEL Landbird: 3682
NUMBER OF SAMPLES WITH LABEL Waterbird: 1113
NUMBER OF SAMPLES WITH GROUP Land_on_Land: 3498
NUMBER OF SAMPLES WITH GROUP Land_on_Water: 184
NUMBER OF SAMPLES WITH GROUP Water_on_Land: 56
NUMBER OF SAMPLES WITH GROUP Water_on_Water: 1057
WATERBIRDS DIR: /home/ryreu/guided_cnn/waterbirds/waterbird_complete95_forest2water2
NUMBER OF SAMPLES WITH LABEL Landbird: 933
NUMBER OF SAMPLES WITH LABEL Waterbird: 266
NUMBER OF SAMPLES WITH GROUP Land_on_Land: 467
NUMBER OF SAMPLES WITH GROUP Land_on_Water: 466
NUMBER OF SAMPLES WITH GROUP Water_on_Land: 133
NUMBER OF SAMPLES WITH GROUP Water_on_Water: 133
NUM TRAIN: 4795

NUM VAL:   1199

Number classifier outputs: 2
Using pretrained model: True
USING SGD OPTIMIZER
class weights: tensor([0.3023, 1.0000], device='cuda:0')
group weights: None
WANDB DISABLED: skipping wandb.init()
EPOCH: 0

>>> TRAINING 


  0%|          | 0/50 [00:00<?, ?it/s]
  2%|▏         | 1/50 [00:03<02:40,  3.27s/it]
  4%|▍         | 2/50 [00:03<01:09,  1.45s/it]
  6%|▌         | 3/50 [00:03<00:40,  1.17it/s]
  8%|▊         | 4/50 [00:03<00:26,  1.74it/s]
 10%|█         | 5/50 [00:03<00:18,  2.38it/s]
 12%|█▏        | 6/50 [00:04<00:14,  3.06it/s]
 14%|█▍        | 7/50 [00:04<00:11,  3.71it/s]
 16%|█▌        | 8/50 [00:04<00:09,  4.35it/s]
 18%|█▊        | 9/50 [00:04<00:08,  4.87it/s]
 20%|██        | 10/50 [00:04<00:07,  5.34it/s]
 22%|██▏       | 11/50 [00:04<00:06,  5.77it/s]
 24%|██▍       | 12/50 [00:04<00:06,  6.08it/s]
 26%|██▌       | 13/50 [00:05<00:05,  6.34it/s]
 28%|██▊       | 14/50 [00:05<00:05,  6.49it/s]
 30%|███       | 15/50 [00:05<00:05,  6.60it/s]
 32%|███▏      | 16/50 [00:05<00:05,  6.69it/s]
 34%|███▍      | 17/50 [00:05<00:04,  6.70it/s]
 36%|███▌      | 18/50 [00:05<00:04,  6.74it/s]
 38%|███▊      | 19/50 [00:05<00:04,  6.70it/s]
 40%|████      | 20/50 [00:06<00:04,  6.67it/s]
 42%|████▏     | 21/50 [00:06<00:04,  6.69it/s]
 44%|████▍     | 22/50 [00:06<00:04,  6.71it/s]
 46%|████▌     | 23/50 [00:06<00:03,  6.76it/s]
 48%|████▊     | 24/50 [00:06<00:03,  6.80it/s]
 50%|█████     | 25/50 [00:06<00:03,  6.76it/s]
 52%|█████▏    | 26/50 [00:06<00:03,  6.73it/s]
 54%|█████▍    | 27/50 [00:07<00:03,  6.71it/s]
 56%|█████▌    | 28/50 [00:07<00:03,  6.74it/s]
 58%|█████▊    | 29/50 [00:07<00:03,  6.80it/s]
 60%|██████    | 30/50 [00:07<00:02,  6.70it/s]
 62%|██████▏   | 31/50 [00:07<00:02,  6.69it/s]
 64%|██████▍   | 32/50 [00:07<00:02,  6.69it/s]
 66%|██████▌   | 33/50 [00:08<00:02,  6.74it/s]
 68%|██████▊   | 34/50 [00:08<00:02,  6.76it/s]
 70%|███████   | 35/50 [00:08<00:02,  6.79it/s]
 72%|███████▏  | 36/50 [00:08<00:02,  6.74it/s]
 74%|███████▍  | 37/50 [00:08<00:01,  6.73it/s]
 76%|███████▌  | 38/50 [00:08<00:01,  6.73it/s]
 78%|███████▊  | 39/50 [00:08<00:01,  6.77it/s]
 80%|████████  | 40/50 [00:09<00:01,  6.75it/s]
 82%|████████▏ | 41/50 [00:09<00:01,  6.76it/s]
 84%|████████▍ | 42/50 [00:09<00:01,  6.72it/s]
 86%|████████▌ | 43/50 [00:09<00:01,  6.76it/s]
 88%|████████▊ | 44/50 [00:09<00:00,  6.74it/s]
 90%|█████████ | 45/50 [00:09<00:00,  6.80it/s]
 92%|█████████▏| 46/50 [00:09<00:00,  6.79it/s]
 94%|█████████▍| 47/50 [00:10<00:00,  6.73it/s]
 96%|█████████▌| 48/50 [00:10<00:00,  6.74it/s]
 98%|█████████▊| 49/50 [00:10<00:00,  6.75it/s]
100%|██████████| 50/50 [00:10<00:00,  6.82it/s]
100%|██████████| 50/50 [00:10<00:00,  4.73it/s]
>>> VALIDATING 


  0%|          | 0/13 [00:00<?, ?it/s]
  8%|▊         | 1/13 [00:00<00:08,  1.36it/s]
 23%|██▎       | 3/13 [00:00<00:02,  4.12it/s]
 38%|███▊      | 5/13 [00:01<00:01,  4.88it/s]
 54%|█████▍    | 7/13 [00:01<00:00,  6.89it/s]
 69%|██████▉   | 9/13 [00:01<00:00,  6.46it/s]
 85%|████████▍ | 11/13 [00:01<00:00,  8.10it/s]
100%|██████████| 13/13 [00:01<00:00, 10.04it/s]
100%|██████████| 13/13 [00:01<00:00,  6.52it/s]
>>> LOGGING 

BALANCED ACCS CHECKED FOR TRAIN
BALANCED ACCS CHECKED FOR VAL
train_acc: 0.8462982273201252
val_acc: 0.6547122602168474
train_cls_loss: 0.4323306700609026
val_cls_loss: 0.618947260274402
train_total_loss: 0.4323306700609026
val_total_loss: 0.618947260274402
balanced_train_acc: 0.8344094507018676
balanced_val_acc: 0.6692877692623842
Land_on_Land_train_acc: 0.884505431675243
Land_on_Land_val_acc: 0.974304068522484
Land_on_Water_train_acc: 0.32608695652173914
Land_on_Water_val_acc: 0.3111587982832618
Water_on_Land_train_acc: 0.5
Water_on_Land_val_acc: 0.42105263157894735
Water_on_Water_train_acc: 0.8287606433301797
Water_on_Water_val_acc: 0.9699248120300752
train_acc_Landbird: 0.8565996740901684
train_acc_Waterbird: 0.8122192273135669
val_acc_Landbird: 0.6430868167202572
val_acc_Waterbird: 0.6954887218045113
TRAIN ACC:        0.8462982273201252
VAL ACC:          0.6547122602168474
BALANCED VAL ACC: 0.6692877692623842
prev best list: []
Saving to trained_weights/waterbirds/upweight_waterbird_complete95_forest2water2_21047520_trial_000/best_balanced_valacc_0.67_epoch_0.ckpt
>>> EVALUATING ON TEST SET
WATERBIRDS DIR: /home/ryreu/guided_cnn/waterbirds/waterbird_complete95_forest2water2
NUMBER OF SAMPLES WITH LABEL Landbird: 4510
NUMBER OF SAMPLES WITH LABEL Waterbird: 1284
NUMBER OF SAMPLES WITH GROUP Land_on_Land: 2255
NUMBER OF SAMPLES WITH GROUP Land_on_Water: 2255
NUMBER OF SAMPLES WITH GROUP Water_on_Land: 642
NUMBER OF SAMPLES WITH GROUP Water_on_Water: 642
NUM TEST:   5794

Loaded checkpoint trained_weights/waterbirds/upweight_waterbird_complete95_forest2water2_21047520_trial_000/best_balanced_valacc_0.67_epoch_0.ckpt

  0%|          | 0/5794 [00:00<?, ?it/s]
  0%|          | 1/5794 [00:00<27:44,  3.48it/s]
  0%|          | 8/5794 [00:00<03:52, 24.85it/s]
  0%|          | 15/5794 [00:00<02:32, 37.97it/s]
  0%|          | 22/5794 [00:00<02:04, 46.20it/s]
  1%|          | 29/5794 [00:00<01:50, 52.08it/s]
  1%|          | 36/5794 [00:00<01:43, 55.90it/s]
  1%|          | 43/5794 [00:00<01:38, 58.24it/s]
  1%|          | 50/5794 [00:01<01:35, 60.32it/s]
  1%|          | 57/5794 [00:01<01:33, 61.32it/s]
  1%|          | 64/5794 [00:01<01:32, 61.93it/s]
  1%|          | 71/5794 [00:01<01:31, 62.68it/s]
  1%|▏         | 78/5794 [00:01<01:30, 62.94it/s]
  1%|▏         | 85/5794 [00:01<01:29, 63.46it/s]
  2%|▏         | 92/5794 [00:01<01:29, 63.46it/s]
  2%|▏         | 99/5794 [00:01<01:29, 63.47it/s]
  2%|▏         | 106/5794 [00:01<01:30, 63.02it/s]
  2%|▏         | 113/5794 [00:02<01:29, 63.37it/s]
  2%|▏         | 120/5794 [00:02<01:29, 63.62it/s]
  2%|▏         | 127/5794 [00:02<01:29, 63.32it/s]
  2%|▏         | 134/5794 [00:02<01:29, 63.45it/s]
  2%|▏         | 141/5794 [00:02<01:29, 63.42it/s]
  3%|▎         | 148/5794 [00:02<01:28, 63.44it/s]
  3%|▎         | 155/5794 [00:02<01:29, 63.32it/s]
  3%|▎         | 162/5794 [00:02<01:28, 63.35it/s]
  3%|▎         | 169/5794 [00:02<01:28, 63.71it/s]
  3%|▎         | 176/5794 [00:03<01:28, 63.47it/s]
  3%|▎         | 183/5794 [00:03<01:28, 63.70it/s]
  3%|▎         | 190/5794 [00:03<01:28, 63.58it/s]
  3%|▎         | 197/5794 [00:03<01:27, 63.65it/s]
  4%|▎         | 204/5794 [00:03<01:27, 63.76it/s]
  4%|▎         | 211/5794 [00:03<01:27, 63.61it/s]
  4%|▍         | 218/5794 [00:03<01:27, 63.73it/s]
  4%|▍         | 225/5794 [00:03<01:27, 63.49it/s]
  4%|▍         | 232/5794 [00:03<01:27, 63.58it/s]
  4%|▍         | 239/5794 [00:04<01:27, 63.74it/s]
  4%|▍         | 246/5794 [00:04<01:27, 63.68it/s]
  4%|▍         | 253/5794 [00:04<01:27, 63.62it/s]
  4%|▍         | 260/5794 [00:04<01:27, 63.53it/s]
  5%|▍         | 267/5794 [00:04<01:26, 63.63it/s]
  5%|▍         | 274/5794 [00:04<01:26, 63.72it/s]
  5%|▍         | 281/5794 [00:04<01:27, 63.34it/s]
  5%|▍         | 288/5794 [00:04<01:26, 63.53it/s]
  5%|▌         | 295/5794 [00:04<01:26, 63.57it/s]
  5%|▌         | 302/5794 [00:05<01:26, 63.70it/s]
  5%|▌         | 309/5794 [00:05<01:26, 63.70it/s]
  5%|▌         | 316/5794 [00:05<01:25, 64.18it/s]
  6%|▌         | 324/5794 [00:05<01:22, 66.54it/s]
  6%|▌         | 332/5794 [00:05<01:20, 67.99it/s]
  6%|▌         | 340/5794 [00:05<01:19, 68.98it/s]
  6%|▌         | 348/5794 [00:05<01:18, 69.70it/s]
  6%|▌         | 356/5794 [00:05<01:17, 70.26it/s]
  6%|▋         | 364/5794 [00:05<01:16, 70.57it/s]
  6%|▋         | 372/5794 [00:06<01:16, 70.95it/s]
  7%|▋         | 380/5794 [00:06<01:17, 69.51it/s]
  7%|▋         | 387/5794 [00:06<01:19, 68.09it/s]
  7%|▋         | 394/5794 [00:06<01:21, 66.63it/s]
  7%|▋         | 401/5794 [00:06<01:21, 65.89it/s]
  7%|▋         | 408/5794 [00:06<01:22, 65.49it/s]
  7%|▋         | 415/5794 [00:06<01:22, 64.90it/s]
  7%|▋         | 422/5794 [00:06<01:23, 64.51it/s]
  7%|▋         | 429/5794 [00:06<01:23, 64.09it/s]
  8%|▊         | 436/5794 [00:07<01:23, 64.09it/s]
  8%|▊         | 443/5794 [00:07<01:23, 64.07it/s]
  8%|▊         | 450/5794 [00:07<01:23, 63.90it/s]
  8%|▊         | 457/5794 [00:07<01:23, 64.03it/s]
  8%|▊         | 464/5794 [00:07<01:23, 63.84it/s]
  8%|▊         | 471/5794 [00:07<01:23, 63.99it/s]
  8%|▊         | 478/5794 [00:07<01:23, 63.96it/s]
  8%|▊         | 485/5794 [00:07<01:23, 63.93it/s]
  8%|▊         | 492/5794 [00:07<01:23, 63.31it/s]
  9%|▊         | 499/5794 [00:08<01:23, 63.36it/s]
  9%|▊         | 506/5794 [00:08<01:23, 63.71it/s]
  9%|▉         | 513/5794 [00:08<01:22, 63.82it/s]
  9%|▉         | 520/5794 [00:08<01:22, 63.64it/s]
  9%|▉         | 527/5794 [00:08<01:22, 63.66it/s]
  9%|▉         | 534/5794 [00:08<01:22, 63.74it/s]
  9%|▉         | 541/5794 [00:08<01:22, 63.91it/s]
  9%|▉         | 548/5794 [00:08<01:22, 63.86it/s]
 10%|▉         | 555/5794 [00:08<01:22, 63.68it/s]
 10%|▉         | 562/5794 [00:08<01:21, 63.96it/s]
 10%|▉         | 569/5794 [00:09<01:21, 63.78it/s]
 10%|▉         | 576/5794 [00:09<01:21, 64.00it/s]
 10%|█         | 583/5794 [00:09<01:22, 62.90it/s]
 10%|█         | 590/5794 [00:09<01:22, 63.28it/s]
 10%|█         | 597/5794 [00:09<01:21, 63.41it/s]
 10%|█         | 604/5794 [00:09<01:21, 63.54it/s]
 11%|█         | 611/5794 [00:09<01:21, 63.52it/s]
 11%|█         | 618/5794 [00:09<01:21, 63.58it/s]
 11%|█         | 625/5794 [00:09<01:21, 63.75it/s]
 11%|█         | 632/5794 [00:10<01:20, 63.88it/s]
 11%|█         | 639/5794 [00:10<01:20, 63.88it/s]
 11%|█         | 646/5794 [00:10<01:20, 63.93it/s]
 11%|█▏        | 653/5794 [00:10<01:20, 63.86it/s]
 11%|█▏        | 660/5794 [00:10<01:20, 64.06it/s]
 12%|█▏        | 667/5794 [00:10<01:20, 63.86it/s]
 12%|█▏        | 674/5794 [00:10<01:19, 64.02it/s]
 12%|█▏        | 681/5794 [00:10<01:19, 64.02it/s]
 12%|█▏        | 688/5794 [00:10<01:19, 63.92it/s]
 12%|█▏        | 695/5794 [00:11<01:19, 64.10it/s]
 12%|█▏        | 702/5794 [00:11<01:19, 63.96it/s]
 12%|█▏        | 709/5794 [00:11<01:19, 64.00it/s]
 12%|█▏        | 716/5794 [00:11<01:19, 64.18it/s]
 12%|█▏        | 723/5794 [00:11<01:19, 64.13it/s]
 13%|█▎        | 730/5794 [00:11<01:18, 64.26it/s]
 13%|█▎        | 737/5794 [00:11<01:18, 64.07it/s]
 13%|█▎        | 744/5794 [00:11<01:18, 64.07it/s]
 13%|█▎        | 751/5794 [00:11<01:18, 64.04it/s]
 13%|█▎        | 758/5794 [00:12<01:18, 63.93it/s]
 13%|█▎        | 765/5794 [00:12<01:18, 63.91it/s]
 13%|█▎        | 772/5794 [00:12<01:18, 63.86it/s]
 13%|█▎        | 779/5794 [00:12<01:18, 63.93it/s]
 14%|█▎        | 786/5794 [00:12<01:18, 63.79it/s]
 14%|█▎        | 793/5794 [00:12<01:18, 63.98it/s]
 14%|█▍        | 800/5794 [00:12<01:18, 63.89it/s]
 14%|█▍        | 807/5794 [00:12<01:18, 63.79it/s]
 14%|█▍        | 814/5794 [00:12<01:18, 63.84it/s]
 14%|█▍        | 821/5794 [00:13<01:18, 63.75it/s]
 14%|█▍        | 828/5794 [00:13<01:17, 63.98it/s]
 14%|█▍        | 835/5794 [00:13<01:17, 63.99it/s]
 15%|█▍        | 842/5794 [00:13<01:17, 63.93it/s]
 15%|█▍        | 849/5794 [00:13<01:17, 64.05it/s]
 15%|█▍        | 856/5794 [00:13<01:17, 63.97it/s]
 15%|█▍        | 863/5794 [00:13<01:16, 64.09it/s]
 15%|█▌        | 870/5794 [00:13<01:17, 63.86it/s]
 15%|█▌        | 877/5794 [00:13<01:16, 63.87it/s]
 15%|█▌        | 884/5794 [00:14<01:16, 64.13it/s]
 15%|█▌        | 891/5794 [00:14<01:16, 63.98it/s]
 15%|█▌        | 898/5794 [00:14<01:16, 63.80it/s]
 16%|█▌        | 905/5794 [00:14<01:16, 63.74it/s]
 16%|█▌        | 912/5794 [00:14<01:17, 63.26it/s]
 16%|█▌        | 919/5794 [00:14<01:16, 63.52it/s]
 16%|█▌        | 926/5794 [00:14<01:16, 63.41it/s]
 16%|█▌        | 933/5794 [00:14<01:16, 63.67it/s]
 16%|█▌        | 940/5794 [00:14<01:16, 63.62it/s]
 16%|█▋        | 947/5794 [00:15<01:15, 63.81it/s]
 16%|█▋        | 954/5794 [00:15<01:15, 63.96it/s]
 17%|█▋        | 961/5794 [00:15<01:15, 63.88it/s]
 17%|█▋        | 968/5794 [00:15<01:15, 64.04it/s]
 17%|█▋        | 975/5794 [00:15<01:15, 63.92it/s]
 17%|█▋        | 982/5794 [00:15<01:15, 63.88it/s]
 17%|█▋        | 989/5794 [00:15<01:15, 63.88it/s]
 17%|█▋        | 996/5794 [00:15<01:15, 63.67it/s]
 17%|█▋        | 1003/5794 [00:15<01:14, 63.93it/s]
 17%|█▋        | 1010/5794 [00:16<01:14, 63.86it/s]
 18%|█▊        | 1017/5794 [00:16<01:14, 64.21it/s]
 18%|█▊        | 1024/5794 [00:16<01:14, 64.15it/s]
 18%|█▊        | 1031/5794 [00:16<01:14, 63.97it/s]
 18%|█▊        | 1038/5794 [00:16<01:14, 64.04it/s]
 18%|█▊        | 1045/5794 [00:16<01:14, 64.12it/s]
 18%|█▊        | 1052/5794 [00:16<01:13, 64.16it/s]
 18%|█▊        | 1059/5794 [00:16<01:14, 63.89it/s]
 18%|█▊        | 1066/5794 [00:16<01:13, 64.04it/s]
 19%|█▊        | 1073/5794 [00:16<01:13, 64.05it/s]
 19%|█▊        | 1080/5794 [00:17<01:13, 64.18it/s]
 19%|█▉        | 1087/5794 [00:17<01:13, 64.09it/s]
 19%|█▉        | 1094/5794 [00:17<01:13, 63.87it/s]
 19%|█▉        | 1101/5794 [00:17<01:13, 64.21it/s]
 19%|█▉        | 1108/5794 [00:17<01:13, 64.19it/s]
 19%|█▉        | 1115/5794 [00:17<01:13, 64.09it/s]
 19%|█▉        | 1122/5794 [00:17<01:12, 64.18it/s]
 19%|█▉        | 1129/5794 [00:17<01:12, 64.14it/s]
 20%|█▉        | 1136/5794 [00:17<01:12, 64.36it/s]
 20%|█▉        | 1143/5794 [00:18<01:12, 63.86it/s]
 20%|█▉        | 1150/5794 [00:18<01:12, 64.05it/s]
 20%|█▉        | 1157/5794 [00:18<01:12, 64.19it/s]
 20%|██        | 1164/5794 [00:18<01:12, 64.15it/s]
 20%|██        | 1171/5794 [00:18<01:12, 63.49it/s]
 20%|██        | 1178/5794 [00:18<01:12, 63.69it/s]
 20%|██        | 1185/5794 [00:18<01:12, 63.85it/s]
 21%|██        | 1192/5794 [00:18<01:12, 63.80it/s]
 21%|██        | 1199/5794 [00:18<01:12, 63.79it/s]
 21%|██        | 1206/5794 [00:19<01:11, 63.93it/s]
 21%|██        | 1213/5794 [00:19<01:11, 63.92it/s]
 21%|██        | 1220/5794 [00:19<01:11, 64.07it/s]
 21%|██        | 1227/5794 [00:19<01:11, 63.99it/s]
 21%|██▏       | 1234/5794 [00:19<01:11, 64.04it/s]
 21%|██▏       | 1241/5794 [00:19<01:10, 64.20it/s]
 22%|██▏       | 1248/5794 [00:19<01:11, 63.90it/s]
 22%|██▏       | 1255/5794 [00:19<01:10, 64.09it/s]
 22%|██▏       | 1262/5794 [00:19<01:10, 64.06it/s]
 22%|██▏       | 1269/5794 [00:20<01:10, 64.13it/s]
 22%|██▏       | 1276/5794 [00:20<01:10, 64.28it/s]
 22%|██▏       | 1283/5794 [00:20<01:10, 64.19it/s]
 22%|██▏       | 1290/5794 [00:20<01:10, 64.18it/s]
 22%|██▏       | 1297/5794 [00:20<01:10, 64.16it/s]
 23%|██▎       | 1304/5794 [00:20<01:09, 64.23it/s]
 23%|██▎       | 1311/5794 [00:20<01:09, 64.26it/s]
 23%|██▎       | 1318/5794 [00:20<01:09, 64.10it/s]
 23%|██▎       | 1325/5794 [00:20<01:09, 64.24it/s]
 23%|██▎       | 1332/5794 [00:21<01:09, 64.15it/s]
 23%|██▎       | 1339/5794 [00:21<01:09, 64.09it/s]
 23%|██▎       | 1346/5794 [00:21<01:09, 64.01it/s]
 23%|██▎       | 1353/5794 [00:21<01:09, 64.06it/s]
 23%|██▎       | 1360/5794 [00:21<01:09, 64.04it/s]
 24%|██▎       | 1367/5794 [00:21<01:09, 63.83it/s]
 24%|██▎       | 1374/5794 [00:21<01:09, 64.00it/s]
 24%|██▍       | 1381/5794 [00:21<01:08, 63.99it/s]
 24%|██▍       | 1388/5794 [00:21<01:08, 64.10it/s]
 24%|██▍       | 1395/5794 [00:22<01:08, 64.07it/s]
 24%|██▍       | 1402/5794 [00:22<01:08, 64.01it/s]
 24%|██▍       | 1409/5794 [00:22<01:08, 64.26it/s]
 24%|██▍       | 1416/5794 [00:22<01:08, 64.01it/s]
 25%|██▍       | 1423/5794 [00:22<01:08, 64.04it/s]
 25%|██▍       | 1430/5794 [00:22<01:08, 63.98it/s]
 25%|██▍       | 1437/5794 [00:22<01:08, 63.88it/s]
 25%|██▍       | 1444/5794 [00:22<01:08, 63.77it/s]
 25%|██▌       | 1451/5794 [00:22<01:08, 63.64it/s]
 25%|██▌       | 1458/5794 [00:22<01:07, 63.82it/s]
 25%|██▌       | 1465/5794 [00:23<01:06, 65.15it/s]
 25%|██▌       | 1473/5794 [00:23<01:04, 67.41it/s]
 26%|██▌       | 1481/5794 [00:23<01:02, 69.00it/s]
 26%|██▌       | 1489/5794 [00:23<01:01, 70.07it/s]
 26%|██▌       | 1497/5794 [00:23<01:00, 70.98it/s]
 26%|██▌       | 1505/5794 [00:23<01:00, 71.33it/s]
 26%|██▌       | 1513/5794 [00:23<00:59, 71.70it/s]
 26%|██▋       | 1521/5794 [00:23<00:59, 71.79it/s]
 26%|██▋       | 1529/5794 [00:23<00:59, 72.01it/s]
 27%|██▋       | 1537/5794 [00:24<00:59, 72.13it/s]
 27%|██▋       | 1545/5794 [00:24<00:58, 72.23it/s]
 27%|██▋       | 1553/5794 [00:24<00:58, 72.09it/s]
 27%|██▋       | 1561/5794 [00:24<00:58, 72.36it/s]
 27%|██▋       | 1569/5794 [00:24<00:58, 72.38it/s]
 27%|██▋       | 1577/5794 [00:24<00:58, 72.41it/s]
 27%|██▋       | 1585/5794 [00:24<01:00, 69.56it/s]
 27%|██▋       | 1592/5794 [00:24<01:01, 68.10it/s]
 28%|██▊       | 1599/5794 [00:24<01:02, 66.92it/s]
 28%|██▊       | 1606/5794 [00:25<01:03, 66.01it/s]
 28%|██▊       | 1613/5794 [00:25<01:03, 65.53it/s]
 28%|██▊       | 1620/5794 [00:25<01:04, 65.01it/s]
 28%|██▊       | 1627/5794 [00:25<01:04, 64.81it/s]
 28%|██▊       | 1634/5794 [00:25<01:04, 64.54it/s]
 28%|██▊       | 1641/5794 [00:25<01:04, 64.29it/s]
 28%|██▊       | 1648/5794 [00:25<01:04, 64.18it/s]
 29%|██▊       | 1655/5794 [00:25<01:04, 64.06it/s]
 29%|██▊       | 1662/5794 [00:25<01:04, 64.07it/s]
 29%|██▉       | 1669/5794 [00:26<01:04, 64.22it/s]
 29%|██▉       | 1676/5794 [00:26<01:04, 64.03it/s]
 29%|██▉       | 1683/5794 [00:26<01:04, 63.97it/s]
 29%|██▉       | 1690/5794 [00:26<01:04, 63.96it/s]
 29%|██▉       | 1697/5794 [00:26<01:03, 64.03it/s]
 29%|██▉       | 1704/5794 [00:26<01:04, 63.84it/s]
 30%|██▉       | 1711/5794 [00:26<01:03, 63.87it/s]
 30%|██▉       | 1718/5794 [00:26<01:03, 63.87it/s]
 30%|██▉       | 1725/5794 [00:26<01:03, 63.70it/s]
 30%|██▉       | 1732/5794 [00:27<01:03, 63.92it/s]
 30%|███       | 1739/5794 [00:27<01:03, 63.57it/s]
 30%|███       | 1746/5794 [00:27<01:03, 63.65it/s]
 30%|███       | 1753/5794 [00:27<01:03, 63.83it/s]
 30%|███       | 1760/5794 [00:27<01:03, 63.73it/s]
 30%|███       | 1767/5794 [00:27<01:03, 63.74it/s]
 31%|███       | 1774/5794 [00:27<01:03, 63.62it/s]
 31%|███       | 1781/5794 [00:27<01:03, 63.59it/s]
 31%|███       | 1788/5794 [00:27<01:02, 63.63it/s]
 31%|███       | 1795/5794 [00:28<01:02, 63.53it/s]
 31%|███       | 1802/5794 [00:28<01:02, 63.64it/s]
 31%|███       | 1809/5794 [00:28<01:02, 63.66it/s]
 31%|███▏      | 1816/5794 [00:28<01:02, 63.94it/s]
 31%|███▏      | 1823/5794 [00:28<01:02, 64.00it/s]
 32%|███▏      | 1830/5794 [00:28<01:01, 64.22it/s]
 32%|███▏      | 1837/5794 [00:28<01:01, 64.45it/s]
 32%|███▏      | 1844/5794 [00:28<01:01, 64.38it/s]
 32%|███▏      | 1851/5794 [00:28<01:01, 64.54it/s]
 32%|███▏      | 1858/5794 [00:29<01:01, 64.21it/s]
 32%|███▏      | 1865/5794 [00:29<01:01, 64.32it/s]
 32%|███▏      | 1872/5794 [00:29<01:00, 64.41it/s]
 32%|███▏      | 1879/5794 [00:29<01:01, 64.16it/s]
 33%|███▎      | 1886/5794 [00:29<01:00, 64.08it/s]
 33%|███▎      | 1893/5794 [00:29<00:59, 65.42it/s]
 33%|███▎      | 1901/5794 [00:29<00:57, 67.35it/s]
 33%|███▎      | 1909/5794 [00:29<00:56, 68.74it/s]
 33%|███▎      | 1917/5794 [00:29<00:55, 70.01it/s]
 33%|███▎      | 1925/5794 [00:30<00:54, 70.68it/s]
 33%|███▎      | 1933/5794 [00:30<00:54, 71.26it/s]
 34%|███▎      | 1941/5794 [00:30<00:53, 71.69it/s]
 34%|███▎      | 1949/5794 [00:30<00:53, 71.91it/s]
 34%|███▍      | 1957/5794 [00:30<00:53, 72.08it/s]
 34%|███▍      | 1965/5794 [00:30<00:53, 72.16it/s]
 34%|███▍      | 1973/5794 [00:30<00:52, 72.36it/s]
 34%|███▍      | 1981/5794 [00:30<00:52, 72.27it/s]
 34%|███▍      | 1989/5794 [00:30<00:52, 72.41it/s]
 34%|███▍      | 1997/5794 [00:31<00:54, 70.21it/s]
 35%|███▍      | 2005/5794 [00:31<00:55, 68.38it/s]
 35%|███▍      | 2012/5794 [00:31<00:56, 67.08it/s]
 35%|███▍      | 2019/5794 [00:31<00:56, 66.27it/s]
 35%|███▍      | 2026/5794 [00:31<00:57, 65.66it/s]
 35%|███▌      | 2033/5794 [00:31<00:56, 66.42it/s]
 35%|███▌      | 2041/5794 [00:31<00:55, 68.23it/s]
 35%|███▌      | 2049/5794 [00:31<00:53, 69.42it/s]
 36%|███▌      | 2057/5794 [00:31<00:53, 70.48it/s]
 36%|███▌      | 2065/5794 [00:32<00:52, 71.06it/s]
 36%|███▌      | 2073/5794 [00:32<00:51, 71.67it/s]
 36%|███▌      | 2081/5794 [00:32<00:51, 71.73it/s]
 36%|███▌      | 2089/5794 [00:32<00:51, 72.13it/s]
 36%|███▌      | 2097/5794 [00:32<00:51, 72.20it/s]
 36%|███▋      | 2105/5794 [00:32<00:51, 72.13it/s]
 36%|███▋      | 2113/5794 [00:32<00:50, 72.33it/s]
 37%|███▋      | 2121/5794 [00:32<00:50, 72.55it/s]
 37%|███▋      | 2129/5794 [00:32<00:50, 72.46it/s]
 37%|███▋      | 2137/5794 [00:33<00:50, 72.68it/s]
 37%|███▋      | 2145/5794 [00:33<00:50, 72.81it/s]
 37%|███▋      | 2153/5794 [00:33<00:50, 72.59it/s]
 37%|███▋      | 2161/5794 [00:33<00:49, 72.68it/s]
 37%|███▋      | 2169/5794 [00:33<00:50, 72.38it/s]
 38%|███▊      | 2177/5794 [00:33<00:49, 72.46it/s]
 38%|███▊      | 2185/5794 [00:33<00:49, 72.32it/s]
 38%|███▊      | 2193/5794 [00:33<00:49, 72.34it/s]
 38%|███▊      | 2201/5794 [00:33<00:49, 72.43it/s]
 38%|███▊      | 2209/5794 [00:34<00:49, 72.55it/s]
 38%|███▊      | 2217/5794 [00:34<00:49, 72.26it/s]
 38%|███▊      | 2225/5794 [00:34<00:49, 72.54it/s]
 39%|███▊      | 2233/5794 [00:34<00:49, 72.41it/s]
 39%|███▊      | 2241/5794 [00:34<00:49, 72.50it/s]
 39%|███▉      | 2249/5794 [00:34<00:49, 71.59it/s]
 39%|███▉      | 2257/5794 [00:34<00:49, 71.43it/s]
 39%|███▉      | 2265/5794 [00:34<00:51, 69.03it/s]
 39%|███▉      | 2272/5794 [00:34<00:51, 67.75it/s]
 39%|███▉      | 2279/5794 [00:35<00:52, 66.42it/s]
 39%|███▉      | 2286/5794 [00:35<00:53, 65.78it/s]
 40%|███▉      | 2293/5794 [00:35<00:53, 65.41it/s]
 40%|███▉      | 2300/5794 [00:35<00:53, 64.88it/s]
 40%|███▉      | 2307/5794 [00:35<00:53, 64.72it/s]
 40%|███▉      | 2314/5794 [00:35<00:53, 64.65it/s]
 40%|████      | 2321/5794 [00:35<00:53, 64.40it/s]
 40%|████      | 2328/5794 [00:35<00:53, 64.32it/s]
 40%|████      | 2335/5794 [00:35<00:53, 64.06it/s]
 40%|████      | 2342/5794 [00:36<00:53, 64.15it/s]
 41%|████      | 2349/5794 [00:36<00:53, 64.06it/s]
 41%|████      | 2356/5794 [00:36<00:53, 63.97it/s]
 41%|████      | 2363/5794 [00:36<00:53, 63.95it/s]
 41%|████      | 2370/5794 [00:36<00:53, 63.81it/s]
 41%|████      | 2377/5794 [00:36<00:53, 64.01it/s]
 41%|████      | 2384/5794 [00:36<00:53, 63.89it/s]
 41%|████▏     | 2391/5794 [00:36<00:53, 63.93it/s]
 41%|████▏     | 2398/5794 [00:36<00:53, 63.83it/s]
 42%|████▏     | 2405/5794 [00:36<00:53, 63.72it/s]
 42%|████▏     | 2412/5794 [00:37<00:52, 63.84it/s]
 42%|████▏     | 2419/5794 [00:37<00:53, 63.67it/s]
 42%|████▏     | 2426/5794 [00:37<00:52, 63.87it/s]
 42%|████▏     | 2433/5794 [00:37<00:52, 63.98it/s]
 42%|████▏     | 2440/5794 [00:37<00:52, 63.74it/s]
 42%|████▏     | 2447/5794 [00:37<00:53, 63.01it/s]
 42%|████▏     | 2454/5794 [00:37<00:52, 63.15it/s]
 42%|████▏     | 2461/5794 [00:37<00:52, 63.56it/s]
 43%|████▎     | 2468/5794 [00:37<00:52, 63.67it/s]
 43%|████▎     | 2475/5794 [00:38<00:52, 63.35it/s]
 43%|████▎     | 2482/5794 [00:38<00:52, 63.66it/s]
 43%|████▎     | 2489/5794 [00:38<00:51, 63.65it/s]
 43%|████▎     | 2496/5794 [00:38<00:51, 63.83it/s]
 43%|████▎     | 2503/5794 [00:38<00:51, 63.70it/s]
 43%|████▎     | 2510/5794 [00:38<00:51, 63.74it/s]
 43%|████▎     | 2517/5794 [00:38<00:51, 63.86it/s]
 44%|████▎     | 2524/5794 [00:38<00:51, 63.83it/s]
 44%|████▎     | 2531/5794 [00:38<00:51, 63.76it/s]
 44%|████▍     | 2538/5794 [00:39<00:51, 63.76it/s]
 44%|████▍     | 2545/5794 [00:39<00:50, 63.75it/s]
 44%|████▍     | 2552/5794 [00:39<00:50, 63.78it/s]
 44%|████▍     | 2559/5794 [00:39<00:50, 63.76it/s]
 44%|████▍     | 2566/5794 [00:39<00:50, 63.88it/s]
 44%|████▍     | 2573/5794 [00:39<00:50, 63.54it/s]
 45%|████▍     | 2580/5794 [00:39<00:50, 63.59it/s]
 45%|████▍     | 2587/5794 [00:39<00:50, 63.37it/s]
 45%|████▍     | 2594/5794 [00:39<00:50, 63.34it/s]
 45%|████▍     | 2601/5794 [00:40<00:50, 63.45it/s]
 45%|████▌     | 2608/5794 [00:40<00:50, 63.42it/s]
 45%|████▌     | 2615/5794 [00:40<00:50, 63.54it/s]
 45%|████▌     | 2622/5794 [00:40<00:49, 63.56it/s]
 45%|████▌     | 2629/5794 [00:40<00:49, 63.63it/s]
 45%|████▌     | 2636/5794 [00:40<00:49, 63.72it/s]
 46%|████▌     | 2643/5794 [00:40<00:49, 63.52it/s]
 46%|████▌     | 2650/5794 [00:40<00:49, 63.79it/s]
 46%|████▌     | 2657/5794 [00:40<00:49, 63.63it/s]
 46%|████▌     | 2664/5794 [00:41<00:49, 63.67it/s]
 46%|████▌     | 2671/5794 [00:41<00:49, 63.67it/s]
 46%|████▌     | 2678/5794 [00:41<00:49, 63.53it/s]
 46%|████▋     | 2685/5794 [00:41<00:48, 63.79it/s]
 46%|████▋     | 2692/5794 [00:41<00:48, 63.60it/s]
 47%|████▋     | 2699/5794 [00:41<00:48, 63.66it/s]
 47%|████▋     | 2706/5794 [00:41<00:48, 63.78it/s]
 47%|████▋     | 2713/5794 [00:41<00:48, 63.70it/s]
 47%|████▋     | 2720/5794 [00:41<00:48, 63.83it/s]
 47%|████▋     | 2727/5794 [00:42<00:48, 63.62it/s]
 47%|████▋     | 2734/5794 [00:42<00:48, 63.07it/s]
 47%|████▋     | 2741/5794 [00:42<00:48, 63.28it/s]
 47%|████▋     | 2748/5794 [00:42<00:47, 63.52it/s]
 48%|████▊     | 2755/5794 [00:42<00:47, 63.49it/s]
 48%|████▊     | 2762/5794 [00:42<00:47, 63.41it/s]
 48%|████▊     | 2769/5794 [00:42<00:47, 63.64it/s]
 48%|████▊     | 2776/5794 [00:42<00:47, 63.53it/s]
 48%|████▊     | 2783/5794 [00:42<00:47, 63.65it/s]
 48%|████▊     | 2790/5794 [00:43<00:47, 63.77it/s]
 48%|████▊     | 2797/5794 [00:43<00:46, 63.88it/s]
 48%|████▊     | 2804/5794 [00:43<00:46, 63.92it/s]
 49%|████▊     | 2811/5794 [00:43<00:46, 63.89it/s]
 49%|████▊     | 2818/5794 [00:43<00:46, 63.95it/s]
 49%|████▉     | 2825/5794 [00:43<00:46, 64.06it/s]
 49%|████▉     | 2832/5794 [00:43<00:45, 65.27it/s]
 49%|████▉     | 2840/5794 [00:43<00:43, 67.32it/s]
 49%|████▉     | 2848/5794 [00:43<00:42, 68.69it/s]
 49%|████▉     | 2856/5794 [00:44<00:42, 69.71it/s]
 49%|████▉     | 2864/5794 [00:44<00:41, 70.30it/s]
 50%|████▉     | 2872/5794 [00:44<00:41, 70.91it/s]
 50%|████▉     | 2880/5794 [00:44<00:40, 71.13it/s]
 50%|████▉     | 2888/5794 [00:44<00:40, 71.45it/s]
 50%|████▉     | 2896/5794 [00:44<00:40, 71.51it/s]
 50%|█████     | 2904/5794 [00:44<00:40, 71.46it/s]
 50%|█████     | 2912/5794 [00:44<00:40, 71.51it/s]
 50%|█████     | 2920/5794 [00:44<00:40, 71.79it/s]
 51%|█████     | 2928/5794 [00:45<00:39, 71.73it/s]
 51%|█████     | 2936/5794 [00:45<00:39, 71.91it/s]
 51%|█████     | 2944/5794 [00:45<00:39, 71.90it/s]
 51%|█████     | 2952/5794 [00:45<00:39, 71.86it/s]
 51%|█████     | 2960/5794 [00:45<00:39, 71.94it/s]
 51%|█████     | 2968/5794 [00:45<00:39, 71.87it/s]
 51%|█████▏    | 2976/5794 [00:45<00:39, 72.08it/s]
 52%|█████▏    | 2984/5794 [00:45<00:40, 69.38it/s]
 52%|█████▏    | 2991/5794 [00:45<00:41, 68.08it/s]
 52%|█████▏    | 2998/5794 [00:46<00:41, 66.90it/s]
 52%|█████▏    | 3005/5794 [00:46<00:42, 65.35it/s]
 52%|█████▏    | 3012/5794 [00:46<00:42, 64.95it/s]
 52%|█████▏    | 3019/5794 [00:46<00:42, 64.83it/s]
 52%|█████▏    | 3026/5794 [00:46<00:42, 64.77it/s]
 52%|█████▏    | 3033/5794 [00:46<00:41, 65.86it/s]
 52%|█████▏    | 3041/5794 [00:46<00:40, 67.82it/s]
 53%|█████▎    | 3049/5794 [00:46<00:39, 68.85it/s]
 53%|█████▎    | 3057/5794 [00:46<00:39, 69.94it/s]
 53%|█████▎    | 3065/5794 [00:47<00:38, 70.34it/s]
 53%|█████▎    | 3073/5794 [00:47<00:38, 70.77it/s]
 53%|█████▎    | 3081/5794 [00:47<00:38, 71.06it/s]
 53%|█████▎    | 3089/5794 [00:47<00:37, 71.34it/s]
 53%|█████▎    | 3097/5794 [00:47<00:37, 71.48it/s]
 54%|█████▎    | 3105/5794 [00:47<00:37, 71.23it/s]
 54%|█████▎    | 3113/5794 [00:47<00:37, 71.31it/s]
 54%|█████▍    | 3121/5794 [00:47<00:37, 71.30it/s]
 54%|█████▍    | 3129/5794 [00:47<00:37, 71.47it/s]
 54%|█████▍    | 3137/5794 [00:48<00:37, 71.37it/s]
 54%|█████▍    | 3145/5794 [00:48<00:37, 71.49it/s]
 54%|█████▍    | 3153/5794 [00:48<00:37, 71.37it/s]
 55%|█████▍    | 3161/5794 [00:48<00:36, 71.37it/s]
 55%|█████▍    | 3169/5794 [00:48<00:36, 71.32it/s]
 55%|█████▍    | 3177/5794 [00:48<00:36, 71.48it/s]
 55%|█████▍    | 3185/5794 [00:48<00:36, 71.36it/s]
 55%|█████▌    | 3193/5794 [00:48<00:36, 71.57it/s]
 55%|█████▌    | 3201/5794 [00:48<00:36, 71.33it/s]
 55%|█████▌    | 3209/5794 [00:49<00:36, 71.34it/s]
 56%|█████▌    | 3217/5794 [00:49<00:36, 71.26it/s]
 56%|█████▌    | 3225/5794 [00:49<00:35, 71.43it/s]
 56%|█████▌    | 3233/5794 [00:49<00:37, 68.92it/s]
 56%|█████▌    | 3240/5794 [00:49<00:37, 67.61it/s]
 56%|█████▌    | 3247/5794 [00:49<00:38, 66.72it/s]
 56%|█████▌    | 3254/5794 [00:49<00:38, 65.78it/s]
 56%|█████▋    | 3261/5794 [00:49<00:38, 65.53it/s]
 56%|█████▋    | 3268/5794 [00:49<00:38, 64.96it/s]
 57%|█████▋    | 3275/5794 [00:50<00:38, 64.94it/s]
 57%|█████▋    | 3282/5794 [00:50<00:38, 64.85it/s]
 57%|█████▋    | 3289/5794 [00:50<00:38, 64.61it/s]
 57%|█████▋    | 3296/5794 [00:50<00:38, 64.64it/s]
 57%|█████▋    | 3303/5794 [00:50<00:38, 64.49it/s]
 57%|█████▋    | 3310/5794 [00:50<00:38, 64.56it/s]
 57%|█████▋    | 3317/5794 [00:50<00:38, 64.62it/s]
 57%|█████▋    | 3324/5794 [00:50<00:38, 64.47it/s]
 57%|█████▋    | 3331/5794 [00:50<00:38, 64.54it/s]
 58%|█████▊    | 3338/5794 [00:51<00:38, 64.44it/s]
 58%|█████▊    | 3345/5794 [00:51<00:38, 64.39it/s]
 58%|█████▊    | 3352/5794 [00:51<00:37, 64.44it/s]
 58%|█████▊    | 3359/5794 [00:51<00:37, 64.33it/s]
 58%|█████▊    | 3366/5794 [00:51<00:37, 64.19it/s]
 58%|█████▊    | 3373/5794 [00:51<00:37, 64.13it/s]
 58%|█████▊    | 3380/5794 [00:51<00:37, 64.14it/s]
 58%|█████▊    | 3387/5794 [00:51<00:37, 63.96it/s]
 59%|█████▊    | 3394/5794 [00:51<00:37, 64.04it/s]
 59%|█████▊    | 3401/5794 [00:52<00:37, 64.10it/s]
 59%|█████▉    | 3408/5794 [00:52<00:37, 64.11it/s]
 59%|█████▉    | 3415/5794 [00:52<00:37, 64.18it/s]
 59%|█████▉    | 3422/5794 [00:52<00:37, 64.01it/s]
 59%|█████▉    | 3429/5794 [00:52<00:36, 64.08it/s]
 59%|█████▉    | 3436/5794 [00:52<00:36, 64.09it/s]
 59%|█████▉    | 3443/5794 [00:52<00:36, 63.97it/s]
 60%|█████▉    | 3450/5794 [00:52<00:36, 64.04it/s]
 60%|█████▉    | 3457/5794 [00:52<00:36, 63.97it/s]
 60%|█████▉    | 3464/5794 [00:52<00:36, 64.00it/s]
 60%|█████▉    | 3471/5794 [00:53<00:36, 64.03it/s]
 60%|██████    | 3478/5794 [00:53<00:36, 63.94it/s]
 60%|██████    | 3485/5794 [00:53<00:36, 64.00it/s]
 60%|██████    | 3492/5794 [00:53<00:36, 63.89it/s]
 60%|██████    | 3499/5794 [00:53<00:35, 64.00it/s]
 61%|██████    | 3506/5794 [00:53<00:35, 63.87it/s]
 61%|██████    | 3513/5794 [00:53<00:35, 63.96it/s]
 61%|██████    | 3520/5794 [00:53<00:35, 64.00it/s]
 61%|██████    | 3527/5794 [00:53<00:35, 63.98it/s]
 61%|██████    | 3534/5794 [00:54<00:35, 64.20it/s]
 61%|██████    | 3541/5794 [00:54<00:35, 64.12it/s]
 61%|██████    | 3548/5794 [00:54<00:34, 64.27it/s]
 61%|██████▏   | 3555/5794 [00:54<00:34, 64.32it/s]
 61%|██████▏   | 3562/5794 [00:54<00:34, 64.10it/s]
 62%|██████▏   | 3569/5794 [00:54<00:34, 64.30it/s]
 62%|██████▏   | 3576/5794 [00:54<00:34, 63.99it/s]
 62%|██████▏   | 3583/5794 [00:54<00:34, 64.18it/s]
 62%|██████▏   | 3590/5794 [00:54<00:34, 64.21it/s]
 62%|██████▏   | 3597/5794 [00:55<00:34, 64.13it/s]
 62%|██████▏   | 3604/5794 [00:55<00:34, 64.17it/s]
 62%|██████▏   | 3611/5794 [00:55<00:34, 64.01it/s]
 62%|██████▏   | 3618/5794 [00:55<00:33, 64.17it/s]
 63%|██████▎   | 3625/5794 [00:55<00:33, 63.93it/s]
 63%|██████▎   | 3632/5794 [00:55<00:33, 64.29it/s]
 63%|██████▎   | 3640/5794 [00:55<00:32, 66.43it/s]
 63%|██████▎   | 3648/5794 [00:55<00:31, 67.97it/s]
 63%|██████▎   | 3656/5794 [00:55<00:30, 69.05it/s]
 63%|██████▎   | 3664/5794 [00:56<00:30, 69.73it/s]
 63%|██████▎   | 3672/5794 [00:56<00:30, 70.26it/s]
 64%|██████▎   | 3680/5794 [00:56<00:29, 70.53it/s]
 64%|██████▎   | 3688/5794 [00:56<00:29, 70.94it/s]
 64%|██████▍   | 3696/5794 [00:56<00:29, 70.90it/s]
 64%|██████▍   | 3704/5794 [00:56<00:29, 71.14it/s]
 64%|██████▍   | 3712/5794 [00:56<00:29, 71.19it/s]
 64%|██████▍   | 3720/5794 [00:56<00:29, 71.28it/s]
 64%|██████▍   | 3728/5794 [00:56<00:29, 71.14it/s]
 64%|██████▍   | 3736/5794 [00:57<00:28, 71.30it/s]
 65%|██████▍   | 3744/5794 [00:57<00:29, 68.67it/s]
 65%|██████▍   | 3751/5794 [00:57<00:30, 67.47it/s]
 65%|██████▍   | 3758/5794 [00:57<00:30, 66.58it/s]
 65%|██████▍   | 3765/5794 [00:57<00:30, 65.71it/s]
 65%|██████▌   | 3772/5794 [00:57<00:30, 65.38it/s]
 65%|██████▌   | 3779/5794 [00:57<00:31, 64.79it/s]
 65%|██████▌   | 3786/5794 [00:57<00:31, 64.59it/s]
 65%|██████▌   | 3793/5794 [00:57<00:31, 64.51it/s]
 66%|██████▌   | 3800/5794 [00:58<00:31, 64.29it/s]
 66%|██████▌   | 3807/5794 [00:58<00:30, 64.21it/s]
 66%|██████▌   | 3814/5794 [00:58<00:31, 63.73it/s]
 66%|██████▌   | 3821/5794 [00:58<00:30, 63.91it/s]
 66%|██████▌   | 3828/5794 [00:58<00:30, 64.04it/s]
 66%|██████▌   | 3835/5794 [00:58<00:30, 64.00it/s]
 66%|██████▋   | 3842/5794 [00:58<00:30, 64.01it/s]
 66%|██████▋   | 3849/5794 [00:58<00:30, 63.99it/s]
 67%|██████▋   | 3856/5794 [00:58<00:30, 64.17it/s]
 67%|██████▋   | 3863/5794 [00:59<00:30, 64.03it/s]
 67%|██████▋   | 3870/5794 [00:59<00:30, 64.11it/s]
 67%|██████▋   | 3877/5794 [00:59<00:29, 64.17it/s]
 67%|██████▋   | 3884/5794 [00:59<00:29, 64.00it/s]
 67%|██████▋   | 3891/5794 [00:59<00:29, 64.18it/s]
 67%|██████▋   | 3898/5794 [00:59<00:29, 63.92it/s]
 67%|██████▋   | 3905/5794 [00:59<00:29, 63.88it/s]
 68%|██████▊   | 3912/5794 [00:59<00:29, 63.98it/s]
 68%|██████▊   | 3919/5794 [00:59<00:29, 63.93it/s]
 68%|██████▊   | 3926/5794 [01:00<00:29, 64.05it/s]
 68%|██████▊   | 3933/5794 [01:00<00:29, 63.93it/s]
 68%|██████▊   | 3940/5794 [01:00<00:28, 63.96it/s]
 68%|██████▊   | 3947/5794 [01:00<00:28, 64.01it/s]
 68%|██████▊   | 3954/5794 [01:00<00:28, 64.02it/s]
 68%|██████▊   | 3961/5794 [01:00<00:28, 64.05it/s]
 68%|██████▊   | 3968/5794 [01:00<00:28, 63.99it/s]
 69%|██████▊   | 3975/5794 [01:00<00:28, 64.16it/s]
 69%|██████▊   | 3982/5794 [01:00<00:28, 64.07it/s]
 69%|██████▉   | 3989/5794 [01:01<00:28, 64.20it/s]
 69%|██████▉   | 3996/5794 [01:01<00:27, 64.30it/s]
 69%|██████▉   | 4003/5794 [01:01<00:27, 64.29it/s]
 69%|██████▉   | 4010/5794 [01:01<00:27, 64.35it/s]
 69%|██████▉   | 4017/5794 [01:01<00:27, 64.24it/s]
 69%|██████▉   | 4024/5794 [01:01<00:27, 64.37it/s]
 70%|██████▉   | 4031/5794 [01:01<00:27, 64.36it/s]
 70%|██████▉   | 4038/5794 [01:01<00:27, 64.04it/s]
 70%|██████▉   | 4045/5794 [01:01<00:27, 64.26it/s]
 70%|██████▉   | 4052/5794 [01:01<00:27, 64.13it/s]
 70%|███████   | 4059/5794 [01:02<00:27, 64.07it/s]
 70%|███████   | 4066/5794 [01:02<00:26, 64.22it/s]
 70%|███████   | 4073/5794 [01:02<00:26, 64.00it/s]
 70%|███████   | 4080/5794 [01:02<00:26, 64.11it/s]
 71%|███████   | 4087/5794 [01:02<00:26, 63.97it/s]
 71%|███████   | 4094/5794 [01:02<00:26, 64.18it/s]
 71%|███████   | 4101/5794 [01:02<00:26, 63.93it/s]
 71%|███████   | 4108/5794 [01:02<00:26, 64.07it/s]
 71%|███████   | 4115/5794 [01:02<00:26, 64.11it/s]
 71%|███████   | 4122/5794 [01:03<00:26, 64.19it/s]
 71%|███████▏  | 4129/5794 [01:03<00:25, 64.27it/s]
 71%|███████▏  | 4136/5794 [01:03<00:25, 64.15it/s]
 72%|███████▏  | 4143/5794 [01:03<00:25, 64.20it/s]
 72%|███████▏  | 4150/5794 [01:03<00:25, 64.29it/s]
 72%|███████▏  | 4157/5794 [01:03<00:25, 64.24it/s]
 72%|███████▏  | 4164/5794 [01:03<00:25, 64.24it/s]
 72%|███████▏  | 4171/5794 [01:03<00:25, 64.08it/s]
 72%|███████▏  | 4178/5794 [01:03<00:25, 64.27it/s]
 72%|███████▏  | 4185/5794 [01:04<00:25, 64.28it/s]
 72%|███████▏  | 4192/5794 [01:04<00:25, 63.95it/s]
 72%|███████▏  | 4199/5794 [01:04<00:24, 64.04it/s]
 73%|███████▎  | 4206/5794 [01:04<00:24, 63.84it/s]
 73%|███████▎  | 4213/5794 [01:04<00:24, 64.06it/s]
 73%|███████▎  | 4220/5794 [01:04<00:24, 63.95it/s]
 73%|███████▎  | 4227/5794 [01:04<00:24, 63.82it/s]
 73%|███████▎  | 4234/5794 [01:04<00:24, 63.88it/s]
 73%|███████▎  | 4241/5794 [01:04<00:24, 63.89it/s]
 73%|███████▎  | 4248/5794 [01:05<00:24, 63.87it/s]
 73%|███████▎  | 4255/5794 [01:05<00:24, 63.79it/s]
 74%|███████▎  | 4262/5794 [01:05<00:23, 63.91it/s]
 74%|███████▎  | 4269/5794 [01:05<00:23, 63.86it/s]
 74%|███████▍  | 4276/5794 [01:05<00:23, 63.93it/s]
 74%|███████▍  | 4283/5794 [01:05<00:23, 63.95it/s]
 74%|███████▍  | 4290/5794 [01:05<00:23, 63.79it/s]
 74%|███████▍  | 4297/5794 [01:05<00:23, 64.09it/s]
 74%|███████▍  | 4304/5794 [01:05<00:23, 64.15it/s]
 74%|███████▍  | 4311/5794 [01:06<00:23, 64.08it/s]
 75%|███████▍  | 4318/5794 [01:06<00:23, 64.09it/s]
 75%|███████▍  | 4325/5794 [01:06<00:22, 63.99it/s]
 75%|███████▍  | 4332/5794 [01:06<00:22, 64.06it/s]
 75%|███████▍  | 4339/5794 [01:06<00:22, 63.90it/s]
 75%|███████▌  | 4346/5794 [01:06<00:22, 63.94it/s]
 75%|███████▌  | 4353/5794 [01:06<00:22, 64.15it/s]
 75%|███████▌  | 4360/5794 [01:06<00:22, 64.01it/s]
 75%|███████▌  | 4367/5794 [01:06<00:22, 63.98it/s]
 75%|███████▌  | 4374/5794 [01:07<00:22, 63.86it/s]
 76%|███████▌  | 4381/5794 [01:07<00:22, 64.00it/s]
 76%|███████▌  | 4388/5794 [01:07<00:21, 64.05it/s]
 76%|███████▌  | 4395/5794 [01:07<00:21, 63.96it/s]
 76%|███████▌  | 4402/5794 [01:07<00:21, 64.11it/s]
 76%|███████▌  | 4409/5794 [01:07<00:21, 64.06it/s]
 76%|███████▌  | 4416/5794 [01:07<00:21, 64.08it/s]
 76%|███████▋  | 4423/5794 [01:07<00:21, 64.12it/s]
 76%|███████▋  | 4430/5794 [01:07<00:21, 64.18it/s]
 77%|███████▋  | 4437/5794 [01:08<00:21, 64.19it/s]
 77%|███████▋  | 4444/5794 [01:08<00:21, 64.01it/s]
 77%|███████▋  | 4451/5794 [01:08<00:20, 64.13it/s]
 77%|███████▋  | 4458/5794 [01:08<00:20, 63.78it/s]
 77%|███████▋  | 4465/5794 [01:08<00:20, 63.81it/s]
 77%|███████▋  | 4472/5794 [01:08<00:20, 63.96it/s]
 77%|███████▋  | 4479/5794 [01:08<00:20, 63.79it/s]
 77%|███████▋  | 4486/5794 [01:08<00:20, 63.94it/s]
 78%|███████▊  | 4493/5794 [01:08<00:20, 63.83it/s]
 78%|███████▊  | 4500/5794 [01:08<00:20, 63.92it/s]
 78%|███████▊  | 4507/5794 [01:09<00:20, 64.05it/s]
 78%|███████▊  | 4514/5794 [01:09<00:20, 63.96it/s]
 78%|███████▊  | 4521/5794 [01:09<00:19, 63.80it/s]
 78%|███████▊  | 4528/5794 [01:09<00:19, 63.78it/s]
 78%|███████▊  | 4535/5794 [01:09<00:19, 63.91it/s]
 78%|███████▊  | 4542/5794 [01:09<00:19, 63.75it/s]
 79%|███████▊  | 4549/5794 [01:09<00:19, 63.68it/s]
 79%|███████▊  | 4556/5794 [01:09<00:19, 63.65it/s]
 79%|███████▉  | 4563/5794 [01:09<00:19, 64.16it/s]
 79%|███████▉  | 4571/5794 [01:10<00:18, 66.19it/s]
 79%|███████▉  | 4579/5794 [01:10<00:18, 67.46it/s]
 79%|███████▉  | 4587/5794 [01:10<00:17, 68.64it/s]
 79%|███████▉  | 4595/5794 [01:10<00:17, 69.26it/s]
 79%|███████▉  | 4603/5794 [01:10<00:17, 69.64it/s]
 80%|███████▉  | 4611/5794 [01:10<00:16, 70.03it/s]
 80%|███████▉  | 4619/5794 [01:10<00:16, 70.48it/s]
 80%|███████▉  | 4627/5794 [01:10<00:16, 70.71it/s]
 80%|███████▉  | 4635/5794 [01:10<00:16, 70.73it/s]
 80%|████████  | 4643/5794 [01:11<00:16, 70.90it/s]
 80%|████████  | 4651/5794 [01:11<00:16, 70.90it/s]
 80%|████████  | 4659/5794 [01:11<00:16, 70.89it/s]
 81%|████████  | 4667/5794 [01:11<00:15, 70.57it/s]
 81%|████████  | 4675/5794 [01:11<00:15, 70.63it/s]
 81%|████████  | 4683/5794 [01:11<00:15, 70.45it/s]
 81%|████████  | 4691/5794 [01:11<00:15, 70.57it/s]
 81%|████████  | 4699/5794 [01:11<00:15, 70.56it/s]
 81%|████████  | 4707/5794 [01:12<00:15, 70.56it/s]
 81%|████████▏ | 4715/5794 [01:12<00:15, 70.50it/s]
 82%|████████▏ | 4723/5794 [01:12<00:15, 70.51it/s]
 82%|████████▏ | 4731/5794 [01:12<00:15, 70.49it/s]
 82%|████████▏ | 4739/5794 [01:12<00:14, 70.65it/s]
 82%|████████▏ | 4747/5794 [01:12<00:14, 70.70it/s]
 82%|████████▏ | 4755/5794 [01:12<00:14, 70.90it/s]
 82%|████████▏ | 4763/5794 [01:12<00:14, 70.96it/s]
 82%|████████▏ | 4771/5794 [01:12<00:14, 71.01it/s]
 82%|████████▏ | 4779/5794 [01:13<00:14, 71.00it/s]
 83%|████████▎ | 4787/5794 [01:13<00:14, 70.98it/s]
 83%|████████▎ | 4795/5794 [01:13<00:14, 70.99it/s]
 83%|████████▎ | 4803/5794 [01:13<00:13, 70.81it/s]
 83%|████████▎ | 4811/5794 [01:13<00:13, 70.83it/s]
 83%|████████▎ | 4819/5794 [01:13<00:13, 70.78it/s]
 83%|████████▎ | 4827/5794 [01:13<00:13, 70.78it/s]
 83%|████████▎ | 4835/5794 [01:13<00:13, 70.85it/s]
 84%|████████▎ | 4843/5794 [01:13<00:13, 71.04it/s]
 84%|████████▎ | 4851/5794 [01:14<00:13, 70.85it/s]
 84%|████████▍ | 4859/5794 [01:14<00:13, 70.93it/s]
 84%|████████▍ | 4867/5794 [01:14<00:13, 70.75it/s]
 84%|████████▍ | 4875/5794 [01:14<00:12, 70.96it/s]
 84%|████████▍ | 4883/5794 [01:14<00:12, 70.81it/s]
 84%|████████▍ | 4891/5794 [01:14<00:12, 70.92it/s]
 85%|████████▍ | 4899/5794 [01:14<00:12, 70.86it/s]
 85%|████████▍ | 4907/5794 [01:14<00:12, 70.78it/s]
 85%|████████▍ | 4915/5794 [01:14<00:12, 70.87it/s]
 85%|████████▍ | 4923/5794 [01:15<00:12, 70.75it/s]
 85%|████████▌ | 4931/5794 [01:15<00:12, 70.91it/s]
 85%|████████▌ | 4939/5794 [01:15<00:12, 70.85it/s]
 85%|████████▌ | 4947/5794 [01:15<00:11, 70.94it/s]
 86%|████████▌ | 4955/5794 [01:15<00:11, 70.86it/s]
 86%|████████▌ | 4963/5794 [01:15<00:11, 71.15it/s]
 86%|████████▌ | 4971/5794 [01:15<00:11, 71.01it/s]
 86%|████████▌ | 4979/5794 [01:15<00:11, 71.01it/s]
 86%|████████▌ | 4987/5794 [01:15<00:11, 70.80it/s]
 86%|████████▌ | 4995/5794 [01:16<00:11, 70.93it/s]
 86%|████████▋ | 5003/5794 [01:16<00:11, 70.84it/s]
 86%|████████▋ | 5011/5794 [01:16<00:11, 70.90it/s]
 87%|████████▋ | 5019/5794 [01:16<00:10, 70.87it/s]
 87%|████████▋ | 5027/5794 [01:16<00:10, 71.03it/s]
 87%|████████▋ | 5035/5794 [01:16<00:10, 71.14it/s]
 87%|████████▋ | 5043/5794 [01:16<00:10, 70.99it/s]
 87%|████████▋ | 5051/5794 [01:16<00:10, 71.13it/s]
 87%|████████▋ | 5059/5794 [01:16<00:10, 71.00it/s]
 87%|████████▋ | 5067/5794 [01:17<00:10, 71.01it/s]
 88%|████████▊ | 5075/5794 [01:17<00:10, 70.87it/s]
 88%|████████▊ | 5083/5794 [01:17<00:10, 70.91it/s]
 88%|████████▊ | 5091/5794 [01:17<00:09, 70.77it/s]
 88%|████████▊ | 5099/5794 [01:17<00:09, 70.94it/s]
 88%|████████▊ | 5107/5794 [01:17<00:09, 70.68it/s]
 88%|████████▊ | 5115/5794 [01:17<00:09, 71.01it/s]
 88%|████████▊ | 5123/5794 [01:17<00:09, 71.02it/s]
 89%|████████▊ | 5131/5794 [01:17<00:09, 71.15it/s]
 89%|████████▊ | 5139/5794 [01:18<00:09, 71.01it/s]
 89%|████████▉ | 5147/5794 [01:18<00:09, 71.17it/s]
 89%|████████▉ | 5155/5794 [01:18<00:09, 70.95it/s]
 89%|████████▉ | 5163/5794 [01:18<00:08, 70.99it/s]
 89%|████████▉ | 5171/5794 [01:18<00:08, 70.94it/s]
 89%|████████▉ | 5179/5794 [01:18<00:08, 70.92it/s]
 90%|████████▉ | 5187/5794 [01:18<00:08, 70.95it/s]
 90%|████████▉ | 5195/5794 [01:18<00:08, 70.69it/s]
 90%|████████▉ | 5203/5794 [01:19<00:08, 70.91it/s]
 90%|████████▉ | 5211/5794 [01:19<00:08, 70.52it/s]
 90%|█████████ | 5219/5794 [01:19<00:08, 70.83it/s]
 90%|█████████ | 5227/5794 [01:19<00:08, 70.69it/s]
 90%|█████████ | 5235/5794 [01:19<00:07, 70.81it/s]
 90%|█████████ | 5243/5794 [01:19<00:07, 70.68it/s]
 91%|█████████ | 5251/5794 [01:19<00:07, 70.77it/s]
 91%|█████████ | 5259/5794 [01:19<00:07, 70.70it/s]
 91%|█████████ | 5267/5794 [01:19<00:07, 70.84it/s]
 91%|█████████ | 5275/5794 [01:20<00:07, 70.72it/s]
 91%|█████████ | 5283/5794 [01:20<00:07, 70.80it/s]
 91%|█████████▏| 5291/5794 [01:20<00:07, 70.89it/s]
 91%|█████████▏| 5299/5794 [01:20<00:06, 70.79it/s]
 92%|█████████▏| 5307/5794 [01:20<00:07, 68.99it/s]
 92%|█████████▏| 5314/5794 [01:20<00:07, 67.36it/s]
 92%|█████████▏| 5321/5794 [01:20<00:07, 66.40it/s]
 92%|█████████▏| 5328/5794 [01:20<00:07, 65.30it/s]
 92%|█████████▏| 5335/5794 [01:20<00:07, 64.82it/s]
 92%|█████████▏| 5342/5794 [01:21<00:07, 64.26it/s]
 92%|█████████▏| 5349/5794 [01:21<00:06, 64.25it/s]
 92%|█████████▏| 5356/5794 [01:21<00:06, 64.02it/s]
 93%|█████████▎| 5363/5794 [01:21<00:06, 63.88it/s]
 93%|█████████▎| 5370/5794 [01:21<00:06, 63.98it/s]
 93%|█████████▎| 5377/5794 [01:21<00:06, 63.73it/s]
 93%|█████████▎| 5384/5794 [01:21<00:06, 63.84it/s]
 93%|█████████▎| 5391/5794 [01:21<00:06, 63.84it/s]
 93%|█████████▎| 5398/5794 [01:21<00:06, 63.51it/s]
 93%|█████████▎| 5405/5794 [01:22<00:06, 63.74it/s]
 93%|█████████▎| 5412/5794 [01:22<00:06, 63.55it/s]
 94%|█████████▎| 5419/5794 [01:22<00:05, 63.73it/s]
 94%|█████████▎| 5426/5794 [01:22<00:05, 63.75it/s]
 94%|█████████▍| 5433/5794 [01:22<00:05, 63.45it/s]
 94%|█████████▍| 5440/5794 [01:22<00:05, 63.56it/s]
 94%|█████████▍| 5447/5794 [01:22<00:05, 63.39it/s]
 94%|█████████▍| 5454/5794 [01:22<00:05, 63.21it/s]
 94%|█████████▍| 5461/5794 [01:22<00:05, 63.32it/s]
 94%|█████████▍| 5468/5794 [01:23<00:05, 63.41it/s]
 94%|█████████▍| 5475/5794 [01:23<00:05, 63.45it/s]
 95%|█████████▍| 5482/5794 [01:23<00:04, 63.36it/s]
 95%|█████████▍| 5489/5794 [01:23<00:04, 63.60it/s]
 95%|█████████▍| 5496/5794 [01:23<00:04, 63.34it/s]
 95%|█████████▍| 5503/5794 [01:23<00:04, 63.44it/s]
 95%|█████████▌| 5510/5794 [01:23<00:04, 63.55it/s]
 95%|█████████▌| 5517/5794 [01:23<00:04, 63.48it/s]
 95%|█████████▌| 5524/5794 [01:23<00:04, 63.53it/s]
 95%|█████████▌| 5531/5794 [01:24<00:04, 63.07it/s]
 96%|█████████▌| 5538/5794 [01:24<00:04, 63.21it/s]
 96%|█████████▌| 5545/5794 [01:24<00:03, 63.31it/s]
 96%|█████████▌| 5552/5794 [01:24<00:03, 63.10it/s]
 96%|█████████▌| 5559/5794 [01:24<00:03, 63.38it/s]
 96%|█████████▌| 5566/5794 [01:24<00:03, 63.23it/s]
 96%|█████████▌| 5573/5794 [01:24<00:03, 63.26it/s]
 96%|█████████▋| 5580/5794 [01:24<00:03, 63.14it/s]
 96%|█████████▋| 5587/5794 [01:24<00:03, 63.33it/s]
 97%|█████████▋| 5594/5794 [01:25<00:03, 63.53it/s]
 97%|█████████▋| 5601/5794 [01:25<00:03, 63.31it/s]
 97%|█████████▋| 5608/5794 [01:25<00:02, 63.39it/s]
 97%|█████████▋| 5615/5794 [01:25<00:02, 63.29it/s]
 97%|█████████▋| 5622/5794 [01:25<00:02, 63.48it/s]
 97%|█████████▋| 5629/5794 [01:25<00:02, 63.36it/s]
 97%|█████████▋| 5636/5794 [01:25<00:02, 63.24it/s]
 97%|█████████▋| 5643/5794 [01:25<00:02, 63.12it/s]
 98%|█████████▊| 5650/5794 [01:25<00:02, 63.21it/s]
 98%|█████████▊| 5657/5794 [01:26<00:02, 63.48it/s]
 98%|█████████▊| 5664/5794 [01:26<00:02, 63.54it/s]
 98%|█████████▊| 5671/5794 [01:26<00:01, 64.29it/s]
 98%|█████████▊| 5679/5794 [01:26<00:01, 66.35it/s]
 98%|█████████▊| 5687/5794 [01:26<00:01, 67.51it/s]
 98%|█████████▊| 5695/5794 [01:26<00:01, 68.38it/s]
 98%|█████████▊| 5703/5794 [01:26<00:01, 68.91it/s]
 99%|█████████▊| 5711/5794 [01:26<00:01, 69.52it/s]
 99%|█████████▊| 5719/5794 [01:26<00:01, 69.90it/s]
 99%|█████████▉| 5727/5794 [01:27<00:00, 70.17it/s]
 99%|█████████▉| 5735/5794 [01:27<00:00, 70.10it/s]
 99%|█████████▉| 5743/5794 [01:27<00:00, 70.35it/s]
 99%|█████████▉| 5751/5794 [01:27<00:00, 70.42it/s]
 99%|█████████▉| 5759/5794 [01:27<00:00, 70.61it/s]
100%|█████████▉| 5767/5794 [01:27<00:00, 70.50it/s]
100%|█████████▉| 5775/5794 [01:27<00:00, 70.75it/s]
100%|█████████▉| 5783/5794 [01:27<00:00, 70.84it/s]
100%|█████████▉| 5791/5794 [01:27<00:00, 71.03it/s]
100%|██████████| 5794/5794 [01:28<00:00, 65.80it/s]
BALANCED ACCS CHECKED FOR TEST
TEST SET RESULTS FOR CHECKPOINT trained_weights/waterbirds/upweight_waterbird_complete95_forest2water2_21047520_trial_000/best_balanced_valacc_0.67_epoch_0.ckpt
test_acc: 0.6536071798412151
balanced_test_acc: 0.6632916813450207
Land_on_Land_test_acc: 0.9778270509977827
Land_on_Water_test_acc: 0.3139689578713969
Water_on_Land_test_acc: 0.3987538940809969
Water_on_Water_test_acc: 0.9626168224299065
test_acc_Waterbird: 0.6806853582554517
test_acc_Landbird: 0.6458980044345898
