[CMD] /home/ryreu/miniconda3/envs/gals_a100/bin/python -u main.py --config configs/waterbirds_100_gals.yaml --name gals_waterbird_1.0_forest2water2_21048936_trial_000 DATA.ROOT=/home/ryreu/guided_cnn/waterbirds DATA.WATERBIRDS_DIR=waterbird_1.0_forest2water2 SEED=0 EXP.BASE.LR=0.0010000000000000002 EXP.CLASSIFIER.LR=9.999999999999991e-05 EXP.WEIGHT_DECAY=9.999999999999997e-06 EXP.AUX_LOSSES_ON_VAL=False EXP.LOSSES.GRADIENT_OUTSIDE.WEIGHT=10.000000000000002 EXP.NUM_EPOCHS=1
SEED: 0
DATA:
  BATCH_SIZE: 96
  NUM_WORKERS: 4
  SIZE: 224
  NORMALIZATION: imagenet
  ATTENTION_DIR: clip_rn50_attention_gradcam
  SEPARATE_CLASSES: false
  REMOVE_BACKGROUND: false
  ROOT: /home/ryreu/guided_cnn/waterbirds
  USE_CLASS_WEIGHTS: false
  USE_GROUP_WEIGHTS: false
  DATASET: waterbirds
  NUM_CLASSES: 2
  CONFOUNDING_FACTOR: 1.0
  WATERBIRDS_DIR: waterbird_1.0_forest2water2
EXP:
  NUM_TRIALS: 1
  LOSSES:
    CLASSIFICATION:
      WEIGHT: 1
    GRADIENT_OUTSIDE:
      COMPUTE: true
      LOG: false
      WEIGHT: 10.000000000000002
      CRITERION: L1
      GT: clip_rn50
      COMBINE_ATT_MODE: average_nonzero
    GRADIENT_INSIDE:
      COMPUTE: false
      LOG: false
      WEIGHT: 1
      CRITERION: L1
      GT: segmentation
      COMBINE_ATT_MODE: average_nonzero
    GRADCAM:
      COMPUTE: false
      LOG: false
      WEIGHT: 1
      CRITERION: L1
      GT: segmentation
      MODE: match
      COMBINE_ATT_MODE: average_nonzero
  APPROACH: generic
  MODEL: resnet50
  PRETRAINED: true
  NUM_EPOCHS: 1
  OPTIMIZER: SGD
  WEIGHT_DECAY: 9.999999999999997e-06
  MOMENTUM: 0.9
  SCHEDULER: NONE
  BASE:
    LR: 0.0010000000000000002
  CLASSIFIER:
    LR: 9.999999999999991e-05
  AUX_LOSSES_ON_VAL: false
LOGGING:
  SAVE_EVERY: 0
  SAVE_BEST: true
  SAVE_LAST: false
  LOG_ATTENTION: false
  LOG_ATTENTION_STEP: 10
  SAVE_STATS_PATH: null
yaml: configs/waterbirds_100_gals.yaml
name: gals_waterbird_1.0_forest2water2_21048936_trial_000
test_checkpoint: null

WATERBIRDS DIR: /home/ryreu/guided_cnn/waterbirds/waterbird_1.0_forest2water2
NUMBER OF SAMPLES WITH LABEL Landbird: 3684
NUMBER OF SAMPLES WITH LABEL Waterbird: 1111
NUMBER OF SAMPLES WITH GROUP Land_on_Land: 3684
NUMBER OF SAMPLES WITH GROUP Land_on_Water: 0
NUMBER OF SAMPLES WITH GROUP Water_on_Land: 0
NUMBER OF SAMPLES WITH GROUP Water_on_Water: 1111
WATERBIRDS DIR: /home/ryreu/guided_cnn/waterbirds/waterbird_1.0_forest2water2
NUMBER OF SAMPLES WITH LABEL Landbird: 931
NUMBER OF SAMPLES WITH LABEL Waterbird: 268
NUMBER OF SAMPLES WITH GROUP Land_on_Land: 465
NUMBER OF SAMPLES WITH GROUP Land_on_Water: 466
NUMBER OF SAMPLES WITH GROUP Water_on_Land: 134
NUMBER OF SAMPLES WITH GROUP Water_on_Water: 134
NUM TRAIN: 4795

NUM VAL:   1199

Number classifier outputs: 1
Using pretrained model: True
USING SGD OPTIMIZER
class weights: None
group weights: None
WANDB DISABLED: skipping wandb.init()
EPOCH: 0

>>> TRAINING 


  0%|          | 0/50 [00:00<?, ?it/s]
  2%|▏         | 1/50 [00:07<06:06,  7.48s/it]
  4%|▍         | 2/50 [00:08<02:58,  3.72s/it]
  6%|▌         | 3/50 [00:09<01:58,  2.52s/it]
  8%|▊         | 4/50 [00:10<01:29,  1.95s/it]
 10%|█         | 5/50 [00:11<01:13,  1.64s/it]
 12%|█▏        | 6/50 [00:12<01:03,  1.45s/it]
 14%|█▍        | 7/50 [00:14<00:57,  1.33s/it]
 16%|█▌        | 8/50 [00:15<00:52,  1.25s/it]
 18%|█▊        | 9/50 [00:16<00:49,  1.20s/it]
 20%|██        | 10/50 [00:17<00:46,  1.17s/it]
 22%|██▏       | 11/50 [00:18<00:44,  1.14s/it]
 24%|██▍       | 12/50 [00:19<00:42,  1.13s/it]
 26%|██▌       | 13/50 [00:20<00:41,  1.11s/it]
 28%|██▊       | 14/50 [00:21<00:39,  1.11s/it]
 30%|███       | 15/50 [00:22<00:38,  1.10s/it]
 32%|███▏      | 16/50 [00:23<00:37,  1.10s/it]
 34%|███▍      | 17/50 [00:24<00:36,  1.10s/it]
 36%|███▌      | 18/50 [00:25<00:35,  1.10s/it]
 38%|███▊      | 19/50 [00:27<00:33,  1.09s/it]
 40%|████      | 20/50 [00:28<00:32,  1.09s/it]
 42%|████▏     | 21/50 [00:29<00:31,  1.09s/it]
 44%|████▍     | 22/50 [00:30<00:30,  1.09s/it]
 46%|████▌     | 23/50 [00:31<00:29,  1.09s/it]
 48%|████▊     | 24/50 [00:32<00:28,  1.09s/it]
 50%|█████     | 25/50 [00:33<00:27,  1.09s/it]
 52%|█████▏    | 26/50 [00:34<00:26,  1.09s/it]
 54%|█████▍    | 27/50 [00:35<00:25,  1.09s/it]
 56%|█████▌    | 28/50 [00:36<00:23,  1.09s/it]
 58%|█████▊    | 29/50 [00:37<00:22,  1.09s/it]
 60%|██████    | 30/50 [00:39<00:21,  1.09s/it]
 62%|██████▏   | 31/50 [00:40<00:20,  1.09s/it]
 64%|██████▍   | 32/50 [00:41<00:19,  1.09s/it]
 66%|██████▌   | 33/50 [00:42<00:18,  1.09s/it]
 68%|██████▊   | 34/50 [00:43<00:17,  1.09s/it]
 70%|███████   | 35/50 [00:44<00:16,  1.09s/it]
 72%|███████▏  | 36/50 [00:45<00:15,  1.09s/it]
 74%|███████▍  | 37/50 [00:46<00:14,  1.09s/it]
 76%|███████▌  | 38/50 [00:47<00:13,  1.09s/it]
 78%|███████▊  | 39/50 [00:48<00:12,  1.09s/it]
 80%|████████  | 40/50 [00:49<00:10,  1.09s/it]
 82%|████████▏ | 41/50 [00:51<00:09,  1.09s/it]
 84%|████████▍ | 42/50 [00:52<00:08,  1.09s/it]
 86%|████████▌ | 43/50 [00:53<00:07,  1.09s/it]
 88%|████████▊ | 44/50 [00:54<00:06,  1.09s/it]
 90%|█████████ | 45/50 [00:55<00:05,  1.09s/it]
 92%|█████████▏| 46/50 [00:56<00:04,  1.10s/it]
 94%|█████████▍| 47/50 [00:57<00:03,  1.10s/it]
 96%|█████████▌| 48/50 [00:58<00:02,  1.10s/it]
 98%|█████████▊| 49/50 [00:59<00:01,  1.10s/it]
100%|██████████| 50/50 [01:00<00:00,  1.10s/it]
100%|██████████| 50/50 [01:00<00:00,  1.22s/it]
>>> VALIDATING 


  0%|          | 0/13 [00:00<?, ?it/s]
  8%|▊         | 1/13 [00:03<00:36,  3.04s/it]
 15%|█▌        | 2/13 [00:03<00:14,  1.32s/it]
 31%|███       | 4/13 [00:03<00:04,  1.83it/s]
 38%|███▊      | 5/13 [00:05<00:09,  1.13s/it]
 46%|████▌     | 6/13 [00:05<00:05,  1.20it/s]
 62%|██████▏   | 8/13 [00:06<00:02,  1.82it/s]
 69%|██████▉   | 9/13 [00:08<00:04,  1.05s/it]
 77%|███████▋  | 10/13 [00:09<00:02,  1.05it/s]
 92%|█████████▏| 12/13 [00:09<00:00,  1.74it/s]
100%|██████████| 13/13 [00:10<00:00,  1.73it/s]
100%|██████████| 13/13 [00:10<00:00,  1.25it/s]
>>> LOGGING 

BALANCED ACCS CHECKED FOR TRAIN
BALANCED ACCS CHECKED FOR VAL
train_acc: 0.7293013555787279
val_acc: 0.6847372810675563
train_cls_loss: 0.47433366599619947
val_cls_loss: 0.5664852829502462
train_total_loss: 0.4743643726124132
val_total_loss: 0.5664852829502462
balanced_train_acc: 0.6122934361840093
balanced_val_acc: 0.5711279798643731
Land_on_Land_train_acc: 0.8303474484256244
Land_on_Land_val_acc: 0.9956989247311828
Land_on_Water_train_acc: 0
Land_on_Water_val_acc: 0.5579399141630901
Water_on_Land_train_acc: 0
Water_on_Land_val_acc: 0.03731343283582089
Water_on_Water_train_acc: 0.39423942394239425
Water_on_Water_val_acc: 0.6940298507462687
train_dydx_outside_clip_rn50_loss: 3.070446202990381e-05
train_acc_Landbird: 0.8303474484256244
train_acc_Waterbird: 0.39423942394239425
val_acc_Landbird: 0.7765843179377014
val_acc_Waterbird: 0.3656716417910448
TRAIN ACC:        0.7293013555787279
VAL ACC:          0.6847372810675563
BALANCED VAL ACC: 0.5711279798643731
prev best list: []
Saving to trained_weights/waterbirds/gals_waterbird_1.0_forest2water2_21048936_trial_000/best_balanced_valacc_0.57_epoch_0.ckpt
>>> EVALUATING ON TEST SET
WATERBIRDS DIR: /home/ryreu/guided_cnn/waterbirds/waterbird_1.0_forest2water2
NUMBER OF SAMPLES WITH LABEL Landbird: 4510
NUMBER OF SAMPLES WITH LABEL Waterbird: 1284
NUMBER OF SAMPLES WITH GROUP Land_on_Land: 2255
NUMBER OF SAMPLES WITH GROUP Land_on_Water: 2255
NUMBER OF SAMPLES WITH GROUP Water_on_Land: 642
NUMBER OF SAMPLES WITH GROUP Water_on_Water: 642
NUM TEST:   5794

Loaded checkpoint trained_weights/waterbirds/gals_waterbird_1.0_forest2water2_21048936_trial_000/best_balanced_valacc_0.57_epoch_0.ckpt

  0%|          | 0/5794 [00:00<?, ?it/s]
  0%|          | 1/5794 [00:00<20:50,  4.63it/s]
  0%|          | 7/5794 [00:00<03:42, 26.02it/s]
  0%|          | 14/5794 [00:00<02:26, 39.33it/s]
  0%|          | 20/5794 [00:00<02:05, 45.97it/s]
  0%|          | 26/5794 [00:00<01:55, 50.02it/s]
  1%|          | 32/5794 [00:00<01:49, 52.78it/s]
  1%|          | 38/5794 [00:00<01:45, 54.35it/s]
  1%|          | 45/5794 [00:00<01:42, 56.03it/s]
  1%|          | 52/5794 [00:01<01:39, 57.65it/s]
  1%|          | 58/5794 [00:01<01:39, 57.36it/s]
  1%|          | 65/5794 [00:01<01:36, 59.18it/s]
  1%|          | 71/5794 [00:01<01:36, 59.35it/s]
  1%|▏         | 77/5794 [00:01<01:36, 59.34it/s]
  1%|▏         | 83/5794 [00:01<01:36, 58.93it/s]
  2%|▏         | 89/5794 [00:01<01:37, 58.74it/s]
  2%|▏         | 95/5794 [00:01<01:37, 58.65it/s]
  2%|▏         | 101/5794 [00:01<01:37, 58.69it/s]
  2%|▏         | 107/5794 [00:02<01:36, 58.73it/s]
  2%|▏         | 113/5794 [00:02<01:36, 58.77it/s]
  2%|▏         | 119/5794 [00:02<01:36, 58.70it/s]
  2%|▏         | 125/5794 [00:02<01:37, 58.41it/s]
  2%|▏         | 132/5794 [00:02<01:36, 58.90it/s]
  2%|▏         | 138/5794 [00:02<01:36, 58.35it/s]
  3%|▎         | 145/5794 [00:02<01:35, 59.31it/s]
  3%|▎         | 152/5794 [00:02<01:34, 59.51it/s]
  3%|▎         | 158/5794 [00:02<01:35, 58.97it/s]
  3%|▎         | 165/5794 [00:02<01:34, 59.43it/s]
  3%|▎         | 172/5794 [00:03<01:34, 59.61it/s]
  3%|▎         | 179/5794 [00:03<01:33, 60.37it/s]
  3%|▎         | 186/5794 [00:03<01:30, 62.25it/s]
  3%|▎         | 194/5794 [00:03<01:26, 64.73it/s]
  3%|▎         | 201/5794 [00:03<01:24, 66.17it/s]
  4%|▎         | 208/5794 [00:03<01:25, 65.45it/s]
  4%|▎         | 215/5794 [00:03<01:28, 62.88it/s]
  4%|▍         | 222/5794 [00:03<01:30, 61.87it/s]
  4%|▍         | 229/5794 [00:04<01:30, 61.24it/s]
  4%|▍         | 236/5794 [00:04<01:32, 59.82it/s]
  4%|▍         | 243/5794 [00:04<01:32, 59.93it/s]
  4%|▍         | 250/5794 [00:04<01:32, 60.01it/s]
  4%|▍         | 257/5794 [00:04<01:31, 60.25it/s]
  5%|▍         | 264/5794 [00:04<01:31, 60.30it/s]
  5%|▍         | 271/5794 [00:04<01:31, 60.20it/s]
  5%|▍         | 278/5794 [00:04<01:32, 59.94it/s]
  5%|▍         | 284/5794 [00:04<01:32, 59.76it/s]
  5%|▌         | 290/5794 [00:05<01:32, 59.72it/s]
  5%|▌         | 296/5794 [00:05<01:32, 59.53it/s]
  5%|▌         | 302/5794 [00:05<01:32, 59.41it/s]
  5%|▌         | 308/5794 [00:05<01:32, 59.14it/s]
  5%|▌         | 315/5794 [00:05<01:31, 59.61it/s]
  6%|▌         | 322/5794 [00:05<01:30, 60.25it/s]
  6%|▌         | 329/5794 [00:05<01:29, 60.73it/s]
  6%|▌         | 336/5794 [00:05<01:28, 61.67it/s]
  6%|▌         | 343/5794 [00:05<01:28, 61.62it/s]
  6%|▌         | 350/5794 [00:06<01:28, 61.72it/s]
  6%|▌         | 357/5794 [00:06<01:29, 61.08it/s]
  6%|▋         | 364/5794 [00:06<01:29, 60.35it/s]
  6%|▋         | 371/5794 [00:06<01:30, 59.97it/s]
  7%|▋         | 378/5794 [00:06<01:28, 60.99it/s]
  7%|▋         | 385/5794 [00:06<01:28, 61.24it/s]
  7%|▋         | 392/5794 [00:06<01:28, 61.12it/s]
  7%|▋         | 399/5794 [00:06<01:28, 61.16it/s]
  7%|▋         | 406/5794 [00:06<01:28, 61.11it/s]
  7%|▋         | 413/5794 [00:07<01:27, 61.36it/s]
  7%|▋         | 420/5794 [00:07<01:27, 61.49it/s]
  7%|▋         | 427/5794 [00:07<01:27, 61.23it/s]
  7%|▋         | 434/5794 [00:07<01:27, 61.05it/s]
  8%|▊         | 441/5794 [00:07<01:28, 60.23it/s]
  8%|▊         | 448/5794 [00:07<01:28, 60.31it/s]
  8%|▊         | 455/5794 [00:07<01:28, 60.16it/s]
  8%|▊         | 462/5794 [00:07<01:49, 48.64it/s]
  8%|▊         | 469/5794 [00:08<01:41, 52.28it/s]
  8%|▊         | 475/5794 [00:08<01:38, 53.90it/s]
  8%|▊         | 481/5794 [00:08<01:36, 54.94it/s]
  8%|▊         | 487/5794 [00:08<01:34, 55.87it/s]
  9%|▊         | 493/5794 [00:08<01:33, 56.42it/s]
  9%|▊         | 499/5794 [00:08<01:32, 57.21it/s]
  9%|▊         | 506/5794 [00:08<01:28, 59.44it/s]
  9%|▉         | 513/5794 [00:08<01:25, 61.80it/s]
  9%|▉         | 520/5794 [00:08<01:23, 63.01it/s]
  9%|▉         | 527/5794 [00:08<01:21, 64.69it/s]
  9%|▉         | 535/5794 [00:09<01:18, 66.74it/s]
  9%|▉         | 542/5794 [00:09<01:17, 67.45it/s]
  9%|▉         | 550/5794 [00:09<01:16, 68.67it/s]
 10%|▉         | 557/5794 [00:09<01:15, 68.97it/s]
 10%|▉         | 565/5794 [00:09<01:15, 69.21it/s]
 10%|▉         | 572/5794 [00:09<01:15, 69.05it/s]
 10%|▉         | 579/5794 [00:09<01:16, 68.46it/s]
 10%|█         | 587/5794 [00:09<01:15, 69.03it/s]
 10%|█         | 594/5794 [00:09<01:15, 68.98it/s]
 10%|█         | 601/5794 [00:10<01:16, 68.17it/s]
 10%|█         | 608/5794 [00:10<01:17, 67.26it/s]
 11%|█         | 615/5794 [00:10<01:17, 67.19it/s]
 11%|█         | 622/5794 [00:10<01:17, 66.63it/s]
 11%|█         | 629/5794 [00:10<01:17, 66.40it/s]
 11%|█         | 636/5794 [00:10<01:16, 67.14it/s]
 11%|█         | 643/5794 [00:10<01:16, 67.20it/s]
 11%|█         | 650/5794 [00:10<01:16, 66.85it/s]
 11%|█▏        | 657/5794 [00:10<01:16, 67.04it/s]
 11%|█▏        | 664/5794 [00:11<01:16, 67.49it/s]
 12%|█▏        | 671/5794 [00:11<01:15, 68.09it/s]
 12%|█▏        | 679/5794 [00:11<01:13, 69.71it/s]
 12%|█▏        | 686/5794 [00:11<01:16, 66.87it/s]
 12%|█▏        | 693/5794 [00:11<01:17, 65.65it/s]
 12%|█▏        | 700/5794 [00:11<01:18, 64.54it/s]
 12%|█▏        | 707/5794 [00:11<01:20, 62.98it/s]
 12%|█▏        | 714/5794 [00:11<01:21, 62.33it/s]
 12%|█▏        | 721/5794 [00:11<01:22, 61.76it/s]
 13%|█▎        | 728/5794 [00:12<01:23, 60.98it/s]
 13%|█▎        | 735/5794 [00:12<01:23, 60.49it/s]
 13%|█▎        | 742/5794 [00:12<01:23, 60.28it/s]
 13%|█▎        | 749/5794 [00:12<01:23, 60.48it/s]
 13%|█▎        | 756/5794 [00:12<01:23, 60.64it/s]
 13%|█▎        | 763/5794 [00:12<01:23, 60.45it/s]
 13%|█▎        | 770/5794 [00:12<01:23, 59.95it/s]
 13%|█▎        | 777/5794 [00:12<01:23, 60.26it/s]
 14%|█▎        | 784/5794 [00:12<01:23, 60.24it/s]
 14%|█▎        | 791/5794 [00:13<01:22, 60.69it/s]
 14%|█▍        | 798/5794 [00:13<01:22, 60.84it/s]
 14%|█▍        | 805/5794 [00:13<01:22, 60.75it/s]
 14%|█▍        | 812/5794 [00:13<01:21, 60.90it/s]
 14%|█▍        | 819/5794 [00:13<01:21, 60.78it/s]
 14%|█▍        | 826/5794 [00:13<01:22, 60.48it/s]
 14%|█▍        | 833/5794 [00:13<01:20, 61.81it/s]
 14%|█▍        | 840/5794 [00:13<01:20, 61.32it/s]
 15%|█▍        | 847/5794 [00:13<01:21, 60.80it/s]
 15%|█▍        | 854/5794 [00:14<01:21, 60.77it/s]
 15%|█▍        | 861/5794 [00:14<01:21, 60.20it/s]
 15%|█▍        | 868/5794 [00:14<01:22, 59.65it/s]
 15%|█▌        | 874/5794 [00:14<01:22, 59.61it/s]
 15%|█▌        | 880/5794 [00:14<01:22, 59.31it/s]
 15%|█▌        | 887/5794 [00:14<01:21, 60.32it/s]
 15%|█▌        | 894/5794 [00:14<01:20, 60.63it/s]
 16%|█▌        | 901/5794 [00:14<01:19, 61.18it/s]
 16%|█▌        | 908/5794 [00:14<01:19, 61.37it/s]
 16%|█▌        | 915/5794 [00:15<01:19, 61.58it/s]
 16%|█▌        | 922/5794 [00:15<01:17, 63.20it/s]
 16%|█▌        | 930/5794 [00:15<01:14, 65.66it/s]
 16%|█▌        | 937/5794 [00:15<01:12, 66.83it/s]
 16%|█▋        | 944/5794 [00:15<01:11, 67.69it/s]
 16%|█▋        | 952/5794 [00:15<01:10, 68.62it/s]
 17%|█▋        | 960/5794 [00:15<01:10, 68.16it/s]
 17%|█▋        | 968/5794 [00:15<01:09, 69.38it/s]
 17%|█▋        | 976/5794 [00:15<01:08, 69.92it/s]
 17%|█▋        | 983/5794 [00:16<01:08, 69.89it/s]
 17%|█▋        | 991/5794 [00:16<01:08, 70.00it/s]
 17%|█▋        | 999/5794 [00:16<01:07, 70.65it/s]
 17%|█▋        | 1007/5794 [00:16<01:08, 70.22it/s]
 18%|█▊        | 1015/5794 [00:16<01:07, 70.72it/s]
 18%|█▊        | 1023/5794 [00:16<01:07, 70.43it/s]
 18%|█▊        | 1031/5794 [00:16<01:07, 70.14it/s]
 18%|█▊        | 1039/5794 [00:16<01:07, 70.60it/s]
 18%|█▊        | 1047/5794 [00:16<01:07, 70.76it/s]
 18%|█▊        | 1055/5794 [00:17<01:07, 70.66it/s]
 18%|█▊        | 1063/5794 [00:17<01:07, 70.00it/s]
 18%|█▊        | 1071/5794 [00:17<01:06, 70.61it/s]
 19%|█▊        | 1079/5794 [00:17<01:06, 70.55it/s]
 19%|█▉        | 1087/5794 [00:17<01:06, 70.77it/s]
 19%|█▉        | 1095/5794 [00:17<01:06, 70.62it/s]
 19%|█▉        | 1103/5794 [00:17<01:06, 70.72it/s]
 19%|█▉        | 1111/5794 [00:17<01:06, 70.60it/s]
 19%|█▉        | 1119/5794 [00:18<01:06, 70.70it/s]
 19%|█▉        | 1127/5794 [00:18<01:06, 70.24it/s]
 20%|█▉        | 1135/5794 [00:18<01:06, 70.39it/s]
 20%|█▉        | 1143/5794 [00:18<01:07, 69.40it/s]
 20%|█▉        | 1150/5794 [00:18<01:08, 67.53it/s]
 20%|█▉        | 1157/5794 [00:18<01:10, 66.17it/s]
 20%|██        | 1164/5794 [00:18<01:11, 64.67it/s]
 20%|██        | 1171/5794 [00:18<01:11, 64.55it/s]
 20%|██        | 1178/5794 [00:18<01:12, 63.86it/s]
 20%|██        | 1185/5794 [00:19<01:12, 63.64it/s]
 21%|██        | 1192/5794 [00:19<01:12, 63.40it/s]
 21%|██        | 1199/5794 [00:19<01:12, 63.34it/s]
 21%|██        | 1206/5794 [00:19<01:12, 63.08it/s]
 21%|██        | 1213/5794 [00:19<01:12, 63.37it/s]
 21%|██        | 1220/5794 [00:19<01:12, 63.08it/s]
 21%|██        | 1227/5794 [00:19<01:12, 63.03it/s]
 21%|██▏       | 1234/5794 [00:19<01:12, 62.74it/s]
 21%|██▏       | 1241/5794 [00:19<01:12, 63.13it/s]
 22%|██▏       | 1248/5794 [00:20<01:13, 62.25it/s]
 22%|██▏       | 1255/5794 [00:20<01:11, 63.45it/s]
 22%|██▏       | 1262/5794 [00:20<01:09, 64.92it/s]
 22%|██▏       | 1269/5794 [00:20<01:10, 64.33it/s]
 22%|██▏       | 1276/5794 [00:20<01:11, 63.34it/s]
 22%|██▏       | 1283/5794 [00:20<01:11, 63.11it/s]
 22%|██▏       | 1290/5794 [00:20<01:12, 62.55it/s]
 22%|██▏       | 1297/5794 [00:20<01:11, 62.99it/s]
 23%|██▎       | 1304/5794 [00:20<01:15, 59.10it/s]
 23%|██▎       | 1311/5794 [00:21<01:14, 60.26it/s]
 23%|██▎       | 1318/5794 [00:21<01:14, 60.39it/s]
 23%|██▎       | 1325/5794 [00:21<01:13, 61.21it/s]
 23%|██▎       | 1332/5794 [00:21<01:12, 61.60it/s]
 23%|██▎       | 1339/5794 [00:21<01:12, 61.38it/s]
 23%|██▎       | 1346/5794 [00:21<01:11, 62.12it/s]
 23%|██▎       | 1353/5794 [00:21<01:11, 61.99it/s]
 23%|██▎       | 1360/5794 [00:21<01:11, 62.31it/s]
 24%|██▎       | 1367/5794 [00:21<01:10, 62.84it/s]
 24%|██▎       | 1374/5794 [00:22<01:10, 62.67it/s]
 24%|██▍       | 1381/5794 [00:22<01:09, 63.30it/s]
 24%|██▍       | 1388/5794 [00:22<01:09, 63.37it/s]
 24%|██▍       | 1395/5794 [00:22<01:09, 63.30it/s]
 24%|██▍       | 1402/5794 [00:22<01:09, 63.29it/s]
 24%|██▍       | 1409/5794 [00:22<01:09, 63.33it/s]
 24%|██▍       | 1416/5794 [00:22<01:09, 63.21it/s]
 25%|██▍       | 1423/5794 [00:22<01:09, 63.31it/s]
 25%|██▍       | 1430/5794 [00:22<01:09, 62.72it/s]
 25%|██▍       | 1437/5794 [00:23<01:08, 63.79it/s]
 25%|██▍       | 1444/5794 [00:23<01:08, 63.62it/s]
 25%|██▌       | 1451/5794 [00:23<01:08, 63.60it/s]
 25%|██▌       | 1458/5794 [00:23<01:08, 63.50it/s]
 25%|██▌       | 1465/5794 [00:23<01:08, 63.50it/s]
 25%|██▌       | 1472/5794 [00:23<01:08, 63.23it/s]
 26%|██▌       | 1479/5794 [00:23<01:08, 62.71it/s]
 26%|██▌       | 1486/5794 [00:23<01:08, 62.58it/s]
 26%|██▌       | 1493/5794 [00:23<01:07, 63.66it/s]
 26%|██▌       | 1501/5794 [00:24<01:04, 66.25it/s]
 26%|██▌       | 1509/5794 [00:24<01:03, 67.43it/s]
 26%|██▌       | 1517/5794 [00:24<01:01, 69.25it/s]
 26%|██▋       | 1524/5794 [00:24<01:02, 68.83it/s]
 26%|██▋       | 1532/5794 [00:24<01:00, 70.50it/s]
 27%|██▋       | 1540/5794 [00:24<00:59, 71.26it/s]
 27%|██▋       | 1548/5794 [00:24<01:01, 68.51it/s]
 27%|██▋       | 1555/5794 [00:24<01:03, 66.90it/s]
 27%|██▋       | 1562/5794 [00:24<01:04, 65.82it/s]
 27%|██▋       | 1569/5794 [00:25<01:05, 64.87it/s]
 27%|██▋       | 1576/5794 [00:25<01:05, 64.06it/s]
 27%|██▋       | 1583/5794 [00:25<01:06, 63.58it/s]
 27%|██▋       | 1590/5794 [00:25<01:07, 62.60it/s]
 28%|██▊       | 1597/5794 [00:25<01:06, 63.06it/s]
 28%|██▊       | 1604/5794 [00:25<01:06, 62.80it/s]
 28%|██▊       | 1611/5794 [00:25<01:07, 62.42it/s]
 28%|██▊       | 1618/5794 [00:25<01:24, 49.41it/s]
 28%|██▊       | 1624/5794 [00:26<01:20, 51.85it/s]
 28%|██▊       | 1631/5794 [00:26<01:15, 55.04it/s]
 28%|██▊       | 1638/5794 [00:26<01:13, 56.62it/s]
 28%|██▊       | 1645/5794 [00:26<01:10, 58.50it/s]
 29%|██▊       | 1652/5794 [00:26<01:09, 59.43it/s]
 29%|██▊       | 1659/5794 [00:26<01:09, 59.88it/s]
 29%|██▉       | 1666/5794 [00:26<01:07, 61.06it/s]
 29%|██▉       | 1673/5794 [00:26<01:07, 61.07it/s]
 29%|██▉       | 1680/5794 [00:26<01:07, 61.33it/s]
 29%|██▉       | 1687/5794 [00:27<01:06, 61.54it/s]
 29%|██▉       | 1694/5794 [00:27<01:06, 61.57it/s]
 29%|██▉       | 1701/5794 [00:27<01:06, 61.53it/s]
 29%|██▉       | 1708/5794 [00:27<01:06, 61.43it/s]
 30%|██▉       | 1715/5794 [00:27<01:06, 61.65it/s]
 30%|██▉       | 1722/5794 [00:27<01:05, 61.97it/s]
 30%|██▉       | 1729/5794 [00:27<01:06, 61.46it/s]
 30%|██▉       | 1736/5794 [00:27<01:05, 62.28it/s]
 30%|███       | 1743/5794 [00:27<01:05, 62.23it/s]
 30%|███       | 1750/5794 [00:28<01:05, 61.91it/s]
 30%|███       | 1757/5794 [00:28<01:04, 62.12it/s]
 30%|███       | 1764/5794 [00:28<01:04, 62.07it/s]
 31%|███       | 1771/5794 [00:28<01:04, 62.05it/s]
 31%|███       | 1778/5794 [00:28<01:04, 61.83it/s]
 31%|███       | 1785/5794 [00:28<01:04, 61.92it/s]
 31%|███       | 1792/5794 [00:28<01:05, 61.45it/s]
 31%|███       | 1799/5794 [00:28<01:05, 61.22it/s]
 31%|███       | 1806/5794 [00:28<01:05, 60.84it/s]
 31%|███▏      | 1813/5794 [00:29<01:04, 61.53it/s]
 31%|███▏      | 1820/5794 [00:29<01:04, 61.66it/s]
 32%|███▏      | 1827/5794 [00:29<01:04, 61.54it/s]
 32%|███▏      | 1834/5794 [00:29<01:04, 61.68it/s]
 32%|███▏      | 1841/5794 [00:29<01:04, 61.55it/s]
 32%|███▏      | 1848/5794 [00:29<01:03, 61.74it/s]
 32%|███▏      | 1855/5794 [00:29<01:03, 61.75it/s]
 32%|███▏      | 1862/5794 [00:29<01:03, 62.28it/s]
 32%|███▏      | 1869/5794 [00:29<01:01, 64.33it/s]
 32%|███▏      | 1876/5794 [00:30<01:00, 64.37it/s]
 32%|███▏      | 1883/5794 [00:30<01:02, 62.78it/s]
 33%|███▎      | 1890/5794 [00:30<01:03, 61.32it/s]
 33%|███▎      | 1897/5794 [00:30<01:03, 61.78it/s]
 33%|███▎      | 1904/5794 [00:30<01:03, 61.23it/s]
 33%|███▎      | 1911/5794 [00:30<01:03, 61.46it/s]
 33%|███▎      | 1918/5794 [00:30<01:03, 60.98it/s]
 33%|███▎      | 1925/5794 [00:30<01:03, 60.92it/s]
 33%|███▎      | 1932/5794 [00:31<01:03, 60.56it/s]
 33%|███▎      | 1939/5794 [00:31<01:03, 60.68it/s]
 34%|███▎      | 1946/5794 [00:31<01:03, 60.95it/s]
 34%|███▎      | 1953/5794 [00:31<01:03, 60.64it/s]
 34%|███▍      | 1960/5794 [00:31<01:03, 60.76it/s]
 34%|███▍      | 1967/5794 [00:31<01:03, 60.20it/s]
 34%|███▍      | 1974/5794 [00:31<01:04, 59.14it/s]
 34%|███▍      | 1981/5794 [00:31<01:03, 60.26it/s]
 34%|███▍      | 1988/5794 [00:31<01:02, 60.98it/s]
 34%|███▍      | 1995/5794 [00:32<01:02, 60.79it/s]
 35%|███▍      | 2002/5794 [00:32<01:01, 61.48it/s]
 35%|███▍      | 2009/5794 [00:32<01:01, 61.64it/s]
 35%|███▍      | 2016/5794 [00:32<01:01, 61.72it/s]
 35%|███▍      | 2023/5794 [00:32<01:01, 61.43it/s]
 35%|███▌      | 2030/5794 [00:32<01:01, 61.34it/s]
 35%|███▌      | 2037/5794 [00:32<01:01, 61.42it/s]
 35%|███▌      | 2044/5794 [00:32<01:01, 61.40it/s]
 35%|███▌      | 2051/5794 [00:32<01:01, 61.29it/s]
 36%|███▌      | 2058/5794 [00:33<01:01, 60.36it/s]
 36%|███▌      | 2065/5794 [00:33<01:01, 61.12it/s]
 36%|███▌      | 2072/5794 [00:33<01:01, 60.85it/s]
 36%|███▌      | 2079/5794 [00:33<01:00, 61.36it/s]
 36%|███▌      | 2086/5794 [00:33<01:00, 61.76it/s]
 36%|███▌      | 2093/5794 [00:33<01:00, 61.59it/s]
 36%|███▌      | 2100/5794 [00:33<01:00, 60.69it/s]
 36%|███▋      | 2107/5794 [00:33<01:01, 60.36it/s]
 36%|███▋      | 2114/5794 [00:33<01:00, 61.16it/s]
 37%|███▋      | 2121/5794 [00:34<01:00, 61.15it/s]
 37%|███▋      | 2128/5794 [00:34<00:59, 61.11it/s]
 37%|███▋      | 2135/5794 [00:34<00:59, 61.44it/s]
 37%|███▋      | 2142/5794 [00:34<00:59, 61.23it/s]
 37%|███▋      | 2149/5794 [00:34<00:59, 61.25it/s]
 37%|███▋      | 2156/5794 [00:34<00:59, 61.61it/s]
 37%|███▋      | 2163/5794 [00:34<00:59, 61.35it/s]
 37%|███▋      | 2170/5794 [00:34<00:58, 61.59it/s]
 38%|███▊      | 2177/5794 [00:35<00:58, 62.15it/s]
 38%|███▊      | 2184/5794 [00:35<00:57, 62.32it/s]
 38%|███▊      | 2191/5794 [00:35<00:58, 62.07it/s]
 38%|███▊      | 2198/5794 [00:35<00:57, 62.10it/s]
 38%|███▊      | 2205/5794 [00:35<00:57, 62.00it/s]
 38%|███▊      | 2212/5794 [00:35<00:57, 62.44it/s]
 38%|███▊      | 2219/5794 [00:35<00:57, 62.35it/s]
 38%|███▊      | 2226/5794 [00:35<00:57, 62.23it/s]
 39%|███▊      | 2233/5794 [00:35<00:57, 62.21it/s]
 39%|███▊      | 2240/5794 [00:36<00:57, 62.16it/s]
 39%|███▉      | 2247/5794 [00:36<00:57, 62.06it/s]
 39%|███▉      | 2254/5794 [00:36<00:57, 62.01it/s]
 39%|███▉      | 2261/5794 [00:36<00:57, 61.78it/s]
 39%|███▉      | 2268/5794 [00:36<00:57, 61.48it/s]
 39%|███▉      | 2275/5794 [00:36<00:57, 60.70it/s]
 39%|███▉      | 2282/5794 [00:36<00:58, 60.31it/s]
 40%|███▉      | 2289/5794 [00:36<00:58, 60.23it/s]
 40%|███▉      | 2296/5794 [00:36<00:57, 61.30it/s]
 40%|███▉      | 2303/5794 [00:37<00:57, 60.96it/s]
 40%|███▉      | 2310/5794 [00:37<00:57, 60.66it/s]
 40%|███▉      | 2317/5794 [00:37<00:57, 60.52it/s]
 40%|████      | 2324/5794 [00:37<00:57, 60.22it/s]
 40%|████      | 2331/5794 [00:37<00:57, 60.17it/s]
 40%|████      | 2338/5794 [00:37<00:57, 60.22it/s]
 40%|████      | 2345/5794 [00:37<00:57, 59.86it/s]
 41%|████      | 2352/5794 [00:37<00:57, 60.27it/s]
 41%|████      | 2359/5794 [00:37<00:56, 60.42it/s]
 41%|████      | 2366/5794 [00:38<00:56, 60.38it/s]
 41%|████      | 2373/5794 [00:38<00:55, 61.50it/s]
 41%|████      | 2380/5794 [00:38<00:54, 62.89it/s]
 41%|████      | 2387/5794 [00:38<00:52, 64.38it/s]
 41%|████▏     | 2394/5794 [00:38<00:51, 65.50it/s]
 41%|████▏     | 2401/5794 [00:38<00:51, 66.34it/s]
 42%|████▏     | 2408/5794 [00:38<00:50, 66.97it/s]
 42%|████▏     | 2415/5794 [00:38<00:51, 66.02it/s]
 42%|████▏     | 2422/5794 [00:38<00:50, 66.59it/s]
 42%|████▏     | 2429/5794 [00:39<00:50, 67.06it/s]
 42%|████▏     | 2436/5794 [00:39<00:50, 66.96it/s]
 42%|████▏     | 2443/5794 [00:39<00:50, 66.34it/s]
 42%|████▏     | 2450/5794 [00:39<00:49, 66.89it/s]
 42%|████▏     | 2457/5794 [00:39<00:49, 67.08it/s]
 43%|████▎     | 2464/5794 [00:39<00:49, 67.19it/s]
 43%|████▎     | 2471/5794 [00:39<00:49, 67.68it/s]
 43%|████▎     | 2478/5794 [00:39<00:49, 67.29it/s]
 43%|████▎     | 2485/5794 [00:39<00:49, 67.19it/s]
 43%|████▎     | 2492/5794 [00:39<00:49, 66.78it/s]
 43%|████▎     | 2499/5794 [00:40<00:49, 66.65it/s]
 43%|████▎     | 2506/5794 [00:40<00:49, 66.64it/s]
 43%|████▎     | 2513/5794 [00:40<00:49, 66.11it/s]
 43%|████▎     | 2520/5794 [00:40<00:49, 66.25it/s]
 44%|████▎     | 2527/5794 [00:40<00:49, 66.49it/s]
 44%|████▎     | 2534/5794 [00:40<00:49, 66.48it/s]
 44%|████▍     | 2541/5794 [00:40<00:49, 66.10it/s]
 44%|████▍     | 2548/5794 [00:40<00:48, 66.81it/s]
 44%|████▍     | 2555/5794 [00:40<00:48, 67.19it/s]
 44%|████▍     | 2562/5794 [00:41<00:47, 67.33it/s]
 44%|████▍     | 2569/5794 [00:41<00:48, 67.11it/s]
 44%|████▍     | 2576/5794 [00:41<00:48, 66.93it/s]
 45%|████▍     | 2583/5794 [00:41<00:48, 66.60it/s]
 45%|████▍     | 2590/5794 [00:41<00:47, 67.00it/s]
 45%|████▍     | 2597/5794 [00:41<00:48, 66.04it/s]
 45%|████▍     | 2604/5794 [00:41<00:47, 66.74it/s]
 45%|████▌     | 2611/5794 [00:41<00:47, 67.53it/s]
 45%|████▌     | 2618/5794 [00:41<00:46, 68.00it/s]
 45%|████▌     | 2625/5794 [00:41<00:46, 68.40it/s]
 45%|████▌     | 2632/5794 [00:42<00:46, 68.04it/s]
 46%|████▌     | 2639/5794 [00:42<00:46, 67.78it/s]
 46%|████▌     | 2646/5794 [00:42<00:46, 67.56it/s]
 46%|████▌     | 2653/5794 [00:42<00:46, 67.81it/s]
 46%|████▌     | 2660/5794 [00:42<00:45, 68.31it/s]
 46%|████▌     | 2667/5794 [00:42<00:45, 68.52it/s]
 46%|████▌     | 2674/5794 [00:42<00:45, 67.99it/s]
 46%|████▋     | 2681/5794 [00:42<00:47, 65.85it/s]
 46%|████▋     | 2688/5794 [00:42<00:46, 66.93it/s]
 47%|████▋     | 2695/5794 [00:43<00:46, 67.29it/s]
 47%|████▋     | 2702/5794 [00:43<00:46, 67.05it/s]
 47%|████▋     | 2709/5794 [00:43<00:46, 66.11it/s]
 47%|████▋     | 2716/5794 [00:43<00:45, 67.18it/s]
 47%|████▋     | 2723/5794 [00:43<00:45, 67.34it/s]
 47%|████▋     | 2730/5794 [00:43<00:45, 66.90it/s]
 47%|████▋     | 2737/5794 [00:43<00:46, 66.31it/s]
 47%|████▋     | 2744/5794 [00:43<00:46, 65.31it/s]
 47%|████▋     | 2751/5794 [00:43<00:46, 65.89it/s]
 48%|████▊     | 2758/5794 [00:43<00:45, 66.13it/s]
 48%|████▊     | 2765/5794 [00:44<00:45, 66.41it/s]
 48%|████▊     | 2772/5794 [00:44<00:44, 67.25it/s]
 48%|████▊     | 2779/5794 [00:44<00:44, 67.03it/s]
 48%|████▊     | 2786/5794 [00:44<00:46, 64.57it/s]
 48%|████▊     | 2793/5794 [00:44<00:47, 62.57it/s]
 48%|████▊     | 2800/5794 [00:44<00:47, 63.67it/s]
 48%|████▊     | 2807/5794 [00:44<00:46, 64.42it/s]
 49%|████▊     | 2814/5794 [00:44<00:45, 64.81it/s]
 49%|████▊     | 2821/5794 [00:44<00:47, 63.17it/s]
 49%|████▉     | 2828/5794 [00:45<00:47, 61.82it/s]
 49%|████▉     | 2835/5794 [00:45<00:48, 60.94it/s]
 49%|████▉     | 2842/5794 [00:45<00:49, 59.77it/s]
 49%|████▉     | 2849/5794 [00:45<00:48, 60.63it/s]
 49%|████▉     | 2856/5794 [00:45<00:48, 61.10it/s]
 49%|████▉     | 2863/5794 [00:45<00:47, 61.43it/s]
 50%|████▉     | 2870/5794 [00:45<00:47, 61.47it/s]
 50%|████▉     | 2877/5794 [00:45<00:57, 51.16it/s]
 50%|████▉     | 2884/5794 [00:46<00:54, 53.58it/s]
 50%|████▉     | 2891/5794 [00:46<00:52, 55.60it/s]
 50%|█████     | 2898/5794 [00:46<00:50, 57.21it/s]
 50%|█████     | 2906/5794 [00:46<00:47, 60.90it/s]
 50%|█████     | 2913/5794 [00:46<00:45, 63.28it/s]
 50%|█████     | 2920/5794 [00:46<00:44, 64.14it/s]
 51%|█████     | 2928/5794 [00:46<00:43, 65.92it/s]
 51%|█████     | 2936/5794 [00:46<00:42, 66.87it/s]
 51%|█████     | 2943/5794 [00:46<00:42, 67.62it/s]
 51%|█████     | 2950/5794 [00:47<00:41, 68.16it/s]
 51%|█████     | 2957/5794 [00:47<00:41, 68.41it/s]
 51%|█████     | 2964/5794 [00:47<00:41, 68.50it/s]
 51%|█████▏    | 2971/5794 [00:47<00:41, 67.36it/s]
 51%|█████▏    | 2979/5794 [00:47<00:40, 69.00it/s]
 52%|█████▏    | 2987/5794 [00:47<00:40, 69.70it/s]
 52%|█████▏    | 2994/5794 [00:47<00:40, 69.45it/s]
 52%|█████▏    | 3001/5794 [00:47<00:40, 69.48it/s]
 52%|█████▏    | 3008/5794 [00:47<00:40, 69.55it/s]
 52%|█████▏    | 3016/5794 [00:47<00:39, 70.09it/s]
 52%|█████▏    | 3024/5794 [00:48<00:40, 69.13it/s]
 52%|█████▏    | 3031/5794 [00:48<00:40, 68.49it/s]
 52%|█████▏    | 3038/5794 [00:48<00:40, 67.85it/s]
 53%|█████▎    | 3045/5794 [00:48<00:40, 67.39it/s]
 53%|█████▎    | 3052/5794 [00:48<00:40, 68.03it/s]
 53%|█████▎    | 3059/5794 [00:48<00:40, 67.97it/s]
 53%|█████▎    | 3066/5794 [00:48<00:39, 68.28it/s]
 53%|█████▎    | 3073/5794 [00:48<00:39, 68.34it/s]
 53%|█████▎    | 3080/5794 [00:48<00:39, 68.41it/s]
 53%|█████▎    | 3087/5794 [00:49<00:39, 67.99it/s]
 53%|█████▎    | 3094/5794 [00:49<00:40, 67.41it/s]
 54%|█████▎    | 3101/5794 [00:49<00:40, 67.30it/s]
 54%|█████▎    | 3108/5794 [00:49<00:40, 66.56it/s]
 54%|█████▍    | 3115/5794 [00:49<00:40, 66.02it/s]
 54%|█████▍    | 3122/5794 [00:49<00:39, 66.89it/s]
 54%|█████▍    | 3129/5794 [00:49<00:40, 66.47it/s]
 54%|█████▍    | 3136/5794 [00:49<00:39, 66.73it/s]
 54%|█████▍    | 3143/5794 [00:49<00:39, 66.87it/s]
 54%|█████▍    | 3150/5794 [00:49<00:39, 66.90it/s]
 54%|█████▍    | 3157/5794 [00:50<00:39, 66.61it/s]
 55%|█████▍    | 3164/5794 [00:50<00:39, 66.45it/s]
 55%|█████▍    | 3171/5794 [00:50<00:40, 65.52it/s]
 55%|█████▍    | 3178/5794 [00:50<00:39, 66.26it/s]
 55%|█████▍    | 3185/5794 [00:50<00:39, 65.81it/s]
 55%|█████▌    | 3192/5794 [00:50<00:40, 63.66it/s]
 55%|█████▌    | 3199/5794 [00:50<00:41, 63.07it/s]
 55%|█████▌    | 3206/5794 [00:50<00:40, 63.76it/s]
 55%|█████▌    | 3213/5794 [00:50<00:39, 65.29it/s]
 56%|█████▌    | 3220/5794 [00:51<00:38, 66.41it/s]
 56%|█████▌    | 3227/5794 [00:51<00:38, 66.97it/s]
 56%|█████▌    | 3234/5794 [00:51<00:37, 67.61it/s]
 56%|█████▌    | 3241/5794 [00:51<00:37, 68.16it/s]
 56%|█████▌    | 3248/5794 [00:51<00:37, 68.32it/s]
 56%|█████▌    | 3255/5794 [00:51<00:36, 68.72it/s]
 56%|█████▋    | 3262/5794 [00:51<00:36, 68.79it/s]
 56%|█████▋    | 3269/5794 [00:51<00:36, 68.54it/s]
 57%|█████▋    | 3276/5794 [00:51<00:36, 68.47it/s]
 57%|█████▋    | 3283/5794 [00:51<00:36, 68.71it/s]
 57%|█████▋    | 3290/5794 [00:52<00:36, 68.30it/s]
 57%|█████▋    | 3297/5794 [00:52<00:36, 68.70it/s]
 57%|█████▋    | 3304/5794 [00:52<00:36, 68.87it/s]
 57%|█████▋    | 3311/5794 [00:52<00:36, 68.78it/s]
 57%|█████▋    | 3319/5794 [00:52<00:35, 69.17it/s]
 57%|█████▋    | 3326/5794 [00:52<00:35, 69.38it/s]
 58%|█████▊    | 3333/5794 [00:52<00:35, 69.25it/s]
 58%|█████▊    | 3340/5794 [00:52<00:35, 68.97it/s]
 58%|█████▊    | 3347/5794 [00:52<00:35, 68.48it/s]
 58%|█████▊    | 3354/5794 [00:53<00:35, 68.22it/s]
 58%|█████▊    | 3362/5794 [00:53<00:35, 69.00it/s]
 58%|█████▊    | 3370/5794 [00:53<00:35, 69.23it/s]
 58%|█████▊    | 3377/5794 [00:53<00:35, 69.00it/s]
 58%|█████▊    | 3384/5794 [00:53<00:34, 69.05it/s]
 59%|█████▊    | 3392/5794 [00:53<00:34, 69.93it/s]
 59%|█████▊    | 3400/5794 [00:53<00:34, 69.65it/s]
 59%|█████▉    | 3407/5794 [00:53<00:34, 68.84it/s]
 59%|█████▉    | 3415/5794 [00:53<00:34, 69.31it/s]
 59%|█████▉    | 3422/5794 [00:53<00:34, 68.22it/s]
 59%|█████▉    | 3429/5794 [00:54<00:34, 67.90it/s]
 59%|█████▉    | 3436/5794 [00:54<00:35, 65.52it/s]
 59%|█████▉    | 3443/5794 [00:54<00:36, 64.82it/s]
 60%|█████▉    | 3450/5794 [00:54<00:37, 63.08it/s]
 60%|█████▉    | 3457/5794 [00:54<00:37, 61.86it/s]
 60%|█████▉    | 3464/5794 [00:54<00:38, 61.26it/s]
 60%|█████▉    | 3471/5794 [00:54<00:38, 60.33it/s]
 60%|██████    | 3478/5794 [00:54<00:38, 60.45it/s]
 60%|██████    | 3485/5794 [00:55<00:38, 60.06it/s]
 60%|██████    | 3492/5794 [00:55<00:38, 59.55it/s]
 60%|██████    | 3499/5794 [00:55<00:38, 60.06it/s]
 61%|██████    | 3506/5794 [00:55<00:38, 59.65it/s]
 61%|██████    | 3512/5794 [00:55<00:38, 59.30it/s]
 61%|██████    | 3518/5794 [00:55<00:38, 59.43it/s]
 61%|██████    | 3525/5794 [00:55<00:37, 59.92it/s]
 61%|██████    | 3532/5794 [00:55<00:37, 60.41it/s]
 61%|██████    | 3539/5794 [00:55<00:37, 59.67it/s]
 61%|██████    | 3546/5794 [00:56<00:37, 60.09it/s]
 61%|██████▏   | 3553/5794 [00:56<00:37, 59.44it/s]
 61%|██████▏   | 3560/5794 [00:56<00:37, 59.79it/s]
 62%|██████▏   | 3567/5794 [00:56<00:36, 60.41it/s]
 62%|██████▏   | 3574/5794 [00:56<00:36, 60.07it/s]
 62%|██████▏   | 3581/5794 [00:56<00:37, 59.65it/s]
 62%|██████▏   | 3588/5794 [00:56<00:36, 60.13it/s]
 62%|██████▏   | 3595/5794 [00:56<00:36, 60.75it/s]
 62%|██████▏   | 3602/5794 [00:56<00:36, 60.76it/s]
 62%|██████▏   | 3609/5794 [00:57<00:36, 60.56it/s]
 62%|██████▏   | 3616/5794 [00:57<00:35, 60.76it/s]
 63%|██████▎   | 3623/5794 [00:57<00:35, 60.56it/s]
 63%|██████▎   | 3630/5794 [00:57<00:35, 60.63it/s]
 63%|██████▎   | 3637/5794 [00:57<00:35, 60.37it/s]
 63%|██████▎   | 3644/5794 [00:57<00:35, 60.48it/s]
 63%|██████▎   | 3651/5794 [00:57<00:35, 60.31it/s]
 63%|██████▎   | 3658/5794 [00:57<00:35, 60.54it/s]
 63%|██████▎   | 3665/5794 [00:58<00:35, 60.39it/s]
 63%|██████▎   | 3672/5794 [00:58<00:35, 60.01it/s]
 63%|██████▎   | 3679/5794 [00:58<00:35, 60.31it/s]
 64%|██████▎   | 3686/5794 [00:58<00:34, 60.30it/s]
 64%|██████▍   | 3694/5794 [00:58<00:33, 63.27it/s]
 64%|██████▍   | 3701/5794 [00:58<00:33, 62.85it/s]
 64%|██████▍   | 3708/5794 [00:58<00:33, 62.08it/s]
 64%|██████▍   | 3715/5794 [00:58<00:33, 61.46it/s]
 64%|██████▍   | 3722/5794 [00:58<00:33, 61.07it/s]
 64%|██████▍   | 3729/5794 [00:59<00:33, 60.79it/s]
 64%|██████▍   | 3736/5794 [00:59<00:33, 60.60it/s]
 65%|██████▍   | 3743/5794 [00:59<00:33, 60.33it/s]
 65%|██████▍   | 3750/5794 [00:59<00:34, 60.11it/s]
 65%|██████▍   | 3757/5794 [00:59<00:33, 59.97it/s]
 65%|██████▍   | 3764/5794 [00:59<00:33, 60.30it/s]
 65%|██████▌   | 3771/5794 [00:59<00:33, 60.32it/s]
 65%|██████▌   | 3778/5794 [00:59<00:33, 60.16it/s]
 65%|██████▌   | 3785/5794 [01:00<00:33, 59.89it/s]
 65%|██████▌   | 3791/5794 [01:00<00:33, 59.82it/s]
 66%|██████▌   | 3797/5794 [01:00<00:33, 59.06it/s]
 66%|██████▌   | 3803/5794 [01:00<00:33, 59.29it/s]
 66%|██████▌   | 3809/5794 [01:00<00:33, 59.21it/s]
 66%|██████▌   | 3815/5794 [01:00<00:33, 58.74it/s]
 66%|██████▌   | 3821/5794 [01:00<00:33, 58.24it/s]
 66%|██████▌   | 3828/5794 [01:00<00:33, 58.72it/s]
 66%|██████▌   | 3834/5794 [01:00<00:33, 58.48it/s]
 66%|██████▋   | 3841/5794 [01:00<00:33, 59.07it/s]
 66%|██████▋   | 3848/5794 [01:01<00:31, 61.32it/s]
 67%|██████▋   | 3855/5794 [01:01<00:30, 63.61it/s]
 67%|██████▋   | 3862/5794 [01:01<00:31, 61.90it/s]
 67%|██████▋   | 3869/5794 [01:01<00:31, 61.05it/s]
 67%|██████▋   | 3876/5794 [01:01<00:31, 60.41it/s]
 67%|██████▋   | 3883/5794 [01:01<00:31, 59.75it/s]
 67%|██████▋   | 3890/5794 [01:01<00:31, 59.89it/s]
 67%|██████▋   | 3896/5794 [01:01<00:31, 59.53it/s]
 67%|██████▋   | 3902/5794 [01:01<00:31, 59.19it/s]
 67%|██████▋   | 3908/5794 [01:02<00:31, 59.22it/s]
 68%|██████▊   | 3914/5794 [01:02<00:31, 59.23it/s]
 68%|██████▊   | 3920/5794 [01:02<00:32, 58.50it/s]
 68%|██████▊   | 3927/5794 [01:02<00:31, 59.03it/s]
 68%|██████▊   | 3933/5794 [01:02<00:31, 58.79it/s]
 68%|██████▊   | 3940/5794 [01:02<00:31, 59.42it/s]
 68%|██████▊   | 3946/5794 [01:02<00:31, 59.09it/s]
 68%|██████▊   | 3953/5794 [01:02<00:31, 59.25it/s]
 68%|██████▊   | 3959/5794 [01:02<00:31, 59.19it/s]
 68%|██████▊   | 3965/5794 [01:03<00:30, 59.19it/s]
 69%|██████▊   | 3971/5794 [01:03<00:30, 59.01it/s]
 69%|██████▊   | 3977/5794 [01:03<00:30, 59.24it/s]
 69%|██████▊   | 3983/5794 [01:03<00:30, 58.92it/s]
 69%|██████▉   | 3990/5794 [01:03<00:30, 59.23it/s]
 69%|██████▉   | 3996/5794 [01:03<00:30, 59.40it/s]
 69%|██████▉   | 4002/5794 [01:03<00:30, 59.17it/s]
 69%|██████▉   | 4008/5794 [01:03<00:30, 58.95it/s]
 69%|██████▉   | 4014/5794 [01:03<00:30, 58.71it/s]
 69%|██████▉   | 4020/5794 [01:03<00:30, 58.60it/s]
 69%|██████▉   | 4026/5794 [01:04<00:29, 58.99it/s]
 70%|██████▉   | 4032/5794 [01:04<00:29, 58.97it/s]
 70%|██████▉   | 4038/5794 [01:04<00:29, 59.02it/s]
 70%|██████▉   | 4045/5794 [01:04<00:29, 60.02it/s]
 70%|██████▉   | 4051/5794 [01:04<00:29, 59.36it/s]
 70%|███████   | 4058/5794 [01:04<00:28, 60.51it/s]
 70%|███████   | 4065/5794 [01:04<00:28, 59.72it/s]
 70%|███████   | 4072/5794 [01:04<00:28, 60.01it/s]
 70%|███████   | 4079/5794 [01:04<00:28, 59.54it/s]
 71%|███████   | 4086/5794 [01:05<00:28, 60.05it/s]
 71%|███████   | 4093/5794 [01:05<00:28, 59.83it/s]
 71%|███████   | 4099/5794 [01:05<00:28, 59.03it/s]
 71%|███████   | 4105/5794 [01:05<00:28, 58.97it/s]
 71%|███████   | 4112/5794 [01:05<00:28, 59.89it/s]
 71%|███████   | 4119/5794 [01:05<00:27, 60.03it/s]
 71%|███████   | 4126/5794 [01:05<00:27, 60.18it/s]
 71%|███████▏  | 4133/5794 [01:05<00:27, 59.76it/s]
 71%|███████▏  | 4140/5794 [01:05<00:27, 60.04it/s]
 72%|███████▏  | 4147/5794 [01:06<00:27, 60.18it/s]
 72%|███████▏  | 4154/5794 [01:06<00:27, 60.34it/s]
 72%|███████▏  | 4161/5794 [01:06<00:27, 60.36it/s]
 72%|███████▏  | 4168/5794 [01:06<00:27, 59.86it/s]
 72%|███████▏  | 4176/5794 [01:06<00:26, 62.15it/s]
 72%|███████▏  | 4183/5794 [01:06<00:26, 61.87it/s]
 72%|███████▏  | 4190/5794 [01:06<00:26, 61.29it/s]
 72%|███████▏  | 4197/5794 [01:06<00:25, 61.75it/s]
 73%|███████▎  | 4204/5794 [01:07<00:26, 60.72it/s]
 73%|███████▎  | 4211/5794 [01:07<00:26, 60.74it/s]
 73%|███████▎  | 4218/5794 [01:07<00:26, 60.55it/s]
 73%|███████▎  | 4225/5794 [01:07<00:25, 60.74it/s]
 73%|███████▎  | 4232/5794 [01:07<00:25, 60.62it/s]
 73%|███████▎  | 4239/5794 [01:07<00:25, 60.99it/s]
 73%|███████▎  | 4246/5794 [01:07<00:25, 61.25it/s]
 73%|███████▎  | 4253/5794 [01:07<00:25, 61.04it/s]
 74%|███████▎  | 4260/5794 [01:07<00:25, 61.15it/s]
 74%|███████▎  | 4267/5794 [01:08<00:24, 61.38it/s]
 74%|███████▍  | 4274/5794 [01:08<00:27, 55.17it/s]
 74%|███████▍  | 4281/5794 [01:08<00:26, 57.64it/s]
 74%|███████▍  | 4288/5794 [01:08<00:25, 58.81it/s]
 74%|███████▍  | 4295/5794 [01:08<00:25, 59.71it/s]
 74%|███████▍  | 4302/5794 [01:08<00:24, 59.96it/s]
 74%|███████▍  | 4309/5794 [01:08<00:24, 60.56it/s]
 74%|███████▍  | 4316/5794 [01:08<00:24, 60.72it/s]
 75%|███████▍  | 4323/5794 [01:08<00:24, 60.86it/s]
 75%|███████▍  | 4330/5794 [01:09<00:23, 61.33it/s]
 75%|███████▍  | 4337/5794 [01:09<00:23, 61.45it/s]
 75%|███████▍  | 4344/5794 [01:09<00:23, 61.63it/s]
 75%|███████▌  | 4351/5794 [01:09<00:23, 61.24it/s]
 75%|███████▌  | 4358/5794 [01:09<00:23, 61.70it/s]
 75%|███████▌  | 4365/5794 [01:09<00:23, 61.20it/s]
 75%|███████▌  | 4372/5794 [01:09<00:23, 60.59it/s]
 76%|███████▌  | 4379/5794 [01:09<00:23, 60.78it/s]
 76%|███████▌  | 4386/5794 [01:10<00:22, 61.30it/s]
 76%|███████▌  | 4393/5794 [01:10<00:23, 60.50it/s]
 76%|███████▌  | 4400/5794 [01:10<00:23, 60.40it/s]
 76%|███████▌  | 4407/5794 [01:10<00:22, 60.40it/s]
 76%|███████▌  | 4414/5794 [01:10<00:22, 60.55it/s]
 76%|███████▋  | 4421/5794 [01:10<00:23, 59.69it/s]
 76%|███████▋  | 4428/5794 [01:10<00:22, 60.66it/s]
 77%|███████▋  | 4435/5794 [01:10<00:22, 60.42it/s]
 77%|███████▋  | 4442/5794 [01:10<00:22, 61.08it/s]
 77%|███████▋  | 4449/5794 [01:11<00:22, 61.13it/s]
 77%|███████▋  | 4456/5794 [01:11<00:21, 61.25it/s]
 77%|███████▋  | 4463/5794 [01:11<00:21, 62.55it/s]
 77%|███████▋  | 4470/5794 [01:11<00:20, 64.23it/s]
 77%|███████▋  | 4478/5794 [01:11<00:19, 65.92it/s]
 77%|███████▋  | 4485/5794 [01:11<00:19, 66.70it/s]
 78%|███████▊  | 4492/5794 [01:11<00:19, 67.58it/s]
 78%|███████▊  | 4499/5794 [01:11<00:19, 66.36it/s]
 78%|███████▊  | 4506/5794 [01:11<00:19, 65.67it/s]
 78%|███████▊  | 4513/5794 [01:12<00:20, 63.94it/s]
 78%|███████▊  | 4520/5794 [01:12<00:20, 63.57it/s]
 78%|███████▊  | 4527/5794 [01:12<00:20, 62.95it/s]
 78%|███████▊  | 4534/5794 [01:12<00:20, 62.54it/s]
 78%|███████▊  | 4541/5794 [01:12<00:20, 62.39it/s]
 78%|███████▊  | 4548/5794 [01:12<00:20, 61.28it/s]
 79%|███████▊  | 4555/5794 [01:12<00:19, 61.96it/s]
 79%|███████▊  | 4562/5794 [01:12<00:20, 61.57it/s]
 79%|███████▉  | 4569/5794 [01:12<00:20, 61.14it/s]
 79%|███████▉  | 4576/5794 [01:13<00:20, 60.45it/s]
 79%|███████▉  | 4583/5794 [01:13<00:19, 60.72it/s]
 79%|███████▉  | 4590/5794 [01:13<00:19, 60.70it/s]
 79%|███████▉  | 4597/5794 [01:13<00:19, 61.09it/s]
 79%|███████▉  | 4604/5794 [01:13<00:19, 61.04it/s]
 80%|███████▉  | 4611/5794 [01:13<00:19, 60.24it/s]
 80%|███████▉  | 4618/5794 [01:13<00:19, 61.59it/s]
 80%|███████▉  | 4625/5794 [01:13<00:18, 61.85it/s]
 80%|███████▉  | 4632/5794 [01:13<00:18, 61.49it/s]
 80%|████████  | 4639/5794 [01:14<00:18, 61.38it/s]
 80%|████████  | 4646/5794 [01:14<00:18, 61.41it/s]
 80%|████████  | 4653/5794 [01:14<00:18, 61.08it/s]
 80%|████████  | 4660/5794 [01:14<00:18, 60.73it/s]
 81%|████████  | 4667/5794 [01:14<00:18, 60.79it/s]
 81%|████████  | 4674/5794 [01:14<00:18, 61.25it/s]
 81%|████████  | 4681/5794 [01:14<00:18, 60.95it/s]
 81%|████████  | 4688/5794 [01:14<00:17, 61.78it/s]
 81%|████████  | 4695/5794 [01:15<00:17, 62.09it/s]
 81%|████████  | 4702/5794 [01:15<00:17, 61.50it/s]
 81%|████████▏ | 4709/5794 [01:15<00:17, 61.52it/s]
 81%|████████▏ | 4716/5794 [01:15<00:17, 60.94it/s]
 82%|████████▏ | 4723/5794 [01:15<00:17, 61.63it/s]
 82%|████████▏ | 4730/5794 [01:15<00:17, 62.14it/s]
 82%|████████▏ | 4737/5794 [01:15<00:16, 62.56it/s]
 82%|████████▏ | 4744/5794 [01:15<00:16, 62.29it/s]
 82%|████████▏ | 4751/5794 [01:15<00:16, 62.28it/s]
 82%|████████▏ | 4758/5794 [01:16<00:16, 62.13it/s]
 82%|████████▏ | 4765/5794 [01:16<00:16, 62.09it/s]
 82%|████████▏ | 4772/5794 [01:16<00:16, 62.40it/s]
 82%|████████▏ | 4779/5794 [01:16<00:16, 61.76it/s]
 83%|████████▎ | 4786/5794 [01:16<00:16, 62.30it/s]
 83%|████████▎ | 4793/5794 [01:16<00:15, 62.96it/s]
 83%|████████▎ | 4800/5794 [01:16<00:18, 53.90it/s]
 83%|████████▎ | 4807/5794 [01:16<00:17, 56.84it/s]
 83%|████████▎ | 4814/5794 [01:16<00:16, 58.41it/s]
 83%|████████▎ | 4821/5794 [01:17<00:15, 61.14it/s]
 83%|████████▎ | 4828/5794 [01:17<00:15, 61.30it/s]
 83%|████████▎ | 4835/5794 [01:17<00:15, 61.37it/s]
 84%|████████▎ | 4842/5794 [01:17<00:15, 60.99it/s]
 84%|████████▎ | 4849/5794 [01:17<00:15, 61.66it/s]
 84%|████████▍ | 4856/5794 [01:17<00:15, 62.16it/s]
 84%|████████▍ | 4863/5794 [01:17<00:14, 62.37it/s]
 84%|████████▍ | 4870/5794 [01:17<00:14, 62.43it/s]
 84%|████████▍ | 4877/5794 [01:17<00:14, 62.46it/s]
 84%|████████▍ | 4884/5794 [01:18<00:14, 61.97it/s]
 84%|████████▍ | 4891/5794 [01:18<00:14, 61.95it/s]
 85%|████████▍ | 4898/5794 [01:18<00:14, 61.31it/s]
 85%|████████▍ | 4905/5794 [01:18<00:14, 60.86it/s]
 85%|████████▍ | 4912/5794 [01:18<00:14, 60.90it/s]
 85%|████████▍ | 4919/5794 [01:18<00:14, 61.52it/s]
 85%|████████▌ | 4926/5794 [01:18<00:14, 61.45it/s]
 85%|████████▌ | 4933/5794 [01:18<00:14, 60.94it/s]
 85%|████████▌ | 4940/5794 [01:19<00:14, 60.11it/s]
 85%|████████▌ | 4947/5794 [01:19<00:13, 60.68it/s]
 86%|████████▌ | 4954/5794 [01:19<00:13, 60.98it/s]
 86%|████████▌ | 4961/5794 [01:19<00:13, 60.41it/s]
 86%|████████▌ | 4968/5794 [01:19<00:13, 60.63it/s]
 86%|████████▌ | 4975/5794 [01:19<00:13, 59.78it/s]
 86%|████████▌ | 4982/5794 [01:19<00:13, 60.46it/s]
 86%|████████▌ | 4989/5794 [01:19<00:13, 60.45it/s]
 86%|████████▌ | 4996/5794 [01:19<00:14, 55.24it/s]
 86%|████████▋ | 5003/5794 [01:20<00:13, 58.19it/s]
 86%|████████▋ | 5009/5794 [01:20<00:13, 58.34it/s]
 87%|████████▋ | 5016/5794 [01:20<00:13, 59.71it/s]
 87%|████████▋ | 5023/5794 [01:20<00:12, 60.97it/s]
 87%|████████▋ | 5030/5794 [01:20<00:12, 61.37it/s]
 87%|████████▋ | 5037/5794 [01:20<00:12, 61.95it/s]
 87%|████████▋ | 5044/5794 [01:20<00:11, 62.50it/s]
 87%|████████▋ | 5051/5794 [01:20<00:11, 62.59it/s]
 87%|████████▋ | 5058/5794 [01:20<00:11, 62.73it/s]
 87%|████████▋ | 5065/5794 [01:21<00:11, 62.95it/s]
 88%|████████▊ | 5072/5794 [01:21<00:11, 62.81it/s]
 88%|████████▊ | 5079/5794 [01:21<00:11, 62.92it/s]
 88%|████████▊ | 5086/5794 [01:21<00:11, 62.96it/s]
 88%|████████▊ | 5093/5794 [01:21<00:11, 62.80it/s]
 88%|████████▊ | 5100/5794 [01:21<00:11, 62.13it/s]
 88%|████████▊ | 5107/5794 [01:21<00:13, 50.91it/s]
 88%|████████▊ | 5115/5794 [01:21<00:12, 55.96it/s]
 88%|████████▊ | 5122/5794 [01:22<00:11, 59.29it/s]
 89%|████████▊ | 5130/5794 [01:22<00:10, 63.24it/s]
 89%|████████▊ | 5138/5794 [01:22<00:09, 65.63it/s]
 89%|████████▉ | 5146/5794 [01:22<00:09, 67.34it/s]
 89%|████████▉ | 5153/5794 [01:22<00:09, 67.61it/s]
 89%|████████▉ | 5161/5794 [01:22<00:09, 68.67it/s]
 89%|████████▉ | 5169/5794 [01:22<00:09, 68.97it/s]
 89%|████████▉ | 5176/5794 [01:22<00:09, 68.62it/s]
 89%|████████▉ | 5183/5794 [01:22<00:08, 68.03it/s]
 90%|████████▉ | 5190/5794 [01:23<00:08, 68.02it/s]
 90%|████████▉ | 5197/5794 [01:23<00:08, 67.85it/s]
 90%|████████▉ | 5204/5794 [01:23<00:08, 67.12it/s]
 90%|████████▉ | 5211/5794 [01:23<00:08, 67.63it/s]
 90%|█████████ | 5218/5794 [01:23<00:08, 66.51it/s]
 90%|█████████ | 5226/5794 [01:23<00:08, 67.63it/s]
 90%|█████████ | 5233/5794 [01:23<00:08, 67.71it/s]
 90%|█████████ | 5240/5794 [01:23<00:10, 54.75it/s]
 91%|█████████ | 5247/5794 [01:23<00:09, 57.79it/s]
 91%|█████████ | 5254/5794 [01:24<00:09, 58.43it/s]
 91%|█████████ | 5261/5794 [01:24<00:09, 58.77it/s]
 91%|█████████ | 5268/5794 [01:24<00:08, 59.05it/s]
 91%|█████████ | 5275/5794 [01:24<00:08, 59.12it/s]
 91%|█████████ | 5281/5794 [01:24<00:08, 59.06it/s]
 91%|█████████ | 5287/5794 [01:24<00:08, 58.90it/s]
 91%|█████████▏| 5293/5794 [01:24<00:08, 59.08it/s]
 91%|█████████▏| 5300/5794 [01:24<00:08, 59.57it/s]
 92%|█████████▏| 5307/5794 [01:24<00:08, 59.71it/s]
 92%|█████████▏| 5314/5794 [01:25<00:07, 60.55it/s]
 92%|█████████▏| 5321/5794 [01:25<00:07, 61.37it/s]
 92%|█████████▏| 5328/5794 [01:25<00:07, 60.47it/s]
 92%|█████████▏| 5335/5794 [01:25<00:07, 61.45it/s]
 92%|█████████▏| 5342/5794 [01:25<00:07, 63.07it/s]
 92%|█████████▏| 5350/5794 [01:25<00:06, 66.00it/s]
 92%|█████████▏| 5358/5794 [01:25<00:06, 68.03it/s]
 93%|█████████▎| 5366/5794 [01:25<00:06, 69.47it/s]
 93%|█████████▎| 5374/5794 [01:25<00:05, 70.34it/s]
 93%|█████████▎| 5382/5794 [01:26<00:05, 70.77it/s]
 93%|█████████▎| 5390/5794 [01:26<00:05, 72.13it/s]
 93%|█████████▎| 5398/5794 [01:26<00:05, 72.46it/s]
 93%|█████████▎| 5406/5794 [01:26<00:05, 72.12it/s]
 93%|█████████▎| 5414/5794 [01:26<00:05, 72.68it/s]
 94%|█████████▎| 5422/5794 [01:26<00:05, 72.70it/s]
 94%|█████████▎| 5430/5794 [01:26<00:05, 72.58it/s]
 94%|█████████▍| 5438/5794 [01:26<00:04, 72.62it/s]
 94%|█████████▍| 5446/5794 [01:26<00:04, 72.77it/s]
 94%|█████████▍| 5454/5794 [01:27<00:04, 72.04it/s]
 94%|█████████▍| 5462/5794 [01:27<00:04, 73.20it/s]
 94%|█████████▍| 5470/5794 [01:27<00:04, 73.08it/s]
 95%|█████████▍| 5478/5794 [01:27<00:04, 72.76it/s]
 95%|█████████▍| 5486/5794 [01:27<00:04, 72.32it/s]
 95%|█████████▍| 5494/5794 [01:27<00:04, 71.52it/s]
 95%|█████████▍| 5502/5794 [01:27<00:04, 70.70it/s]
 95%|█████████▌| 5510/5794 [01:27<00:03, 71.18it/s]
 95%|█████████▌| 5518/5794 [01:27<00:03, 71.12it/s]
 95%|█████████▌| 5526/5794 [01:28<00:03, 70.96it/s]
 96%|█████████▌| 5534/5794 [01:28<00:03, 70.05it/s]
 96%|█████████▌| 5542/5794 [01:28<00:03, 71.03it/s]
 96%|█████████▌| 5550/5794 [01:28<00:03, 70.79it/s]
 96%|█████████▌| 5558/5794 [01:28<00:03, 70.78it/s]
 96%|█████████▌| 5566/5794 [01:28<00:03, 70.89it/s]
 96%|█████████▌| 5574/5794 [01:28<00:03, 70.46it/s]
 96%|█████████▋| 5582/5794 [01:28<00:03, 70.41it/s]
 96%|█████████▋| 5590/5794 [01:28<00:02, 69.87it/s]
 97%|█████████▋| 5598/5794 [01:29<00:02, 70.04it/s]
 97%|█████████▋| 5606/5794 [01:29<00:02, 70.30it/s]
 97%|█████████▋| 5614/5794 [01:29<00:02, 70.40it/s]
 97%|█████████▋| 5622/5794 [01:29<00:02, 69.81it/s]
 97%|█████████▋| 5630/5794 [01:29<00:02, 70.85it/s]
 97%|█████████▋| 5638/5794 [01:29<00:02, 70.19it/s]
 97%|█████████▋| 5646/5794 [01:29<00:02, 70.57it/s]
 98%|█████████▊| 5654/5794 [01:29<00:01, 71.21it/s]
 98%|█████████▊| 5662/5794 [01:29<00:01, 71.13it/s]
 98%|█████████▊| 5670/5794 [01:30<00:01, 70.84it/s]
 98%|█████████▊| 5678/5794 [01:30<00:01, 70.76it/s]
 98%|█████████▊| 5686/5794 [01:30<00:01, 70.36it/s]
 98%|█████████▊| 5694/5794 [01:30<00:01, 70.31it/s]
 98%|█████████▊| 5702/5794 [01:30<00:01, 69.93it/s]
 99%|█████████▊| 5710/5794 [01:30<00:01, 70.03it/s]
 99%|█████████▊| 5718/5794 [01:30<00:01, 70.08it/s]
 99%|█████████▉| 5726/5794 [01:30<00:00, 70.06it/s]
 99%|█████████▉| 5734/5794 [01:31<00:00, 69.94it/s]
 99%|█████████▉| 5741/5794 [01:31<00:00, 69.92it/s]
 99%|█████████▉| 5748/5794 [01:31<00:00, 69.87it/s]
 99%|█████████▉| 5756/5794 [01:31<00:00, 70.00it/s]
 99%|█████████▉| 5763/5794 [01:31<00:00, 69.70it/s]
100%|█████████▉| 5770/5794 [01:31<00:00, 69.57it/s]
100%|█████████▉| 5778/5794 [01:31<00:00, 70.11it/s]
100%|█████████▉| 5786/5794 [01:31<00:00, 69.86it/s]
100%|██████████| 5794/5794 [01:31<00:00, 70.31it/s]
100%|██████████| 5794/5794 [01:31<00:00, 63.04it/s]
BALANCED ACCS CHECKED FOR TEST
TEST SET RESULTS FOR CHECKPOINT trained_weights/waterbirds/gals_waterbird_1.0_forest2water2_21048936_trial_000/best_balanced_valacc_0.57_epoch_0.ckpt
test_acc: 0.6791508457024508
balanced_test_acc: 0.5590903910313529
Land_on_Land_test_acc: 0.9964523281596452
Land_on_Water_test_acc: 0.5529933481152993
Water_on_Land_test_acc: 0.018691588785046728
Water_on_Water_test_acc: 0.6682242990654206
test_acc_Waterbird: 0.34345794392523366
test_acc_Landbird: 0.7747228381374723
