[CMD] /home/ryreu/miniconda3/envs/gals_a100/bin/python -u main.py --config configs/waterbirds_95_abn_vit.yaml --name abn_att_waterbird_complete95_forest2water2_21048936_trial_000 DATA.ROOT=/home/ryreu/guided_cnn/waterbirds DATA.WATERBIRDS_DIR=waterbird_complete95_forest2water2 SEED=0 EXP.BASE.LR=0.0010000000000000002 EXP.CLASSIFIER.LR=9.999999999999991e-05 EXP.WEIGHT_DECAY=9.999999999999997e-06 EXP.AUX_LOSSES_ON_VAL=False EXP.LOSSES.ABN_SUPERVISION.WEIGHT=1.0 EXP.NUM_EPOCHS=1
SEED: 0
DATA:
  BATCH_SIZE: 96
  NUM_WORKERS: 4
  SIZE: 224
  NORMALIZATION: imagenet
  ATTENTION_DIR: clip_vit_attention
  SEPARATE_CLASSES: false
  REMOVE_BACKGROUND: false
  ROOT: /home/ryreu/guided_cnn/waterbirds
  USE_CLASS_WEIGHTS: false
  USE_GROUP_WEIGHTS: false
  DATASET: waterbirds
  NUM_CLASSES: 2
  CONFOUNDING_FACTOR: 0.95
  WATERBIRDS_DIR: waterbird_complete95_forest2water2
EXP:
  NUM_TRIALS: 1
  LOSSES:
    CLASSIFICATION:
      WEIGHT: 1
    GRADIENT_OUTSIDE:
      COMPUTE: false
      LOG: false
      WEIGHT: 0.01
      CRITERION: L1
      GT: segmentation
      COMBINE_ATT_MODE: average_nonzero
    GRADIENT_INSIDE:
      COMPUTE: false
      LOG: false
      WEIGHT: 1
      CRITERION: L1
      GT: segmentation
      COMBINE_ATT_MODE: average_nonzero
    GRADCAM:
      COMPUTE: false
      LOG: false
      WEIGHT: 1
      CRITERION: L1
      GT: segmentation
      MODE: match
      COMBINE_ATT_MODE: average_nonzero
    ABN_CLASSIFICATION:
      COMPUTE: true
      LOG: false
      WEIGHT: 1
    ABN_SUPERVISION:
      COMPUTE: true
      LOG: false
      WEIGHT: 1.0
      CRITERION: L1
      GT: clip_vit
      MODE: suppress_outside
      COMBINE_ATT_MODE: average_nonzero
  APPROACH: abn
  MODEL: resnet50_abn
  PRETRAINED: true
  PROVIDED_ATT: NONE
  PROVIDED_ATT_SHAPE:
  - 14
  - 14
  ABN_ADD_AFTER_ATTENTION: true
  NUM_EPOCHS: 1
  OPTIMIZER: SGD
  WEIGHT_DECAY: 9.999999999999997e-06
  MOMENTUM: 0.9
  SCHEDULER: NONE
  BASE:
    LR: 0.0010000000000000002
  CLASSIFIER:
    LR: 9.999999999999991e-05
  AUX_LOSSES_ON_VAL: false
LOGGING:
  SAVE_EVERY: 0
  SAVE_BEST: true
  SAVE_LAST: false
  LOG_ATTENTION: false
  LOG_ATTENTION_STEP: 10
  SAVE_STATS_PATH: null
yaml: configs/waterbirds_95_abn_vit.yaml
name: abn_att_waterbird_complete95_forest2water2_21048936_trial_000
test_checkpoint: null

WATERBIRDS DIR: /home/ryreu/guided_cnn/waterbirds/waterbird_complete95_forest2water2
NUMBER OF SAMPLES WITH LABEL Landbird: 3682
NUMBER OF SAMPLES WITH LABEL Waterbird: 1113
NUMBER OF SAMPLES WITH GROUP Land_on_Land: 3498
NUMBER OF SAMPLES WITH GROUP Land_on_Water: 184
NUMBER OF SAMPLES WITH GROUP Water_on_Land: 56
NUMBER OF SAMPLES WITH GROUP Water_on_Water: 1057
WATERBIRDS DIR: /home/ryreu/guided_cnn/waterbirds/waterbird_complete95_forest2water2
NUMBER OF SAMPLES WITH LABEL Landbird: 933
NUMBER OF SAMPLES WITH LABEL Waterbird: 266
NUMBER OF SAMPLES WITH GROUP Land_on_Land: 467
NUMBER OF SAMPLES WITH GROUP Land_on_Water: 466
NUMBER OF SAMPLES WITH GROUP Water_on_Land: 133
NUMBER OF SAMPLES WITH GROUP Water_on_Water: 133
NUM TRAIN: 4795

NUM VAL:   1199

Number classifier outputs: 1
Using pretrained model: True
Removing att_conv.weight from pretained weights, with weight shape torch.Size([1000, 2048, 1, 1])
Removing bn_att2.weight from pretained weights, with weight shape torch.Size([1000])
Removing bn_att2.bias from pretained weights, with weight shape torch.Size([1000])
Removing bn_att2.running_mean from pretained weights, with weight shape torch.Size([1000])
Removing bn_att2.running_var from pretained weights, with weight shape torch.Size([1000])
Removing att_conv2.weight from pretained weights, with weight shape torch.Size([1000, 1000, 1, 1])
Removing att_conv3.weight from pretained weights, with weight shape torch.Size([1, 1000, 3, 3])
Removing fc.weight from pretained weights, with weight shape torch.Size([1000, 2048])
Removing fc.bias from pretained weights, with weight shape torch.Size([1000])
Keys missing in state dict:    ['att_conv.weight', 'bn_att2.weight', 'bn_att2.bias', 'bn_att2.running_mean', 'bn_att2.running_var', 'att_conv2.weight', 'att_conv3.weight', 'fc.weight', 'fc.bias']
Unexpected keys in state dict: []
USING SGD OPTIMIZER
class weights: None
group weights: None
WANDB DISABLED: skipping wandb.init()
EPOCH: 0

>>> TRAINING 


  0%|          | 0/50 [00:00<?, ?it/s]
  2%|▏         | 1/50 [00:03<02:52,  3.53s/it]
  4%|▍         | 2/50 [00:03<01:17,  1.62s/it]
  6%|▌         | 3/50 [00:04<00:46,  1.01it/s]
  8%|▊         | 4/50 [00:04<00:32,  1.43it/s]
 10%|█         | 5/50 [00:04<00:24,  1.85it/s]
 12%|█▏        | 6/50 [00:04<00:19,  2.28it/s]
 14%|█▍        | 7/50 [00:05<00:16,  2.66it/s]
 16%|█▌        | 8/50 [00:05<00:14,  2.97it/s]
 18%|█▊        | 9/50 [00:05<00:12,  3.22it/s]
 20%|██        | 10/50 [00:05<00:11,  3.45it/s]
 22%|██▏       | 11/50 [00:06<00:10,  3.67it/s]
 24%|██▍       | 12/50 [00:06<00:10,  3.77it/s]
 26%|██▌       | 13/50 [00:06<00:09,  3.88it/s]
 28%|██▊       | 14/50 [00:06<00:09,  3.92it/s]
 30%|███       | 15/50 [00:07<00:08,  3.94it/s]
 32%|███▏      | 16/50 [00:07<00:08,  3.95it/s]
 34%|███▍      | 17/50 [00:07<00:08,  3.96it/s]
 36%|███▌      | 18/50 [00:07<00:07,  4.06it/s]
 38%|███▊      | 19/50 [00:08<00:07,  4.03it/s]
 40%|████      | 20/50 [00:08<00:07,  4.00it/s]
 42%|████▏     | 21/50 [00:08<00:07,  3.97it/s]
 44%|████▍     | 22/50 [00:08<00:06,  4.05it/s]
 46%|████▌     | 23/50 [00:08<00:06,  4.06it/s]
 48%|████▊     | 24/50 [00:09<00:06,  4.10it/s]
 50%|█████     | 25/50 [00:09<00:06,  4.14it/s]
 52%|█████▏    | 26/50 [00:09<00:05,  4.19it/s]
 54%|█████▍    | 27/50 [00:09<00:05,  4.22it/s]
 56%|█████▌    | 28/50 [00:10<00:05,  4.20it/s]
 58%|█████▊    | 29/50 [00:10<00:05,  4.18it/s]
 60%|██████    | 30/50 [00:10<00:04,  4.22it/s]
 62%|██████▏   | 31/50 [00:10<00:04,  4.24it/s]
 64%|██████▍   | 32/50 [00:11<00:04,  4.19it/s]
 66%|██████▌   | 33/50 [00:11<00:04,  4.18it/s]
 68%|██████▊   | 34/50 [00:11<00:03,  4.22it/s]
 70%|███████   | 35/50 [00:11<00:03,  4.22it/s]
 72%|███████▏  | 36/50 [00:12<00:03,  4.19it/s]
 74%|███████▍  | 37/50 [00:12<00:03,  4.18it/s]
 76%|███████▌  | 38/50 [00:12<00:02,  4.23it/s]
 78%|███████▊  | 39/50 [00:12<00:02,  4.24it/s]
 80%|████████  | 40/50 [00:13<00:02,  4.24it/s]
 82%|████████▏ | 41/50 [00:13<00:02,  4.21it/s]
 84%|████████▍ | 42/50 [00:13<00:01,  4.23it/s]
 86%|████████▌ | 43/50 [00:13<00:01,  4.23it/s]
 88%|████████▊ | 44/50 [00:13<00:01,  4.21it/s]
 90%|█████████ | 45/50 [00:14<00:01,  4.22it/s]
 92%|█████████▏| 46/50 [00:14<00:00,  4.18it/s]
 94%|█████████▍| 47/50 [00:14<00:00,  4.13it/s]
 96%|█████████▌| 48/50 [00:14<00:00,  4.12it/s]
 98%|█████████▊| 49/50 [00:15<00:00,  4.09it/s]
100%|██████████| 50/50 [00:15<00:00,  4.12it/s]
100%|██████████| 50/50 [00:15<00:00,  3.23it/s]
>>> VALIDATING 


  0%|          | 0/13 [00:00<?, ?it/s]
  8%|▊         | 1/13 [00:01<00:12,  1.08s/it]
 23%|██▎       | 3/13 [00:01<00:03,  2.92it/s]
 38%|███▊      | 5/13 [00:01<00:02,  3.22it/s]
 54%|█████▍    | 7/13 [00:01<00:01,  4.70it/s]
 69%|██████▉   | 9/13 [00:02<00:00,  4.24it/s]
 85%|████████▍ | 11/13 [00:02<00:00,  5.45it/s]
100%|██████████| 13/13 [00:02<00:00,  6.91it/s]
100%|██████████| 13/13 [00:02<00:00,  4.50it/s]
>>> LOGGING 

BALANCED ACCS CHECKED FOR TRAIN
BALANCED ACCS CHECKED FOR VAL
train_acc: 0.7643378519290928
val_acc: 0.6513761467889908
train_abn_acc: 0
val_abn_acc: 0
train_cls_loss: 0.46895151899678866
val_cls_loss: 0.5962487005809628
train_total_loss: 1.440661640758932
val_total_loss: 0.5962487005809628
test_abn_acc: 0
balanced_train_acc: 0.5879623461408382
balanced_val_acc: 0.5152954734102136
Land_on_Land_train_acc: 0.9259576901086335
Land_on_Land_val_acc: 0.9957173447537473
Land_on_Water_train_acc: 0.75
Land_on_Water_val_acc: 0.5236051502145923
Water_on_Land_train_acc: 0.10714285714285714
Water_on_Land_val_acc: 0.0
Water_on_Water_train_acc: 0.2667928098391675
Water_on_Water_val_acc: 0.5413533834586466
train_abn_cls_loss: 0.7810386091004572
train_abn_att_clip_vit_loss: 0.19067152277396543
train_acc_Landbird: 0.9171645844649647
train_acc_Waterbird: 0.2587601078167116
val_acc_Landbird: 0.759914255091104
val_acc_Waterbird: 0.2706766917293233
TRAIN ACC:        0.7643378519290928
VAL ACC:          0.6513761467889908
BALANCED VAL ACC: 0.5152954734102136
prev best list: []
Saving to trained_weights/waterbirds/abn_att_waterbird_complete95_forest2water2_21048936_trial_000/best_balanced_valacc_0.52_epoch_0.ckpt
>>> EVALUATING ON TEST SET
WATERBIRDS DIR: /home/ryreu/guided_cnn/waterbirds/waterbird_complete95_forest2water2
NUMBER OF SAMPLES WITH LABEL Landbird: 4510
NUMBER OF SAMPLES WITH LABEL Waterbird: 1284
NUMBER OF SAMPLES WITH GROUP Land_on_Land: 2255
NUMBER OF SAMPLES WITH GROUP Land_on_Water: 2255
NUMBER OF SAMPLES WITH GROUP Water_on_Land: 642
NUMBER OF SAMPLES WITH GROUP Water_on_Water: 642
NUM TEST:   5794

Loaded checkpoint trained_weights/waterbirds/abn_att_waterbird_complete95_forest2water2_21048936_trial_000/best_balanced_valacc_0.52_epoch_0.ckpt

  0%|          | 0/5794 [00:00<?, ?it/s]
  0%|          | 1/5794 [00:00<27:16,  3.54it/s]
  0%|          | 7/5794 [00:00<04:19, 22.31it/s]
  0%|          | 13/5794 [00:00<02:50, 33.87it/s]
  0%|          | 19/5794 [00:00<02:19, 41.29it/s]
  0%|          | 25/5794 [00:00<02:05, 46.15it/s]
  1%|          | 31/5794 [00:00<01:56, 49.50it/s]
  1%|          | 37/5794 [00:00<01:51, 51.85it/s]
  1%|          | 43/5794 [00:01<01:47, 53.31it/s]
  1%|          | 49/5794 [00:01<01:45, 54.47it/s]
  1%|          | 55/5794 [00:01<01:44, 55.14it/s]
  1%|          | 61/5794 [00:01<01:44, 55.07it/s]
  1%|          | 67/5794 [00:01<01:43, 55.41it/s]
  1%|▏         | 73/5794 [00:01<01:42, 55.69it/s]
  1%|▏         | 79/5794 [00:01<01:41, 56.10it/s]
  1%|▏         | 85/5794 [00:01<01:41, 56.27it/s]
  2%|▏         | 91/5794 [00:01<01:41, 56.28it/s]
  2%|▏         | 97/5794 [00:01<01:41, 56.17it/s]
  2%|▏         | 103/5794 [00:02<01:40, 56.38it/s]
  2%|▏         | 109/5794 [00:02<01:41, 56.15it/s]
  2%|▏         | 115/5794 [00:02<01:40, 56.33it/s]
  2%|▏         | 121/5794 [00:02<01:41, 56.12it/s]
  2%|▏         | 127/5794 [00:02<01:41, 56.10it/s]
  2%|▏         | 133/5794 [00:02<01:40, 56.19it/s]
  2%|▏         | 139/5794 [00:02<01:41, 55.69it/s]
  3%|▎         | 145/5794 [00:02<01:41, 55.61it/s]
  3%|▎         | 151/5794 [00:02<01:41, 55.86it/s]
  3%|▎         | 157/5794 [00:03<01:41, 55.75it/s]
  3%|▎         | 163/5794 [00:03<01:40, 56.07it/s]
  3%|▎         | 169/5794 [00:03<01:40, 56.03it/s]
  3%|▎         | 175/5794 [00:03<01:40, 55.86it/s]
  3%|▎         | 181/5794 [00:03<01:40, 55.92it/s]
  3%|▎         | 187/5794 [00:03<01:40, 56.04it/s]
  3%|▎         | 193/5794 [00:03<01:40, 55.94it/s]
  3%|▎         | 199/5794 [00:03<01:39, 56.10it/s]
  4%|▎         | 205/5794 [00:03<01:39, 56.17it/s]
  4%|▎         | 211/5794 [00:04<01:39, 56.12it/s]
  4%|▎         | 217/5794 [00:04<01:39, 56.18it/s]
  4%|▍         | 223/5794 [00:04<01:39, 56.24it/s]
  4%|▍         | 229/5794 [00:04<01:39, 56.07it/s]
  4%|▍         | 235/5794 [00:04<01:39, 56.15it/s]
  4%|▍         | 241/5794 [00:04<01:38, 56.15it/s]
  4%|▍         | 247/5794 [00:04<01:38, 56.12it/s]
  4%|▍         | 253/5794 [00:04<01:38, 56.09it/s]
  4%|▍         | 259/5794 [00:04<01:38, 55.98it/s]
  5%|▍         | 265/5794 [00:04<01:38, 56.07it/s]
  5%|▍         | 271/5794 [00:05<01:38, 56.13it/s]
  5%|▍         | 277/5794 [00:05<01:39, 55.59it/s]
  5%|▍         | 283/5794 [00:05<01:38, 55.78it/s]
  5%|▍         | 289/5794 [00:05<01:38, 55.88it/s]
  5%|▌         | 295/5794 [00:05<01:38, 55.94it/s]
  5%|▌         | 301/5794 [00:05<01:38, 55.67it/s]
  5%|▌         | 307/5794 [00:05<01:38, 55.95it/s]
  5%|▌         | 313/5794 [00:05<01:38, 55.92it/s]
  6%|▌         | 319/5794 [00:05<01:37, 56.09it/s]
  6%|▌         | 325/5794 [00:06<01:37, 56.15it/s]
  6%|▌         | 331/5794 [00:06<01:37, 56.11it/s]
  6%|▌         | 337/5794 [00:06<01:37, 56.20it/s]
  6%|▌         | 343/5794 [00:06<01:37, 56.13it/s]
  6%|▌         | 349/5794 [00:06<01:37, 55.83it/s]
  6%|▌         | 355/5794 [00:06<01:37, 56.05it/s]
  6%|▌         | 361/5794 [00:06<01:36, 56.02it/s]
  6%|▋         | 367/5794 [00:06<01:36, 56.15it/s]
  6%|▋         | 373/5794 [00:06<01:36, 55.99it/s]
  7%|▋         | 379/5794 [00:07<01:36, 55.95it/s]
  7%|▋         | 385/5794 [00:07<01:36, 56.16it/s]
  7%|▋         | 391/5794 [00:07<01:36, 56.20it/s]
  7%|▋         | 397/5794 [00:07<01:36, 55.83it/s]
  7%|▋         | 403/5794 [00:07<01:36, 55.96it/s]
  7%|▋         | 409/5794 [00:07<01:36, 56.07it/s]
  7%|▋         | 415/5794 [00:07<01:36, 55.83it/s]
  7%|▋         | 421/5794 [00:07<01:36, 55.77it/s]
  7%|▋         | 427/5794 [00:07<01:36, 55.88it/s]
  7%|▋         | 433/5794 [00:07<01:36, 55.81it/s]
  8%|▊         | 439/5794 [00:08<01:36, 55.50it/s]
  8%|▊         | 445/5794 [00:08<01:36, 55.68it/s]
  8%|▊         | 451/5794 [00:08<01:35, 55.82it/s]
  8%|▊         | 457/5794 [00:08<01:35, 56.01it/s]
  8%|▊         | 463/5794 [00:08<01:35, 55.79it/s]
  8%|▊         | 469/5794 [00:08<01:35, 55.90it/s]
  8%|▊         | 475/5794 [00:08<01:34, 56.11it/s]
  8%|▊         | 481/5794 [00:08<01:34, 56.02it/s]
  8%|▊         | 487/5794 [00:08<01:34, 56.18it/s]
  9%|▊         | 493/5794 [00:09<01:34, 56.19it/s]
  9%|▊         | 499/5794 [00:09<01:34, 56.13it/s]
  9%|▊         | 505/5794 [00:09<01:34, 56.26it/s]
  9%|▉         | 511/5794 [00:09<01:33, 56.31it/s]
  9%|▉         | 517/5794 [00:09<01:33, 56.17it/s]
  9%|▉         | 523/5794 [00:09<01:33, 56.32it/s]
  9%|▉         | 529/5794 [00:09<01:33, 56.37it/s]
  9%|▉         | 535/5794 [00:09<01:33, 56.27it/s]
  9%|▉         | 541/5794 [00:09<01:33, 56.45it/s]
  9%|▉         | 547/5794 [00:10<01:32, 56.46it/s]
 10%|▉         | 553/5794 [00:10<01:32, 56.39it/s]
 10%|▉         | 559/5794 [00:10<01:32, 56.43it/s]
 10%|▉         | 565/5794 [00:10<01:32, 56.34it/s]
 10%|▉         | 571/5794 [00:10<01:32, 56.46it/s]
 10%|▉         | 577/5794 [00:10<01:32, 56.48it/s]
 10%|█         | 583/5794 [00:10<01:32, 56.38it/s]
 10%|█         | 589/5794 [00:10<01:32, 56.39it/s]
 10%|█         | 595/5794 [00:10<01:32, 56.46it/s]
 10%|█         | 601/5794 [00:10<01:32, 56.35it/s]
 10%|█         | 607/5794 [00:11<01:31, 56.46it/s]
 11%|█         | 613/5794 [00:11<01:31, 56.39it/s]
 11%|█         | 619/5794 [00:11<01:31, 56.43it/s]
 11%|█         | 625/5794 [00:11<01:32, 56.11it/s]
 11%|█         | 631/5794 [00:11<01:31, 56.27it/s]
 11%|█         | 637/5794 [00:11<01:31, 56.27it/s]
 11%|█         | 643/5794 [00:11<01:31, 56.36it/s]
 11%|█         | 649/5794 [00:11<01:31, 56.40it/s]
 11%|█▏        | 655/5794 [00:11<01:31, 56.23it/s]
 11%|█▏        | 661/5794 [00:12<01:31, 56.37it/s]
 12%|█▏        | 667/5794 [00:12<01:32, 55.66it/s]
 12%|█▏        | 673/5794 [00:12<01:31, 56.01it/s]
 12%|█▏        | 679/5794 [00:12<01:31, 56.05it/s]
 12%|█▏        | 685/5794 [00:12<01:31, 56.07it/s]
 12%|█▏        | 691/5794 [00:12<01:30, 56.44it/s]
 12%|█▏        | 697/5794 [00:12<01:30, 56.58it/s]
 12%|█▏        | 703/5794 [00:12<01:30, 56.53it/s]
 12%|█▏        | 709/5794 [00:12<01:29, 56.84it/s]
 12%|█▏        | 715/5794 [00:12<01:28, 57.13it/s]
 12%|█▏        | 721/5794 [00:13<01:28, 57.27it/s]
 13%|█▎        | 727/5794 [00:13<01:28, 57.48it/s]
 13%|█▎        | 733/5794 [00:13<01:28, 57.50it/s]
 13%|█▎        | 739/5794 [00:13<01:28, 57.21it/s]
 13%|█▎        | 745/5794 [00:13<01:28, 57.15it/s]
 13%|█▎        | 751/5794 [00:13<01:28, 57.01it/s]
 13%|█▎        | 757/5794 [00:13<01:28, 56.69it/s]
 13%|█▎        | 763/5794 [00:13<01:28, 56.69it/s]
 13%|█▎        | 769/5794 [00:13<01:28, 56.63it/s]
 13%|█▎        | 775/5794 [00:14<01:28, 56.84it/s]
 13%|█▎        | 781/5794 [00:14<01:28, 56.87it/s]
 14%|█▎        | 787/5794 [00:14<01:28, 56.78it/s]
 14%|█▎        | 793/5794 [00:14<01:27, 56.83it/s]
 14%|█▍        | 799/5794 [00:14<01:27, 56.88it/s]
 14%|█▍        | 805/5794 [00:14<01:27, 56.71it/s]
 14%|█▍        | 811/5794 [00:14<01:27, 56.81it/s]
 14%|█▍        | 817/5794 [00:14<01:27, 56.86it/s]
 14%|█▍        | 823/5794 [00:14<01:27, 56.75it/s]
 14%|█▍        | 829/5794 [00:14<01:27, 56.87it/s]
 14%|█▍        | 835/5794 [00:15<01:27, 56.88it/s]
 15%|█▍        | 841/5794 [00:15<01:27, 56.72it/s]
 15%|█▍        | 847/5794 [00:15<01:27, 56.84it/s]
 15%|█▍        | 853/5794 [00:15<01:26, 56.81it/s]
 15%|█▍        | 859/5794 [00:15<01:26, 56.80it/s]
 15%|█▍        | 865/5794 [00:15<01:26, 56.91it/s]
 15%|█▌        | 871/5794 [00:15<01:26, 56.71it/s]
 15%|█▌        | 877/5794 [00:15<01:26, 56.78it/s]
 15%|█▌        | 883/5794 [00:15<01:26, 56.82it/s]
 15%|█▌        | 889/5794 [00:16<01:26, 56.70it/s]
 15%|█▌        | 895/5794 [00:16<01:27, 56.07it/s]
 16%|█▌        | 901/5794 [00:16<01:26, 56.36it/s]
 16%|█▌        | 907/5794 [00:16<01:26, 56.41it/s]
 16%|█▌        | 913/5794 [00:16<01:26, 56.42it/s]
 16%|█▌        | 919/5794 [00:16<01:26, 56.56it/s]
 16%|█▌        | 925/5794 [00:16<01:26, 56.46it/s]
 16%|█▌        | 931/5794 [00:16<01:26, 56.54it/s]
 16%|█▌        | 937/5794 [00:16<01:25, 56.56it/s]
 16%|█▋        | 943/5794 [00:17<01:25, 56.52it/s]
 16%|█▋        | 949/5794 [00:17<01:25, 56.61it/s]
 16%|█▋        | 955/5794 [00:17<01:25, 56.59it/s]
 17%|█▋        | 961/5794 [00:17<01:25, 56.54it/s]
 17%|█▋        | 967/5794 [00:17<01:25, 56.53it/s]
 17%|█▋        | 973/5794 [00:17<01:25, 56.38it/s]
 17%|█▋        | 979/5794 [00:17<01:25, 56.61it/s]
 17%|█▋        | 985/5794 [00:17<01:25, 56.40it/s]
 17%|█▋        | 991/5794 [00:17<01:25, 56.43it/s]
 17%|█▋        | 997/5794 [00:17<01:24, 56.56it/s]
 17%|█▋        | 1003/5794 [00:18<01:24, 56.65it/s]
 17%|█▋        | 1009/5794 [00:18<01:24, 56.51it/s]
 18%|█▊        | 1015/5794 [00:18<01:24, 56.66it/s]
 18%|█▊        | 1021/5794 [00:18<01:24, 56.60it/s]
 18%|█▊        | 1027/5794 [00:18<01:24, 56.43it/s]
 18%|█▊        | 1033/5794 [00:18<01:24, 56.54it/s]
 18%|█▊        | 1039/5794 [00:18<01:24, 56.53it/s]
 18%|█▊        | 1045/5794 [00:18<01:24, 56.36it/s]
 18%|█▊        | 1051/5794 [00:18<01:24, 56.30it/s]
 18%|█▊        | 1057/5794 [00:19<01:24, 56.18it/s]
 18%|█▊        | 1063/5794 [00:19<01:24, 56.24it/s]
 18%|█▊        | 1069/5794 [00:19<01:23, 56.36it/s]
 19%|█▊        | 1075/5794 [00:19<01:23, 56.28it/s]
 19%|█▊        | 1081/5794 [00:19<01:23, 56.38it/s]
 19%|█▉        | 1087/5794 [00:19<01:23, 56.56it/s]
 19%|█▉        | 1093/5794 [00:19<01:22, 56.67it/s]
 19%|█▉        | 1099/5794 [00:19<01:22, 56.96it/s]
 19%|█▉        | 1105/5794 [00:19<01:22, 57.17it/s]
 19%|█▉        | 1111/5794 [00:19<01:21, 57.13it/s]
 19%|█▉        | 1117/5794 [00:20<01:21, 57.23it/s]
 19%|█▉        | 1123/5794 [00:20<01:21, 57.29it/s]
 19%|█▉        | 1129/5794 [00:20<01:21, 57.18it/s]
 20%|█▉        | 1135/5794 [00:20<01:21, 57.36it/s]
 20%|█▉        | 1141/5794 [00:20<01:21, 57.32it/s]
 20%|█▉        | 1147/5794 [00:20<01:21, 57.32it/s]
 20%|█▉        | 1153/5794 [00:20<01:20, 57.44it/s]
 20%|██        | 1159/5794 [00:20<01:20, 57.45it/s]
 20%|██        | 1165/5794 [00:20<01:20, 57.39it/s]
 20%|██        | 1171/5794 [00:21<01:20, 57.47it/s]
 20%|██        | 1177/5794 [00:21<01:20, 57.36it/s]
 20%|██        | 1183/5794 [00:21<01:20, 57.44it/s]
 21%|██        | 1189/5794 [00:21<01:20, 57.06it/s]
 21%|██        | 1195/5794 [00:21<01:20, 57.06it/s]
 21%|██        | 1201/5794 [00:21<01:20, 57.21it/s]
 21%|██        | 1207/5794 [00:21<01:19, 57.39it/s]
 21%|██        | 1213/5794 [00:21<01:19, 57.34it/s]
 21%|██        | 1219/5794 [00:21<01:19, 57.46it/s]
 21%|██        | 1225/5794 [00:21<01:19, 57.51it/s]
 21%|██        | 1231/5794 [00:22<01:19, 57.45it/s]
 21%|██▏       | 1237/5794 [00:22<01:19, 57.44it/s]
 21%|██▏       | 1243/5794 [00:22<01:19, 57.48it/s]
 22%|██▏       | 1249/5794 [00:22<01:19, 57.34it/s]
 22%|██▏       | 1255/5794 [00:22<01:19, 57.37it/s]
 22%|██▏       | 1261/5794 [00:22<01:19, 56.74it/s]
 22%|██▏       | 1267/5794 [00:22<01:19, 56.63it/s]
 22%|██▏       | 1273/5794 [00:22<01:19, 56.64it/s]
 22%|██▏       | 1279/5794 [00:22<01:19, 56.75it/s]
 22%|██▏       | 1285/5794 [00:23<01:19, 57.07it/s]
 22%|██▏       | 1291/5794 [00:23<01:18, 57.22it/s]
 22%|██▏       | 1297/5794 [00:23<01:19, 56.86it/s]
 22%|██▏       | 1303/5794 [00:23<01:19, 56.79it/s]
 23%|██▎       | 1309/5794 [00:23<01:19, 56.72it/s]
 23%|██▎       | 1315/5794 [00:23<01:19, 56.49it/s]
 23%|██▎       | 1321/5794 [00:23<01:19, 56.52it/s]
 23%|██▎       | 1327/5794 [00:23<01:19, 56.54it/s]
 23%|██▎       | 1333/5794 [00:23<01:18, 56.49it/s]
 23%|██▎       | 1339/5794 [00:23<01:18, 56.55it/s]
 23%|██▎       | 1345/5794 [00:24<01:19, 55.81it/s]
 23%|██▎       | 1351/5794 [00:24<01:19, 55.67it/s]
 23%|██▎       | 1357/5794 [00:24<01:19, 55.94it/s]
 24%|██▎       | 1363/5794 [00:24<01:19, 56.09it/s]
 24%|██▎       | 1369/5794 [00:24<01:18, 56.08it/s]
 24%|██▎       | 1375/5794 [00:24<01:18, 56.24it/s]
 24%|██▍       | 1381/5794 [00:24<01:18, 56.19it/s]
 24%|██▍       | 1387/5794 [00:24<01:18, 56.30it/s]
 24%|██▍       | 1393/5794 [00:24<01:18, 56.41it/s]
 24%|██▍       | 1399/5794 [00:25<01:18, 56.28it/s]
 24%|██▍       | 1405/5794 [00:25<01:17, 56.37it/s]
 24%|██▍       | 1411/5794 [00:25<01:17, 56.45it/s]
 24%|██▍       | 1417/5794 [00:25<01:17, 56.29it/s]
 25%|██▍       | 1423/5794 [00:25<01:17, 56.43it/s]
 25%|██▍       | 1429/5794 [00:25<01:17, 56.40it/s]
 25%|██▍       | 1435/5794 [00:25<01:17, 56.38it/s]
 25%|██▍       | 1441/5794 [00:25<01:17, 56.43it/s]
 25%|██▍       | 1447/5794 [00:25<01:17, 56.41it/s]
 25%|██▌       | 1453/5794 [00:25<01:17, 56.31it/s]
 25%|██▌       | 1459/5794 [00:26<01:16, 56.33it/s]
 25%|██▌       | 1465/5794 [00:26<01:16, 56.38it/s]
 25%|██▌       | 1471/5794 [00:26<01:16, 56.36it/s]
 25%|██▌       | 1477/5794 [00:26<01:16, 56.42it/s]
 26%|██▌       | 1483/5794 [00:26<01:16, 56.38it/s]
 26%|██▌       | 1489/5794 [00:26<01:16, 56.48it/s]
 26%|██▌       | 1495/5794 [00:26<01:16, 56.47it/s]
 26%|██▌       | 1501/5794 [00:26<01:16, 56.33it/s]
 26%|██▌       | 1507/5794 [00:26<01:16, 56.38it/s]
 26%|██▌       | 1513/5794 [00:27<01:15, 56.40it/s]
 26%|██▌       | 1519/5794 [00:27<01:16, 56.25it/s]
 26%|██▋       | 1525/5794 [00:27<01:15, 56.24it/s]
 26%|██▋       | 1531/5794 [00:27<01:15, 56.21it/s]
 27%|██▋       | 1537/5794 [00:27<01:15, 56.11it/s]
 27%|██▋       | 1543/5794 [00:27<01:15, 56.15it/s]
 27%|██▋       | 1549/5794 [00:27<01:15, 55.92it/s]
 27%|██▋       | 1555/5794 [00:27<01:15, 55.89it/s]
 27%|██▋       | 1561/5794 [00:27<01:15, 55.97it/s]
 27%|██▋       | 1567/5794 [00:28<01:16, 55.49it/s]
 27%|██▋       | 1573/5794 [00:28<01:15, 55.68it/s]
 27%|██▋       | 1579/5794 [00:28<01:15, 56.00it/s]
 27%|██▋       | 1585/5794 [00:28<01:15, 56.06it/s]
 27%|██▋       | 1591/5794 [00:28<01:14, 56.25it/s]
 28%|██▊       | 1597/5794 [00:28<01:14, 56.31it/s]
 28%|██▊       | 1603/5794 [00:28<01:14, 56.22it/s]
 28%|██▊       | 1609/5794 [00:28<01:14, 56.33it/s]
 28%|██▊       | 1615/5794 [00:28<01:14, 56.42it/s]
 28%|██▊       | 1621/5794 [00:28<01:14, 56.35it/s]
 28%|██▊       | 1627/5794 [00:29<01:13, 56.43it/s]
 28%|██▊       | 1633/5794 [00:29<01:13, 56.53it/s]
 28%|██▊       | 1639/5794 [00:29<01:13, 56.27it/s]
 28%|██▊       | 1645/5794 [00:29<01:13, 56.22it/s]
 28%|██▊       | 1651/5794 [00:29<01:13, 56.42it/s]
 29%|██▊       | 1657/5794 [00:29<01:13, 56.31it/s]
 29%|██▊       | 1663/5794 [00:29<01:13, 56.46it/s]
 29%|██▉       | 1669/5794 [00:29<01:13, 56.46it/s]
 29%|██▉       | 1675/5794 [00:29<01:13, 56.41it/s]
 29%|██▉       | 1681/5794 [00:30<01:12, 56.47it/s]
 29%|██▉       | 1687/5794 [00:30<01:12, 56.39it/s]
 29%|██▉       | 1693/5794 [00:30<01:12, 56.50it/s]
 29%|██▉       | 1699/5794 [00:30<01:12, 56.51it/s]
 29%|██▉       | 1705/5794 [00:30<01:13, 55.90it/s]
 30%|██▉       | 1711/5794 [00:30<01:12, 56.11it/s]
 30%|██▉       | 1717/5794 [00:30<01:12, 56.29it/s]
 30%|██▉       | 1723/5794 [00:30<01:12, 56.32it/s]
 30%|██▉       | 1729/5794 [00:30<01:12, 56.46it/s]
 30%|██▉       | 1735/5794 [00:31<01:11, 56.59it/s]
 30%|███       | 1741/5794 [00:31<01:11, 56.45it/s]
 30%|███       | 1747/5794 [00:31<01:11, 56.54it/s]
 30%|███       | 1753/5794 [00:31<01:11, 56.34it/s]
 30%|███       | 1759/5794 [00:31<01:11, 56.28it/s]
 30%|███       | 1765/5794 [00:31<01:11, 56.36it/s]
 31%|███       | 1771/5794 [00:31<01:11, 56.42it/s]
 31%|███       | 1777/5794 [00:31<01:11, 56.44it/s]
 31%|███       | 1783/5794 [00:31<01:10, 56.66it/s]
 31%|███       | 1789/5794 [00:31<01:10, 56.81it/s]
 31%|███       | 1795/5794 [00:32<01:10, 57.12it/s]
 31%|███       | 1801/5794 [00:32<01:09, 57.24it/s]
 31%|███       | 1807/5794 [00:32<01:09, 57.28it/s]
 31%|███▏      | 1813/5794 [00:32<01:09, 57.35it/s]
 31%|███▏      | 1819/5794 [00:32<01:09, 57.44it/s]
 31%|███▏      | 1825/5794 [00:32<01:09, 57.38it/s]
 32%|███▏      | 1831/5794 [00:32<01:09, 57.23it/s]
 32%|███▏      | 1837/5794 [00:32<01:09, 57.00it/s]
 32%|███▏      | 1843/5794 [00:32<01:09, 57.01it/s]
 32%|███▏      | 1849/5794 [00:33<01:08, 57.21it/s]
 32%|███▏      | 1855/5794 [00:33<01:08, 57.41it/s]
 32%|███▏      | 1861/5794 [00:33<01:08, 57.29it/s]
 32%|███▏      | 1867/5794 [00:33<01:08, 57.45it/s]
 32%|███▏      | 1873/5794 [00:33<01:08, 57.46it/s]
 32%|███▏      | 1879/5794 [00:33<01:08, 57.42it/s]
 33%|███▎      | 1885/5794 [00:33<01:08, 57.48it/s]
 33%|███▎      | 1891/5794 [00:33<01:07, 57.44it/s]
 33%|███▎      | 1897/5794 [00:33<01:07, 57.57it/s]
 33%|███▎      | 1903/5794 [00:33<01:07, 57.63it/s]
 33%|███▎      | 1909/5794 [00:34<01:07, 57.53it/s]
 33%|███▎      | 1915/5794 [00:34<01:07, 57.54it/s]
 33%|███▎      | 1921/5794 [00:34<01:07, 57.58it/s]
 33%|███▎      | 1927/5794 [00:34<01:07, 57.46it/s]
 33%|███▎      | 1933/5794 [00:34<01:07, 57.36it/s]
 33%|███▎      | 1939/5794 [00:34<01:07, 57.16it/s]
 34%|███▎      | 1945/5794 [00:34<01:07, 56.99it/s]
 34%|███▎      | 1951/5794 [00:34<01:07, 57.18it/s]
 34%|███▍      | 1957/5794 [00:34<01:07, 57.25it/s]
 34%|███▍      | 1963/5794 [00:34<01:07, 57.13it/s]
 34%|███▍      | 1969/5794 [00:35<01:06, 57.26it/s]
 34%|███▍      | 1975/5794 [00:35<01:06, 57.28it/s]
 34%|███▍      | 1981/5794 [00:35<01:06, 57.28it/s]
 34%|███▍      | 1987/5794 [00:35<01:07, 56.73it/s]
 34%|███▍      | 1993/5794 [00:35<01:06, 56.82it/s]
 35%|███▍      | 1999/5794 [00:35<01:06, 57.13it/s]
 35%|███▍      | 2005/5794 [00:35<01:06, 57.28it/s]
 35%|███▍      | 2011/5794 [00:35<01:06, 57.24it/s]
 35%|███▍      | 2017/5794 [00:35<01:05, 57.38it/s]
 35%|███▍      | 2023/5794 [00:36<01:05, 57.43it/s]
 35%|███▌      | 2029/5794 [00:36<01:05, 57.24it/s]
 35%|███▌      | 2035/5794 [00:36<01:05, 57.37it/s]
 35%|███▌      | 2041/5794 [00:36<01:05, 57.43it/s]
 35%|███▌      | 2047/5794 [00:36<01:05, 57.40it/s]
 35%|███▌      | 2053/5794 [00:36<01:05, 57.09it/s]
 36%|███▌      | 2059/5794 [00:36<01:07, 55.26it/s]
 36%|███▌      | 2065/5794 [00:36<01:08, 54.30it/s]
 36%|███▌      | 2071/5794 [00:36<01:08, 53.96it/s]
 36%|███▌      | 2077/5794 [00:37<01:09, 53.23it/s]
 36%|███▌      | 2083/5794 [00:37<01:09, 53.67it/s]
 36%|███▌      | 2089/5794 [00:37<01:09, 53.56it/s]
 36%|███▌      | 2095/5794 [00:37<01:09, 53.04it/s]
 36%|███▋      | 2101/5794 [00:37<01:09, 52.94it/s]
 36%|███▋      | 2107/5794 [00:37<01:10, 52.61it/s]
 36%|███▋      | 2113/5794 [00:37<01:09, 53.10it/s]
 37%|███▋      | 2119/5794 [00:37<01:07, 54.77it/s]
 37%|███▋      | 2125/5794 [00:37<01:05, 55.68it/s]
 37%|███▋      | 2131/5794 [00:38<01:04, 56.51it/s]
 37%|███▋      | 2138/5794 [00:38<01:03, 57.77it/s]
 37%|███▋      | 2145/5794 [00:38<01:02, 58.55it/s]
 37%|███▋      | 2151/5794 [00:38<01:01, 58.93it/s]
 37%|███▋      | 2158/5794 [00:38<01:01, 59.37it/s]
 37%|███▋      | 2164/5794 [00:38<01:00, 59.51it/s]
 37%|███▋      | 2171/5794 [00:38<01:00, 59.75it/s]
 38%|███▊      | 2178/5794 [00:38<01:00, 59.95it/s]
 38%|███▊      | 2184/5794 [00:38<01:00, 59.94it/s]
 38%|███▊      | 2190/5794 [00:38<01:00, 59.45it/s]
 38%|███▊      | 2196/5794 [00:39<01:00, 59.43it/s]
 38%|███▊      | 2202/5794 [00:39<01:00, 59.55it/s]
 38%|███▊      | 2209/5794 [00:39<00:59, 59.88it/s]
 38%|███▊      | 2215/5794 [00:39<01:00, 59.00it/s]
 38%|███▊      | 2222/5794 [00:39<01:00, 59.50it/s]
 38%|███▊      | 2229/5794 [00:39<00:59, 59.80it/s]
 39%|███▊      | 2236/5794 [00:39<00:59, 59.89it/s]
 39%|███▊      | 2242/5794 [00:39<00:59, 59.91it/s]
 39%|███▉      | 2248/5794 [00:39<00:59, 59.94it/s]
 39%|███▉      | 2254/5794 [00:40<01:02, 56.95it/s]
 39%|███▉      | 2260/5794 [00:40<01:03, 55.40it/s]
 39%|███▉      | 2266/5794 [00:40<01:05, 54.16it/s]
 39%|███▉      | 2272/5794 [00:40<01:05, 53.70it/s]
 39%|███▉      | 2278/5794 [00:40<01:05, 53.29it/s]
 39%|███▉      | 2284/5794 [00:40<01:06, 52.91it/s]
 40%|███▉      | 2290/5794 [00:40<01:06, 52.87it/s]
 40%|███▉      | 2296/5794 [00:40<01:06, 52.77it/s]
 40%|███▉      | 2302/5794 [00:41<01:05, 52.98it/s]
 40%|███▉      | 2308/5794 [00:41<01:05, 52.82it/s]
 40%|███▉      | 2314/5794 [00:41<01:06, 52.72it/s]
 40%|████      | 2320/5794 [00:41<01:06, 51.89it/s]
 40%|████      | 2326/5794 [00:41<01:06, 52.07it/s]
 40%|████      | 2332/5794 [00:41<01:04, 53.34it/s]
 40%|████      | 2338/5794 [00:41<01:05, 52.71it/s]
 40%|████      | 2344/5794 [00:41<01:05, 52.49it/s]
 41%|████      | 2350/5794 [00:41<01:05, 52.21it/s]
 41%|████      | 2356/5794 [00:42<01:05, 52.09it/s]
 41%|████      | 2362/5794 [00:42<01:05, 52.21it/s]
 41%|████      | 2368/5794 [00:42<01:05, 51.99it/s]
 41%|████      | 2374/5794 [00:42<01:05, 51.89it/s]
 41%|████      | 2380/5794 [00:42<01:05, 52.01it/s]
 41%|████      | 2386/5794 [00:42<01:05, 51.95it/s]
 41%|████▏     | 2392/5794 [00:42<01:05, 51.79it/s]
 41%|████▏     | 2398/5794 [00:42<01:05, 51.59it/s]
 41%|████▏     | 2404/5794 [00:42<01:07, 50.54it/s]
 42%|████▏     | 2410/5794 [00:43<01:06, 51.09it/s]
 42%|████▏     | 2416/5794 [00:43<01:05, 51.48it/s]
 42%|████▏     | 2422/5794 [00:43<01:05, 51.61it/s]
 42%|████▏     | 2428/5794 [00:43<01:05, 51.75it/s]
 42%|████▏     | 2434/5794 [00:43<01:04, 51.87it/s]
 42%|████▏     | 2440/5794 [00:43<01:04, 51.99it/s]
 42%|████▏     | 2446/5794 [00:43<01:04, 51.93it/s]
 42%|████▏     | 2452/5794 [00:43<01:04, 51.85it/s]
 42%|████▏     | 2458/5794 [00:44<01:04, 52.09it/s]
 43%|████▎     | 2464/5794 [00:44<01:03, 52.25it/s]
 43%|████▎     | 2470/5794 [00:44<01:03, 52.04it/s]
 43%|████▎     | 2476/5794 [00:44<01:03, 52.21it/s]
 43%|████▎     | 2482/5794 [00:44<01:03, 52.16it/s]
 43%|████▎     | 2488/5794 [00:44<01:03, 52.17it/s]
 43%|████▎     | 2494/5794 [00:44<01:03, 52.14it/s]
 43%|████▎     | 2500/5794 [00:44<01:03, 52.22it/s]
 43%|████▎     | 2506/5794 [00:44<01:03, 52.14it/s]
 43%|████▎     | 2512/5794 [00:45<01:02, 52.29it/s]
 43%|████▎     | 2518/5794 [00:45<01:02, 52.45it/s]
 44%|████▎     | 2524/5794 [00:45<01:02, 52.40it/s]
 44%|████▎     | 2530/5794 [00:45<01:02, 52.47it/s]
 44%|████▍     | 2536/5794 [00:45<01:02, 52.52it/s]
 44%|████▍     | 2542/5794 [00:45<01:02, 52.38it/s]
 44%|████▍     | 2548/5794 [00:45<01:01, 52.50it/s]
 44%|████▍     | 2554/5794 [00:45<01:01, 52.43it/s]
 44%|████▍     | 2560/5794 [00:45<01:01, 52.47it/s]
 44%|████▍     | 2566/5794 [00:46<01:01, 52.55it/s]
 44%|████▍     | 2572/5794 [00:46<01:02, 51.78it/s]
 44%|████▍     | 2578/5794 [00:46<01:01, 52.03it/s]
 45%|████▍     | 2584/5794 [00:46<01:01, 52.15it/s]
 45%|████▍     | 2590/5794 [00:46<01:01, 52.19it/s]
 45%|████▍     | 2596/5794 [00:46<01:01, 52.34it/s]
 45%|████▍     | 2602/5794 [00:46<01:00, 52.41it/s]
 45%|████▌     | 2608/5794 [00:46<01:00, 52.36it/s]
 45%|████▌     | 2614/5794 [00:46<01:00, 52.27it/s]
 45%|████▌     | 2620/5794 [00:47<01:00, 52.33it/s]
 45%|████▌     | 2626/5794 [00:47<01:01, 51.93it/s]
 45%|████▌     | 2632/5794 [00:47<01:00, 52.09it/s]
 46%|████▌     | 2638/5794 [00:47<01:00, 52.44it/s]
 46%|████▌     | 2644/5794 [00:47<00:58, 53.70it/s]
 46%|████▌     | 2650/5794 [00:47<00:57, 54.58it/s]
 46%|████▌     | 2656/5794 [00:47<00:57, 55.03it/s]
 46%|████▌     | 2662/5794 [00:47<00:56, 55.79it/s]
 46%|████▌     | 2668/5794 [00:47<00:55, 56.28it/s]
 46%|████▌     | 2674/5794 [00:48<00:55, 56.43it/s]
 46%|████▋     | 2680/5794 [00:48<00:55, 56.51it/s]
 46%|████▋     | 2686/5794 [00:48<00:54, 56.85it/s]
 46%|████▋     | 2692/5794 [00:48<00:54, 56.67it/s]
 47%|████▋     | 2698/5794 [00:48<00:54, 57.01it/s]
 47%|████▋     | 2704/5794 [00:48<00:54, 57.01it/s]
 47%|████▋     | 2710/5794 [00:48<00:54, 57.06it/s]
 47%|████▋     | 2716/5794 [00:48<00:53, 57.25it/s]
 47%|████▋     | 2722/5794 [00:48<00:53, 57.23it/s]
 47%|████▋     | 2728/5794 [00:49<00:53, 56.96it/s]
 47%|████▋     | 2734/5794 [00:49<00:53, 56.91it/s]
 47%|████▋     | 2740/5794 [00:49<00:53, 57.02it/s]
 47%|████▋     | 2746/5794 [00:49<00:53, 57.06it/s]
 47%|████▋     | 2752/5794 [00:49<00:53, 57.12it/s]
 48%|████▊     | 2758/5794 [00:49<00:53, 57.04it/s]
 48%|████▊     | 2764/5794 [00:49<00:53, 57.15it/s]
 48%|████▊     | 2770/5794 [00:49<00:52, 57.30it/s]
 48%|████▊     | 2776/5794 [00:49<00:52, 57.16it/s]
 48%|████▊     | 2782/5794 [00:49<00:53, 56.59it/s]
 48%|████▊     | 2788/5794 [00:50<00:52, 56.81it/s]
 48%|████▊     | 2794/5794 [00:50<00:52, 56.73it/s]
 48%|████▊     | 2800/5794 [00:50<00:52, 56.88it/s]
 48%|████▊     | 2806/5794 [00:50<00:52, 57.00it/s]
 49%|████▊     | 2812/5794 [00:50<00:52, 56.91it/s]
 49%|████▊     | 2818/5794 [00:50<00:52, 57.13it/s]
 49%|████▊     | 2824/5794 [00:50<00:51, 57.19it/s]
 49%|████▉     | 2830/5794 [00:50<00:51, 57.19it/s]
 49%|████▉     | 2836/5794 [00:50<00:51, 57.13it/s]
 49%|████▉     | 2842/5794 [00:51<00:51, 57.24it/s]
 49%|████▉     | 2848/5794 [00:51<00:51, 57.04it/s]
 49%|████▉     | 2854/5794 [00:51<00:51, 57.17it/s]
 49%|████▉     | 2860/5794 [00:51<00:51, 56.58it/s]
 49%|████▉     | 2866/5794 [00:51<00:51, 56.85it/s]
 50%|████▉     | 2872/5794 [00:51<00:51, 57.06it/s]
 50%|████▉     | 2878/5794 [00:51<00:51, 57.09it/s]
 50%|████▉     | 2884/5794 [00:51<00:52, 55.75it/s]
 50%|████▉     | 2890/5794 [00:51<00:53, 54.15it/s]
 50%|████▉     | 2896/5794 [00:52<00:54, 53.43it/s]
 50%|█████     | 2902/5794 [00:52<00:54, 53.14it/s]
 50%|█████     | 2908/5794 [00:52<00:54, 52.88it/s]
 50%|█████     | 2914/5794 [00:52<00:54, 52.54it/s]
 50%|█████     | 2920/5794 [00:52<00:54, 52.33it/s]
 51%|█████     | 2926/5794 [00:52<00:55, 52.07it/s]
 51%|█████     | 2932/5794 [00:52<00:55, 51.88it/s]
 51%|█████     | 2938/5794 [00:52<00:55, 51.86it/s]
 51%|█████     | 2944/5794 [00:52<00:55, 51.45it/s]
 51%|█████     | 2950/5794 [00:53<00:55, 51.28it/s]
 51%|█████     | 2956/5794 [00:53<00:54, 51.67it/s]
 51%|█████     | 2962/5794 [00:53<00:55, 51.29it/s]
 51%|█████     | 2968/5794 [00:53<00:54, 51.46it/s]
 51%|█████▏    | 2974/5794 [00:53<00:54, 51.39it/s]
 51%|█████▏    | 2980/5794 [00:53<00:54, 51.32it/s]
 52%|█████▏    | 2986/5794 [00:53<00:54, 51.61it/s]
 52%|█████▏    | 2992/5794 [00:53<00:54, 51.67it/s]
 52%|█████▏    | 2998/5794 [00:53<00:54, 51.70it/s]
 52%|█████▏    | 3004/5794 [00:54<00:53, 51.87it/s]
 52%|█████▏    | 3010/5794 [00:54<00:53, 51.86it/s]
 52%|█████▏    | 3016/5794 [00:54<00:53, 51.81it/s]
 52%|█████▏    | 3022/5794 [00:54<00:53, 51.94it/s]
 52%|█████▏    | 3028/5794 [00:54<00:53, 51.95it/s]
 52%|█████▏    | 3034/5794 [00:54<00:53, 51.79it/s]
 52%|█████▏    | 3040/5794 [00:54<00:53, 51.74it/s]
 53%|█████▎    | 3046/5794 [00:54<00:53, 51.84it/s]
 53%|█████▎    | 3052/5794 [00:55<00:52, 51.76it/s]
 53%|█████▎    | 3058/5794 [00:55<00:52, 51.74it/s]
 53%|█████▎    | 3064/5794 [00:55<00:52, 51.76it/s]
 53%|█████▎    | 3070/5794 [00:55<00:52, 51.86it/s]
 53%|█████▎    | 3076/5794 [00:55<00:52, 51.88it/s]
 53%|█████▎    | 3082/5794 [00:55<00:52, 51.96it/s]
 53%|█████▎    | 3088/5794 [00:55<00:51, 52.04it/s]
 53%|█████▎    | 3094/5794 [00:55<00:51, 52.17it/s]
 54%|█████▎    | 3100/5794 [00:55<00:51, 51.91it/s]
 54%|█████▎    | 3106/5794 [00:56<00:51, 52.14it/s]
 54%|█████▎    | 3112/5794 [00:56<00:52, 51.53it/s]
 54%|█████▍    | 3118/5794 [00:56<00:51, 51.62it/s]
 54%|█████▍    | 3124/5794 [00:56<00:51, 51.88it/s]
 54%|█████▍    | 3130/5794 [00:56<00:51, 51.97it/s]
 54%|█████▍    | 3136/5794 [00:56<00:51, 51.98it/s]
 54%|█████▍    | 3142/5794 [00:56<00:50, 52.06it/s]
 54%|█████▍    | 3148/5794 [00:56<00:50, 52.15it/s]
 54%|█████▍    | 3154/5794 [00:56<00:50, 51.91it/s]
 55%|█████▍    | 3160/5794 [00:57<00:50, 52.03it/s]
 55%|█████▍    | 3166/5794 [00:57<00:50, 51.89it/s]
 55%|█████▍    | 3172/5794 [00:57<00:50, 52.05it/s]
 55%|█████▍    | 3178/5794 [00:57<00:50, 51.99it/s]
 55%|█████▍    | 3184/5794 [00:57<00:50, 51.76it/s]
 55%|█████▌    | 3190/5794 [00:57<00:50, 51.84it/s]
 55%|█████▌    | 3196/5794 [00:57<00:50, 51.74it/s]
 55%|█████▌    | 3202/5794 [00:57<00:50, 51.36it/s]
 55%|█████▌    | 3208/5794 [00:58<00:50, 51.33it/s]
 55%|█████▌    | 3214/5794 [00:58<00:49, 51.63it/s]
 56%|█████▌    | 3220/5794 [00:58<00:49, 51.62it/s]
 56%|█████▌    | 3226/5794 [00:58<00:49, 51.67it/s]
 56%|█████▌    | 3232/5794 [00:58<00:49, 51.65it/s]
 56%|█████▌    | 3238/5794 [00:58<00:49, 51.74it/s]
 56%|█████▌    | 3244/5794 [00:58<00:49, 51.94it/s]
 56%|█████▌    | 3250/5794 [00:58<00:49, 51.67it/s]
 56%|█████▌    | 3256/5794 [00:58<00:48, 52.10it/s]
 56%|█████▋    | 3262/5794 [00:59<00:48, 52.19it/s]
 56%|█████▋    | 3268/5794 [00:59<00:48, 51.81it/s]
 57%|█████▋    | 3274/5794 [00:59<00:48, 51.77it/s]
 57%|█████▋    | 3280/5794 [00:59<00:48, 51.95it/s]
 57%|█████▋    | 3286/5794 [00:59<00:48, 51.81it/s]
 57%|█████▋    | 3292/5794 [00:59<00:48, 51.84it/s]
 57%|█████▋    | 3298/5794 [00:59<00:47, 52.01it/s]
 57%|█████▋    | 3304/5794 [00:59<00:47, 51.94it/s]
 57%|█████▋    | 3310/5794 [00:59<00:47, 52.61it/s]
 57%|█████▋    | 3316/5794 [01:00<00:47, 52.24it/s]
 57%|█████▋    | 3322/5794 [01:00<00:47, 52.08it/s]
 57%|█████▋    | 3328/5794 [01:00<00:47, 51.98it/s]
 58%|█████▊    | 3334/5794 [01:00<00:47, 52.04it/s]
 58%|█████▊    | 3340/5794 [01:00<00:46, 52.36it/s]
 58%|█████▊    | 3346/5794 [01:00<00:46, 52.21it/s]
 58%|█████▊    | 3352/5794 [01:00<00:47, 51.40it/s]
 58%|█████▊    | 3358/5794 [01:00<00:47, 51.58it/s]
 58%|█████▊    | 3364/5794 [01:01<00:47, 51.38it/s]
 58%|█████▊    | 3370/5794 [01:01<00:47, 51.45it/s]
 58%|█████▊    | 3376/5794 [01:01<00:46, 51.76it/s]
 58%|█████▊    | 3382/5794 [01:01<00:47, 51.17it/s]
 58%|█████▊    | 3388/5794 [01:01<00:47, 51.09it/s]
 59%|█████▊    | 3394/5794 [01:01<00:46, 51.27it/s]
 59%|█████▊    | 3400/5794 [01:01<00:46, 51.45it/s]
 59%|█████▉    | 3406/5794 [01:01<00:46, 51.33it/s]
 59%|█████▉    | 3412/5794 [01:01<00:46, 51.77it/s]
 59%|█████▉    | 3418/5794 [01:02<00:45, 51.90it/s]
 59%|█████▉    | 3424/5794 [01:02<00:45, 51.84it/s]
 59%|█████▉    | 3430/5794 [01:02<00:45, 52.01it/s]
 59%|█████▉    | 3436/5794 [01:02<00:45, 51.92it/s]
 59%|█████▉    | 3442/5794 [01:02<00:45, 51.89it/s]
 60%|█████▉    | 3448/5794 [01:02<00:45, 51.59it/s]
 60%|█████▉    | 3454/5794 [01:02<00:45, 51.52it/s]
 60%|█████▉    | 3460/5794 [01:02<00:45, 51.34it/s]
 60%|█████▉    | 3466/5794 [01:03<00:45, 51.26it/s]
 60%|█████▉    | 3472/5794 [01:03<00:45, 51.04it/s]
 60%|██████    | 3478/5794 [01:03<00:45, 51.29it/s]
 60%|██████    | 3484/5794 [01:03<00:44, 51.79it/s]
 60%|██████    | 3490/5794 [01:03<00:42, 53.85it/s]
 60%|██████    | 3496/5794 [01:03<00:41, 55.36it/s]
 60%|██████    | 3503/5794 [01:03<00:40, 56.80it/s]
 61%|██████    | 3509/5794 [01:03<00:39, 57.47it/s]
 61%|██████    | 3516/5794 [01:03<00:39, 58.01it/s]
 61%|██████    | 3523/5794 [01:04<00:38, 58.55it/s]
 61%|██████    | 3530/5794 [01:04<00:38, 58.84it/s]
 61%|██████    | 3537/5794 [01:04<00:38, 59.27it/s]
 61%|██████    | 3543/5794 [01:04<00:37, 59.32it/s]
 61%|██████▏   | 3549/5794 [01:04<00:37, 59.37it/s]
 61%|██████▏   | 3556/5794 [01:04<00:37, 59.71it/s]
 61%|██████▏   | 3562/5794 [01:04<00:37, 59.64it/s]
 62%|██████▏   | 3569/5794 [01:04<00:37, 59.85it/s]
 62%|██████▏   | 3575/5794 [01:04<00:37, 59.79it/s]
 62%|██████▏   | 3582/5794 [01:05<00:36, 60.06it/s]
 62%|██████▏   | 3589/5794 [01:05<00:36, 60.00it/s]
 62%|██████▏   | 3595/5794 [01:05<00:36, 59.98it/s]
 62%|██████▏   | 3602/5794 [01:05<00:36, 60.09it/s]
 62%|██████▏   | 3609/5794 [01:05<00:36, 59.99it/s]
 62%|██████▏   | 3615/5794 [01:05<00:36, 59.95it/s]
 62%|██████▏   | 3621/5794 [01:05<00:36, 59.90it/s]
 63%|██████▎   | 3627/5794 [01:05<00:36, 58.79it/s]
 63%|██████▎   | 3634/5794 [01:05<00:36, 59.30it/s]
 63%|██████▎   | 3641/5794 [01:05<00:36, 59.56it/s]
 63%|██████▎   | 3648/5794 [01:06<00:35, 59.73it/s]
 63%|██████▎   | 3655/5794 [01:06<00:35, 59.87it/s]
 63%|██████▎   | 3661/5794 [01:06<00:35, 59.79it/s]
 63%|██████▎   | 3668/5794 [01:06<00:35, 59.94it/s]
 63%|██████▎   | 3675/5794 [01:06<00:35, 60.00it/s]
 64%|██████▎   | 3681/5794 [01:06<00:35, 59.84it/s]
 64%|██████▎   | 3687/5794 [01:06<00:35, 59.66it/s]
 64%|██████▎   | 3693/5794 [01:06<00:35, 59.52it/s]
 64%|██████▍   | 3699/5794 [01:06<00:35, 58.97it/s]
 64%|██████▍   | 3705/5794 [01:07<00:36, 56.93it/s]
 64%|██████▍   | 3711/5794 [01:07<00:37, 55.17it/s]
 64%|██████▍   | 3717/5794 [01:07<00:38, 54.18it/s]
 64%|██████▍   | 3723/5794 [01:07<00:38, 53.67it/s]
 64%|██████▍   | 3729/5794 [01:07<00:38, 53.14it/s]
 64%|██████▍   | 3735/5794 [01:07<00:38, 52.92it/s]
 65%|██████▍   | 3741/5794 [01:07<00:39, 52.25it/s]
 65%|██████▍   | 3747/5794 [01:07<00:38, 52.90it/s]
 65%|██████▍   | 3753/5794 [01:07<00:37, 54.04it/s]
 65%|██████▍   | 3759/5794 [01:08<00:36, 55.22it/s]
 65%|██████▍   | 3765/5794 [01:08<00:36, 56.16it/s]
 65%|██████▌   | 3771/5794 [01:08<00:36, 54.92it/s]
 65%|██████▌   | 3777/5794 [01:08<00:37, 54.07it/s]
 65%|██████▌   | 3783/5794 [01:08<00:37, 53.43it/s]
 65%|██████▌   | 3789/5794 [01:08<00:37, 53.20it/s]
 65%|██████▌   | 3795/5794 [01:08<00:37, 52.73it/s]
 66%|██████▌   | 3801/5794 [01:08<00:37, 52.65it/s]
 66%|██████▌   | 3807/5794 [01:09<00:37, 52.59it/s]
 66%|██████▌   | 3813/5794 [01:09<00:37, 52.39it/s]
 66%|██████▌   | 3819/5794 [01:09<00:37, 52.48it/s]
 66%|██████▌   | 3825/5794 [01:09<00:37, 52.34it/s]
 66%|██████▌   | 3831/5794 [01:09<00:37, 51.99it/s]
 66%|██████▌   | 3837/5794 [01:09<00:37, 52.16it/s]
 66%|██████▋   | 3843/5794 [01:09<00:37, 52.10it/s]
 66%|██████▋   | 3849/5794 [01:09<00:37, 51.97it/s]
 67%|██████▋   | 3855/5794 [01:09<00:37, 52.11it/s]
 67%|██████▋   | 3861/5794 [01:10<00:37, 52.03it/s]
 67%|██████▋   | 3867/5794 [01:10<00:37, 51.29it/s]
 67%|██████▋   | 3873/5794 [01:10<00:37, 51.52it/s]
 67%|██████▋   | 3879/5794 [01:10<00:37, 51.54it/s]
 67%|██████▋   | 3885/5794 [01:10<00:36, 51.70it/s]
 67%|██████▋   | 3891/5794 [01:10<00:36, 51.98it/s]
 67%|██████▋   | 3897/5794 [01:10<00:36, 51.95it/s]
 67%|██████▋   | 3903/5794 [01:10<00:36, 52.03it/s]
 67%|██████▋   | 3909/5794 [01:10<00:36, 52.03it/s]
 68%|██████▊   | 3915/5794 [01:11<00:36, 51.93it/s]
 68%|██████▊   | 3921/5794 [01:11<00:35, 52.03it/s]
 68%|██████▊   | 3927/5794 [01:11<00:36, 51.75it/s]
 68%|██████▊   | 3933/5794 [01:11<00:36, 51.23it/s]
 68%|██████▊   | 3939/5794 [01:11<00:36, 51.35it/s]
 68%|██████▊   | 3945/5794 [01:11<00:35, 51.45it/s]
 68%|██████▊   | 3951/5794 [01:11<00:35, 51.27it/s]
 68%|██████▊   | 3957/5794 [01:11<00:35, 51.54it/s]
 68%|██████▊   | 3963/5794 [01:12<00:35, 51.66it/s]
 69%|██████▊   | 3969/5794 [01:12<00:35, 51.64it/s]
 69%|██████▊   | 3975/5794 [01:12<00:35, 51.65it/s]
 69%|██████▊   | 3981/5794 [01:12<00:35, 51.63it/s]
 69%|██████▉   | 3987/5794 [01:12<00:35, 51.55it/s]
 69%|██████▉   | 3993/5794 [01:12<00:34, 51.61it/s]
 69%|██████▉   | 3999/5794 [01:12<00:35, 51.12it/s]
 69%|██████▉   | 4005/5794 [01:12<00:34, 51.46it/s]
 69%|██████▉   | 4011/5794 [01:12<00:34, 51.38it/s]
 69%|██████▉   | 4017/5794 [01:13<00:34, 51.40it/s]
 69%|██████▉   | 4023/5794 [01:13<00:34, 51.50it/s]
 70%|██████▉   | 4029/5794 [01:13<00:34, 51.75it/s]
 70%|██████▉   | 4035/5794 [01:13<00:34, 51.69it/s]
 70%|██████▉   | 4041/5794 [01:13<00:33, 51.80it/s]
 70%|██████▉   | 4047/5794 [01:13<00:33, 51.86it/s]
 70%|██████▉   | 4053/5794 [01:13<00:33, 51.81it/s]
 70%|███████   | 4059/5794 [01:13<00:33, 51.85it/s]
 70%|███████   | 4065/5794 [01:13<00:33, 51.90it/s]
 70%|███████   | 4071/5794 [01:14<00:33, 51.85it/s]
 70%|███████   | 4077/5794 [01:14<00:33, 51.80it/s]
 70%|███████   | 4083/5794 [01:14<00:32, 52.02it/s]
 71%|███████   | 4089/5794 [01:14<00:32, 52.07it/s]
 71%|███████   | 4095/5794 [01:14<00:33, 51.46it/s]
 71%|███████   | 4101/5794 [01:14<00:32, 51.63it/s]
 71%|███████   | 4107/5794 [01:14<00:32, 51.71it/s]
 71%|███████   | 4113/5794 [01:14<00:32, 51.86it/s]
 71%|███████   | 4119/5794 [01:15<00:32, 51.80it/s]
 71%|███████   | 4125/5794 [01:15<00:32, 51.74it/s]
 71%|███████▏  | 4131/5794 [01:15<00:32, 51.93it/s]
 71%|███████▏  | 4137/5794 [01:15<00:32, 51.75it/s]
 72%|███████▏  | 4143/5794 [01:15<00:31, 51.94it/s]
 72%|███████▏  | 4149/5794 [01:15<00:31, 51.95it/s]
 72%|███████▏  | 4155/5794 [01:15<00:31, 51.93it/s]
 72%|███████▏  | 4161/5794 [01:15<00:31, 52.08it/s]
 72%|███████▏  | 4167/5794 [01:15<00:31, 52.00it/s]
 72%|███████▏  | 4173/5794 [01:16<00:31, 51.90it/s]
 72%|███████▏  | 4179/5794 [01:16<00:31, 51.94it/s]
 72%|███████▏  | 4185/5794 [01:16<00:30, 52.00it/s]
 72%|███████▏  | 4191/5794 [01:16<00:31, 51.46it/s]
 72%|███████▏  | 4197/5794 [01:16<00:30, 51.71it/s]
 73%|███████▎  | 4203/5794 [01:16<00:30, 51.74it/s]
 73%|███████▎  | 4209/5794 [01:16<00:30, 51.90it/s]
 73%|███████▎  | 4215/5794 [01:16<00:30, 52.05it/s]
 73%|███████▎  | 4221/5794 [01:16<00:30, 52.01it/s]
 73%|███████▎  | 4227/5794 [01:17<00:30, 52.09it/s]
 73%|███████▎  | 4233/5794 [01:17<00:29, 52.08it/s]
 73%|███████▎  | 4239/5794 [01:17<00:30, 51.74it/s]
 73%|███████▎  | 4245/5794 [01:17<00:29, 51.90it/s]
 73%|███████▎  | 4251/5794 [01:17<00:29, 51.82it/s]
 73%|███████▎  | 4257/5794 [01:17<00:29, 51.59it/s]
 74%|███████▎  | 4263/5794 [01:17<00:28, 52.96it/s]
 74%|███████▎  | 4269/5794 [01:17<00:28, 53.30it/s]
 74%|███████▍  | 4275/5794 [01:18<00:29, 52.19it/s]
 74%|███████▍  | 4281/5794 [01:18<00:29, 51.74it/s]
 74%|███████▍  | 4287/5794 [01:18<00:29, 51.32it/s]
 74%|███████▍  | 4293/5794 [01:18<00:29, 50.96it/s]
 74%|███████▍  | 4299/5794 [01:18<00:29, 50.93it/s]
 74%|███████▍  | 4305/5794 [01:18<00:29, 50.73it/s]
 74%|███████▍  | 4311/5794 [01:18<00:29, 50.85it/s]
 75%|███████▍  | 4317/5794 [01:18<00:29, 50.80it/s]
 75%|███████▍  | 4323/5794 [01:18<00:28, 50.76it/s]
 75%|███████▍  | 4329/5794 [01:19<00:28, 50.60it/s]
 75%|███████▍  | 4335/5794 [01:19<00:28, 50.70it/s]
 75%|███████▍  | 4341/5794 [01:19<00:28, 50.67it/s]
 75%|███████▌  | 4347/5794 [01:19<00:28, 50.59it/s]
 75%|███████▌  | 4353/5794 [01:19<00:28, 50.70it/s]
 75%|███████▌  | 4359/5794 [01:19<00:28, 50.68it/s]
 75%|███████▌  | 4365/5794 [01:19<00:28, 50.77it/s]
 75%|███████▌  | 4371/5794 [01:19<00:28, 50.77it/s]
 76%|███████▌  | 4377/5794 [01:20<00:27, 50.75it/s]
 76%|███████▌  | 4383/5794 [01:20<00:27, 50.78it/s]
 76%|███████▌  | 4389/5794 [01:20<00:27, 50.68it/s]
 76%|███████▌  | 4395/5794 [01:20<00:27, 50.69it/s]
 76%|███████▌  | 4401/5794 [01:20<00:27, 50.58it/s]
 76%|███████▌  | 4407/5794 [01:20<00:27, 50.62it/s]
 76%|███████▌  | 4413/5794 [01:20<00:27, 50.79it/s]
 76%|███████▋  | 4419/5794 [01:20<00:27, 50.91it/s]
 76%|███████▋  | 4425/5794 [01:20<00:27, 50.70it/s]
 76%|███████▋  | 4431/5794 [01:21<00:26, 50.90it/s]
 77%|███████▋  | 4437/5794 [01:21<00:26, 50.84it/s]
 77%|███████▋  | 4443/5794 [01:21<00:27, 49.92it/s]
 77%|███████▋  | 4449/5794 [01:21<00:26, 50.11it/s]
 77%|███████▋  | 4455/5794 [01:21<00:26, 50.19it/s]
 77%|███████▋  | 4461/5794 [01:21<00:26, 50.27it/s]
 77%|███████▋  | 4467/5794 [01:21<00:26, 50.55it/s]
 77%|███████▋  | 4473/5794 [01:21<00:25, 50.98it/s]
 77%|███████▋  | 4479/5794 [01:22<00:25, 51.09it/s]
 77%|███████▋  | 4485/5794 [01:22<00:25, 51.40it/s]
 78%|███████▊  | 4491/5794 [01:22<00:25, 51.58it/s]
 78%|███████▊  | 4497/5794 [01:22<00:25, 51.72it/s]
 78%|███████▊  | 4503/5794 [01:22<00:24, 51.88it/s]
 78%|███████▊  | 4509/5794 [01:22<00:24, 51.86it/s]
 78%|███████▊  | 4515/5794 [01:22<00:24, 51.77it/s]
 78%|███████▊  | 4521/5794 [01:22<00:24, 51.78it/s]
 78%|███████▊  | 4527/5794 [01:22<00:24, 51.51it/s]
 78%|███████▊  | 4533/5794 [01:23<00:24, 51.76it/s]
 78%|███████▊  | 4539/5794 [01:23<00:24, 51.85it/s]
 78%|███████▊  | 4545/5794 [01:23<00:24, 51.89it/s]
 79%|███████▊  | 4551/5794 [01:23<00:23, 51.89it/s]
 79%|███████▊  | 4557/5794 [01:23<00:23, 51.71it/s]
 79%|███████▉  | 4563/5794 [01:23<00:23, 51.60it/s]
 79%|███████▉  | 4569/5794 [01:23<00:23, 51.80it/s]
 79%|███████▉  | 4575/5794 [01:23<00:23, 51.71it/s]
 79%|███████▉  | 4581/5794 [01:24<00:23, 51.70it/s]
 79%|███████▉  | 4587/5794 [01:24<00:23, 51.88it/s]
 79%|███████▉  | 4593/5794 [01:24<00:22, 52.40it/s]
 79%|███████▉  | 4599/5794 [01:24<00:22, 53.01it/s]
 79%|███████▉  | 4605/5794 [01:24<00:22, 52.86it/s]
 80%|███████▉  | 4611/5794 [01:24<00:22, 52.50it/s]
 80%|███████▉  | 4617/5794 [01:24<00:22, 52.45it/s]
 80%|███████▉  | 4623/5794 [01:24<00:22, 52.26it/s]
 80%|███████▉  | 4629/5794 [01:24<00:22, 51.73it/s]
 80%|███████▉  | 4635/5794 [01:25<00:22, 51.76it/s]
 80%|████████  | 4641/5794 [01:25<00:22, 51.98it/s]
 80%|████████  | 4647/5794 [01:25<00:21, 52.30it/s]
 80%|████████  | 4653/5794 [01:25<00:21, 52.21it/s]
 80%|████████  | 4659/5794 [01:25<00:21, 51.93it/s]
 81%|████████  | 4665/5794 [01:25<00:21, 51.86it/s]
 81%|████████  | 4671/5794 [01:25<00:21, 51.87it/s]
 81%|████████  | 4677/5794 [01:25<00:21, 52.01it/s]
 81%|████████  | 4683/5794 [01:25<00:21, 51.97it/s]
 81%|████████  | 4689/5794 [01:26<00:21, 52.06it/s]
 81%|████████  | 4695/5794 [01:26<00:21, 52.06it/s]
 81%|████████  | 4701/5794 [01:26<00:21, 52.01it/s]
 81%|████████  | 4707/5794 [01:26<00:20, 52.05it/s]
 81%|████████▏ | 4713/5794 [01:26<00:20, 51.70it/s]
 81%|████████▏ | 4719/5794 [01:26<00:20, 51.82it/s]
 82%|████████▏ | 4725/5794 [01:26<00:20, 52.04it/s]
 82%|████████▏ | 4731/5794 [01:26<00:20, 51.84it/s]
 82%|████████▏ | 4737/5794 [01:27<00:20, 51.96it/s]
 82%|████████▏ | 4743/5794 [01:27<00:20, 52.04it/s]
 82%|████████▏ | 4749/5794 [01:27<00:20, 52.07it/s]
 82%|████████▏ | 4755/5794 [01:27<00:19, 51.97it/s]
 82%|████████▏ | 4761/5794 [01:27<00:19, 52.02it/s]
 82%|████████▏ | 4767/5794 [01:27<00:19, 52.07it/s]
 82%|████████▏ | 4773/5794 [01:27<00:19, 51.90it/s]
 82%|████████▏ | 4779/5794 [01:27<00:19, 51.88it/s]
 83%|████████▎ | 4785/5794 [01:27<00:19, 51.57it/s]
 83%|████████▎ | 4791/5794 [01:28<00:19, 51.10it/s]
 83%|████████▎ | 4797/5794 [01:28<00:19, 51.38it/s]
 83%|████████▎ | 4803/5794 [01:28<00:19, 51.43it/s]
 83%|████████▎ | 4809/5794 [01:28<00:19, 51.71it/s]
 83%|████████▎ | 4815/5794 [01:28<00:18, 51.66it/s]
 83%|████████▎ | 4821/5794 [01:28<00:18, 51.71it/s]
 83%|████████▎ | 4827/5794 [01:28<00:18, 51.81it/s]
 83%|████████▎ | 4833/5794 [01:28<00:18, 51.85it/s]
 84%|████████▎ | 4839/5794 [01:28<00:18, 51.83it/s]
 84%|████████▎ | 4845/5794 [01:29<00:18, 51.95it/s]
 84%|████████▎ | 4851/5794 [01:29<00:18, 51.89it/s]
 84%|████████▍ | 4857/5794 [01:29<00:18, 51.99it/s]
 84%|████████▍ | 4863/5794 [01:29<00:17, 51.95it/s]
 84%|████████▍ | 4869/5794 [01:29<00:17, 51.85it/s]
 84%|████████▍ | 4875/5794 [01:29<00:17, 52.03it/s]
 84%|████████▍ | 4881/5794 [01:29<00:17, 51.80it/s]
 84%|████████▍ | 4887/5794 [01:29<00:17, 51.83it/s]
 84%|████████▍ | 4893/5794 [01:30<00:17, 51.82it/s]
 85%|████████▍ | 4899/5794 [01:30<00:17, 51.93it/s]
 85%|████████▍ | 4905/5794 [01:30<00:17, 51.76it/s]
 85%|████████▍ | 4911/5794 [01:30<00:17, 51.67it/s]
 85%|████████▍ | 4917/5794 [01:30<00:16, 51.65it/s]
 85%|████████▍ | 4923/5794 [01:30<00:16, 52.08it/s]
 85%|████████▌ | 4929/5794 [01:30<00:16, 52.71it/s]
 85%|████████▌ | 4935/5794 [01:30<00:16, 52.50it/s]
 85%|████████▌ | 4941/5794 [01:30<00:16, 52.47it/s]
 85%|████████▌ | 4947/5794 [01:31<00:16, 52.29it/s]
 85%|████████▌ | 4953/5794 [01:31<00:16, 52.09it/s]
 86%|████████▌ | 4959/5794 [01:31<00:16, 51.84it/s]
 86%|████████▌ | 4965/5794 [01:31<00:16, 51.53it/s]
 86%|████████▌ | 4971/5794 [01:31<00:15, 51.57it/s]
 86%|████████▌ | 4977/5794 [01:31<00:15, 51.81it/s]
 86%|████████▌ | 4983/5794 [01:31<00:15, 51.91it/s]
 86%|████████▌ | 4989/5794 [01:31<00:15, 51.91it/s]
 86%|████████▌ | 4995/5794 [01:31<00:15, 51.98it/s]
 86%|████████▋ | 5001/5794 [01:32<00:15, 51.98it/s]
 86%|████████▋ | 5007/5794 [01:32<00:15, 52.00it/s]
 87%|████████▋ | 5013/5794 [01:32<00:15, 52.05it/s]
 87%|████████▋ | 5019/5794 [01:32<00:15, 51.60it/s]
 87%|████████▋ | 5025/5794 [01:32<00:14, 51.66it/s]
 87%|████████▋ | 5031/5794 [01:32<00:14, 51.69it/s]
 87%|████████▋ | 5037/5794 [01:32<00:14, 51.54it/s]
 87%|████████▋ | 5043/5794 [01:32<00:14, 50.96it/s]
 87%|████████▋ | 5049/5794 [01:33<00:14, 51.21it/s]
 87%|████████▋ | 5055/5794 [01:33<00:14, 51.44it/s]
 87%|████████▋ | 5061/5794 [01:33<00:14, 51.55it/s]
 87%|████████▋ | 5067/5794 [01:33<00:14, 51.62it/s]
 88%|████████▊ | 5073/5794 [01:33<00:13, 51.50it/s]
 88%|████████▊ | 5079/5794 [01:33<00:13, 51.47it/s]
 88%|████████▊ | 5085/5794 [01:33<00:13, 51.72it/s]
 88%|████████▊ | 5091/5794 [01:33<00:13, 51.59it/s]
 88%|████████▊ | 5097/5794 [01:33<00:13, 51.79it/s]
 88%|████████▊ | 5103/5794 [01:34<00:13, 52.48it/s]
 88%|████████▊ | 5109/5794 [01:34<00:12, 54.41it/s]
 88%|████████▊ | 5115/5794 [01:34<00:12, 55.97it/s]
 88%|████████▊ | 5121/5794 [01:34<00:11, 56.86it/s]
 88%|████████▊ | 5127/5794 [01:34<00:11, 57.06it/s]
 89%|████████▊ | 5133/5794 [01:34<00:11, 55.81it/s]
 89%|████████▊ | 5139/5794 [01:34<00:11, 55.37it/s]
 89%|████████▉ | 5145/5794 [01:34<00:11, 54.42it/s]
 89%|████████▉ | 5151/5794 [01:34<00:11, 53.73it/s]
 89%|████████▉ | 5157/5794 [01:35<00:12, 52.99it/s]
 89%|████████▉ | 5163/5794 [01:35<00:12, 52.17it/s]
 89%|████████▉ | 5169/5794 [01:35<00:11, 52.10it/s]
 89%|████████▉ | 5175/5794 [01:35<00:11, 51.99it/s]
 89%|████████▉ | 5181/5794 [01:35<00:11, 51.94it/s]
 90%|████████▉ | 5187/5794 [01:35<00:11, 52.01it/s]
 90%|████████▉ | 5193/5794 [01:35<00:11, 52.11it/s]
 90%|████████▉ | 5199/5794 [01:35<00:11, 52.16it/s]
 90%|████████▉ | 5205/5794 [01:35<00:11, 51.94it/s]
 90%|████████▉ | 5211/5794 [01:36<00:11, 52.03it/s]
 90%|█████████ | 5217/5794 [01:36<00:11, 51.93it/s]
 90%|█████████ | 5223/5794 [01:36<00:11, 51.84it/s]
 90%|█████████ | 5229/5794 [01:36<00:10, 51.85it/s]
 90%|█████████ | 5235/5794 [01:36<00:10, 51.97it/s]
 90%|█████████ | 5241/5794 [01:36<00:10, 51.76it/s]
 91%|█████████ | 5247/5794 [01:36<00:10, 51.92it/s]
 91%|█████████ | 5253/5794 [01:36<00:10, 51.23it/s]
 91%|█████████ | 5259/5794 [01:37<00:10, 51.41it/s]
 91%|█████████ | 5265/5794 [01:37<00:10, 51.65it/s]
 91%|█████████ | 5271/5794 [01:37<00:10, 51.92it/s]
 91%|█████████ | 5277/5794 [01:37<00:09, 51.87it/s]
 91%|█████████ | 5283/5794 [01:37<00:09, 52.08it/s]
 91%|█████████▏| 5289/5794 [01:37<00:09, 52.06it/s]
 91%|█████████▏| 5295/5794 [01:37<00:09, 51.78it/s]
 91%|█████████▏| 5301/5794 [01:37<00:09, 51.93it/s]
 92%|█████████▏| 5307/5794 [01:37<00:09, 51.77it/s]
 92%|█████████▏| 5313/5794 [01:38<00:09, 51.89it/s]
 92%|█████████▏| 5319/5794 [01:38<00:09, 52.17it/s]
 92%|█████████▏| 5325/5794 [01:38<00:08, 52.25it/s]
 92%|█████████▏| 5331/5794 [01:38<00:08, 52.50it/s]
 92%|█████████▏| 5337/5794 [01:38<00:08, 52.72it/s]
 92%|█████████▏| 5343/5794 [01:38<00:08, 52.62it/s]
 92%|█████████▏| 5349/5794 [01:38<00:08, 52.59it/s]
 92%|█████████▏| 5355/5794 [01:38<00:08, 52.68it/s]
 93%|█████████▎| 5361/5794 [01:38<00:08, 53.62it/s]
 93%|█████████▎| 5367/5794 [01:39<00:07, 55.04it/s]
 93%|█████████▎| 5374/5794 [01:39<00:07, 56.81it/s]
 93%|█████████▎| 5381/5794 [01:39<00:07, 57.99it/s]
 93%|█████████▎| 5387/5794 [01:39<00:07, 57.15it/s]
 93%|█████████▎| 5393/5794 [01:39<00:07, 55.05it/s]
 93%|█████████▎| 5399/5794 [01:39<00:07, 54.24it/s]
 93%|█████████▎| 5405/5794 [01:39<00:07, 53.79it/s]
 93%|█████████▎| 5411/5794 [01:39<00:07, 53.36it/s]
 93%|█████████▎| 5417/5794 [01:39<00:07, 53.34it/s]
 94%|█████████▎| 5423/5794 [01:40<00:07, 52.95it/s]
 94%|█████████▎| 5429/5794 [01:40<00:06, 52.79it/s]
 94%|█████████▍| 5435/5794 [01:40<00:06, 52.91it/s]
 94%|█████████▍| 5441/5794 [01:40<00:06, 52.82it/s]
 94%|█████████▍| 5447/5794 [01:40<00:06, 52.82it/s]
 94%|█████████▍| 5453/5794 [01:40<00:06, 52.59it/s]
 94%|█████████▍| 5459/5794 [01:40<00:06, 52.58it/s]
 94%|█████████▍| 5465/5794 [01:40<00:06, 52.51it/s]
 94%|█████████▍| 5471/5794 [01:41<00:06, 52.78it/s]
 95%|█████████▍| 5477/5794 [01:41<00:05, 52.91it/s]
 95%|█████████▍| 5483/5794 [01:41<00:05, 52.91it/s]
 95%|█████████▍| 5489/5794 [01:41<00:05, 52.66it/s]
 95%|█████████▍| 5495/5794 [01:41<00:05, 52.38it/s]
 95%|█████████▍| 5501/5794 [01:41<00:05, 52.36it/s]
 95%|█████████▌| 5507/5794 [01:41<00:05, 52.11it/s]
 95%|█████████▌| 5513/5794 [01:41<00:05, 52.17it/s]
 95%|█████████▌| 5519/5794 [01:41<00:05, 52.30it/s]
 95%|█████████▌| 5525/5794 [01:42<00:05, 52.47it/s]
 95%|█████████▌| 5531/5794 [01:42<00:05, 52.52it/s]
 96%|█████████▌| 5537/5794 [01:42<00:04, 52.62it/s]
 96%|█████████▌| 5543/5794 [01:42<00:04, 52.43it/s]
 96%|█████████▌| 5549/5794 [01:42<00:04, 52.45it/s]
 96%|█████████▌| 5555/5794 [01:42<00:04, 52.58it/s]
 96%|█████████▌| 5561/5794 [01:42<00:04, 52.35it/s]
 96%|█████████▌| 5567/5794 [01:42<00:04, 52.15it/s]
 96%|█████████▌| 5573/5794 [01:42<00:04, 52.00it/s]
 96%|█████████▋| 5579/5794 [01:43<00:04, 52.09it/s]
 96%|█████████▋| 5585/5794 [01:43<00:04, 52.21it/s]
 96%|█████████▋| 5591/5794 [01:43<00:03, 52.44it/s]
 97%|█████████▋| 5597/5794 [01:43<00:03, 52.46it/s]
 97%|█████████▋| 5603/5794 [01:43<00:03, 52.58it/s]
 97%|█████████▋| 5609/5794 [01:43<00:03, 52.59it/s]
 97%|█████████▋| 5615/5794 [01:43<00:03, 52.58it/s]
 97%|█████████▋| 5621/5794 [01:43<00:03, 52.67it/s]
 97%|█████████▋| 5627/5794 [01:43<00:03, 53.39it/s]
 97%|█████████▋| 5633/5794 [01:44<00:03, 53.19it/s]
 97%|█████████▋| 5639/5794 [01:44<00:02, 53.01it/s]
 97%|█████████▋| 5645/5794 [01:44<00:02, 52.90it/s]
 98%|█████████▊| 5651/5794 [01:44<00:02, 52.71it/s]
 98%|█████████▊| 5657/5794 [01:44<00:02, 52.54it/s]
 98%|█████████▊| 5663/5794 [01:44<00:02, 52.29it/s]
 98%|█████████▊| 5669/5794 [01:44<00:02, 52.36it/s]
 98%|█████████▊| 5675/5794 [01:44<00:02, 52.38it/s]
 98%|█████████▊| 5681/5794 [01:45<00:02, 52.53it/s]
 98%|█████████▊| 5687/5794 [01:45<00:02, 52.29it/s]
 98%|█████████▊| 5693/5794 [01:45<00:01, 52.42it/s]
 98%|█████████▊| 5699/5794 [01:45<00:01, 52.36it/s]
 98%|█████████▊| 5705/5794 [01:45<00:01, 53.50it/s]
 99%|█████████▊| 5711/5794 [01:45<00:01, 55.23it/s]
 99%|█████████▊| 5718/5794 [01:45<00:01, 56.65it/s]
 99%|█████████▉| 5725/5794 [01:45<00:01, 57.91it/s]
 99%|█████████▉| 5732/5794 [01:45<00:01, 58.66it/s]
 99%|█████████▉| 5739/5794 [01:46<00:00, 59.22it/s]
 99%|█████████▉| 5746/5794 [01:46<00:00, 59.66it/s]
 99%|█████████▉| 5752/5794 [01:46<00:00, 59.74it/s]
 99%|█████████▉| 5759/5794 [01:46<00:00, 59.92it/s]
100%|█████████▉| 5766/5794 [01:46<00:00, 60.13it/s]
100%|█████████▉| 5773/5794 [01:46<00:00, 60.12it/s]
100%|█████████▉| 5780/5794 [01:46<00:00, 60.17it/s]
100%|█████████▉| 5787/5794 [01:46<00:00, 60.26it/s]
100%|██████████| 5794/5794 [01:46<00:00, 60.65it/s]
100%|██████████| 5794/5794 [01:47<00:00, 54.14it/s]
BALANCED ACCS CHECKED FOR TEST
TEST SET RESULTS FOR CHECKPOINT trained_weights/waterbirds/abn_att_waterbird_complete95_forest2water2_21048936_trial_000/best_balanced_valacc_0.52_epoch_0.ckpt
test_acc: 0.6705212288574387
balanced_test_acc: 0.5373916392095102
Land_on_Land_test_acc: 0.9951219512195122
Land_on_Water_test_acc: 0.5578713968957871
Water_on_Land_test_acc: 0.01557632398753894
Water_on_Water_test_acc: 0.5809968847352025
test_acc_Waterbird: 0.2982866043613707
test_acc_Landbird: 0.7764966740576497
