[CMD] /home/ryreu/miniconda3/envs/gals_a100/bin/python -u main.py --config configs/waterbirds_95_gals_vit.yaml --name rrr_waterbird_complete95_forest2water2_21048936_trial_000 DATA.ROOT=/home/ryreu/guided_cnn/waterbirds DATA.WATERBIRDS_DIR=waterbird_complete95_forest2water2 SEED=0 EXP.BASE.LR=0.0010000000000000002 EXP.CLASSIFIER.LR=9.999999999999991e-05 EXP.WEIGHT_DECAY=9.999999999999997e-06 EXP.AUX_LOSSES_ON_VAL=False EXP.LOSSES.GRADIENT_OUTSIDE.WEIGHT=10.000000000000002 EXP.NUM_EPOCHS=1
SEED: 0
DATA:
  BATCH_SIZE: 96
  NUM_WORKERS: 4
  SIZE: 224
  NORMALIZATION: imagenet
  ATTENTION_DIR: clip_vit_attention
  SEPARATE_CLASSES: false
  REMOVE_BACKGROUND: false
  ROOT: /home/ryreu/guided_cnn/waterbirds
  USE_CLASS_WEIGHTS: false
  USE_GROUP_WEIGHTS: false
  DATASET: waterbirds
  NUM_CLASSES: 2
  CONFOUNDING_FACTOR: 0.95
  WATERBIRDS_DIR: waterbird_complete95_forest2water2
EXP:
  NUM_TRIALS: 1
  LOSSES:
    CLASSIFICATION:
      WEIGHT: 1
    GRADIENT_OUTSIDE:
      COMPUTE: true
      LOG: false
      WEIGHT: 10.000000000000002
      CRITERION: L1
      GT: clip_vit
      COMBINE_ATT_MODE: average_nonzero
    GRADIENT_INSIDE:
      COMPUTE: false
      LOG: false
      WEIGHT: 1
      CRITERION: L1
      GT: segmentation
      COMBINE_ATT_MODE: average_nonzero
    GRADCAM:
      COMPUTE: false
      LOG: false
      WEIGHT: 1
      CRITERION: L1
      GT: segmentation
      MODE: match
      COMBINE_ATT_MODE: average_nonzero
  APPROACH: generic
  MODEL: resnet50
  PRETRAINED: true
  NUM_EPOCHS: 1
  OPTIMIZER: SGD
  WEIGHT_DECAY: 9.999999999999997e-06
  MOMENTUM: 0.9
  SCHEDULER: NONE
  BASE:
    LR: 0.0010000000000000002
  CLASSIFIER:
    LR: 9.999999999999991e-05
  AUX_LOSSES_ON_VAL: false
LOGGING:
  SAVE_EVERY: 0
  SAVE_BEST: true
  SAVE_LAST: false
  LOG_ATTENTION: false
  LOG_ATTENTION_STEP: 10
  SAVE_STATS_PATH: null
yaml: configs/waterbirds_95_gals_vit.yaml
name: rrr_waterbird_complete95_forest2water2_21048936_trial_000
test_checkpoint: null

WATERBIRDS DIR: /home/ryreu/guided_cnn/waterbirds/waterbird_complete95_forest2water2
NUMBER OF SAMPLES WITH LABEL Landbird: 3682
NUMBER OF SAMPLES WITH LABEL Waterbird: 1113
NUMBER OF SAMPLES WITH GROUP Land_on_Land: 3498
NUMBER OF SAMPLES WITH GROUP Land_on_Water: 184
NUMBER OF SAMPLES WITH GROUP Water_on_Land: 56
NUMBER OF SAMPLES WITH GROUP Water_on_Water: 1057
WATERBIRDS DIR: /home/ryreu/guided_cnn/waterbirds/waterbird_complete95_forest2water2
NUMBER OF SAMPLES WITH LABEL Landbird: 933
NUMBER OF SAMPLES WITH LABEL Waterbird: 266
NUMBER OF SAMPLES WITH GROUP Land_on_Land: 467
NUMBER OF SAMPLES WITH GROUP Land_on_Water: 466
NUMBER OF SAMPLES WITH GROUP Water_on_Land: 133
NUMBER OF SAMPLES WITH GROUP Water_on_Water: 133
NUM TRAIN: 4795

NUM VAL:   1199

Number classifier outputs: 1
Using pretrained model: True
USING SGD OPTIMIZER
class weights: None
group weights: None
WANDB DISABLED: skipping wandb.init()
EPOCH: 0

>>> TRAINING 


  0%|          | 0/50 [00:00<?, ?it/s]
  2%|▏         | 1/50 [00:14<11:50, 14.50s/it]
  4%|▍         | 2/50 [00:15<05:17,  6.61s/it]
  6%|▌         | 3/50 [00:16<03:12,  4.09s/it]
  8%|▊         | 4/50 [00:17<02:13,  2.90s/it]
 10%|█         | 5/50 [00:18<01:41,  2.25s/it]
 12%|█▏        | 6/50 [00:19<01:21,  1.86s/it]
 14%|█▍        | 7/50 [00:21<01:08,  1.60s/it]
 16%|█▌        | 8/50 [00:22<01:00,  1.44s/it]
 18%|█▊        | 9/50 [00:23<00:54,  1.33s/it]
 20%|██        | 10/50 [00:24<00:50,  1.25s/it]
 22%|██▏       | 11/50 [00:25<00:46,  1.20s/it]
 24%|██▍       | 12/50 [00:26<00:44,  1.17s/it]
 26%|██▌       | 13/50 [00:27<00:42,  1.14s/it]
 28%|██▊       | 14/50 [00:28<00:40,  1.13s/it]
 30%|███       | 15/50 [00:29<00:38,  1.11s/it]
 32%|███▏      | 16/50 [00:30<00:37,  1.10s/it]
 34%|███▍      | 17/50 [00:31<00:36,  1.10s/it]
 36%|███▌      | 18/50 [00:32<00:35,  1.10s/it]
 38%|███▊      | 19/50 [00:34<00:33,  1.09s/it]
 40%|████      | 20/50 [00:35<00:32,  1.09s/it]
 42%|████▏     | 21/50 [00:36<00:31,  1.09s/it]
 44%|████▍     | 22/50 [00:37<00:30,  1.09s/it]
 46%|████▌     | 23/50 [00:38<00:29,  1.09s/it]
 48%|████▊     | 24/50 [00:39<00:28,  1.09s/it]
 50%|█████     | 25/50 [00:40<00:27,  1.09s/it]
 52%|█████▏    | 26/50 [00:41<00:26,  1.09s/it]
 54%|█████▍    | 27/50 [00:42<00:24,  1.09s/it]
 56%|█████▌    | 28/50 [00:43<00:23,  1.09s/it]
 58%|█████▊    | 29/50 [00:44<00:22,  1.09s/it]
 60%|██████    | 30/50 [00:46<00:21,  1.09s/it]
 62%|██████▏   | 31/50 [00:47<00:20,  1.09s/it]
 64%|██████▍   | 32/50 [00:48<00:19,  1.09s/it]
 66%|██████▌   | 33/50 [00:49<00:18,  1.09s/it]
 68%|██████▊   | 34/50 [00:50<00:17,  1.09s/it]
 70%|███████   | 35/50 [00:51<00:16,  1.09s/it]
 72%|███████▏  | 36/50 [00:52<00:15,  1.09s/it]
 74%|███████▍  | 37/50 [00:53<00:14,  1.09s/it]
 76%|███████▌  | 38/50 [00:54<00:13,  1.09s/it]
 78%|███████▊  | 39/50 [00:55<00:11,  1.09s/it]
 80%|████████  | 40/50 [00:56<00:10,  1.09s/it]
 82%|████████▏ | 41/50 [00:57<00:09,  1.09s/it]
 84%|████████▍ | 42/50 [00:59<00:08,  1.09s/it]
 86%|████████▌ | 43/50 [01:00<00:07,  1.09s/it]
 88%|████████▊ | 44/50 [01:01<00:06,  1.08s/it]
 90%|█████████ | 45/50 [01:02<00:05,  1.09s/it]
 92%|█████████▏| 46/50 [01:03<00:04,  1.08s/it]
 94%|█████████▍| 47/50 [01:04<00:03,  1.08s/it]
 96%|█████████▌| 48/50 [01:05<00:02,  1.08s/it]
 98%|█████████▊| 49/50 [01:06<00:01,  1.08s/it]
100%|██████████| 50/50 [01:07<00:00,  1.08s/it]
100%|██████████| 50/50 [01:07<00:00,  1.36s/it]
>>> VALIDATING 


  0%|          | 0/13 [00:00<?, ?it/s]
  8%|▊         | 1/13 [00:02<00:29,  2.49s/it]
 23%|██▎       | 3/13 [00:02<00:07,  1.41it/s]
 38%|███▊      | 5/13 [00:03<00:04,  1.63it/s]
 54%|█████▍    | 7/13 [00:03<00:02,  2.59it/s]
 69%|██████▉   | 9/13 [00:04<00:01,  2.23it/s]
 77%|███████▋  | 10/13 [00:05<00:01,  2.50it/s]
 92%|█████████▏| 12/13 [00:05<00:00,  3.63it/s]
100%|██████████| 13/13 [00:05<00:00,  3.71it/s]
100%|██████████| 13/13 [00:05<00:00,  2.31it/s]
>>> LOGGING 

BALANCED ACCS CHECKED FOR TRAIN
BALANCED ACCS CHECKED FOR VAL
train_acc: 0.7067778936392075
val_acc: 0.713094245204337
train_cls_loss: 0.49542282981345503
val_cls_loss: 0.52809833426392
train_total_loss: 0.4954488380111917
val_total_loss: 0.52809833426392
balanced_train_acc: 0.5683488260071946
balanced_val_acc: 0.5455459388019889
Land_on_Land_train_acc: 0.8319039451114922
Land_on_Land_val_acc: 0.9978586723768736
Land_on_Water_train_acc: 0.7282608695652174
Land_on_Water_val_acc: 0.6952789699570815
Water_on_Land_train_acc: 0.14285714285714285
Water_on_Land_val_acc: 0.007518796992481203
Water_on_Water_train_acc: 0.31882686849574265
Water_on_Water_val_acc: 0.48120300751879697
train_dydx_outside_clip_vit_loss: 2.6005404255294888e-05
train_acc_Landbird: 0.8267246061922868
train_acc_Waterbird: 0.30997304582210244
val_acc_Landbird: 0.8467309753483387
val_acc_Waterbird: 0.24436090225563908
TRAIN ACC:        0.7067778936392075
VAL ACC:          0.713094245204337
BALANCED VAL ACC: 0.5455459388019889
prev best list: []
Saving to trained_weights/waterbirds/rrr_waterbird_complete95_forest2water2_21048936_trial_000/best_balanced_valacc_0.55_epoch_0.ckpt
>>> EVALUATING ON TEST SET
WATERBIRDS DIR: /home/ryreu/guided_cnn/waterbirds/waterbird_complete95_forest2water2
NUMBER OF SAMPLES WITH LABEL Landbird: 4510
NUMBER OF SAMPLES WITH LABEL Waterbird: 1284
NUMBER OF SAMPLES WITH GROUP Land_on_Land: 2255
NUMBER OF SAMPLES WITH GROUP Land_on_Water: 2255
NUMBER OF SAMPLES WITH GROUP Water_on_Land: 642
NUMBER OF SAMPLES WITH GROUP Water_on_Water: 642
NUM TEST:   5794

Loaded checkpoint trained_weights/waterbirds/rrr_waterbird_complete95_forest2water2_21048936_trial_000/best_balanced_valacc_0.55_epoch_0.ckpt

  0%|          | 0/5794 [00:00<?, ?it/s]
  0%|          | 1/5794 [00:00<19:36,  4.92it/s]
  0%|          | 8/5794 [00:00<03:11, 30.14it/s]
  0%|          | 15/5794 [00:00<02:14, 42.82it/s]
  0%|          | 22/5794 [00:00<01:55, 49.91it/s]
  1%|          | 29/5794 [00:00<01:45, 54.50it/s]
  1%|          | 36/5794 [00:00<01:41, 56.82it/s]
  1%|          | 43/5794 [00:00<01:37, 58.91it/s]
  1%|          | 50/5794 [00:00<01:34, 60.59it/s]
  1%|          | 57/5794 [00:01<01:33, 61.27it/s]
  1%|          | 64/5794 [00:01<01:32, 61.74it/s]
  1%|          | 71/5794 [00:01<01:32, 62.11it/s]
  1%|▏         | 78/5794 [00:01<01:31, 62.41it/s]
  1%|▏         | 85/5794 [00:01<01:31, 62.68it/s]
  2%|▏         | 92/5794 [00:01<01:30, 62.82it/s]
  2%|▏         | 99/5794 [00:01<01:31, 62.58it/s]
  2%|▏         | 106/5794 [00:01<01:30, 62.89it/s]
  2%|▏         | 113/5794 [00:01<01:30, 62.95it/s]
  2%|▏         | 120/5794 [00:02<01:30, 62.88it/s]
  2%|▏         | 127/5794 [00:02<01:30, 62.91it/s]
  2%|▏         | 134/5794 [00:02<01:29, 62.89it/s]
  2%|▏         | 141/5794 [00:02<01:30, 62.59it/s]
  3%|▎         | 148/5794 [00:02<01:30, 62.31it/s]
  3%|▎         | 155/5794 [00:02<01:30, 62.63it/s]
  3%|▎         | 162/5794 [00:02<01:29, 62.75it/s]
  3%|▎         | 169/5794 [00:02<01:30, 62.49it/s]
  3%|▎         | 176/5794 [00:02<01:29, 62.63it/s]
  3%|▎         | 183/5794 [00:03<01:30, 62.31it/s]
  3%|▎         | 190/5794 [00:03<01:29, 62.60it/s]
  3%|▎         | 197/5794 [00:03<01:29, 62.87it/s]
  4%|▎         | 204/5794 [00:03<01:29, 62.56it/s]
  4%|▎         | 211/5794 [00:03<01:29, 62.73it/s]
  4%|▍         | 218/5794 [00:03<01:28, 62.84it/s]
  4%|▍         | 225/5794 [00:03<01:29, 62.34it/s]
  4%|▍         | 232/5794 [00:03<01:29, 62.39it/s]
  4%|▍         | 239/5794 [00:03<01:29, 62.35it/s]
  4%|▍         | 246/5794 [00:04<01:29, 62.27it/s]
  4%|▍         | 253/5794 [00:04<01:27, 63.34it/s]
  5%|▍         | 261/5794 [00:04<01:24, 65.64it/s]
  5%|▍         | 269/5794 [00:04<01:22, 67.05it/s]
  5%|▍         | 277/5794 [00:04<01:20, 68.13it/s]
  5%|▍         | 285/5794 [00:04<01:19, 68.89it/s]
  5%|▌         | 293/5794 [00:04<01:19, 69.46it/s]
  5%|▌         | 300/5794 [00:04<01:19, 69.47it/s]
  5%|▌         | 308/5794 [00:04<01:17, 70.37it/s]
  5%|▌         | 316/5794 [00:05<01:17, 70.81it/s]
  6%|▌         | 324/5794 [00:05<01:17, 70.84it/s]
  6%|▌         | 332/5794 [00:05<01:16, 70.94it/s]
  6%|▌         | 340/5794 [00:05<01:17, 69.97it/s]
  6%|▌         | 348/5794 [00:05<01:16, 70.89it/s]
  6%|▌         | 356/5794 [00:05<01:16, 70.74it/s]
  6%|▋         | 364/5794 [00:05<01:16, 70.87it/s]
  6%|▋         | 372/5794 [00:05<01:16, 70.93it/s]
  7%|▋         | 380/5794 [00:06<01:16, 70.79it/s]
  7%|▋         | 388/5794 [00:06<01:16, 71.12it/s]
  7%|▋         | 396/5794 [00:06<01:15, 71.21it/s]
  7%|▋         | 404/5794 [00:06<01:15, 71.12it/s]
  7%|▋         | 412/5794 [00:06<01:15, 71.18it/s]
  7%|▋         | 420/5794 [00:06<01:15, 71.15it/s]
  7%|▋         | 428/5794 [00:06<01:15, 71.07it/s]
  8%|▊         | 436/5794 [00:06<01:15, 70.97it/s]
  8%|▊         | 444/5794 [00:06<01:15, 70.56it/s]
  8%|▊         | 452/5794 [00:07<01:15, 70.94it/s]
  8%|▊         | 460/5794 [00:07<01:15, 70.86it/s]
  8%|▊         | 468/5794 [00:07<01:15, 70.99it/s]
  8%|▊         | 476/5794 [00:07<01:15, 70.47it/s]
  8%|▊         | 484/5794 [00:07<01:14, 70.96it/s]
  8%|▊         | 492/5794 [00:07<01:15, 70.52it/s]
  9%|▊         | 500/5794 [00:07<01:14, 70.92it/s]
  9%|▉         | 508/5794 [00:07<01:14, 70.56it/s]
  9%|▉         | 516/5794 [00:07<01:14, 70.95it/s]
  9%|▉         | 524/5794 [00:08<01:15, 70.14it/s]
  9%|▉         | 532/5794 [00:08<01:17, 68.26it/s]
  9%|▉         | 539/5794 [00:08<01:18, 67.14it/s]
  9%|▉         | 546/5794 [00:08<01:19, 66.24it/s]
 10%|▉         | 553/5794 [00:08<01:19, 65.63it/s]
 10%|▉         | 560/5794 [00:08<01:20, 64.70it/s]
 10%|▉         | 567/5794 [00:08<01:20, 64.75it/s]
 10%|▉         | 574/5794 [00:08<01:20, 64.77it/s]
 10%|█         | 581/5794 [00:08<01:20, 64.71it/s]
 10%|█         | 588/5794 [00:09<01:20, 64.48it/s]
 10%|█         | 595/5794 [00:09<01:21, 63.80it/s]
 10%|█         | 603/5794 [00:09<01:18, 65.73it/s]
 11%|█         | 611/5794 [00:09<01:16, 67.82it/s]
 11%|█         | 619/5794 [00:09<01:14, 69.01it/s]
 11%|█         | 626/5794 [00:09<01:16, 67.23it/s]
 11%|█         | 633/5794 [00:09<01:18, 65.93it/s]
 11%|█         | 640/5794 [00:09<01:17, 66.16it/s]
 11%|█         | 647/5794 [00:09<01:18, 65.94it/s]
 11%|█▏        | 655/5794 [00:10<01:15, 68.01it/s]
 11%|█▏        | 662/5794 [00:10<01:15, 67.53it/s]
 12%|█▏        | 669/5794 [00:10<01:17, 66.39it/s]
 12%|█▏        | 676/5794 [00:10<01:18, 65.43it/s]
 12%|█▏        | 683/5794 [00:10<01:18, 64.98it/s]
 12%|█▏        | 690/5794 [00:10<01:18, 64.63it/s]
 12%|█▏        | 697/5794 [00:10<01:19, 64.28it/s]
 12%|█▏        | 704/5794 [00:10<01:19, 64.28it/s]
 12%|█▏        | 711/5794 [00:10<01:19, 64.20it/s]
 12%|█▏        | 718/5794 [00:11<01:19, 64.24it/s]
 13%|█▎        | 725/5794 [00:11<01:20, 63.05it/s]
 13%|█▎        | 732/5794 [00:11<01:18, 64.16it/s]
 13%|█▎        | 739/5794 [00:11<01:18, 64.15it/s]
 13%|█▎        | 746/5794 [00:11<01:18, 64.03it/s]
 13%|█▎        | 753/5794 [00:11<01:18, 63.94it/s]
 13%|█▎        | 760/5794 [00:11<01:18, 63.93it/s]
 13%|█▎        | 767/5794 [00:11<01:18, 63.93it/s]
 13%|█▎        | 774/5794 [00:11<01:18, 63.98it/s]
 13%|█▎        | 781/5794 [00:12<01:18, 63.55it/s]
 14%|█▎        | 788/5794 [00:12<01:18, 64.16it/s]
 14%|█▎        | 795/5794 [00:12<01:18, 64.02it/s]
 14%|█▍        | 802/5794 [00:12<01:17, 64.08it/s]
 14%|█▍        | 809/5794 [00:12<01:18, 63.76it/s]
 14%|█▍        | 816/5794 [00:12<01:18, 63.60it/s]
 14%|█▍        | 823/5794 [00:12<01:18, 63.43it/s]
 14%|█▍        | 830/5794 [00:12<01:18, 63.49it/s]
 14%|█▍        | 837/5794 [00:12<01:18, 63.22it/s]
 15%|█▍        | 844/5794 [00:12<01:18, 63.38it/s]
 15%|█▍        | 851/5794 [00:13<01:17, 63.73it/s]
 15%|█▍        | 858/5794 [00:13<01:17, 63.69it/s]
 15%|█▍        | 865/5794 [00:13<01:17, 63.28it/s]
 15%|█▌        | 872/5794 [00:13<01:17, 63.79it/s]
 15%|█▌        | 879/5794 [00:13<01:17, 63.69it/s]
 15%|█▌        | 886/5794 [00:13<01:16, 63.78it/s]
 15%|█▌        | 893/5794 [00:13<01:17, 63.21it/s]
 16%|█▌        | 900/5794 [00:13<01:16, 63.67it/s]
 16%|█▌        | 907/5794 [00:13<01:16, 63.54it/s]
 16%|█▌        | 914/5794 [00:14<01:17, 63.33it/s]
 16%|█▌        | 921/5794 [00:14<01:16, 63.53it/s]
 16%|█▌        | 928/5794 [00:14<01:16, 63.44it/s]
 16%|█▌        | 935/5794 [00:14<01:16, 63.55it/s]
 16%|█▋        | 942/5794 [00:14<01:16, 63.76it/s]
 16%|█▋        | 949/5794 [00:14<01:16, 63.32it/s]
 16%|█▋        | 956/5794 [00:14<01:16, 63.34it/s]
 17%|█▋        | 963/5794 [00:14<01:16, 63.51it/s]
 17%|█▋        | 970/5794 [00:14<01:16, 63.46it/s]
 17%|█▋        | 977/5794 [00:15<01:16, 63.37it/s]
 17%|█▋        | 984/5794 [00:15<01:16, 63.24it/s]
 17%|█▋        | 991/5794 [00:15<01:15, 63.50it/s]
 17%|█▋        | 998/5794 [00:15<01:15, 63.68it/s]
 17%|█▋        | 1005/5794 [00:15<01:14, 63.94it/s]
 17%|█▋        | 1012/5794 [00:15<01:14, 63.80it/s]
 18%|█▊        | 1019/5794 [00:15<01:14, 63.87it/s]
 18%|█▊        | 1026/5794 [00:15<01:14, 63.96it/s]
 18%|█▊        | 1033/5794 [00:15<01:14, 63.94it/s]
 18%|█▊        | 1040/5794 [00:16<01:14, 63.61it/s]
 18%|█▊        | 1047/5794 [00:16<01:14, 64.01it/s]
 18%|█▊        | 1054/5794 [00:16<01:12, 65.00it/s]
 18%|█▊        | 1061/5794 [00:16<01:12, 65.15it/s]
 18%|█▊        | 1068/5794 [00:16<01:12, 65.04it/s]
 19%|█▊        | 1075/5794 [00:16<01:12, 64.81it/s]
 19%|█▊        | 1082/5794 [00:16<01:13, 64.16it/s]
 19%|█▉        | 1089/5794 [00:16<01:13, 64.17it/s]
 19%|█▉        | 1096/5794 [00:16<01:13, 63.93it/s]
 19%|█▉        | 1103/5794 [00:17<01:13, 63.94it/s]
 19%|█▉        | 1111/5794 [00:17<01:10, 66.55it/s]
 19%|█▉        | 1119/5794 [00:17<01:08, 68.53it/s]
 19%|█▉        | 1127/5794 [00:17<01:07, 68.86it/s]
 20%|█▉        | 1135/5794 [00:17<01:06, 70.13it/s]
 20%|█▉        | 1143/5794 [00:17<01:05, 71.10it/s]
 20%|█▉        | 1151/5794 [00:17<01:04, 71.58it/s]
 20%|██        | 1159/5794 [00:17<01:04, 71.59it/s]
 20%|██        | 1167/5794 [00:17<01:04, 71.75it/s]
 20%|██        | 1175/5794 [00:18<01:04, 71.74it/s]
 20%|██        | 1183/5794 [00:18<01:04, 71.47it/s]
 21%|██        | 1191/5794 [00:18<01:04, 71.56it/s]
 21%|██        | 1199/5794 [00:18<01:06, 68.60it/s]
 21%|██        | 1206/5794 [00:18<01:08, 67.22it/s]
 21%|██        | 1213/5794 [00:18<01:09, 66.21it/s]
 21%|██        | 1220/5794 [00:18<01:09, 65.57it/s]
 21%|██        | 1227/5794 [00:18<01:10, 64.85it/s]
 21%|██▏       | 1234/5794 [00:18<01:10, 64.46it/s]
 21%|██▏       | 1241/5794 [00:19<01:11, 64.11it/s]
 22%|██▏       | 1248/5794 [00:19<01:11, 63.41it/s]
 22%|██▏       | 1256/5794 [00:19<01:08, 66.12it/s]
 22%|██▏       | 1264/5794 [00:19<01:06, 67.86it/s]
 22%|██▏       | 1271/5794 [00:19<01:06, 68.24it/s]
 22%|██▏       | 1279/5794 [00:19<01:04, 70.26it/s]
 22%|██▏       | 1287/5794 [00:19<01:04, 70.32it/s]
 22%|██▏       | 1295/5794 [00:19<01:03, 70.88it/s]
 22%|██▏       | 1303/5794 [00:19<01:03, 71.27it/s]
 23%|██▎       | 1311/5794 [00:20<01:02, 71.35it/s]
 23%|██▎       | 1319/5794 [00:20<01:02, 71.52it/s]
 23%|██▎       | 1327/5794 [00:20<01:02, 71.57it/s]
 23%|██▎       | 1335/5794 [00:20<01:02, 71.57it/s]
 23%|██▎       | 1343/5794 [00:20<01:02, 70.98it/s]
 23%|██▎       | 1351/5794 [00:20<01:01, 71.74it/s]
 23%|██▎       | 1359/5794 [00:20<01:01, 72.08it/s]
 24%|██▎       | 1367/5794 [00:20<01:01, 72.03it/s]
 24%|██▎       | 1375/5794 [00:20<01:03, 69.32it/s]
 24%|██▍       | 1382/5794 [00:21<01:05, 67.68it/s]
 24%|██▍       | 1389/5794 [00:21<01:05, 66.76it/s]
 24%|██▍       | 1396/5794 [00:21<01:06, 66.09it/s]
 24%|██▍       | 1403/5794 [00:21<01:07, 65.37it/s]
 24%|██▍       | 1410/5794 [00:21<01:07, 65.14it/s]
 24%|██▍       | 1417/5794 [00:21<01:07, 64.73it/s]
 25%|██▍       | 1424/5794 [00:21<01:07, 64.65it/s]
 25%|██▍       | 1431/5794 [00:21<01:07, 64.46it/s]
 25%|██▍       | 1438/5794 [00:21<01:07, 64.38it/s]
 25%|██▍       | 1445/5794 [00:22<01:07, 64.52it/s]
 25%|██▌       | 1452/5794 [00:22<01:07, 64.23it/s]
 25%|██▌       | 1459/5794 [00:22<01:07, 64.31it/s]
 25%|██▌       | 1466/5794 [00:22<01:07, 64.40it/s]
 25%|██▌       | 1473/5794 [00:22<01:07, 64.07it/s]
 26%|██▌       | 1480/5794 [00:22<01:07, 63.99it/s]
 26%|██▌       | 1487/5794 [00:22<01:07, 63.81it/s]
 26%|██▌       | 1494/5794 [00:22<01:06, 64.20it/s]
 26%|██▌       | 1501/5794 [00:22<01:06, 64.40it/s]
 26%|██▌       | 1508/5794 [00:23<01:06, 64.47it/s]
 26%|██▌       | 1515/5794 [00:23<01:06, 64.36it/s]
 26%|██▋       | 1522/5794 [00:23<01:06, 63.84it/s]
 26%|██▋       | 1529/5794 [00:23<01:06, 63.83it/s]
 27%|██▋       | 1536/5794 [00:23<01:06, 63.57it/s]
 27%|██▋       | 1543/5794 [00:23<01:06, 63.71it/s]
 27%|██▋       | 1550/5794 [00:23<01:06, 63.87it/s]
 27%|██▋       | 1557/5794 [00:23<01:06, 63.83it/s]
 27%|██▋       | 1564/5794 [00:23<01:06, 63.91it/s]
 27%|██▋       | 1571/5794 [00:24<01:06, 63.81it/s]
 27%|██▋       | 1578/5794 [00:24<01:05, 63.97it/s]
 27%|██▋       | 1585/5794 [00:24<01:05, 63.98it/s]
 27%|██▋       | 1592/5794 [00:24<01:05, 64.00it/s]
 28%|██▊       | 1599/5794 [00:24<01:05, 64.04it/s]
 28%|██▊       | 1606/5794 [00:24<01:12, 58.11it/s]
 28%|██▊       | 1612/5794 [00:24<01:12, 57.62it/s]
 28%|██▊       | 1619/5794 [00:24<01:09, 60.44it/s]
 28%|██▊       | 1626/5794 [00:24<01:07, 61.58it/s]
 28%|██▊       | 1633/5794 [00:25<01:06, 62.19it/s]
 28%|██▊       | 1640/5794 [00:25<01:06, 62.13it/s]
 28%|██▊       | 1647/5794 [00:25<01:06, 62.71it/s]
 29%|██▊       | 1654/5794 [00:25<01:05, 63.27it/s]
 29%|██▊       | 1661/5794 [00:25<01:05, 63.43it/s]
 29%|██▉       | 1668/5794 [00:25<01:05, 63.39it/s]
 29%|██▉       | 1675/5794 [00:25<01:04, 63.67it/s]
 29%|██▉       | 1682/5794 [00:25<01:05, 63.01it/s]
 29%|██▉       | 1689/5794 [00:25<01:05, 63.10it/s]
 29%|██▉       | 1696/5794 [00:26<01:04, 63.10it/s]
 29%|██▉       | 1703/5794 [00:26<01:04, 63.61it/s]
 30%|██▉       | 1710/5794 [00:26<01:04, 63.78it/s]
 30%|██▉       | 1717/5794 [00:26<01:03, 63.81it/s]
 30%|██▉       | 1724/5794 [00:26<01:03, 63.89it/s]
 30%|██▉       | 1731/5794 [00:26<01:03, 63.73it/s]
 30%|██▉       | 1738/5794 [00:26<01:03, 63.84it/s]
 30%|███       | 1745/5794 [00:26<01:03, 63.74it/s]
 30%|███       | 1752/5794 [00:26<01:03, 63.80it/s]
 30%|███       | 1759/5794 [00:27<01:03, 63.77it/s]
 30%|███       | 1766/5794 [00:27<01:03, 63.90it/s]
 31%|███       | 1773/5794 [00:27<01:03, 63.78it/s]
 31%|███       | 1780/5794 [00:27<01:02, 63.96it/s]
 31%|███       | 1787/5794 [00:27<01:02, 63.79it/s]
 31%|███       | 1794/5794 [00:27<01:02, 64.08it/s]
 31%|███       | 1801/5794 [00:27<01:02, 63.81it/s]
 31%|███       | 1808/5794 [00:27<01:02, 64.26it/s]
 31%|███▏      | 1815/5794 [00:27<01:02, 64.08it/s]
 31%|███▏      | 1822/5794 [00:27<01:01, 64.32it/s]
 32%|███▏      | 1829/5794 [00:28<01:01, 63.97it/s]
 32%|███▏      | 1836/5794 [00:28<01:01, 64.57it/s]
 32%|███▏      | 1843/5794 [00:28<01:01, 64.58it/s]
 32%|███▏      | 1851/5794 [00:28<00:58, 67.18it/s]
 32%|███▏      | 1859/5794 [00:28<00:56, 69.23it/s]
 32%|███▏      | 1867/5794 [00:28<00:56, 69.39it/s]
 32%|███▏      | 1874/5794 [00:28<00:57, 67.89it/s]
 32%|███▏      | 1881/5794 [00:28<00:59, 66.31it/s]
 33%|███▎      | 1888/5794 [00:28<00:59, 65.38it/s]
 33%|███▎      | 1895/5794 [00:29<01:00, 64.79it/s]
 33%|███▎      | 1902/5794 [00:29<01:00, 63.96it/s]
 33%|███▎      | 1909/5794 [00:29<01:01, 63.68it/s]
 33%|███▎      | 1916/5794 [00:29<01:01, 63.44it/s]
 33%|███▎      | 1923/5794 [00:29<01:01, 63.24it/s]
 33%|███▎      | 1930/5794 [00:29<01:01, 63.18it/s]
 33%|███▎      | 1937/5794 [00:29<01:01, 63.05it/s]
 34%|███▎      | 1944/5794 [00:29<01:00, 63.90it/s]
 34%|███▎      | 1952/5794 [00:29<00:57, 66.71it/s]
 34%|███▍      | 1959/5794 [00:30<00:58, 65.31it/s]
 34%|███▍      | 1966/5794 [00:30<00:59, 64.53it/s]
 34%|███▍      | 1973/5794 [00:30<01:00, 63.65it/s]
 34%|███▍      | 1980/5794 [00:30<00:59, 63.88it/s]
 34%|███▍      | 1987/5794 [00:30<00:59, 63.70it/s]
 34%|███▍      | 1994/5794 [00:30<00:59, 63.57it/s]
 35%|███▍      | 2001/5794 [00:30<00:59, 63.49it/s]
 35%|███▍      | 2008/5794 [00:30<00:59, 63.35it/s]
 35%|███▍      | 2015/5794 [00:30<00:59, 63.09it/s]
 35%|███▍      | 2022/5794 [00:31<00:59, 63.31it/s]
 35%|███▌      | 2029/5794 [00:31<00:59, 63.22it/s]
 35%|███▌      | 2036/5794 [00:31<00:59, 63.23it/s]
 35%|███▌      | 2043/5794 [00:31<00:59, 62.96it/s]
 35%|███▌      | 2050/5794 [00:31<00:59, 63.10it/s]
 36%|███▌      | 2057/5794 [00:31<00:59, 62.71it/s]
 36%|███▌      | 2064/5794 [00:31<00:59, 62.88it/s]
 36%|███▌      | 2071/5794 [00:31<00:59, 62.78it/s]
 36%|███▌      | 2079/5794 [00:31<00:56, 65.72it/s]
 36%|███▌      | 2087/5794 [00:32<00:54, 67.71it/s]
 36%|███▌      | 2095/5794 [00:32<00:53, 69.13it/s]
 36%|███▋      | 2103/5794 [00:32<00:52, 70.05it/s]
 36%|███▋      | 2111/5794 [00:32<00:52, 70.51it/s]
 37%|███▋      | 2119/5794 [00:32<00:51, 71.14it/s]
 37%|███▋      | 2127/5794 [00:32<00:51, 71.48it/s]
 37%|███▋      | 2135/5794 [00:32<00:51, 71.09it/s]
 37%|███▋      | 2143/5794 [00:32<00:50, 72.24it/s]
 37%|███▋      | 2151/5794 [00:32<00:50, 72.68it/s]
 37%|███▋      | 2159/5794 [00:33<00:49, 72.92it/s]
 37%|███▋      | 2167/5794 [00:33<00:49, 73.16it/s]
 38%|███▊      | 2175/5794 [00:33<00:49, 73.05it/s]
 38%|███▊      | 2183/5794 [00:33<00:49, 73.02it/s]
 38%|███▊      | 2191/5794 [00:33<00:49, 72.85it/s]
 38%|███▊      | 2199/5794 [00:33<00:49, 72.92it/s]
 38%|███▊      | 2207/5794 [00:33<00:49, 73.10it/s]
 38%|███▊      | 2215/5794 [00:33<00:49, 72.95it/s]
 38%|███▊      | 2223/5794 [00:33<00:48, 72.90it/s]
 39%|███▊      | 2231/5794 [00:34<00:48, 72.85it/s]
 39%|███▊      | 2239/5794 [00:34<00:48, 72.58it/s]
 39%|███▉      | 2247/5794 [00:34<00:48, 73.12it/s]
 39%|███▉      | 2255/5794 [00:34<00:48, 73.29it/s]
 39%|███▉      | 2263/5794 [00:34<00:48, 72.12it/s]
 39%|███▉      | 2271/5794 [00:34<01:11, 49.51it/s]
 39%|███▉      | 2279/5794 [00:34<01:03, 55.34it/s]
 39%|███▉      | 2287/5794 [00:35<00:58, 59.78it/s]
 40%|███▉      | 2295/5794 [00:35<00:55, 62.96it/s]
 40%|███▉      | 2303/5794 [00:35<00:53, 65.75it/s]
 40%|███▉      | 2311/5794 [00:35<00:51, 67.58it/s]
 40%|████      | 2319/5794 [00:35<00:50, 69.22it/s]
 40%|████      | 2327/5794 [00:35<00:49, 69.64it/s]
 40%|████      | 2335/5794 [00:35<00:48, 71.10it/s]
 40%|████      | 2343/5794 [00:35<00:48, 71.50it/s]
 41%|████      | 2351/5794 [00:35<00:47, 72.04it/s]
 41%|████      | 2359/5794 [00:35<00:47, 72.23it/s]
 41%|████      | 2367/5794 [00:36<00:47, 72.53it/s]
 41%|████      | 2375/5794 [00:36<00:47, 72.58it/s]
 41%|████      | 2383/5794 [00:36<00:46, 72.65it/s]
 41%|████▏     | 2391/5794 [00:36<00:46, 72.87it/s]
 41%|████▏     | 2399/5794 [00:36<00:46, 72.57it/s]
 42%|████▏     | 2407/5794 [00:36<00:47, 71.92it/s]
 42%|████▏     | 2415/5794 [00:36<00:46, 72.10it/s]
 42%|████▏     | 2423/5794 [00:36<00:46, 71.85it/s]
 42%|████▏     | 2431/5794 [00:36<00:46, 71.56it/s]
 42%|████▏     | 2439/5794 [00:37<00:47, 70.80it/s]
 42%|████▏     | 2447/5794 [00:37<00:46, 72.01it/s]
 42%|████▏     | 2455/5794 [00:37<00:46, 71.63it/s]
 43%|████▎     | 2463/5794 [00:37<00:48, 68.85it/s]
 43%|████▎     | 2470/5794 [00:37<00:49, 67.45it/s]
 43%|████▎     | 2477/5794 [00:37<00:49, 67.22it/s]
 43%|████▎     | 2485/5794 [00:37<00:48, 68.25it/s]
 43%|████▎     | 2493/5794 [00:37<00:48, 68.53it/s]
 43%|████▎     | 2501/5794 [00:38<00:47, 69.56it/s]
 43%|████▎     | 2508/5794 [00:38<00:48, 68.17it/s]
 43%|████▎     | 2515/5794 [00:38<00:48, 67.28it/s]
 44%|████▎     | 2522/5794 [00:38<00:49, 65.99it/s]
 44%|████▎     | 2529/5794 [00:38<00:49, 65.37it/s]
 44%|████▍     | 2536/5794 [00:38<00:50, 64.77it/s]
 44%|████▍     | 2543/5794 [00:38<00:50, 64.93it/s]
 44%|████▍     | 2550/5794 [00:38<00:50, 64.30it/s]
 44%|████▍     | 2557/5794 [00:38<00:50, 64.17it/s]
 44%|████▍     | 2564/5794 [00:38<00:50, 63.72it/s]
 44%|████▍     | 2571/5794 [00:39<00:50, 63.69it/s]
 44%|████▍     | 2578/5794 [00:39<00:50, 63.68it/s]
 45%|████▍     | 2585/5794 [00:39<00:50, 63.68it/s]
 45%|████▍     | 2592/5794 [00:39<00:50, 63.75it/s]
 45%|████▍     | 2599/5794 [00:39<00:50, 63.69it/s]
 45%|████▍     | 2606/5794 [00:39<00:50, 63.69it/s]
 45%|████▌     | 2613/5794 [00:39<00:50, 63.62it/s]
 45%|████▌     | 2620/5794 [00:39<00:49, 63.67it/s]
 45%|████▌     | 2627/5794 [00:39<00:49, 63.78it/s]
 45%|████▌     | 2634/5794 [00:40<00:49, 63.63it/s]
 46%|████▌     | 2641/5794 [00:40<00:49, 63.73it/s]
 46%|████▌     | 2648/5794 [00:40<00:49, 63.25it/s]
 46%|████▌     | 2655/5794 [00:40<00:49, 63.83it/s]
 46%|████▌     | 2662/5794 [00:40<00:49, 63.77it/s]
 46%|████▌     | 2669/5794 [00:40<00:49, 63.69it/s]
 46%|████▌     | 2676/5794 [00:40<00:49, 63.37it/s]
 46%|████▋     | 2683/5794 [00:40<00:48, 63.88it/s]
 46%|████▋     | 2690/5794 [00:40<00:48, 63.97it/s]
 47%|████▋     | 2697/5794 [00:41<00:48, 63.31it/s]
 47%|████▋     | 2704/5794 [00:41<00:48, 64.17it/s]
 47%|████▋     | 2711/5794 [00:41<00:48, 63.74it/s]
 47%|████▋     | 2718/5794 [00:41<00:56, 54.34it/s]
 47%|████▋     | 2726/5794 [00:41<00:52, 58.77it/s]
 47%|████▋     | 2733/5794 [00:41<00:51, 59.83it/s]
 47%|████▋     | 2740/5794 [00:41<00:50, 60.73it/s]
 47%|████▋     | 2747/5794 [00:41<00:49, 62.18it/s]
 48%|████▊     | 2754/5794 [00:42<00:48, 62.26it/s]
 48%|████▊     | 2761/5794 [00:42<00:48, 62.66it/s]
 48%|████▊     | 2768/5794 [00:42<00:48, 62.77it/s]
 48%|████▊     | 2775/5794 [00:42<00:47, 63.06it/s]
 48%|████▊     | 2782/5794 [00:42<00:48, 62.39it/s]
 48%|████▊     | 2789/5794 [00:42<00:47, 62.77it/s]
 48%|████▊     | 2796/5794 [00:42<00:47, 63.10it/s]
 48%|████▊     | 2803/5794 [00:42<00:47, 63.11it/s]
 48%|████▊     | 2810/5794 [00:42<00:47, 63.24it/s]
 49%|████▊     | 2817/5794 [00:43<00:47, 63.24it/s]
 49%|████▊     | 2824/5794 [00:43<00:46, 63.29it/s]
 49%|████▉     | 2831/5794 [00:43<00:46, 63.46it/s]
 49%|████▉     | 2838/5794 [00:43<00:47, 62.54it/s]
 49%|████▉     | 2845/5794 [00:43<00:47, 62.73it/s]
 49%|████▉     | 2852/5794 [00:43<00:46, 62.95it/s]
 49%|████▉     | 2859/5794 [00:43<00:46, 63.37it/s]
 49%|████▉     | 2866/5794 [00:43<00:46, 63.30it/s]
 50%|████▉     | 2873/5794 [00:43<00:46, 63.38it/s]
 50%|████▉     | 2880/5794 [00:44<00:46, 63.25it/s]
 50%|████▉     | 2887/5794 [00:44<00:45, 63.33it/s]
 50%|████▉     | 2894/5794 [00:44<00:45, 63.39it/s]
 50%|█████     | 2901/5794 [00:44<00:45, 63.45it/s]
 50%|█████     | 2908/5794 [00:44<00:45, 63.50it/s]
 50%|█████     | 2915/5794 [00:44<00:45, 63.45it/s]
 50%|█████     | 2922/5794 [00:44<00:45, 63.44it/s]
 51%|█████     | 2929/5794 [00:44<00:45, 63.48it/s]
 51%|█████     | 2936/5794 [00:44<00:44, 63.61it/s]
 51%|█████     | 2943/5794 [00:45<00:44, 63.97it/s]
 51%|█████     | 2950/5794 [00:45<00:44, 64.08it/s]
 51%|█████     | 2957/5794 [00:45<00:44, 64.02it/s]
 51%|█████     | 2964/5794 [00:45<00:44, 64.10it/s]
 51%|█████▏    | 2971/5794 [00:45<00:44, 63.68it/s]
 51%|█████▏    | 2978/5794 [00:45<00:44, 63.88it/s]
 52%|█████▏    | 2985/5794 [00:45<00:44, 63.68it/s]
 52%|█████▏    | 2992/5794 [00:45<00:43, 63.68it/s]
 52%|█████▏    | 2999/5794 [00:45<00:43, 63.73it/s]
 52%|█████▏    | 3006/5794 [00:46<00:44, 63.19it/s]
 52%|█████▏    | 3013/5794 [00:46<00:43, 63.40it/s]
 52%|█████▏    | 3020/5794 [00:46<00:43, 63.40it/s]
 52%|█████▏    | 3027/5794 [00:46<00:43, 63.71it/s]
 52%|█████▏    | 3034/5794 [00:46<00:43, 63.65it/s]
 52%|█████▏    | 3041/5794 [00:46<00:43, 63.71it/s]
 53%|█████▎    | 3048/5794 [00:46<00:43, 63.84it/s]
 53%|█████▎    | 3055/5794 [00:46<00:42, 63.86it/s]
 53%|█████▎    | 3062/5794 [00:46<00:42, 63.87it/s]
 53%|█████▎    | 3069/5794 [00:46<00:42, 63.85it/s]
 53%|█████▎    | 3076/5794 [00:47<00:42, 63.88it/s]
 53%|█████▎    | 3083/5794 [00:47<00:42, 63.23it/s]
 53%|█████▎    | 3090/5794 [00:47<00:42, 63.93it/s]
 53%|█████▎    | 3097/5794 [00:47<00:42, 63.85it/s]
 54%|█████▎    | 3104/5794 [00:47<00:42, 63.85it/s]
 54%|█████▎    | 3111/5794 [00:47<00:41, 63.91it/s]
 54%|█████▍    | 3118/5794 [00:47<00:41, 63.94it/s]
 54%|█████▍    | 3125/5794 [00:47<00:41, 63.80it/s]
 54%|█████▍    | 3132/5794 [00:47<00:41, 64.01it/s]
 54%|█████▍    | 3139/5794 [00:48<00:41, 63.89it/s]
 54%|█████▍    | 3146/5794 [00:48<00:41, 64.06it/s]
 54%|█████▍    | 3153/5794 [00:48<00:41, 64.16it/s]
 55%|█████▍    | 3160/5794 [00:48<00:41, 64.03it/s]
 55%|█████▍    | 3167/5794 [00:48<00:41, 64.05it/s]
 55%|█████▍    | 3174/5794 [00:48<00:41, 63.02it/s]
 55%|█████▍    | 3181/5794 [00:48<00:40, 64.19it/s]
 55%|█████▌    | 3188/5794 [00:48<00:40, 63.82it/s]
 55%|█████▌    | 3195/5794 [00:48<00:40, 63.55it/s]
 55%|█████▌    | 3202/5794 [00:49<00:40, 63.43it/s]
 55%|█████▌    | 3209/5794 [00:49<00:40, 63.21it/s]
 56%|█████▌    | 3216/5794 [00:49<00:40, 63.43it/s]
 56%|█████▌    | 3223/5794 [00:49<00:40, 63.30it/s]
 56%|█████▌    | 3230/5794 [00:49<00:40, 63.60it/s]
 56%|█████▌    | 3237/5794 [00:49<00:40, 63.65it/s]
 56%|█████▌    | 3244/5794 [00:49<00:40, 63.24it/s]
 56%|█████▌    | 3251/5794 [00:49<00:40, 63.50it/s]
 56%|█████▌    | 3258/5794 [00:49<00:40, 63.17it/s]
 56%|█████▋    | 3265/5794 [00:50<00:39, 63.43it/s]
 56%|█████▋    | 3272/5794 [00:50<00:39, 63.21it/s]
 57%|█████▋    | 3279/5794 [00:50<00:39, 63.44it/s]
 57%|█████▋    | 3286/5794 [00:50<00:39, 63.51it/s]
 57%|█████▋    | 3294/5794 [00:50<00:37, 66.19it/s]
 57%|█████▋    | 3302/5794 [00:50<00:36, 68.26it/s]
 57%|█████▋    | 3309/5794 [00:50<00:36, 68.33it/s]
 57%|█████▋    | 3316/5794 [00:50<00:36, 67.00it/s]
 57%|█████▋    | 3323/5794 [00:50<00:36, 66.94it/s]
 57%|█████▋    | 3330/5794 [00:51<00:37, 66.09it/s]
 58%|█████▊    | 3337/5794 [00:51<00:37, 65.41it/s]
 58%|█████▊    | 3344/5794 [00:51<00:37, 64.75it/s]
 58%|█████▊    | 3351/5794 [00:51<00:37, 64.58it/s]
 58%|█████▊    | 3358/5794 [00:51<00:37, 64.17it/s]
 58%|█████▊    | 3365/5794 [00:51<00:38, 63.77it/s]
 58%|█████▊    | 3372/5794 [00:51<00:38, 63.51it/s]
 58%|█████▊    | 3379/5794 [00:51<00:37, 64.79it/s]
 58%|█████▊    | 3387/5794 [00:51<00:35, 67.54it/s]
 59%|█████▊    | 3394/5794 [00:52<00:35, 68.17it/s]
 59%|█████▊    | 3401/5794 [00:52<00:35, 66.76it/s]
 59%|█████▉    | 3408/5794 [00:52<00:36, 65.60it/s]
 59%|█████▉    | 3415/5794 [00:52<00:36, 65.21it/s]
 59%|█████▉    | 3422/5794 [00:52<00:37, 63.77it/s]
 59%|█████▉    | 3429/5794 [00:52<00:37, 63.53it/s]
 59%|█████▉    | 3436/5794 [00:52<00:37, 63.58it/s]
 59%|█████▉    | 3443/5794 [00:52<00:36, 64.64it/s]
 60%|█████▉    | 3450/5794 [00:52<00:36, 64.53it/s]
 60%|█████▉    | 3457/5794 [00:53<00:36, 64.29it/s]
 60%|█████▉    | 3464/5794 [00:53<00:36, 64.24it/s]
 60%|█████▉    | 3471/5794 [01:01<14:21,  2.70it/s]
 60%|██████    | 3477/5794 [01:01<10:38,  3.63it/s]
 60%|██████    | 3484/5794 [01:01<07:30,  5.12it/s]
 60%|██████    | 3491/5794 [01:01<05:23,  7.13it/s]
 60%|██████    | 3498/5794 [01:01<03:55,  9.76it/s]
 60%|██████    | 3505/5794 [01:02<02:54, 13.11it/s]
 61%|██████    | 3512/5794 [01:02<02:12, 17.23it/s]
 61%|██████    | 3519/5794 [01:02<01:42, 22.15it/s]
 61%|██████    | 3527/5794 [01:02<01:19, 28.64it/s]
 61%|██████    | 3534/5794 [01:02<01:05, 34.54it/s]
 61%|██████    | 3541/5794 [01:02<00:55, 40.53it/s]
 61%|██████▏   | 3549/5794 [01:02<00:47, 46.90it/s]
 61%|██████▏   | 3557/5794 [01:02<00:42, 52.55it/s]
 62%|██████▏   | 3564/5794 [01:02<00:39, 56.28it/s]
 62%|██████▏   | 3572/5794 [01:03<00:36, 60.27it/s]
 62%|██████▏   | 3580/5794 [01:03<00:34, 63.49it/s]
 62%|██████▏   | 3588/5794 [01:03<00:33, 65.59it/s]
 62%|██████▏   | 3596/5794 [01:03<00:32, 67.13it/s]
 62%|██████▏   | 3604/5794 [01:03<00:32, 68.29it/s]
 62%|██████▏   | 3612/5794 [01:03<00:31, 69.09it/s]
 62%|██████▏   | 3620/5794 [01:03<00:31, 69.76it/s]
 63%|██████▎   | 3628/5794 [01:03<00:30, 69.91it/s]
 63%|██████▎   | 3636/5794 [01:03<00:30, 70.28it/s]
 63%|██████▎   | 3644/5794 [01:04<00:30, 70.32it/s]
 63%|██████▎   | 3652/5794 [01:04<00:30, 70.45it/s]
 63%|██████▎   | 3660/5794 [01:04<00:30, 70.45it/s]
 63%|██████▎   | 3668/5794 [01:04<00:30, 70.72it/s]
 63%|██████▎   | 3676/5794 [01:04<00:30, 70.48it/s]
 64%|██████▎   | 3684/5794 [01:04<00:31, 66.20it/s]
 64%|██████▎   | 3691/5794 [01:04<00:31, 66.72it/s]
 64%|██████▍   | 3698/5794 [01:04<00:31, 66.31it/s]
 64%|██████▍   | 3705/5794 [01:04<00:31, 65.55it/s]
 64%|██████▍   | 3712/5794 [01:05<00:32, 64.67it/s]
 64%|██████▍   | 3719/5794 [01:05<00:32, 63.88it/s]
 64%|██████▍   | 3727/5794 [01:05<00:31, 65.62it/s]
 64%|██████▍   | 3735/5794 [01:05<00:30, 67.65it/s]
 65%|██████▍   | 3743/5794 [01:05<00:29, 68.55it/s]
 65%|██████▍   | 3751/5794 [01:05<00:29, 69.24it/s]
 65%|██████▍   | 3759/5794 [01:05<00:29, 69.75it/s]
 65%|██████▌   | 3767/5794 [01:05<00:28, 69.92it/s]
 65%|██████▌   | 3775/5794 [01:05<00:28, 70.58it/s]
 65%|██████▌   | 3783/5794 [01:06<00:28, 70.61it/s]
 65%|██████▌   | 3791/5794 [01:06<00:28, 70.65it/s]
 66%|██████▌   | 3799/5794 [01:06<00:28, 70.60it/s]
 66%|██████▌   | 3807/5794 [01:06<00:28, 70.27it/s]
 66%|██████▌   | 3815/5794 [01:06<00:28, 70.07it/s]
 66%|██████▌   | 3823/5794 [01:06<00:28, 69.86it/s]
 66%|██████▌   | 3830/5794 [01:06<00:29, 67.15it/s]
 66%|██████▌   | 3837/5794 [01:06<00:29, 66.47it/s]
 66%|██████▋   | 3844/5794 [01:06<00:29, 65.48it/s]
 66%|██████▋   | 3851/5794 [01:07<00:30, 64.74it/s]
 67%|██████▋   | 3858/5794 [01:07<00:30, 64.28it/s]
 67%|██████▋   | 3865/5794 [01:07<00:30, 63.77it/s]
 67%|██████▋   | 3872/5794 [01:07<00:30, 63.58it/s]
 67%|██████▋   | 3879/5794 [01:07<00:30, 63.28it/s]
 67%|██████▋   | 3886/5794 [01:07<00:30, 63.28it/s]
 67%|██████▋   | 3893/5794 [01:07<00:30, 62.97it/s]
 67%|██████▋   | 3900/5794 [01:07<00:30, 63.09it/s]
 67%|██████▋   | 3907/5794 [01:07<00:29, 63.27it/s]
 68%|██████▊   | 3914/5794 [01:08<00:29, 62.96it/s]
 68%|██████▊   | 3922/5794 [01:08<00:28, 65.27it/s]
 68%|██████▊   | 3929/5794 [01:08<00:28, 66.03it/s]
 68%|██████▊   | 3936/5794 [01:08<00:28, 65.28it/s]
 68%|██████▊   | 3943/5794 [01:08<00:28, 63.93it/s]
 68%|██████▊   | 3950/5794 [01:08<00:28, 63.64it/s]
 68%|██████▊   | 3957/5794 [01:08<00:28, 63.85it/s]
 68%|██████▊   | 3964/5794 [01:08<00:28, 63.52it/s]
 69%|██████▊   | 3971/5794 [01:08<00:28, 63.35it/s]
 69%|██████▊   | 3978/5794 [01:09<00:28, 63.05it/s]
 69%|██████▉   | 3985/5794 [01:09<00:28, 62.95it/s]
 69%|██████▉   | 3992/5794 [01:09<00:28, 63.25it/s]
 69%|██████▉   | 3999/5794 [01:09<00:28, 63.20it/s]
 69%|██████▉   | 4006/5794 [01:09<00:28, 63.05it/s]
 69%|██████▉   | 4013/5794 [01:09<00:28, 63.07it/s]
 69%|██████▉   | 4020/5794 [01:09<00:28, 63.06it/s]
 70%|██████▉   | 4027/5794 [01:09<00:27, 63.19it/s]
 70%|██████▉   | 4034/5794 [01:09<00:27, 63.17it/s]
 70%|██████▉   | 4041/5794 [01:10<00:27, 63.12it/s]
 70%|██████▉   | 4048/5794 [01:10<00:27, 63.28it/s]
 70%|██████▉   | 4055/5794 [01:10<00:27, 63.21it/s]
 70%|███████   | 4062/5794 [01:10<00:27, 63.13it/s]
 70%|███████   | 4069/5794 [01:10<00:27, 63.21it/s]
 70%|███████   | 4076/5794 [01:10<00:27, 63.41it/s]
 70%|███████   | 4083/5794 [01:10<00:27, 63.30it/s]
 71%|███████   | 4090/5794 [01:10<00:26, 63.45it/s]
 71%|███████   | 4097/5794 [01:10<00:26, 63.46it/s]
 71%|███████   | 4104/5794 [01:11<00:26, 63.62it/s]
 71%|███████   | 4111/5794 [01:11<00:26, 63.53it/s]
 71%|███████   | 4118/5794 [01:11<00:26, 63.65it/s]
 71%|███████   | 4125/5794 [01:11<00:26, 63.44it/s]
 71%|███████▏  | 4132/5794 [01:11<00:26, 63.41it/s]
 71%|███████▏  | 4139/5794 [01:11<00:26, 63.41it/s]
 72%|███████▏  | 4146/5794 [01:11<00:26, 63.28it/s]
 72%|███████▏  | 4153/5794 [01:11<00:25, 63.46it/s]
 72%|███████▏  | 4160/5794 [01:11<00:25, 63.56it/s]
 72%|███████▏  | 4167/5794 [01:12<00:25, 64.98it/s]
 72%|███████▏  | 4175/5794 [01:12<00:24, 66.41it/s]
 72%|███████▏  | 4182/5794 [01:12<00:24, 64.91it/s]
 72%|███████▏  | 4189/5794 [01:12<00:25, 63.78it/s]
 72%|███████▏  | 4196/5794 [01:12<00:25, 63.59it/s]
 73%|███████▎  | 4203/5794 [01:12<00:24, 63.77it/s]
 73%|███████▎  | 4210/5794 [01:12<00:24, 63.51it/s]
 73%|███████▎  | 4217/5794 [01:12<00:24, 63.55it/s]
 73%|███████▎  | 4224/5794 [01:12<00:24, 64.65it/s]
 73%|███████▎  | 4231/5794 [01:13<00:24, 64.14it/s]
 73%|███████▎  | 4238/5794 [01:13<00:24, 63.96it/s]
 73%|███████▎  | 4245/5794 [01:13<00:24, 63.83it/s]
 73%|███████▎  | 4252/5794 [01:13<00:24, 63.80it/s]
 74%|███████▎  | 4259/5794 [01:13<00:24, 63.63it/s]
 74%|███████▎  | 4266/5794 [01:13<00:24, 63.51it/s]
 74%|███████▎  | 4273/5794 [01:13<00:23, 63.50it/s]
 74%|███████▍  | 4280/5794 [01:13<00:23, 63.32it/s]
 74%|███████▍  | 4287/5794 [01:13<00:23, 63.30it/s]
 74%|███████▍  | 4294/5794 [01:14<00:23, 63.24it/s]
 74%|███████▍  | 4301/5794 [01:14<00:23, 63.28it/s]
 74%|███████▍  | 4308/5794 [01:14<00:23, 63.07it/s]
 74%|███████▍  | 4315/5794 [01:14<00:23, 63.31it/s]
 75%|███████▍  | 4322/5794 [01:14<00:23, 62.92it/s]
 75%|███████▍  | 4329/5794 [01:14<00:23, 62.60it/s]
 75%|███████▍  | 4336/5794 [01:14<00:23, 63.27it/s]
 75%|███████▍  | 4343/5794 [01:14<00:22, 63.38it/s]
 75%|███████▌  | 4350/5794 [01:14<00:22, 62.99it/s]
 75%|███████▌  | 4357/5794 [01:15<00:22, 62.79it/s]
 75%|███████▌  | 4364/5794 [01:15<00:22, 63.08it/s]
 75%|███████▌  | 4371/5794 [01:15<00:22, 63.12it/s]
 76%|███████▌  | 4378/5794 [01:15<00:22, 62.98it/s]
 76%|███████▌  | 4385/5794 [01:15<00:22, 62.93it/s]
 76%|███████▌  | 4392/5794 [01:15<00:22, 63.08it/s]
 76%|███████▌  | 4399/5794 [01:15<00:22, 63.00it/s]
 76%|███████▌  | 4406/5794 [01:15<00:21, 63.21it/s]
 76%|███████▌  | 4413/5794 [01:15<00:21, 63.22it/s]
 76%|███████▋  | 4420/5794 [01:16<00:21, 63.29it/s]
 76%|███████▋  | 4427/5794 [01:16<00:21, 63.42it/s]
 77%|███████▋  | 4434/5794 [01:16<00:21, 63.43it/s]
 77%|███████▋  | 4441/5794 [01:16<00:21, 63.46it/s]
 77%|███████▋  | 4448/5794 [01:16<00:21, 62.68it/s]
 77%|███████▋  | 4455/5794 [01:16<00:21, 62.55it/s]
 77%|███████▋  | 4462/5794 [01:16<00:21, 62.77it/s]
 77%|███████▋  | 4469/5794 [01:16<00:21, 62.74it/s]
 77%|███████▋  | 4476/5794 [01:16<00:20, 62.98it/s]
 77%|███████▋  | 4483/5794 [01:17<00:20, 63.04it/s]
 77%|███████▋  | 4490/5794 [01:17<00:20, 62.93it/s]
 78%|███████▊  | 4497/5794 [01:17<00:21, 61.36it/s]
 78%|███████▊  | 4505/5794 [01:17<00:20, 63.75it/s]
 78%|███████▊  | 4512/5794 [01:17<00:20, 63.76it/s]
 78%|███████▊  | 4519/5794 [01:17<00:20, 63.26it/s]
 78%|███████▊  | 4526/5794 [01:17<00:19, 63.47it/s]
 78%|███████▊  | 4533/5794 [01:17<00:19, 63.34it/s]
 78%|███████▊  | 4540/5794 [01:17<00:19, 62.93it/s]
 78%|███████▊  | 4547/5794 [01:18<00:19, 63.15it/s]
 79%|███████▊  | 4554/5794 [01:18<00:19, 63.32it/s]
 79%|███████▊  | 4561/5794 [01:18<00:19, 63.37it/s]
 79%|███████▉  | 4568/5794 [01:18<00:19, 63.48it/s]
 79%|███████▉  | 4575/5794 [01:18<00:19, 63.69it/s]
 79%|███████▉  | 4582/5794 [01:18<00:19, 63.51it/s]
 79%|███████▉  | 4589/5794 [01:18<00:18, 63.47it/s]
 79%|███████▉  | 4596/5794 [01:18<00:18, 63.38it/s]
 79%|███████▉  | 4603/5794 [01:18<00:18, 63.23it/s]
 80%|███████▉  | 4610/5794 [01:19<00:18, 62.97it/s]
 80%|███████▉  | 4617/5794 [01:19<00:18, 63.39it/s]
 80%|███████▉  | 4624/5794 [01:19<00:18, 63.23it/s]
 80%|███████▉  | 4631/5794 [01:19<00:18, 64.36it/s]
 80%|████████  | 4638/5794 [01:19<00:18, 63.86it/s]
 80%|████████  | 4645/5794 [01:19<00:18, 63.67it/s]
 80%|████████  | 4652/5794 [01:19<00:18, 63.35it/s]
 80%|████████  | 4659/5794 [01:19<00:17, 63.17it/s]
 81%|████████  | 4666/5794 [01:19<00:18, 62.67it/s]
 81%|████████  | 4673/5794 [01:20<00:17, 62.82it/s]
 81%|████████  | 4680/5794 [01:20<00:17, 62.86it/s]
 81%|████████  | 4687/5794 [01:20<00:17, 62.83it/s]
 81%|████████  | 4694/5794 [01:20<00:17, 62.76it/s]
 81%|████████  | 4701/5794 [01:20<00:17, 62.93it/s]
 81%|████████▏ | 4708/5794 [01:20<00:17, 62.65it/s]
 81%|████████▏ | 4715/5794 [01:20<00:17, 63.05it/s]
 81%|████████▏ | 4722/5794 [01:20<00:16, 63.29it/s]
 82%|████████▏ | 4729/5794 [01:20<00:17, 60.68it/s]
 82%|████████▏ | 4736/5794 [01:21<00:16, 62.69it/s]
 82%|████████▏ | 4743/5794 [01:21<00:16, 64.31it/s]
 82%|████████▏ | 4750/5794 [01:21<00:16, 63.65it/s]
 82%|████████▏ | 4757/5794 [01:21<00:16, 64.07it/s]
 82%|████████▏ | 4764/5794 [01:21<00:16, 63.48it/s]
 82%|████████▏ | 4771/5794 [01:21<00:15, 63.95it/s]
 82%|████████▏ | 4778/5794 [01:21<00:15, 63.84it/s]
 83%|████████▎ | 4785/5794 [01:21<00:15, 64.56it/s]
 83%|████████▎ | 4792/5794 [01:21<00:15, 64.86it/s]
 83%|████████▎ | 4799/5794 [01:22<00:15, 64.29it/s]
 83%|████████▎ | 4806/5794 [01:22<00:15, 64.16it/s]
 83%|████████▎ | 4813/5794 [01:22<00:15, 63.73it/s]
 83%|████████▎ | 4820/5794 [01:22<00:15, 63.15it/s]
 83%|████████▎ | 4827/5794 [01:22<00:15, 63.27it/s]
 83%|████████▎ | 4834/5794 [01:22<00:15, 63.21it/s]
 84%|████████▎ | 4841/5794 [01:22<00:15, 63.31it/s]
 84%|████████▎ | 4848/5794 [01:22<00:15, 63.06it/s]
 84%|████████▍ | 4855/5794 [01:22<00:14, 63.16it/s]
 84%|████████▍ | 4862/5794 [01:23<00:14, 63.33it/s]
 84%|████████▍ | 4869/5794 [01:23<00:14, 63.18it/s]
 84%|████████▍ | 4876/5794 [01:23<00:14, 63.31it/s]
 84%|████████▍ | 4883/5794 [01:23<00:14, 63.19it/s]
 84%|████████▍ | 4890/5794 [01:23<00:14, 63.42it/s]
 85%|████████▍ | 4897/5794 [01:23<00:14, 63.28it/s]
 85%|████████▍ | 4905/5794 [01:23<00:13, 65.73it/s]
 85%|████████▍ | 4913/5794 [01:23<00:13, 67.38it/s]
 85%|████████▍ | 4920/5794 [01:23<00:12, 68.10it/s]
 85%|████████▌ | 4928/5794 [01:24<00:12, 69.49it/s]
 85%|████████▌ | 4935/5794 [01:24<00:12, 67.87it/s]
 85%|████████▌ | 4942/5794 [01:24<00:12, 66.50it/s]
 85%|████████▌ | 4949/5794 [01:24<00:12, 65.44it/s]
 86%|████████▌ | 4956/5794 [01:24<00:12, 64.59it/s]
 86%|████████▌ | 4963/5794 [01:24<00:12, 64.27it/s]
 86%|████████▌ | 4970/5794 [01:24<00:12, 63.94it/s]
 86%|████████▌ | 4977/5794 [01:24<00:12, 63.94it/s]
 86%|████████▌ | 4984/5794 [01:24<00:12, 63.73it/s]
 86%|████████▌ | 4991/5794 [01:25<00:12, 63.53it/s]
 86%|████████▋ | 4998/5794 [01:25<00:12, 63.01it/s]
 86%|████████▋ | 5005/5794 [01:25<00:12, 63.05it/s]
 87%|████████▋ | 5012/5794 [01:25<00:12, 63.19it/s]
 87%|████████▋ | 5019/5794 [01:25<00:12, 63.09it/s]
 87%|████████▋ | 5026/5794 [01:25<00:12, 62.61it/s]
 87%|████████▋ | 5033/5794 [01:25<00:12, 62.54it/s]
 87%|████████▋ | 5040/5794 [01:25<00:11, 63.47it/s]
 87%|████████▋ | 5047/5794 [01:25<00:11, 63.55it/s]
 87%|████████▋ | 5054/5794 [01:26<00:11, 63.36it/s]
 87%|████████▋ | 5061/5794 [01:26<00:11, 63.32it/s]
 87%|████████▋ | 5068/5794 [01:26<00:11, 63.08it/s]
 88%|████████▊ | 5075/5794 [01:26<00:11, 63.18it/s]
 88%|████████▊ | 5082/5794 [01:26<00:11, 63.16it/s]
 88%|████████▊ | 5089/5794 [01:26<00:11, 63.28it/s]
 88%|████████▊ | 5096/5794 [01:26<00:11, 63.24it/s]
 88%|████████▊ | 5103/5794 [01:26<00:10, 63.17it/s]
 88%|████████▊ | 5110/5794 [01:26<00:10, 63.25it/s]
 88%|████████▊ | 5117/5794 [01:27<00:10, 63.14it/s]
 88%|████████▊ | 5124/5794 [01:27<00:10, 63.26it/s]
 89%|████████▊ | 5131/5794 [01:27<00:10, 63.27it/s]
 89%|████████▊ | 5138/5794 [01:27<00:10, 63.21it/s]
 89%|████████▉ | 5145/5794 [01:27<00:10, 63.92it/s]
 89%|████████▉ | 5153/5794 [01:27<00:09, 66.43it/s]
 89%|████████▉ | 5161/5794 [01:27<00:09, 68.35it/s]
 89%|████████▉ | 5169/5794 [01:27<00:08, 69.59it/s]
 89%|████████▉ | 5177/5794 [01:27<00:08, 70.18it/s]
 89%|████████▉ | 5185/5794 [01:28<00:08, 68.00it/s]
 90%|████████▉ | 5192/5794 [01:28<00:08, 67.09it/s]
 90%|████████▉ | 5199/5794 [01:28<00:09, 65.89it/s]
 90%|████████▉ | 5206/5794 [01:28<00:09, 64.53it/s]
 90%|████████▉ | 5213/5794 [01:28<00:09, 64.13it/s]
 90%|█████████ | 5220/5794 [01:28<00:09, 63.64it/s]
 90%|█████████ | 5227/5794 [01:28<00:11, 51.37it/s]
 90%|█████████ | 5235/5794 [01:28<00:09, 57.28it/s]
 90%|█████████ | 5242/5794 [01:29<00:11, 47.33it/s]
 91%|█████████ | 5249/5794 [01:29<00:10, 50.53it/s]
 91%|█████████ | 5255/5794 [01:29<00:11, 44.93it/s]
 91%|█████████ | 5262/5794 [01:29<00:10, 50.17it/s]
 91%|█████████ | 5270/5794 [01:29<00:09, 55.74it/s]
 91%|█████████ | 5278/5794 [01:29<00:08, 59.76it/s]
 91%|█████████ | 5285/5794 [01:29<00:08, 61.78it/s]
 91%|█████████▏| 5293/5794 [01:29<00:07, 64.72it/s]
 91%|█████████▏| 5300/5794 [01:30<00:07, 65.44it/s]
 92%|█████████▏| 5308/5794 [01:30<00:07, 67.74it/s]
 92%|█████████▏| 5316/5794 [01:30<00:06, 68.52it/s]
 92%|█████████▏| 5323/5794 [01:30<00:06, 68.84it/s]
 92%|█████████▏| 5331/5794 [01:30<00:06, 69.72it/s]
 92%|█████████▏| 5339/5794 [01:30<00:06, 69.94it/s]
 92%|█████████▏| 5347/5794 [01:30<00:06, 70.04it/s]
 92%|█████████▏| 5355/5794 [01:30<00:06, 69.75it/s]
 93%|█████████▎| 5363/5794 [01:30<00:06, 69.94it/s]
 93%|█████████▎| 5371/5794 [01:31<00:06, 69.98it/s]
 93%|█████████▎| 5379/5794 [01:31<00:05, 70.16it/s]
 93%|█████████▎| 5387/5794 [01:31<00:05, 69.66it/s]
 93%|█████████▎| 5395/5794 [01:31<00:05, 69.98it/s]
 93%|█████████▎| 5403/5794 [01:31<00:05, 68.78it/s]
 93%|█████████▎| 5410/5794 [01:31<00:05, 67.16it/s]
 93%|█████████▎| 5417/5794 [01:31<00:05, 65.76it/s]
 94%|█████████▎| 5424/5794 [01:31<00:05, 64.88it/s]
 94%|█████████▎| 5431/5794 [01:31<00:05, 63.93it/s]
 94%|█████████▍| 5438/5794 [01:32<00:05, 64.06it/s]
 94%|█████████▍| 5445/5794 [01:32<00:05, 63.72it/s]
 94%|█████████▍| 5452/5794 [01:32<00:05, 64.29it/s]
 94%|█████████▍| 5459/5794 [01:32<00:05, 65.66it/s]
 94%|█████████▍| 5466/5794 [01:32<00:05, 64.21it/s]
 94%|█████████▍| 5473/5794 [01:32<00:05, 63.66it/s]
 95%|█████████▍| 5480/5794 [01:32<00:04, 63.10it/s]
 95%|█████████▍| 5487/5794 [01:32<00:04, 63.20it/s]
 95%|█████████▍| 5494/5794 [01:32<00:04, 63.34it/s]
 95%|█████████▍| 5501/5794 [01:33<00:04, 64.52it/s]
 95%|█████████▌| 5508/5794 [01:33<00:04, 63.76it/s]
 95%|█████████▌| 5515/5794 [01:33<00:04, 63.01it/s]
 95%|█████████▌| 5522/5794 [01:33<00:04, 63.23it/s]
 95%|█████████▌| 5529/5794 [01:33<00:04, 63.35it/s]
 96%|█████████▌| 5536/5794 [01:33<00:04, 62.94it/s]
 96%|█████████▌| 5543/5794 [01:33<00:03, 63.16it/s]
 96%|█████████▌| 5550/5794 [01:33<00:03, 63.09it/s]
 96%|█████████▌| 5557/5794 [01:33<00:03, 62.80it/s]
 96%|█████████▌| 5564/5794 [01:34<00:03, 62.85it/s]
 96%|█████████▌| 5571/5794 [01:34<00:03, 62.76it/s]
 96%|█████████▋| 5578/5794 [01:34<00:03, 62.98it/s]
 96%|█████████▋| 5585/5794 [01:34<00:03, 62.92it/s]
 97%|█████████▋| 5592/5794 [01:34<00:03, 62.88it/s]
 97%|█████████▋| 5599/5794 [01:34<00:03, 63.73it/s]
 97%|█████████▋| 5606/5794 [01:34<00:02, 63.54it/s]
 97%|█████████▋| 5613/5794 [01:34<00:02, 63.50it/s]
 97%|█████████▋| 5620/5794 [01:34<00:02, 62.82it/s]
 97%|█████████▋| 5627/5794 [01:35<00:02, 62.93it/s]
 97%|█████████▋| 5634/5794 [01:35<00:02, 63.05it/s]
 97%|█████████▋| 5641/5794 [01:35<00:02, 63.05it/s]
 97%|█████████▋| 5648/5794 [01:35<00:02, 63.16it/s]
 98%|█████████▊| 5655/5794 [01:35<00:02, 62.91it/s]
 98%|█████████▊| 5663/5794 [01:35<00:02, 65.21it/s]
 98%|█████████▊| 5670/5794 [01:35<00:01, 63.45it/s]
 98%|█████████▊| 5677/5794 [01:35<00:01, 63.73it/s]
 98%|█████████▊| 5684/5794 [01:35<00:01, 63.47it/s]
 98%|█████████▊| 5691/5794 [01:36<00:01, 63.35it/s]
 98%|█████████▊| 5698/5794 [01:36<00:01, 64.43it/s]
 98%|█████████▊| 5706/5794 [01:36<00:01, 66.76it/s]
 99%|█████████▊| 5714/5794 [01:36<00:01, 68.58it/s]
 99%|█████████▉| 5722/5794 [01:36<00:01, 69.52it/s]
 99%|█████████▉| 5730/5794 [01:36<00:00, 70.55it/s]
 99%|█████████▉| 5738/5794 [01:36<00:00, 70.92it/s]
 99%|█████████▉| 5746/5794 [01:36<00:00, 71.16it/s]
 99%|█████████▉| 5754/5794 [01:36<00:00, 71.64it/s]
 99%|█████████▉| 5762/5794 [01:37<00:00, 71.76it/s]
100%|█████████▉| 5770/5794 [01:37<00:00, 71.90it/s]
100%|█████████▉| 5778/5794 [01:37<00:00, 71.95it/s]
100%|█████████▉| 5786/5794 [01:37<00:00, 72.09it/s]
100%|██████████| 5794/5794 [01:37<00:00, 72.63it/s]
100%|██████████| 5794/5794 [01:37<00:00, 59.38it/s]
BALANCED ACCS CHECKED FOR TEST
TEST SET RESULTS FOR CHECKPOINT trained_weights/waterbirds/rrr_waterbird_complete95_forest2water2_21048936_trial_000/best_balanced_valacc_0.55_epoch_0.ckpt
test_acc: 0.7279944770452192
balanced_test_acc: 0.5662318420125577
Land_on_Land_test_acc: 0.9991130820399113
Land_on_Water_test_acc: 0.7144124168514412
Water_on_Land_test_acc: 0.010903426791277258
Water_on_Water_test_acc: 0.5404984423676013
test_acc_Waterbird: 0.2757009345794392
test_acc_Landbird: 0.8567627494456763
