[CMD] /home/ryreu/miniconda3/envs/gals_a100/bin/python -u main.py --config configs/waterbirds_100_gals.yaml --name gals_waterbird_1.0_forest2water2_21050491_trial_000 DATA.ROOT=/home/ryreu/guided_cnn/waterbirds DATA.WATERBIRDS_DIR=waterbird_1.0_forest2water2 SEED=0 EXP.BASE.LR=0.0010000000000000002 EXP.CLASSIFIER.LR=9.999999999999991e-05 EXP.WEIGHT_DECAY=9.999999999999997e-06 EXP.AUX_LOSSES_ON_VAL=False EXP.LOSSES.GRADIENT_OUTSIDE.WEIGHT=10.000000000000002 EXP.NUM_EPOCHS=1
SEED: 0
DATA:
  BATCH_SIZE: 96
  NUM_WORKERS: 4
  SIZE: 224
  NORMALIZATION: imagenet
  ATTENTION_DIR: clip_rn50_attention_gradcam
  SEPARATE_CLASSES: false
  REMOVE_BACKGROUND: false
  ROOT: /home/ryreu/guided_cnn/waterbirds
  USE_CLASS_WEIGHTS: false
  USE_GROUP_WEIGHTS: false
  DATASET: waterbirds
  NUM_CLASSES: 2
  CONFOUNDING_FACTOR: 1.0
  WATERBIRDS_DIR: waterbird_1.0_forest2water2
EXP:
  NUM_TRIALS: 1
  LOSSES:
    CLASSIFICATION:
      WEIGHT: 1
    GRADIENT_OUTSIDE:
      COMPUTE: true
      LOG: false
      WEIGHT: 10.000000000000002
      CRITERION: L1
      GT: clip_rn50
      COMBINE_ATT_MODE: average_nonzero
    GRADIENT_INSIDE:
      COMPUTE: false
      LOG: false
      WEIGHT: 1
      CRITERION: L1
      GT: segmentation
      COMBINE_ATT_MODE: average_nonzero
    GRADCAM:
      COMPUTE: false
      LOG: false
      WEIGHT: 1
      CRITERION: L1
      GT: segmentation
      MODE: match
      COMBINE_ATT_MODE: average_nonzero
  APPROACH: generic
  MODEL: resnet50
  PRETRAINED: true
  NUM_EPOCHS: 1
  OPTIMIZER: SGD
  WEIGHT_DECAY: 9.999999999999997e-06
  MOMENTUM: 0.9
  SCHEDULER: NONE
  BASE:
    LR: 0.0010000000000000002
  CLASSIFIER:
    LR: 9.999999999999991e-05
  AUX_LOSSES_ON_VAL: false
LOGGING:
  SAVE_EVERY: 0
  SAVE_BEST: true
  SAVE_LAST: false
  LOG_ATTENTION: false
  LOG_ATTENTION_STEP: 10
  SAVE_STATS_PATH: null
yaml: configs/waterbirds_100_gals.yaml
name: gals_waterbird_1.0_forest2water2_21050491_trial_000
test_checkpoint: null

WATERBIRDS DIR: /home/ryreu/guided_cnn/waterbirds/waterbird_1.0_forest2water2
NUMBER OF SAMPLES WITH LABEL Landbird: 3684
NUMBER OF SAMPLES WITH LABEL Waterbird: 1111
NUMBER OF SAMPLES WITH GROUP Land_on_Land: 3684
NUMBER OF SAMPLES WITH GROUP Land_on_Water: 0
NUMBER OF SAMPLES WITH GROUP Water_on_Land: 0
NUMBER OF SAMPLES WITH GROUP Water_on_Water: 1111
WATERBIRDS DIR: /home/ryreu/guided_cnn/waterbirds/waterbird_1.0_forest2water2
NUMBER OF SAMPLES WITH LABEL Landbird: 931
NUMBER OF SAMPLES WITH LABEL Waterbird: 268
NUMBER OF SAMPLES WITH GROUP Land_on_Land: 465
NUMBER OF SAMPLES WITH GROUP Land_on_Water: 466
NUMBER OF SAMPLES WITH GROUP Water_on_Land: 134
NUMBER OF SAMPLES WITH GROUP Water_on_Water: 134
NUM TRAIN: 4795

NUM VAL:   1199

Number classifier outputs: 1
Using pretrained model: True
USING SGD OPTIMIZER
class weights: None
group weights: None
WANDB DISABLED: skipping wandb.init()
EPOCH: 0

>>> TRAINING 


  0%|          | 0/50 [00:00<?, ?it/s]
  2%|▏         | 1/50 [00:07<06:14,  7.65s/it]
  4%|▍         | 2/50 [00:08<03:02,  3.79s/it]
  6%|▌         | 3/50 [00:09<02:00,  2.56s/it]
  8%|▊         | 4/50 [00:10<01:31,  1.98s/it]
 10%|█         | 5/50 [00:12<01:15,  1.67s/it]
 12%|█▏        | 6/50 [00:13<01:04,  1.47s/it]
 14%|█▍        | 7/50 [00:14<00:57,  1.35s/it]
 16%|█▌        | 8/50 [00:15<00:53,  1.26s/it]
 18%|█▊        | 9/50 [00:16<00:49,  1.21s/it]
 20%|██        | 10/50 [00:17<00:46,  1.17s/it]
 22%|██▏       | 11/50 [00:18<00:44,  1.15s/it]
 24%|██▍       | 12/50 [00:19<00:42,  1.13s/it]
 26%|██▌       | 13/50 [00:20<00:41,  1.12s/it]
 28%|██▊       | 14/50 [00:21<00:40,  1.11s/it]
 30%|███       | 15/50 [00:22<00:38,  1.11s/it]
 32%|███▏      | 16/50 [00:24<00:37,  1.11s/it]
 34%|███▍      | 17/50 [00:25<00:36,  1.10s/it]
 36%|███▌      | 18/50 [00:26<00:35,  1.10s/it]
 38%|███▊      | 19/50 [00:27<00:34,  1.10s/it]
 40%|████      | 20/50 [00:28<00:33,  1.10s/it]
 42%|████▏     | 21/50 [00:29<00:31,  1.10s/it]
 44%|████▍     | 22/50 [00:30<00:30,  1.10s/it]
 46%|████▌     | 23/50 [00:31<00:29,  1.10s/it]
 48%|████▊     | 24/50 [00:32<00:28,  1.09s/it]
 50%|█████     | 25/50 [00:33<00:27,  1.09s/it]
 52%|█████▏    | 26/50 [00:35<00:26,  1.09s/it]
 54%|█████▍    | 27/50 [00:36<00:25,  1.09s/it]
 56%|█████▌    | 28/50 [00:37<00:24,  1.09s/it]
 58%|█████▊    | 29/50 [00:38<00:22,  1.09s/it]
 60%|██████    | 30/50 [00:39<00:21,  1.09s/it]
 62%|██████▏   | 31/50 [00:40<00:20,  1.10s/it]
 64%|██████▍   | 32/50 [00:41<00:19,  1.10s/it]
 66%|██████▌   | 33/50 [00:42<00:18,  1.10s/it]
 68%|██████▊   | 34/50 [00:43<00:17,  1.10s/it]
 70%|███████   | 35/50 [00:44<00:16,  1.09s/it]
 72%|███████▏  | 36/50 [00:45<00:15,  1.09s/it]
 74%|███████▍  | 37/50 [00:47<00:14,  1.09s/it]
 76%|███████▌  | 38/50 [00:48<00:13,  1.09s/it]
 78%|███████▊  | 39/50 [00:49<00:11,  1.09s/it]
 80%|████████  | 40/50 [00:50<00:10,  1.09s/it]
 82%|████████▏ | 41/50 [00:51<00:09,  1.09s/it]
 84%|████████▍ | 42/50 [00:52<00:08,  1.09s/it]
 86%|████████▌ | 43/50 [00:53<00:07,  1.09s/it]
 88%|████████▊ | 44/50 [00:54<00:06,  1.09s/it]
 90%|█████████ | 45/50 [00:55<00:05,  1.09s/it]
 92%|█████████▏| 46/50 [00:56<00:04,  1.09s/it]
 94%|█████████▍| 47/50 [00:57<00:03,  1.09s/it]
 96%|█████████▌| 48/50 [00:59<00:02,  1.09s/it]
 98%|█████████▊| 49/50 [01:00<00:01,  1.09s/it]
100%|██████████| 50/50 [01:01<00:00,  1.09s/it]
100%|██████████| 50/50 [01:01<00:00,  1.23s/it]
>>> VALIDATING 


  0%|          | 0/13 [00:00<?, ?it/s]
  8%|▊         | 1/13 [00:02<00:35,  2.98s/it]
 15%|█▌        | 2/13 [00:03<00:15,  1.44s/it]
 31%|███       | 4/13 [00:03<00:05,  1.70it/s]
 38%|███▊      | 5/13 [00:05<00:09,  1.14s/it]
 46%|████▌     | 6/13 [00:06<00:06,  1.08it/s]
 62%|██████▏   | 8/13 [00:06<00:02,  1.89it/s]
 69%|██████▉   | 9/13 [00:09<00:04,  1.06s/it]
 77%|███████▋  | 10/13 [00:09<00:02,  1.04it/s]
 92%|█████████▏| 12/13 [00:09<00:00,  1.72it/s]
100%|██████████| 13/13 [00:10<00:00,  1.65it/s]
100%|██████████| 13/13 [00:10<00:00,  1.21it/s]
>>> LOGGING 

BALANCED ACCS CHECKED FOR TRAIN
BALANCED ACCS CHECKED FOR VAL
train_acc: 0.7293013555787279
val_acc: 0.6847372810675563
train_cls_loss: 0.47433366599619947
val_cls_loss: 0.5664852829502462
train_total_loss: 0.4743643726124132
val_total_loss: 0.5664852829502462
balanced_train_acc: 0.6122934361840093
balanced_val_acc: 0.5711279798643731
Land_on_Land_train_acc: 0.8303474484256244
Land_on_Land_val_acc: 0.9956989247311828
Land_on_Water_train_acc: 0
Land_on_Water_val_acc: 0.5579399141630901
Water_on_Land_train_acc: 0
Water_on_Land_val_acc: 0.03731343283582089
Water_on_Water_train_acc: 0.39423942394239425
Water_on_Water_val_acc: 0.6940298507462687
train_dydx_outside_clip_rn50_loss: 3.070446202990381e-05
train_acc_Landbird: 0.8303474484256244
train_acc_Waterbird: 0.39423942394239425
val_acc_Landbird: 0.7765843179377014
val_acc_Waterbird: 0.3656716417910448
TRAIN ACC:        0.7293013555787279
VAL ACC:          0.6847372810675563
BALANCED VAL ACC: 0.5711279798643731
prev best list: []
Saving to trained_weights/waterbirds/gals_waterbird_1.0_forest2water2_21050491_trial_000/best_balanced_valacc_0.57_epoch_0.ckpt
>>> EVALUATING ON TEST SET
WATERBIRDS DIR: /home/ryreu/guided_cnn/waterbirds/waterbird_1.0_forest2water2
NUMBER OF SAMPLES WITH LABEL Landbird: 4510
NUMBER OF SAMPLES WITH LABEL Waterbird: 1284
NUMBER OF SAMPLES WITH GROUP Land_on_Land: 2255
NUMBER OF SAMPLES WITH GROUP Land_on_Water: 2255
NUMBER OF SAMPLES WITH GROUP Water_on_Land: 642
NUMBER OF SAMPLES WITH GROUP Water_on_Water: 642
NUM TEST:   5794

Loaded checkpoint trained_weights/waterbirds/gals_waterbird_1.0_forest2water2_21050491_trial_000/best_balanced_valacc_0.57_epoch_0.ckpt

  0%|          | 0/5794 [00:00<?, ?it/s]
  0%|          | 1/5794 [00:00<25:15,  3.82it/s]
  0%|          | 9/5794 [00:00<03:16, 29.38it/s]
  0%|          | 17/5794 [00:00<02:10, 44.34it/s]
  0%|          | 25/5794 [00:00<01:49, 52.78it/s]
  1%|          | 33/5794 [00:00<01:37, 58.83it/s]
  1%|          | 40/5794 [00:00<01:35, 60.32it/s]
  1%|          | 47/5794 [00:00<01:33, 61.19it/s]
  1%|          | 54/5794 [00:01<01:33, 61.47it/s]
  1%|          | 61/5794 [00:01<01:32, 62.05it/s]
  1%|          | 68/5794 [00:01<01:31, 62.80it/s]
  1%|▏         | 75/5794 [00:01<01:31, 62.72it/s]
  1%|▏         | 82/5794 [00:01<01:30, 63.06it/s]
  2%|▏         | 89/5794 [00:01<01:30, 63.12it/s]
  2%|▏         | 96/5794 [00:01<01:30, 63.18it/s]
  2%|▏         | 103/5794 [00:01<01:30, 63.01it/s]
  2%|▏         | 110/5794 [00:01<01:30, 63.11it/s]
  2%|▏         | 117/5794 [00:02<01:29, 63.14it/s]
  2%|▏         | 124/5794 [00:02<01:30, 62.44it/s]
  2%|▏         | 131/5794 [00:02<01:30, 62.87it/s]
  2%|▏         | 138/5794 [00:02<01:29, 62.97it/s]
  3%|▎         | 145/5794 [00:02<01:30, 62.61it/s]
  3%|▎         | 152/5794 [00:02<01:30, 62.56it/s]
  3%|▎         | 159/5794 [00:02<01:29, 62.97it/s]
  3%|▎         | 166/5794 [00:02<01:29, 62.82it/s]
  3%|▎         | 173/5794 [00:02<01:29, 62.50it/s]
  3%|▎         | 180/5794 [00:03<01:29, 62.78it/s]
  3%|▎         | 187/5794 [00:03<01:29, 62.80it/s]
  3%|▎         | 194/5794 [00:03<01:29, 62.64it/s]
  3%|▎         | 201/5794 [00:03<01:29, 62.56it/s]
  4%|▎         | 208/5794 [00:03<01:28, 63.01it/s]
  4%|▎         | 216/5794 [00:03<01:25, 65.56it/s]
  4%|▍         | 224/5794 [00:03<01:22, 67.31it/s]
  4%|▍         | 232/5794 [00:03<01:21, 68.26it/s]
  4%|▍         | 240/5794 [00:03<01:19, 69.48it/s]
  4%|▍         | 248/5794 [00:04<01:19, 70.19it/s]
  4%|▍         | 256/5794 [00:04<01:18, 70.68it/s]
  5%|▍         | 264/5794 [00:04<01:18, 70.68it/s]
  5%|▍         | 272/5794 [00:04<01:17, 70.87it/s]
  5%|▍         | 280/5794 [00:04<01:17, 70.85it/s]
  5%|▍         | 288/5794 [00:04<01:17, 70.73it/s]
  5%|▌         | 296/5794 [00:04<01:17, 71.26it/s]
  5%|▌         | 304/5794 [00:04<01:16, 71.43it/s]
  5%|▌         | 312/5794 [00:04<01:16, 71.31it/s]
  6%|▌         | 320/5794 [00:05<01:16, 71.38it/s]
  6%|▌         | 328/5794 [00:05<01:16, 71.04it/s]
  6%|▌         | 336/5794 [00:05<01:16, 71.53it/s]
  6%|▌         | 344/5794 [00:05<01:17, 70.69it/s]
  6%|▌         | 352/5794 [00:05<01:16, 71.11it/s]
  6%|▌         | 360/5794 [00:05<01:16, 70.69it/s]
  6%|▋         | 368/5794 [00:05<01:15, 71.42it/s]
  6%|▋         | 376/5794 [00:05<01:16, 71.29it/s]
  7%|▋         | 384/5794 [00:05<01:15, 71.32it/s]
  7%|▋         | 392/5794 [00:06<01:15, 71.19it/s]
  7%|▋         | 400/5794 [00:06<01:16, 70.71it/s]
  7%|▋         | 408/5794 [00:06<01:15, 71.23it/s]
  7%|▋         | 416/5794 [00:06<01:15, 71.17it/s]
  7%|▋         | 424/5794 [00:06<01:15, 71.19it/s]
  7%|▋         | 432/5794 [00:06<01:15, 71.49it/s]
  8%|▊         | 440/5794 [00:06<01:15, 71.30it/s]
  8%|▊         | 448/5794 [00:06<01:15, 70.90it/s]
  8%|▊         | 456/5794 [00:06<01:14, 71.56it/s]
  8%|▊         | 464/5794 [00:07<01:14, 71.16it/s]
  8%|▊         | 472/5794 [00:07<01:14, 71.60it/s]
  8%|▊         | 480/5794 [00:07<01:14, 71.51it/s]
  8%|▊         | 488/5794 [00:07<01:14, 71.58it/s]
  9%|▊         | 496/5794 [00:07<01:14, 71.10it/s]
  9%|▊         | 504/5794 [00:07<01:13, 71.55it/s]
  9%|▉         | 512/5794 [00:07<01:18, 67.06it/s]
  9%|▉         | 520/5794 [00:07<01:16, 68.72it/s]
  9%|▉         | 527/5794 [00:08<01:18, 67.24it/s]
  9%|▉         | 535/5794 [00:08<01:16, 68.85it/s]
  9%|▉         | 543/5794 [00:08<01:15, 69.10it/s]
 10%|▉         | 551/5794 [00:08<01:15, 69.89it/s]
 10%|▉         | 559/5794 [00:08<01:14, 70.07it/s]
 10%|▉         | 567/5794 [00:08<01:13, 70.68it/s]
 10%|▉         | 575/5794 [00:08<01:13, 70.74it/s]
 10%|█         | 583/5794 [00:08<01:13, 71.01it/s]
 10%|█         | 591/5794 [00:08<01:13, 70.58it/s]
 10%|█         | 599/5794 [00:09<01:13, 70.89it/s]
 10%|█         | 607/5794 [00:09<01:13, 70.95it/s]
 11%|█         | 615/5794 [00:09<01:12, 71.08it/s]
 11%|█         | 623/5794 [00:09<01:18, 65.66it/s]
 11%|█         | 631/5794 [00:09<01:16, 67.60it/s]
 11%|█         | 639/5794 [00:09<01:15, 68.50it/s]
 11%|█         | 646/5794 [00:09<01:17, 66.13it/s]
 11%|█▏        | 654/5794 [00:09<01:15, 68.01it/s]
 11%|█▏        | 662/5794 [00:09<01:14, 69.11it/s]
 12%|█▏        | 670/5794 [00:10<01:13, 69.83it/s]
 12%|█▏        | 678/5794 [00:10<01:22, 61.74it/s]
 12%|█▏        | 685/5794 [00:10<01:20, 63.68it/s]
 12%|█▏        | 693/5794 [00:10<01:17, 65.99it/s]
 12%|█▏        | 700/5794 [00:10<01:18, 65.13it/s]
 12%|█▏        | 707/5794 [00:10<01:18, 64.47it/s]
 12%|█▏        | 714/5794 [00:10<01:19, 64.30it/s]
 12%|█▏        | 721/5794 [00:10<01:19, 63.85it/s]
 13%|█▎        | 728/5794 [00:10<01:21, 62.42it/s]
 13%|█▎        | 735/5794 [00:11<01:19, 63.77it/s]
 13%|█▎        | 742/5794 [00:11<01:19, 63.78it/s]
 13%|█▎        | 749/5794 [00:11<01:18, 64.45it/s]
 13%|█▎        | 757/5794 [00:11<01:15, 66.81it/s]
 13%|█▎        | 764/5794 [00:11<01:16, 65.87it/s]
 13%|█▎        | 771/5794 [00:11<01:17, 64.96it/s]
 13%|█▎        | 778/5794 [00:11<01:17, 64.32it/s]
 14%|█▎        | 785/5794 [00:11<01:18, 64.12it/s]
 14%|█▎        | 792/5794 [00:11<01:16, 65.05it/s]
 14%|█▍        | 799/5794 [00:12<01:15, 66.38it/s]
 14%|█▍        | 806/5794 [00:12<01:16, 64.96it/s]
 14%|█▍        | 813/5794 [00:12<01:17, 64.08it/s]
 14%|█▍        | 821/5794 [00:12<01:15, 66.19it/s]
 14%|█▍        | 829/5794 [00:12<01:12, 68.28it/s]
 14%|█▍        | 837/5794 [00:12<01:11, 69.56it/s]
 15%|█▍        | 845/5794 [00:12<01:10, 70.32it/s]
 15%|█▍        | 853/5794 [00:12<01:10, 70.52it/s]
 15%|█▍        | 861/5794 [00:12<01:11, 69.42it/s]
 15%|█▍        | 868/5794 [00:13<01:13, 67.24it/s]
 15%|█▌        | 875/5794 [00:13<01:14, 65.93it/s]
 15%|█▌        | 882/5794 [00:13<01:15, 65.24it/s]
 15%|█▌        | 889/5794 [00:13<01:16, 64.51it/s]
 15%|█▌        | 896/5794 [00:13<01:22, 59.16it/s]
 16%|█▌        | 903/5794 [00:13<01:20, 60.87it/s]
 16%|█▌        | 910/5794 [00:13<01:18, 62.60it/s]
 16%|█▌        | 917/5794 [00:13<01:18, 62.50it/s]
 16%|█▌        | 924/5794 [00:13<01:17, 62.86it/s]
 16%|█▌        | 931/5794 [00:14<01:17, 62.88it/s]
 16%|█▌        | 938/5794 [00:14<01:17, 62.78it/s]
 16%|█▋        | 946/5794 [00:14<01:13, 65.74it/s]
 16%|█▋        | 953/5794 [00:14<01:12, 66.82it/s]
 17%|█▋        | 961/5794 [00:14<01:10, 68.40it/s]
 17%|█▋        | 969/5794 [00:14<01:08, 70.10it/s]
 17%|█▋        | 977/5794 [00:14<01:07, 70.84it/s]
 17%|█▋        | 985/5794 [00:14<01:07, 71.34it/s]
 17%|█▋        | 993/5794 [00:14<01:06, 71.82it/s]
 17%|█▋        | 1001/5794 [00:15<01:06, 71.75it/s]
 17%|█▋        | 1009/5794 [00:15<01:06, 72.27it/s]
 18%|█▊        | 1017/5794 [00:15<01:07, 70.68it/s]
 18%|█▊        | 1025/5794 [00:15<01:10, 68.11it/s]
 18%|█▊        | 1032/5794 [00:15<01:11, 67.07it/s]
 18%|█▊        | 1039/5794 [00:15<01:12, 65.99it/s]
 18%|█▊        | 1046/5794 [00:15<01:12, 65.36it/s]
 18%|█▊        | 1053/5794 [00:15<01:13, 64.63it/s]
 18%|█▊        | 1060/5794 [00:15<01:14, 63.67it/s]
 18%|█▊        | 1067/5794 [00:16<01:13, 64.15it/s]
 19%|█▊        | 1074/5794 [00:16<01:12, 64.80it/s]
 19%|█▊        | 1082/5794 [00:16<01:10, 66.61it/s]
 19%|█▉        | 1090/5794 [00:16<01:08, 68.33it/s]
 19%|█▉        | 1098/5794 [00:16<01:08, 68.90it/s]
 19%|█▉        | 1106/5794 [00:16<01:06, 70.05it/s]
 19%|█▉        | 1114/5794 [00:16<01:06, 70.70it/s]
 19%|█▉        | 1122/5794 [00:16<01:06, 70.44it/s]
 20%|█▉        | 1130/5794 [00:16<01:05, 71.25it/s]
 20%|█▉        | 1138/5794 [00:17<01:05, 71.02it/s]
 20%|█▉        | 1146/5794 [00:17<01:05, 70.98it/s]
 20%|█▉        | 1154/5794 [00:17<01:04, 71.62it/s]
 20%|██        | 1162/5794 [00:17<01:04, 71.52it/s]
 20%|██        | 1170/5794 [00:17<01:04, 71.48it/s]
 20%|██        | 1178/5794 [00:17<01:04, 71.65it/s]
 20%|██        | 1186/5794 [00:17<01:05, 70.86it/s]
 21%|██        | 1194/5794 [00:17<01:04, 71.60it/s]
 21%|██        | 1202/5794 [00:17<01:04, 71.54it/s]
 21%|██        | 1210/5794 [00:18<01:04, 71.14it/s]
 21%|██        | 1218/5794 [00:18<01:04, 71.31it/s]
 21%|██        | 1226/5794 [00:18<01:04, 70.38it/s]
 21%|██▏       | 1234/5794 [00:18<01:03, 71.72it/s]
 21%|██▏       | 1242/5794 [00:18<01:03, 72.14it/s]
 22%|██▏       | 1250/5794 [00:18<01:03, 72.00it/s]
 22%|██▏       | 1258/5794 [00:18<01:03, 71.21it/s]
 22%|██▏       | 1266/5794 [00:18<01:03, 71.86it/s]
 22%|██▏       | 1274/5794 [00:19<01:02, 71.89it/s]
 22%|██▏       | 1282/5794 [00:19<01:02, 71.76it/s]
 22%|██▏       | 1290/5794 [00:19<01:02, 71.64it/s]
 22%|██▏       | 1298/5794 [00:19<01:02, 71.43it/s]
 23%|██▎       | 1306/5794 [00:19<01:03, 71.06it/s]
 23%|██▎       | 1314/5794 [00:19<01:02, 71.36it/s]
 23%|██▎       | 1322/5794 [00:19<01:03, 70.77it/s]
 23%|██▎       | 1330/5794 [00:19<01:03, 70.47it/s]
 23%|██▎       | 1338/5794 [00:19<01:03, 70.09it/s]
 23%|██▎       | 1346/5794 [00:20<01:02, 71.13it/s]
 23%|██▎       | 1354/5794 [00:20<01:03, 70.31it/s]
 24%|██▎       | 1362/5794 [00:20<01:04, 68.93it/s]
 24%|██▎       | 1369/5794 [00:20<01:05, 67.40it/s]
 24%|██▎       | 1376/5794 [00:20<01:07, 65.80it/s]
 24%|██▍       | 1383/5794 [00:20<01:07, 65.59it/s]
 24%|██▍       | 1390/5794 [00:20<01:08, 64.47it/s]
 24%|██▍       | 1397/5794 [00:20<01:08, 64.42it/s]
 24%|██▍       | 1404/5794 [00:20<01:08, 63.74it/s]
 24%|██▍       | 1411/5794 [00:21<01:08, 63.62it/s]
 24%|██▍       | 1418/5794 [00:21<01:08, 63.45it/s]
 25%|██▍       | 1425/5794 [00:21<01:09, 62.95it/s]
 25%|██▍       | 1432/5794 [00:21<01:08, 63.42it/s]
 25%|██▍       | 1439/5794 [00:21<01:08, 63.50it/s]
 25%|██▍       | 1446/5794 [00:21<01:08, 63.08it/s]
 25%|██▌       | 1453/5794 [00:21<01:08, 63.21it/s]
 25%|██▌       | 1460/5794 [00:21<01:09, 62.62it/s]
 25%|██▌       | 1467/5794 [00:21<01:08, 63.32it/s]
 25%|██▌       | 1474/5794 [00:22<01:08, 63.39it/s]
 26%|██▌       | 1481/5794 [00:22<01:08, 62.86it/s]
 26%|██▌       | 1488/5794 [00:22<01:07, 63.37it/s]
 26%|██▌       | 1495/5794 [00:22<01:08, 62.71it/s]
 26%|██▌       | 1502/5794 [00:22<01:07, 63.35it/s]
 26%|██▌       | 1509/5794 [00:22<01:07, 63.54it/s]
 26%|██▌       | 1516/5794 [00:22<01:07, 63.23it/s]
 26%|██▋       | 1523/5794 [00:22<01:10, 60.93it/s]
 26%|██▋       | 1530/5794 [00:22<01:09, 60.97it/s]
 27%|██▋       | 1537/5794 [00:23<01:08, 62.50it/s]
 27%|██▋       | 1544/5794 [00:23<01:08, 62.44it/s]
 27%|██▋       | 1551/5794 [00:23<01:06, 63.95it/s]
 27%|██▋       | 1558/5794 [00:23<01:04, 65.53it/s]
 27%|██▋       | 1566/5794 [00:23<01:02, 67.67it/s]
 27%|██▋       | 1574/5794 [00:23<01:01, 68.90it/s]
 27%|██▋       | 1581/5794 [00:23<01:01, 69.01it/s]
 27%|██▋       | 1589/5794 [00:23<01:00, 69.82it/s]
 28%|██▊       | 1596/5794 [00:23<01:00, 69.79it/s]
 28%|██▊       | 1604/5794 [00:24<01:00, 69.67it/s]
 28%|██▊       | 1612/5794 [00:24<00:59, 70.78it/s]
 28%|██▊       | 1620/5794 [00:24<00:58, 71.02it/s]
 28%|██▊       | 1628/5794 [00:24<00:58, 70.94it/s]
 28%|██▊       | 1636/5794 [00:24<00:59, 70.09it/s]
 28%|██▊       | 1644/5794 [00:24<00:58, 70.71it/s]
 29%|██▊       | 1652/5794 [00:24<00:58, 71.05it/s]
 29%|██▊       | 1660/5794 [00:24<00:58, 70.43it/s]
 29%|██▉       | 1668/5794 [00:24<00:57, 71.34it/s]
 29%|██▉       | 1676/5794 [00:25<00:57, 71.41it/s]
 29%|██▉       | 1684/5794 [00:25<00:57, 71.54it/s]
 29%|██▉       | 1692/5794 [00:25<00:57, 71.15it/s]
 29%|██▉       | 1700/5794 [00:25<00:57, 71.76it/s]
 29%|██▉       | 1708/5794 [00:25<00:57, 71.31it/s]
 30%|██▉       | 1716/5794 [00:25<00:57, 71.26it/s]
 30%|██▉       | 1724/5794 [00:25<00:57, 71.34it/s]
 30%|██▉       | 1732/5794 [00:25<00:56, 71.33it/s]
 30%|███       | 1740/5794 [00:25<01:00, 66.74it/s]
 30%|███       | 1747/5794 [00:26<01:01, 66.29it/s]
 30%|███       | 1754/5794 [00:26<01:02, 64.69it/s]
 30%|███       | 1761/5794 [00:26<01:02, 64.94it/s]
 31%|███       | 1768/5794 [00:26<01:02, 64.30it/s]
 31%|███       | 1776/5794 [00:26<01:01, 65.15it/s]
 31%|███       | 1783/5794 [00:26<01:02, 64.67it/s]
 31%|███       | 1790/5794 [00:26<01:02, 64.26it/s]
 31%|███       | 1797/5794 [00:26<01:02, 63.71it/s]
 31%|███       | 1804/5794 [00:26<01:02, 63.51it/s]
 31%|███▏      | 1811/5794 [00:27<01:03, 62.92it/s]
 31%|███▏      | 1818/5794 [00:27<01:03, 63.02it/s]
 31%|███▏      | 1825/5794 [00:27<01:03, 62.55it/s]
 32%|███▏      | 1832/5794 [00:27<01:02, 63.88it/s]
 32%|███▏      | 1840/5794 [00:27<01:00, 65.61it/s]
 32%|███▏      | 1848/5794 [00:27<00:58, 67.33it/s]
 32%|███▏      | 1856/5794 [00:27<00:57, 68.17it/s]
 32%|███▏      | 1863/5794 [00:27<00:57, 68.65it/s]
 32%|███▏      | 1871/5794 [00:27<00:56, 69.81it/s]
 32%|███▏      | 1879/5794 [00:28<00:55, 70.14it/s]
 33%|███▎      | 1887/5794 [00:28<00:55, 70.23it/s]
 33%|███▎      | 1895/5794 [00:28<00:55, 70.59it/s]
 33%|███▎      | 1903/5794 [00:28<00:54, 70.88it/s]
 33%|███▎      | 1911/5794 [00:28<00:54, 70.67it/s]
 33%|███▎      | 1919/5794 [00:28<00:55, 70.42it/s]
 33%|███▎      | 1927/5794 [00:28<00:55, 70.30it/s]
 33%|███▎      | 1935/5794 [00:28<00:54, 70.53it/s]
 34%|███▎      | 1943/5794 [00:28<00:55, 70.01it/s]
 34%|███▎      | 1951/5794 [00:29<00:54, 71.01it/s]
 34%|███▍      | 1959/5794 [00:29<00:54, 70.80it/s]
 34%|███▍      | 1967/5794 [00:29<00:54, 70.44it/s]
 34%|███▍      | 1975/5794 [00:29<00:53, 70.85it/s]
 34%|███▍      | 1983/5794 [00:29<00:53, 70.76it/s]
 34%|███▍      | 1991/5794 [00:29<00:53, 70.61it/s]
 35%|███▍      | 1999/5794 [00:29<00:53, 70.31it/s]
 35%|███▍      | 2007/5794 [00:29<00:53, 70.61it/s]
 35%|███▍      | 2015/5794 [00:29<00:53, 70.10it/s]
 35%|███▍      | 2023/5794 [00:30<00:53, 70.14it/s]
 35%|███▌      | 2031/5794 [00:30<00:53, 70.86it/s]
 35%|███▌      | 2039/5794 [00:30<00:53, 70.35it/s]
 35%|███▌      | 2047/5794 [00:30<00:53, 69.89it/s]
 35%|███▌      | 2055/5794 [00:30<00:53, 70.30it/s]
 36%|███▌      | 2063/5794 [00:30<00:53, 70.32it/s]
 36%|███▌      | 2071/5794 [00:30<00:53, 70.15it/s]
 36%|███▌      | 2079/5794 [00:30<00:52, 70.27it/s]
 36%|███▌      | 2087/5794 [00:31<00:53, 69.36it/s]
 36%|███▌      | 2095/5794 [00:31<00:52, 70.10it/s]
 36%|███▋      | 2103/5794 [00:31<00:52, 70.20it/s]
 36%|███▋      | 2111/5794 [00:31<00:53, 69.48it/s]
 37%|███▋      | 2119/5794 [00:31<00:52, 70.60it/s]
 37%|███▋      | 2127/5794 [00:31<00:52, 70.32it/s]
 37%|███▋      | 2135/5794 [00:31<00:52, 70.00it/s]
 37%|███▋      | 2143/5794 [00:31<00:52, 69.94it/s]
 37%|███▋      | 2150/5794 [00:31<00:52, 69.38it/s]
 37%|███▋      | 2158/5794 [00:32<00:52, 69.69it/s]
 37%|███▋      | 2166/5794 [00:32<00:51, 70.73it/s]
 38%|███▊      | 2174/5794 [00:32<00:51, 69.99it/s]
 38%|███▊      | 2182/5794 [00:32<01:05, 55.04it/s]
 38%|███▊      | 2190/5794 [00:32<01:00, 59.63it/s]
 38%|███▊      | 2198/5794 [00:32<00:57, 62.34it/s]
 38%|███▊      | 2205/5794 [00:32<01:02, 57.52it/s]
 38%|███▊      | 2213/5794 [00:32<00:59, 60.56it/s]
 38%|███▊      | 2220/5794 [00:33<00:58, 60.76it/s]
 38%|███▊      | 2227/5794 [00:33<00:57, 61.77it/s]
 39%|███▊      | 2234/5794 [00:33<00:58, 61.27it/s]
 39%|███▊      | 2241/5794 [00:33<00:57, 62.17it/s]
 39%|███▉      | 2248/5794 [00:33<00:55, 63.57it/s]
 39%|███▉      | 2256/5794 [00:33<00:53, 65.67it/s]
 39%|███▉      | 2263/5794 [00:33<00:53, 65.54it/s]
 39%|███▉      | 2271/5794 [00:33<00:51, 68.19it/s]
 39%|███▉      | 2278/5794 [00:33<00:51, 68.47it/s]
 39%|███▉      | 2285/5794 [00:34<00:50, 68.87it/s]
 40%|███▉      | 2292/5794 [00:34<01:04, 54.04it/s]
 40%|███▉      | 2300/5794 [00:34<00:59, 58.94it/s]
 40%|███▉      | 2307/5794 [00:34<00:56, 61.70it/s]
 40%|███▉      | 2314/5794 [00:34<00:54, 63.86it/s]
 40%|████      | 2322/5794 [00:34<00:52, 66.22it/s]
 40%|████      | 2329/5794 [00:34<00:51, 67.06it/s]
 40%|████      | 2337/5794 [00:34<00:50, 68.53it/s]
 40%|████      | 2345/5794 [00:34<00:50, 68.91it/s]
 41%|████      | 2353/5794 [00:35<00:48, 70.55it/s]
 41%|████      | 2361/5794 [00:35<00:48, 70.38it/s]
 41%|████      | 2369/5794 [00:35<00:48, 71.00it/s]
 41%|████      | 2377/5794 [00:35<00:48, 71.01it/s]
 41%|████      | 2385/5794 [00:35<00:47, 71.59it/s]
 41%|████▏     | 2393/5794 [00:35<00:47, 71.45it/s]
 41%|████▏     | 2401/5794 [00:35<00:47, 71.63it/s]
 42%|████▏     | 2409/5794 [00:35<00:47, 70.67it/s]
 42%|████▏     | 2417/5794 [00:35<00:46, 71.86it/s]
 42%|████▏     | 2425/5794 [00:36<00:46, 71.98it/s]
 42%|████▏     | 2433/5794 [00:36<00:46, 71.92it/s]
 42%|████▏     | 2441/5794 [00:36<00:47, 71.32it/s]
 42%|████▏     | 2449/5794 [00:36<00:46, 71.38it/s]
 42%|████▏     | 2457/5794 [00:36<00:46, 71.10it/s]
 43%|████▎     | 2465/5794 [00:36<00:47, 70.68it/s]
 43%|████▎     | 2473/5794 [00:36<00:47, 70.52it/s]
 43%|████▎     | 2481/5794 [00:36<00:47, 69.87it/s]
 43%|████▎     | 2489/5794 [00:36<00:46, 70.36it/s]
 43%|████▎     | 2497/5794 [00:37<00:47, 70.07it/s]
 43%|████▎     | 2505/5794 [00:37<00:46, 70.18it/s]
 43%|████▎     | 2513/5794 [00:37<00:46, 70.01it/s]
 44%|████▎     | 2521/5794 [00:37<00:46, 69.94it/s]
 44%|████▎     | 2528/5794 [00:37<00:46, 69.66it/s]
 44%|████▍     | 2536/5794 [00:37<00:47, 69.18it/s]
 44%|████▍     | 2544/5794 [00:37<00:46, 69.43it/s]
 44%|████▍     | 2552/5794 [00:37<00:46, 69.83it/s]
 44%|████▍     | 2559/5794 [00:38<00:46, 69.86it/s]
 44%|████▍     | 2566/5794 [00:38<00:46, 69.73it/s]
 44%|████▍     | 2574/5794 [00:38<00:46, 69.92it/s]
 45%|████▍     | 2582/5794 [00:38<00:46, 69.76it/s]
 45%|████▍     | 2590/5794 [00:38<00:45, 70.39it/s]
 45%|████▍     | 2598/5794 [00:38<00:45, 70.01it/s]
 45%|████▍     | 2606/5794 [00:38<00:49, 64.43it/s]
 45%|████▌     | 2614/5794 [00:38<00:48, 65.75it/s]
 45%|████▌     | 2622/5794 [00:38<00:47, 67.23it/s]
 45%|████▌     | 2629/5794 [00:39<00:46, 67.63it/s]
 45%|████▌     | 2636/5794 [00:39<00:47, 66.15it/s]
 46%|████▌     | 2643/5794 [00:39<00:48, 64.64it/s]
 46%|████▌     | 2650/5794 [00:39<00:48, 64.37it/s]
 46%|████▌     | 2657/5794 [00:39<00:49, 63.43it/s]
 46%|████▌     | 2664/5794 [00:39<00:49, 63.23it/s]
 46%|████▌     | 2671/5794 [00:39<00:49, 63.04it/s]
 46%|████▌     | 2678/5794 [00:39<00:50, 62.16it/s]
 46%|████▋     | 2685/5794 [00:39<00:49, 63.01it/s]
 46%|████▋     | 2692/5794 [00:40<00:49, 62.79it/s]
 47%|████▋     | 2699/5794 [00:40<00:49, 62.87it/s]
 47%|████▋     | 2706/5794 [00:40<00:49, 62.73it/s]
 47%|████▋     | 2713/5794 [00:40<00:49, 62.46it/s]
 47%|████▋     | 2720/5794 [00:40<00:49, 62.54it/s]
 47%|████▋     | 2727/5794 [00:40<00:49, 62.49it/s]
 47%|████▋     | 2734/5794 [00:40<00:49, 62.44it/s]
 47%|████▋     | 2741/5794 [00:40<00:48, 62.33it/s]
 47%|████▋     | 2748/5794 [00:40<00:48, 62.50it/s]
 48%|████▊     | 2755/5794 [00:41<00:48, 62.67it/s]
 48%|████▊     | 2762/5794 [00:41<00:48, 62.04it/s]
 48%|████▊     | 2769/5794 [00:41<00:48, 62.69it/s]
 48%|████▊     | 2776/5794 [00:41<00:48, 62.21it/s]
 48%|████▊     | 2783/5794 [00:41<00:48, 62.62it/s]
 48%|████▊     | 2790/5794 [00:41<00:48, 62.48it/s]
 48%|████▊     | 2797/5794 [00:41<00:47, 62.46it/s]
 48%|████▊     | 2804/5794 [00:41<00:47, 62.57it/s]
 49%|████▊     | 2811/5794 [00:41<00:47, 62.53it/s]
 49%|████▊     | 2818/5794 [00:42<00:47, 62.58it/s]
 49%|████▉     | 2825/5794 [00:42<00:47, 62.19it/s]
 49%|████▉     | 2832/5794 [00:42<00:47, 62.38it/s]
 49%|████▉     | 2839/5794 [00:42<00:47, 62.50it/s]
 49%|████▉     | 2846/5794 [00:42<00:47, 62.39it/s]
 49%|████▉     | 2853/5794 [00:42<00:47, 62.54it/s]
 49%|████▉     | 2860/5794 [00:42<00:47, 61.68it/s]
 49%|████▉     | 2867/5794 [00:42<00:48, 60.42it/s]
 50%|████▉     | 2874/5794 [00:42<00:47, 61.46it/s]
 50%|████▉     | 2881/5794 [00:43<00:47, 61.66it/s]
 50%|████▉     | 2888/5794 [00:43<00:46, 62.07it/s]
 50%|████▉     | 2895/5794 [00:43<00:46, 62.19it/s]
 50%|█████     | 2902/5794 [00:43<00:46, 62.43it/s]
 50%|█████     | 2909/5794 [00:43<00:46, 61.77it/s]
 50%|█████     | 2916/5794 [00:43<00:45, 62.71it/s]
 50%|█████     | 2923/5794 [00:43<00:45, 62.49it/s]
 51%|█████     | 2930/5794 [00:43<00:45, 62.56it/s]
 51%|█████     | 2937/5794 [00:43<00:45, 62.17it/s]
 51%|█████     | 2944/5794 [00:44<00:45, 62.16it/s]
 51%|█████     | 2951/5794 [00:44<00:45, 62.56it/s]
 51%|█████     | 2958/5794 [00:44<00:45, 62.61it/s]
 51%|█████     | 2965/5794 [00:44<00:45, 61.95it/s]
 51%|█████▏    | 2972/5794 [00:44<00:45, 61.79it/s]
 51%|█████▏    | 2979/5794 [00:44<00:45, 61.73it/s]
 52%|█████▏    | 2986/5794 [00:44<00:45, 62.40it/s]
 52%|█████▏    | 2993/5794 [00:44<00:44, 62.38it/s]
 52%|█████▏    | 3000/5794 [00:44<00:44, 62.51it/s]
 52%|█████▏    | 3007/5794 [00:45<00:44, 62.65it/s]
 52%|█████▏    | 3014/5794 [00:45<00:44, 62.85it/s]
 52%|█████▏    | 3021/5794 [00:45<00:44, 62.53it/s]
 52%|█████▏    | 3028/5794 [00:45<00:44, 62.56it/s]
 52%|█████▏    | 3035/5794 [00:45<00:44, 62.68it/s]
 53%|█████▎    | 3042/5794 [00:45<00:43, 62.61it/s]
 53%|█████▎    | 3049/5794 [00:45<00:43, 62.56it/s]
 53%|█████▎    | 3056/5794 [00:45<00:44, 62.18it/s]
 53%|█████▎    | 3063/5794 [00:45<00:43, 62.66it/s]
 53%|█████▎    | 3070/5794 [00:46<00:43, 62.68it/s]
 53%|█████▎    | 3077/5794 [00:46<00:43, 62.36it/s]
 53%|█████▎    | 3084/5794 [00:46<00:43, 62.58it/s]
 53%|█████▎    | 3091/5794 [00:46<00:43, 62.12it/s]
 53%|█████▎    | 3098/5794 [00:46<00:43, 62.56it/s]
 54%|█████▎    | 3105/5794 [00:46<00:43, 62.48it/s]
 54%|█████▎    | 3112/5794 [00:46<00:43, 62.24it/s]
 54%|█████▍    | 3119/5794 [00:46<00:42, 62.75it/s]
 54%|█████▍    | 3126/5794 [00:47<00:42, 62.63it/s]
 54%|█████▍    | 3133/5794 [00:47<00:42, 62.66it/s]
 54%|█████▍    | 3140/5794 [00:47<00:42, 62.54it/s]
 54%|█████▍    | 3147/5794 [00:47<00:42, 62.51it/s]
 54%|█████▍    | 3154/5794 [00:47<00:42, 62.63it/s]
 55%|█████▍    | 3161/5794 [00:47<00:42, 62.56it/s]
 55%|█████▍    | 3168/5794 [00:47<00:41, 62.69it/s]
 55%|█████▍    | 3175/5794 [00:47<00:42, 61.81it/s]
 55%|█████▍    | 3182/5794 [00:47<00:41, 62.68it/s]
 55%|█████▌    | 3189/5794 [00:48<00:41, 62.60it/s]
 55%|█████▌    | 3196/5794 [00:48<00:41, 62.67it/s]
 55%|█████▌    | 3203/5794 [00:48<00:41, 62.62it/s]
 55%|█████▌    | 3210/5794 [00:48<00:41, 62.46it/s]
 56%|█████▌    | 3217/5794 [00:48<00:41, 62.35it/s]
 56%|█████▌    | 3224/5794 [00:48<00:40, 62.69it/s]
 56%|█████▌    | 3231/5794 [00:48<00:40, 62.85it/s]
 56%|█████▌    | 3238/5794 [00:48<00:40, 62.96it/s]
 56%|█████▌    | 3245/5794 [00:48<00:40, 62.39it/s]
 56%|█████▌    | 3252/5794 [00:49<00:40, 62.93it/s]
 56%|█████▌    | 3259/5794 [00:49<00:40, 62.87it/s]
 56%|█████▋    | 3266/5794 [00:49<00:40, 62.93it/s]
 56%|█████▋    | 3273/5794 [00:49<00:39, 64.26it/s]
 57%|█████▋    | 3280/5794 [00:49<00:38, 65.28it/s]
 57%|█████▋    | 3288/5794 [00:49<00:37, 67.50it/s]
 57%|█████▋    | 3296/5794 [00:49<00:36, 68.52it/s]
 57%|█████▋    | 3304/5794 [00:49<00:35, 69.65it/s]
 57%|█████▋    | 3311/5794 [00:49<00:35, 69.58it/s]
 57%|█████▋    | 3319/5794 [00:49<00:35, 69.83it/s]
 57%|█████▋    | 3327/5794 [00:50<00:34, 70.71it/s]
 58%|█████▊    | 3335/5794 [00:50<00:34, 70.45it/s]
 58%|█████▊    | 3343/5794 [00:50<00:34, 70.92it/s]
 58%|█████▊    | 3351/5794 [00:50<00:34, 70.30it/s]
 58%|█████▊    | 3359/5794 [00:50<00:34, 70.32it/s]
 58%|█████▊    | 3367/5794 [00:50<00:34, 70.71it/s]
 58%|█████▊    | 3375/5794 [00:50<00:34, 70.92it/s]
 58%|█████▊    | 3383/5794 [00:50<00:34, 70.72it/s]
 59%|█████▊    | 3391/5794 [00:51<00:33, 70.69it/s]
 59%|█████▊    | 3399/5794 [00:51<00:33, 70.63it/s]
 59%|█████▉    | 3407/5794 [00:51<00:33, 70.62it/s]
 59%|█████▉    | 3415/5794 [00:51<00:33, 70.52it/s]
 59%|█████▉    | 3423/5794 [00:51<00:33, 70.44it/s]
 59%|█████▉    | 3431/5794 [00:51<00:33, 70.51it/s]
 59%|█████▉    | 3439/5794 [00:51<00:33, 70.48it/s]
 59%|█████▉    | 3447/5794 [00:51<00:33, 70.53it/s]
 60%|█████▉    | 3455/5794 [00:51<00:33, 70.37it/s]
 60%|█████▉    | 3463/5794 [00:52<00:33, 70.32it/s]
 60%|█████▉    | 3471/5794 [00:52<00:33, 70.19it/s]
 60%|██████    | 3479/5794 [00:52<00:33, 69.65it/s]
 60%|██████    | 3486/5794 [00:52<00:33, 69.74it/s]
 60%|██████    | 3494/5794 [00:52<00:32, 70.20it/s]
 60%|██████    | 3502/5794 [00:52<00:32, 69.72it/s]
 61%|██████    | 3509/5794 [00:52<00:34, 65.38it/s]
 61%|██████    | 3516/5794 [00:52<00:34, 65.54it/s]
 61%|██████    | 3524/5794 [00:52<00:33, 67.86it/s]
 61%|██████    | 3531/5794 [00:53<00:33, 68.05it/s]
 61%|██████    | 3539/5794 [00:53<00:32, 68.69it/s]
 61%|██████    | 3546/5794 [00:53<00:32, 68.77it/s]
 61%|██████▏   | 3554/5794 [00:53<00:32, 68.86it/s]
 61%|██████▏   | 3562/5794 [00:53<00:32, 69.56it/s]
 62%|██████▏   | 3569/5794 [00:53<00:32, 69.17it/s]
 62%|██████▏   | 3577/5794 [00:53<00:31, 70.23it/s]
 62%|██████▏   | 3585/5794 [00:53<00:31, 70.20it/s]
 62%|██████▏   | 3593/5794 [00:53<00:31, 70.14it/s]
 62%|██████▏   | 3601/5794 [00:54<00:31, 69.95it/s]
 62%|██████▏   | 3608/5794 [00:54<00:31, 69.63it/s]
 62%|██████▏   | 3615/5794 [00:54<00:31, 69.55it/s]
 63%|██████▎   | 3623/5794 [00:54<00:31, 69.84it/s]
 63%|██████▎   | 3630/5794 [00:54<00:31, 69.68it/s]
 63%|██████▎   | 3638/5794 [00:54<00:30, 69.89it/s]
 63%|██████▎   | 3645/5794 [00:54<00:30, 69.84it/s]
 63%|██████▎   | 3653/5794 [00:54<00:30, 69.70it/s]
 63%|██████▎   | 3660/5794 [00:54<00:30, 69.41it/s]
 63%|██████▎   | 3668/5794 [00:54<00:30, 70.69it/s]
 63%|██████▎   | 3676/5794 [00:55<00:30, 70.18it/s]
 64%|██████▎   | 3684/5794 [00:55<00:30, 69.73it/s]
 64%|██████▎   | 3691/5794 [00:55<00:30, 69.26it/s]
 64%|██████▍   | 3698/5794 [00:55<00:30, 68.62it/s]
 64%|██████▍   | 3705/5794 [00:55<00:30, 69.00it/s]
 64%|██████▍   | 3712/5794 [00:55<00:30, 69.19it/s]
 64%|██████▍   | 3720/5794 [00:55<00:29, 69.57it/s]
 64%|██████▍   | 3727/5794 [00:55<00:29, 69.61it/s]
 64%|██████▍   | 3735/5794 [00:55<00:29, 69.87it/s]
 65%|██████▍   | 3743/5794 [00:56<00:29, 69.60it/s]
 65%|██████▍   | 3750/5794 [00:56<00:29, 69.53it/s]
 65%|██████▍   | 3757/5794 [00:56<00:29, 69.50it/s]
 65%|██████▍   | 3764/5794 [00:56<00:29, 69.45it/s]
 65%|██████▌   | 3771/5794 [00:56<00:29, 69.40it/s]
 65%|██████▌   | 3778/5794 [00:56<00:29, 69.06it/s]
 65%|██████▌   | 3785/5794 [00:56<00:28, 69.31it/s]
 65%|██████▌   | 3792/5794 [00:56<00:29, 68.64it/s]
 66%|██████▌   | 3799/5794 [00:56<00:29, 68.66it/s]
 66%|██████▌   | 3806/5794 [00:56<00:29, 68.43it/s]
 66%|██████▌   | 3814/5794 [00:57<00:28, 69.22it/s]
 66%|██████▌   | 3821/5794 [00:57<00:28, 68.73it/s]
 66%|██████▌   | 3829/5794 [00:57<00:28, 68.83it/s]
 66%|██████▌   | 3837/5794 [00:57<00:28, 69.17it/s]
 66%|██████▋   | 3844/5794 [00:57<00:28, 69.08it/s]
 66%|██████▋   | 3852/5794 [00:57<00:27, 69.48it/s]
 67%|██████▋   | 3859/5794 [00:57<00:27, 69.39it/s]
 67%|██████▋   | 3866/5794 [00:57<00:28, 68.59it/s]
 67%|██████▋   | 3874/5794 [00:57<00:27, 69.63it/s]
 67%|██████▋   | 3881/5794 [00:58<00:27, 69.56it/s]
 67%|██████▋   | 3888/5794 [00:58<00:27, 69.07it/s]
 67%|██████▋   | 3896/5794 [00:58<00:27, 68.89it/s]
 67%|██████▋   | 3904/5794 [00:58<00:27, 69.69it/s]
 68%|██████▊   | 3911/5794 [00:58<00:26, 69.75it/s]
 68%|██████▊   | 3918/5794 [00:58<00:26, 69.62it/s]
 68%|██████▊   | 3925/5794 [00:58<00:27, 69.20it/s]
 68%|██████▊   | 3933/5794 [00:58<00:26, 69.15it/s]
 68%|██████▊   | 3940/5794 [00:58<00:26, 69.06it/s]
 68%|██████▊   | 3947/5794 [00:59<00:26, 69.17it/s]
 68%|██████▊   | 3954/5794 [00:59<00:27, 66.47it/s]
 68%|██████▊   | 3961/5794 [00:59<00:27, 65.56it/s]
 68%|██████▊   | 3968/5794 [00:59<00:28, 64.65it/s]
 69%|██████▊   | 3975/5794 [00:59<00:28, 63.42it/s]
 69%|██████▊   | 3982/5794 [00:59<00:28, 63.42it/s]
 69%|██████▉   | 3989/5794 [00:59<00:28, 63.80it/s]
 69%|██████▉   | 3996/5794 [00:59<00:27, 64.94it/s]
 69%|██████▉   | 4003/5794 [00:59<00:27, 66.14it/s]
 69%|██████▉   | 4010/5794 [01:00<00:26, 66.99it/s]
 69%|██████▉   | 4018/5794 [01:00<00:26, 67.97it/s]
 69%|██████▉   | 4025/5794 [01:00<00:26, 67.96it/s]
 70%|██████▉   | 4032/5794 [01:00<00:26, 67.47it/s]
 70%|██████▉   | 4040/5794 [01:00<00:25, 69.01it/s]
 70%|██████▉   | 4047/5794 [01:00<00:25, 68.89it/s]
 70%|██████▉   | 4054/5794 [01:00<00:25, 68.64it/s]
 70%|███████   | 4062/5794 [01:00<00:25, 68.73it/s]
 70%|███████   | 4070/5794 [01:00<00:24, 69.68it/s]
 70%|███████   | 4077/5794 [01:00<00:24, 68.71it/s]
 71%|███████   | 4085/5794 [01:01<00:24, 68.98it/s]
 71%|███████   | 4093/5794 [01:01<00:24, 69.33it/s]
 71%|███████   | 4101/5794 [01:01<00:24, 70.03it/s]
 71%|███████   | 4108/5794 [01:01<00:24, 69.04it/s]
 71%|███████   | 4116/5794 [01:01<00:24, 69.59it/s]
 71%|███████   | 4123/5794 [01:01<00:23, 69.70it/s]
 71%|███████▏  | 4131/5794 [01:01<00:23, 70.02it/s]
 71%|███████▏  | 4139/5794 [01:01<00:23, 70.13it/s]
 72%|███████▏  | 4147/5794 [01:01<00:23, 70.37it/s]
 72%|███████▏  | 4155/5794 [01:02<00:23, 69.93it/s]
 72%|███████▏  | 4163/5794 [01:02<00:23, 69.64it/s]
 72%|███████▏  | 4171/5794 [01:02<00:23, 70.24it/s]
 72%|███████▏  | 4179/5794 [01:02<00:22, 70.51it/s]
 72%|███████▏  | 4187/5794 [01:02<00:22, 70.80it/s]
 72%|███████▏  | 4195/5794 [01:02<00:22, 71.06it/s]
 73%|███████▎  | 4203/5794 [01:02<00:24, 64.32it/s]
 73%|███████▎  | 4211/5794 [01:02<00:23, 66.08it/s]
 73%|███████▎  | 4218/5794 [01:03<00:23, 66.38it/s]
 73%|███████▎  | 4226/5794 [01:03<00:23, 67.50it/s]
 73%|███████▎  | 4233/5794 [01:03<00:22, 67.90it/s]
 73%|███████▎  | 4240/5794 [01:03<00:22, 68.46it/s]
 73%|███████▎  | 4247/5794 [01:03<00:22, 68.49it/s]
 73%|███████▎  | 4255/5794 [01:03<00:22, 68.79it/s]
 74%|███████▎  | 4263/5794 [01:03<00:21, 70.04it/s]
 74%|███████▎  | 4271/5794 [01:03<00:21, 70.18it/s]
 74%|███████▍  | 4279/5794 [01:03<00:21, 69.76it/s]
 74%|███████▍  | 4287/5794 [01:04<00:21, 69.86it/s]
 74%|███████▍  | 4295/5794 [01:04<00:21, 70.28it/s]
 74%|███████▍  | 4303/5794 [01:04<00:21, 70.35it/s]
 74%|███████▍  | 4311/5794 [01:04<00:21, 69.99it/s]
 75%|███████▍  | 4319/5794 [01:04<00:21, 69.79it/s]
 75%|███████▍  | 4326/5794 [01:04<00:21, 69.30it/s]
 75%|███████▍  | 4333/5794 [01:04<00:21, 69.10it/s]
 75%|███████▍  | 4340/5794 [01:04<00:21, 68.94it/s]
 75%|███████▌  | 4348/5794 [01:04<00:20, 69.36it/s]
 75%|███████▌  | 4356/5794 [01:04<00:20, 70.42it/s]
 75%|███████▌  | 4364/5794 [01:05<00:20, 70.80it/s]
 75%|███████▌  | 4372/5794 [01:05<00:20, 70.83it/s]
 76%|███████▌  | 4380/5794 [01:05<00:19, 71.71it/s]
 76%|███████▌  | 4388/5794 [01:05<00:19, 71.58it/s]
 76%|███████▌  | 4396/5794 [01:05<00:19, 71.22it/s]
 76%|███████▌  | 4404/5794 [01:05<00:19, 71.41it/s]
 76%|███████▌  | 4412/5794 [01:05<00:19, 71.78it/s]
 76%|███████▋  | 4420/5794 [01:05<00:18, 72.35it/s]
 76%|███████▋  | 4428/5794 [01:05<00:18, 72.08it/s]
 77%|███████▋  | 4436/5794 [01:06<00:19, 69.46it/s]
 77%|███████▋  | 4444/5794 [01:06<00:19, 70.39it/s]
 77%|███████▋  | 4452/5794 [01:06<00:21, 62.86it/s]
 77%|███████▋  | 4460/5794 [01:06<00:20, 66.01it/s]
 77%|███████▋  | 4467/5794 [01:06<00:20, 65.29it/s]
 77%|███████▋  | 4474/5794 [01:06<00:20, 65.28it/s]
 77%|███████▋  | 4481/5794 [01:06<00:20, 64.09it/s]
 77%|███████▋  | 4488/5794 [01:06<00:20, 64.01it/s]
 78%|███████▊  | 4495/5794 [01:07<00:20, 63.21it/s]
 78%|███████▊  | 4502/5794 [01:07<00:20, 63.12it/s]
 78%|███████▊  | 4510/5794 [01:07<00:19, 65.29it/s]
 78%|███████▊  | 4517/5794 [01:07<00:29, 44.00it/s]
 78%|███████▊  | 4525/5794 [01:07<00:24, 51.15it/s]
 78%|███████▊  | 4532/5794 [01:07<00:28, 44.49it/s]
 78%|███████▊  | 4540/5794 [01:07<00:24, 51.43it/s]
 78%|███████▊  | 4548/5794 [01:08<00:22, 56.54it/s]
 79%|███████▊  | 4556/5794 [01:08<00:20, 60.74it/s]
 79%|███████▉  | 4564/5794 [01:08<00:19, 63.75it/s]
 79%|███████▉  | 4572/5794 [01:08<00:18, 65.95it/s]
 79%|███████▉  | 4580/5794 [01:08<00:18, 67.10it/s]
 79%|███████▉  | 4588/5794 [01:08<00:17, 68.42it/s]
 79%|███████▉  | 4596/5794 [01:08<00:17, 69.22it/s]
 79%|███████▉  | 4604/5794 [01:08<00:17, 69.45it/s]
 80%|███████▉  | 4612/5794 [01:08<00:16, 70.16it/s]
 80%|███████▉  | 4620/5794 [01:09<00:16, 71.05it/s]
 80%|███████▉  | 4628/5794 [01:09<00:16, 70.91it/s]
 80%|████████  | 4636/5794 [01:09<00:16, 71.20it/s]
 80%|████████  | 4644/5794 [01:09<00:16, 70.59it/s]
 80%|████████  | 4652/5794 [01:09<00:16, 70.85it/s]
 80%|████████  | 4660/5794 [01:09<00:16, 70.50it/s]
 81%|████████  | 4668/5794 [01:09<00:15, 71.08it/s]
 81%|████████  | 4676/5794 [01:09<00:15, 70.31it/s]
 81%|████████  | 4684/5794 [01:10<00:15, 70.22it/s]
 81%|████████  | 4692/5794 [01:10<00:15, 70.83it/s]
 81%|████████  | 4700/5794 [01:10<00:15, 71.06it/s]
 81%|████████▏ | 4708/5794 [01:10<00:15, 71.12it/s]
 81%|████████▏ | 4716/5794 [01:10<00:15, 71.03it/s]
 82%|████████▏ | 4724/5794 [01:10<00:15, 70.30it/s]
 82%|████████▏ | 4732/5794 [01:10<00:15, 69.53it/s]
 82%|████████▏ | 4740/5794 [01:10<00:15, 69.82it/s]
 82%|████████▏ | 4748/5794 [01:10<00:14, 70.14it/s]
 82%|████████▏ | 4756/5794 [01:11<00:14, 70.11it/s]
 82%|████████▏ | 4764/5794 [01:11<00:14, 70.50it/s]
 82%|████████▏ | 4772/5794 [01:11<00:14, 70.36it/s]
 82%|████████▏ | 4780/5794 [01:11<00:14, 70.18it/s]
 83%|████████▎ | 4788/5794 [01:11<00:14, 70.46it/s]
 83%|████████▎ | 4796/5794 [01:11<00:14, 71.08it/s]
 83%|████████▎ | 4804/5794 [01:11<00:13, 71.34it/s]
 83%|████████▎ | 4812/5794 [01:11<00:13, 70.53it/s]
 83%|████████▎ | 4820/5794 [01:11<00:14, 69.25it/s]
 83%|████████▎ | 4828/5794 [01:12<00:13, 70.01it/s]
 83%|████████▎ | 4836/5794 [01:12<00:13, 69.88it/s]
 84%|████████▎ | 4844/5794 [01:12<00:13, 69.92it/s]
 84%|████████▎ | 4851/5794 [01:12<00:13, 69.76it/s]
 84%|████████▍ | 4859/5794 [01:12<00:13, 69.88it/s]
 84%|████████▍ | 4867/5794 [01:12<00:13, 69.42it/s]
 84%|████████▍ | 4875/5794 [01:12<00:13, 66.44it/s]
 84%|████████▍ | 4883/5794 [01:12<00:13, 67.63it/s]
 84%|████████▍ | 4890/5794 [01:12<00:13, 67.65it/s]
 85%|████████▍ | 4897/5794 [01:13<00:13, 67.90it/s]
 85%|████████▍ | 4904/5794 [01:13<00:13, 66.52it/s]
 85%|████████▍ | 4912/5794 [01:13<00:12, 68.45it/s]
 85%|████████▍ | 4919/5794 [01:13<00:12, 68.84it/s]
 85%|████████▌ | 4927/5794 [01:13<00:12, 69.92it/s]
 85%|████████▌ | 4934/5794 [01:13<00:13, 63.74it/s]
 85%|████████▌ | 4942/5794 [01:13<00:12, 66.72it/s]
 85%|████████▌ | 4950/5794 [01:13<00:12, 68.62it/s]
 86%|████████▌ | 4958/5794 [01:13<00:12, 69.56it/s]
 86%|████████▌ | 4966/5794 [01:14<00:11, 69.79it/s]
 86%|████████▌ | 4974/5794 [01:14<00:11, 69.75it/s]
 86%|████████▌ | 4981/5794 [01:14<00:11, 69.81it/s]
 86%|████████▌ | 4988/5794 [01:14<00:11, 69.26it/s]
 86%|████████▌ | 4995/5794 [01:14<00:11, 69.30it/s]
 86%|████████▋ | 5002/5794 [01:14<00:11, 68.14it/s]
 86%|████████▋ | 5010/5794 [01:14<00:11, 69.41it/s]
 87%|████████▋ | 5018/5794 [01:14<00:11, 69.64it/s]
 87%|████████▋ | 5026/5794 [01:14<00:10, 70.19it/s]
 87%|████████▋ | 5034/5794 [01:15<00:10, 70.64it/s]
 87%|████████▋ | 5042/5794 [01:15<00:10, 70.58it/s]
 87%|████████▋ | 5050/5794 [01:15<00:10, 70.32it/s]
 87%|████████▋ | 5058/5794 [01:15<00:10, 70.33it/s]
 87%|████████▋ | 5066/5794 [01:15<00:10, 70.30it/s]
 88%|████████▊ | 5074/5794 [01:15<00:10, 70.46it/s]
 88%|████████▊ | 5082/5794 [01:15<00:10, 70.53it/s]
 88%|████████▊ | 5090/5794 [01:15<00:09, 70.59it/s]
 88%|████████▊ | 5098/5794 [01:15<00:09, 70.58it/s]
 88%|████████▊ | 5106/5794 [01:16<00:09, 70.68it/s]
 88%|████████▊ | 5114/5794 [01:16<00:09, 70.98it/s]
 88%|████████▊ | 5122/5794 [01:16<00:09, 71.24it/s]
 89%|████████▊ | 5130/5794 [01:16<00:09, 71.20it/s]
 89%|████████▊ | 5138/5794 [01:16<00:09, 71.07it/s]
 89%|████████▉ | 5146/5794 [01:16<00:09, 70.89it/s]
 89%|████████▉ | 5154/5794 [01:16<00:08, 71.47it/s]
 89%|████████▉ | 5162/5794 [01:16<00:08, 72.05it/s]
 89%|████████▉ | 5170/5794 [01:16<00:08, 71.90it/s]
 89%|████████▉ | 5178/5794 [01:17<00:08, 71.98it/s]
 90%|████████▉ | 5186/5794 [01:17<00:08, 71.53it/s]
 90%|████████▉ | 5194/5794 [01:17<00:08, 71.45it/s]
 90%|████████▉ | 5202/5794 [01:17<00:08, 71.18it/s]
 90%|████████▉ | 5210/5794 [01:17<00:08, 70.78it/s]
 90%|█████████ | 5218/5794 [01:17<00:08, 71.24it/s]
 90%|█████████ | 5226/5794 [01:17<00:08, 70.63it/s]
 90%|█████████ | 5234/5794 [01:17<00:07, 71.00it/s]
 90%|█████████ | 5242/5794 [01:17<00:07, 71.42it/s]
 91%|█████████ | 5250/5794 [01:18<00:07, 70.77it/s]
 91%|█████████ | 5258/5794 [01:18<00:07, 70.86it/s]
 91%|█████████ | 5266/5794 [01:18<00:07, 69.61it/s]
 91%|█████████ | 5274/5794 [01:18<00:07, 70.37it/s]
 91%|█████████ | 5282/5794 [01:18<00:07, 70.79it/s]
 91%|█████████▏| 5290/5794 [01:18<00:07, 70.80it/s]
 91%|█████████▏| 5298/5794 [01:18<00:07, 70.80it/s]
 92%|█████████▏| 5306/5794 [01:18<00:06, 70.53it/s]
 92%|█████████▏| 5314/5794 [01:18<00:06, 70.96it/s]
 92%|█████████▏| 5322/5794 [01:19<00:06, 70.53it/s]
 92%|█████████▏| 5330/5794 [01:19<00:06, 70.61it/s]
 92%|█████████▏| 5338/5794 [01:19<00:06, 70.52it/s]
 92%|█████████▏| 5346/5794 [01:19<00:06, 70.22it/s]
 92%|█████████▏| 5354/5794 [01:19<00:06, 69.98it/s]
 93%|█████████▎| 5362/5794 [01:19<00:06, 69.70it/s]
 93%|█████████▎| 5369/5794 [01:19<00:06, 69.30it/s]
 93%|█████████▎| 5377/5794 [01:19<00:05, 70.14it/s]
 93%|█████████▎| 5385/5794 [01:20<00:05, 70.00it/s]
 93%|█████████▎| 5393/5794 [01:20<00:05, 71.04it/s]
 93%|█████████▎| 5401/5794 [01:20<00:05, 70.72it/s]
 93%|█████████▎| 5409/5794 [01:20<00:05, 70.41it/s]
 93%|█████████▎| 5417/5794 [01:20<00:05, 70.12it/s]
 94%|█████████▎| 5425/5794 [01:20<00:05, 70.36it/s]
 94%|█████████▍| 5433/5794 [01:20<00:05, 70.61it/s]
 94%|█████████▍| 5441/5794 [01:20<00:05, 70.53it/s]
 94%|█████████▍| 5449/5794 [01:20<00:04, 69.56it/s]
 94%|█████████▍| 5456/5794 [01:21<00:05, 66.90it/s]
 94%|█████████▍| 5463/5794 [01:21<00:05, 65.62it/s]
 94%|█████████▍| 5470/5794 [01:21<00:05, 64.61it/s]
 95%|█████████▍| 5477/5794 [01:21<00:04, 63.98it/s]
 95%|█████████▍| 5484/5794 [01:21<00:04, 63.41it/s]
 95%|█████████▍| 5491/5794 [01:21<00:04, 63.17it/s]
 95%|█████████▍| 5498/5794 [01:21<00:04, 62.85it/s]
 95%|█████████▌| 5505/5794 [01:21<00:04, 62.53it/s]
 95%|█████████▌| 5512/5794 [01:21<00:04, 62.52it/s]
 95%|█████████▌| 5519/5794 [01:22<00:04, 64.03it/s]
 95%|█████████▌| 5527/5794 [01:22<00:04, 66.46it/s]
 96%|█████████▌| 5535/5794 [01:22<00:03, 67.43it/s]
 96%|█████████▌| 5543/5794 [01:22<00:03, 69.28it/s]
 96%|█████████▌| 5551/5794 [01:22<00:03, 70.16it/s]
 96%|█████████▌| 5559/5794 [01:22<00:03, 70.85it/s]
 96%|█████████▌| 5567/5794 [01:22<00:03, 71.54it/s]
 96%|█████████▌| 5575/5794 [01:22<00:03, 58.40it/s]
 96%|█████████▋| 5583/5794 [01:23<00:03, 62.55it/s]
 96%|█████████▋| 5590/5794 [01:23<00:03, 64.36it/s]
 97%|█████████▋| 5597/5794 [01:23<00:02, 65.85it/s]
 97%|█████████▋| 5605/5794 [01:23<00:02, 67.81it/s]
 97%|█████████▋| 5613/5794 [01:23<00:02, 68.90it/s]
 97%|█████████▋| 5621/5794 [01:23<00:02, 67.72it/s]
 97%|█████████▋| 5628/5794 [01:23<00:02, 65.79it/s]
 97%|█████████▋| 5635/5794 [01:23<00:02, 65.21it/s]
 97%|█████████▋| 5642/5794 [01:23<00:02, 64.40it/s]
 97%|█████████▋| 5649/5794 [01:24<00:02, 63.10it/s]
 98%|█████████▊| 5656/5794 [01:24<00:02, 63.50it/s]
 98%|█████████▊| 5663/5794 [01:24<00:02, 63.06it/s]
 98%|█████████▊| 5670/5794 [01:24<00:01, 62.92it/s]
 98%|█████████▊| 5677/5794 [01:24<00:01, 62.77it/s]
 98%|█████████▊| 5684/5794 [01:24<00:01, 62.49it/s]
 98%|█████████▊| 5691/5794 [01:24<00:01, 62.69it/s]
 98%|█████████▊| 5699/5794 [01:24<00:01, 64.57it/s]
 98%|█████████▊| 5706/5794 [01:24<00:01, 65.82it/s]
 99%|█████████▊| 5713/5794 [01:25<00:01, 64.72it/s]
 99%|█████████▊| 5720/5794 [01:25<00:01, 64.12it/s]
 99%|█████████▉| 5727/5794 [01:25<00:01, 63.78it/s]
 99%|█████████▉| 5734/5794 [01:25<00:01, 51.67it/s]
 99%|█████████▉| 5741/5794 [01:25<00:00, 55.09it/s]
 99%|█████████▉| 5748/5794 [01:25<00:00, 56.95it/s]
 99%|█████████▉| 5755/5794 [01:25<00:00, 58.47it/s]
 99%|█████████▉| 5762/5794 [01:25<00:00, 59.18it/s]
100%|█████████▉| 5769/5794 [01:25<00:00, 59.95it/s]
100%|█████████▉| 5776/5794 [01:26<00:00, 60.91it/s]
100%|█████████▉| 5783/5794 [01:26<00:00, 61.31it/s]
100%|█████████▉| 5790/5794 [01:26<00:00, 61.71it/s]
100%|██████████| 5794/5794 [01:26<00:00, 67.04it/s]
BALANCED ACCS CHECKED FOR TEST
TEST SET RESULTS FOR CHECKPOINT trained_weights/waterbirds/gals_waterbird_1.0_forest2water2_21050491_trial_000/best_balanced_valacc_0.57_epoch_0.ckpt
test_acc: 0.6791508457024508
balanced_test_acc: 0.5590903910313529
Land_on_Land_test_acc: 0.9964523281596452
Land_on_Water_test_acc: 0.5529933481152993
Water_on_Land_test_acc: 0.018691588785046728
Water_on_Water_test_acc: 0.6682242990654206
test_acc_Waterbird: 0.34345794392523366
test_acc_Landbird: 0.7747228381374723
