[CMD] /home/ryreu/miniconda3/envs/gals_a100/bin/python -u main.py --config configs/waterbirds_100_gals_ourmasks.yaml --name gals_waterbird_1.0_forest2water2_21050491_trial_000 DATA.ROOT=/home/ryreu/guided_cnn/waterbirds DATA.WATERBIRDS_DIR=waterbird_1.0_forest2water2 SEED=0 EXP.BASE.LR=0.0010000000000000002 EXP.CLASSIFIER.LR=9.999999999999991e-05 EXP.WEIGHT_DECAY=9.999999999999997e-06 EXP.AUX_LOSSES_ON_VAL=False EXP.LOSSES.GRADIENT_OUTSIDE.WEIGHT=10.000000000000002 DATA.SEGMENTATION_DIR=/home/ryreu/guided_cnn/waterbirds/L100/LearningToLook/code/WeCLIPPlus/results/val/prediction_cmap DATA.SEG_TRAIN_ONLY=True EXP.NUM_EPOCHS=1
SEED: 0
DATA:
  BATCH_SIZE: 96
  NUM_WORKERS: 4
  SIZE: 224
  NORMALIZATION: imagenet
  ATTENTION_DIR: NONE
  SEPARATE_CLASSES: false
  REMOVE_BACKGROUND: false
  ROOT: /home/ryreu/guided_cnn/waterbirds
  USE_CLASS_WEIGHTS: false
  USE_GROUP_WEIGHTS: false
  DATASET: waterbirds
  NUM_CLASSES: 2
  CONFOUNDING_FACTOR: 1.0
  WATERBIRDS_DIR: waterbird_1.0_forest2water2
  SEGMENTATION_DIR: /home/ryreu/guided_cnn/waterbirds/L100/LearningToLook/code/WeCLIPPlus/results/val/prediction_cmap
  SEG_TRAIN_ONLY: true
EXP:
  NUM_TRIALS: 1
  LOSSES:
    CLASSIFICATION:
      WEIGHT: 1
    GRADIENT_OUTSIDE:
      COMPUTE: true
      LOG: false
      WEIGHT: 10.000000000000002
      CRITERION: L1
      GT: segmentation
      COMBINE_ATT_MODE: average_nonzero
    GRADIENT_INSIDE:
      COMPUTE: false
      LOG: false
      WEIGHT: 1
      CRITERION: L1
      GT: segmentation
      COMBINE_ATT_MODE: average_nonzero
    GRADCAM:
      COMPUTE: false
      LOG: false
      WEIGHT: 1
      CRITERION: L1
      GT: segmentation
      MODE: match
      COMBINE_ATT_MODE: average_nonzero
  APPROACH: generic
  MODEL: resnet50
  PRETRAINED: true
  NUM_EPOCHS: 1
  OPTIMIZER: SGD
  WEIGHT_DECAY: 9.999999999999997e-06
  MOMENTUM: 0.9
  SCHEDULER: NONE
  AUX_LOSSES_ON_VAL: false
  BASE:
    LR: 0.0010000000000000002
  CLASSIFIER:
    LR: 9.999999999999991e-05
LOGGING:
  SAVE_EVERY: 0
  SAVE_BEST: true
  SAVE_LAST: false
  LOG_ATTENTION: false
  LOG_ATTENTION_STEP: 10
  SAVE_STATS_PATH: null
yaml: configs/waterbirds_100_gals_ourmasks.yaml
name: gals_waterbird_1.0_forest2water2_21050491_trial_000
test_checkpoint: null

WATERBIRDS DIR: /home/ryreu/guided_cnn/waterbirds/waterbird_1.0_forest2water2
NUMBER OF SAMPLES WITH LABEL Landbird: 3684
NUMBER OF SAMPLES WITH LABEL Waterbird: 1111
NUMBER OF SAMPLES WITH GROUP Land_on_Land: 3684
NUMBER OF SAMPLES WITH GROUP Land_on_Water: 0
NUMBER OF SAMPLES WITH GROUP Water_on_Land: 0
NUMBER OF SAMPLES WITH GROUP Water_on_Water: 1111
WATERBIRDS DIR: /home/ryreu/guided_cnn/waterbirds/waterbird_1.0_forest2water2
NUMBER OF SAMPLES WITH LABEL Landbird: 931
NUMBER OF SAMPLES WITH LABEL Waterbird: 268
NUMBER OF SAMPLES WITH GROUP Land_on_Land: 465
NUMBER OF SAMPLES WITH GROUP Land_on_Water: 466
NUMBER OF SAMPLES WITH GROUP Water_on_Land: 134
NUMBER OF SAMPLES WITH GROUP Water_on_Water: 134
NUM TRAIN: 4795

NUM VAL:   1199

Number classifier outputs: 1
Using pretrained model: True
USING SGD OPTIMIZER
class weights: None
group weights: None
WANDB DISABLED: skipping wandb.init()
EPOCH: 0

>>> TRAINING 


  0%|          | 0/50 [00:00<?, ?it/s]
  2%|▏         | 1/50 [00:06<05:00,  6.13s/it]
  4%|▍         | 2/50 [00:07<02:30,  3.14s/it]
  6%|▌         | 3/50 [00:08<01:42,  2.19s/it]
  8%|▊         | 4/50 [00:09<01:19,  1.74s/it]
 10%|█         | 5/50 [00:10<01:07,  1.49s/it]
 12%|█▏        | 6/50 [00:11<00:58,  1.34s/it]
 14%|█▍        | 7/50 [00:12<00:53,  1.24s/it]
 16%|█▌        | 8/50 [00:13<00:49,  1.18s/it]
 18%|█▊        | 9/50 [00:14<00:46,  1.14s/it]
 20%|██        | 10/50 [00:15<00:44,  1.11s/it]
 22%|██▏       | 11/50 [00:16<00:42,  1.09s/it]
 24%|██▍       | 12/50 [00:17<00:40,  1.08s/it]
 26%|██▌       | 13/50 [00:18<00:39,  1.07s/it]
 28%|██▊       | 14/50 [00:19<00:38,  1.06s/it]
 30%|███       | 15/50 [00:20<00:37,  1.06s/it]
 32%|███▏      | 16/50 [00:21<00:35,  1.06s/it]
 34%|███▍      | 17/50 [00:22<00:34,  1.05s/it]
 36%|███▌      | 18/50 [00:23<00:33,  1.05s/it]
 38%|███▊      | 19/50 [00:24<00:32,  1.05s/it]
 40%|████      | 20/50 [00:26<00:31,  1.05s/it]
 42%|████▏     | 21/50 [00:27<00:30,  1.05s/it]
 44%|████▍     | 22/50 [00:28<00:29,  1.05s/it]
 46%|████▌     | 23/50 [00:29<00:28,  1.04s/it]
 48%|████▊     | 24/50 [00:30<00:27,  1.04s/it]
 50%|█████     | 25/50 [00:31<00:26,  1.05s/it]
 52%|█████▏    | 26/50 [00:32<00:25,  1.05s/it]
 54%|█████▍    | 27/50 [00:33<00:24,  1.05s/it]
 56%|█████▌    | 28/50 [00:34<00:23,  1.05s/it]
 58%|█████▊    | 29/50 [00:35<00:22,  1.05s/it]
 60%|██████    | 30/50 [00:36<00:20,  1.05s/it]
 62%|██████▏   | 31/50 [00:37<00:19,  1.05s/it]
 64%|██████▍   | 32/50 [00:38<00:18,  1.05s/it]
 66%|██████▌   | 33/50 [00:39<00:17,  1.05s/it]
 68%|██████▊   | 34/50 [00:40<00:16,  1.05s/it]
 70%|███████   | 35/50 [00:41<00:15,  1.05s/it]
 72%|███████▏  | 36/50 [00:42<00:14,  1.05s/it]
 74%|███████▍  | 37/50 [00:43<00:13,  1.05s/it]
 76%|███████▌  | 38/50 [00:44<00:12,  1.05s/it]
 78%|███████▊  | 39/50 [00:45<00:11,  1.05s/it]
 80%|████████  | 40/50 [00:46<00:10,  1.05s/it]
 82%|████████▏ | 41/50 [00:48<00:09,  1.05s/it]
 84%|████████▍ | 42/50 [00:49<00:08,  1.05s/it]
 86%|████████▌ | 43/50 [00:50<00:07,  1.04s/it]
 88%|████████▊ | 44/50 [00:51<00:06,  1.05s/it]
 90%|█████████ | 45/50 [00:52<00:05,  1.05s/it]
 92%|█████████▏| 46/50 [00:53<00:04,  1.05s/it]
 94%|█████████▍| 47/50 [00:54<00:03,  1.05s/it]
 96%|█████████▌| 48/50 [00:55<00:02,  1.05s/it]
 98%|█████████▊| 49/50 [00:56<00:01,  1.05s/it]
100%|██████████| 50/50 [00:57<00:00,  1.04s/it]
100%|██████████| 50/50 [00:57<00:00,  1.15s/it]
>>> VALIDATING 


  0%|          | 0/13 [00:00<?, ?it/s]
  8%|▊         | 1/13 [00:00<00:09,  1.28it/s]
 23%|██▎       | 3/13 [00:00<00:02,  3.94it/s]
 38%|███▊      | 5/13 [00:01<00:01,  4.61it/s]
 54%|█████▍    | 7/13 [00:01<00:00,  6.45it/s]
 69%|██████▉   | 9/13 [00:01<00:00,  6.16it/s]
 85%|████████▍ | 11/13 [00:01<00:00,  7.80it/s]
100%|██████████| 13/13 [00:02<00:00,  9.63it/s]
100%|██████████| 13/13 [00:02<00:00,  6.26it/s]
>>> LOGGING 

BALANCED ACCS CHECKED FOR TRAIN
BALANCED ACCS CHECKED FOR VAL
train_acc: 0.7293013555787279
val_acc: 0.6839032527105922
train_cls_loss: 0.47431053930079725
val_cls_loss: 0.5665843930216607
train_total_loss: 0.4743357773990651
val_total_loss: 0.5665843930216607
balanced_train_acc: 0.6122934361840093
balanced_val_acc: 0.5705909229363387
Land_on_Land_train_acc: 0.8303474484256244
Land_on_Land_val_acc: 0.9956989247311828
Land_on_Water_train_acc: 0
Land_on_Water_val_acc: 0.555793991416309
Water_on_Land_train_acc: 0
Water_on_Land_val_acc: 0.03731343283582089
Water_on_Water_train_acc: 0.39423942394239425
Water_on_Water_val_acc: 0.6940298507462687
train_dydx_outside_segmentation_loss: 2.5237776774837688e-05
train_acc_Landbird: 0.8303474484256244
train_acc_Waterbird: 0.39423942394239425
val_acc_Landbird: 0.7755102040816326
val_acc_Waterbird: 0.3656716417910448
TRAIN ACC:        0.7293013555787279
VAL ACC:          0.6839032527105922
BALANCED VAL ACC: 0.5705909229363387
prev best list: []
Saving to trained_weights/waterbirds/gals_waterbird_1.0_forest2water2_21050491_trial_000/best_balanced_valacc_0.57_epoch_0.ckpt
>>> EVALUATING ON TEST SET
WATERBIRDS DIR: /home/ryreu/guided_cnn/waterbirds/waterbird_1.0_forest2water2
NUMBER OF SAMPLES WITH LABEL Landbird: 4510
NUMBER OF SAMPLES WITH LABEL Waterbird: 1284
NUMBER OF SAMPLES WITH GROUP Land_on_Land: 2255
NUMBER OF SAMPLES WITH GROUP Land_on_Water: 2255
NUMBER OF SAMPLES WITH GROUP Water_on_Land: 642
NUMBER OF SAMPLES WITH GROUP Water_on_Water: 642
NUM TEST:   5794

Loaded checkpoint trained_weights/waterbirds/gals_waterbird_1.0_forest2water2_21050491_trial_000/best_balanced_valacc_0.57_epoch_0.ckpt

  0%|          | 0/5794 [00:00<?, ?it/s]
  0%|          | 1/5794 [00:00<26:14,  3.68it/s]
  0%|          | 8/5794 [00:00<03:48, 25.35it/s]
  0%|          | 15/5794 [00:00<02:30, 38.32it/s]
  0%|          | 22/5794 [00:00<02:03, 46.57it/s]
  1%|          | 29/5794 [00:00<01:50, 52.07it/s]
  1%|          | 36/5794 [00:00<01:43, 55.69it/s]
  1%|          | 43/5794 [00:00<01:39, 58.06it/s]
  1%|          | 50/5794 [00:01<01:35, 59.84it/s]
  1%|          | 57/5794 [00:01<01:34, 60.91it/s]
  1%|          | 64/5794 [00:01<01:32, 61.73it/s]
  1%|          | 71/5794 [00:01<01:31, 62.45it/s]
  1%|▏         | 78/5794 [00:01<01:31, 62.75it/s]
  1%|▏         | 86/5794 [00:01<01:27, 65.55it/s]
  2%|▏         | 94/5794 [00:01<01:24, 67.41it/s]
  2%|▏         | 102/5794 [00:01<01:22, 68.78it/s]
  2%|▏         | 110/5794 [00:01<01:21, 69.58it/s]
  2%|▏         | 118/5794 [00:02<01:20, 70.27it/s]
  2%|▏         | 126/5794 [00:02<01:20, 70.15it/s]
  2%|▏         | 134/5794 [00:02<01:19, 70.79it/s]
  2%|▏         | 142/5794 [00:02<01:19, 70.73it/s]
  3%|▎         | 150/5794 [00:02<01:19, 70.81it/s]
  3%|▎         | 158/5794 [00:02<01:19, 70.60it/s]
  3%|▎         | 166/5794 [00:02<01:19, 70.86it/s]
  3%|▎         | 174/5794 [00:02<01:19, 70.92it/s]
  3%|▎         | 182/5794 [00:02<01:18, 71.08it/s]
  3%|▎         | 190/5794 [00:03<01:18, 71.28it/s]
  3%|▎         | 198/5794 [00:03<01:18, 71.23it/s]
  4%|▎         | 206/5794 [00:03<01:18, 71.20it/s]
  4%|▎         | 214/5794 [00:03<01:19, 70.06it/s]
  4%|▍         | 222/5794 [00:03<01:21, 68.06it/s]
  4%|▍         | 229/5794 [00:03<01:23, 66.60it/s]
  4%|▍         | 236/5794 [00:03<01:24, 65.56it/s]
  4%|▍         | 243/5794 [00:03<01:25, 64.80it/s]
  4%|▍         | 250/5794 [00:03<01:25, 64.51it/s]
  4%|▍         | 257/5794 [00:04<01:25, 64.67it/s]
  5%|▍         | 265/5794 [00:04<01:22, 66.78it/s]
  5%|▍         | 272/5794 [00:04<01:23, 66.14it/s]
  5%|▍         | 279/5794 [00:04<01:24, 65.20it/s]
  5%|▍         | 286/5794 [00:04<01:25, 64.12it/s]
  5%|▌         | 293/5794 [00:04<01:26, 63.67it/s]
  5%|▌         | 300/5794 [00:04<01:26, 63.58it/s]
  5%|▌         | 307/5794 [00:04<01:26, 63.57it/s]
  5%|▌         | 314/5794 [00:04<01:26, 63.12it/s]
  6%|▌         | 321/5794 [00:05<01:26, 63.21it/s]
  6%|▌         | 328/5794 [00:05<01:26, 62.97it/s]
  6%|▌         | 335/5794 [00:05<01:26, 63.13it/s]
  6%|▌         | 342/5794 [00:05<01:26, 63.03it/s]
  6%|▌         | 349/5794 [00:05<01:26, 62.95it/s]
  6%|▌         | 356/5794 [00:05<01:26, 62.88it/s]
  6%|▋         | 363/5794 [00:05<01:26, 62.90it/s]
  6%|▋         | 370/5794 [00:05<01:26, 62.45it/s]
  7%|▋         | 377/5794 [00:05<01:26, 62.74it/s]
  7%|▋         | 384/5794 [00:06<01:26, 62.69it/s]
  7%|▋         | 391/5794 [00:06<01:25, 62.83it/s]
  7%|▋         | 398/5794 [00:06<01:25, 62.94it/s]
  7%|▋         | 405/5794 [00:06<01:25, 63.17it/s]
  7%|▋         | 412/5794 [00:06<01:25, 63.06it/s]
  7%|▋         | 419/5794 [00:06<01:25, 63.19it/s]
  7%|▋         | 426/5794 [00:06<01:24, 63.26it/s]
  7%|▋         | 433/5794 [00:06<01:24, 63.23it/s]
  8%|▊         | 440/5794 [00:06<01:24, 63.33it/s]
  8%|▊         | 447/5794 [00:07<01:25, 62.86it/s]
  8%|▊         | 454/5794 [00:07<01:24, 63.08it/s]
  8%|▊         | 461/5794 [00:07<01:24, 63.02it/s]
  8%|▊         | 468/5794 [00:07<01:24, 62.90it/s]
  8%|▊         | 475/5794 [00:07<01:24, 63.18it/s]
  8%|▊         | 482/5794 [00:07<01:24, 63.20it/s]
  8%|▊         | 489/5794 [00:07<01:23, 63.34it/s]
  9%|▊         | 496/5794 [00:07<01:23, 63.48it/s]
  9%|▊         | 503/5794 [00:07<01:23, 63.20it/s]
  9%|▉         | 510/5794 [00:08<01:23, 62.92it/s]
  9%|▉         | 517/5794 [00:08<01:23, 62.97it/s]
  9%|▉         | 524/5794 [00:08<01:23, 63.15it/s]
  9%|▉         | 531/5794 [00:08<01:23, 63.09it/s]
  9%|▉         | 538/5794 [00:08<01:23, 63.22it/s]
  9%|▉         | 545/5794 [00:08<01:22, 63.37it/s]
 10%|▉         | 552/5794 [00:08<01:22, 63.29it/s]
 10%|▉         | 560/5794 [00:08<01:19, 66.21it/s]
 10%|▉         | 568/5794 [00:08<01:16, 68.08it/s]
 10%|▉         | 576/5794 [00:09<01:15, 69.54it/s]
 10%|█         | 584/5794 [00:09<01:14, 70.28it/s]
 10%|█         | 592/5794 [00:09<01:13, 71.09it/s]
 10%|█         | 600/5794 [00:09<01:12, 71.43it/s]
 10%|█         | 608/5794 [00:09<01:12, 71.95it/s]
 11%|█         | 616/5794 [00:09<01:14, 69.97it/s]
 11%|█         | 624/5794 [00:09<01:16, 67.84it/s]
 11%|█         | 631/5794 [00:09<01:17, 66.64it/s]
 11%|█         | 638/5794 [00:09<01:18, 65.50it/s]
 11%|█         | 645/5794 [00:10<01:19, 64.90it/s]
 11%|█▏        | 652/5794 [00:10<01:19, 64.40it/s]
 11%|█▏        | 659/5794 [00:10<01:19, 64.25it/s]
 11%|█▏        | 666/5794 [00:10<01:20, 63.93it/s]
 12%|█▏        | 673/5794 [00:10<01:20, 63.78it/s]
 12%|█▏        | 680/5794 [00:10<01:20, 63.71it/s]
 12%|█▏        | 687/5794 [00:10<01:20, 63.55it/s]
 12%|█▏        | 694/5794 [00:10<01:20, 63.69it/s]
 12%|█▏        | 701/5794 [00:10<01:20, 63.51it/s]
 12%|█▏        | 708/5794 [00:11<01:19, 63.59it/s]
 12%|█▏        | 715/5794 [00:11<01:19, 63.58it/s]
 12%|█▏        | 722/5794 [00:11<01:19, 63.47it/s]
 13%|█▎        | 729/5794 [00:11<01:19, 63.60it/s]
 13%|█▎        | 736/5794 [00:11<01:18, 64.14it/s]
 13%|█▎        | 743/5794 [00:11<01:18, 63.95it/s]
 13%|█▎        | 750/5794 [00:11<01:19, 63.66it/s]
 13%|█▎        | 757/5794 [00:11<01:19, 63.57it/s]
 13%|█▎        | 764/5794 [00:11<01:19, 63.56it/s]
 13%|█▎        | 771/5794 [00:12<01:19, 63.37it/s]
 13%|█▎        | 778/5794 [00:12<01:19, 63.45it/s]
 14%|█▎        | 785/5794 [00:12<01:18, 63.49it/s]
 14%|█▎        | 792/5794 [00:12<01:18, 63.43it/s]
 14%|█▍        | 799/5794 [00:12<01:18, 63.50it/s]
 14%|█▍        | 806/5794 [00:12<01:18, 63.42it/s]
 14%|█▍        | 813/5794 [00:12<01:18, 63.54it/s]
 14%|█▍        | 820/5794 [00:12<01:18, 63.42it/s]
 14%|█▍        | 827/5794 [00:12<01:18, 63.45it/s]
 14%|█▍        | 834/5794 [00:13<01:18, 63.49it/s]
 15%|█▍        | 841/5794 [00:13<01:18, 63.40it/s]
 15%|█▍        | 848/5794 [00:13<01:17, 63.43it/s]
 15%|█▍        | 855/5794 [00:13<01:18, 63.29it/s]
 15%|█▍        | 862/5794 [00:13<01:17, 63.37it/s]
 15%|█▍        | 869/5794 [00:13<01:17, 63.33it/s]
 15%|█▌        | 876/5794 [00:13<01:17, 63.07it/s]
 15%|█▌        | 883/5794 [00:13<01:17, 63.18it/s]
 15%|█▌        | 890/5794 [00:13<01:17, 63.05it/s]
 15%|█▌        | 897/5794 [00:14<01:17, 63.21it/s]
 16%|█▌        | 904/5794 [00:14<01:17, 63.17it/s]
 16%|█▌        | 911/5794 [00:14<01:17, 63.19it/s]
 16%|█▌        | 919/5794 [00:14<01:13, 65.94it/s]
 16%|█▌        | 927/5794 [00:14<01:11, 67.89it/s]
 16%|█▌        | 935/5794 [00:14<01:10, 69.25it/s]
 16%|█▋        | 942/5794 [00:14<01:11, 67.63it/s]
 16%|█▋        | 949/5794 [00:14<01:13, 66.34it/s]
 17%|█▋        | 957/5794 [00:14<01:11, 67.54it/s]
 17%|█▋        | 965/5794 [00:15<01:10, 68.97it/s]
 17%|█▋        | 972/5794 [00:15<01:11, 67.22it/s]
 17%|█▋        | 980/5794 [00:15<01:10, 68.64it/s]
 17%|█▋        | 988/5794 [00:15<01:08, 69.75it/s]
 17%|█▋        | 996/5794 [00:15<01:08, 70.52it/s]
 17%|█▋        | 1004/5794 [00:15<01:07, 71.16it/s]
 17%|█▋        | 1012/5794 [00:15<01:06, 71.53it/s]
 18%|█▊        | 1020/5794 [00:15<01:06, 71.94it/s]
 18%|█▊        | 1028/5794 [00:15<01:06, 72.01it/s]
 18%|█▊        | 1036/5794 [00:16<01:05, 72.19it/s]
 18%|█▊        | 1044/5794 [00:16<01:05, 72.08it/s]
 18%|█▊        | 1052/5794 [00:16<01:07, 70.32it/s]
 18%|█▊        | 1060/5794 [00:16<01:09, 67.96it/s]
 18%|█▊        | 1067/5794 [00:16<01:10, 66.71it/s]
 19%|█▊        | 1074/5794 [00:16<01:11, 65.73it/s]
 19%|█▊        | 1081/5794 [00:16<01:12, 64.93it/s]
 19%|█▉        | 1088/5794 [00:16<01:13, 64.46it/s]
 19%|█▉        | 1095/5794 [00:16<01:13, 63.93it/s]
 19%|█▉        | 1102/5794 [00:17<01:13, 63.75it/s]
 19%|█▉        | 1109/5794 [00:17<01:14, 62.72it/s]
 19%|█▉        | 1116/5794 [00:17<01:14, 62.91it/s]
 19%|█▉        | 1123/5794 [00:17<01:14, 63.01it/s]
 20%|█▉        | 1130/5794 [00:17<01:14, 62.95it/s]
 20%|█▉        | 1137/5794 [00:17<01:13, 63.08it/s]
 20%|█▉        | 1144/5794 [00:17<01:13, 63.00it/s]
 20%|█▉        | 1151/5794 [00:17<01:13, 63.09it/s]
 20%|█▉        | 1158/5794 [00:17<01:13, 63.15it/s]
 20%|██        | 1165/5794 [00:18<01:13, 63.09it/s]
 20%|██        | 1172/5794 [00:18<01:12, 63.36it/s]
 20%|██        | 1179/5794 [00:18<01:12, 63.30it/s]
 20%|██        | 1186/5794 [00:18<01:12, 63.39it/s]
 21%|██        | 1193/5794 [00:18<01:12, 63.38it/s]
 21%|██        | 1200/5794 [00:18<01:12, 63.31it/s]
 21%|██        | 1207/5794 [00:18<01:12, 63.34it/s]
 21%|██        | 1214/5794 [00:18<01:12, 63.39it/s]
 21%|██        | 1221/5794 [00:18<01:11, 63.53it/s]
 21%|██        | 1228/5794 [00:19<01:11, 64.29it/s]
 21%|██▏       | 1236/5794 [00:19<01:08, 66.38it/s]
 21%|██▏       | 1244/5794 [00:19<01:07, 67.68it/s]
 22%|██▏       | 1252/5794 [00:19<01:05, 68.89it/s]
 22%|██▏       | 1260/5794 [00:19<01:04, 69.80it/s]
 22%|██▏       | 1268/5794 [00:19<01:04, 70.27it/s]
 22%|██▏       | 1276/5794 [00:19<01:04, 70.29it/s]
 22%|██▏       | 1284/5794 [00:19<01:04, 70.44it/s]
 22%|██▏       | 1292/5794 [00:19<01:03, 70.78it/s]
 22%|██▏       | 1300/5794 [00:20<01:03, 70.76it/s]
 23%|██▎       | 1308/5794 [00:20<01:03, 71.17it/s]
 23%|██▎       | 1316/5794 [00:20<01:03, 70.98it/s]
 23%|██▎       | 1324/5794 [00:20<01:03, 70.92it/s]
 23%|██▎       | 1332/5794 [00:20<01:03, 70.34it/s]
 23%|██▎       | 1340/5794 [00:20<01:05, 68.18it/s]
 23%|██▎       | 1347/5794 [00:20<01:06, 66.69it/s]
 23%|██▎       | 1354/5794 [00:20<01:07, 65.87it/s]
 23%|██▎       | 1361/5794 [00:20<01:07, 65.23it/s]
 24%|██▎       | 1368/5794 [00:21<01:07, 65.77it/s]
 24%|██▎       | 1376/5794 [00:21<01:05, 67.11it/s]
 24%|██▍       | 1383/5794 [00:21<01:04, 67.87it/s]
 24%|██▍       | 1391/5794 [00:21<01:04, 68.31it/s]
 24%|██▍       | 1398/5794 [00:21<01:05, 66.99it/s]
 24%|██▍       | 1405/5794 [00:21<01:06, 65.98it/s]
 24%|██▍       | 1412/5794 [00:21<01:07, 65.22it/s]
 24%|██▍       | 1419/5794 [00:21<01:07, 64.67it/s]
 25%|██▍       | 1426/5794 [00:21<01:07, 64.32it/s]
 25%|██▍       | 1433/5794 [00:22<01:08, 63.93it/s]
 25%|██▍       | 1440/5794 [00:22<01:08, 63.89it/s]
 25%|██▍       | 1447/5794 [00:22<01:08, 63.87it/s]
 25%|██▌       | 1454/5794 [00:22<01:08, 63.73it/s]
 25%|██▌       | 1461/5794 [00:22<01:08, 63.67it/s]
 25%|██▌       | 1468/5794 [00:22<01:08, 63.49it/s]
 25%|██▌       | 1475/5794 [00:22<01:08, 63.49it/s]
 26%|██▌       | 1482/5794 [00:22<01:07, 63.53it/s]
 26%|██▌       | 1489/5794 [00:22<01:06, 65.17it/s]
 26%|██▌       | 1496/5794 [00:23<01:06, 64.32it/s]
 26%|██▌       | 1503/5794 [00:23<01:07, 63.95it/s]
 26%|██▌       | 1510/5794 [00:23<01:07, 63.54it/s]
 26%|██▌       | 1517/5794 [00:23<01:07, 63.43it/s]
 26%|██▋       | 1524/5794 [00:23<01:07, 63.49it/s]
 26%|██▋       | 1531/5794 [00:23<01:07, 63.46it/s]
 27%|██▋       | 1538/5794 [00:23<01:07, 63.25it/s]
 27%|██▋       | 1545/5794 [00:23<01:07, 63.37it/s]
 27%|██▋       | 1552/5794 [00:23<01:07, 63.15it/s]
 27%|██▋       | 1559/5794 [00:24<01:06, 63.69it/s]
 27%|██▋       | 1567/5794 [00:24<01:03, 66.49it/s]
 27%|██▋       | 1574/5794 [00:24<01:04, 65.83it/s]
 27%|██▋       | 1581/5794 [00:24<01:04, 65.23it/s]
 27%|██▋       | 1588/5794 [00:24<01:05, 64.53it/s]
 28%|██▊       | 1595/5794 [00:24<01:05, 64.52it/s]
 28%|██▊       | 1602/5794 [00:24<01:05, 64.05it/s]
 28%|██▊       | 1609/5794 [00:24<01:05, 63.93it/s]
 28%|██▊       | 1616/5794 [00:24<01:03, 65.60it/s]
 28%|██▊       | 1623/5794 [00:25<01:02, 66.80it/s]
 28%|██▊       | 1631/5794 [00:25<01:01, 68.07it/s]
 28%|██▊       | 1639/5794 [00:25<01:00, 68.72it/s]
 28%|██▊       | 1647/5794 [00:25<00:59, 69.39it/s]
 29%|██▊       | 1655/5794 [00:25<00:59, 69.73it/s]
 29%|██▊       | 1663/5794 [00:25<00:58, 70.06it/s]
 29%|██▉       | 1671/5794 [00:25<00:58, 70.07it/s]
 29%|██▉       | 1679/5794 [00:25<00:58, 70.44it/s]
 29%|██▉       | 1687/5794 [00:25<00:58, 70.40it/s]
 29%|██▉       | 1695/5794 [00:26<00:58, 70.53it/s]
 29%|██▉       | 1703/5794 [00:26<00:58, 70.37it/s]
 30%|██▉       | 1711/5794 [00:26<00:58, 70.37it/s]
 30%|██▉       | 1719/5794 [00:26<00:58, 70.07it/s]
 30%|██▉       | 1727/5794 [00:26<00:58, 70.06it/s]
 30%|██▉       | 1735/5794 [00:26<00:57, 70.27it/s]
 30%|███       | 1743/5794 [00:26<00:57, 70.13it/s]
 30%|███       | 1751/5794 [00:26<00:57, 70.24it/s]
 30%|███       | 1759/5794 [00:26<00:57, 70.24it/s]
 30%|███       | 1767/5794 [00:27<00:57, 70.24it/s]
 31%|███       | 1775/5794 [00:27<00:57, 70.00it/s]
 31%|███       | 1783/5794 [00:27<00:59, 67.47it/s]
 31%|███       | 1790/5794 [00:27<01:00, 66.22it/s]
 31%|███       | 1797/5794 [00:27<01:00, 65.58it/s]
 31%|███       | 1804/5794 [00:27<01:01, 64.95it/s]
 31%|███▏      | 1811/5794 [00:27<01:01, 64.47it/s]
 31%|███▏      | 1818/5794 [00:27<01:01, 64.26it/s]
 31%|███▏      | 1825/5794 [00:27<01:02, 63.92it/s]
 32%|███▏      | 1832/5794 [00:28<01:02, 63.86it/s]
 32%|███▏      | 1839/5794 [00:28<01:02, 63.71it/s]
 32%|███▏      | 1846/5794 [00:28<01:02, 63.51it/s]
 32%|███▏      | 1853/5794 [00:28<01:02, 63.39it/s]
 32%|███▏      | 1860/5794 [00:28<01:02, 63.05it/s]
 32%|███▏      | 1867/5794 [00:28<01:02, 63.23it/s]
 32%|███▏      | 1874/5794 [00:28<01:02, 63.15it/s]
 32%|███▏      | 1881/5794 [00:28<01:02, 62.95it/s]
 33%|███▎      | 1888/5794 [00:28<01:01, 63.16it/s]
 33%|███▎      | 1895/5794 [00:29<01:01, 63.05it/s]
 33%|███▎      | 1902/5794 [00:29<01:00, 63.82it/s]
 33%|███▎      | 1909/5794 [00:29<01:01, 63.67it/s]
 33%|███▎      | 1916/5794 [00:29<01:01, 63.46it/s]
 33%|███▎      | 1923/5794 [00:29<01:01, 63.35it/s]
 33%|███▎      | 1930/5794 [00:29<01:00, 63.35it/s]
 33%|███▎      | 1937/5794 [00:29<01:00, 63.41it/s]
 34%|███▎      | 1944/5794 [00:29<01:00, 63.26it/s]
 34%|███▎      | 1951/5794 [00:29<01:00, 63.38it/s]
 34%|███▍      | 1958/5794 [00:30<01:00, 63.28it/s]
 34%|███▍      | 1965/5794 [00:30<01:00, 63.34it/s]
 34%|███▍      | 1972/5794 [00:30<01:00, 63.41it/s]
 34%|███▍      | 1979/5794 [00:30<01:00, 63.41it/s]
 34%|███▍      | 1986/5794 [00:30<00:59, 63.49it/s]
 34%|███▍      | 1993/5794 [00:30<01:00, 63.02it/s]
 35%|███▍      | 2000/5794 [00:30<01:00, 63.10it/s]
 35%|███▍      | 2007/5794 [00:30<00:59, 63.29it/s]
 35%|███▍      | 2014/5794 [00:30<00:59, 63.05it/s]
 35%|███▍      | 2021/5794 [00:31<00:59, 63.23it/s]
 35%|███▌      | 2028/5794 [00:31<00:59, 63.06it/s]
 35%|███▌      | 2035/5794 [00:31<00:58, 63.74it/s]
 35%|███▌      | 2042/5794 [00:31<00:59, 63.36it/s]
 35%|███▌      | 2049/5794 [00:31<00:59, 63.33it/s]
 35%|███▌      | 2056/5794 [00:31<00:57, 64.62it/s]
 36%|███▌      | 2064/5794 [00:31<00:55, 66.89it/s]
 36%|███▌      | 2072/5794 [00:31<00:54, 68.67it/s]
 36%|███▌      | 2080/5794 [00:31<00:53, 69.72it/s]
 36%|███▌      | 2088/5794 [00:32<00:52, 70.75it/s]
 36%|███▌      | 2096/5794 [00:32<00:51, 71.36it/s]
 36%|███▋      | 2104/5794 [00:32<00:51, 71.67it/s]
 36%|███▋      | 2112/5794 [00:32<00:51, 71.97it/s]
 37%|███▋      | 2120/5794 [00:32<00:50, 72.46it/s]
 37%|███▋      | 2128/5794 [00:32<00:50, 72.60it/s]
 37%|███▋      | 2136/5794 [00:32<00:50, 72.65it/s]
 37%|███▋      | 2144/5794 [00:32<00:50, 72.46it/s]
 37%|███▋      | 2152/5794 [00:32<00:50, 72.41it/s]
 37%|███▋      | 2160/5794 [00:33<00:50, 72.50it/s]
 37%|███▋      | 2168/5794 [00:33<00:50, 72.11it/s]
 38%|███▊      | 2176/5794 [00:33<00:49, 72.39it/s]
 38%|███▊      | 2184/5794 [00:33<00:49, 72.36it/s]
 38%|███▊      | 2192/5794 [00:33<00:49, 72.57it/s]
 38%|███▊      | 2200/5794 [00:33<00:49, 72.39it/s]
 38%|███▊      | 2208/5794 [00:33<00:49, 72.45it/s]
 38%|███▊      | 2216/5794 [00:33<00:50, 70.40it/s]
 38%|███▊      | 2224/5794 [00:33<00:52, 68.04it/s]
 39%|███▊      | 2231/5794 [00:34<00:53, 66.51it/s]
 39%|███▊      | 2238/5794 [00:34<00:54, 65.65it/s]
 39%|███▊      | 2245/5794 [00:34<00:54, 64.95it/s]
 39%|███▉      | 2252/5794 [00:34<00:55, 64.30it/s]
 39%|███▉      | 2259/5794 [00:34<00:55, 64.09it/s]
 39%|███▉      | 2266/5794 [00:34<00:55, 63.06it/s]
 39%|███▉      | 2273/5794 [00:34<00:55, 63.13it/s]
 39%|███▉      | 2280/5794 [00:34<00:55, 63.18it/s]
 39%|███▉      | 2287/5794 [00:34<00:55, 63.13it/s]
 40%|███▉      | 2294/5794 [00:35<00:55, 62.94it/s]
 40%|███▉      | 2301/5794 [00:35<00:55, 62.71it/s]
 40%|███▉      | 2308/5794 [00:35<00:55, 62.88it/s]
 40%|███▉      | 2315/5794 [00:35<00:55, 63.02it/s]
 40%|████      | 2322/5794 [00:35<00:55, 62.62it/s]
 40%|████      | 2329/5794 [00:35<00:55, 62.93it/s]
 40%|████      | 2336/5794 [00:35<00:55, 62.81it/s]
 40%|████      | 2343/5794 [00:35<00:54, 63.05it/s]
 41%|████      | 2350/5794 [00:35<00:54, 62.94it/s]
 41%|████      | 2357/5794 [00:36<00:54, 62.86it/s]
 41%|████      | 2364/5794 [00:36<00:54, 63.07it/s]
 41%|████      | 2371/5794 [00:36<00:53, 64.26it/s]
 41%|████      | 2379/5794 [00:36<00:51, 66.44it/s]
 41%|████      | 2387/5794 [00:36<00:50, 67.71it/s]
 41%|████▏     | 2395/5794 [00:36<00:49, 68.98it/s]
 41%|████▏     | 2403/5794 [00:36<00:48, 69.42it/s]
 42%|████▏     | 2411/5794 [00:36<00:48, 69.87it/s]
 42%|████▏     | 2419/5794 [00:36<00:48, 70.23it/s]
 42%|████▏     | 2427/5794 [00:37<00:47, 70.71it/s]
 42%|████▏     | 2435/5794 [00:37<00:47, 71.00it/s]
 42%|████▏     | 2443/5794 [00:37<00:47, 71.07it/s]
 42%|████▏     | 2451/5794 [00:37<00:46, 71.21it/s]
 42%|████▏     | 2459/5794 [00:37<00:47, 69.58it/s]
 43%|████▎     | 2466/5794 [00:37<00:49, 67.78it/s]
 43%|████▎     | 2473/5794 [00:37<00:50, 66.38it/s]
 43%|████▎     | 2480/5794 [00:37<00:50, 65.34it/s]
 43%|████▎     | 2487/5794 [00:37<00:51, 64.62it/s]
 43%|████▎     | 2494/5794 [00:38<00:51, 64.34it/s]
 43%|████▎     | 2501/5794 [00:38<00:52, 62.93it/s]
 43%|████▎     | 2508/5794 [00:38<00:52, 62.24it/s]
 43%|████▎     | 2515/5794 [00:38<00:52, 62.33it/s]
 44%|████▎     | 2522/5794 [00:38<00:52, 62.27it/s]
 44%|████▎     | 2529/5794 [00:38<00:52, 62.52it/s]
 44%|████▍     | 2536/5794 [00:38<00:52, 62.43it/s]
 44%|████▍     | 2543/5794 [00:38<00:52, 62.52it/s]
 44%|████▍     | 2550/5794 [00:39<00:51, 62.53it/s]
 44%|████▍     | 2557/5794 [00:39<00:51, 62.55it/s]
 44%|████▍     | 2564/5794 [00:39<00:51, 62.67it/s]
 44%|████▍     | 2571/5794 [00:39<00:51, 62.66it/s]
 44%|████▍     | 2578/5794 [00:39<00:51, 62.78it/s]
 45%|████▍     | 2585/5794 [00:39<00:50, 63.31it/s]
 45%|████▍     | 2592/5794 [00:39<00:49, 65.14it/s]
 45%|████▍     | 2600/5794 [00:39<00:47, 66.97it/s]
 45%|████▌     | 2608/5794 [00:39<00:46, 68.07it/s]
 45%|████▌     | 2616/5794 [00:39<00:46, 69.05it/s]
 45%|████▌     | 2623/5794 [00:40<00:45, 69.27it/s]
 45%|████▌     | 2631/5794 [00:40<00:45, 69.84it/s]
 46%|████▌     | 2639/5794 [00:40<00:45, 70.05it/s]
 46%|████▌     | 2647/5794 [00:40<00:44, 70.35it/s]
 46%|████▌     | 2655/5794 [00:40<00:44, 70.33it/s]
 46%|████▌     | 2663/5794 [00:40<00:44, 70.42it/s]
 46%|████▌     | 2671/5794 [00:40<00:44, 70.73it/s]
 46%|████▌     | 2679/5794 [00:40<00:44, 70.40it/s]
 46%|████▋     | 2687/5794 [00:40<00:43, 70.69it/s]
 47%|████▋     | 2695/5794 [00:41<00:44, 69.55it/s]
 47%|████▋     | 2702/5794 [00:41<00:45, 67.62it/s]
 47%|████▋     | 2709/5794 [00:41<00:46, 66.00it/s]
 47%|████▋     | 2716/5794 [00:41<00:47, 64.99it/s]
 47%|████▋     | 2723/5794 [00:41<00:47, 64.39it/s]
 47%|████▋     | 2730/5794 [00:41<00:47, 63.89it/s]
 47%|████▋     | 2737/5794 [00:41<00:48, 63.53it/s]
 47%|████▋     | 2744/5794 [00:41<00:46, 65.05it/s]
 47%|████▋     | 2752/5794 [00:42<00:45, 67.00it/s]
 48%|████▊     | 2760/5794 [00:42<00:44, 68.17it/s]
 48%|████▊     | 2768/5794 [00:42<00:43, 69.22it/s]
 48%|████▊     | 2776/5794 [00:42<00:43, 69.71it/s]
 48%|████▊     | 2784/5794 [00:42<00:42, 70.14it/s]
 48%|████▊     | 2792/5794 [00:42<00:42, 70.05it/s]
 48%|████▊     | 2800/5794 [00:42<00:42, 70.52it/s]
 48%|████▊     | 2808/5794 [00:42<00:42, 70.25it/s]
 49%|████▊     | 2816/5794 [00:42<00:42, 70.31it/s]
 49%|████▊     | 2824/5794 [00:43<00:43, 68.20it/s]
 49%|████▉     | 2831/5794 [00:43<00:44, 66.61it/s]
 49%|████▉     | 2838/5794 [00:43<00:45, 65.50it/s]
 49%|████▉     | 2845/5794 [00:43<00:45, 64.51it/s]
 49%|████▉     | 2852/5794 [00:43<00:45, 64.02it/s]
 49%|████▉     | 2859/5794 [00:43<00:46, 63.74it/s]
 49%|████▉     | 2866/5794 [00:43<00:46, 62.80it/s]
 50%|████▉     | 2873/5794 [00:43<00:46, 62.63it/s]
 50%|████▉     | 2880/5794 [00:43<00:46, 62.47it/s]
 50%|████▉     | 2887/5794 [00:44<00:46, 62.67it/s]
 50%|████▉     | 2894/5794 [00:44<00:46, 62.54it/s]
 50%|█████     | 2901/5794 [00:44<00:46, 62.50it/s]
 50%|█████     | 2908/5794 [00:44<00:46, 62.47it/s]
 50%|█████     | 2915/5794 [00:44<00:45, 63.36it/s]
 50%|█████     | 2923/5794 [00:44<00:43, 65.49it/s]
 51%|█████     | 2931/5794 [00:44<00:42, 66.92it/s]
 51%|█████     | 2939/5794 [00:44<00:41, 68.00it/s]
 51%|█████     | 2947/5794 [00:44<00:41, 68.67it/s]
 51%|█████     | 2955/5794 [00:45<00:41, 69.18it/s]
 51%|█████     | 2963/5794 [00:45<00:40, 69.55it/s]
 51%|█████▏    | 2971/5794 [00:45<00:40, 69.93it/s]
 51%|█████▏    | 2979/5794 [00:45<00:40, 70.13it/s]
 52%|█████▏    | 2987/5794 [00:45<00:39, 70.41it/s]
 52%|█████▏    | 2995/5794 [00:45<00:39, 70.55it/s]
 52%|█████▏    | 3003/5794 [00:45<00:39, 70.56it/s]
 52%|█████▏    | 3011/5794 [00:45<00:39, 70.71it/s]
 52%|█████▏    | 3019/5794 [00:45<00:40, 68.06it/s]
 52%|█████▏    | 3026/5794 [00:46<00:41, 66.57it/s]
 52%|█████▏    | 3033/5794 [00:46<00:42, 65.45it/s]
 52%|█████▏    | 3040/5794 [00:46<00:42, 64.67it/s]
 53%|█████▎    | 3047/5794 [00:46<00:42, 64.05it/s]
 53%|█████▎    | 3054/5794 [00:46<00:42, 63.76it/s]
 53%|█████▎    | 3061/5794 [00:46<00:42, 64.80it/s]
 53%|█████▎    | 3069/5794 [00:46<00:40, 66.50it/s]
 53%|█████▎    | 3077/5794 [00:46<00:40, 67.87it/s]
 53%|█████▎    | 3084/5794 [00:46<00:39, 68.41it/s]
 53%|█████▎    | 3092/5794 [00:47<00:39, 69.17it/s]
 54%|█████▎    | 3100/5794 [00:47<00:38, 69.69it/s]
 54%|█████▎    | 3108/5794 [00:47<00:38, 70.17it/s]
 54%|█████▍    | 3116/5794 [00:47<00:38, 70.35it/s]
 54%|█████▍    | 3124/5794 [00:47<00:38, 70.18it/s]
 54%|█████▍    | 3132/5794 [00:47<00:37, 70.35it/s]
 54%|█████▍    | 3140/5794 [00:47<00:37, 70.58it/s]
 54%|█████▍    | 3148/5794 [00:47<00:37, 70.66it/s]
 54%|█████▍    | 3156/5794 [00:47<00:37, 70.38it/s]
 55%|█████▍    | 3164/5794 [00:48<00:37, 70.57it/s]
 55%|█████▍    | 3172/5794 [00:48<00:37, 70.59it/s]
 55%|█████▍    | 3180/5794 [00:48<00:36, 70.68it/s]
 55%|█████▌    | 3188/5794 [00:48<00:37, 68.99it/s]
 55%|█████▌    | 3195/5794 [00:48<00:38, 67.29it/s]
 55%|█████▌    | 3202/5794 [00:48<00:39, 65.87it/s]
 55%|█████▌    | 3209/5794 [00:48<00:39, 65.10it/s]
 56%|█████▌    | 3216/5794 [00:48<00:40, 64.17it/s]
 56%|█████▌    | 3223/5794 [00:48<00:40, 63.83it/s]
 56%|█████▌    | 3230/5794 [00:49<00:40, 63.59it/s]
 56%|█████▌    | 3237/5794 [00:49<00:40, 63.29it/s]
 56%|█████▌    | 3244/5794 [00:49<00:40, 62.96it/s]
 56%|█████▌    | 3251/5794 [00:49<00:40, 63.01it/s]
 56%|█████▌    | 3259/5794 [00:49<00:38, 65.67it/s]
 56%|█████▋    | 3267/5794 [00:49<00:37, 67.63it/s]
 57%|█████▋    | 3275/5794 [00:49<00:36, 68.89it/s]
 57%|█████▋    | 3283/5794 [00:49<00:35, 69.97it/s]
 57%|█████▋    | 3291/5794 [00:50<00:35, 69.98it/s]
 57%|█████▋    | 3299/5794 [00:50<00:35, 70.06it/s]
 57%|█████▋    | 3307/5794 [00:50<00:35, 70.16it/s]
 57%|█████▋    | 3315/5794 [00:50<00:35, 70.42it/s]
 57%|█████▋    | 3323/5794 [00:50<00:35, 70.44it/s]
 57%|█████▋    | 3331/5794 [00:50<00:34, 70.61it/s]
 58%|█████▊    | 3339/5794 [00:50<00:34, 70.36it/s]
 58%|█████▊    | 3347/5794 [00:50<00:34, 70.37it/s]
 58%|█████▊    | 3355/5794 [00:50<00:34, 70.30it/s]
 58%|█████▊    | 3363/5794 [00:51<00:34, 70.49it/s]
 58%|█████▊    | 3371/5794 [00:51<00:34, 69.81it/s]
 58%|█████▊    | 3378/5794 [00:51<00:34, 69.35it/s]
 58%|█████▊    | 3386/5794 [00:51<00:34, 69.62it/s]
 59%|█████▊    | 3394/5794 [00:51<00:34, 69.91it/s]
 59%|█████▊    | 3402/5794 [00:51<00:34, 70.00it/s]
 59%|█████▉    | 3410/5794 [00:51<00:33, 70.13it/s]
 59%|█████▉    | 3418/5794 [00:51<00:33, 70.16it/s]
 59%|█████▉    | 3426/5794 [00:51<00:33, 70.20it/s]
 59%|█████▉    | 3434/5794 [00:52<00:33, 70.33it/s]
 59%|█████▉    | 3442/5794 [00:52<00:33, 70.47it/s]
 60%|█████▉    | 3450/5794 [00:52<00:33, 70.57it/s]
 60%|█████▉    | 3458/5794 [00:52<00:33, 70.68it/s]
 60%|█████▉    | 3466/5794 [00:52<00:32, 70.90it/s]
 60%|█████▉    | 3474/5794 [00:52<00:32, 70.85it/s]
 60%|██████    | 3482/5794 [00:52<00:33, 70.06it/s]
 60%|██████    | 3490/5794 [00:52<00:32, 70.39it/s]
 60%|██████    | 3498/5794 [00:52<00:32, 70.70it/s]
 61%|██████    | 3506/5794 [00:53<00:32, 70.84it/s]
 61%|██████    | 3514/5794 [00:53<00:32, 71.05it/s]
 61%|██████    | 3522/5794 [00:53<00:33, 68.81it/s]
 61%|██████    | 3529/5794 [00:53<00:32, 68.95it/s]
 61%|██████    | 3537/5794 [00:53<00:32, 69.83it/s]
 61%|██████    | 3545/5794 [00:53<00:31, 70.43it/s]
 61%|██████▏   | 3553/5794 [00:53<00:31, 70.37it/s]
 61%|██████▏   | 3561/5794 [00:53<00:31, 70.61it/s]
 62%|██████▏   | 3569/5794 [00:53<00:31, 70.79it/s]
 62%|██████▏   | 3577/5794 [00:54<00:31, 70.95it/s]
 62%|██████▏   | 3585/5794 [00:54<00:31, 69.23it/s]
 62%|██████▏   | 3592/5794 [00:54<00:32, 67.12it/s]
 62%|██████▏   | 3599/5794 [00:54<00:33, 66.13it/s]
 62%|██████▏   | 3606/5794 [00:54<00:33, 65.27it/s]
 62%|██████▏   | 3613/5794 [00:54<00:33, 64.71it/s]
 62%|██████▏   | 3620/5794 [00:54<00:33, 64.16it/s]
 63%|██████▎   | 3627/5794 [00:54<00:34, 63.68it/s]
 63%|██████▎   | 3634/5794 [00:54<00:33, 63.64it/s]
 63%|██████▎   | 3641/5794 [00:55<00:32, 65.27it/s]
 63%|██████▎   | 3649/5794 [00:55<00:32, 67.02it/s]
 63%|██████▎   | 3657/5794 [00:55<00:31, 68.48it/s]
 63%|██████▎   | 3665/5794 [00:55<00:30, 69.34it/s]
 63%|██████▎   | 3673/5794 [00:55<00:30, 70.08it/s]
 64%|██████▎   | 3681/5794 [00:55<00:29, 70.55it/s]
 64%|██████▎   | 3689/5794 [00:55<00:29, 70.91it/s]
 64%|██████▍   | 3697/5794 [00:55<00:29, 71.13it/s]
 64%|██████▍   | 3705/5794 [00:55<00:29, 71.37it/s]
 64%|██████▍   | 3713/5794 [00:56<00:29, 71.46it/s]
 64%|██████▍   | 3721/5794 [00:56<00:28, 71.64it/s]
 64%|██████▍   | 3729/5794 [00:56<00:28, 71.61it/s]
 64%|██████▍   | 3737/5794 [00:56<00:28, 71.67it/s]
 65%|██████▍   | 3745/5794 [00:56<00:28, 71.64it/s]
 65%|██████▍   | 3753/5794 [00:56<00:28, 71.86it/s]
 65%|██████▍   | 3761/5794 [00:56<00:28, 71.71it/s]
 65%|██████▌   | 3769/5794 [00:56<00:28, 71.33it/s]
 65%|██████▌   | 3777/5794 [00:56<00:28, 70.53it/s]
 65%|██████▌   | 3785/5794 [00:57<00:28, 70.14it/s]
 65%|██████▌   | 3793/5794 [00:57<00:28, 70.00it/s]
 66%|██████▌   | 3801/5794 [00:57<00:28, 70.28it/s]
 66%|██████▌   | 3809/5794 [00:57<00:28, 70.54it/s]
 66%|██████▌   | 3817/5794 [00:57<00:28, 70.48it/s]
 66%|██████▌   | 3825/5794 [00:57<00:27, 70.80it/s]
 66%|██████▌   | 3833/5794 [00:57<00:27, 71.16it/s]
 66%|██████▋   | 3841/5794 [00:57<00:27, 70.96it/s]
 66%|██████▋   | 3849/5794 [00:57<00:27, 71.27it/s]
 67%|██████▋   | 3857/5794 [00:58<00:27, 71.18it/s]
 67%|██████▋   | 3865/5794 [00:58<00:27, 71.36it/s]
 67%|██████▋   | 3873/5794 [00:58<00:26, 71.57it/s]
 67%|██████▋   | 3881/5794 [00:58<00:26, 71.78it/s]
 67%|██████▋   | 3889/5794 [00:58<00:26, 71.92it/s]
 67%|██████▋   | 3897/5794 [00:58<00:26, 71.87it/s]
 67%|██████▋   | 3905/5794 [00:58<00:26, 71.97it/s]
 68%|██████▊   | 3913/5794 [00:58<00:26, 71.97it/s]
 68%|██████▊   | 3921/5794 [00:58<00:25, 72.10it/s]
 68%|██████▊   | 3929/5794 [00:59<00:25, 72.34it/s]
 68%|██████▊   | 3937/5794 [00:59<00:25, 72.37it/s]
 68%|██████▊   | 3945/5794 [00:59<00:25, 72.36it/s]
 68%|██████▊   | 3953/5794 [00:59<00:25, 72.13it/s]
 68%|██████▊   | 3961/5794 [00:59<00:25, 72.21it/s]
 69%|██████▊   | 3969/5794 [00:59<00:25, 72.12it/s]
 69%|██████▊   | 3977/5794 [00:59<00:25, 72.36it/s]
 69%|██████▉   | 3985/5794 [00:59<00:25, 72.19it/s]
 69%|██████▉   | 3993/5794 [00:59<00:24, 72.23it/s]
 69%|██████▉   | 4001/5794 [01:00<00:24, 71.96it/s]
 69%|██████▉   | 4009/5794 [01:00<00:24, 72.21it/s]
 69%|██████▉   | 4017/5794 [01:00<00:24, 71.90it/s]
 69%|██████▉   | 4025/5794 [01:00<00:24, 72.16it/s]
 70%|██████▉   | 4033/5794 [01:00<00:24, 71.91it/s]
 70%|██████▉   | 4041/5794 [01:00<00:24, 71.94it/s]
 70%|██████▉   | 4049/5794 [01:00<00:24, 71.58it/s]
 70%|███████   | 4057/5794 [01:00<00:24, 71.71it/s]
 70%|███████   | 4065/5794 [01:00<00:24, 71.75it/s]
 70%|███████   | 4073/5794 [01:01<00:23, 71.96it/s]
 70%|███████   | 4081/5794 [01:01<00:23, 71.95it/s]
 71%|███████   | 4089/5794 [01:01<00:23, 72.18it/s]
 71%|███████   | 4097/5794 [01:01<00:23, 72.23it/s]
 71%|███████   | 4105/5794 [01:01<00:23, 72.36it/s]
 71%|███████   | 4113/5794 [01:01<00:23, 72.28it/s]
 71%|███████   | 4121/5794 [01:01<00:23, 72.22it/s]
 71%|███████▏  | 4129/5794 [01:01<00:22, 72.42it/s]
 71%|███████▏  | 4137/5794 [01:01<00:23, 71.66it/s]
 72%|███████▏  | 4145/5794 [01:02<00:22, 71.81it/s]
 72%|███████▏  | 4153/5794 [01:02<00:22, 71.66it/s]
 72%|███████▏  | 4161/5794 [01:02<00:22, 71.82it/s]
 72%|███████▏  | 4169/5794 [01:02<00:22, 71.53it/s]
 72%|███████▏  | 4177/5794 [01:02<00:22, 71.31it/s]
 72%|███████▏  | 4185/5794 [01:02<00:22, 71.41it/s]
 72%|███████▏  | 4193/5794 [01:02<00:22, 70.95it/s]
 73%|███████▎  | 4201/5794 [01:02<00:22, 71.26it/s]
 73%|███████▎  | 4209/5794 [01:02<00:22, 71.17it/s]
 73%|███████▎  | 4217/5794 [01:03<00:22, 71.30it/s]
 73%|███████▎  | 4225/5794 [01:03<00:21, 71.37it/s]
 73%|███████▎  | 4233/5794 [01:03<00:21, 71.48it/s]
 73%|███████▎  | 4241/5794 [01:03<00:21, 71.15it/s]
 73%|███████▎  | 4249/5794 [01:03<00:21, 71.42it/s]
 73%|███████▎  | 4257/5794 [01:03<00:21, 70.98it/s]
 74%|███████▎  | 4265/5794 [01:03<00:21, 71.10it/s]
 74%|███████▎  | 4273/5794 [01:03<00:21, 71.39it/s]
 74%|███████▍  | 4281/5794 [01:04<00:21, 71.92it/s]
 74%|███████▍  | 4289/5794 [01:04<00:20, 72.08it/s]
 74%|███████▍  | 4297/5794 [01:04<00:20, 72.45it/s]
 74%|███████▍  | 4305/5794 [01:04<00:20, 72.31it/s]
 74%|███████▍  | 4313/5794 [01:04<00:20, 72.46it/s]
 75%|███████▍  | 4321/5794 [01:04<00:20, 72.57it/s]
 75%|███████▍  | 4329/5794 [01:04<00:20, 72.44it/s]
 75%|███████▍  | 4337/5794 [01:04<00:20, 72.63it/s]
 75%|███████▍  | 4345/5794 [01:04<00:19, 72.66it/s]
 75%|███████▌  | 4353/5794 [01:05<00:20, 71.70it/s]
 75%|███████▌  | 4361/5794 [01:05<00:19, 71.78it/s]
 75%|███████▌  | 4369/5794 [01:05<00:19, 72.00it/s]
 76%|███████▌  | 4377/5794 [01:05<00:19, 72.10it/s]
 76%|███████▌  | 4385/5794 [01:05<00:19, 72.30it/s]
 76%|███████▌  | 4393/5794 [01:05<00:19, 72.24it/s]
 76%|███████▌  | 4401/5794 [01:05<00:19, 72.28it/s]
 76%|███████▌  | 4409/5794 [01:05<00:19, 72.12it/s]
 76%|███████▌  | 4417/5794 [01:05<00:19, 72.43it/s]
 76%|███████▋  | 4425/5794 [01:05<00:18, 72.48it/s]
 77%|███████▋  | 4433/5794 [01:06<00:18, 72.18it/s]
 77%|███████▋  | 4441/5794 [01:06<00:18, 72.35it/s]
 77%|███████▋  | 4449/5794 [01:06<00:18, 72.34it/s]
 77%|███████▋  | 4457/5794 [01:06<00:18, 72.55it/s]
 77%|███████▋  | 4465/5794 [01:06<00:18, 72.38it/s]
 77%|███████▋  | 4473/5794 [01:06<00:18, 72.53it/s]
 77%|███████▋  | 4481/5794 [01:06<00:18, 72.27it/s]
 77%|███████▋  | 4489/5794 [01:06<00:18, 72.20it/s]
 78%|███████▊  | 4497/5794 [01:06<00:17, 72.17it/s]
 78%|███████▊  | 4505/5794 [01:07<00:17, 72.35it/s]
 78%|███████▊  | 4513/5794 [01:07<00:17, 72.31it/s]
 78%|███████▊  | 4521/5794 [01:07<00:17, 71.95it/s]
 78%|███████▊  | 4529/5794 [01:07<00:17, 71.74it/s]
 78%|███████▊  | 4537/5794 [01:07<00:17, 72.38it/s]
 78%|███████▊  | 4545/5794 [01:07<00:17, 72.61it/s]
 79%|███████▊  | 4553/5794 [01:07<00:17, 72.66it/s]
 79%|███████▊  | 4561/5794 [01:07<00:17, 72.44it/s]
 79%|███████▉  | 4569/5794 [01:07<00:16, 72.38it/s]
 79%|███████▉  | 4577/5794 [01:08<00:16, 72.01it/s]
 79%|███████▉  | 4585/5794 [01:08<00:16, 72.22it/s]
 79%|███████▉  | 4593/5794 [01:08<00:16, 72.28it/s]
 79%|███████▉  | 4601/5794 [01:08<00:16, 71.90it/s]
 80%|███████▉  | 4609/5794 [01:08<00:16, 72.02it/s]
 80%|███████▉  | 4617/5794 [01:08<00:16, 71.95it/s]
 80%|███████▉  | 4625/5794 [01:08<00:16, 72.17it/s]
 80%|███████▉  | 4633/5794 [01:08<00:16, 71.98it/s]
 80%|████████  | 4641/5794 [01:08<00:15, 72.10it/s]
 80%|████████  | 4649/5794 [01:09<00:15, 71.80it/s]
 80%|████████  | 4657/5794 [01:09<00:15, 71.96it/s]
 81%|████████  | 4665/5794 [01:09<00:15, 71.81it/s]
 81%|████████  | 4673/5794 [01:09<00:15, 71.96it/s]
 81%|████████  | 4681/5794 [01:09<00:15, 72.19it/s]
 81%|████████  | 4689/5794 [01:09<00:15, 72.42it/s]
 81%|████████  | 4697/5794 [01:09<00:15, 72.45it/s]
 81%|████████  | 4705/5794 [01:09<00:14, 72.81it/s]
 81%|████████▏ | 4713/5794 [01:09<00:14, 72.74it/s]
 81%|████████▏ | 4721/5794 [01:10<00:14, 72.75it/s]
 82%|████████▏ | 4729/5794 [01:10<00:14, 72.94it/s]
 82%|████████▏ | 4737/5794 [01:10<00:14, 72.88it/s]
 82%|████████▏ | 4745/5794 [01:10<00:14, 72.93it/s]
 82%|████████▏ | 4753/5794 [01:10<00:14, 72.88it/s]
 82%|████████▏ | 4761/5794 [01:10<00:14, 72.94it/s]
 82%|████████▏ | 4769/5794 [01:10<00:14, 72.79it/s]
 82%|████████▏ | 4777/5794 [01:10<00:13, 72.96it/s]
 83%|████████▎ | 4785/5794 [01:10<00:13, 72.86it/s]
 83%|████████▎ | 4793/5794 [01:11<00:13, 72.91it/s]
 83%|████████▎ | 4801/5794 [01:11<00:13, 72.79it/s]
 83%|████████▎ | 4809/5794 [01:11<00:13, 72.84it/s]
 83%|████████▎ | 4817/5794 [01:11<00:13, 72.54it/s]
 83%|████████▎ | 4825/5794 [01:11<00:13, 72.76it/s]
 83%|████████▎ | 4833/5794 [01:11<00:13, 72.26it/s]
 84%|████████▎ | 4841/5794 [01:11<00:13, 72.15it/s]
 84%|████████▎ | 4849/5794 [01:11<00:13, 72.10it/s]
 84%|████████▍ | 4857/5794 [01:11<00:12, 72.40it/s]
 84%|████████▍ | 4865/5794 [01:12<00:12, 72.56it/s]
 84%|████████▍ | 4873/5794 [01:12<00:12, 72.17it/s]
 84%|████████▍ | 4881/5794 [01:12<00:12, 72.38it/s]
 84%|████████▍ | 4889/5794 [01:12<00:12, 72.49it/s]
 85%|████████▍ | 4897/5794 [01:12<00:12, 72.69it/s]
 85%|████████▍ | 4905/5794 [01:12<00:12, 72.44it/s]
 85%|████████▍ | 4913/5794 [01:12<00:12, 72.44it/s]
 85%|████████▍ | 4921/5794 [01:12<00:12, 72.22it/s]
 85%|████████▌ | 4929/5794 [01:12<00:12, 72.07it/s]
 85%|████████▌ | 4937/5794 [01:13<00:11, 71.91it/s]
 85%|████████▌ | 4945/5794 [01:13<00:11, 72.07it/s]
 85%|████████▌ | 4953/5794 [01:13<00:11, 72.02it/s]
 86%|████████▌ | 4961/5794 [01:13<00:11, 72.26it/s]
 86%|████████▌ | 4969/5794 [01:13<00:11, 72.30it/s]
 86%|████████▌ | 4977/5794 [01:13<00:11, 72.51it/s]
 86%|████████▌ | 4985/5794 [01:13<00:11, 72.33it/s]
 86%|████████▌ | 4993/5794 [01:13<00:11, 72.65it/s]
 86%|████████▋ | 5001/5794 [01:13<00:10, 72.71it/s]
 86%|████████▋ | 5009/5794 [01:14<00:10, 72.53it/s]
 87%|████████▋ | 5017/5794 [01:14<00:10, 72.45it/s]
 87%|████████▋ | 5025/5794 [01:14<00:10, 72.34it/s]
 87%|████████▋ | 5033/5794 [01:14<00:10, 72.53it/s]
 87%|████████▋ | 5041/5794 [01:14<00:10, 72.17it/s]
 87%|████████▋ | 5049/5794 [01:14<00:10, 72.41it/s]
 87%|████████▋ | 5057/5794 [01:14<00:10, 72.27it/s]
 87%|████████▋ | 5065/5794 [01:14<00:10, 72.51it/s]
 88%|████████▊ | 5073/5794 [01:14<00:09, 72.39it/s]
 88%|████████▊ | 5081/5794 [01:15<00:09, 72.54it/s]
 88%|████████▊ | 5089/5794 [01:15<00:09, 72.38it/s]
 88%|████████▊ | 5097/5794 [01:15<00:09, 72.70it/s]
 88%|████████▊ | 5105/5794 [01:15<00:09, 72.68it/s]
 88%|████████▊ | 5113/5794 [01:15<00:09, 72.69it/s]
 88%|████████▊ | 5121/5794 [01:15<00:09, 72.39it/s]
 89%|████████▊ | 5129/5794 [01:15<00:09, 72.54it/s]
 89%|████████▊ | 5137/5794 [01:15<00:09, 72.71it/s]
 89%|████████▉ | 5145/5794 [01:15<00:08, 72.68it/s]
 89%|████████▉ | 5153/5794 [01:16<00:08, 72.85it/s]
 89%|████████▉ | 5161/5794 [01:16<00:08, 72.83it/s]
 89%|████████▉ | 5169/5794 [01:16<00:08, 72.87it/s]
 89%|████████▉ | 5177/5794 [01:16<00:08, 72.91it/s]
 89%|████████▉ | 5185/5794 [01:16<00:08, 72.82it/s]
 90%|████████▉ | 5193/5794 [01:16<00:08, 72.67it/s]
 90%|████████▉ | 5201/5794 [01:16<00:08, 72.81it/s]
 90%|████████▉ | 5209/5794 [01:16<00:08, 72.86it/s]
 90%|█████████ | 5217/5794 [01:16<00:07, 73.07it/s]
 90%|█████████ | 5225/5794 [01:17<00:07, 72.96it/s]
 90%|█████████ | 5233/5794 [01:17<00:07, 73.09it/s]
 90%|█████████ | 5241/5794 [01:17<00:07, 72.83it/s]
 91%|█████████ | 5249/5794 [01:17<00:07, 72.43it/s]
 91%|█████████ | 5257/5794 [01:17<00:07, 72.19it/s]
 91%|█████████ | 5265/5794 [01:17<00:07, 71.88it/s]
 91%|█████████ | 5273/5794 [01:17<00:07, 71.50it/s]
 91%|█████████ | 5281/5794 [01:17<00:07, 71.50it/s]
 91%|█████████▏| 5289/5794 [01:17<00:07, 71.75it/s]
 91%|█████████▏| 5297/5794 [01:18<00:06, 71.90it/s]
 92%|█████████▏| 5305/5794 [01:18<00:06, 71.78it/s]
 92%|█████████▏| 5313/5794 [01:18<00:06, 71.72it/s]
 92%|█████████▏| 5321/5794 [01:18<00:06, 71.42it/s]
 92%|█████████▏| 5329/5794 [01:18<00:06, 71.64it/s]
 92%|█████████▏| 5337/5794 [01:18<00:06, 71.80it/s]
 92%|█████████▏| 5345/5794 [01:18<00:06, 71.80it/s]
 92%|█████████▏| 5353/5794 [01:18<00:06, 71.70it/s]
 93%|█████████▎| 5361/5794 [01:18<00:06, 71.34it/s]
 93%|█████████▎| 5369/5794 [01:19<00:05, 71.71it/s]
 93%|█████████▎| 5377/5794 [01:19<00:05, 71.85it/s]
 93%|█████████▎| 5385/5794 [01:19<00:05, 72.17it/s]
 93%|█████████▎| 5393/5794 [01:19<00:05, 72.44it/s]
 93%|█████████▎| 5401/5794 [01:19<00:05, 72.67it/s]
 93%|█████████▎| 5409/5794 [01:19<00:05, 72.61it/s]
 93%|█████████▎| 5417/5794 [01:19<00:05, 72.00it/s]
 94%|█████████▎| 5425/5794 [01:19<00:05, 72.02it/s]
 94%|█████████▍| 5433/5794 [01:19<00:05, 71.81it/s]
 94%|█████████▍| 5441/5794 [01:20<00:04, 71.69it/s]
 94%|█████████▍| 5449/5794 [01:20<00:04, 71.43it/s]
 94%|█████████▍| 5457/5794 [01:20<00:04, 71.63it/s]
 94%|█████████▍| 5465/5794 [01:20<00:04, 71.05it/s]
 94%|█████████▍| 5473/5794 [01:20<00:04, 70.48it/s]
 95%|█████████▍| 5481/5794 [01:20<00:04, 70.89it/s]
 95%|█████████▍| 5489/5794 [01:20<00:04, 71.13it/s]
 95%|█████████▍| 5497/5794 [01:20<00:04, 71.18it/s]
 95%|█████████▌| 5505/5794 [01:20<00:04, 71.15it/s]
 95%|█████████▌| 5513/5794 [01:21<00:03, 71.37it/s]
 95%|█████████▌| 5521/5794 [01:21<00:03, 71.68it/s]
 95%|█████████▌| 5529/5794 [01:21<00:03, 71.33it/s]
 96%|█████████▌| 5537/5794 [01:21<00:03, 71.20it/s]
 96%|█████████▌| 5545/5794 [01:21<00:03, 71.11it/s]
 96%|█████████▌| 5553/5794 [01:21<00:03, 70.55it/s]
 96%|█████████▌| 5561/5794 [01:21<00:03, 69.65it/s]
 96%|█████████▌| 5568/5794 [01:21<00:03, 67.22it/s]
 96%|█████████▌| 5575/5794 [01:21<00:03, 66.04it/s]
 96%|█████████▋| 5582/5794 [01:22<00:03, 64.87it/s]
 96%|█████████▋| 5589/5794 [01:22<00:03, 64.30it/s]
 97%|█████████▋| 5596/5794 [01:22<00:03, 63.83it/s]
 97%|█████████▋| 5603/5794 [01:22<00:03, 63.50it/s]
 97%|█████████▋| 5610/5794 [01:22<00:02, 63.14it/s]
 97%|█████████▋| 5617/5794 [01:22<00:02, 62.95it/s]
 97%|█████████▋| 5624/5794 [01:22<00:02, 62.84it/s]
 97%|█████████▋| 5631/5794 [01:22<00:02, 62.67it/s]
 97%|█████████▋| 5638/5794 [01:22<00:02, 62.66it/s]
 97%|█████████▋| 5645/5794 [01:23<00:02, 62.79it/s]
 98%|█████████▊| 5652/5794 [01:23<00:02, 62.74it/s]
 98%|█████████▊| 5659/5794 [01:23<00:02, 62.86it/s]
 98%|█████████▊| 5666/5794 [01:23<00:02, 62.68it/s]
 98%|█████████▊| 5673/5794 [01:23<00:01, 62.83it/s]
 98%|█████████▊| 5680/5794 [01:23<00:01, 62.69it/s]
 98%|█████████▊| 5687/5794 [01:23<00:01, 62.57it/s]
 98%|█████████▊| 5694/5794 [01:23<00:01, 62.71it/s]
 98%|█████████▊| 5701/5794 [01:23<00:01, 64.44it/s]
 99%|█████████▊| 5709/5794 [01:24<00:01, 66.60it/s]
 99%|█████████▊| 5717/5794 [01:24<00:01, 67.97it/s]
 99%|█████████▉| 5725/5794 [01:24<00:00, 69.26it/s]
 99%|█████████▉| 5733/5794 [01:24<00:00, 69.75it/s]
 99%|█████████▉| 5741/5794 [01:24<00:00, 69.91it/s]
 99%|█████████▉| 5749/5794 [01:24<00:00, 70.50it/s]
 99%|█████████▉| 5757/5794 [01:24<00:00, 70.95it/s]
 99%|█████████▉| 5765/5794 [01:24<00:00, 70.88it/s]
100%|█████████▉| 5773/5794 [01:24<00:00, 71.05it/s]
100%|█████████▉| 5781/5794 [01:25<00:00, 68.69it/s]
100%|█████████▉| 5788/5794 [01:25<00:00, 67.55it/s]
100%|██████████| 5794/5794 [01:25<00:00, 67.86it/s]
BALANCED ACCS CHECKED FOR TEST
TEST SET RESULTS FOR CHECKPOINT trained_weights/waterbirds/gals_waterbird_1.0_forest2water2_21050491_trial_000/best_balanced_valacc_0.57_epoch_0.ckpt
test_acc: 0.6788056610286504
balanced_test_acc: 0.5588686615413307
Land_on_Land_test_acc: 0.9960088691796009
Land_on_Water_test_acc: 0.5525498891352549
Water_on_Land_test_acc: 0.018691588785046728
Water_on_Water_test_acc: 0.6682242990654206
test_acc_Waterbird: 0.34345794392523366
test_acc_Landbird: 0.774279379157428
