[CMD] /home/ryreu/miniconda3/envs/gals_a100/bin/python -u main.py --config configs/waterbirds_100_upweight.yaml --name upweight_waterbird_1.0_forest2water2_21047520_trial_000 DATA.ROOT=/home/ryreu/guided_cnn/waterbirds DATA.WATERBIRDS_DIR=waterbird_1.0_forest2water2 SEED=0 EXP.BASE.LR=0.0010000000000000002 EXP.CLASSIFIER.LR=9.999999999999991e-05 EXP.WEIGHT_DECAY=9.999999999999997e-06 EXP.AUX_LOSSES_ON_VAL=False EXP.NUM_EPOCHS=1
SEED: 0
DATA:
  BATCH_SIZE: 96
  NUM_WORKERS: 4
  SIZE: 224
  NORMALIZATION: imagenet
  ATTENTION_DIR: NONE
  SEPARATE_CLASSES: true
  REMOVE_BACKGROUND: false
  ROOT: /home/ryreu/guided_cnn/waterbirds
  USE_CLASS_WEIGHTS: true
  USE_GROUP_WEIGHTS: false
  DATASET: waterbirds
  NUM_CLASSES: 2
  CONFOUNDING_FACTOR: 1.0
  WATERBIRDS_DIR: waterbird_1.0_forest2water2
EXP:
  NUM_TRIALS: 1
  LOSSES:
    CLASSIFICATION:
      WEIGHT: 1
    GRADIENT_OUTSIDE:
      COMPUTE: false
      LOG: false
      WEIGHT: 0.01
      CRITERION: L1
      GT: segmentation
      COMBINE_ATT_MODE: average_nonzero
    GRADIENT_INSIDE:
      COMPUTE: false
      LOG: false
      WEIGHT: 1
      CRITERION: L1
      GT: segmentation
      COMBINE_ATT_MODE: average_nonzero
    GRADCAM:
      COMPUTE: false
      LOG: false
      WEIGHT: 1
      CRITERION: L1
      GT: segmentation
      MODE: match
      COMBINE_ATT_MODE: average_nonzero
  APPROACH: generic
  MODEL: resnet50
  PRETRAINED: true
  NUM_EPOCHS: 1
  OPTIMIZER: SGD
  WEIGHT_DECAY: 9.999999999999997e-06
  MOMENTUM: 0.9
  SCHEDULER: NONE
  BASE:
    LR: 0.0010000000000000002
  CLASSIFIER:
    LR: 9.999999999999991e-05
  AUX_LOSSES_ON_VAL: false
LOGGING:
  SAVE_EVERY: 0
  SAVE_BEST: true
  SAVE_LAST: false
  LOG_ATTENTION: false
  LOG_ATTENTION_STEP: 10
  SAVE_STATS_PATH: null
yaml: configs/waterbirds_100_upweight.yaml
name: upweight_waterbird_1.0_forest2water2_21047520_trial_000
test_checkpoint: null

WATERBIRDS DIR: /home/ryreu/guided_cnn/waterbirds/waterbird_1.0_forest2water2
NUMBER OF SAMPLES WITH LABEL Landbird: 3684
NUMBER OF SAMPLES WITH LABEL Waterbird: 1111
NUMBER OF SAMPLES WITH GROUP Land_on_Land: 3684
NUMBER OF SAMPLES WITH GROUP Land_on_Water: 0
NUMBER OF SAMPLES WITH GROUP Water_on_Land: 0
NUMBER OF SAMPLES WITH GROUP Water_on_Water: 1111
WATERBIRDS DIR: /home/ryreu/guided_cnn/waterbirds/waterbird_1.0_forest2water2
NUMBER OF SAMPLES WITH LABEL Landbird: 931
NUMBER OF SAMPLES WITH LABEL Waterbird: 268
NUMBER OF SAMPLES WITH GROUP Land_on_Land: 465
NUMBER OF SAMPLES WITH GROUP Land_on_Water: 466
NUMBER OF SAMPLES WITH GROUP Water_on_Land: 134
NUMBER OF SAMPLES WITH GROUP Water_on_Water: 134
NUM TRAIN: 4795

NUM VAL:   1199

Number classifier outputs: 2
Using pretrained model: True
USING SGD OPTIMIZER
class weights: tensor([0.2981, 1.0000], device='cuda:0')
group weights: None
WANDB DISABLED: skipping wandb.init()
EPOCH: 0

>>> TRAINING 


  0%|          | 0/50 [00:00<?, ?it/s]
  2%|▏         | 1/50 [00:03<02:41,  3.30s/it]
  4%|▍         | 2/50 [00:03<01:10,  1.47s/it]
  6%|▌         | 3/50 [00:03<00:40,  1.16it/s]
  8%|▊         | 4/50 [00:03<00:26,  1.72it/s]
 10%|█         | 5/50 [00:03<00:19,  2.31it/s]
 12%|█▏        | 6/50 [00:04<00:14,  2.97it/s]
 14%|█▍        | 7/50 [00:04<00:11,  3.64it/s]
 16%|█▌        | 8/50 [00:04<00:09,  4.26it/s]
 18%|█▊        | 9/50 [00:04<00:08,  4.81it/s]
 20%|██        | 10/50 [00:04<00:07,  5.27it/s]
 22%|██▏       | 11/50 [00:04<00:06,  5.63it/s]
 24%|██▍       | 12/50 [00:04<00:06,  5.92it/s]
 26%|██▌       | 13/50 [00:05<00:06,  6.08it/s]
 28%|██▊       | 14/50 [00:05<00:05,  6.25it/s]
 30%|███       | 15/50 [00:05<00:05,  6.37it/s]
 32%|███▏      | 16/50 [00:05<00:05,  6.44it/s]
 34%|███▍      | 17/50 [00:05<00:05,  6.50it/s]
 36%|███▌      | 18/50 [00:05<00:04,  6.55it/s]
 38%|███▊      | 19/50 [00:06<00:04,  6.48it/s]
 40%|████      | 20/50 [00:06<00:04,  6.51it/s]
 42%|████▏     | 21/50 [00:06<00:04,  6.58it/s]
 44%|████▍     | 22/50 [00:06<00:04,  6.65it/s]
 46%|████▌     | 23/50 [00:06<00:04,  6.68it/s]
 48%|████▊     | 24/50 [00:06<00:03,  6.66it/s]
 50%|█████     | 25/50 [00:06<00:03,  6.66it/s]
 52%|█████▏    | 26/50 [00:07<00:03,  6.70it/s]
 54%|█████▍    | 27/50 [00:07<00:03,  6.67it/s]
 56%|█████▌    | 28/50 [00:07<00:03,  6.68it/s]
 58%|█████▊    | 29/50 [00:07<00:03,  6.64it/s]
 60%|██████    | 30/50 [00:07<00:02,  6.68it/s]
 62%|██████▏   | 31/50 [00:07<00:02,  6.70it/s]
 64%|██████▍   | 32/50 [00:07<00:02,  6.69it/s]
 66%|██████▌   | 33/50 [00:08<00:02,  6.69it/s]
 68%|██████▊   | 34/50 [00:08<00:02,  6.72it/s]
 70%|███████   | 35/50 [00:08<00:02,  6.73it/s]
 72%|███████▏  | 36/50 [00:08<00:02,  6.69it/s]
 74%|███████▍  | 37/50 [00:08<00:01,  6.68it/s]
 76%|███████▌  | 38/50 [00:08<00:01,  6.69it/s]
 78%|███████▊  | 39/50 [00:09<00:01,  6.72it/s]
 80%|████████  | 40/50 [00:09<00:01,  6.71it/s]
 82%|████████▏ | 41/50 [00:09<00:01,  6.73it/s]
 84%|████████▍ | 42/50 [00:09<00:01,  6.74it/s]
 86%|████████▌ | 43/50 [00:09<00:01,  6.75it/s]
 88%|████████▊ | 44/50 [00:09<00:00,  6.73it/s]
 90%|█████████ | 45/50 [00:09<00:00,  6.69it/s]
 92%|█████████▏| 46/50 [00:10<00:00,  6.72it/s]
 94%|█████████▍| 47/50 [00:10<00:00,  6.76it/s]
 96%|█████████▌| 48/50 [00:10<00:00,  6.78it/s]
 98%|█████████▊| 49/50 [00:10<00:00,  6.77it/s]
100%|██████████| 50/50 [00:10<00:00,  6.86it/s]
100%|██████████| 50/50 [00:10<00:00,  4.67it/s]
>>> VALIDATING 


  0%|          | 0/13 [00:00<?, ?it/s]
  8%|▊         | 1/13 [00:00<00:09,  1.28it/s]
 23%|██▎       | 3/13 [00:00<00:02,  3.92it/s]
 38%|███▊      | 5/13 [00:01<00:01,  4.74it/s]
 54%|█████▍    | 7/13 [00:01<00:00,  6.60it/s]
 69%|██████▉   | 9/13 [00:01<00:00,  6.32it/s]
 85%|████████▍ | 11/13 [00:01<00:00,  7.89it/s]
100%|██████████| 13/13 [00:01<00:00,  9.62it/s]
100%|██████████| 13/13 [00:02<00:00,  6.33it/s]
>>> LOGGING 

BALANCED ACCS CHECKED FOR TRAIN
BALANCED ACCS CHECKED FOR VAL
train_acc: 0.8748696558915537
val_acc: 0.6005004170141784
train_cls_loss: 0.40180782196544135
val_cls_loss: 0.7637306892742606
train_total_loss: 0.40180782196544135
val_total_loss: 0.7637306892742606
balanced_train_acc: 0.8582167663020374
balanced_val_acc: 0.6258316366609488
Land_on_Land_train_acc: 0.8892508143322475
Land_on_Land_val_acc: 0.967741935483871
Land_on_Water_train_acc: 0
Land_on_Water_val_acc: 0.19313304721030042
Water_on_Land_train_acc: 0
Water_on_Land_val_acc: 0.3880597014925373
Water_on_Water_train_acc: 0.8271827182718272
Water_on_Water_val_acc: 0.9552238805970149
train_acc_Landbird: 0.8892508143322475
train_acc_Waterbird: 0.8271827182718272
val_acc_Landbird: 0.5800214822771214
val_acc_Waterbird: 0.6716417910447762
TRAIN ACC:        0.8748696558915537
VAL ACC:          0.6005004170141784
BALANCED VAL ACC: 0.6258316366609488
prev best list: []
Saving to trained_weights/waterbirds/upweight_waterbird_1.0_forest2water2_21047520_trial_000/best_balanced_valacc_0.63_epoch_0.ckpt
>>> EVALUATING ON TEST SET
WATERBIRDS DIR: /home/ryreu/guided_cnn/waterbirds/waterbird_1.0_forest2water2
NUMBER OF SAMPLES WITH LABEL Landbird: 4510
NUMBER OF SAMPLES WITH LABEL Waterbird: 1284
NUMBER OF SAMPLES WITH GROUP Land_on_Land: 2255
NUMBER OF SAMPLES WITH GROUP Land_on_Water: 2255
NUMBER OF SAMPLES WITH GROUP Water_on_Land: 642
NUMBER OF SAMPLES WITH GROUP Water_on_Water: 642
NUM TEST:   5794

Loaded checkpoint trained_weights/waterbirds/upweight_waterbird_1.0_forest2water2_21047520_trial_000/best_balanced_valacc_0.63_epoch_0.ckpt

  0%|          | 0/5794 [00:00<?, ?it/s]
  0%|          | 1/5794 [00:00<25:49,  3.74it/s]
  0%|          | 8/5794 [00:00<03:36, 26.78it/s]
  0%|          | 15/5794 [00:00<02:20, 41.12it/s]
  0%|          | 22/5794 [00:00<01:55, 50.11it/s]
  1%|          | 29/5794 [00:00<01:42, 56.32it/s]
  1%|          | 36/5794 [00:00<01:35, 60.36it/s]
  1%|          | 43/5794 [00:00<01:31, 62.76it/s]
  1%|          | 50/5794 [00:00<01:28, 64.84it/s]
  1%|          | 57/5794 [00:01<01:26, 65.99it/s]
  1%|          | 65/5794 [00:01<01:25, 67.16it/s]
  1%|          | 72/5794 [00:01<01:24, 67.63it/s]
  1%|▏         | 79/5794 [00:01<01:23, 68.13it/s]
  2%|▏         | 87/5794 [00:01<01:22, 68.84it/s]
  2%|▏         | 94/5794 [00:01<01:22, 68.82it/s]
  2%|▏         | 101/5794 [00:01<01:22, 69.10it/s]
  2%|▏         | 109/5794 [00:01<01:21, 69.50it/s]
  2%|▏         | 116/5794 [00:01<01:21, 69.37it/s]
  2%|▏         | 123/5794 [00:02<01:22, 68.97it/s]
  2%|▏         | 130/5794 [00:02<01:21, 69.27it/s]
  2%|▏         | 137/5794 [00:02<01:21, 69.38it/s]
  2%|▏         | 144/5794 [00:02<01:21, 69.34it/s]
  3%|▎         | 152/5794 [00:02<01:21, 69.58it/s]
  3%|▎         | 159/5794 [00:02<01:21, 69.41it/s]
  3%|▎         | 166/5794 [00:02<01:21, 68.98it/s]
  3%|▎         | 174/5794 [00:02<01:21, 69.18it/s]
  3%|▎         | 181/5794 [00:02<01:20, 69.37it/s]
  3%|▎         | 188/5794 [00:02<01:20, 69.43it/s]
  3%|▎         | 195/5794 [00:03<01:20, 69.34it/s]
  3%|▎         | 202/5794 [00:03<01:20, 69.18it/s]
  4%|▎         | 209/5794 [00:03<01:20, 69.20it/s]
  4%|▎         | 216/5794 [00:03<01:20, 69.34it/s]
  4%|▍         | 223/5794 [00:03<01:20, 69.38it/s]
  4%|▍         | 230/5794 [00:03<01:20, 69.21it/s]
  4%|▍         | 237/5794 [00:03<01:20, 69.16it/s]
  4%|▍         | 244/5794 [00:03<01:20, 68.91it/s]
  4%|▍         | 251/5794 [00:03<01:20, 69.10it/s]
  4%|▍         | 258/5794 [00:03<01:20, 69.09it/s]
  5%|▍         | 265/5794 [00:04<01:19, 69.12it/s]
  5%|▍         | 272/5794 [00:04<01:19, 69.11it/s]
  5%|▍         | 279/5794 [00:04<01:19, 69.20it/s]
  5%|▍         | 286/5794 [00:04<01:19, 69.33it/s]
  5%|▌         | 293/5794 [00:04<01:19, 69.20it/s]
  5%|▌         | 300/5794 [00:04<01:19, 69.21it/s]
  5%|▌         | 307/5794 [00:04<01:19, 69.09it/s]
  5%|▌         | 314/5794 [00:04<01:19, 69.10it/s]
  6%|▌         | 321/5794 [00:04<01:19, 69.04it/s]
  6%|▌         | 328/5794 [00:04<01:19, 69.08it/s]
  6%|▌         | 335/5794 [00:05<01:18, 69.24it/s]
  6%|▌         | 342/5794 [00:05<01:18, 69.32it/s]
  6%|▌         | 349/5794 [00:05<01:18, 69.23it/s]
  6%|▌         | 357/5794 [00:05<01:18, 69.54it/s]
  6%|▋         | 364/5794 [00:05<01:18, 69.60it/s]
  6%|▋         | 372/5794 [00:05<01:17, 69.86it/s]
  7%|▋         | 379/5794 [00:05<01:17, 69.70it/s]
  7%|▋         | 386/5794 [00:05<01:17, 69.64it/s]
  7%|▋         | 393/5794 [00:05<01:17, 69.74it/s]
  7%|▋         | 400/5794 [00:06<01:17, 69.51it/s]
  7%|▋         | 407/5794 [00:06<01:17, 69.63it/s]
  7%|▋         | 414/5794 [00:06<01:17, 69.57it/s]
  7%|▋         | 421/5794 [00:06<01:17, 69.60it/s]
  7%|▋         | 428/5794 [00:06<01:17, 69.46it/s]
  8%|▊         | 435/5794 [00:06<01:17, 69.21it/s]
  8%|▊         | 442/5794 [00:06<01:17, 69.40it/s]
  8%|▊         | 449/5794 [00:06<01:17, 69.24it/s]
  8%|▊         | 456/5794 [00:06<01:16, 69.36it/s]
  8%|▊         | 463/5794 [00:06<01:17, 69.01it/s]
  8%|▊         | 471/5794 [00:07<01:16, 69.29it/s]
  8%|▊         | 478/5794 [00:07<01:16, 69.35it/s]
  8%|▊         | 485/5794 [00:07<01:16, 69.26it/s]
  8%|▊         | 492/5794 [00:07<01:16, 69.13it/s]
  9%|▊         | 499/5794 [00:07<01:16, 69.18it/s]
  9%|▉         | 507/5794 [00:07<01:16, 69.39it/s]
  9%|▉         | 514/5794 [00:07<01:16, 69.34it/s]
  9%|▉         | 522/5794 [00:07<01:15, 69.64it/s]
  9%|▉         | 530/5794 [00:07<01:15, 69.83it/s]
  9%|▉         | 537/5794 [00:07<01:15, 69.79it/s]
  9%|▉         | 545/5794 [00:08<01:15, 69.92it/s]
 10%|▉         | 552/5794 [00:08<01:15, 69.81it/s]
 10%|▉         | 559/5794 [00:08<01:14, 69.81it/s]
 10%|▉         | 566/5794 [00:08<01:14, 69.74it/s]
 10%|▉         | 574/5794 [00:08<01:14, 69.85it/s]
 10%|█         | 582/5794 [00:08<01:14, 69.76it/s]
 10%|█         | 590/5794 [00:08<01:14, 69.84it/s]
 10%|█         | 597/5794 [00:08<01:14, 69.66it/s]
 10%|█         | 604/5794 [00:08<01:14, 69.53it/s]
 11%|█         | 612/5794 [00:09<01:14, 69.86it/s]
 11%|█         | 619/5794 [00:09<01:14, 69.62it/s]
 11%|█         | 626/5794 [00:09<01:14, 69.72it/s]
 11%|█         | 633/5794 [00:09<01:14, 69.68it/s]
 11%|█         | 641/5794 [00:09<01:13, 69.69it/s]
 11%|█         | 648/5794 [00:09<01:13, 69.63it/s]
 11%|█▏        | 655/5794 [00:09<01:14, 69.41it/s]
 11%|█▏        | 663/5794 [00:09<01:13, 69.67it/s]
 12%|█▏        | 670/5794 [00:09<01:13, 69.47it/s]
 12%|█▏        | 677/5794 [00:10<01:13, 69.51it/s]
 12%|█▏        | 684/5794 [00:10<01:13, 69.29it/s]
 12%|█▏        | 691/5794 [00:10<01:13, 69.30it/s]
 12%|█▏        | 698/5794 [00:10<01:13, 69.35it/s]
 12%|█▏        | 705/5794 [00:10<01:13, 69.34it/s]
 12%|█▏        | 712/5794 [00:10<01:13, 69.42it/s]
 12%|█▏        | 719/5794 [00:10<01:13, 69.38it/s]
 13%|█▎        | 726/5794 [00:10<01:12, 69.47it/s]
 13%|█▎        | 733/5794 [00:10<01:12, 69.51it/s]
 13%|█▎        | 740/5794 [00:10<01:12, 69.53it/s]
 13%|█▎        | 748/5794 [00:11<01:12, 69.67it/s]
 13%|█▎        | 755/5794 [00:11<01:12, 69.64it/s]
 13%|█▎        | 762/5794 [00:11<01:12, 69.60it/s]
 13%|█▎        | 769/5794 [00:11<01:12, 69.46it/s]
 13%|█▎        | 777/5794 [00:11<01:12, 69.60it/s]
 14%|█▎        | 784/5794 [00:11<01:12, 69.55it/s]
 14%|█▎        | 791/5794 [00:11<01:12, 69.39it/s]
 14%|█▍        | 799/5794 [00:11<01:11, 69.62it/s]
 14%|█▍        | 806/5794 [00:11<01:11, 69.47it/s]
 14%|█▍        | 813/5794 [00:11<01:11, 69.32it/s]
 14%|█▍        | 820/5794 [00:12<01:11, 69.47it/s]
 14%|█▍        | 827/5794 [00:12<01:11, 69.52it/s]
 14%|█▍        | 834/5794 [00:12<01:11, 69.48it/s]
 15%|█▍        | 841/5794 [00:12<01:11, 69.45it/s]
 15%|█▍        | 848/5794 [00:12<01:11, 69.52it/s]
 15%|█▍        | 855/5794 [00:12<01:11, 69.11it/s]
 15%|█▍        | 863/5794 [00:12<01:10, 69.56it/s]
 15%|█▌        | 870/5794 [00:12<01:10, 69.55it/s]
 15%|█▌        | 877/5794 [00:12<01:10, 69.52it/s]
 15%|█▌        | 885/5794 [00:12<01:10, 69.63it/s]
 15%|█▌        | 892/5794 [00:13<01:10, 69.58it/s]
 16%|█▌        | 899/5794 [00:13<01:10, 69.58it/s]
 16%|█▌        | 906/5794 [00:13<01:10, 69.58it/s]
 16%|█▌        | 914/5794 [00:13<01:09, 69.75it/s]
 16%|█▌        | 921/5794 [00:13<01:09, 69.72it/s]
 16%|█▌        | 928/5794 [00:13<01:09, 69.68it/s]
 16%|█▌        | 935/5794 [00:13<01:09, 69.75it/s]
 16%|█▋        | 942/5794 [00:13<01:09, 69.70it/s]
 16%|█▋        | 949/5794 [00:13<01:09, 69.68it/s]
 16%|█▋        | 956/5794 [00:14<01:09, 69.56it/s]
 17%|█▋        | 963/5794 [00:14<01:09, 69.51it/s]
 17%|█▋        | 970/5794 [00:14<01:09, 69.57it/s]
 17%|█▋        | 977/5794 [00:14<01:09, 69.42it/s]
 17%|█▋        | 985/5794 [00:14<01:08, 69.77it/s]
 17%|█▋        | 992/5794 [00:14<01:08, 69.60it/s]
 17%|█▋        | 999/5794 [00:14<01:08, 69.53it/s]
 17%|█▋        | 1006/5794 [00:14<01:09, 69.37it/s]
 17%|█▋        | 1013/5794 [00:14<01:08, 69.55it/s]
 18%|█▊        | 1021/5794 [00:14<01:08, 69.73it/s]
 18%|█▊        | 1028/5794 [00:15<01:08, 69.61it/s]
 18%|█▊        | 1035/5794 [00:15<01:08, 69.61it/s]
 18%|█▊        | 1042/5794 [00:15<01:08, 69.28it/s]
 18%|█▊        | 1049/5794 [00:15<01:08, 69.48it/s]
 18%|█▊        | 1057/5794 [00:15<01:07, 69.67it/s]
 18%|█▊        | 1064/5794 [00:15<01:08, 69.51it/s]
 18%|█▊        | 1071/5794 [00:15<01:07, 69.48it/s]
 19%|█▊        | 1078/5794 [00:15<01:07, 69.51it/s]
 19%|█▊        | 1085/5794 [00:15<01:07, 69.47it/s]
 19%|█▉        | 1092/5794 [00:15<01:07, 69.24it/s]
 19%|█▉        | 1099/5794 [00:16<01:07, 69.35it/s]
 19%|█▉        | 1106/5794 [00:16<01:07, 69.44it/s]
 19%|█▉        | 1113/5794 [00:16<01:07, 69.46it/s]
 19%|█▉        | 1121/5794 [00:16<01:07, 69.68it/s]
 19%|█▉        | 1128/5794 [00:16<01:07, 69.62it/s]
 20%|█▉        | 1135/5794 [00:16<01:06, 69.72it/s]
 20%|█▉        | 1143/5794 [00:16<01:06, 69.70it/s]
 20%|█▉        | 1151/5794 [00:16<01:06, 69.90it/s]
 20%|██        | 1159/5794 [00:16<01:06, 69.99it/s]
 20%|██        | 1166/5794 [00:17<01:06, 69.93it/s]
 20%|██        | 1173/5794 [00:17<01:06, 69.89it/s]
 20%|██        | 1180/5794 [00:17<01:06, 69.64it/s]
 20%|██        | 1187/5794 [00:17<01:06, 69.64it/s]
 21%|██        | 1194/5794 [00:17<01:06, 69.47it/s]
 21%|██        | 1202/5794 [00:17<01:05, 69.66it/s]
 21%|██        | 1209/5794 [00:17<01:05, 69.68it/s]
 21%|██        | 1216/5794 [00:17<01:05, 69.67it/s]
 21%|██        | 1223/5794 [00:17<01:05, 69.56it/s]
 21%|██        | 1230/5794 [00:17<01:05, 69.57it/s]
 21%|██▏       | 1237/5794 [00:18<01:05, 69.57it/s]
 21%|██▏       | 1244/5794 [00:18<01:05, 69.55it/s]
 22%|██▏       | 1251/5794 [00:18<01:05, 69.40it/s]
 22%|██▏       | 1259/5794 [00:18<01:05, 69.61it/s]
 22%|██▏       | 1266/5794 [00:18<01:05, 69.54it/s]
 22%|██▏       | 1273/5794 [00:18<01:04, 69.64it/s]
 22%|██▏       | 1280/5794 [00:18<01:04, 69.58it/s]
 22%|██▏       | 1288/5794 [00:18<01:04, 69.77it/s]
 22%|██▏       | 1295/5794 [00:18<01:04, 69.48it/s]
 22%|██▏       | 1302/5794 [00:18<01:04, 69.27it/s]
 23%|██▎       | 1309/5794 [00:19<01:05, 69.00it/s]
 23%|██▎       | 1316/5794 [00:19<01:04, 69.07it/s]
 23%|██▎       | 1323/5794 [00:19<01:04, 69.25it/s]
 23%|██▎       | 1330/5794 [00:19<01:04, 69.15it/s]
 23%|██▎       | 1338/5794 [00:19<01:05, 68.18it/s]
 23%|██▎       | 1346/5794 [00:19<01:04, 68.76it/s]
 23%|██▎       | 1353/5794 [00:19<01:04, 69.09it/s]
 23%|██▎       | 1360/5794 [00:19<01:04, 69.15it/s]
 24%|██▎       | 1367/5794 [00:19<01:04, 68.90it/s]
 24%|██▎       | 1375/5794 [00:20<01:03, 69.29it/s]
 24%|██▍       | 1382/5794 [00:20<01:03, 69.26it/s]
 24%|██▍       | 1389/5794 [00:20<01:03, 69.33it/s]
 24%|██▍       | 1396/5794 [00:20<01:03, 69.21it/s]
 24%|██▍       | 1403/5794 [00:20<01:04, 68.48it/s]
 24%|██▍       | 1410/5794 [00:20<01:03, 68.82it/s]
 24%|██▍       | 1417/5794 [00:20<01:03, 68.93it/s]
 25%|██▍       | 1424/5794 [00:20<01:03, 69.06it/s]
 25%|██▍       | 1431/5794 [00:20<01:03, 69.20it/s]
 25%|██▍       | 1438/5794 [00:20<01:02, 69.29it/s]
 25%|██▍       | 1445/5794 [00:21<01:02, 69.45it/s]
 25%|██▌       | 1452/5794 [00:21<01:02, 69.11it/s]
 25%|██▌       | 1460/5794 [00:21<01:02, 69.35it/s]
 25%|██▌       | 1467/5794 [00:21<01:02, 69.16it/s]
 25%|██▌       | 1474/5794 [00:21<01:02, 69.39it/s]
 26%|██▌       | 1481/5794 [00:21<01:02, 69.53it/s]
 26%|██▌       | 1488/5794 [00:21<01:02, 69.31it/s]
 26%|██▌       | 1495/5794 [00:21<01:01, 69.47it/s]
 26%|██▌       | 1502/5794 [00:21<01:01, 69.33it/s]
 26%|██▌       | 1510/5794 [00:21<01:01, 69.55it/s]
 26%|██▌       | 1517/5794 [00:22<01:01, 69.46it/s]
 26%|██▋       | 1524/5794 [00:22<01:01, 69.46it/s]
 26%|██▋       | 1531/5794 [00:22<01:01, 69.41it/s]
 27%|██▋       | 1538/5794 [00:22<01:01, 69.43it/s]
 27%|██▋       | 1545/5794 [00:22<01:01, 69.46it/s]
 27%|██▋       | 1552/5794 [00:22<01:01, 69.32it/s]
 27%|██▋       | 1559/5794 [00:22<01:01, 69.42it/s]
 27%|██▋       | 1566/5794 [00:22<01:00, 69.39it/s]
 27%|██▋       | 1573/5794 [00:22<01:00, 69.43it/s]
 27%|██▋       | 1580/5794 [00:23<01:00, 69.48it/s]
 27%|██▋       | 1587/5794 [00:23<01:00, 69.43it/s]
 28%|██▊       | 1594/5794 [00:23<01:00, 69.59it/s]
 28%|██▊       | 1601/5794 [00:23<01:00, 69.63it/s]
 28%|██▊       | 1608/5794 [00:23<01:00, 69.24it/s]
 28%|██▊       | 1615/5794 [00:23<01:00, 69.46it/s]
 28%|██▊       | 1622/5794 [00:23<01:00, 69.38it/s]
 28%|██▊       | 1630/5794 [00:23<00:59, 69.59it/s]
 28%|██▊       | 1637/5794 [00:23<00:59, 69.38it/s]
 28%|██▊       | 1645/5794 [00:23<00:59, 69.64it/s]
 29%|██▊       | 1652/5794 [00:24<00:59, 69.53it/s]
 29%|██▊       | 1659/5794 [00:24<00:59, 69.50it/s]
 29%|██▉       | 1666/5794 [00:24<00:59, 69.51it/s]
 29%|██▉       | 1673/5794 [00:24<00:59, 69.54it/s]
 29%|██▉       | 1681/5794 [00:24<00:58, 69.74it/s]
 29%|██▉       | 1688/5794 [00:24<00:59, 69.44it/s]
 29%|██▉       | 1695/5794 [00:24<00:58, 69.60it/s]
 29%|██▉       | 1702/5794 [00:24<00:58, 69.67it/s]
 29%|██▉       | 1709/5794 [00:24<00:58, 69.36it/s]
 30%|██▉       | 1716/5794 [00:24<00:58, 69.30it/s]
 30%|██▉       | 1723/5794 [00:25<00:58, 69.15it/s]
 30%|██▉       | 1730/5794 [00:25<00:58, 69.27it/s]
 30%|██▉       | 1737/5794 [00:25<00:58, 69.35it/s]
 30%|███       | 1744/5794 [00:25<00:58, 69.24it/s]
 30%|███       | 1751/5794 [00:25<00:58, 69.29it/s]
 30%|███       | 1758/5794 [00:25<00:58, 69.22it/s]
 30%|███       | 1765/5794 [00:25<00:58, 69.39it/s]
 31%|███       | 1772/5794 [00:25<00:58, 69.17it/s]
 31%|███       | 1779/5794 [00:25<00:57, 69.24it/s]
 31%|███       | 1787/5794 [00:25<00:57, 69.35it/s]
 31%|███       | 1794/5794 [00:26<00:57, 69.21it/s]
 31%|███       | 1801/5794 [00:26<00:58, 68.78it/s]
 31%|███       | 1808/5794 [00:26<00:57, 68.90it/s]
 31%|███▏      | 1815/5794 [00:26<00:57, 69.16it/s]
 31%|███▏      | 1822/5794 [00:26<00:57, 69.06it/s]
 32%|███▏      | 1829/5794 [00:26<00:57, 69.19it/s]
 32%|███▏      | 1836/5794 [00:26<00:57, 69.37it/s]
 32%|███▏      | 1843/5794 [00:26<00:57, 68.23it/s]
 32%|███▏      | 1851/5794 [00:26<00:57, 68.90it/s]
 32%|███▏      | 1858/5794 [00:27<00:56, 69.10it/s]
 32%|███▏      | 1865/5794 [00:27<00:56, 69.24it/s]
 32%|███▏      | 1872/5794 [00:27<00:56, 69.45it/s]
 32%|███▏      | 1879/5794 [00:27<00:56, 69.49it/s]
 33%|███▎      | 1887/5794 [00:27<00:56, 69.74it/s]
 33%|███▎      | 1894/5794 [00:27<00:55, 69.68it/s]
 33%|███▎      | 1902/5794 [00:27<00:55, 69.80it/s]
 33%|███▎      | 1909/5794 [00:27<00:55, 69.60it/s]
 33%|███▎      | 1917/5794 [00:27<00:55, 69.80it/s]
 33%|███▎      | 1924/5794 [00:27<00:55, 69.78it/s]
 33%|███▎      | 1931/5794 [00:28<00:55, 69.59it/s]
 33%|███▎      | 1938/5794 [00:28<00:55, 69.56it/s]
 34%|███▎      | 1945/5794 [00:28<00:55, 69.58it/s]
 34%|███▎      | 1952/5794 [00:28<00:55, 69.52it/s]
 34%|███▍      | 1959/5794 [00:28<00:55, 69.55it/s]
 34%|███▍      | 1967/5794 [00:28<00:54, 69.77it/s]
 34%|███▍      | 1974/5794 [00:28<00:54, 69.79it/s]
 34%|███▍      | 1981/5794 [00:28<00:54, 69.76it/s]
 34%|███▍      | 1988/5794 [00:28<00:54, 69.77it/s]
 34%|███▍      | 1995/5794 [00:28<00:54, 69.35it/s]
 35%|███▍      | 2003/5794 [00:29<00:54, 69.69it/s]
 35%|███▍      | 2010/5794 [00:29<00:54, 69.60it/s]
 35%|███▍      | 2018/5794 [00:29<00:54, 69.77it/s]
 35%|███▍      | 2025/5794 [00:29<00:53, 69.82it/s]
 35%|███▌      | 2032/5794 [00:29<00:53, 69.71it/s]
 35%|███▌      | 2040/5794 [00:29<00:53, 69.88it/s]
 35%|███▌      | 2047/5794 [00:29<00:53, 69.77it/s]
 35%|███▌      | 2054/5794 [00:29<00:53, 69.72it/s]
 36%|███▌      | 2061/5794 [00:29<00:53, 69.54it/s]
 36%|███▌      | 2068/5794 [00:30<00:53, 69.58it/s]
 36%|███▌      | 2075/5794 [00:30<00:53, 69.61it/s]
 36%|███▌      | 2082/5794 [00:30<00:53, 69.29it/s]
 36%|███▌      | 2089/5794 [00:30<00:53, 69.44it/s]
 36%|███▌      | 2096/5794 [00:30<00:53, 69.27it/s]
 36%|███▋      | 2103/5794 [00:30<00:53, 69.42it/s]
 36%|███▋      | 2110/5794 [00:30<00:53, 69.41it/s]
 37%|███▋      | 2117/5794 [00:30<00:52, 69.48it/s]
 37%|███▋      | 2124/5794 [00:30<00:52, 69.59it/s]
 37%|███▋      | 2131/5794 [00:30<00:52, 69.41it/s]
 37%|███▋      | 2138/5794 [00:31<00:52, 69.37it/s]
 37%|███▋      | 2146/5794 [00:31<00:52, 69.51it/s]
 37%|███▋      | 2154/5794 [00:31<00:52, 69.72it/s]
 37%|███▋      | 2161/5794 [00:31<00:52, 69.73it/s]
 37%|███▋      | 2168/5794 [00:31<00:52, 69.68it/s]
 38%|███▊      | 2175/5794 [00:31<00:51, 69.71it/s]
 38%|███▊      | 2182/5794 [00:31<00:51, 69.71it/s]
 38%|███▊      | 2190/5794 [00:31<00:51, 69.87it/s]
 38%|███▊      | 2197/5794 [00:31<00:51, 69.72it/s]
 38%|███▊      | 2205/5794 [00:32<00:51, 69.92it/s]
 38%|███▊      | 2212/5794 [00:32<00:51, 69.85it/s]
 38%|███▊      | 2219/5794 [00:32<00:51, 69.58it/s]
 38%|███▊      | 2227/5794 [00:32<00:51, 69.77it/s]
 39%|███▊      | 2234/5794 [00:32<00:51, 69.70it/s]
 39%|███▊      | 2241/5794 [00:32<00:50, 69.70it/s]
 39%|███▉      | 2248/5794 [00:32<00:51, 69.44it/s]
 39%|███▉      | 2255/5794 [00:32<00:50, 69.58it/s]
 39%|███▉      | 2262/5794 [00:32<00:50, 69.64it/s]
 39%|███▉      | 2269/5794 [00:32<00:50, 69.63it/s]
 39%|███▉      | 2277/5794 [00:33<00:50, 69.75it/s]
 39%|███▉      | 2284/5794 [00:33<00:50, 69.62it/s]
 40%|███▉      | 2292/5794 [00:33<00:50, 69.94it/s]
 40%|███▉      | 2299/5794 [00:33<00:50, 69.60it/s]
 40%|███▉      | 2306/5794 [00:33<00:50, 69.45it/s]
 40%|███▉      | 2314/5794 [00:33<00:49, 69.63it/s]
 40%|████      | 2321/5794 [00:33<00:49, 69.55it/s]
 40%|████      | 2328/5794 [00:33<00:49, 69.51it/s]
 40%|████      | 2335/5794 [00:33<00:49, 69.35it/s]
 40%|████      | 2342/5794 [00:33<00:49, 69.47it/s]
 41%|████      | 2349/5794 [00:34<00:49, 69.40it/s]
 41%|████      | 2356/5794 [00:34<00:49, 69.48it/s]
 41%|████      | 2363/5794 [00:34<00:49, 69.60it/s]
 41%|████      | 2370/5794 [00:34<00:49, 69.60it/s]
 41%|████      | 2378/5794 [00:34<00:48, 69.75it/s]
 41%|████      | 2385/5794 [00:34<00:49, 69.52it/s]
 41%|████▏     | 2393/5794 [00:34<00:48, 69.76it/s]
 41%|████▏     | 2400/5794 [00:34<00:48, 69.73it/s]
 42%|████▏     | 2407/5794 [00:34<00:48, 69.67it/s]
 42%|████▏     | 2414/5794 [00:35<00:48, 69.64it/s]
 42%|████▏     | 2421/5794 [00:35<00:48, 69.56it/s]
 42%|████▏     | 2428/5794 [00:35<00:48, 69.52it/s]
 42%|████▏     | 2435/5794 [00:35<00:48, 69.39it/s]
 42%|████▏     | 2442/5794 [00:35<00:48, 69.49it/s]
 42%|████▏     | 2449/5794 [00:35<00:48, 69.52it/s]
 42%|████▏     | 2456/5794 [00:35<00:48, 69.48it/s]
 43%|████▎     | 2463/5794 [00:35<00:47, 69.58it/s]
 43%|████▎     | 2470/5794 [00:35<00:47, 69.48it/s]
 43%|████▎     | 2477/5794 [00:35<00:47, 69.53it/s]
 43%|████▎     | 2484/5794 [00:36<00:47, 69.47it/s]
 43%|████▎     | 2491/5794 [00:36<00:47, 69.36it/s]
 43%|████▎     | 2498/5794 [00:36<00:47, 69.37it/s]
 43%|████▎     | 2505/5794 [00:36<00:47, 69.24it/s]
 43%|████▎     | 2513/5794 [00:36<00:47, 69.58it/s]
 43%|████▎     | 2520/5794 [00:36<00:47, 69.30it/s]
 44%|████▎     | 2527/5794 [00:36<00:47, 69.37it/s]
 44%|████▎     | 2534/5794 [00:36<00:47, 69.32it/s]
 44%|████▍     | 2541/5794 [00:36<00:47, 69.21it/s]
 44%|████▍     | 2548/5794 [00:36<00:46, 69.32it/s]
 44%|████▍     | 2555/5794 [00:37<00:46, 69.30it/s]
 44%|████▍     | 2562/5794 [00:37<00:46, 69.47it/s]
 44%|████▍     | 2569/5794 [00:37<00:46, 69.49it/s]
 44%|████▍     | 2576/5794 [00:37<00:46, 69.45it/s]
 45%|████▍     | 2583/5794 [00:37<00:46, 69.47it/s]
 45%|████▍     | 2590/5794 [00:37<00:46, 69.31it/s]
 45%|████▍     | 2598/5794 [00:37<00:45, 69.57it/s]
 45%|████▍     | 2605/5794 [00:37<00:46, 68.21it/s]
 45%|████▌     | 2612/5794 [00:37<00:46, 68.66it/s]
 45%|████▌     | 2619/5794 [00:37<00:45, 69.04it/s]
 45%|████▌     | 2626/5794 [00:38<00:45, 69.04it/s]
 45%|████▌     | 2633/5794 [00:38<00:45, 69.27it/s]
 46%|████▌     | 2640/5794 [00:38<00:45, 69.29it/s]
 46%|████▌     | 2647/5794 [00:38<00:45, 69.22it/s]
 46%|████▌     | 2654/5794 [00:38<00:45, 69.16it/s]
 46%|████▌     | 2661/5794 [00:38<00:45, 69.25it/s]
 46%|████▌     | 2668/5794 [00:38<00:45, 69.33it/s]
 46%|████▌     | 2675/5794 [00:38<00:45, 69.23it/s]
 46%|████▋     | 2682/5794 [00:38<00:44, 69.23it/s]
 46%|████▋     | 2689/5794 [00:38<00:44, 69.12it/s]
 47%|████▋     | 2696/5794 [00:39<00:44, 69.18it/s]
 47%|████▋     | 2703/5794 [00:39<00:44, 69.34it/s]
 47%|████▋     | 2710/5794 [00:39<00:44, 69.30it/s]
 47%|████▋     | 2717/5794 [00:39<00:44, 69.46it/s]
 47%|████▋     | 2724/5794 [00:39<00:44, 69.19it/s]
 47%|████▋     | 2731/5794 [00:39<00:44, 69.34it/s]
 47%|████▋     | 2738/5794 [00:39<00:44, 69.40it/s]
 47%|████▋     | 2745/5794 [00:39<00:43, 69.41it/s]
 47%|████▋     | 2752/5794 [00:39<00:43, 69.46it/s]
 48%|████▊     | 2759/5794 [00:39<00:43, 69.40it/s]
 48%|████▊     | 2766/5794 [00:40<00:43, 69.53it/s]
 48%|████▊     | 2773/5794 [00:40<00:43, 69.64it/s]
 48%|████▊     | 2780/5794 [00:40<00:43, 69.40it/s]
 48%|████▊     | 2788/5794 [00:40<00:43, 69.63it/s]
 48%|████▊     | 2795/5794 [00:40<00:43, 69.64it/s]
 48%|████▊     | 2803/5794 [00:40<00:42, 69.84it/s]
 48%|████▊     | 2810/5794 [00:40<00:42, 69.69it/s]
 49%|████▊     | 2817/5794 [00:40<00:42, 69.77it/s]
 49%|████▉     | 2825/5794 [00:40<00:42, 69.73it/s]
 49%|████▉     | 2832/5794 [00:41<00:42, 69.65it/s]
 49%|████▉     | 2839/5794 [00:41<00:42, 69.68it/s]
 49%|████▉     | 2846/5794 [00:41<00:42, 69.60it/s]
 49%|████▉     | 2853/5794 [00:41<00:42, 69.71it/s]
 49%|████▉     | 2860/5794 [00:41<00:42, 69.31it/s]
 49%|████▉     | 2868/5794 [00:41<00:42, 69.62it/s]
 50%|████▉     | 2875/5794 [00:41<00:42, 69.50it/s]
 50%|████▉     | 2882/5794 [00:41<00:42, 69.08it/s]
 50%|████▉     | 2889/5794 [00:41<00:41, 69.32it/s]
 50%|████▉     | 2896/5794 [00:41<00:41, 69.25it/s]
 50%|█████     | 2903/5794 [00:42<00:41, 69.39it/s]
 50%|█████     | 2910/5794 [00:42<00:41, 69.47it/s]
 50%|█████     | 2917/5794 [00:42<00:41, 69.07it/s]
 50%|█████     | 2924/5794 [00:42<00:41, 69.18it/s]
 51%|█████     | 2931/5794 [00:42<00:41, 69.17it/s]
 51%|█████     | 2938/5794 [00:42<00:41, 69.18it/s]
 51%|█████     | 2945/5794 [00:42<00:41, 68.81it/s]
 51%|█████     | 2953/5794 [00:42<00:41, 69.21it/s]
 51%|█████     | 2960/5794 [00:42<00:41, 69.06it/s]
 51%|█████     | 2967/5794 [00:42<00:41, 68.94it/s]
 51%|█████▏    | 2974/5794 [00:43<00:40, 69.08it/s]
 51%|█████▏    | 2981/5794 [00:43<00:40, 68.87it/s]
 52%|█████▏    | 2988/5794 [00:43<00:40, 69.16it/s]
 52%|█████▏    | 2995/5794 [00:43<00:40, 69.22it/s]
 52%|█████▏    | 3002/5794 [00:43<00:40, 69.13it/s]
 52%|█████▏    | 3009/5794 [00:43<00:40, 69.21it/s]
 52%|█████▏    | 3016/5794 [00:43<00:40, 69.12it/s]
 52%|█████▏    | 3023/5794 [00:43<00:40, 69.24it/s]
 52%|█████▏    | 3030/5794 [00:43<00:39, 69.21it/s]
 52%|█████▏    | 3037/5794 [00:43<00:39, 69.31it/s]
 53%|█████▎    | 3044/5794 [00:44<00:39, 69.30it/s]
 53%|█████▎    | 3051/5794 [00:44<00:39, 69.13it/s]
 53%|█████▎    | 3058/5794 [00:44<00:39, 69.13it/s]
 53%|█████▎    | 3065/5794 [00:44<00:39, 68.88it/s]
 53%|█████▎    | 3072/5794 [00:44<00:39, 68.80it/s]
 53%|█████▎    | 3080/5794 [00:44<00:39, 69.09it/s]
 53%|█████▎    | 3087/5794 [00:44<00:39, 69.12it/s]
 53%|█████▎    | 3094/5794 [00:44<00:38, 69.38it/s]
 54%|█████▎    | 3101/5794 [00:44<00:38, 69.11it/s]
 54%|█████▎    | 3108/5794 [00:45<00:38, 69.26it/s]
 54%|█████▍    | 3115/5794 [00:45<00:38, 69.09it/s]
 54%|█████▍    | 3122/5794 [00:45<00:38, 69.22it/s]
 54%|█████▍    | 3129/5794 [00:45<00:38, 69.19it/s]
 54%|█████▍    | 3136/5794 [00:45<00:38, 69.05it/s]
 54%|█████▍    | 3143/5794 [00:45<00:38, 69.07it/s]
 54%|█████▍    | 3150/5794 [00:45<00:38, 68.96it/s]
 54%|█████▍    | 3157/5794 [00:45<00:38, 69.03it/s]
 55%|█████▍    | 3164/5794 [00:45<00:37, 69.28it/s]
 55%|█████▍    | 3171/5794 [00:45<00:37, 69.23it/s]
 55%|█████▍    | 3178/5794 [00:46<00:37, 69.38it/s]
 55%|█████▍    | 3185/5794 [00:46<00:37, 69.11it/s]
 55%|█████▌    | 3192/5794 [00:46<00:37, 68.99it/s]
 55%|█████▌    | 3199/5794 [00:46<00:37, 68.91it/s]
 55%|█████▌    | 3206/5794 [00:46<00:37, 69.07it/s]
 55%|█████▌    | 3213/5794 [00:46<00:37, 69.08it/s]
 56%|█████▌    | 3220/5794 [00:46<00:37, 69.07it/s]
 56%|█████▌    | 3227/5794 [00:46<00:37, 68.76it/s]
 56%|█████▌    | 3234/5794 [00:46<00:37, 68.68it/s]
 56%|█████▌    | 3241/5794 [00:46<00:37, 68.82it/s]
 56%|█████▌    | 3248/5794 [00:47<00:36, 69.04it/s]
 56%|█████▌    | 3255/5794 [00:47<00:36, 69.12it/s]
 56%|█████▋    | 3262/5794 [00:47<00:36, 69.30it/s]
 56%|█████▋    | 3269/5794 [00:47<00:36, 69.14it/s]
 57%|█████▋    | 3276/5794 [00:47<00:36, 69.31it/s]
 57%|█████▋    | 3283/5794 [00:47<00:36, 69.44it/s]
 57%|█████▋    | 3290/5794 [00:47<00:36, 69.45it/s]
 57%|█████▋    | 3297/5794 [00:47<00:35, 69.47it/s]
 57%|█████▋    | 3304/5794 [00:47<00:36, 69.16it/s]
 57%|█████▋    | 3311/5794 [00:47<00:35, 69.19it/s]
 57%|█████▋    | 3318/5794 [00:48<00:35, 69.14it/s]
 57%|█████▋    | 3325/5794 [00:48<00:35, 68.97it/s]
 58%|█████▊    | 3332/5794 [00:48<00:35, 69.18it/s]
 58%|█████▊    | 3339/5794 [00:48<00:35, 68.26it/s]
 58%|█████▊    | 3346/5794 [00:48<00:35, 68.48it/s]
 58%|█████▊    | 3353/5794 [00:48<00:35, 68.50it/s]
 58%|█████▊    | 3361/5794 [00:48<00:35, 68.85it/s]
 58%|█████▊    | 3368/5794 [00:48<00:35, 69.00it/s]
 58%|█████▊    | 3375/5794 [00:48<00:35, 68.89it/s]
 58%|█████▊    | 3382/5794 [00:48<00:34, 68.93it/s]
 58%|█████▊    | 3389/5794 [00:49<00:34, 68.81it/s]
 59%|█████▊    | 3396/5794 [00:49<00:34, 68.67it/s]
 59%|█████▊    | 3403/5794 [00:49<00:34, 68.83it/s]
 59%|█████▉    | 3410/5794 [00:49<00:34, 68.75it/s]
 59%|█████▉    | 3417/5794 [00:49<00:34, 68.86it/s]
 59%|█████▉    | 3424/5794 [00:49<00:34, 68.93it/s]
 59%|█████▉    | 3431/5794 [00:49<00:34, 69.02it/s]
 59%|█████▉    | 3438/5794 [00:49<00:34, 68.96it/s]
 59%|█████▉    | 3445/5794 [00:49<00:34, 68.92it/s]
 60%|█████▉    | 3452/5794 [00:50<00:33, 69.17it/s]
 60%|█████▉    | 3459/5794 [00:50<00:33, 68.93it/s]
 60%|█████▉    | 3466/5794 [00:50<00:33, 69.13it/s]
 60%|█████▉    | 3473/5794 [00:50<00:33, 68.99it/s]
 60%|██████    | 3480/5794 [00:50<00:33, 69.13it/s]
 60%|██████    | 3487/5794 [00:50<00:33, 69.29it/s]
 60%|██████    | 3494/5794 [00:50<00:33, 69.08it/s]
 60%|██████    | 3501/5794 [00:50<00:33, 69.18it/s]
 61%|██████    | 3508/5794 [00:50<00:33, 69.16it/s]
 61%|██████    | 3515/5794 [00:50<00:32, 69.29it/s]
 61%|██████    | 3522/5794 [00:51<00:32, 69.39it/s]
 61%|██████    | 3529/5794 [00:51<00:32, 69.40it/s]
 61%|██████    | 3537/5794 [00:51<00:32, 69.61it/s]
 61%|██████    | 3544/5794 [00:51<00:32, 69.53it/s]
 61%|██████▏   | 3551/5794 [00:51<00:32, 69.44it/s]
 61%|██████▏   | 3558/5794 [00:51<00:32, 69.28it/s]
 62%|██████▏   | 3566/5794 [00:51<00:32, 69.46it/s]
 62%|██████▏   | 3573/5794 [00:51<00:32, 69.39it/s]
 62%|██████▏   | 3580/5794 [00:51<00:31, 69.32it/s]
 62%|██████▏   | 3587/5794 [00:51<00:31, 69.47it/s]
 62%|██████▏   | 3594/5794 [00:52<00:31, 69.31it/s]
 62%|██████▏   | 3602/5794 [00:52<00:31, 69.55it/s]
 62%|██████▏   | 3609/5794 [00:52<00:31, 69.32it/s]
 62%|██████▏   | 3616/5794 [00:52<00:31, 69.41it/s]
 63%|██████▎   | 3623/5794 [00:52<00:31, 69.52it/s]
 63%|██████▎   | 3630/5794 [00:52<00:31, 69.21it/s]
 63%|██████▎   | 3637/5794 [00:52<00:31, 69.26it/s]
 63%|██████▎   | 3644/5794 [00:52<00:31, 69.03it/s]
 63%|██████▎   | 3651/5794 [00:52<00:30, 69.28it/s]
 63%|██████▎   | 3658/5794 [00:52<00:30, 69.35it/s]
 63%|██████▎   | 3665/5794 [00:53<00:30, 69.26it/s]
 63%|██████▎   | 3672/5794 [00:53<00:30, 69.36it/s]
 63%|██████▎   | 3679/5794 [00:53<00:30, 69.21it/s]
 64%|██████▎   | 3686/5794 [00:53<00:30, 69.40it/s]
 64%|██████▎   | 3693/5794 [00:53<00:30, 69.06it/s]
 64%|██████▍   | 3700/5794 [00:53<00:30, 69.29it/s]
 64%|██████▍   | 3707/5794 [00:53<00:30, 69.42it/s]
 64%|██████▍   | 3714/5794 [00:53<00:30, 69.31it/s]
 64%|██████▍   | 3721/5794 [00:53<00:29, 69.39it/s]
 64%|██████▍   | 3728/5794 [00:53<00:29, 69.20it/s]
 64%|██████▍   | 3735/5794 [00:54<00:29, 69.31it/s]
 65%|██████▍   | 3742/5794 [00:54<00:29, 68.96it/s]
 65%|██████▍   | 3749/5794 [00:54<00:29, 68.95it/s]
 65%|██████▍   | 3756/5794 [00:54<00:29, 69.25it/s]
 65%|██████▍   | 3763/5794 [00:54<00:29, 69.13it/s]
 65%|██████▌   | 3771/5794 [00:54<00:29, 69.49it/s]
 65%|██████▌   | 3778/5794 [00:54<00:29, 69.28it/s]
 65%|██████▌   | 3785/5794 [00:54<00:28, 69.47it/s]
 65%|██████▌   | 3792/5794 [00:54<00:28, 69.43it/s]
 66%|██████▌   | 3799/5794 [00:55<00:28, 69.22it/s]
 66%|██████▌   | 3806/5794 [00:55<00:28, 69.32it/s]
 66%|██████▌   | 3813/5794 [00:55<00:28, 69.10it/s]
 66%|██████▌   | 3820/5794 [00:55<00:28, 69.26it/s]
 66%|██████▌   | 3827/5794 [00:55<00:28, 69.30it/s]
 66%|██████▌   | 3834/5794 [00:55<00:28, 69.26it/s]
 66%|██████▋   | 3841/5794 [00:55<00:28, 69.39it/s]
 66%|██████▋   | 3848/5794 [00:55<00:28, 69.27it/s]
 67%|██████▋   | 3855/5794 [00:55<00:27, 69.46it/s]
 67%|██████▋   | 3862/5794 [00:55<00:27, 69.48it/s]
 67%|██████▋   | 3869/5794 [00:56<00:27, 69.44it/s]
 67%|██████▋   | 3876/5794 [00:56<00:27, 69.52it/s]
 67%|██████▋   | 3883/5794 [00:56<00:27, 69.33it/s]
 67%|██████▋   | 3890/5794 [00:56<00:27, 69.44it/s]
 67%|██████▋   | 3897/5794 [00:56<00:27, 69.44it/s]
 67%|██████▋   | 3904/5794 [00:56<00:27, 69.54it/s]
 68%|██████▊   | 3911/5794 [00:56<00:27, 69.54it/s]
 68%|██████▊   | 3918/5794 [00:56<00:27, 69.39it/s]
 68%|██████▊   | 3925/5794 [00:56<00:27, 68.51it/s]
 68%|██████▊   | 3932/5794 [00:56<00:27, 68.79it/s]
 68%|██████▊   | 3940/5794 [00:57<00:26, 69.24it/s]
 68%|██████▊   | 3947/5794 [00:57<00:26, 69.23it/s]
 68%|██████▊   | 3954/5794 [00:57<00:26, 69.41it/s]
 68%|██████▊   | 3962/5794 [00:57<00:26, 69.55it/s]
 69%|██████▊   | 3969/5794 [00:57<00:26, 69.43it/s]
 69%|██████▊   | 3976/5794 [00:57<00:26, 69.43it/s]
 69%|██████▊   | 3983/5794 [00:57<00:26, 69.30it/s]
 69%|██████▉   | 3990/5794 [00:57<00:26, 69.31it/s]
 69%|██████▉   | 3997/5794 [00:57<00:25, 69.24it/s]
 69%|██████▉   | 4004/5794 [00:57<00:25, 69.24it/s]
 69%|██████▉   | 4012/5794 [00:58<00:25, 69.53it/s]
 69%|██████▉   | 4019/5794 [00:58<00:25, 69.36it/s]
 70%|██████▉   | 4027/5794 [00:58<00:25, 69.54it/s]
 70%|██████▉   | 4034/5794 [00:58<00:25, 69.45it/s]
 70%|██████▉   | 4041/5794 [00:58<00:25, 69.56it/s]
 70%|██████▉   | 4048/5794 [00:58<00:25, 69.40it/s]
 70%|██████▉   | 4055/5794 [00:58<00:25, 69.38it/s]
 70%|███████   | 4062/5794 [00:58<00:24, 69.54it/s]
 70%|███████   | 4069/5794 [00:58<00:25, 68.78it/s]
 70%|███████   | 4076/5794 [00:59<00:24, 69.09it/s]
 70%|███████   | 4083/5794 [00:59<00:24, 69.04it/s]
 71%|███████   | 4090/5794 [00:59<00:24, 68.98it/s]
 71%|███████   | 4097/5794 [00:59<00:24, 68.87it/s]
 71%|███████   | 4104/5794 [00:59<00:24, 69.05it/s]
 71%|███████   | 4111/5794 [00:59<00:24, 69.24it/s]
 71%|███████   | 4118/5794 [00:59<00:24, 69.24it/s]
 71%|███████   | 4125/5794 [00:59<00:24, 69.45it/s]
 71%|███████▏  | 4132/5794 [00:59<00:23, 69.59it/s]
 71%|███████▏  | 4139/5794 [00:59<00:23, 69.31it/s]
 72%|███████▏  | 4146/5794 [01:00<00:23, 69.44it/s]
 72%|███████▏  | 4153/5794 [01:00<00:23, 69.39it/s]
 72%|███████▏  | 4160/5794 [01:00<00:23, 69.50it/s]
 72%|███████▏  | 4167/5794 [01:00<00:23, 69.56it/s]
 72%|███████▏  | 4174/5794 [01:00<00:23, 69.48it/s]
 72%|███████▏  | 4181/5794 [01:00<00:23, 69.35it/s]
 72%|███████▏  | 4188/5794 [01:00<00:23, 69.38it/s]
 72%|███████▏  | 4195/5794 [01:00<00:23, 69.36it/s]
 73%|███████▎  | 4202/5794 [01:00<00:23, 69.17it/s]
 73%|███████▎  | 4209/5794 [01:00<00:22, 69.35it/s]
 73%|███████▎  | 4216/5794 [01:01<00:22, 69.37it/s]
 73%|███████▎  | 4223/5794 [01:01<00:22, 69.16it/s]
 73%|███████▎  | 4231/5794 [01:01<00:22, 69.52it/s]
 73%|███████▎  | 4238/5794 [01:01<00:22, 69.42it/s]
 73%|███████▎  | 4246/5794 [01:01<00:22, 69.68it/s]
 73%|███████▎  | 4253/5794 [01:01<00:22, 69.62it/s]
 74%|███████▎  | 4260/5794 [01:01<00:22, 69.62it/s]
 74%|███████▎  | 4267/5794 [01:01<00:21, 69.49it/s]
 74%|███████▍  | 4274/5794 [01:01<00:21, 69.44it/s]
 74%|███████▍  | 4282/5794 [01:01<00:21, 69.51it/s]
 74%|███████▍  | 4289/5794 [01:02<00:21, 69.33it/s]
 74%|███████▍  | 4296/5794 [01:02<00:21, 69.52it/s]
 74%|███████▍  | 4303/5794 [01:02<00:21, 69.45it/s]
 74%|███████▍  | 4310/5794 [01:02<00:21, 69.24it/s]
 75%|███████▍  | 4317/5794 [01:02<00:21, 69.39it/s]
 75%|███████▍  | 4324/5794 [01:02<00:21, 69.36it/s]
 75%|███████▍  | 4332/5794 [01:02<00:20, 69.74it/s]
 75%|███████▍  | 4339/5794 [01:02<00:20, 69.41it/s]
 75%|███████▌  | 4346/5794 [01:02<00:20, 69.47it/s]
 75%|███████▌  | 4353/5794 [01:02<00:20, 69.42it/s]
 75%|███████▌  | 4360/5794 [01:03<00:20, 69.30it/s]
 75%|███████▌  | 4367/5794 [01:03<00:20, 69.33it/s]
 75%|███████▌  | 4374/5794 [01:03<00:20, 69.07it/s]
 76%|███████▌  | 4381/5794 [01:03<00:20, 69.24it/s]
 76%|███████▌  | 4388/5794 [01:03<00:20, 69.39it/s]
 76%|███████▌  | 4395/5794 [01:03<00:20, 69.34it/s]
 76%|███████▌  | 4402/5794 [01:03<00:20, 69.46it/s]
 76%|███████▌  | 4409/5794 [01:03<00:19, 69.32it/s]
 76%|███████▌  | 4416/5794 [01:03<00:19, 69.28it/s]
 76%|███████▋  | 4423/5794 [01:04<00:19, 69.15it/s]
 76%|███████▋  | 4430/5794 [01:04<00:19, 69.16it/s]
 77%|███████▋  | 4437/5794 [01:04<00:19, 69.31it/s]
 77%|███████▋  | 4444/5794 [01:04<00:19, 69.23it/s]
 77%|███████▋  | 4451/5794 [01:04<00:19, 69.30it/s]
 77%|███████▋  | 4458/5794 [01:04<00:19, 69.20it/s]
 77%|███████▋  | 4465/5794 [01:04<00:19, 69.23it/s]
 77%|███████▋  | 4472/5794 [01:04<00:19, 69.33it/s]
 77%|███████▋  | 4479/5794 [01:04<00:19, 69.21it/s]
 77%|███████▋  | 4486/5794 [01:04<00:18, 69.44it/s]
 78%|███████▊  | 4493/5794 [01:05<00:18, 69.27it/s]
 78%|███████▊  | 4500/5794 [01:05<00:18, 69.46it/s]
 78%|███████▊  | 4507/5794 [01:05<00:18, 69.18it/s]
 78%|███████▊  | 4514/5794 [01:05<00:18, 69.00it/s]
 78%|███████▊  | 4521/5794 [01:05<00:18, 69.09it/s]
 78%|███████▊  | 4528/5794 [01:05<00:18, 69.21it/s]
 78%|███████▊  | 4535/5794 [01:05<00:18, 69.33it/s]
 78%|███████▊  | 4542/5794 [01:05<00:18, 69.31it/s]
 79%|███████▊  | 4549/5794 [01:05<00:17, 69.41it/s]
 79%|███████▊  | 4556/5794 [01:05<00:17, 69.48it/s]
 79%|███████▉  | 4563/5794 [01:06<00:17, 69.35it/s]
 79%|███████▉  | 4571/5794 [01:06<00:17, 69.56it/s]
 79%|███████▉  | 4578/5794 [01:06<00:17, 69.38it/s]
 79%|███████▉  | 4585/5794 [01:06<00:17, 69.56it/s]
 79%|███████▉  | 4592/5794 [01:06<00:17, 69.56it/s]
 79%|███████▉  | 4599/5794 [01:06<00:17, 69.47it/s]
 80%|███████▉  | 4607/5794 [01:06<00:17, 69.67it/s]
 80%|███████▉  | 4614/5794 [01:06<00:16, 69.44it/s]
 80%|███████▉  | 4621/5794 [01:06<00:16, 69.59it/s]
 80%|███████▉  | 4628/5794 [01:06<00:16, 69.36it/s]
 80%|███████▉  | 4635/5794 [01:07<00:16, 69.41it/s]
 80%|████████  | 4642/5794 [01:07<00:16, 69.46it/s]
 80%|████████  | 4649/5794 [01:07<00:16, 69.38it/s]
 80%|████████  | 4656/5794 [01:07<00:16, 69.46it/s]
 80%|████████  | 4663/5794 [01:07<00:16, 69.35it/s]
 81%|████████  | 4670/5794 [01:07<00:16, 69.45it/s]
 81%|████████  | 4677/5794 [01:07<00:16, 69.51it/s]
 81%|████████  | 4684/5794 [01:07<00:16, 69.36it/s]
 81%|████████  | 4691/5794 [01:07<00:15, 69.45it/s]
 81%|████████  | 4698/5794 [01:07<00:15, 69.37it/s]
 81%|████████  | 4705/5794 [01:08<00:15, 69.49it/s]
 81%|████████▏ | 4712/5794 [01:08<00:15, 69.40it/s]
 81%|████████▏ | 4719/5794 [01:08<00:15, 69.37it/s]
 82%|████████▏ | 4726/5794 [01:08<00:15, 69.44it/s]
 82%|████████▏ | 4733/5794 [01:08<00:15, 69.42it/s]
 82%|████████▏ | 4740/5794 [01:08<00:15, 69.54it/s]
 82%|████████▏ | 4747/5794 [01:08<00:15, 69.22it/s]
 82%|████████▏ | 4755/5794 [01:08<00:14, 69.48it/s]
 82%|████████▏ | 4762/5794 [01:08<00:15, 68.76it/s]
 82%|████████▏ | 4769/5794 [01:09<00:14, 68.65it/s]
 82%|████████▏ | 4776/5794 [01:09<00:14, 69.00it/s]
 83%|████████▎ | 4783/5794 [01:09<00:14, 68.94it/s]
 83%|████████▎ | 4790/5794 [01:09<00:14, 68.92it/s]
 83%|████████▎ | 4797/5794 [01:09<00:14, 69.17it/s]
 83%|████████▎ | 4804/5794 [01:09<00:14, 69.03it/s]
 83%|████████▎ | 4811/5794 [01:09<00:14, 68.99it/s]
 83%|████████▎ | 4818/5794 [01:09<00:14, 68.89it/s]
 83%|████████▎ | 4825/5794 [01:09<00:14, 69.05it/s]
 83%|████████▎ | 4832/5794 [01:09<00:13, 68.85it/s]
 84%|████████▎ | 4839/5794 [01:10<00:13, 69.18it/s]
 84%|████████▎ | 4846/5794 [01:10<00:13, 69.36it/s]
 84%|████████▍ | 4853/5794 [01:10<00:13, 69.12it/s]
 84%|████████▍ | 4861/5794 [01:10<00:13, 69.42it/s]
 84%|████████▍ | 4868/5794 [01:10<00:13, 69.34it/s]
 84%|████████▍ | 4875/5794 [01:10<00:13, 69.16it/s]
 84%|████████▍ | 4882/5794 [01:10<00:13, 69.36it/s]
 84%|████████▍ | 4889/5794 [01:10<00:13, 69.31it/s]
 85%|████████▍ | 4896/5794 [01:10<00:12, 69.41it/s]
 85%|████████▍ | 4903/5794 [01:10<00:12, 69.39it/s]
 85%|████████▍ | 4910/5794 [01:11<00:12, 69.47it/s]
 85%|████████▍ | 4917/5794 [01:11<00:12, 69.32it/s]
 85%|████████▍ | 4924/5794 [01:11<00:12, 69.37it/s]
 85%|████████▌ | 4931/5794 [01:11<00:12, 67.54it/s]
 85%|████████▌ | 4938/5794 [01:11<00:12, 65.98it/s]
 85%|████████▌ | 4945/5794 [01:11<00:13, 65.16it/s]
 85%|████████▌ | 4952/5794 [01:11<00:13, 64.30it/s]
 86%|████████▌ | 4959/5794 [01:11<00:13, 63.98it/s]
 86%|████████▌ | 4966/5794 [01:11<00:13, 63.69it/s]
 86%|████████▌ | 4973/5794 [01:12<00:12, 63.37it/s]
 86%|████████▌ | 4980/5794 [01:12<00:12, 63.23it/s]
 86%|████████▌ | 4987/5794 [01:12<00:12, 62.88it/s]
 86%|████████▌ | 4994/5794 [01:12<00:12, 62.88it/s]
 86%|████████▋ | 5001/5794 [01:12<00:12, 62.91it/s]
 86%|████████▋ | 5008/5794 [01:12<00:12, 62.85it/s]
 87%|████████▋ | 5015/5794 [01:12<00:12, 62.83it/s]
 87%|████████▋ | 5022/5794 [01:12<00:12, 62.72it/s]
 87%|████████▋ | 5029/5794 [01:12<00:12, 62.84it/s]
 87%|████████▋ | 5036/5794 [01:13<00:12, 62.60it/s]
 87%|████████▋ | 5043/5794 [01:13<00:11, 62.67it/s]
 87%|████████▋ | 5050/5794 [01:13<00:11, 62.83it/s]
 87%|████████▋ | 5057/5794 [01:13<00:11, 62.71it/s]
 87%|████████▋ | 5064/5794 [01:13<00:11, 62.86it/s]
 88%|████████▊ | 5071/5794 [01:13<00:11, 62.68it/s]
 88%|████████▊ | 5078/5794 [01:13<00:11, 62.89it/s]
 88%|████████▊ | 5085/5794 [01:13<00:11, 62.88it/s]
 88%|████████▊ | 5092/5794 [01:13<00:11, 62.71it/s]
 88%|████████▊ | 5099/5794 [01:14<00:11, 62.83it/s]
 88%|████████▊ | 5106/5794 [01:14<00:10, 62.81it/s]
 88%|████████▊ | 5113/5794 [01:14<00:10, 62.82it/s]
 88%|████████▊ | 5120/5794 [01:14<00:10, 62.63it/s]
 88%|████████▊ | 5127/5794 [01:14<00:10, 62.65it/s]
 89%|████████▊ | 5134/5794 [01:14<00:10, 62.80it/s]
 89%|████████▊ | 5141/5794 [01:14<00:10, 62.66it/s]
 89%|████████▉ | 5148/5794 [01:14<00:10, 62.73it/s]
 89%|████████▉ | 5155/5794 [01:14<00:10, 62.52it/s]
 89%|████████▉ | 5162/5794 [01:15<00:10, 62.65it/s]
 89%|████████▉ | 5169/5794 [01:15<00:09, 62.69it/s]
 89%|████████▉ | 5176/5794 [01:15<00:09, 62.44it/s]
 89%|████████▉ | 5183/5794 [01:15<00:09, 62.57it/s]
 90%|████████▉ | 5190/5794 [01:15<00:09, 62.55it/s]
 90%|████████▉ | 5197/5794 [01:15<00:09, 62.83it/s]
 90%|████████▉ | 5204/5794 [01:15<00:09, 62.77it/s]
 90%|████████▉ | 5211/5794 [01:15<00:09, 62.66it/s]
 90%|█████████ | 5218/5794 [01:15<00:09, 62.80it/s]
 90%|█████████ | 5225/5794 [01:16<00:09, 62.76it/s]
 90%|█████████ | 5232/5794 [01:16<00:08, 62.71it/s]
 90%|█████████ | 5239/5794 [01:16<00:08, 62.71it/s]
 91%|█████████ | 5246/5794 [01:16<00:08, 62.10it/s]
 91%|█████████ | 5253/5794 [01:16<00:08, 62.44it/s]
 91%|█████████ | 5260/5794 [01:16<00:08, 62.42it/s]
 91%|█████████ | 5267/5794 [01:16<00:08, 62.52it/s]
 91%|█████████ | 5274/5794 [01:16<00:08, 62.50it/s]
 91%|█████████ | 5281/5794 [01:16<00:08, 62.61it/s]
 91%|█████████▏| 5288/5794 [01:17<00:08, 62.78it/s]
 91%|█████████▏| 5295/5794 [01:17<00:07, 62.65it/s]
 92%|█████████▏| 5302/5794 [01:17<00:07, 62.68it/s]
 92%|█████████▏| 5309/5794 [01:17<00:07, 62.72it/s]
 92%|█████████▏| 5316/5794 [01:17<00:07, 62.79it/s]
 92%|█████████▏| 5323/5794 [01:17<00:07, 62.85it/s]
 92%|█████████▏| 5330/5794 [01:17<00:07, 64.41it/s]
 92%|█████████▏| 5338/5794 [01:17<00:06, 66.15it/s]
 92%|█████████▏| 5345/5794 [01:17<00:06, 67.05it/s]
 92%|█████████▏| 5352/5794 [01:18<00:06, 67.77it/s]
 92%|█████████▏| 5359/5794 [01:18<00:06, 68.33it/s]
 93%|█████████▎| 5367/5794 [01:18<00:06, 68.96it/s]
 93%|█████████▎| 5374/5794 [01:18<00:06, 69.14it/s]
 93%|█████████▎| 5381/5794 [01:18<00:06, 67.01it/s]
 93%|█████████▎| 5388/5794 [01:18<00:06, 65.80it/s]
 93%|█████████▎| 5395/5794 [01:18<00:06, 64.79it/s]
 93%|█████████▎| 5402/5794 [01:18<00:06, 64.27it/s]
 93%|█████████▎| 5409/5794 [01:18<00:06, 63.23it/s]
 93%|█████████▎| 5416/5794 [01:19<00:06, 62.28it/s]
 94%|█████████▎| 5423/5794 [01:19<00:05, 62.31it/s]
 94%|█████████▎| 5430/5794 [01:19<00:05, 62.29it/s]
 94%|█████████▍| 5437/5794 [01:19<00:05, 62.51it/s]
 94%|█████████▍| 5444/5794 [01:19<00:05, 62.45it/s]
 94%|█████████▍| 5451/5794 [01:19<00:05, 62.59it/s]
 94%|█████████▍| 5458/5794 [01:19<00:05, 62.73it/s]
 94%|█████████▍| 5465/5794 [01:19<00:05, 62.65it/s]
 94%|█████████▍| 5472/5794 [01:19<00:05, 62.56it/s]
 95%|█████████▍| 5479/5794 [01:20<00:05, 62.36it/s]
 95%|█████████▍| 5486/5794 [01:20<00:04, 62.58it/s]
 95%|█████████▍| 5493/5794 [01:20<00:04, 62.46it/s]
 95%|█████████▍| 5500/5794 [01:20<00:04, 62.34it/s]
 95%|█████████▌| 5507/5794 [01:20<00:04, 62.48it/s]
 95%|█████████▌| 5514/5794 [01:20<00:04, 62.47it/s]
 95%|█████████▌| 5521/5794 [01:20<00:04, 62.76it/s]
 95%|█████████▌| 5528/5794 [01:20<00:04, 62.82it/s]
 96%|█████████▌| 5535/5794 [01:20<00:04, 62.58it/s]
 96%|█████████▌| 5542/5794 [01:21<00:04, 62.58it/s]
 96%|█████████▌| 5549/5794 [01:21<00:03, 62.45it/s]
 96%|█████████▌| 5556/5794 [01:21<00:03, 62.98it/s]
 96%|█████████▌| 5563/5794 [01:21<00:03, 64.72it/s]
 96%|█████████▌| 5570/5794 [01:21<00:03, 66.18it/s]
 96%|█████████▋| 5577/5794 [01:21<00:03, 67.26it/s]
 96%|█████████▋| 5584/5794 [01:21<00:03, 68.00it/s]
 97%|█████████▋| 5592/5794 [01:21<00:02, 68.68it/s]
 97%|█████████▋| 5599/5794 [01:21<00:02, 66.81it/s]
 97%|█████████▋| 5606/5794 [01:21<00:02, 65.57it/s]
 97%|█████████▋| 5613/5794 [01:22<00:02, 64.70it/s]
 97%|█████████▋| 5620/5794 [01:22<00:02, 64.01it/s]
 97%|█████████▋| 5627/5794 [01:22<00:02, 64.08it/s]
 97%|█████████▋| 5634/5794 [01:22<00:02, 65.53it/s]
 97%|█████████▋| 5642/5794 [01:22<00:02, 67.14it/s]
 97%|█████████▋| 5649/5794 [01:22<00:02, 67.69it/s]
 98%|█████████▊| 5656/5794 [01:22<00:02, 66.71it/s]
 98%|█████████▊| 5663/5794 [01:22<00:02, 65.40it/s]
 98%|█████████▊| 5670/5794 [01:22<00:01, 64.48it/s]
 98%|█████████▊| 5677/5794 [01:23<00:01, 64.02it/s]
 98%|█████████▊| 5684/5794 [01:23<00:01, 63.46it/s]
 98%|█████████▊| 5691/5794 [01:23<00:01, 63.11it/s]
 98%|█████████▊| 5698/5794 [01:23<00:01, 63.06it/s]
 98%|█████████▊| 5705/5794 [01:23<00:01, 62.95it/s]
 99%|█████████▊| 5712/5794 [01:23<00:01, 62.88it/s]
 99%|█████████▊| 5719/5794 [01:23<00:01, 62.66it/s]
 99%|█████████▉| 5726/5794 [01:23<00:01, 62.69it/s]
 99%|█████████▉| 5733/5794 [01:23<00:00, 62.58it/s]
 99%|█████████▉| 5740/5794 [01:24<00:00, 62.63it/s]
 99%|█████████▉| 5747/5794 [01:24<00:00, 62.53it/s]
 99%|█████████▉| 5754/5794 [01:24<00:00, 62.46it/s]
 99%|█████████▉| 5761/5794 [01:24<00:00, 62.60it/s]
100%|█████████▉| 5768/5794 [01:24<00:00, 62.41it/s]
100%|█████████▉| 5775/5794 [01:24<00:00, 62.47it/s]
100%|█████████▉| 5782/5794 [01:24<00:00, 62.57it/s]
100%|█████████▉| 5789/5794 [01:24<00:00, 62.79it/s]
100%|██████████| 5794/5794 [01:25<00:00, 68.16it/s]
BALANCED ACCS CHECKED FOR TEST
TEST SET RESULTS FOR CHECKPOINT trained_weights/waterbirds/upweight_waterbird_1.0_forest2water2_21047520_trial_000/best_balanced_valacc_0.63_epoch_0.ckpt
test_acc: 0.596479116327235
balanced_test_acc: 0.6201889535887712
Land_on_Land_test_acc: 0.9800443458980045
Land_on_Water_test_acc: 0.17516629711751663
Water_on_Land_test_acc: 0.3582554517133956
Water_on_Water_test_acc: 0.9672897196261683
test_acc_Waterbird: 0.6627725856697819
test_acc_Landbird: 0.5776053215077606
