[CMD] /home/ryreu/miniconda3/envs/gals_a100/bin/python -u main.py --config configs/waterbirds_100_gals_vit.yaml --name rrr_waterbird_1.0_forest2water2_21050491_trial_000 DATA.ROOT=/home/ryreu/guided_cnn/waterbirds DATA.WATERBIRDS_DIR=waterbird_1.0_forest2water2 SEED=0 EXP.BASE.LR=0.0010000000000000002 EXP.CLASSIFIER.LR=9.999999999999991e-05 EXP.WEIGHT_DECAY=9.999999999999997e-06 EXP.AUX_LOSSES_ON_VAL=False EXP.LOSSES.GRADIENT_OUTSIDE.WEIGHT=10.000000000000002 EXP.NUM_EPOCHS=1
SEED: 0
DATA:
  BATCH_SIZE: 96
  NUM_WORKERS: 4
  SIZE: 224
  NORMALIZATION: imagenet
  ATTENTION_DIR: clip_vit_attention
  SEPARATE_CLASSES: false
  REMOVE_BACKGROUND: false
  ROOT: /home/ryreu/guided_cnn/waterbirds
  USE_CLASS_WEIGHTS: false
  USE_GROUP_WEIGHTS: false
  DATASET: waterbirds
  NUM_CLASSES: 2
  CONFOUNDING_FACTOR: 1.0
  WATERBIRDS_DIR: waterbird_1.0_forest2water2
EXP:
  NUM_TRIALS: 1
  LOSSES:
    CLASSIFICATION:
      WEIGHT: 1
    GRADIENT_OUTSIDE:
      COMPUTE: true
      LOG: false
      WEIGHT: 10.000000000000002
      CRITERION: L1
      GT: clip_vit
      COMBINE_ATT_MODE: average_nonzero
    GRADIENT_INSIDE:
      COMPUTE: false
      LOG: false
      WEIGHT: 1
      CRITERION: L1
      GT: segmentation
      COMBINE_ATT_MODE: average_nonzero
    GRADCAM:
      COMPUTE: false
      LOG: false
      WEIGHT: 1
      CRITERION: L1
      GT: segmentation
      MODE: match
      COMBINE_ATT_MODE: average_nonzero
  APPROACH: generic
  MODEL: resnet50
  PRETRAINED: true
  NUM_EPOCHS: 1
  OPTIMIZER: SGD
  WEIGHT_DECAY: 9.999999999999997e-06
  MOMENTUM: 0.9
  SCHEDULER: NONE
  BASE:
    LR: 0.0010000000000000002
  CLASSIFIER:
    LR: 9.999999999999991e-05
  AUX_LOSSES_ON_VAL: false
LOGGING:
  SAVE_EVERY: 0
  SAVE_BEST: true
  SAVE_LAST: false
  LOG_ATTENTION: false
  LOG_ATTENTION_STEP: 10
  SAVE_STATS_PATH: null
yaml: configs/waterbirds_100_gals_vit.yaml
name: rrr_waterbird_1.0_forest2water2_21050491_trial_000
test_checkpoint: null

WATERBIRDS DIR: /home/ryreu/guided_cnn/waterbirds/waterbird_1.0_forest2water2
NUMBER OF SAMPLES WITH LABEL Landbird: 3684
NUMBER OF SAMPLES WITH LABEL Waterbird: 1111
NUMBER OF SAMPLES WITH GROUP Land_on_Land: 3684
NUMBER OF SAMPLES WITH GROUP Land_on_Water: 0
NUMBER OF SAMPLES WITH GROUP Water_on_Land: 0
NUMBER OF SAMPLES WITH GROUP Water_on_Water: 1111
WATERBIRDS DIR: /home/ryreu/guided_cnn/waterbirds/waterbird_1.0_forest2water2
NUMBER OF SAMPLES WITH LABEL Landbird: 931
NUMBER OF SAMPLES WITH LABEL Waterbird: 268
NUMBER OF SAMPLES WITH GROUP Land_on_Land: 465
NUMBER OF SAMPLES WITH GROUP Land_on_Water: 466
NUMBER OF SAMPLES WITH GROUP Water_on_Land: 134
NUMBER OF SAMPLES WITH GROUP Water_on_Water: 134
NUM TRAIN: 4795

NUM VAL:   1199

Number classifier outputs: 1
Using pretrained model: True
USING SGD OPTIMIZER
class weights: None
group weights: None
WANDB DISABLED: skipping wandb.init()
EPOCH: 0

>>> TRAINING 


  0%|          | 0/50 [00:00<?, ?it/s]
  2%|▏         | 1/50 [00:05<04:38,  5.68s/it]
  4%|▍         | 2/50 [00:06<02:22,  2.98s/it]
  6%|▌         | 3/50 [00:07<01:39,  2.11s/it]
  8%|▊         | 4/50 [00:08<01:18,  1.71s/it]
 10%|█         | 5/50 [00:10<01:06,  1.48s/it]
 12%|█▏        | 6/50 [00:11<00:59,  1.35s/it]
 14%|█▍        | 7/50 [00:12<00:54,  1.27s/it]
 16%|█▌        | 8/50 [00:13<00:50,  1.21s/it]
 18%|█▊        | 9/50 [00:14<00:48,  1.18s/it]
 20%|██        | 10/50 [00:15<00:46,  1.16s/it]
 22%|██▏       | 11/50 [00:16<00:44,  1.14s/it]
 24%|██▍       | 12/50 [00:17<00:42,  1.12s/it]
 26%|██▌       | 13/50 [00:18<00:41,  1.12s/it]
 28%|██▊       | 14/50 [00:19<00:40,  1.11s/it]
 30%|███       | 15/50 [00:20<00:38,  1.10s/it]
 32%|███▏      | 16/50 [00:22<00:37,  1.10s/it]
 34%|███▍      | 17/50 [00:23<00:36,  1.09s/it]
 36%|███▌      | 18/50 [00:24<00:35,  1.10s/it]
 38%|███▊      | 19/50 [00:25<00:33,  1.10s/it]
 40%|████      | 20/50 [00:26<00:32,  1.09s/it]
 42%|████▏     | 21/50 [00:27<00:31,  1.09s/it]
 44%|████▍     | 22/50 [00:28<00:30,  1.09s/it]
 46%|████▌     | 23/50 [00:29<00:29,  1.09s/it]
 48%|████▊     | 24/50 [00:30<00:28,  1.09s/it]
 50%|█████     | 25/50 [00:31<00:27,  1.09s/it]
 52%|█████▏    | 26/50 [00:32<00:26,  1.09s/it]
 54%|█████▍    | 27/50 [00:34<00:24,  1.09s/it]
 56%|█████▌    | 28/50 [00:35<00:23,  1.08s/it]
 58%|█████▊    | 29/50 [00:36<00:22,  1.09s/it]
 60%|██████    | 30/50 [00:37<00:21,  1.09s/it]
 62%|██████▏   | 31/50 [00:38<00:20,  1.09s/it]
 64%|██████▍   | 32/50 [00:39<00:19,  1.09s/it]
 66%|██████▌   | 33/50 [00:40<00:18,  1.09s/it]
 68%|██████▊   | 34/50 [00:41<00:17,  1.09s/it]
 70%|███████   | 35/50 [00:42<00:16,  1.09s/it]
 72%|███████▏  | 36/50 [00:43<00:15,  1.09s/it]
 74%|███████▍  | 37/50 [00:44<00:14,  1.09s/it]
 76%|███████▌  | 38/50 [00:46<00:13,  1.09s/it]
 78%|███████▊  | 39/50 [00:47<00:11,  1.09s/it]
 80%|████████  | 40/50 [00:48<00:10,  1.09s/it]
 82%|████████▏ | 41/50 [00:49<00:09,  1.09s/it]
 84%|████████▍ | 42/50 [00:50<00:08,  1.09s/it]
 86%|████████▌ | 43/50 [00:51<00:07,  1.08s/it]
 88%|████████▊ | 44/50 [00:53<00:09,  1.50s/it]
 90%|█████████ | 45/50 [00:55<00:07,  1.42s/it]
 92%|█████████▏| 46/50 [00:56<00:05,  1.32s/it]
 94%|█████████▍| 47/50 [00:57<00:03,  1.25s/it]
 96%|█████████▌| 48/50 [00:58<00:02,  1.20s/it]
 98%|█████████▊| 49/50 [00:59<00:01,  1.17s/it]
100%|██████████| 50/50 [01:00<00:00,  1.15s/it]
100%|██████████| 50/50 [01:00<00:00,  1.21s/it]
>>> VALIDATING 


  0%|          | 0/13 [00:00<?, ?it/s]
  8%|▊         | 1/13 [00:06<01:21,  6.79s/it]
 23%|██▎       | 3/13 [00:06<00:18,  1.82s/it]
 38%|███▊      | 5/13 [00:08<00:09,  1.18s/it]
 46%|████▌     | 6/13 [00:08<00:06,  1.12it/s]
 62%|██████▏   | 8/13 [00:08<00:02,  1.87it/s]
 69%|██████▉   | 9/13 [00:09<00:02,  1.36it/s]
 77%|███████▋  | 10/13 [00:10<00:02,  1.48it/s]
 92%|█████████▏| 12/13 [00:10<00:00,  2.36it/s]
100%|██████████| 13/13 [00:10<00:00,  1.24it/s]
>>> LOGGING 

BALANCED ACCS CHECKED FOR TRAIN
BALANCED ACCS CHECKED FOR VAL
train_acc: 0.7293013555787279
val_acc: 0.6839032527105922
train_cls_loss: 0.47431737886852465
val_cls_loss: 0.566548323362842
train_total_loss: 0.47434192414514964
val_total_loss: 0.566548323362842
balanced_train_acc: 0.6122934361840093
balanced_val_acc: 0.5705909229363387
Land_on_Land_train_acc: 0.8303474484256244
Land_on_Land_val_acc: 0.9956989247311828
Land_on_Water_train_acc: 0
Land_on_Water_val_acc: 0.555793991416309
Water_on_Land_train_acc: 0
Water_on_Land_val_acc: 0.03731343283582089
Water_on_Water_train_acc: 0.39423942394239425
Water_on_Water_val_acc: 0.6940298507462687
train_dydx_outside_clip_vit_loss: 2.454231434474212e-05
train_acc_Landbird: 0.8303474484256244
train_acc_Waterbird: 0.39423942394239425
val_acc_Landbird: 0.7755102040816326
val_acc_Waterbird: 0.3656716417910448
TRAIN ACC:        0.7293013555787279
VAL ACC:          0.6839032527105922
BALANCED VAL ACC: 0.5705909229363387
prev best list: []
Saving to trained_weights/waterbirds/rrr_waterbird_1.0_forest2water2_21050491_trial_000/best_balanced_valacc_0.57_epoch_0.ckpt
>>> EVALUATING ON TEST SET
WATERBIRDS DIR: /home/ryreu/guided_cnn/waterbirds/waterbird_1.0_forest2water2
NUMBER OF SAMPLES WITH LABEL Landbird: 4510
NUMBER OF SAMPLES WITH LABEL Waterbird: 1284
NUMBER OF SAMPLES WITH GROUP Land_on_Land: 2255
NUMBER OF SAMPLES WITH GROUP Land_on_Water: 2255
NUMBER OF SAMPLES WITH GROUP Water_on_Land: 642
NUMBER OF SAMPLES WITH GROUP Water_on_Water: 642
NUM TEST:   5794

Loaded checkpoint trained_weights/waterbirds/rrr_waterbird_1.0_forest2water2_21050491_trial_000/best_balanced_valacc_0.57_epoch_0.ckpt

  0%|          | 0/5794 [00:00<?, ?it/s]
  0%|          | 1/5794 [00:00<25:30,  3.79it/s]
  0%|          | 9/5794 [00:00<03:16, 29.42it/s]
  0%|          | 17/5794 [00:00<02:11, 43.83it/s]
  0%|          | 25/5794 [00:00<01:48, 53.12it/s]
  1%|          | 33/5794 [00:00<01:37, 59.02it/s]
  1%|          | 41/5794 [00:00<01:31, 62.83it/s]
  1%|          | 49/5794 [00:00<01:27, 65.40it/s]
  1%|          | 57/5794 [00:01<01:26, 66.63it/s]
  1%|          | 65/5794 [00:01<01:23, 68.35it/s]
  1%|          | 72/5794 [00:01<01:23, 68.58it/s]
  1%|▏         | 80/5794 [00:01<01:22, 69.32it/s]
  2%|▏         | 88/5794 [00:01<01:21, 69.59it/s]
  2%|▏         | 96/5794 [00:01<01:21, 69.90it/s]
  2%|▏         | 104/5794 [00:01<01:21, 70.08it/s]
  2%|▏         | 112/5794 [00:01<01:21, 70.01it/s]
  2%|▏         | 120/5794 [00:01<01:21, 69.78it/s]
  2%|▏         | 127/5794 [00:02<01:21, 69.70it/s]
  2%|▏         | 135/5794 [00:02<01:21, 69.71it/s]
  2%|▏         | 143/5794 [00:02<01:20, 69.86it/s]
  3%|▎         | 150/5794 [00:02<01:20, 69.89it/s]
  3%|▎         | 158/5794 [00:02<01:20, 69.98it/s]
  3%|▎         | 165/5794 [00:02<01:20, 69.88it/s]
  3%|▎         | 173/5794 [00:02<01:20, 70.07it/s]
  3%|▎         | 181/5794 [00:02<01:20, 70.03it/s]
  3%|▎         | 189/5794 [00:02<01:20, 70.00it/s]
  3%|▎         | 197/5794 [00:03<01:19, 70.10it/s]
  4%|▎         | 205/5794 [00:03<01:19, 70.18it/s]
  4%|▎         | 213/5794 [00:03<01:19, 70.10it/s]
  4%|▍         | 221/5794 [00:03<01:19, 70.12it/s]
  4%|▍         | 229/5794 [00:03<01:20, 68.91it/s]
  4%|▍         | 236/5794 [00:03<01:22, 67.31it/s]
  4%|▍         | 243/5794 [00:03<01:24, 66.07it/s]
  4%|▍         | 250/5794 [00:03<01:25, 65.22it/s]
  4%|▍         | 257/5794 [00:03<01:25, 64.58it/s]
  5%|▍         | 264/5794 [00:04<01:26, 64.24it/s]
  5%|▍         | 271/5794 [00:04<01:26, 63.89it/s]
  5%|▍         | 278/5794 [00:04<01:26, 63.61it/s]
  5%|▍         | 285/5794 [00:04<01:26, 63.58it/s]
  5%|▌         | 292/5794 [00:04<01:26, 63.49it/s]
  5%|▌         | 299/5794 [00:04<01:26, 63.46it/s]
  5%|▌         | 306/5794 [00:04<01:26, 63.46it/s]
  5%|▌         | 313/5794 [00:04<01:26, 63.30it/s]
  6%|▌         | 320/5794 [00:04<01:26, 63.05it/s]
  6%|▌         | 327/5794 [00:05<01:26, 63.17it/s]
  6%|▌         | 334/5794 [00:05<01:26, 63.03it/s]
  6%|▌         | 341/5794 [00:05<01:26, 63.29it/s]
  6%|▌         | 348/5794 [00:05<01:25, 63.43it/s]
  6%|▌         | 355/5794 [00:05<01:25, 63.68it/s]
  6%|▌         | 362/5794 [00:05<01:25, 63.79it/s]
  6%|▋         | 369/5794 [00:05<01:25, 63.59it/s]
  6%|▋         | 376/5794 [00:05<01:24, 64.07it/s]
  7%|▋         | 383/5794 [00:05<01:24, 64.23it/s]
  7%|▋         | 390/5794 [00:06<01:24, 64.28it/s]
  7%|▋         | 397/5794 [00:06<01:24, 64.24it/s]
  7%|▋         | 404/5794 [00:06<01:23, 64.35it/s]
  7%|▋         | 411/5794 [00:06<01:24, 63.99it/s]
  7%|▋         | 418/5794 [00:06<01:24, 63.74it/s]
  7%|▋         | 425/5794 [00:06<01:24, 63.21it/s]
  7%|▋         | 432/5794 [00:06<01:24, 63.83it/s]
  8%|▊         | 439/5794 [00:06<01:23, 63.93it/s]
  8%|▊         | 446/5794 [00:06<01:23, 63.90it/s]
  8%|▊         | 453/5794 [00:07<01:23, 63.95it/s]
  8%|▊         | 460/5794 [00:07<01:24, 63.21it/s]
  8%|▊         | 467/5794 [00:07<01:23, 63.64it/s]
  8%|▊         | 474/5794 [00:07<01:23, 63.84it/s]
  8%|▊         | 481/5794 [00:07<01:23, 63.73it/s]
  8%|▊         | 488/5794 [00:07<01:23, 63.81it/s]
  9%|▊         | 495/5794 [00:07<01:21, 64.86it/s]
  9%|▊         | 503/5794 [00:07<01:19, 66.89it/s]
  9%|▉         | 511/5794 [00:07<01:17, 68.14it/s]
  9%|▉         | 519/5794 [00:08<01:16, 69.11it/s]
  9%|▉         | 526/5794 [00:08<01:16, 68.53it/s]
  9%|▉         | 533/5794 [00:08<01:18, 66.95it/s]
  9%|▉         | 540/5794 [00:08<01:19, 66.09it/s]
  9%|▉         | 547/5794 [00:08<01:20, 64.96it/s]
 10%|▉         | 554/5794 [00:08<01:20, 64.75it/s]
 10%|▉         | 561/5794 [00:08<01:21, 64.52it/s]
 10%|▉         | 568/5794 [00:08<01:21, 64.49it/s]
 10%|▉         | 575/5794 [00:08<01:21, 64.38it/s]
 10%|█         | 582/5794 [00:09<01:21, 64.19it/s]
 10%|█         | 589/5794 [00:09<01:21, 64.20it/s]
 10%|█         | 596/5794 [00:09<01:21, 64.10it/s]
 10%|█         | 603/5794 [00:09<01:20, 64.09it/s]
 11%|█         | 610/5794 [00:09<01:20, 64.14it/s]
 11%|█         | 617/5794 [00:09<01:20, 63.98it/s]
 11%|█         | 624/5794 [00:09<01:21, 63.69it/s]
 11%|█         | 631/5794 [00:09<01:21, 63.66it/s]
 11%|█         | 638/5794 [00:09<01:20, 63.78it/s]
 11%|█         | 645/5794 [00:09<01:20, 63.70it/s]
 11%|█▏        | 652/5794 [00:10<01:20, 63.74it/s]
 11%|█▏        | 659/5794 [00:10<01:20, 63.86it/s]
 11%|█▏        | 666/5794 [00:10<01:20, 63.69it/s]
 12%|█▏        | 673/5794 [00:10<01:20, 63.83it/s]
 12%|█▏        | 680/5794 [00:10<01:20, 63.59it/s]
 12%|█▏        | 687/5794 [00:10<01:20, 63.71it/s]
 12%|█▏        | 694/5794 [00:10<01:20, 63.68it/s]
 12%|█▏        | 701/5794 [00:10<01:19, 63.68it/s]
 12%|█▏        | 708/5794 [00:10<01:19, 63.63it/s]
 12%|█▏        | 715/5794 [00:11<01:20, 63.32it/s]
 12%|█▏        | 722/5794 [00:11<01:19, 63.45it/s]
 13%|█▎        | 729/5794 [00:11<01:20, 63.24it/s]
 13%|█▎        | 736/5794 [00:11<01:19, 63.28it/s]
 13%|█▎        | 743/5794 [00:11<01:20, 62.96it/s]
 13%|█▎        | 750/5794 [00:11<01:19, 63.32it/s]
 13%|█▎        | 757/5794 [00:11<01:19, 63.50it/s]
 13%|█▎        | 764/5794 [00:11<01:19, 63.42it/s]
 13%|█▎        | 771/5794 [00:11<01:19, 63.31it/s]
 13%|█▎        | 778/5794 [00:12<01:18, 63.84it/s]
 14%|█▎        | 785/5794 [00:12<01:18, 63.60it/s]
 14%|█▎        | 792/5794 [00:12<01:18, 63.72it/s]
 14%|█▍        | 799/5794 [00:12<01:18, 63.74it/s]
 14%|█▍        | 806/5794 [00:12<01:18, 63.93it/s]
 14%|█▍        | 813/5794 [00:12<01:18, 63.26it/s]
 14%|█▍        | 820/5794 [00:12<01:17, 64.26it/s]
 14%|█▍        | 827/5794 [00:12<01:17, 63.74it/s]
 14%|█▍        | 834/5794 [00:12<01:17, 64.05it/s]
 15%|█▍        | 841/5794 [00:13<01:17, 64.11it/s]
 15%|█▍        | 848/5794 [00:13<01:17, 64.01it/s]
 15%|█▍        | 855/5794 [00:13<01:17, 63.94it/s]
 15%|█▍        | 862/5794 [00:13<01:18, 63.04it/s]
 15%|█▍        | 869/5794 [00:13<01:17, 63.33it/s]
 15%|█▌        | 876/5794 [00:13<01:17, 63.51it/s]
 15%|█▌        | 883/5794 [00:13<01:18, 62.81it/s]
 15%|█▌        | 890/5794 [00:13<01:16, 63.83it/s]
 15%|█▌        | 897/5794 [00:13<01:17, 63.52it/s]
 16%|█▌        | 904/5794 [00:14<01:16, 63.98it/s]
 16%|█▌        | 911/5794 [00:14<01:16, 63.82it/s]
 16%|█▌        | 918/5794 [00:14<01:16, 63.87it/s]
 16%|█▌        | 925/5794 [00:14<01:16, 63.89it/s]
 16%|█▌        | 932/5794 [00:14<01:16, 63.79it/s]
 16%|█▌        | 939/5794 [00:14<01:16, 63.86it/s]
 16%|█▋        | 946/5794 [00:14<01:16, 63.75it/s]
 16%|█▋        | 953/5794 [00:14<01:15, 63.75it/s]
 17%|█▋        | 960/5794 [00:14<01:15, 63.80it/s]
 17%|█▋        | 967/5794 [00:15<01:15, 63.60it/s]
 17%|█▋        | 974/5794 [00:15<01:15, 63.76it/s]
 17%|█▋        | 981/5794 [00:15<01:15, 63.74it/s]
 17%|█▋        | 988/5794 [00:15<01:15, 63.61it/s]
 17%|█▋        | 995/5794 [00:15<01:15, 63.98it/s]
 17%|█▋        | 1002/5794 [00:15<01:14, 64.00it/s]
 17%|█▋        | 1009/5794 [00:15<01:14, 64.06it/s]
 18%|█▊        | 1016/5794 [00:15<01:14, 64.09it/s]
 18%|█▊        | 1023/5794 [00:15<01:14, 63.89it/s]
 18%|█▊        | 1030/5794 [00:16<01:14, 63.74it/s]
 18%|█▊        | 1037/5794 [00:16<01:14, 63.94it/s]
 18%|█▊        | 1044/5794 [00:16<01:14, 63.85it/s]
 18%|█▊        | 1051/5794 [00:16<01:14, 63.45it/s]
 18%|█▊        | 1058/5794 [00:16<01:13, 64.79it/s]
 18%|█▊        | 1066/5794 [00:16<01:10, 66.65it/s]
 19%|█▊        | 1073/5794 [00:16<01:10, 67.37it/s]
 19%|█▊        | 1081/5794 [00:16<01:08, 69.20it/s]
 19%|█▉        | 1089/5794 [00:16<01:07, 70.06it/s]
 19%|█▉        | 1097/5794 [00:17<01:06, 70.36it/s]
 19%|█▉        | 1105/5794 [00:17<01:06, 70.80it/s]
 19%|█▉        | 1113/5794 [00:17<01:05, 71.15it/s]
 19%|█▉        | 1121/5794 [00:17<01:05, 71.25it/s]
 19%|█▉        | 1129/5794 [00:17<01:06, 69.89it/s]
 20%|█▉        | 1136/5794 [00:17<01:08, 68.25it/s]
 20%|█▉        | 1143/5794 [00:17<01:09, 66.57it/s]
 20%|█▉        | 1150/5794 [00:17<01:10, 65.80it/s]
 20%|█▉        | 1157/5794 [00:17<01:09, 66.26it/s]
 20%|██        | 1164/5794 [00:18<01:08, 67.26it/s]
 20%|██        | 1172/5794 [00:18<01:07, 68.95it/s]
 20%|██        | 1180/5794 [00:18<01:06, 69.86it/s]
 21%|██        | 1188/5794 [00:18<01:05, 70.29it/s]
 21%|██        | 1196/5794 [00:18<01:06, 69.51it/s]
 21%|██        | 1203/5794 [00:18<01:07, 67.86it/s]
 21%|██        | 1210/5794 [00:18<01:08, 66.93it/s]
 21%|██        | 1217/5794 [00:18<01:09, 65.67it/s]
 21%|██        | 1224/5794 [00:18<01:09, 65.53it/s]
 21%|██        | 1231/5794 [00:19<01:09, 65.24it/s]
 21%|██▏       | 1238/5794 [00:19<01:10, 64.86it/s]
 21%|██▏       | 1245/5794 [00:19<01:11, 64.04it/s]
 22%|██▏       | 1252/5794 [00:19<01:10, 64.75it/s]
 22%|██▏       | 1259/5794 [00:19<01:10, 64.67it/s]
 22%|██▏       | 1266/5794 [00:19<01:10, 64.09it/s]
 22%|██▏       | 1273/5794 [00:19<01:09, 64.70it/s]
 22%|██▏       | 1280/5794 [00:19<01:09, 64.60it/s]
 22%|██▏       | 1287/5794 [00:19<01:10, 64.38it/s]
 22%|██▏       | 1294/5794 [00:19<01:09, 64.37it/s]
 22%|██▏       | 1301/5794 [00:20<01:09, 64.38it/s]
 23%|██▎       | 1308/5794 [00:20<01:09, 64.42it/s]
 23%|██▎       | 1315/5794 [00:20<01:09, 64.56it/s]
 23%|██▎       | 1322/5794 [00:20<01:09, 64.35it/s]
 23%|██▎       | 1329/5794 [00:20<01:09, 64.59it/s]
 23%|██▎       | 1336/5794 [00:20<01:09, 64.45it/s]
 23%|██▎       | 1343/5794 [00:20<01:09, 64.36it/s]
 23%|██▎       | 1350/5794 [00:20<01:08, 64.48it/s]
 23%|██▎       | 1357/5794 [00:20<01:09, 63.43it/s]
 24%|██▎       | 1364/5794 [00:21<01:08, 64.66it/s]
 24%|██▎       | 1371/5794 [00:21<01:08, 64.40it/s]
 24%|██▍       | 1378/5794 [00:21<01:08, 64.32it/s]
 24%|██▍       | 1385/5794 [00:21<01:09, 63.25it/s]
 24%|██▍       | 1392/5794 [00:21<01:09, 63.33it/s]
 24%|██▍       | 1399/5794 [00:21<01:09, 63.47it/s]
 24%|██▍       | 1406/5794 [00:21<01:09, 63.58it/s]
 24%|██▍       | 1413/5794 [00:21<01:08, 63.69it/s]
 25%|██▍       | 1420/5794 [00:21<01:08, 63.73it/s]
 25%|██▍       | 1427/5794 [00:22<01:08, 63.50it/s]
 25%|██▍       | 1434/5794 [00:22<01:08, 64.01it/s]
 25%|██▍       | 1441/5794 [00:22<01:06, 65.57it/s]
 25%|██▌       | 1449/5794 [00:22<01:04, 67.58it/s]
 25%|██▌       | 1456/5794 [00:22<01:05, 66.43it/s]
 25%|██▌       | 1463/5794 [00:22<01:05, 65.85it/s]
 25%|██▌       | 1470/5794 [00:22<01:06, 65.17it/s]
 25%|██▌       | 1477/5794 [00:22<01:06, 65.03it/s]
 26%|██▌       | 1484/5794 [00:22<01:06, 64.57it/s]
 26%|██▌       | 1491/5794 [00:23<01:06, 64.70it/s]
 26%|██▌       | 1498/5794 [00:23<01:06, 64.45it/s]
 26%|██▌       | 1505/5794 [00:23<01:06, 64.35it/s]
 26%|██▌       | 1512/5794 [00:23<01:06, 64.35it/s]
 26%|██▌       | 1519/5794 [00:23<01:06, 64.18it/s]
 26%|██▋       | 1526/5794 [00:23<01:06, 63.97it/s]
 26%|██▋       | 1533/5794 [00:23<01:06, 63.81it/s]
 27%|██▋       | 1540/5794 [00:23<01:06, 63.79it/s]
 27%|██▋       | 1547/5794 [00:23<01:06, 63.94it/s]
 27%|██▋       | 1554/5794 [00:24<01:06, 63.80it/s]
 27%|██▋       | 1561/5794 [00:24<01:06, 63.99it/s]
 27%|██▋       | 1568/5794 [00:24<01:06, 63.76it/s]
 27%|██▋       | 1575/5794 [00:24<01:06, 63.47it/s]
 27%|██▋       | 1582/5794 [00:24<01:06, 63.24it/s]
 27%|██▋       | 1589/5794 [00:24<01:06, 63.45it/s]
 28%|██▊       | 1596/5794 [00:24<01:06, 63.02it/s]
 28%|██▊       | 1603/5794 [00:24<01:05, 63.96it/s]
 28%|██▊       | 1610/5794 [00:24<01:05, 63.89it/s]
 28%|██▊       | 1617/5794 [00:25<01:05, 63.99it/s]
 28%|██▊       | 1624/5794 [00:25<01:04, 64.46it/s]
 28%|██▊       | 1632/5794 [00:25<01:02, 66.74it/s]
 28%|██▊       | 1640/5794 [00:25<01:00, 68.16it/s]
 28%|██▊       | 1648/5794 [00:25<00:59, 69.42it/s]
 29%|██▊       | 1656/5794 [00:25<00:59, 70.04it/s]
 29%|██▊       | 1664/5794 [00:25<00:58, 70.59it/s]
 29%|██▉       | 1672/5794 [00:25<00:58, 70.71it/s]
 29%|██▉       | 1680/5794 [00:25<00:57, 71.11it/s]
 29%|██▉       | 1688/5794 [00:26<00:57, 71.16it/s]
 29%|██▉       | 1696/5794 [00:26<00:57, 71.30it/s]
 29%|██▉       | 1704/5794 [00:26<00:57, 71.43it/s]
 30%|██▉       | 1712/5794 [00:26<00:57, 71.27it/s]
 30%|██▉       | 1720/5794 [00:26<00:57, 70.91it/s]
 30%|██▉       | 1728/5794 [00:26<00:57, 70.80it/s]
 30%|██▉       | 1736/5794 [00:26<00:57, 71.02it/s]
 30%|███       | 1744/5794 [00:26<00:57, 70.75it/s]
 30%|███       | 1752/5794 [00:26<00:56, 70.92it/s]
 30%|███       | 1760/5794 [00:27<00:56, 71.17it/s]
 31%|███       | 1768/5794 [00:27<00:56, 71.02it/s]
 31%|███       | 1776/5794 [00:27<00:56, 71.04it/s]
 31%|███       | 1784/5794 [00:27<00:56, 71.17it/s]
 31%|███       | 1792/5794 [00:27<00:56, 71.07it/s]
 31%|███       | 1800/5794 [00:27<00:56, 70.42it/s]
 31%|███       | 1808/5794 [00:27<00:56, 70.62it/s]
 31%|███▏      | 1816/5794 [00:27<00:56, 70.85it/s]
 31%|███▏      | 1824/5794 [00:28<01:06, 59.83it/s]
 32%|███▏      | 1832/5794 [00:28<01:01, 64.08it/s]
 32%|███▏      | 1840/5794 [00:28<00:59, 65.94it/s]
 32%|███▏      | 1848/5794 [00:28<00:58, 67.62it/s]
 32%|███▏      | 1855/5794 [00:28<00:57, 67.96it/s]
 32%|███▏      | 1863/5794 [00:28<00:56, 69.75it/s]
 32%|███▏      | 1871/5794 [00:28<00:55, 70.15it/s]
 32%|███▏      | 1879/5794 [00:28<00:55, 70.36it/s]
 33%|███▎      | 1887/5794 [00:28<00:55, 70.78it/s]
 33%|███▎      | 1895/5794 [00:28<00:54, 70.89it/s]
 33%|███▎      | 1903/5794 [00:29<00:54, 71.15it/s]
 33%|███▎      | 1911/5794 [00:29<00:54, 70.99it/s]
 33%|███▎      | 1919/5794 [00:29<00:54, 71.20it/s]
 33%|███▎      | 1927/5794 [00:29<00:54, 71.23it/s]
 33%|███▎      | 1935/5794 [00:29<00:54, 71.32it/s]
 34%|███▎      | 1943/5794 [00:29<00:54, 71.27it/s]
 34%|███▎      | 1951/5794 [00:29<00:53, 71.40it/s]
 34%|███▍      | 1959/5794 [00:29<00:53, 71.28it/s]
 34%|███▍      | 1967/5794 [00:29<00:53, 71.49it/s]
 34%|███▍      | 1975/5794 [00:30<00:53, 71.41it/s]
 34%|███▍      | 1983/5794 [00:30<00:53, 71.62it/s]
 34%|███▍      | 1991/5794 [00:30<00:53, 71.43it/s]
 35%|███▍      | 1999/5794 [00:30<00:53, 71.54it/s]
 35%|███▍      | 2007/5794 [00:30<00:52, 71.60it/s]
 35%|███▍      | 2015/5794 [00:30<00:52, 71.57it/s]
 35%|███▍      | 2023/5794 [00:30<00:53, 71.15it/s]
 35%|███▌      | 2031/5794 [00:30<00:53, 70.91it/s]
 35%|███▌      | 2039/5794 [00:31<00:52, 71.19it/s]
 35%|███▌      | 2047/5794 [00:31<00:52, 71.08it/s]
 35%|███▌      | 2055/5794 [00:31<00:52, 71.20it/s]
 36%|███▌      | 2063/5794 [00:31<00:52, 71.04it/s]
 36%|███▌      | 2071/5794 [00:31<00:52, 70.98it/s]
 36%|███▌      | 2079/5794 [00:31<00:52, 70.82it/s]
 36%|███▌      | 2087/5794 [00:31<00:52, 70.93it/s]
 36%|███▌      | 2095/5794 [00:31<00:52, 70.74it/s]
 36%|███▋      | 2103/5794 [00:31<00:52, 70.71it/s]
 36%|███▋      | 2111/5794 [00:32<00:52, 70.30it/s]
 37%|███▋      | 2119/5794 [00:32<00:52, 70.06it/s]
 37%|███▋      | 2127/5794 [00:32<00:53, 67.91it/s]
 37%|███▋      | 2134/5794 [00:32<00:55, 65.92it/s]
 37%|███▋      | 2141/5794 [00:32<00:55, 65.90it/s]
 37%|███▋      | 2148/5794 [00:32<00:55, 65.11it/s]
 37%|███▋      | 2155/5794 [00:32<00:56, 63.99it/s]
 37%|███▋      | 2162/5794 [00:32<00:57, 63.31it/s]
 37%|███▋      | 2169/5794 [00:32<00:56, 63.62it/s]
 38%|███▊      | 2176/5794 [00:33<01:02, 57.60it/s]
 38%|███▊      | 2184/5794 [00:33<00:59, 61.06it/s]
 38%|███▊      | 2191/5794 [00:33<00:58, 61.71it/s]
 38%|███▊      | 2198/5794 [00:33<00:57, 62.17it/s]
 38%|███▊      | 2205/5794 [00:33<00:57, 62.64it/s]
 38%|███▊      | 2212/5794 [00:33<00:57, 62.15it/s]
 38%|███▊      | 2219/5794 [00:33<00:56, 63.05it/s]
 38%|███▊      | 2226/5794 [00:33<00:56, 63.05it/s]
 39%|███▊      | 2233/5794 [00:33<00:56, 63.01it/s]
 39%|███▊      | 2240/5794 [00:34<00:56, 63.19it/s]
 39%|███▉      | 2247/5794 [00:34<00:56, 63.15it/s]
 39%|███▉      | 2254/5794 [00:34<00:55, 63.29it/s]
 39%|███▉      | 2261/5794 [00:34<00:55, 63.23it/s]
 39%|███▉      | 2268/5794 [00:34<00:55, 63.41it/s]
 39%|███▉      | 2275/5794 [00:34<00:55, 63.47it/s]
 39%|███▉      | 2282/5794 [00:34<00:55, 63.31it/s]
 40%|███▉      | 2290/5794 [00:34<00:53, 65.50it/s]
 40%|███▉      | 2298/5794 [00:34<00:52, 66.60it/s]
 40%|███▉      | 2305/5794 [00:35<00:51, 67.49it/s]
 40%|███▉      | 2312/5794 [00:35<00:51, 67.93it/s]
 40%|████      | 2319/5794 [00:35<00:50, 68.46it/s]
 40%|████      | 2327/5794 [00:35<00:50, 69.21it/s]
 40%|████      | 2335/5794 [00:35<00:49, 69.79it/s]
 40%|████      | 2343/5794 [00:35<00:49, 69.89it/s]
 41%|████      | 2351/5794 [00:35<00:48, 70.35it/s]
 41%|████      | 2359/5794 [00:35<00:49, 69.69it/s]
 41%|████      | 2367/5794 [00:35<00:48, 70.86it/s]
 41%|████      | 2375/5794 [00:36<00:48, 70.87it/s]
 41%|████      | 2383/5794 [00:36<00:48, 70.85it/s]
 41%|████▏     | 2391/5794 [00:36<00:47, 70.96it/s]
 41%|████▏     | 2399/5794 [00:36<00:48, 69.95it/s]
 42%|████▏     | 2407/5794 [00:36<00:48, 70.07it/s]
 42%|████▏     | 2415/5794 [00:36<00:48, 69.91it/s]
 42%|████▏     | 2423/5794 [00:36<00:47, 70.69it/s]
 42%|████▏     | 2431/5794 [00:36<00:47, 70.75it/s]
 42%|████▏     | 2439/5794 [00:36<00:46, 71.44it/s]
 42%|████▏     | 2447/5794 [00:37<00:47, 70.51it/s]
 42%|████▏     | 2455/5794 [00:37<00:46, 71.98it/s]
 43%|████▎     | 2463/5794 [00:37<00:46, 71.50it/s]
 43%|████▎     | 2471/5794 [00:37<00:46, 71.38it/s]
 43%|████▎     | 2479/5794 [00:37<00:46, 71.70it/s]
 43%|████▎     | 2487/5794 [00:37<00:46, 71.01it/s]
 43%|████▎     | 2495/5794 [00:37<00:45, 71.94it/s]
 43%|████▎     | 2503/5794 [00:37<00:45, 71.72it/s]
 43%|████▎     | 2511/5794 [00:37<00:45, 71.60it/s]
 43%|████▎     | 2519/5794 [00:38<00:46, 71.04it/s]
 44%|████▎     | 2527/5794 [00:38<00:45, 71.83it/s]
 44%|████▍     | 2535/5794 [00:38<00:51, 63.87it/s]
 44%|████▍     | 2543/5794 [00:38<00:49, 66.34it/s]
 44%|████▍     | 2551/5794 [00:38<00:47, 67.98it/s]
 44%|████▍     | 2559/5794 [00:38<00:46, 69.02it/s]
 44%|████▍     | 2566/5794 [00:38<00:46, 69.14it/s]
 44%|████▍     | 2573/5794 [00:38<00:46, 68.99it/s]
 45%|████▍     | 2581/5794 [00:39<00:46, 69.09it/s]
 45%|████▍     | 2589/5794 [00:39<00:45, 69.76it/s]
 45%|████▍     | 2597/5794 [00:39<00:45, 70.62it/s]
 45%|████▍     | 2605/5794 [00:39<00:45, 70.69it/s]
 45%|████▌     | 2613/5794 [00:39<00:45, 70.46it/s]
 45%|████▌     | 2621/5794 [00:39<00:44, 70.56it/s]
 45%|████▌     | 2629/5794 [00:39<00:44, 70.79it/s]
 46%|████▌     | 2637/5794 [00:39<00:44, 70.79it/s]
 46%|████▌     | 2645/5794 [00:39<00:44, 70.91it/s]
 46%|████▌     | 2653/5794 [00:40<00:44, 70.69it/s]
 46%|████▌     | 2661/5794 [00:40<00:44, 70.86it/s]
 46%|████▌     | 2669/5794 [00:40<00:44, 70.94it/s]
 46%|████▌     | 2677/5794 [00:40<00:43, 71.05it/s]
 46%|████▋     | 2685/5794 [00:40<00:43, 70.76it/s]
 46%|████▋     | 2693/5794 [00:40<00:43, 70.83it/s]
 47%|████▋     | 2701/5794 [00:40<00:43, 71.17it/s]
 47%|████▋     | 2709/5794 [00:40<00:43, 71.65it/s]
 47%|████▋     | 2717/5794 [00:40<00:42, 71.77it/s]
 47%|████▋     | 2725/5794 [00:41<00:42, 71.88it/s]
 47%|████▋     | 2733/5794 [00:41<00:42, 72.07it/s]
 47%|████▋     | 2741/5794 [00:41<00:42, 71.75it/s]
 47%|████▋     | 2749/5794 [00:41<00:42, 72.19it/s]
 48%|████▊     | 2757/5794 [00:41<00:42, 72.11it/s]
 48%|████▊     | 2765/5794 [00:41<00:42, 72.00it/s]
 48%|████▊     | 2773/5794 [00:41<00:41, 72.22it/s]
 48%|████▊     | 2781/5794 [00:41<00:41, 72.27it/s]
 48%|████▊     | 2789/5794 [00:41<00:41, 72.43it/s]
 48%|████▊     | 2797/5794 [00:42<00:41, 72.64it/s]
 48%|████▊     | 2805/5794 [00:42<00:41, 72.25it/s]
 49%|████▊     | 2813/5794 [00:42<00:40, 72.80it/s]
 49%|████▊     | 2821/5794 [00:42<00:40, 72.72it/s]
 49%|████▉     | 2829/5794 [00:42<00:40, 72.74it/s]
 49%|████▉     | 2837/5794 [00:42<00:40, 72.62it/s]
 49%|████▉     | 2845/5794 [00:42<00:40, 72.71it/s]
 49%|████▉     | 2853/5794 [00:42<00:40, 72.64it/s]
 49%|████▉     | 2861/5794 [00:42<00:40, 72.64it/s]
 50%|████▉     | 2869/5794 [00:43<00:40, 72.42it/s]
 50%|████▉     | 2877/5794 [00:43<00:40, 72.08it/s]
 50%|████▉     | 2885/5794 [00:43<00:40, 71.44it/s]
 50%|████▉     | 2893/5794 [00:43<00:40, 71.77it/s]
 50%|█████     | 2901/5794 [00:43<00:39, 72.35it/s]
 50%|█████     | 2909/5794 [00:43<00:39, 72.49it/s]
 50%|█████     | 2917/5794 [00:43<00:39, 72.49it/s]
 50%|█████     | 2925/5794 [00:43<00:39, 72.63it/s]
 51%|█████     | 2933/5794 [00:43<00:39, 72.55it/s]
 51%|█████     | 2941/5794 [00:44<00:39, 72.81it/s]
 51%|█████     | 2949/5794 [00:44<00:39, 72.79it/s]
 51%|█████     | 2957/5794 [00:44<00:38, 72.93it/s]
 51%|█████     | 2965/5794 [00:44<00:38, 72.59it/s]
 51%|█████▏    | 2973/5794 [00:44<00:38, 73.13it/s]
 51%|█████▏    | 2981/5794 [00:44<00:38, 73.12it/s]
 52%|█████▏    | 2989/5794 [00:44<00:38, 72.48it/s]
 52%|█████▏    | 2997/5794 [00:44<00:41, 67.32it/s]
 52%|█████▏    | 3005/5794 [00:44<00:40, 68.97it/s]
 52%|█████▏    | 3013/5794 [00:45<00:39, 69.58it/s]
 52%|█████▏    | 3021/5794 [00:45<00:39, 70.49it/s]
 52%|█████▏    | 3029/5794 [00:45<00:39, 70.65it/s]
 52%|█████▏    | 3037/5794 [00:45<00:38, 71.78it/s]
 53%|█████▎    | 3045/5794 [00:45<00:38, 71.91it/s]
 53%|█████▎    | 3053/5794 [00:45<00:38, 72.06it/s]
 53%|█████▎    | 3061/5794 [00:45<00:37, 72.07it/s]
 53%|█████▎    | 3069/5794 [00:45<00:37, 72.09it/s]
 53%|█████▎    | 3077/5794 [00:45<00:37, 71.93it/s]
 53%|█████▎    | 3085/5794 [00:46<00:37, 71.84it/s]
 53%|█████▎    | 3093/5794 [00:46<00:37, 71.62it/s]
 54%|█████▎    | 3101/5794 [00:46<00:37, 71.83it/s]
 54%|█████▎    | 3109/5794 [00:46<00:37, 71.73it/s]
 54%|█████▍    | 3117/5794 [00:46<00:37, 71.34it/s]
 54%|█████▍    | 3125/5794 [00:46<00:37, 71.35it/s]
 54%|█████▍    | 3133/5794 [00:46<00:37, 71.44it/s]
 54%|█████▍    | 3141/5794 [00:46<00:36, 71.76it/s]
 54%|█████▍    | 3149/5794 [00:46<00:36, 71.82it/s]
 54%|█████▍    | 3157/5794 [00:47<00:36, 71.96it/s]
 55%|█████▍    | 3165/5794 [00:47<00:36, 71.43it/s]
 55%|█████▍    | 3173/5794 [00:47<00:36, 71.97it/s]
 55%|█████▍    | 3181/5794 [00:47<00:36, 71.42it/s]
 55%|█████▌    | 3189/5794 [00:47<00:36, 71.98it/s]
 55%|█████▌    | 3197/5794 [00:47<00:36, 71.68it/s]
 55%|█████▌    | 3205/5794 [00:47<00:36, 71.61it/s]
 55%|█████▌    | 3213/5794 [00:47<00:35, 71.72it/s]
 56%|█████▌    | 3221/5794 [00:47<00:35, 71.66it/s]
 56%|█████▌    | 3229/5794 [00:48<00:36, 71.13it/s]
 56%|█████▌    | 3237/5794 [00:48<00:35, 71.70it/s]
 56%|█████▌    | 3245/5794 [00:48<00:35, 72.43it/s]
 56%|█████▌    | 3253/5794 [00:48<00:35, 72.31it/s]
 56%|█████▋    | 3261/5794 [00:48<00:34, 72.63it/s]
 56%|█████▋    | 3269/5794 [00:48<00:35, 72.13it/s]
 57%|█████▋    | 3277/5794 [00:48<00:34, 72.74it/s]
 57%|█████▋    | 3285/5794 [00:48<00:34, 72.34it/s]
 57%|█████▋    | 3293/5794 [00:48<00:34, 72.56it/s]
 57%|█████▋    | 3301/5794 [00:49<00:34, 72.14it/s]
 57%|█████▋    | 3309/5794 [00:49<00:34, 72.82it/s]
 57%|█████▋    | 3317/5794 [00:49<00:34, 72.30it/s]
 57%|█████▋    | 3325/5794 [00:49<00:33, 72.94it/s]
 58%|█████▊    | 3333/5794 [00:49<00:33, 72.64it/s]
 58%|█████▊    | 3341/5794 [00:49<00:33, 72.49it/s]
 58%|█████▊    | 3349/5794 [00:49<00:34, 71.89it/s]
 58%|█████▊    | 3357/5794 [00:49<00:33, 72.24it/s]
 58%|█████▊    | 3365/5794 [00:49<00:33, 72.13it/s]
 58%|█████▊    | 3373/5794 [00:50<00:33, 71.63it/s]
 58%|█████▊    | 3381/5794 [00:50<00:33, 71.65it/s]
 58%|█████▊    | 3389/5794 [00:50<00:33, 71.75it/s]
 59%|█████▊    | 3397/5794 [00:50<00:33, 71.59it/s]
 59%|█████▉    | 3405/5794 [00:50<00:33, 71.50it/s]
 59%|█████▉    | 3413/5794 [00:50<00:33, 71.64it/s]
 59%|█████▉    | 3421/5794 [00:50<00:33, 71.68it/s]
 59%|█████▉    | 3429/5794 [00:50<00:33, 71.59it/s]
 59%|█████▉    | 3437/5794 [00:50<00:32, 71.60it/s]
 59%|█████▉    | 3445/5794 [00:51<00:35, 66.54it/s]
 60%|█████▉    | 3453/5794 [00:51<00:33, 69.85it/s]
 60%|█████▉    | 3461/5794 [00:51<00:33, 68.82it/s]
 60%|█████▉    | 3468/5794 [00:51<00:34, 67.01it/s]
 60%|█████▉    | 3475/5794 [00:51<00:35, 65.85it/s]
 60%|██████    | 3482/5794 [00:51<00:35, 65.23it/s]
 60%|██████    | 3489/5794 [00:51<00:35, 64.96it/s]
 60%|██████    | 3496/5794 [00:51<00:35, 64.65it/s]
 60%|██████    | 3503/5794 [00:51<00:35, 64.32it/s]
 61%|██████    | 3510/5794 [00:52<00:35, 64.28it/s]
 61%|██████    | 3517/5794 [00:52<00:35, 63.81it/s]
 61%|██████    | 3524/5794 [00:52<00:35, 64.25it/s]
 61%|██████    | 3531/5794 [00:52<00:35, 64.24it/s]
 61%|██████    | 3538/5794 [00:52<00:35, 64.36it/s]
 61%|██████    | 3546/5794 [00:52<00:33, 66.55it/s]
 61%|██████▏   | 3554/5794 [00:52<00:32, 67.96it/s]
 61%|██████▏   | 3562/5794 [00:52<00:32, 68.75it/s]
 62%|██████▏   | 3569/5794 [00:52<00:32, 67.71it/s]
 62%|██████▏   | 3576/5794 [00:53<00:33, 66.68it/s]
 62%|██████▏   | 3583/5794 [00:53<00:33, 65.57it/s]
 62%|██████▏   | 3590/5794 [00:53<00:33, 65.28it/s]
 62%|██████▏   | 3597/5794 [00:53<00:33, 64.88it/s]
 62%|██████▏   | 3604/5794 [00:53<00:33, 64.74it/s]
 62%|██████▏   | 3611/5794 [00:53<00:33, 64.52it/s]
 62%|██████▏   | 3618/5794 [00:53<00:33, 64.28it/s]
 63%|██████▎   | 3625/5794 [00:53<00:33, 64.15it/s]
 63%|██████▎   | 3632/5794 [00:53<00:33, 64.05it/s]
 63%|██████▎   | 3639/5794 [00:54<00:33, 63.80it/s]
 63%|██████▎   | 3646/5794 [00:54<00:33, 64.07it/s]
 63%|██████▎   | 3653/5794 [00:54<00:33, 63.88it/s]
 63%|██████▎   | 3660/5794 [00:54<00:33, 63.93it/s]
 63%|██████▎   | 3667/5794 [00:54<00:33, 63.45it/s]
 63%|██████▎   | 3674/5794 [00:54<00:33, 64.01it/s]
 64%|██████▎   | 3681/5794 [00:54<00:33, 63.54it/s]
 64%|██████▎   | 3688/5794 [00:54<00:32, 63.92it/s]
 64%|██████▍   | 3695/5794 [00:54<00:32, 64.07it/s]
 64%|██████▍   | 3702/5794 [00:55<00:32, 63.55it/s]
 64%|██████▍   | 3709/5794 [00:55<00:32, 63.58it/s]
 64%|██████▍   | 3716/5794 [00:55<00:32, 63.27it/s]
 64%|██████▍   | 3723/5794 [00:55<00:32, 63.67it/s]
 64%|██████▍   | 3730/5794 [00:55<00:32, 63.71it/s]
 64%|██████▍   | 3737/5794 [00:55<00:32, 63.53it/s]
 65%|██████▍   | 3744/5794 [00:55<00:31, 64.09it/s]
 65%|██████▍   | 3751/5794 [00:55<00:32, 63.17it/s]
 65%|██████▍   | 3758/5794 [00:55<00:31, 64.10it/s]
 65%|██████▍   | 3765/5794 [00:56<00:31, 64.20it/s]
 65%|██████▌   | 3772/5794 [00:56<00:36, 55.55it/s]
 65%|██████▌   | 3779/5794 [00:56<00:34, 58.14it/s]
 65%|██████▌   | 3786/5794 [00:56<00:33, 59.56it/s]
 65%|██████▌   | 3793/5794 [00:56<00:32, 60.65it/s]
 66%|██████▌   | 3800/5794 [00:56<00:32, 61.41it/s]
 66%|██████▌   | 3807/5794 [00:56<00:31, 62.25it/s]
 66%|██████▌   | 3814/5794 [00:56<00:31, 62.67it/s]
 66%|██████▌   | 3821/5794 [00:56<00:31, 62.99it/s]
 66%|██████▌   | 3828/5794 [00:57<00:31, 63.29it/s]
 66%|██████▌   | 3835/5794 [00:57<00:30, 63.28it/s]
 66%|██████▋   | 3842/5794 [00:57<00:30, 63.49it/s]
 66%|██████▋   | 3849/5794 [00:57<00:30, 63.52it/s]
 67%|██████▋   | 3856/5794 [00:57<00:30, 63.56it/s]
 67%|██████▋   | 3863/5794 [00:57<00:30, 63.93it/s]
 67%|██████▋   | 3870/5794 [00:57<00:30, 63.77it/s]
 67%|██████▋   | 3877/5794 [00:57<00:30, 63.81it/s]
 67%|██████▋   | 3884/5794 [00:57<00:29, 63.69it/s]
 67%|██████▋   | 3891/5794 [00:58<00:29, 63.75it/s]
 67%|██████▋   | 3898/5794 [00:58<00:29, 63.57it/s]
 67%|██████▋   | 3905/5794 [00:58<00:29, 63.30it/s]
 68%|██████▊   | 3912/5794 [00:58<00:29, 63.53it/s]
 68%|██████▊   | 3919/5794 [00:58<00:29, 63.56it/s]
 68%|██████▊   | 3926/5794 [00:58<00:29, 63.74it/s]
 68%|██████▊   | 3933/5794 [00:58<00:29, 63.80it/s]
 68%|██████▊   | 3940/5794 [00:58<00:29, 63.68it/s]
 68%|██████▊   | 3947/5794 [00:58<00:28, 63.85it/s]
 68%|██████▊   | 3954/5794 [00:59<00:29, 63.32it/s]
 68%|██████▊   | 3961/5794 [00:59<00:28, 63.82it/s]
 68%|██████▊   | 3968/5794 [00:59<00:28, 63.66it/s]
 69%|██████▊   | 3975/5794 [00:59<00:28, 63.70it/s]
 69%|██████▊   | 3982/5794 [00:59<00:28, 63.63it/s]
 69%|██████▉   | 3989/5794 [00:59<00:28, 63.63it/s]
 69%|██████▉   | 3996/5794 [00:59<00:28, 63.34it/s]
 69%|██████▉   | 4003/5794 [00:59<00:28, 63.08it/s]
 69%|██████▉   | 4010/5794 [00:59<00:27, 64.07it/s]
 69%|██████▉   | 4017/5794 [01:00<00:27, 64.25it/s]
 69%|██████▉   | 4024/5794 [01:00<00:27, 64.83it/s]
 70%|██████▉   | 4032/5794 [01:00<00:26, 67.33it/s]
 70%|██████▉   | 4040/5794 [01:00<00:25, 68.71it/s]
 70%|██████▉   | 4048/5794 [01:00<00:25, 69.41it/s]
 70%|███████   | 4056/5794 [01:00<00:24, 70.08it/s]
 70%|███████   | 4064/5794 [01:00<00:24, 70.64it/s]
 70%|███████   | 4072/5794 [01:00<00:24, 70.84it/s]
 70%|███████   | 4080/5794 [01:00<00:24, 71.08it/s]
 71%|███████   | 4088/5794 [01:01<00:23, 71.10it/s]
 71%|███████   | 4096/5794 [01:01<00:23, 71.20it/s]
 71%|███████   | 4104/5794 [01:01<00:23, 71.45it/s]
 71%|███████   | 4112/5794 [01:01<00:23, 70.91it/s]
 71%|███████   | 4120/5794 [01:01<00:23, 70.98it/s]
 71%|███████   | 4128/5794 [01:01<00:23, 70.50it/s]
 71%|███████▏  | 4136/5794 [01:01<00:23, 69.94it/s]
 72%|███████▏  | 4143/5794 [01:01<00:24, 68.32it/s]
 72%|███████▏  | 4150/5794 [01:01<00:24, 66.82it/s]
 72%|███████▏  | 4157/5794 [01:02<00:25, 65.42it/s]
 72%|███████▏  | 4164/5794 [01:02<00:25, 65.03it/s]
 72%|███████▏  | 4171/5794 [01:02<00:25, 64.61it/s]
 72%|███████▏  | 4178/5794 [01:02<00:25, 64.03it/s]
 72%|███████▏  | 4185/5794 [01:02<00:25, 63.88it/s]
 72%|███████▏  | 4192/5794 [01:02<00:25, 63.61it/s]
 72%|███████▏  | 4199/5794 [01:02<00:25, 63.65it/s]
 73%|███████▎  | 4206/5794 [01:02<00:25, 62.84it/s]
 73%|███████▎  | 4213/5794 [01:02<00:25, 63.07it/s]
 73%|███████▎  | 4220/5794 [01:03<00:25, 62.89it/s]
 73%|███████▎  | 4227/5794 [01:03<00:24, 63.04it/s]
 73%|███████▎  | 4234/5794 [01:03<00:24, 63.10it/s]
 73%|███████▎  | 4241/5794 [01:03<00:24, 63.21it/s]
 73%|███████▎  | 4248/5794 [01:03<00:24, 63.18it/s]
 73%|███████▎  | 4255/5794 [01:03<00:24, 63.43it/s]
 74%|███████▎  | 4262/5794 [01:03<00:24, 63.35it/s]
 74%|███████▎  | 4269/5794 [01:03<00:24, 63.23it/s]
 74%|███████▍  | 4276/5794 [01:03<00:23, 63.25it/s]
 74%|███████▍  | 4283/5794 [01:04<00:24, 61.79it/s]
 74%|███████▍  | 4290/5794 [01:04<00:23, 63.57it/s]
 74%|███████▍  | 4297/5794 [01:04<00:23, 63.77it/s]
 74%|███████▍  | 4304/5794 [01:04<00:23, 63.47it/s]
 74%|███████▍  | 4311/5794 [01:04<00:23, 63.70it/s]
 75%|███████▍  | 4318/5794 [01:04<00:23, 63.69it/s]
 75%|███████▍  | 4325/5794 [01:04<00:23, 63.49it/s]
 75%|███████▍  | 4332/5794 [01:04<00:23, 63.05it/s]
 75%|███████▍  | 4339/5794 [01:04<00:22, 63.60it/s]
 75%|███████▌  | 4346/5794 [01:05<00:22, 63.09it/s]
 75%|███████▌  | 4353/5794 [01:05<00:22, 62.95it/s]
 75%|███████▌  | 4360/5794 [01:05<00:22, 62.67it/s]
 75%|███████▌  | 4367/5794 [01:05<00:22, 63.43it/s]
 75%|███████▌  | 4374/5794 [01:05<00:22, 63.59it/s]
 76%|███████▌  | 4381/5794 [01:05<00:22, 63.61it/s]
 76%|███████▌  | 4388/5794 [01:05<00:21, 65.31it/s]
 76%|███████▌  | 4395/5794 [01:05<00:21, 64.79it/s]
 76%|███████▌  | 4402/5794 [01:05<00:21, 64.55it/s]
 76%|███████▌  | 4409/5794 [01:06<00:21, 64.48it/s]
 76%|███████▌  | 4416/5794 [01:06<00:21, 64.35it/s]
 76%|███████▋  | 4423/5794 [01:06<00:21, 64.14it/s]
 76%|███████▋  | 4430/5794 [01:06<00:21, 63.80it/s]
 77%|███████▋  | 4437/5794 [01:06<00:21, 63.47it/s]
 77%|███████▋  | 4444/5794 [01:06<00:21, 62.73it/s]
 77%|███████▋  | 4451/5794 [01:06<00:21, 63.24it/s]
 77%|███████▋  | 4458/5794 [01:06<00:21, 63.57it/s]
 77%|███████▋  | 4465/5794 [01:06<00:20, 63.69it/s]
 77%|███████▋  | 4472/5794 [01:06<00:20, 63.82it/s]
 77%|███████▋  | 4479/5794 [01:07<00:20, 63.79it/s]
 77%|███████▋  | 4486/5794 [01:07<00:20, 63.85it/s]
 78%|███████▊  | 4493/5794 [01:07<00:20, 63.83it/s]
 78%|███████▊  | 4500/5794 [01:07<00:20, 63.74it/s]
 78%|███████▊  | 4507/5794 [01:07<00:20, 63.80it/s]
 78%|███████▊  | 4514/5794 [01:07<00:20, 63.64it/s]
 78%|███████▊  | 4521/5794 [01:07<00:19, 63.91it/s]
 78%|███████▊  | 4528/5794 [01:07<00:19, 63.79it/s]
 78%|███████▊  | 4535/5794 [01:07<00:19, 63.82it/s]
 78%|███████▊  | 4542/5794 [01:08<00:19, 63.85it/s]
 79%|███████▊  | 4549/5794 [01:08<00:19, 63.62it/s]
 79%|███████▊  | 4556/5794 [01:08<00:19, 63.78it/s]
 79%|███████▉  | 4563/5794 [01:08<00:19, 63.72it/s]
 79%|███████▉  | 4570/5794 [01:08<00:19, 63.76it/s]
 79%|███████▉  | 4577/5794 [01:08<00:19, 63.66it/s]
 79%|███████▉  | 4584/5794 [01:08<00:18, 63.71it/s]
 79%|███████▉  | 4591/5794 [01:08<00:18, 63.67it/s]
 79%|███████▉  | 4598/5794 [01:08<00:18, 63.59it/s]
 79%|███████▉  | 4605/5794 [01:09<00:18, 63.72it/s]
 80%|███████▉  | 4612/5794 [01:09<00:18, 62.77it/s]
 80%|███████▉  | 4619/5794 [01:09<00:18, 62.38it/s]
 80%|███████▉  | 4626/5794 [01:09<00:18, 63.60it/s]
 80%|███████▉  | 4633/5794 [01:09<00:18, 63.61it/s]
 80%|████████  | 4640/5794 [01:09<00:18, 63.64it/s]
 80%|████████  | 4647/5794 [01:09<00:18, 63.52it/s]
 80%|████████  | 4654/5794 [01:09<00:17, 63.86it/s]
 80%|████████  | 4661/5794 [01:09<00:17, 64.23it/s]
 81%|████████  | 4668/5794 [01:10<00:17, 64.16it/s]
 81%|████████  | 4675/5794 [01:10<00:17, 63.98it/s]
 81%|████████  | 4682/5794 [01:10<00:17, 63.95it/s]
 81%|████████  | 4689/5794 [01:10<00:17, 63.72it/s]
 81%|████████  | 4696/5794 [01:10<00:17, 64.05it/s]
 81%|████████  | 4703/5794 [01:10<00:16, 64.26it/s]
 81%|████████▏ | 4710/5794 [01:10<00:16, 64.07it/s]
 81%|████████▏ | 4717/5794 [01:10<00:16, 63.66it/s]
 82%|████████▏ | 4724/5794 [01:10<00:16, 63.36it/s]
 82%|████████▏ | 4731/5794 [01:11<00:16, 63.85it/s]
 82%|████████▏ | 4738/5794 [01:11<00:16, 63.77it/s]
 82%|████████▏ | 4745/5794 [01:11<00:16, 63.65it/s]
 82%|████████▏ | 4752/5794 [01:11<00:16, 63.63it/s]
 82%|████████▏ | 4759/5794 [01:11<00:16, 63.47it/s]
 82%|████████▏ | 4766/5794 [01:11<00:16, 63.54it/s]
 82%|████████▏ | 4773/5794 [01:11<00:16, 63.58it/s]
 82%|████████▏ | 4780/5794 [01:11<00:15, 63.68it/s]
 83%|████████▎ | 4787/5794 [01:11<00:15, 63.90it/s]
 83%|████████▎ | 4794/5794 [01:12<00:15, 64.00it/s]
 83%|████████▎ | 4801/5794 [01:12<00:15, 63.80it/s]
 83%|████████▎ | 4808/5794 [01:12<00:15, 63.65it/s]
 83%|████████▎ | 4815/5794 [01:12<00:15, 64.22it/s]
 83%|████████▎ | 4822/5794 [01:12<00:15, 64.06it/s]
 83%|████████▎ | 4829/5794 [01:12<00:15, 63.85it/s]
 83%|████████▎ | 4836/5794 [01:12<00:14, 64.02it/s]
 84%|████████▎ | 4843/5794 [01:12<00:14, 63.95it/s]
 84%|████████▎ | 4850/5794 [01:12<00:14, 63.28it/s]
 84%|████████▍ | 4857/5794 [01:13<00:14, 63.51it/s]
 84%|████████▍ | 4864/5794 [01:13<00:14, 63.55it/s]
 84%|████████▍ | 4871/5794 [01:13<00:14, 63.61it/s]
 84%|████████▍ | 4878/5794 [01:13<00:14, 63.55it/s]
 84%|████████▍ | 4885/5794 [01:13<00:14, 63.15it/s]
 84%|████████▍ | 4893/5794 [01:13<00:13, 65.35it/s]
 85%|████████▍ | 4901/5794 [01:13<00:13, 67.24it/s]
 85%|████████▍ | 4909/5794 [01:13<00:12, 68.39it/s]
 85%|████████▍ | 4917/5794 [01:13<00:12, 69.55it/s]
 85%|████████▌ | 4925/5794 [01:14<00:12, 70.21it/s]
 85%|████████▌ | 4933/5794 [01:14<00:12, 70.35it/s]
 85%|████████▌ | 4941/5794 [01:14<00:12, 70.89it/s]
 85%|████████▌ | 4949/5794 [01:14<00:11, 70.79it/s]
 86%|████████▌ | 4957/5794 [01:14<00:11, 71.12it/s]
 86%|████████▌ | 4965/5794 [01:14<00:11, 71.26it/s]
 86%|████████▌ | 4973/5794 [01:14<00:11, 71.26it/s]
 86%|████████▌ | 4981/5794 [01:14<00:11, 71.20it/s]
 86%|████████▌ | 4989/5794 [01:14<00:11, 71.04it/s]
 86%|████████▌ | 4997/5794 [01:15<00:11, 71.36it/s]
 86%|████████▋ | 5005/5794 [01:15<00:11, 71.42it/s]
 87%|████████▋ | 5013/5794 [01:15<00:10, 71.52it/s]
 87%|████████▋ | 5021/5794 [01:15<00:10, 71.46it/s]
 87%|████████▋ | 5029/5794 [01:15<00:10, 71.51it/s]
 87%|████████▋ | 5037/5794 [01:15<00:10, 71.15it/s]
 87%|████████▋ | 5045/5794 [01:15<00:10, 71.29it/s]
 87%|████████▋ | 5053/5794 [01:15<00:10, 71.22it/s]
 87%|████████▋ | 5061/5794 [01:15<00:10, 71.31it/s]
 87%|████████▋ | 5069/5794 [01:16<00:10, 71.18it/s]
 88%|████████▊ | 5077/5794 [01:16<00:10, 71.14it/s]
 88%|████████▊ | 5085/5794 [01:16<00:10, 70.45it/s]
 88%|████████▊ | 5093/5794 [01:16<00:09, 70.49it/s]
 88%|████████▊ | 5101/5794 [01:16<00:09, 70.46it/s]
 88%|████████▊ | 5109/5794 [01:16<00:09, 70.58it/s]
 88%|████████▊ | 5117/5794 [01:16<00:09, 70.80it/s]
 88%|████████▊ | 5125/5794 [01:16<00:09, 70.93it/s]
 89%|████████▊ | 5133/5794 [01:16<00:09, 71.16it/s]
 89%|████████▊ | 5141/5794 [01:17<00:09, 71.04it/s]
 89%|████████▉ | 5149/5794 [01:17<00:09, 71.28it/s]
 89%|████████▉ | 5157/5794 [01:17<00:08, 71.37it/s]
 89%|████████▉ | 5165/5794 [01:17<00:08, 71.32it/s]
 89%|████████▉ | 5173/5794 [01:17<00:08, 71.31it/s]
 89%|████████▉ | 5181/5794 [01:17<00:08, 71.46it/s]
 90%|████████▉ | 5189/5794 [01:17<00:08, 71.45it/s]
 90%|████████▉ | 5197/5794 [01:17<00:08, 71.61it/s]
 90%|████████▉ | 5205/5794 [01:17<00:08, 71.58it/s]
 90%|████████▉ | 5213/5794 [01:18<00:08, 71.69it/s]
 90%|█████████ | 5221/5794 [01:18<00:08, 71.40it/s]
 90%|█████████ | 5229/5794 [01:18<00:07, 71.49it/s]
 90%|█████████ | 5237/5794 [01:18<00:07, 71.37it/s]
 91%|█████████ | 5245/5794 [01:18<00:07, 71.57it/s]
 91%|█████████ | 5253/5794 [01:18<00:07, 71.36it/s]
 91%|█████████ | 5261/5794 [01:18<00:07, 71.41it/s]
 91%|█████████ | 5269/5794 [01:18<00:07, 70.87it/s]
 91%|█████████ | 5277/5794 [01:18<00:07, 71.12it/s]
 91%|█████████ | 5285/5794 [01:19<00:07, 71.62it/s]
 91%|█████████▏| 5293/5794 [01:19<00:07, 71.41it/s]
 91%|█████████▏| 5301/5794 [01:19<00:06, 71.59it/s]
 92%|█████████▏| 5309/5794 [01:19<00:06, 71.51it/s]
 92%|█████████▏| 5317/5794 [01:19<00:06, 71.45it/s]
 92%|█████████▏| 5325/5794 [01:19<00:06, 71.50it/s]
 92%|█████████▏| 5333/5794 [01:19<00:06, 70.63it/s]
 92%|█████████▏| 5341/5794 [01:19<00:06, 71.10it/s]
 92%|█████████▏| 5349/5794 [01:19<00:06, 71.41it/s]
 92%|█████████▏| 5357/5794 [01:20<00:06, 71.29it/s]
 93%|█████████▎| 5365/5794 [01:20<00:06, 71.22it/s]
 93%|█████████▎| 5373/5794 [01:20<00:05, 71.10it/s]
 93%|█████████▎| 5381/5794 [01:20<00:05, 71.27it/s]
 93%|█████████▎| 5389/5794 [01:20<00:05, 71.24it/s]
 93%|█████████▎| 5397/5794 [01:20<00:05, 70.75it/s]
 93%|█████████▎| 5405/5794 [01:20<00:05, 70.68it/s]
 93%|█████████▎| 5413/5794 [01:20<00:05, 68.62it/s]
 94%|█████████▎| 5420/5794 [01:21<00:05, 67.38it/s]
 94%|█████████▎| 5427/5794 [01:21<00:05, 67.99it/s]
 94%|█████████▍| 5435/5794 [01:21<00:05, 69.03it/s]
 94%|█████████▍| 5443/5794 [01:21<00:05, 70.04it/s]
 94%|█████████▍| 5451/5794 [01:21<00:04, 70.32it/s]
 94%|█████████▍| 5459/5794 [01:21<00:04, 70.43it/s]
 94%|█████████▍| 5467/5794 [01:21<00:04, 70.66it/s]
 94%|█████████▍| 5475/5794 [01:21<00:04, 70.78it/s]
 95%|█████████▍| 5483/5794 [01:21<00:04, 70.99it/s]
 95%|█████████▍| 5491/5794 [01:22<00:04, 70.99it/s]
 95%|█████████▍| 5499/5794 [01:22<00:04, 71.26it/s]
 95%|█████████▌| 5507/5794 [01:22<00:04, 71.09it/s]
 95%|█████████▌| 5515/5794 [01:22<00:03, 71.25it/s]
 95%|█████████▌| 5523/5794 [01:22<00:03, 71.31it/s]
 95%|█████████▌| 5531/5794 [01:22<00:03, 71.58it/s]
 96%|█████████▌| 5539/5794 [01:22<00:03, 71.09it/s]
 96%|█████████▌| 5547/5794 [01:22<00:03, 71.68it/s]
 96%|█████████▌| 5555/5794 [01:22<00:03, 71.64it/s]
 96%|█████████▌| 5563/5794 [01:23<00:03, 71.77it/s]
 96%|█████████▌| 5571/5794 [01:23<00:03, 71.78it/s]
 96%|█████████▋| 5579/5794 [01:23<00:02, 71.85it/s]
 96%|█████████▋| 5587/5794 [01:23<00:02, 71.32it/s]
 97%|█████████▋| 5595/5794 [01:23<00:02, 70.89it/s]
 97%|█████████▋| 5603/5794 [01:23<00:02, 71.26it/s]
 97%|█████████▋| 5611/5794 [01:23<00:02, 71.29it/s]
 97%|█████████▋| 5619/5794 [01:23<00:02, 71.32it/s]
 97%|█████████▋| 5627/5794 [01:23<00:02, 70.71it/s]
 97%|█████████▋| 5635/5794 [01:24<00:02, 70.00it/s]
 97%|█████████▋| 5643/5794 [01:24<00:02, 71.02it/s]
 98%|█████████▊| 5651/5794 [01:24<00:02, 71.20it/s]
 98%|█████████▊| 5659/5794 [01:24<00:01, 71.27it/s]
 98%|█████████▊| 5667/5794 [01:24<00:01, 71.32it/s]
 98%|█████████▊| 5675/5794 [01:24<00:01, 71.48it/s]
 98%|█████████▊| 5683/5794 [01:24<00:01, 70.57it/s]
 98%|█████████▊| 5691/5794 [01:24<00:01, 71.42it/s]
 98%|█████████▊| 5699/5794 [01:24<00:01, 71.29it/s]
 98%|█████████▊| 5707/5794 [01:25<00:01, 71.13it/s]
 99%|█████████▊| 5715/5794 [01:25<00:01, 71.41it/s]
 99%|█████████▉| 5723/5794 [01:25<00:00, 71.32it/s]
 99%|█████████▉| 5731/5794 [01:25<00:00, 71.15it/s]
 99%|█████████▉| 5739/5794 [01:25<00:00, 71.60it/s]
 99%|█████████▉| 5747/5794 [01:25<00:00, 71.85it/s]
 99%|█████████▉| 5755/5794 [01:25<00:00, 71.86it/s]
 99%|█████████▉| 5763/5794 [01:25<00:00, 71.92it/s]
100%|█████████▉| 5771/5794 [01:25<00:00, 71.78it/s]
100%|█████████▉| 5779/5794 [01:26<00:00, 71.81it/s]
100%|█████████▉| 5787/5794 [01:26<00:00, 71.59it/s]
100%|██████████| 5794/5794 [01:26<00:00, 67.13it/s]
BALANCED ACCS CHECKED FOR TEST
TEST SET RESULTS FOR CHECKPOINT trained_weights/waterbirds/rrr_waterbird_1.0_forest2water2_21050491_trial_000/best_balanced_valacc_0.57_epoch_0.ckpt
test_acc: 0.6791508457024508
balanced_test_acc: 0.5590903910313529
Land_on_Land_test_acc: 0.9964523281596452
Land_on_Water_test_acc: 0.5529933481152993
Water_on_Land_test_acc: 0.018691588785046728
Water_on_Water_test_acc: 0.6682242990654206
test_acc_Waterbird: 0.34345794392523366
test_acc_Landbird: 0.7747228381374723
