[CMD] /home/ryreu/miniconda3/envs/gals_a100/bin/python -u main.py --config configs/waterbirds_100_upweight.yaml --name upweight_waterbird_1.0_forest2water2_21050491_trial_000 DATA.ROOT=/home/ryreu/guided_cnn/waterbirds DATA.WATERBIRDS_DIR=waterbird_1.0_forest2water2 SEED=0 EXP.BASE.LR=0.0010000000000000002 EXP.CLASSIFIER.LR=9.999999999999991e-05 EXP.WEIGHT_DECAY=9.999999999999997e-06 EXP.AUX_LOSSES_ON_VAL=False EXP.NUM_EPOCHS=1
SEED: 0
DATA:
  BATCH_SIZE: 96
  NUM_WORKERS: 4
  SIZE: 224
  NORMALIZATION: imagenet
  ATTENTION_DIR: NONE
  SEPARATE_CLASSES: true
  REMOVE_BACKGROUND: false
  ROOT: /home/ryreu/guided_cnn/waterbirds
  USE_CLASS_WEIGHTS: true
  USE_GROUP_WEIGHTS: false
  DATASET: waterbirds
  NUM_CLASSES: 2
  CONFOUNDING_FACTOR: 1.0
  WATERBIRDS_DIR: waterbird_1.0_forest2water2
EXP:
  NUM_TRIALS: 1
  LOSSES:
    CLASSIFICATION:
      WEIGHT: 1
    GRADIENT_OUTSIDE:
      COMPUTE: false
      LOG: false
      WEIGHT: 0.01
      CRITERION: L1
      GT: segmentation
      COMBINE_ATT_MODE: average_nonzero
    GRADIENT_INSIDE:
      COMPUTE: false
      LOG: false
      WEIGHT: 1
      CRITERION: L1
      GT: segmentation
      COMBINE_ATT_MODE: average_nonzero
    GRADCAM:
      COMPUTE: false
      LOG: false
      WEIGHT: 1
      CRITERION: L1
      GT: segmentation
      MODE: match
      COMBINE_ATT_MODE: average_nonzero
  APPROACH: generic
  MODEL: resnet50
  PRETRAINED: true
  NUM_EPOCHS: 1
  OPTIMIZER: SGD
  WEIGHT_DECAY: 9.999999999999997e-06
  MOMENTUM: 0.9
  SCHEDULER: NONE
  BASE:
    LR: 0.0010000000000000002
  CLASSIFIER:
    LR: 9.999999999999991e-05
  AUX_LOSSES_ON_VAL: false
LOGGING:
  SAVE_EVERY: 0
  SAVE_BEST: true
  SAVE_LAST: false
  LOG_ATTENTION: false
  LOG_ATTENTION_STEP: 10
  SAVE_STATS_PATH: null
yaml: configs/waterbirds_100_upweight.yaml
name: upweight_waterbird_1.0_forest2water2_21050491_trial_000
test_checkpoint: null

WATERBIRDS DIR: /home/ryreu/guided_cnn/waterbirds/waterbird_1.0_forest2water2
NUMBER OF SAMPLES WITH LABEL Landbird: 3684
NUMBER OF SAMPLES WITH LABEL Waterbird: 1111
NUMBER OF SAMPLES WITH GROUP Land_on_Land: 3684
NUMBER OF SAMPLES WITH GROUP Land_on_Water: 0
NUMBER OF SAMPLES WITH GROUP Water_on_Land: 0
NUMBER OF SAMPLES WITH GROUP Water_on_Water: 1111
WATERBIRDS DIR: /home/ryreu/guided_cnn/waterbirds/waterbird_1.0_forest2water2
NUMBER OF SAMPLES WITH LABEL Landbird: 931
NUMBER OF SAMPLES WITH LABEL Waterbird: 268
NUMBER OF SAMPLES WITH GROUP Land_on_Land: 465
NUMBER OF SAMPLES WITH GROUP Land_on_Water: 466
NUMBER OF SAMPLES WITH GROUP Water_on_Land: 134
NUMBER OF SAMPLES WITH GROUP Water_on_Water: 134
NUM TRAIN: 4795

NUM VAL:   1199

Number classifier outputs: 2
Using pretrained model: True
USING SGD OPTIMIZER
class weights: tensor([0.2981, 1.0000], device='cuda:0')
group weights: None
WANDB DISABLED: skipping wandb.init()
EPOCH: 0

>>> TRAINING 


  0%|          | 0/50 [00:00<?, ?it/s]
  2%|▏         | 1/50 [00:03<02:38,  3.24s/it]
  4%|▍         | 2/50 [00:03<01:08,  1.43s/it]
  6%|▌         | 3/50 [00:03<00:39,  1.18it/s]
  8%|▊         | 4/50 [00:03<00:26,  1.75it/s]
 10%|█         | 5/50 [00:03<00:18,  2.39it/s]
 12%|█▏        | 6/50 [00:03<00:14,  3.07it/s]
 14%|█▍        | 7/50 [00:04<00:11,  3.73it/s]
 16%|█▌        | 8/50 [00:04<00:09,  4.35it/s]
 18%|█▊        | 9/50 [00:04<00:08,  4.90it/s]
 20%|██        | 10/50 [00:04<00:07,  5.35it/s]
 22%|██▏       | 11/50 [00:04<00:06,  5.69it/s]
 24%|██▍       | 12/50 [00:04<00:06,  6.00it/s]
 26%|██▌       | 13/50 [00:05<00:05,  6.22it/s]
 28%|██▊       | 14/50 [00:05<00:05,  6.40it/s]
 30%|███       | 15/50 [00:05<00:05,  6.51it/s]
 32%|███▏      | 16/50 [00:05<00:05,  6.60it/s]
 34%|███▍      | 17/50 [00:05<00:04,  6.60it/s]
 36%|███▌      | 18/50 [00:05<00:04,  6.67it/s]
 38%|███▊      | 19/50 [00:05<00:04,  6.68it/s]
 40%|████      | 20/50 [00:06<00:04,  6.65it/s]
 42%|████▏     | 21/50 [00:06<00:04,  6.65it/s]
 44%|████▍     | 22/50 [00:06<00:04,  6.67it/s]
 46%|████▌     | 23/50 [00:06<00:04,  6.69it/s]
 48%|████▊     | 24/50 [00:06<00:03,  6.72it/s]
 50%|█████     | 25/50 [00:06<00:03,  6.74it/s]
 52%|█████▏    | 26/50 [00:06<00:03,  6.71it/s]
 54%|█████▍    | 27/50 [00:07<00:03,  6.70it/s]
 56%|█████▌    | 28/50 [00:07<00:03,  6.69it/s]
 58%|█████▊    | 29/50 [00:07<00:03,  6.70it/s]
 60%|██████    | 30/50 [00:07<00:02,  6.72it/s]
 62%|██████▏   | 31/50 [00:07<00:02,  6.73it/s]
 64%|██████▍   | 32/50 [00:07<00:02,  6.77it/s]
 66%|██████▌   | 33/50 [00:07<00:02,  6.78it/s]
 68%|██████▊   | 34/50 [00:08<00:02,  6.76it/s]
 70%|███████   | 35/50 [00:08<00:02,  6.70it/s]
 72%|███████▏  | 36/50 [00:08<00:02,  6.63it/s]
 74%|███████▍  | 37/50 [00:08<00:01,  6.68it/s]
 76%|███████▌  | 38/50 [00:08<00:01,  6.71it/s]
 78%|███████▊  | 39/50 [00:08<00:01,  6.73it/s]
 80%|████████  | 40/50 [00:09<00:01,  6.76it/s]
 82%|████████▏ | 41/50 [00:09<00:01,  6.78it/s]
 84%|████████▍ | 42/50 [00:09<00:01,  6.74it/s]
 86%|████████▌ | 43/50 [00:09<00:01,  6.70it/s]
 88%|████████▊ | 44/50 [00:09<00:00,  6.70it/s]
 90%|█████████ | 45/50 [00:09<00:00,  6.75it/s]
 92%|█████████▏| 46/50 [00:09<00:00,  6.76it/s]
 94%|█████████▍| 47/50 [00:10<00:00,  6.77it/s]
 96%|█████████▌| 48/50 [00:10<00:00,  6.77it/s]
 98%|█████████▊| 49/50 [00:10<00:00,  6.77it/s]
100%|██████████| 50/50 [00:10<00:00,  6.84it/s]
100%|██████████| 50/50 [00:10<00:00,  4.73it/s]
>>> VALIDATING 


  0%|          | 0/13 [00:00<?, ?it/s]
  8%|▊         | 1/13 [00:00<00:08,  1.37it/s]
 23%|██▎       | 3/13 [00:00<00:02,  4.21it/s]
 38%|███▊      | 5/13 [00:01<00:01,  4.82it/s]
 54%|█████▍    | 7/13 [00:01<00:00,  6.84it/s]
 69%|██████▉   | 9/13 [00:01<00:00,  6.32it/s]
 85%|████████▍ | 11/13 [00:01<00:00,  7.97it/s]
100%|██████████| 13/13 [00:01<00:00,  9.90it/s]
100%|██████████| 13/13 [00:01<00:00,  6.51it/s]
>>> LOGGING 

BALANCED ACCS CHECKED FOR TRAIN
BALANCED ACCS CHECKED FOR VAL
train_acc: 0.8748696558915537
val_acc: 0.6005004170141784
train_cls_loss: 0.40180782196544135
val_cls_loss: 0.7637306892742606
train_total_loss: 0.40180782196544135
val_total_loss: 0.7637306892742606
balanced_train_acc: 0.8582167663020374
balanced_val_acc: 0.6258316366609488
Land_on_Land_train_acc: 0.8892508143322475
Land_on_Land_val_acc: 0.967741935483871
Land_on_Water_train_acc: 0
Land_on_Water_val_acc: 0.19313304721030042
Water_on_Land_train_acc: 0
Water_on_Land_val_acc: 0.3880597014925373
Water_on_Water_train_acc: 0.8271827182718272
Water_on_Water_val_acc: 0.9552238805970149
train_acc_Landbird: 0.8892508143322475
train_acc_Waterbird: 0.8271827182718272
val_acc_Landbird: 0.5800214822771214
val_acc_Waterbird: 0.6716417910447762
TRAIN ACC:        0.8748696558915537
VAL ACC:          0.6005004170141784
BALANCED VAL ACC: 0.6258316366609488
prev best list: []
Saving to trained_weights/waterbirds/upweight_waterbird_1.0_forest2water2_21050491_trial_000/best_balanced_valacc_0.63_epoch_0.ckpt
>>> EVALUATING ON TEST SET
WATERBIRDS DIR: /home/ryreu/guided_cnn/waterbirds/waterbird_1.0_forest2water2
NUMBER OF SAMPLES WITH LABEL Landbird: 4510
NUMBER OF SAMPLES WITH LABEL Waterbird: 1284
NUMBER OF SAMPLES WITH GROUP Land_on_Land: 2255
NUMBER OF SAMPLES WITH GROUP Land_on_Water: 2255
NUMBER OF SAMPLES WITH GROUP Water_on_Land: 642
NUMBER OF SAMPLES WITH GROUP Water_on_Water: 642
NUM TEST:   5794

Loaded checkpoint trained_weights/waterbirds/upweight_waterbird_1.0_forest2water2_21050491_trial_000/best_balanced_valacc_0.63_epoch_0.ckpt

  0%|          | 0/5794 [00:00<?, ?it/s]
  0%|          | 1/5794 [00:00<26:29,  3.64it/s]
  0%|          | 8/5794 [00:00<03:47, 25.46it/s]
  0%|          | 16/5794 [00:00<02:19, 41.32it/s]
  0%|          | 24/5794 [00:00<01:53, 51.06it/s]
  1%|          | 32/5794 [00:00<01:39, 57.81it/s]
  1%|          | 40/5794 [00:00<01:32, 62.14it/s]
  1%|          | 48/5794 [00:00<01:28, 65.13it/s]
  1%|          | 55/5794 [00:01<01:26, 66.06it/s]
  1%|          | 63/5794 [00:01<01:24, 67.54it/s]
  1%|          | 71/5794 [00:01<01:23, 68.45it/s]
  1%|▏         | 79/5794 [00:01<01:22, 69.60it/s]
  2%|▏         | 87/5794 [00:01<01:23, 68.62it/s]
  2%|▏         | 94/5794 [00:01<01:25, 67.01it/s]
  2%|▏         | 101/5794 [00:01<01:26, 65.74it/s]
  2%|▏         | 108/5794 [00:01<01:27, 65.05it/s]
  2%|▏         | 115/5794 [00:01<01:28, 64.47it/s]
  2%|▏         | 122/5794 [00:02<01:28, 63.93it/s]
  2%|▏         | 129/5794 [00:02<01:29, 63.61it/s]
  2%|▏         | 136/5794 [00:02<01:29, 63.46it/s]
  2%|▏         | 143/5794 [00:02<01:29, 63.27it/s]
  3%|▎         | 150/5794 [00:02<01:29, 63.29it/s]
  3%|▎         | 157/5794 [00:02<01:29, 63.17it/s]
  3%|▎         | 164/5794 [00:02<01:29, 63.25it/s]
  3%|▎         | 171/5794 [00:02<01:28, 63.28it/s]
  3%|▎         | 178/5794 [00:02<01:28, 63.13it/s]
  3%|▎         | 185/5794 [00:03<01:28, 63.16it/s]
  3%|▎         | 192/5794 [00:03<01:28, 63.05it/s]
  3%|▎         | 199/5794 [00:03<01:28, 62.94it/s]
  4%|▎         | 206/5794 [00:03<01:26, 64.39it/s]
  4%|▎         | 214/5794 [00:03<01:23, 66.75it/s]
  4%|▍         | 222/5794 [00:03<01:21, 68.72it/s]
  4%|▍         | 230/5794 [00:03<01:19, 69.78it/s]
  4%|▍         | 238/5794 [00:03<01:18, 70.66it/s]
  4%|▍         | 246/5794 [00:03<01:17, 71.20it/s]
  4%|▍         | 254/5794 [00:04<01:17, 71.70it/s]
  5%|▍         | 262/5794 [00:04<01:17, 71.84it/s]
  5%|▍         | 270/5794 [00:04<01:16, 72.13it/s]
  5%|▍         | 278/5794 [00:04<01:16, 71.69it/s]
  5%|▍         | 286/5794 [00:04<01:16, 71.90it/s]
  5%|▌         | 294/5794 [00:04<01:17, 70.98it/s]
  5%|▌         | 302/5794 [00:04<01:17, 71.30it/s]
  5%|▌         | 310/5794 [00:04<01:16, 71.60it/s]
  5%|▌         | 318/5794 [00:04<01:20, 68.38it/s]
  6%|▌         | 325/5794 [00:05<01:21, 67.04it/s]
  6%|▌         | 332/5794 [00:05<01:22, 65.83it/s]
  6%|▌         | 339/5794 [00:05<01:23, 65.27it/s]
  6%|▌         | 346/5794 [00:05<01:24, 64.55it/s]
  6%|▌         | 353/5794 [00:05<01:24, 64.36it/s]
  6%|▌         | 360/5794 [00:05<01:24, 64.62it/s]
  6%|▋         | 368/5794 [00:05<01:20, 67.07it/s]
  6%|▋         | 376/5794 [00:05<01:18, 68.62it/s]
  7%|▋         | 384/5794 [00:05<01:17, 69.88it/s]
  7%|▋         | 392/5794 [00:06<01:16, 70.68it/s]
  7%|▋         | 400/5794 [00:06<01:15, 71.34it/s]
  7%|▋         | 408/5794 [00:06<01:15, 71.59it/s]
  7%|▋         | 416/5794 [00:06<01:14, 72.01it/s]
  7%|▋         | 424/5794 [00:06<01:14, 72.10it/s]
  7%|▋         | 432/5794 [00:06<01:14, 72.42it/s]
  8%|▊         | 440/5794 [00:06<01:13, 72.43it/s]
  8%|▊         | 448/5794 [00:06<01:13, 72.43it/s]
  8%|▊         | 456/5794 [00:06<01:13, 72.40it/s]
  8%|▊         | 464/5794 [00:07<01:13, 72.44it/s]
  8%|▊         | 472/5794 [00:07<01:13, 72.48it/s]
  8%|▊         | 480/5794 [00:07<01:13, 72.47it/s]
  8%|▊         | 488/5794 [00:07<01:13, 72.49it/s]
  9%|▊         | 496/5794 [00:07<01:14, 71.48it/s]
  9%|▊         | 504/5794 [00:07<01:13, 71.74it/s]
  9%|▉         | 512/5794 [00:07<01:13, 72.06it/s]
  9%|▉         | 520/5794 [00:07<01:13, 72.12it/s]
  9%|▉         | 528/5794 [00:07<01:12, 72.45it/s]
  9%|▉         | 536/5794 [00:08<01:12, 72.22it/s]
  9%|▉         | 544/5794 [00:08<01:12, 72.51it/s]
 10%|▉         | 552/5794 [00:08<01:12, 72.44it/s]
 10%|▉         | 560/5794 [00:08<01:12, 72.14it/s]
 10%|▉         | 568/5794 [00:08<01:12, 72.13it/s]
 10%|▉         | 576/5794 [00:08<01:12, 72.41it/s]
 10%|█         | 584/5794 [00:08<01:11, 72.36it/s]
 10%|█         | 592/5794 [00:08<01:11, 72.42it/s]
 10%|█         | 600/5794 [00:08<01:11, 72.38it/s]
 10%|█         | 608/5794 [00:09<01:11, 72.62it/s]
 11%|█         | 616/5794 [00:09<01:11, 72.56it/s]
 11%|█         | 624/5794 [00:09<01:11, 72.12it/s]
 11%|█         | 632/5794 [00:09<01:11, 72.56it/s]
 11%|█         | 640/5794 [00:09<01:10, 73.06it/s]
 11%|█         | 648/5794 [00:09<01:10, 73.42it/s]
 11%|█▏        | 656/5794 [00:09<01:09, 73.40it/s]
 11%|█▏        | 664/5794 [00:09<01:09, 73.57it/s]
 12%|█▏        | 672/5794 [00:09<01:09, 73.46it/s]
 12%|█▏        | 680/5794 [00:10<01:09, 73.90it/s]
 12%|█▏        | 688/5794 [00:10<01:12, 70.67it/s]
 12%|█▏        | 696/5794 [00:10<01:14, 68.55it/s]
 12%|█▏        | 703/5794 [00:10<01:16, 66.84it/s]
 12%|█▏        | 710/5794 [00:10<01:17, 65.98it/s]
 12%|█▏        | 717/5794 [00:10<01:17, 65.10it/s]
 12%|█▏        | 724/5794 [00:10<01:18, 64.58it/s]
 13%|█▎        | 731/5794 [00:10<01:18, 64.12it/s]
 13%|█▎        | 738/5794 [00:10<01:19, 63.41it/s]
 13%|█▎        | 745/5794 [00:11<01:19, 63.25it/s]
 13%|█▎        | 752/5794 [00:11<01:19, 63.27it/s]
 13%|█▎        | 759/5794 [00:11<01:19, 63.18it/s]
 13%|█▎        | 766/5794 [00:11<01:19, 63.39it/s]
 13%|█▎        | 773/5794 [00:11<01:19, 63.18it/s]
 13%|█▎        | 780/5794 [00:11<01:19, 63.37it/s]
 14%|█▎        | 787/5794 [00:11<01:19, 63.32it/s]
 14%|█▎        | 795/5794 [00:11<01:15, 66.18it/s]
 14%|█▍        | 803/5794 [00:11<01:13, 67.92it/s]
 14%|█▍        | 811/5794 [00:12<01:11, 69.45it/s]
 14%|█▍        | 819/5794 [00:12<01:10, 70.29it/s]
 14%|█▍        | 827/5794 [00:12<01:09, 70.99it/s]
 14%|█▍        | 835/5794 [00:12<01:09, 71.45it/s]
 15%|█▍        | 843/5794 [00:12<01:08, 71.77it/s]
 15%|█▍        | 851/5794 [00:12<01:08, 71.96it/s]
 15%|█▍        | 859/5794 [00:12<01:08, 72.14it/s]
 15%|█▍        | 867/5794 [00:12<01:08, 72.38it/s]
 15%|█▌        | 875/5794 [00:12<01:08, 71.69it/s]
 15%|█▌        | 883/5794 [00:13<01:08, 72.01it/s]
 15%|█▌        | 891/5794 [00:13<01:07, 72.19it/s]
 16%|█▌        | 899/5794 [00:13<01:09, 69.97it/s]
 16%|█▌        | 907/5794 [00:13<01:12, 67.66it/s]
 16%|█▌        | 914/5794 [00:13<01:13, 66.36it/s]
 16%|█▌        | 921/5794 [00:13<01:14, 65.58it/s]
 16%|█▌        | 928/5794 [00:13<01:15, 64.70it/s]
 16%|█▌        | 935/5794 [00:13<01:16, 63.75it/s]
 16%|█▋        | 942/5794 [00:13<01:16, 63.48it/s]
 16%|█▋        | 949/5794 [00:14<01:16, 63.62it/s]
 16%|█▋        | 956/5794 [00:14<01:16, 63.08it/s]
 17%|█▋        | 963/5794 [00:14<01:16, 63.21it/s]
 17%|█▋        | 970/5794 [00:14<01:16, 63.16it/s]
 17%|█▋        | 977/5794 [00:14<01:16, 63.17it/s]
 17%|█▋        | 984/5794 [00:14<01:16, 63.19it/s]
 17%|█▋        | 991/5794 [00:14<01:16, 63.12it/s]
 17%|█▋        | 998/5794 [00:14<01:15, 63.17it/s]
 17%|█▋        | 1005/5794 [00:14<01:15, 63.28it/s]
 17%|█▋        | 1012/5794 [00:15<01:15, 63.26it/s]
 18%|█▊        | 1019/5794 [00:15<01:15, 63.37it/s]
 18%|█▊        | 1026/5794 [00:15<01:15, 63.20it/s]
 18%|█▊        | 1033/5794 [00:15<01:15, 63.35it/s]
 18%|█▊        | 1040/5794 [00:15<01:15, 62.84it/s]
 18%|█▊        | 1047/5794 [00:15<01:15, 62.88it/s]
 18%|█▊        | 1054/5794 [00:15<01:15, 62.93it/s]
 18%|█▊        | 1061/5794 [00:15<01:15, 62.33it/s]
 18%|█▊        | 1068/5794 [00:15<01:15, 62.56it/s]
 19%|█▊        | 1075/5794 [00:16<01:15, 62.57it/s]
 19%|█▊        | 1082/5794 [00:16<01:15, 62.77it/s]
 19%|█▉        | 1089/5794 [00:16<01:15, 62.58it/s]
 19%|█▉        | 1096/5794 [00:16<01:15, 62.61it/s]
 19%|█▉        | 1103/5794 [00:16<01:14, 62.78it/s]
 19%|█▉        | 1110/5794 [00:16<01:14, 62.61it/s]
 19%|█▉        | 1117/5794 [00:16<01:14, 62.77it/s]
 19%|█▉        | 1124/5794 [00:16<01:14, 62.90it/s]
 20%|█▉        | 1131/5794 [00:16<01:14, 62.80it/s]
 20%|█▉        | 1138/5794 [00:17<01:13, 62.93it/s]
 20%|█▉        | 1145/5794 [00:17<01:14, 62.54it/s]
 20%|█▉        | 1152/5794 [00:17<01:13, 62.80it/s]
 20%|██        | 1159/5794 [00:17<01:13, 62.86it/s]
 20%|██        | 1166/5794 [00:17<01:13, 62.96it/s]
 20%|██        | 1173/5794 [00:17<01:13, 62.98it/s]
 20%|██        | 1180/5794 [00:17<01:13, 62.82it/s]
 20%|██        | 1187/5794 [00:17<01:13, 62.90it/s]
 21%|██        | 1194/5794 [00:17<01:13, 62.95it/s]
 21%|██        | 1201/5794 [00:18<01:12, 62.92it/s]
 21%|██        | 1208/5794 [00:18<01:12, 63.13it/s]
 21%|██        | 1215/5794 [00:18<01:12, 62.92it/s]
 21%|██        | 1222/5794 [00:18<01:12, 63.15it/s]
 21%|██        | 1229/5794 [00:18<01:12, 62.90it/s]
 21%|██▏       | 1236/5794 [00:18<01:12, 63.11it/s]
 21%|██▏       | 1243/5794 [00:18<01:12, 63.00it/s]
 22%|██▏       | 1250/5794 [00:18<01:12, 62.99it/s]
 22%|██▏       | 1257/5794 [00:18<01:12, 62.93it/s]
 22%|██▏       | 1264/5794 [00:19<01:11, 62.95it/s]
 22%|██▏       | 1271/5794 [00:19<01:11, 63.00it/s]
 22%|██▏       | 1278/5794 [00:19<01:11, 63.12it/s]
 22%|██▏       | 1285/5794 [00:19<01:11, 62.87it/s]
 22%|██▏       | 1292/5794 [00:19<01:11, 63.13it/s]
 22%|██▏       | 1299/5794 [00:19<01:11, 62.91it/s]
 23%|██▎       | 1306/5794 [00:19<01:11, 63.08it/s]
 23%|██▎       | 1313/5794 [00:19<01:11, 62.91it/s]
 23%|██▎       | 1320/5794 [00:19<01:10, 63.20it/s]
 23%|██▎       | 1327/5794 [00:20<01:10, 63.14it/s]
 23%|██▎       | 1334/5794 [00:20<01:10, 63.14it/s]
 23%|██▎       | 1341/5794 [00:20<01:10, 63.15it/s]
 23%|██▎       | 1348/5794 [00:20<01:09, 64.15it/s]
 23%|██▎       | 1356/5794 [00:20<01:06, 66.76it/s]
 24%|██▎       | 1364/5794 [00:20<01:04, 68.40it/s]
 24%|██▎       | 1372/5794 [00:20<01:03, 69.69it/s]
 24%|██▍       | 1380/5794 [00:20<01:02, 70.61it/s]
 24%|██▍       | 1388/5794 [00:20<01:01, 71.14it/s]
 24%|██▍       | 1396/5794 [00:21<01:01, 71.59it/s]
 24%|██▍       | 1404/5794 [00:21<01:01, 71.86it/s]
 24%|██▍       | 1412/5794 [00:21<01:02, 69.92it/s]
 25%|██▍       | 1420/5794 [00:21<01:04, 67.69it/s]
 25%|██▍       | 1427/5794 [00:21<01:05, 66.47it/s]
 25%|██▍       | 1434/5794 [00:21<01:06, 65.35it/s]
 25%|██▍       | 1441/5794 [00:21<01:07, 64.83it/s]
 25%|██▍       | 1448/5794 [00:21<01:07, 64.32it/s]
 25%|██▌       | 1455/5794 [00:21<01:07, 63.88it/s]
 25%|██▌       | 1462/5794 [00:22<01:08, 63.69it/s]
 25%|██▌       | 1469/5794 [00:22<01:08, 63.28it/s]
 25%|██▌       | 1476/5794 [00:22<01:08, 63.20it/s]
 26%|██▌       | 1483/5794 [00:22<01:09, 62.27it/s]
 26%|██▌       | 1490/5794 [00:22<01:08, 62.67it/s]
 26%|██▌       | 1497/5794 [00:22<01:08, 62.93it/s]
 26%|██▌       | 1504/5794 [00:22<01:08, 62.92it/s]
 26%|██▌       | 1511/5794 [00:22<01:09, 61.95it/s]
 26%|██▌       | 1518/5794 [00:22<01:08, 62.13it/s]
 26%|██▋       | 1525/5794 [00:23<01:08, 62.49it/s]
 26%|██▋       | 1532/5794 [00:23<01:07, 62.88it/s]
 27%|██▋       | 1539/5794 [00:23<01:07, 62.91it/s]
 27%|██▋       | 1546/5794 [00:23<01:07, 63.14it/s]
 27%|██▋       | 1553/5794 [00:23<01:07, 63.12it/s]
 27%|██▋       | 1560/5794 [00:23<01:06, 63.38it/s]
 27%|██▋       | 1568/5794 [00:23<01:04, 65.47it/s]
 27%|██▋       | 1575/5794 [00:23<01:04, 65.87it/s]
 27%|██▋       | 1582/5794 [00:23<01:04, 65.09it/s]
 27%|██▋       | 1589/5794 [00:24<01:05, 64.62it/s]
 28%|██▊       | 1596/5794 [00:24<01:05, 64.15it/s]
 28%|██▊       | 1603/5794 [00:24<01:05, 63.95it/s]
 28%|██▊       | 1610/5794 [00:24<01:05, 63.57it/s]
 28%|██▊       | 1617/5794 [00:24<01:05, 63.71it/s]
 28%|██▊       | 1624/5794 [00:24<01:06, 63.13it/s]
 28%|██▊       | 1631/5794 [00:24<01:05, 63.26it/s]
 28%|██▊       | 1638/5794 [00:24<01:06, 62.95it/s]
 28%|██▊       | 1645/5794 [00:24<01:05, 63.20it/s]
 29%|██▊       | 1652/5794 [00:25<01:05, 63.07it/s]
 29%|██▊       | 1659/5794 [00:25<01:05, 63.15it/s]
 29%|██▉       | 1666/5794 [00:25<01:05, 63.05it/s]
 29%|██▉       | 1673/5794 [00:25<01:05, 63.00it/s]
 29%|██▉       | 1680/5794 [00:25<01:05, 62.96it/s]
 29%|██▉       | 1687/5794 [00:25<01:05, 62.93it/s]
 29%|██▉       | 1694/5794 [00:25<01:05, 62.91it/s]
 29%|██▉       | 1701/5794 [00:25<01:04, 63.15it/s]
 29%|██▉       | 1708/5794 [00:25<01:04, 63.01it/s]
 30%|██▉       | 1715/5794 [00:26<01:04, 63.14it/s]
 30%|██▉       | 1722/5794 [00:26<01:04, 62.94it/s]
 30%|██▉       | 1729/5794 [00:26<01:04, 62.97it/s]
 30%|██▉       | 1736/5794 [00:26<01:03, 63.42it/s]
 30%|███       | 1743/5794 [00:26<01:02, 65.11it/s]
 30%|███       | 1750/5794 [00:26<01:02, 65.12it/s]
 30%|███       | 1758/5794 [00:26<01:00, 66.71it/s]
 30%|███       | 1766/5794 [00:26<00:59, 67.93it/s]
 31%|███       | 1774/5794 [00:26<00:58, 68.77it/s]
 31%|███       | 1781/5794 [00:27<00:59, 67.48it/s]
 31%|███       | 1788/5794 [00:27<01:00, 66.74it/s]
 31%|███       | 1795/5794 [00:27<01:00, 66.17it/s]
 31%|███       | 1802/5794 [00:27<00:59, 66.92it/s]
 31%|███       | 1810/5794 [00:27<00:58, 68.08it/s]
 31%|███▏      | 1818/5794 [00:27<00:57, 69.32it/s]
 32%|███▏      | 1826/5794 [00:27<00:56, 69.79it/s]
 32%|███▏      | 1834/5794 [00:27<00:56, 70.57it/s]
 32%|███▏      | 1842/5794 [00:27<00:56, 70.54it/s]
 32%|███▏      | 1850/5794 [00:28<00:55, 70.94it/s]
 32%|███▏      | 1858/5794 [00:28<00:55, 71.03it/s]
 32%|███▏      | 1866/5794 [00:28<00:54, 71.42it/s]
 32%|███▏      | 1874/5794 [00:28<00:54, 71.41it/s]
 32%|███▏      | 1882/5794 [00:28<00:54, 71.55it/s]
 33%|███▎      | 1890/5794 [00:28<00:54, 71.63it/s]
 33%|███▎      | 1898/5794 [00:28<00:54, 71.75it/s]
 33%|███▎      | 1906/5794 [00:28<00:54, 71.92it/s]
 33%|███▎      | 1914/5794 [00:28<00:54, 71.77it/s]
 33%|███▎      | 1922/5794 [00:29<00:53, 71.98it/s]
 33%|███▎      | 1930/5794 [00:29<00:54, 71.16it/s]
 33%|███▎      | 1938/5794 [00:29<00:54, 71.10it/s]
 34%|███▎      | 1946/5794 [00:29<00:54, 71.18it/s]
 34%|███▎      | 1954/5794 [00:29<00:53, 71.50it/s]
 34%|███▍      | 1962/5794 [00:29<00:53, 71.50it/s]
 34%|███▍      | 1970/5794 [00:29<00:53, 71.88it/s]
 34%|███▍      | 1978/5794 [00:29<00:53, 71.94it/s]
 34%|███▍      | 1986/5794 [00:29<00:52, 72.12it/s]
 34%|███▍      | 1994/5794 [00:30<00:52, 71.98it/s]
 35%|███▍      | 2002/5794 [00:30<00:52, 72.19it/s]
 35%|███▍      | 2010/5794 [00:30<00:52, 71.62it/s]
 35%|███▍      | 2018/5794 [00:30<00:52, 71.85it/s]
 35%|███▍      | 2026/5794 [00:30<00:52, 72.15it/s]
 35%|███▌      | 2034/5794 [00:30<00:52, 71.68it/s]
 35%|███▌      | 2042/5794 [00:30<00:52, 71.81it/s]
 35%|███▌      | 2050/5794 [00:30<00:52, 71.78it/s]
 36%|███▌      | 2058/5794 [00:30<00:52, 70.82it/s]
 36%|███▌      | 2066/5794 [00:31<00:52, 70.88it/s]
 36%|███▌      | 2074/5794 [00:31<00:54, 68.37it/s]
 36%|███▌      | 2081/5794 [00:31<00:54, 68.48it/s]
 36%|███▌      | 2089/5794 [00:31<00:53, 69.39it/s]
 36%|███▌      | 2097/5794 [00:31<00:53, 69.54it/s]
 36%|███▋      | 2104/5794 [00:31<00:54, 67.71it/s]
 36%|███▋      | 2111/5794 [00:31<00:54, 68.18it/s]
 37%|███▋      | 2119/5794 [00:31<00:53, 69.21it/s]
 37%|███▋      | 2127/5794 [00:31<00:52, 70.07it/s]
 37%|███▋      | 2135/5794 [00:32<00:53, 68.59it/s]
 37%|███▋      | 2142/5794 [00:32<00:53, 68.39it/s]
 37%|███▋      | 2149/5794 [00:32<00:54, 67.34it/s]
 37%|███▋      | 2156/5794 [00:32<00:55, 66.12it/s]
 37%|███▋      | 2163/5794 [00:32<00:55, 65.79it/s]
 37%|███▋      | 2171/5794 [00:32<00:53, 67.39it/s]
 38%|███▊      | 2178/5794 [00:32<00:53, 67.18it/s]
 38%|███▊      | 2185/5794 [00:32<00:54, 65.69it/s]
 38%|███▊      | 2192/5794 [00:32<00:55, 65.12it/s]
 38%|███▊      | 2199/5794 [00:33<00:54, 66.14it/s]
 38%|███▊      | 2207/5794 [00:33<00:52, 67.74it/s]
 38%|███▊      | 2214/5794 [00:33<00:53, 67.14it/s]
 38%|███▊      | 2222/5794 [00:33<00:51, 68.71it/s]
 38%|███▊      | 2229/5794 [00:33<00:52, 68.15it/s]
 39%|███▊      | 2237/5794 [00:33<00:51, 68.86it/s]
 39%|███▊      | 2245/5794 [00:33<00:50, 69.89it/s]
 39%|███▉      | 2252/5794 [00:33<00:50, 69.58it/s]
 39%|███▉      | 2259/5794 [00:33<00:50, 69.56it/s]
 39%|███▉      | 2267/5794 [00:34<00:50, 69.51it/s]
 39%|███▉      | 2274/5794 [00:34<00:51, 68.24it/s]
 39%|███▉      | 2281/5794 [00:34<00:52, 66.90it/s]
 40%|███▉      | 2289/5794 [00:34<00:51, 68.01it/s]
 40%|███▉      | 2296/5794 [00:34<00:51, 67.71it/s]
 40%|███▉      | 2303/5794 [00:34<00:52, 66.65it/s]
 40%|███▉      | 2310/5794 [00:34<00:51, 67.30it/s]
 40%|████      | 2318/5794 [00:34<00:50, 68.56it/s]
 40%|████      | 2325/5794 [00:34<00:51, 67.94it/s]
 40%|████      | 2332/5794 [00:35<00:50, 68.47it/s]
 40%|████      | 2339/5794 [00:35<00:50, 67.87it/s]
 41%|████      | 2347/5794 [00:35<00:49, 69.25it/s]
 41%|████      | 2355/5794 [00:35<00:49, 69.83it/s]
 41%|████      | 2363/5794 [00:35<00:48, 70.57it/s]
 41%|████      | 2371/5794 [00:35<00:49, 69.13it/s]
 41%|████      | 2378/5794 [00:35<00:49, 68.70it/s]
 41%|████      | 2386/5794 [00:35<00:48, 69.59it/s]
 41%|████▏     | 2394/5794 [00:35<00:48, 70.59it/s]
 41%|████▏     | 2402/5794 [00:36<00:49, 68.38it/s]
 42%|████▏     | 2409/5794 [00:36<00:50, 67.02it/s]
 42%|████▏     | 2416/5794 [00:36<00:50, 66.61it/s]
 42%|████▏     | 2423/5794 [00:36<00:50, 67.26it/s]
 42%|████▏     | 2430/5794 [00:36<00:49, 67.28it/s]
 42%|████▏     | 2438/5794 [00:36<00:48, 68.57it/s]
 42%|████▏     | 2446/5794 [00:36<00:48, 69.69it/s]
 42%|████▏     | 2454/5794 [00:36<00:47, 69.86it/s]
 42%|████▏     | 2462/5794 [00:36<00:47, 70.64it/s]
 43%|████▎     | 2470/5794 [00:36<00:47, 70.56it/s]
 43%|████▎     | 2478/5794 [00:37<00:46, 71.10it/s]
 43%|████▎     | 2486/5794 [00:37<00:46, 71.33it/s]
 43%|████▎     | 2494/5794 [00:37<00:46, 71.39it/s]
 43%|████▎     | 2502/5794 [00:37<00:46, 71.56it/s]
 43%|████▎     | 2510/5794 [00:37<00:45, 71.59it/s]
 43%|████▎     | 2518/5794 [00:37<00:45, 71.42it/s]
 44%|████▎     | 2526/5794 [00:37<00:46, 70.63it/s]
 44%|████▎     | 2534/5794 [00:37<00:46, 70.79it/s]
 44%|████▍     | 2542/5794 [00:38<00:46, 70.69it/s]
 44%|████▍     | 2550/5794 [00:38<00:45, 70.57it/s]
 44%|████▍     | 2558/5794 [00:38<00:45, 70.38it/s]
 44%|████▍     | 2566/5794 [00:38<00:45, 70.57it/s]
 44%|████▍     | 2574/5794 [00:38<00:45, 70.59it/s]
 45%|████▍     | 2582/5794 [00:38<00:45, 70.61it/s]
 45%|████▍     | 2590/5794 [00:38<00:45, 70.46it/s]
 45%|████▍     | 2598/5794 [00:38<00:45, 70.74it/s]
 45%|████▍     | 2606/5794 [00:38<00:44, 70.88it/s]
 45%|████▌     | 2614/5794 [00:39<00:44, 70.76it/s]
 45%|████▌     | 2622/5794 [00:39<00:44, 70.81it/s]
 45%|████▌     | 2630/5794 [00:39<00:44, 71.02it/s]
 46%|████▌     | 2638/5794 [00:39<00:44, 70.80it/s]
 46%|████▌     | 2646/5794 [00:39<00:44, 70.68it/s]
 46%|████▌     | 2654/5794 [00:39<00:44, 69.96it/s]
 46%|████▌     | 2661/5794 [00:39<00:46, 67.34it/s]
 46%|████▌     | 2668/5794 [00:39<00:46, 67.50it/s]
 46%|████▌     | 2675/5794 [00:39<00:47, 65.86it/s]
 46%|████▋     | 2682/5794 [00:40<00:47, 65.07it/s]
 46%|████▋     | 2690/5794 [00:40<00:46, 66.99it/s]
 47%|████▋     | 2698/5794 [00:40<00:45, 68.68it/s]
 47%|████▋     | 2706/5794 [00:40<00:44, 69.78it/s]
 47%|████▋     | 2714/5794 [00:40<00:43, 70.37it/s]
 47%|████▋     | 2722/5794 [00:40<00:43, 70.80it/s]
 47%|████▋     | 2730/5794 [00:40<00:43, 70.93it/s]
 47%|████▋     | 2738/5794 [00:40<00:42, 71.19it/s]
 47%|████▋     | 2746/5794 [00:40<00:42, 71.25it/s]
 48%|████▊     | 2754/5794 [00:41<00:42, 70.72it/s]
 48%|████▊     | 2762/5794 [00:41<00:42, 70.58it/s]
 48%|████▊     | 2770/5794 [00:41<00:42, 70.70it/s]
 48%|████▊     | 2778/5794 [00:41<00:42, 70.70it/s]
 48%|████▊     | 2786/5794 [00:41<00:42, 70.52it/s]
 48%|████▊     | 2794/5794 [00:41<00:42, 70.83it/s]
 48%|████▊     | 2802/5794 [00:41<00:42, 69.97it/s]
 48%|████▊     | 2810/5794 [00:41<00:42, 70.45it/s]
 49%|████▊     | 2818/5794 [00:41<00:42, 70.63it/s]
 49%|████▉     | 2826/5794 [00:42<00:41, 70.84it/s]
 49%|████▉     | 2834/5794 [00:42<00:41, 70.81it/s]
 49%|████▉     | 2842/5794 [00:42<00:41, 71.15it/s]
 49%|████▉     | 2850/5794 [00:42<00:41, 70.72it/s]
 49%|████▉     | 2858/5794 [00:42<00:41, 70.81it/s]
 49%|████▉     | 2866/5794 [00:42<00:41, 70.89it/s]
 50%|████▉     | 2874/5794 [00:42<00:41, 70.96it/s]
 50%|████▉     | 2882/5794 [00:42<00:41, 70.84it/s]
 50%|████▉     | 2890/5794 [00:42<00:41, 70.80it/s]
 50%|█████     | 2898/5794 [00:43<00:40, 70.71it/s]
 50%|█████     | 2906/5794 [00:43<00:40, 70.47it/s]
 50%|█████     | 2914/5794 [00:43<00:40, 70.33it/s]
 50%|█████     | 2922/5794 [00:43<00:40, 70.67it/s]
 51%|█████     | 2930/5794 [00:43<00:40, 70.07it/s]
 51%|█████     | 2938/5794 [00:43<00:40, 70.64it/s]
 51%|█████     | 2946/5794 [00:43<00:40, 70.89it/s]
 51%|█████     | 2954/5794 [00:43<00:40, 70.80it/s]
 51%|█████     | 2962/5794 [00:43<00:39, 70.96it/s]
 51%|█████▏    | 2970/5794 [00:44<00:39, 71.15it/s]
 51%|█████▏    | 2978/5794 [00:44<00:39, 71.42it/s]
 52%|█████▏    | 2986/5794 [00:44<00:39, 71.47it/s]
 52%|█████▏    | 2994/5794 [00:44<00:39, 71.47it/s]
 52%|█████▏    | 3002/5794 [00:44<00:39, 71.51it/s]
 52%|█████▏    | 3010/5794 [00:44<00:38, 71.60it/s]
 52%|█████▏    | 3018/5794 [00:44<00:38, 71.53it/s]
 52%|█████▏    | 3026/5794 [00:44<00:38, 71.68it/s]
 52%|█████▏    | 3034/5794 [00:44<00:38, 71.62it/s]
 53%|█████▎    | 3042/5794 [00:45<00:38, 71.88it/s]
 53%|█████▎    | 3050/5794 [00:45<00:38, 71.78it/s]
 53%|█████▎    | 3058/5794 [00:45<00:38, 71.94it/s]
 53%|█████▎    | 3066/5794 [00:45<00:38, 71.68it/s]
 53%|█████▎    | 3074/5794 [00:45<00:37, 71.82it/s]
 53%|█████▎    | 3082/5794 [00:45<00:37, 71.60it/s]
 53%|█████▎    | 3090/5794 [00:45<00:37, 71.73it/s]
 53%|█████▎    | 3098/5794 [00:45<00:37, 71.63it/s]
 54%|█████▎    | 3106/5794 [00:45<00:37, 71.77it/s]
 54%|█████▎    | 3114/5794 [00:46<00:37, 71.70it/s]
 54%|█████▍    | 3122/5794 [00:46<00:37, 71.69it/s]
 54%|█████▍    | 3130/5794 [00:46<00:37, 70.76it/s]
 54%|█████▍    | 3138/5794 [00:46<00:37, 71.03it/s]
 54%|█████▍    | 3146/5794 [00:46<00:37, 71.27it/s]
 54%|█████▍    | 3154/5794 [00:46<00:37, 71.22it/s]
 55%|█████▍    | 3162/5794 [00:46<00:36, 71.77it/s]
 55%|█████▍    | 3170/5794 [00:46<00:36, 71.53it/s]
 55%|█████▍    | 3178/5794 [00:46<00:36, 72.07it/s]
 55%|█████▍    | 3186/5794 [00:47<00:36, 72.23it/s]
 55%|█████▌    | 3194/5794 [00:47<00:35, 72.62it/s]
 55%|█████▌    | 3202/5794 [00:47<00:36, 71.82it/s]
 55%|█████▌    | 3210/5794 [00:47<00:37, 68.87it/s]
 56%|█████▌    | 3217/5794 [00:47<00:38, 66.73it/s]
 56%|█████▌    | 3224/5794 [00:47<00:38, 65.95it/s]
 56%|█████▌    | 3231/5794 [00:47<00:39, 65.10it/s]
 56%|█████▌    | 3238/5794 [00:47<00:39, 64.61it/s]
 56%|█████▌    | 3245/5794 [00:48<00:39, 64.20it/s]
 56%|█████▌    | 3252/5794 [00:48<00:39, 63.98it/s]
 56%|█████▌    | 3259/5794 [00:48<00:39, 63.87it/s]
 56%|█████▋    | 3266/5794 [00:48<00:39, 63.81it/s]
 56%|█████▋    | 3273/5794 [00:48<00:39, 63.57it/s]
 57%|█████▋    | 3280/5794 [00:48<00:39, 63.77it/s]
 57%|█████▋    | 3287/5794 [00:48<00:39, 63.54it/s]
 57%|█████▋    | 3294/5794 [00:48<00:39, 63.62it/s]
 57%|█████▋    | 3301/5794 [00:48<00:39, 63.50it/s]
 57%|█████▋    | 3308/5794 [00:49<00:39, 63.56it/s]
 57%|█████▋    | 3315/5794 [00:49<00:39, 63.52it/s]
 57%|█████▋    | 3322/5794 [00:49<00:39, 63.29it/s]
 57%|█████▋    | 3329/5794 [00:49<00:38, 63.40it/s]
 58%|█████▊    | 3336/5794 [00:49<00:38, 63.47it/s]
 58%|█████▊    | 3343/5794 [00:49<00:38, 63.47it/s]
 58%|█████▊    | 3350/5794 [00:49<00:38, 63.55it/s]
 58%|█████▊    | 3357/5794 [00:49<00:38, 63.43it/s]
 58%|█████▊    | 3364/5794 [00:49<00:38, 63.55it/s]
 58%|█████▊    | 3371/5794 [00:49<00:38, 63.44it/s]
 58%|█████▊    | 3378/5794 [00:50<00:38, 63.46it/s]
 58%|█████▊    | 3385/5794 [00:50<00:37, 63.45it/s]
 59%|█████▊    | 3392/5794 [00:50<00:37, 63.42it/s]
 59%|█████▊    | 3399/5794 [00:50<00:37, 63.50it/s]
 59%|█████▉    | 3406/5794 [00:50<00:37, 63.33it/s]
 59%|█████▉    | 3413/5794 [00:50<00:37, 63.44it/s]
 59%|█████▉    | 3420/5794 [00:50<00:37, 63.73it/s]
 59%|█████▉    | 3427/5794 [00:50<00:37, 63.47it/s]
 59%|█████▉    | 3434/5794 [00:50<00:37, 63.53it/s]
 59%|█████▉    | 3441/5794 [00:51<00:37, 63.27it/s]
 60%|█████▉    | 3448/5794 [00:51<00:36, 64.25it/s]
 60%|█████▉    | 3456/5794 [00:51<00:34, 66.80it/s]
 60%|█████▉    | 3464/5794 [00:51<00:33, 68.98it/s]
 60%|█████▉    | 3472/5794 [00:51<00:33, 70.21it/s]
 60%|██████    | 3480/5794 [00:51<00:32, 71.08it/s]
 60%|██████    | 3488/5794 [00:51<00:32, 71.82it/s]
 60%|██████    | 3496/5794 [00:51<00:32, 71.16it/s]
 60%|██████    | 3504/5794 [00:51<00:31, 71.79it/s]
 61%|██████    | 3512/5794 [00:52<00:31, 72.04it/s]
 61%|██████    | 3520/5794 [00:52<00:31, 72.43it/s]
 61%|██████    | 3528/5794 [00:52<00:31, 72.73it/s]
 61%|██████    | 3536/5794 [00:52<00:30, 72.85it/s]
 61%|██████    | 3544/5794 [00:52<00:30, 72.97it/s]
 61%|██████▏   | 3552/5794 [00:52<00:30, 73.07it/s]
 61%|██████▏   | 3560/5794 [00:52<00:30, 73.12it/s]
 62%|██████▏   | 3568/5794 [00:52<00:30, 73.33it/s]
 62%|██████▏   | 3576/5794 [00:52<00:30, 73.28it/s]
 62%|██████▏   | 3584/5794 [00:53<00:30, 73.44it/s]
 62%|██████▏   | 3592/5794 [00:53<00:29, 73.42it/s]
 62%|██████▏   | 3600/5794 [00:53<00:29, 73.44it/s]
 62%|██████▏   | 3608/5794 [00:53<00:29, 73.31it/s]
 62%|██████▏   | 3616/5794 [00:53<00:29, 73.49it/s]
 63%|██████▎   | 3624/5794 [00:53<00:29, 73.54it/s]
 63%|██████▎   | 3632/5794 [00:53<00:29, 73.49it/s]
 63%|██████▎   | 3640/5794 [00:53<00:29, 73.61it/s]
 63%|██████▎   | 3648/5794 [00:53<00:29, 73.62it/s]
 63%|██████▎   | 3656/5794 [00:54<00:29, 73.58it/s]
 63%|██████▎   | 3664/5794 [00:54<00:29, 73.38it/s]
 63%|██████▎   | 3672/5794 [00:54<00:28, 73.51it/s]
 64%|██████▎   | 3680/5794 [00:54<00:28, 73.50it/s]
 64%|██████▎   | 3688/5794 [00:54<00:28, 73.50it/s]
 64%|██████▍   | 3696/5794 [00:54<00:28, 73.18it/s]
 64%|██████▍   | 3704/5794 [00:54<00:28, 73.19it/s]
 64%|██████▍   | 3712/5794 [00:54<00:28, 73.19it/s]
 64%|██████▍   | 3720/5794 [00:54<00:28, 73.24it/s]
 64%|██████▍   | 3728/5794 [00:55<00:28, 73.12it/s]
 64%|██████▍   | 3736/5794 [00:55<00:28, 73.31it/s]
 65%|██████▍   | 3744/5794 [00:55<00:27, 73.22it/s]
 65%|██████▍   | 3752/5794 [00:55<00:27, 73.14it/s]
 65%|██████▍   | 3760/5794 [00:55<00:27, 73.12it/s]
 65%|██████▌   | 3768/5794 [00:55<00:27, 72.96it/s]
 65%|██████▌   | 3776/5794 [00:55<00:27, 73.14it/s]
 65%|██████▌   | 3784/5794 [00:55<00:27, 72.76it/s]
 65%|██████▌   | 3792/5794 [00:55<00:27, 73.13it/s]
 66%|██████▌   | 3800/5794 [00:56<00:27, 71.92it/s]
 66%|██████▌   | 3808/5794 [00:56<00:28, 69.36it/s]
 66%|██████▌   | 3815/5794 [00:56<00:29, 67.46it/s]
 66%|██████▌   | 3822/5794 [00:56<00:29, 66.50it/s]
 66%|██████▌   | 3829/5794 [00:56<00:30, 65.41it/s]
 66%|██████▌   | 3836/5794 [00:56<00:30, 64.99it/s]
 66%|██████▋   | 3843/5794 [00:56<00:30, 64.39it/s]
 66%|██████▋   | 3850/5794 [00:56<00:30, 64.18it/s]
 67%|██████▋   | 3857/5794 [00:56<00:30, 64.07it/s]
 67%|██████▋   | 3864/5794 [00:57<00:30, 63.90it/s]
 67%|██████▋   | 3871/5794 [00:57<00:30, 63.84it/s]
 67%|██████▋   | 3878/5794 [00:57<00:29, 63.98it/s]
 67%|██████▋   | 3885/5794 [00:57<00:29, 63.77it/s]
 67%|██████▋   | 3892/5794 [00:57<00:29, 63.99it/s]
 67%|██████▋   | 3899/5794 [00:57<00:29, 63.71it/s]
 67%|██████▋   | 3906/5794 [00:57<00:29, 63.92it/s]
 68%|██████▊   | 3913/5794 [00:57<00:29, 63.79it/s]
 68%|██████▊   | 3920/5794 [00:57<00:29, 63.91it/s]
 68%|██████▊   | 3927/5794 [00:58<00:29, 63.72it/s]
 68%|██████▊   | 3934/5794 [00:58<00:29, 63.77it/s]
 68%|██████▊   | 3941/5794 [00:58<00:29, 63.72it/s]
 68%|██████▊   | 3948/5794 [00:58<00:28, 63.81it/s]
 68%|██████▊   | 3955/5794 [00:58<00:28, 63.79it/s]
 68%|██████▊   | 3962/5794 [00:58<00:28, 63.98it/s]
 69%|██████▊   | 3969/5794 [00:58<00:28, 63.68it/s]
 69%|██████▊   | 3976/5794 [00:58<00:28, 63.75it/s]
 69%|██████▊   | 3983/5794 [00:58<00:28, 63.54it/s]
 69%|██████▉   | 3990/5794 [00:59<00:28, 63.86it/s]
 69%|██████▉   | 3997/5794 [00:59<00:27, 64.99it/s]
 69%|██████▉   | 4004/5794 [00:59<00:26, 66.41it/s]
 69%|██████▉   | 4012/5794 [00:59<00:26, 68.03it/s]
 69%|██████▉   | 4020/5794 [00:59<00:25, 68.78it/s]
 70%|██████▉   | 4028/5794 [00:59<00:25, 69.66it/s]
 70%|██████▉   | 4036/5794 [00:59<00:25, 70.17it/s]
 70%|██████▉   | 4044/5794 [00:59<00:24, 70.76it/s]
 70%|██████▉   | 4052/5794 [00:59<00:24, 70.98it/s]
 70%|███████   | 4060/5794 [00:59<00:24, 71.15it/s]
 70%|███████   | 4068/5794 [01:00<00:24, 71.31it/s]
 70%|███████   | 4076/5794 [01:00<00:24, 71.37it/s]
 70%|███████   | 4084/5794 [01:00<00:23, 71.46it/s]
 71%|███████   | 4092/5794 [01:00<00:23, 71.27it/s]
 71%|███████   | 4100/5794 [01:00<00:23, 71.45it/s]
 71%|███████   | 4108/5794 [01:00<00:23, 71.31it/s]
 71%|███████   | 4116/5794 [01:00<00:23, 71.44it/s]
 71%|███████   | 4124/5794 [01:00<00:23, 71.20it/s]
 71%|███████▏  | 4132/5794 [01:00<00:23, 71.29it/s]
 71%|███████▏  | 4140/5794 [01:01<00:23, 71.06it/s]
 72%|███████▏  | 4148/5794 [01:01<00:23, 71.33it/s]
 72%|███████▏  | 4156/5794 [01:01<00:23, 71.17it/s]
 72%|███████▏  | 4164/5794 [01:01<00:22, 71.31it/s]
 72%|███████▏  | 4172/5794 [01:01<00:22, 71.09it/s]
 72%|███████▏  | 4180/5794 [01:01<00:22, 71.06it/s]
 72%|███████▏  | 4188/5794 [01:01<00:22, 70.74it/s]
 72%|███████▏  | 4196/5794 [01:01<00:22, 71.22it/s]
 73%|███████▎  | 4204/5794 [01:02<00:22, 71.35it/s]
 73%|███████▎  | 4212/5794 [01:02<00:22, 71.68it/s]
 73%|███████▎  | 4220/5794 [01:02<00:22, 70.97it/s]
 73%|███████▎  | 4228/5794 [01:02<00:22, 68.73it/s]
 73%|███████▎  | 4235/5794 [01:02<00:23, 67.28it/s]
 73%|███████▎  | 4242/5794 [01:02<00:23, 66.17it/s]
 73%|███████▎  | 4249/5794 [01:02<00:23, 65.02it/s]
 73%|███████▎  | 4256/5794 [01:02<00:23, 64.59it/s]
 74%|███████▎  | 4263/5794 [01:02<00:23, 64.00it/s]
 74%|███████▎  | 4270/5794 [01:03<00:23, 63.98it/s]
 74%|███████▍  | 4277/5794 [01:03<00:23, 63.44it/s]
 74%|███████▍  | 4284/5794 [01:03<00:23, 63.64it/s]
 74%|███████▍  | 4291/5794 [01:03<00:23, 63.80it/s]
 74%|███████▍  | 4298/5794 [01:03<00:23, 63.84it/s]
 74%|███████▍  | 4305/5794 [01:03<00:23, 63.69it/s]
 74%|███████▍  | 4312/5794 [01:03<00:23, 63.79it/s]
 75%|███████▍  | 4319/5794 [01:03<00:23, 63.73it/s]
 75%|███████▍  | 4326/5794 [01:03<00:23, 63.55it/s]
 75%|███████▍  | 4333/5794 [01:04<00:22, 63.71it/s]
 75%|███████▍  | 4340/5794 [01:04<00:22, 63.64it/s]
 75%|███████▌  | 4347/5794 [01:04<00:22, 63.57it/s]
 75%|███████▌  | 4354/5794 [01:04<00:22, 63.68it/s]
 75%|███████▌  | 4361/5794 [01:04<00:22, 63.40it/s]
 75%|███████▌  | 4368/5794 [01:04<00:22, 63.67it/s]
 76%|███████▌  | 4375/5794 [01:04<00:22, 63.25it/s]
 76%|███████▌  | 4382/5794 [01:04<00:22, 63.64it/s]
 76%|███████▌  | 4389/5794 [01:04<00:22, 63.23it/s]
 76%|███████▌  | 4396/5794 [01:05<00:21, 63.56it/s]
 76%|███████▌  | 4403/5794 [01:05<00:21, 63.46it/s]
 76%|███████▌  | 4410/5794 [01:05<00:21, 63.65it/s]
 76%|███████▌  | 4417/5794 [01:05<00:21, 63.42it/s]
 76%|███████▋  | 4424/5794 [01:05<00:21, 63.60it/s]
 76%|███████▋  | 4431/5794 [01:05<00:21, 63.65it/s]
 77%|███████▋  | 4438/5794 [01:05<00:21, 63.85it/s]
 77%|███████▋  | 4445/5794 [01:05<00:21, 63.56it/s]
 77%|███████▋  | 4452/5794 [01:05<00:21, 63.74it/s]
 77%|███████▋  | 4459/5794 [01:06<00:21, 63.18it/s]
 77%|███████▋  | 4466/5794 [01:06<00:21, 63.20it/s]
 77%|███████▋  | 4473/5794 [01:06<00:21, 62.24it/s]
 77%|███████▋  | 4480/5794 [01:06<00:20, 62.58it/s]
 77%|███████▋  | 4487/5794 [01:06<00:20, 62.68it/s]
 78%|███████▊  | 4494/5794 [01:06<00:20, 63.96it/s]
 78%|███████▊  | 4501/5794 [01:06<00:20, 63.62it/s]
 78%|███████▊  | 4508/5794 [01:06<00:20, 63.74it/s]
 78%|███████▊  | 4515/5794 [01:06<00:20, 63.55it/s]
 78%|███████▊  | 4522/5794 [01:06<00:20, 63.34it/s]
 78%|███████▊  | 4529/5794 [01:07<00:20, 62.47it/s]
 78%|███████▊  | 4536/5794 [01:07<00:20, 62.84it/s]
 78%|███████▊  | 4543/5794 [01:07<00:19, 62.84it/s]
 79%|███████▊  | 4550/5794 [01:07<00:19, 63.13it/s]
 79%|███████▊  | 4557/5794 [01:07<00:19, 63.18it/s]
 79%|███████▉  | 4564/5794 [01:07<00:19, 63.33it/s]
 79%|███████▉  | 4571/5794 [01:07<00:19, 63.43it/s]
 79%|███████▉  | 4578/5794 [01:07<00:19, 63.52it/s]
 79%|███████▉  | 4585/5794 [01:07<00:19, 63.62it/s]
 79%|███████▉  | 4592/5794 [01:08<00:18, 63.79it/s]
 79%|███████▉  | 4599/5794 [01:08<00:18, 63.67it/s]
 79%|███████▉  | 4606/5794 [01:08<00:18, 63.88it/s]
 80%|███████▉  | 4613/5794 [01:08<00:18, 64.77it/s]
 80%|███████▉  | 4620/5794 [01:08<00:18, 64.52it/s]
 80%|███████▉  | 4627/5794 [01:08<00:18, 64.05it/s]
 80%|███████▉  | 4634/5794 [01:08<00:18, 63.34it/s]
 80%|████████  | 4641/5794 [01:08<00:18, 63.44it/s]
 80%|████████  | 4648/5794 [01:08<00:18, 63.30it/s]
 80%|████████  | 4655/5794 [01:09<00:17, 63.28it/s]
 80%|████████  | 4662/5794 [01:09<00:17, 63.28it/s]
 81%|████████  | 4669/5794 [01:09<00:17, 63.42it/s]
 81%|████████  | 4676/5794 [01:09<00:17, 63.62it/s]
 81%|████████  | 4683/5794 [01:09<00:17, 63.23it/s]
 81%|████████  | 4690/5794 [01:09<00:17, 63.52it/s]
 81%|████████  | 4697/5794 [01:09<00:17, 63.23it/s]
 81%|████████  | 4704/5794 [01:09<00:17, 63.51it/s]
 81%|████████▏ | 4711/5794 [01:09<00:17, 63.44it/s]
 81%|████████▏ | 4718/5794 [01:10<00:16, 63.55it/s]
 82%|████████▏ | 4725/5794 [01:10<00:16, 63.27it/s]
 82%|████████▏ | 4732/5794 [01:10<00:16, 63.30it/s]
 82%|████████▏ | 4739/5794 [01:10<00:16, 63.48it/s]
 82%|████████▏ | 4746/5794 [01:10<00:16, 63.65it/s]
 82%|████████▏ | 4753/5794 [01:10<00:16, 63.60it/s]
 82%|████████▏ | 4760/5794 [01:10<00:16, 63.70it/s]
 82%|████████▏ | 4767/5794 [01:10<00:16, 63.62it/s]
 82%|████████▏ | 4774/5794 [01:10<00:16, 63.73it/s]
 83%|████████▎ | 4781/5794 [01:11<00:15, 63.34it/s]
 83%|████████▎ | 4788/5794 [01:11<00:15, 63.60it/s]
 83%|████████▎ | 4795/5794 [01:11<00:15, 63.18it/s]
 83%|████████▎ | 4802/5794 [01:11<00:15, 63.31it/s]
 83%|████████▎ | 4809/5794 [01:11<00:15, 63.46it/s]
 83%|████████▎ | 4816/5794 [01:11<00:15, 63.42it/s]
 83%|████████▎ | 4823/5794 [01:11<00:15, 63.58it/s]
 83%|████████▎ | 4830/5794 [01:11<00:15, 63.69it/s]
 83%|████████▎ | 4837/5794 [01:11<00:15, 63.52it/s]
 84%|████████▎ | 4844/5794 [01:12<00:14, 63.53it/s]
 84%|████████▎ | 4851/5794 [01:12<00:14, 63.40it/s]
 84%|████████▍ | 4858/5794 [01:12<00:14, 63.49it/s]
 84%|████████▍ | 4865/5794 [01:12<00:14, 63.67it/s]
 84%|████████▍ | 4872/5794 [01:12<00:14, 63.67it/s]
 84%|████████▍ | 4879/5794 [01:12<00:14, 63.39it/s]
 84%|████████▍ | 4886/5794 [01:12<00:14, 63.41it/s]
 84%|████████▍ | 4893/5794 [01:12<00:14, 63.44it/s]
 85%|████████▍ | 4900/5794 [01:12<00:14, 63.41it/s]
 85%|████████▍ | 4907/5794 [01:13<00:13, 63.70it/s]
 85%|████████▍ | 4914/5794 [01:13<00:13, 63.23it/s]
 85%|████████▍ | 4921/5794 [01:13<00:13, 63.41it/s]
 85%|████████▌ | 4928/5794 [01:13<00:13, 64.88it/s]
 85%|████████▌ | 4936/5794 [01:13<00:12, 67.46it/s]
 85%|████████▌ | 4944/5794 [01:13<00:12, 69.24it/s]
 85%|████████▌ | 4952/5794 [01:13<00:11, 70.51it/s]
 86%|████████▌ | 4960/5794 [01:13<00:11, 71.34it/s]
 86%|████████▌ | 4968/5794 [01:13<00:11, 72.07it/s]
 86%|████████▌ | 4976/5794 [01:14<00:11, 72.20it/s]
 86%|████████▌ | 4984/5794 [01:14<00:11, 72.71it/s]
 86%|████████▌ | 4992/5794 [01:14<00:11, 72.72it/s]
 86%|████████▋ | 5000/5794 [01:14<00:10, 72.98it/s]
 86%|████████▋ | 5008/5794 [01:14<00:10, 72.95it/s]
 87%|████████▋ | 5016/5794 [01:14<00:10, 73.31it/s]
 87%|████████▋ | 5024/5794 [01:14<00:10, 72.55it/s]
 87%|████████▋ | 5032/5794 [01:14<00:10, 70.97it/s]
 87%|████████▋ | 5040/5794 [01:14<00:11, 68.32it/s]
 87%|████████▋ | 5047/5794 [01:15<00:11, 66.96it/s]
 87%|████████▋ | 5054/5794 [01:15<00:11, 65.62it/s]
 87%|████████▋ | 5061/5794 [01:15<00:11, 65.01it/s]
 87%|████████▋ | 5068/5794 [01:15<00:11, 64.47it/s]
 88%|████████▊ | 5075/5794 [01:15<00:11, 63.89it/s]
 88%|████████▊ | 5082/5794 [01:15<00:11, 62.71it/s]
 88%|████████▊ | 5089/5794 [01:15<00:11, 62.91it/s]
 88%|████████▊ | 5096/5794 [01:15<00:11, 62.91it/s]
 88%|████████▊ | 5103/5794 [01:15<00:10, 63.13it/s]
 88%|████████▊ | 5110/5794 [01:16<00:10, 62.79it/s]
 88%|████████▊ | 5117/5794 [01:16<00:10, 63.19it/s]
 88%|████████▊ | 5124/5794 [01:16<00:10, 63.13it/s]
 89%|████████▊ | 5131/5794 [01:16<00:10, 63.39it/s]
 89%|████████▊ | 5138/5794 [01:16<00:10, 63.17it/s]
 89%|████████▉ | 5145/5794 [01:16<00:10, 63.50it/s]
 89%|████████▉ | 5152/5794 [01:16<00:10, 63.43it/s]
 89%|████████▉ | 5159/5794 [01:16<00:10, 63.43it/s]
 89%|████████▉ | 5166/5794 [01:16<00:09, 63.39it/s]
 89%|████████▉ | 5173/5794 [01:17<00:09, 62.86it/s]
 89%|████████▉ | 5180/5794 [01:17<00:09, 63.00it/s]
 90%|████████▉ | 5187/5794 [01:17<00:09, 62.86it/s]
 90%|████████▉ | 5194/5794 [01:17<00:09, 62.75it/s]
 90%|████████▉ | 5201/5794 [01:17<00:09, 63.01it/s]
 90%|████████▉ | 5208/5794 [01:17<00:09, 62.93it/s]
 90%|█████████ | 5215/5794 [01:17<00:09, 63.08it/s]
 90%|█████████ | 5222/5794 [01:17<00:09, 62.94it/s]
 90%|█████████ | 5229/5794 [01:17<00:08, 62.98it/s]
 90%|█████████ | 5236/5794 [01:18<00:08, 63.17it/s]
 90%|█████████ | 5243/5794 [01:18<00:08, 63.22it/s]
 91%|█████████ | 5250/5794 [01:18<00:08, 62.94it/s]
 91%|█████████ | 5257/5794 [01:18<00:08, 63.16it/s]
 91%|█████████ | 5264/5794 [01:18<00:08, 63.11it/s]
 91%|█████████ | 5271/5794 [01:18<00:08, 63.39it/s]
 91%|█████████ | 5278/5794 [01:18<00:08, 63.11it/s]
 91%|█████████ | 5285/5794 [01:18<00:08, 63.42it/s]
 91%|█████████▏| 5292/5794 [01:18<00:07, 63.26it/s]
 91%|█████████▏| 5299/5794 [01:19<00:07, 63.55it/s]
 92%|█████████▏| 5306/5794 [01:19<00:07, 63.44it/s]
 92%|█████████▏| 5313/5794 [01:19<00:07, 63.44it/s]
 92%|█████████▏| 5320/5794 [01:19<00:07, 63.48it/s]
 92%|█████████▏| 5327/5794 [01:19<00:07, 63.50it/s]
 92%|█████████▏| 5334/5794 [01:19<00:07, 63.45it/s]
 92%|█████████▏| 5341/5794 [01:19<00:07, 63.74it/s]
 92%|█████████▏| 5348/5794 [01:19<00:07, 63.46it/s]
 92%|█████████▏| 5355/5794 [01:19<00:06, 63.51it/s]
 93%|█████████▎| 5362/5794 [01:20<00:06, 63.44it/s]
 93%|█████████▎| 5369/5794 [01:20<00:06, 63.88it/s]
 93%|█████████▎| 5376/5794 [01:20<00:06, 63.55it/s]
 93%|█████████▎| 5384/5794 [01:20<00:06, 65.92it/s]
 93%|█████████▎| 5392/5794 [01:20<00:05, 67.81it/s]
 93%|█████████▎| 5400/5794 [01:20<00:05, 69.42it/s]
 93%|█████████▎| 5408/5794 [01:20<00:05, 70.58it/s]
 93%|█████████▎| 5416/5794 [01:20<00:05, 71.01it/s]
 94%|█████████▎| 5424/5794 [01:20<00:05, 68.79it/s]
 94%|█████████▎| 5431/5794 [01:21<00:05, 67.18it/s]
 94%|█████████▍| 5438/5794 [01:21<00:05, 66.39it/s]
 94%|█████████▍| 5445/5794 [01:21<00:05, 64.59it/s]
 94%|█████████▍| 5452/5794 [01:21<00:05, 64.60it/s]
 94%|█████████▍| 5459/5794 [01:21<00:05, 64.58it/s]
 94%|█████████▍| 5466/5794 [01:21<00:05, 64.38it/s]
 94%|█████████▍| 5473/5794 [01:21<00:04, 64.47it/s]
 95%|█████████▍| 5480/5794 [01:21<00:04, 64.31it/s]
 95%|█████████▍| 5487/5794 [01:21<00:04, 64.00it/s]
 95%|█████████▍| 5494/5794 [01:22<00:04, 64.10it/s]
 95%|█████████▍| 5501/5794 [01:22<00:04, 64.18it/s]
 95%|█████████▌| 5508/5794 [01:22<00:04, 63.78it/s]
 95%|█████████▌| 5515/5794 [01:22<00:04, 63.35it/s]
 95%|█████████▌| 5522/5794 [01:22<00:04, 63.53it/s]
 95%|█████████▌| 5529/5794 [01:22<00:04, 63.65it/s]
 96%|█████████▌| 5536/5794 [01:22<00:04, 63.74it/s]
 96%|█████████▌| 5543/5794 [01:22<00:03, 63.74it/s]
 96%|█████████▌| 5550/5794 [01:22<00:03, 63.60it/s]
 96%|█████████▌| 5557/5794 [01:23<00:03, 63.91it/s]
 96%|█████████▌| 5564/5794 [01:23<00:03, 63.70it/s]
 96%|█████████▌| 5571/5794 [01:23<00:03, 63.94it/s]
 96%|█████████▋| 5578/5794 [01:23<00:03, 63.88it/s]
 96%|█████████▋| 5585/5794 [01:23<00:03, 63.99it/s]
 97%|█████████▋| 5592/5794 [01:23<00:03, 64.31it/s]
 97%|█████████▋| 5600/5794 [01:23<00:02, 67.14it/s]
 97%|█████████▋| 5608/5794 [01:23<00:02, 69.03it/s]
 97%|█████████▋| 5616/5794 [01:23<00:02, 70.42it/s]
 97%|█████████▋| 5624/5794 [01:24<00:02, 71.21it/s]
 97%|█████████▋| 5632/5794 [01:24<00:02, 71.96it/s]
 97%|█████████▋| 5640/5794 [01:24<00:02, 72.46it/s]
 97%|█████████▋| 5648/5794 [01:24<00:02, 72.83it/s]
 98%|█████████▊| 5656/5794 [01:24<00:01, 73.02it/s]
 98%|█████████▊| 5664/5794 [01:24<00:01, 73.35it/s]
 98%|█████████▊| 5672/5794 [01:24<00:01, 72.97it/s]
 98%|█████████▊| 5680/5794 [01:24<00:01, 73.13it/s]
 98%|█████████▊| 5688/5794 [01:24<00:01, 72.73it/s]
 98%|█████████▊| 5696/5794 [01:24<00:01, 72.97it/s]
 98%|█████████▊| 5704/5794 [01:25<00:01, 72.80it/s]
 99%|█████████▊| 5712/5794 [01:25<00:01, 72.89it/s]
 99%|█████████▊| 5720/5794 [01:25<00:01, 72.70it/s]
 99%|█████████▉| 5728/5794 [01:25<00:00, 73.00it/s]
 99%|█████████▉| 5736/5794 [01:25<00:00, 72.74it/s]
 99%|█████████▉| 5744/5794 [01:25<00:00, 72.80it/s]
 99%|█████████▉| 5752/5794 [01:25<00:00, 72.52it/s]
 99%|█████████▉| 5760/5794 [01:25<00:00, 72.80it/s]
100%|█████████▉| 5768/5794 [01:25<00:00, 72.64it/s]
100%|█████████▉| 5776/5794 [01:26<00:00, 72.25it/s]
100%|█████████▉| 5784/5794 [01:26<00:00, 69.26it/s]
100%|█████████▉| 5791/5794 [01:26<00:00, 67.89it/s]
100%|██████████| 5794/5794 [01:26<00:00, 67.03it/s]
BALANCED ACCS CHECKED FOR TEST
TEST SET RESULTS FOR CHECKPOINT trained_weights/waterbirds/upweight_waterbird_1.0_forest2water2_21050491_trial_000/best_balanced_valacc_0.63_epoch_0.ckpt
test_acc: 0.596479116327235
balanced_test_acc: 0.6201889535887712
Land_on_Land_test_acc: 0.9800443458980045
Land_on_Water_test_acc: 0.17516629711751663
Water_on_Land_test_acc: 0.3582554517133956
Water_on_Water_test_acc: 0.9672897196261683
test_acc_Waterbird: 0.6627725856697819
test_acc_Landbird: 0.5776053215077606
