[CMD] /home/ryreu/miniconda3/envs/gals_a100/bin/python -u main.py --config configs/waterbirds_100_gradcam_vit.yaml --name gradcam_waterbird_1.0_forest2water2_21047520_trial_000 DATA.ROOT=/home/ryreu/guided_cnn/waterbirds DATA.WATERBIRDS_DIR=waterbird_1.0_forest2water2 SEED=0 EXP.BASE.LR=0.0010000000000000002 EXP.CLASSIFIER.LR=9.999999999999991e-05 EXP.WEIGHT_DECAY=9.999999999999997e-06 EXP.AUX_LOSSES_ON_VAL=False EXP.LOSSES.GRADCAM.WEIGHT=1.0 EXP.NUM_EPOCHS=1
SEED: 0
DATA:
  BATCH_SIZE: 96
  NUM_WORKERS: 4
  SIZE: 224
  NORMALIZATION: imagenet
  ATTENTION_DIR: clip_vit_attention
  SEPARATE_CLASSES: false
  REMOVE_BACKGROUND: false
  ROOT: /home/ryreu/guided_cnn/waterbirds
  USE_CLASS_WEIGHTS: false
  USE_GROUP_WEIGHTS: false
  DATASET: waterbirds
  NUM_CLASSES: 2
  CONFOUNDING_FACTOR: 1.0
  WATERBIRDS_DIR: waterbird_1.0_forest2water2
EXP:
  NUM_TRIALS: 1
  LOSSES:
    CLASSIFICATION:
      WEIGHT: 1
    GRADIENT_OUTSIDE:
      COMPUTE: false
      LOG: false
      WEIGHT: 10000
      CRITERION: L1
      GT: clip_vit
      COMBINE_ATT_MODE: average_nonzero
    GRADIENT_INSIDE:
      COMPUTE: false
      LOG: false
      WEIGHT: 1
      CRITERION: L1
      GT: segmentation
      COMBINE_ATT_MODE: average_nonzero
    GRADCAM:
      COMPUTE: true
      LOG: false
      WEIGHT: 1.0
      CRITERION: L1
      GT: clip_vit
      MODE: match
      COMBINE_ATT_MODE: average_nonzero
  APPROACH: generic
  MODEL: resnet50
  PRETRAINED: true
  NUM_EPOCHS: 1
  OPTIMIZER: SGD
  WEIGHT_DECAY: 9.999999999999997e-06
  MOMENTUM: 0.9
  SCHEDULER: NONE
  BASE:
    LR: 0.0010000000000000002
  CLASSIFIER:
    LR: 9.999999999999991e-05
  AUX_LOSSES_ON_VAL: false
LOGGING:
  SAVE_EVERY: 0
  SAVE_BEST: true
  SAVE_LAST: false
  LOG_ATTENTION: false
  LOG_ATTENTION_STEP: 10
  SAVE_STATS_PATH: null
yaml: configs/waterbirds_100_gradcam_vit.yaml
name: gradcam_waterbird_1.0_forest2water2_21047520_trial_000
test_checkpoint: null

WATERBIRDS DIR: /home/ryreu/guided_cnn/waterbirds/waterbird_1.0_forest2water2
NUMBER OF SAMPLES WITH LABEL Landbird: 3684
NUMBER OF SAMPLES WITH LABEL Waterbird: 1111
NUMBER OF SAMPLES WITH GROUP Land_on_Land: 3684
NUMBER OF SAMPLES WITH GROUP Land_on_Water: 0
NUMBER OF SAMPLES WITH GROUP Water_on_Land: 0
NUMBER OF SAMPLES WITH GROUP Water_on_Water: 1111
WATERBIRDS DIR: /home/ryreu/guided_cnn/waterbirds/waterbird_1.0_forest2water2
NUMBER OF SAMPLES WITH LABEL Landbird: 931
NUMBER OF SAMPLES WITH LABEL Waterbird: 268
NUMBER OF SAMPLES WITH GROUP Land_on_Land: 465
NUMBER OF SAMPLES WITH GROUP Land_on_Water: 466
NUMBER OF SAMPLES WITH GROUP Water_on_Land: 134
NUMBER OF SAMPLES WITH GROUP Water_on_Water: 134
NUM TRAIN: 4795

NUM VAL:   1199

Number classifier outputs: 1
Using pretrained model: True
USING SGD OPTIMIZER
class weights: None
group weights: None
WANDB DISABLED: skipping wandb.init()
EPOCH: 0

>>> TRAINING 


  0%|          | 0/50 [00:00<?, ?it/s]
  2%|▏         | 1/50 [00:03<02:53,  3.54s/it]
  4%|▍         | 2/50 [00:03<01:16,  1.59s/it]
  6%|▌         | 3/50 [00:03<00:44,  1.04it/s]
  8%|▊         | 4/50 [00:04<00:30,  1.51it/s]
 10%|█         | 5/50 [00:04<00:22,  1.98it/s]
 12%|█▏        | 6/50 [00:04<00:17,  2.47it/s]
 14%|█▍        | 7/50 [00:04<00:14,  2.94it/s]
 16%|█▌        | 8/50 [00:05<00:12,  3.34it/s]
 18%|█▊        | 9/50 [00:05<00:11,  3.72it/s]
 20%|██        | 10/50 [00:05<00:10,  3.97it/s]
 22%|██▏       | 11/50 [00:05<00:09,  4.17it/s]
 24%|██▍       | 12/50 [00:05<00:08,  4.34it/s]
 26%|██▌       | 13/50 [00:06<00:08,  4.45it/s]
 28%|██▊       | 14/50 [00:06<00:07,  4.52it/s]
 30%|███       | 15/50 [00:06<00:07,  4.60it/s]
 32%|███▏      | 16/50 [00:06<00:07,  4.63it/s]
 34%|███▍      | 17/50 [00:06<00:07,  4.67it/s]
 36%|███▌      | 18/50 [00:07<00:06,  4.66it/s]
 38%|███▊      | 19/50 [00:07<00:06,  4.69it/s]
 40%|████      | 20/50 [00:07<00:06,  4.72it/s]
 42%|████▏     | 21/50 [00:07<00:06,  4.70it/s]
 44%|████▍     | 22/50 [00:07<00:05,  4.70it/s]
 46%|████▌     | 23/50 [00:08<00:05,  4.71it/s]
 48%|████▊     | 24/50 [00:08<00:05,  4.75it/s]
 50%|█████     | 25/50 [00:08<00:05,  4.73it/s]
 52%|█████▏    | 26/50 [00:08<00:05,  4.70it/s]
 54%|█████▍    | 27/50 [00:09<00:04,  4.71it/s]
 56%|█████▌    | 28/50 [00:09<00:04,  4.76it/s]
 58%|█████▊    | 29/50 [00:09<00:04,  4.75it/s]
 60%|██████    | 30/50 [00:09<00:04,  4.72it/s]
 62%|██████▏   | 31/50 [00:09<00:04,  4.73it/s]
 64%|██████▍   | 32/50 [00:10<00:03,  4.73it/s]
 66%|██████▌   | 33/50 [00:10<00:03,  4.72it/s]
 68%|██████▊   | 34/50 [00:10<00:03,  4.63it/s]
 70%|███████   | 35/50 [00:10<00:03,  4.66it/s]
 72%|███████▏  | 36/50 [00:10<00:02,  4.70it/s]
 74%|███████▍  | 37/50 [00:11<00:02,  4.71it/s]
 76%|███████▌  | 38/50 [00:11<00:02,  4.69it/s]
 78%|███████▊  | 39/50 [00:11<00:02,  4.70it/s]
 80%|████████  | 40/50 [00:11<00:02,  4.71it/s]
 82%|████████▏ | 41/50 [00:12<00:01,  4.69it/s]
 84%|████████▍ | 42/50 [00:12<00:01,  4.67it/s]
 86%|████████▌ | 43/50 [00:12<00:01,  4.70it/s]
 88%|████████▊ | 44/50 [00:12<00:01,  4.71it/s]
 90%|█████████ | 45/50 [00:12<00:01,  4.73it/s]
 92%|█████████▏| 46/50 [00:13<00:00,  4.70it/s]
 94%|█████████▍| 47/50 [00:13<00:00,  4.73it/s]
 96%|█████████▌| 48/50 [00:13<00:00,  4.77it/s]
 98%|█████████▊| 49/50 [00:13<00:00,  4.75it/s]
100%|██████████| 50/50 [00:13<00:00,  4.80it/s]
100%|██████████| 50/50 [00:13<00:00,  3.58it/s]
>>> VALIDATING 


  0%|          | 0/13 [00:00<?, ?it/s]
  8%|▊         | 1/13 [00:01<00:12,  1.07s/it]
 23%|██▎       | 3/13 [00:01<00:03,  3.02it/s]
 38%|███▊      | 5/13 [00:01<00:02,  3.11it/s]
 54%|█████▍    | 7/13 [00:01<00:01,  4.64it/s]
 69%|██████▉   | 9/13 [00:02<00:01,  3.98it/s]
 85%|████████▍ | 11/13 [00:02<00:00,  5.29it/s]
100%|██████████| 13/13 [00:02<00:00,  6.11it/s]
100%|██████████| 13/13 [00:03<00:00,  4.22it/s]
>>> LOGGING 

BALANCED ACCS CHECKED FOR TRAIN
BALANCED ACCS CHECKED FOR VAL
train_acc: 0.724087591240876
val_acc: 0.7231025854879066
train_cls_loss: 0.4831109949085586
val_cls_loss: 0.5058720211022292
train_total_loss: 0.6994085220400559
val_total_loss: 0.5058720211022292
balanced_train_acc: 0.6035568947774257
balanced_val_acc: 0.5732461484200907
Land_on_Land_train_acc: 0.8281758957654723
Land_on_Land_val_acc: 0.9978494623655914
Land_on_Water_train_acc: 0
Land_on_Water_val_acc: 0.6909871244635193
Water_on_Land_train_acc: 0
Water_on_Land_val_acc: 0.03731343283582089
Water_on_Water_train_acc: 0.3789378937893789
Water_on_Water_val_acc: 0.5671641791044776
train_gradcam_clip_vit_loss: 0.2162975325170473
train_acc_Landbird: 0.8281758957654723
train_acc_Waterbird: 0.3789378937893789
val_acc_Landbird: 0.8442534908700322
val_acc_Waterbird: 0.30223880597014924
TRAIN ACC:        0.724087591240876
VAL ACC:          0.7231025854879066
BALANCED VAL ACC: 0.5732461484200907
prev best list: []
Saving to trained_weights/waterbirds/gradcam_waterbird_1.0_forest2water2_21047520_trial_000/best_balanced_valacc_0.57_epoch_0.ckpt
>>> EVALUATING ON TEST SET
WATERBIRDS DIR: /home/ryreu/guided_cnn/waterbirds/waterbird_1.0_forest2water2
NUMBER OF SAMPLES WITH LABEL Landbird: 4510
NUMBER OF SAMPLES WITH LABEL Waterbird: 1284
NUMBER OF SAMPLES WITH GROUP Land_on_Land: 2255
NUMBER OF SAMPLES WITH GROUP Land_on_Water: 2255
NUMBER OF SAMPLES WITH GROUP Water_on_Land: 642
NUMBER OF SAMPLES WITH GROUP Water_on_Water: 642
NUM TEST:   5794

Loaded checkpoint trained_weights/waterbirds/gradcam_waterbird_1.0_forest2water2_21047520_trial_000/best_balanced_valacc_0.57_epoch_0.ckpt

  0%|          | 0/5794 [00:00<?, ?it/s]
  0%|          | 1/5794 [00:00<24:16,  3.98it/s]
  0%|          | 8/5794 [00:00<03:28, 27.80it/s]
  0%|          | 16/5794 [00:00<02:12, 43.52it/s]
  0%|          | 23/5794 [00:00<01:51, 51.81it/s]
  1%|          | 31/5794 [00:00<01:38, 58.29it/s]
  1%|          | 39/5794 [00:00<01:32, 62.22it/s]
  1%|          | 47/5794 [00:00<01:28, 64.87it/s]
  1%|          | 54/5794 [00:01<01:26, 66.27it/s]
  1%|          | 62/5794 [00:01<01:24, 67.53it/s]
  1%|          | 70/5794 [00:01<01:23, 68.54it/s]
  1%|▏         | 77/5794 [00:01<01:22, 68.89it/s]
  1%|▏         | 84/5794 [00:01<01:22, 69.20it/s]
  2%|▏         | 91/5794 [00:01<01:22, 69.21it/s]
  2%|▏         | 99/5794 [00:01<01:21, 69.75it/s]
  2%|▏         | 106/5794 [00:01<01:21, 69.74it/s]
  2%|▏         | 113/5794 [00:01<01:21, 69.72it/s]
  2%|▏         | 120/5794 [00:01<01:21, 69.78it/s]
  2%|▏         | 127/5794 [00:02<01:21, 69.77it/s]
  2%|▏         | 134/5794 [00:02<01:21, 69.82it/s]
  2%|▏         | 142/5794 [00:02<01:20, 69.97it/s]
  3%|▎         | 149/5794 [00:02<01:20, 69.97it/s]
  3%|▎         | 156/5794 [00:02<01:20, 69.61it/s]
  3%|▎         | 164/5794 [00:02<01:20, 69.76it/s]
  3%|▎         | 172/5794 [00:02<01:19, 70.31it/s]
  3%|▎         | 180/5794 [00:02<01:19, 70.31it/s]
  3%|▎         | 188/5794 [00:02<01:19, 70.64it/s]
  3%|▎         | 196/5794 [00:03<01:19, 70.75it/s]
  4%|▎         | 204/5794 [00:03<01:19, 70.74it/s]
  4%|▎         | 212/5794 [00:03<01:19, 70.38it/s]
  4%|▍         | 220/5794 [00:03<01:19, 70.45it/s]
  4%|▍         | 228/5794 [00:03<01:19, 70.39it/s]
  4%|▍         | 236/5794 [00:03<01:18, 70.41it/s]
  4%|▍         | 244/5794 [00:03<01:18, 70.43it/s]
  4%|▍         | 252/5794 [00:03<01:18, 70.43it/s]
  4%|▍         | 260/5794 [00:03<01:18, 70.26it/s]
  5%|▍         | 268/5794 [00:04<01:18, 70.38it/s]
  5%|▍         | 276/5794 [00:04<01:18, 70.11it/s]
  5%|▍         | 284/5794 [00:04<01:18, 70.34it/s]
  5%|▌         | 292/5794 [00:04<01:18, 70.28it/s]
  5%|▌         | 300/5794 [00:04<01:19, 69.21it/s]
  5%|▌         | 308/5794 [00:04<01:18, 69.54it/s]
  5%|▌         | 315/5794 [00:04<01:18, 69.63it/s]
  6%|▌         | 323/5794 [00:04<01:18, 69.46it/s]
  6%|▌         | 330/5794 [00:04<01:18, 69.25it/s]
  6%|▌         | 338/5794 [00:05<01:18, 69.57it/s]
  6%|▌         | 345/5794 [00:05<01:18, 69.59it/s]
  6%|▌         | 353/5794 [00:05<01:17, 69.91it/s]
  6%|▌         | 360/5794 [00:05<01:17, 69.90it/s]
  6%|▋         | 368/5794 [00:05<01:17, 70.22it/s]
  6%|▋         | 376/5794 [00:05<01:17, 70.04it/s]
  7%|▋         | 384/5794 [00:05<01:17, 70.13it/s]
  7%|▋         | 392/5794 [00:05<01:16, 70.30it/s]
  7%|▋         | 400/5794 [00:05<01:16, 70.29it/s]
  7%|▋         | 408/5794 [00:06<01:16, 70.56it/s]
  7%|▋         | 416/5794 [00:06<01:16, 70.43it/s]
  7%|▋         | 424/5794 [00:06<01:16, 70.28it/s]
  7%|▋         | 432/5794 [00:06<01:16, 70.22it/s]
  8%|▊         | 440/5794 [00:06<01:16, 70.39it/s]
  8%|▊         | 448/5794 [00:06<01:16, 70.29it/s]
  8%|▊         | 456/5794 [00:06<01:15, 70.53it/s]
  8%|▊         | 464/5794 [00:06<01:15, 70.30it/s]
  8%|▊         | 472/5794 [00:06<01:15, 70.63it/s]
  8%|▊         | 480/5794 [00:07<01:14, 70.96it/s]
  8%|▊         | 488/5794 [00:07<01:14, 70.96it/s]
  9%|▊         | 496/5794 [00:07<01:14, 71.07it/s]
  9%|▊         | 504/5794 [00:07<01:14, 71.23it/s]
  9%|▉         | 512/5794 [00:07<01:13, 71.51it/s]
  9%|▉         | 520/5794 [00:07<01:13, 71.44it/s]
  9%|▉         | 528/5794 [00:07<01:13, 71.53it/s]
  9%|▉         | 536/5794 [00:07<01:13, 71.63it/s]
  9%|▉         | 544/5794 [00:07<01:13, 71.71it/s]
 10%|▉         | 552/5794 [00:08<01:13, 71.62it/s]
 10%|▉         | 560/5794 [00:08<01:13, 71.69it/s]
 10%|▉         | 568/5794 [00:08<01:13, 71.46it/s]
 10%|▉         | 576/5794 [00:08<01:13, 71.24it/s]
 10%|█         | 584/5794 [00:08<01:13, 70.88it/s]
 10%|█         | 592/5794 [00:08<01:13, 71.13it/s]
 10%|█         | 600/5794 [00:08<01:13, 71.06it/s]
 10%|█         | 608/5794 [00:08<01:15, 68.47it/s]
 11%|█         | 615/5794 [00:08<01:17, 66.84it/s]
 11%|█         | 622/5794 [00:09<01:17, 66.99it/s]
 11%|█         | 629/5794 [00:09<01:17, 66.39it/s]
 11%|█         | 636/5794 [00:09<01:18, 65.34it/s]
 11%|█         | 643/5794 [00:09<01:19, 64.87it/s]
 11%|█         | 650/5794 [00:09<01:19, 64.37it/s]
 11%|█▏        | 657/5794 [00:09<01:20, 64.05it/s]
 11%|█▏        | 664/5794 [00:09<01:20, 63.71it/s]
 12%|█▏        | 671/5794 [00:09<01:20, 63.47it/s]
 12%|█▏        | 678/5794 [00:09<01:20, 63.36it/s]
 12%|█▏        | 685/5794 [00:10<01:20, 63.27it/s]
 12%|█▏        | 692/5794 [00:10<01:20, 63.31it/s]
 12%|█▏        | 699/5794 [00:10<01:20, 63.28it/s]
 12%|█▏        | 706/5794 [00:10<01:20, 63.18it/s]
 12%|█▏        | 713/5794 [00:10<01:20, 63.11it/s]
 12%|█▏        | 720/5794 [00:10<01:20, 62.91it/s]
 13%|█▎        | 727/5794 [00:10<01:20, 62.87it/s]
 13%|█▎        | 734/5794 [00:10<01:20, 62.73it/s]
 13%|█▎        | 741/5794 [00:10<01:20, 62.85it/s]
 13%|█▎        | 748/5794 [00:11<01:20, 62.93it/s]
 13%|█▎        | 755/5794 [00:11<01:20, 62.77it/s]
 13%|█▎        | 762/5794 [00:11<01:20, 62.70it/s]
 13%|█▎        | 769/5794 [00:11<01:20, 62.64it/s]
 13%|█▎        | 776/5794 [00:11<01:19, 62.95it/s]
 14%|█▎        | 783/5794 [00:11<01:18, 64.23it/s]
 14%|█▎        | 791/5794 [00:11<01:15, 66.30it/s]
 14%|█▍        | 799/5794 [00:11<01:13, 67.91it/s]
 14%|█▍        | 807/5794 [00:11<01:12, 68.87it/s]
 14%|█▍        | 815/5794 [00:12<01:11, 69.67it/s]
 14%|█▍        | 823/5794 [00:12<01:11, 70.01it/s]
 14%|█▍        | 831/5794 [00:12<01:10, 70.48it/s]
 14%|█▍        | 839/5794 [00:12<01:10, 70.53it/s]
 15%|█▍        | 847/5794 [00:12<01:09, 70.78it/s]
 15%|█▍        | 855/5794 [00:12<01:09, 70.69it/s]
 15%|█▍        | 863/5794 [00:12<01:09, 71.07it/s]
 15%|█▌        | 871/5794 [00:12<01:09, 71.03it/s]
 15%|█▌        | 879/5794 [00:12<01:09, 71.17it/s]
 15%|█▌        | 887/5794 [00:13<01:09, 71.07it/s]
 15%|█▌        | 895/5794 [00:13<01:08, 71.22it/s]
 16%|█▌        | 903/5794 [00:13<01:08, 71.23it/s]
 16%|█▌        | 911/5794 [00:13<01:08, 71.07it/s]
 16%|█▌        | 919/5794 [00:13<01:08, 71.00it/s]
 16%|█▌        | 927/5794 [00:13<01:08, 71.16it/s]
 16%|█▌        | 935/5794 [00:13<01:08, 70.66it/s]
 16%|█▋        | 943/5794 [00:13<01:08, 70.62it/s]
 16%|█▋        | 951/5794 [00:14<01:08, 70.60it/s]
 17%|█▋        | 959/5794 [00:14<01:08, 70.31it/s]
 17%|█▋        | 967/5794 [00:14<01:10, 68.04it/s]
 17%|█▋        | 974/5794 [00:14<01:12, 66.54it/s]
 17%|█▋        | 981/5794 [00:14<01:13, 65.63it/s]
 17%|█▋        | 988/5794 [00:14<01:14, 64.30it/s]
 17%|█▋        | 995/5794 [00:14<01:15, 63.85it/s]
 17%|█▋        | 1002/5794 [00:14<01:15, 63.53it/s]
 17%|█▋        | 1009/5794 [00:14<01:15, 63.18it/s]
 18%|█▊        | 1016/5794 [00:15<01:15, 63.16it/s]
 18%|█▊        | 1023/5794 [00:15<01:15, 62.95it/s]
 18%|█▊        | 1030/5794 [00:15<01:15, 63.10it/s]
 18%|█▊        | 1037/5794 [00:15<01:15, 63.22it/s]
 18%|█▊        | 1044/5794 [00:15<01:15, 63.18it/s]
 18%|█▊        | 1051/5794 [00:15<01:15, 63.07it/s]
 18%|█▊        | 1058/5794 [00:15<01:15, 62.79it/s]
 18%|█▊        | 1065/5794 [00:15<01:15, 62.65it/s]
 19%|█▊        | 1072/5794 [00:15<01:15, 62.69it/s]
 19%|█▊        | 1079/5794 [00:16<01:15, 62.72it/s]
 19%|█▊        | 1086/5794 [00:16<01:14, 62.87it/s]
 19%|█▉        | 1093/5794 [00:16<01:15, 62.62it/s]
 19%|█▉        | 1100/5794 [00:16<01:14, 62.59it/s]
 19%|█▉        | 1107/5794 [00:16<01:14, 62.80it/s]
 19%|█▉        | 1114/5794 [00:16<01:14, 62.72it/s]
 19%|█▉        | 1121/5794 [00:16<01:14, 62.92it/s]
 19%|█▉        | 1128/5794 [00:16<01:14, 62.83it/s]
 20%|█▉        | 1135/5794 [00:16<01:13, 62.99it/s]
 20%|█▉        | 1142/5794 [00:17<01:14, 62.86it/s]
 20%|█▉        | 1149/5794 [00:17<01:13, 62.95it/s]
 20%|█▉        | 1156/5794 [00:17<01:13, 62.91it/s]
 20%|██        | 1163/5794 [00:17<01:13, 62.83it/s]
 20%|██        | 1170/5794 [00:17<01:11, 64.40it/s]
 20%|██        | 1177/5794 [00:17<01:10, 65.36it/s]
 20%|██        | 1185/5794 [00:17<01:08, 67.05it/s]
 21%|██        | 1193/5794 [00:17<01:07, 68.22it/s]
 21%|██        | 1201/5794 [00:17<01:06, 69.25it/s]
 21%|██        | 1209/5794 [00:18<01:05, 69.74it/s]
 21%|██        | 1216/5794 [00:18<01:05, 69.78it/s]
 21%|██        | 1224/5794 [00:18<01:04, 70.41it/s]
 21%|██▏       | 1232/5794 [00:18<01:04, 70.49it/s]
 21%|██▏       | 1240/5794 [00:18<01:04, 70.83it/s]
 22%|██▏       | 1248/5794 [00:18<01:04, 70.87it/s]
 22%|██▏       | 1256/5794 [00:18<01:03, 71.00it/s]
 22%|██▏       | 1264/5794 [00:18<01:03, 70.97it/s]
 22%|██▏       | 1272/5794 [00:18<01:03, 70.79it/s]
 22%|██▏       | 1280/5794 [00:19<01:03, 70.61it/s]
 22%|██▏       | 1288/5794 [00:19<01:03, 70.59it/s]
 22%|██▏       | 1296/5794 [00:19<01:03, 70.66it/s]
 23%|██▎       | 1304/5794 [00:19<01:03, 70.96it/s]
 23%|██▎       | 1312/5794 [00:19<01:03, 70.94it/s]
 23%|██▎       | 1320/5794 [00:19<01:02, 71.25it/s]
 23%|██▎       | 1328/5794 [00:19<01:02, 71.02it/s]
 23%|██▎       | 1336/5794 [00:19<01:02, 71.10it/s]
 23%|██▎       | 1344/5794 [00:19<01:02, 70.97it/s]
 23%|██▎       | 1352/5794 [00:20<01:02, 71.10it/s]
 23%|██▎       | 1360/5794 [00:20<01:02, 71.10it/s]
 24%|██▎       | 1368/5794 [00:20<01:02, 71.01it/s]
 24%|██▎       | 1376/5794 [00:20<01:02, 71.19it/s]
 24%|██▍       | 1384/5794 [00:20<01:01, 71.15it/s]
 24%|██▍       | 1392/5794 [00:20<01:01, 71.38it/s]
 24%|██▍       | 1400/5794 [00:20<01:01, 71.40it/s]
 24%|██▍       | 1408/5794 [00:20<01:01, 71.45it/s]
 24%|██▍       | 1416/5794 [00:20<01:01, 71.17it/s]
 25%|██▍       | 1424/5794 [00:21<01:01, 71.24it/s]
 25%|██▍       | 1432/5794 [00:21<01:01, 70.96it/s]
 25%|██▍       | 1440/5794 [00:21<01:01, 71.15it/s]
 25%|██▍       | 1448/5794 [00:21<01:01, 70.85it/s]
 25%|██▌       | 1456/5794 [00:21<01:00, 71.15it/s]
 25%|██▌       | 1464/5794 [00:21<01:00, 71.22it/s]
 25%|██▌       | 1472/5794 [00:21<01:00, 71.06it/s]
 26%|██▌       | 1480/5794 [00:21<01:00, 71.07it/s]
 26%|██▌       | 1488/5794 [00:21<01:00, 71.13it/s]
 26%|██▌       | 1496/5794 [00:22<01:02, 68.94it/s]
 26%|██▌       | 1503/5794 [00:22<01:03, 67.25it/s]
 26%|██▌       | 1510/5794 [00:22<01:04, 66.72it/s]
 26%|██▌       | 1518/5794 [00:22<01:02, 67.91it/s]
 26%|██▋       | 1526/5794 [00:22<01:01, 69.06it/s]
 26%|██▋       | 1534/5794 [00:22<01:01, 69.63it/s]
 27%|██▋       | 1542/5794 [00:22<01:00, 70.10it/s]
 27%|██▋       | 1550/5794 [00:22<01:00, 70.41it/s]
 27%|██▋       | 1558/5794 [00:22<00:59, 70.79it/s]
 27%|██▋       | 1566/5794 [00:23<00:59, 70.91it/s]
 27%|██▋       | 1574/5794 [00:23<00:59, 70.99it/s]
 27%|██▋       | 1582/5794 [00:23<00:59, 71.12it/s]
 27%|██▋       | 1590/5794 [00:23<00:59, 71.01it/s]
 28%|██▊       | 1598/5794 [00:23<00:59, 71.03it/s]
 28%|██▊       | 1606/5794 [00:23<00:59, 70.72it/s]
 28%|██▊       | 1614/5794 [00:23<00:58, 71.11it/s]
 28%|██▊       | 1622/5794 [00:23<00:58, 70.98it/s]
 28%|██▊       | 1630/5794 [00:23<00:58, 71.22it/s]
 28%|██▊       | 1638/5794 [00:24<00:58, 71.12it/s]
 28%|██▊       | 1646/5794 [00:24<00:58, 71.26it/s]
 29%|██▊       | 1654/5794 [00:24<00:58, 71.17it/s]
 29%|██▊       | 1662/5794 [00:24<00:57, 71.29it/s]
 29%|██▉       | 1670/5794 [00:24<00:58, 70.97it/s]
 29%|██▉       | 1678/5794 [00:24<00:59, 69.27it/s]
 29%|██▉       | 1685/5794 [00:24<01:00, 67.68it/s]
 29%|██▉       | 1692/5794 [00:24<01:01, 66.37it/s]
 29%|██▉       | 1700/5794 [00:25<01:00, 67.80it/s]
 29%|██▉       | 1708/5794 [00:25<00:59, 68.41it/s]
 30%|██▉       | 1715/5794 [00:25<01:00, 67.04it/s]
 30%|██▉       | 1722/5794 [00:25<01:01, 65.81it/s]
 30%|██▉       | 1729/5794 [00:25<01:02, 65.15it/s]
 30%|██▉       | 1736/5794 [00:25<01:02, 64.59it/s]
 30%|███       | 1743/5794 [00:25<01:03, 64.16it/s]
 30%|███       | 1750/5794 [00:25<01:03, 63.74it/s]
 30%|███       | 1757/5794 [00:25<01:03, 63.72it/s]
 30%|███       | 1764/5794 [00:26<01:03, 63.54it/s]
 31%|███       | 1771/5794 [00:26<01:03, 63.46it/s]
 31%|███       | 1778/5794 [00:26<01:03, 63.60it/s]
 31%|███       | 1785/5794 [00:26<01:03, 63.14it/s]
 31%|███       | 1792/5794 [00:26<01:03, 63.27it/s]
 31%|███       | 1799/5794 [00:26<01:03, 63.09it/s]
 31%|███       | 1806/5794 [00:26<01:03, 63.22it/s]
 31%|███▏      | 1813/5794 [00:26<01:02, 63.60it/s]
 31%|███▏      | 1820/5794 [00:26<01:02, 63.69it/s]
 32%|███▏      | 1827/5794 [00:26<01:02, 63.49it/s]
 32%|███▏      | 1834/5794 [00:27<01:01, 64.60it/s]
 32%|███▏      | 1842/5794 [00:27<00:59, 66.55it/s]
 32%|███▏      | 1850/5794 [00:27<00:57, 68.15it/s]
 32%|███▏      | 1858/5794 [00:27<00:56, 69.07it/s]
 32%|███▏      | 1866/5794 [00:27<00:56, 69.89it/s]
 32%|███▏      | 1873/5794 [00:27<00:57, 67.62it/s]
 32%|███▏      | 1880/5794 [00:27<00:58, 66.59it/s]
 33%|███▎      | 1887/5794 [00:27<00:59, 65.69it/s]
 33%|███▎      | 1894/5794 [00:27<01:00, 64.82it/s]
 33%|███▎      | 1901/5794 [00:28<01:00, 64.53it/s]
 33%|███▎      | 1908/5794 [00:28<01:00, 64.16it/s]
 33%|███▎      | 1915/5794 [00:28<01:00, 64.00it/s]
 33%|███▎      | 1922/5794 [00:28<01:00, 63.75it/s]
 33%|███▎      | 1929/5794 [00:28<01:00, 63.44it/s]
 33%|███▎      | 1936/5794 [00:28<01:00, 63.45it/s]
 34%|███▎      | 1943/5794 [00:28<01:00, 63.40it/s]
 34%|███▎      | 1950/5794 [00:28<01:00, 63.52it/s]
 34%|███▍      | 1957/5794 [00:28<01:00, 63.62it/s]
 34%|███▍      | 1964/5794 [00:29<01:00, 63.50it/s]
 34%|███▍      | 1971/5794 [00:29<01:00, 63.56it/s]
 34%|███▍      | 1978/5794 [00:29<01:00, 63.49it/s]
 34%|███▍      | 1985/5794 [00:29<00:59, 63.63it/s]
 34%|███▍      | 1992/5794 [00:29<00:59, 63.52it/s]
 35%|███▍      | 1999/5794 [00:29<00:59, 63.63it/s]
 35%|███▍      | 2006/5794 [00:29<00:59, 63.74it/s]
 35%|███▍      | 2013/5794 [00:29<00:59, 63.55it/s]
 35%|███▍      | 2020/5794 [00:29<00:59, 63.63it/s]
 35%|███▍      | 2027/5794 [00:30<00:59, 63.33it/s]
 35%|███▌      | 2034/5794 [00:30<00:58, 64.08it/s]
 35%|███▌      | 2042/5794 [00:30<00:56, 66.48it/s]
 35%|███▌      | 2050/5794 [00:30<00:55, 68.00it/s]
 36%|███▌      | 2058/5794 [00:30<00:54, 69.05it/s]
 36%|███▌      | 2066/5794 [00:30<00:53, 69.83it/s]
 36%|███▌      | 2074/5794 [00:30<00:52, 70.46it/s]
 36%|███▌      | 2082/5794 [00:30<00:52, 70.61it/s]
 36%|███▌      | 2090/5794 [00:30<00:52, 71.14it/s]
 36%|███▌      | 2098/5794 [00:31<00:51, 71.18it/s]
 36%|███▋      | 2106/5794 [00:31<00:51, 71.44it/s]
 36%|███▋      | 2114/5794 [00:31<00:51, 71.28it/s]
 37%|███▋      | 2122/5794 [00:31<00:51, 71.58it/s]
 37%|███▋      | 2130/5794 [00:31<00:51, 71.51it/s]
 37%|███▋      | 2138/5794 [00:31<00:50, 71.72it/s]
 37%|███▋      | 2146/5794 [00:31<00:50, 71.54it/s]
 37%|███▋      | 2154/5794 [00:31<00:50, 71.72it/s]
 37%|███▋      | 2162/5794 [00:31<00:50, 71.77it/s]
 37%|███▋      | 2170/5794 [00:32<00:50, 71.84it/s]
 38%|███▊      | 2178/5794 [00:32<00:50, 71.93it/s]
 38%|███▊      | 2186/5794 [00:32<00:50, 71.76it/s]
 38%|███▊      | 2194/5794 [00:32<00:50, 71.93it/s]
 38%|███▊      | 2202/5794 [00:32<00:50, 71.68it/s]
 38%|███▊      | 2210/5794 [00:32<00:50, 71.67it/s]
 38%|███▊      | 2218/5794 [00:32<00:49, 71.68it/s]
 38%|███▊      | 2226/5794 [00:32<00:49, 71.75it/s]
 39%|███▊      | 2234/5794 [00:32<00:49, 71.73it/s]
 39%|███▊      | 2242/5794 [00:33<00:49, 71.68it/s]
 39%|███▉      | 2250/5794 [00:33<00:51, 69.44it/s]
 39%|███▉      | 2257/5794 [00:33<00:52, 67.93it/s]
 39%|███▉      | 2264/5794 [00:33<00:53, 66.51it/s]
 39%|███▉      | 2271/5794 [00:33<00:53, 65.84it/s]
 39%|███▉      | 2278/5794 [00:33<00:53, 65.29it/s]
 39%|███▉      | 2285/5794 [00:33<00:54, 64.82it/s]
 40%|███▉      | 2292/5794 [00:33<00:54, 64.55it/s]
 40%|███▉      | 2299/5794 [00:33<00:54, 64.19it/s]
 40%|███▉      | 2306/5794 [00:34<00:54, 64.12it/s]
 40%|███▉      | 2313/5794 [00:34<00:54, 64.20it/s]
 40%|████      | 2320/5794 [00:34<00:54, 63.88it/s]
 40%|████      | 2327/5794 [00:34<00:54, 63.88it/s]
 40%|████      | 2334/5794 [00:34<00:54, 63.76it/s]
 40%|████      | 2341/5794 [00:34<00:54, 63.88it/s]
 41%|████      | 2348/5794 [00:34<00:53, 63.90it/s]
 41%|████      | 2355/5794 [00:34<00:53, 63.73it/s]
 41%|████      | 2362/5794 [00:34<00:53, 63.66it/s]
 41%|████      | 2369/5794 [00:35<00:53, 63.64it/s]
 41%|████      | 2376/5794 [00:35<00:53, 63.67it/s]
 41%|████      | 2383/5794 [00:35<00:53, 63.61it/s]
 41%|████▏     | 2391/5794 [00:35<00:51, 65.78it/s]
 41%|████▏     | 2399/5794 [00:35<00:50, 67.61it/s]
 42%|████▏     | 2407/5794 [00:35<00:49, 68.58it/s]
 42%|████▏     | 2415/5794 [00:35<00:48, 69.67it/s]
 42%|████▏     | 2423/5794 [00:35<00:48, 70.18it/s]
 42%|████▏     | 2431/5794 [00:35<00:47, 70.59it/s]
 42%|████▏     | 2439/5794 [00:36<00:47, 70.92it/s]
 42%|████▏     | 2447/5794 [00:36<00:46, 71.25it/s]
 42%|████▏     | 2455/5794 [00:36<00:46, 71.08it/s]
 43%|████▎     | 2463/5794 [00:36<00:46, 71.36it/s]
 43%|████▎     | 2471/5794 [00:36<00:47, 70.43it/s]
 43%|████▎     | 2479/5794 [00:36<00:46, 71.01it/s]
 43%|████▎     | 2487/5794 [00:36<00:46, 71.14it/s]
 43%|████▎     | 2495/5794 [00:36<00:46, 71.44it/s]
 43%|████▎     | 2503/5794 [00:36<00:46, 71.53it/s]
 43%|████▎     | 2511/5794 [00:37<00:45, 71.79it/s]
 43%|████▎     | 2519/5794 [00:37<00:45, 71.73it/s]
 44%|████▎     | 2527/5794 [00:37<00:45, 71.89it/s]
 44%|████▍     | 2535/5794 [00:37<00:45, 71.87it/s]
 44%|████▍     | 2543/5794 [00:37<00:45, 71.77it/s]
 44%|████▍     | 2551/5794 [00:37<00:45, 71.59it/s]
 44%|████▍     | 2559/5794 [00:37<00:45, 71.80it/s]
 44%|████▍     | 2567/5794 [00:37<00:44, 71.87it/s]
 44%|████▍     | 2575/5794 [00:37<00:44, 71.78it/s]
 45%|████▍     | 2583/5794 [00:38<00:44, 71.88it/s]
 45%|████▍     | 2591/5794 [00:38<00:44, 71.74it/s]
 45%|████▍     | 2599/5794 [00:38<00:44, 71.84it/s]
 45%|████▍     | 2607/5794 [00:38<00:44, 71.77it/s]
 45%|████▌     | 2615/5794 [00:38<00:44, 71.85it/s]
 45%|████▌     | 2623/5794 [00:38<00:44, 71.62it/s]
 45%|████▌     | 2631/5794 [00:38<00:44, 71.73it/s]
 46%|████▌     | 2639/5794 [00:38<00:44, 71.60it/s]
 46%|████▌     | 2647/5794 [00:38<00:43, 71.64it/s]
 46%|████▌     | 2655/5794 [00:39<00:43, 71.49it/s]
 46%|████▌     | 2663/5794 [00:39<00:43, 71.50it/s]
 46%|████▌     | 2671/5794 [00:39<00:43, 71.29it/s]
 46%|████▌     | 2679/5794 [00:39<00:43, 71.33it/s]
 46%|████▋     | 2687/5794 [00:39<00:43, 71.48it/s]
 47%|████▋     | 2695/5794 [00:39<00:43, 71.56it/s]
 47%|████▋     | 2703/5794 [00:39<00:43, 71.66it/s]
 47%|████▋     | 2711/5794 [00:39<00:43, 71.58it/s]
 47%|████▋     | 2719/5794 [00:39<00:43, 71.43it/s]
 47%|████▋     | 2727/5794 [00:40<00:42, 71.38it/s]
 47%|████▋     | 2735/5794 [00:40<00:42, 71.64it/s]
 47%|████▋     | 2743/5794 [00:40<00:42, 71.57it/s]
 47%|████▋     | 2751/5794 [00:40<00:42, 71.66it/s]
 48%|████▊     | 2759/5794 [00:40<00:42, 71.47it/s]
 48%|████▊     | 2767/5794 [00:40<00:42, 71.54it/s]
 48%|████▊     | 2775/5794 [00:40<00:42, 71.24it/s]
 48%|████▊     | 2783/5794 [00:40<00:42, 71.53it/s]
 48%|████▊     | 2791/5794 [00:41<00:42, 71.42it/s]
 48%|████▊     | 2799/5794 [00:41<00:41, 71.50it/s]
 48%|████▊     | 2807/5794 [00:41<00:41, 71.52it/s]
 49%|████▊     | 2815/5794 [00:41<00:41, 71.17it/s]
 49%|████▊     | 2823/5794 [00:41<00:41, 71.22it/s]
 49%|████▉     | 2831/5794 [00:41<00:41, 71.16it/s]
 49%|████▉     | 2839/5794 [00:41<00:41, 71.15it/s]
 49%|████▉     | 2847/5794 [00:41<00:41, 71.18it/s]
 49%|████▉     | 2855/5794 [00:41<00:41, 71.26it/s]
 49%|████▉     | 2863/5794 [00:42<00:41, 71.29it/s]
 50%|████▉     | 2871/5794 [00:42<00:40, 71.38it/s]
 50%|████▉     | 2879/5794 [00:42<00:40, 71.29it/s]
 50%|████▉     | 2887/5794 [00:42<00:40, 71.48it/s]
 50%|████▉     | 2895/5794 [00:42<00:40, 71.27it/s]
 50%|█████     | 2903/5794 [00:42<00:40, 71.35it/s]
 50%|█████     | 2911/5794 [00:42<00:40, 71.42it/s]
 50%|█████     | 2919/5794 [00:42<00:40, 71.52it/s]
 51%|█████     | 2927/5794 [00:42<00:40, 71.17it/s]
 51%|█████     | 2935/5794 [00:43<00:40, 71.22it/s]
 51%|█████     | 2943/5794 [00:43<00:40, 69.86it/s]
 51%|█████     | 2950/5794 [00:43<00:41, 67.92it/s]
 51%|█████     | 2957/5794 [00:43<00:42, 66.70it/s]
 51%|█████     | 2964/5794 [00:43<00:43, 65.57it/s]
 51%|█████▏    | 2971/5794 [00:43<00:43, 65.09it/s]
 51%|█████▏    | 2978/5794 [00:43<00:43, 64.57it/s]
 52%|█████▏    | 2985/5794 [00:43<00:43, 64.37it/s]
 52%|█████▏    | 2992/5794 [00:43<00:43, 64.21it/s]
 52%|█████▏    | 2999/5794 [00:44<00:43, 63.95it/s]
 52%|█████▏    | 3006/5794 [00:44<00:43, 63.98it/s]
 52%|█████▏    | 3013/5794 [00:44<00:43, 63.78it/s]
 52%|█████▏    | 3020/5794 [00:44<00:43, 63.73it/s]
 52%|█████▏    | 3027/5794 [00:44<00:43, 63.75it/s]
 52%|█████▏    | 3034/5794 [00:44<00:43, 63.64it/s]
 52%|█████▏    | 3041/5794 [00:44<00:43, 63.54it/s]
 53%|█████▎    | 3048/5794 [00:44<00:43, 63.49it/s]
 53%|█████▎    | 3055/5794 [00:44<00:43, 63.38it/s]
 53%|█████▎    | 3062/5794 [00:45<00:43, 63.44it/s]
 53%|█████▎    | 3069/5794 [00:45<00:42, 63.44it/s]
 53%|█████▎    | 3076/5794 [00:45<00:42, 63.43it/s]
 53%|█████▎    | 3084/5794 [00:45<00:41, 65.64it/s]
 53%|█████▎    | 3092/5794 [00:45<00:40, 67.45it/s]
 54%|█████▎    | 3100/5794 [00:45<00:39, 68.43it/s]
 54%|█████▎    | 3108/5794 [00:45<00:38, 69.51it/s]
 54%|█████▍    | 3116/5794 [00:45<00:38, 69.97it/s]
 54%|█████▍    | 3124/5794 [00:45<00:37, 70.33it/s]
 54%|█████▍    | 3132/5794 [00:46<00:37, 70.57it/s]
 54%|█████▍    | 3140/5794 [00:46<00:37, 70.96it/s]
 54%|█████▍    | 3148/5794 [00:46<00:37, 70.89it/s]
 54%|█████▍    | 3156/5794 [00:46<00:37, 70.55it/s]
 55%|█████▍    | 3164/5794 [00:46<00:37, 70.82it/s]
 55%|█████▍    | 3172/5794 [00:46<00:36, 70.98it/s]
 55%|█████▍    | 3180/5794 [00:46<00:36, 71.12it/s]
 55%|█████▌    | 3188/5794 [00:46<00:36, 71.16it/s]
 55%|█████▌    | 3196/5794 [00:46<00:36, 71.40it/s]
 55%|█████▌    | 3204/5794 [00:47<00:36, 71.46it/s]
 55%|█████▌    | 3212/5794 [00:47<00:36, 70.60it/s]
 56%|█████▌    | 3220/5794 [00:47<00:36, 70.91it/s]
 56%|█████▌    | 3228/5794 [00:47<00:36, 71.17it/s]
 56%|█████▌    | 3236/5794 [00:47<00:35, 71.25it/s]
 56%|█████▌    | 3244/5794 [00:47<00:35, 71.46it/s]
 56%|█████▌    | 3252/5794 [00:47<00:35, 71.38it/s]
 56%|█████▋    | 3260/5794 [00:47<00:35, 71.67it/s]
 56%|█████▋    | 3268/5794 [00:47<00:35, 71.53it/s]
 57%|█████▋    | 3276/5794 [00:48<00:35, 71.63it/s]
 57%|█████▋    | 3284/5794 [00:48<00:35, 71.19it/s]
 57%|█████▋    | 3292/5794 [00:48<00:36, 68.76it/s]
 57%|█████▋    | 3299/5794 [00:48<00:37, 67.39it/s]
 57%|█████▋    | 3306/5794 [00:48<00:37, 66.25it/s]
 57%|█████▋    | 3313/5794 [00:48<00:37, 65.67it/s]
 57%|█████▋    | 3320/5794 [00:48<00:38, 64.94it/s]
 57%|█████▋    | 3327/5794 [00:48<00:38, 64.59it/s]
 58%|█████▊    | 3334/5794 [00:48<00:38, 64.31it/s]
 58%|█████▊    | 3341/5794 [00:49<00:38, 64.02it/s]
 58%|█████▊    | 3348/5794 [00:49<00:38, 63.98it/s]
 58%|█████▊    | 3355/5794 [00:49<00:38, 63.71it/s]
 58%|█████▊    | 3362/5794 [00:49<00:38, 63.79it/s]
 58%|█████▊    | 3369/5794 [00:49<00:38, 63.61it/s]
 58%|█████▊    | 3376/5794 [00:49<00:37, 63.64it/s]
 58%|█████▊    | 3383/5794 [00:49<00:37, 63.62it/s]
 59%|█████▊    | 3390/5794 [00:49<00:37, 63.45it/s]
 59%|█████▊    | 3397/5794 [00:49<00:37, 63.54it/s]
 59%|█████▉    | 3404/5794 [00:50<00:37, 63.37it/s]
 59%|█████▉    | 3411/5794 [00:50<00:37, 63.49it/s]
 59%|█████▉    | 3418/5794 [00:50<00:37, 63.65it/s]
 59%|█████▉    | 3425/5794 [00:50<00:37, 63.51it/s]
 59%|█████▉    | 3432/5794 [00:50<00:37, 63.42it/s]
 59%|█████▉    | 3439/5794 [00:50<00:37, 63.36it/s]
 59%|█████▉    | 3446/5794 [00:50<00:37, 63.26it/s]
 60%|█████▉    | 3453/5794 [00:50<00:36, 63.40it/s]
 60%|█████▉    | 3460/5794 [00:50<00:36, 63.24it/s]
 60%|█████▉    | 3467/5794 [00:51<00:36, 63.60it/s]
 60%|█████▉    | 3475/5794 [00:51<00:35, 66.06it/s]
 60%|██████    | 3483/5794 [00:51<00:34, 67.82it/s]
 60%|██████    | 3490/5794 [00:51<00:33, 68.40it/s]
 60%|██████    | 3498/5794 [00:51<00:33, 69.16it/s]
 60%|██████    | 3505/5794 [00:51<00:33, 67.38it/s]
 61%|██████    | 3512/5794 [00:51<00:34, 66.35it/s]
 61%|██████    | 3519/5794 [00:51<00:34, 65.65it/s]
 61%|██████    | 3526/5794 [00:51<00:34, 64.86it/s]
 61%|██████    | 3533/5794 [00:52<00:34, 64.72it/s]
 61%|██████    | 3540/5794 [00:52<00:35, 64.26it/s]
 61%|██████    | 3547/5794 [00:52<00:35, 64.14it/s]
 61%|██████▏   | 3554/5794 [00:52<00:34, 64.06it/s]
 61%|██████▏   | 3561/5794 [00:52<00:34, 63.93it/s]
 62%|██████▏   | 3568/5794 [00:52<00:34, 63.94it/s]
 62%|██████▏   | 3575/5794 [00:52<00:34, 63.84it/s]
 62%|██████▏   | 3582/5794 [00:52<00:33, 65.32it/s]
 62%|██████▏   | 3590/5794 [00:52<00:32, 67.22it/s]
 62%|██████▏   | 3597/5794 [00:53<00:33, 66.20it/s]
 62%|██████▏   | 3604/5794 [00:53<00:33, 65.50it/s]
 62%|██████▏   | 3611/5794 [00:53<00:33, 64.97it/s]
 62%|██████▏   | 3618/5794 [00:53<00:33, 64.62it/s]
 63%|██████▎   | 3625/5794 [00:53<00:33, 64.19it/s]
 63%|██████▎   | 3632/5794 [00:53<00:33, 64.17it/s]
 63%|██████▎   | 3639/5794 [00:53<00:33, 64.09it/s]
 63%|██████▎   | 3646/5794 [00:53<00:33, 63.88it/s]
 63%|██████▎   | 3653/5794 [00:53<00:33, 63.96it/s]
 63%|██████▎   | 3660/5794 [00:53<00:33, 63.69it/s]
 63%|██████▎   | 3667/5794 [00:54<00:33, 63.69it/s]
 63%|██████▎   | 3674/5794 [00:54<00:33, 63.76it/s]
 64%|██████▎   | 3681/5794 [00:54<00:33, 63.62it/s]
 64%|██████▎   | 3688/5794 [00:54<00:33, 63.60it/s]
 64%|██████▍   | 3695/5794 [00:54<00:33, 63.44it/s]
 64%|██████▍   | 3702/5794 [00:54<00:32, 63.56it/s]
 64%|██████▍   | 3709/5794 [00:54<00:32, 63.51it/s]
 64%|██████▍   | 3716/5794 [00:54<00:32, 63.59it/s]
 64%|██████▍   | 3723/5794 [00:54<00:32, 63.57it/s]
 64%|██████▍   | 3730/5794 [00:55<00:32, 63.54it/s]
 64%|██████▍   | 3737/5794 [00:55<00:32, 63.62it/s]
 65%|██████▍   | 3744/5794 [00:55<00:32, 63.48it/s]
 65%|██████▍   | 3751/5794 [00:55<00:32, 63.69it/s]
 65%|██████▍   | 3758/5794 [00:55<00:31, 63.74it/s]
 65%|██████▍   | 3765/5794 [00:55<00:31, 63.45it/s]
 65%|██████▌   | 3772/5794 [00:55<00:31, 63.60it/s]
 65%|██████▌   | 3779/5794 [00:55<00:31, 63.30it/s]
 65%|██████▌   | 3786/5794 [00:55<00:31, 63.36it/s]
 65%|██████▌   | 3793/5794 [00:56<00:31, 63.42it/s]
 66%|██████▌   | 3800/5794 [00:56<00:31, 63.47it/s]
 66%|██████▌   | 3807/5794 [00:56<00:31, 63.56it/s]
 66%|██████▌   | 3814/5794 [00:56<00:31, 63.45it/s]
 66%|██████▌   | 3821/5794 [00:56<00:31, 63.53it/s]
 66%|██████▌   | 3828/5794 [00:56<00:30, 63.46it/s]
 66%|██████▌   | 3835/5794 [00:56<00:30, 63.52it/s]
 66%|██████▋   | 3842/5794 [00:56<00:30, 63.53it/s]
 66%|██████▋   | 3849/5794 [00:56<00:30, 63.40it/s]
 67%|██████▋   | 3856/5794 [00:57<00:30, 63.49it/s]
 67%|██████▋   | 3863/5794 [00:57<00:30, 63.32it/s]
 67%|██████▋   | 3870/5794 [00:57<00:30, 63.49it/s]
 67%|██████▋   | 3877/5794 [00:57<00:30, 63.55it/s]
 67%|██████▋   | 3884/5794 [00:57<00:30, 63.38it/s]
 67%|██████▋   | 3891/5794 [00:57<00:29, 63.57it/s]
 67%|██████▋   | 3898/5794 [00:57<00:29, 63.48it/s]
 67%|██████▋   | 3905/5794 [00:57<00:29, 63.82it/s]
 68%|██████▊   | 3913/5794 [00:57<00:28, 66.21it/s]
 68%|██████▊   | 3921/5794 [00:58<00:27, 68.02it/s]
 68%|██████▊   | 3929/5794 [00:58<00:26, 69.22it/s]
 68%|██████▊   | 3936/5794 [00:58<00:27, 67.41it/s]
 68%|██████▊   | 3943/5794 [00:58<00:27, 66.27it/s]
 68%|██████▊   | 3950/5794 [00:58<00:28, 65.50it/s]
 68%|██████▊   | 3957/5794 [00:58<00:28, 64.99it/s]
 68%|██████▊   | 3964/5794 [00:58<00:28, 64.51it/s]
 69%|██████▊   | 3971/5794 [00:58<00:28, 64.29it/s]
 69%|██████▊   | 3978/5794 [00:58<00:28, 64.16it/s]
 69%|██████▉   | 3985/5794 [00:59<00:28, 63.97it/s]
 69%|██████▉   | 3992/5794 [00:59<00:28, 63.94it/s]
 69%|██████▉   | 3999/5794 [00:59<00:28, 63.72it/s]
 69%|██████▉   | 4006/5794 [00:59<00:28, 63.70it/s]
 69%|██████▉   | 4013/5794 [00:59<00:27, 63.75it/s]
 69%|██████▉   | 4020/5794 [00:59<00:27, 63.60it/s]
 70%|██████▉   | 4027/5794 [00:59<00:27, 63.71it/s]
 70%|██████▉   | 4034/5794 [00:59<00:27, 63.60it/s]
 70%|██████▉   | 4041/5794 [00:59<00:27, 63.69it/s]
 70%|██████▉   | 4048/5794 [01:00<00:27, 63.78it/s]
 70%|██████▉   | 4055/5794 [01:00<00:27, 63.59it/s]
 70%|███████   | 4062/5794 [01:00<00:27, 63.65it/s]
 70%|███████   | 4069/5794 [01:00<00:27, 63.60it/s]
 70%|███████   | 4076/5794 [01:00<00:26, 63.66it/s]
 70%|███████   | 4083/5794 [01:00<00:26, 63.45it/s]
 71%|███████   | 4090/5794 [01:00<00:26, 63.56it/s]
 71%|███████   | 4097/5794 [01:00<00:26, 63.68it/s]
 71%|███████   | 4104/5794 [01:00<00:26, 63.39it/s]
 71%|███████   | 4111/5794 [01:01<00:26, 63.43it/s]
 71%|███████   | 4119/5794 [01:01<00:25, 65.66it/s]
 71%|███████   | 4127/5794 [01:01<00:24, 67.64it/s]
 71%|███████▏  | 4135/5794 [01:01<00:24, 68.78it/s]
 71%|███████▏  | 4142/5794 [01:01<00:24, 68.12it/s]
 72%|███████▏  | 4149/5794 [01:01<00:24, 66.99it/s]
 72%|███████▏  | 4156/5794 [01:01<00:24, 66.02it/s]
 72%|███████▏  | 4163/5794 [01:01<00:24, 65.60it/s]
 72%|███████▏  | 4170/5794 [01:01<00:24, 65.13it/s]
 72%|███████▏  | 4177/5794 [01:02<00:24, 64.78it/s]
 72%|███████▏  | 4184/5794 [01:02<00:24, 64.68it/s]
 72%|███████▏  | 4191/5794 [01:02<00:24, 64.45it/s]
 72%|███████▏  | 4198/5794 [01:02<00:24, 64.56it/s]
 73%|███████▎  | 4205/5794 [01:02<00:24, 64.43it/s]
 73%|███████▎  | 4212/5794 [01:02<00:24, 64.47it/s]
 73%|███████▎  | 4219/5794 [01:02<00:24, 64.28it/s]
 73%|███████▎  | 4226/5794 [01:02<00:24, 64.38it/s]
 73%|███████▎  | 4233/5794 [01:02<00:24, 64.40it/s]
 73%|███████▎  | 4240/5794 [01:03<00:24, 64.22it/s]
 73%|███████▎  | 4247/5794 [01:03<00:24, 64.26it/s]
 73%|███████▎  | 4254/5794 [01:03<00:23, 64.65it/s]
 74%|███████▎  | 4262/5794 [01:03<00:22, 67.12it/s]
 74%|███████▎  | 4269/5794 [01:03<00:23, 66.20it/s]
 74%|███████▍  | 4276/5794 [01:03<00:23, 65.39it/s]
 74%|███████▍  | 4283/5794 [01:03<00:23, 65.06it/s]
 74%|███████▍  | 4290/5794 [01:03<00:23, 64.56it/s]
 74%|███████▍  | 4297/5794 [01:03<00:23, 64.48it/s]
 74%|███████▍  | 4304/5794 [01:03<00:23, 64.27it/s]
 74%|███████▍  | 4311/5794 [01:04<00:23, 64.27it/s]
 75%|███████▍  | 4318/5794 [01:04<00:22, 64.31it/s]
 75%|███████▍  | 4325/5794 [01:04<00:22, 64.17it/s]
 75%|███████▍  | 4332/5794 [01:04<00:22, 65.77it/s]
 75%|███████▍  | 4340/5794 [01:04<00:21, 67.87it/s]
 75%|███████▌  | 4348/5794 [01:04<00:20, 69.35it/s]
 75%|███████▌  | 4356/5794 [01:04<00:20, 70.12it/s]
 75%|███████▌  | 4364/5794 [01:04<00:20, 71.01it/s]
 75%|███████▌  | 4372/5794 [01:04<00:19, 71.25it/s]
 76%|███████▌  | 4380/5794 [01:05<00:19, 71.58it/s]
 76%|███████▌  | 4388/5794 [01:05<00:19, 71.88it/s]
 76%|███████▌  | 4396/5794 [01:05<00:19, 71.96it/s]
 76%|███████▌  | 4404/5794 [01:05<00:19, 72.11it/s]
 76%|███████▌  | 4412/5794 [01:05<00:19, 72.13it/s]
 76%|███████▋  | 4420/5794 [01:05<00:19, 72.26it/s]
 76%|███████▋  | 4428/5794 [01:05<00:19, 69.80it/s]
 77%|███████▋  | 4435/5794 [01:05<00:19, 68.27it/s]
 77%|███████▋  | 4442/5794 [01:05<00:20, 66.81it/s]
 77%|███████▋  | 4449/5794 [01:06<00:20, 66.14it/s]
 77%|███████▋  | 4456/5794 [01:06<00:20, 65.55it/s]
 77%|███████▋  | 4463/5794 [01:06<00:20, 64.83it/s]
 77%|███████▋  | 4470/5794 [01:06<00:20, 64.76it/s]
 77%|███████▋  | 4477/5794 [01:06<00:20, 64.47it/s]
 77%|███████▋  | 4484/5794 [01:06<00:20, 64.43it/s]
 78%|███████▊  | 4491/5794 [01:06<00:20, 64.17it/s]
 78%|███████▊  | 4498/5794 [01:06<00:20, 64.27it/s]
 78%|███████▊  | 4505/5794 [01:06<00:19, 64.46it/s]
 78%|███████▊  | 4512/5794 [01:07<00:19, 64.18it/s]
 78%|███████▊  | 4519/5794 [01:07<00:19, 64.26it/s]
 78%|███████▊  | 4526/5794 [01:07<00:19, 64.17it/s]
 78%|███████▊  | 4533/5794 [01:07<00:19, 64.29it/s]
 78%|███████▊  | 4540/5794 [01:07<00:19, 64.08it/s]
 78%|███████▊  | 4547/5794 [01:07<00:19, 64.08it/s]
 79%|███████▊  | 4554/5794 [01:07<00:19, 64.20it/s]
 79%|███████▊  | 4561/5794 [01:07<00:19, 64.11it/s]
 79%|███████▉  | 4568/5794 [01:07<00:19, 64.13it/s]
 79%|███████▉  | 4575/5794 [01:08<00:18, 64.21it/s]
 79%|███████▉  | 4582/5794 [01:08<00:18, 64.29it/s]
 79%|███████▉  | 4589/5794 [01:08<00:18, 64.30it/s]
 79%|███████▉  | 4596/5794 [01:08<00:18, 64.13it/s]
 79%|███████▉  | 4603/5794 [01:08<00:18, 64.18it/s]
 80%|███████▉  | 4610/5794 [01:08<00:18, 64.11it/s]
 80%|███████▉  | 4617/5794 [01:08<00:18, 64.12it/s]
 80%|███████▉  | 4624/5794 [01:08<00:18, 64.27it/s]
 80%|███████▉  | 4632/5794 [01:08<00:17, 66.49it/s]
 80%|████████  | 4640/5794 [01:09<00:16, 68.32it/s]
 80%|████████  | 4648/5794 [01:09<00:16, 69.55it/s]
 80%|████████  | 4656/5794 [01:09<00:16, 70.47it/s]
 80%|████████  | 4664/5794 [01:09<00:15, 70.90it/s]
 81%|████████  | 4672/5794 [01:09<00:15, 71.50it/s]
 81%|████████  | 4680/5794 [01:09<00:15, 71.71it/s]
 81%|████████  | 4688/5794 [01:09<00:15, 71.95it/s]
 81%|████████  | 4696/5794 [01:09<00:15, 72.01it/s]
 81%|████████  | 4704/5794 [01:09<00:15, 72.20it/s]
 81%|████████▏ | 4712/5794 [01:10<00:14, 72.18it/s]
 81%|████████▏ | 4720/5794 [01:10<00:14, 72.42it/s]
 82%|████████▏ | 4728/5794 [01:10<00:14, 72.36it/s]
 82%|████████▏ | 4736/5794 [01:10<00:14, 72.44it/s]
 82%|████████▏ | 4744/5794 [01:10<00:14, 72.36it/s]
 82%|████████▏ | 4752/5794 [01:10<00:14, 72.14it/s]
 82%|████████▏ | 4760/5794 [01:10<00:14, 72.31it/s]
 82%|████████▏ | 4768/5794 [01:10<00:14, 72.21it/s]
 82%|████████▏ | 4776/5794 [01:10<00:14, 72.45it/s]
 83%|████████▎ | 4784/5794 [01:11<00:13, 72.30it/s]
 83%|████████▎ | 4792/5794 [01:11<00:13, 72.28it/s]
 83%|████████▎ | 4800/5794 [01:11<00:13, 72.27it/s]
 83%|████████▎ | 4808/5794 [01:11<00:13, 72.04it/s]
 83%|████████▎ | 4816/5794 [01:11<00:13, 71.99it/s]
 83%|████████▎ | 4824/5794 [01:11<00:13, 70.74it/s]
 83%|████████▎ | 4832/5794 [01:11<00:14, 68.44it/s]
 84%|████████▎ | 4839/5794 [01:11<00:14, 67.37it/s]
 84%|████████▎ | 4846/5794 [01:11<00:14, 66.53it/s]
 84%|████████▍ | 4853/5794 [01:12<00:14, 65.64it/s]
 84%|████████▍ | 4860/5794 [01:12<00:14, 65.28it/s]
 84%|████████▍ | 4867/5794 [01:12<00:14, 64.73it/s]
 84%|████████▍ | 4874/5794 [01:12<00:14, 64.48it/s]
 84%|████████▍ | 4881/5794 [01:12<00:14, 64.38it/s]
 84%|████████▍ | 4888/5794 [01:12<00:14, 64.02it/s]
 84%|████████▍ | 4895/5794 [01:12<00:14, 64.00it/s]
 85%|████████▍ | 4902/5794 [01:12<00:13, 63.78it/s]
 85%|████████▍ | 4909/5794 [01:12<00:13, 63.94it/s]
 85%|████████▍ | 4916/5794 [01:13<00:13, 63.85it/s]
 85%|████████▍ | 4923/5794 [01:13<00:13, 64.03it/s]
 85%|████████▌ | 4930/5794 [01:13<00:13, 64.30it/s]
 85%|████████▌ | 4937/5794 [01:13<00:13, 64.07it/s]
 85%|████████▌ | 4944/5794 [01:13<00:13, 64.09it/s]
 85%|████████▌ | 4951/5794 [01:13<00:13, 64.12it/s]
 86%|████████▌ | 4958/5794 [01:13<00:12, 64.35it/s]
 86%|████████▌ | 4965/5794 [01:13<00:12, 64.39it/s]
 86%|████████▌ | 4972/5794 [01:13<00:12, 64.15it/s]
 86%|████████▌ | 4979/5794 [01:14<00:12, 64.19it/s]
 86%|████████▌ | 4986/5794 [01:14<00:12, 64.15it/s]
 86%|████████▌ | 4993/5794 [01:14<00:12, 64.31it/s]
 86%|████████▋ | 5000/5794 [01:14<00:12, 64.34it/s]
 86%|████████▋ | 5007/5794 [01:14<00:12, 64.27it/s]
 87%|████████▋ | 5014/5794 [01:14<00:12, 64.38it/s]
 87%|████████▋ | 5021/5794 [01:14<00:12, 64.34it/s]
 87%|████████▋ | 5028/5794 [01:14<00:11, 64.31it/s]
 87%|████████▋ | 5035/5794 [01:14<00:11, 64.19it/s]
 87%|████████▋ | 5042/5794 [01:14<00:11, 63.60it/s]
 87%|████████▋ | 5049/5794 [01:15<00:11, 63.94it/s]
 87%|████████▋ | 5056/5794 [01:15<00:11, 63.86it/s]
 87%|████████▋ | 5063/5794 [01:15<00:11, 64.17it/s]
 88%|████████▊ | 5070/5794 [01:15<00:11, 64.14it/s]
 88%|████████▊ | 5077/5794 [01:15<00:11, 64.40it/s]
 88%|████████▊ | 5084/5794 [01:15<00:11, 64.44it/s]
 88%|████████▊ | 5091/5794 [01:15<00:10, 65.12it/s]
 88%|████████▊ | 5099/5794 [01:15<00:10, 67.36it/s]
 88%|████████▊ | 5107/5794 [01:15<00:10, 67.92it/s]
 88%|████████▊ | 5115/5794 [01:16<00:09, 69.27it/s]
 88%|████████▊ | 5123/5794 [01:16<00:09, 70.06it/s]
 89%|████████▊ | 5131/5794 [01:16<00:09, 70.60it/s]
 89%|████████▊ | 5139/5794 [01:16<00:09, 71.20it/s]
 89%|████████▉ | 5147/5794 [01:16<00:09, 71.79it/s]
 89%|████████▉ | 5155/5794 [01:16<00:08, 71.79it/s]
 89%|████████▉ | 5163/5794 [01:16<00:08, 72.19it/s]
 89%|████████▉ | 5171/5794 [01:16<00:08, 72.15it/s]
 89%|████████▉ | 5179/5794 [01:16<00:08, 72.32it/s]
 90%|████████▉ | 5187/5794 [01:17<00:08, 72.30it/s]
 90%|████████▉ | 5195/5794 [01:17<00:08, 72.28it/s]
 90%|████████▉ | 5203/5794 [01:17<00:08, 72.41it/s]
 90%|████████▉ | 5211/5794 [01:17<00:08, 70.69it/s]
 90%|█████████ | 5219/5794 [01:17<00:08, 68.68it/s]
 90%|█████████ | 5226/5794 [01:17<00:08, 67.30it/s]
 90%|█████████ | 5233/5794 [01:17<00:08, 66.57it/s]
 90%|█████████ | 5240/5794 [01:17<00:08, 65.75it/s]
 91%|█████████ | 5247/5794 [01:17<00:08, 65.46it/s]
 91%|█████████ | 5254/5794 [01:18<00:08, 65.29it/s]
 91%|█████████ | 5261/5794 [01:18<00:08, 64.96it/s]
 91%|█████████ | 5268/5794 [01:18<00:08, 64.71it/s]
 91%|█████████ | 5275/5794 [01:18<00:08, 64.50it/s]
 91%|█████████ | 5282/5794 [01:18<00:07, 64.57it/s]
 91%|█████████▏| 5289/5794 [01:18<00:07, 64.65it/s]
 91%|█████████▏| 5296/5794 [01:18<00:07, 64.38it/s]
 92%|█████████▏| 5303/5794 [01:18<00:07, 64.46it/s]
 92%|█████████▏| 5310/5794 [01:18<00:07, 64.42it/s]
 92%|█████████▏| 5317/5794 [01:19<00:07, 64.50it/s]
 92%|█████████▏| 5324/5794 [01:19<00:07, 64.28it/s]
 92%|█████████▏| 5331/5794 [01:19<00:07, 64.31it/s]
 92%|█████████▏| 5338/5794 [01:19<00:07, 64.30it/s]
 92%|█████████▏| 5345/5794 [01:19<00:06, 64.29it/s]
 92%|█████████▏| 5352/5794 [01:19<00:06, 64.28it/s]
 92%|█████████▏| 5359/5794 [01:19<00:06, 64.10it/s]
 93%|█████████▎| 5366/5794 [01:19<00:06, 64.27it/s]
 93%|█████████▎| 5373/5794 [01:19<00:06, 64.31it/s]
 93%|█████████▎| 5380/5794 [01:20<00:06, 64.17it/s]
 93%|█████████▎| 5387/5794 [01:20<00:06, 64.22it/s]
 93%|█████████▎| 5394/5794 [01:20<00:06, 64.07it/s]
 93%|█████████▎| 5401/5794 [01:20<00:06, 64.12it/s]
 93%|█████████▎| 5408/5794 [01:20<00:06, 64.01it/s]
 93%|█████████▎| 5415/5794 [01:20<00:05, 63.94it/s]
 94%|█████████▎| 5422/5794 [01:20<00:05, 64.03it/s]
 94%|█████████▎| 5429/5794 [01:20<00:05, 63.97it/s]
 94%|█████████▍| 5436/5794 [01:20<00:05, 64.01it/s]
 94%|█████████▍| 5443/5794 [01:21<00:05, 63.96it/s]
 94%|█████████▍| 5450/5794 [01:21<00:05, 64.12it/s]
 94%|█████████▍| 5457/5794 [01:21<00:05, 65.50it/s]
 94%|█████████▍| 5465/5794 [01:21<00:04, 67.32it/s]
 94%|█████████▍| 5473/5794 [01:21<00:04, 69.00it/s]
 95%|█████████▍| 5481/5794 [01:21<00:04, 70.08it/s]
 95%|█████████▍| 5489/5794 [01:21<00:04, 70.86it/s]
 95%|█████████▍| 5497/5794 [01:21<00:04, 71.10it/s]
 95%|█████████▌| 5505/5794 [01:21<00:04, 71.55it/s]
 95%|█████████▌| 5513/5794 [01:22<00:03, 71.66it/s]
 95%|█████████▌| 5521/5794 [01:22<00:03, 71.85it/s]
 95%|█████████▌| 5529/5794 [01:22<00:03, 71.86it/s]
 96%|█████████▌| 5537/5794 [01:22<00:03, 70.77it/s]
 96%|█████████▌| 5545/5794 [01:22<00:03, 71.00it/s]
 96%|█████████▌| 5553/5794 [01:22<00:03, 71.43it/s]
 96%|█████████▌| 5561/5794 [01:22<00:03, 70.99it/s]
 96%|█████████▌| 5569/5794 [01:22<00:03, 68.66it/s]
 96%|█████████▌| 5576/5794 [01:22<00:03, 67.42it/s]
 96%|█████████▋| 5583/5794 [01:23<00:03, 66.32it/s]
 96%|█████████▋| 5590/5794 [01:23<00:03, 65.75it/s]
 97%|█████████▋| 5597/5794 [01:23<00:03, 65.10it/s]
 97%|█████████▋| 5604/5794 [01:23<00:02, 64.75it/s]
 97%|█████████▋| 5611/5794 [01:23<00:02, 64.62it/s]
 97%|█████████▋| 5618/5794 [01:23<00:02, 64.37it/s]
 97%|█████████▋| 5625/5794 [01:23<00:02, 64.41it/s]
 97%|█████████▋| 5632/5794 [01:23<00:02, 64.14it/s]
 97%|█████████▋| 5639/5794 [01:23<00:02, 64.80it/s]
 97%|█████████▋| 5647/5794 [01:24<00:02, 66.53it/s]
 98%|█████████▊| 5655/5794 [01:24<00:02, 68.31it/s]
 98%|█████████▊| 5663/5794 [01:24<00:01, 69.52it/s]
 98%|█████████▊| 5671/5794 [01:24<00:01, 70.23it/s]
 98%|█████████▊| 5679/5794 [01:24<00:01, 69.79it/s]
 98%|█████████▊| 5686/5794 [01:24<00:01, 67.90it/s]
 98%|█████████▊| 5693/5794 [01:24<00:01, 66.89it/s]
 98%|█████████▊| 5700/5794 [01:24<00:01, 65.88it/s]
 98%|█████████▊| 5707/5794 [01:24<00:01, 65.26it/s]
 99%|█████████▊| 5714/5794 [01:25<00:01, 65.00it/s]
 99%|█████████▊| 5721/5794 [01:25<00:01, 64.60it/s]
 99%|█████████▉| 5728/5794 [01:25<00:01, 64.58it/s]
 99%|█████████▉| 5735/5794 [01:25<00:00, 64.29it/s]
 99%|█████████▉| 5742/5794 [01:25<00:00, 64.29it/s]
 99%|█████████▉| 5749/5794 [01:25<00:00, 64.05it/s]
 99%|█████████▉| 5756/5794 [01:25<00:00, 64.11it/s]
 99%|█████████▉| 5763/5794 [01:25<00:00, 64.09it/s]
100%|█████████▉| 5770/5794 [01:25<00:00, 64.04it/s]
100%|█████████▉| 5777/5794 [01:26<00:00, 65.04it/s]
100%|█████████▉| 5785/5794 [01:26<00:00, 66.86it/s]
100%|█████████▉| 5793/5794 [01:26<00:00, 69.01it/s]
100%|██████████| 5794/5794 [01:26<00:00, 67.11it/s]
BALANCED ACCS CHECKED FOR TEST
TEST SET RESULTS FOR CHECKPOINT trained_weights/waterbirds/gradcam_waterbird_1.0_forest2water2_21047520_trial_000/best_balanced_valacc_0.57_epoch_0.ckpt
test_acc: 0.7260959613393165
balanced_test_acc: 0.5742042605217895
Land_on_Land_test_acc: 0.9982261640798226
Land_on_Water_test_acc: 0.6957871396895787
Water_on_Land_test_acc: 0.01557632398753894
Water_on_Water_test_acc: 0.5872274143302181
test_acc_Waterbird: 0.3014018691588785
test_acc_Landbird: 0.8470066518847007
