[CMD] /home/ryreu/miniconda3/envs/gals_a100/bin/python -u main.py --config configs/waterbirds_100_gals_ourmasks.yaml --name gals_waterbird_1.0_forest2water2_21048936_trial_000 DATA.ROOT=/home/ryreu/guided_cnn/waterbirds DATA.WATERBIRDS_DIR=waterbird_1.0_forest2water2 SEED=0 EXP.BASE.LR=0.0010000000000000002 EXP.CLASSIFIER.LR=9.999999999999991e-05 EXP.WEIGHT_DECAY=9.999999999999997e-06 EXP.AUX_LOSSES_ON_VAL=False EXP.LOSSES.GRADIENT_OUTSIDE.WEIGHT=10.000000000000002 DATA.SEGMENTATION_DIR=/home/ryreu/guided_cnn/waterbirds/L100/LearningToLook/code/WeCLIPPlus/results/val/prediction_cmap DATA.SEG_TRAIN_ONLY=True EXP.NUM_EPOCHS=1
SEED: 0
DATA:
  BATCH_SIZE: 96
  NUM_WORKERS: 4
  SIZE: 224
  NORMALIZATION: imagenet
  ATTENTION_DIR: NONE
  SEPARATE_CLASSES: false
  REMOVE_BACKGROUND: false
  ROOT: /home/ryreu/guided_cnn/waterbirds
  USE_CLASS_WEIGHTS: false
  USE_GROUP_WEIGHTS: false
  DATASET: waterbirds
  NUM_CLASSES: 2
  CONFOUNDING_FACTOR: 1.0
  WATERBIRDS_DIR: waterbird_1.0_forest2water2
  SEGMENTATION_DIR: /home/ryreu/guided_cnn/waterbirds/L100/LearningToLook/code/WeCLIPPlus/results/val/prediction_cmap
  SEG_TRAIN_ONLY: true
EXP:
  NUM_TRIALS: 1
  LOSSES:
    CLASSIFICATION:
      WEIGHT: 1
    GRADIENT_OUTSIDE:
      COMPUTE: true
      LOG: false
      WEIGHT: 10.000000000000002
      CRITERION: L1
      GT: segmentation
      COMBINE_ATT_MODE: average_nonzero
    GRADIENT_INSIDE:
      COMPUTE: false
      LOG: false
      WEIGHT: 1
      CRITERION: L1
      GT: segmentation
      COMBINE_ATT_MODE: average_nonzero
    GRADCAM:
      COMPUTE: false
      LOG: false
      WEIGHT: 1
      CRITERION: L1
      GT: segmentation
      MODE: match
      COMBINE_ATT_MODE: average_nonzero
  APPROACH: generic
  MODEL: resnet50
  PRETRAINED: true
  NUM_EPOCHS: 1
  OPTIMIZER: SGD
  WEIGHT_DECAY: 9.999999999999997e-06
  MOMENTUM: 0.9
  SCHEDULER: NONE
  AUX_LOSSES_ON_VAL: false
  BASE:
    LR: 0.0010000000000000002
  CLASSIFIER:
    LR: 9.999999999999991e-05
LOGGING:
  SAVE_EVERY: 0
  SAVE_BEST: true
  SAVE_LAST: false
  LOG_ATTENTION: false
  LOG_ATTENTION_STEP: 10
  SAVE_STATS_PATH: null
yaml: configs/waterbirds_100_gals_ourmasks.yaml
name: gals_waterbird_1.0_forest2water2_21048936_trial_000
test_checkpoint: null

WATERBIRDS DIR: /home/ryreu/guided_cnn/waterbirds/waterbird_1.0_forest2water2
NUMBER OF SAMPLES WITH LABEL Landbird: 3684
NUMBER OF SAMPLES WITH LABEL Waterbird: 1111
NUMBER OF SAMPLES WITH GROUP Land_on_Land: 3684
NUMBER OF SAMPLES WITH GROUP Land_on_Water: 0
NUMBER OF SAMPLES WITH GROUP Water_on_Land: 0
NUMBER OF SAMPLES WITH GROUP Water_on_Water: 1111
WATERBIRDS DIR: /home/ryreu/guided_cnn/waterbirds/waterbird_1.0_forest2water2
NUMBER OF SAMPLES WITH LABEL Landbird: 931
NUMBER OF SAMPLES WITH LABEL Waterbird: 268
NUMBER OF SAMPLES WITH GROUP Land_on_Land: 465
NUMBER OF SAMPLES WITH GROUP Land_on_Water: 466
NUMBER OF SAMPLES WITH GROUP Water_on_Land: 134
NUMBER OF SAMPLES WITH GROUP Water_on_Water: 134
NUM TRAIN: 4795

NUM VAL:   1199

Number classifier outputs: 1
Using pretrained model: True
USING SGD OPTIMIZER
class weights: None
group weights: None
WANDB DISABLED: skipping wandb.init()
EPOCH: 0

>>> TRAINING 


  0%|          | 0/50 [00:00<?, ?it/s]
  2%|▏         | 1/50 [00:06<05:05,  6.24s/it]
  4%|▍         | 2/50 [00:07<02:33,  3.20s/it]
  6%|▌         | 3/50 [00:08<01:44,  2.22s/it]
  8%|▊         | 4/50 [00:09<01:20,  1.75s/it]
 10%|█         | 5/50 [00:10<01:07,  1.50s/it]
 12%|█▏        | 6/50 [00:11<00:59,  1.35s/it]
 14%|█▍        | 7/50 [00:12<00:53,  1.25s/it]
 16%|█▌        | 8/50 [00:13<00:49,  1.19s/it]
 18%|█▊        | 9/50 [00:14<00:46,  1.14s/it]
 20%|██        | 10/50 [00:15<00:44,  1.11s/it]
 22%|██▏       | 11/50 [00:16<00:42,  1.09s/it]
 24%|██▍       | 12/50 [00:17<00:41,  1.08s/it]
 26%|██▌       | 13/50 [00:18<00:39,  1.07s/it]
 28%|██▊       | 14/50 [00:19<00:38,  1.06s/it]
 30%|███       | 15/50 [00:20<00:37,  1.06s/it]
 32%|███▏      | 16/50 [00:21<00:35,  1.06s/it]
 34%|███▍      | 17/50 [00:23<00:34,  1.05s/it]
 36%|███▌      | 18/50 [00:24<00:33,  1.05s/it]
 38%|███▊      | 19/50 [00:25<00:32,  1.05s/it]
 40%|████      | 20/50 [00:26<00:31,  1.05s/it]
 42%|████▏     | 21/50 [00:27<00:30,  1.05s/it]
 44%|████▍     | 22/50 [00:28<00:29,  1.05s/it]
 46%|████▌     | 23/50 [00:29<00:28,  1.05s/it]
 48%|████▊     | 24/50 [00:30<00:27,  1.05s/it]
 50%|█████     | 25/50 [00:31<00:26,  1.05s/it]
 52%|█████▏    | 26/50 [00:32<00:25,  1.05s/it]
 54%|█████▍    | 27/50 [00:33<00:24,  1.05s/it]
 56%|█████▌    | 28/50 [00:34<00:23,  1.05s/it]
 58%|█████▊    | 29/50 [00:35<00:22,  1.05s/it]
 60%|██████    | 30/50 [00:36<00:20,  1.05s/it]
 62%|██████▏   | 31/50 [00:37<00:19,  1.05s/it]
 64%|██████▍   | 32/50 [00:38<00:18,  1.05s/it]
 66%|██████▌   | 33/50 [00:39<00:17,  1.05s/it]
 68%|██████▊   | 34/50 [00:40<00:16,  1.05s/it]
 70%|███████   | 35/50 [00:41<00:15,  1.05s/it]
 72%|███████▏  | 36/50 [00:42<00:14,  1.05s/it]
 74%|███████▍  | 37/50 [00:43<00:13,  1.05s/it]
 76%|███████▌  | 38/50 [00:45<00:12,  1.05s/it]
 78%|███████▊  | 39/50 [00:46<00:11,  1.05s/it]
 80%|████████  | 40/50 [00:47<00:10,  1.05s/it]
 82%|████████▏ | 41/50 [00:48<00:09,  1.05s/it]
 84%|████████▍ | 42/50 [00:49<00:08,  1.05s/it]
 86%|████████▌ | 43/50 [00:50<00:07,  1.05s/it]
 88%|████████▊ | 44/50 [00:51<00:06,  1.05s/it]
 90%|█████████ | 45/50 [00:52<00:05,  1.05s/it]
 92%|█████████▏| 46/50 [00:53<00:04,  1.05s/it]
 94%|█████████▍| 47/50 [00:54<00:03,  1.05s/it]
 96%|█████████▌| 48/50 [00:55<00:02,  1.05s/it]
 98%|█████████▊| 49/50 [00:56<00:01,  1.05s/it]
100%|██████████| 50/50 [00:57<00:00,  1.04s/it]
100%|██████████| 50/50 [00:57<00:00,  1.15s/it]
>>> VALIDATING 


  0%|          | 0/13 [00:00<?, ?it/s]
  8%|▊         | 1/13 [00:00<00:09,  1.32it/s]
 23%|██▎       | 3/13 [00:00<00:02,  4.05it/s]
 38%|███▊      | 5/13 [00:01<00:01,  4.79it/s]
 54%|█████▍    | 7/13 [00:01<00:00,  6.69it/s]
 69%|██████▉   | 9/13 [00:01<00:00,  6.45it/s]
 85%|████████▍ | 11/13 [00:01<00:00,  8.02it/s]
100%|██████████| 13/13 [00:01<00:00,  9.73it/s]
100%|██████████| 13/13 [00:02<00:00,  6.45it/s]
>>> LOGGING 

BALANCED ACCS CHECKED FOR TRAIN
BALANCED ACCS CHECKED FOR VAL
train_acc: 0.7293013555787279
val_acc: 0.6839032527105922
train_cls_loss: 0.47431053930079725
val_cls_loss: 0.5665843930216607
train_total_loss: 0.4743357773990651
val_total_loss: 0.5665843930216607
balanced_train_acc: 0.6122934361840093
balanced_val_acc: 0.5705909229363387
Land_on_Land_train_acc: 0.8303474484256244
Land_on_Land_val_acc: 0.9956989247311828
Land_on_Water_train_acc: 0
Land_on_Water_val_acc: 0.555793991416309
Water_on_Land_train_acc: 0
Water_on_Land_val_acc: 0.03731343283582089
Water_on_Water_train_acc: 0.39423942394239425
Water_on_Water_val_acc: 0.6940298507462687
train_dydx_outside_segmentation_loss: 2.5237776774837688e-05
train_acc_Landbird: 0.8303474484256244
train_acc_Waterbird: 0.39423942394239425
val_acc_Landbird: 0.7755102040816326
val_acc_Waterbird: 0.3656716417910448
TRAIN ACC:        0.7293013555787279
VAL ACC:          0.6839032527105922
BALANCED VAL ACC: 0.5705909229363387
prev best list: []
Saving to trained_weights/waterbirds/gals_waterbird_1.0_forest2water2_21048936_trial_000/best_balanced_valacc_0.57_epoch_0.ckpt
>>> EVALUATING ON TEST SET
WATERBIRDS DIR: /home/ryreu/guided_cnn/waterbirds/waterbird_1.0_forest2water2
NUMBER OF SAMPLES WITH LABEL Landbird: 4510
NUMBER OF SAMPLES WITH LABEL Waterbird: 1284
NUMBER OF SAMPLES WITH GROUP Land_on_Land: 2255
NUMBER OF SAMPLES WITH GROUP Land_on_Water: 2255
NUMBER OF SAMPLES WITH GROUP Water_on_Land: 642
NUMBER OF SAMPLES WITH GROUP Water_on_Water: 642
NUM TEST:   5794

Loaded checkpoint trained_weights/waterbirds/gals_waterbird_1.0_forest2water2_21048936_trial_000/best_balanced_valacc_0.57_epoch_0.ckpt

  0%|          | 0/5794 [00:00<?, ?it/s]
  0%|          | 1/5794 [00:00<27:04,  3.57it/s]
  0%|          | 9/5794 [00:00<03:24, 28.26it/s]
  0%|          | 17/5794 [00:00<02:12, 43.45it/s]
  0%|          | 25/5794 [00:00<01:48, 53.06it/s]
  1%|          | 33/5794 [00:00<01:36, 59.49it/s]
  1%|          | 41/5794 [00:00<01:30, 63.67it/s]
  1%|          | 49/5794 [00:00<01:26, 66.65it/s]
  1%|          | 57/5794 [00:01<01:23, 68.41it/s]
  1%|          | 65/5794 [00:01<01:22, 69.82it/s]
  1%|▏         | 73/5794 [00:01<01:21, 70.03it/s]
  1%|▏         | 81/5794 [00:01<01:20, 70.89it/s]
  2%|▏         | 89/5794 [00:01<01:20, 70.64it/s]
  2%|▏         | 97/5794 [00:01<01:20, 70.87it/s]
  2%|▏         | 105/5794 [00:01<01:19, 71.47it/s]
  2%|▏         | 113/5794 [00:01<01:19, 71.46it/s]
  2%|▏         | 121/5794 [00:01<01:18, 71.86it/s]
  2%|▏         | 129/5794 [00:02<01:18, 72.09it/s]
  2%|▏         | 137/5794 [00:02<01:18, 72.32it/s]
  3%|▎         | 145/5794 [00:02<01:18, 72.30it/s]
  3%|▎         | 153/5794 [00:02<01:17, 72.43it/s]
  3%|▎         | 161/5794 [00:02<01:18, 71.82it/s]
  3%|▎         | 169/5794 [00:02<01:17, 72.17it/s]
  3%|▎         | 177/5794 [00:02<01:17, 72.27it/s]
  3%|▎         | 185/5794 [00:02<01:18, 71.89it/s]
  3%|▎         | 193/5794 [00:02<01:17, 71.81it/s]
  3%|▎         | 201/5794 [00:03<01:17, 72.11it/s]
  4%|▎         | 209/5794 [00:03<01:17, 72.09it/s]
  4%|▎         | 217/5794 [00:03<01:17, 72.30it/s]
  4%|▍         | 225/5794 [00:03<01:17, 72.10it/s]
  4%|▍         | 233/5794 [00:03<01:16, 72.28it/s]
  4%|▍         | 241/5794 [00:03<01:16, 72.44it/s]
  4%|▍         | 249/5794 [00:03<01:16, 72.41it/s]
  4%|▍         | 257/5794 [00:03<01:16, 72.31it/s]
  5%|▍         | 265/5794 [00:03<01:16, 72.34it/s]
  5%|▍         | 273/5794 [00:04<01:16, 72.47it/s]
  5%|▍         | 281/5794 [00:04<01:16, 72.26it/s]
  5%|▍         | 289/5794 [00:04<01:17, 71.47it/s]
  5%|▌         | 297/5794 [00:04<01:16, 71.78it/s]
  5%|▌         | 305/5794 [00:04<01:16, 72.04it/s]
  5%|▌         | 313/5794 [00:04<01:16, 72.11it/s]
  6%|▌         | 321/5794 [00:04<01:15, 72.21it/s]
  6%|▌         | 329/5794 [00:04<01:15, 72.22it/s]
  6%|▌         | 337/5794 [00:04<01:15, 72.34it/s]
  6%|▌         | 345/5794 [00:05<01:15, 72.24it/s]
  6%|▌         | 353/5794 [00:05<01:15, 72.30it/s]
  6%|▌         | 361/5794 [00:05<01:15, 72.17it/s]
  6%|▋         | 369/5794 [00:05<01:15, 72.26it/s]
  7%|▋         | 377/5794 [00:05<01:14, 72.34it/s]
  7%|▋         | 385/5794 [00:05<01:14, 72.23it/s]
  7%|▋         | 393/5794 [00:05<01:14, 72.22it/s]
  7%|▋         | 401/5794 [00:05<01:14, 72.11it/s]
  7%|▋         | 409/5794 [00:05<01:14, 72.16it/s]
  7%|▋         | 417/5794 [00:06<01:14, 72.04it/s]
  7%|▋         | 425/5794 [00:06<01:14, 72.11it/s]
  7%|▋         | 433/5794 [00:06<01:14, 71.99it/s]
  8%|▊         | 441/5794 [00:06<01:14, 71.89it/s]
  8%|▊         | 449/5794 [00:06<01:14, 71.68it/s]
  8%|▊         | 457/5794 [00:06<01:14, 71.67it/s]
  8%|▊         | 465/5794 [00:06<01:14, 71.45it/s]
  8%|▊         | 473/5794 [00:06<01:14, 71.42it/s]
  8%|▊         | 481/5794 [00:06<01:14, 71.34it/s]
  8%|▊         | 489/5794 [00:07<01:14, 71.27it/s]
  9%|▊         | 497/5794 [00:07<01:14, 71.33it/s]
  9%|▊         | 505/5794 [00:07<01:13, 71.58it/s]
  9%|▉         | 513/5794 [00:07<01:13, 71.73it/s]
  9%|▉         | 521/5794 [00:07<01:13, 71.73it/s]
  9%|▉         | 529/5794 [00:07<01:13, 71.82it/s]
  9%|▉         | 537/5794 [00:07<01:13, 71.60it/s]
  9%|▉         | 545/5794 [00:07<01:13, 71.71it/s]
 10%|▉         | 553/5794 [00:07<01:13, 71.56it/s]
 10%|▉         | 561/5794 [00:08<01:13, 71.64it/s]
 10%|▉         | 569/5794 [00:08<01:13, 71.49it/s]
 10%|▉         | 577/5794 [00:08<01:12, 71.53it/s]
 10%|█         | 585/5794 [00:08<01:13, 71.35it/s]
 10%|█         | 593/5794 [00:08<01:12, 71.43it/s]
 10%|█         | 601/5794 [00:08<01:12, 71.38it/s]
 11%|█         | 609/5794 [00:08<01:12, 71.60it/s]
 11%|█         | 617/5794 [00:08<01:12, 71.39it/s]
 11%|█         | 625/5794 [00:08<01:12, 71.66it/s]
 11%|█         | 633/5794 [00:09<01:11, 71.73it/s]
 11%|█         | 641/5794 [00:09<01:11, 71.94it/s]
 11%|█         | 649/5794 [00:09<01:11, 72.10it/s]
 11%|█▏        | 657/5794 [00:09<01:11, 72.10it/s]
 11%|█▏        | 665/5794 [00:09<01:11, 72.15it/s]
 12%|█▏        | 673/5794 [00:09<01:11, 71.65it/s]
 12%|█▏        | 681/5794 [00:09<01:11, 71.71it/s]
 12%|█▏        | 689/5794 [00:09<01:11, 71.71it/s]
 12%|█▏        | 697/5794 [00:09<01:11, 71.13it/s]
 12%|█▏        | 705/5794 [00:10<01:11, 71.31it/s]
 12%|█▏        | 713/5794 [00:10<01:10, 71.64it/s]
 12%|█▏        | 721/5794 [00:10<01:10, 71.72it/s]
 13%|█▎        | 729/5794 [00:10<01:10, 71.73it/s]
 13%|█▎        | 737/5794 [00:10<01:10, 71.94it/s]
 13%|█▎        | 745/5794 [00:10<01:09, 72.24it/s]
 13%|█▎        | 753/5794 [00:10<01:09, 72.37it/s]
 13%|█▎        | 761/5794 [00:10<01:09, 72.44it/s]
 13%|█▎        | 769/5794 [00:10<01:09, 72.45it/s]
 13%|█▎        | 777/5794 [00:11<01:09, 72.60it/s]
 14%|█▎        | 785/5794 [00:11<01:09, 71.90it/s]
 14%|█▎        | 793/5794 [00:11<01:09, 71.93it/s]
 14%|█▍        | 801/5794 [00:11<01:09, 72.01it/s]
 14%|█▍        | 809/5794 [00:11<01:09, 71.81it/s]
 14%|█▍        | 817/5794 [00:11<01:09, 71.94it/s]
 14%|█▍        | 825/5794 [00:11<01:08, 72.11it/s]
 14%|█▍        | 833/5794 [00:11<01:08, 72.37it/s]
 15%|█▍        | 841/5794 [00:11<01:08, 72.38it/s]
 15%|█▍        | 849/5794 [00:12<01:08, 72.53it/s]
 15%|█▍        | 857/5794 [00:12<01:08, 72.36it/s]
 15%|█▍        | 865/5794 [00:12<01:07, 72.53it/s]
 15%|█▌        | 873/5794 [00:12<01:07, 72.42it/s]
 15%|█▌        | 881/5794 [00:12<01:07, 72.51it/s]
 15%|█▌        | 889/5794 [00:12<01:07, 72.57it/s]
 15%|█▌        | 897/5794 [00:12<01:07, 72.73it/s]
 16%|█▌        | 905/5794 [00:12<01:07, 72.69it/s]
 16%|█▌        | 913/5794 [00:12<01:07, 72.73it/s]
 16%|█▌        | 921/5794 [00:13<01:06, 72.91it/s]
 16%|█▌        | 929/5794 [00:13<01:06, 72.96it/s]
 16%|█▌        | 937/5794 [00:13<01:06, 73.09it/s]
 16%|█▋        | 945/5794 [00:13<01:06, 73.10it/s]
 16%|█▋        | 953/5794 [00:13<01:06, 73.19it/s]
 17%|█▋        | 961/5794 [00:13<01:06, 73.10it/s]
 17%|█▋        | 969/5794 [00:13<01:06, 73.01it/s]
 17%|█▋        | 977/5794 [00:13<01:06, 72.65it/s]
 17%|█▋        | 985/5794 [00:13<01:06, 72.76it/s]
 17%|█▋        | 993/5794 [00:14<01:06, 72.62it/s]
 17%|█▋        | 1001/5794 [00:14<01:05, 72.85it/s]
 17%|█▋        | 1009/5794 [00:14<01:05, 72.75it/s]
 18%|█▊        | 1017/5794 [00:14<01:05, 72.83it/s]
 18%|█▊        | 1025/5794 [00:14<01:05, 72.73it/s]
 18%|█▊        | 1033/5794 [00:14<01:05, 72.58it/s]
 18%|█▊        | 1041/5794 [00:14<01:05, 72.52it/s]
 18%|█▊        | 1049/5794 [00:14<01:05, 72.62it/s]
 18%|█▊        | 1057/5794 [00:14<01:05, 72.62it/s]
 18%|█▊        | 1065/5794 [00:15<01:05, 72.62it/s]
 19%|█▊        | 1073/5794 [00:15<01:05, 72.24it/s]
 19%|█▊        | 1081/5794 [00:15<01:05, 72.41it/s]
 19%|█▉        | 1089/5794 [00:15<01:04, 72.81it/s]
 19%|█▉        | 1097/5794 [00:15<01:05, 71.62it/s]
 19%|█▉        | 1105/5794 [00:15<01:05, 71.79it/s]
 19%|█▉        | 1113/5794 [00:15<01:05, 71.83it/s]
 19%|█▉        | 1121/5794 [00:15<01:04, 72.08it/s]
 19%|█▉        | 1129/5794 [00:15<01:04, 72.14it/s]
 20%|█▉        | 1137/5794 [00:16<01:05, 71.24it/s]
 20%|█▉        | 1145/5794 [00:16<01:06, 69.63it/s]
 20%|█▉        | 1152/5794 [00:16<01:08, 68.00it/s]
 20%|██        | 1159/5794 [00:16<01:07, 68.39it/s]
 20%|██        | 1167/5794 [00:16<01:06, 69.37it/s]
 20%|██        | 1175/5794 [00:16<01:05, 70.16it/s]
 20%|██        | 1183/5794 [00:16<01:05, 70.62it/s]
 21%|██        | 1191/5794 [00:16<01:04, 71.13it/s]
 21%|██        | 1199/5794 [00:16<01:04, 71.38it/s]
 21%|██        | 1207/5794 [00:17<01:03, 71.75it/s]
 21%|██        | 1215/5794 [00:17<01:04, 71.07it/s]
 21%|██        | 1223/5794 [00:17<01:03, 71.47it/s]
 21%|██        | 1231/5794 [00:17<01:03, 71.64it/s]
 21%|██▏       | 1239/5794 [00:17<01:03, 71.91it/s]
 22%|██▏       | 1247/5794 [00:17<01:02, 72.24it/s]
 22%|██▏       | 1255/5794 [00:17<01:02, 72.77it/s]
 22%|██▏       | 1263/5794 [00:17<01:02, 72.94it/s]
 22%|██▏       | 1271/5794 [00:17<01:01, 73.27it/s]
 22%|██▏       | 1279/5794 [00:18<01:01, 73.37it/s]
 22%|██▏       | 1287/5794 [00:18<01:01, 73.54it/s]
 22%|██▏       | 1295/5794 [00:18<01:01, 73.67it/s]
 22%|██▏       | 1303/5794 [00:18<01:01, 73.58it/s]
 23%|██▎       | 1311/5794 [00:18<01:00, 73.71it/s]
 23%|██▎       | 1319/5794 [00:18<01:00, 73.74it/s]
 23%|██▎       | 1327/5794 [00:18<01:00, 73.85it/s]
 23%|██▎       | 1335/5794 [00:18<01:00, 73.77it/s]
 23%|██▎       | 1343/5794 [00:18<01:00, 73.94it/s]
 23%|██▎       | 1351/5794 [00:18<01:00, 73.84it/s]
 23%|██▎       | 1359/5794 [00:19<01:00, 73.68it/s]
 24%|██▎       | 1367/5794 [00:19<01:00, 73.42it/s]
 24%|██▎       | 1375/5794 [00:19<01:00, 73.44it/s]
 24%|██▍       | 1383/5794 [00:19<01:00, 73.04it/s]
 24%|██▍       | 1391/5794 [00:19<01:00, 73.19it/s]
 24%|██▍       | 1399/5794 [00:19<01:00, 73.08it/s]
 24%|██▍       | 1407/5794 [00:19<01:00, 73.10it/s]
 24%|██▍       | 1415/5794 [00:19<01:00, 72.94it/s]
 25%|██▍       | 1423/5794 [00:19<01:00, 72.81it/s]
 25%|██▍       | 1431/5794 [00:20<00:59, 72.82it/s]
 25%|██▍       | 1439/5794 [00:20<00:59, 72.70it/s]
 25%|██▍       | 1447/5794 [00:20<00:59, 72.85it/s]
 25%|██▌       | 1455/5794 [00:20<01:00, 71.90it/s]
 25%|██▌       | 1463/5794 [00:20<00:59, 72.23it/s]
 25%|██▌       | 1471/5794 [00:20<00:59, 72.38it/s]
 26%|██▌       | 1479/5794 [00:20<00:59, 72.58it/s]
 26%|██▌       | 1487/5794 [00:20<00:59, 72.59it/s]
 26%|██▌       | 1495/5794 [00:20<00:59, 72.60it/s]
 26%|██▌       | 1503/5794 [00:21<00:59, 72.49it/s]
 26%|██▌       | 1511/5794 [00:21<00:59, 72.57it/s]
 26%|██▌       | 1519/5794 [00:21<00:59, 72.40it/s]
 26%|██▋       | 1527/5794 [00:21<00:58, 72.53it/s]
 26%|██▋       | 1535/5794 [00:21<00:58, 72.36it/s]
 27%|██▋       | 1543/5794 [00:21<00:58, 72.56it/s]
 27%|██▋       | 1551/5794 [00:21<00:58, 72.61it/s]
 27%|██▋       | 1559/5794 [00:21<00:58, 73.01it/s]
 27%|██▋       | 1567/5794 [00:21<00:57, 73.25it/s]
 27%|██▋       | 1575/5794 [00:22<00:57, 73.32it/s]
 27%|██▋       | 1583/5794 [00:22<00:57, 73.35it/s]
 27%|██▋       | 1591/5794 [00:22<00:57, 73.32it/s]
 28%|██▊       | 1599/5794 [00:22<00:57, 73.43it/s]
 28%|██▊       | 1607/5794 [00:22<00:56, 73.48it/s]
 28%|██▊       | 1615/5794 [00:22<00:56, 73.66it/s]
 28%|██▊       | 1623/5794 [00:22<00:56, 73.51it/s]
 28%|██▊       | 1631/5794 [00:22<00:56, 73.69it/s]
 28%|██▊       | 1639/5794 [00:22<00:56, 73.73it/s]
 28%|██▊       | 1647/5794 [00:23<00:56, 73.87it/s]
 29%|██▊       | 1655/5794 [00:23<00:56, 73.85it/s]
 29%|██▊       | 1663/5794 [00:23<00:55, 73.94it/s]
 29%|██▉       | 1671/5794 [00:23<00:55, 73.80it/s]
 29%|██▉       | 1679/5794 [00:23<00:55, 73.78it/s]
 29%|██▉       | 1687/5794 [00:23<00:55, 73.62it/s]
 29%|██▉       | 1695/5794 [00:23<00:55, 73.71it/s]
 29%|██▉       | 1703/5794 [00:23<00:55, 73.85it/s]
 30%|██▉       | 1711/5794 [00:23<00:55, 73.82it/s]
 30%|██▉       | 1719/5794 [00:24<00:55, 73.70it/s]
 30%|██▉       | 1727/5794 [00:24<00:55, 73.39it/s]
 30%|██▉       | 1735/5794 [00:24<00:55, 73.41it/s]
 30%|███       | 1743/5794 [00:24<00:55, 73.32it/s]
 30%|███       | 1751/5794 [00:24<00:56, 71.20it/s]
 30%|███       | 1759/5794 [00:24<00:58, 69.05it/s]
 30%|███       | 1767/5794 [00:24<00:57, 70.02it/s]
 31%|███       | 1775/5794 [00:24<00:56, 71.10it/s]
 31%|███       | 1783/5794 [00:24<00:55, 72.07it/s]
 31%|███       | 1791/5794 [00:25<00:55, 72.59it/s]
 31%|███       | 1799/5794 [00:25<00:54, 73.02it/s]
 31%|███       | 1807/5794 [00:25<00:54, 73.22it/s]
 31%|███▏      | 1815/5794 [00:25<00:54, 73.15it/s]
 31%|███▏      | 1823/5794 [00:25<00:54, 73.37it/s]
 32%|███▏      | 1831/5794 [00:25<00:53, 73.74it/s]
 32%|███▏      | 1839/5794 [00:25<00:54, 72.67it/s]
 32%|███▏      | 1847/5794 [00:25<00:54, 72.78it/s]
 32%|███▏      | 1855/5794 [00:25<00:53, 73.26it/s]
 32%|███▏      | 1863/5794 [00:26<00:53, 73.27it/s]
 32%|███▏      | 1871/5794 [00:26<00:53, 72.93it/s]
 32%|███▏      | 1879/5794 [00:26<00:53, 72.95it/s]
 33%|███▎      | 1887/5794 [00:26<00:53, 72.69it/s]
 33%|███▎      | 1895/5794 [00:26<00:54, 72.14it/s]
 33%|███▎      | 1903/5794 [00:26<00:54, 71.91it/s]
 33%|███▎      | 1911/5794 [00:26<00:53, 72.21it/s]
 33%|███▎      | 1919/5794 [00:26<00:53, 72.85it/s]
 33%|███▎      | 1927/5794 [00:26<00:52, 72.98it/s]
 33%|███▎      | 1935/5794 [00:27<00:52, 73.19it/s]
 34%|███▎      | 1943/5794 [00:27<00:52, 73.07it/s]
 34%|███▎      | 1951/5794 [00:27<00:52, 73.28it/s]
 34%|███▍      | 1959/5794 [00:27<00:52, 73.23it/s]
 34%|███▍      | 1967/5794 [00:27<00:52, 73.35it/s]
 34%|███▍      | 1975/5794 [00:27<00:51, 73.51it/s]
 34%|███▍      | 1983/5794 [00:27<00:51, 73.43it/s]
 34%|███▍      | 1991/5794 [00:27<00:51, 73.53it/s]
 35%|███▍      | 1999/5794 [00:27<00:52, 72.61it/s]
 35%|███▍      | 2007/5794 [00:27<00:51, 72.93it/s]
 35%|███▍      | 2015/5794 [00:28<00:51, 73.09it/s]
 35%|███▍      | 2023/5794 [00:28<00:51, 73.30it/s]
 35%|███▌      | 2031/5794 [00:28<00:51, 73.26it/s]
 35%|███▌      | 2039/5794 [00:28<00:51, 73.35it/s]
 35%|███▌      | 2047/5794 [00:28<00:51, 73.28it/s]
 35%|███▌      | 2055/5794 [00:28<00:51, 73.22it/s]
 36%|███▌      | 2063/5794 [00:28<00:51, 72.83it/s]
 36%|███▌      | 2071/5794 [00:28<00:51, 72.64it/s]
 36%|███▌      | 2079/5794 [00:28<00:51, 72.40it/s]
 36%|███▌      | 2087/5794 [00:29<00:51, 72.45it/s]
 36%|███▌      | 2095/5794 [00:29<00:51, 72.34it/s]
 36%|███▋      | 2103/5794 [00:29<00:50, 72.39it/s]
 36%|███▋      | 2111/5794 [00:29<00:52, 70.00it/s]
 37%|███▋      | 2119/5794 [00:29<00:52, 70.65it/s]
 37%|███▋      | 2127/5794 [00:29<00:51, 70.94it/s]
 37%|███▋      | 2135/5794 [00:29<00:51, 71.65it/s]
 37%|███▋      | 2143/5794 [00:29<00:50, 72.29it/s]
 37%|███▋      | 2151/5794 [00:29<00:52, 69.24it/s]
 37%|███▋      | 2158/5794 [00:30<00:53, 67.85it/s]
 37%|███▋      | 2165/5794 [00:30<00:54, 66.70it/s]
 37%|███▋      | 2172/5794 [00:30<00:54, 66.35it/s]
 38%|███▊      | 2180/5794 [00:30<00:52, 68.36it/s]
 38%|███▊      | 2187/5794 [00:30<00:52, 68.75it/s]
 38%|███▊      | 2194/5794 [00:30<00:53, 67.53it/s]
 38%|███▊      | 2201/5794 [00:30<00:54, 66.38it/s]
 38%|███▊      | 2208/5794 [00:30<00:54, 65.82it/s]
 38%|███▊      | 2215/5794 [00:30<00:54, 65.20it/s]
 38%|███▊      | 2222/5794 [00:31<00:54, 65.08it/s]
 38%|███▊      | 2229/5794 [00:31<00:54, 64.96it/s]
 39%|███▊      | 2236/5794 [00:31<00:55, 64.56it/s]
 39%|███▊      | 2243/5794 [00:31<00:55, 64.38it/s]
 39%|███▉      | 2250/5794 [00:31<00:55, 64.05it/s]
 39%|███▉      | 2257/5794 [00:31<00:55, 63.95it/s]
 39%|███▉      | 2264/5794 [00:31<00:55, 63.95it/s]
 39%|███▉      | 2271/5794 [00:31<00:55, 63.89it/s]
 39%|███▉      | 2278/5794 [00:31<00:55, 63.90it/s]
 39%|███▉      | 2285/5794 [00:32<00:55, 63.73it/s]
 40%|███▉      | 2292/5794 [00:32<00:54, 63.86it/s]
 40%|███▉      | 2299/5794 [00:32<00:54, 63.76it/s]
 40%|███▉      | 2306/5794 [00:32<00:54, 63.82it/s]
 40%|███▉      | 2313/5794 [00:32<00:54, 63.85it/s]
 40%|████      | 2320/5794 [00:32<00:54, 63.81it/s]
 40%|████      | 2327/5794 [00:32<00:53, 64.67it/s]
 40%|████      | 2335/5794 [00:32<00:51, 67.28it/s]
 40%|████      | 2343/5794 [00:32<00:49, 69.25it/s]
 41%|████      | 2351/5794 [00:33<00:48, 70.38it/s]
 41%|████      | 2359/5794 [00:33<00:48, 71.41it/s]
 41%|████      | 2367/5794 [00:33<00:47, 72.04it/s]
 41%|████      | 2375/5794 [00:33<00:47, 72.57it/s]
 41%|████      | 2383/5794 [00:33<00:46, 72.91it/s]
 41%|████▏     | 2391/5794 [00:33<00:46, 72.85it/s]
 41%|████▏     | 2399/5794 [00:33<00:46, 73.22it/s]
 42%|████▏     | 2407/5794 [00:33<00:46, 73.33it/s]
 42%|████▏     | 2415/5794 [00:33<00:45, 73.66it/s]
 42%|████▏     | 2423/5794 [00:34<00:46, 73.21it/s]
 42%|████▏     | 2431/5794 [00:34<00:45, 73.55it/s]
 42%|████▏     | 2439/5794 [00:34<00:45, 73.68it/s]
 42%|████▏     | 2447/5794 [00:34<00:45, 73.96it/s]
 42%|████▏     | 2455/5794 [00:34<00:45, 73.86it/s]
 43%|████▎     | 2463/5794 [00:34<00:44, 74.08it/s]
 43%|████▎     | 2471/5794 [00:34<00:45, 73.83it/s]
 43%|████▎     | 2479/5794 [00:34<00:45, 73.25it/s]
 43%|████▎     | 2487/5794 [00:34<00:45, 73.17it/s]
 43%|████▎     | 2495/5794 [00:35<00:45, 73.22it/s]
 43%|████▎     | 2503/5794 [00:35<00:45, 73.05it/s]
 43%|████▎     | 2511/5794 [00:35<00:44, 73.14it/s]
 43%|████▎     | 2519/5794 [00:35<00:44, 73.12it/s]
 44%|████▎     | 2527/5794 [00:35<00:44, 72.88it/s]
 44%|████▍     | 2535/5794 [00:35<00:44, 72.84it/s]
 44%|████▍     | 2543/5794 [00:35<00:44, 72.76it/s]
 44%|████▍     | 2551/5794 [00:35<00:44, 72.85it/s]
 44%|████▍     | 2559/5794 [00:35<00:44, 72.68it/s]
 44%|████▍     | 2567/5794 [00:35<00:44, 72.75it/s]
 44%|████▍     | 2575/5794 [00:36<00:44, 72.67it/s]
 45%|████▍     | 2583/5794 [00:36<00:44, 72.65it/s]
 45%|████▍     | 2591/5794 [00:36<00:44, 72.46it/s]
 45%|████▍     | 2599/5794 [00:36<00:44, 72.29it/s]
 45%|████▍     | 2607/5794 [00:36<00:44, 72.12it/s]
 45%|████▌     | 2615/5794 [00:36<00:44, 72.24it/s]
 45%|████▌     | 2623/5794 [00:36<00:44, 71.89it/s]
 45%|████▌     | 2631/5794 [00:36<00:44, 71.79it/s]
 46%|████▌     | 2639/5794 [00:36<00:44, 71.51it/s]
 46%|████▌     | 2647/5794 [00:37<00:43, 71.58it/s]
 46%|████▌     | 2655/5794 [00:37<00:43, 71.60it/s]
 46%|████▌     | 2663/5794 [00:37<00:43, 71.53it/s]
 46%|████▌     | 2671/5794 [00:37<00:43, 71.61it/s]
 46%|████▌     | 2679/5794 [00:37<00:43, 71.54it/s]
 46%|████▋     | 2687/5794 [00:37<00:43, 71.72it/s]
 47%|████▋     | 2695/5794 [00:37<00:43, 71.65it/s]
 47%|████▋     | 2703/5794 [00:37<00:43, 71.71it/s]
 47%|████▋     | 2711/5794 [00:37<00:42, 71.75it/s]
 47%|████▋     | 2719/5794 [00:38<00:42, 71.75it/s]
 47%|████▋     | 2727/5794 [00:38<00:42, 71.68it/s]
 47%|████▋     | 2735/5794 [00:38<00:42, 71.65it/s]
 47%|████▋     | 2743/5794 [00:38<00:42, 71.56it/s]
 47%|████▋     | 2751/5794 [00:38<00:42, 71.68it/s]
 48%|████▊     | 2759/5794 [00:38<00:42, 71.60it/s]
 48%|████▊     | 2767/5794 [00:38<00:42, 71.71it/s]
 48%|████▊     | 2775/5794 [00:38<00:42, 71.61it/s]
 48%|████▊     | 2783/5794 [00:39<00:42, 71.67it/s]
 48%|████▊     | 2791/5794 [00:39<00:41, 71.72it/s]
 48%|████▊     | 2799/5794 [00:39<00:41, 71.70it/s]
 48%|████▊     | 2807/5794 [00:39<00:41, 71.82it/s]
 49%|████▊     | 2815/5794 [00:39<00:41, 71.73it/s]
 49%|████▊     | 2823/5794 [00:39<00:41, 71.74it/s]
 49%|████▉     | 2831/5794 [00:39<00:41, 71.64it/s]
 49%|████▉     | 2839/5794 [00:39<00:41, 71.69it/s]
 49%|████▉     | 2847/5794 [00:39<00:41, 71.59it/s]
 49%|████▉     | 2855/5794 [00:40<00:41, 71.67it/s]
 49%|████▉     | 2863/5794 [00:40<00:40, 71.55it/s]
 50%|████▉     | 2871/5794 [00:40<00:40, 71.63it/s]
 50%|████▉     | 2879/5794 [00:40<00:40, 71.52it/s]
 50%|████▉     | 2887/5794 [00:40<00:40, 71.53it/s]
 50%|████▉     | 2895/5794 [00:40<00:40, 72.03it/s]
 50%|█████     | 2903/5794 [00:40<00:39, 72.57it/s]
 50%|█████     | 2911/5794 [00:40<00:40, 71.88it/s]
 50%|█████     | 2919/5794 [00:40<00:39, 72.13it/s]
 51%|█████     | 2927/5794 [00:41<00:39, 72.38it/s]
 51%|█████     | 2935/5794 [00:41<00:39, 72.38it/s]
 51%|█████     | 2943/5794 [00:41<00:39, 72.48it/s]
 51%|█████     | 2951/5794 [00:41<00:39, 72.36it/s]
 51%|█████     | 2959/5794 [00:41<00:39, 72.27it/s]
 51%|█████     | 2967/5794 [00:41<00:39, 72.13it/s]
 51%|█████▏    | 2975/5794 [00:41<00:38, 72.52it/s]
 51%|█████▏    | 2983/5794 [00:41<00:38, 72.65it/s]
 52%|█████▏    | 2991/5794 [00:41<00:38, 72.76it/s]
 52%|█████▏    | 2999/5794 [00:41<00:38, 72.78it/s]
 52%|█████▏    | 3007/5794 [00:42<00:38, 72.82it/s]
 52%|█████▏    | 3015/5794 [00:42<00:38, 72.66it/s]
 52%|█████▏    | 3023/5794 [00:42<00:38, 72.70it/s]
 52%|█████▏    | 3031/5794 [00:42<00:38, 72.61it/s]
 52%|█████▏    | 3039/5794 [00:42<00:37, 72.69it/s]
 53%|█████▎    | 3047/5794 [00:42<00:37, 72.64it/s]
 53%|█████▎    | 3055/5794 [00:42<00:37, 72.67it/s]
 53%|█████▎    | 3063/5794 [00:42<00:37, 72.71it/s]
 53%|█████▎    | 3071/5794 [00:42<00:37, 72.55it/s]
 53%|█████▎    | 3079/5794 [00:43<00:37, 72.54it/s]
 53%|█████▎    | 3087/5794 [00:43<00:37, 72.31it/s]
 53%|█████▎    | 3095/5794 [00:43<00:37, 72.33it/s]
 54%|█████▎    | 3103/5794 [00:43<00:37, 72.18it/s]
 54%|█████▎    | 3111/5794 [00:43<00:37, 72.27it/s]
 54%|█████▍    | 3119/5794 [00:43<00:36, 72.65it/s]
 54%|█████▍    | 3127/5794 [00:43<00:36, 72.90it/s]
 54%|█████▍    | 3135/5794 [00:43<00:36, 73.35it/s]
 54%|█████▍    | 3143/5794 [00:43<00:36, 73.62it/s]
 54%|█████▍    | 3151/5794 [00:44<00:35, 73.84it/s]
 55%|█████▍    | 3159/5794 [00:44<00:36, 72.97it/s]
 55%|█████▍    | 3167/5794 [00:44<00:36, 72.19it/s]
 55%|█████▍    | 3175/5794 [00:44<00:36, 70.97it/s]
 55%|█████▍    | 3183/5794 [00:44<00:36, 71.57it/s]
 55%|█████▌    | 3191/5794 [00:44<00:36, 72.19it/s]
 55%|█████▌    | 3199/5794 [00:44<00:35, 72.58it/s]
 55%|█████▌    | 3207/5794 [00:44<00:35, 72.79it/s]
 55%|█████▌    | 3215/5794 [00:44<00:35, 73.07it/s]
 56%|█████▌    | 3223/5794 [00:45<00:35, 73.15it/s]
 56%|█████▌    | 3231/5794 [00:45<00:34, 73.30it/s]
 56%|█████▌    | 3239/5794 [00:45<00:34, 73.37it/s]
 56%|█████▌    | 3247/5794 [00:45<00:34, 73.38it/s]
 56%|█████▌    | 3255/5794 [00:45<00:34, 73.50it/s]
 56%|█████▋    | 3263/5794 [00:45<00:35, 70.73it/s]
 56%|█████▋    | 3271/5794 [00:45<00:36, 68.44it/s]
 57%|█████▋    | 3278/5794 [00:45<00:37, 67.12it/s]
 57%|█████▋    | 3285/5794 [00:45<00:37, 66.13it/s]
 57%|█████▋    | 3292/5794 [00:46<00:38, 65.63it/s]
 57%|█████▋    | 3299/5794 [00:46<00:38, 65.22it/s]
 57%|█████▋    | 3306/5794 [00:46<00:38, 64.65it/s]
 57%|█████▋    | 3313/5794 [00:46<00:38, 64.38it/s]
 57%|█████▋    | 3320/5794 [00:46<00:38, 64.02it/s]
 57%|█████▋    | 3327/5794 [00:46<00:38, 64.03it/s]
 58%|█████▊    | 3334/5794 [00:46<00:38, 64.00it/s]
 58%|█████▊    | 3341/5794 [00:46<00:38, 63.98it/s]
 58%|█████▊    | 3348/5794 [00:46<00:38, 64.07it/s]
 58%|█████▊    | 3355/5794 [00:47<00:38, 63.93it/s]
 58%|█████▊    | 3362/5794 [00:47<00:37, 64.02it/s]
 58%|█████▊    | 3369/5794 [00:47<00:37, 64.08it/s]
 58%|█████▊    | 3376/5794 [00:47<00:37, 63.92it/s]
 58%|█████▊    | 3383/5794 [00:47<00:37, 63.98it/s]
 59%|█████▊    | 3390/5794 [00:47<00:37, 63.82it/s]
 59%|█████▊    | 3397/5794 [00:47<00:37, 63.96it/s]
 59%|█████▉    | 3404/5794 [00:47<00:37, 63.88it/s]
 59%|█████▉    | 3411/5794 [00:47<00:37, 63.97it/s]
 59%|█████▉    | 3418/5794 [00:48<00:37, 64.03it/s]
 59%|█████▉    | 3425/5794 [00:48<00:37, 63.92it/s]
 59%|█████▉    | 3432/5794 [00:48<00:36, 63.95it/s]
 59%|█████▉    | 3439/5794 [00:48<00:36, 63.85it/s]
 59%|█████▉    | 3446/5794 [00:48<00:36, 63.95it/s]
 60%|█████▉    | 3453/5794 [00:48<00:36, 64.02it/s]
 60%|█████▉    | 3460/5794 [00:48<00:36, 63.95it/s]
 60%|█████▉    | 3467/5794 [00:48<00:36, 64.01it/s]
 60%|█████▉    | 3474/5794 [00:48<00:36, 63.88it/s]
 60%|██████    | 3481/5794 [00:49<00:36, 63.97it/s]
 60%|██████    | 3488/5794 [00:49<00:36, 64.04it/s]
 60%|██████    | 3495/5794 [00:49<00:35, 63.93it/s]
 60%|██████    | 3502/5794 [00:49<00:35, 64.02it/s]
 61%|██████    | 3509/5794 [00:49<00:35, 63.90it/s]
 61%|██████    | 3516/5794 [00:49<00:35, 64.01it/s]
 61%|██████    | 3523/5794 [00:49<00:35, 63.95it/s]
 61%|██████    | 3530/5794 [00:49<00:35, 63.96it/s]
 61%|██████    | 3538/5794 [00:49<00:34, 66.04it/s]
 61%|██████    | 3546/5794 [00:50<00:33, 67.97it/s]
 61%|██████▏   | 3554/5794 [00:50<00:32, 69.77it/s]
 61%|██████▏   | 3562/5794 [00:50<00:31, 70.09it/s]
 62%|██████▏   | 3570/5794 [00:50<00:31, 70.85it/s]
 62%|██████▏   | 3578/5794 [00:50<00:31, 71.17it/s]
 62%|██████▏   | 3586/5794 [00:50<00:30, 71.62it/s]
 62%|██████▏   | 3594/5794 [00:50<00:30, 71.74it/s]
 62%|██████▏   | 3602/5794 [00:50<00:30, 72.07it/s]
 62%|██████▏   | 3610/5794 [00:50<00:30, 72.04it/s]
 62%|██████▏   | 3618/5794 [00:51<00:30, 72.24it/s]
 63%|██████▎   | 3626/5794 [00:51<00:30, 72.15it/s]
 63%|██████▎   | 3634/5794 [00:51<00:29, 72.18it/s]
 63%|██████▎   | 3642/5794 [00:51<00:29, 72.02it/s]
 63%|██████▎   | 3650/5794 [00:51<00:29, 71.96it/s]
 63%|██████▎   | 3658/5794 [00:51<00:29, 71.90it/s]
 63%|██████▎   | 3666/5794 [00:51<00:29, 71.89it/s]
 63%|██████▎   | 3674/5794 [00:51<00:29, 71.93it/s]
 64%|██████▎   | 3682/5794 [00:51<00:29, 71.94it/s]
 64%|██████▎   | 3690/5794 [00:52<00:29, 72.01it/s]
 64%|██████▍   | 3698/5794 [00:52<00:29, 72.00it/s]
 64%|██████▍   | 3706/5794 [00:52<00:28, 72.14it/s]
 64%|██████▍   | 3714/5794 [00:52<00:28, 72.17it/s]
 64%|██████▍   | 3722/5794 [00:52<00:28, 72.23it/s]
 64%|██████▍   | 3730/5794 [00:52<00:28, 72.19it/s]
 65%|██████▍   | 3738/5794 [00:52<00:28, 72.27it/s]
 65%|██████▍   | 3746/5794 [00:52<00:28, 72.14it/s]
 65%|██████▍   | 3754/5794 [00:52<00:28, 72.37it/s]
 65%|██████▍   | 3762/5794 [00:53<00:28, 72.41it/s]
 65%|██████▌   | 3770/5794 [00:53<00:27, 72.64it/s]
 65%|██████▌   | 3778/5794 [00:53<00:27, 72.56it/s]
 65%|██████▌   | 3786/5794 [00:53<00:27, 72.66it/s]
 65%|██████▌   | 3794/5794 [00:53<00:27, 72.82it/s]
 66%|██████▌   | 3802/5794 [00:53<00:27, 72.78it/s]
 66%|██████▌   | 3810/5794 [00:53<00:27, 72.78it/s]
 66%|██████▌   | 3818/5794 [00:53<00:27, 72.78it/s]
 66%|██████▌   | 3826/5794 [00:53<00:27, 72.28it/s]
 66%|██████▌   | 3834/5794 [00:54<00:27, 72.35it/s]
 66%|██████▋   | 3842/5794 [00:54<00:26, 72.47it/s]
 66%|██████▋   | 3850/5794 [00:54<00:26, 72.52it/s]
 67%|██████▋   | 3858/5794 [00:54<00:26, 72.78it/s]
 67%|██████▋   | 3866/5794 [00:54<00:26, 72.75it/s]
 67%|██████▋   | 3874/5794 [00:54<00:26, 72.86it/s]
 67%|██████▋   | 3882/5794 [00:54<00:26, 72.82it/s]
 67%|██████▋   | 3890/5794 [00:54<00:26, 73.00it/s]
 67%|██████▋   | 3898/5794 [00:54<00:26, 72.88it/s]
 67%|██████▋   | 3906/5794 [00:55<00:25, 73.03it/s]
 68%|██████▊   | 3914/5794 [00:55<00:25, 73.03it/s]
 68%|██████▊   | 3922/5794 [00:55<00:25, 73.11it/s]
 68%|██████▊   | 3930/5794 [00:55<00:25, 73.18it/s]
 68%|██████▊   | 3938/5794 [00:55<00:25, 73.12it/s]
 68%|██████▊   | 3946/5794 [00:55<00:25, 73.27it/s]
 68%|██████▊   | 3954/5794 [00:55<00:25, 73.12it/s]
 68%|██████▊   | 3962/5794 [00:55<00:25, 73.10it/s]
 69%|██████▊   | 3970/5794 [00:55<00:25, 72.94it/s]
 69%|██████▊   | 3978/5794 [00:55<00:24, 72.90it/s]
 69%|██████▉   | 3986/5794 [00:56<00:24, 72.73it/s]
 69%|██████▉   | 3994/5794 [00:56<00:24, 72.78it/s]
 69%|██████▉   | 4002/5794 [00:56<00:24, 72.53it/s]
 69%|██████▉   | 4010/5794 [00:56<00:24, 72.42it/s]
 69%|██████▉   | 4018/5794 [00:56<00:24, 72.20it/s]
 69%|██████▉   | 4026/5794 [00:56<00:24, 72.60it/s]
 70%|██████▉   | 4034/5794 [00:56<00:24, 72.58it/s]
 70%|██████▉   | 4042/5794 [00:56<00:24, 72.67it/s]
 70%|██████▉   | 4050/5794 [00:56<00:24, 72.56it/s]
 70%|███████   | 4058/5794 [00:57<00:23, 72.68it/s]
 70%|███████   | 4066/5794 [00:57<00:23, 72.75it/s]
 70%|███████   | 4074/5794 [00:57<00:23, 72.73it/s]
 70%|███████   | 4082/5794 [00:57<00:23, 72.20it/s]
 71%|███████   | 4090/5794 [00:57<00:23, 72.26it/s]
 71%|███████   | 4098/5794 [00:57<00:23, 72.40it/s]
 71%|███████   | 4106/5794 [00:57<00:23, 72.44it/s]
 71%|███████   | 4114/5794 [00:57<00:23, 72.60it/s]
 71%|███████   | 4122/5794 [00:57<00:23, 72.62it/s]
 71%|███████▏  | 4130/5794 [00:58<00:22, 72.69it/s]
 71%|███████▏  | 4138/5794 [00:58<00:22, 72.71it/s]
 72%|███████▏  | 4146/5794 [00:58<00:22, 72.82it/s]
 72%|███████▏  | 4154/5794 [00:58<00:22, 72.72it/s]
 72%|███████▏  | 4162/5794 [00:58<00:22, 72.80it/s]
 72%|███████▏  | 4170/5794 [00:58<00:22, 72.77it/s]
 72%|███████▏  | 4178/5794 [00:58<00:22, 72.91it/s]
 72%|███████▏  | 4186/5794 [00:58<00:22, 72.78it/s]
 72%|███████▏  | 4194/5794 [00:58<00:21, 72.91it/s]
 73%|███████▎  | 4202/5794 [00:59<00:21, 72.92it/s]
 73%|███████▎  | 4210/5794 [00:59<00:21, 72.87it/s]
 73%|███████▎  | 4218/5794 [00:59<00:21, 72.93it/s]
 73%|███████▎  | 4226/5794 [00:59<00:21, 72.87it/s]
 73%|███████▎  | 4234/5794 [00:59<00:21, 72.94it/s]
 73%|███████▎  | 4242/5794 [00:59<00:21, 72.85it/s]
 73%|███████▎  | 4250/5794 [00:59<00:21, 72.87it/s]
 73%|███████▎  | 4258/5794 [00:59<00:21, 73.04it/s]
 74%|███████▎  | 4266/5794 [00:59<00:20, 73.14it/s]
 74%|███████▍  | 4274/5794 [01:00<00:20, 73.18it/s]
 74%|███████▍  | 4282/5794 [01:00<00:20, 73.27it/s]
 74%|███████▍  | 4290/5794 [01:00<00:20, 72.70it/s]
 74%|███████▍  | 4298/5794 [01:00<00:20, 73.00it/s]
 74%|███████▍  | 4306/5794 [01:00<00:20, 71.19it/s]
 74%|███████▍  | 4314/5794 [01:00<00:21, 69.01it/s]
 75%|███████▍  | 4321/5794 [01:00<00:21, 67.64it/s]
 75%|███████▍  | 4328/5794 [01:00<00:22, 66.61it/s]
 75%|███████▍  | 4335/5794 [01:00<00:22, 65.44it/s]
 75%|███████▍  | 4342/5794 [01:01<00:22, 65.06it/s]
 75%|███████▌  | 4349/5794 [01:01<00:22, 64.89it/s]
 75%|███████▌  | 4356/5794 [01:01<00:22, 64.50it/s]
 75%|███████▌  | 4363/5794 [01:01<00:22, 64.37it/s]
 75%|███████▌  | 4370/5794 [01:01<00:22, 64.12it/s]
 76%|███████▌  | 4377/5794 [01:01<00:22, 63.83it/s]
 76%|███████▌  | 4384/5794 [01:01<00:22, 63.92it/s]
 76%|███████▌  | 4391/5794 [01:01<00:22, 63.04it/s]
 76%|███████▌  | 4398/5794 [01:01<00:22, 63.40it/s]
 76%|███████▌  | 4405/5794 [01:02<00:21, 63.50it/s]
 76%|███████▌  | 4412/5794 [01:02<00:21, 63.13it/s]
 76%|███████▋  | 4419/5794 [01:02<00:21, 63.40it/s]
 76%|███████▋  | 4426/5794 [01:02<00:21, 63.55it/s]
 77%|███████▋  | 4433/5794 [01:02<00:21, 63.39it/s]
 77%|███████▋  | 4440/5794 [01:02<00:21, 63.64it/s]
 77%|███████▋  | 4447/5794 [01:02<00:21, 63.54it/s]
 77%|███████▋  | 4454/5794 [01:02<00:20, 64.69it/s]
 77%|███████▋  | 4462/5794 [01:02<00:19, 67.11it/s]
 77%|███████▋  | 4470/5794 [01:03<00:19, 69.09it/s]
 77%|███████▋  | 4478/5794 [01:03<00:18, 70.19it/s]
 77%|███████▋  | 4486/5794 [01:03<00:18, 71.34it/s]
 78%|███████▊  | 4494/5794 [01:03<00:18, 71.84it/s]
 78%|███████▊  | 4502/5794 [01:03<00:17, 72.48it/s]
 78%|███████▊  | 4510/5794 [01:03<00:17, 72.63it/s]
 78%|███████▊  | 4518/5794 [01:03<00:17, 73.06it/s]
 78%|███████▊  | 4526/5794 [01:03<00:17, 70.80it/s]
 78%|███████▊  | 4534/5794 [01:03<00:18, 68.84it/s]
 78%|███████▊  | 4541/5794 [01:04<00:18, 67.53it/s]
 78%|███████▊  | 4548/5794 [01:04<00:18, 66.50it/s]
 79%|███████▊  | 4555/5794 [01:04<00:18, 65.96it/s]
 79%|███████▊  | 4562/5794 [01:04<00:18, 65.40it/s]
 79%|███████▉  | 4569/5794 [01:04<00:18, 65.11it/s]
 79%|███████▉  | 4576/5794 [01:04<00:18, 65.92it/s]
 79%|███████▉  | 4584/5794 [01:04<00:17, 67.54it/s]
 79%|███████▉  | 4592/5794 [01:04<00:17, 69.45it/s]
 79%|███████▉  | 4600/5794 [01:04<00:16, 70.74it/s]
 80%|███████▉  | 4608/5794 [01:05<00:16, 71.79it/s]
 80%|███████▉  | 4616/5794 [01:05<00:16, 72.43it/s]
 80%|███████▉  | 4624/5794 [01:05<00:16, 72.98it/s]
 80%|███████▉  | 4632/5794 [01:05<00:15, 73.22it/s]
 80%|████████  | 4640/5794 [01:05<00:15, 73.56it/s]
 80%|████████  | 4648/5794 [01:05<00:15, 73.67it/s]
 80%|████████  | 4656/5794 [01:05<00:15, 73.72it/s]
 80%|████████  | 4664/5794 [01:05<00:15, 73.73it/s]
 81%|████████  | 4672/5794 [01:05<00:15, 73.63it/s]
 81%|████████  | 4680/5794 [01:06<00:15, 71.10it/s]
 81%|████████  | 4688/5794 [01:06<00:15, 69.42it/s]
 81%|████████  | 4696/5794 [01:06<00:15, 68.86it/s]
 81%|████████  | 4703/5794 [01:06<00:16, 67.02it/s]
 81%|████████▏ | 4710/5794 [01:06<00:16, 66.03it/s]
 81%|████████▏ | 4717/5794 [01:06<00:16, 65.02it/s]
 82%|████████▏ | 4724/5794 [01:06<00:16, 64.44it/s]
 82%|████████▏ | 4731/5794 [01:06<00:16, 64.08it/s]
 82%|████████▏ | 4738/5794 [01:06<00:16, 63.83it/s]
 82%|████████▏ | 4746/5794 [01:07<00:15, 65.76it/s]
 82%|████████▏ | 4753/5794 [01:07<00:15, 66.27it/s]
 82%|████████▏ | 4761/5794 [01:07<00:15, 67.65it/s]
 82%|████████▏ | 4769/5794 [01:07<00:14, 68.57it/s]
 82%|████████▏ | 4777/5794 [01:07<00:14, 69.41it/s]
 83%|████████▎ | 4785/5794 [01:07<00:14, 69.84it/s]
 83%|████████▎ | 4793/5794 [01:07<00:14, 70.25it/s]
 83%|████████▎ | 4801/5794 [01:07<00:14, 70.32it/s]
 83%|████████▎ | 4809/5794 [01:07<00:13, 70.63it/s]
 83%|████████▎ | 4817/5794 [01:08<00:13, 70.63it/s]
 83%|████████▎ | 4825/5794 [01:08<00:13, 70.80it/s]
 83%|████████▎ | 4833/5794 [01:08<00:13, 70.64it/s]
 84%|████████▎ | 4841/5794 [01:08<00:13, 70.63it/s]
 84%|████████▎ | 4849/5794 [01:08<00:13, 70.59it/s]
 84%|████████▍ | 4857/5794 [01:08<00:13, 70.81it/s]
 84%|████████▍ | 4865/5794 [01:08<00:13, 69.99it/s]
 84%|████████▍ | 4873/5794 [01:08<00:13, 70.26it/s]
 84%|████████▍ | 4881/5794 [01:08<00:12, 70.43it/s]
 84%|████████▍ | 4889/5794 [01:09<00:12, 70.64it/s]
 85%|████████▍ | 4897/5794 [01:09<00:12, 70.55it/s]
 85%|████████▍ | 4905/5794 [01:09<00:12, 70.56it/s]
 85%|████████▍ | 4913/5794 [01:09<00:12, 70.68it/s]
 85%|████████▍ | 4921/5794 [01:09<00:12, 70.74it/s]
 85%|████████▌ | 4929/5794 [01:09<00:12, 71.11it/s]
 85%|████████▌ | 4937/5794 [01:09<00:12, 71.38it/s]
 85%|████████▌ | 4945/5794 [01:09<00:12, 70.50it/s]
 85%|████████▌ | 4953/5794 [01:09<00:12, 68.00it/s]
 86%|████████▌ | 4960/5794 [01:10<00:12, 66.78it/s]
 86%|████████▌ | 4967/5794 [01:10<00:12, 65.85it/s]
 86%|████████▌ | 4974/5794 [01:10<00:12, 65.07it/s]
 86%|████████▌ | 4981/5794 [01:10<00:12, 64.59it/s]
 86%|████████▌ | 4988/5794 [01:10<00:12, 64.34it/s]
 86%|████████▌ | 4995/5794 [01:10<00:12, 64.44it/s]
 86%|████████▋ | 5002/5794 [01:10<00:12, 64.19it/s]
 86%|████████▋ | 5009/5794 [01:10<00:12, 64.32it/s]
 87%|████████▋ | 5016/5794 [01:10<00:12, 64.29it/s]
 87%|████████▋ | 5023/5794 [01:11<00:12, 64.13it/s]
 87%|████████▋ | 5030/5794 [01:11<00:11, 64.18it/s]
 87%|████████▋ | 5037/5794 [01:11<00:11, 63.95it/s]
 87%|████████▋ | 5044/5794 [01:11<00:11, 63.60it/s]
 87%|████████▋ | 5051/5794 [01:11<00:11, 63.58it/s]
 87%|████████▋ | 5058/5794 [01:11<00:11, 63.41it/s]
 87%|████████▋ | 5065/5794 [01:11<00:11, 63.14it/s]
 88%|████████▊ | 5072/5794 [01:11<00:11, 63.33it/s]
 88%|████████▊ | 5079/5794 [01:11<00:11, 63.70it/s]
 88%|████████▊ | 5086/5794 [01:12<00:11, 63.71it/s]
 88%|████████▊ | 5093/5794 [01:12<00:10, 63.89it/s]
 88%|████████▊ | 5100/5794 [01:12<00:10, 63.94it/s]
 88%|████████▊ | 5107/5794 [01:12<00:10, 63.84it/s]
 88%|████████▊ | 5115/5794 [01:12<00:10, 66.76it/s]
 88%|████████▊ | 5123/5794 [01:12<00:09, 68.65it/s]
 89%|████████▊ | 5131/5794 [01:12<00:09, 70.29it/s]
 89%|████████▊ | 5139/5794 [01:12<00:09, 71.20it/s]
 89%|████████▉ | 5147/5794 [01:12<00:08, 71.98it/s]
 89%|████████▉ | 5155/5794 [01:13<00:08, 72.35it/s]
 89%|████████▉ | 5163/5794 [01:13<00:08, 72.88it/s]
 89%|████████▉ | 5171/5794 [01:13<00:08, 73.14it/s]
 89%|████████▉ | 5179/5794 [01:13<00:08, 73.20it/s]
 90%|████████▉ | 5187/5794 [01:13<00:08, 73.46it/s]
 90%|████████▉ | 5195/5794 [01:13<00:08, 73.49it/s]
 90%|████████▉ | 5203/5794 [01:13<00:08, 73.47it/s]
 90%|████████▉ | 5211/5794 [01:13<00:07, 73.46it/s]
 90%|█████████ | 5219/5794 [01:13<00:07, 73.39it/s]
 90%|█████████ | 5227/5794 [01:14<00:07, 73.25it/s]
 90%|█████████ | 5235/5794 [01:14<00:07, 73.13it/s]
 90%|█████████ | 5243/5794 [01:14<00:07, 72.92it/s]
 91%|█████████ | 5251/5794 [01:14<00:07, 72.94it/s]
 91%|█████████ | 5259/5794 [01:14<00:07, 72.85it/s]
 91%|█████████ | 5267/5794 [01:14<00:07, 72.70it/s]
 91%|█████████ | 5275/5794 [01:14<00:07, 72.55it/s]
 91%|█████████ | 5283/5794 [01:14<00:07, 72.39it/s]
 91%|█████████▏| 5291/5794 [01:14<00:06, 72.26it/s]
 91%|█████████▏| 5299/5794 [01:15<00:06, 71.82it/s]
 92%|█████████▏| 5307/5794 [01:15<00:06, 72.11it/s]
 92%|█████████▏| 5315/5794 [01:15<00:06, 72.17it/s]
 92%|█████████▏| 5323/5794 [01:15<00:06, 72.00it/s]
 92%|█████████▏| 5331/5794 [01:15<00:06, 72.23it/s]
 92%|█████████▏| 5339/5794 [01:15<00:06, 72.73it/s]
 92%|█████████▏| 5347/5794 [01:15<00:06, 72.95it/s]
 92%|█████████▏| 5355/5794 [01:15<00:06, 72.96it/s]
 93%|█████████▎| 5363/5794 [01:15<00:05, 73.06it/s]
 93%|█████████▎| 5371/5794 [01:16<00:05, 73.17it/s]
 93%|█████████▎| 5379/5794 [01:16<00:05, 73.23it/s]
 93%|█████████▎| 5387/5794 [01:16<00:05, 73.10it/s]
 93%|█████████▎| 5395/5794 [01:16<00:05, 73.05it/s]
 93%|█████████▎| 5403/5794 [01:16<00:05, 73.05it/s]
 93%|█████████▎| 5411/5794 [01:16<00:05, 72.14it/s]
 94%|█████████▎| 5419/5794 [01:16<00:05, 72.47it/s]
 94%|█████████▎| 5427/5794 [01:16<00:05, 72.81it/s]
 94%|█████████▍| 5435/5794 [01:16<00:04, 73.15it/s]
 94%|█████████▍| 5443/5794 [01:17<00:04, 73.39it/s]
 94%|█████████▍| 5451/5794 [01:17<00:04, 73.32it/s]
 94%|█████████▍| 5459/5794 [01:17<00:04, 73.19it/s]
 94%|█████████▍| 5467/5794 [01:17<00:04, 72.66it/s]
 94%|█████████▍| 5475/5794 [01:17<00:04, 72.04it/s]
 95%|█████████▍| 5483/5794 [01:17<00:04, 71.33it/s]
 95%|█████████▍| 5491/5794 [01:17<00:04, 69.00it/s]
 95%|█████████▍| 5498/5794 [01:17<00:04, 67.49it/s]
 95%|█████████▌| 5505/5794 [01:17<00:04, 66.55it/s]
 95%|█████████▌| 5512/5794 [01:18<00:04, 65.79it/s]
 95%|█████████▌| 5519/5794 [01:18<00:04, 65.35it/s]
 95%|█████████▌| 5526/5794 [01:18<00:04, 65.01it/s]
 95%|█████████▌| 5533/5794 [01:18<00:04, 64.68it/s]
 96%|█████████▌| 5540/5794 [01:18<00:03, 64.57it/s]
 96%|█████████▌| 5547/5794 [01:18<00:03, 64.14it/s]
 96%|█████████▌| 5554/5794 [01:18<00:03, 63.99it/s]
 96%|█████████▌| 5561/5794 [01:18<00:03, 63.99it/s]
 96%|█████████▌| 5568/5794 [01:18<00:03, 64.28it/s]
 96%|█████████▌| 5575/5794 [01:19<00:03, 63.70it/s]
 96%|█████████▋| 5582/5794 [01:19<00:03, 63.72it/s]
 96%|█████████▋| 5589/5794 [01:19<00:03, 63.72it/s]
 97%|█████████▋| 5596/5794 [01:19<00:03, 63.93it/s]
 97%|█████████▋| 5603/5794 [01:19<00:02, 63.78it/s]
 97%|█████████▋| 5610/5794 [01:19<00:02, 63.90it/s]
 97%|█████████▋| 5617/5794 [01:19<00:02, 63.69it/s]
 97%|█████████▋| 5624/5794 [01:19<00:02, 63.67it/s]
 97%|█████████▋| 5631/5794 [01:19<00:02, 63.75it/s]
 97%|█████████▋| 5638/5794 [01:19<00:02, 63.82it/s]
 97%|█████████▋| 5645/5794 [01:20<00:02, 63.98it/s]
 98%|█████████▊| 5652/5794 [01:20<00:02, 63.86it/s]
 98%|█████████▊| 5659/5794 [01:20<00:02, 64.01it/s]
 98%|█████████▊| 5666/5794 [01:20<00:02, 63.93it/s]
 98%|█████████▊| 5673/5794 [01:20<00:01, 64.08it/s]
 98%|█████████▊| 5680/5794 [01:20<00:01, 64.17it/s]
 98%|█████████▊| 5687/5794 [01:20<00:01, 64.07it/s]
 98%|█████████▊| 5694/5794 [01:20<00:01, 64.08it/s]
 98%|█████████▊| 5702/5794 [01:20<00:01, 66.74it/s]
 99%|█████████▊| 5710/5794 [01:21<00:01, 68.82it/s]
 99%|█████████▊| 5718/5794 [01:21<00:01, 69.36it/s]
 99%|█████████▉| 5725/5794 [01:21<00:01, 67.67it/s]
 99%|█████████▉| 5732/5794 [01:21<00:00, 66.55it/s]
 99%|█████████▉| 5739/5794 [01:21<00:00, 64.86it/s]
 99%|█████████▉| 5746/5794 [01:21<00:00, 64.66it/s]
 99%|█████████▉| 5753/5794 [01:21<00:00, 64.39it/s]
 99%|█████████▉| 5760/5794 [01:21<00:00, 64.41it/s]
100%|█████████▉| 5767/5794 [01:21<00:00, 64.29it/s]
100%|█████████▉| 5774/5794 [01:22<00:00, 64.21it/s]
100%|█████████▉| 5781/5794 [01:22<00:00, 64.28it/s]
100%|█████████▉| 5788/5794 [01:22<00:00, 64.07it/s]
100%|██████████| 5794/5794 [01:22<00:00, 70.28it/s]
BALANCED ACCS CHECKED FOR TEST
TEST SET RESULTS FOR CHECKPOINT trained_weights/waterbirds/gals_waterbird_1.0_forest2water2_21048936_trial_000/best_balanced_valacc_0.57_epoch_0.ckpt
test_acc: 0.6788056610286504
balanced_test_acc: 0.5588686615413307
Land_on_Land_test_acc: 0.9960088691796009
Land_on_Water_test_acc: 0.5525498891352549
Water_on_Land_test_acc: 0.018691588785046728
Water_on_Water_test_acc: 0.6682242990654206
test_acc_Waterbird: 0.34345794392523366
test_acc_Landbird: 0.774279379157428
