[CMD] /home/ryreu/miniconda3/envs/gals_a100/bin/python -u main.py --config configs/waterbirds_95_gals_vit.yaml --name gals_waterbird_complete95_forest2water2_21050491_trial_000 DATA.ROOT=/home/ryreu/guided_cnn/waterbirds DATA.WATERBIRDS_DIR=waterbird_complete95_forest2water2 SEED=0 EXP.BASE.LR=0.0010000000000000002 EXP.CLASSIFIER.LR=9.999999999999991e-05 EXP.WEIGHT_DECAY=9.999999999999997e-06 EXP.AUX_LOSSES_ON_VAL=False EXP.LOSSES.GRADIENT_OUTSIDE.WEIGHT=10.000000000000002 EXP.NUM_EPOCHS=1
SEED: 0
DATA:
  BATCH_SIZE: 96
  NUM_WORKERS: 4
  SIZE: 224
  NORMALIZATION: imagenet
  ATTENTION_DIR: clip_vit_attention
  SEPARATE_CLASSES: false
  REMOVE_BACKGROUND: false
  ROOT: /home/ryreu/guided_cnn/waterbirds
  USE_CLASS_WEIGHTS: false
  USE_GROUP_WEIGHTS: false
  DATASET: waterbirds
  NUM_CLASSES: 2
  CONFOUNDING_FACTOR: 0.95
  WATERBIRDS_DIR: waterbird_complete95_forest2water2
EXP:
  NUM_TRIALS: 1
  LOSSES:
    CLASSIFICATION:
      WEIGHT: 1
    GRADIENT_OUTSIDE:
      COMPUTE: true
      LOG: false
      WEIGHT: 10.000000000000002
      CRITERION: L1
      GT: clip_vit
      COMBINE_ATT_MODE: average_nonzero
    GRADIENT_INSIDE:
      COMPUTE: false
      LOG: false
      WEIGHT: 1
      CRITERION: L1
      GT: segmentation
      COMBINE_ATT_MODE: average_nonzero
    GRADCAM:
      COMPUTE: false
      LOG: false
      WEIGHT: 1
      CRITERION: L1
      GT: segmentation
      MODE: match
      COMBINE_ATT_MODE: average_nonzero
  APPROACH: generic
  MODEL: resnet50
  PRETRAINED: true
  NUM_EPOCHS: 1
  OPTIMIZER: SGD
  WEIGHT_DECAY: 9.999999999999997e-06
  MOMENTUM: 0.9
  SCHEDULER: NONE
  BASE:
    LR: 0.0010000000000000002
  CLASSIFIER:
    LR: 9.999999999999991e-05
  AUX_LOSSES_ON_VAL: false
LOGGING:
  SAVE_EVERY: 0
  SAVE_BEST: true
  SAVE_LAST: false
  LOG_ATTENTION: false
  LOG_ATTENTION_STEP: 10
  SAVE_STATS_PATH: null
yaml: configs/waterbirds_95_gals_vit.yaml
name: gals_waterbird_complete95_forest2water2_21050491_trial_000
test_checkpoint: null

WATERBIRDS DIR: /home/ryreu/guided_cnn/waterbirds/waterbird_complete95_forest2water2
NUMBER OF SAMPLES WITH LABEL Landbird: 3682
NUMBER OF SAMPLES WITH LABEL Waterbird: 1113
NUMBER OF SAMPLES WITH GROUP Land_on_Land: 3498
NUMBER OF SAMPLES WITH GROUP Land_on_Water: 184
NUMBER OF SAMPLES WITH GROUP Water_on_Land: 56
NUMBER OF SAMPLES WITH GROUP Water_on_Water: 1057
WATERBIRDS DIR: /home/ryreu/guided_cnn/waterbirds/waterbird_complete95_forest2water2
NUMBER OF SAMPLES WITH LABEL Landbird: 933
NUMBER OF SAMPLES WITH LABEL Waterbird: 266
NUMBER OF SAMPLES WITH GROUP Land_on_Land: 467
NUMBER OF SAMPLES WITH GROUP Land_on_Water: 466
NUMBER OF SAMPLES WITH GROUP Water_on_Land: 133
NUMBER OF SAMPLES WITH GROUP Water_on_Water: 133
NUM TRAIN: 4795

NUM VAL:   1199

Number classifier outputs: 1
Using pretrained model: True
USING SGD OPTIMIZER
class weights: None
group weights: None
WANDB DISABLED: skipping wandb.init()
EPOCH: 0

>>> TRAINING 


  0%|          | 0/50 [00:00<?, ?it/s]
  2%|▏         | 1/50 [00:04<03:40,  4.50s/it]
  4%|▍         | 2/50 [00:05<02:01,  2.52s/it]
  6%|▌         | 3/50 [00:06<01:27,  1.87s/it]
  8%|▊         | 4/50 [00:07<01:11,  1.56s/it]
 10%|█         | 5/50 [00:08<01:02,  1.39s/it]
 12%|█▏        | 6/50 [00:09<00:56,  1.29s/it]
 14%|█▍        | 7/50 [00:11<00:52,  1.22s/it]
 16%|█▌        | 8/50 [00:12<00:49,  1.18s/it]
 18%|█▊        | 9/50 [00:13<00:47,  1.15s/it]
 20%|██        | 10/50 [00:14<00:45,  1.13s/it]
 22%|██▏       | 11/50 [00:15<00:43,  1.12s/it]
 24%|██▍       | 12/50 [00:16<00:42,  1.11s/it]
 26%|██▌       | 13/50 [00:17<00:40,  1.11s/it]
 28%|██▊       | 14/50 [00:18<00:39,  1.11s/it]
 30%|███       | 15/50 [00:19<00:38,  1.10s/it]
 32%|███▏      | 16/50 [00:20<00:37,  1.10s/it]
 34%|███▍      | 17/50 [00:21<00:36,  1.10s/it]
 36%|███▌      | 18/50 [00:23<00:34,  1.09s/it]
 38%|███▊      | 19/50 [00:24<00:33,  1.09s/it]
 40%|████      | 20/50 [00:25<00:32,  1.09s/it]
 42%|████▏     | 21/50 [00:26<00:31,  1.10s/it]
 44%|████▍     | 22/50 [00:27<00:30,  1.10s/it]
 46%|████▌     | 23/50 [00:28<00:29,  1.10s/it]
 48%|████▊     | 24/50 [00:29<00:28,  1.10s/it]
 50%|█████     | 25/50 [00:30<00:27,  1.10s/it]
 52%|█████▏    | 26/50 [00:31<00:26,  1.10s/it]
 54%|█████▍    | 27/50 [00:32<00:25,  1.10s/it]
 56%|█████▌    | 28/50 [00:34<00:24,  1.10s/it]
 58%|█████▊    | 29/50 [00:35<00:23,  1.10s/it]
 60%|██████    | 30/50 [00:36<00:21,  1.09s/it]
 62%|██████▏   | 31/50 [00:37<00:20,  1.09s/it]
 64%|██████▍   | 32/50 [00:38<00:19,  1.08s/it]
 66%|██████▌   | 33/50 [00:39<00:18,  1.08s/it]
 68%|██████▊   | 34/50 [00:40<00:17,  1.08s/it]
 70%|███████   | 35/50 [00:41<00:16,  1.08s/it]
 72%|███████▏  | 36/50 [00:42<00:15,  1.08s/it]
 74%|███████▍  | 37/50 [00:43<00:14,  1.08s/it]
 76%|███████▌  | 38/50 [00:44<00:12,  1.08s/it]
 78%|███████▊  | 39/50 [00:45<00:11,  1.08s/it]
 80%|████████  | 40/50 [00:47<00:10,  1.08s/it]
 82%|████████▏ | 41/50 [00:48<00:09,  1.08s/it]
 84%|████████▍ | 42/50 [00:49<00:08,  1.08s/it]
 86%|████████▌ | 43/50 [00:50<00:07,  1.08s/it]
 88%|████████▊ | 44/50 [00:51<00:06,  1.08s/it]
 90%|█████████ | 45/50 [00:52<00:05,  1.08s/it]
 92%|█████████▏| 46/50 [00:53<00:04,  1.08s/it]
 94%|█████████▍| 47/50 [00:54<00:03,  1.08s/it]
 96%|█████████▌| 48/50 [00:55<00:02,  1.08s/it]
 98%|█████████▊| 49/50 [00:56<00:01,  1.08s/it]
100%|██████████| 50/50 [00:57<00:00,  1.08s/it]
100%|██████████| 50/50 [00:57<00:00,  1.16s/it]
>>> VALIDATING 


  0%|          | 0/13 [00:00<?, ?it/s]
  8%|▊         | 1/13 [00:01<00:12,  1.02s/it]
 23%|██▎       | 3/13 [00:01<00:03,  3.16it/s]
 38%|███▊      | 5/13 [00:01<00:02,  3.30it/s]
 46%|████▌     | 6/13 [00:01<00:01,  4.01it/s]
 62%|██████▏   | 8/13 [00:01<00:00,  5.83it/s]
 77%|███████▋  | 10/13 [00:02<00:00,  4.53it/s]
 92%|█████████▏| 12/13 [00:02<00:00,  6.03it/s]
100%|██████████| 13/13 [00:02<00:00,  4.57it/s]
>>> LOGGING 

BALANCED ACCS CHECKED FOR TRAIN
BALANCED ACCS CHECKED FOR VAL
train_acc: 0.7067778936392075
val_acc: 0.713094245204337
train_cls_loss: 0.49542282981345503
val_cls_loss: 0.52809833426392
train_total_loss: 0.4954488380111917
val_total_loss: 0.52809833426392
balanced_train_acc: 0.5683488260071946
balanced_val_acc: 0.5455459388019889
Land_on_Land_train_acc: 0.8319039451114922
Land_on_Land_val_acc: 0.9978586723768736
Land_on_Water_train_acc: 0.7282608695652174
Land_on_Water_val_acc: 0.6952789699570815
Water_on_Land_train_acc: 0.14285714285714285
Water_on_Land_val_acc: 0.007518796992481203
Water_on_Water_train_acc: 0.31882686849574265
Water_on_Water_val_acc: 0.48120300751879697
train_dydx_outside_clip_vit_loss: 2.6005404255294888e-05
train_acc_Landbird: 0.8267246061922868
train_acc_Waterbird: 0.30997304582210244
val_acc_Landbird: 0.8467309753483387
val_acc_Waterbird: 0.24436090225563908
TRAIN ACC:        0.7067778936392075
VAL ACC:          0.713094245204337
BALANCED VAL ACC: 0.5455459388019889
prev best list: []
Saving to trained_weights/waterbirds/gals_waterbird_complete95_forest2water2_21050491_trial_000/best_balanced_valacc_0.55_epoch_0.ckpt
>>> EVALUATING ON TEST SET
WATERBIRDS DIR: /home/ryreu/guided_cnn/waterbirds/waterbird_complete95_forest2water2
NUMBER OF SAMPLES WITH LABEL Landbird: 4510
NUMBER OF SAMPLES WITH LABEL Waterbird: 1284
NUMBER OF SAMPLES WITH GROUP Land_on_Land: 2255
NUMBER OF SAMPLES WITH GROUP Land_on_Water: 2255
NUMBER OF SAMPLES WITH GROUP Water_on_Land: 642
NUMBER OF SAMPLES WITH GROUP Water_on_Water: 642
NUM TEST:   5794

Loaded checkpoint trained_weights/waterbirds/gals_waterbird_complete95_forest2water2_21050491_trial_000/best_balanced_valacc_0.55_epoch_0.ckpt

  0%|          | 0/5794 [00:00<?, ?it/s]
  0%|          | 1/5794 [00:00<27:31,  3.51it/s]
  0%|          | 8/5794 [00:00<03:50, 25.15it/s]
  0%|          | 16/5794 [00:00<02:20, 41.17it/s]
  0%|          | 24/5794 [00:00<01:52, 51.12it/s]
  1%|          | 32/5794 [00:00<01:39, 57.84it/s]
  1%|          | 39/5794 [00:00<01:33, 61.36it/s]
  1%|          | 47/5794 [00:00<01:28, 64.93it/s]
  1%|          | 55/5794 [00:01<01:25, 67.11it/s]
  1%|          | 63/5794 [00:01<01:23, 68.87it/s]
  1%|          | 71/5794 [00:01<01:21, 69.85it/s]
  1%|▏         | 79/5794 [00:01<01:20, 70.77it/s]
  2%|▏         | 87/5794 [00:01<01:19, 71.36it/s]
  2%|▏         | 95/5794 [00:01<01:19, 71.56it/s]
  2%|▏         | 103/5794 [00:01<01:19, 71.70it/s]
  2%|▏         | 111/5794 [00:01<01:19, 71.60it/s]
  2%|▏         | 119/5794 [00:01<01:19, 71.46it/s]
  2%|▏         | 127/5794 [00:02<01:19, 71.32it/s]
  2%|▏         | 135/5794 [00:02<01:19, 70.96it/s]
  2%|▏         | 143/5794 [00:02<01:19, 70.84it/s]
  3%|▎         | 151/5794 [00:02<01:19, 71.18it/s]
  3%|▎         | 159/5794 [00:02<01:19, 71.26it/s]
  3%|▎         | 167/5794 [00:02<01:18, 71.42it/s]
  3%|▎         | 175/5794 [00:02<01:18, 71.42it/s]
  3%|▎         | 183/5794 [00:02<01:18, 71.59it/s]
  3%|▎         | 191/5794 [00:02<01:18, 71.33it/s]
  3%|▎         | 199/5794 [00:03<01:18, 71.32it/s]
  4%|▎         | 207/5794 [00:03<01:18, 71.14it/s]
  4%|▎         | 215/5794 [00:03<01:18, 71.13it/s]
  4%|▍         | 223/5794 [00:03<01:18, 70.68it/s]
  4%|▍         | 231/5794 [00:03<01:18, 70.69it/s]
  4%|▍         | 239/5794 [00:03<01:18, 70.79it/s]
  4%|▍         | 247/5794 [00:03<01:21, 68.00it/s]
  4%|▍         | 254/5794 [00:03<01:22, 67.19it/s]
  5%|▍         | 261/5794 [00:03<01:23, 66.34it/s]
  5%|▍         | 268/5794 [00:04<01:24, 65.76it/s]
  5%|▍         | 275/5794 [00:04<01:23, 66.21it/s]
  5%|▍         | 283/5794 [00:04<01:20, 68.64it/s]
  5%|▌         | 290/5794 [00:04<01:22, 66.95it/s]
  5%|▌         | 297/5794 [00:04<01:23, 66.10it/s]
  5%|▌         | 304/5794 [00:04<01:24, 65.25it/s]
  5%|▌         | 311/5794 [00:04<01:24, 64.90it/s]
  5%|▌         | 318/5794 [00:04<01:24, 64.58it/s]
  6%|▌         | 325/5794 [00:04<01:24, 64.51it/s]
  6%|▌         | 332/5794 [00:05<01:24, 64.36it/s]
  6%|▌         | 339/5794 [00:05<01:24, 64.61it/s]
  6%|▌         | 346/5794 [00:05<01:24, 64.37it/s]
  6%|▌         | 353/5794 [00:05<01:24, 64.34it/s]
  6%|▌         | 360/5794 [00:05<01:24, 64.18it/s]
  6%|▋         | 367/5794 [00:05<01:24, 64.26it/s]
  6%|▋         | 374/5794 [00:05<01:24, 64.32it/s]
  7%|▋         | 381/5794 [00:05<01:24, 64.09it/s]
  7%|▋         | 388/5794 [00:05<01:24, 64.18it/s]
  7%|▋         | 395/5794 [00:06<01:24, 64.02it/s]
  7%|▋         | 402/5794 [00:06<01:24, 64.02it/s]
  7%|▋         | 409/5794 [00:06<01:22, 65.07it/s]
  7%|▋         | 417/5794 [00:06<01:19, 67.59it/s]
  7%|▋         | 425/5794 [00:06<01:17, 69.52it/s]
  7%|▋         | 433/5794 [00:06<01:15, 70.78it/s]
  8%|▊         | 441/5794 [00:06<01:13, 72.59it/s]
  8%|▊         | 449/5794 [00:06<01:13, 72.91it/s]
  8%|▊         | 457/5794 [00:06<01:13, 73.03it/s]
  8%|▊         | 465/5794 [00:07<01:13, 72.86it/s]
  8%|▊         | 473/5794 [00:07<01:12, 73.23it/s]
  8%|▊         | 481/5794 [00:07<01:12, 73.28it/s]
  8%|▊         | 489/5794 [00:07<01:12, 73.06it/s]
  9%|▊         | 497/5794 [00:07<01:12, 73.23it/s]
  9%|▊         | 505/5794 [00:07<01:12, 73.43it/s]
  9%|▉         | 513/5794 [00:07<01:11, 73.42it/s]
  9%|▉         | 521/5794 [00:07<01:11, 73.59it/s]
  9%|▉         | 529/5794 [00:07<01:11, 73.61it/s]
  9%|▉         | 537/5794 [00:07<01:11, 73.65it/s]
  9%|▉         | 545/5794 [00:08<01:11, 73.41it/s]
 10%|▉         | 553/5794 [00:08<01:11, 73.31it/s]
 10%|▉         | 561/5794 [00:08<01:11, 73.08it/s]
 10%|▉         | 569/5794 [00:08<01:11, 73.01it/s]
 10%|▉         | 577/5794 [00:08<01:11, 72.98it/s]
 10%|█         | 585/5794 [00:08<01:11, 72.96it/s]
 10%|█         | 593/5794 [00:08<01:11, 73.09it/s]
 10%|█         | 601/5794 [00:08<01:11, 72.89it/s]
 11%|█         | 609/5794 [00:08<01:10, 73.05it/s]
 11%|█         | 617/5794 [00:09<01:11, 72.82it/s]
 11%|█         | 625/5794 [00:09<01:10, 73.12it/s]
 11%|█         | 633/5794 [00:09<01:10, 72.87it/s]
 11%|█         | 641/5794 [00:09<01:10, 73.05it/s]
 11%|█         | 649/5794 [00:09<01:10, 72.91it/s]
 11%|█▏        | 657/5794 [00:09<01:10, 73.06it/s]
 11%|█▏        | 665/5794 [00:09<01:10, 73.10it/s]
 12%|█▏        | 673/5794 [00:09<01:10, 73.00it/s]
 12%|█▏        | 681/5794 [00:09<01:09, 73.08it/s]
 12%|█▏        | 689/5794 [00:10<01:10, 72.52it/s]
 12%|█▏        | 697/5794 [00:10<01:13, 69.60it/s]
 12%|█▏        | 704/5794 [00:10<01:15, 67.66it/s]
 12%|█▏        | 711/5794 [00:10<01:16, 66.63it/s]
 12%|█▏        | 718/5794 [00:10<01:17, 65.46it/s]
 13%|█▎        | 725/5794 [00:10<01:16, 66.68it/s]
 13%|█▎        | 733/5794 [00:10<01:14, 68.15it/s]
 13%|█▎        | 740/5794 [00:10<01:15, 66.97it/s]
 13%|█▎        | 747/5794 [00:10<01:15, 66.56it/s]
 13%|█▎        | 755/5794 [00:11<01:13, 68.39it/s]
 13%|█▎        | 763/5794 [00:11<01:12, 69.09it/s]
 13%|█▎        | 770/5794 [00:11<01:13, 67.93it/s]
 13%|█▎        | 777/5794 [00:11<01:15, 66.77it/s]
 14%|█▎        | 784/5794 [00:11<01:16, 65.72it/s]
 14%|█▎        | 791/5794 [00:11<01:15, 66.57it/s]
 14%|█▍        | 799/5794 [00:11<01:13, 68.38it/s]
 14%|█▍        | 806/5794 [00:11<01:13, 67.42it/s]
 14%|█▍        | 813/5794 [00:11<01:14, 66.41it/s]
 14%|█▍        | 820/5794 [00:12<01:16, 65.31it/s]
 14%|█▍        | 827/5794 [00:12<01:16, 64.78it/s]
 14%|█▍        | 834/5794 [00:12<01:17, 63.96it/s]
 15%|█▍        | 841/5794 [00:12<01:17, 64.05it/s]
 15%|█▍        | 848/5794 [00:12<01:17, 63.85it/s]
 15%|█▍        | 855/5794 [00:12<01:17, 63.79it/s]
 15%|█▍        | 862/5794 [00:12<01:17, 64.00it/s]
 15%|█▍        | 869/5794 [00:12<01:16, 63.99it/s]
 15%|█▌        | 876/5794 [00:12<01:16, 63.98it/s]
 15%|█▌        | 883/5794 [00:13<01:16, 63.97it/s]
 15%|█▌        | 890/5794 [00:13<01:16, 63.95it/s]
 15%|█▌        | 897/5794 [00:13<01:16, 64.13it/s]
 16%|█▌        | 904/5794 [00:13<01:16, 64.12it/s]
 16%|█▌        | 911/5794 [00:13<01:16, 63.74it/s]
 16%|█▌        | 918/5794 [00:13<01:16, 63.96it/s]
 16%|█▌        | 925/5794 [00:13<01:16, 63.83it/s]
 16%|█▌        | 932/5794 [00:13<01:16, 63.67it/s]
 16%|█▌        | 940/5794 [00:13<01:13, 66.42it/s]
 16%|█▋        | 948/5794 [00:14<01:10, 68.53it/s]
 16%|█▋        | 955/5794 [00:14<01:11, 68.05it/s]
 17%|█▋        | 962/5794 [00:14<01:12, 66.92it/s]
 17%|█▋        | 969/5794 [00:14<01:12, 66.21it/s]
 17%|█▋        | 976/5794 [00:14<01:13, 65.45it/s]
 17%|█▋        | 983/5794 [00:14<01:13, 65.20it/s]
 17%|█▋        | 990/5794 [00:14<01:14, 64.70it/s]
 17%|█▋        | 997/5794 [00:14<01:14, 64.66it/s]
 17%|█▋        | 1004/5794 [00:14<01:14, 64.52it/s]
 17%|█▋        | 1011/5794 [00:15<01:15, 63.31it/s]
 18%|█▊        | 1018/5794 [00:15<01:15, 63.58it/s]
 18%|█▊        | 1025/5794 [00:15<01:15, 63.48it/s]
 18%|█▊        | 1032/5794 [00:15<01:14, 63.84it/s]
 18%|█▊        | 1039/5794 [00:15<01:15, 63.02it/s]
 18%|█▊        | 1046/5794 [00:15<01:14, 63.38it/s]
 18%|█▊        | 1053/5794 [00:15<01:14, 63.54it/s]
 18%|█▊        | 1060/5794 [00:15<01:14, 63.44it/s]
 18%|█▊        | 1068/5794 [00:15<01:11, 66.40it/s]
 19%|█▊        | 1076/5794 [00:15<01:09, 68.21it/s]
 19%|█▊        | 1084/5794 [00:16<01:07, 69.83it/s]
 19%|█▉        | 1092/5794 [00:16<01:06, 70.73it/s]
 19%|█▉        | 1100/5794 [00:16<01:05, 71.72it/s]
 19%|█▉        | 1108/5794 [00:16<01:04, 72.10it/s]
 19%|█▉        | 1116/5794 [00:16<01:04, 72.73it/s]
 19%|█▉        | 1124/5794 [00:16<01:04, 72.88it/s]
 20%|█▉        | 1132/5794 [00:16<01:03, 73.11it/s]
 20%|█▉        | 1140/5794 [00:16<01:03, 73.19it/s]
 20%|█▉        | 1148/5794 [00:16<01:03, 73.21it/s]
 20%|█▉        | 1156/5794 [00:17<01:03, 73.26it/s]
 20%|██        | 1164/5794 [00:17<01:03, 72.87it/s]
 20%|██        | 1172/5794 [00:17<01:03, 72.99it/s]
 20%|██        | 1180/5794 [00:17<01:03, 72.94it/s]
 21%|██        | 1188/5794 [00:17<01:02, 73.21it/s]
 21%|██        | 1196/5794 [00:17<01:02, 73.11it/s]
 21%|██        | 1204/5794 [00:17<01:02, 73.35it/s]
 21%|██        | 1212/5794 [00:17<01:02, 73.21it/s]
 21%|██        | 1220/5794 [00:17<01:02, 73.38it/s]
 21%|██        | 1228/5794 [00:18<01:02, 73.25it/s]
 21%|██▏       | 1236/5794 [00:18<01:02, 73.41it/s]
 21%|██▏       | 1244/5794 [00:18<01:04, 70.89it/s]
 22%|██▏       | 1252/5794 [00:18<01:05, 69.02it/s]
 22%|██▏       | 1259/5794 [00:18<01:07, 67.23it/s]
 22%|██▏       | 1266/5794 [00:18<01:08, 66.44it/s]
 22%|██▏       | 1273/5794 [00:18<01:07, 66.58it/s]
 22%|██▏       | 1281/5794 [00:18<01:06, 67.87it/s]
 22%|██▏       | 1289/5794 [00:18<01:05, 69.08it/s]
 22%|██▏       | 1297/5794 [00:19<01:04, 69.79it/s]
 23%|██▎       | 1305/5794 [00:19<01:03, 70.46it/s]
 23%|██▎       | 1313/5794 [00:19<01:03, 70.57it/s]
 23%|██▎       | 1321/5794 [00:19<01:03, 70.99it/s]
 23%|██▎       | 1329/5794 [00:19<01:04, 69.47it/s]
 23%|██▎       | 1336/5794 [00:19<01:05, 67.94it/s]
 23%|██▎       | 1343/5794 [00:19<01:06, 66.85it/s]
 23%|██▎       | 1350/5794 [00:19<01:06, 66.97it/s]
 23%|██▎       | 1358/5794 [00:19<01:05, 68.24it/s]
 24%|██▎       | 1365/5794 [00:20<01:06, 66.79it/s]
 24%|██▎       | 1372/5794 [00:20<01:05, 67.26it/s]
 24%|██▍       | 1380/5794 [00:20<01:04, 68.27it/s]
 24%|██▍       | 1388/5794 [00:20<01:03, 69.38it/s]
 24%|██▍       | 1396/5794 [00:20<01:02, 69.99it/s]
 24%|██▍       | 1403/5794 [00:20<01:03, 68.86it/s]
 24%|██▍       | 1410/5794 [00:20<01:05, 67.22it/s]
 24%|██▍       | 1417/5794 [00:20<01:04, 67.81it/s]
 25%|██▍       | 1424/5794 [00:20<01:03, 68.38it/s]
 25%|██▍       | 1431/5794 [00:21<01:03, 68.55it/s]
 25%|██▍       | 1439/5794 [00:21<01:02, 69.38it/s]
 25%|██▍       | 1447/5794 [00:21<01:02, 69.67it/s]
 25%|██▌       | 1455/5794 [00:21<01:01, 70.10it/s]
 25%|██▌       | 1463/5794 [00:21<01:01, 70.26it/s]
 25%|██▌       | 1471/5794 [00:21<01:01, 70.52it/s]
 26%|██▌       | 1479/5794 [00:21<01:01, 70.48it/s]
 26%|██▌       | 1487/5794 [00:21<01:00, 70.63it/s]
 26%|██▌       | 1495/5794 [00:21<01:00, 70.75it/s]
 26%|██▌       | 1503/5794 [00:22<01:00, 70.95it/s]
 26%|██▌       | 1511/5794 [00:22<01:00, 70.53it/s]
 26%|██▌       | 1519/5794 [00:22<01:01, 69.65it/s]
 26%|██▋       | 1527/5794 [00:22<01:00, 70.14it/s]
 26%|██▋       | 1535/5794 [00:22<01:00, 70.51it/s]
 27%|██▋       | 1543/5794 [00:22<00:59, 70.92it/s]
 27%|██▋       | 1551/5794 [00:22<01:00, 70.57it/s]
 27%|██▋       | 1559/5794 [00:22<01:00, 70.03it/s]
 27%|██▋       | 1567/5794 [00:22<01:00, 70.38it/s]
 27%|██▋       | 1575/5794 [00:23<00:59, 70.47it/s]
 27%|██▋       | 1583/5794 [00:23<00:59, 70.85it/s]
 27%|██▋       | 1591/5794 [00:23<00:59, 71.11it/s]
 28%|██▊       | 1599/5794 [00:23<00:58, 71.32it/s]
 28%|██▊       | 1607/5794 [00:23<00:58, 71.41it/s]
 28%|██▊       | 1615/5794 [00:23<00:58, 71.52it/s]
 28%|██▊       | 1623/5794 [00:23<00:58, 71.50it/s]
 28%|██▊       | 1631/5794 [00:23<00:58, 71.67it/s]
 28%|██▊       | 1639/5794 [00:23<00:58, 71.37it/s]
 28%|██▊       | 1647/5794 [00:24<00:58, 71.41it/s]
 29%|██▊       | 1655/5794 [00:24<00:58, 71.32it/s]
 29%|██▊       | 1663/5794 [00:24<00:57, 71.60it/s]
 29%|██▉       | 1671/5794 [00:24<00:57, 71.55it/s]
 29%|██▉       | 1679/5794 [00:24<00:57, 71.65it/s]
 29%|██▉       | 1687/5794 [00:24<00:57, 71.51it/s]
 29%|██▉       | 1695/5794 [00:24<00:57, 71.64it/s]
 29%|██▉       | 1703/5794 [00:24<00:58, 70.47it/s]
 30%|██▉       | 1711/5794 [00:24<00:57, 70.90it/s]
 30%|██▉       | 1719/5794 [00:25<00:57, 71.19it/s]
 30%|██▉       | 1727/5794 [00:25<00:57, 71.27it/s]
 30%|██▉       | 1735/5794 [00:25<00:57, 71.09it/s]
 30%|███       | 1743/5794 [00:25<00:57, 70.98it/s]
 30%|███       | 1751/5794 [00:25<00:56, 71.19it/s]
 30%|███       | 1759/5794 [00:25<00:56, 71.25it/s]
 30%|███       | 1767/5794 [00:25<00:57, 70.44it/s]
 31%|███       | 1775/5794 [00:25<00:56, 70.73it/s]
 31%|███       | 1783/5794 [00:26<00:56, 71.18it/s]
 31%|███       | 1791/5794 [00:26<00:56, 71.25it/s]
 31%|███       | 1799/5794 [00:26<00:56, 71.29it/s]
 31%|███       | 1807/5794 [00:26<00:55, 71.37it/s]
 31%|███▏      | 1815/5794 [00:26<00:55, 71.61it/s]
 31%|███▏      | 1823/5794 [00:26<00:55, 71.49it/s]
 32%|███▏      | 1831/5794 [00:26<00:55, 71.42it/s]
 32%|███▏      | 1839/5794 [00:26<00:55, 71.43it/s]
 32%|███▏      | 1847/5794 [00:26<00:54, 71.77it/s]
 32%|███▏      | 1855/5794 [00:27<00:54, 71.75it/s]
 32%|███▏      | 1863/5794 [00:27<00:55, 71.45it/s]
 32%|███▏      | 1871/5794 [00:27<00:54, 71.50it/s]
 32%|███▏      | 1879/5794 [00:27<00:54, 71.55it/s]
 33%|███▎      | 1887/5794 [00:27<00:54, 71.61it/s]
 33%|███▎      | 1895/5794 [00:27<00:54, 71.61it/s]
 33%|███▎      | 1903/5794 [00:27<00:54, 71.63it/s]
 33%|███▎      | 1911/5794 [00:27<00:54, 71.62it/s]
 33%|███▎      | 1919/5794 [00:27<00:53, 71.77it/s]
 33%|███▎      | 1927/5794 [00:28<00:54, 70.82it/s]
 33%|███▎      | 1935/5794 [00:28<00:54, 71.16it/s]
 34%|███▎      | 1943/5794 [00:28<00:54, 71.26it/s]
 34%|███▎      | 1951/5794 [00:28<00:53, 71.50it/s]
 34%|███▍      | 1959/5794 [00:28<00:53, 71.49it/s]
 34%|███▍      | 1967/5794 [00:28<00:53, 71.55it/s]
 34%|███▍      | 1975/5794 [00:28<00:53, 71.36it/s]
 34%|███▍      | 1983/5794 [00:28<00:53, 71.54it/s]
 34%|███▍      | 1991/5794 [00:28<00:53, 71.52it/s]
 35%|███▍      | 1999/5794 [00:29<00:53, 71.53it/s]
 35%|███▍      | 2007/5794 [00:29<00:53, 71.29it/s]
 35%|███▍      | 2015/5794 [00:29<00:53, 71.21it/s]
 35%|███▍      | 2023/5794 [00:29<00:52, 71.29it/s]
 35%|███▌      | 2031/5794 [00:29<00:52, 71.19it/s]
 35%|███▌      | 2039/5794 [00:29<00:52, 71.29it/s]
 35%|███▌      | 2047/5794 [00:29<00:52, 71.33it/s]
 35%|███▌      | 2055/5794 [00:29<00:52, 71.42it/s]
 36%|███▌      | 2063/5794 [00:29<00:52, 71.38it/s]
 36%|███▌      | 2071/5794 [00:30<00:52, 71.35it/s]
 36%|███▌      | 2079/5794 [00:30<00:52, 71.24it/s]
 36%|███▌      | 2087/5794 [00:30<00:51, 71.36it/s]
 36%|███▌      | 2095/5794 [00:30<00:51, 71.34it/s]
 36%|███▋      | 2103/5794 [00:30<00:51, 71.41it/s]
 36%|███▋      | 2111/5794 [00:30<00:52, 70.12it/s]
 37%|███▋      | 2119/5794 [00:30<00:52, 70.35it/s]
 37%|███▋      | 2127/5794 [00:30<00:52, 70.05it/s]
 37%|███▋      | 2135/5794 [00:30<00:51, 70.49it/s]
 37%|███▋      | 2143/5794 [00:31<00:51, 70.80it/s]
 37%|███▋      | 2151/5794 [00:31<00:51, 71.01it/s]
 37%|███▋      | 2159/5794 [00:31<00:51, 70.36it/s]
 37%|███▋      | 2167/5794 [00:31<00:51, 70.72it/s]
 38%|███▊      | 2175/5794 [00:31<00:50, 70.97it/s]
 38%|███▊      | 2183/5794 [00:31<00:50, 71.00it/s]
 38%|███▊      | 2191/5794 [00:31<00:50, 71.16it/s]
 38%|███▊      | 2199/5794 [00:31<00:50, 71.20it/s]
 38%|███▊      | 2207/5794 [00:31<00:50, 71.28it/s]
 38%|███▊      | 2215/5794 [00:32<00:50, 71.32it/s]
 38%|███▊      | 2223/5794 [00:32<00:50, 70.78it/s]
 39%|███▊      | 2231/5794 [00:32<00:50, 70.69it/s]
 39%|███▊      | 2239/5794 [00:32<00:49, 71.10it/s]
 39%|███▉      | 2247/5794 [00:32<00:49, 71.19it/s]
 39%|███▉      | 2255/5794 [00:32<00:49, 71.38it/s]
 39%|███▉      | 2263/5794 [00:32<00:49, 71.48it/s]
 39%|███▉      | 2271/5794 [00:32<00:49, 71.03it/s]
 39%|███▉      | 2279/5794 [00:32<00:49, 71.20it/s]
 39%|███▉      | 2287/5794 [00:33<00:49, 71.23it/s]
 40%|███▉      | 2295/5794 [00:33<00:49, 71.31it/s]
 40%|███▉      | 2303/5794 [00:33<00:48, 71.29it/s]
 40%|███▉      | 2311/5794 [00:33<00:48, 71.40it/s]
 40%|████      | 2319/5794 [00:33<00:48, 71.40it/s]
 40%|████      | 2327/5794 [00:33<00:48, 71.39it/s]
 40%|████      | 2335/5794 [00:33<00:48, 71.06it/s]
 40%|████      | 2343/5794 [00:33<00:48, 71.27it/s]
 41%|████      | 2351/5794 [00:33<00:48, 71.24it/s]
 41%|████      | 2359/5794 [00:34<00:48, 71.39it/s]
 41%|████      | 2367/5794 [00:34<00:47, 71.41it/s]
 41%|████      | 2375/5794 [00:34<00:47, 71.54it/s]
 41%|████      | 2383/5794 [00:34<00:47, 71.54it/s]
 41%|████▏     | 2391/5794 [00:34<00:47, 71.58it/s]
 41%|████▏     | 2399/5794 [00:34<00:47, 71.38it/s]
 42%|████▏     | 2407/5794 [00:34<00:48, 69.82it/s]
 42%|████▏     | 2415/5794 [00:34<00:47, 70.41it/s]
 42%|████▏     | 2423/5794 [00:34<00:47, 70.54it/s]
 42%|████▏     | 2431/5794 [00:35<00:47, 70.72it/s]
 42%|████▏     | 2439/5794 [00:35<00:47, 70.73it/s]
 42%|████▏     | 2447/5794 [00:35<00:47, 70.75it/s]
 42%|████▏     | 2455/5794 [00:35<00:47, 70.70it/s]
 43%|████▎     | 2463/5794 [00:35<00:46, 71.02it/s]
 43%|████▎     | 2471/5794 [00:35<00:46, 70.96it/s]
 43%|████▎     | 2479/5794 [00:35<00:46, 70.62it/s]
 43%|████▎     | 2487/5794 [00:35<00:46, 70.74it/s]
 43%|████▎     | 2495/5794 [00:36<00:46, 71.01it/s]
 43%|████▎     | 2503/5794 [00:36<00:46, 71.14it/s]
 43%|████▎     | 2511/5794 [00:36<00:45, 71.38it/s]
 43%|████▎     | 2519/5794 [00:36<00:46, 71.09it/s]
 44%|████▎     | 2527/5794 [00:36<00:45, 71.30it/s]
 44%|████▍     | 2535/5794 [00:36<00:45, 71.48it/s]
 44%|████▍     | 2543/5794 [00:36<00:45, 71.53it/s]
 44%|████▍     | 2551/5794 [00:36<00:45, 71.58it/s]
 44%|████▍     | 2559/5794 [00:36<00:45, 71.65it/s]
 44%|████▍     | 2567/5794 [00:37<00:44, 71.75it/s]
 44%|████▍     | 2575/5794 [00:37<00:45, 71.23it/s]
 45%|████▍     | 2583/5794 [00:37<00:45, 71.20it/s]
 45%|████▍     | 2591/5794 [00:37<00:44, 71.29it/s]
 45%|████▍     | 2599/5794 [00:37<00:44, 71.60it/s]
 45%|████▍     | 2607/5794 [00:37<00:44, 71.66it/s]
 45%|████▌     | 2615/5794 [00:37<00:44, 71.70it/s]
 45%|████▌     | 2623/5794 [00:37<00:44, 71.58it/s]
 45%|████▌     | 2631/5794 [00:37<00:44, 71.75it/s]
 46%|████▌     | 2639/5794 [00:38<00:44, 71.57it/s]
 46%|████▌     | 2647/5794 [00:38<00:43, 71.75it/s]
 46%|████▌     | 2655/5794 [00:38<00:43, 71.65it/s]
 46%|████▌     | 2663/5794 [00:38<00:43, 71.70it/s]
 46%|████▌     | 2671/5794 [00:38<00:43, 71.75it/s]
 46%|████▌     | 2679/5794 [00:38<00:43, 71.69it/s]
 46%|████▋     | 2687/5794 [00:38<00:43, 71.78it/s]
 47%|████▋     | 2695/5794 [00:38<00:43, 71.57it/s]
 47%|████▋     | 2703/5794 [00:38<00:43, 71.74it/s]
 47%|████▋     | 2711/5794 [00:39<00:42, 71.72it/s]
 47%|████▋     | 2719/5794 [00:39<00:42, 71.83it/s]
 47%|████▋     | 2727/5794 [00:39<00:42, 71.73it/s]
 47%|████▋     | 2735/5794 [00:39<00:42, 71.81it/s]
 47%|████▋     | 2743/5794 [00:39<00:42, 71.70it/s]
 47%|████▋     | 2751/5794 [00:39<00:42, 71.82it/s]
 48%|████▊     | 2759/5794 [00:39<00:42, 71.61it/s]
 48%|████▊     | 2767/5794 [00:39<00:42, 71.72it/s]
 48%|████▊     | 2775/5794 [00:39<00:42, 71.63it/s]
 48%|████▊     | 2783/5794 [00:40<00:41, 71.84it/s]
 48%|████▊     | 2791/5794 [00:40<00:41, 71.81it/s]
 48%|████▊     | 2799/5794 [00:40<00:41, 71.93it/s]
 48%|████▊     | 2807/5794 [00:40<00:41, 71.92it/s]
 49%|████▊     | 2815/5794 [00:40<00:41, 71.81it/s]
 49%|████▊     | 2823/5794 [00:40<00:41, 71.70it/s]
 49%|████▉     | 2831/5794 [00:40<00:41, 71.68it/s]
 49%|████▉     | 2839/5794 [00:40<00:41, 71.27it/s]
 49%|████▉     | 2847/5794 [00:40<00:41, 70.95it/s]
 49%|████▉     | 2855/5794 [00:41<00:41, 70.84it/s]
 49%|████▉     | 2863/5794 [00:41<00:41, 71.07it/s]
 50%|████▉     | 2871/5794 [00:41<00:41, 71.22it/s]
 50%|████▉     | 2879/5794 [00:41<00:40, 71.31it/s]
 50%|████▉     | 2887/5794 [00:41<00:41, 70.83it/s]
 50%|████▉     | 2895/5794 [00:41<00:40, 71.05it/s]
 50%|█████     | 2903/5794 [00:41<00:40, 71.38it/s]
 50%|█████     | 2911/5794 [00:41<00:40, 71.24it/s]
 50%|█████     | 2919/5794 [00:41<00:40, 71.50it/s]
 51%|█████     | 2927/5794 [00:42<00:40, 71.50it/s]
 51%|█████     | 2935/5794 [00:42<00:40, 71.10it/s]
 51%|█████     | 2943/5794 [00:42<00:40, 71.13it/s]
 51%|█████     | 2951/5794 [00:42<00:39, 71.36it/s]
 51%|█████     | 2959/5794 [00:42<00:39, 71.59it/s]
 51%|█████     | 2967/5794 [00:42<00:39, 71.63it/s]
 51%|█████▏    | 2975/5794 [00:42<00:39, 71.76it/s]
 51%|█████▏    | 2983/5794 [00:42<00:39, 71.76it/s]
 52%|█████▏    | 2991/5794 [00:42<00:39, 71.84it/s]
 52%|█████▏    | 2999/5794 [00:43<00:38, 71.90it/s]
 52%|█████▏    | 3007/5794 [00:43<00:38, 71.99it/s]
 52%|█████▏    | 3015/5794 [00:43<00:38, 71.99it/s]
 52%|█████▏    | 3023/5794 [00:43<00:38, 72.02it/s]
 52%|█████▏    | 3031/5794 [00:43<00:38, 71.95it/s]
 52%|█████▏    | 3039/5794 [00:43<00:38, 71.90it/s]
 53%|█████▎    | 3047/5794 [00:43<00:38, 71.75it/s]
 53%|█████▎    | 3055/5794 [00:43<00:38, 71.84it/s]
 53%|█████▎    | 3063/5794 [00:43<00:38, 71.84it/s]
 53%|█████▎    | 3071/5794 [00:44<00:37, 72.09it/s]
 53%|█████▎    | 3079/5794 [00:44<00:37, 72.17it/s]
 53%|█████▎    | 3087/5794 [00:44<00:37, 72.09it/s]
 53%|█████▎    | 3095/5794 [00:44<00:37, 72.17it/s]
 54%|█████▎    | 3103/5794 [00:44<00:37, 72.15it/s]
 54%|█████▎    | 3111/5794 [00:44<00:37, 72.09it/s]
 54%|█████▍    | 3119/5794 [00:44<00:37, 72.09it/s]
 54%|█████▍    | 3127/5794 [00:44<00:36, 72.12it/s]
 54%|█████▍    | 3135/5794 [00:44<00:36, 72.05it/s]
 54%|█████▍    | 3143/5794 [00:45<00:36, 72.07it/s]
 54%|█████▍    | 3151/5794 [00:45<00:36, 72.03it/s]
 55%|█████▍    | 3159/5794 [00:45<00:36, 72.02it/s]
 55%|█████▍    | 3167/5794 [00:45<00:36, 71.69it/s]
 55%|█████▍    | 3175/5794 [00:45<00:36, 71.71it/s]
 55%|█████▍    | 3183/5794 [00:45<00:36, 71.59it/s]
 55%|█████▌    | 3191/5794 [00:45<00:36, 71.71it/s]
 55%|█████▌    | 3199/5794 [00:45<00:36, 71.61it/s]
 55%|█████▌    | 3207/5794 [00:45<00:36, 70.60it/s]
 55%|█████▌    | 3215/5794 [00:46<00:36, 71.02it/s]
 56%|█████▌    | 3223/5794 [00:46<00:36, 70.17it/s]
 56%|█████▌    | 3231/5794 [00:46<00:36, 70.65it/s]
 56%|█████▌    | 3239/5794 [00:46<00:35, 70.97it/s]
 56%|█████▌    | 3247/5794 [00:46<00:35, 71.33it/s]
 56%|█████▌    | 3255/5794 [00:46<00:36, 70.38it/s]
 56%|█████▋    | 3263/5794 [00:46<00:35, 70.98it/s]
 56%|█████▋    | 3271/5794 [00:46<00:35, 71.14it/s]
 57%|█████▋    | 3279/5794 [00:46<00:35, 71.47it/s]
 57%|█████▋    | 3287/5794 [00:47<00:35, 71.55it/s]
 57%|█████▋    | 3295/5794 [00:47<00:34, 71.47it/s]
 57%|█████▋    | 3303/5794 [00:47<00:34, 71.50it/s]
 57%|█████▋    | 3311/5794 [00:47<00:34, 71.82it/s]
 57%|█████▋    | 3319/5794 [00:47<00:34, 71.72it/s]
 57%|█████▋    | 3327/5794 [00:47<00:34, 71.78it/s]
 58%|█████▊    | 3335/5794 [00:47<00:34, 71.62it/s]
 58%|█████▊    | 3343/5794 [00:47<00:34, 71.75it/s]
 58%|█████▊    | 3351/5794 [00:47<00:34, 71.69it/s]
 58%|█████▊    | 3359/5794 [00:48<00:33, 71.68it/s]
 58%|█████▊    | 3367/5794 [00:48<00:33, 71.79it/s]
 58%|█████▊    | 3375/5794 [00:48<00:33, 71.72it/s]
 58%|█████▊    | 3383/5794 [00:48<00:33, 71.70it/s]
 59%|█████▊    | 3391/5794 [00:48<00:33, 71.65it/s]
 59%|█████▊    | 3399/5794 [00:48<00:33, 71.67it/s]
 59%|█████▉    | 3407/5794 [00:48<00:33, 71.56it/s]
 59%|█████▉    | 3415/5794 [00:48<00:33, 71.69it/s]
 59%|█████▉    | 3423/5794 [00:48<00:33, 71.62it/s]
 59%|█████▉    | 3431/5794 [00:49<00:33, 71.56it/s]
 59%|█████▉    | 3439/5794 [00:49<00:32, 71.51it/s]
 59%|█████▉    | 3447/5794 [00:49<00:32, 71.71it/s]
 60%|█████▉    | 3455/5794 [00:49<00:32, 71.61it/s]
 60%|█████▉    | 3463/5794 [00:49<00:32, 71.50it/s]
 60%|█████▉    | 3471/5794 [00:49<00:32, 71.27it/s]
 60%|██████    | 3479/5794 [00:49<00:32, 71.41it/s]
 60%|██████    | 3487/5794 [00:49<00:32, 70.42it/s]
 60%|██████    | 3495/5794 [00:49<00:32, 70.71it/s]
 60%|██████    | 3503/5794 [00:50<00:32, 71.05it/s]
 61%|██████    | 3511/5794 [00:50<00:32, 71.22it/s]
 61%|██████    | 3519/5794 [00:50<00:31, 71.38it/s]
 61%|██████    | 3527/5794 [00:50<00:31, 71.43it/s]
 61%|██████    | 3535/5794 [00:50<00:31, 71.47it/s]
 61%|██████    | 3543/5794 [00:50<00:31, 71.39it/s]
 61%|██████▏   | 3551/5794 [00:50<00:31, 71.10it/s]
 61%|██████▏   | 3559/5794 [00:50<00:31, 70.87it/s]
 62%|██████▏   | 3567/5794 [00:50<00:31, 71.10it/s]
 62%|██████▏   | 3575/5794 [00:51<00:31, 71.20it/s]
 62%|██████▏   | 3583/5794 [00:51<00:31, 71.23it/s]
 62%|██████▏   | 3591/5794 [00:51<00:31, 70.94it/s]
 62%|██████▏   | 3599/5794 [00:51<00:30, 70.93it/s]
 62%|██████▏   | 3607/5794 [00:51<00:30, 71.02it/s]
 62%|██████▏   | 3615/5794 [00:51<00:30, 71.20it/s]
 63%|██████▎   | 3623/5794 [00:51<00:30, 71.33it/s]
 63%|██████▎   | 3631/5794 [00:51<00:30, 71.28it/s]
 63%|██████▎   | 3639/5794 [00:52<00:30, 71.31it/s]
 63%|██████▎   | 3647/5794 [00:52<00:30, 71.22it/s]
 63%|██████▎   | 3655/5794 [00:52<00:30, 70.99it/s]
 63%|██████▎   | 3663/5794 [00:52<00:29, 71.27it/s]
 63%|██████▎   | 3671/5794 [00:52<00:29, 71.62it/s]
 63%|██████▎   | 3679/5794 [00:52<00:29, 71.68it/s]
 64%|██████▎   | 3687/5794 [00:52<00:29, 71.71it/s]
 64%|██████▍   | 3695/5794 [00:52<00:29, 71.53it/s]
 64%|██████▍   | 3703/5794 [00:52<00:29, 71.62it/s]
 64%|██████▍   | 3711/5794 [00:53<00:29, 71.52it/s]
 64%|██████▍   | 3719/5794 [00:53<00:28, 71.64it/s]
 64%|██████▍   | 3727/5794 [00:53<00:28, 71.51it/s]
 64%|██████▍   | 3735/5794 [00:53<00:28, 71.61it/s]
 65%|██████▍   | 3743/5794 [00:53<00:28, 71.54it/s]
 65%|██████▍   | 3751/5794 [00:53<00:28, 71.64it/s]
 65%|██████▍   | 3759/5794 [00:53<00:28, 71.46it/s]
 65%|██████▌   | 3767/5794 [00:53<00:28, 71.46it/s]
 65%|██████▌   | 3775/5794 [00:53<00:28, 71.69it/s]
 65%|██████▌   | 3783/5794 [00:54<00:28, 71.67it/s]
 65%|██████▌   | 3791/5794 [00:54<00:27, 71.87it/s]
 66%|██████▌   | 3799/5794 [00:54<00:27, 71.88it/s]
 66%|██████▌   | 3807/5794 [00:54<00:27, 71.98it/s]
 66%|██████▌   | 3815/5794 [00:54<00:27, 71.95it/s]
 66%|██████▌   | 3823/5794 [00:54<00:27, 71.99it/s]
 66%|██████▌   | 3831/5794 [00:54<00:27, 71.80it/s]
 66%|██████▋   | 3839/5794 [00:54<00:27, 71.93it/s]
 66%|██████▋   | 3847/5794 [00:54<00:27, 71.86it/s]
 67%|██████▋   | 3855/5794 [00:55<00:26, 72.01it/s]
 67%|██████▋   | 3863/5794 [00:55<00:26, 71.92it/s]
 67%|██████▋   | 3871/5794 [00:55<00:26, 72.05it/s]
 67%|██████▋   | 3879/5794 [00:55<00:26, 71.91it/s]
 67%|██████▋   | 3887/5794 [00:55<00:26, 72.03it/s]
 67%|██████▋   | 3895/5794 [00:55<00:26, 72.03it/s]
 67%|██████▋   | 3903/5794 [00:55<00:26, 71.89it/s]
 68%|██████▊   | 3911/5794 [00:55<00:26, 71.86it/s]
 68%|██████▊   | 3919/5794 [00:55<00:26, 71.83it/s]
 68%|██████▊   | 3927/5794 [00:56<00:25, 71.85it/s]
 68%|██████▊   | 3935/5794 [00:56<00:25, 71.85it/s]
 68%|██████▊   | 3943/5794 [00:56<00:25, 71.81it/s]
 68%|██████▊   | 3951/5794 [00:56<00:25, 71.72it/s]
 68%|██████▊   | 3959/5794 [00:56<00:25, 71.47it/s]
 68%|██████▊   | 3967/5794 [00:56<00:25, 71.21it/s]
 69%|██████▊   | 3975/5794 [00:56<00:25, 71.39it/s]
 69%|██████▊   | 3983/5794 [00:56<00:25, 71.36it/s]
 69%|██████▉   | 3991/5794 [00:56<00:25, 71.64it/s]
 69%|██████▉   | 3999/5794 [00:57<00:25, 71.62it/s]
 69%|██████▉   | 4007/5794 [00:57<00:24, 71.76it/s]
 69%|██████▉   | 4015/5794 [00:57<00:24, 71.74it/s]
 69%|██████▉   | 4023/5794 [00:57<00:24, 72.03it/s]
 70%|██████▉   | 4031/5794 [00:57<00:24, 71.99it/s]
 70%|██████▉   | 4039/5794 [00:57<00:24, 71.91it/s]
 70%|██████▉   | 4047/5794 [00:57<00:24, 71.94it/s]
 70%|██████▉   | 4055/5794 [00:57<00:24, 71.09it/s]
 70%|███████   | 4063/5794 [00:57<00:24, 71.44it/s]
 70%|███████   | 4071/5794 [00:58<00:24, 71.56it/s]
 70%|███████   | 4079/5794 [00:58<00:23, 71.76it/s]
 71%|███████   | 4087/5794 [00:58<00:23, 71.63it/s]
 71%|███████   | 4095/5794 [00:58<00:23, 71.67it/s]
 71%|███████   | 4103/5794 [00:58<00:23, 71.74it/s]
 71%|███████   | 4111/5794 [00:58<00:23, 71.91it/s]
 71%|███████   | 4119/5794 [00:58<00:23, 71.93it/s]
 71%|███████   | 4127/5794 [00:58<00:23, 71.98it/s]
 71%|███████▏  | 4135/5794 [00:58<00:23, 71.99it/s]
 72%|███████▏  | 4143/5794 [00:59<00:22, 72.15it/s]
 72%|███████▏  | 4151/5794 [00:59<00:22, 72.10it/s]
 72%|███████▏  | 4159/5794 [00:59<00:22, 72.18it/s]
 72%|███████▏  | 4167/5794 [00:59<00:22, 72.19it/s]
 72%|███████▏  | 4175/5794 [00:59<00:22, 72.18it/s]
 72%|███████▏  | 4183/5794 [00:59<00:22, 72.16it/s]
 72%|███████▏  | 4191/5794 [00:59<00:22, 72.13it/s]
 72%|███████▏  | 4199/5794 [00:59<00:22, 72.05it/s]
 73%|███████▎  | 4207/5794 [00:59<00:22, 72.07it/s]
 73%|███████▎  | 4215/5794 [01:00<00:21, 72.16it/s]
 73%|███████▎  | 4223/5794 [01:00<00:21, 72.07it/s]
 73%|███████▎  | 4231/5794 [01:00<00:21, 72.13it/s]
 73%|███████▎  | 4239/5794 [01:00<00:21, 71.92it/s]
 73%|███████▎  | 4247/5794 [01:00<00:21, 72.11it/s]
 73%|███████▎  | 4255/5794 [01:00<00:21, 71.96it/s]
 74%|███████▎  | 4263/5794 [01:00<00:21, 72.11it/s]
 74%|███████▎  | 4271/5794 [01:00<00:21, 71.48it/s]
 74%|███████▍  | 4279/5794 [01:00<00:21, 70.92it/s]
 74%|███████▍  | 4287/5794 [01:01<00:21, 70.98it/s]
 74%|███████▍  | 4295/5794 [01:01<00:21, 71.34it/s]
 74%|███████▍  | 4303/5794 [01:01<00:20, 71.49it/s]
 74%|███████▍  | 4311/5794 [01:01<00:20, 71.54it/s]
 75%|███████▍  | 4319/5794 [01:01<00:20, 71.70it/s]
 75%|███████▍  | 4327/5794 [01:01<00:20, 71.69it/s]
 75%|███████▍  | 4335/5794 [01:01<00:20, 71.31it/s]
 75%|███████▍  | 4343/5794 [01:01<00:20, 71.07it/s]
 75%|███████▌  | 4351/5794 [01:01<00:20, 71.38it/s]
 75%|███████▌  | 4359/5794 [01:02<00:20, 71.48it/s]
 75%|███████▌  | 4367/5794 [01:02<00:20, 71.31it/s]
 76%|███████▌  | 4375/5794 [01:02<00:19, 71.19it/s]
 76%|███████▌  | 4383/5794 [01:02<00:19, 71.46it/s]
 76%|███████▌  | 4391/5794 [01:02<00:19, 71.57it/s]
 76%|███████▌  | 4399/5794 [01:02<00:19, 71.75it/s]
 76%|███████▌  | 4407/5794 [01:02<00:19, 71.52it/s]
 76%|███████▌  | 4415/5794 [01:02<00:19, 71.67it/s]
 76%|███████▋  | 4423/5794 [01:02<00:19, 71.56it/s]
 76%|███████▋  | 4431/5794 [01:03<00:18, 71.77it/s]
 77%|███████▋  | 4439/5794 [01:03<00:18, 71.87it/s]
 77%|███████▋  | 4447/5794 [01:03<00:18, 71.94it/s]
 77%|███████▋  | 4455/5794 [01:03<00:18, 71.93it/s]
 77%|███████▋  | 4463/5794 [01:03<00:18, 71.92it/s]
 77%|███████▋  | 4471/5794 [01:03<00:18, 71.82it/s]
 77%|███████▋  | 4479/5794 [01:03<00:18, 71.78it/s]
 77%|███████▋  | 4487/5794 [01:03<00:18, 71.81it/s]
 78%|███████▊  | 4495/5794 [01:03<00:18, 71.64it/s]
 78%|███████▊  | 4503/5794 [01:04<00:17, 71.80it/s]
 78%|███████▊  | 4511/5794 [01:04<00:17, 71.65it/s]
 78%|███████▊  | 4519/5794 [01:04<00:17, 71.80it/s]
 78%|███████▊  | 4527/5794 [01:04<00:17, 71.68it/s]
 78%|███████▊  | 4535/5794 [01:04<00:17, 71.79it/s]
 78%|███████▊  | 4543/5794 [01:04<00:17, 71.65it/s]
 79%|███████▊  | 4551/5794 [01:04<00:17, 71.80it/s]
 79%|███████▊  | 4559/5794 [01:04<00:17, 71.71it/s]
 79%|███████▉  | 4567/5794 [01:04<00:17, 71.89it/s]
 79%|███████▉  | 4575/5794 [01:05<00:16, 71.86it/s]
 79%|███████▉  | 4583/5794 [01:05<00:16, 71.77it/s]
 79%|███████▉  | 4591/5794 [01:05<00:16, 71.86it/s]
 79%|███████▉  | 4599/5794 [01:05<00:16, 71.85it/s]
 80%|███████▉  | 4607/5794 [01:05<00:16, 71.90it/s]
 80%|███████▉  | 4615/5794 [01:05<00:16, 71.82it/s]
 80%|███████▉  | 4623/5794 [01:05<00:16, 71.88it/s]
 80%|███████▉  | 4631/5794 [01:05<00:16, 71.80it/s]
 80%|████████  | 4639/5794 [01:05<00:16, 71.80it/s]
 80%|████████  | 4647/5794 [01:06<00:15, 71.81it/s]
 80%|████████  | 4655/5794 [01:06<00:15, 71.92it/s]
 80%|████████  | 4663/5794 [01:06<00:15, 71.88it/s]
 81%|████████  | 4671/5794 [01:06<00:15, 71.92it/s]
 81%|████████  | 4679/5794 [01:06<00:15, 71.75it/s]
 81%|████████  | 4687/5794 [01:06<00:15, 71.81it/s]
 81%|████████  | 4695/5794 [01:06<00:15, 71.76it/s]
 81%|████████  | 4703/5794 [01:06<00:15, 71.53it/s]
 81%|████████▏ | 4711/5794 [01:06<00:15, 70.51it/s]
 81%|████████▏ | 4719/5794 [01:07<00:15, 70.76it/s]
 82%|████████▏ | 4727/5794 [01:07<00:15, 70.89it/s]
 82%|████████▏ | 4735/5794 [01:07<00:14, 71.20it/s]
 82%|████████▏ | 4743/5794 [01:07<00:14, 71.43it/s]
 82%|████████▏ | 4751/5794 [01:07<00:14, 71.55it/s]
 82%|████████▏ | 4759/5794 [01:07<00:14, 71.36it/s]
 82%|████████▏ | 4767/5794 [01:07<00:14, 71.52it/s]
 82%|████████▏ | 4775/5794 [01:07<00:14, 71.80it/s]
 83%|████████▎ | 4783/5794 [01:07<00:14, 71.82it/s]
 83%|████████▎ | 4791/5794 [01:08<00:13, 71.98it/s]
 83%|████████▎ | 4799/5794 [01:08<00:13, 71.87it/s]
 83%|████████▎ | 4807/5794 [01:08<00:13, 72.00it/s]
 83%|████████▎ | 4815/5794 [01:08<00:13, 71.92it/s]
 83%|████████▎ | 4823/5794 [01:08<00:13, 72.04it/s]
 83%|████████▎ | 4831/5794 [01:08<00:13, 71.94it/s]
 84%|████████▎ | 4839/5794 [01:08<00:13, 72.05it/s]
 84%|████████▎ | 4847/5794 [01:08<00:13, 72.15it/s]
 84%|████████▍ | 4855/5794 [01:08<00:13, 72.16it/s]
 84%|████████▍ | 4863/5794 [01:09<00:12, 72.10it/s]
 84%|████████▍ | 4871/5794 [01:09<00:12, 71.92it/s]
 84%|████████▍ | 4879/5794 [01:09<00:12, 71.75it/s]
 84%|████████▍ | 4887/5794 [01:09<00:12, 71.61it/s]
 84%|████████▍ | 4895/5794 [01:09<00:12, 71.60it/s]
 85%|████████▍ | 4903/5794 [01:09<00:12, 71.36it/s]
 85%|████████▍ | 4911/5794 [01:09<00:12, 71.19it/s]
 85%|████████▍ | 4919/5794 [01:09<00:12, 71.27it/s]
 85%|████████▌ | 4927/5794 [01:09<00:12, 71.55it/s]
 85%|████████▌ | 4935/5794 [01:10<00:11, 71.60it/s]
 85%|████████▌ | 4943/5794 [01:10<00:11, 71.78it/s]
 85%|████████▌ | 4951/5794 [01:10<00:11, 70.92it/s]
 86%|████████▌ | 4959/5794 [01:10<00:11, 71.33it/s]
 86%|████████▌ | 4967/5794 [01:10<00:11, 71.32it/s]
 86%|████████▌ | 4975/5794 [01:10<00:11, 71.63it/s]
 86%|████████▌ | 4983/5794 [01:10<00:11, 71.80it/s]
 86%|████████▌ | 4991/5794 [01:10<00:11, 71.54it/s]
 86%|████████▋ | 4999/5794 [01:10<00:11, 71.69it/s]
 86%|████████▋ | 5007/5794 [01:11<00:10, 71.76it/s]
 87%|████████▋ | 5015/5794 [01:11<00:10, 71.91it/s]
 87%|████████▋ | 5023/5794 [01:11<00:10, 71.96it/s]
 87%|████████▋ | 5031/5794 [01:11<00:10, 71.93it/s]
 87%|████████▋ | 5039/5794 [01:11<00:10, 71.90it/s]
 87%|████████▋ | 5047/5794 [01:11<00:10, 72.00it/s]
 87%|████████▋ | 5055/5794 [01:11<00:10, 71.95it/s]
 87%|████████▋ | 5063/5794 [01:11<00:10, 72.08it/s]
 88%|████████▊ | 5071/5794 [01:11<00:10, 71.86it/s]
 88%|████████▊ | 5079/5794 [01:12<00:09, 71.71it/s]
 88%|████████▊ | 5087/5794 [01:12<00:10, 70.64it/s]
 88%|████████▊ | 5095/5794 [01:12<00:09, 71.02it/s]
 88%|████████▊ | 5103/5794 [01:12<00:09, 71.14it/s]
 88%|████████▊ | 5111/5794 [01:12<00:09, 71.49it/s]
 88%|████████▊ | 5119/5794 [01:12<00:09, 71.53it/s]
 88%|████████▊ | 5127/5794 [01:12<00:09, 71.59it/s]
 89%|████████▊ | 5135/5794 [01:12<00:09, 71.67it/s]
 89%|████████▉ | 5143/5794 [01:12<00:09, 71.70it/s]
 89%|████████▉ | 5151/5794 [01:13<00:08, 71.74it/s]
 89%|████████▉ | 5159/5794 [01:13<00:08, 71.79it/s]
 89%|████████▉ | 5167/5794 [01:13<00:08, 71.89it/s]
 89%|████████▉ | 5175/5794 [01:13<00:08, 71.90it/s]
 89%|████████▉ | 5183/5794 [01:13<00:08, 71.94it/s]
 90%|████████▉ | 5191/5794 [01:13<00:08, 71.83it/s]
 90%|████████▉ | 5199/5794 [01:13<00:08, 71.97it/s]
 90%|████████▉ | 5207/5794 [01:13<00:08, 71.89it/s]
 90%|█████████ | 5215/5794 [01:13<00:08, 71.96it/s]
 90%|█████████ | 5223/5794 [01:14<00:07, 71.88it/s]
 90%|█████████ | 5231/5794 [01:14<00:07, 71.97it/s]
 90%|█████████ | 5239/5794 [01:14<00:07, 71.82it/s]
 91%|█████████ | 5247/5794 [01:14<00:07, 71.99it/s]
 91%|█████████ | 5255/5794 [01:14<00:07, 71.99it/s]
 91%|█████████ | 5263/5794 [01:14<00:07, 71.93it/s]
 91%|█████████ | 5271/5794 [01:14<00:07, 71.97it/s]
 91%|█████████ | 5279/5794 [01:14<00:07, 71.91it/s]
 91%|█████████ | 5287/5794 [01:14<00:07, 71.87it/s]
 91%|█████████▏| 5295/5794 [01:15<00:07, 71.10it/s]
 92%|█████████▏| 5303/5794 [01:15<00:06, 71.34it/s]
 92%|█████████▏| 5311/5794 [01:15<00:06, 71.45it/s]
 92%|█████████▏| 5319/5794 [01:15<00:06, 71.58it/s]
 92%|█████████▏| 5327/5794 [01:15<00:06, 71.44it/s]
 92%|█████████▏| 5335/5794 [01:15<00:06, 71.52it/s]
 92%|█████████▏| 5343/5794 [01:15<00:06, 71.40it/s]
 92%|█████████▏| 5351/5794 [01:15<00:06, 71.56it/s]
 92%|█████████▏| 5359/5794 [01:15<00:06, 71.39it/s]
 93%|█████████▎| 5367/5794 [01:16<00:05, 71.61it/s]
 93%|█████████▎| 5375/5794 [01:16<00:05, 71.51it/s]
 93%|█████████▎| 5383/5794 [01:16<00:05, 71.65it/s]
 93%|█████████▎| 5391/5794 [01:16<00:05, 71.68it/s]
 93%|█████████▎| 5399/5794 [01:16<00:05, 71.61it/s]
 93%|█████████▎| 5407/5794 [01:16<00:05, 71.48it/s]
 93%|█████████▎| 5415/5794 [01:16<00:05, 71.57it/s]
 94%|█████████▎| 5423/5794 [01:16<00:05, 71.76it/s]
 94%|█████████▎| 5431/5794 [01:16<00:05, 71.77it/s]
 94%|█████████▍| 5439/5794 [01:17<00:04, 71.89it/s]
 94%|█████████▍| 5447/5794 [01:17<00:04, 71.48it/s]
 94%|█████████▍| 5455/5794 [01:17<00:04, 71.49it/s]
 94%|█████████▍| 5463/5794 [01:17<00:04, 71.53it/s]
 94%|█████████▍| 5471/5794 [01:17<00:04, 71.81it/s]
 95%|█████████▍| 5479/5794 [01:17<00:04, 71.86it/s]
 95%|█████████▍| 5487/5794 [01:17<00:04, 71.99it/s]
 95%|█████████▍| 5495/5794 [01:17<00:04, 71.73it/s]
 95%|█████████▍| 5503/5794 [01:17<00:04, 71.85it/s]
 95%|█████████▌| 5511/5794 [01:18<00:03, 71.74it/s]
 95%|█████████▌| 5519/5794 [01:18<00:03, 71.85it/s]
 95%|█████████▌| 5527/5794 [01:18<00:03, 71.80it/s]
 96%|█████████▌| 5535/5794 [01:18<00:03, 71.07it/s]
 96%|█████████▌| 5543/5794 [01:18<00:03, 71.32it/s]
 96%|█████████▌| 5551/5794 [01:18<00:03, 71.41it/s]
 96%|█████████▌| 5559/5794 [01:18<00:03, 71.48it/s]
 96%|█████████▌| 5567/5794 [01:18<00:03, 71.54it/s]
 96%|█████████▌| 5575/5794 [01:19<00:03, 71.59it/s]
 96%|█████████▋| 5583/5794 [01:19<00:02, 71.56it/s]
 96%|█████████▋| 5591/5794 [01:19<00:02, 71.66it/s]
 97%|█████████▋| 5599/5794 [01:19<00:02, 71.70it/s]
 97%|█████████▋| 5607/5794 [01:19<00:02, 71.70it/s]
 97%|█████████▋| 5615/5794 [01:19<00:02, 71.70it/s]
 97%|█████████▋| 5623/5794 [01:19<00:02, 71.81it/s]
 97%|█████████▋| 5631/5794 [01:19<00:02, 71.60it/s]
 97%|█████████▋| 5639/5794 [01:19<00:02, 71.74it/s]
 97%|█████████▋| 5647/5794 [01:20<00:02, 71.68it/s]
 98%|█████████▊| 5655/5794 [01:20<00:01, 71.73it/s]
 98%|█████████▊| 5663/5794 [01:20<00:01, 71.75it/s]
 98%|█████████▊| 5671/5794 [01:20<00:01, 71.63it/s]
 98%|█████████▊| 5679/5794 [01:20<00:01, 71.58it/s]
 98%|█████████▊| 5687/5794 [01:20<00:01, 71.47it/s]
 98%|█████████▊| 5695/5794 [01:20<00:01, 71.54it/s]
 98%|█████████▊| 5703/5794 [01:20<00:01, 71.06it/s]
 99%|█████████▊| 5711/5794 [01:20<00:01, 70.09it/s]
 99%|█████████▊| 5719/5794 [01:21<00:01, 70.10it/s]
 99%|█████████▉| 5727/5794 [01:21<00:00, 70.33it/s]
 99%|█████████▉| 5735/5794 [01:21<00:00, 70.66it/s]
 99%|█████████▉| 5743/5794 [01:21<00:00, 70.42it/s]
 99%|█████████▉| 5751/5794 [01:21<00:00, 70.72it/s]
 99%|█████████▉| 5759/5794 [01:21<00:00, 71.20it/s]
100%|█████████▉| 5767/5794 [01:21<00:00, 71.20it/s]
100%|█████████▉| 5775/5794 [01:21<00:00, 71.33it/s]
100%|█████████▉| 5783/5794 [01:21<00:00, 71.47it/s]
100%|█████████▉| 5791/5794 [01:22<00:00, 71.92it/s]
100%|██████████| 5794/5794 [01:22<00:00, 70.54it/s]
BALANCED ACCS CHECKED FOR TEST
TEST SET RESULTS FOR CHECKPOINT trained_weights/waterbirds/gals_waterbird_complete95_forest2water2_21050491_trial_000/best_balanced_valacc_0.55_epoch_0.ckpt
test_acc: 0.7279944770452192
balanced_test_acc: 0.5662318420125577
Land_on_Land_test_acc: 0.9991130820399113
Land_on_Water_test_acc: 0.7144124168514412
Water_on_Land_test_acc: 0.010903426791277258
Water_on_Water_test_acc: 0.5404984423676013
test_acc_Waterbird: 0.2757009345794392
test_acc_Landbird: 0.8567627494456763
