[CMD] /home/ryreu/miniconda3/envs/gals_a100/bin/python -u main.py --config configs/waterbirds_100_abn_vit.yaml --name abn_att_waterbird_1.0_forest2water2_21050491_trial_000 DATA.ROOT=/home/ryreu/guided_cnn/waterbirds DATA.WATERBIRDS_DIR=waterbird_1.0_forest2water2 SEED=0 EXP.BASE.LR=0.0010000000000000002 EXP.CLASSIFIER.LR=9.999999999999991e-05 EXP.WEIGHT_DECAY=9.999999999999997e-06 EXP.AUX_LOSSES_ON_VAL=False EXP.LOSSES.ABN_SUPERVISION.WEIGHT=1.0 EXP.NUM_EPOCHS=1
SEED: 0
DATA:
  BATCH_SIZE: 96
  NUM_WORKERS: 4
  SIZE: 224
  NORMALIZATION: imagenet
  ATTENTION_DIR: clip_vit_attention
  SEPARATE_CLASSES: false
  REMOVE_BACKGROUND: false
  ROOT: /home/ryreu/guided_cnn/waterbirds
  USE_CLASS_WEIGHTS: false
  USE_GROUP_WEIGHTS: false
  DATASET: waterbirds
  NUM_CLASSES: 2
  CONFOUNDING_FACTOR: 1.0
  WATERBIRDS_DIR: waterbird_1.0_forest2water2
EXP:
  NUM_TRIALS: 1
  LOSSES:
    CLASSIFICATION:
      WEIGHT: 1
    GRADIENT_OUTSIDE:
      COMPUTE: false
      LOG: false
      WEIGHT: 0.01
      CRITERION: L1
      GT: segmentation
      COMBINE_ATT_MODE: average_nonzero
    GRADIENT_INSIDE:
      COMPUTE: false
      LOG: false
      WEIGHT: 1
      CRITERION: L1
      GT: segmentation
      COMBINE_ATT_MODE: average_nonzero
    GRADCAM:
      COMPUTE: false
      LOG: false
      WEIGHT: 1
      CRITERION: L1
      GT: segmentation
      MODE: match
      COMBINE_ATT_MODE: average_nonzero
    ABN_CLASSIFICATION:
      COMPUTE: true
      LOG: false
      WEIGHT: 1
    ABN_SUPERVISION:
      COMPUTE: true
      LOG: false
      WEIGHT: 1.0
      CRITERION: L1
      GT: clip_vit
      MODE: suppress_outside
      COMBINE_ATT_MODE: average_nonzero
  APPROACH: abn
  MODEL: resnet50_abn
  PRETRAINED: true
  PROVIDED_ATT: NONE
  PROVIDED_ATT_SHAPE:
  - 14
  - 14
  ABN_ADD_AFTER_ATTENTION: true
  NUM_EPOCHS: 1
  OPTIMIZER: SGD
  WEIGHT_DECAY: 9.999999999999997e-06
  MOMENTUM: 0.9
  SCHEDULER: NONE
  BASE:
    LR: 0.0010000000000000002
  CLASSIFIER:
    LR: 9.999999999999991e-05
  AUX_LOSSES_ON_VAL: false
LOGGING:
  SAVE_EVERY: 0
  SAVE_BEST: true
  SAVE_LAST: false
  LOG_ATTENTION: false
  LOG_ATTENTION_STEP: 10
  SAVE_STATS_PATH: null
yaml: configs/waterbirds_100_abn_vit.yaml
name: abn_att_waterbird_1.0_forest2water2_21050491_trial_000
test_checkpoint: null

WATERBIRDS DIR: /home/ryreu/guided_cnn/waterbirds/waterbird_1.0_forest2water2
NUMBER OF SAMPLES WITH LABEL Landbird: 3684
NUMBER OF SAMPLES WITH LABEL Waterbird: 1111
NUMBER OF SAMPLES WITH GROUP Land_on_Land: 3684
NUMBER OF SAMPLES WITH GROUP Land_on_Water: 0
NUMBER OF SAMPLES WITH GROUP Water_on_Land: 0
NUMBER OF SAMPLES WITH GROUP Water_on_Water: 1111
WATERBIRDS DIR: /home/ryreu/guided_cnn/waterbirds/waterbird_1.0_forest2water2
NUMBER OF SAMPLES WITH LABEL Landbird: 931
NUMBER OF SAMPLES WITH LABEL Waterbird: 268
NUMBER OF SAMPLES WITH GROUP Land_on_Land: 465
NUMBER OF SAMPLES WITH GROUP Land_on_Water: 466
NUMBER OF SAMPLES WITH GROUP Water_on_Land: 134
NUMBER OF SAMPLES WITH GROUP Water_on_Water: 134
NUM TRAIN: 4795

NUM VAL:   1199

Number classifier outputs: 1
Using pretrained model: True
Removing att_conv.weight from pretained weights, with weight shape torch.Size([1000, 2048, 1, 1])
Removing bn_att2.weight from pretained weights, with weight shape torch.Size([1000])
Removing bn_att2.bias from pretained weights, with weight shape torch.Size([1000])
Removing bn_att2.running_mean from pretained weights, with weight shape torch.Size([1000])
Removing bn_att2.running_var from pretained weights, with weight shape torch.Size([1000])
Removing att_conv2.weight from pretained weights, with weight shape torch.Size([1000, 1000, 1, 1])
Removing att_conv3.weight from pretained weights, with weight shape torch.Size([1, 1000, 3, 3])
Removing fc.weight from pretained weights, with weight shape torch.Size([1000, 2048])
Removing fc.bias from pretained weights, with weight shape torch.Size([1000])
Keys missing in state dict:    ['att_conv.weight', 'bn_att2.weight', 'bn_att2.bias', 'bn_att2.running_mean', 'bn_att2.running_var', 'att_conv2.weight', 'att_conv3.weight', 'fc.weight', 'fc.bias']
Unexpected keys in state dict: []
USING SGD OPTIMIZER
class weights: None
group weights: None
WANDB DISABLED: skipping wandb.init()
EPOCH: 0

>>> TRAINING 


  0%|          | 0/50 [00:00<?, ?it/s]
  2%|▏         | 1/50 [00:03<03:00,  3.68s/it]
  4%|▍         | 2/50 [00:03<01:20,  1.67s/it]
  6%|▌         | 3/50 [00:04<00:48,  1.02s/it]
  8%|▊         | 4/50 [00:04<00:33,  1.39it/s]
 10%|█         | 5/50 [00:04<00:25,  1.80it/s]
 12%|█▏        | 6/50 [00:04<00:19,  2.20it/s]
 14%|█▍        | 7/50 [00:05<00:16,  2.57it/s]
 16%|█▌        | 8/50 [00:05<00:14,  2.94it/s]
 18%|█▊        | 9/50 [00:05<00:12,  3.23it/s]
 20%|██        | 10/50 [00:05<00:11,  3.45it/s]
 22%|██▏       | 11/50 [00:06<00:10,  3.62it/s]
 24%|██▍       | 12/50 [00:06<00:10,  3.76it/s]
 26%|██▌       | 13/50 [00:06<00:09,  3.85it/s]
 28%|██▊       | 14/50 [00:06<00:09,  3.93it/s]
 30%|███       | 15/50 [00:07<00:08,  3.98it/s]
 32%|███▏      | 16/50 [00:07<00:08,  4.03it/s]
 34%|███▍      | 17/50 [00:07<00:08,  4.06it/s]
 36%|███▌      | 18/50 [00:07<00:07,  4.07it/s]
 38%|███▊      | 19/50 [00:08<00:07,  4.08it/s]
 40%|████      | 20/50 [00:08<00:07,  4.11it/s]
 42%|████▏     | 21/50 [00:08<00:07,  4.13it/s]
 44%|████▍     | 22/50 [00:08<00:06,  4.13it/s]
 46%|████▌     | 23/50 [00:09<00:06,  4.12it/s]
 48%|████▊     | 24/50 [00:09<00:06,  4.13it/s]
 50%|█████     | 25/50 [00:09<00:06,  4.13it/s]
 52%|█████▏    | 26/50 [00:09<00:05,  4.11it/s]
 54%|█████▍    | 27/50 [00:10<00:05,  4.11it/s]
 56%|█████▌    | 28/50 [00:10<00:05,  4.13it/s]
 58%|█████▊    | 29/50 [00:10<00:05,  4.13it/s]
 60%|██████    | 30/50 [00:10<00:04,  4.11it/s]
 62%|██████▏   | 31/50 [00:11<00:04,  4.11it/s]
 64%|██████▍   | 32/50 [00:11<00:04,  4.12it/s]
 66%|██████▌   | 33/50 [00:11<00:04,  4.14it/s]
 68%|██████▊   | 34/50 [00:11<00:03,  4.12it/s]
 70%|███████   | 35/50 [00:12<00:03,  4.12it/s]
 72%|███████▏  | 36/50 [00:12<00:03,  4.10it/s]
 74%|███████▍  | 37/50 [00:12<00:03,  4.13it/s]
 76%|███████▌  | 38/50 [00:12<00:02,  4.13it/s]
 78%|███████▊  | 39/50 [00:12<00:02,  4.12it/s]
 80%|████████  | 40/50 [00:13<00:02,  4.12it/s]
 82%|████████▏ | 41/50 [00:13<00:02,  4.14it/s]
 84%|████████▍ | 42/50 [00:13<00:01,  4.13it/s]
 86%|████████▌ | 43/50 [00:13<00:01,  4.12it/s]
 88%|████████▊ | 44/50 [00:14<00:01,  4.11it/s]
 90%|█████████ | 45/50 [00:14<00:01,  4.15it/s]
 92%|█████████▏| 46/50 [00:14<00:00,  4.17it/s]
 94%|█████████▍| 47/50 [00:14<00:00,  4.18it/s]
 96%|█████████▌| 48/50 [00:15<00:00,  4.20it/s]
 98%|█████████▊| 49/50 [00:15<00:00,  4.21it/s]
100%|██████████| 50/50 [00:15<00:00,  4.26it/s]
100%|██████████| 50/50 [00:15<00:00,  3.19it/s]
>>> VALIDATING 


  0%|          | 0/13 [00:00<?, ?it/s]
  8%|▊         | 1/13 [00:01<00:12,  1.05s/it]
 23%|██▎       | 3/13 [00:01<00:03,  2.97it/s]
 38%|███▊      | 5/13 [00:01<00:02,  3.25it/s]
 54%|█████▍    | 7/13 [00:01<00:01,  4.67it/s]
 69%|██████▉   | 9/13 [00:02<00:00,  4.24it/s]
 85%|████████▍ | 11/13 [00:02<00:00,  5.46it/s]
100%|██████████| 13/13 [00:02<00:00,  6.72it/s]
100%|██████████| 13/13 [00:02<00:00,  4.46it/s]
>>> LOGGING 

BALANCED ACCS CHECKED FOR TRAIN
BALANCED ACCS CHECKED FOR VAL
train_acc: 0.7795620437956204
val_acc: 0.6171809841534612
train_abn_acc: 0
val_abn_acc: 0
train_cls_loss: 0.4472104811600028
val_cls_loss: 0.6623709531900185
train_total_loss: 1.4007895059704905
val_total_loss: 0.6623709531900185
test_abn_acc: 0
balanced_train_acc: 0.6163990584726224
balanced_val_acc: 0.5249691392660756
Land_on_Land_train_acc: 0.9204668838219326
Land_on_Land_val_acc: 0.9913978494623656
Land_on_Water_train_acc: 0
Land_on_Water_val_acc: 0.3927038626609442
Water_on_Land_train_acc: 0
Water_on_Land_val_acc: 0.022388059701492536
Water_on_Water_train_acc: 0.31233123312331235
Water_on_Water_val_acc: 0.6940298507462687
train_abn_cls_loss: 0.764101118787859
train_abn_att_clip_vit_loss: 0.18947790399644374
train_acc_Landbird: 0.9204668838219326
train_acc_Waterbird: 0.31233123312331235
val_acc_Landbird: 0.6917293233082706
val_acc_Waterbird: 0.3582089552238806
TRAIN ACC:        0.7795620437956204
VAL ACC:          0.6171809841534612
BALANCED VAL ACC: 0.5249691392660756
prev best list: []
Saving to trained_weights/waterbirds/abn_att_waterbird_1.0_forest2water2_21050491_trial_000/best_balanced_valacc_0.52_epoch_0.ckpt
>>> EVALUATING ON TEST SET
WATERBIRDS DIR: /home/ryreu/guided_cnn/waterbirds/waterbird_1.0_forest2water2
NUMBER OF SAMPLES WITH LABEL Landbird: 4510
NUMBER OF SAMPLES WITH LABEL Waterbird: 1284
NUMBER OF SAMPLES WITH GROUP Land_on_Land: 2255
NUMBER OF SAMPLES WITH GROUP Land_on_Water: 2255
NUMBER OF SAMPLES WITH GROUP Water_on_Land: 642
NUMBER OF SAMPLES WITH GROUP Water_on_Water: 642
NUM TEST:   5794

Loaded checkpoint trained_weights/waterbirds/abn_att_waterbird_1.0_forest2water2_21050491_trial_000/best_balanced_valacc_0.52_epoch_0.ckpt

  0%|          | 0/5794 [00:00<?, ?it/s]
  0%|          | 1/5794 [00:00<22:55,  4.21it/s]
  0%|          | 6/5794 [00:00<04:33, 21.19it/s]
  0%|          | 12/5794 [00:00<02:56, 32.79it/s]
  0%|          | 18/5794 [00:00<02:27, 39.20it/s]
  0%|          | 23/5794 [00:00<02:15, 42.44it/s]
  0%|          | 28/5794 [00:00<02:09, 44.65it/s]
  1%|          | 33/5794 [00:00<02:04, 46.22it/s]
  1%|          | 38/5794 [00:00<02:01, 47.21it/s]
  1%|          | 43/5794 [00:01<01:59, 48.01it/s]
  1%|          | 48/5794 [00:01<01:58, 48.53it/s]
  1%|          | 53/5794 [00:01<01:57, 48.82it/s]
  1%|          | 58/5794 [00:01<01:58, 48.61it/s]
  1%|          | 63/5794 [00:01<01:57, 48.98it/s]
  1%|          | 68/5794 [00:01<01:56, 49.21it/s]
  1%|▏         | 73/5794 [00:01<01:56, 49.23it/s]
  1%|▏         | 78/5794 [00:01<01:55, 49.38it/s]
  1%|▏         | 83/5794 [00:01<01:55, 49.26it/s]
  2%|▏         | 88/5794 [00:01<01:55, 49.23it/s]
  2%|▏         | 93/5794 [00:02<01:56, 49.09it/s]
  2%|▏         | 98/5794 [00:02<01:55, 49.22it/s]
  2%|▏         | 103/5794 [00:02<01:55, 49.23it/s]
  2%|▏         | 108/5794 [00:02<01:55, 49.11it/s]
  2%|▏         | 113/5794 [00:02<01:55, 49.26it/s]
  2%|▏         | 118/5794 [00:02<01:55, 49.29it/s]
  2%|▏         | 123/5794 [00:02<01:55, 49.25it/s]
  2%|▏         | 128/5794 [00:02<01:54, 49.38it/s]
  2%|▏         | 133/5794 [00:02<01:54, 49.43it/s]
  2%|▏         | 138/5794 [00:03<01:54, 49.43it/s]
  2%|▏         | 143/5794 [00:03<01:54, 49.44it/s]
  3%|▎         | 148/5794 [00:03<01:54, 49.47it/s]
  3%|▎         | 153/5794 [00:03<01:53, 49.52it/s]
  3%|▎         | 158/5794 [00:03<01:54, 49.42it/s]
  3%|▎         | 163/5794 [00:03<01:53, 49.40it/s]
  3%|▎         | 168/5794 [00:03<01:53, 49.49it/s]
  3%|▎         | 173/5794 [00:03<01:53, 49.47it/s]
  3%|▎         | 178/5794 [00:03<01:53, 49.35it/s]
  3%|▎         | 184/5794 [00:03<01:52, 49.81it/s]
  3%|▎         | 189/5794 [00:04<01:52, 49.65it/s]
  3%|▎         | 194/5794 [00:04<01:52, 49.67it/s]
  3%|▎         | 200/5794 [00:04<01:52, 49.81it/s]
  4%|▎         | 205/5794 [00:04<01:52, 49.85it/s]
  4%|▎         | 210/5794 [00:04<01:52, 49.78it/s]
  4%|▎         | 216/5794 [00:04<01:51, 49.86it/s]
  4%|▍         | 222/5794 [00:04<01:51, 49.91it/s]
  4%|▍         | 227/5794 [00:04<01:51, 49.79it/s]
  4%|▍         | 233/5794 [00:04<01:50, 50.14it/s]
  4%|▍         | 239/5794 [00:05<01:50, 50.33it/s]
  4%|▍         | 245/5794 [00:05<01:50, 50.30it/s]
  4%|▍         | 251/5794 [00:05<01:49, 50.51it/s]
  4%|▍         | 257/5794 [00:05<01:49, 50.51it/s]
  5%|▍         | 263/5794 [00:05<01:49, 50.50it/s]
  5%|▍         | 269/5794 [00:05<01:49, 50.57it/s]
  5%|▍         | 275/5794 [00:05<01:49, 50.59it/s]
  5%|▍         | 281/5794 [00:05<01:49, 50.14it/s]
  5%|▍         | 287/5794 [00:05<01:49, 50.21it/s]
  5%|▌         | 293/5794 [00:06<01:49, 50.26it/s]
  5%|▌         | 299/5794 [00:06<01:49, 50.41it/s]
  5%|▌         | 305/5794 [00:06<01:48, 50.55it/s]
  5%|▌         | 311/5794 [00:06<01:48, 50.34it/s]
  5%|▌         | 317/5794 [00:06<01:48, 50.43it/s]
  6%|▌         | 323/5794 [00:06<01:48, 50.58it/s]
  6%|▌         | 329/5794 [00:06<01:48, 50.54it/s]
  6%|▌         | 335/5794 [00:06<01:47, 50.64it/s]
  6%|▌         | 341/5794 [00:07<01:47, 50.58it/s]
  6%|▌         | 347/5794 [00:07<01:47, 50.51it/s]
  6%|▌         | 353/5794 [00:07<01:47, 50.50it/s]
  6%|▌         | 359/5794 [00:07<01:47, 50.59it/s]
  6%|▋         | 365/5794 [00:07<01:47, 50.50it/s]
  6%|▋         | 371/5794 [00:07<01:47, 50.61it/s]
  7%|▋         | 377/5794 [00:07<01:47, 50.59it/s]
  7%|▋         | 383/5794 [00:07<01:47, 50.51it/s]
  7%|▋         | 389/5794 [00:08<01:47, 50.26it/s]
  7%|▋         | 395/5794 [00:08<01:47, 50.19it/s]
  7%|▋         | 401/5794 [00:08<01:47, 50.06it/s]
  7%|▋         | 407/5794 [00:08<01:47, 50.08it/s]
  7%|▋         | 413/5794 [00:08<01:47, 50.01it/s]
  7%|▋         | 419/5794 [00:08<01:47, 50.05it/s]
  7%|▋         | 425/5794 [00:08<01:47, 50.12it/s]
  7%|▋         | 431/5794 [00:08<01:46, 50.14it/s]
  8%|▊         | 437/5794 [00:08<01:46, 50.27it/s]
  8%|▊         | 443/5794 [00:09<01:46, 50.38it/s]
  8%|▊         | 449/5794 [00:09<01:46, 50.33it/s]
  8%|▊         | 455/5794 [00:09<01:45, 50.47it/s]
  8%|▊         | 461/5794 [00:09<01:45, 50.48it/s]
  8%|▊         | 467/5794 [00:09<01:45, 50.39it/s]
  8%|▊         | 473/5794 [00:09<01:45, 50.38it/s]
  8%|▊         | 479/5794 [00:09<01:45, 50.54it/s]
  8%|▊         | 485/5794 [00:09<01:45, 50.44it/s]
  8%|▊         | 491/5794 [00:10<01:45, 50.33it/s]
  9%|▊         | 497/5794 [00:10<01:45, 50.16it/s]
  9%|▊         | 503/5794 [00:10<01:45, 50.15it/s]
  9%|▉         | 509/5794 [00:10<01:45, 50.00it/s]
  9%|▉         | 515/5794 [00:10<01:45, 50.07it/s]
  9%|▉         | 521/5794 [00:10<01:45, 50.14it/s]
  9%|▉         | 527/5794 [00:10<01:44, 50.18it/s]
  9%|▉         | 533/5794 [00:10<01:45, 49.87it/s]
  9%|▉         | 539/5794 [00:10<01:45, 50.02it/s]
  9%|▉         | 545/5794 [00:11<01:44, 50.21it/s]
 10%|▉         | 551/5794 [00:11<01:44, 50.19it/s]
 10%|▉         | 557/5794 [00:11<01:44, 50.25it/s]
 10%|▉         | 563/5794 [00:11<01:45, 49.55it/s]
 10%|▉         | 569/5794 [00:11<01:45, 49.72it/s]
 10%|▉         | 575/5794 [00:11<01:44, 49.95it/s]
 10%|█         | 581/5794 [00:11<01:44, 50.09it/s]
 10%|█         | 587/5794 [00:11<01:43, 50.13it/s]
 10%|█         | 593/5794 [00:12<01:43, 50.20it/s]
 10%|█         | 599/5794 [00:12<01:43, 50.13it/s]
 10%|█         | 605/5794 [00:12<01:43, 50.27it/s]
 11%|█         | 611/5794 [00:12<01:42, 50.33it/s]
 11%|█         | 617/5794 [00:12<01:43, 50.00it/s]
 11%|█         | 623/5794 [00:12<01:43, 50.06it/s]
 11%|█         | 629/5794 [00:12<01:43, 50.02it/s]
 11%|█         | 635/5794 [00:12<01:43, 49.92it/s]
 11%|█         | 641/5794 [00:13<01:42, 50.12it/s]
 11%|█         | 647/5794 [00:13<01:42, 50.07it/s]
 11%|█▏        | 653/5794 [00:13<01:42, 49.97it/s]
 11%|█▏        | 659/5794 [00:13<01:42, 50.00it/s]
 11%|█▏        | 665/5794 [00:13<01:42, 50.12it/s]
 12%|█▏        | 671/5794 [00:13<01:42, 50.13it/s]
 12%|█▏        | 677/5794 [00:13<01:41, 50.24it/s]
 12%|█▏        | 683/5794 [00:13<01:41, 50.24it/s]
 12%|█▏        | 689/5794 [00:13<01:41, 50.21it/s]
 12%|█▏        | 695/5794 [00:14<01:41, 50.30it/s]
 12%|█▏        | 701/5794 [00:14<01:41, 50.20it/s]
 12%|█▏        | 707/5794 [00:14<01:41, 50.30it/s]
 12%|█▏        | 713/5794 [00:14<01:41, 50.22it/s]
 12%|█▏        | 719/5794 [00:14<01:41, 50.19it/s]
 13%|█▎        | 725/5794 [00:14<01:40, 50.29it/s]
 13%|█▎        | 731/5794 [00:14<01:40, 50.35it/s]
 13%|█▎        | 737/5794 [00:14<01:40, 50.11it/s]
 13%|█▎        | 743/5794 [00:15<01:41, 50.00it/s]
 13%|█▎        | 749/5794 [00:15<01:40, 50.12it/s]
 13%|█▎        | 755/5794 [00:15<01:40, 50.06it/s]
 13%|█▎        | 761/5794 [00:15<01:40, 50.10it/s]
 13%|█▎        | 767/5794 [00:15<01:40, 49.94it/s]
 13%|█▎        | 772/5794 [00:15<01:40, 49.93it/s]
 13%|█▎        | 777/5794 [00:15<01:40, 49.86it/s]
 13%|█▎        | 782/5794 [00:15<01:40, 49.81it/s]
 14%|█▎        | 787/5794 [00:15<01:42, 48.71it/s]
 14%|█▎        | 793/5794 [00:16<01:41, 49.31it/s]
 14%|█▍        | 798/5794 [00:16<01:40, 49.47it/s]
 14%|█▍        | 803/5794 [00:16<01:40, 49.58it/s]
 14%|█▍        | 808/5794 [00:16<01:40, 49.62it/s]
 14%|█▍        | 814/5794 [00:16<01:40, 49.80it/s]
 14%|█▍        | 820/5794 [00:16<01:39, 49.88it/s]
 14%|█▍        | 826/5794 [00:16<01:39, 50.04it/s]
 14%|█▍        | 832/5794 [00:16<01:38, 50.13it/s]
 14%|█▍        | 838/5794 [00:16<01:39, 50.03it/s]
 15%|█▍        | 844/5794 [00:17<01:38, 50.14it/s]
 15%|█▍        | 850/5794 [00:17<01:38, 50.20it/s]
 15%|█▍        | 856/5794 [00:17<01:38, 50.19it/s]
 15%|█▍        | 862/5794 [00:17<01:38, 50.24it/s]
 15%|█▍        | 868/5794 [00:17<01:38, 50.21it/s]
 15%|█▌        | 874/5794 [00:17<01:38, 50.20it/s]
 15%|█▌        | 880/5794 [00:17<01:37, 50.40it/s]
 15%|█▌        | 886/5794 [00:17<01:37, 50.44it/s]
 15%|█▌        | 892/5794 [00:18<01:37, 50.42it/s]
 15%|█▌        | 898/5794 [00:18<01:37, 50.45it/s]
 16%|█▌        | 904/5794 [00:18<01:36, 50.42it/s]
 16%|█▌        | 910/5794 [00:18<01:36, 50.44it/s]
 16%|█▌        | 916/5794 [00:18<01:36, 50.39it/s]
 16%|█▌        | 922/5794 [00:18<01:36, 50.32it/s]
 16%|█▌        | 928/5794 [00:18<01:36, 50.40it/s]
 16%|█▌        | 934/5794 [00:18<01:36, 50.57it/s]
 16%|█▌        | 940/5794 [00:18<01:36, 50.31it/s]
 16%|█▋        | 946/5794 [00:19<01:36, 49.99it/s]
 16%|█▋        | 952/5794 [00:19<01:36, 50.06it/s]
 17%|█▋        | 958/5794 [00:19<01:36, 50.00it/s]
 17%|█▋        | 964/5794 [00:19<01:36, 50.20it/s]
 17%|█▋        | 970/5794 [00:19<01:36, 50.24it/s]
 17%|█▋        | 976/5794 [00:19<01:36, 50.11it/s]
 17%|█▋        | 982/5794 [00:19<01:35, 50.20it/s]
 17%|█▋        | 988/5794 [00:19<01:35, 50.37it/s]
 17%|█▋        | 994/5794 [00:20<01:35, 50.15it/s]
 17%|█▋        | 1000/5794 [00:20<01:35, 50.33it/s]
 17%|█▋        | 1006/5794 [00:20<01:32, 51.75it/s]
 17%|█▋        | 1012/5794 [00:20<01:30, 53.07it/s]
 18%|█▊        | 1018/5794 [00:20<01:27, 54.31it/s]
 18%|█▊        | 1024/5794 [00:20<01:26, 55.05it/s]
 18%|█▊        | 1030/5794 [00:20<01:25, 55.75it/s]
 18%|█▊        | 1036/5794 [00:20<01:24, 56.08it/s]
 18%|█▊        | 1042/5794 [00:20<01:25, 55.66it/s]
 18%|█▊        | 1048/5794 [00:21<01:25, 55.55it/s]
 18%|█▊        | 1054/5794 [00:21<01:29, 52.96it/s]
 18%|█▊        | 1060/5794 [00:21<01:31, 51.73it/s]
 18%|█▊        | 1066/5794 [00:21<01:32, 51.33it/s]
 19%|█▊        | 1072/5794 [00:21<01:32, 50.92it/s]
 19%|█▊        | 1078/5794 [00:21<01:33, 50.52it/s]
 19%|█▊        | 1084/5794 [00:21<01:33, 50.45it/s]
 19%|█▉        | 1090/5794 [00:21<01:33, 50.30it/s]
 19%|█▉        | 1096/5794 [00:22<01:33, 50.31it/s]
 19%|█▉        | 1102/5794 [00:22<01:33, 50.13it/s]
 19%|█▉        | 1108/5794 [00:22<01:33, 50.27it/s]
 19%|█▉        | 1114/5794 [00:22<01:33, 49.97it/s]
 19%|█▉        | 1120/5794 [00:22<01:33, 50.09it/s]
 19%|█▉        | 1126/5794 [00:22<01:33, 49.98it/s]
 20%|█▉        | 1132/5794 [00:22<01:32, 50.15it/s]
 20%|█▉        | 1138/5794 [00:22<01:32, 50.26it/s]
 20%|█▉        | 1144/5794 [00:22<01:32, 50.35it/s]
 20%|█▉        | 1150/5794 [00:23<01:32, 50.44it/s]
 20%|█▉        | 1156/5794 [00:23<01:31, 50.51it/s]
 20%|██        | 1162/5794 [00:23<01:32, 50.21it/s]
 20%|██        | 1168/5794 [00:23<01:31, 50.39it/s]
 20%|██        | 1174/5794 [00:23<01:31, 50.36it/s]
 20%|██        | 1180/5794 [00:23<01:31, 50.39it/s]
 20%|██        | 1186/5794 [00:23<01:31, 50.37it/s]
 21%|██        | 1192/5794 [00:23<01:31, 50.42it/s]
 21%|██        | 1198/5794 [00:24<01:31, 50.30it/s]
 21%|██        | 1204/5794 [00:24<01:31, 50.34it/s]
 21%|██        | 1210/5794 [00:24<01:31, 50.32it/s]
 21%|██        | 1216/5794 [00:24<01:31, 50.26it/s]
 21%|██        | 1222/5794 [00:24<01:30, 50.45it/s]
 21%|██        | 1228/5794 [00:24<01:30, 50.38it/s]
 21%|██▏       | 1234/5794 [00:24<01:30, 50.40it/s]
 21%|██▏       | 1240/5794 [00:24<01:27, 52.07it/s]
 22%|██▏       | 1246/5794 [00:24<01:24, 53.58it/s]
 22%|██▏       | 1252/5794 [00:25<01:22, 54.99it/s]
 22%|██▏       | 1258/5794 [00:25<01:21, 55.88it/s]
 22%|██▏       | 1264/5794 [00:25<01:20, 56.35it/s]
 22%|██▏       | 1270/5794 [00:25<01:19, 56.91it/s]
 22%|██▏       | 1276/5794 [00:25<01:18, 57.42it/s]
 22%|██▏       | 1282/5794 [00:25<01:18, 57.48it/s]
 22%|██▏       | 1288/5794 [00:25<01:19, 56.37it/s]
 22%|██▏       | 1294/5794 [00:25<01:23, 54.19it/s]
 22%|██▏       | 1300/5794 [00:25<01:25, 52.85it/s]
 23%|██▎       | 1306/5794 [00:26<01:26, 52.12it/s]
 23%|██▎       | 1312/5794 [00:26<01:26, 51.61it/s]
 23%|██▎       | 1318/5794 [00:26<01:27, 50.98it/s]
 23%|██▎       | 1324/5794 [00:26<01:27, 50.93it/s]
 23%|██▎       | 1330/5794 [00:26<01:28, 50.57it/s]
 23%|██▎       | 1336/5794 [00:26<01:28, 50.52it/s]
 23%|██▎       | 1342/5794 [00:26<01:28, 50.39it/s]
 23%|██▎       | 1348/5794 [00:26<01:28, 50.29it/s]
 23%|██▎       | 1354/5794 [00:27<01:28, 50.29it/s]
 23%|██▎       | 1360/5794 [00:27<01:28, 50.08it/s]
 24%|██▎       | 1366/5794 [00:27<01:28, 49.96it/s]
 24%|██▎       | 1372/5794 [00:27<01:28, 50.03it/s]
 24%|██▍       | 1378/5794 [00:27<01:28, 49.77it/s]
 24%|██▍       | 1383/5794 [00:27<01:28, 49.59it/s]
 24%|██▍       | 1389/5794 [00:27<01:28, 49.85it/s]
 24%|██▍       | 1394/5794 [00:27<01:28, 49.63it/s]
 24%|██▍       | 1399/5794 [00:27<01:28, 49.56it/s]
 24%|██▍       | 1405/5794 [00:28<01:28, 49.83it/s]
 24%|██▍       | 1410/5794 [00:28<01:28, 49.76it/s]
 24%|██▍       | 1415/5794 [00:28<01:28, 49.70it/s]
 25%|██▍       | 1421/5794 [00:28<01:27, 49.99it/s]
 25%|██▍       | 1427/5794 [00:28<01:28, 49.38it/s]
 25%|██▍       | 1433/5794 [00:28<01:27, 49.70it/s]
 25%|██▍       | 1439/5794 [00:28<01:27, 49.97it/s]
 25%|██▍       | 1445/5794 [00:28<01:26, 50.06it/s]
 25%|██▌       | 1451/5794 [00:28<01:26, 50.04it/s]
 25%|██▌       | 1457/5794 [00:29<01:26, 50.18it/s]
 25%|██▌       | 1463/5794 [00:29<01:26, 50.25it/s]
 25%|██▌       | 1469/5794 [00:29<01:26, 50.25it/s]
 25%|██▌       | 1475/5794 [00:29<01:25, 50.34it/s]
 26%|██▌       | 1481/5794 [00:29<01:25, 50.28it/s]
 26%|██▌       | 1487/5794 [00:29<01:26, 50.05it/s]
 26%|██▌       | 1493/5794 [00:29<01:25, 50.24it/s]
 26%|██▌       | 1499/5794 [00:29<01:25, 50.25it/s]
 26%|██▌       | 1505/5794 [00:30<01:25, 50.29it/s]
 26%|██▌       | 1511/5794 [00:30<01:25, 50.39it/s]
 26%|██▌       | 1517/5794 [00:30<01:25, 49.85it/s]
 26%|██▋       | 1523/5794 [00:30<01:25, 50.23it/s]
 26%|██▋       | 1529/5794 [00:30<01:22, 51.87it/s]
 26%|██▋       | 1535/5794 [00:30<01:20, 53.03it/s]
 27%|██▋       | 1541/5794 [00:30<01:18, 54.00it/s]
 27%|██▋       | 1547/5794 [00:30<01:21, 52.21it/s]
 27%|██▋       | 1553/5794 [00:30<01:22, 51.31it/s]
 27%|██▋       | 1559/5794 [00:31<01:23, 50.87it/s]
 27%|██▋       | 1565/5794 [00:31<01:23, 50.49it/s]
 27%|██▋       | 1571/5794 [00:31<01:24, 50.07it/s]
 27%|██▋       | 1577/5794 [00:31<01:24, 49.81it/s]
 27%|██▋       | 1582/5794 [00:31<01:25, 49.35it/s]
 27%|██▋       | 1588/5794 [00:31<01:24, 49.93it/s]
 28%|██▊       | 1594/5794 [00:31<01:21, 51.57it/s]
 28%|██▊       | 1600/5794 [00:31<01:19, 52.71it/s]
 28%|██▊       | 1606/5794 [00:32<01:21, 51.40it/s]
 28%|██▊       | 1612/5794 [00:32<01:22, 50.64it/s]
 28%|██▊       | 1618/5794 [00:32<01:22, 50.35it/s]
 28%|██▊       | 1624/5794 [00:32<01:23, 50.13it/s]
 28%|██▊       | 1630/5794 [00:32<01:23, 49.99it/s]
 28%|██▊       | 1636/5794 [00:32<01:23, 49.82it/s]
 28%|██▊       | 1641/5794 [00:32<01:23, 49.83it/s]
 28%|██▊       | 1646/5794 [00:32<01:23, 49.85it/s]
 28%|██▊       | 1651/5794 [00:32<01:23, 49.76it/s]
 29%|██▊       | 1656/5794 [00:33<01:23, 49.73it/s]
 29%|██▊       | 1662/5794 [00:33<01:22, 49.97it/s]
 29%|██▉       | 1667/5794 [00:33<01:22, 49.88it/s]
 29%|██▉       | 1672/5794 [00:33<01:23, 49.66it/s]
 29%|██▉       | 1677/5794 [00:33<01:22, 49.67it/s]
 29%|██▉       | 1682/5794 [00:33<01:22, 49.73it/s]
 29%|██▉       | 1687/5794 [00:33<01:23, 49.36it/s]
 29%|██▉       | 1692/5794 [00:33<01:22, 49.53it/s]
 29%|██▉       | 1697/5794 [00:33<01:22, 49.57it/s]
 29%|██▉       | 1702/5794 [00:33<01:22, 49.59it/s]
 29%|██▉       | 1707/5794 [00:34<01:22, 49.49it/s]
 30%|██▉       | 1712/5794 [00:34<01:22, 49.60it/s]
 30%|██▉       | 1717/5794 [00:34<01:22, 49.67it/s]
 30%|██▉       | 1722/5794 [00:34<01:22, 49.61it/s]
 30%|██▉       | 1727/5794 [00:34<01:22, 49.07it/s]
 30%|██▉       | 1732/5794 [00:34<01:22, 49.22it/s]
 30%|██▉       | 1737/5794 [00:34<01:22, 49.34it/s]
 30%|███       | 1743/5794 [00:34<01:21, 49.65it/s]
 30%|███       | 1749/5794 [00:34<01:21, 49.93it/s]
 30%|███       | 1755/5794 [00:35<01:20, 50.03it/s]
 30%|███       | 1761/5794 [00:35<01:20, 50.23it/s]
 30%|███       | 1767/5794 [00:35<01:20, 50.34it/s]
 31%|███       | 1773/5794 [00:35<01:20, 50.22it/s]
 31%|███       | 1779/5794 [00:35<01:19, 50.19it/s]
 31%|███       | 1785/5794 [00:35<01:19, 50.27it/s]
 31%|███       | 1791/5794 [00:35<01:19, 50.21it/s]
 31%|███       | 1797/5794 [00:35<01:20, 49.78it/s]
 31%|███       | 1802/5794 [00:35<01:20, 49.67it/s]
 31%|███       | 1807/5794 [00:36<01:20, 49.75it/s]
 31%|███▏      | 1813/5794 [00:36<01:19, 49.89it/s]
 31%|███▏      | 1819/5794 [00:36<01:19, 49.97it/s]
 31%|███▏      | 1824/5794 [00:36<01:19, 49.81it/s]
 32%|███▏      | 1830/5794 [00:36<01:19, 50.05it/s]
 32%|███▏      | 1836/5794 [00:36<01:19, 50.09it/s]
 32%|███▏      | 1842/5794 [00:36<01:18, 50.16it/s]
 32%|███▏      | 1848/5794 [00:36<01:18, 50.35it/s]
 32%|███▏      | 1854/5794 [00:36<01:18, 50.48it/s]
 32%|███▏      | 1860/5794 [00:37<01:18, 50.37it/s]
 32%|███▏      | 1866/5794 [00:37<01:17, 50.44it/s]
 32%|███▏      | 1872/5794 [00:37<01:17, 50.54it/s]
 32%|███▏      | 1878/5794 [00:37<01:17, 50.50it/s]
 33%|███▎      | 1884/5794 [00:37<01:17, 50.52it/s]
 33%|███▎      | 1890/5794 [00:37<01:17, 50.55it/s]
 33%|███▎      | 1896/5794 [00:37<01:17, 50.39it/s]
 33%|███▎      | 1902/5794 [00:37<01:17, 50.14it/s]
 33%|███▎      | 1908/5794 [00:38<01:17, 50.09it/s]
 33%|███▎      | 1914/5794 [00:38<01:17, 50.25it/s]
 33%|███▎      | 1920/5794 [00:38<01:17, 50.17it/s]
 33%|███▎      | 1926/5794 [00:38<01:17, 50.11it/s]
 33%|███▎      | 1932/5794 [00:38<01:17, 50.15it/s]
 33%|███▎      | 1938/5794 [00:38<01:16, 50.23it/s]
 34%|███▎      | 1944/5794 [00:38<01:16, 50.18it/s]
 34%|███▎      | 1950/5794 [00:38<01:16, 50.29it/s]
 34%|███▍      | 1956/5794 [00:39<01:16, 50.31it/s]
 34%|███▍      | 1962/5794 [00:39<01:16, 50.23it/s]
 34%|███▍      | 1968/5794 [00:39<01:16, 50.26it/s]
 34%|███▍      | 1974/5794 [00:39<01:15, 50.39it/s]
 34%|███▍      | 1980/5794 [00:39<01:15, 50.41it/s]
 34%|███▍      | 1986/5794 [00:39<01:15, 50.47it/s]
 34%|███▍      | 1992/5794 [00:39<01:15, 50.44it/s]
 34%|███▍      | 1998/5794 [00:39<01:14, 50.84it/s]
 35%|███▍      | 2004/5794 [00:39<01:14, 50.71it/s]
 35%|███▍      | 2010/5794 [00:40<01:14, 50.48it/s]
 35%|███▍      | 2016/5794 [00:40<01:14, 50.54it/s]
 35%|███▍      | 2022/5794 [00:40<01:14, 50.57it/s]
 35%|███▌      | 2028/5794 [00:40<01:14, 50.25it/s]
 35%|███▌      | 2034/5794 [00:40<01:14, 50.46it/s]
 35%|███▌      | 2040/5794 [00:40<01:14, 50.51it/s]
 35%|███▌      | 2046/5794 [00:40<01:14, 50.25it/s]
 35%|███▌      | 2052/5794 [00:40<01:14, 50.20it/s]
 36%|███▌      | 2058/5794 [00:41<01:15, 49.67it/s]
 36%|███▌      | 2064/5794 [00:41<01:14, 49.93it/s]
 36%|███▌      | 2070/5794 [00:41<01:12, 51.54it/s]
 36%|███▌      | 2076/5794 [00:41<01:09, 53.19it/s]
 36%|███▌      | 2082/5794 [00:41<01:08, 54.21it/s]
 36%|███▌      | 2088/5794 [00:41<01:07, 55.04it/s]
 36%|███▌      | 2094/5794 [00:41<01:06, 55.64it/s]
 36%|███▌      | 2100/5794 [00:41<01:08, 54.10it/s]
 36%|███▋      | 2106/5794 [00:41<01:09, 52.97it/s]
 36%|███▋      | 2112/5794 [00:42<01:10, 52.16it/s]
 37%|███▋      | 2118/5794 [00:42<01:11, 51.69it/s]
 37%|███▋      | 2124/5794 [00:42<01:11, 51.43it/s]
 37%|███▋      | 2130/5794 [00:42<01:11, 51.15it/s]
 37%|███▋      | 2136/5794 [00:42<01:11, 51.09it/s]
 37%|███▋      | 2142/5794 [00:42<01:11, 50.94it/s]
 37%|███▋      | 2148/5794 [00:42<01:11, 50.81it/s]
 37%|███▋      | 2154/5794 [00:42<01:11, 50.73it/s]
 37%|███▋      | 2160/5794 [00:42<01:11, 50.79it/s]
 37%|███▋      | 2166/5794 [00:43<01:11, 50.63it/s]
 37%|███▋      | 2172/5794 [00:43<01:11, 50.68it/s]
 38%|███▊      | 2178/5794 [00:43<01:11, 50.38it/s]
 38%|███▊      | 2184/5794 [00:43<01:12, 49.73it/s]
 38%|███▊      | 2189/5794 [00:43<01:12, 49.51it/s]
 38%|███▊      | 2194/5794 [00:43<01:12, 49.55it/s]
 38%|███▊      | 2200/5794 [00:43<01:10, 50.69it/s]
 38%|███▊      | 2206/5794 [00:43<01:10, 50.79it/s]
 38%|███▊      | 2212/5794 [00:44<01:10, 50.99it/s]
 38%|███▊      | 2218/5794 [00:44<01:09, 51.51it/s]
 38%|███▊      | 2224/5794 [00:44<01:09, 51.19it/s]
 38%|███▊      | 2230/5794 [00:44<01:09, 51.06it/s]
 39%|███▊      | 2236/5794 [00:44<01:10, 50.61it/s]
 39%|███▊      | 2242/5794 [00:44<01:09, 50.86it/s]
 39%|███▉      | 2248/5794 [00:44<01:09, 51.05it/s]
 39%|███▉      | 2254/5794 [00:44<01:09, 50.89it/s]
 39%|███▉      | 2260/5794 [00:44<01:10, 50.48it/s]
 39%|███▉      | 2266/5794 [00:45<01:10, 50.29it/s]
 39%|███▉      | 2272/5794 [00:45<01:10, 50.05it/s]
 39%|███▉      | 2278/5794 [00:45<01:10, 50.02it/s]
 39%|███▉      | 2284/5794 [00:45<01:10, 50.05it/s]
 40%|███▉      | 2290/5794 [00:45<01:09, 50.20it/s]
 40%|███▉      | 2296/5794 [00:45<01:09, 50.05it/s]
 40%|███▉      | 2302/5794 [00:45<01:10, 49.52it/s]
 40%|███▉      | 2307/5794 [00:45<01:10, 49.42it/s]
 40%|███▉      | 2312/5794 [00:46<01:10, 49.52it/s]
 40%|███▉      | 2317/5794 [00:46<01:10, 49.35it/s]
 40%|████      | 2322/5794 [00:46<01:10, 49.35it/s]
 40%|████      | 2327/5794 [00:46<01:09, 49.53it/s]
 40%|████      | 2332/5794 [00:46<01:11, 48.71it/s]
 40%|████      | 2337/5794 [00:46<01:10, 48.80it/s]
 40%|████      | 2342/5794 [00:46<01:10, 49.10it/s]
 41%|████      | 2348/5794 [00:46<01:09, 49.45it/s]
 41%|████      | 2354/5794 [00:46<01:09, 49.71it/s]
 41%|████      | 2360/5794 [00:46<01:08, 50.06it/s]
 41%|████      | 2366/5794 [00:47<01:08, 50.28it/s]
 41%|████      | 2372/5794 [00:47<01:08, 50.22it/s]
 41%|████      | 2378/5794 [00:47<01:07, 50.36it/s]
 41%|████      | 2384/5794 [00:47<01:07, 50.32it/s]
 41%|████      | 2390/5794 [00:47<01:07, 50.44it/s]
 41%|████▏     | 2396/5794 [00:47<01:07, 50.55it/s]
 41%|████▏     | 2402/5794 [00:47<01:07, 50.48it/s]
 42%|████▏     | 2408/5794 [00:47<01:06, 50.89it/s]
 42%|████▏     | 2414/5794 [00:48<01:04, 52.41it/s]
 42%|████▏     | 2420/5794 [00:48<01:03, 53.38it/s]
 42%|████▏     | 2426/5794 [00:48<01:01, 54.42it/s]
 42%|████▏     | 2432/5794 [00:48<01:00, 55.12it/s]
 42%|████▏     | 2438/5794 [00:48<01:00, 55.48it/s]
 42%|████▏     | 2444/5794 [00:48<00:59, 55.92it/s]
 42%|████▏     | 2450/5794 [00:48<01:01, 54.16it/s]
 42%|████▏     | 2456/5794 [00:48<01:02, 52.99it/s]
 42%|████▏     | 2462/5794 [00:48<01:02, 53.52it/s]
 43%|████▎     | 2468/5794 [00:49<01:01, 54.50it/s]
 43%|████▎     | 2474/5794 [00:49<01:00, 55.13it/s]
 43%|████▎     | 2480/5794 [00:49<01:01, 53.65it/s]
 43%|████▎     | 2486/5794 [00:49<01:02, 52.56it/s]
 43%|████▎     | 2492/5794 [00:49<01:03, 52.04it/s]
 43%|████▎     | 2498/5794 [00:49<01:03, 51.71it/s]
 43%|████▎     | 2504/5794 [00:49<01:04, 51.29it/s]
 43%|████▎     | 2510/5794 [00:49<01:04, 51.16it/s]
 43%|████▎     | 2516/5794 [00:49<01:04, 51.11it/s]
 44%|████▎     | 2522/5794 [00:50<01:04, 50.92it/s]
 44%|████▎     | 2528/5794 [00:50<01:04, 50.83it/s]
 44%|████▎     | 2534/5794 [00:50<01:04, 50.83it/s]
 44%|████▍     | 2540/5794 [00:50<01:04, 50.73it/s]
 44%|████▍     | 2546/5794 [00:50<01:04, 50.67it/s]
 44%|████▍     | 2552/5794 [00:50<01:03, 50.77it/s]
 44%|████▍     | 2558/5794 [00:50<01:04, 50.14it/s]
 44%|████▍     | 2564/5794 [00:50<01:04, 49.88it/s]
 44%|████▍     | 2569/5794 [00:51<01:04, 49.89it/s]
 44%|████▍     | 2575/5794 [00:51<01:04, 50.04it/s]
 45%|████▍     | 2581/5794 [00:51<01:04, 50.05it/s]
 45%|████▍     | 2587/5794 [00:51<01:04, 50.09it/s]
 45%|████▍     | 2593/5794 [00:51<01:03, 50.09it/s]
 45%|████▍     | 2599/5794 [00:51<01:03, 50.30it/s]
 45%|████▍     | 2605/5794 [00:51<01:03, 50.31it/s]
 45%|████▌     | 2611/5794 [00:51<01:02, 50.53it/s]
 45%|████▌     | 2617/5794 [00:51<01:02, 50.63it/s]
 45%|████▌     | 2623/5794 [00:52<01:02, 50.57it/s]
 45%|████▌     | 2629/5794 [00:52<01:02, 50.61it/s]
 45%|████▌     | 2635/5794 [00:52<01:02, 50.66it/s]
 46%|████▌     | 2641/5794 [00:52<01:02, 50.56it/s]
 46%|████▌     | 2647/5794 [00:52<01:02, 50.60it/s]
 46%|████▌     | 2653/5794 [00:52<01:02, 50.62it/s]
 46%|████▌     | 2659/5794 [00:52<01:02, 50.39it/s]
 46%|████▌     | 2665/5794 [00:52<01:02, 50.35it/s]
 46%|████▌     | 2671/5794 [00:53<01:01, 50.41it/s]
 46%|████▌     | 2677/5794 [00:53<01:01, 50.36it/s]
 46%|████▋     | 2683/5794 [00:53<01:01, 50.28it/s]
 46%|████▋     | 2689/5794 [00:53<01:01, 50.22it/s]
 47%|████▋     | 2695/5794 [00:53<01:01, 50.29it/s]
 47%|████▋     | 2701/5794 [00:53<01:01, 50.35it/s]
 47%|████▋     | 2707/5794 [00:53<01:01, 50.24it/s]
 47%|████▋     | 2713/5794 [00:53<01:01, 50.29it/s]
 47%|████▋     | 2719/5794 [00:53<01:01, 50.40it/s]
 47%|████▋     | 2725/5794 [00:54<01:00, 50.34it/s]
 47%|████▋     | 2731/5794 [00:54<01:00, 50.46it/s]
 47%|████▋     | 2737/5794 [00:54<01:00, 50.54it/s]
 47%|████▋     | 2743/5794 [00:54<01:00, 50.07it/s]
 47%|████▋     | 2749/5794 [00:54<01:00, 50.23it/s]
 48%|████▊     | 2755/5794 [00:54<01:00, 50.41it/s]
 48%|████▊     | 2761/5794 [00:54<01:00, 50.36it/s]
 48%|████▊     | 2767/5794 [00:54<00:59, 50.49it/s]
 48%|████▊     | 2773/5794 [00:55<00:59, 50.51it/s]
 48%|████▊     | 2779/5794 [00:55<00:59, 50.45it/s]
 48%|████▊     | 2785/5794 [00:55<00:59, 50.54it/s]
 48%|████▊     | 2791/5794 [00:55<00:59, 50.72it/s]
 48%|████▊     | 2797/5794 [00:55<00:57, 52.09it/s]
 48%|████▊     | 2803/5794 [00:55<00:56, 53.24it/s]
 48%|████▊     | 2809/5794 [00:55<00:55, 53.81it/s]
 49%|████▊     | 2815/5794 [00:55<00:54, 54.22it/s]
 49%|████▊     | 2821/5794 [00:55<00:55, 53.88it/s]
 49%|████▉     | 2827/5794 [00:56<00:56, 52.60it/s]
 49%|████▉     | 2833/5794 [00:56<00:57, 51.94it/s]
 49%|████▉     | 2839/5794 [00:56<00:57, 51.42it/s]
 49%|████▉     | 2845/5794 [00:56<00:57, 51.01it/s]
 49%|████▉     | 2851/5794 [00:56<00:57, 50.81it/s]
 49%|████▉     | 2857/5794 [00:56<00:57, 50.66it/s]
 49%|████▉     | 2863/5794 [00:56<00:57, 50.54it/s]
 50%|████▉     | 2869/5794 [00:56<00:57, 50.57it/s]
 50%|████▉     | 2875/5794 [00:57<00:57, 50.58it/s]
 50%|████▉     | 2881/5794 [00:57<00:57, 50.48it/s]
 50%|████▉     | 2887/5794 [00:57<00:57, 50.58it/s]
 50%|████▉     | 2893/5794 [00:57<00:57, 50.51it/s]
 50%|█████     | 2899/5794 [00:57<00:57, 50.49it/s]
 50%|█████     | 2905/5794 [00:57<00:57, 50.49it/s]
 50%|█████     | 2911/5794 [00:57<00:57, 50.43it/s]
 50%|█████     | 2917/5794 [00:57<00:57, 50.35it/s]
 50%|█████     | 2923/5794 [00:57<00:57, 50.18it/s]
 51%|█████     | 2929/5794 [00:58<00:57, 50.17it/s]
 51%|█████     | 2935/5794 [00:58<00:56, 50.33it/s]
 51%|█████     | 2941/5794 [00:58<00:56, 50.16it/s]
 51%|█████     | 2947/5794 [00:58<00:56, 50.07it/s]
 51%|█████     | 2953/5794 [00:58<00:56, 49.98it/s]
 51%|█████     | 2959/5794 [00:58<00:56, 50.21it/s]
 51%|█████     | 2965/5794 [00:58<00:56, 50.06it/s]
 51%|█████▏    | 2971/5794 [00:58<00:56, 50.14it/s]
 51%|█████▏    | 2977/5794 [00:59<00:56, 50.19it/s]
 51%|█████▏    | 2983/5794 [00:59<00:56, 50.07it/s]
 52%|█████▏    | 2989/5794 [00:59<00:56, 50.05it/s]
 52%|█████▏    | 2995/5794 [00:59<00:55, 50.15it/s]
 52%|█████▏    | 3001/5794 [00:59<00:55, 50.10it/s]
 52%|█████▏    | 3007/5794 [00:59<00:53, 51.97it/s]
 52%|█████▏    | 3013/5794 [00:59<00:52, 53.35it/s]
 52%|█████▏    | 3019/5794 [00:59<00:50, 54.51it/s]
 52%|█████▏    | 3025/5794 [00:59<00:50, 55.34it/s]
 52%|█████▏    | 3031/5794 [01:00<00:49, 55.79it/s]
 52%|█████▏    | 3037/5794 [01:00<00:49, 56.23it/s]
 53%|█████▎    | 3043/5794 [01:00<00:48, 56.61it/s]
 53%|█████▎    | 3049/5794 [01:00<00:48, 56.71it/s]
 53%|█████▎    | 3055/5794 [01:00<00:48, 56.90it/s]
 53%|█████▎    | 3061/5794 [01:00<00:47, 57.10it/s]
 53%|█████▎    | 3067/5794 [01:00<00:47, 56.97it/s]
 53%|█████▎    | 3073/5794 [01:00<00:47, 56.74it/s]
 53%|█████▎    | 3079/5794 [01:00<00:47, 56.70it/s]
 53%|█████▎    | 3085/5794 [01:01<00:48, 56.42it/s]
 53%|█████▎    | 3091/5794 [01:01<00:48, 56.26it/s]
 53%|█████▎    | 3097/5794 [01:01<00:47, 56.32it/s]
 54%|█████▎    | 3103/5794 [01:01<00:47, 56.30it/s]
 54%|█████▎    | 3109/5794 [01:01<00:47, 56.42it/s]
 54%|█████▍    | 3115/5794 [01:01<00:47, 56.41it/s]
 54%|█████▍    | 3121/5794 [01:01<00:47, 56.22it/s]
 54%|█████▍    | 3127/5794 [01:01<00:47, 56.40it/s]
 54%|█████▍    | 3133/5794 [01:01<00:47, 56.17it/s]
 54%|█████▍    | 3139/5794 [01:01<00:47, 56.34it/s]
 54%|█████▍    | 3145/5794 [01:02<00:46, 56.37it/s]
 54%|█████▍    | 3151/5794 [01:02<00:46, 56.33it/s]
 54%|█████▍    | 3157/5794 [01:02<00:46, 56.36it/s]
 55%|█████▍    | 3163/5794 [01:02<00:46, 56.43it/s]
 55%|█████▍    | 3169/5794 [01:02<00:46, 56.23it/s]
 55%|█████▍    | 3175/5794 [01:02<00:46, 56.32it/s]
 55%|█████▍    | 3181/5794 [01:02<00:46, 56.46it/s]
 55%|█████▌    | 3187/5794 [01:02<00:46, 55.55it/s]
 55%|█████▌    | 3193/5794 [01:02<00:46, 55.93it/s]
 55%|█████▌    | 3199/5794 [01:03<00:46, 56.10it/s]
 55%|█████▌    | 3205/5794 [01:03<00:46, 56.12it/s]
 55%|█████▌    | 3211/5794 [01:03<00:45, 56.28it/s]
 56%|█████▌    | 3217/5794 [01:03<00:45, 56.27it/s]
 56%|█████▌    | 3223/5794 [01:03<00:45, 56.45it/s]
 56%|█████▌    | 3229/5794 [01:03<00:45, 56.57it/s]
 56%|█████▌    | 3235/5794 [01:03<00:45, 56.45it/s]
 56%|█████▌    | 3241/5794 [01:03<00:45, 56.48it/s]
 56%|█████▌    | 3247/5794 [01:03<00:45, 56.52it/s]
 56%|█████▌    | 3253/5794 [01:03<00:45, 56.38it/s]
 56%|█████▌    | 3259/5794 [01:04<00:45, 55.98it/s]
 56%|█████▋    | 3265/5794 [01:04<00:45, 56.14it/s]
 56%|█████▋    | 3271/5794 [01:04<00:44, 56.24it/s]
 57%|█████▋    | 3277/5794 [01:04<00:45, 55.81it/s]
 57%|█████▋    | 3283/5794 [01:04<00:45, 55.45it/s]
 57%|█████▋    | 3289/5794 [01:04<00:45, 55.03it/s]
 57%|█████▋    | 3295/5794 [01:04<00:45, 55.49it/s]
 57%|█████▋    | 3301/5794 [01:04<00:44, 55.95it/s]
 57%|█████▋    | 3307/5794 [01:04<00:44, 55.28it/s]
 57%|█████▋    | 3313/5794 [01:05<00:44, 55.83it/s]
 57%|█████▋    | 3319/5794 [01:05<00:44, 55.88it/s]
 57%|█████▋    | 3325/5794 [01:05<00:43, 56.30it/s]
 57%|█████▋    | 3331/5794 [01:05<00:43, 56.44it/s]
 58%|█████▊    | 3337/5794 [01:05<00:43, 56.29it/s]
 58%|█████▊    | 3343/5794 [01:05<00:43, 56.53it/s]
 58%|█████▊    | 3349/5794 [01:05<00:43, 56.45it/s]
 58%|█████▊    | 3355/5794 [01:05<00:43, 55.93it/s]
 58%|█████▊    | 3361/5794 [01:05<00:43, 56.04it/s]
 58%|█████▊    | 3367/5794 [01:06<00:43, 56.42it/s]
 58%|█████▊    | 3373/5794 [01:06<00:43, 56.21it/s]
 58%|█████▊    | 3379/5794 [01:06<00:42, 56.50it/s]
 58%|█████▊    | 3385/5794 [01:06<00:42, 56.62it/s]
 59%|█████▊    | 3391/5794 [01:06<00:42, 56.62it/s]
 59%|█████▊    | 3397/5794 [01:06<00:42, 56.72it/s]
 59%|█████▊    | 3403/5794 [01:06<00:42, 56.75it/s]
 59%|█████▉    | 3409/5794 [01:06<00:42, 56.74it/s]
 59%|█████▉    | 3415/5794 [01:06<00:41, 56.80it/s]
 59%|█████▉    | 3421/5794 [01:06<00:42, 55.42it/s]
 59%|█████▉    | 3427/5794 [01:07<00:42, 55.73it/s]
 59%|█████▉    | 3433/5794 [01:07<00:42, 55.58it/s]
 59%|█████▉    | 3439/5794 [01:07<00:42, 55.50it/s]
 59%|█████▉    | 3445/5794 [01:07<00:42, 55.64it/s]
 60%|█████▉    | 3451/5794 [01:07<00:41, 55.85it/s]
 60%|█████▉    | 3457/5794 [01:07<00:41, 55.79it/s]
 60%|█████▉    | 3463/5794 [01:07<00:41, 55.81it/s]
 60%|█████▉    | 3469/5794 [01:07<00:41, 55.65it/s]
 60%|█████▉    | 3475/5794 [01:07<00:41, 55.63it/s]
 60%|██████    | 3481/5794 [01:08<00:41, 55.84it/s]
 60%|██████    | 3487/5794 [01:08<00:42, 53.93it/s]
 60%|██████    | 3493/5794 [01:08<00:43, 52.77it/s]
 60%|██████    | 3499/5794 [01:08<00:42, 53.50it/s]
 60%|██████    | 3505/5794 [01:08<00:41, 54.60it/s]
 61%|██████    | 3511/5794 [01:08<00:41, 55.07it/s]
 61%|██████    | 3517/5794 [01:08<00:40, 55.87it/s]
 61%|██████    | 3523/5794 [01:08<00:40, 56.02it/s]
 61%|██████    | 3529/5794 [01:08<00:40, 56.43it/s]
 61%|██████    | 3535/5794 [01:09<00:39, 56.76it/s]
 61%|██████    | 3541/5794 [01:09<00:39, 56.60it/s]
 61%|██████    | 3547/5794 [01:09<00:39, 56.97it/s]
 61%|██████▏   | 3553/5794 [01:09<00:39, 57.00it/s]
 61%|██████▏   | 3559/5794 [01:09<00:39, 57.02it/s]
 62%|██████▏   | 3565/5794 [01:09<00:38, 57.21it/s]
 62%|██████▏   | 3571/5794 [01:09<00:38, 57.33it/s]
 62%|██████▏   | 3577/5794 [01:09<00:38, 57.28it/s]
 62%|██████▏   | 3583/5794 [01:09<00:38, 57.41it/s]
 62%|██████▏   | 3589/5794 [01:09<00:38, 57.51it/s]
 62%|██████▏   | 3595/5794 [01:10<00:38, 57.42it/s]
 62%|██████▏   | 3601/5794 [01:10<00:38, 57.52it/s]
 62%|██████▏   | 3607/5794 [01:10<00:37, 57.59it/s]
 62%|██████▏   | 3613/5794 [01:10<00:38, 57.36it/s]
 62%|██████▏   | 3619/5794 [01:10<00:37, 57.53it/s]
 63%|██████▎   | 3625/5794 [01:10<00:37, 57.45it/s]
 63%|██████▎   | 3631/5794 [01:10<00:37, 57.45it/s]
 63%|██████▎   | 3637/5794 [01:10<00:39, 55.23it/s]
 63%|██████▎   | 3643/5794 [01:10<00:40, 52.54it/s]
 63%|██████▎   | 3649/5794 [01:11<00:41, 52.04it/s]
 63%|██████▎   | 3655/5794 [01:11<00:41, 51.64it/s]
 63%|██████▎   | 3661/5794 [01:11<00:41, 51.24it/s]
 63%|██████▎   | 3667/5794 [01:11<00:41, 51.06it/s]
 63%|██████▎   | 3673/5794 [01:11<00:41, 51.00it/s]
 63%|██████▎   | 3679/5794 [01:11<00:41, 50.63it/s]
 64%|██████▎   | 3685/5794 [01:11<00:41, 50.64it/s]
 64%|██████▎   | 3691/5794 [01:11<00:41, 50.65it/s]
 64%|██████▍   | 3697/5794 [01:12<00:41, 50.51it/s]
 64%|██████▍   | 3703/5794 [01:12<00:41, 50.61it/s]
 64%|██████▍   | 3709/5794 [01:12<00:41, 49.79it/s]
 64%|██████▍   | 3715/5794 [01:12<00:41, 49.93it/s]
 64%|██████▍   | 3721/5794 [01:12<00:41, 50.14it/s]
 64%|██████▍   | 3727/5794 [01:12<00:41, 50.09it/s]
 64%|██████▍   | 3733/5794 [01:12<00:41, 50.25it/s]
 65%|██████▍   | 3739/5794 [01:12<00:40, 50.44it/s]
 65%|██████▍   | 3745/5794 [01:12<00:40, 50.35it/s]
 65%|██████▍   | 3751/5794 [01:13<00:40, 50.34it/s]
 65%|██████▍   | 3757/5794 [01:13<00:40, 50.43it/s]
 65%|██████▍   | 3763/5794 [01:13<00:40, 50.32it/s]
 65%|██████▌   | 3769/5794 [01:13<00:40, 50.34it/s]
 65%|██████▌   | 3775/5794 [01:13<00:40, 50.29it/s]
 65%|██████▌   | 3781/5794 [01:13<00:40, 50.21it/s]
 65%|██████▌   | 3787/5794 [01:13<00:40, 50.10it/s]
 65%|██████▌   | 3793/5794 [01:13<00:39, 50.32it/s]
 66%|██████▌   | 3799/5794 [01:14<00:39, 50.50it/s]
 66%|██████▌   | 3805/5794 [01:14<00:39, 50.82it/s]
 66%|██████▌   | 3811/5794 [01:14<00:39, 50.83it/s]
 66%|██████▌   | 3817/5794 [01:14<00:38, 51.08it/s]
 66%|██████▌   | 3823/5794 [01:14<00:37, 52.40it/s]
 66%|██████▌   | 3829/5794 [01:14<00:37, 53.10it/s]
 66%|██████▌   | 3835/5794 [01:14<00:37, 52.01it/s]
 66%|██████▋   | 3841/5794 [01:14<00:37, 51.47it/s]
 66%|██████▋   | 3847/5794 [01:14<00:38, 50.71it/s]
 66%|██████▋   | 3853/5794 [01:15<00:38, 49.79it/s]
 67%|██████▋   | 3858/5794 [01:15<00:39, 49.41it/s]
 67%|██████▋   | 3863/5794 [01:15<00:39, 49.29it/s]
 67%|██████▋   | 3868/5794 [01:15<00:39, 49.29it/s]
 67%|██████▋   | 3873/5794 [01:15<00:39, 49.22it/s]
 67%|██████▋   | 3878/5794 [01:15<00:39, 49.09it/s]
 67%|██████▋   | 3883/5794 [01:15<00:39, 48.21it/s]
 67%|██████▋   | 3888/5794 [01:15<00:39, 48.37it/s]
 67%|██████▋   | 3894/5794 [01:15<00:38, 49.83it/s]
 67%|██████▋   | 3899/5794 [01:16<00:38, 49.18it/s]
 67%|██████▋   | 3905/5794 [01:16<00:38, 49.50it/s]
 67%|██████▋   | 3910/5794 [01:16<00:38, 49.45it/s]
 68%|██████▊   | 3915/5794 [01:16<00:38, 49.45it/s]
 68%|██████▊   | 3920/5794 [01:16<00:37, 49.54it/s]
 68%|██████▊   | 3925/5794 [01:16<00:37, 49.55it/s]
 68%|██████▊   | 3930/5794 [01:16<00:37, 49.58it/s]
 68%|██████▊   | 3935/5794 [01:16<00:37, 49.57it/s]
 68%|██████▊   | 3940/5794 [01:16<00:37, 49.54it/s]
 68%|██████▊   | 3946/5794 [01:17<00:37, 49.70it/s]
 68%|██████▊   | 3951/5794 [01:17<00:37, 49.49it/s]
 68%|██████▊   | 3957/5794 [01:17<00:36, 49.81it/s]
 68%|██████▊   | 3962/5794 [01:17<00:36, 49.72it/s]
 68%|██████▊   | 3967/5794 [01:17<00:36, 49.80it/s]
 69%|██████▊   | 3972/5794 [01:17<00:36, 49.84it/s]
 69%|██████▊   | 3977/5794 [01:17<00:36, 49.84it/s]
 69%|██████▊   | 3982/5794 [01:17<00:36, 49.84it/s]
 69%|██████▉   | 3987/5794 [01:17<00:36, 49.84it/s]
 69%|██████▉   | 3993/5794 [01:17<00:36, 50.00it/s]
 69%|██████▉   | 3998/5794 [01:18<00:36, 49.82it/s]
 69%|██████▉   | 4003/5794 [01:18<00:35, 49.81it/s]
 69%|██████▉   | 4009/5794 [01:18<00:35, 49.89it/s]
 69%|██████▉   | 4014/5794 [01:18<00:35, 49.84it/s]
 69%|██████▉   | 4020/5794 [01:18<00:35, 49.94it/s]
 69%|██████▉   | 4025/5794 [01:18<00:35, 49.85it/s]
 70%|██████▉   | 4031/5794 [01:18<00:35, 49.98it/s]
 70%|██████▉   | 4036/5794 [01:18<00:35, 49.82it/s]
 70%|██████▉   | 4041/5794 [01:18<00:35, 49.85it/s]
 70%|██████▉   | 4047/5794 [01:19<00:34, 50.15it/s]
 70%|██████▉   | 4053/5794 [01:19<00:34, 50.06it/s]
 70%|███████   | 4059/5794 [01:19<00:34, 50.38it/s]
 70%|███████   | 4065/5794 [01:19<00:34, 49.96it/s]
 70%|███████   | 4070/5794 [01:19<00:34, 49.97it/s]
 70%|███████   | 4075/5794 [01:19<00:34, 49.96it/s]
 70%|███████   | 4081/5794 [01:19<00:34, 49.98it/s]
 71%|███████   | 4086/5794 [01:19<00:34, 49.85it/s]
 71%|███████   | 4092/5794 [01:19<00:33, 50.64it/s]
 71%|███████   | 4098/5794 [01:20<00:32, 52.50it/s]
 71%|███████   | 4104/5794 [01:20<00:32, 51.44it/s]
 71%|███████   | 4110/5794 [01:20<00:32, 51.13it/s]
 71%|███████   | 4116/5794 [01:20<00:33, 50.58it/s]
 71%|███████   | 4122/5794 [01:20<00:33, 50.30it/s]
 71%|███████   | 4128/5794 [01:20<00:33, 50.18it/s]
 71%|███████▏  | 4134/5794 [01:20<00:33, 49.94it/s]
 71%|███████▏  | 4139/5794 [01:20<00:33, 49.65it/s]
 72%|███████▏  | 4144/5794 [01:20<00:33, 49.60it/s]
 72%|███████▏  | 4150/5794 [01:21<00:32, 49.88it/s]
 72%|███████▏  | 4156/5794 [01:21<00:32, 50.38it/s]
 72%|███████▏  | 4162/5794 [01:21<00:32, 49.65it/s]
 72%|███████▏  | 4168/5794 [01:21<00:32, 49.78it/s]
 72%|███████▏  | 4173/5794 [01:21<00:32, 49.71it/s]
 72%|███████▏  | 4178/5794 [01:21<00:32, 49.76it/s]
 72%|███████▏  | 4184/5794 [01:21<00:32, 49.88it/s]
 72%|███████▏  | 4189/5794 [01:21<00:32, 49.76it/s]
 72%|███████▏  | 4195/5794 [01:21<00:32, 49.91it/s]
 72%|███████▏  | 4200/5794 [01:22<00:31, 49.91it/s]
 73%|███████▎  | 4205/5794 [01:22<00:32, 49.64it/s]
 73%|███████▎  | 4210/5794 [01:22<00:31, 49.72it/s]
 73%|███████▎  | 4215/5794 [01:22<00:31, 49.64it/s]
 73%|███████▎  | 4220/5794 [01:22<00:31, 49.74it/s]
 73%|███████▎  | 4225/5794 [01:22<00:31, 49.74it/s]
 73%|███████▎  | 4230/5794 [01:22<00:31, 49.61it/s]
 73%|███████▎  | 4236/5794 [01:22<00:31, 49.75it/s]
 73%|███████▎  | 4241/5794 [01:22<00:31, 49.67it/s]
 73%|███████▎  | 4247/5794 [01:23<00:31, 49.84it/s]
 73%|███████▎  | 4252/5794 [01:23<00:30, 49.78it/s]
 73%|███████▎  | 4257/5794 [01:23<00:30, 49.78it/s]
 74%|███████▎  | 4262/5794 [01:23<00:30, 49.72it/s]
 74%|███████▎  | 4268/5794 [01:23<00:30, 49.89it/s]
 74%|███████▎  | 4273/5794 [01:23<00:30, 49.67it/s]
 74%|███████▍  | 4279/5794 [01:23<00:30, 49.78it/s]
 74%|███████▍  | 4285/5794 [01:23<00:30, 49.94it/s]
 74%|███████▍  | 4290/5794 [01:23<00:30, 49.72it/s]
 74%|███████▍  | 4296/5794 [01:24<00:29, 49.94it/s]
 74%|███████▍  | 4301/5794 [01:24<00:29, 49.78it/s]
 74%|███████▍  | 4306/5794 [01:24<00:29, 49.80it/s]
 74%|███████▍  | 4311/5794 [01:24<00:29, 49.80it/s]
 74%|███████▍  | 4316/5794 [01:24<00:29, 49.75it/s]
 75%|███████▍  | 4321/5794 [01:24<00:29, 49.76it/s]
 75%|███████▍  | 4326/5794 [01:24<00:29, 49.65it/s]
 75%|███████▍  | 4332/5794 [01:24<00:29, 49.90it/s]
 75%|███████▍  | 4337/5794 [01:24<00:29, 49.81it/s]
 75%|███████▍  | 4342/5794 [01:24<00:29, 49.72it/s]
 75%|███████▌  | 4348/5794 [01:25<00:29, 49.80it/s]
 75%|███████▌  | 4353/5794 [01:25<00:29, 49.62it/s]
 75%|███████▌  | 4358/5794 [01:25<00:28, 49.66it/s]
 75%|███████▌  | 4363/5794 [01:25<00:28, 49.64it/s]
 75%|███████▌  | 4369/5794 [01:25<00:28, 49.80it/s]
 75%|███████▌  | 4374/5794 [01:25<00:28, 49.59it/s]
 76%|███████▌  | 4379/5794 [01:25<00:28, 49.69it/s]
 76%|███████▌  | 4384/5794 [01:25<00:28, 49.50it/s]
 76%|███████▌  | 4389/5794 [01:25<00:28, 48.54it/s]
 76%|███████▌  | 4394/5794 [01:25<00:28, 48.69it/s]
 76%|███████▌  | 4399/5794 [01:26<00:28, 48.91it/s]
 76%|███████▌  | 4404/5794 [01:26<00:28, 49.22it/s]
 76%|███████▌  | 4409/5794 [01:26<00:28, 49.25it/s]
 76%|███████▌  | 4414/5794 [01:26<00:27, 49.37it/s]
 76%|███████▋  | 4420/5794 [01:26<00:27, 49.68it/s]
 76%|███████▋  | 4425/5794 [01:26<00:27, 49.20it/s]
 76%|███████▋  | 4431/5794 [01:26<00:27, 49.61it/s]
 77%|███████▋  | 4436/5794 [01:26<00:27, 49.68it/s]
 77%|███████▋  | 4441/5794 [01:26<00:27, 49.69it/s]
 77%|███████▋  | 4446/5794 [01:27<00:27, 49.67it/s]
 77%|███████▋  | 4451/5794 [01:27<00:26, 49.75it/s]
 77%|███████▋  | 4457/5794 [01:27<00:26, 49.92it/s]
 77%|███████▋  | 4462/5794 [01:27<00:26, 49.66it/s]
 77%|███████▋  | 4467/5794 [01:27<00:26, 49.71it/s]
 77%|███████▋  | 4472/5794 [01:27<00:26, 49.77it/s]
 77%|███████▋  | 4477/5794 [01:27<00:26, 49.65it/s]
 77%|███████▋  | 4483/5794 [01:27<00:26, 49.71it/s]
 77%|███████▋  | 4489/5794 [01:27<00:26, 49.76it/s]
 78%|███████▊  | 4494/5794 [01:28<00:26, 49.77it/s]
 78%|███████▊  | 4499/5794 [01:28<00:26, 49.69it/s]
 78%|███████▊  | 4505/5794 [01:28<00:25, 49.80it/s]
 78%|███████▊  | 4510/5794 [01:28<00:25, 49.53it/s]
 78%|███████▊  | 4516/5794 [01:28<00:25, 49.73it/s]
 78%|███████▊  | 4521/5794 [01:28<00:25, 49.80it/s]
 78%|███████▊  | 4526/5794 [01:28<00:25, 49.58it/s]
 78%|███████▊  | 4532/5794 [01:28<00:25, 49.87it/s]
 78%|███████▊  | 4537/5794 [01:28<00:25, 49.82it/s]
 78%|███████▊  | 4543/5794 [01:28<00:25, 49.89it/s]
 78%|███████▊  | 4548/5794 [01:29<00:24, 49.90it/s]
 79%|███████▊  | 4554/5794 [01:29<00:24, 49.97it/s]
 79%|███████▊  | 4559/5794 [01:29<00:24, 49.90it/s]
 79%|███████▉  | 4564/5794 [01:29<00:24, 49.82it/s]
 79%|███████▉  | 4570/5794 [01:29<00:24, 49.96it/s]
 79%|███████▉  | 4575/5794 [01:29<00:24, 49.84it/s]
 79%|███████▉  | 4581/5794 [01:29<00:24, 49.85it/s]
 79%|███████▉  | 4587/5794 [01:29<00:24, 49.92it/s]
 79%|███████▉  | 4593/5794 [01:29<00:24, 50.02it/s]
 79%|███████▉  | 4599/5794 [01:30<00:24, 49.79it/s]
 79%|███████▉  | 4605/5794 [01:30<00:23, 49.94it/s]
 80%|███████▉  | 4610/5794 [01:30<00:23, 49.83it/s]
 80%|███████▉  | 4616/5794 [01:30<00:23, 51.14it/s]
 80%|███████▉  | 4622/5794 [01:30<00:22, 53.00it/s]
 80%|███████▉  | 4628/5794 [01:30<00:21, 54.17it/s]
 80%|███████▉  | 4634/5794 [01:30<00:21, 55.05it/s]
 80%|████████  | 4640/5794 [01:30<00:20, 55.49it/s]
 80%|████████  | 4646/5794 [01:30<00:20, 55.86it/s]
 80%|████████  | 4652/5794 [01:31<00:20, 56.17it/s]
 80%|████████  | 4658/5794 [01:31<00:20, 56.33it/s]
 80%|████████  | 4664/5794 [01:31<00:20, 56.35it/s]
 81%|████████  | 4670/5794 [01:31<00:19, 56.44it/s]
 81%|████████  | 4676/5794 [01:31<00:19, 56.63it/s]
 81%|████████  | 4682/5794 [01:31<00:19, 56.10it/s]
 81%|████████  | 4688/5794 [01:31<00:19, 56.42it/s]
 81%|████████  | 4694/5794 [01:31<00:19, 56.55it/s]
 81%|████████  | 4700/5794 [01:31<00:19, 56.62it/s]
 81%|████████  | 4706/5794 [01:32<00:19, 56.83it/s]
 81%|████████▏ | 4712/5794 [01:32<00:19, 56.72it/s]
 81%|████████▏ | 4718/5794 [01:32<00:18, 56.77it/s]
 82%|████████▏ | 4724/5794 [01:32<00:18, 56.67it/s]
 82%|████████▏ | 4730/5794 [01:32<00:18, 56.62it/s]
 82%|████████▏ | 4736/5794 [01:32<00:18, 56.74it/s]
 82%|████████▏ | 4742/5794 [01:32<00:18, 56.77it/s]
 82%|████████▏ | 4748/5794 [01:32<00:18, 56.78it/s]
 82%|████████▏ | 4754/5794 [01:32<00:18, 56.70it/s]
 82%|████████▏ | 4760/5794 [01:32<00:18, 56.96it/s]
 82%|████████▏ | 4766/5794 [01:33<00:18, 56.77it/s]
 82%|████████▏ | 4772/5794 [01:33<00:17, 56.81it/s]
 82%|████████▏ | 4778/5794 [01:33<00:17, 56.94it/s]
 83%|████████▎ | 4784/5794 [01:33<00:17, 56.69it/s]
 83%|████████▎ | 4790/5794 [01:33<00:17, 56.84it/s]
 83%|████████▎ | 4796/5794 [01:33<00:17, 56.80it/s]
 83%|████████▎ | 4802/5794 [01:33<00:17, 56.77it/s]
 83%|████████▎ | 4808/5794 [01:33<00:17, 56.85it/s]
 83%|████████▎ | 4814/5794 [01:33<00:17, 56.84it/s]
 83%|████████▎ | 4820/5794 [01:34<00:17, 56.84it/s]
 83%|████████▎ | 4826/5794 [01:34<00:17, 56.77it/s]
 83%|████████▎ | 4832/5794 [01:34<00:16, 56.74it/s]
 84%|████████▎ | 4838/5794 [01:34<00:16, 56.72it/s]
 84%|████████▎ | 4844/5794 [01:34<00:16, 56.39it/s]
 84%|████████▎ | 4850/5794 [01:34<00:16, 56.49it/s]
 84%|████████▍ | 4856/5794 [01:34<00:17, 54.18it/s]
 84%|████████▍ | 4862/5794 [01:34<00:17, 53.06it/s]
 84%|████████▍ | 4868/5794 [01:34<00:17, 52.01it/s]
 84%|████████▍ | 4874/5794 [01:35<00:17, 51.60it/s]
 84%|████████▍ | 4880/5794 [01:35<00:17, 51.16it/s]
 84%|████████▍ | 4886/5794 [01:35<00:17, 50.83it/s]
 84%|████████▍ | 4892/5794 [01:35<00:17, 50.60it/s]
 85%|████████▍ | 4898/5794 [01:35<00:17, 50.63it/s]
 85%|████████▍ | 4904/5794 [01:35<00:17, 50.26it/s]
 85%|████████▍ | 4910/5794 [01:35<00:17, 50.17it/s]
 85%|████████▍ | 4916/5794 [01:35<00:17, 49.88it/s]
 85%|████████▍ | 4922/5794 [01:36<00:17, 50.03it/s]
 85%|████████▌ | 4928/5794 [01:36<00:17, 50.02it/s]
 85%|████████▌ | 4934/5794 [01:36<00:17, 50.08it/s]
 85%|████████▌ | 4940/5794 [01:36<00:17, 50.14it/s]
 85%|████████▌ | 4946/5794 [01:36<00:16, 50.18it/s]
 85%|████████▌ | 4952/5794 [01:36<00:16, 49.99it/s]
 86%|████████▌ | 4958/5794 [01:36<00:16, 50.11it/s]
 86%|████████▌ | 4964/5794 [01:36<00:16, 50.17it/s]
 86%|████████▌ | 4970/5794 [01:36<00:16, 50.11it/s]
 86%|████████▌ | 4976/5794 [01:37<00:16, 50.22it/s]
 86%|████████▌ | 4982/5794 [01:37<00:16, 50.30it/s]
 86%|████████▌ | 4988/5794 [01:37<00:16, 50.28it/s]
 86%|████████▌ | 4994/5794 [01:37<00:15, 50.25it/s]
 86%|████████▋ | 5000/5794 [01:37<00:15, 50.34it/s]
 86%|████████▋ | 5006/5794 [01:37<00:15, 50.19it/s]
 87%|████████▋ | 5012/5794 [01:37<00:15, 50.27it/s]
 87%|████████▋ | 5018/5794 [01:37<00:15, 50.17it/s]
 87%|████████▋ | 5024/5794 [01:38<00:15, 50.24it/s]
 87%|████████▋ | 5030/5794 [01:38<00:15, 49.52it/s]
 87%|████████▋ | 5036/5794 [01:38<00:15, 49.83it/s]
 87%|████████▋ | 5041/5794 [01:38<00:15, 49.82it/s]
 87%|████████▋ | 5047/5794 [01:38<00:14, 50.12it/s]
 87%|████████▋ | 5053/5794 [01:38<00:14, 51.58it/s]
 87%|████████▋ | 5059/5794 [01:38<00:13, 53.52it/s]
 87%|████████▋ | 5065/5794 [01:38<00:13, 54.68it/s]
 88%|████████▊ | 5071/5794 [01:38<00:13, 55.40it/s]
 88%|████████▊ | 5077/5794 [01:39<00:12, 56.25it/s]
 88%|████████▊ | 5083/5794 [01:39<00:12, 56.55it/s]
 88%|████████▊ | 5089/5794 [01:39<00:12, 56.93it/s]
 88%|████████▊ | 5095/5794 [01:39<00:12, 57.07it/s]
 88%|████████▊ | 5101/5794 [01:39<00:12, 57.27it/s]
 88%|████████▊ | 5107/5794 [01:39<00:11, 57.31it/s]
 88%|████████▊ | 5113/5794 [01:39<00:11, 57.33it/s]
 88%|████████▊ | 5119/5794 [01:39<00:11, 57.61it/s]
 88%|████████▊ | 5125/5794 [01:39<00:11, 57.48it/s]
 89%|████████▊ | 5131/5794 [01:39<00:11, 57.68it/s]
 89%|████████▊ | 5137/5794 [01:40<00:11, 57.56it/s]
 89%|████████▉ | 5143/5794 [01:40<00:11, 57.59it/s]
 89%|████████▉ | 5149/5794 [01:40<00:11, 57.74it/s]
 89%|████████▉ | 5155/5794 [01:40<00:11, 57.53it/s]
 89%|████████▉ | 5161/5794 [01:40<00:10, 57.69it/s]
 89%|████████▉ | 5167/5794 [01:40<00:10, 57.20it/s]
 89%|████████▉ | 5173/5794 [01:40<00:10, 57.18it/s]
 89%|████████▉ | 5179/5794 [01:40<00:10, 57.13it/s]
 89%|████████▉ | 5185/5794 [01:40<00:10, 57.05it/s]
 90%|████████▉ | 5191/5794 [01:41<00:10, 57.15it/s]
 90%|████████▉ | 5197/5794 [01:41<00:10, 57.25it/s]
 90%|████████▉ | 5203/5794 [01:41<00:10, 57.41it/s]
 90%|████████▉ | 5209/5794 [01:41<00:10, 57.33it/s]
 90%|█████████ | 5215/5794 [01:41<00:10, 57.45it/s]
 90%|█████████ | 5221/5794 [01:41<00:09, 57.55it/s]
 90%|█████████ | 5227/5794 [01:41<00:09, 57.40it/s]
 90%|█████████ | 5233/5794 [01:41<00:09, 57.73it/s]
 90%|█████████ | 5239/5794 [01:41<00:09, 57.38it/s]
 91%|█████████ | 5245/5794 [01:41<00:09, 57.45it/s]
 91%|█████████ | 5251/5794 [01:42<00:09, 57.57it/s]
 91%|█████████ | 5257/5794 [01:42<00:09, 57.46it/s]
 91%|█████████ | 5263/5794 [01:42<00:09, 57.76it/s]
 91%|█████████ | 5269/5794 [01:42<00:09, 57.54it/s]
 91%|█████████ | 5275/5794 [01:42<00:09, 57.51it/s]
 91%|█████████ | 5281/5794 [01:42<00:08, 57.57it/s]
 91%|█████████ | 5287/5794 [01:42<00:08, 57.45it/s]
 91%|█████████▏| 5293/5794 [01:42<00:08, 57.45it/s]
 91%|█████████▏| 5299/5794 [01:42<00:08, 57.62it/s]
 92%|█████████▏| 5305/5794 [01:42<00:08, 57.46it/s]
 92%|█████████▏| 5311/5794 [01:43<00:08, 57.55it/s]
 92%|█████████▏| 5317/5794 [01:43<00:08, 57.54it/s]
 92%|█████████▏| 5323/5794 [01:43<00:08, 57.58it/s]
 92%|█████████▏| 5329/5794 [01:43<00:08, 57.49it/s]
 92%|█████████▏| 5335/5794 [01:43<00:07, 57.40it/s]
 92%|█████████▏| 5341/5794 [01:43<00:07, 57.52it/s]
 92%|█████████▏| 5347/5794 [01:43<00:07, 57.45it/s]
 92%|█████████▏| 5353/5794 [01:43<00:07, 57.53it/s]
 92%|█████████▏| 5359/5794 [01:43<00:07, 57.65it/s]
 93%|█████████▎| 5365/5794 [01:44<00:07, 57.55it/s]
 93%|█████████▎| 5371/5794 [01:44<00:07, 57.87it/s]
 93%|█████████▎| 5377/5794 [01:44<00:07, 57.49it/s]
 93%|█████████▎| 5383/5794 [01:44<00:07, 57.50it/s]
 93%|█████████▎| 5389/5794 [01:44<00:07, 56.81it/s]
 93%|█████████▎| 5395/5794 [01:44<00:07, 56.82it/s]
 93%|█████████▎| 5401/5794 [01:44<00:06, 57.22it/s]
 93%|█████████▎| 5407/5794 [01:44<00:06, 57.24it/s]
 93%|█████████▎| 5413/5794 [01:44<00:06, 57.42it/s]
 94%|█████████▎| 5419/5794 [01:44<00:06, 57.53it/s]
 94%|█████████▎| 5425/5794 [01:45<00:06, 57.37it/s]
 94%|█████████▎| 5431/5794 [01:45<00:06, 57.50it/s]
 94%|█████████▍| 5437/5794 [01:45<00:06, 57.38it/s]
 94%|█████████▍| 5443/5794 [01:45<00:06, 57.52it/s]
 94%|█████████▍| 5449/5794 [01:45<00:06, 57.29it/s]
 94%|█████████▍| 5455/5794 [01:45<00:05, 57.51it/s]
 94%|█████████▍| 5461/5794 [01:45<00:05, 57.37it/s]
 94%|█████████▍| 5467/5794 [01:45<00:05, 57.24it/s]
 94%|█████████▍| 5473/5794 [01:45<00:05, 57.18it/s]
 95%|█████████▍| 5479/5794 [01:46<00:05, 56.97it/s]
 95%|█████████▍| 5485/5794 [01:46<00:05, 56.40it/s]
 95%|█████████▍| 5491/5794 [01:46<00:05, 55.96it/s]
 95%|█████████▍| 5497/5794 [01:46<00:05, 54.78it/s]
 95%|█████████▍| 5503/5794 [01:46<00:05, 53.50it/s]
 95%|█████████▌| 5509/5794 [01:46<00:05, 54.23it/s]
 95%|█████████▌| 5515/5794 [01:46<00:05, 54.78it/s]
 95%|█████████▌| 5521/5794 [01:46<00:04, 55.01it/s]
 95%|█████████▌| 5527/5794 [01:46<00:04, 53.87it/s]
 95%|█████████▌| 5533/5794 [01:47<00:04, 52.46it/s]
 96%|█████████▌| 5539/5794 [01:47<00:04, 52.01it/s]
 96%|█████████▌| 5545/5794 [01:47<00:04, 51.30it/s]
 96%|█████████▌| 5551/5794 [01:47<00:04, 50.97it/s]
 96%|█████████▌| 5557/5794 [01:47<00:04, 50.67it/s]
 96%|█████████▌| 5563/5794 [01:47<00:04, 50.44it/s]
 96%|█████████▌| 5569/5794 [01:47<00:04, 50.13it/s]
 96%|█████████▌| 5575/5794 [01:47<00:04, 50.20it/s]
 96%|█████████▋| 5581/5794 [01:47<00:04, 50.03it/s]
 96%|█████████▋| 5587/5794 [01:48<00:04, 50.14it/s]
 97%|█████████▋| 5593/5794 [01:48<00:04, 49.73it/s]
 97%|█████████▋| 5599/5794 [01:48<00:03, 49.86it/s]
 97%|█████████▋| 5605/5794 [01:48<00:03, 50.00it/s]
 97%|█████████▋| 5611/5794 [01:48<00:03, 50.09it/s]
 97%|█████████▋| 5617/5794 [01:48<00:03, 50.13it/s]
 97%|█████████▋| 5623/5794 [01:48<00:03, 50.16it/s]
 97%|█████████▋| 5629/5794 [01:48<00:03, 50.26it/s]
 97%|█████████▋| 5635/5794 [01:49<00:03, 50.13it/s]
 97%|█████████▋| 5641/5794 [01:49<00:03, 50.25it/s]
 97%|█████████▋| 5647/5794 [01:49<00:02, 50.17it/s]
 98%|█████████▊| 5653/5794 [01:49<00:02, 50.19it/s]
 98%|█████████▊| 5659/5794 [01:49<00:02, 50.15it/s]
 98%|█████████▊| 5665/5794 [01:49<00:02, 50.16it/s]
 98%|█████████▊| 5671/5794 [01:49<00:02, 50.10it/s]
 98%|█████████▊| 5677/5794 [01:49<00:02, 50.33it/s]
 98%|█████████▊| 5683/5794 [01:50<00:02, 50.11it/s]
 98%|█████████▊| 5689/5794 [01:50<00:02, 50.28it/s]
 98%|█████████▊| 5695/5794 [01:50<00:01, 50.29it/s]
 98%|█████████▊| 5701/5794 [01:50<00:01, 50.25it/s]
 98%|█████████▊| 5707/5794 [01:50<00:01, 50.24it/s]
 99%|█████████▊| 5713/5794 [01:50<00:01, 50.41it/s]
 99%|█████████▊| 5719/5794 [01:50<00:01, 51.11it/s]
 99%|█████████▉| 5725/5794 [01:50<00:01, 51.05it/s]
 99%|█████████▉| 5731/5794 [01:50<00:01, 50.69it/s]
 99%|█████████▉| 5737/5794 [01:51<00:01, 50.47it/s]
 99%|█████████▉| 5743/5794 [01:51<00:01, 50.43it/s]
 99%|█████████▉| 5749/5794 [01:51<00:00, 50.34it/s]
 99%|█████████▉| 5755/5794 [01:51<00:00, 50.26it/s]
 99%|█████████▉| 5761/5794 [01:51<00:00, 50.24it/s]
100%|█████████▉| 5767/5794 [01:51<00:00, 50.17it/s]
100%|█████████▉| 5773/5794 [01:51<00:00, 50.21it/s]
100%|█████████▉| 5779/5794 [01:51<00:00, 50.46it/s]
100%|█████████▉| 5785/5794 [01:52<00:00, 50.27it/s]
100%|█████████▉| 5791/5794 [01:52<00:00, 50.46it/s]
100%|██████████| 5794/5794 [01:52<00:00, 51.59it/s]
BALANCED ACCS CHECKED FOR TEST
TEST SET RESULTS FOR CHECKPOINT trained_weights/waterbirds/abn_att_waterbird_1.0_forest2water2_21050491_trial_000/best_balanced_valacc_0.52_epoch_0.ckpt
test_acc: 0.6168450120814636
balanced_test_acc: 0.523524911757189
Land_on_Land_test_acc: 0.9946784922394678
Land_on_Water_test_acc: 0.3875831485587583
Water_on_Land_test_acc: 0.020249221183800622
Water_on_Water_test_acc: 0.6915887850467289
test_acc_Waterbird: 0.3559190031152648
test_acc_Landbird: 0.6911308203991131
