[CMD] /home/ryreu/miniconda3/envs/gals_a100/bin/python -u main.py --config configs/waterbirds_95_gradcam_vit.yaml --name gradcam_waterbird_complete95_forest2water2_21048936_trial_000 DATA.ROOT=/home/ryreu/guided_cnn/waterbirds DATA.WATERBIRDS_DIR=waterbird_complete95_forest2water2 SEED=0 EXP.BASE.LR=0.0010000000000000002 EXP.CLASSIFIER.LR=9.999999999999991e-05 EXP.WEIGHT_DECAY=9.999999999999997e-06 EXP.AUX_LOSSES_ON_VAL=False EXP.LOSSES.GRADCAM.WEIGHT=1.0 EXP.NUM_EPOCHS=1
SEED: 0
DATA:
  BATCH_SIZE: 96
  NUM_WORKERS: 4
  SIZE: 224
  NORMALIZATION: imagenet
  ATTENTION_DIR: clip_vit_attention
  SEPARATE_CLASSES: false
  REMOVE_BACKGROUND: false
  ROOT: /home/ryreu/guided_cnn/waterbirds
  USE_CLASS_WEIGHTS: false
  USE_GROUP_WEIGHTS: false
  DATASET: waterbirds
  NUM_CLASSES: 2
  CONFOUNDING_FACTOR: 0.95
  WATERBIRDS_DIR: waterbird_complete95_forest2water2
EXP:
  NUM_TRIALS: 1
  LOSSES:
    CLASSIFICATION:
      WEIGHT: 1
    GRADIENT_OUTSIDE:
      COMPUTE: false
      LOG: false
      WEIGHT: 10000
      CRITERION: L1
      GT: clip_vit
      COMBINE_ATT_MODE: average_nonzero
    GRADIENT_INSIDE:
      COMPUTE: false
      LOG: false
      WEIGHT: 1
      CRITERION: L1
      GT: segmentation
      COMBINE_ATT_MODE: average_nonzero
    GRADCAM:
      COMPUTE: true
      LOG: false
      WEIGHT: 1.0
      CRITERION: L1
      GT: clip_vit
      MODE: match
      COMBINE_ATT_MODE: average_nonzero
  APPROACH: generic
  MODEL: resnet50
  PRETRAINED: true
  NUM_EPOCHS: 1
  OPTIMIZER: SGD
  WEIGHT_DECAY: 9.999999999999997e-06
  MOMENTUM: 0.9
  SCHEDULER: NONE
  BASE:
    LR: 0.0010000000000000002
  CLASSIFIER:
    LR: 9.999999999999991e-05
  AUX_LOSSES_ON_VAL: false
LOGGING:
  SAVE_EVERY: 0
  SAVE_BEST: true
  SAVE_LAST: false
  LOG_ATTENTION: false
  LOG_ATTENTION_STEP: 10
  SAVE_STATS_PATH: null
yaml: configs/waterbirds_95_gradcam_vit.yaml
name: gradcam_waterbird_complete95_forest2water2_21048936_trial_000
test_checkpoint: null

WATERBIRDS DIR: /home/ryreu/guided_cnn/waterbirds/waterbird_complete95_forest2water2
NUMBER OF SAMPLES WITH LABEL Landbird: 3682
NUMBER OF SAMPLES WITH LABEL Waterbird: 1113
NUMBER OF SAMPLES WITH GROUP Land_on_Land: 3498
NUMBER OF SAMPLES WITH GROUP Land_on_Water: 184
NUMBER OF SAMPLES WITH GROUP Water_on_Land: 56
NUMBER OF SAMPLES WITH GROUP Water_on_Water: 1057
WATERBIRDS DIR: /home/ryreu/guided_cnn/waterbirds/waterbird_complete95_forest2water2
NUMBER OF SAMPLES WITH LABEL Landbird: 933
NUMBER OF SAMPLES WITH LABEL Waterbird: 266
NUMBER OF SAMPLES WITH GROUP Land_on_Land: 467
NUMBER OF SAMPLES WITH GROUP Land_on_Water: 466
NUMBER OF SAMPLES WITH GROUP Water_on_Land: 133
NUMBER OF SAMPLES WITH GROUP Water_on_Water: 133
NUM TRAIN: 4795

NUM VAL:   1199

Number classifier outputs: 1
Using pretrained model: True
USING SGD OPTIMIZER
class weights: None
group weights: None
WANDB DISABLED: skipping wandb.init()
EPOCH: 0

>>> TRAINING 


  0%|          | 0/50 [00:00<?, ?it/s]
  2%|▏         | 1/50 [00:03<02:58,  3.65s/it]
  4%|▍         | 2/50 [00:03<01:18,  1.64s/it]
  6%|▌         | 3/50 [00:04<00:46,  1.01it/s]
  8%|▊         | 4/50 [00:04<00:31,  1.45it/s]
 10%|█         | 5/50 [00:04<00:23,  1.90it/s]
 12%|█▏        | 6/50 [00:04<00:18,  2.36it/s]
 14%|█▍        | 7/50 [00:05<00:15,  2.79it/s]
 16%|█▌        | 8/50 [00:05<00:13,  3.17it/s]
 18%|█▊        | 9/50 [00:05<00:11,  3.50it/s]
 20%|██        | 10/50 [00:05<00:10,  3.81it/s]
 22%|██▏       | 11/50 [00:05<00:09,  4.09it/s]
 24%|██▍       | 12/50 [00:06<00:08,  4.31it/s]
 26%|██▌       | 13/50 [00:06<00:08,  4.50it/s]
 28%|██▊       | 14/50 [00:06<00:07,  4.58it/s]
 30%|███       | 15/50 [00:06<00:07,  4.69it/s]
 32%|███▏      | 16/50 [00:06<00:07,  4.76it/s]
 34%|███▍      | 17/50 [00:07<00:06,  4.80it/s]
 36%|███▌      | 18/50 [00:07<00:06,  4.71it/s]
 38%|███▊      | 19/50 [00:07<00:06,  4.64it/s]
 40%|████      | 20/50 [00:07<00:06,  4.69it/s]
 42%|████▏     | 21/50 [00:07<00:06,  4.75it/s]
 44%|████▍     | 22/50 [00:08<00:05,  4.74it/s]
 46%|████▌     | 23/50 [00:08<00:05,  4.71it/s]
 48%|████▊     | 24/50 [00:08<00:05,  4.71it/s]
 50%|█████     | 25/50 [00:08<00:05,  4.74it/s]
 52%|█████▏    | 26/50 [00:09<00:05,  4.71it/s]
 54%|█████▍    | 27/50 [00:09<00:04,  4.65it/s]
 56%|█████▌    | 28/50 [00:09<00:04,  4.69it/s]
 58%|█████▊    | 29/50 [00:09<00:04,  4.73it/s]
 60%|██████    | 30/50 [00:09<00:04,  4.72it/s]
 62%|██████▏   | 31/50 [00:10<00:04,  4.71it/s]
 64%|██████▍   | 32/50 [00:10<00:03,  4.71it/s]
 66%|██████▌   | 33/50 [00:10<00:03,  4.74it/s]
 68%|██████▊   | 34/50 [00:10<00:03,  4.75it/s]
 70%|███████   | 35/50 [00:10<00:03,  4.70it/s]
 72%|███████▏  | 36/50 [00:11<00:02,  4.72it/s]
 74%|███████▍  | 37/50 [00:11<00:02,  4.74it/s]
 76%|███████▌  | 38/50 [00:11<00:02,  4.73it/s]
 78%|███████▊  | 39/50 [00:11<00:02,  4.73it/s]
 80%|████████  | 40/50 [00:11<00:02,  4.76it/s]
 82%|████████▏ | 41/50 [00:12<00:01,  4.79it/s]
 84%|████████▍ | 42/50 [00:12<00:01,  4.77it/s]
 86%|████████▌ | 43/50 [00:12<00:01,  4.76it/s]
 88%|████████▊ | 44/50 [00:12<00:01,  4.77it/s]
 90%|█████████ | 45/50 [00:13<00:01,  4.81it/s]
 92%|█████████▏| 46/50 [00:13<00:00,  4.84it/s]
 94%|█████████▍| 47/50 [00:13<00:00,  4.73it/s]
 96%|█████████▌| 48/50 [00:13<00:00,  4.73it/s]
 98%|█████████▊| 49/50 [00:13<00:00,  4.70it/s]
100%|██████████| 50/50 [00:14<00:00,  4.74it/s]
100%|██████████| 50/50 [00:14<00:00,  3.54it/s]
>>> VALIDATING 


  0%|          | 0/13 [00:00<?, ?it/s]
  8%|▊         | 1/13 [00:01<00:12,  1.08s/it]
 23%|██▎       | 3/13 [00:01<00:03,  2.98it/s]
 38%|███▊      | 5/13 [00:01<00:02,  3.28it/s]
 54%|█████▍    | 7/13 [00:01<00:01,  4.81it/s]
 69%|██████▉   | 9/13 [00:02<00:00,  4.09it/s]
 85%|████████▍ | 11/13 [00:02<00:00,  5.41it/s]
100%|██████████| 13/13 [00:02<00:00,  6.57it/s]
100%|██████████| 13/13 [00:02<00:00,  4.44it/s]
>>> LOGGING 

BALANCED ACCS CHECKED FOR TRAIN
BALANCED ACCS CHECKED FOR VAL
train_acc: 0.7040667361835246
val_acc: 0.7581317764804003
train_cls_loss: 0.5003235138370048
val_cls_loss: 0.47928019736686084
train_total_loss: 0.71605755559968
val_total_loss: 0.47928019736686084
balanced_train_acc: 0.5631356351996284
balanced_val_acc: 0.5597031163116795
Land_on_Land_train_acc: 0.8299028016009148
Land_on_Land_val_acc: 1.0
Land_on_Water_train_acc: 0.7554347826086957
Land_on_Water_val_acc: 0.8326180257510729
Water_on_Land_train_acc: 0.14285714285714285
Water_on_Land_val_acc: 0.007518796992481203
Water_on_Water_train_acc: 0.30842005676442763
Water_on_Water_val_acc: 0.39849624060150374
train_gradcam_clip_vit_loss: 0.2157340363926634
train_acc_Landbird: 0.8261814231395981
train_acc_Waterbird: 0.3000898472596586
val_acc_Landbird: 0.9163987138263665
val_acc_Waterbird: 0.20300751879699247
TRAIN ACC:        0.7040667361835246
VAL ACC:          0.7581317764804003
BALANCED VAL ACC: 0.5597031163116795
prev best list: []
Saving to trained_weights/waterbirds/gradcam_waterbird_complete95_forest2water2_21048936_trial_000/best_balanced_valacc_0.56_epoch_0.ckpt
>>> EVALUATING ON TEST SET
WATERBIRDS DIR: /home/ryreu/guided_cnn/waterbirds/waterbird_complete95_forest2water2
NUMBER OF SAMPLES WITH LABEL Landbird: 4510
NUMBER OF SAMPLES WITH LABEL Waterbird: 1284
NUMBER OF SAMPLES WITH GROUP Land_on_Land: 2255
NUMBER OF SAMPLES WITH GROUP Land_on_Water: 2255
NUMBER OF SAMPLES WITH GROUP Water_on_Land: 642
NUMBER OF SAMPLES WITH GROUP Water_on_Water: 642
NUM TEST:   5794

Loaded checkpoint trained_weights/waterbirds/gradcam_waterbird_complete95_forest2water2_21048936_trial_000/best_balanced_valacc_0.56_epoch_0.ckpt

  0%|          | 0/5794 [00:00<?, ?it/s]
  0%|          | 1/5794 [00:00<23:28,  4.11it/s]
  0%|          | 8/5794 [00:00<03:23, 28.37it/s]
  0%|          | 16/5794 [00:00<02:10, 44.25it/s]
  0%|          | 24/5794 [00:00<01:47, 53.49it/s]
  1%|          | 32/5794 [00:00<01:36, 59.50it/s]
  1%|          | 40/5794 [00:00<01:31, 62.96it/s]
  1%|          | 48/5794 [00:00<01:27, 65.57it/s]
  1%|          | 56/5794 [00:01<01:25, 67.24it/s]
  1%|          | 64/5794 [00:01<01:23, 68.58it/s]
  1%|          | 72/5794 [00:01<01:22, 69.31it/s]
  1%|▏         | 80/5794 [00:01<01:21, 70.03it/s]
  2%|▏         | 88/5794 [00:01<01:20, 70.52it/s]
  2%|▏         | 96/5794 [00:01<01:20, 70.66it/s]
  2%|▏         | 104/5794 [00:01<01:20, 70.74it/s]
  2%|▏         | 112/5794 [00:01<01:20, 70.65it/s]
  2%|▏         | 120/5794 [00:01<01:20, 70.72it/s]
  2%|▏         | 128/5794 [00:02<01:20, 70.46it/s]
  2%|▏         | 136/5794 [00:02<01:20, 70.50it/s]
  2%|▏         | 144/5794 [00:02<01:20, 70.39it/s]
  3%|▎         | 152/5794 [00:02<01:20, 70.36it/s]
  3%|▎         | 160/5794 [00:02<01:20, 69.89it/s]
  3%|▎         | 167/5794 [00:02<01:21, 68.77it/s]
  3%|▎         | 174/5794 [00:02<01:23, 67.29it/s]
  3%|▎         | 181/5794 [00:02<01:24, 66.38it/s]
  3%|▎         | 188/5794 [00:02<01:25, 65.48it/s]
  3%|▎         | 195/5794 [00:03<01:26, 64.90it/s]
  3%|▎         | 202/5794 [00:03<01:26, 64.71it/s]
  4%|▎         | 209/5794 [00:03<01:26, 64.22it/s]
  4%|▎         | 216/5794 [00:03<01:26, 64.19it/s]
  4%|▍         | 223/5794 [00:03<01:25, 64.98it/s]
  4%|▍         | 231/5794 [00:03<01:23, 66.95it/s]
  4%|▍         | 239/5794 [00:03<01:21, 68.16it/s]
  4%|▍         | 247/5794 [00:03<01:20, 69.02it/s]
  4%|▍         | 255/5794 [00:03<01:19, 69.74it/s]
  5%|▍         | 263/5794 [00:04<01:18, 70.15it/s]
  5%|▍         | 271/5794 [00:04<01:18, 70.52it/s]
  5%|▍         | 279/5794 [00:04<01:18, 70.66it/s]
  5%|▍         | 287/5794 [00:04<01:17, 70.98it/s]
  5%|▌         | 295/5794 [00:04<01:17, 70.84it/s]
  5%|▌         | 303/5794 [00:04<01:17, 71.02it/s]
  5%|▌         | 311/5794 [00:04<01:17, 70.87it/s]
  6%|▌         | 319/5794 [00:04<01:17, 70.91it/s]
  6%|▌         | 327/5794 [00:04<01:17, 70.77it/s]
  6%|▌         | 335/5794 [00:05<01:16, 70.98it/s]
  6%|▌         | 343/5794 [00:05<01:16, 71.07it/s]
  6%|▌         | 351/5794 [00:05<01:16, 70.99it/s]
  6%|▌         | 359/5794 [00:05<01:16, 71.00it/s]
  6%|▋         | 367/5794 [00:05<01:16, 70.98it/s]
  6%|▋         | 375/5794 [00:05<01:17, 70.03it/s]
  7%|▋         | 383/5794 [00:05<01:19, 68.12it/s]
  7%|▋         | 390/5794 [00:05<01:20, 67.02it/s]
  7%|▋         | 397/5794 [00:05<01:21, 66.03it/s]
  7%|▋         | 404/5794 [00:06<01:22, 65.56it/s]
  7%|▋         | 411/5794 [00:06<01:22, 65.12it/s]
  7%|▋         | 418/5794 [00:06<01:23, 64.71it/s]
  7%|▋         | 425/5794 [00:06<01:23, 64.49it/s]
  7%|▋         | 432/5794 [00:06<01:23, 64.22it/s]
  8%|▊         | 439/5794 [00:06<01:23, 64.25it/s]
  8%|▊         | 446/5794 [00:06<01:23, 64.10it/s]
  8%|▊         | 453/5794 [00:06<01:23, 64.18it/s]
  8%|▊         | 460/5794 [00:06<01:23, 64.17it/s]
  8%|▊         | 467/5794 [00:07<01:23, 63.96it/s]
  8%|▊         | 474/5794 [00:07<01:23, 63.98it/s]
  8%|▊         | 481/5794 [00:07<01:23, 63.63it/s]
  8%|▊         | 488/5794 [00:07<01:23, 63.52it/s]
  9%|▊         | 495/5794 [00:07<01:23, 63.36it/s]
  9%|▊         | 502/5794 [00:07<01:23, 63.17it/s]
  9%|▉         | 509/5794 [00:07<01:23, 63.19it/s]
  9%|▉         | 516/5794 [00:07<01:23, 62.88it/s]
  9%|▉         | 523/5794 [00:07<01:23, 63.05it/s]
  9%|▉         | 530/5794 [00:08<01:23, 63.13it/s]
  9%|▉         | 537/5794 [00:08<01:23, 63.07it/s]
  9%|▉         | 544/5794 [00:08<01:23, 62.95it/s]
 10%|▉         | 551/5794 [00:08<01:23, 62.96it/s]
 10%|▉         | 558/5794 [00:08<01:22, 63.10it/s]
 10%|▉         | 565/5794 [00:08<01:23, 63.00it/s]
 10%|▉         | 572/5794 [00:08<01:23, 62.79it/s]
 10%|▉         | 579/5794 [00:08<01:22, 62.94it/s]
 10%|█         | 586/5794 [00:08<01:22, 62.96it/s]
 10%|█         | 593/5794 [00:09<01:22, 63.18it/s]
 10%|█         | 600/5794 [00:09<01:22, 63.01it/s]
 10%|█         | 607/5794 [00:09<01:22, 63.19it/s]
 11%|█         | 614/5794 [00:09<01:21, 63.23it/s]
 11%|█         | 621/5794 [00:09<01:21, 63.09it/s]
 11%|█         | 628/5794 [00:09<01:21, 63.22it/s]
 11%|█         | 635/5794 [00:09<01:21, 63.09it/s]
 11%|█         | 642/5794 [00:09<01:21, 63.20it/s]
 11%|█         | 649/5794 [00:09<01:21, 62.98it/s]
 11%|█▏        | 656/5794 [00:10<01:21, 63.00it/s]
 11%|█▏        | 663/5794 [00:10<01:21, 63.09it/s]
 12%|█▏        | 670/5794 [00:10<01:21, 63.02it/s]
 12%|█▏        | 677/5794 [00:10<01:21, 63.12it/s]
 12%|█▏        | 684/5794 [00:10<01:21, 62.98it/s]
 12%|█▏        | 691/5794 [00:10<01:20, 63.07it/s]
 12%|█▏        | 698/5794 [00:10<01:20, 63.16it/s]
 12%|█▏        | 705/5794 [00:10<01:21, 62.44it/s]
 12%|█▏        | 712/5794 [00:10<01:21, 62.62it/s]
 12%|█▏        | 719/5794 [00:11<01:20, 62.71it/s]
 13%|█▎        | 726/5794 [00:11<01:20, 63.04it/s]
 13%|█▎        | 733/5794 [00:11<01:20, 63.14it/s]
 13%|█▎        | 740/5794 [00:11<01:19, 63.43it/s]
 13%|█▎        | 747/5794 [00:11<01:19, 63.80it/s]
 13%|█▎        | 754/5794 [00:11<01:19, 63.64it/s]
 13%|█▎        | 761/5794 [00:11<01:18, 63.91it/s]
 13%|█▎        | 769/5794 [00:11<01:16, 66.06it/s]
 13%|█▎        | 776/5794 [00:11<01:16, 65.80it/s]
 14%|█▎        | 783/5794 [00:12<01:16, 65.21it/s]
 14%|█▎        | 790/5794 [00:12<01:17, 64.77it/s]
 14%|█▍        | 797/5794 [00:12<01:17, 64.42it/s]
 14%|█▍        | 804/5794 [00:12<01:18, 63.75it/s]
 14%|█▍        | 811/5794 [00:12<01:16, 65.40it/s]
 14%|█▍        | 818/5794 [00:12<01:16, 64.72it/s]
 14%|█▍        | 825/5794 [00:12<01:17, 64.34it/s]
 14%|█▍        | 832/5794 [00:12<01:17, 64.36it/s]
 14%|█▍        | 839/5794 [00:12<01:17, 64.21it/s]
 15%|█▍        | 846/5794 [00:13<01:17, 64.21it/s]
 15%|█▍        | 853/5794 [00:13<01:17, 64.14it/s]
 15%|█▍        | 860/5794 [00:13<01:17, 64.07it/s]
 15%|█▍        | 867/5794 [00:13<01:16, 64.27it/s]
 15%|█▌        | 874/5794 [00:13<01:16, 64.14it/s]
 15%|█▌        | 881/5794 [00:13<01:16, 63.98it/s]
 15%|█▌        | 888/5794 [00:13<01:16, 63.86it/s]
 15%|█▌        | 895/5794 [00:13<01:16, 63.94it/s]
 16%|█▌        | 902/5794 [00:13<01:16, 64.07it/s]
 16%|█▌        | 909/5794 [00:14<01:16, 63.95it/s]
 16%|█▌        | 916/5794 [00:14<01:16, 63.97it/s]
 16%|█▌        | 923/5794 [00:14<01:16, 63.95it/s]
 16%|█▌        | 930/5794 [00:14<01:14, 65.25it/s]
 16%|█▌        | 938/5794 [00:14<01:11, 67.66it/s]
 16%|█▋        | 946/5794 [00:14<01:09, 69.28it/s]
 16%|█▋        | 954/5794 [00:14<01:08, 70.51it/s]
 17%|█▋        | 962/5794 [00:14<01:08, 70.97it/s]
 17%|█▋        | 970/5794 [00:14<01:07, 71.67it/s]
 17%|█▋        | 978/5794 [00:14<01:06, 71.99it/s]
 17%|█▋        | 986/5794 [00:15<01:06, 72.25it/s]
 17%|█▋        | 994/5794 [00:15<01:06, 72.29it/s]
 17%|█▋        | 1002/5794 [00:15<01:06, 72.45it/s]
 17%|█▋        | 1010/5794 [00:15<01:05, 72.58it/s]
 18%|█▊        | 1018/5794 [00:15<01:05, 72.65it/s]
 18%|█▊        | 1026/5794 [00:15<01:05, 72.59it/s]
 18%|█▊        | 1034/5794 [00:15<01:05, 72.56it/s]
 18%|█▊        | 1042/5794 [00:15<01:05, 72.50it/s]
 18%|█▊        | 1050/5794 [00:15<01:05, 72.68it/s]
 18%|█▊        | 1058/5794 [00:16<01:05, 72.45it/s]
 18%|█▊        | 1066/5794 [00:16<01:05, 72.69it/s]
 19%|█▊        | 1074/5794 [00:16<01:04, 72.64it/s]
 19%|█▊        | 1082/5794 [00:16<01:04, 72.59it/s]
 19%|█▉        | 1090/5794 [00:16<01:04, 72.60it/s]
 19%|█▉        | 1098/5794 [00:16<01:04, 72.59it/s]
 19%|█▉        | 1106/5794 [00:16<01:04, 72.76it/s]
 19%|█▉        | 1114/5794 [00:16<01:04, 72.63it/s]
 19%|█▉        | 1122/5794 [00:16<01:04, 72.70it/s]
 20%|█▉        | 1130/5794 [00:17<01:04, 72.66it/s]
 20%|█▉        | 1138/5794 [00:17<01:04, 72.64it/s]
 20%|█▉        | 1146/5794 [00:17<01:04, 72.37it/s]
 20%|█▉        | 1154/5794 [00:17<01:04, 72.17it/s]
 20%|██        | 1162/5794 [00:17<01:04, 72.05it/s]
 20%|██        | 1170/5794 [00:17<01:03, 72.37it/s]
 20%|██        | 1178/5794 [00:17<01:03, 72.33it/s]
 20%|██        | 1186/5794 [00:17<01:03, 72.56it/s]
 21%|██        | 1194/5794 [00:17<01:03, 72.56it/s]
 21%|██        | 1202/5794 [00:18<01:03, 72.77it/s]
 21%|██        | 1210/5794 [00:18<01:02, 72.90it/s]
 21%|██        | 1218/5794 [00:18<01:02, 72.79it/s]
 21%|██        | 1226/5794 [00:18<01:02, 72.89it/s]
 21%|██▏       | 1234/5794 [00:18<01:02, 72.45it/s]
 21%|██▏       | 1242/5794 [00:18<01:04, 70.90it/s]
 22%|██▏       | 1250/5794 [00:18<01:06, 68.74it/s]
 22%|██▏       | 1257/5794 [00:18<01:07, 67.54it/s]
 22%|██▏       | 1264/5794 [00:18<01:08, 66.58it/s]
 22%|██▏       | 1271/5794 [00:19<01:08, 65.99it/s]
 22%|██▏       | 1278/5794 [00:19<01:09, 65.45it/s]
 22%|██▏       | 1285/5794 [00:19<01:09, 65.06it/s]
 22%|██▏       | 1292/5794 [00:19<01:09, 64.89it/s]
 22%|██▏       | 1299/5794 [00:19<01:09, 64.59it/s]
 23%|██▎       | 1306/5794 [00:19<01:09, 64.53it/s]
 23%|██▎       | 1313/5794 [00:19<01:09, 64.36it/s]
 23%|██▎       | 1320/5794 [00:19<01:09, 64.36it/s]
 23%|██▎       | 1327/5794 [00:19<01:10, 63.41it/s]
 23%|██▎       | 1334/5794 [00:20<01:10, 63.52it/s]
 23%|██▎       | 1341/5794 [00:20<01:09, 63.68it/s]
 23%|██▎       | 1348/5794 [00:20<01:09, 63.58it/s]
 23%|██▎       | 1355/5794 [00:20<01:09, 63.73it/s]
 24%|██▎       | 1362/5794 [00:20<01:09, 63.67it/s]
 24%|██▎       | 1369/5794 [00:20<01:09, 63.72it/s]
 24%|██▎       | 1376/5794 [00:20<01:09, 63.78it/s]
 24%|██▍       | 1383/5794 [00:20<01:09, 63.13it/s]
 24%|██▍       | 1390/5794 [00:20<01:09, 63.33it/s]
 24%|██▍       | 1397/5794 [00:21<01:09, 63.64it/s]
 24%|██▍       | 1404/5794 [00:21<01:09, 63.61it/s]
 24%|██▍       | 1411/5794 [00:21<01:07, 65.32it/s]
 24%|██▍       | 1418/5794 [00:21<01:07, 64.86it/s]
 25%|██▍       | 1425/5794 [00:21<01:07, 64.82it/s]
 25%|██▍       | 1432/5794 [00:21<01:07, 64.55it/s]
 25%|██▍       | 1439/5794 [00:21<01:07, 64.69it/s]
 25%|██▍       | 1446/5794 [00:21<01:07, 64.60it/s]
 25%|██▌       | 1453/5794 [00:21<01:07, 64.36it/s]
 25%|██▌       | 1460/5794 [00:22<01:07, 64.40it/s]
 25%|██▌       | 1467/5794 [00:22<01:07, 64.17it/s]
 25%|██▌       | 1474/5794 [00:22<01:07, 64.08it/s]
 26%|██▌       | 1481/5794 [00:22<01:07, 63.83it/s]
 26%|██▌       | 1488/5794 [00:22<01:07, 63.53it/s]
 26%|██▌       | 1495/5794 [00:22<01:07, 63.54it/s]
 26%|██▌       | 1502/5794 [00:22<01:08, 62.95it/s]
 26%|██▌       | 1509/5794 [00:22<01:08, 62.90it/s]
 26%|██▌       | 1516/5794 [00:22<01:07, 63.29it/s]
 26%|██▋       | 1523/5794 [00:23<01:07, 63.47it/s]
 26%|██▋       | 1530/5794 [00:23<01:06, 63.83it/s]
 27%|██▋       | 1537/5794 [00:23<01:06, 63.89it/s]
 27%|██▋       | 1544/5794 [00:23<01:06, 63.98it/s]
 27%|██▋       | 1551/5794 [00:23<01:06, 63.41it/s]
 27%|██▋       | 1558/5794 [00:23<01:06, 63.75it/s]
 27%|██▋       | 1565/5794 [00:23<01:06, 63.31it/s]
 27%|██▋       | 1572/5794 [00:23<01:06, 63.58it/s]
 27%|██▋       | 1579/5794 [00:23<01:06, 63.75it/s]
 27%|██▋       | 1586/5794 [00:24<01:06, 63.72it/s]
 27%|██▋       | 1593/5794 [00:24<01:05, 63.80it/s]
 28%|██▊       | 1600/5794 [00:24<01:05, 63.83it/s]
 28%|██▊       | 1607/5794 [00:24<01:05, 63.84it/s]
 28%|██▊       | 1614/5794 [00:24<01:05, 63.96it/s]
 28%|██▊       | 1621/5794 [00:24<01:05, 63.90it/s]
 28%|██▊       | 1628/5794 [00:24<01:04, 64.12it/s]
 28%|██▊       | 1635/5794 [00:24<01:04, 64.30it/s]
 28%|██▊       | 1642/5794 [00:24<01:04, 64.15it/s]
 28%|██▊       | 1649/5794 [00:24<01:04, 64.18it/s]
 29%|██▊       | 1656/5794 [00:25<01:04, 64.11it/s]
 29%|██▊       | 1663/5794 [00:25<01:04, 64.05it/s]
 29%|██▉       | 1670/5794 [00:25<01:04, 63.95it/s]
 29%|██▉       | 1677/5794 [00:25<01:04, 64.07it/s]
 29%|██▉       | 1684/5794 [00:25<01:04, 63.94it/s]
 29%|██▉       | 1691/5794 [00:25<01:04, 64.01it/s]
 29%|██▉       | 1698/5794 [00:25<01:04, 64.00it/s]
 29%|██▉       | 1705/5794 [00:25<01:03, 63.96it/s]
 30%|██▉       | 1712/5794 [00:25<01:03, 63.99it/s]
 30%|██▉       | 1719/5794 [00:26<01:03, 64.07it/s]
 30%|██▉       | 1726/5794 [00:26<01:02, 65.60it/s]
 30%|██▉       | 1734/5794 [00:26<00:59, 67.99it/s]
 30%|███       | 1742/5794 [00:26<00:58, 69.59it/s]
 30%|███       | 1750/5794 [00:26<00:57, 70.94it/s]
 30%|███       | 1758/5794 [00:26<00:56, 71.67it/s]
 30%|███       | 1766/5794 [00:26<00:56, 70.69it/s]
 31%|███       | 1774/5794 [00:26<00:58, 68.47it/s]
 31%|███       | 1781/5794 [00:26<00:59, 67.21it/s]
 31%|███       | 1788/5794 [00:27<01:00, 66.30it/s]
 31%|███       | 1795/5794 [00:27<01:01, 65.45it/s]
 31%|███       | 1802/5794 [00:27<01:01, 64.77it/s]
 31%|███       | 1809/5794 [00:27<01:02, 64.12it/s]
 31%|███▏      | 1816/5794 [00:27<01:01, 64.17it/s]
 31%|███▏      | 1823/5794 [00:27<01:02, 63.82it/s]
 32%|███▏      | 1830/5794 [00:27<01:01, 64.02it/s]
 32%|███▏      | 1837/5794 [00:27<01:01, 63.89it/s]
 32%|███▏      | 1844/5794 [00:27<01:01, 63.89it/s]
 32%|███▏      | 1851/5794 [00:28<01:01, 63.78it/s]
 32%|███▏      | 1858/5794 [00:28<01:01, 63.70it/s]
 32%|███▏      | 1865/5794 [00:28<01:01, 63.61it/s]
 32%|███▏      | 1872/5794 [00:28<01:01, 63.78it/s]
 32%|███▏      | 1879/5794 [00:28<01:01, 63.58it/s]
 33%|███▎      | 1886/5794 [00:28<01:01, 63.76it/s]
 33%|███▎      | 1893/5794 [00:28<01:01, 63.57it/s]
 33%|███▎      | 1900/5794 [00:28<01:01, 63.82it/s]
 33%|███▎      | 1907/5794 [00:28<01:00, 63.82it/s]
 33%|███▎      | 1914/5794 [00:29<01:00, 63.81it/s]
 33%|███▎      | 1921/5794 [00:29<01:00, 63.91it/s]
 33%|███▎      | 1928/5794 [00:29<01:00, 63.85it/s]
 33%|███▎      | 1935/5794 [00:29<01:00, 63.91it/s]
 34%|███▎      | 1942/5794 [00:29<01:00, 63.81it/s]
 34%|███▎      | 1949/5794 [00:29<00:59, 64.93it/s]
 34%|███▍      | 1957/5794 [00:29<00:56, 67.53it/s]
 34%|███▍      | 1965/5794 [00:29<00:55, 69.35it/s]
 34%|███▍      | 1972/5794 [00:29<00:56, 67.76it/s]
 34%|███▍      | 1979/5794 [00:30<00:57, 66.69it/s]
 34%|███▍      | 1986/5794 [00:30<00:57, 66.08it/s]
 34%|███▍      | 1993/5794 [00:30<00:58, 65.43it/s]
 35%|███▍      | 2000/5794 [00:30<00:57, 66.28it/s]
 35%|███▍      | 2008/5794 [00:30<00:55, 68.41it/s]
 35%|███▍      | 2016/5794 [00:30<00:54, 69.85it/s]
 35%|███▍      | 2024/5794 [00:30<00:53, 70.78it/s]
 35%|███▌      | 2032/5794 [00:30<00:52, 71.01it/s]
 35%|███▌      | 2040/5794 [00:30<00:52, 71.54it/s]
 35%|███▌      | 2048/5794 [00:31<00:51, 72.09it/s]
 35%|███▌      | 2056/5794 [00:31<00:51, 72.64it/s]
 36%|███▌      | 2064/5794 [00:31<00:51, 72.71it/s]
 36%|███▌      | 2072/5794 [00:31<00:50, 73.03it/s]
 36%|███▌      | 2080/5794 [00:31<00:50, 72.96it/s]
 36%|███▌      | 2088/5794 [00:31<00:51, 72.14it/s]
 36%|███▌      | 2096/5794 [00:31<00:53, 69.13it/s]
 36%|███▋      | 2103/5794 [00:31<00:54, 67.59it/s]
 36%|███▋      | 2110/5794 [00:31<00:55, 66.42it/s]
 37%|███▋      | 2117/5794 [00:32<00:56, 65.45it/s]
 37%|███▋      | 2124/5794 [00:32<00:56, 64.96it/s]
 37%|███▋      | 2131/5794 [00:32<00:56, 64.36it/s]
 37%|███▋      | 2138/5794 [00:32<00:57, 64.01it/s]
 37%|███▋      | 2145/5794 [00:32<00:57, 63.76it/s]
 37%|███▋      | 2152/5794 [00:32<00:57, 63.74it/s]
 37%|███▋      | 2159/5794 [00:32<00:57, 63.75it/s]
 37%|███▋      | 2166/5794 [00:32<00:56, 63.66it/s]
 38%|███▊      | 2173/5794 [00:32<00:56, 63.67it/s]
 38%|███▊      | 2180/5794 [00:33<00:57, 63.40it/s]
 38%|███▊      | 2187/5794 [00:33<00:56, 63.58it/s]
 38%|███▊      | 2194/5794 [00:33<00:56, 63.65it/s]
 38%|███▊      | 2202/5794 [00:33<00:54, 65.87it/s]
 38%|███▊      | 2209/5794 [00:33<00:55, 64.94it/s]
 38%|███▊      | 2216/5794 [00:33<00:55, 64.50it/s]
 38%|███▊      | 2223/5794 [00:33<00:55, 64.41it/s]
 38%|███▊      | 2230/5794 [00:33<00:55, 64.10it/s]
 39%|███▊      | 2237/5794 [00:33<00:55, 63.97it/s]
 39%|███▊      | 2245/5794 [00:34<00:53, 66.21it/s]
 39%|███▉      | 2253/5794 [00:34<00:51, 68.30it/s]
 39%|███▉      | 2261/5794 [00:34<00:50, 69.67it/s]
 39%|███▉      | 2269/5794 [00:34<00:49, 70.69it/s]
 39%|███▉      | 2277/5794 [00:34<00:49, 71.55it/s]
 39%|███▉      | 2285/5794 [00:34<00:48, 71.95it/s]
 40%|███▉      | 2293/5794 [00:34<00:48, 72.51it/s]
 40%|███▉      | 2301/5794 [00:34<00:48, 72.57it/s]
 40%|███▉      | 2309/5794 [00:34<00:47, 72.81it/s]
 40%|███▉      | 2317/5794 [00:35<00:47, 72.76it/s]
 40%|████      | 2325/5794 [00:35<00:47, 73.00it/s]
 40%|████      | 2333/5794 [00:35<00:48, 71.96it/s]
 40%|████      | 2341/5794 [00:35<00:47, 72.43it/s]
 41%|████      | 2349/5794 [00:35<00:47, 72.70it/s]
 41%|████      | 2357/5794 [00:35<00:47, 72.80it/s]
 41%|████      | 2365/5794 [00:35<00:46, 73.01it/s]
 41%|████      | 2373/5794 [00:35<00:46, 73.04it/s]
 41%|████      | 2381/5794 [00:35<00:46, 73.19it/s]
 41%|████      | 2389/5794 [00:35<00:46, 73.17it/s]
 41%|████▏     | 2397/5794 [00:36<00:46, 73.39it/s]
 42%|████▏     | 2405/5794 [00:36<00:48, 70.15it/s]
 42%|████▏     | 2413/5794 [00:36<00:49, 68.18it/s]
 42%|████▏     | 2420/5794 [00:36<00:50, 67.07it/s]
 42%|████▏     | 2427/5794 [00:36<00:50, 66.56it/s]
 42%|████▏     | 2434/5794 [00:36<00:50, 66.02it/s]
 42%|████▏     | 2441/5794 [00:36<00:51, 65.54it/s]
 42%|████▏     | 2448/5794 [00:36<00:51, 65.23it/s]
 42%|████▏     | 2455/5794 [00:37<00:51, 64.58it/s]
 42%|████▏     | 2462/5794 [00:37<00:51, 64.51it/s]
 43%|████▎     | 2469/5794 [00:37<00:51, 64.03it/s]
 43%|████▎     | 2476/5794 [00:37<00:51, 63.92it/s]
 43%|████▎     | 2483/5794 [00:37<00:52, 63.64it/s]
 43%|████▎     | 2490/5794 [00:37<00:52, 63.44it/s]
 43%|████▎     | 2497/5794 [00:37<00:51, 63.47it/s]
 43%|████▎     | 2504/5794 [00:37<00:51, 63.32it/s]
 43%|████▎     | 2511/5794 [00:37<00:51, 63.32it/s]
 43%|████▎     | 2518/5794 [00:37<00:51, 63.38it/s]
 44%|████▎     | 2525/5794 [00:38<00:51, 63.33it/s]
 44%|████▎     | 2532/5794 [00:38<00:51, 63.28it/s]
 44%|████▍     | 2539/5794 [00:38<00:51, 63.34it/s]
 44%|████▍     | 2546/5794 [00:38<00:51, 63.32it/s]
 44%|████▍     | 2553/5794 [00:38<00:51, 63.38it/s]
 44%|████▍     | 2560/5794 [00:38<00:50, 63.83it/s]
 44%|████▍     | 2567/5794 [00:38<00:50, 63.66it/s]
 44%|████▍     | 2574/5794 [00:38<00:50, 63.50it/s]
 45%|████▍     | 2581/5794 [00:38<00:50, 63.59it/s]
 45%|████▍     | 2588/5794 [00:39<00:50, 63.42it/s]
 45%|████▍     | 2595/5794 [00:39<00:50, 63.58it/s]
 45%|████▍     | 2602/5794 [00:39<00:50, 63.64it/s]
 45%|████▌     | 2609/5794 [00:39<00:50, 63.52it/s]
 45%|████▌     | 2616/5794 [00:39<00:49, 63.59it/s]
 45%|████▌     | 2623/5794 [00:39<00:50, 63.33it/s]
 45%|████▌     | 2630/5794 [00:39<00:50, 63.12it/s]
 46%|████▌     | 2637/5794 [00:39<00:49, 63.24it/s]
 46%|████▌     | 2644/5794 [00:39<00:49, 63.33it/s]
 46%|████▌     | 2651/5794 [00:40<00:49, 63.26it/s]
 46%|████▌     | 2658/5794 [00:40<00:49, 63.08it/s]
 46%|████▌     | 2665/5794 [00:40<00:49, 63.33it/s]
 46%|████▌     | 2672/5794 [00:40<00:49, 63.22it/s]
 46%|████▌     | 2679/5794 [00:40<00:47, 64.98it/s]
 46%|████▋     | 2687/5794 [00:40<00:46, 67.19it/s]
 47%|████▋     | 2695/5794 [00:40<00:45, 68.85it/s]
 47%|████▋     | 2703/5794 [00:40<00:44, 69.46it/s]
 47%|████▋     | 2711/5794 [00:40<00:43, 70.55it/s]
 47%|████▋     | 2719/5794 [00:41<00:43, 71.36it/s]
 47%|████▋     | 2727/5794 [00:41<00:42, 71.80it/s]
 47%|████▋     | 2735/5794 [00:41<00:42, 72.34it/s]
 47%|████▋     | 2743/5794 [00:41<00:42, 72.57it/s]
 47%|████▋     | 2751/5794 [00:41<00:41, 72.91it/s]
 48%|████▊     | 2759/5794 [00:41<00:41, 73.11it/s]
 48%|████▊     | 2767/5794 [00:41<00:41, 73.37it/s]
 48%|████▊     | 2775/5794 [00:41<00:41, 73.39it/s]
 48%|████▊     | 2783/5794 [00:41<00:40, 73.46it/s]
 48%|████▊     | 2791/5794 [00:42<00:40, 73.53it/s]
 48%|████▊     | 2799/5794 [00:42<00:40, 73.39it/s]
 48%|████▊     | 2807/5794 [00:42<00:40, 73.26it/s]
 49%|████▊     | 2815/5794 [00:42<00:41, 71.87it/s]
 49%|████▊     | 2823/5794 [00:42<00:42, 69.52it/s]
 49%|████▉     | 2830/5794 [00:42<00:43, 67.95it/s]
 49%|████▉     | 2837/5794 [00:42<00:44, 66.84it/s]
 49%|████▉     | 2844/5794 [00:42<00:44, 65.97it/s]
 49%|████▉     | 2851/5794 [00:42<00:45, 65.34it/s]
 49%|████▉     | 2858/5794 [00:43<00:45, 65.04it/s]
 49%|████▉     | 2865/5794 [00:43<00:45, 64.62it/s]
 50%|████▉     | 2872/5794 [00:43<00:45, 64.65it/s]
 50%|████▉     | 2879/5794 [00:43<00:45, 64.38it/s]
 50%|████▉     | 2886/5794 [00:43<00:45, 64.56it/s]
 50%|████▉     | 2893/5794 [00:43<00:45, 64.17it/s]
 50%|█████     | 2900/5794 [00:43<00:45, 64.12it/s]
 50%|█████     | 2907/5794 [00:43<00:44, 64.34it/s]
 50%|█████     | 2914/5794 [00:43<00:44, 64.25it/s]
 50%|█████     | 2921/5794 [00:44<00:44, 64.24it/s]
 51%|█████     | 2928/5794 [00:44<00:44, 64.20it/s]
 51%|█████     | 2935/5794 [00:44<00:44, 64.26it/s]
 51%|█████     | 2942/5794 [00:44<00:44, 64.23it/s]
 51%|█████     | 2949/5794 [00:44<00:44, 64.04it/s]
 51%|█████     | 2956/5794 [00:44<00:44, 64.18it/s]
 51%|█████     | 2963/5794 [00:44<00:44, 64.08it/s]
 51%|█████▏    | 2970/5794 [00:44<00:43, 64.99it/s]
 51%|█████▏    | 2978/5794 [00:44<00:41, 67.54it/s]
 52%|█████▏    | 2986/5794 [00:45<00:40, 69.20it/s]
 52%|█████▏    | 2994/5794 [00:45<00:39, 70.53it/s]
 52%|█████▏    | 3002/5794 [00:45<00:39, 71.13it/s]
 52%|█████▏    | 3010/5794 [00:45<00:38, 71.86it/s]
 52%|█████▏    | 3018/5794 [00:45<00:38, 72.11it/s]
 52%|█████▏    | 3026/5794 [00:45<00:38, 72.46it/s]
 52%|█████▏    | 3034/5794 [00:45<00:38, 72.47it/s]
 53%|█████▎    | 3042/5794 [00:45<00:37, 72.75it/s]
 53%|█████▎    | 3050/5794 [00:45<00:37, 72.72it/s]
 53%|█████▎    | 3058/5794 [00:46<00:37, 72.91it/s]
 53%|█████▎    | 3066/5794 [00:46<00:37, 72.78it/s]
 53%|█████▎    | 3074/5794 [00:46<00:37, 72.92it/s]
 53%|█████▎    | 3082/5794 [00:46<00:37, 72.81it/s]
 53%|█████▎    | 3090/5794 [00:46<00:37, 72.37it/s]
 53%|█████▎    | 3098/5794 [00:46<00:38, 69.15it/s]
 54%|█████▎    | 3105/5794 [00:46<00:39, 67.63it/s]
 54%|█████▎    | 3112/5794 [00:46<00:40, 66.75it/s]
 54%|█████▍    | 3119/5794 [00:46<00:40, 65.98it/s]
 54%|█████▍    | 3126/5794 [00:47<00:40, 65.50it/s]
 54%|█████▍    | 3133/5794 [00:47<00:41, 64.76it/s]
 54%|█████▍    | 3140/5794 [00:47<00:41, 64.22it/s]
 54%|█████▍    | 3147/5794 [00:47<00:41, 64.19it/s]
 54%|█████▍    | 3154/5794 [00:47<00:40, 65.05it/s]
 55%|█████▍    | 3162/5794 [00:47<00:39, 66.87it/s]
 55%|█████▍    | 3170/5794 [00:47<00:38, 68.27it/s]
 55%|█████▍    | 3178/5794 [00:47<00:37, 69.16it/s]
 55%|█████▍    | 3186/5794 [00:47<00:37, 69.54it/s]
 55%|█████▌    | 3193/5794 [00:48<00:38, 67.96it/s]
 55%|█████▌    | 3200/5794 [00:48<00:38, 66.80it/s]
 55%|█████▌    | 3207/5794 [00:48<00:39, 65.89it/s]
 55%|█████▌    | 3214/5794 [00:48<00:39, 65.40it/s]
 56%|█████▌    | 3221/5794 [00:48<00:39, 64.81it/s]
 56%|█████▌    | 3228/5794 [00:48<00:39, 64.73it/s]
 56%|█████▌    | 3235/5794 [00:48<00:39, 64.38it/s]
 56%|█████▌    | 3242/5794 [00:48<00:39, 64.35it/s]
 56%|█████▌    | 3249/5794 [00:48<00:39, 64.39it/s]
 56%|█████▌    | 3256/5794 [00:48<00:39, 64.32it/s]
 56%|█████▋    | 3263/5794 [00:49<00:39, 64.39it/s]
 56%|█████▋    | 3270/5794 [00:49<00:39, 64.24it/s]
 57%|█████▋    | 3277/5794 [00:49<00:39, 64.30it/s]
 57%|█████▋    | 3284/5794 [00:49<00:38, 64.40it/s]
 57%|█████▋    | 3291/5794 [00:49<00:38, 64.32it/s]
 57%|█████▋    | 3298/5794 [00:49<00:38, 64.35it/s]
 57%|█████▋    | 3305/5794 [00:49<00:38, 64.25it/s]
 57%|█████▋    | 3312/5794 [00:49<00:38, 64.42it/s]
 57%|█████▋    | 3319/5794 [00:49<00:38, 64.38it/s]
 57%|█████▋    | 3326/5794 [00:50<00:38, 64.43it/s]
 58%|█████▊    | 3333/5794 [00:50<00:38, 64.46it/s]
 58%|█████▊    | 3340/5794 [00:50<00:38, 64.39it/s]
 58%|█████▊    | 3347/5794 [00:50<00:37, 64.46it/s]
 58%|█████▊    | 3354/5794 [00:50<00:38, 64.12it/s]
 58%|█████▊    | 3361/5794 [00:50<00:37, 64.25it/s]
 58%|█████▊    | 3368/5794 [00:50<00:37, 64.40it/s]
 58%|█████▊    | 3375/5794 [00:50<00:37, 63.95it/s]
 58%|█████▊    | 3382/5794 [00:50<00:37, 64.04it/s]
 58%|█████▊    | 3389/5794 [00:51<00:37, 64.72it/s]
 59%|█████▊    | 3397/5794 [00:51<00:35, 66.68it/s]
 59%|█████▉    | 3405/5794 [00:51<00:35, 68.16it/s]
 59%|█████▉    | 3413/5794 [00:51<00:34, 69.45it/s]
 59%|█████▉    | 3421/5794 [00:51<00:34, 69.51it/s]
 59%|█████▉    | 3428/5794 [00:51<00:34, 67.92it/s]
 59%|█████▉    | 3435/5794 [00:51<00:35, 67.02it/s]
 59%|█████▉    | 3442/5794 [00:51<00:35, 66.35it/s]
 60%|█████▉    | 3449/5794 [00:51<00:35, 65.96it/s]
 60%|█████▉    | 3456/5794 [00:52<00:35, 65.16it/s]
 60%|█████▉    | 3463/5794 [00:52<00:35, 64.94it/s]
 60%|█████▉    | 3470/5794 [00:52<00:35, 64.71it/s]
 60%|██████    | 3477/5794 [00:52<00:36, 64.35it/s]
 60%|██████    | 3484/5794 [00:52<00:36, 64.08it/s]
 60%|██████    | 3491/5794 [00:52<00:35, 64.07it/s]
 60%|██████    | 3498/5794 [00:52<00:35, 64.27it/s]
 60%|██████    | 3505/5794 [00:52<00:35, 64.32it/s]
 61%|██████    | 3512/5794 [00:52<00:35, 64.71it/s]
 61%|██████    | 3520/5794 [00:53<00:33, 67.15it/s]
 61%|██████    | 3527/5794 [00:53<00:34, 65.82it/s]
 61%|██████    | 3534/5794 [00:53<00:34, 65.53it/s]
 61%|██████    | 3541/5794 [00:53<00:34, 64.97it/s]
 61%|██████    | 3548/5794 [00:53<00:34, 64.89it/s]
 61%|██████▏   | 3555/5794 [00:53<00:34, 64.79it/s]
 61%|██████▏   | 3562/5794 [00:53<00:34, 64.53it/s]
 62%|██████▏   | 3569/5794 [00:53<00:34, 64.42it/s]
 62%|██████▏   | 3576/5794 [00:53<00:34, 64.34it/s]
 62%|██████▏   | 3583/5794 [00:54<00:34, 64.51it/s]
 62%|██████▏   | 3590/5794 [00:54<00:34, 64.45it/s]
 62%|██████▏   | 3597/5794 [00:54<00:34, 64.16it/s]
 62%|██████▏   | 3604/5794 [00:54<00:34, 64.20it/s]
 62%|██████▏   | 3611/5794 [00:54<00:33, 64.29it/s]
 62%|██████▏   | 3618/5794 [00:54<00:33, 64.68it/s]
 63%|██████▎   | 3626/5794 [00:54<00:32, 67.06it/s]
 63%|██████▎   | 3634/5794 [00:54<00:31, 68.70it/s]
 63%|██████▎   | 3642/5794 [00:54<00:30, 69.84it/s]
 63%|██████▎   | 3650/5794 [00:55<00:30, 70.61it/s]
 63%|██████▎   | 3658/5794 [00:55<00:29, 71.40it/s]
 63%|██████▎   | 3666/5794 [00:55<00:29, 71.58it/s]
 63%|██████▎   | 3674/5794 [00:55<00:29, 71.87it/s]
 64%|██████▎   | 3682/5794 [00:55<00:29, 72.10it/s]
 64%|██████▎   | 3690/5794 [00:55<00:29, 72.40it/s]
 64%|██████▍   | 3698/5794 [00:55<00:28, 72.46it/s]
 64%|██████▍   | 3706/5794 [00:55<00:28, 72.68it/s]
 64%|██████▍   | 3714/5794 [00:55<00:28, 72.65it/s]
 64%|██████▍   | 3722/5794 [00:55<00:28, 72.76it/s]
 64%|██████▍   | 3730/5794 [00:56<00:29, 71.02it/s]
 65%|██████▍   | 3738/5794 [00:56<00:29, 69.02it/s]
 65%|██████▍   | 3745/5794 [00:56<00:30, 67.50it/s]
 65%|██████▍   | 3752/5794 [00:56<00:30, 66.63it/s]
 65%|██████▍   | 3759/5794 [00:56<00:30, 66.02it/s]
 65%|██████▍   | 3766/5794 [00:56<00:31, 65.41it/s]
 65%|██████▌   | 3773/5794 [00:56<00:31, 65.14it/s]
 65%|██████▌   | 3780/5794 [00:56<00:31, 64.80it/s]
 65%|██████▌   | 3787/5794 [00:56<00:31, 64.70it/s]
 65%|██████▌   | 3794/5794 [00:57<00:30, 64.60it/s]
 66%|██████▌   | 3801/5794 [00:57<00:31, 64.11it/s]
 66%|██████▌   | 3808/5794 [00:57<00:31, 63.94it/s]
 66%|██████▌   | 3815/5794 [00:57<00:31, 63.54it/s]
 66%|██████▌   | 3822/5794 [00:57<00:30, 63.85it/s]
 66%|██████▌   | 3829/5794 [00:57<00:30, 63.76it/s]
 66%|██████▌   | 3836/5794 [00:57<00:30, 63.91it/s]
 66%|██████▋   | 3843/5794 [00:57<00:30, 64.06it/s]
 66%|██████▋   | 3850/5794 [00:57<00:30, 64.00it/s]
 67%|██████▋   | 3857/5794 [00:58<00:30, 63.87it/s]
 67%|██████▋   | 3864/5794 [00:58<00:30, 63.83it/s]
 67%|██████▋   | 3871/5794 [00:58<00:30, 63.98it/s]
 67%|██████▋   | 3878/5794 [00:58<00:29, 64.05it/s]
 67%|██████▋   | 3885/5794 [00:58<00:29, 63.92it/s]
 67%|██████▋   | 3892/5794 [00:58<00:29, 64.01it/s]
 67%|██████▋   | 3899/5794 [00:58<00:29, 63.92it/s]
 67%|██████▋   | 3906/5794 [00:58<00:29, 63.93it/s]
 68%|██████▊   | 3913/5794 [00:58<00:29, 64.00it/s]
 68%|██████▊   | 3920/5794 [00:59<00:29, 63.92it/s]
 68%|██████▊   | 3927/5794 [00:59<00:29, 64.00it/s]
 68%|██████▊   | 3934/5794 [00:59<00:29, 63.76it/s]
 68%|██████▊   | 3941/5794 [00:59<00:29, 63.89it/s]
 68%|██████▊   | 3948/5794 [00:59<00:28, 63.85it/s]
 68%|██████▊   | 3955/5794 [00:59<00:28, 64.03it/s]
 68%|██████▊   | 3962/5794 [00:59<00:28, 63.24it/s]
 69%|██████▊   | 3969/5794 [00:59<00:28, 63.43it/s]
 69%|██████▊   | 3976/5794 [00:59<00:28, 63.68it/s]
 69%|██████▊   | 3983/5794 [01:00<00:28, 63.69it/s]
 69%|██████▉   | 3990/5794 [01:00<00:28, 63.77it/s]
 69%|██████▉   | 3997/5794 [01:00<00:27, 64.78it/s]
 69%|██████▉   | 4005/5794 [01:00<00:26, 67.08it/s]
 69%|██████▉   | 4013/5794 [01:00<00:25, 68.93it/s]
 69%|██████▉   | 4020/5794 [01:00<00:26, 67.30it/s]
 70%|██████▉   | 4027/5794 [01:00<00:26, 66.47it/s]
 70%|██████▉   | 4034/5794 [01:00<00:26, 65.38it/s]
 70%|██████▉   | 4041/5794 [01:00<00:27, 64.91it/s]
 70%|██████▉   | 4048/5794 [01:01<00:26, 64.69it/s]
 70%|██████▉   | 4055/5794 [01:01<00:26, 64.55it/s]
 70%|███████   | 4062/5794 [01:01<00:26, 64.23it/s]
 70%|███████   | 4069/5794 [01:01<00:27, 63.83it/s]
 70%|███████   | 4076/5794 [01:01<00:26, 63.96it/s]
 70%|███████   | 4083/5794 [01:01<00:26, 63.98it/s]
 71%|███████   | 4090/5794 [01:01<00:26, 63.74it/s]
 71%|███████   | 4097/5794 [01:01<00:26, 64.22it/s]
 71%|███████   | 4105/5794 [01:01<00:25, 66.62it/s]
 71%|███████   | 4113/5794 [01:02<00:24, 68.73it/s]
 71%|███████   | 4121/5794 [01:02<00:23, 69.75it/s]
 71%|███████▏  | 4129/5794 [01:02<00:23, 70.61it/s]
 71%|███████▏  | 4137/5794 [01:02<00:23, 70.88it/s]
 72%|███████▏  | 4145/5794 [01:02<00:23, 71.39it/s]
 72%|███████▏  | 4153/5794 [01:02<00:22, 71.78it/s]
 72%|███████▏  | 4161/5794 [01:02<00:22, 72.37it/s]
 72%|███████▏  | 4169/5794 [01:02<00:22, 72.42it/s]
 72%|███████▏  | 4177/5794 [01:02<00:22, 71.88it/s]
 72%|███████▏  | 4185/5794 [01:03<00:23, 69.69it/s]
 72%|███████▏  | 4192/5794 [01:03<00:23, 68.16it/s]
 72%|███████▏  | 4199/5794 [01:03<00:23, 67.24it/s]
 73%|███████▎  | 4206/5794 [01:03<00:23, 66.29it/s]
 73%|███████▎  | 4213/5794 [01:03<00:23, 65.95it/s]
 73%|███████▎  | 4220/5794 [01:03<00:24, 65.41it/s]
 73%|███████▎  | 4227/5794 [01:03<00:23, 65.30it/s]
 73%|███████▎  | 4234/5794 [01:03<00:23, 65.13it/s]
 73%|███████▎  | 4241/5794 [01:03<00:23, 64.90it/s]
 73%|███████▎  | 4248/5794 [01:04<00:23, 64.80it/s]
 73%|███████▎  | 4255/5794 [01:04<00:23, 64.65it/s]
 74%|███████▎  | 4262/5794 [01:04<00:23, 64.67it/s]
 74%|███████▎  | 4269/5794 [01:04<00:23, 64.62it/s]
 74%|███████▍  | 4276/5794 [01:04<00:23, 64.31it/s]
 74%|███████▍  | 4283/5794 [01:04<00:23, 64.39it/s]
 74%|███████▍  | 4290/5794 [01:04<00:23, 63.98it/s]
 74%|███████▍  | 4297/5794 [01:04<00:23, 64.41it/s]
 74%|███████▍  | 4305/5794 [01:04<00:22, 67.03it/s]
 74%|███████▍  | 4313/5794 [01:05<00:21, 68.98it/s]
 75%|███████▍  | 4321/5794 [01:05<00:21, 69.93it/s]
 75%|███████▍  | 4328/5794 [01:05<00:21, 68.06it/s]
 75%|███████▍  | 4335/5794 [01:05<00:21, 67.68it/s]
 75%|███████▍  | 4342/5794 [01:05<00:21, 66.57it/s]
 75%|███████▌  | 4349/5794 [01:05<00:21, 66.11it/s]
 75%|███████▌  | 4356/5794 [01:05<00:22, 65.28it/s]
 75%|███████▌  | 4363/5794 [01:05<00:22, 64.96it/s]
 75%|███████▌  | 4370/5794 [01:05<00:22, 64.71it/s]
 76%|███████▌  | 4377/5794 [01:05<00:21, 64.44it/s]
 76%|███████▌  | 4384/5794 [01:06<00:21, 64.42it/s]
 76%|███████▌  | 4391/5794 [01:06<00:21, 64.29it/s]
 76%|███████▌  | 4398/5794 [01:06<00:21, 64.35it/s]
 76%|███████▌  | 4405/5794 [01:06<00:21, 64.41it/s]
 76%|███████▌  | 4412/5794 [01:06<00:21, 64.29it/s]
 76%|███████▋  | 4419/5794 [01:06<00:21, 64.42it/s]
 76%|███████▋  | 4426/5794 [01:06<00:21, 64.31it/s]
 77%|███████▋  | 4434/5794 [01:06<00:20, 66.17it/s]
 77%|███████▋  | 4442/5794 [01:06<00:19, 67.83it/s]
 77%|███████▋  | 4450/5794 [01:07<00:19, 68.94it/s]
 77%|███████▋  | 4457/5794 [01:07<00:19, 67.98it/s]
 77%|███████▋  | 4464/5794 [01:07<00:20, 66.29it/s]
 77%|███████▋  | 4471/5794 [01:07<00:20, 65.62it/s]
 77%|███████▋  | 4478/5794 [01:07<00:20, 64.88it/s]
 77%|███████▋  | 4485/5794 [01:07<00:20, 64.73it/s]
 78%|███████▊  | 4492/5794 [01:07<00:20, 64.04it/s]
 78%|███████▊  | 4499/5794 [01:07<00:20, 63.93it/s]
 78%|███████▊  | 4506/5794 [01:07<00:20, 63.94it/s]
 78%|███████▊  | 4513/5794 [01:08<00:20, 63.83it/s]
 78%|███████▊  | 4520/5794 [01:08<00:19, 63.93it/s]
 78%|███████▊  | 4527/5794 [01:08<00:19, 63.86it/s]
 78%|███████▊  | 4534/5794 [01:08<00:19, 64.06it/s]
 78%|███████▊  | 4541/5794 [01:08<00:19, 64.21it/s]
 78%|███████▊  | 4548/5794 [01:08<00:19, 64.17it/s]
 79%|███████▊  | 4555/5794 [01:08<00:19, 64.15it/s]
 79%|███████▊  | 4562/5794 [01:08<00:19, 63.98it/s]
 79%|███████▉  | 4569/5794 [01:08<00:19, 63.98it/s]
 79%|███████▉  | 4576/5794 [01:09<00:19, 63.79it/s]
 79%|███████▉  | 4583/5794 [01:09<00:18, 63.92it/s]
 79%|███████▉  | 4590/5794 [01:09<00:18, 64.21it/s]
 79%|███████▉  | 4597/5794 [01:09<00:18, 63.87it/s]
 79%|███████▉  | 4604/5794 [01:09<00:18, 64.10it/s]
 80%|███████▉  | 4611/5794 [01:09<00:18, 63.89it/s]
 80%|███████▉  | 4618/5794 [01:09<00:18, 64.06it/s]
 80%|███████▉  | 4625/5794 [01:09<00:18, 64.09it/s]
 80%|███████▉  | 4632/5794 [01:09<00:18, 64.16it/s]
 80%|████████  | 4639/5794 [01:10<00:17, 64.18it/s]
 80%|████████  | 4646/5794 [01:10<00:17, 63.97it/s]
 80%|████████  | 4653/5794 [01:10<00:17, 64.23it/s]
 80%|████████  | 4660/5794 [01:10<00:17, 64.24it/s]
 81%|████████  | 4667/5794 [01:10<00:17, 64.27it/s]
 81%|████████  | 4674/5794 [01:10<00:17, 64.31it/s]
 81%|████████  | 4681/5794 [01:10<00:17, 64.24it/s]
 81%|████████  | 4688/5794 [01:10<00:17, 64.05it/s]
 81%|████████  | 4695/5794 [01:10<00:17, 64.24it/s]
 81%|████████  | 4702/5794 [01:11<00:17, 64.21it/s]
 81%|████████▏ | 4709/5794 [01:11<00:16, 64.40it/s]
 81%|████████▏ | 4716/5794 [01:11<00:16, 64.36it/s]
 82%|████████▏ | 4723/5794 [01:11<00:16, 64.52it/s]
 82%|████████▏ | 4730/5794 [01:11<00:16, 64.27it/s]
 82%|████████▏ | 4737/5794 [01:11<00:16, 64.45it/s]
 82%|████████▏ | 4744/5794 [01:11<00:16, 64.41it/s]
 82%|████████▏ | 4751/5794 [01:11<00:16, 64.27it/s]
 82%|████████▏ | 4758/5794 [01:11<00:16, 64.31it/s]
 82%|████████▏ | 4765/5794 [01:11<00:16, 64.20it/s]
 82%|████████▏ | 4772/5794 [01:12<00:15, 64.19it/s]
 82%|████████▏ | 4779/5794 [01:12<00:15, 63.86it/s]
 83%|████████▎ | 4786/5794 [01:12<00:15, 63.58it/s]
 83%|████████▎ | 4793/5794 [01:12<00:15, 63.65it/s]
 83%|████████▎ | 4800/5794 [01:12<00:15, 63.65it/s]
 83%|████████▎ | 4807/5794 [01:12<00:15, 63.96it/s]
 83%|████████▎ | 4814/5794 [01:12<00:15, 64.06it/s]
 83%|████████▎ | 4821/5794 [01:12<00:15, 63.91it/s]
 83%|████████▎ | 4828/5794 [01:12<00:15, 63.92it/s]
 83%|████████▎ | 4835/5794 [01:13<00:14, 63.93it/s]
 84%|████████▎ | 4842/5794 [01:13<00:14, 65.21it/s]
 84%|████████▎ | 4850/5794 [01:13<00:13, 67.46it/s]
 84%|████████▍ | 4858/5794 [01:13<00:13, 69.29it/s]
 84%|████████▍ | 4866/5794 [01:13<00:13, 70.44it/s]
 84%|████████▍ | 4874/5794 [01:13<00:12, 71.41it/s]
 84%|████████▍ | 4882/5794 [01:13<00:12, 71.85it/s]
 84%|████████▍ | 4890/5794 [01:13<00:12, 72.31it/s]
 85%|████████▍ | 4898/5794 [01:13<00:12, 72.64it/s]
 85%|████████▍ | 4906/5794 [01:14<00:12, 72.87it/s]
 85%|████████▍ | 4914/5794 [01:14<00:12, 72.88it/s]
 85%|████████▍ | 4922/5794 [01:14<00:11, 73.08it/s]
 85%|████████▌ | 4930/5794 [01:14<00:11, 73.18it/s]
 85%|████████▌ | 4938/5794 [01:14<00:11, 73.18it/s]
 85%|████████▌ | 4946/5794 [01:14<00:11, 73.19it/s]
 86%|████████▌ | 4954/5794 [01:14<00:11, 73.16it/s]
 86%|████████▌ | 4962/5794 [01:14<00:11, 73.37it/s]
 86%|████████▌ | 4970/5794 [01:14<00:11, 73.30it/s]
 86%|████████▌ | 4978/5794 [01:15<00:11, 73.27it/s]
 86%|████████▌ | 4986/5794 [01:15<00:11, 73.17it/s]
 86%|████████▌ | 4994/5794 [01:15<00:11, 69.55it/s]
 86%|████████▋ | 5001/5794 [01:15<00:11, 67.92it/s]
 86%|████████▋ | 5008/5794 [01:15<00:11, 66.74it/s]
 87%|████████▋ | 5015/5794 [01:15<00:11, 66.02it/s]
 87%|████████▋ | 5022/5794 [01:15<00:11, 65.28it/s]
 87%|████████▋ | 5029/5794 [01:15<00:11, 64.86it/s]
 87%|████████▋ | 5036/5794 [01:15<00:11, 64.43it/s]
 87%|████████▋ | 5043/5794 [01:16<00:11, 64.39it/s]
 87%|████████▋ | 5050/5794 [01:16<00:11, 65.65it/s]
 87%|████████▋ | 5057/5794 [01:16<00:11, 65.98it/s]
 87%|████████▋ | 5064/5794 [01:16<00:11, 65.47it/s]
 88%|████████▊ | 5071/5794 [01:16<00:11, 64.91it/s]
 88%|████████▊ | 5078/5794 [01:16<00:11, 64.76it/s]
 88%|████████▊ | 5085/5794 [01:16<00:10, 64.56it/s]
 88%|████████▊ | 5092/5794 [01:16<00:10, 64.18it/s]
 88%|████████▊ | 5099/5794 [01:16<00:10, 63.83it/s]
 88%|████████▊ | 5106/5794 [01:17<00:10, 65.41it/s]
 88%|████████▊ | 5114/5794 [01:17<00:10, 67.83it/s]
 88%|████████▊ | 5122/5794 [01:17<00:09, 68.95it/s]
 89%|████████▊ | 5130/5794 [01:17<00:09, 70.11it/s]
 89%|████████▊ | 5138/5794 [01:17<00:09, 70.60it/s]
 89%|████████▉ | 5146/5794 [01:17<00:09, 71.40it/s]
 89%|████████▉ | 5154/5794 [01:17<00:08, 71.89it/s]
 89%|████████▉ | 5162/5794 [01:17<00:08, 71.47it/s]
 89%|████████▉ | 5170/5794 [01:17<00:09, 69.17it/s]
 89%|████████▉ | 5177/5794 [01:18<00:09, 67.45it/s]
 89%|████████▉ | 5184/5794 [01:18<00:09, 66.66it/s]
 90%|████████▉ | 5191/5794 [01:18<00:09, 65.79it/s]
 90%|████████▉ | 5198/5794 [01:18<00:09, 65.31it/s]
 90%|████████▉ | 5205/5794 [01:18<00:09, 64.92it/s]
 90%|████████▉ | 5212/5794 [01:18<00:09, 64.63it/s]
 90%|█████████ | 5219/5794 [01:18<00:08, 64.56it/s]
 90%|█████████ | 5226/5794 [01:18<00:08, 64.35it/s]
 90%|█████████ | 5233/5794 [01:18<00:08, 64.16it/s]
 90%|█████████ | 5240/5794 [01:19<00:08, 63.69it/s]
 91%|█████████ | 5247/5794 [01:19<00:08, 64.41it/s]
 91%|█████████ | 5255/5794 [01:19<00:08, 67.05it/s]
 91%|█████████ | 5263/5794 [01:19<00:07, 68.52it/s]
 91%|█████████ | 5271/5794 [01:19<00:07, 70.07it/s]
 91%|█████████ | 5279/5794 [01:19<00:07, 70.80it/s]
 91%|█████████ | 5287/5794 [01:19<00:07, 71.59it/s]
 91%|█████████▏| 5295/5794 [01:19<00:06, 71.72it/s]
 92%|█████████▏| 5303/5794 [01:19<00:06, 72.32it/s]
 92%|█████████▏| 5311/5794 [01:20<00:06, 72.30it/s]
 92%|█████████▏| 5319/5794 [01:20<00:06, 72.83it/s]
 92%|█████████▏| 5327/5794 [01:20<00:06, 72.65it/s]
 92%|█████████▏| 5335/5794 [01:20<00:06, 72.93it/s]
 92%|█████████▏| 5343/5794 [01:20<00:06, 72.89it/s]
 92%|█████████▏| 5351/5794 [01:20<00:06, 73.07it/s]
 92%|█████████▏| 5359/5794 [01:20<00:05, 73.06it/s]
 93%|█████████▎| 5367/5794 [01:20<00:05, 73.12it/s]
 93%|█████████▎| 5375/5794 [01:20<00:05, 72.66it/s]
 93%|█████████▎| 5383/5794 [01:20<00:05, 72.28it/s]
 93%|█████████▎| 5391/5794 [01:21<00:05, 72.14it/s]
 93%|█████████▎| 5399/5794 [01:21<00:05, 72.09it/s]
 93%|█████████▎| 5407/5794 [01:21<00:05, 72.14it/s]
 93%|█████████▎| 5415/5794 [01:21<00:05, 72.00it/s]
 94%|█████████▎| 5423/5794 [01:21<00:05, 72.08it/s]
 94%|█████████▎| 5431/5794 [01:21<00:05, 72.00it/s]
 94%|█████████▍| 5439/5794 [01:21<00:04, 72.07it/s]
 94%|█████████▍| 5447/5794 [01:21<00:04, 71.90it/s]
 94%|█████████▍| 5455/5794 [01:21<00:04, 72.02it/s]
 94%|█████████▍| 5463/5794 [01:22<00:04, 70.29it/s]
 94%|█████████▍| 5471/5794 [01:22<00:04, 68.20it/s]
 95%|█████████▍| 5478/5794 [01:22<00:04, 66.18it/s]
 95%|█████████▍| 5485/5794 [01:22<00:04, 65.39it/s]
 95%|█████████▍| 5492/5794 [01:22<00:04, 65.04it/s]
 95%|█████████▍| 5499/5794 [01:22<00:04, 64.59it/s]
 95%|█████████▌| 5506/5794 [01:22<00:04, 64.48it/s]
 95%|█████████▌| 5513/5794 [01:22<00:04, 64.10it/s]
 95%|█████████▌| 5520/5794 [01:23<00:04, 64.02it/s]
 95%|█████████▌| 5527/5794 [01:23<00:04, 64.03it/s]
 96%|█████████▌| 5534/5794 [01:23<00:04, 63.94it/s]
 96%|█████████▌| 5541/5794 [01:23<00:03, 63.90it/s]
 96%|█████████▌| 5548/5794 [01:23<00:03, 63.88it/s]
 96%|█████████▌| 5555/5794 [01:23<00:03, 63.39it/s]
 96%|█████████▌| 5562/5794 [01:23<00:03, 63.58it/s]
 96%|█████████▌| 5569/5794 [01:23<00:03, 63.46it/s]
 96%|█████████▌| 5576/5794 [01:23<00:03, 63.71it/s]
 96%|█████████▋| 5583/5794 [01:24<00:03, 63.80it/s]
 96%|█████████▋| 5590/5794 [01:24<00:03, 63.90it/s]
 97%|█████████▋| 5597/5794 [01:24<00:03, 63.65it/s]
 97%|█████████▋| 5604/5794 [01:24<00:02, 63.83it/s]
 97%|█████████▋| 5611/5794 [01:24<00:02, 63.91it/s]
 97%|█████████▋| 5618/5794 [01:24<00:02, 65.03it/s]
 97%|█████████▋| 5625/5794 [01:24<00:02, 64.60it/s]
 97%|█████████▋| 5632/5794 [01:24<00:02, 64.35it/s]
 97%|█████████▋| 5639/5794 [01:24<00:02, 64.30it/s]
 97%|█████████▋| 5646/5794 [01:24<00:02, 64.13it/s]
 98%|█████████▊| 5653/5794 [01:25<00:02, 64.01it/s]
 98%|█████████▊| 5660/5794 [01:25<00:02, 64.10it/s]
 98%|█████████▊| 5667/5794 [01:25<00:01, 64.02it/s]
 98%|█████████▊| 5674/5794 [01:25<00:01, 64.10it/s]
 98%|█████████▊| 5681/5794 [01:25<00:01, 64.11it/s]
 98%|█████████▊| 5688/5794 [01:25<00:01, 64.06it/s]
 98%|█████████▊| 5695/5794 [01:25<00:01, 64.13it/s]
 98%|█████████▊| 5702/5794 [01:25<00:01, 63.85it/s]
 99%|█████████▊| 5709/5794 [01:25<00:01, 64.00it/s]
 99%|█████████▊| 5716/5794 [01:26<00:01, 63.19it/s]
 99%|█████████▉| 5723/5794 [01:26<00:01, 63.56it/s]
 99%|█████████▉| 5730/5794 [01:26<00:01, 63.73it/s]
 99%|█████████▉| 5737/5794 [01:26<00:00, 63.78it/s]
 99%|█████████▉| 5744/5794 [01:26<00:00, 63.96it/s]
 99%|█████████▉| 5751/5794 [01:26<00:00, 63.84it/s]
 99%|█████████▉| 5758/5794 [01:26<00:00, 64.00it/s]
 99%|█████████▉| 5765/5794 [01:26<00:00, 64.01it/s]
100%|█████████▉| 5772/5794 [01:26<00:00, 63.98it/s]
100%|█████████▉| 5779/5794 [01:27<00:00, 64.02it/s]
100%|█████████▉| 5786/5794 [01:27<00:00, 63.80it/s]
100%|█████████▉| 5793/5794 [01:27<00:00, 64.29it/s]
100%|██████████| 5794/5794 [01:27<00:00, 66.33it/s]
BALANCED ACCS CHECKED FOR TEST
TEST SET RESULTS FOR CHECKPOINT trained_weights/waterbirds/gradcam_waterbird_complete95_forest2water2_21048936_trial_000/best_balanced_valacc_0.56_epoch_0.ckpt
test_acc: 0.7726958923023818
balanced_test_acc: 0.584082620138011
Land_on_Land_test_acc: 0.998669623059867
Land_on_Water_test_acc: 0.8470066518847007
Water_on_Land_test_acc: 0.010903426791277258
Water_on_Water_test_acc: 0.4797507788161994
test_acc_Waterbird: 0.24532710280373832
test_acc_Landbird: 0.9228381374722838
