[SWEEP] run_name_prefix=gals_waterbird_complete95_forest2water2_21048936
[SWEEP] Trial 0 done. best_balanced_val_acc=0.5455459388019889
[SWEEP] Best trial:
  trial: 0
  name: gals_waterbird_complete95_forest2water2_21048936_trial_000
  method: gals
  seed: 0
  base_lr: 0.0010000000000000002
  classifier_lr: 9.999999999999991e-05
  grad_weight: 10.000000000000002
  cam_weight: None
  abn_cls_weight: None
  abn_att_weight: None
  weight_decay: 9.999999999999997e-06
  best_balanced_val_acc: 0.5455459388019889
  test_acc: 72.83396617190196
  balanced_test_acc: 56.64535715025799
  per_group: 56.64535715025799
  worst_group: 1.0903426791277258
  checkpoint: trained_weights/waterbirds/gals_waterbird_complete95_forest2water2_21048936_trial_000/best_balanced_valacc_0.55_epoch_0.ckpt
  log_path: /home/ryreu/guided_cnn/logsWaterbird/smoke_debug_21048936/gals95_ourmasks_logs/gals_waterbird_complete95_forest2water2_21048936_trial_000.log
  seconds: 148
  sampler: random
  run_dir: trained_weights/waterbirds/gals_waterbird_complete95_forest2water2_21048936_trial_000
[TIME] sweep: median min/trial=2.47 | total tuning GPU-hours=0.04
[TIME] sweep: median min/epoch=0.0123 (epochs/trial=200)
