/home/ryreu/miniconda3/envs/gals_a100/lib/python3.8/site-packages/torchvision/models/_utils.py:208: UserWarning: The parameter 'pretrained' is deprecated since 0.13 and will be removed in 0.15, please use 'weights' instead.
  warnings.warn(
/home/ryreu/miniconda3/envs/gals_a100/lib/python3.8/site-packages/torchvision/models/_utils.py:223: UserWarning: Arguments other than a weight enum or `None` for 'weights' are deprecated since 0.13 and will be removed in 0.15. The current behavior is equivalent to passing `weights=ResNet50_Weights.IMAGENET1K_V1`. You can also use `weights=ResNet50_Weights.DEFAULT` to get the most up-to-date weights.
  warnings.warn(msg)

=== RUN: model=resnet50 epochs=1 lr=0.0010000000000000002 momentum=0.9 wd=9.999999999999997e-06 nesterov=False seed=0 ===
Epoch 1/1
train Loss: 0.2476 Acc: 0.9107 Balanced Acc: 0.8225
val Loss: 0.8759 Acc: 0.6255 Balanced Acc: 0.6008
Training complete in 0m 12s

[VAL] Best Balanced Acc: 0.6008 at epoch 0

[TEST] Loss: 0.8822  Acc: 61.48%
[TEST] Land_on_Land: 99.16%
[TEST] Land_on_Water: 28.43%
[TEST] Water_on_Land: 14.33%
[TEST] Water_on_Water: 92.37%
[TEST] Per Group: 58.57%  Worst Group: 14.33%
[RUN DONE] Checkpoint saving disabled via SAVE_CHECKPOINTS=0
[RUN DONE] best_balanced_val_acc=0.6008 | test_acc=61.48% | saved: NONE
[SWEEP] Trial 0 done. best_balanced_val_acc=0.6008
[SWEEP] Best trial:
  trial: 0
  lr: 0.0010000000000000002
  weight_decay: 9.999999999999997e-06
  momentum: 0.9
  nesterov: False
  best_balanced_val_acc: 0.6007562883755231
  test_acc: 61.47739040386607
  per_group: 58.57024196835001
  worst_group: 14.330218068535824
  checkpoint: NONE
  sampler: random
  seconds: 22
[POST] Running best hyperparameters on 0 seeds...
[TIME] sweep: median min/trial=0.3667 | total tuning GPU-hours=0.0061
[TIME] sweep: median min/epoch=0.3667 (epochs/trial=1)
