[CMD] /home/ryreu/miniconda3/envs/gals_a100/bin/python -u main.py --config configs/waterbirds_100_gals_vit.yaml --name gals_waterbird_1.0_forest2water2_21047520_trial_000 DATA.ROOT=/home/ryreu/guided_cnn/waterbirds DATA.WATERBIRDS_DIR=waterbird_1.0_forest2water2 SEED=0 EXP.BASE.LR=0.0010000000000000002 EXP.CLASSIFIER.LR=9.999999999999991e-05 EXP.WEIGHT_DECAY=9.999999999999997e-06 EXP.AUX_LOSSES_ON_VAL=False EXP.LOSSES.GRADIENT_OUTSIDE.WEIGHT=10.000000000000002 EXP.NUM_EPOCHS=1
SEED: 0
DATA:
  BATCH_SIZE: 96
  NUM_WORKERS: 4
  SIZE: 224
  NORMALIZATION: imagenet
  ATTENTION_DIR: clip_vit_attention
  SEPARATE_CLASSES: false
  REMOVE_BACKGROUND: false
  ROOT: /home/ryreu/guided_cnn/waterbirds
  USE_CLASS_WEIGHTS: false
  USE_GROUP_WEIGHTS: false
  DATASET: waterbirds
  NUM_CLASSES: 2
  CONFOUNDING_FACTOR: 1.0
  WATERBIRDS_DIR: waterbird_1.0_forest2water2
EXP:
  NUM_TRIALS: 1
  LOSSES:
    CLASSIFICATION:
      WEIGHT: 1
    GRADIENT_OUTSIDE:
      COMPUTE: true
      LOG: false
      WEIGHT: 10.000000000000002
      CRITERION: L1
      GT: clip_vit
      COMBINE_ATT_MODE: average_nonzero
    GRADIENT_INSIDE:
      COMPUTE: false
      LOG: false
      WEIGHT: 1
      CRITERION: L1
      GT: segmentation
      COMBINE_ATT_MODE: average_nonzero
    GRADCAM:
      COMPUTE: false
      LOG: false
      WEIGHT: 1
      CRITERION: L1
      GT: segmentation
      MODE: match
      COMBINE_ATT_MODE: average_nonzero
  APPROACH: generic
  MODEL: resnet50
  PRETRAINED: true
  NUM_EPOCHS: 1
  OPTIMIZER: SGD
  WEIGHT_DECAY: 9.999999999999997e-06
  MOMENTUM: 0.9
  SCHEDULER: NONE
  BASE:
    LR: 0.0010000000000000002
  CLASSIFIER:
    LR: 9.999999999999991e-05
  AUX_LOSSES_ON_VAL: false
LOGGING:
  SAVE_EVERY: 0
  SAVE_BEST: true
  SAVE_LAST: false
  LOG_ATTENTION: false
  LOG_ATTENTION_STEP: 10
  SAVE_STATS_PATH: null
yaml: configs/waterbirds_100_gals_vit.yaml
name: gals_waterbird_1.0_forest2water2_21047520_trial_000
test_checkpoint: null

WATERBIRDS DIR: /home/ryreu/guided_cnn/waterbirds/waterbird_1.0_forest2water2
NUMBER OF SAMPLES WITH LABEL Landbird: 3684
NUMBER OF SAMPLES WITH LABEL Waterbird: 1111
NUMBER OF SAMPLES WITH GROUP Land_on_Land: 3684
NUMBER OF SAMPLES WITH GROUP Land_on_Water: 0
NUMBER OF SAMPLES WITH GROUP Water_on_Land: 0
NUMBER OF SAMPLES WITH GROUP Water_on_Water: 1111
WATERBIRDS DIR: /home/ryreu/guided_cnn/waterbirds/waterbird_1.0_forest2water2
NUMBER OF SAMPLES WITH LABEL Landbird: 931
NUMBER OF SAMPLES WITH LABEL Waterbird: 268
NUMBER OF SAMPLES WITH GROUP Land_on_Land: 465
NUMBER OF SAMPLES WITH GROUP Land_on_Water: 466
NUMBER OF SAMPLES WITH GROUP Water_on_Land: 134
NUMBER OF SAMPLES WITH GROUP Water_on_Water: 134
NUM TRAIN: 4795

NUM VAL:   1199

Number classifier outputs: 1
Using pretrained model: True
USING SGD OPTIMIZER
class weights: None
group weights: None
WANDB DISABLED: skipping wandb.init()
EPOCH: 0

>>> TRAINING 


  0%|          | 0/50 [00:00<?, ?it/s]
  2%|▏         | 1/50 [00:04<03:36,  4.42s/it]
  4%|▍         | 2/50 [00:05<01:58,  2.47s/it]
  6%|▌         | 3/50 [00:06<01:26,  1.85s/it]
  8%|▊         | 4/50 [00:07<01:11,  1.55s/it]
 10%|█         | 5/50 [00:08<01:02,  1.39s/it]
 12%|█▏        | 6/50 [00:09<00:56,  1.29s/it]
 14%|█▍        | 7/50 [00:11<00:52,  1.23s/it]
 16%|█▌        | 8/50 [00:12<00:49,  1.19s/it]
 18%|█▊        | 9/50 [00:13<00:47,  1.16s/it]
 20%|██        | 10/50 [00:14<00:45,  1.14s/it]
 22%|██▏       | 11/50 [00:15<00:43,  1.13s/it]
 24%|██▍       | 12/50 [00:16<00:42,  1.11s/it]
 26%|██▌       | 13/50 [00:17<00:40,  1.10s/it]
 28%|██▊       | 14/50 [00:18<00:39,  1.10s/it]
 30%|███       | 15/50 [00:19<00:38,  1.10s/it]
 32%|███▏      | 16/50 [00:20<00:37,  1.10s/it]
 34%|███▍      | 17/50 [00:21<00:36,  1.09s/it]
 36%|███▌      | 18/50 [00:23<00:35,  1.09s/it]
 38%|███▊      | 19/50 [00:24<00:33,  1.10s/it]
 40%|████      | 20/50 [00:25<00:32,  1.10s/it]
 42%|████▏     | 21/50 [00:26<00:31,  1.10s/it]
 44%|████▍     | 22/50 [00:27<00:30,  1.10s/it]
 46%|████▌     | 23/50 [00:28<00:29,  1.10s/it]
 48%|████▊     | 24/50 [00:29<00:28,  1.10s/it]
 50%|█████     | 25/50 [00:30<00:27,  1.10s/it]
 52%|█████▏    | 26/50 [00:31<00:26,  1.09s/it]
 54%|█████▍    | 27/50 [00:32<00:25,  1.10s/it]
 56%|█████▌    | 28/50 [00:34<00:24,  1.10s/it]
 58%|█████▊    | 29/50 [00:35<00:23,  1.10s/it]
 60%|██████    | 30/50 [00:36<00:21,  1.10s/it]
 62%|██████▏   | 31/50 [00:37<00:20,  1.10s/it]
 64%|██████▍   | 32/50 [00:38<00:19,  1.10s/it]
 66%|██████▌   | 33/50 [00:39<00:18,  1.10s/it]
 68%|██████▊   | 34/50 [00:40<00:17,  1.10s/it]
 70%|███████   | 35/50 [00:41<00:16,  1.10s/it]
 72%|███████▏  | 36/50 [00:42<00:15,  1.10s/it]
 74%|███████▍  | 37/50 [00:43<00:14,  1.10s/it]
 76%|███████▌  | 38/50 [00:45<00:13,  1.10s/it]
 78%|███████▊  | 39/50 [00:46<00:12,  1.10s/it]
 80%|████████  | 40/50 [00:47<00:11,  1.10s/it]
 82%|████████▏ | 41/50 [00:48<00:09,  1.10s/it]
 84%|████████▍ | 42/50 [00:49<00:08,  1.10s/it]
 86%|████████▌ | 43/50 [00:50<00:07,  1.10s/it]
 88%|████████▊ | 44/50 [00:51<00:06,  1.10s/it]
 90%|█████████ | 45/50 [00:52<00:05,  1.10s/it]
 92%|█████████▏| 46/50 [00:53<00:04,  1.10s/it]
 94%|█████████▍| 47/50 [00:54<00:03,  1.10s/it]
 96%|█████████▌| 48/50 [00:56<00:02,  1.10s/it]
 98%|█████████▊| 49/50 [00:57<00:01,  1.10s/it]
100%|██████████| 50/50 [00:58<00:00,  1.09s/it]
100%|██████████| 50/50 [00:58<00:00,  1.17s/it]
>>> VALIDATING 


  0%|          | 0/13 [00:00<?, ?it/s]
  8%|▊         | 1/13 [00:01<00:12,  1.02s/it]
 23%|██▎       | 3/13 [00:01<00:03,  3.15it/s]
 38%|███▊      | 5/13 [00:01<00:02,  3.25it/s]
 54%|█████▍    | 7/13 [00:01<00:01,  4.78it/s]
 69%|██████▉   | 9/13 [00:02<00:00,  4.06it/s]
 85%|████████▍ | 11/13 [00:02<00:00,  5.37it/s]
100%|██████████| 13/13 [00:02<00:00,  6.49it/s]
100%|██████████| 13/13 [00:02<00:00,  4.41it/s]
>>> LOGGING 

BALANCED ACCS CHECKED FOR TRAIN
BALANCED ACCS CHECKED FOR VAL
train_acc: 0.7293013555787279
val_acc: 0.6839032527105922
train_cls_loss: 0.47431737886852465
val_cls_loss: 0.566548323362842
train_total_loss: 0.47434192414514964
val_total_loss: 0.566548323362842
balanced_train_acc: 0.6122934361840093
balanced_val_acc: 0.5705909229363387
Land_on_Land_train_acc: 0.8303474484256244
Land_on_Land_val_acc: 0.9956989247311828
Land_on_Water_train_acc: 0
Land_on_Water_val_acc: 0.555793991416309
Water_on_Land_train_acc: 0
Water_on_Land_val_acc: 0.03731343283582089
Water_on_Water_train_acc: 0.39423942394239425
Water_on_Water_val_acc: 0.6940298507462687
train_dydx_outside_clip_vit_loss: 2.454231434474212e-05
train_acc_Landbird: 0.8303474484256244
train_acc_Waterbird: 0.39423942394239425
val_acc_Landbird: 0.7755102040816326
val_acc_Waterbird: 0.3656716417910448
TRAIN ACC:        0.7293013555787279
VAL ACC:          0.6839032527105922
BALANCED VAL ACC: 0.5705909229363387
prev best list: []
Saving to trained_weights/waterbirds/gals_waterbird_1.0_forest2water2_21047520_trial_000/best_balanced_valacc_0.57_epoch_0.ckpt
>>> EVALUATING ON TEST SET
WATERBIRDS DIR: /home/ryreu/guided_cnn/waterbirds/waterbird_1.0_forest2water2
NUMBER OF SAMPLES WITH LABEL Landbird: 4510
NUMBER OF SAMPLES WITH LABEL Waterbird: 1284
NUMBER OF SAMPLES WITH GROUP Land_on_Land: 2255
NUMBER OF SAMPLES WITH GROUP Land_on_Water: 2255
NUMBER OF SAMPLES WITH GROUP Water_on_Land: 642
NUMBER OF SAMPLES WITH GROUP Water_on_Water: 642
NUM TEST:   5794

Loaded checkpoint trained_weights/waterbirds/gals_waterbird_1.0_forest2water2_21047520_trial_000/best_balanced_valacc_0.57_epoch_0.ckpt

  0%|          | 0/5794 [00:00<?, ?it/s]
  0%|          | 1/5794 [00:00<24:06,  4.00it/s]
  0%|          | 8/5794 [00:00<03:28, 27.78it/s]
  0%|          | 16/5794 [00:00<02:12, 43.52it/s]
  0%|          | 24/5794 [00:00<01:48, 53.03it/s]
  1%|          | 32/5794 [00:00<01:37, 59.13it/s]
  1%|          | 40/5794 [00:00<01:31, 63.09it/s]
  1%|          | 48/5794 [00:00<01:27, 65.63it/s]
  1%|          | 56/5794 [00:01<01:24, 67.52it/s]
  1%|          | 64/5794 [00:01<01:23, 68.58it/s]
  1%|          | 72/5794 [00:01<01:22, 69.62it/s]
  1%|▏         | 80/5794 [00:01<01:21, 69.74it/s]
  2%|▏         | 88/5794 [00:01<01:22, 69.54it/s]
  2%|▏         | 96/5794 [00:01<01:21, 69.94it/s]
  2%|▏         | 104/5794 [00:01<01:21, 70.21it/s]
  2%|▏         | 112/5794 [00:01<01:21, 70.00it/s]
  2%|▏         | 120/5794 [00:01<01:21, 69.36it/s]
  2%|▏         | 127/5794 [00:02<01:24, 67.28it/s]
  2%|▏         | 134/5794 [00:02<01:25, 66.10it/s]
  2%|▏         | 141/5794 [00:02<01:26, 65.18it/s]
  3%|▎         | 148/5794 [00:02<01:27, 64.56it/s]
  3%|▎         | 155/5794 [00:02<01:28, 63.88it/s]
  3%|▎         | 162/5794 [00:02<01:28, 63.35it/s]
  3%|▎         | 169/5794 [00:02<01:29, 62.99it/s]
  3%|▎         | 176/5794 [00:02<01:29, 62.89it/s]
  3%|▎         | 183/5794 [00:02<01:29, 62.94it/s]
  3%|▎         | 190/5794 [00:03<01:29, 62.32it/s]
  3%|▎         | 197/5794 [00:03<01:27, 64.19it/s]
  4%|▎         | 204/5794 [00:03<01:25, 65.75it/s]
  4%|▎         | 211/5794 [00:03<01:23, 66.71it/s]
  4%|▍         | 219/5794 [00:03<01:22, 67.76it/s]
  4%|▍         | 226/5794 [00:03<01:21, 68.08it/s]
  4%|▍         | 233/5794 [00:03<01:21, 68.60it/s]
  4%|▍         | 241/5794 [00:03<01:20, 69.20it/s]
  4%|▍         | 249/5794 [00:03<01:19, 69.57it/s]
  4%|▍         | 256/5794 [00:04<01:19, 69.64it/s]
  5%|▍         | 264/5794 [00:04<01:19, 69.88it/s]
  5%|▍         | 271/5794 [00:04<01:19, 69.73it/s]
  5%|▍         | 278/5794 [00:04<01:21, 68.09it/s]
  5%|▍         | 285/5794 [00:04<01:22, 66.70it/s]
  5%|▌         | 292/5794 [00:04<01:23, 65.56it/s]
  5%|▌         | 299/5794 [00:04<01:25, 64.64it/s]
  5%|▌         | 306/5794 [00:04<01:26, 63.79it/s]
  5%|▌         | 313/5794 [00:04<01:26, 63.31it/s]
  6%|▌         | 320/5794 [00:04<01:26, 63.32it/s]
  6%|▌         | 327/5794 [00:05<01:27, 62.71it/s]
  6%|▌         | 334/5794 [00:05<01:26, 62.97it/s]
  6%|▌         | 341/5794 [00:05<01:24, 64.66it/s]
  6%|▌         | 348/5794 [00:05<01:23, 65.49it/s]
  6%|▌         | 356/5794 [00:05<01:21, 67.03it/s]
  6%|▋         | 364/5794 [00:05<01:19, 68.19it/s]
  6%|▋         | 371/5794 [00:05<01:19, 68.02it/s]
  7%|▋         | 378/5794 [00:05<01:21, 66.52it/s]
  7%|▋         | 385/5794 [00:05<01:22, 65.47it/s]
  7%|▋         | 392/5794 [00:06<01:23, 64.61it/s]
  7%|▋         | 399/5794 [00:06<01:24, 64.06it/s]
  7%|▋         | 406/5794 [00:06<01:24, 63.82it/s]
  7%|▋         | 413/5794 [00:06<01:24, 63.54it/s]
  7%|▋         | 420/5794 [00:06<01:24, 63.52it/s]
  7%|▋         | 427/5794 [00:06<01:24, 63.44it/s]
  7%|▋         | 434/5794 [00:06<01:25, 63.06it/s]
  8%|▊         | 441/5794 [00:06<01:24, 63.15it/s]
  8%|▊         | 448/5794 [00:06<01:24, 62.96it/s]
  8%|▊         | 455/5794 [00:07<01:24, 63.06it/s]
  8%|▊         | 462/5794 [00:07<01:24, 62.96it/s]
  8%|▊         | 469/5794 [00:07<01:24, 63.06it/s]
  8%|▊         | 476/5794 [00:07<01:24, 63.01it/s]
  8%|▊         | 483/5794 [00:07<01:24, 62.87it/s]
  8%|▊         | 490/5794 [00:07<01:24, 62.95it/s]
  9%|▊         | 497/5794 [00:07<01:24, 62.97it/s]
  9%|▊         | 504/5794 [00:07<01:24, 62.82it/s]
  9%|▉         | 511/5794 [00:07<01:24, 62.79it/s]
  9%|▉         | 518/5794 [00:08<01:24, 62.67it/s]
  9%|▉         | 525/5794 [00:08<01:23, 62.82it/s]
  9%|▉         | 532/5794 [00:08<01:23, 62.86it/s]
  9%|▉         | 540/5794 [00:08<01:20, 65.25it/s]
  9%|▉         | 548/5794 [00:08<01:18, 66.84it/s]
 10%|▉         | 556/5794 [00:08<01:16, 68.27it/s]
 10%|▉         | 564/5794 [00:08<01:16, 68.74it/s]
 10%|▉         | 571/5794 [00:08<01:16, 68.17it/s]
 10%|▉         | 579/5794 [00:08<01:15, 68.94it/s]
 10%|█         | 587/5794 [00:09<01:14, 69.46it/s]
 10%|█         | 594/5794 [00:09<01:14, 69.42it/s]
 10%|█         | 601/5794 [00:09<01:14, 69.54it/s]
 11%|█         | 609/5794 [00:09<01:13, 70.08it/s]
 11%|█         | 617/5794 [00:09<01:13, 70.16it/s]
 11%|█         | 625/5794 [00:09<01:13, 70.47it/s]
 11%|█         | 633/5794 [00:09<01:13, 70.31it/s]
 11%|█         | 641/5794 [00:09<01:12, 70.63it/s]
 11%|█         | 649/5794 [00:09<01:12, 70.53it/s]
 11%|█▏        | 657/5794 [00:10<01:12, 70.63it/s]
 11%|█▏        | 665/5794 [00:10<01:12, 70.57it/s]
 12%|█▏        | 673/5794 [00:10<01:12, 70.64it/s]
 12%|█▏        | 681/5794 [00:10<01:12, 70.83it/s]
 12%|█▏        | 689/5794 [00:10<01:12, 70.83it/s]
 12%|█▏        | 697/5794 [00:10<01:12, 70.68it/s]
 12%|█▏        | 705/5794 [00:10<01:11, 70.70it/s]
 12%|█▏        | 713/5794 [00:10<01:11, 70.85it/s]
 12%|█▏        | 721/5794 [00:10<01:11, 70.70it/s]
 13%|█▎        | 729/5794 [00:11<01:11, 70.80it/s]
 13%|█▎        | 737/5794 [00:11<01:11, 70.73it/s]
 13%|█▎        | 745/5794 [00:11<01:11, 70.85it/s]
 13%|█▎        | 753/5794 [00:11<01:11, 70.56it/s]
 13%|█▎        | 761/5794 [00:11<01:11, 70.63it/s]
 13%|█▎        | 769/5794 [00:11<01:11, 70.51it/s]
 13%|█▎        | 777/5794 [00:11<01:11, 69.89it/s]
 14%|█▎        | 785/5794 [00:11<01:11, 70.01it/s]
 14%|█▎        | 793/5794 [00:12<01:11, 70.32it/s]
 14%|█▍        | 801/5794 [00:12<01:10, 70.52it/s]
 14%|█▍        | 809/5794 [00:12<01:10, 70.39it/s]
 14%|█▍        | 817/5794 [00:12<01:10, 70.47it/s]
 14%|█▍        | 825/5794 [00:12<01:10, 70.49it/s]
 14%|█▍        | 833/5794 [00:12<01:10, 70.56it/s]
 15%|█▍        | 841/5794 [00:12<01:10, 70.45it/s]
 15%|█▍        | 849/5794 [00:12<01:10, 70.53it/s]
 15%|█▍        | 857/5794 [00:12<01:09, 70.55it/s]
 15%|█▍        | 865/5794 [00:13<01:09, 70.47it/s]
 15%|█▌        | 873/5794 [00:13<01:09, 70.40it/s]
 15%|█▌        | 881/5794 [00:13<01:09, 70.51it/s]
 15%|█▌        | 889/5794 [00:13<01:12, 68.01it/s]
 15%|█▌        | 896/5794 [00:13<01:13, 66.65it/s]
 16%|█▌        | 903/5794 [00:13<01:14, 65.63it/s]
 16%|█▌        | 910/5794 [00:13<01:15, 64.88it/s]
 16%|█▌        | 917/5794 [00:13<01:15, 64.44it/s]
 16%|█▌        | 924/5794 [00:13<01:16, 63.97it/s]
 16%|█▌        | 931/5794 [00:14<01:16, 63.77it/s]
 16%|█▌        | 938/5794 [00:14<01:16, 63.23it/s]
 16%|█▋        | 945/5794 [00:14<01:16, 63.29it/s]
 16%|█▋        | 952/5794 [00:14<01:16, 63.22it/s]
 17%|█▋        | 959/5794 [00:14<01:16, 63.19it/s]
 17%|█▋        | 966/5794 [00:14<01:16, 63.37it/s]
 17%|█▋        | 973/5794 [00:14<01:16, 63.07it/s]
 17%|█▋        | 980/5794 [00:14<01:16, 63.08it/s]
 17%|█▋        | 987/5794 [00:14<01:16, 63.19it/s]
 17%|█▋        | 994/5794 [00:15<01:16, 63.14it/s]
 17%|█▋        | 1001/5794 [00:15<01:16, 62.97it/s]
 17%|█▋        | 1008/5794 [00:15<01:16, 62.86it/s]
 18%|█▊        | 1015/5794 [00:15<01:16, 62.88it/s]
 18%|█▊        | 1022/5794 [00:15<01:15, 62.89it/s]
 18%|█▊        | 1029/5794 [00:15<01:15, 62.74it/s]
 18%|█▊        | 1036/5794 [00:15<01:15, 62.83it/s]
 18%|█▊        | 1043/5794 [00:15<01:15, 62.89it/s]
 18%|█▊        | 1050/5794 [00:15<01:15, 62.97it/s]
 18%|█▊        | 1057/5794 [00:16<01:15, 62.82it/s]
 18%|█▊        | 1064/5794 [00:16<01:15, 63.00it/s]
 18%|█▊        | 1071/5794 [00:16<01:15, 62.93it/s]
 19%|█▊        | 1078/5794 [00:16<01:15, 62.59it/s]
 19%|█▊        | 1085/5794 [00:16<01:15, 62.62it/s]
 19%|█▉        | 1092/5794 [00:16<01:15, 62.61it/s]
 19%|█▉        | 1099/5794 [00:16<01:14, 62.70it/s]
 19%|█▉        | 1106/5794 [00:16<01:14, 62.89it/s]
 19%|█▉        | 1113/5794 [00:16<01:13, 63.95it/s]
 19%|█▉        | 1121/5794 [00:17<01:10, 66.46it/s]
 19%|█▉        | 1129/5794 [00:17<01:08, 68.00it/s]
 20%|█▉        | 1137/5794 [00:17<01:07, 68.95it/s]
 20%|█▉        | 1145/5794 [00:17<01:06, 69.67it/s]
 20%|█▉        | 1153/5794 [00:17<01:05, 70.45it/s]
 20%|██        | 1161/5794 [00:17<01:05, 70.85it/s]
 20%|██        | 1169/5794 [00:17<01:04, 71.19it/s]
 20%|██        | 1177/5794 [00:17<01:04, 71.13it/s]
 20%|██        | 1185/5794 [00:17<01:04, 71.47it/s]
 21%|██        | 1193/5794 [00:18<01:04, 71.28it/s]
 21%|██        | 1201/5794 [00:18<01:04, 71.48it/s]
 21%|██        | 1209/5794 [00:18<01:04, 71.58it/s]
 21%|██        | 1217/5794 [00:18<01:03, 71.54it/s]
 21%|██        | 1225/5794 [00:18<01:03, 71.80it/s]
 21%|██▏       | 1233/5794 [00:18<01:03, 71.73it/s]
 21%|██▏       | 1241/5794 [00:18<01:03, 71.56it/s]
 22%|██▏       | 1249/5794 [00:18<01:03, 71.40it/s]
 22%|██▏       | 1257/5794 [00:18<01:03, 71.15it/s]
 22%|██▏       | 1265/5794 [00:19<01:03, 71.05it/s]
 22%|██▏       | 1273/5794 [00:19<01:03, 70.83it/s]
 22%|██▏       | 1281/5794 [00:19<01:03, 70.66it/s]
 22%|██▏       | 1289/5794 [00:19<01:03, 70.72it/s]
 22%|██▏       | 1297/5794 [00:19<01:03, 70.70it/s]
 23%|██▎       | 1305/5794 [00:19<01:03, 70.59it/s]
 23%|██▎       | 1313/5794 [00:19<01:03, 70.19it/s]
 23%|██▎       | 1321/5794 [00:19<01:03, 70.27it/s]
 23%|██▎       | 1329/5794 [00:19<01:03, 70.23it/s]
 23%|██▎       | 1337/5794 [00:20<01:03, 70.61it/s]
 23%|██▎       | 1345/5794 [00:20<01:02, 70.71it/s]
 23%|██▎       | 1353/5794 [00:20<01:02, 70.60it/s]
 23%|██▎       | 1361/5794 [00:20<01:02, 70.58it/s]
 24%|██▎       | 1369/5794 [00:20<01:02, 70.64it/s]
 24%|██▍       | 1377/5794 [00:20<01:02, 70.87it/s]
 24%|██▍       | 1385/5794 [00:20<01:02, 70.86it/s]
 24%|██▍       | 1393/5794 [00:20<01:02, 70.75it/s]
 24%|██▍       | 1401/5794 [00:21<01:01, 70.87it/s]
 24%|██▍       | 1409/5794 [00:21<01:01, 71.03it/s]
 24%|██▍       | 1417/5794 [00:21<01:02, 69.62it/s]
 25%|██▍       | 1424/5794 [00:21<01:04, 67.84it/s]
 25%|██▍       | 1431/5794 [00:21<01:05, 66.27it/s]
 25%|██▍       | 1438/5794 [00:21<01:06, 65.46it/s]
 25%|██▍       | 1445/5794 [00:21<01:07, 64.83it/s]
 25%|██▌       | 1452/5794 [00:21<01:07, 64.22it/s]
 25%|██▌       | 1459/5794 [00:21<01:07, 63.96it/s]
 25%|██▌       | 1466/5794 [00:22<01:08, 63.57it/s]
 25%|██▌       | 1473/5794 [00:22<01:08, 63.44it/s]
 26%|██▌       | 1480/5794 [00:22<01:07, 63.50it/s]
 26%|██▌       | 1487/5794 [00:22<01:08, 63.30it/s]
 26%|██▌       | 1494/5794 [00:22<01:07, 63.37it/s]
 26%|██▌       | 1501/5794 [00:22<01:07, 63.24it/s]
 26%|██▌       | 1508/5794 [00:22<01:07, 63.35it/s]
 26%|██▌       | 1515/5794 [00:22<01:07, 63.38it/s]
 26%|██▋       | 1522/5794 [00:22<01:07, 63.15it/s]
 26%|██▋       | 1529/5794 [00:23<01:07, 63.15it/s]
 27%|██▋       | 1536/5794 [00:23<01:07, 63.20it/s]
 27%|██▋       | 1543/5794 [00:23<01:07, 63.22it/s]
 27%|██▋       | 1550/5794 [00:23<01:07, 63.04it/s]
 27%|██▋       | 1557/5794 [00:23<01:07, 63.18it/s]
 27%|██▋       | 1564/5794 [00:23<01:07, 63.01it/s]
 27%|██▋       | 1571/5794 [00:23<01:07, 62.99it/s]
 27%|██▋       | 1578/5794 [00:23<01:06, 63.17it/s]
 27%|██▋       | 1585/5794 [00:23<01:06, 63.03it/s]
 27%|██▋       | 1592/5794 [00:24<01:06, 63.14it/s]
 28%|██▊       | 1599/5794 [00:24<01:06, 63.07it/s]
 28%|██▊       | 1606/5794 [00:24<01:06, 62.75it/s]
 28%|██▊       | 1613/5794 [00:24<01:06, 62.97it/s]
 28%|██▊       | 1620/5794 [00:24<01:06, 62.92it/s]
 28%|██▊       | 1627/5794 [00:24<01:06, 63.11it/s]
 28%|██▊       | 1634/5794 [00:24<01:06, 62.62it/s]
 28%|██▊       | 1641/5794 [00:24<01:06, 62.56it/s]
 28%|██▊       | 1648/5794 [00:24<01:05, 62.86it/s]
 29%|██▊       | 1655/5794 [00:25<01:05, 62.81it/s]
 29%|██▊       | 1662/5794 [00:25<01:05, 63.04it/s]
 29%|██▉       | 1669/5794 [00:25<01:05, 62.97it/s]
 29%|██▉       | 1676/5794 [00:25<01:05, 63.17it/s]
 29%|██▉       | 1683/5794 [00:25<01:05, 63.18it/s]
 29%|██▉       | 1690/5794 [00:25<01:04, 63.14it/s]
 29%|██▉       | 1697/5794 [00:25<01:04, 63.33it/s]
 29%|██▉       | 1704/5794 [00:25<01:04, 63.31it/s]
 30%|██▉       | 1711/5794 [00:25<01:04, 63.24it/s]
 30%|██▉       | 1718/5794 [00:26<01:04, 63.28it/s]
 30%|██▉       | 1725/5794 [00:26<01:04, 63.31it/s]
 30%|██▉       | 1732/5794 [00:26<01:04, 63.38it/s]
 30%|███       | 1739/5794 [00:26<01:04, 63.21it/s]
 30%|███       | 1746/5794 [00:26<01:03, 63.36it/s]
 30%|███       | 1753/5794 [00:26<01:03, 63.35it/s]
 30%|███       | 1760/5794 [00:26<01:03, 63.39it/s]
 30%|███       | 1767/5794 [00:26<01:03, 63.34it/s]
 31%|███       | 1774/5794 [00:26<01:03, 63.24it/s]
 31%|███       | 1781/5794 [00:26<01:01, 64.89it/s]
 31%|███       | 1788/5794 [00:27<01:00, 65.79it/s]
 31%|███       | 1796/5794 [00:27<00:59, 67.46it/s]
 31%|███       | 1804/5794 [00:27<00:58, 68.76it/s]
 31%|███▏      | 1812/5794 [00:27<00:57, 69.57it/s]
 31%|███▏      | 1820/5794 [00:27<00:56, 70.30it/s]
 32%|███▏      | 1828/5794 [00:27<00:56, 70.48it/s]
 32%|███▏      | 1836/5794 [00:27<00:55, 70.83it/s]
 32%|███▏      | 1844/5794 [00:27<00:55, 70.75it/s]
 32%|███▏      | 1852/5794 [00:27<00:55, 70.79it/s]
 32%|███▏      | 1860/5794 [00:28<00:55, 70.89it/s]
 32%|███▏      | 1868/5794 [00:28<00:55, 71.03it/s]
 32%|███▏      | 1876/5794 [00:28<00:55, 70.93it/s]
 33%|███▎      | 1884/5794 [00:28<00:54, 71.21it/s]
 33%|███▎      | 1892/5794 [00:28<00:54, 71.06it/s]
 33%|███▎      | 1900/5794 [00:28<00:54, 71.09it/s]
 33%|███▎      | 1908/5794 [00:28<00:54, 71.11it/s]
 33%|███▎      | 1916/5794 [00:28<00:54, 70.94it/s]
 33%|███▎      | 1924/5794 [00:29<00:54, 70.79it/s]
 33%|███▎      | 1932/5794 [00:29<00:54, 71.05it/s]
 33%|███▎      | 1940/5794 [00:29<00:54, 70.81it/s]
 34%|███▎      | 1948/5794 [00:29<00:54, 70.86it/s]
 34%|███▍      | 1956/5794 [00:29<00:54, 71.05it/s]
 34%|███▍      | 1964/5794 [00:29<00:55, 69.33it/s]
 34%|███▍      | 1971/5794 [00:29<00:56, 67.52it/s]
 34%|███▍      | 1978/5794 [00:29<00:57, 66.06it/s]
 34%|███▍      | 1985/5794 [00:29<00:58, 65.46it/s]
 34%|███▍      | 1992/5794 [00:30<00:58, 64.67it/s]
 35%|███▍      | 1999/5794 [00:30<00:59, 64.18it/s]
 35%|███▍      | 2006/5794 [00:30<00:59, 63.92it/s]
 35%|███▍      | 2013/5794 [00:30<00:59, 63.50it/s]
 35%|███▍      | 2020/5794 [00:30<00:59, 63.20it/s]
 35%|███▍      | 2027/5794 [00:30<00:59, 63.10it/s]
 35%|███▌      | 2034/5794 [00:30<00:59, 63.14it/s]
 35%|███▌      | 2041/5794 [00:30<00:59, 63.10it/s]
 35%|███▌      | 2048/5794 [00:30<00:59, 63.01it/s]
 35%|███▌      | 2055/5794 [00:31<00:59, 63.01it/s]
 36%|███▌      | 2062/5794 [00:31<00:59, 62.99it/s]
 36%|███▌      | 2069/5794 [00:31<00:59, 63.04it/s]
 36%|███▌      | 2076/5794 [00:31<00:59, 62.93it/s]
 36%|███▌      | 2083/5794 [00:31<00:59, 62.80it/s]
 36%|███▌      | 2090/5794 [00:31<00:58, 62.79it/s]
 36%|███▌      | 2097/5794 [00:31<00:58, 62.69it/s]
 36%|███▋      | 2104/5794 [00:31<00:58, 62.85it/s]
 36%|███▋      | 2111/5794 [00:31<00:58, 62.92it/s]
 37%|███▋      | 2118/5794 [00:32<00:58, 63.01it/s]
 37%|███▋      | 2125/5794 [00:32<00:58, 63.02it/s]
 37%|███▋      | 2132/5794 [00:32<00:58, 62.88it/s]
 37%|███▋      | 2139/5794 [00:32<00:58, 63.02it/s]
 37%|███▋      | 2146/5794 [00:32<00:58, 62.88it/s]
 37%|███▋      | 2153/5794 [00:32<00:57, 62.82it/s]
 37%|███▋      | 2160/5794 [00:32<00:57, 62.94it/s]
 37%|███▋      | 2167/5794 [00:32<00:57, 62.77it/s]
 38%|███▊      | 2174/5794 [00:32<00:57, 62.79it/s]
 38%|███▊      | 2181/5794 [00:33<00:57, 62.76it/s]
 38%|███▊      | 2188/5794 [00:33<00:57, 63.00it/s]
 38%|███▊      | 2195/5794 [00:33<00:57, 63.01it/s]
 38%|███▊      | 2202/5794 [00:33<00:57, 63.01it/s]
 38%|███▊      | 2209/5794 [00:33<00:56, 63.09it/s]
 38%|███▊      | 2216/5794 [00:33<00:56, 63.06it/s]
 38%|███▊      | 2223/5794 [00:33<00:56, 63.35it/s]
 39%|███▊      | 2231/5794 [00:33<00:54, 65.46it/s]
 39%|███▊      | 2239/5794 [00:33<00:52, 67.24it/s]
 39%|███▉      | 2247/5794 [00:34<00:51, 68.25it/s]
 39%|███▉      | 2255/5794 [00:34<00:51, 69.17it/s]
 39%|███▉      | 2262/5794 [00:34<00:50, 69.36it/s]
 39%|███▉      | 2270/5794 [00:34<00:50, 69.70it/s]
 39%|███▉      | 2278/5794 [00:34<00:50, 70.27it/s]
 39%|███▉      | 2286/5794 [00:34<00:49, 70.28it/s]
 40%|███▉      | 2294/5794 [00:34<00:49, 70.36it/s]
 40%|███▉      | 2302/5794 [00:34<00:49, 70.65it/s]
 40%|███▉      | 2310/5794 [00:34<00:49, 70.79it/s]
 40%|████      | 2318/5794 [00:35<00:49, 70.62it/s]
 40%|████      | 2326/5794 [00:35<00:48, 70.96it/s]
 40%|████      | 2334/5794 [00:35<00:48, 70.93it/s]
 40%|████      | 2342/5794 [00:35<00:48, 71.01it/s]
 41%|████      | 2350/5794 [00:35<00:48, 70.82it/s]
 41%|████      | 2358/5794 [00:35<00:48, 70.92it/s]
 41%|████      | 2366/5794 [00:35<00:48, 70.70it/s]
 41%|████      | 2374/5794 [00:35<00:48, 69.98it/s]
 41%|████      | 2382/5794 [00:35<00:48, 70.26it/s]
 41%|████      | 2390/5794 [00:36<00:48, 70.00it/s]
 41%|████▏     | 2398/5794 [00:36<00:48, 70.33it/s]
 42%|████▏     | 2406/5794 [00:36<00:49, 68.93it/s]
 42%|████▏     | 2413/5794 [00:36<00:50, 67.09it/s]
 42%|████▏     | 2420/5794 [00:36<00:51, 65.76it/s]
 42%|████▏     | 2427/5794 [00:36<00:51, 64.88it/s]
 42%|████▏     | 2434/5794 [00:36<00:52, 64.28it/s]
 42%|████▏     | 2441/5794 [00:36<00:52, 63.96it/s]
 42%|████▏     | 2448/5794 [00:36<00:52, 64.16it/s]
 42%|████▏     | 2456/5794 [00:37<00:50, 66.22it/s]
 43%|████▎     | 2464/5794 [00:37<00:49, 67.89it/s]
 43%|████▎     | 2471/5794 [00:37<00:49, 66.98it/s]
 43%|████▎     | 2478/5794 [00:37<00:50, 65.85it/s]
 43%|████▎     | 2485/5794 [00:37<00:50, 64.92it/s]
 43%|████▎     | 2492/5794 [00:37<00:51, 64.50it/s]
 43%|████▎     | 2499/5794 [00:37<00:51, 64.22it/s]
 43%|████▎     | 2506/5794 [00:37<00:50, 65.22it/s]
 43%|████▎     | 2514/5794 [00:37<00:48, 67.03it/s]
 44%|████▎     | 2522/5794 [00:38<00:48, 68.16it/s]
 44%|████▎     | 2530/5794 [00:38<00:47, 69.23it/s]
 44%|████▍     | 2538/5794 [00:38<00:46, 69.86it/s]
 44%|████▍     | 2546/5794 [00:38<00:46, 70.47it/s]
 44%|████▍     | 2554/5794 [00:38<00:45, 70.51it/s]
 44%|████▍     | 2562/5794 [00:38<00:45, 70.84it/s]
 44%|████▍     | 2570/5794 [00:38<00:45, 70.72it/s]
 44%|████▍     | 2578/5794 [00:38<00:45, 70.82it/s]
 45%|████▍     | 2586/5794 [00:38<00:45, 70.99it/s]
 45%|████▍     | 2594/5794 [00:39<00:45, 70.83it/s]
 45%|████▍     | 2602/5794 [00:39<00:45, 70.41it/s]
 45%|████▌     | 2610/5794 [00:39<00:45, 70.50it/s]
 45%|████▌     | 2618/5794 [00:39<00:44, 70.60it/s]
 45%|████▌     | 2626/5794 [00:39<00:44, 70.57it/s]
 45%|████▌     | 2634/5794 [00:39<00:44, 70.58it/s]
 46%|████▌     | 2642/5794 [00:39<00:44, 70.60it/s]
 46%|████▌     | 2650/5794 [00:39<00:44, 70.68it/s]
 46%|████▌     | 2658/5794 [00:39<00:44, 70.57it/s]
 46%|████▌     | 2666/5794 [00:40<00:44, 69.86it/s]
 46%|████▌     | 2674/5794 [00:40<00:44, 70.10it/s]
 46%|████▋     | 2682/5794 [00:40<00:44, 70.43it/s]
 46%|████▋     | 2690/5794 [00:40<00:44, 70.13it/s]
 47%|████▋     | 2698/5794 [00:40<00:43, 70.59it/s]
 47%|████▋     | 2706/5794 [00:40<00:43, 70.36it/s]
 47%|████▋     | 2714/5794 [00:40<00:43, 70.68it/s]
 47%|████▋     | 2722/5794 [00:40<00:43, 70.65it/s]
 47%|████▋     | 2730/5794 [00:41<00:43, 70.45it/s]
 47%|████▋     | 2738/5794 [00:41<00:43, 70.49it/s]
 47%|████▋     | 2746/5794 [00:41<00:43, 70.45it/s]
 48%|████▊     | 2754/5794 [00:41<00:43, 70.51it/s]
 48%|████▊     | 2762/5794 [00:41<00:42, 70.69it/s]
 48%|████▊     | 2770/5794 [00:41<00:42, 70.84it/s]
 48%|████▊     | 2778/5794 [00:41<00:42, 70.74it/s]
 48%|████▊     | 2786/5794 [00:41<00:42, 70.76it/s]
 48%|████▊     | 2794/5794 [00:41<00:42, 70.77it/s]
 48%|████▊     | 2802/5794 [00:42<00:42, 70.92it/s]
 48%|████▊     | 2810/5794 [00:42<00:42, 70.75it/s]
 49%|████▊     | 2818/5794 [00:42<00:42, 70.61it/s]
 49%|████▉     | 2826/5794 [00:42<00:42, 70.65it/s]
 49%|████▉     | 2834/5794 [00:42<00:41, 70.74it/s]
 49%|████▉     | 2842/5794 [00:42<00:41, 70.59it/s]
 49%|████▉     | 2850/5794 [00:42<00:41, 70.69it/s]
 49%|████▉     | 2858/5794 [00:42<00:41, 70.76it/s]
 49%|████▉     | 2866/5794 [00:42<00:41, 70.62it/s]
 50%|████▉     | 2874/5794 [00:43<00:41, 69.98it/s]
 50%|████▉     | 2882/5794 [00:43<00:41, 70.11it/s]
 50%|████▉     | 2890/5794 [00:43<00:41, 69.67it/s]
 50%|█████     | 2897/5794 [00:43<00:43, 67.17it/s]
 50%|█████     | 2904/5794 [00:43<00:43, 66.03it/s]
 50%|█████     | 2911/5794 [00:43<00:44, 65.15it/s]
 50%|█████     | 2918/5794 [00:43<00:44, 64.70it/s]
 50%|█████     | 2925/5794 [00:43<00:44, 64.27it/s]
 51%|█████     | 2932/5794 [00:43<00:44, 63.97it/s]
 51%|█████     | 2939/5794 [00:44<00:44, 63.79it/s]
 51%|█████     | 2946/5794 [00:44<00:44, 63.36it/s]
 51%|█████     | 2953/5794 [00:44<00:44, 63.38it/s]
 51%|█████     | 2960/5794 [00:44<00:44, 63.41it/s]
 51%|█████     | 2967/5794 [00:44<00:44, 63.27it/s]
 51%|█████▏    | 2974/5794 [00:44<00:44, 63.15it/s]
 51%|█████▏    | 2981/5794 [00:44<00:44, 63.07it/s]
 52%|█████▏    | 2988/5794 [00:44<00:44, 62.80it/s]
 52%|█████▏    | 2995/5794 [00:44<00:44, 62.80it/s]
 52%|█████▏    | 3002/5794 [00:45<00:44, 62.97it/s]
 52%|█████▏    | 3009/5794 [00:45<00:44, 63.03it/s]
 52%|█████▏    | 3016/5794 [00:45<00:44, 62.99it/s]
 52%|█████▏    | 3023/5794 [00:45<00:43, 63.04it/s]
 52%|█████▏    | 3030/5794 [00:45<00:43, 62.97it/s]
 52%|█████▏    | 3037/5794 [00:45<00:43, 63.22it/s]
 53%|█████▎    | 3044/5794 [00:45<00:43, 63.30it/s]
 53%|█████▎    | 3051/5794 [00:45<00:43, 63.11it/s]
 53%|█████▎    | 3058/5794 [00:45<00:43, 63.32it/s]
 53%|█████▎    | 3065/5794 [00:46<00:43, 63.07it/s]
 53%|█████▎    | 3072/5794 [00:46<00:42, 63.34it/s]
 53%|█████▎    | 3079/5794 [00:46<00:42, 63.31it/s]
 53%|█████▎    | 3086/5794 [00:46<00:42, 63.19it/s]
 53%|█████▎    | 3093/5794 [00:46<00:42, 63.40it/s]
 54%|█████▎    | 3100/5794 [00:46<00:42, 63.26it/s]
 54%|█████▎    | 3107/5794 [00:46<00:42, 63.24it/s]
 54%|█████▎    | 3114/5794 [00:46<00:42, 63.38it/s]
 54%|█████▍    | 3121/5794 [00:46<00:42, 63.47it/s]
 54%|█████▍    | 3128/5794 [00:47<00:42, 63.43it/s]
 54%|█████▍    | 3135/5794 [00:47<00:41, 63.47it/s]
 54%|█████▍    | 3142/5794 [00:47<00:41, 63.56it/s]
 54%|█████▍    | 3149/5794 [00:47<00:41, 63.49it/s]
 54%|█████▍    | 3156/5794 [00:47<00:41, 63.03it/s]
 55%|█████▍    | 3163/5794 [00:47<00:41, 63.22it/s]
 55%|█████▍    | 3170/5794 [00:47<00:41, 63.27it/s]
 55%|█████▍    | 3177/5794 [00:47<00:41, 63.19it/s]
 55%|█████▍    | 3184/5794 [00:47<00:41, 62.78it/s]
 55%|█████▌    | 3191/5794 [00:48<00:41, 63.12it/s]
 55%|█████▌    | 3198/5794 [00:48<00:41, 63.30it/s]
 55%|█████▌    | 3205/5794 [00:48<00:40, 63.46it/s]
 55%|█████▌    | 3212/5794 [00:48<00:40, 64.14it/s]
 56%|█████▌    | 3220/5794 [00:48<00:38, 66.27it/s]
 56%|█████▌    | 3228/5794 [00:48<00:37, 67.71it/s]
 56%|█████▌    | 3235/5794 [00:48<00:37, 67.63it/s]
 56%|█████▌    | 3242/5794 [00:48<00:38, 66.43it/s]
 56%|█████▌    | 3249/5794 [00:48<00:38, 65.79it/s]
 56%|█████▌    | 3256/5794 [00:49<00:38, 65.10it/s]
 56%|█████▋    | 3263/5794 [00:49<00:39, 64.74it/s]
 56%|█████▋    | 3270/5794 [00:49<00:39, 64.19it/s]
 57%|█████▋    | 3277/5794 [00:49<00:39, 64.24it/s]
 57%|█████▋    | 3284/5794 [00:49<00:39, 64.06it/s]
 57%|█████▋    | 3291/5794 [00:49<00:39, 64.15it/s]
 57%|█████▋    | 3298/5794 [00:49<00:38, 64.03it/s]
 57%|█████▋    | 3305/5794 [00:49<00:38, 63.97it/s]
 57%|█████▋    | 3312/5794 [00:49<00:38, 64.10it/s]
 57%|█████▋    | 3319/5794 [00:50<00:38, 63.78it/s]
 57%|█████▋    | 3326/5794 [00:50<00:38, 63.87it/s]
 58%|█████▊    | 3333/5794 [00:50<00:38, 63.87it/s]
 58%|█████▊    | 3340/5794 [00:50<00:38, 63.67it/s]
 58%|█████▊    | 3347/5794 [00:50<00:38, 63.08it/s]
 58%|█████▊    | 3354/5794 [00:50<00:38, 63.26it/s]
 58%|█████▊    | 3361/5794 [00:50<00:38, 63.50it/s]
 58%|█████▊    | 3368/5794 [00:50<00:38, 63.60it/s]
 58%|█████▊    | 3375/5794 [00:50<00:38, 63.54it/s]
 58%|█████▊    | 3382/5794 [00:51<00:37, 63.52it/s]
 58%|█████▊    | 3389/5794 [00:51<00:37, 63.46it/s]
 59%|█████▊    | 3396/5794 [00:51<00:37, 63.51it/s]
 59%|█████▊    | 3403/5794 [00:51<00:37, 63.24it/s]
 59%|█████▉    | 3410/5794 [00:51<00:37, 63.34it/s]
 59%|█████▉    | 3417/5794 [00:51<00:37, 63.45it/s]
 59%|█████▉    | 3424/5794 [00:51<00:37, 63.36it/s]
 59%|█████▉    | 3431/5794 [00:51<00:37, 63.40it/s]
 59%|█████▉    | 3438/5794 [00:51<00:37, 63.38it/s]
 59%|█████▉    | 3445/5794 [00:51<00:37, 63.45it/s]
 60%|█████▉    | 3452/5794 [00:52<00:36, 63.64it/s]
 60%|█████▉    | 3459/5794 [00:52<00:36, 63.58it/s]
 60%|█████▉    | 3466/5794 [00:52<00:36, 63.54it/s]
 60%|█████▉    | 3473/5794 [00:52<00:36, 63.44it/s]
 60%|██████    | 3480/5794 [00:52<00:36, 63.54it/s]
 60%|██████    | 3487/5794 [00:52<00:36, 63.58it/s]
 60%|██████    | 3494/5794 [00:52<00:36, 63.37it/s]
 60%|██████    | 3501/5794 [00:52<00:36, 63.59it/s]
 61%|██████    | 3508/5794 [00:52<00:36, 63.49it/s]
 61%|██████    | 3515/5794 [00:53<00:35, 63.57it/s]
 61%|██████    | 3522/5794 [00:53<00:35, 63.52it/s]
 61%|██████    | 3529/5794 [00:53<00:35, 63.62it/s]
 61%|██████    | 3536/5794 [00:53<00:35, 63.57it/s]
 61%|██████    | 3543/5794 [00:53<00:35, 63.52it/s]
 61%|██████▏   | 3550/5794 [00:53<00:35, 63.61it/s]
 61%|██████▏   | 3557/5794 [00:53<00:35, 63.59it/s]
 62%|██████▏   | 3564/5794 [00:53<00:35, 63.64it/s]
 62%|██████▏   | 3571/5794 [00:53<00:34, 63.68it/s]
 62%|██████▏   | 3578/5794 [00:54<00:34, 63.67it/s]
 62%|██████▏   | 3585/5794 [00:54<00:34, 63.54it/s]
 62%|██████▏   | 3592/5794 [00:54<00:34, 63.29it/s]
 62%|██████▏   | 3599/5794 [00:54<00:34, 63.55it/s]
 62%|██████▏   | 3606/5794 [00:54<00:33, 64.50it/s]
 62%|██████▏   | 3614/5794 [00:54<00:32, 66.41it/s]
 63%|██████▎   | 3622/5794 [00:54<00:31, 68.05it/s]
 63%|██████▎   | 3630/5794 [00:54<00:31, 69.04it/s]
 63%|██████▎   | 3638/5794 [00:54<00:30, 69.76it/s]
 63%|██████▎   | 3646/5794 [00:55<00:30, 70.26it/s]
 63%|██████▎   | 3654/5794 [00:55<00:30, 70.72it/s]
 63%|██████▎   | 3662/5794 [00:55<00:30, 70.78it/s]
 63%|██████▎   | 3670/5794 [00:55<00:29, 71.15it/s]
 63%|██████▎   | 3678/5794 [00:55<00:29, 71.27it/s]
 64%|██████▎   | 3686/5794 [00:55<00:29, 71.46it/s]
 64%|██████▍   | 3694/5794 [00:55<00:29, 71.46it/s]
 64%|██████▍   | 3702/5794 [00:55<00:29, 71.45it/s]
 64%|██████▍   | 3710/5794 [00:55<00:29, 71.54it/s]
 64%|██████▍   | 3718/5794 [00:56<00:29, 71.34it/s]
 64%|██████▍   | 3726/5794 [00:56<00:29, 71.20it/s]
 64%|██████▍   | 3734/5794 [00:56<00:28, 71.28it/s]
 65%|██████▍   | 3742/5794 [00:56<00:28, 71.34it/s]
 65%|██████▍   | 3750/5794 [00:56<00:28, 71.33it/s]
 65%|██████▍   | 3758/5794 [00:56<00:28, 70.74it/s]
 65%|██████▍   | 3766/5794 [00:56<00:28, 70.79it/s]
 65%|██████▌   | 3774/5794 [00:56<00:28, 71.12it/s]
 65%|██████▌   | 3782/5794 [00:56<00:28, 71.10it/s]
 65%|██████▌   | 3790/5794 [00:57<00:28, 71.30it/s]
 66%|██████▌   | 3798/5794 [00:57<00:27, 71.33it/s]
 66%|██████▌   | 3806/5794 [00:57<00:27, 71.45it/s]
 66%|██████▌   | 3814/5794 [00:57<00:27, 71.34it/s]
 66%|██████▌   | 3822/5794 [00:57<00:27, 71.41it/s]
 66%|██████▌   | 3830/5794 [00:57<00:27, 71.35it/s]
 66%|██████▌   | 3838/5794 [00:57<00:27, 71.36it/s]
 66%|██████▋   | 3846/5794 [00:57<00:27, 71.29it/s]
 67%|██████▋   | 3854/5794 [00:58<00:27, 71.38it/s]
 67%|██████▋   | 3862/5794 [00:58<00:27, 71.20it/s]
 67%|██████▋   | 3870/5794 [00:58<00:26, 71.36it/s]
 67%|██████▋   | 3878/5794 [00:58<00:26, 71.43it/s]
 67%|██████▋   | 3886/5794 [00:58<00:26, 71.53it/s]
 67%|██████▋   | 3894/5794 [00:58<00:26, 71.57it/s]
 67%|██████▋   | 3902/5794 [00:58<00:26, 71.41it/s]
 67%|██████▋   | 3910/5794 [00:58<00:26, 71.42it/s]
 68%|██████▊   | 3918/5794 [00:58<00:26, 71.30it/s]
 68%|██████▊   | 3926/5794 [00:59<00:26, 70.72it/s]
 68%|██████▊   | 3934/5794 [00:59<00:26, 70.83it/s]
 68%|██████▊   | 3942/5794 [00:59<00:26, 70.77it/s]
 68%|██████▊   | 3950/5794 [00:59<00:25, 71.00it/s]
 68%|██████▊   | 3958/5794 [00:59<00:25, 71.17it/s]
 68%|██████▊   | 3966/5794 [00:59<00:25, 71.23it/s]
 69%|██████▊   | 3974/5794 [00:59<00:25, 71.37it/s]
 69%|██████▊   | 3982/5794 [00:59<00:25, 71.32it/s]
 69%|██████▉   | 3990/5794 [00:59<00:25, 71.55it/s]
 69%|██████▉   | 3998/5794 [01:00<00:25, 71.43it/s]
 69%|██████▉   | 4006/5794 [01:00<00:25, 71.13it/s]
 69%|██████▉   | 4014/5794 [01:00<00:26, 67.99it/s]
 69%|██████▉   | 4021/5794 [01:00<00:26, 66.77it/s]
 70%|██████▉   | 4028/5794 [01:00<00:26, 66.00it/s]
 70%|██████▉   | 4035/5794 [01:00<00:26, 65.32it/s]
 70%|██████▉   | 4042/5794 [01:00<00:27, 64.89it/s]
 70%|██████▉   | 4049/5794 [01:00<00:27, 64.49it/s]
 70%|███████   | 4056/5794 [01:00<00:27, 64.32it/s]
 70%|███████   | 4063/5794 [01:01<00:27, 64.11it/s]
 70%|███████   | 4070/5794 [01:01<00:27, 63.85it/s]
 70%|███████   | 4077/5794 [01:01<00:26, 63.86it/s]
 70%|███████   | 4084/5794 [01:01<00:26, 63.72it/s]
 71%|███████   | 4091/5794 [01:01<00:26, 63.75it/s]
 71%|███████   | 4098/5794 [01:01<00:26, 63.69it/s]
 71%|███████   | 4105/5794 [01:01<00:26, 63.62it/s]
 71%|███████   | 4112/5794 [01:01<00:26, 63.50it/s]
 71%|███████   | 4119/5794 [01:01<00:26, 63.28it/s]
 71%|███████   | 4126/5794 [01:02<00:26, 63.21it/s]
 71%|███████▏  | 4133/5794 [01:02<00:26, 63.36it/s]
 71%|███████▏  | 4140/5794 [01:02<00:26, 63.35it/s]
 72%|███████▏  | 4147/5794 [01:02<00:25, 63.48it/s]
 72%|███████▏  | 4154/5794 [01:02<00:25, 63.50it/s]
 72%|███████▏  | 4161/5794 [01:02<00:25, 63.70it/s]
 72%|███████▏  | 4168/5794 [01:02<00:25, 63.49it/s]
 72%|███████▏  | 4175/5794 [01:02<00:25, 63.50it/s]
 72%|███████▏  | 4182/5794 [01:02<00:25, 63.55it/s]
 72%|███████▏  | 4189/5794 [01:03<00:25, 63.44it/s]
 72%|███████▏  | 4196/5794 [01:03<00:25, 63.41it/s]
 73%|███████▎  | 4203/5794 [01:03<00:25, 63.08it/s]
 73%|███████▎  | 4210/5794 [01:03<00:25, 63.33it/s]
 73%|███████▎  | 4217/5794 [01:03<00:24, 63.31it/s]
 73%|███████▎  | 4224/5794 [01:03<00:24, 63.18it/s]
 73%|███████▎  | 4231/5794 [01:03<00:24, 63.21it/s]
 73%|███████▎  | 4238/5794 [01:03<00:24, 63.04it/s]
 73%|███████▎  | 4245/5794 [01:03<00:24, 63.19it/s]
 73%|███████▎  | 4252/5794 [01:04<00:24, 63.23it/s]
 74%|███████▎  | 4259/5794 [01:04<00:24, 63.13it/s]
 74%|███████▎  | 4266/5794 [01:04<00:24, 62.97it/s]
 74%|███████▎  | 4273/5794 [01:04<00:24, 62.87it/s]
 74%|███████▍  | 4280/5794 [01:04<00:24, 63.07it/s]
 74%|███████▍  | 4287/5794 [01:04<00:23, 62.86it/s]
 74%|███████▍  | 4294/5794 [01:04<00:23, 62.91it/s]
 74%|███████▍  | 4301/5794 [01:04<00:23, 63.05it/s]
 74%|███████▍  | 4308/5794 [01:04<00:23, 62.96it/s]
 74%|███████▍  | 4315/5794 [01:05<00:23, 62.96it/s]
 75%|███████▍  | 4322/5794 [01:05<00:23, 63.01it/s]
 75%|███████▍  | 4329/5794 [01:05<00:23, 63.14it/s]
 75%|███████▍  | 4336/5794 [01:05<00:23, 63.15it/s]
 75%|███████▍  | 4343/5794 [01:05<00:23, 61.48it/s]
 75%|███████▌  | 4350/5794 [01:05<00:23, 62.01it/s]
 75%|███████▌  | 4357/5794 [01:05<00:23, 62.32it/s]
 75%|███████▌  | 4364/5794 [01:05<00:22, 62.60it/s]
 75%|███████▌  | 4371/5794 [01:05<00:22, 62.80it/s]
 76%|███████▌  | 4378/5794 [01:06<00:22, 62.75it/s]
 76%|███████▌  | 4385/5794 [01:06<00:22, 62.97it/s]
 76%|███████▌  | 4392/5794 [01:06<00:22, 62.96it/s]
 76%|███████▌  | 4399/5794 [01:06<00:22, 63.21it/s]
 76%|███████▌  | 4406/5794 [01:06<00:21, 63.17it/s]
 76%|███████▌  | 4413/5794 [01:06<00:21, 63.29it/s]
 76%|███████▋  | 4420/5794 [01:06<00:21, 63.26it/s]
 76%|███████▋  | 4427/5794 [01:06<00:21, 63.29it/s]
 77%|███████▋  | 4434/5794 [01:06<00:21, 63.44it/s]
 77%|███████▋  | 4441/5794 [01:07<00:21, 63.31it/s]
 77%|███████▋  | 4448/5794 [01:07<00:21, 63.39it/s]
 77%|███████▋  | 4455/5794 [01:07<00:20, 64.63it/s]
 77%|███████▋  | 4463/5794 [01:07<00:20, 66.48it/s]
 77%|███████▋  | 4471/5794 [01:07<00:19, 67.86it/s]
 77%|███████▋  | 4479/5794 [01:07<00:19, 68.74it/s]
 77%|███████▋  | 4487/5794 [01:07<00:18, 69.43it/s]
 78%|███████▊  | 4494/5794 [01:07<00:18, 69.54it/s]
 78%|███████▊  | 4502/5794 [01:07<00:18, 70.01it/s]
 78%|███████▊  | 4510/5794 [01:08<00:18, 70.30it/s]
 78%|███████▊  | 4518/5794 [01:08<00:18, 69.82it/s]
 78%|███████▊  | 4526/5794 [01:08<00:18, 70.04it/s]
 78%|███████▊  | 4534/5794 [01:08<00:17, 70.46it/s]
 78%|███████▊  | 4542/5794 [01:08<00:17, 70.29it/s]
 79%|███████▊  | 4550/5794 [01:08<00:17, 69.93it/s]
 79%|███████▊  | 4557/5794 [01:08<00:18, 67.95it/s]
 79%|███████▉  | 4564/5794 [01:08<00:18, 66.45it/s]
 79%|███████▉  | 4571/5794 [01:08<00:18, 65.45it/s]
 79%|███████▉  | 4578/5794 [01:09<00:18, 64.83it/s]
 79%|███████▉  | 4585/5794 [01:09<00:18, 64.39it/s]
 79%|███████▉  | 4592/5794 [01:09<00:18, 63.88it/s]
 79%|███████▉  | 4599/5794 [01:09<00:18, 63.52it/s]
 79%|███████▉  | 4606/5794 [01:09<00:18, 63.51it/s]
 80%|███████▉  | 4613/5794 [01:09<00:18, 62.68it/s]
 80%|███████▉  | 4620/5794 [01:09<00:18, 63.01it/s]
 80%|███████▉  | 4627/5794 [01:09<00:18, 62.97it/s]
 80%|███████▉  | 4634/5794 [01:09<00:18, 63.26it/s]
 80%|████████  | 4641/5794 [01:10<00:18, 63.35it/s]
 80%|████████  | 4648/5794 [01:10<00:18, 63.13it/s]
 80%|████████  | 4655/5794 [01:10<00:17, 63.30it/s]
 80%|████████  | 4662/5794 [01:10<00:17, 63.37it/s]
 81%|████████  | 4669/5794 [01:10<00:17, 63.55it/s]
 81%|████████  | 4676/5794 [01:10<00:17, 63.54it/s]
 81%|████████  | 4683/5794 [01:10<00:17, 63.48it/s]
 81%|████████  | 4690/5794 [01:10<00:17, 63.72it/s]
 81%|████████  | 4698/5794 [01:10<00:16, 65.85it/s]
 81%|████████  | 4706/5794 [01:11<00:16, 67.51it/s]
 81%|████████▏ | 4714/5794 [01:11<00:15, 68.47it/s]
 81%|████████▏ | 4722/5794 [01:11<00:15, 69.45it/s]
 82%|████████▏ | 4730/5794 [01:11<00:15, 69.97it/s]
 82%|████████▏ | 4738/5794 [01:11<00:15, 70.34it/s]
 82%|████████▏ | 4746/5794 [01:11<00:14, 70.60it/s]
 82%|████████▏ | 4754/5794 [01:11<00:14, 70.90it/s]
 82%|████████▏ | 4762/5794 [01:11<00:14, 71.13it/s]
 82%|████████▏ | 4770/5794 [01:11<00:14, 71.18it/s]
 82%|████████▏ | 4778/5794 [01:12<00:14, 71.29it/s]
 83%|████████▎ | 4786/5794 [01:12<00:14, 71.34it/s]
 83%|████████▎ | 4794/5794 [01:12<00:14, 71.29it/s]
 83%|████████▎ | 4802/5794 [01:12<00:13, 71.33it/s]
 83%|████████▎ | 4810/5794 [01:12<00:13, 70.98it/s]
 83%|████████▎ | 4818/5794 [01:12<00:14, 68.50it/s]
 83%|████████▎ | 4825/5794 [01:12<00:14, 67.47it/s]
 83%|████████▎ | 4833/5794 [01:12<00:14, 68.53it/s]
 84%|████████▎ | 4841/5794 [01:12<00:13, 69.43it/s]
 84%|████████▎ | 4848/5794 [01:13<00:14, 66.81it/s]
 84%|████████▍ | 4855/5794 [01:13<00:14, 65.90it/s]
 84%|████████▍ | 4862/5794 [01:13<00:14, 65.31it/s]
 84%|████████▍ | 4869/5794 [01:13<00:14, 64.88it/s]
 84%|████████▍ | 4876/5794 [01:13<00:14, 64.56it/s]
 84%|████████▍ | 4883/5794 [01:13<00:14, 64.20it/s]
 84%|████████▍ | 4890/5794 [01:13<00:14, 63.96it/s]
 85%|████████▍ | 4897/5794 [01:13<00:14, 63.54it/s]
 85%|████████▍ | 4904/5794 [01:13<00:14, 63.51it/s]
 85%|████████▍ | 4911/5794 [01:14<00:13, 63.49it/s]
 85%|████████▍ | 4918/5794 [01:14<00:13, 63.35it/s]
 85%|████████▌ | 4926/5794 [01:14<00:13, 65.52it/s]
 85%|████████▌ | 4934/5794 [01:14<00:12, 67.05it/s]
 85%|████████▌ | 4942/5794 [01:14<00:12, 68.28it/s]
 85%|████████▌ | 4950/5794 [01:14<00:12, 68.93it/s]
 86%|████████▌ | 4958/5794 [01:14<00:12, 69.47it/s]
 86%|████████▌ | 4966/5794 [01:14<00:11, 69.99it/s]
 86%|████████▌ | 4974/5794 [01:14<00:11, 70.20it/s]
 86%|████████▌ | 4982/5794 [01:15<00:11, 69.29it/s]
 86%|████████▌ | 4989/5794 [01:15<00:11, 67.55it/s]
 86%|████████▌ | 4996/5794 [01:15<00:12, 66.16it/s]
 86%|████████▋ | 5003/5794 [01:15<00:12, 65.33it/s]
 86%|████████▋ | 5010/5794 [01:15<00:12, 64.78it/s]
 87%|████████▋ | 5017/5794 [01:15<00:12, 64.47it/s]
 87%|████████▋ | 5024/5794 [01:15<00:12, 63.97it/s]
 87%|████████▋ | 5031/5794 [01:15<00:11, 63.74it/s]
 87%|████████▋ | 5038/5794 [01:15<00:11, 64.59it/s]
 87%|████████▋ | 5046/5794 [01:16<00:11, 66.61it/s]
 87%|████████▋ | 5054/5794 [01:16<00:10, 67.79it/s]
 87%|████████▋ | 5062/5794 [01:16<00:10, 68.90it/s]
 88%|████████▊ | 5070/5794 [01:16<00:10, 69.32it/s]
 88%|████████▊ | 5078/5794 [01:16<00:10, 69.81it/s]
 88%|████████▊ | 5086/5794 [01:16<00:10, 69.81it/s]
 88%|████████▊ | 5094/5794 [01:16<00:10, 69.99it/s]
 88%|████████▊ | 5101/5794 [01:16<00:09, 69.98it/s]
 88%|████████▊ | 5109/5794 [01:16<00:09, 70.16it/s]
 88%|████████▊ | 5117/5794 [01:17<00:09, 70.26it/s]
 88%|████████▊ | 5125/5794 [01:17<00:09, 70.17it/s]
 89%|████████▊ | 5133/5794 [01:17<00:09, 70.32it/s]
 89%|████████▊ | 5141/5794 [01:17<00:09, 70.29it/s]
 89%|████████▉ | 5149/5794 [01:17<00:09, 70.49it/s]
 89%|████████▉ | 5157/5794 [01:17<00:09, 70.33it/s]
 89%|████████▉ | 5165/5794 [01:17<00:08, 70.32it/s]
 89%|████████▉ | 5173/5794 [01:17<00:08, 69.14it/s]
 89%|████████▉ | 5181/5794 [01:17<00:08, 69.62it/s]
 90%|████████▉ | 5188/5794 [01:18<00:08, 69.65it/s]
 90%|████████▉ | 5196/5794 [01:18<00:08, 69.91it/s]
 90%|████████▉ | 5204/5794 [01:18<00:08, 70.04it/s]
 90%|████████▉ | 5212/5794 [01:18<00:08, 70.08it/s]
 90%|█████████ | 5220/5794 [01:18<00:08, 70.25it/s]
 90%|█████████ | 5228/5794 [01:18<00:08, 69.98it/s]
 90%|█████████ | 5236/5794 [01:18<00:07, 70.52it/s]
 91%|█████████ | 5244/5794 [01:18<00:07, 70.83it/s]
 91%|█████████ | 5252/5794 [01:18<00:07, 71.09it/s]
 91%|█████████ | 5260/5794 [01:19<00:07, 69.76it/s]
 91%|█████████ | 5267/5794 [01:19<00:07, 67.70it/s]
 91%|█████████ | 5274/5794 [01:19<00:07, 66.26it/s]
 91%|█████████ | 5281/5794 [01:19<00:07, 65.62it/s]
 91%|█████████▏| 5288/5794 [01:19<00:07, 65.04it/s]
 91%|█████████▏| 5295/5794 [01:19<00:07, 64.60it/s]
 92%|█████████▏| 5302/5794 [01:19<00:07, 64.43it/s]
 92%|█████████▏| 5309/5794 [01:19<00:07, 64.19it/s]
 92%|█████████▏| 5316/5794 [01:19<00:07, 64.17it/s]
 92%|█████████▏| 5323/5794 [01:20<00:07, 63.99it/s]
 92%|█████████▏| 5330/5794 [01:20<00:07, 63.88it/s]
 92%|█████████▏| 5337/5794 [01:20<00:07, 64.06it/s]
 92%|█████████▏| 5344/5794 [01:20<00:07, 63.84it/s]
 92%|█████████▏| 5351/5794 [01:20<00:06, 63.76it/s]
 92%|█████████▏| 5358/5794 [01:20<00:06, 63.60it/s]
 93%|█████████▎| 5365/5794 [01:20<00:06, 63.80it/s]
 93%|█████████▎| 5372/5794 [01:20<00:06, 63.67it/s]
 93%|█████████▎| 5379/5794 [01:20<00:06, 64.38it/s]
 93%|█████████▎| 5387/5794 [01:21<00:06, 66.83it/s]
 93%|█████████▎| 5395/5794 [01:21<00:05, 68.33it/s]
 93%|█████████▎| 5403/5794 [01:21<00:05, 69.61it/s]
 93%|█████████▎| 5411/5794 [01:21<00:05, 70.33it/s]
 94%|█████████▎| 5419/5794 [01:21<00:05, 70.95it/s]
 94%|█████████▎| 5427/5794 [01:21<00:05, 71.15it/s]
 94%|█████████▍| 5435/5794 [01:21<00:05, 71.59it/s]
 94%|█████████▍| 5443/5794 [01:21<00:04, 71.69it/s]
 94%|█████████▍| 5451/5794 [01:21<00:04, 71.96it/s]
 94%|█████████▍| 5459/5794 [01:22<00:04, 71.97it/s]
 94%|█████████▍| 5467/5794 [01:22<00:04, 72.10it/s]
 94%|█████████▍| 5475/5794 [01:22<00:04, 72.23it/s]
 95%|█████████▍| 5483/5794 [01:22<00:04, 72.04it/s]
 95%|█████████▍| 5491/5794 [01:22<00:04, 72.19it/s]
 95%|█████████▍| 5499/5794 [01:22<00:04, 72.05it/s]
 95%|█████████▌| 5507/5794 [01:22<00:03, 72.18it/s]
 95%|█████████▌| 5515/5794 [01:22<00:03, 72.07it/s]
 95%|█████████▌| 5523/5794 [01:22<00:03, 72.08it/s]
 95%|█████████▌| 5531/5794 [01:23<00:03, 72.06it/s]
 96%|█████████▌| 5539/5794 [01:23<00:03, 72.15it/s]
 96%|█████████▌| 5547/5794 [01:23<00:03, 72.08it/s]
 96%|█████████▌| 5555/5794 [01:23<00:03, 72.05it/s]
 96%|█████████▌| 5563/5794 [01:23<00:03, 71.96it/s]
 96%|█████████▌| 5571/5794 [01:23<00:03, 72.25it/s]
 96%|█████████▋| 5579/5794 [01:23<00:02, 72.16it/s]
 96%|█████████▋| 5587/5794 [01:23<00:02, 72.10it/s]
 97%|█████████▋| 5595/5794 [01:23<00:02, 72.04it/s]
 97%|█████████▋| 5603/5794 [01:24<00:02, 71.79it/s]
 97%|█████████▋| 5611/5794 [01:24<00:02, 71.43it/s]
 97%|█████████▋| 5619/5794 [01:24<00:02, 71.42it/s]
 97%|█████████▋| 5627/5794 [01:24<00:02, 71.68it/s]
 97%|█████████▋| 5635/5794 [01:24<00:02, 71.62it/s]
 97%|█████████▋| 5643/5794 [01:24<00:02, 71.72it/s]
 98%|█████████▊| 5651/5794 [01:24<00:01, 71.71it/s]
 98%|█████████▊| 5659/5794 [01:24<00:01, 71.88it/s]
 98%|█████████▊| 5667/5794 [01:24<00:01, 71.84it/s]
 98%|█████████▊| 5675/5794 [01:25<00:01, 71.97it/s]
 98%|█████████▊| 5683/5794 [01:25<00:01, 71.90it/s]
 98%|█████████▊| 5691/5794 [01:25<00:01, 71.92it/s]
 98%|█████████▊| 5699/5794 [01:25<00:01, 72.09it/s]
 98%|█████████▊| 5707/5794 [01:25<00:01, 72.21it/s]
 99%|█████████▊| 5715/5794 [01:25<00:01, 72.20it/s]
 99%|█████████▉| 5723/5794 [01:25<00:00, 72.32it/s]
 99%|█████████▉| 5731/5794 [01:25<00:00, 72.21it/s]
 99%|█████████▉| 5739/5794 [01:25<00:00, 71.76it/s]
 99%|█████████▉| 5747/5794 [01:26<00:00, 69.14it/s]
 99%|█████████▉| 5754/5794 [01:26<00:00, 67.51it/s]
 99%|█████████▉| 5761/5794 [01:26<00:00, 66.56it/s]
100%|█████████▉| 5768/5794 [01:26<00:00, 65.59it/s]
100%|█████████▉| 5775/5794 [01:26<00:00, 64.97it/s]
100%|█████████▉| 5782/5794 [01:26<00:00, 64.75it/s]
100%|█████████▉| 5789/5794 [01:26<00:00, 66.01it/s]
100%|██████████| 5794/5794 [01:26<00:00, 66.69it/s]
BALANCED ACCS CHECKED FOR TEST
TEST SET RESULTS FOR CHECKPOINT trained_weights/waterbirds/gals_waterbird_1.0_forest2water2_21047520_trial_000/best_balanced_valacc_0.57_epoch_0.ckpt
test_acc: 0.6791508457024508
balanced_test_acc: 0.5590903910313529
Land_on_Land_test_acc: 0.9964523281596452
Land_on_Water_test_acc: 0.5529933481152993
Water_on_Land_test_acc: 0.018691588785046728
Water_on_Water_test_acc: 0.6682242990654206
test_acc_Waterbird: 0.34345794392523366
test_acc_Landbird: 0.7747228381374723
