[CMD] /home/ryreu/miniconda3/envs/gals_a100/bin/python -u main.py --config configs/waterbirds_100_gals.yaml --name gals_waterbird_1.0_forest2water2_21047520_trial_000 DATA.ROOT=/home/ryreu/guided_cnn/waterbirds DATA.WATERBIRDS_DIR=waterbird_1.0_forest2water2 SEED=0 EXP.BASE.LR=0.0010000000000000002 EXP.CLASSIFIER.LR=9.999999999999991e-05 EXP.WEIGHT_DECAY=9.999999999999997e-06 EXP.AUX_LOSSES_ON_VAL=False EXP.LOSSES.GRADIENT_OUTSIDE.WEIGHT=10.000000000000002 EXP.NUM_EPOCHS=1
SEED: 0
DATA:
  BATCH_SIZE: 96
  NUM_WORKERS: 4
  SIZE: 224
  NORMALIZATION: imagenet
  ATTENTION_DIR: clip_rn50_attention_gradcam
  SEPARATE_CLASSES: false
  REMOVE_BACKGROUND: false
  ROOT: /home/ryreu/guided_cnn/waterbirds
  USE_CLASS_WEIGHTS: false
  USE_GROUP_WEIGHTS: false
  DATASET: waterbirds
  NUM_CLASSES: 2
  CONFOUNDING_FACTOR: 1.0
  WATERBIRDS_DIR: waterbird_1.0_forest2water2
EXP:
  NUM_TRIALS: 1
  LOSSES:
    CLASSIFICATION:
      WEIGHT: 1
    GRADIENT_OUTSIDE:
      COMPUTE: true
      LOG: false
      WEIGHT: 10.000000000000002
      CRITERION: L1
      GT: clip_rn50
      COMBINE_ATT_MODE: average_nonzero
    GRADIENT_INSIDE:
      COMPUTE: false
      LOG: false
      WEIGHT: 1
      CRITERION: L1
      GT: segmentation
      COMBINE_ATT_MODE: average_nonzero
    GRADCAM:
      COMPUTE: false
      LOG: false
      WEIGHT: 1
      CRITERION: L1
      GT: segmentation
      MODE: match
      COMBINE_ATT_MODE: average_nonzero
  APPROACH: generic
  MODEL: resnet50
  PRETRAINED: true
  NUM_EPOCHS: 1
  OPTIMIZER: SGD
  WEIGHT_DECAY: 9.999999999999997e-06
  MOMENTUM: 0.9
  SCHEDULER: NONE
  BASE:
    LR: 0.0010000000000000002
  CLASSIFIER:
    LR: 9.999999999999991e-05
  AUX_LOSSES_ON_VAL: false
LOGGING:
  SAVE_EVERY: 0
  SAVE_BEST: true
  SAVE_LAST: false
  LOG_ATTENTION: false
  LOG_ATTENTION_STEP: 10
  SAVE_STATS_PATH: null
yaml: configs/waterbirds_100_gals.yaml
name: gals_waterbird_1.0_forest2water2_21047520_trial_000
test_checkpoint: null

WATERBIRDS DIR: /home/ryreu/guided_cnn/waterbirds/waterbird_1.0_forest2water2
NUMBER OF SAMPLES WITH LABEL Landbird: 3684
NUMBER OF SAMPLES WITH LABEL Waterbird: 1111
NUMBER OF SAMPLES WITH GROUP Land_on_Land: 3684
NUMBER OF SAMPLES WITH GROUP Land_on_Water: 0
NUMBER OF SAMPLES WITH GROUP Water_on_Land: 0
NUMBER OF SAMPLES WITH GROUP Water_on_Water: 1111
WATERBIRDS DIR: /home/ryreu/guided_cnn/waterbirds/waterbird_1.0_forest2water2
NUMBER OF SAMPLES WITH LABEL Landbird: 931
NUMBER OF SAMPLES WITH LABEL Waterbird: 268
NUMBER OF SAMPLES WITH GROUP Land_on_Land: 465
NUMBER OF SAMPLES WITH GROUP Land_on_Water: 466
NUMBER OF SAMPLES WITH GROUP Water_on_Land: 134
NUMBER OF SAMPLES WITH GROUP Water_on_Water: 134
NUM TRAIN: 4795

NUM VAL:   1199

Number classifier outputs: 1
Using pretrained model: True
USING SGD OPTIMIZER
class weights: None
group weights: None
WANDB DISABLED: skipping wandb.init()
EPOCH: 0

>>> TRAINING 


  0%|          | 0/50 [00:00<?, ?it/s]
  2%|▏         | 1/50 [00:07<05:49,  7.14s/it]
  4%|▍         | 2/50 [00:08<02:52,  3.58s/it]
  6%|▌         | 3/50 [00:09<01:54,  2.45s/it]
  8%|▊         | 4/50 [00:10<01:27,  1.91s/it]
 10%|█         | 5/50 [00:11<01:12,  1.62s/it]
 12%|█▏        | 6/50 [00:12<01:03,  1.44s/it]
 14%|█▍        | 7/50 [00:13<00:56,  1.32s/it]
 16%|█▌        | 8/50 [00:14<00:52,  1.25s/it]
 18%|█▊        | 9/50 [00:15<00:49,  1.20s/it]
 20%|██        | 10/50 [00:16<00:46,  1.16s/it]
 22%|██▏       | 11/50 [00:18<00:44,  1.14s/it]
 24%|██▍       | 12/50 [00:19<00:42,  1.13s/it]
 26%|██▌       | 13/50 [00:20<00:41,  1.12s/it]
 28%|██▊       | 14/50 [00:21<00:40,  1.11s/it]
 30%|███       | 15/50 [00:22<00:38,  1.11s/it]
 32%|███▏      | 16/50 [00:23<00:37,  1.10s/it]
 34%|███▍      | 17/50 [00:24<00:36,  1.10s/it]
 36%|███▌      | 18/50 [00:25<00:35,  1.10s/it]
 38%|███▊      | 19/50 [00:26<00:33,  1.10s/it]
 40%|████      | 20/50 [00:27<00:32,  1.09s/it]
 42%|████▏     | 21/50 [00:28<00:31,  1.09s/it]
 44%|████▍     | 22/50 [00:30<00:30,  1.09s/it]
 46%|████▌     | 23/50 [00:31<00:29,  1.09s/it]
 48%|████▊     | 24/50 [00:32<00:28,  1.09s/it]
 50%|█████     | 25/50 [00:33<00:27,  1.09s/it]
 52%|█████▏    | 26/50 [00:34<00:26,  1.09s/it]
 54%|█████▍    | 27/50 [00:35<00:25,  1.09s/it]
 56%|█████▌    | 28/50 [00:36<00:23,  1.09s/it]
 58%|█████▊    | 29/50 [00:37<00:22,  1.09s/it]
 60%|██████    | 30/50 [00:38<00:21,  1.09s/it]
 62%|██████▏   | 31/50 [00:39<00:20,  1.09s/it]
 64%|██████▍   | 32/50 [00:40<00:19,  1.09s/it]
 66%|██████▌   | 33/50 [00:42<00:18,  1.09s/it]
 68%|██████▊   | 34/50 [00:43<00:17,  1.09s/it]
 70%|███████   | 35/50 [00:44<00:16,  1.09s/it]
 72%|███████▏  | 36/50 [00:47<00:25,  1.83s/it]
 74%|███████▍  | 37/50 [00:49<00:22,  1.72s/it]
 76%|███████▌  | 38/50 [00:50<00:18,  1.53s/it]
 78%|███████▊  | 39/50 [00:51<00:15,  1.40s/it]
 80%|████████  | 40/50 [00:52<00:13,  1.31s/it]
 82%|████████▏ | 41/50 [00:53<00:11,  1.24s/it]
 84%|████████▍ | 42/50 [00:54<00:09,  1.20s/it]
 86%|████████▌ | 43/50 [00:55<00:08,  1.16s/it]
 88%|████████▊ | 44/50 [00:56<00:06,  1.14s/it]
 90%|█████████ | 45/50 [01:27<00:50, 10.09s/it]
 92%|█████████▏| 46/50 [01:28<00:29,  7.41s/it]
 94%|█████████▍| 47/50 [01:30<00:16,  5.51s/it]
 96%|█████████▌| 48/50 [01:31<00:08,  4.18s/it]
 98%|█████████▊| 49/50 [01:32<00:03,  3.25s/it]
100%|██████████| 50/50 [01:33<00:00,  2.60s/it]
100%|██████████| 50/50 [01:33<00:00,  1.87s/it]
>>> VALIDATING 


  0%|          | 0/13 [00:00<?, ?it/s]
  8%|▊         | 1/13 [00:02<00:35,  2.93s/it]
 23%|██▎       | 3/13 [00:03<00:08,  1.22it/s]
 38%|███▊      | 5/13 [00:05<00:08,  1.05s/it]
 54%|█████▍    | 7/13 [00:05<00:03,  1.55it/s]
 69%|██████▉   | 9/13 [00:08<00:03,  1.09it/s]
 77%|███████▋  | 10/13 [00:09<00:02,  1.22it/s]
 92%|█████████▏| 12/13 [00:09<00:00,  1.85it/s]
100%|██████████| 13/13 [00:09<00:00,  1.73it/s]
100%|██████████| 13/13 [00:09<00:00,  1.31it/s]
>>> LOGGING 

BALANCED ACCS CHECKED FOR TRAIN
BALANCED ACCS CHECKED FOR VAL
train_acc: 0.7293013555787279
val_acc: 0.6847372810675563
train_cls_loss: 0.47433366599619947
val_cls_loss: 0.5664852829502462
train_total_loss: 0.4743643726124132
val_total_loss: 0.5664852829502462
balanced_train_acc: 0.6122934361840093
balanced_val_acc: 0.5711279798643731
Land_on_Land_train_acc: 0.8303474484256244
Land_on_Land_val_acc: 0.9956989247311828
Land_on_Water_train_acc: 0
Land_on_Water_val_acc: 0.5579399141630901
Water_on_Land_train_acc: 0
Water_on_Land_val_acc: 0.03731343283582089
Water_on_Water_train_acc: 0.39423942394239425
Water_on_Water_val_acc: 0.6940298507462687
train_dydx_outside_clip_rn50_loss: 3.070446202990381e-05
train_acc_Landbird: 0.8303474484256244
train_acc_Waterbird: 0.39423942394239425
val_acc_Landbird: 0.7765843179377014
val_acc_Waterbird: 0.3656716417910448
TRAIN ACC:        0.7293013555787279
VAL ACC:          0.6847372810675563
BALANCED VAL ACC: 0.5711279798643731
prev best list: []
Saving to trained_weights/waterbirds/gals_waterbird_1.0_forest2water2_21047520_trial_000/best_balanced_valacc_0.57_epoch_0.ckpt
>>> EVALUATING ON TEST SET
WATERBIRDS DIR: /home/ryreu/guided_cnn/waterbirds/waterbird_1.0_forest2water2
NUMBER OF SAMPLES WITH LABEL Landbird: 4510
NUMBER OF SAMPLES WITH LABEL Waterbird: 1284
NUMBER OF SAMPLES WITH GROUP Land_on_Land: 2255
NUMBER OF SAMPLES WITH GROUP Land_on_Water: 2255
NUMBER OF SAMPLES WITH GROUP Water_on_Land: 642
NUMBER OF SAMPLES WITH GROUP Water_on_Water: 642
NUM TEST:   5794

Loaded checkpoint trained_weights/waterbirds/gals_waterbird_1.0_forest2water2_21047520_trial_000/best_balanced_valacc_0.57_epoch_0.ckpt

  0%|          | 0/5794 [00:00<?, ?it/s]
  0%|          | 1/5794 [00:00<29:07,  3.31it/s]
  0%|          | 9/5794 [00:00<03:39, 26.41it/s]
  0%|          | 17/5794 [00:00<02:18, 41.60it/s]
  0%|          | 25/5794 [00:00<01:52, 51.15it/s]
  1%|          | 33/5794 [00:00<01:40, 57.13it/s]
  1%|          | 41/5794 [00:00<01:32, 61.87it/s]
  1%|          | 49/5794 [00:00<01:29, 64.44it/s]
  1%|          | 57/5794 [00:01<01:25, 66.71it/s]
  1%|          | 65/5794 [00:01<01:23, 68.22it/s]
  1%|▏         | 73/5794 [00:01<01:22, 69.10it/s]
  1%|▏         | 81/5794 [00:01<01:21, 70.08it/s]
  2%|▏         | 89/5794 [00:01<01:20, 70.87it/s]
  2%|▏         | 97/5794 [00:01<01:19, 71.67it/s]
  2%|▏         | 105/5794 [00:01<01:20, 70.94it/s]
  2%|▏         | 113/5794 [00:01<01:19, 71.47it/s]
  2%|▏         | 121/5794 [00:01<01:19, 71.69it/s]
  2%|▏         | 129/5794 [00:02<01:19, 71.51it/s]
  2%|▏         | 137/5794 [00:02<01:18, 72.18it/s]
  3%|▎         | 145/5794 [00:02<01:18, 72.31it/s]
  3%|▎         | 153/5794 [00:02<01:17, 72.32it/s]
  3%|▎         | 161/5794 [00:02<01:18, 72.12it/s]
  3%|▎         | 169/5794 [00:02<01:18, 72.04it/s]
  3%|▎         | 177/5794 [00:02<01:18, 71.90it/s]
  3%|▎         | 185/5794 [00:02<01:19, 70.79it/s]
  3%|▎         | 193/5794 [00:02<01:19, 70.74it/s]
  3%|▎         | 201/5794 [00:03<01:18, 71.66it/s]
  4%|▎         | 209/5794 [00:03<01:18, 71.19it/s]
  4%|▎         | 217/5794 [00:03<01:18, 70.92it/s]
  4%|▍         | 225/5794 [00:03<01:17, 71.89it/s]
  4%|▍         | 233/5794 [00:03<01:18, 70.98it/s]
  4%|▍         | 241/5794 [00:03<01:16, 72.24it/s]
  4%|▍         | 249/5794 [00:03<01:16, 72.64it/s]
  4%|▍         | 257/5794 [00:03<01:16, 72.83it/s]
  5%|▍         | 265/5794 [00:03<01:15, 72.76it/s]
  5%|▍         | 273/5794 [00:04<01:16, 72.56it/s]
  5%|▍         | 281/5794 [00:04<01:15, 72.72it/s]
  5%|▍         | 289/5794 [00:04<01:15, 72.57it/s]
  5%|▌         | 297/5794 [00:04<01:15, 72.75it/s]
  5%|▌         | 305/5794 [00:04<01:15, 72.53it/s]
  5%|▌         | 313/5794 [00:04<01:15, 72.74it/s]
  6%|▌         | 321/5794 [00:04<01:15, 72.73it/s]
  6%|▌         | 329/5794 [00:04<01:14, 72.98it/s]
  6%|▌         | 337/5794 [00:04<01:14, 72.78it/s]
  6%|▌         | 345/5794 [00:05<01:15, 72.56it/s]
  6%|▌         | 353/5794 [00:05<01:15, 72.42it/s]
  6%|▌         | 361/5794 [00:05<01:14, 72.71it/s]
  6%|▋         | 369/5794 [00:05<01:14, 72.81it/s]
  7%|▋         | 377/5794 [00:05<01:14, 72.58it/s]
  7%|▋         | 385/5794 [00:05<01:14, 72.74it/s]
  7%|▋         | 393/5794 [00:05<01:14, 72.55it/s]
  7%|▋         | 401/5794 [00:05<01:14, 72.73it/s]
  7%|▋         | 409/5794 [00:05<01:13, 72.80it/s]
  7%|▋         | 417/5794 [00:06<01:14, 72.52it/s]
  7%|▋         | 425/5794 [00:06<01:14, 72.44it/s]
  7%|▋         | 433/5794 [00:06<01:14, 72.21it/s]
  8%|▊         | 441/5794 [00:06<01:14, 72.28it/s]
  8%|▊         | 449/5794 [00:06<01:13, 72.35it/s]
  8%|▊         | 457/5794 [00:06<01:14, 72.02it/s]
  8%|▊         | 465/5794 [00:06<01:14, 71.81it/s]
  8%|▊         | 473/5794 [00:06<01:14, 71.73it/s]
  8%|▊         | 481/5794 [00:06<01:13, 71.96it/s]
  8%|▊         | 489/5794 [00:07<01:13, 71.97it/s]
  9%|▊         | 497/5794 [00:07<01:13, 71.97it/s]
  9%|▊         | 505/5794 [00:07<01:13, 71.95it/s]
  9%|▉         | 513/5794 [00:07<01:14, 71.31it/s]
  9%|▉         | 521/5794 [00:07<01:17, 67.74it/s]
  9%|▉         | 528/5794 [00:07<01:19, 66.46it/s]
  9%|▉         | 535/5794 [00:07<01:20, 65.32it/s]
  9%|▉         | 542/5794 [00:07<01:21, 64.09it/s]
  9%|▉         | 549/5794 [00:07<01:21, 64.23it/s]
 10%|▉         | 556/5794 [00:08<01:21, 63.98it/s]
 10%|▉         | 564/5794 [00:08<01:19, 66.10it/s]
 10%|▉         | 571/5794 [00:08<01:18, 66.69it/s]
 10%|▉         | 579/5794 [00:08<01:16, 68.05it/s]
 10%|█         | 587/5794 [00:08<01:15, 68.66it/s]
 10%|█         | 595/5794 [00:08<01:14, 69.68it/s]
 10%|█         | 603/5794 [00:08<01:13, 70.36it/s]
 11%|█         | 611/5794 [00:17<28:26,  3.04it/s]
 11%|█         | 619/5794 [00:17<20:08,  4.28it/s]
 11%|█         | 627/5794 [00:17<14:23,  5.98it/s]
 11%|█         | 635/5794 [00:17<10:23,  8.27it/s]
 11%|█         | 643/5794 [00:17<07:36, 11.29it/s]
 11%|█         | 651/5794 [00:17<05:39, 15.14it/s]
 11%|█▏        | 659/5794 [00:17<04:18, 19.86it/s]
 12%|█▏        | 667/5794 [00:17<03:21, 25.42it/s]
 12%|█▏        | 675/5794 [00:18<02:42, 31.56it/s]
 12%|█▏        | 683/5794 [00:18<02:14, 38.05it/s]
 12%|█▏        | 691/5794 [00:18<01:55, 44.17it/s]
 12%|█▏        | 699/5794 [00:18<01:41, 50.32it/s]
 12%|█▏        | 707/5794 [00:18<01:31, 55.33it/s]
 12%|█▏        | 715/5794 [00:18<01:25, 59.67it/s]
 12%|█▏        | 723/5794 [00:18<01:20, 62.68it/s]
 13%|█▎        | 731/5794 [00:18<01:16, 65.79it/s]
 13%|█▎        | 739/5794 [00:18<01:14, 67.64it/s]
 13%|█▎        | 747/5794 [00:19<01:13, 68.60it/s]
 13%|█▎        | 755/5794 [00:19<01:12, 69.60it/s]
 13%|█▎        | 763/5794 [00:19<01:11, 70.28it/s]
 13%|█▎        | 771/5794 [00:19<01:11, 70.69it/s]
 13%|█▎        | 779/5794 [00:19<01:10, 71.36it/s]
 14%|█▎        | 787/5794 [00:19<01:09, 71.57it/s]
 14%|█▎        | 795/5794 [00:19<01:11, 70.37it/s]
 14%|█▍        | 803/5794 [00:19<01:09, 71.54it/s]
 14%|█▍        | 811/5794 [00:19<01:09, 72.12it/s]
 14%|█▍        | 819/5794 [00:20<01:08, 72.11it/s]
 14%|█▍        | 827/5794 [00:20<01:09, 71.91it/s]
 14%|█▍        | 835/5794 [00:20<01:08, 72.16it/s]
 15%|█▍        | 843/5794 [00:20<01:09, 71.44it/s]
 15%|█▍        | 851/5794 [00:20<01:08, 71.69it/s]
 15%|█▍        | 859/5794 [00:20<01:08, 71.93it/s]
 15%|█▍        | 867/5794 [00:20<01:08, 71.92it/s]
 15%|█▌        | 875/5794 [00:20<01:08, 72.02it/s]
 15%|█▌        | 883/5794 [00:20<01:07, 72.35it/s]
 15%|█▌        | 891/5794 [00:21<01:08, 72.05it/s]
 16%|█▌        | 899/5794 [00:21<01:07, 72.83it/s]
 16%|█▌        | 907/5794 [00:21<01:07, 72.78it/s]
 16%|█▌        | 915/5794 [00:21<01:07, 72.20it/s]
 16%|█▌        | 923/5794 [00:21<01:07, 72.58it/s]
 16%|█▌        | 931/5794 [00:21<01:06, 72.83it/s]
 16%|█▌        | 939/5794 [00:21<01:06, 72.72it/s]
 16%|█▋        | 947/5794 [00:21<01:08, 70.89it/s]
 16%|█▋        | 955/5794 [00:21<01:07, 71.29it/s]
 17%|█▋        | 963/5794 [00:22<01:08, 70.91it/s]
 17%|█▋        | 971/5794 [00:22<01:07, 71.31it/s]
 17%|█▋        | 979/5794 [00:22<01:07, 71.63it/s]
 17%|█▋        | 987/5794 [00:22<01:07, 71.51it/s]
 17%|█▋        | 995/5794 [00:22<01:50, 43.53it/s]
 17%|█▋        | 1003/5794 [00:22<01:35, 50.41it/s]
 17%|█▋        | 1011/5794 [00:22<01:26, 55.51it/s]
 18%|█▊        | 1019/5794 [00:23<01:20, 59.68it/s]
 18%|█▊        | 1027/5794 [00:23<01:15, 63.05it/s]
 18%|█▊        | 1034/5794 [00:23<01:14, 63.90it/s]
 18%|█▊        | 1041/5794 [00:23<01:14, 63.73it/s]
 18%|█▊        | 1048/5794 [00:23<01:13, 64.36it/s]
 18%|█▊        | 1056/5794 [00:23<01:11, 65.96it/s]
 18%|█▊        | 1064/5794 [00:23<01:09, 68.48it/s]
 19%|█▊        | 1072/5794 [00:23<01:08, 68.97it/s]
 19%|█▊        | 1080/5794 [00:23<01:06, 70.83it/s]
 19%|█▉        | 1088/5794 [00:32<25:55,  3.02it/s]
 19%|█▉        | 1095/5794 [00:32<19:04,  4.11it/s]
 19%|█▉        | 1103/5794 [00:32<13:27,  5.81it/s]
 19%|█▉        | 1110/5794 [00:32<10:00,  7.80it/s]
 19%|█▉        | 1118/5794 [00:32<07:11, 10.83it/s]
 19%|█▉        | 1125/5794 [00:32<05:29, 14.19it/s]
 20%|█▉        | 1133/5794 [00:32<04:04, 19.03it/s]
 20%|█▉        | 1141/5794 [00:33<03:08, 24.64it/s]
 20%|█▉        | 1149/5794 [00:33<02:30, 30.85it/s]
 20%|█▉        | 1157/5794 [00:33<02:04, 37.25it/s]
 20%|██        | 1165/5794 [00:33<01:46, 43.47it/s]
 20%|██        | 1173/5794 [00:33<01:33, 49.31it/s]
 20%|██        | 1181/5794 [00:33<01:24, 54.34it/s]
 21%|██        | 1189/5794 [00:33<01:18, 58.49it/s]
 21%|██        | 1197/5794 [00:33<01:14, 61.46it/s]
 21%|██        | 1205/5794 [00:33<01:11, 64.28it/s]
 21%|██        | 1213/5794 [00:34<01:09, 66.11it/s]
 21%|██        | 1221/5794 [00:34<01:07, 67.46it/s]
 21%|██        | 1229/5794 [00:34<01:06, 68.17it/s]
 21%|██▏       | 1237/5794 [00:34<01:06, 69.03it/s]
 21%|██▏       | 1245/5794 [00:34<01:05, 69.55it/s]
 22%|██▏       | 1253/5794 [00:34<01:04, 70.14it/s]
 22%|██▏       | 1261/5794 [00:34<01:04, 70.22it/s]
 22%|██▏       | 1269/5794 [00:34<01:04, 70.51it/s]
 22%|██▏       | 1277/5794 [00:35<01:04, 70.19it/s]
 22%|██▏       | 1285/5794 [00:35<01:03, 70.79it/s]
 22%|██▏       | 1293/5794 [00:35<01:03, 70.81it/s]
 22%|██▏       | 1301/5794 [00:35<01:03, 70.42it/s]
 23%|██▎       | 1309/5794 [00:35<01:03, 71.09it/s]
 23%|██▎       | 1317/5794 [00:35<01:03, 70.96it/s]
 23%|██▎       | 1325/5794 [00:35<01:02, 71.06it/s]
 23%|██▎       | 1333/5794 [00:35<01:03, 70.77it/s]
 23%|██▎       | 1341/5794 [00:35<01:02, 70.79it/s]
 23%|██▎       | 1349/5794 [00:36<01:03, 70.46it/s]
 23%|██▎       | 1357/5794 [00:36<01:02, 70.90it/s]
 24%|██▎       | 1365/5794 [00:36<01:02, 70.82it/s]
 24%|██▎       | 1373/5794 [00:36<01:02, 71.02it/s]
 24%|██▍       | 1381/5794 [00:36<01:02, 71.03it/s]
 24%|██▍       | 1389/5794 [00:36<01:02, 70.66it/s]
 24%|██▍       | 1397/5794 [00:36<01:02, 70.56it/s]
 24%|██▍       | 1405/5794 [00:36<01:02, 70.14it/s]
 24%|██▍       | 1413/5794 [00:36<01:04, 67.63it/s]
 25%|██▍       | 1420/5794 [00:37<01:06, 66.19it/s]
 25%|██▍       | 1427/5794 [00:37<01:07, 64.35it/s]
 25%|██▍       | 1434/5794 [00:37<01:07, 64.50it/s]
 25%|██▍       | 1441/5794 [00:37<01:08, 63.77it/s]
 25%|██▍       | 1448/5794 [00:37<01:08, 63.31it/s]
 25%|██▌       | 1455/5794 [00:37<01:08, 63.23it/s]
 25%|██▌       | 1462/5794 [00:37<01:09, 62.66it/s]
 25%|██▌       | 1469/5794 [00:37<01:08, 63.17it/s]
 25%|██▌       | 1476/5794 [00:37<01:08, 62.84it/s]
 26%|██▌       | 1483/5794 [00:38<01:08, 63.15it/s]
 26%|██▌       | 1490/5794 [00:38<01:08, 63.12it/s]
 26%|██▌       | 1497/5794 [00:38<01:07, 63.61it/s]
 26%|██▌       | 1505/5794 [00:38<01:05, 65.81it/s]
 26%|██▌       | 1512/5794 [00:38<01:04, 66.56it/s]
 26%|██▌       | 1520/5794 [00:38<01:02, 68.27it/s]
 26%|██▋       | 1528/5794 [00:38<01:01, 68.87it/s]
 27%|██▋       | 1536/5794 [00:38<01:01, 69.39it/s]
 27%|██▋       | 1544/5794 [00:38<01:01, 69.55it/s]
 27%|██▋       | 1551/5794 [00:39<01:02, 67.58it/s]
 27%|██▋       | 1558/5794 [00:39<01:04, 66.09it/s]
 27%|██▋       | 1565/5794 [00:39<01:04, 65.22it/s]
 27%|██▋       | 1572/5794 [00:39<01:05, 64.57it/s]
 27%|██▋       | 1579/5794 [00:39<01:05, 63.90it/s]
 27%|██▋       | 1586/5794 [00:39<01:06, 63.72it/s]
 27%|██▋       | 1593/5794 [00:39<01:06, 63.14it/s]
 28%|██▊       | 1600/5794 [00:39<01:07, 62.58it/s]
 28%|██▊       | 1607/5794 [00:39<01:06, 63.18it/s]
 28%|██▊       | 1614/5794 [00:40<01:06, 63.28it/s]
 28%|██▊       | 1621/5794 [00:40<01:06, 62.96it/s]
 28%|██▊       | 1628/5794 [00:40<01:06, 62.38it/s]
 28%|██▊       | 1635/5794 [00:40<01:07, 61.97it/s]
 28%|██▊       | 1642/5794 [00:40<01:06, 62.47it/s]
 28%|██▊       | 1649/5794 [00:40<01:06, 61.99it/s]
 29%|██▊       | 1656/5794 [00:40<01:06, 62.57it/s]
 29%|██▊       | 1663/5794 [00:40<01:06, 62.35it/s]
 29%|██▉       | 1670/5794 [00:40<01:05, 63.03it/s]
 29%|██▉       | 1677/5794 [00:41<01:04, 63.40it/s]
 29%|██▉       | 1684/5794 [00:41<01:05, 63.17it/s]
 29%|██▉       | 1691/5794 [00:41<01:05, 63.05it/s]
 29%|██▉       | 1698/5794 [00:41<01:05, 62.82it/s]
 29%|██▉       | 1705/5794 [00:41<01:04, 62.99it/s]
 30%|██▉       | 1712/5794 [00:41<01:05, 62.63it/s]
 30%|██▉       | 1719/5794 [00:41<01:04, 62.76it/s]
 30%|██▉       | 1726/5794 [00:41<01:05, 62.01it/s]
 30%|██▉       | 1733/5794 [00:41<01:04, 63.03it/s]
 30%|███       | 1740/5794 [00:42<01:04, 63.08it/s]
 30%|███       | 1747/5794 [00:42<01:04, 63.01it/s]
 30%|███       | 1754/5794 [00:42<01:04, 62.98it/s]
 30%|███       | 1761/5794 [00:42<01:03, 63.19it/s]
 31%|███       | 1768/5794 [00:42<01:03, 63.12it/s]
 31%|███       | 1775/5794 [00:42<01:04, 62.43it/s]
 31%|███       | 1782/5794 [00:42<01:03, 63.09it/s]
 31%|███       | 1789/5794 [00:42<01:03, 63.22it/s]
 31%|███       | 1796/5794 [00:42<01:03, 63.22it/s]
 31%|███       | 1803/5794 [00:43<01:03, 63.21it/s]
 31%|███       | 1810/5794 [00:43<01:02, 63.38it/s]
 31%|███▏      | 1817/5794 [00:43<01:02, 63.32it/s]
 31%|███▏      | 1824/5794 [00:43<01:02, 63.41it/s]
 32%|███▏      | 1831/5794 [00:43<01:02, 63.35it/s]
 32%|███▏      | 1838/5794 [00:43<01:02, 63.40it/s]
 32%|███▏      | 1845/5794 [00:43<01:02, 63.39it/s]
 32%|███▏      | 1852/5794 [00:43<01:02, 63.38it/s]
 32%|███▏      | 1859/5794 [00:43<01:01, 63.51it/s]
 32%|███▏      | 1866/5794 [00:44<01:01, 63.37it/s]
 32%|███▏      | 1873/5794 [00:44<01:01, 63.40it/s]
 32%|███▏      | 1880/5794 [00:44<01:01, 63.37it/s]
 33%|███▎      | 1887/5794 [00:44<01:01, 63.30it/s]
 33%|███▎      | 1894/5794 [00:44<01:01, 63.33it/s]
 33%|███▎      | 1901/5794 [00:44<01:01, 63.41it/s]
 33%|███▎      | 1908/5794 [00:44<01:01, 63.27it/s]
 33%|███▎      | 1915/5794 [00:44<01:01, 63.20it/s]
 33%|███▎      | 1922/5794 [00:44<01:01, 62.93it/s]
 33%|███▎      | 1929/5794 [00:45<01:01, 62.82it/s]
 33%|███▎      | 1936/5794 [00:45<01:01, 62.53it/s]
 34%|███▎      | 1943/5794 [00:45<01:01, 63.10it/s]
 34%|███▎      | 1950/5794 [00:45<01:01, 62.93it/s]
 34%|███▍      | 1957/5794 [00:45<01:00, 63.26it/s]
 34%|███▍      | 1964/5794 [00:45<01:01, 62.35it/s]
 34%|███▍      | 1971/5794 [00:45<01:00, 63.19it/s]
 34%|███▍      | 1978/5794 [00:45<01:00, 63.17it/s]
 34%|███▍      | 1985/5794 [00:45<00:59, 63.61it/s]
 34%|███▍      | 1992/5794 [00:46<00:59, 63.56it/s]
 35%|███▍      | 1999/5794 [00:46<01:00, 62.81it/s]
 35%|███▍      | 2006/5794 [00:46<00:59, 63.95it/s]
 35%|███▍      | 2013/5794 [00:46<00:59, 63.86it/s]
 35%|███▍      | 2020/5794 [00:46<00:59, 63.55it/s]
 35%|███▍      | 2027/5794 [00:46<00:59, 63.56it/s]
 35%|███▌      | 2034/5794 [00:46<00:59, 63.20it/s]
 35%|███▌      | 2041/5794 [00:46<00:59, 62.89it/s]
 35%|███▌      | 2048/5794 [00:46<00:59, 63.26it/s]
 35%|███▌      | 2055/5794 [00:47<00:59, 62.89it/s]
 36%|███▌      | 2062/5794 [00:47<00:58, 63.31it/s]
 36%|███▌      | 2069/5794 [00:47<00:59, 62.91it/s]
 36%|███▌      | 2076/5794 [00:47<00:58, 63.12it/s]
 36%|███▌      | 2083/5794 [00:47<00:58, 63.18it/s]
 36%|███▌      | 2090/5794 [00:47<00:58, 63.11it/s]
 36%|███▌      | 2097/5794 [00:47<00:58, 63.14it/s]
 36%|███▋      | 2104/5794 [00:47<00:58, 63.04it/s]
 36%|███▋      | 2111/5794 [00:47<00:58, 62.75it/s]
 37%|███▋      | 2118/5794 [00:48<00:58, 63.20it/s]
 37%|███▋      | 2125/5794 [00:48<00:58, 63.13it/s]
 37%|███▋      | 2132/5794 [00:48<00:57, 63.18it/s]
 37%|███▋      | 2139/5794 [00:48<00:58, 62.76it/s]
 37%|███▋      | 2146/5794 [00:48<00:57, 63.57it/s]
 37%|███▋      | 2153/5794 [00:48<00:57, 63.16it/s]
 37%|███▋      | 2160/5794 [00:48<00:57, 63.15it/s]
 37%|███▋      | 2167/5794 [00:48<00:57, 63.14it/s]
 38%|███▊      | 2174/5794 [00:48<00:57, 62.68it/s]
 38%|███▊      | 2181/5794 [00:49<00:57, 63.25it/s]
 38%|███▊      | 2188/5794 [00:49<00:57, 63.00it/s]
 38%|███▊      | 2195/5794 [00:49<00:57, 62.87it/s]
 38%|███▊      | 2202/5794 [00:49<00:56, 63.33it/s]
 38%|███▊      | 2209/5794 [00:49<00:56, 63.12it/s]
 38%|███▊      | 2216/5794 [00:49<00:56, 63.18it/s]
 38%|███▊      | 2223/5794 [00:49<00:56, 63.10it/s]
 38%|███▊      | 2230/5794 [00:49<00:56, 63.37it/s]
 39%|███▊      | 2237/5794 [00:49<00:56, 63.09it/s]
 39%|███▊      | 2244/5794 [00:50<00:56, 63.29it/s]
 39%|███▉      | 2251/5794 [00:50<00:56, 62.58it/s]
 39%|███▉      | 2258/5794 [00:50<00:56, 62.87it/s]
 39%|███▉      | 2265/5794 [00:50<00:56, 62.39it/s]
 39%|███▉      | 2272/5794 [00:50<00:56, 62.78it/s]
 39%|███▉      | 2279/5794 [00:50<00:55, 63.05it/s]
 39%|███▉      | 2286/5794 [00:50<00:55, 63.15it/s]
 40%|███▉      | 2293/5794 [00:50<00:55, 63.19it/s]
 40%|███▉      | 2300/5794 [00:50<00:55, 62.90it/s]
 40%|███▉      | 2307/5794 [00:51<00:55, 63.28it/s]
 40%|███▉      | 2314/5794 [00:51<00:54, 63.44it/s]
 40%|████      | 2321/5794 [00:51<00:54, 63.40it/s]
 40%|████      | 2328/5794 [00:51<00:54, 63.39it/s]
 40%|████      | 2335/5794 [00:51<00:54, 63.14it/s]
 40%|████      | 2342/5794 [00:51<00:54, 62.98it/s]
 41%|████      | 2349/5794 [00:51<00:55, 62.59it/s]
 41%|████      | 2356/5794 [00:51<00:54, 62.94it/s]
 41%|████      | 2363/5794 [00:51<00:54, 63.14it/s]
 41%|████      | 2370/5794 [00:52<00:54, 63.20it/s]
 41%|████      | 2377/5794 [00:52<00:54, 63.01it/s]
 41%|████      | 2384/5794 [00:52<00:54, 62.99it/s]
 41%|████▏     | 2391/5794 [00:52<00:54, 63.00it/s]
 41%|████▏     | 2398/5794 [00:52<00:53, 63.13it/s]
 42%|████▏     | 2405/5794 [00:52<00:53, 63.06it/s]
 42%|████▏     | 2412/5794 [00:52<00:53, 63.49it/s]
 42%|████▏     | 2419/5794 [00:52<00:53, 63.17it/s]
 42%|████▏     | 2426/5794 [00:52<00:53, 62.93it/s]
 42%|████▏     | 2434/5794 [00:53<00:50, 66.03it/s]
 42%|████▏     | 2442/5794 [00:53<00:49, 68.03it/s]
 42%|████▏     | 2450/5794 [00:53<00:47, 69.71it/s]
 42%|████▏     | 2458/5794 [00:53<00:47, 69.91it/s]
 43%|████▎     | 2466/5794 [00:53<00:46, 71.34it/s]
 43%|████▎     | 2474/5794 [00:53<00:46, 71.63it/s]
 43%|████▎     | 2482/5794 [00:53<00:46, 71.48it/s]
 43%|████▎     | 2490/5794 [00:53<00:45, 72.03it/s]
 43%|████▎     | 2498/5794 [00:53<00:45, 72.81it/s]
 43%|████▎     | 2506/5794 [00:54<00:45, 72.96it/s]
 43%|████▎     | 2514/5794 [00:54<00:45, 72.70it/s]
 44%|████▎     | 2522/5794 [00:54<00:44, 72.88it/s]
 44%|████▎     | 2530/5794 [00:54<00:45, 71.24it/s]
 44%|████▍     | 2538/5794 [00:54<00:46, 69.33it/s]
 44%|████▍     | 2545/5794 [00:54<00:48, 67.43it/s]
 44%|████▍     | 2552/5794 [00:54<00:48, 66.19it/s]
 44%|████▍     | 2559/5794 [00:54<00:49, 65.35it/s]
 44%|████▍     | 2566/5794 [00:54<00:49, 64.83it/s]
 44%|████▍     | 2573/5794 [00:55<00:49, 64.46it/s]
 45%|████▍     | 2580/5794 [00:55<00:50, 63.94it/s]
 45%|████▍     | 2587/5794 [00:55<00:50, 63.79it/s]
 45%|████▍     | 2594/5794 [00:55<00:50, 63.75it/s]
 45%|████▍     | 2601/5794 [00:55<00:50, 63.35it/s]
 45%|████▌     | 2608/5794 [00:55<00:50, 63.65it/s]
 45%|████▌     | 2615/5794 [00:55<00:50, 63.36it/s]
 45%|████▌     | 2622/5794 [00:55<00:50, 63.21it/s]
 45%|████▌     | 2629/5794 [00:55<00:50, 63.10it/s]
 45%|████▌     | 2636/5794 [00:56<00:50, 63.13it/s]
 46%|████▌     | 2643/5794 [00:56<00:50, 62.91it/s]
 46%|████▌     | 2650/5794 [00:56<00:49, 63.25it/s]
 46%|████▌     | 2657/5794 [00:56<00:49, 63.41it/s]
 46%|████▌     | 2664/5794 [00:56<00:49, 63.43it/s]
 46%|████▌     | 2671/5794 [00:56<00:49, 63.50it/s]
 46%|████▌     | 2678/5794 [00:56<00:49, 62.96it/s]
 46%|████▋     | 2685/5794 [00:56<00:49, 62.95it/s]
 46%|████▋     | 2692/5794 [00:56<00:49, 62.95it/s]
 47%|████▋     | 2699/5794 [00:57<00:48, 63.46it/s]
 47%|████▋     | 2706/5794 [00:57<00:48, 63.03it/s]
 47%|████▋     | 2713/5794 [00:57<00:48, 63.57it/s]
 47%|████▋     | 2720/5794 [00:57<00:48, 63.53it/s]
 47%|████▋     | 2727/5794 [00:57<00:48, 63.27it/s]
 47%|████▋     | 2734/5794 [00:57<00:48, 63.64it/s]
 47%|████▋     | 2741/5794 [00:57<00:47, 63.73it/s]
 47%|████▋     | 2748/5794 [00:57<00:46, 65.00it/s]
 48%|████▊     | 2755/5794 [00:57<00:47, 64.61it/s]
 48%|████▊     | 2762/5794 [00:58<00:47, 63.80it/s]
 48%|████▊     | 2769/5794 [00:58<00:47, 64.09it/s]
 48%|████▊     | 2776/5794 [00:58<00:47, 63.01it/s]
 48%|████▊     | 2783/5794 [00:58<00:47, 63.25it/s]
 48%|████▊     | 2790/5794 [00:58<00:47, 63.53it/s]
 48%|████▊     | 2797/5794 [00:58<00:47, 63.51it/s]
 48%|████▊     | 2804/5794 [00:58<00:47, 62.72it/s]
 49%|████▊     | 2811/5794 [00:58<00:46, 63.59it/s]
 49%|████▊     | 2818/5794 [00:58<00:47, 63.29it/s]
 49%|████▉     | 2825/5794 [00:59<00:46, 63.45it/s]
 49%|████▉     | 2832/5794 [00:59<00:46, 63.37it/s]
 49%|████▉     | 2839/5794 [00:59<00:46, 63.01it/s]
 49%|████▉     | 2846/5794 [00:59<00:46, 63.16it/s]
 49%|████▉     | 2853/5794 [00:59<00:46, 63.57it/s]
 49%|████▉     | 2860/5794 [00:59<00:46, 63.34it/s]
 49%|████▉     | 2867/5794 [00:59<00:46, 63.52it/s]
 50%|████▉     | 2874/5794 [00:59<00:45, 63.53it/s]
 50%|████▉     | 2881/5794 [00:59<00:46, 63.12it/s]
 50%|████▉     | 2888/5794 [01:00<00:45, 63.38it/s]
 50%|████▉     | 2895/5794 [01:00<00:46, 62.96it/s]
 50%|█████     | 2902/5794 [01:00<00:45, 63.65it/s]
 50%|█████     | 2909/5794 [01:00<00:46, 62.64it/s]
 50%|█████     | 2916/5794 [01:00<00:45, 63.24it/s]
 50%|█████     | 2923/5794 [01:00<00:45, 63.76it/s]
 51%|█████     | 2930/5794 [01:00<00:44, 64.54it/s]
 51%|█████     | 2937/5794 [01:00<00:44, 63.70it/s]
 51%|█████     | 2944/5794 [01:00<00:44, 63.54it/s]
 51%|█████     | 2951/5794 [01:01<00:44, 63.99it/s]
 51%|█████     | 2958/5794 [01:01<00:44, 63.93it/s]
 51%|█████     | 2965/5794 [01:01<00:43, 64.95it/s]
 51%|█████▏    | 2972/5794 [01:01<00:43, 64.50it/s]
 51%|█████▏    | 2979/5794 [01:01<00:43, 64.49it/s]
 52%|█████▏    | 2986/5794 [01:01<00:43, 64.56it/s]
 52%|█████▏    | 2993/5794 [01:01<00:43, 63.80it/s]
 52%|█████▏    | 3000/5794 [01:01<00:44, 63.44it/s]
 52%|█████▏    | 3007/5794 [01:01<00:44, 63.21it/s]
 52%|█████▏    | 3014/5794 [01:01<00:44, 63.05it/s]
 52%|█████▏    | 3021/5794 [01:02<00:43, 63.03it/s]
 52%|█████▏    | 3028/5794 [01:02<00:43, 62.96it/s]
 52%|█████▏    | 3035/5794 [01:02<00:43, 63.09it/s]
 53%|█████▎    | 3042/5794 [01:02<00:43, 62.60it/s]
 53%|█████▎    | 3049/5794 [01:02<00:43, 62.72it/s]
 53%|█████▎    | 3056/5794 [01:02<00:43, 62.49it/s]
 53%|█████▎    | 3063/5794 [01:02<00:43, 62.68it/s]
 53%|█████▎    | 3070/5794 [01:02<00:43, 62.55it/s]
 53%|█████▎    | 3077/5794 [01:03<00:43, 62.58it/s]
 53%|█████▎    | 3084/5794 [01:03<00:43, 62.67it/s]
 53%|█████▎    | 3091/5794 [01:03<00:43, 62.71it/s]
 53%|█████▎    | 3098/5794 [01:03<00:43, 62.69it/s]
 54%|█████▎    | 3105/5794 [01:03<00:42, 62.81it/s]
 54%|█████▎    | 3112/5794 [01:03<00:42, 62.90it/s]
 54%|█████▍    | 3119/5794 [01:03<00:42, 63.11it/s]
 54%|█████▍    | 3126/5794 [01:03<00:42, 62.87it/s]
 54%|█████▍    | 3133/5794 [01:03<00:42, 62.91it/s]
 54%|█████▍    | 3140/5794 [01:04<00:42, 63.12it/s]
 54%|█████▍    | 3147/5794 [01:04<00:42, 62.89it/s]
 54%|█████▍    | 3154/5794 [01:04<00:41, 63.00it/s]
 55%|█████▍    | 3161/5794 [01:04<00:41, 62.89it/s]
 55%|█████▍    | 3168/5794 [01:04<00:41, 62.92it/s]
 55%|█████▍    | 3175/5794 [01:04<00:41, 63.02it/s]
 55%|█████▍    | 3182/5794 [01:04<00:41, 63.25it/s]
 55%|█████▌    | 3189/5794 [01:04<00:41, 62.87it/s]
 55%|█████▌    | 3196/5794 [01:04<00:41, 63.29it/s]
 55%|█████▌    | 3203/5794 [01:05<00:40, 63.38it/s]
 55%|█████▌    | 3210/5794 [01:05<00:40, 63.40it/s]
 56%|█████▌    | 3217/5794 [01:05<00:40, 63.01it/s]
 56%|█████▌    | 3224/5794 [01:05<00:40, 63.44it/s]
 56%|█████▌    | 3231/5794 [01:05<00:40, 63.11it/s]
 56%|█████▌    | 3238/5794 [01:05<00:40, 63.31it/s]
 56%|█████▌    | 3245/5794 [01:05<00:39, 64.10it/s]
 56%|█████▌    | 3252/5794 [01:05<00:40, 63.17it/s]
 56%|█████▌    | 3259/5794 [01:05<00:39, 63.42it/s]
 56%|█████▋    | 3266/5794 [01:05<00:40, 63.04it/s]
 56%|█████▋    | 3273/5794 [01:06<00:39, 63.05it/s]
 57%|█████▋    | 3280/5794 [01:06<00:39, 63.08it/s]
 57%|█████▋    | 3287/5794 [01:06<00:39, 63.01it/s]
 57%|█████▋    | 3294/5794 [01:06<00:39, 62.59it/s]
 57%|█████▋    | 3301/5794 [01:06<00:39, 63.13it/s]
 57%|█████▋    | 3308/5794 [01:06<00:39, 62.88it/s]
 57%|█████▋    | 3315/5794 [01:06<00:39, 62.60it/s]
 57%|█████▋    | 3322/5794 [01:06<00:39, 62.11it/s]
 57%|█████▋    | 3329/5794 [01:07<00:39, 62.12it/s]
 58%|█████▊    | 3336/5794 [01:07<00:39, 62.44it/s]
 58%|█████▊    | 3343/5794 [01:07<00:39, 62.38it/s]
 58%|█████▊    | 3350/5794 [01:07<00:39, 62.56it/s]
 58%|█████▊    | 3357/5794 [01:07<00:39, 62.13it/s]
 58%|█████▊    | 3364/5794 [01:07<00:38, 62.76it/s]
 58%|█████▊    | 3371/5794 [01:07<00:38, 62.44it/s]
 58%|█████▊    | 3378/5794 [01:07<00:38, 62.48it/s]
 58%|█████▊    | 3385/5794 [01:07<00:38, 62.54it/s]
 59%|█████▊    | 3392/5794 [01:08<00:38, 62.30it/s]
 59%|█████▊    | 3399/5794 [01:08<00:38, 61.94it/s]
 59%|█████▉    | 3406/5794 [01:08<00:38, 61.89it/s]
 59%|█████▉    | 3413/5794 [01:08<00:38, 61.26it/s]
 59%|█████▉    | 3420/5794 [01:08<00:38, 61.73it/s]
 59%|█████▉    | 3427/5794 [01:08<00:38, 61.89it/s]
 59%|█████▉    | 3434/5794 [01:08<00:38, 61.85it/s]
 59%|█████▉    | 3441/5794 [01:08<00:37, 62.38it/s]
 60%|█████▉    | 3448/5794 [01:08<00:37, 62.04it/s]
 60%|█████▉    | 3455/5794 [01:09<00:37, 62.38it/s]
 60%|█████▉    | 3462/5794 [01:09<00:37, 62.05it/s]
 60%|█████▉    | 3469/5794 [01:09<00:37, 62.37it/s]
 60%|█████▉    | 3476/5794 [01:09<00:37, 61.94it/s]
 60%|██████    | 3483/5794 [01:09<00:37, 62.42it/s]
 60%|██████    | 3490/5794 [01:09<00:36, 63.08it/s]
 60%|██████    | 3490/5794 [01:25<00:36, 63.08it/s]
 60%|██████    | 3491/5794 [01:26<37:37,  1.02it/s]
 60%|██████    | 3498/5794 [01:26<24:00,  1.59it/s]
 60%|██████    | 3505/5794 [01:26<15:55,  2.40it/s]
 61%|██████    | 3512/5794 [01:26<10:51,  3.50it/s]
 61%|██████    | 3519/5794 [01:26<07:33,  5.02it/s]
 61%|██████    | 3526/5794 [01:26<05:21,  7.06it/s]
 61%|██████    | 3533/5794 [01:26<03:52,  9.73it/s]
 61%|██████    | 3540/5794 [01:27<02:51, 13.14it/s]
 61%|██████    | 3547/5794 [01:27<02:09, 17.29it/s]
 61%|██████▏   | 3554/5794 [01:27<01:41, 22.15it/s]
 61%|██████▏   | 3561/5794 [01:27<01:20, 27.60it/s]
 62%|██████▏   | 3568/5794 [01:27<01:06, 33.25it/s]
 62%|██████▏   | 3575/5794 [01:27<00:57, 38.80it/s]
 62%|██████▏   | 3582/5794 [01:27<00:50, 43.86it/s]
 62%|██████▏   | 3589/5794 [01:27<00:45, 48.07it/s]
 62%|██████▏   | 3596/5794 [01:27<00:42, 52.08it/s]
 62%|██████▏   | 3603/5794 [01:28<00:39, 54.83it/s]
 62%|██████▏   | 3610/5794 [01:28<00:38, 57.31it/s]
 62%|██████▏   | 3617/5794 [01:28<00:36, 58.97it/s]
 63%|██████▎   | 3624/5794 [01:28<00:35, 60.35it/s]
 63%|██████▎   | 3631/5794 [01:28<00:35, 60.99it/s]
 63%|██████▎   | 3638/5794 [01:28<00:34, 61.60it/s]
 63%|██████▎   | 3645/5794 [01:28<00:34, 61.44it/s]
 63%|██████▎   | 3652/5794 [01:28<00:34, 62.58it/s]
 63%|██████▎   | 3659/5794 [01:28<00:34, 62.41it/s]
 63%|██████▎   | 3666/5794 [01:29<00:33, 62.71it/s]
 63%|██████▎   | 3673/5794 [01:29<00:33, 62.89it/s]
 64%|██████▎   | 3680/5794 [01:29<00:32, 64.73it/s]
 64%|██████▎   | 3687/5794 [01:29<00:32, 65.83it/s]
 64%|██████▍   | 3694/5794 [01:29<00:31, 67.01it/s]
 64%|██████▍   | 3702/5794 [01:29<00:30, 68.76it/s]
 64%|██████▍   | 3710/5794 [01:29<00:30, 69.45it/s]
 64%|██████▍   | 3718/5794 [01:29<00:29, 70.11it/s]
 64%|██████▍   | 3726/5794 [01:29<00:29, 70.40it/s]
 64%|██████▍   | 3734/5794 [01:30<00:29, 70.69it/s]
 65%|██████▍   | 3742/5794 [01:30<00:28, 71.00it/s]
 65%|██████▍   | 3750/5794 [01:30<00:30, 68.00it/s]
 65%|██████▍   | 3757/5794 [01:30<00:30, 66.51it/s]
 65%|██████▍   | 3764/5794 [01:30<00:30, 65.66it/s]
 65%|██████▌   | 3771/5794 [01:30<00:31, 64.96it/s]
 65%|██████▌   | 3778/5794 [01:30<00:31, 64.43it/s]
 65%|██████▌   | 3785/5794 [01:30<00:31, 64.11it/s]
 65%|██████▌   | 3792/5794 [01:30<00:31, 63.72it/s]
 66%|██████▌   | 3799/5794 [01:31<00:31, 63.61it/s]
 66%|██████▌   | 3806/5794 [01:31<00:31, 63.47it/s]
 66%|██████▌   | 3813/5794 [01:31<00:31, 63.32it/s]
 66%|██████▌   | 3820/5794 [01:31<00:31, 63.46it/s]
 66%|██████▌   | 3827/5794 [01:31<00:31, 63.38it/s]
 66%|██████▌   | 3834/5794 [01:31<00:31, 63.11it/s]
 66%|██████▋   | 3841/5794 [01:31<00:30, 63.27it/s]
 66%|██████▋   | 3848/5794 [01:31<00:30, 63.17it/s]
 67%|██████▋   | 3855/5794 [01:31<00:30, 63.26it/s]
 67%|██████▋   | 3862/5794 [01:32<00:30, 63.12it/s]
 67%|██████▋   | 3869/5794 [01:32<00:30, 63.38it/s]
 67%|██████▋   | 3876/5794 [01:32<00:30, 63.09it/s]
 67%|██████▋   | 3883/5794 [01:32<00:30, 63.00it/s]
 67%|██████▋   | 3890/5794 [01:32<00:29, 63.73it/s]
 67%|██████▋   | 3897/5794 [01:32<00:29, 63.53it/s]
 67%|██████▋   | 3904/5794 [01:32<00:29, 63.36it/s]
 68%|██████▊   | 3911/5794 [01:32<00:29, 63.32it/s]
 68%|██████▊   | 3918/5794 [01:32<00:29, 62.57it/s]
 68%|██████▊   | 3926/5794 [01:33<00:28, 66.30it/s]
 68%|██████▊   | 3934/5794 [01:33<00:27, 68.00it/s]
 68%|██████▊   | 3941/5794 [01:33<00:27, 68.51it/s]
 68%|██████▊   | 3949/5794 [01:33<00:26, 69.41it/s]
 68%|██████▊   | 3957/5794 [01:33<00:26, 70.40it/s]
 68%|██████▊   | 3965/5794 [01:33<00:25, 70.54it/s]
 69%|██████▊   | 3973/5794 [01:33<00:25, 70.62it/s]
 69%|██████▊   | 3981/5794 [01:33<00:25, 71.03it/s]
 69%|██████▉   | 3989/5794 [01:33<00:25, 71.32it/s]
 69%|██████▉   | 3997/5794 [01:34<00:25, 71.28it/s]
 69%|██████▉   | 4005/5794 [01:34<00:24, 71.56it/s]
 69%|██████▉   | 4013/5794 [01:34<00:24, 71.64it/s]
 69%|██████▉   | 4021/5794 [01:34<00:24, 71.50it/s]
 70%|██████▉   | 4029/5794 [01:34<00:24, 71.50it/s]
 70%|██████▉   | 4037/5794 [01:34<00:24, 71.65it/s]
 70%|██████▉   | 4045/5794 [01:34<00:24, 71.47it/s]
 70%|██████▉   | 4053/5794 [01:34<00:24, 71.57it/s]
 70%|███████   | 4061/5794 [01:34<00:24, 71.34it/s]
 70%|███████   | 4069/5794 [01:35<00:24, 71.19it/s]
 70%|███████   | 4077/5794 [01:35<00:24, 70.51it/s]
 71%|███████   | 4085/5794 [01:35<00:24, 70.89it/s]
 71%|███████   | 4093/5794 [01:35<00:24, 70.87it/s]
 71%|███████   | 4101/5794 [01:35<00:23, 71.10it/s]
 71%|███████   | 4109/5794 [01:35<00:23, 71.29it/s]
 71%|███████   | 4117/5794 [01:35<00:23, 71.33it/s]
 71%|███████   | 4125/5794 [01:35<00:23, 70.99it/s]
 71%|███████▏  | 4133/5794 [01:35<00:23, 71.01it/s]
 71%|███████▏  | 4141/5794 [01:36<00:23, 71.26it/s]
 72%|███████▏  | 4149/5794 [01:36<00:23, 70.83it/s]
 72%|███████▏  | 4157/5794 [01:36<00:23, 71.10it/s]
 72%|███████▏  | 4165/5794 [01:36<00:22, 70.88it/s]
 72%|███████▏  | 4173/5794 [01:36<00:22, 71.33it/s]
 72%|███████▏  | 4181/5794 [01:36<00:22, 70.92it/s]
 72%|███████▏  | 4189/5794 [01:36<00:22, 70.29it/s]
 72%|███████▏  | 4197/5794 [01:36<00:22, 69.78it/s]
 73%|███████▎  | 4205/5794 [01:37<00:22, 69.69it/s]
 73%|███████▎  | 4213/5794 [01:37<00:22, 70.05it/s]
 73%|███████▎  | 4221/5794 [01:37<00:22, 70.08it/s]
 73%|███████▎  | 4229/5794 [01:37<00:22, 70.27it/s]
 73%|███████▎  | 4237/5794 [01:37<00:22, 69.85it/s]
 73%|███████▎  | 4245/5794 [01:37<00:22, 69.48it/s]
 73%|███████▎  | 4253/5794 [01:37<00:22, 69.94it/s]
 74%|███████▎  | 4261/5794 [01:37<00:21, 70.44it/s]
 74%|███████▎  | 4269/5794 [01:37<00:21, 70.33it/s]
 74%|███████▍  | 4277/5794 [01:38<00:21, 69.93it/s]
 74%|███████▍  | 4284/5794 [01:38<00:22, 67.77it/s]
 74%|███████▍  | 4291/5794 [01:38<00:22, 66.34it/s]
 74%|███████▍  | 4298/5794 [01:38<00:22, 65.51it/s]
 74%|███████▍  | 4305/5794 [01:38<00:23, 64.20it/s]
 74%|███████▍  | 4312/5794 [01:38<00:23, 63.96it/s]
 75%|███████▍  | 4319/5794 [01:38<00:23, 62.89it/s]
 75%|███████▍  | 4326/5794 [01:38<00:23, 62.11it/s]
 75%|███████▍  | 4333/5794 [01:38<00:23, 62.78it/s]
 75%|███████▍  | 4340/5794 [01:39<00:23, 62.58it/s]
 75%|███████▌  | 4347/5794 [01:39<00:23, 62.64it/s]
 75%|███████▌  | 4354/5794 [01:39<00:23, 62.42it/s]
 75%|███████▌  | 4361/5794 [01:39<00:23, 62.26it/s]
 75%|███████▌  | 4368/5794 [01:39<00:23, 61.80it/s]
 76%|███████▌  | 4375/5794 [01:39<00:22, 62.38it/s]
 76%|███████▌  | 4382/5794 [01:39<00:22, 62.48it/s]
 76%|███████▌  | 4389/5794 [01:39<00:22, 61.85it/s]
 76%|███████▌  | 4396/5794 [01:39<00:22, 61.67it/s]
 76%|███████▌  | 4403/5794 [01:40<00:22, 62.47it/s]
 76%|███████▌  | 4410/5794 [01:40<00:22, 61.91it/s]
 76%|███████▌  | 4417/5794 [01:40<00:22, 62.17it/s]
 76%|███████▋  | 4424/5794 [01:40<00:22, 61.48it/s]
 76%|███████▋  | 4431/5794 [01:40<00:22, 61.46it/s]
 77%|███████▋  | 4438/5794 [01:40<00:21, 62.09it/s]
 77%|███████▋  | 4445/5794 [01:40<00:21, 62.29it/s]
 77%|███████▋  | 4452/5794 [01:40<00:21, 62.51it/s]
 77%|███████▋  | 4459/5794 [01:40<00:21, 62.53it/s]
 77%|███████▋  | 4466/5794 [01:41<00:21, 62.79it/s]
 77%|███████▋  | 4473/5794 [01:41<00:21, 62.85it/s]
 77%|███████▋  | 4480/5794 [01:41<00:21, 62.33it/s]
 77%|███████▋  | 4487/5794 [01:41<00:20, 62.37it/s]
 78%|███████▊  | 4494/5794 [01:41<00:20, 62.64it/s]
 78%|███████▊  | 4501/5794 [01:41<00:20, 62.96it/s]
 78%|███████▊  | 4508/5794 [01:41<00:20, 62.84it/s]
 78%|███████▊  | 4515/5794 [01:41<00:20, 62.81it/s]
 78%|███████▊  | 4522/5794 [01:41<00:20, 62.96it/s]
 78%|███████▊  | 4529/5794 [01:42<00:20, 63.09it/s]
 78%|███████▊  | 4536/5794 [01:42<00:19, 63.19it/s]
 78%|███████▊  | 4543/5794 [01:42<00:19, 62.76it/s]
 79%|███████▊  | 4550/5794 [01:42<00:19, 63.12it/s]
 79%|███████▊  | 4557/5794 [01:42<00:19, 64.03it/s]
 79%|███████▉  | 4564/5794 [01:42<00:19, 64.68it/s]
 79%|███████▉  | 4571/5794 [01:42<00:19, 63.27it/s]
 79%|███████▉  | 4578/5794 [01:42<00:19, 62.74it/s]
 79%|███████▉  | 4585/5794 [01:42<00:19, 63.26it/s]
 79%|███████▉  | 4592/5794 [01:43<00:19, 63.14it/s]
 79%|███████▉  | 4599/5794 [01:43<00:19, 62.46it/s]
 79%|███████▉  | 4606/5794 [01:43<00:18, 63.00it/s]
 80%|███████▉  | 4613/5794 [01:43<00:18, 62.70it/s]
 80%|███████▉  | 4620/5794 [01:43<00:18, 62.98it/s]
 80%|███████▉  | 4627/5794 [01:43<00:18, 62.48it/s]
 80%|███████▉  | 4634/5794 [01:43<00:18, 62.32it/s]
 80%|████████  | 4641/5794 [01:43<00:18, 62.68it/s]
 80%|████████  | 4648/5794 [01:43<00:18, 62.40it/s]
 80%|████████  | 4655/5794 [01:44<00:18, 63.03it/s]
 80%|████████  | 4662/5794 [01:44<00:17, 63.10it/s]
 81%|████████  | 4669/5794 [01:44<00:17, 62.76it/s]
 81%|████████  | 4676/5794 [01:44<00:17, 62.60it/s]
 81%|████████  | 4683/5794 [01:44<00:17, 63.51it/s]
 81%|████████  | 4690/5794 [01:44<00:17, 63.33it/s]
 81%|████████  | 4697/5794 [01:44<00:17, 63.39it/s]
 81%|████████  | 4704/5794 [01:44<00:17, 63.45it/s]
 81%|████████▏ | 4711/5794 [01:44<00:17, 63.51it/s]
 81%|████████▏ | 4718/5794 [01:45<00:16, 63.53it/s]
 82%|████████▏ | 4725/5794 [01:45<00:16, 63.33it/s]
 82%|████████▏ | 4732/5794 [01:45<00:16, 63.04it/s]
 82%|████████▏ | 4739/5794 [01:45<00:16, 63.51it/s]
 82%|████████▏ | 4746/5794 [01:45<00:16, 63.51it/s]
 82%|████████▏ | 4753/5794 [01:45<00:16, 63.54it/s]
 82%|████████▏ | 4760/5794 [01:45<00:16, 63.44it/s]
 82%|████████▏ | 4767/5794 [01:45<00:16, 63.50it/s]
 82%|████████▏ | 4774/5794 [01:45<00:16, 63.20it/s]
 83%|████████▎ | 4781/5794 [01:46<00:15, 63.67it/s]
 83%|████████▎ | 4788/5794 [01:46<00:15, 65.09it/s]
 83%|████████▎ | 4796/5794 [01:46<00:14, 67.33it/s]
 83%|████████▎ | 4803/5794 [01:46<00:14, 67.88it/s]
 83%|████████▎ | 4811/5794 [01:46<00:14, 69.03it/s]
 83%|████████▎ | 4819/5794 [01:46<00:13, 69.95it/s]
 83%|████████▎ | 4826/5794 [01:46<00:13, 69.56it/s]
 83%|████████▎ | 4834/5794 [01:46<00:13, 69.80it/s]
 84%|████████▎ | 4842/5794 [01:46<00:13, 70.18it/s]
 84%|████████▎ | 4850/5794 [01:47<00:13, 70.57it/s]
 84%|████████▍ | 4858/5794 [01:47<00:13, 70.73it/s]
 84%|████████▍ | 4866/5794 [01:47<00:13, 70.58it/s]
 84%|████████▍ | 4874/5794 [01:47<00:13, 70.32it/s]
 84%|████████▍ | 4882/5794 [01:47<00:12, 71.06it/s]
 84%|████████▍ | 4890/5794 [01:47<00:13, 68.63it/s]
 85%|████████▍ | 4897/5794 [01:47<00:13, 67.30it/s]
 85%|████████▍ | 4904/5794 [01:47<00:13, 66.36it/s]
 85%|████████▍ | 4911/5794 [01:47<00:13, 65.41it/s]
 85%|████████▍ | 4918/5794 [01:48<00:13, 64.91it/s]
 85%|████████▌ | 4925/5794 [01:48<00:13, 63.94it/s]
 85%|████████▌ | 4932/5794 [01:48<00:13, 64.34it/s]
 85%|████████▌ | 4939/5794 [01:48<00:13, 64.11it/s]
 85%|████████▌ | 4946/5794 [01:48<00:13, 63.84it/s]
 85%|████████▌ | 4953/5794 [01:48<00:13, 63.76it/s]
 86%|████████▌ | 4960/5794 [01:48<00:13, 62.95it/s]
 86%|████████▌ | 4967/5794 [01:48<00:12, 63.82it/s]
 86%|████████▌ | 4974/5794 [01:48<00:12, 63.53it/s]
 86%|████████▌ | 4981/5794 [01:49<00:12, 63.61it/s]
 86%|████████▌ | 4988/5794 [01:49<00:12, 63.60it/s]
 86%|████████▌ | 4995/5794 [01:49<00:12, 63.50it/s]
 86%|████████▋ | 5002/5794 [01:49<00:12, 63.23it/s]
 86%|████████▋ | 5009/5794 [01:49<00:12, 64.77it/s]
 87%|████████▋ | 5017/5794 [01:49<00:11, 66.67it/s]
 87%|████████▋ | 5025/5794 [01:49<00:11, 68.24it/s]
 87%|████████▋ | 5033/5794 [01:49<00:11, 68.83it/s]
 87%|████████▋ | 5041/5794 [01:49<00:10, 69.98it/s]
 87%|████████▋ | 5049/5794 [01:50<00:10, 70.45it/s]
 87%|████████▋ | 5057/5794 [01:50<00:10, 70.57it/s]
 87%|████████▋ | 5065/5794 [01:50<00:10, 70.63it/s]
 88%|████████▊ | 5073/5794 [01:50<00:10, 70.86it/s]
 88%|████████▊ | 5081/5794 [01:50<00:10, 71.02it/s]
 88%|████████▊ | 5089/5794 [01:50<00:09, 70.97it/s]
 88%|████████▊ | 5097/5794 [01:50<00:09, 71.27it/s]
 88%|████████▊ | 5105/5794 [01:50<00:09, 71.06it/s]
 88%|████████▊ | 5113/5794 [01:50<00:09, 68.59it/s]
 88%|████████▊ | 5120/5794 [01:51<00:10, 67.17it/s]
 88%|████████▊ | 5127/5794 [01:51<00:10, 65.99it/s]
 89%|████████▊ | 5134/5794 [01:51<00:10, 65.38it/s]
 89%|████████▊ | 5141/5794 [01:51<00:10, 64.80it/s]
 89%|████████▉ | 5148/5794 [01:51<00:10, 64.28it/s]
 89%|████████▉ | 5155/5794 [01:51<00:09, 64.12it/s]
 89%|████████▉ | 5162/5794 [01:51<00:10, 63.13it/s]
 89%|████████▉ | 5169/5794 [01:51<00:09, 63.27it/s]
 89%|████████▉ | 5176/5794 [01:51<00:09, 63.04it/s]
 89%|████████▉ | 5183/5794 [01:52<00:09, 63.33it/s]
 90%|████████▉ | 5190/5794 [01:52<00:09, 63.08it/s]
 90%|████████▉ | 5197/5794 [01:52<00:09, 63.56it/s]
 90%|████████▉ | 5204/5794 [01:52<00:09, 63.30it/s]
 90%|████████▉ | 5211/5794 [01:52<00:09, 63.23it/s]
 90%|█████████ | 5218/5794 [01:52<00:08, 64.00it/s]
 90%|█████████ | 5225/5794 [01:52<00:08, 63.60it/s]
 90%|█████████ | 5232/5794 [01:52<00:08, 63.64it/s]
 90%|█████████ | 5239/5794 [01:52<00:08, 63.67it/s]
 91%|█████████ | 5246/5794 [01:53<00:08, 63.68it/s]
 91%|█████████ | 5253/5794 [01:53<00:08, 63.51it/s]
 91%|█████████ | 5260/5794 [01:53<00:08, 63.43it/s]
 91%|█████████ | 5267/5794 [01:53<00:08, 63.39it/s]
 91%|█████████ | 5274/5794 [01:53<00:08, 63.44it/s]
 91%|█████████ | 5281/5794 [01:53<00:08, 62.78it/s]
 91%|█████████▏| 5288/5794 [01:53<00:07, 63.32it/s]
 91%|█████████▏| 5295/5794 [01:53<00:07, 63.14it/s]
 92%|█████████▏| 5302/5794 [01:53<00:07, 63.46it/s]
 92%|█████████▏| 5309/5794 [01:54<00:07, 62.70it/s]
 92%|█████████▏| 5316/5794 [01:54<00:07, 63.06it/s]
 92%|█████████▏| 5323/5794 [01:54<00:07, 63.18it/s]
 92%|█████████▏| 5330/5794 [01:54<00:07, 63.03it/s]
 92%|█████████▏| 5337/5794 [01:54<00:07, 62.91it/s]
 92%|█████████▏| 5344/5794 [01:54<00:07, 63.21it/s]
 92%|█████████▏| 5351/5794 [01:54<00:06, 63.38it/s]
 92%|█████████▏| 5358/5794 [01:54<00:06, 63.33it/s]
 93%|█████████▎| 5365/5794 [01:54<00:06, 63.46it/s]
 93%|█████████▎| 5372/5794 [01:55<00:06, 63.34it/s]
 93%|█████████▎| 5379/5794 [01:55<00:06, 63.50it/s]
 93%|█████████▎| 5386/5794 [01:55<00:06, 63.49it/s]
 93%|█████████▎| 5393/5794 [01:55<00:06, 63.48it/s]
 93%|█████████▎| 5400/5794 [01:55<00:06, 63.39it/s]
 93%|█████████▎| 5407/5794 [01:55<00:06, 63.29it/s]
 93%|█████████▎| 5414/5794 [01:55<00:06, 63.28it/s]
 94%|█████████▎| 5421/5794 [01:55<00:05, 63.48it/s]
 94%|█████████▎| 5428/5794 [01:55<00:05, 63.22it/s]
 94%|█████████▍| 5435/5794 [01:56<00:05, 63.02it/s]
 94%|█████████▍| 5442/5794 [01:56<00:05, 63.50it/s]
 94%|█████████▍| 5449/5794 [01:56<00:05, 63.34it/s]
 94%|█████████▍| 5456/5794 [01:56<00:05, 63.58it/s]
 94%|█████████▍| 5463/5794 [01:56<00:05, 63.23it/s]
 94%|█████████▍| 5470/5794 [01:56<00:05, 62.85it/s]
 95%|█████████▍| 5477/5794 [01:56<00:05, 63.06it/s]
 95%|█████████▍| 5484/5794 [01:56<00:04, 62.77it/s]
 95%|█████████▍| 5491/5794 [01:56<00:04, 62.78it/s]
 95%|█████████▍| 5498/5794 [01:57<00:04, 62.83it/s]
 95%|█████████▌| 5505/5794 [01:57<00:04, 62.62it/s]
 95%|█████████▌| 5512/5794 [01:57<00:04, 63.17it/s]
 95%|█████████▌| 5519/5794 [01:57<00:04, 63.07it/s]
 95%|█████████▌| 5526/5794 [01:57<00:04, 63.28it/s]
 95%|█████████▌| 5533/5794 [01:57<00:04, 63.05it/s]
 96%|█████████▌| 5540/5794 [01:57<00:04, 62.55it/s]
 96%|█████████▌| 5547/5794 [01:57<00:03, 63.04it/s]
 96%|█████████▌| 5554/5794 [01:57<00:03, 63.26it/s]
 96%|█████████▌| 5561/5794 [01:58<00:03, 63.24it/s]
 96%|█████████▌| 5568/5794 [01:58<00:03, 63.40it/s]
 96%|█████████▌| 5575/5794 [01:58<00:03, 63.14it/s]
 96%|█████████▋| 5582/5794 [01:58<00:03, 63.33it/s]
 96%|█████████▋| 5589/5794 [01:58<00:03, 63.32it/s]
 97%|█████████▋| 5596/5794 [01:58<00:03, 63.19it/s]
 97%|█████████▋| 5603/5794 [01:58<00:03, 63.43it/s]
 97%|█████████▋| 5610/5794 [01:58<00:02, 63.29it/s]
 97%|█████████▋| 5617/5794 [01:58<00:02, 63.11it/s]
 97%|█████████▋| 5624/5794 [01:59<00:02, 63.40it/s]
 97%|█████████▋| 5631/5794 [01:59<00:02, 62.90it/s]
 97%|█████████▋| 5638/5794 [01:59<00:02, 62.98it/s]
 97%|█████████▋| 5645/5794 [01:59<00:02, 63.49it/s]
 98%|█████████▊| 5653/5794 [01:59<00:02, 66.46it/s]
 98%|█████████▊| 5661/5794 [01:59<00:01, 67.83it/s]
 98%|█████████▊| 5669/5794 [01:59<00:01, 68.02it/s]
 98%|█████████▊| 5677/5794 [01:59<00:01, 69.92it/s]
 98%|█████████▊| 5685/5794 [01:59<00:01, 69.78it/s]
 98%|█████████▊| 5693/5794 [02:00<00:01, 70.40it/s]
 98%|█████████▊| 5701/5794 [02:00<00:01, 70.72it/s]
 99%|█████████▊| 5709/5794 [02:00<00:01, 70.95it/s]
 99%|█████████▊| 5717/5794 [02:00<00:01, 71.01it/s]
 99%|█████████▉| 5725/5794 [02:00<00:00, 69.27it/s]
 99%|█████████▉| 5732/5794 [02:00<00:00, 68.59it/s]
 99%|█████████▉| 5739/5794 [02:00<00:00, 66.90it/s]
 99%|█████████▉| 5746/5794 [02:00<00:00, 65.72it/s]
 99%|█████████▉| 5753/5794 [02:00<00:00, 65.10it/s]
 99%|█████████▉| 5760/5794 [02:01<00:00, 64.57it/s]
100%|█████████▉| 5767/5794 [02:01<00:00, 63.40it/s]
100%|█████████▉| 5774/5794 [02:01<00:00, 64.14it/s]
100%|█████████▉| 5781/5794 [02:01<00:00, 63.67it/s]
100%|█████████▉| 5788/5794 [02:01<00:00, 63.66it/s]
100%|██████████| 5794/5794 [02:01<00:00, 47.63it/s]
BALANCED ACCS CHECKED FOR TEST
TEST SET RESULTS FOR CHECKPOINT trained_weights/waterbirds/gals_waterbird_1.0_forest2water2_21047520_trial_000/best_balanced_valacc_0.57_epoch_0.ckpt
test_acc: 0.6791508457024508
balanced_test_acc: 0.5590903910313529
Land_on_Land_test_acc: 0.9964523281596452
Land_on_Water_test_acc: 0.5529933481152993
Water_on_Land_test_acc: 0.018691588785046728
Water_on_Water_test_acc: 0.6682242990654206
test_acc_Waterbird: 0.34345794392523366
test_acc_Landbird: 0.7747228381374723
