[CMD] /home/ryreu/miniconda3/envs/gals_a100/bin/python -u main.py --config configs/waterbirds_100_gals.yaml --name gals_waterbird_1.0_forest2water2_21050510_trial_000 DATA.ROOT=/home/ryreu/guided_cnn/waterbirds DATA.WATERBIRDS_DIR=waterbird_1.0_forest2water2 SEED=0 EXP.BASE.LR=0.0010000000000000002 EXP.CLASSIFIER.LR=9.999999999999991e-05 EXP.WEIGHT_DECAY=9.999999999999997e-06 EXP.AUX_LOSSES_ON_VAL=False EXP.LOSSES.GRADIENT_OUTSIDE.WEIGHT=10.000000000000002 EXP.NUM_EPOCHS=1
SEED: 0
DATA:
  BATCH_SIZE: 96
  NUM_WORKERS: 4
  SIZE: 224
  NORMALIZATION: imagenet
  ATTENTION_DIR: clip_rn50_attention_gradcam
  SEPARATE_CLASSES: false
  REMOVE_BACKGROUND: false
  ROOT: /home/ryreu/guided_cnn/waterbirds
  USE_CLASS_WEIGHTS: false
  USE_GROUP_WEIGHTS: false
  DATASET: waterbirds
  NUM_CLASSES: 2
  CONFOUNDING_FACTOR: 1.0
  WATERBIRDS_DIR: waterbird_1.0_forest2water2
EXP:
  NUM_TRIALS: 1
  LOSSES:
    CLASSIFICATION:
      WEIGHT: 1
    GRADIENT_OUTSIDE:
      COMPUTE: true
      LOG: false
      WEIGHT: 10.000000000000002
      CRITERION: L1
      GT: clip_rn50
      COMBINE_ATT_MODE: average_nonzero
    GRADIENT_INSIDE:
      COMPUTE: false
      LOG: false
      WEIGHT: 1
      CRITERION: L1
      GT: segmentation
      COMBINE_ATT_MODE: average_nonzero
    GRADCAM:
      COMPUTE: false
      LOG: false
      WEIGHT: 1
      CRITERION: L1
      GT: segmentation
      MODE: match
      COMBINE_ATT_MODE: average_nonzero
  APPROACH: generic
  MODEL: resnet50
  PRETRAINED: true
  NUM_EPOCHS: 1
  OPTIMIZER: SGD
  WEIGHT_DECAY: 9.999999999999997e-06
  MOMENTUM: 0.9
  SCHEDULER: NONE
  BASE:
    LR: 0.0010000000000000002
  CLASSIFIER:
    LR: 9.999999999999991e-05
  AUX_LOSSES_ON_VAL: false
LOGGING:
  SAVE_EVERY: 0
  SAVE_BEST: true
  SAVE_LAST: false
  LOG_ATTENTION: false
  LOG_ATTENTION_STEP: 10
  SAVE_STATS_PATH: null
yaml: configs/waterbirds_100_gals.yaml
name: gals_waterbird_1.0_forest2water2_21050510_trial_000
test_checkpoint: null

WATERBIRDS DIR: /home/ryreu/guided_cnn/waterbirds/waterbird_1.0_forest2water2
NUMBER OF SAMPLES WITH LABEL Landbird: 3684
NUMBER OF SAMPLES WITH LABEL Waterbird: 1111
NUMBER OF SAMPLES WITH GROUP Land_on_Land: 3684
NUMBER OF SAMPLES WITH GROUP Land_on_Water: 0
NUMBER OF SAMPLES WITH GROUP Water_on_Land: 0
NUMBER OF SAMPLES WITH GROUP Water_on_Water: 1111
WATERBIRDS DIR: /home/ryreu/guided_cnn/waterbirds/waterbird_1.0_forest2water2
NUMBER OF SAMPLES WITH LABEL Landbird: 931
NUMBER OF SAMPLES WITH LABEL Waterbird: 268
NUMBER OF SAMPLES WITH GROUP Land_on_Land: 465
NUMBER OF SAMPLES WITH GROUP Land_on_Water: 466
NUMBER OF SAMPLES WITH GROUP Water_on_Land: 134
NUMBER OF SAMPLES WITH GROUP Water_on_Water: 134
NUM TRAIN: 4795

NUM VAL:   1199

Number classifier outputs: 1
Using pretrained model: True
USING SGD OPTIMIZER
class weights: None
group weights: None
WANDB DISABLED: skipping wandb.init()
EPOCH: 0

>>> TRAINING 


  0%|          | 0/50 [00:00<?, ?it/s]
  2%|▏         | 1/50 [00:04<03:37,  4.45s/it]
  4%|▍         | 2/50 [00:05<01:58,  2.48s/it]
  6%|▌         | 3/50 [00:06<01:26,  1.84s/it]
  8%|▊         | 4/50 [00:07<01:10,  1.54s/it]
 10%|█         | 5/50 [00:08<01:02,  1.38s/it]
 12%|█▏        | 6/50 [00:09<00:56,  1.28s/it]
 14%|█▍        | 7/50 [00:10<00:52,  1.22s/it]
 16%|█▌        | 8/50 [00:12<00:49,  1.18s/it]
 18%|█▊        | 9/50 [00:13<00:47,  1.15s/it]
 20%|██        | 10/50 [00:14<00:45,  1.13s/it]
 22%|██▏       | 11/50 [00:15<00:43,  1.12s/it]
 24%|██▍       | 12/50 [00:16<00:42,  1.11s/it]
 26%|██▌       | 13/50 [00:17<00:41,  1.11s/it]
 28%|██▊       | 14/50 [00:18<00:39,  1.10s/it]
 30%|███       | 15/50 [00:19<00:38,  1.10s/it]
 32%|███▏      | 16/50 [00:20<00:37,  1.10s/it]
 34%|███▍      | 17/50 [00:21<00:36,  1.10s/it]
 36%|███▌      | 18/50 [00:23<00:35,  1.10s/it]
 38%|███▊      | 19/50 [00:24<00:33,  1.10s/it]
 40%|████      | 20/50 [00:25<00:32,  1.09s/it]
 42%|████▏     | 21/50 [00:26<00:31,  1.10s/it]
 44%|████▍     | 22/50 [00:27<00:30,  1.09s/it]
 46%|████▌     | 23/50 [00:28<00:29,  1.09s/it]
 48%|████▊     | 24/50 [00:29<00:28,  1.09s/it]
 50%|█████     | 25/50 [00:30<00:27,  1.10s/it]
 52%|█████▏    | 26/50 [00:31<00:26,  1.10s/it]
 54%|█████▍    | 27/50 [00:32<00:25,  1.09s/it]
 56%|█████▌    | 28/50 [00:33<00:24,  1.09s/it]
 58%|█████▊    | 29/50 [00:35<00:23,  1.10s/it]
 60%|██████    | 30/50 [00:36<00:21,  1.10s/it]
 62%|██████▏   | 31/50 [00:37<00:20,  1.09s/it]
 64%|██████▍   | 32/50 [00:38<00:19,  1.09s/it]
 66%|██████▌   | 33/50 [00:39<00:18,  1.10s/it]
 68%|██████▊   | 34/50 [00:40<00:17,  1.10s/it]
 70%|███████   | 35/50 [00:41<00:16,  1.09s/it]
 72%|███████▏  | 36/50 [00:42<00:15,  1.09s/it]
 74%|███████▍  | 37/50 [00:43<00:14,  1.09s/it]
 76%|███████▌  | 38/50 [00:44<00:13,  1.10s/it]
 78%|███████▊  | 39/50 [00:45<00:12,  1.09s/it]
 80%|████████  | 40/50 [00:47<00:10,  1.09s/it]
 82%|████████▏ | 41/50 [00:48<00:09,  1.09s/it]
 84%|████████▍ | 42/50 [00:49<00:08,  1.09s/it]
 86%|████████▌ | 43/50 [00:50<00:07,  1.09s/it]
 88%|████████▊ | 44/50 [00:51<00:06,  1.09s/it]
 90%|█████████ | 45/50 [00:52<00:05,  1.09s/it]
 92%|█████████▏| 46/50 [00:53<00:04,  1.09s/it]
 94%|█████████▍| 47/50 [00:54<00:03,  1.09s/it]
 96%|█████████▌| 48/50 [00:55<00:02,  1.09s/it]
 98%|█████████▊| 49/50 [00:56<00:01,  1.09s/it]
100%|██████████| 50/50 [00:57<00:00,  1.09s/it]
100%|██████████| 50/50 [00:58<00:00,  1.16s/it]
>>> VALIDATING 


  0%|          | 0/13 [00:00<?, ?it/s]
  8%|▊         | 1/13 [00:01<00:12,  1.05s/it]
 23%|██▎       | 3/13 [00:01<00:03,  3.02it/s]
 38%|███▊      | 5/13 [00:01<00:02,  3.30it/s]
 54%|█████▍    | 7/13 [00:01<00:01,  4.80it/s]
 69%|██████▉   | 9/13 [00:02<00:00,  4.23it/s]
 85%|████████▍ | 11/13 [00:02<00:00,  5.47it/s]
100%|██████████| 13/13 [00:02<00:00,  6.72it/s]
100%|██████████| 13/13 [00:02<00:00,  4.48it/s]
>>> LOGGING 

BALANCED ACCS CHECKED FOR TRAIN
BALANCED ACCS CHECKED FOR VAL
train_acc: 0.7293013555787279
val_acc: 0.6847372810675563
train_cls_loss: 0.47433366599619947
val_cls_loss: 0.5664852829502462
train_total_loss: 0.4743643726124132
val_total_loss: 0.5664852829502462
balanced_train_acc: 0.6122934361840093
balanced_val_acc: 0.5711279798643731
Land_on_Land_train_acc: 0.8303474484256244
Land_on_Land_val_acc: 0.9956989247311828
Land_on_Water_train_acc: 0
Land_on_Water_val_acc: 0.5579399141630901
Water_on_Land_train_acc: 0
Water_on_Land_val_acc: 0.03731343283582089
Water_on_Water_train_acc: 0.39423942394239425
Water_on_Water_val_acc: 0.6940298507462687
train_dydx_outside_clip_rn50_loss: 3.070446202990381e-05
train_acc_Landbird: 0.8303474484256244
train_acc_Waterbird: 0.39423942394239425
val_acc_Landbird: 0.7765843179377014
val_acc_Waterbird: 0.3656716417910448
TRAIN ACC:        0.7293013555787279
VAL ACC:          0.6847372810675563
BALANCED VAL ACC: 0.5711279798643731
prev best list: []
Saving to trained_weights/waterbirds/gals_waterbird_1.0_forest2water2_21050510_trial_000/best_balanced_valacc_0.57_epoch_0.ckpt
>>> EVALUATING ON TEST SET
WATERBIRDS DIR: /home/ryreu/guided_cnn/waterbirds/waterbird_1.0_forest2water2
NUMBER OF SAMPLES WITH LABEL Landbird: 4510
NUMBER OF SAMPLES WITH LABEL Waterbird: 1284
NUMBER OF SAMPLES WITH GROUP Land_on_Land: 2255
NUMBER OF SAMPLES WITH GROUP Land_on_Water: 2255
NUMBER OF SAMPLES WITH GROUP Water_on_Land: 642
NUMBER OF SAMPLES WITH GROUP Water_on_Water: 642
NUM TEST:   5794

Loaded checkpoint trained_weights/waterbirds/gals_waterbird_1.0_forest2water2_21050510_trial_000/best_balanced_valacc_0.57_epoch_0.ckpt

  0%|          | 0/5794 [00:00<?, ?it/s]
  0%|          | 1/5794 [00:00<25:04,  3.85it/s]
  0%|          | 8/5794 [00:00<03:41, 26.12it/s]
  0%|          | 15/5794 [00:00<02:27, 39.12it/s]
  0%|          | 22/5794 [00:00<02:02, 47.18it/s]
  1%|          | 29/5794 [00:00<01:49, 52.51it/s]
  1%|          | 36/5794 [00:00<01:42, 55.94it/s]
  1%|          | 43/5794 [00:00<01:38, 58.20it/s]
  1%|          | 50/5794 [00:01<01:36, 59.68it/s]
  1%|          | 57/5794 [00:01<01:34, 60.61it/s]
  1%|          | 64/5794 [00:01<01:33, 61.36it/s]
  1%|          | 71/5794 [00:01<01:32, 61.85it/s]
  1%|▏         | 78/5794 [00:01<01:31, 62.28it/s]
  1%|▏         | 85/5794 [00:01<01:31, 62.49it/s]
  2%|▏         | 92/5794 [00:01<01:30, 62.66it/s]
  2%|▏         | 99/5794 [00:01<01:30, 62.90it/s]
  2%|▏         | 106/5794 [00:01<01:30, 62.80it/s]
  2%|▏         | 113/5794 [00:02<01:30, 62.94it/s]
  2%|▏         | 120/5794 [00:02<01:30, 62.99it/s]
  2%|▏         | 127/5794 [00:02<01:30, 62.96it/s]
  2%|▏         | 134/5794 [00:02<01:27, 64.67it/s]
  2%|▏         | 142/5794 [00:02<01:24, 66.73it/s]
  3%|▎         | 150/5794 [00:02<01:22, 68.50it/s]
  3%|▎         | 158/5794 [00:02<01:20, 69.72it/s]
  3%|▎         | 165/5794 [00:02<01:22, 67.91it/s]
  3%|▎         | 172/5794 [00:02<01:25, 66.01it/s]
  3%|▎         | 179/5794 [00:03<01:26, 65.12it/s]
  3%|▎         | 186/5794 [00:03<01:27, 64.46it/s]
  3%|▎         | 193/5794 [00:03<01:27, 64.08it/s]
  3%|▎         | 200/5794 [00:03<01:27, 63.78it/s]
  4%|▎         | 207/5794 [00:03<01:27, 63.57it/s]
  4%|▎         | 214/5794 [00:03<01:27, 63.54it/s]
  4%|▍         | 221/5794 [00:03<01:27, 63.52it/s]
  4%|▍         | 228/5794 [00:03<01:28, 63.22it/s]
  4%|▍         | 235/5794 [00:03<01:27, 63.36it/s]
  4%|▍         | 242/5794 [00:04<01:27, 63.26it/s]
  4%|▍         | 249/5794 [00:04<01:27, 63.25it/s]
  4%|▍         | 256/5794 [00:04<01:27, 63.23it/s]
  5%|▍         | 263/5794 [00:04<01:27, 63.21it/s]
  5%|▍         | 270/5794 [00:04<01:27, 63.28it/s]
  5%|▍         | 277/5794 [00:04<01:27, 63.16it/s]
  5%|▍         | 284/5794 [00:04<01:27, 63.26it/s]
  5%|▌         | 291/5794 [00:04<01:27, 63.13it/s]
  5%|▌         | 298/5794 [00:04<01:27, 63.15it/s]
  5%|▌         | 305/5794 [00:05<01:26, 63.16it/s]
  5%|▌         | 312/5794 [00:05<01:26, 63.08it/s]
  6%|▌         | 319/5794 [00:05<01:26, 63.12it/s]
  6%|▌         | 326/5794 [00:05<01:26, 63.05it/s]
  6%|▌         | 333/5794 [00:05<01:26, 63.05it/s]
  6%|▌         | 340/5794 [00:05<01:26, 63.16it/s]
  6%|▌         | 347/5794 [00:05<01:26, 63.13it/s]
  6%|▌         | 354/5794 [00:05<01:26, 63.22it/s]
  6%|▌         | 361/5794 [00:05<01:26, 63.03it/s]
  6%|▋         | 368/5794 [00:06<01:25, 63.11it/s]
  6%|▋         | 375/5794 [00:06<01:26, 62.86it/s]
  7%|▋         | 382/5794 [00:06<01:26, 62.83it/s]
  7%|▋         | 389/5794 [00:06<01:25, 62.99it/s]
  7%|▋         | 396/5794 [00:06<01:25, 62.97it/s]
  7%|▋         | 403/5794 [00:06<01:25, 63.03it/s]
  7%|▋         | 410/5794 [00:06<01:25, 63.16it/s]
  7%|▋         | 417/5794 [00:06<01:25, 63.09it/s]
  7%|▋         | 424/5794 [00:06<01:24, 63.23it/s]
  7%|▋         | 431/5794 [00:07<01:24, 63.31it/s]
  8%|▊         | 438/5794 [00:07<01:24, 63.33it/s]
  8%|▊         | 445/5794 [00:07<01:24, 63.33it/s]
  8%|▊         | 452/5794 [00:07<01:22, 64.45it/s]
  8%|▊         | 460/5794 [00:07<01:19, 67.05it/s]
  8%|▊         | 468/5794 [00:07<01:17, 68.78it/s]
  8%|▊         | 476/5794 [00:07<01:15, 70.07it/s]
  8%|▊         | 484/5794 [00:07<01:14, 70.87it/s]
  8%|▊         | 492/5794 [00:07<01:14, 71.49it/s]
  9%|▊         | 500/5794 [00:08<01:13, 71.79it/s]
  9%|▉         | 508/5794 [00:08<01:13, 72.23it/s]
  9%|▉         | 516/5794 [00:08<01:12, 72.43it/s]
  9%|▉         | 524/5794 [00:08<01:12, 72.84it/s]
  9%|▉         | 532/5794 [00:08<01:12, 72.91it/s]
  9%|▉         | 540/5794 [00:08<01:12, 72.65it/s]
  9%|▉         | 548/5794 [00:08<01:12, 72.69it/s]
 10%|▉         | 556/5794 [00:08<01:11, 72.85it/s]
 10%|▉         | 564/5794 [00:08<01:11, 72.87it/s]
 10%|▉         | 572/5794 [00:08<01:11, 72.82it/s]
 10%|█         | 580/5794 [00:09<01:11, 72.94it/s]
 10%|█         | 588/5794 [00:09<01:11, 72.86it/s]
 10%|█         | 596/5794 [00:09<01:11, 72.95it/s]
 10%|█         | 604/5794 [00:09<01:11, 72.72it/s]
 11%|█         | 612/5794 [00:09<01:14, 69.73it/s]
 11%|█         | 619/5794 [00:09<01:16, 67.94it/s]
 11%|█         | 626/5794 [00:09<01:17, 66.66it/s]
 11%|█         | 633/5794 [00:09<01:18, 65.41it/s]
 11%|█         | 640/5794 [00:09<01:19, 64.97it/s]
 11%|█         | 647/5794 [00:10<01:19, 64.68it/s]
 11%|█▏        | 654/5794 [00:10<01:19, 64.64it/s]
 11%|█▏        | 662/5794 [00:10<01:16, 67.33it/s]
 12%|█▏        | 670/5794 [00:10<01:14, 68.75it/s]
 12%|█▏        | 678/5794 [00:10<01:13, 69.64it/s]
 12%|█▏        | 686/5794 [00:10<01:12, 70.41it/s]
 12%|█▏        | 694/5794 [00:10<01:11, 70.89it/s]
 12%|█▏        | 702/5794 [00:10<01:11, 71.50it/s]
 12%|█▏        | 710/5794 [00:10<01:10, 71.71it/s]
 12%|█▏        | 718/5794 [00:11<01:10, 71.54it/s]
 13%|█▎        | 726/5794 [00:11<01:12, 69.43it/s]
 13%|█▎        | 733/5794 [00:11<01:13, 68.86it/s]
 13%|█▎        | 740/5794 [00:11<01:16, 66.42it/s]
 13%|█▎        | 747/5794 [00:11<01:16, 65.82it/s]
 13%|█▎        | 754/5794 [00:11<01:17, 65.05it/s]
 13%|█▎        | 761/5794 [00:11<01:17, 64.78it/s]
 13%|█▎        | 768/5794 [00:11<01:17, 64.61it/s]
 13%|█▎        | 775/5794 [00:11<01:17, 64.85it/s]
 13%|█▎        | 782/5794 [00:12<01:15, 66.23it/s]
 14%|█▎        | 790/5794 [00:12<01:13, 67.75it/s]
 14%|█▍        | 798/5794 [00:12<01:12, 69.29it/s]
 14%|█▍        | 806/5794 [00:12<01:11, 70.22it/s]
 14%|█▍        | 814/5794 [00:12<01:10, 70.88it/s]
 14%|█▍        | 822/5794 [00:12<01:10, 70.82it/s]
 14%|█▍        | 830/5794 [00:12<01:09, 71.46it/s]
 14%|█▍        | 838/5794 [00:12<01:09, 71.50it/s]
 15%|█▍        | 846/5794 [00:12<01:08, 71.80it/s]
 15%|█▍        | 854/5794 [00:13<01:08, 72.02it/s]
 15%|█▍        | 862/5794 [00:13<01:08, 72.22it/s]
 15%|█▌        | 870/5794 [00:13<01:08, 72.28it/s]
 15%|█▌        | 878/5794 [00:13<01:07, 72.45it/s]
 15%|█▌        | 886/5794 [00:13<01:07, 72.50it/s]
 15%|█▌        | 894/5794 [00:13<01:08, 72.01it/s]
 16%|█▌        | 902/5794 [00:13<01:07, 72.31it/s]
 16%|█▌        | 910/5794 [00:13<01:07, 72.25it/s]
 16%|█▌        | 918/5794 [00:13<01:07, 72.35it/s]
 16%|█▌        | 926/5794 [00:14<01:07, 71.73it/s]
 16%|█▌        | 934/5794 [00:14<01:07, 72.05it/s]
 16%|█▋        | 942/5794 [00:14<01:07, 71.91it/s]
 16%|█▋        | 950/5794 [00:14<01:07, 72.01it/s]
 17%|█▋        | 958/5794 [00:14<01:07, 71.86it/s]
 17%|█▋        | 966/5794 [00:14<01:07, 71.98it/s]
 17%|█▋        | 974/5794 [00:14<01:07, 71.84it/s]
 17%|█▋        | 982/5794 [00:14<01:06, 72.15it/s]
 17%|█▋        | 990/5794 [00:14<01:06, 71.96it/s]
 17%|█▋        | 998/5794 [00:15<01:06, 72.21it/s]
 17%|█▋        | 1006/5794 [00:15<01:06, 72.05it/s]
 18%|█▊        | 1014/5794 [00:15<01:06, 72.37it/s]
 18%|█▊        | 1022/5794 [00:15<01:06, 72.29it/s]
 18%|█▊        | 1030/5794 [00:15<01:05, 72.26it/s]
 18%|█▊        | 1038/5794 [00:15<01:05, 72.34it/s]
 18%|█▊        | 1046/5794 [00:15<01:05, 72.26it/s]
 18%|█▊        | 1054/5794 [00:15<01:05, 72.28it/s]
 18%|█▊        | 1062/5794 [00:15<01:05, 72.23it/s]
 18%|█▊        | 1070/5794 [00:16<01:05, 72.27it/s]
 19%|█▊        | 1078/5794 [00:16<01:05, 72.18it/s]
 19%|█▊        | 1086/5794 [00:16<01:05, 72.23it/s]
 19%|█▉        | 1094/5794 [00:16<01:05, 72.15it/s]
 19%|█▉        | 1102/5794 [00:16<01:05, 71.40it/s]
 19%|█▉        | 1110/5794 [00:16<01:05, 71.56it/s]
 19%|█▉        | 1118/5794 [00:16<01:05, 71.89it/s]
 19%|█▉        | 1126/5794 [00:16<01:04, 71.87it/s]
 20%|█▉        | 1134/5794 [00:16<01:04, 72.39it/s]
 20%|█▉        | 1142/5794 [00:17<01:04, 72.36it/s]
 20%|█▉        | 1150/5794 [00:17<01:03, 72.77it/s]
 20%|█▉        | 1158/5794 [00:17<01:03, 72.61it/s]
 20%|██        | 1166/5794 [00:17<01:03, 72.85it/s]
 20%|██        | 1174/5794 [00:17<01:03, 72.99it/s]
 20%|██        | 1182/5794 [00:17<01:03, 73.05it/s]
 21%|██        | 1190/5794 [00:17<01:03, 72.63it/s]
 21%|██        | 1198/5794 [00:17<01:03, 71.98it/s]
 21%|██        | 1206/5794 [00:17<01:04, 71.09it/s]
 21%|██        | 1214/5794 [00:18<01:05, 69.60it/s]
 21%|██        | 1221/5794 [00:18<01:07, 67.78it/s]
 21%|██        | 1228/5794 [00:18<01:08, 66.49it/s]
 21%|██▏       | 1235/5794 [00:18<01:09, 65.93it/s]
 21%|██▏       | 1242/5794 [00:18<01:09, 65.48it/s]
 22%|██▏       | 1249/5794 [00:18<01:09, 64.95it/s]
 22%|██▏       | 1256/5794 [00:18<01:09, 64.84it/s]
 22%|██▏       | 1263/5794 [00:18<01:10, 64.57it/s]
 22%|██▏       | 1270/5794 [00:18<01:10, 64.49it/s]
 22%|██▏       | 1277/5794 [00:19<01:10, 64.27it/s]
 22%|██▏       | 1284/5794 [00:19<01:10, 64.18it/s]
 22%|██▏       | 1291/5794 [00:19<01:09, 64.38it/s]
 22%|██▏       | 1298/5794 [00:19<01:09, 64.37it/s]
 23%|██▎       | 1305/5794 [00:19<01:09, 64.37it/s]
 23%|██▎       | 1312/5794 [00:19<01:09, 64.15it/s]
 23%|██▎       | 1319/5794 [00:19<01:09, 63.96it/s]
 23%|██▎       | 1326/5794 [00:19<01:09, 63.97it/s]
 23%|██▎       | 1333/5794 [00:19<01:09, 63.81it/s]
 23%|██▎       | 1340/5794 [00:20<01:10, 63.48it/s]
 23%|██▎       | 1347/5794 [00:20<01:10, 62.87it/s]
 23%|██▎       | 1354/5794 [00:20<01:10, 63.09it/s]
 23%|██▎       | 1361/5794 [00:20<01:09, 63.39it/s]
 24%|██▎       | 1368/5794 [00:20<01:10, 63.00it/s]
 24%|██▎       | 1375/5794 [00:20<01:09, 63.24it/s]
 24%|██▍       | 1382/5794 [00:20<01:09, 63.29it/s]
 24%|██▍       | 1389/5794 [00:20<01:09, 63.46it/s]
 24%|██▍       | 1396/5794 [00:20<01:09, 63.39it/s]
 24%|██▍       | 1403/5794 [00:21<01:09, 63.34it/s]
 24%|██▍       | 1410/5794 [00:21<01:09, 63.40it/s]
 24%|██▍       | 1417/5794 [00:21<01:09, 63.32it/s]
 25%|██▍       | 1424/5794 [00:21<01:08, 63.38it/s]
 25%|██▍       | 1432/5794 [00:21<01:06, 65.74it/s]
 25%|██▍       | 1440/5794 [00:21<01:03, 68.23it/s]
 25%|██▍       | 1448/5794 [00:21<01:02, 69.66it/s]
 25%|██▌       | 1456/5794 [00:21<01:01, 70.78it/s]
 25%|██▌       | 1464/5794 [00:21<01:00, 71.60it/s]
 25%|██▌       | 1472/5794 [00:22<01:00, 72.02it/s]
 26%|██▌       | 1480/5794 [00:22<00:59, 72.03it/s]
 26%|██▌       | 1488/5794 [00:22<01:01, 69.46it/s]
 26%|██▌       | 1495/5794 [00:22<01:03, 67.84it/s]
 26%|██▌       | 1502/5794 [00:22<01:04, 66.50it/s]
 26%|██▌       | 1509/5794 [00:22<01:05, 65.80it/s]
 26%|██▌       | 1516/5794 [00:22<01:06, 64.62it/s]
 26%|██▋       | 1523/5794 [00:22<01:06, 64.43it/s]
 26%|██▋       | 1530/5794 [00:22<01:06, 63.97it/s]
 27%|██▋       | 1537/5794 [00:23<01:06, 63.88it/s]
 27%|██▋       | 1544/5794 [00:23<01:06, 63.87it/s]
 27%|██▋       | 1551/5794 [00:23<01:06, 63.70it/s]
 27%|██▋       | 1558/5794 [00:23<01:06, 63.77it/s]
 27%|██▋       | 1565/5794 [00:23<01:06, 63.69it/s]
 27%|██▋       | 1572/5794 [00:23<01:06, 63.77it/s]
 27%|██▋       | 1579/5794 [00:23<01:05, 63.89it/s]
 27%|██▋       | 1586/5794 [00:23<01:06, 63.42it/s]
 27%|██▋       | 1593/5794 [00:23<01:06, 63.60it/s]
 28%|██▊       | 1600/5794 [00:24<01:05, 63.89it/s]
 28%|██▊       | 1607/5794 [00:24<01:05, 63.93it/s]
 28%|██▊       | 1614/5794 [00:24<01:05, 63.73it/s]
 28%|██▊       | 1621/5794 [00:24<01:05, 63.86it/s]
 28%|██▊       | 1629/5794 [00:24<01:03, 65.98it/s]
 28%|██▊       | 1637/5794 [00:24<01:00, 68.34it/s]
 28%|██▊       | 1645/5794 [00:24<00:59, 69.83it/s]
 29%|██▊       | 1653/5794 [00:24<00:58, 70.66it/s]
 29%|██▊       | 1661/5794 [00:24<00:57, 71.62it/s]
 29%|██▉       | 1669/5794 [00:25<00:57, 72.27it/s]
 29%|██▉       | 1677/5794 [00:25<00:57, 72.07it/s]
 29%|██▉       | 1685/5794 [00:25<00:56, 72.59it/s]
 29%|██▉       | 1693/5794 [00:25<00:56, 72.84it/s]
 29%|██▉       | 1701/5794 [00:25<00:55, 73.11it/s]
 29%|██▉       | 1709/5794 [00:25<00:55, 73.25it/s]
 30%|██▉       | 1717/5794 [00:25<00:55, 73.45it/s]
 30%|██▉       | 1725/5794 [00:25<00:55, 73.50it/s]
 30%|██▉       | 1733/5794 [00:25<00:55, 73.68it/s]
 30%|███       | 1741/5794 [00:26<00:56, 71.85it/s]
 30%|███       | 1749/5794 [00:26<00:58, 69.34it/s]
 30%|███       | 1756/5794 [00:26<00:59, 67.71it/s]
 30%|███       | 1763/5794 [00:26<01:00, 66.64it/s]
 31%|███       | 1770/5794 [00:26<01:01, 65.44it/s]
 31%|███       | 1777/5794 [00:26<01:02, 64.61it/s]
 31%|███       | 1784/5794 [00:26<01:01, 64.97it/s]
 31%|███       | 1792/5794 [00:26<00:59, 66.94it/s]
 31%|███       | 1799/5794 [00:26<00:59, 66.69it/s]
 31%|███       | 1806/5794 [00:27<01:00, 65.48it/s]
 31%|███▏      | 1813/5794 [00:27<01:01, 65.15it/s]
 31%|███▏      | 1820/5794 [00:27<01:01, 64.60it/s]
 32%|███▏      | 1827/5794 [00:27<01:01, 64.15it/s]
 32%|███▏      | 1834/5794 [00:27<01:01, 64.01it/s]
 32%|███▏      | 1841/5794 [00:27<01:02, 63.72it/s]
 32%|███▏      | 1848/5794 [00:27<01:01, 63.79it/s]
 32%|███▏      | 1855/5794 [00:27<01:01, 63.73it/s]
 32%|███▏      | 1862/5794 [00:27<01:01, 63.56it/s]
 32%|███▏      | 1869/5794 [00:28<01:01, 63.60it/s]
 32%|███▏      | 1876/5794 [00:28<01:01, 63.53it/s]
 32%|███▏      | 1883/5794 [00:28<01:01, 63.45it/s]
 33%|███▎      | 1890/5794 [00:28<01:01, 63.29it/s]
 33%|███▎      | 1897/5794 [00:28<01:01, 63.56it/s]
 33%|███▎      | 1904/5794 [00:28<01:01, 63.66it/s]
 33%|███▎      | 1911/5794 [00:28<01:01, 63.19it/s]
 33%|███▎      | 1918/5794 [00:28<01:01, 63.30it/s]
 33%|███▎      | 1925/5794 [00:28<00:59, 64.92it/s]
 33%|███▎      | 1932/5794 [00:28<00:58, 65.46it/s]
 33%|███▎      | 1939/5794 [00:29<00:59, 64.95it/s]
 34%|███▎      | 1946/5794 [00:29<00:59, 64.36it/s]
 34%|███▎      | 1953/5794 [00:29<00:59, 64.22it/s]
 34%|███▍      | 1960/5794 [00:29<00:59, 64.61it/s]
 34%|███▍      | 1968/5794 [00:29<00:56, 67.42it/s]
 34%|███▍      | 1976/5794 [00:29<00:55, 69.20it/s]
 34%|███▍      | 1984/5794 [00:29<00:53, 70.69it/s]
 34%|███▍      | 1992/5794 [00:29<00:53, 71.47it/s]
 35%|███▍      | 2000/5794 [00:29<00:53, 70.97it/s]
 35%|███▍      | 2008/5794 [00:30<00:55, 68.78it/s]
 35%|███▍      | 2015/5794 [00:30<00:56, 67.23it/s]
 35%|███▍      | 2022/5794 [00:30<00:56, 66.27it/s]
 35%|███▌      | 2029/5794 [00:30<00:57, 65.49it/s]
 35%|███▌      | 2036/5794 [00:30<00:57, 65.18it/s]
 35%|███▌      | 2043/5794 [00:30<00:57, 64.72it/s]
 35%|███▌      | 2050/5794 [00:30<00:57, 64.62it/s]
 36%|███▌      | 2057/5794 [00:30<00:57, 64.61it/s]
 36%|███▌      | 2064/5794 [00:30<00:58, 64.26it/s]
 36%|███▌      | 2071/5794 [00:31<00:57, 64.30it/s]
 36%|███▌      | 2078/5794 [00:31<00:57, 65.18it/s]
 36%|███▌      | 2085/5794 [00:31<00:56, 65.13it/s]
 36%|███▌      | 2092/5794 [00:31<00:57, 64.21it/s]
 36%|███▌      | 2099/5794 [00:31<00:57, 63.84it/s]
 36%|███▋      | 2106/5794 [00:31<00:57, 63.82it/s]
 36%|███▋      | 2113/5794 [00:31<00:57, 63.68it/s]
 37%|███▋      | 2120/5794 [00:31<00:57, 63.56it/s]
 37%|███▋      | 2127/5794 [00:31<00:57, 63.67it/s]
 37%|███▋      | 2134/5794 [00:32<00:57, 63.67it/s]
 37%|███▋      | 2141/5794 [00:32<00:57, 63.69it/s]
 37%|███▋      | 2148/5794 [00:32<00:57, 63.73it/s]
 37%|███▋      | 2155/5794 [00:32<00:57, 63.58it/s]
 37%|███▋      | 2162/5794 [00:32<00:57, 63.53it/s]
 37%|███▋      | 2169/5794 [00:32<00:57, 63.55it/s]
 38%|███▊      | 2176/5794 [00:32<00:56, 63.64it/s]
 38%|███▊      | 2183/5794 [00:32<00:56, 63.45it/s]
 38%|███▊      | 2190/5794 [00:32<00:56, 63.39it/s]
 38%|███▊      | 2197/5794 [00:33<00:56, 63.40it/s]
 38%|███▊      | 2204/5794 [00:33<00:56, 63.59it/s]
 38%|███▊      | 2211/5794 [00:33<00:56, 63.68it/s]
 38%|███▊      | 2218/5794 [00:33<00:56, 63.61it/s]
 38%|███▊      | 2225/5794 [00:33<00:56, 63.65it/s]
 39%|███▊      | 2232/5794 [00:33<00:56, 63.52it/s]
 39%|███▊      | 2239/5794 [00:33<00:55, 63.61it/s]
 39%|███▉      | 2246/5794 [00:33<00:55, 63.61it/s]
 39%|███▉      | 2253/5794 [00:33<00:55, 63.53it/s]
 39%|███▉      | 2260/5794 [00:34<00:55, 63.59it/s]
 39%|███▉      | 2267/5794 [00:34<00:55, 63.52it/s]
 39%|███▉      | 2274/5794 [00:34<00:55, 63.55it/s]
 39%|███▉      | 2281/5794 [00:34<00:55, 63.45it/s]
 39%|███▉      | 2288/5794 [00:34<00:55, 63.53it/s]
 40%|███▉      | 2295/5794 [00:34<00:55, 63.53it/s]
 40%|███▉      | 2302/5794 [00:34<00:55, 63.44it/s]
 40%|███▉      | 2309/5794 [00:34<00:54, 63.41it/s]
 40%|███▉      | 2316/5794 [00:34<00:54, 63.49it/s]
 40%|████      | 2323/5794 [00:35<00:54, 63.45it/s]
 40%|████      | 2330/5794 [00:35<00:54, 63.49it/s]
 40%|████      | 2337/5794 [00:35<00:54, 63.42it/s]
 40%|████      | 2344/5794 [00:35<00:54, 63.49it/s]
 41%|████      | 2351/5794 [00:35<00:54, 63.46it/s]
 41%|████      | 2358/5794 [00:35<00:54, 63.57it/s]
 41%|████      | 2365/5794 [00:35<00:54, 63.26it/s]
 41%|████      | 2372/5794 [00:35<00:54, 63.36it/s]
 41%|████      | 2379/5794 [00:35<00:53, 63.41it/s]
 41%|████      | 2386/5794 [00:36<00:53, 63.35it/s]
 41%|████▏     | 2393/5794 [00:36<00:53, 63.27it/s]
 41%|████▏     | 2400/5794 [00:36<00:53, 63.30it/s]
 42%|████▏     | 2407/5794 [00:36<00:53, 63.41it/s]
 42%|████▏     | 2414/5794 [00:36<00:53, 63.49it/s]
 42%|████▏     | 2421/5794 [00:36<00:53, 62.83it/s]
 42%|████▏     | 2428/5794 [00:36<00:53, 62.81it/s]
 42%|████▏     | 2435/5794 [00:36<00:53, 62.95it/s]
 42%|████▏     | 2442/5794 [00:36<00:52, 63.26it/s]
 42%|████▏     | 2449/5794 [00:37<00:52, 63.19it/s]
 42%|████▏     | 2456/5794 [00:37<00:52, 63.32it/s]
 43%|████▎     | 2463/5794 [00:37<00:52, 63.53it/s]
 43%|████▎     | 2470/5794 [00:37<00:52, 63.42it/s]
 43%|████▎     | 2477/5794 [00:37<00:52, 63.38it/s]
 43%|████▎     | 2484/5794 [00:37<00:52, 63.48it/s]
 43%|████▎     | 2491/5794 [00:37<00:52, 63.47it/s]
 43%|████▎     | 2498/5794 [00:37<00:51, 63.57it/s]
 43%|████▎     | 2505/5794 [00:37<00:51, 63.35it/s]
 43%|████▎     | 2512/5794 [00:38<00:51, 63.51it/s]
 43%|████▎     | 2519/5794 [00:38<00:51, 64.16it/s]
 44%|████▎     | 2527/5794 [00:38<00:48, 66.99it/s]
 44%|████▍     | 2535/5794 [00:38<00:47, 69.00it/s]
 44%|████▍     | 2542/5794 [00:38<00:47, 67.99it/s]
 44%|████▍     | 2549/5794 [00:38<00:48, 66.81it/s]
 44%|████▍     | 2556/5794 [00:38<00:49, 65.86it/s]
 44%|████▍     | 2563/5794 [00:38<00:49, 65.36it/s]
 44%|████▍     | 2570/5794 [00:38<00:49, 65.22it/s]
 44%|████▍     | 2577/5794 [00:39<00:49, 64.87it/s]
 45%|████▍     | 2584/5794 [00:39<00:49, 64.64it/s]
 45%|████▍     | 2591/5794 [00:39<00:49, 64.30it/s]
 45%|████▍     | 2598/5794 [00:39<00:49, 64.22it/s]
 45%|████▍     | 2605/5794 [00:39<00:49, 63.84it/s]
 45%|████▌     | 2612/5794 [00:39<00:49, 63.89it/s]
 45%|████▌     | 2619/5794 [00:39<00:50, 63.21it/s]
 45%|████▌     | 2626/5794 [00:39<00:50, 63.34it/s]
 45%|████▌     | 2633/5794 [00:39<00:49, 63.23it/s]
 46%|████▌     | 2640/5794 [00:39<00:49, 63.48it/s]
 46%|████▌     | 2647/5794 [00:40<00:49, 63.47it/s]
 46%|████▌     | 2654/5794 [00:40<00:49, 63.63it/s]
 46%|████▌     | 2661/5794 [00:40<00:49, 63.45it/s]
 46%|████▌     | 2668/5794 [00:40<00:49, 63.72it/s]
 46%|████▌     | 2675/5794 [00:40<00:48, 64.12it/s]
 46%|████▋     | 2682/5794 [00:40<00:48, 63.87it/s]
 46%|████▋     | 2689/5794 [00:40<00:48, 63.84it/s]
 47%|████▋     | 2696/5794 [00:40<00:48, 63.85it/s]
 47%|████▋     | 2703/5794 [00:40<00:48, 63.83it/s]
 47%|████▋     | 2710/5794 [00:41<00:48, 63.67it/s]
 47%|████▋     | 2717/5794 [00:41<00:48, 63.83it/s]
 47%|████▋     | 2724/5794 [00:41<00:48, 63.78it/s]
 47%|████▋     | 2731/5794 [00:41<00:48, 63.79it/s]
 47%|████▋     | 2738/5794 [00:41<00:47, 63.73it/s]
 47%|████▋     | 2745/5794 [00:41<00:47, 63.58it/s]
 47%|████▋     | 2752/5794 [00:41<00:47, 63.49it/s]
 48%|████▊     | 2759/5794 [00:41<00:47, 63.28it/s]
 48%|████▊     | 2766/5794 [00:41<00:47, 63.31it/s]
 48%|████▊     | 2773/5794 [00:42<00:47, 63.42it/s]
 48%|████▊     | 2780/5794 [00:42<00:47, 62.98it/s]
 48%|████▊     | 2787/5794 [00:42<00:47, 63.27it/s]
 48%|████▊     | 2794/5794 [00:42<00:47, 62.94it/s]
 48%|████▊     | 2801/5794 [00:42<00:47, 63.13it/s]
 48%|████▊     | 2808/5794 [00:42<00:47, 62.97it/s]
 49%|████▊     | 2815/5794 [00:42<00:47, 63.26it/s]
 49%|████▊     | 2822/5794 [00:42<00:47, 63.19it/s]
 49%|████▉     | 2829/5794 [00:42<00:47, 63.04it/s]
 49%|████▉     | 2836/5794 [00:43<00:46, 63.09it/s]
 49%|████▉     | 2843/5794 [00:43<00:46, 63.08it/s]
 49%|████▉     | 2850/5794 [00:43<00:46, 63.16it/s]
 49%|████▉     | 2857/5794 [00:43<00:46, 63.23it/s]
 49%|████▉     | 2864/5794 [00:43<00:46, 63.21it/s]
 50%|████▉     | 2871/5794 [00:43<00:46, 63.29it/s]
 50%|████▉     | 2878/5794 [00:43<00:46, 63.20it/s]
 50%|████▉     | 2885/5794 [00:43<00:45, 63.34it/s]
 50%|████▉     | 2892/5794 [00:43<00:45, 63.35it/s]
 50%|█████     | 2899/5794 [00:44<00:46, 62.49it/s]
 50%|█████     | 2906/5794 [00:44<00:46, 62.74it/s]
 50%|█████     | 2913/5794 [00:44<00:45, 62.74it/s]
 50%|█████     | 2920/5794 [00:44<00:45, 62.88it/s]
 51%|█████     | 2927/5794 [00:44<00:45, 62.77it/s]
 51%|█████     | 2934/5794 [00:44<00:45, 62.92it/s]
 51%|█████     | 2941/5794 [00:44<00:45, 62.95it/s]
 51%|█████     | 2948/5794 [00:44<00:45, 62.88it/s]
 51%|█████     | 2955/5794 [00:44<00:45, 62.89it/s]
 51%|█████     | 2962/5794 [00:45<00:45, 62.89it/s]
 51%|█████     | 2969/5794 [00:45<00:44, 62.89it/s]
 51%|█████▏    | 2976/5794 [00:45<00:44, 62.95it/s]
 51%|█████▏    | 2983/5794 [00:45<00:44, 62.88it/s]
 52%|█████▏    | 2990/5794 [00:45<00:44, 62.96it/s]
 52%|█████▏    | 2997/5794 [00:45<00:43, 64.25it/s]
 52%|█████▏    | 3005/5794 [00:45<00:41, 66.62it/s]
 52%|█████▏    | 3013/5794 [00:45<00:40, 68.20it/s]
 52%|█████▏    | 3020/5794 [00:45<00:41, 67.65it/s]
 52%|█████▏    | 3027/5794 [00:46<00:41, 66.38it/s]
 52%|█████▏    | 3034/5794 [00:46<00:42, 65.42it/s]
 52%|█████▏    | 3041/5794 [00:46<00:42, 64.77it/s]
 53%|█████▎    | 3048/5794 [00:46<00:42, 64.37it/s]
 53%|█████▎    | 3055/5794 [00:46<00:42, 63.77it/s]
 53%|█████▎    | 3062/5794 [00:46<00:42, 63.85it/s]
 53%|█████▎    | 3069/5794 [00:46<00:42, 64.34it/s]
 53%|█████▎    | 3076/5794 [00:46<00:42, 63.97it/s]
 53%|█████▎    | 3083/5794 [00:46<00:42, 63.76it/s]
 53%|█████▎    | 3090/5794 [00:47<00:42, 63.75it/s]
 53%|█████▎    | 3097/5794 [00:47<00:42, 63.59it/s]
 54%|█████▎    | 3104/5794 [00:47<00:42, 63.61it/s]
 54%|█████▎    | 3111/5794 [00:47<00:42, 63.58it/s]
 54%|█████▍    | 3118/5794 [00:47<00:42, 63.51it/s]
 54%|█████▍    | 3125/5794 [00:47<00:41, 63.56it/s]
 54%|█████▍    | 3132/5794 [00:47<00:41, 63.45it/s]
 54%|█████▍    | 3139/5794 [00:47<00:41, 63.61it/s]
 54%|█████▍    | 3146/5794 [00:47<00:41, 63.31it/s]
 54%|█████▍    | 3153/5794 [00:48<00:41, 63.24it/s]
 55%|█████▍    | 3160/5794 [00:48<00:41, 63.91it/s]
 55%|█████▍    | 3167/5794 [00:48<00:41, 63.23it/s]
 55%|█████▍    | 3174/5794 [00:48<00:41, 63.37it/s]
 55%|█████▍    | 3181/5794 [00:48<00:41, 63.51it/s]
 55%|█████▌    | 3188/5794 [00:48<00:41, 63.32it/s]
 55%|█████▌    | 3195/5794 [00:48<00:40, 63.45it/s]
 55%|█████▌    | 3202/5794 [00:48<00:40, 63.24it/s]
 55%|█████▌    | 3209/5794 [00:48<00:40, 63.45it/s]
 56%|█████▌    | 3216/5794 [00:49<00:40, 63.27it/s]
 56%|█████▌    | 3223/5794 [00:49<00:40, 63.46it/s]
 56%|█████▌    | 3230/5794 [00:49<00:40, 63.45it/s]
 56%|█████▌    | 3237/5794 [00:49<00:40, 63.41it/s]
 56%|█████▌    | 3244/5794 [00:49<00:40, 63.55it/s]
 56%|█████▌    | 3251/5794 [00:49<00:40, 63.45it/s]
 56%|█████▌    | 3258/5794 [00:49<00:39, 63.51it/s]
 56%|█████▋    | 3265/5794 [00:49<00:39, 63.65it/s]
 56%|█████▋    | 3272/5794 [00:49<00:39, 63.52it/s]
 57%|█████▋    | 3279/5794 [00:50<00:39, 63.58it/s]
 57%|█████▋    | 3286/5794 [00:50<00:39, 63.50it/s]
 57%|█████▋    | 3293/5794 [00:50<00:39, 63.65it/s]
 57%|█████▋    | 3300/5794 [00:50<00:39, 63.29it/s]
 57%|█████▋    | 3307/5794 [00:50<00:39, 63.33it/s]
 57%|█████▋    | 3314/5794 [00:50<00:39, 63.54it/s]
 57%|█████▋    | 3321/5794 [00:50<00:38, 63.50it/s]
 57%|█████▋    | 3328/5794 [00:50<00:38, 63.63it/s]
 58%|█████▊    | 3335/5794 [00:50<00:38, 63.55it/s]
 58%|█████▊    | 3342/5794 [00:51<00:38, 63.68it/s]
 58%|█████▊    | 3349/5794 [00:51<00:38, 63.67it/s]
 58%|█████▊    | 3356/5794 [00:51<00:38, 63.66it/s]
 58%|█████▊    | 3363/5794 [00:51<00:38, 63.61it/s]
 58%|█████▊    | 3370/5794 [00:51<00:38, 63.60it/s]
 58%|█████▊    | 3377/5794 [00:51<00:37, 63.61it/s]
 58%|█████▊    | 3384/5794 [00:51<00:37, 63.63it/s]
 59%|█████▊    | 3391/5794 [00:51<00:37, 63.46it/s]
 59%|█████▊    | 3398/5794 [00:51<00:37, 63.61it/s]
 59%|█████▉    | 3405/5794 [00:52<00:37, 63.53it/s]
 59%|█████▉    | 3412/5794 [00:52<00:37, 63.68it/s]
 59%|█████▉    | 3419/5794 [00:52<00:37, 63.85it/s]
 59%|█████▉    | 3426/5794 [00:52<00:37, 63.56it/s]
 59%|█████▉    | 3433/5794 [00:52<00:37, 63.57it/s]
 59%|█████▉    | 3440/5794 [00:52<00:37, 63.53it/s]
 59%|█████▉    | 3447/5794 [00:52<00:36, 63.71it/s]
 60%|█████▉    | 3454/5794 [00:52<00:36, 63.67it/s]
 60%|█████▉    | 3461/5794 [00:52<00:36, 63.41it/s]
 60%|█████▉    | 3468/5794 [00:53<00:36, 63.56it/s]
 60%|█████▉    | 3475/5794 [00:53<00:36, 63.55it/s]
 60%|██████    | 3482/5794 [00:53<00:36, 63.72it/s]
 60%|██████    | 3489/5794 [00:53<00:36, 63.39it/s]
 60%|██████    | 3496/5794 [00:53<00:36, 63.57it/s]
 60%|██████    | 3503/5794 [00:53<00:35, 63.70it/s]
 61%|██████    | 3510/5794 [00:53<00:35, 63.63it/s]
 61%|██████    | 3517/5794 [00:53<00:35, 63.58it/s]
 61%|██████    | 3524/5794 [00:53<00:35, 63.56it/s]
 61%|██████    | 3531/5794 [00:54<00:35, 63.75it/s]
 61%|██████    | 3538/5794 [00:54<00:35, 63.65it/s]
 61%|██████    | 3545/5794 [00:54<00:35, 63.54it/s]
 61%|██████▏   | 3552/5794 [00:54<00:35, 63.55it/s]
 61%|██████▏   | 3559/5794 [00:54<00:35, 63.55it/s]
 62%|██████▏   | 3567/5794 [00:54<00:33, 65.96it/s]
 62%|██████▏   | 3575/5794 [00:54<00:32, 68.11it/s]
 62%|██████▏   | 3582/5794 [00:54<00:32, 67.83it/s]
 62%|██████▏   | 3589/5794 [00:54<00:33, 66.55it/s]
 62%|██████▏   | 3596/5794 [00:54<00:33, 65.59it/s]
 62%|██████▏   | 3603/5794 [00:55<00:33, 65.07it/s]
 62%|██████▏   | 3610/5794 [00:55<00:33, 64.36it/s]
 62%|██████▏   | 3617/5794 [00:55<00:33, 64.04it/s]
 63%|██████▎   | 3624/5794 [00:55<00:34, 63.69it/s]
 63%|██████▎   | 3631/5794 [00:55<00:33, 63.78it/s]
 63%|██████▎   | 3638/5794 [00:55<00:34, 63.40it/s]
 63%|██████▎   | 3645/5794 [00:55<00:33, 63.41it/s]
 63%|██████▎   | 3652/5794 [00:55<00:33, 63.38it/s]
 63%|██████▎   | 3659/5794 [00:55<00:33, 63.38it/s]
 63%|██████▎   | 3666/5794 [00:56<00:33, 63.30it/s]
 63%|██████▎   | 3673/5794 [00:56<00:32, 64.44it/s]
 64%|██████▎   | 3680/5794 [00:56<00:32, 64.27it/s]
 64%|██████▎   | 3687/5794 [00:56<00:33, 63.82it/s]
 64%|██████▍   | 3694/5794 [00:56<00:33, 63.06it/s]
 64%|██████▍   | 3701/5794 [00:56<00:33, 63.02it/s]
 64%|██████▍   | 3708/5794 [00:56<00:32, 63.22it/s]
 64%|██████▍   | 3715/5794 [00:56<00:32, 63.31it/s]
 64%|██████▍   | 3722/5794 [00:56<00:32, 63.44it/s]
 64%|██████▍   | 3729/5794 [00:57<00:32, 63.46it/s]
 64%|██████▍   | 3736/5794 [00:57<00:32, 63.57it/s]
 65%|██████▍   | 3743/5794 [00:57<00:32, 63.53it/s]
 65%|██████▍   | 3750/5794 [00:57<00:32, 63.65it/s]
 65%|██████▍   | 3757/5794 [00:57<00:32, 63.54it/s]
 65%|██████▍   | 3764/5794 [00:57<00:32, 63.37it/s]
 65%|██████▌   | 3771/5794 [00:57<00:31, 63.47it/s]
 65%|██████▌   | 3778/5794 [00:57<00:31, 63.39it/s]
 65%|██████▌   | 3785/5794 [00:57<00:31, 63.06it/s]
 65%|██████▌   | 3792/5794 [00:58<00:31, 63.33it/s]
 66%|██████▌   | 3799/5794 [00:58<00:31, 63.24it/s]
 66%|██████▌   | 3806/5794 [00:58<00:31, 63.44it/s]
 66%|██████▌   | 3813/5794 [00:58<00:31, 63.13it/s]
 66%|██████▌   | 3820/5794 [00:58<00:31, 63.37it/s]
 66%|██████▌   | 3827/5794 [00:58<00:31, 63.43it/s]
 66%|██████▌   | 3834/5794 [00:58<00:30, 63.57it/s]
 66%|██████▋   | 3841/5794 [00:58<00:30, 63.55it/s]
 66%|██████▋   | 3848/5794 [00:58<00:30, 63.61it/s]
 67%|██████▋   | 3855/5794 [00:59<00:30, 63.63it/s]
 67%|██████▋   | 3862/5794 [00:59<00:30, 63.58it/s]
 67%|██████▋   | 3869/5794 [00:59<00:30, 63.69it/s]
 67%|██████▋   | 3876/5794 [00:59<00:30, 63.73it/s]
 67%|██████▋   | 3883/5794 [00:59<00:30, 63.65it/s]
 67%|██████▋   | 3890/5794 [00:59<00:29, 63.73it/s]
 67%|██████▋   | 3897/5794 [00:59<00:29, 63.61it/s]
 67%|██████▋   | 3904/5794 [00:59<00:29, 63.70it/s]
 68%|██████▊   | 3911/5794 [00:59<00:29, 63.68it/s]
 68%|██████▊   | 3918/5794 [01:00<00:29, 63.58it/s]
 68%|██████▊   | 3925/5794 [01:00<00:29, 63.64it/s]
 68%|██████▊   | 3932/5794 [01:00<00:29, 63.46it/s]
 68%|██████▊   | 3939/5794 [01:00<00:29, 63.65it/s]
 68%|██████▊   | 3946/5794 [01:00<00:29, 63.71it/s]
 68%|██████▊   | 3953/5794 [01:00<00:28, 63.61it/s]
 68%|██████▊   | 3960/5794 [01:00<00:28, 63.61it/s]
 68%|██████▊   | 3967/5794 [01:00<00:28, 63.55it/s]
 69%|██████▊   | 3974/5794 [01:00<00:28, 63.48it/s]
 69%|██████▊   | 3981/5794 [01:01<00:28, 63.42it/s]
 69%|██████▉   | 3988/5794 [01:01<00:28, 63.17it/s]
 69%|██████▉   | 3995/5794 [01:01<00:28, 63.36it/s]
 69%|██████▉   | 4002/5794 [01:01<00:28, 63.22it/s]
 69%|██████▉   | 4009/5794 [01:01<00:28, 63.36it/s]
 69%|██████▉   | 4016/5794 [01:01<00:28, 63.37it/s]
 69%|██████▉   | 4023/5794 [01:01<00:27, 63.26it/s]
 70%|██████▉   | 4030/5794 [01:01<00:27, 63.36it/s]
 70%|██████▉   | 4037/5794 [01:01<00:27, 63.39it/s]
 70%|██████▉   | 4044/5794 [01:02<00:27, 63.57it/s]
 70%|██████▉   | 4051/5794 [01:02<00:27, 63.53it/s]
 70%|███████   | 4058/5794 [01:02<00:27, 63.50it/s]
 70%|███████   | 4065/5794 [01:02<00:27, 63.51it/s]
 70%|███████   | 4072/5794 [01:02<00:27, 63.48it/s]
 70%|███████   | 4079/5794 [01:02<00:26, 63.63it/s]
 71%|███████   | 4086/5794 [01:02<00:26, 63.38it/s]
 71%|███████   | 4093/5794 [01:02<00:26, 63.55it/s]
 71%|███████   | 4100/5794 [01:02<00:26, 63.27it/s]
 71%|███████   | 4107/5794 [01:03<00:26, 63.38it/s]
 71%|███████   | 4114/5794 [01:03<00:26, 63.43it/s]
 71%|███████   | 4121/5794 [01:03<00:26, 63.42it/s]
 71%|███████   | 4128/5794 [01:03<00:26, 63.57it/s]
 71%|███████▏  | 4135/5794 [01:03<00:26, 63.43it/s]
 71%|███████▏  | 4142/5794 [01:03<00:25, 63.57it/s]
 72%|███████▏  | 4149/5794 [01:03<00:25, 63.65it/s]
 72%|███████▏  | 4156/5794 [01:03<00:25, 63.66it/s]
 72%|███████▏  | 4163/5794 [01:03<00:25, 63.61it/s]
 72%|███████▏  | 4170/5794 [01:04<00:25, 63.53it/s]
 72%|███████▏  | 4177/5794 [01:04<00:25, 63.58it/s]
 72%|███████▏  | 4184/5794 [01:04<00:25, 63.69it/s]
 72%|███████▏  | 4191/5794 [01:04<00:25, 63.54it/s]
 72%|███████▏  | 4198/5794 [01:04<00:25, 63.60it/s]
 73%|███████▎  | 4205/5794 [01:04<00:25, 63.47it/s]
 73%|███████▎  | 4212/5794 [01:04<00:24, 63.58it/s]
 73%|███████▎  | 4219/5794 [01:04<00:24, 63.49it/s]
 73%|███████▎  | 4226/5794 [01:04<00:24, 63.57it/s]
 73%|███████▎  | 4233/5794 [01:05<00:24, 63.60it/s]
 73%|███████▎  | 4240/5794 [01:05<00:24, 63.54it/s]
 73%|███████▎  | 4247/5794 [01:05<00:24, 63.63it/s]
 73%|███████▎  | 4254/5794 [01:05<00:24, 63.56it/s]
 74%|███████▎  | 4261/5794 [01:05<00:24, 63.73it/s]
 74%|███████▎  | 4268/5794 [01:05<00:23, 63.65it/s]
 74%|███████▍  | 4275/5794 [01:05<00:23, 63.64it/s]
 74%|███████▍  | 4282/5794 [01:05<00:23, 63.72it/s]
 74%|███████▍  | 4289/5794 [01:05<00:23, 63.63it/s]
 74%|███████▍  | 4296/5794 [01:06<00:23, 63.62it/s]
 74%|███████▍  | 4303/5794 [01:06<00:23, 63.65it/s]
 74%|███████▍  | 4310/5794 [01:06<00:23, 63.61it/s]
 75%|███████▍  | 4317/5794 [01:06<00:23, 63.51it/s]
 75%|███████▍  | 4324/5794 [01:06<00:23, 63.48it/s]
 75%|███████▍  | 4331/5794 [01:06<00:22, 64.87it/s]
 75%|███████▍  | 4339/5794 [01:06<00:21, 67.17it/s]
 75%|███████▌  | 4347/5794 [01:06<00:20, 69.10it/s]
 75%|███████▌  | 4355/5794 [01:06<00:20, 70.39it/s]
 75%|███████▌  | 4363/5794 [01:06<00:20, 71.36it/s]
 75%|███████▌  | 4371/5794 [01:07<00:19, 72.00it/s]
 76%|███████▌  | 4379/5794 [01:07<00:19, 72.30it/s]
 76%|███████▌  | 4387/5794 [01:07<00:19, 72.62it/s]
 76%|███████▌  | 4395/5794 [01:07<00:19, 72.75it/s]
 76%|███████▌  | 4403/5794 [01:07<00:19, 72.85it/s]
 76%|███████▌  | 4411/5794 [01:07<00:19, 72.70it/s]
 76%|███████▋  | 4419/5794 [01:07<00:18, 73.02it/s]
 76%|███████▋  | 4427/5794 [01:07<00:18, 72.95it/s]
 77%|███████▋  | 4435/5794 [01:07<00:18, 73.04it/s]
 77%|███████▋  | 4443/5794 [01:08<00:18, 72.81it/s]
 77%|███████▋  | 4451/5794 [01:08<00:18, 72.86it/s]
 77%|███████▋  | 4459/5794 [01:08<00:18, 72.71it/s]
 77%|███████▋  | 4467/5794 [01:08<00:18, 72.93it/s]
 77%|███████▋  | 4475/5794 [01:08<00:18, 72.81it/s]
 77%|███████▋  | 4483/5794 [01:08<00:17, 72.87it/s]
 78%|███████▊  | 4491/5794 [01:08<00:17, 72.77it/s]
 78%|███████▊  | 4499/5794 [01:08<00:17, 72.95it/s]
 78%|███████▊  | 4507/5794 [01:08<00:17, 73.04it/s]
 78%|███████▊  | 4515/5794 [01:09<00:17, 73.01it/s]
 78%|███████▊  | 4523/5794 [01:09<00:17, 73.00it/s]
 78%|███████▊  | 4531/5794 [01:09<00:17, 70.31it/s]
 78%|███████▊  | 4539/5794 [01:09<00:18, 68.28it/s]
 78%|███████▊  | 4546/5794 [01:09<00:18, 66.76it/s]
 79%|███████▊  | 4553/5794 [01:09<00:18, 66.02it/s]
 79%|███████▊  | 4560/5794 [01:09<00:18, 65.12it/s]
 79%|███████▉  | 4567/5794 [01:09<00:18, 64.88it/s]
 79%|███████▉  | 4574/5794 [01:09<00:18, 64.51it/s]
 79%|███████▉  | 4581/5794 [01:10<00:18, 64.15it/s]
 79%|███████▉  | 4588/5794 [01:10<00:18, 63.96it/s]
 79%|███████▉  | 4595/5794 [01:10<00:18, 63.84it/s]
 79%|███████▉  | 4602/5794 [01:10<00:18, 63.81it/s]
 80%|███████▉  | 4609/5794 [01:10<00:18, 63.79it/s]
 80%|███████▉  | 4616/5794 [01:10<00:18, 63.72it/s]
 80%|███████▉  | 4623/5794 [01:10<00:18, 63.82it/s]
 80%|███████▉  | 4630/5794 [01:10<00:18, 63.66it/s]
 80%|████████  | 4637/5794 [01:10<00:18, 63.77it/s]
 80%|████████  | 4644/5794 [01:11<00:18, 63.66it/s]
 80%|████████  | 4651/5794 [01:11<00:17, 63.82it/s]
 80%|████████  | 4658/5794 [01:11<00:17, 63.80it/s]
 81%|████████  | 4665/5794 [01:11<00:17, 64.00it/s]
 81%|████████  | 4673/5794 [01:11<00:16, 66.75it/s]
 81%|████████  | 4681/5794 [01:11<00:16, 68.65it/s]
 81%|████████  | 4689/5794 [01:11<00:15, 70.05it/s]
 81%|████████  | 4697/5794 [01:11<00:15, 70.92it/s]
 81%|████████  | 4705/5794 [01:11<00:15, 70.89it/s]
 81%|████████▏ | 4713/5794 [01:12<00:15, 68.54it/s]
 81%|████████▏ | 4720/5794 [01:12<00:15, 67.22it/s]
 82%|████████▏ | 4727/5794 [01:12<00:16, 66.14it/s]
 82%|████████▏ | 4734/5794 [01:12<00:16, 65.32it/s]
 82%|████████▏ | 4741/5794 [01:12<00:16, 64.62it/s]
 82%|████████▏ | 4748/5794 [01:12<00:16, 64.29it/s]
 82%|████████▏ | 4755/5794 [01:12<00:16, 64.20it/s]
 82%|████████▏ | 4762/5794 [01:12<00:16, 64.08it/s]
 82%|████████▏ | 4769/5794 [01:12<00:16, 63.68it/s]
 82%|████████▏ | 4776/5794 [01:13<00:15, 63.80it/s]
 83%|████████▎ | 4783/5794 [01:13<00:15, 63.77it/s]
 83%|████████▎ | 4790/5794 [01:13<00:15, 63.90it/s]
 83%|████████▎ | 4797/5794 [01:13<00:15, 65.39it/s]
 83%|████████▎ | 4805/5794 [01:13<00:14, 67.85it/s]
 83%|████████▎ | 4813/5794 [01:13<00:14, 69.57it/s]
 83%|████████▎ | 4821/5794 [01:13<00:13, 70.62it/s]
 83%|████████▎ | 4829/5794 [01:13<00:13, 71.46it/s]
 83%|████████▎ | 4837/5794 [01:13<00:13, 72.00it/s]
 84%|████████▎ | 4845/5794 [01:14<00:13, 72.49it/s]
 84%|████████▍ | 4853/5794 [01:14<00:12, 72.69it/s]
 84%|████████▍ | 4861/5794 [01:14<00:12, 72.66it/s]
 84%|████████▍ | 4869/5794 [01:14<00:12, 72.63it/s]
 84%|████████▍ | 4877/5794 [01:14<00:12, 72.66it/s]
 84%|████████▍ | 4885/5794 [01:14<00:12, 72.81it/s]
 84%|████████▍ | 4893/5794 [01:14<00:12, 71.26it/s]
 85%|████████▍ | 4901/5794 [01:14<00:12, 68.86it/s]
 85%|████████▍ | 4908/5794 [01:14<00:13, 67.55it/s]
 85%|████████▍ | 4915/5794 [01:15<00:13, 66.51it/s]
 85%|████████▍ | 4922/5794 [01:15<00:13, 65.66it/s]
 85%|████████▌ | 4929/5794 [01:15<00:13, 65.09it/s]
 85%|████████▌ | 4936/5794 [01:15<00:13, 64.54it/s]
 85%|████████▌ | 4943/5794 [01:15<00:13, 64.31it/s]
 85%|████████▌ | 4950/5794 [01:15<00:13, 63.97it/s]
 86%|████████▌ | 4957/5794 [01:15<00:13, 63.83it/s]
 86%|████████▌ | 4964/5794 [01:15<00:12, 63.88it/s]
 86%|████████▌ | 4971/5794 [01:15<00:12, 63.68it/s]
 86%|████████▌ | 4978/5794 [01:16<00:12, 63.57it/s]
 86%|████████▌ | 4985/5794 [01:16<00:12, 63.50it/s]
 86%|████████▌ | 4992/5794 [01:16<00:12, 63.65it/s]
 86%|████████▋ | 4999/5794 [01:16<00:12, 63.65it/s]
 86%|████████▋ | 5006/5794 [01:16<00:12, 63.42it/s]
 87%|████████▋ | 5013/5794 [01:16<00:12, 63.09it/s]
 87%|████████▋ | 5020/5794 [01:16<00:12, 63.23it/s]
 87%|████████▋ | 5027/5794 [01:16<00:12, 63.49it/s]
 87%|████████▋ | 5034/5794 [01:16<00:11, 63.66it/s]
 87%|████████▋ | 5041/5794 [01:17<00:11, 63.65it/s]
 87%|████████▋ | 5048/5794 [01:17<00:11, 63.81it/s]
 87%|████████▋ | 5055/5794 [01:17<00:11, 63.72it/s]
 87%|████████▋ | 5062/5794 [01:17<00:11, 63.85it/s]
 87%|████████▋ | 5069/5794 [01:17<00:11, 63.64it/s]
 88%|████████▊ | 5076/5794 [01:17<00:11, 63.81it/s]
 88%|████████▊ | 5083/5794 [01:17<00:11, 63.68it/s]
 88%|████████▊ | 5090/5794 [01:17<00:11, 63.54it/s]
 88%|████████▊ | 5097/5794 [01:17<00:10, 63.42it/s]
 88%|████████▊ | 5104/5794 [01:18<00:10, 63.32it/s]
 88%|████████▊ | 5111/5794 [01:18<00:10, 63.45it/s]
 88%|████████▊ | 5118/5794 [01:18<00:10, 63.49it/s]
 88%|████████▊ | 5125/5794 [01:18<00:10, 63.47it/s]
 89%|████████▊ | 5132/5794 [01:18<00:10, 63.19it/s]
 89%|████████▊ | 5139/5794 [01:18<00:10, 63.49it/s]
 89%|████████▉ | 5147/5794 [01:18<00:09, 66.10it/s]
 89%|████████▉ | 5155/5794 [01:18<00:09, 68.19it/s]
 89%|████████▉ | 5163/5794 [01:18<00:09, 69.94it/s]
 89%|████████▉ | 5171/5794 [01:19<00:08, 70.59it/s]
 89%|████████▉ | 5179/5794 [01:19<00:08, 71.52it/s]
 90%|████████▉ | 5187/5794 [01:19<00:08, 71.89it/s]
 90%|████████▉ | 5195/5794 [01:19<00:08, 71.76it/s]
 90%|████████▉ | 5203/5794 [01:19<00:08, 69.03it/s]
 90%|████████▉ | 5210/5794 [01:19<00:08, 67.56it/s]
 90%|█████████ | 5217/5794 [01:19<00:08, 66.44it/s]
 90%|█████████ | 5224/5794 [01:19<00:08, 65.61it/s]
 90%|█████████ | 5232/5794 [01:19<00:08, 67.14it/s]
 90%|█████████ | 5240/5794 [01:20<00:08, 68.88it/s]
 91%|█████████ | 5248/5794 [01:20<00:07, 70.22it/s]
 91%|█████████ | 5256/5794 [01:20<00:07, 71.05it/s]
 91%|█████████ | 5264/5794 [01:20<00:07, 71.80it/s]
 91%|█████████ | 5272/5794 [01:20<00:07, 72.25it/s]
 91%|█████████ | 5280/5794 [01:20<00:07, 72.42it/s]
 91%|█████████▏| 5288/5794 [01:20<00:06, 72.74it/s]
 91%|█████████▏| 5296/5794 [01:20<00:06, 72.83it/s]
 92%|█████████▏| 5304/5794 [01:20<00:06, 73.02it/s]
 92%|█████████▏| 5312/5794 [01:21<00:06, 73.07it/s]
 92%|█████████▏| 5320/5794 [01:21<00:06, 73.19it/s]
 92%|█████████▏| 5328/5794 [01:21<00:06, 73.19it/s]
 92%|█████████▏| 5336/5794 [01:21<00:06, 71.41it/s]
 92%|█████████▏| 5344/5794 [01:21<00:06, 68.61it/s]
 92%|█████████▏| 5351/5794 [01:21<00:06, 66.80it/s]
 92%|█████████▏| 5358/5794 [01:21<00:06, 67.07it/s]
 93%|█████████▎| 5366/5794 [01:21<00:06, 68.98it/s]
 93%|█████████▎| 5374/5794 [01:21<00:06, 69.94it/s]
 93%|█████████▎| 5382/5794 [01:22<00:05, 70.97it/s]
 93%|█████████▎| 5390/5794 [01:22<00:05, 71.41it/s]
 93%|█████████▎| 5398/5794 [01:22<00:05, 71.99it/s]
 93%|█████████▎| 5406/5794 [01:22<00:05, 72.15it/s]
 93%|█████████▎| 5414/5794 [01:22<00:05, 72.43it/s]
 94%|█████████▎| 5422/5794 [01:22<00:05, 72.56it/s]
 94%|█████████▎| 5430/5794 [01:22<00:05, 72.76it/s]
 94%|█████████▍| 5438/5794 [01:22<00:04, 72.79it/s]
 94%|█████████▍| 5446/5794 [01:22<00:04, 72.61it/s]
 94%|█████████▍| 5454/5794 [01:23<00:04, 72.70it/s]
 94%|█████████▍| 5462/5794 [01:23<00:04, 72.72it/s]
 94%|█████████▍| 5470/5794 [01:23<00:04, 72.95it/s]
 95%|█████████▍| 5478/5794 [01:23<00:04, 73.04it/s]
 95%|█████████▍| 5486/5794 [01:23<00:04, 73.12it/s]
 95%|█████████▍| 5494/5794 [01:23<00:04, 73.08it/s]
 95%|█████████▍| 5502/5794 [01:23<00:03, 73.11it/s]
 95%|█████████▌| 5510/5794 [01:23<00:04, 70.45it/s]
 95%|█████████▌| 5518/5794 [01:23<00:04, 68.27it/s]
 95%|█████████▌| 5525/5794 [01:24<00:04, 67.00it/s]
 95%|█████████▌| 5532/5794 [01:24<00:03, 66.03it/s]
 96%|█████████▌| 5539/5794 [01:24<00:03, 65.47it/s]
 96%|█████████▌| 5546/5794 [01:24<00:03, 64.96it/s]
 96%|█████████▌| 5554/5794 [01:24<00:03, 66.27it/s]
 96%|█████████▌| 5561/5794 [01:24<00:03, 65.43it/s]
 96%|█████████▌| 5568/5794 [01:24<00:03, 64.66it/s]
 96%|█████████▌| 5575/5794 [01:24<00:03, 64.20it/s]
 96%|█████████▋| 5582/5794 [01:24<00:03, 63.88it/s]
 96%|█████████▋| 5589/5794 [01:25<00:03, 63.85it/s]
 97%|█████████▋| 5596/5794 [01:25<00:03, 62.84it/s]
 97%|█████████▋| 5603/5794 [01:25<00:03, 63.15it/s]
 97%|█████████▋| 5610/5794 [01:25<00:02, 63.20it/s]
 97%|█████████▋| 5617/5794 [01:25<00:02, 63.35it/s]
 97%|█████████▋| 5624/5794 [01:25<00:02, 63.41it/s]
 97%|█████████▋| 5631/5794 [01:25<00:02, 63.54it/s]
 97%|█████████▋| 5638/5794 [01:25<00:02, 63.70it/s]
 97%|█████████▋| 5645/5794 [01:25<00:02, 63.78it/s]
 98%|█████████▊| 5652/5794 [01:26<00:02, 63.65it/s]
 98%|█████████▊| 5659/5794 [01:26<00:02, 63.82it/s]
 98%|█████████▊| 5666/5794 [01:26<00:02, 63.81it/s]
 98%|█████████▊| 5673/5794 [01:26<00:01, 63.83it/s]
 98%|█████████▊| 5680/5794 [01:26<00:01, 63.81it/s]
 98%|█████████▊| 5687/5794 [01:26<00:01, 63.23it/s]
 98%|█████████▊| 5694/5794 [01:26<00:01, 63.22it/s]
 98%|█████████▊| 5701/5794 [01:26<00:01, 63.21it/s]
 99%|█████████▊| 5708/5794 [01:26<00:01, 63.30it/s]
 99%|█████████▊| 5715/5794 [01:27<00:01, 63.32it/s]
 99%|█████████▉| 5722/5794 [01:27<00:01, 63.41it/s]
 99%|█████████▉| 5729/5794 [01:27<00:01, 63.56it/s]
 99%|█████████▉| 5736/5794 [01:27<00:00, 63.39it/s]
 99%|█████████▉| 5743/5794 [01:27<00:00, 63.70it/s]
 99%|█████████▉| 5750/5794 [01:27<00:00, 63.05it/s]
 99%|█████████▉| 5757/5794 [01:27<00:00, 63.05it/s]
 99%|█████████▉| 5764/5794 [01:27<00:00, 62.87it/s]
100%|█████████▉| 5771/5794 [01:27<00:00, 62.33it/s]
100%|█████████▉| 5778/5794 [01:28<00:00, 62.45it/s]
100%|█████████▉| 5785/5794 [01:28<00:00, 62.49it/s]
100%|█████████▉| 5792/5794 [01:28<00:00, 64.04it/s]
100%|██████████| 5794/5794 [01:28<00:00, 65.59it/s]
BALANCED ACCS CHECKED FOR TEST
TEST SET RESULTS FOR CHECKPOINT trained_weights/waterbirds/gals_waterbird_1.0_forest2water2_21050510_trial_000/best_balanced_valacc_0.57_epoch_0.ckpt
test_acc: 0.6791508457024508
balanced_test_acc: 0.5590903910313529
Land_on_Land_test_acc: 0.9964523281596452
Land_on_Water_test_acc: 0.5529933481152993
Water_on_Land_test_acc: 0.018691588785046728
Water_on_Water_test_acc: 0.6682242990654206
test_acc_Waterbird: 0.34345794392523366
test_acc_Landbird: 0.7747228381374723
