[SWEEP] run_name_prefix=gradcam_waterbird_complete95_forest2water2_21050491
[SWEEP] Trial 0 done. best_balanced_val_acc=0.5597031163116795
[SWEEP] Best trial:
  trial: 0
  name: gradcam_waterbird_complete95_forest2water2_21050491_trial_000
  method: gradcam
  seed: 0
  base_lr: 0.0010000000000000002
  classifier_lr: 9.999999999999991e-05
  grad_weight: None
  cam_weight: 1.0
  abn_cls_weight: None
  abn_att_weight: None
  weight_decay: 9.999999999999997e-06
  best_balanced_val_acc: 0.5597031163116795
  test_acc: 77.26958923023818
  balanced_test_acc: 58.40826201380111
  per_group: 58.40826201380111
  worst_group: 1.0903426791277258
  checkpoint: trained_weights/waterbirds/gradcam_waterbird_complete95_forest2water2_21050491_trial_000/best_balanced_valacc_0.56_epoch_0.ckpt
  log_path: /home/ryreu/guided_cnn/logsWaterbird/smoke_debug_21050491/gradcam95_vit_logs/gradcam_waterbird_complete95_forest2water2_21050491_trial_000.log
  seconds: 113
  sampler: random
  run_dir: trained_weights/waterbirds/gradcam_waterbird_complete95_forest2water2_21050491_trial_000
[TIME] sweep: median min/trial=1.88 | total tuning GPU-hours=0.03
[TIME] sweep: median min/epoch=0.0094 (epochs/trial=200)
