[SWEEP] run_name_prefix=rrr_waterbird_complete95_forest2water2_21050491
[SWEEP] Trial 0 done. best_balanced_val_acc=0.5455459388019889
[SWEEP] Best trial:
  trial: 0
  name: rrr_waterbird_complete95_forest2water2_21050491_trial_000
  method: rrr
  seed: 0
  base_lr: 0.0010000000000000002
  classifier_lr: 9.999999999999991e-05
  grad_weight: 10.000000000000002
  cam_weight: None
  abn_cls_weight: None
  abn_att_weight: None
  weight_decay: 9.999999999999997e-06
  best_balanced_val_acc: 0.5455459388019889
  test_acc: 72.79944770452192
  balanced_test_acc: 56.623184201255775
  per_group: 56.623184201255775
  worst_group: 1.0903426791277258
  checkpoint: trained_weights/waterbirds/rrr_waterbird_complete95_forest2water2_21050491_trial_000/best_balanced_valacc_0.55_epoch_0.ckpt
  log_path: /home/ryreu/guided_cnn/logsWaterbird/smoke_debug_21050491/rrr95_vit_logs/rrr_waterbird_complete95_forest2water2_21050491_trial_000.log
  seconds: 172
  sampler: random
  run_dir: trained_weights/waterbirds/rrr_waterbird_complete95_forest2water2_21050491_trial_000
[TIME] sweep: median min/trial=2.87 | total tuning GPU-hours=0.05
[TIME] sweep: median min/epoch=0.0143 (epochs/trial=200)
