[CMD] /home/ryreu/miniconda3/envs/gals_a100/bin/python -u main.py --config configs/waterbirds_100_gals_vit.yaml --name rrr_waterbird_1.0_forest2water2_21048936_trial_000 DATA.ROOT=/home/ryreu/guided_cnn/waterbirds DATA.WATERBIRDS_DIR=waterbird_1.0_forest2water2 SEED=0 EXP.BASE.LR=0.0010000000000000002 EXP.CLASSIFIER.LR=9.999999999999991e-05 EXP.WEIGHT_DECAY=9.999999999999997e-06 EXP.AUX_LOSSES_ON_VAL=False EXP.LOSSES.GRADIENT_OUTSIDE.WEIGHT=10.000000000000002 EXP.NUM_EPOCHS=1
SEED: 0
DATA:
  BATCH_SIZE: 96
  NUM_WORKERS: 4
  SIZE: 224
  NORMALIZATION: imagenet
  ATTENTION_DIR: clip_vit_attention
  SEPARATE_CLASSES: false
  REMOVE_BACKGROUND: false
  ROOT: /home/ryreu/guided_cnn/waterbirds
  USE_CLASS_WEIGHTS: false
  USE_GROUP_WEIGHTS: false
  DATASET: waterbirds
  NUM_CLASSES: 2
  CONFOUNDING_FACTOR: 1.0
  WATERBIRDS_DIR: waterbird_1.0_forest2water2
EXP:
  NUM_TRIALS: 1
  LOSSES:
    CLASSIFICATION:
      WEIGHT: 1
    GRADIENT_OUTSIDE:
      COMPUTE: true
      LOG: false
      WEIGHT: 10.000000000000002
      CRITERION: L1
      GT: clip_vit
      COMBINE_ATT_MODE: average_nonzero
    GRADIENT_INSIDE:
      COMPUTE: false
      LOG: false
      WEIGHT: 1
      CRITERION: L1
      GT: segmentation
      COMBINE_ATT_MODE: average_nonzero
    GRADCAM:
      COMPUTE: false
      LOG: false
      WEIGHT: 1
      CRITERION: L1
      GT: segmentation
      MODE: match
      COMBINE_ATT_MODE: average_nonzero
  APPROACH: generic
  MODEL: resnet50
  PRETRAINED: true
  NUM_EPOCHS: 1
  OPTIMIZER: SGD
  WEIGHT_DECAY: 9.999999999999997e-06
  MOMENTUM: 0.9
  SCHEDULER: NONE
  BASE:
    LR: 0.0010000000000000002
  CLASSIFIER:
    LR: 9.999999999999991e-05
  AUX_LOSSES_ON_VAL: false
LOGGING:
  SAVE_EVERY: 0
  SAVE_BEST: true
  SAVE_LAST: false
  LOG_ATTENTION: false
  LOG_ATTENTION_STEP: 10
  SAVE_STATS_PATH: null
yaml: configs/waterbirds_100_gals_vit.yaml
name: rrr_waterbird_1.0_forest2water2_21048936_trial_000
test_checkpoint: null

WATERBIRDS DIR: /home/ryreu/guided_cnn/waterbirds/waterbird_1.0_forest2water2
NUMBER OF SAMPLES WITH LABEL Landbird: 3684
NUMBER OF SAMPLES WITH LABEL Waterbird: 1111
NUMBER OF SAMPLES WITH GROUP Land_on_Land: 3684
NUMBER OF SAMPLES WITH GROUP Land_on_Water: 0
NUMBER OF SAMPLES WITH GROUP Water_on_Land: 0
NUMBER OF SAMPLES WITH GROUP Water_on_Water: 1111
WATERBIRDS DIR: /home/ryreu/guided_cnn/waterbirds/waterbird_1.0_forest2water2
NUMBER OF SAMPLES WITH LABEL Landbird: 931
NUMBER OF SAMPLES WITH LABEL Waterbird: 268
NUMBER OF SAMPLES WITH GROUP Land_on_Land: 465
NUMBER OF SAMPLES WITH GROUP Land_on_Water: 466
NUMBER OF SAMPLES WITH GROUP Water_on_Land: 134
NUMBER OF SAMPLES WITH GROUP Water_on_Water: 134
NUM TRAIN: 4795

NUM VAL:   1199

Number classifier outputs: 1
Using pretrained model: True
USING SGD OPTIMIZER
class weights: None
group weights: None
WANDB DISABLED: skipping wandb.init()
EPOCH: 0

>>> TRAINING 


  0%|          | 0/50 [00:00<?, ?it/s]
  2%|▏         | 1/50 [00:05<04:34,  5.60s/it]
  4%|▍         | 2/50 [00:06<02:21,  2.95s/it]
  6%|▌         | 3/50 [00:07<01:38,  2.10s/it]
  8%|▊         | 4/50 [00:08<01:18,  1.70s/it]
 10%|█         | 5/50 [00:09<01:07,  1.49s/it]
 12%|█▏        | 6/50 [00:11<00:59,  1.36s/it]
 14%|█▍        | 7/50 [00:12<00:54,  1.27s/it]
 16%|█▌        | 8/50 [00:13<00:51,  1.21s/it]
 18%|█▊        | 9/50 [00:14<00:48,  1.18s/it]
 20%|██        | 10/50 [00:15<00:45,  1.15s/it]
 22%|██▏       | 11/50 [00:16<00:44,  1.13s/it]
 24%|██▍       | 12/50 [00:17<00:42,  1.12s/it]
 26%|██▌       | 13/50 [00:18<00:41,  1.11s/it]
 28%|██▊       | 14/50 [00:19<00:39,  1.11s/it]
 30%|███       | 15/50 [00:20<00:38,  1.11s/it]
 32%|███▏      | 16/50 [00:22<00:37,  1.10s/it]
 34%|███▍      | 17/50 [00:23<00:36,  1.10s/it]
 36%|███▌      | 18/50 [00:24<00:35,  1.10s/it]
 38%|███▊      | 19/50 [00:25<00:34,  1.10s/it]
 40%|████      | 20/50 [00:26<00:32,  1.10s/it]
 42%|████▏     | 21/50 [00:27<00:31,  1.10s/it]
 44%|████▍     | 22/50 [00:28<00:30,  1.10s/it]
 46%|████▌     | 23/50 [00:29<00:29,  1.09s/it]
 48%|████▊     | 24/50 [00:30<00:28,  1.10s/it]
 50%|█████     | 25/50 [00:31<00:27,  1.09s/it]
 52%|█████▏    | 26/50 [00:32<00:26,  1.09s/it]
 54%|█████▍    | 27/50 [00:34<00:25,  1.09s/it]
 56%|█████▌    | 28/50 [00:35<00:23,  1.09s/it]
 58%|█████▊    | 29/50 [00:36<00:22,  1.09s/it]
 60%|██████    | 30/50 [00:37<00:21,  1.09s/it]
 62%|██████▏   | 31/50 [00:38<00:20,  1.09s/it]
 64%|██████▍   | 32/50 [00:40<00:26,  1.49s/it]
 66%|██████▌   | 33/50 [00:41<00:23,  1.37s/it]
 68%|██████▊   | 34/50 [00:43<00:20,  1.29s/it]
 70%|███████   | 35/50 [00:44<00:18,  1.23s/it]
 72%|███████▏  | 36/50 [00:45<00:16,  1.19s/it]
 74%|███████▍  | 37/50 [00:46<00:15,  1.16s/it]
 76%|███████▌  | 38/50 [00:47<00:13,  1.15s/it]
 78%|███████▊  | 39/50 [00:48<00:12,  1.13s/it]
 80%|████████  | 40/50 [00:49<00:11,  1.12s/it]
 82%|████████▏ | 41/50 [00:50<00:10,  1.11s/it]
 84%|████████▍ | 42/50 [00:51<00:08,  1.11s/it]
 86%|████████▌ | 43/50 [00:52<00:07,  1.11s/it]
 88%|████████▊ | 44/50 [00:54<00:06,  1.10s/it]
 90%|█████████ | 45/50 [00:55<00:05,  1.10s/it]
 92%|█████████▏| 46/50 [00:56<00:04,  1.10s/it]
 94%|█████████▍| 47/50 [00:57<00:03,  1.10s/it]
 96%|█████████▌| 48/50 [00:58<00:02,  1.10s/it]
 98%|█████████▊| 49/50 [00:59<00:01,  1.10s/it]
100%|██████████| 50/50 [01:00<00:00,  1.09s/it]
100%|██████████| 50/50 [01:00<00:00,  1.21s/it]
>>> VALIDATING 


  0%|          | 0/13 [00:00<?, ?it/s]
  8%|▊         | 1/13 [00:01<00:18,  1.56s/it]
 23%|██▎       | 3/13 [00:01<00:04,  2.20it/s]
 38%|███▊      | 5/13 [00:02<00:04,  1.96it/s]
 46%|████▌     | 6/13 [00:02<00:02,  2.48it/s]
 62%|██████▏   | 8/13 [00:03<00:01,  3.89it/s]
 69%|██████▉   | 9/13 [00:04<00:01,  2.02it/s]
 77%|███████▋  | 10/13 [00:04<00:01,  1.90it/s]
 92%|█████████▏| 12/13 [00:05<00:00,  2.96it/s]
100%|██████████| 13/13 [00:05<00:00,  2.49it/s]
>>> LOGGING 

BALANCED ACCS CHECKED FOR TRAIN
BALANCED ACCS CHECKED FOR VAL
train_acc: 0.7293013555787279
val_acc: 0.6839032527105922
train_cls_loss: 0.47431737886852465
val_cls_loss: 0.566548323362842
train_total_loss: 0.47434192414514964
val_total_loss: 0.566548323362842
balanced_train_acc: 0.6122934361840093
balanced_val_acc: 0.5705909229363387
Land_on_Land_train_acc: 0.8303474484256244
Land_on_Land_val_acc: 0.9956989247311828
Land_on_Water_train_acc: 0
Land_on_Water_val_acc: 0.555793991416309
Water_on_Land_train_acc: 0
Water_on_Land_val_acc: 0.03731343283582089
Water_on_Water_train_acc: 0.39423942394239425
Water_on_Water_val_acc: 0.6940298507462687
train_dydx_outside_clip_vit_loss: 2.454231434474212e-05
train_acc_Landbird: 0.8303474484256244
train_acc_Waterbird: 0.39423942394239425
val_acc_Landbird: 0.7755102040816326
val_acc_Waterbird: 0.3656716417910448
TRAIN ACC:        0.7293013555787279
VAL ACC:          0.6839032527105922
BALANCED VAL ACC: 0.5705909229363387
prev best list: []
Saving to trained_weights/waterbirds/rrr_waterbird_1.0_forest2water2_21048936_trial_000/best_balanced_valacc_0.57_epoch_0.ckpt
>>> EVALUATING ON TEST SET
WATERBIRDS DIR: /home/ryreu/guided_cnn/waterbirds/waterbird_1.0_forest2water2
NUMBER OF SAMPLES WITH LABEL Landbird: 4510
NUMBER OF SAMPLES WITH LABEL Waterbird: 1284
NUMBER OF SAMPLES WITH GROUP Land_on_Land: 2255
NUMBER OF SAMPLES WITH GROUP Land_on_Water: 2255
NUMBER OF SAMPLES WITH GROUP Water_on_Land: 642
NUMBER OF SAMPLES WITH GROUP Water_on_Water: 642
NUM TEST:   5794

Loaded checkpoint trained_weights/waterbirds/rrr_waterbird_1.0_forest2water2_21048936_trial_000/best_balanced_valacc_0.57_epoch_0.ckpt

  0%|          | 0/5794 [00:00<?, ?it/s]
  0%|          | 1/5794 [00:00<27:07,  3.56it/s]
  0%|          | 8/5794 [00:00<03:44, 25.77it/s]
  0%|          | 16/5794 [00:00<02:18, 41.79it/s]
  0%|          | 24/5794 [00:00<01:52, 51.51it/s]
  1%|          | 32/5794 [00:00<01:39, 58.02it/s]
  1%|          | 40/5794 [00:00<01:31, 62.66it/s]
  1%|          | 48/5794 [00:00<01:27, 65.58it/s]
  1%|          | 56/5794 [00:01<01:25, 67.47it/s]
  1%|          | 64/5794 [00:01<01:23, 68.40it/s]
  1%|          | 72/5794 [00:01<01:23, 68.74it/s]
  1%|▏         | 80/5794 [00:01<01:22, 69.32it/s]
  2%|▏         | 88/5794 [00:01<01:21, 70.37it/s]
  2%|▏         | 96/5794 [00:01<01:20, 71.00it/s]
  2%|▏         | 104/5794 [00:01<01:19, 71.39it/s]
  2%|▏         | 112/5794 [00:01<01:19, 71.47it/s]
  2%|▏         | 120/5794 [00:01<01:19, 71.53it/s]
  2%|▏         | 128/5794 [00:02<01:21, 69.61it/s]
  2%|▏         | 135/5794 [00:02<01:22, 68.42it/s]
  2%|▏         | 142/5794 [00:02<01:42, 55.22it/s]
  3%|▎         | 150/5794 [00:02<01:34, 59.88it/s]
  3%|▎         | 158/5794 [00:02<01:29, 62.87it/s]
  3%|▎         | 165/5794 [00:02<01:27, 64.39it/s]
  3%|▎         | 173/5794 [00:02<01:24, 66.46it/s]
  3%|▎         | 181/5794 [00:02<01:22, 67.98it/s]
  3%|▎         | 189/5794 [00:03<01:21, 68.99it/s]
  3%|▎         | 197/5794 [00:03<01:20, 69.72it/s]
  4%|▎         | 205/5794 [00:03<01:19, 70.10it/s]
  4%|▎         | 213/5794 [00:03<01:19, 69.78it/s]
  4%|▍         | 221/5794 [00:03<01:19, 70.50it/s]
  4%|▍         | 229/5794 [00:03<01:18, 71.08it/s]
  4%|▍         | 237/5794 [00:03<01:18, 71.08it/s]
  4%|▍         | 245/5794 [00:03<01:18, 71.06it/s]
  4%|▍         | 253/5794 [00:03<01:17, 71.13it/s]
  5%|▍         | 261/5794 [00:04<01:17, 71.04it/s]
  5%|▍         | 269/5794 [00:04<01:18, 70.53it/s]
  5%|▍         | 277/5794 [00:04<01:19, 69.69it/s]
  5%|▍         | 284/5794 [00:04<01:19, 69.16it/s]
  5%|▌         | 291/5794 [00:04<01:20, 68.43it/s]
  5%|▌         | 298/5794 [00:04<01:21, 67.68it/s]
  5%|▌         | 305/5794 [00:04<01:22, 66.89it/s]
  5%|▌         | 312/5794 [00:04<01:21, 67.07it/s]
  6%|▌         | 319/5794 [00:04<01:21, 66.93it/s]
  6%|▌         | 326/5794 [00:05<01:20, 67.77it/s]
  6%|▌         | 334/5794 [00:05<01:17, 70.45it/s]
  6%|▌         | 342/5794 [00:05<01:15, 72.24it/s]
  6%|▌         | 350/5794 [00:05<01:13, 73.60it/s]
  6%|▌         | 358/5794 [00:05<01:12, 74.53it/s]
  6%|▋         | 366/5794 [00:05<01:12, 75.29it/s]
  6%|▋         | 374/5794 [00:05<01:11, 75.29it/s]
  7%|▋         | 382/5794 [00:05<01:11, 76.18it/s]
  7%|▋         | 390/5794 [00:05<01:11, 76.06it/s]
  7%|▋         | 398/5794 [00:05<01:10, 76.42it/s]
  7%|▋         | 406/5794 [00:06<01:10, 76.53it/s]
  7%|▋         | 414/5794 [00:06<01:10, 76.71it/s]
  7%|▋         | 422/5794 [00:06<01:09, 76.82it/s]
  7%|▋         | 430/5794 [00:06<01:09, 76.77it/s]
  8%|▊         | 438/5794 [00:06<01:11, 74.91it/s]
  8%|▊         | 446/5794 [00:06<01:12, 73.69it/s]
  8%|▊         | 454/5794 [00:06<01:13, 72.56it/s]
  8%|▊         | 462/5794 [00:06<01:14, 71.28it/s]
  8%|▊         | 470/5794 [00:06<01:15, 70.07it/s]
  8%|▊         | 478/5794 [00:07<01:15, 69.97it/s]
  8%|▊         | 486/5794 [00:07<01:15, 70.33it/s]
  9%|▊         | 494/5794 [00:07<01:16, 69.37it/s]
  9%|▊         | 502/5794 [00:07<01:16, 69.61it/s]
  9%|▉         | 510/5794 [00:07<01:15, 69.75it/s]
  9%|▉         | 518/5794 [00:07<01:15, 69.77it/s]
  9%|▉         | 526/5794 [00:07<01:15, 69.92it/s]
  9%|▉         | 533/5794 [00:07<01:16, 68.53it/s]
  9%|▉         | 540/5794 [00:07<01:17, 67.50it/s]
  9%|▉         | 547/5794 [00:08<01:19, 65.86it/s]
 10%|▉         | 554/5794 [00:08<01:19, 66.20it/s]
 10%|▉         | 561/5794 [00:08<01:19, 65.51it/s]
 10%|▉         | 568/5794 [00:08<01:20, 65.15it/s]
 10%|▉         | 575/5794 [00:08<01:20, 64.94it/s]
 10%|█         | 582/5794 [00:08<01:20, 64.95it/s]
 10%|█         | 589/5794 [00:08<01:20, 64.86it/s]
 10%|█         | 596/5794 [00:08<01:20, 64.72it/s]
 10%|█         | 603/5794 [00:08<01:20, 64.75it/s]
 11%|█         | 610/5794 [00:09<01:20, 64.65it/s]
 11%|█         | 617/5794 [00:09<01:20, 64.70it/s]
 11%|█         | 624/5794 [00:09<01:19, 64.65it/s]
 11%|█         | 631/5794 [00:09<01:20, 64.34it/s]
 11%|█         | 638/5794 [00:09<01:19, 64.78it/s]
 11%|█         | 645/5794 [00:09<01:19, 64.57it/s]
 11%|█▏        | 652/5794 [00:09<01:19, 64.51it/s]
 11%|█▏        | 659/5794 [00:09<01:19, 64.37it/s]
 11%|█▏        | 666/5794 [00:09<01:19, 64.39it/s]
 12%|█▏        | 673/5794 [00:10<01:19, 64.42it/s]
 12%|█▏        | 680/5794 [00:10<01:20, 63.38it/s]
 12%|█▏        | 687/5794 [00:10<01:20, 63.66it/s]
 12%|█▏        | 694/5794 [00:10<01:20, 63.47it/s]
 12%|█▏        | 701/5794 [00:10<01:19, 63.83it/s]
 12%|█▏        | 708/5794 [00:10<01:19, 63.66it/s]
 12%|█▏        | 715/5794 [00:10<01:19, 63.69it/s]
 12%|█▏        | 722/5794 [00:10<01:19, 63.90it/s]
 13%|█▎        | 729/5794 [00:10<01:19, 63.71it/s]
 13%|█▎        | 736/5794 [00:11<01:19, 63.39it/s]
 13%|█▎        | 743/5794 [00:11<01:18, 63.98it/s]
 13%|█▎        | 750/5794 [00:11<01:18, 64.03it/s]
 13%|█▎        | 757/5794 [00:11<01:18, 64.09it/s]
 13%|█▎        | 764/5794 [00:11<01:18, 64.07it/s]
 13%|█▎        | 771/5794 [00:11<01:18, 64.10it/s]
 13%|█▎        | 778/5794 [00:11<01:18, 63.59it/s]
 14%|█▎        | 785/5794 [00:11<01:18, 64.12it/s]
 14%|█▎        | 792/5794 [00:11<01:17, 64.62it/s]
 14%|█▍        | 799/5794 [00:11<01:17, 64.15it/s]
 14%|█▍        | 806/5794 [00:12<01:16, 65.34it/s]
 14%|█▍        | 813/5794 [00:12<01:16, 65.03it/s]
 14%|█▍        | 820/5794 [00:12<01:16, 65.10it/s]
 14%|█▍        | 827/5794 [00:12<01:16, 65.14it/s]
 14%|█▍        | 834/5794 [00:12<01:16, 65.26it/s]
 15%|█▍        | 841/5794 [00:12<01:16, 65.04it/s]
 15%|█▍        | 848/5794 [00:12<01:16, 64.77it/s]
 15%|█▍        | 855/5794 [00:12<01:16, 64.52it/s]
 15%|█▍        | 862/5794 [00:12<01:16, 64.40it/s]
 15%|█▍        | 869/5794 [00:13<01:16, 64.77it/s]
 15%|█▌        | 876/5794 [00:13<01:15, 65.21it/s]
 15%|█▌        | 883/5794 [00:13<01:16, 64.61it/s]
 15%|█▌        | 890/5794 [00:13<01:14, 65.89it/s]
 15%|█▌        | 897/5794 [00:13<01:14, 65.72it/s]
 16%|█▌        | 904/5794 [00:13<01:14, 66.05it/s]
 16%|█▌        | 911/5794 [00:13<01:14, 65.97it/s]
 16%|█▌        | 918/5794 [00:13<01:14, 65.85it/s]
 16%|█▌        | 925/5794 [00:13<01:13, 65.93it/s]
 16%|█▌        | 932/5794 [00:14<01:13, 65.91it/s]
 16%|█▌        | 939/5794 [00:14<01:14, 65.50it/s]
 16%|█▋        | 946/5794 [00:14<01:13, 66.01it/s]
 16%|█▋        | 953/5794 [00:14<01:13, 65.69it/s]
 17%|█▋        | 960/5794 [00:14<01:13, 65.79it/s]
 17%|█▋        | 967/5794 [00:14<01:13, 65.64it/s]
 17%|█▋        | 974/5794 [00:14<01:13, 65.65it/s]
 17%|█▋        | 981/5794 [00:14<01:13, 65.59it/s]
 17%|█▋        | 988/5794 [00:14<01:13, 65.24it/s]
 17%|█▋        | 995/5794 [00:14<01:12, 65.92it/s]
 17%|█▋        | 1002/5794 [00:15<01:12, 65.79it/s]
 17%|█▋        | 1009/5794 [00:15<01:12, 65.80it/s]
 18%|█▊        | 1016/5794 [00:15<01:12, 65.77it/s]
 18%|█▊        | 1023/5794 [00:15<01:13, 65.09it/s]
 18%|█▊        | 1031/5794 [00:15<01:11, 66.91it/s]
 18%|█▊        | 1038/5794 [00:15<01:11, 66.68it/s]
 18%|█▊        | 1045/5794 [00:15<01:11, 66.40it/s]
 18%|█▊        | 1052/5794 [00:15<01:11, 66.18it/s]
 18%|█▊        | 1059/5794 [00:15<01:11, 66.29it/s]
 18%|█▊        | 1066/5794 [00:16<01:18, 60.50it/s]
 19%|█▊        | 1073/5794 [00:16<01:15, 62.45it/s]
 19%|█▊        | 1080/5794 [00:16<01:14, 63.12it/s]
 19%|█▉        | 1087/5794 [00:16<01:13, 64.26it/s]
 19%|█▉        | 1094/5794 [00:16<01:12, 64.64it/s]
 19%|█▉        | 1101/5794 [00:16<01:12, 65.08it/s]
 19%|█▉        | 1108/5794 [00:16<01:11, 65.78it/s]
 19%|█▉        | 1116/5794 [00:16<01:09, 67.47it/s]
 19%|█▉        | 1124/5794 [00:16<01:07, 68.72it/s]
 20%|█▉        | 1132/5794 [00:17<01:07, 69.55it/s]
 20%|█▉        | 1140/5794 [00:17<01:06, 69.97it/s]
 20%|█▉        | 1148/5794 [00:17<01:05, 70.45it/s]
 20%|█▉        | 1156/5794 [00:17<01:05, 70.91it/s]
 20%|██        | 1164/5794 [00:17<01:05, 70.69it/s]
 20%|██        | 1172/5794 [00:17<01:04, 71.14it/s]
 20%|██        | 1180/5794 [00:17<01:16, 60.14it/s]
 20%|██        | 1187/5794 [00:17<01:14, 61.73it/s]
 21%|██        | 1194/5794 [00:18<01:13, 62.66it/s]
 21%|██        | 1201/5794 [00:18<01:12, 63.77it/s]
 21%|██        | 1208/5794 [00:18<01:10, 64.60it/s]
 21%|██        | 1215/5794 [00:18<01:11, 64.44it/s]
 21%|██        | 1222/5794 [00:18<01:10, 64.84it/s]
 21%|██        | 1229/5794 [00:18<01:10, 64.99it/s]
 21%|██▏       | 1236/5794 [00:18<01:10, 64.91it/s]
 21%|██▏       | 1243/5794 [00:18<01:10, 65.01it/s]
 22%|██▏       | 1250/5794 [00:18<01:09, 65.14it/s]
 22%|██▏       | 1257/5794 [00:18<01:09, 65.39it/s]
 22%|██▏       | 1264/5794 [00:19<01:09, 65.19it/s]
 22%|██▏       | 1271/5794 [00:19<01:09, 65.45it/s]
 22%|██▏       | 1278/5794 [00:19<01:09, 65.24it/s]
 22%|██▏       | 1285/5794 [00:19<01:08, 65.49it/s]
 22%|██▏       | 1292/5794 [00:19<01:08, 65.50it/s]
 22%|██▏       | 1299/5794 [00:19<01:08, 65.52it/s]
 23%|██▎       | 1306/5794 [00:19<01:08, 65.77it/s]
 23%|██▎       | 1313/5794 [00:19<01:08, 65.73it/s]
 23%|██▎       | 1320/5794 [00:19<01:08, 65.73it/s]
 23%|██▎       | 1327/5794 [00:20<01:07, 65.72it/s]
 23%|██▎       | 1334/5794 [00:20<01:07, 65.89it/s]
 23%|██▎       | 1341/5794 [00:20<01:07, 65.92it/s]
 23%|██▎       | 1348/5794 [00:20<01:07, 65.69it/s]
 23%|██▎       | 1355/5794 [00:20<01:07, 65.71it/s]
 24%|██▎       | 1362/5794 [00:20<01:07, 65.59it/s]
 24%|██▎       | 1369/5794 [00:20<01:07, 65.75it/s]
 24%|██▎       | 1376/5794 [00:20<01:07, 65.65it/s]
 24%|██▍       | 1383/5794 [00:20<01:07, 65.62it/s]
 24%|██▍       | 1390/5794 [00:20<01:07, 65.69it/s]
 24%|██▍       | 1397/5794 [00:21<01:07, 64.72it/s]
 24%|██▍       | 1405/5794 [00:21<01:05, 67.09it/s]
 24%|██▍       | 1413/5794 [00:21<01:02, 69.68it/s]
 25%|██▍       | 1421/5794 [00:21<01:00, 71.88it/s]
 25%|██▍       | 1429/5794 [00:21<00:59, 72.80it/s]
 25%|██▍       | 1437/5794 [00:21<00:59, 73.46it/s]
 25%|██▍       | 1445/5794 [00:21<00:57, 75.17it/s]
 25%|██▌       | 1453/5794 [00:21<00:57, 75.11it/s]
 25%|██▌       | 1461/5794 [00:21<00:57, 75.17it/s]
 25%|██▌       | 1469/5794 [00:22<00:57, 75.26it/s]
 25%|██▌       | 1477/5794 [00:22<00:57, 74.55it/s]
 26%|██▌       | 1485/5794 [00:22<00:57, 75.59it/s]
 26%|██▌       | 1493/5794 [00:22<00:57, 75.18it/s]
 26%|██▌       | 1501/5794 [00:22<00:57, 75.08it/s]
 26%|██▌       | 1509/5794 [00:22<00:58, 73.02it/s]
 26%|██▌       | 1517/5794 [00:22<01:00, 70.16it/s]
 26%|██▋       | 1525/5794 [00:22<01:02, 68.24it/s]
 26%|██▋       | 1532/5794 [00:22<01:03, 66.73it/s]
 27%|██▋       | 1539/5794 [00:23<01:03, 66.65it/s]
 27%|██▋       | 1546/5794 [00:23<01:03, 66.46it/s]
 27%|██▋       | 1553/5794 [00:23<01:04, 65.82it/s]
 27%|██▋       | 1560/5794 [00:23<01:05, 65.06it/s]
 27%|██▋       | 1567/5794 [00:23<01:04, 65.89it/s]
 27%|██▋       | 1574/5794 [00:23<01:03, 66.06it/s]
 27%|██▋       | 1581/5794 [00:23<01:03, 65.95it/s]
 27%|██▋       | 1588/5794 [00:23<01:03, 65.73it/s]
 28%|██▊       | 1595/5794 [00:23<01:03, 65.83it/s]
 28%|██▊       | 1602/5794 [00:24<01:03, 65.82it/s]
 28%|██▊       | 1609/5794 [00:24<01:03, 65.69it/s]
 28%|██▊       | 1616/5794 [00:24<01:03, 65.73it/s]
 28%|██▊       | 1623/5794 [00:24<01:03, 65.98it/s]
 28%|██▊       | 1630/5794 [00:24<01:02, 66.11it/s]
 28%|██▊       | 1637/5794 [00:24<01:03, 65.94it/s]
 28%|██▊       | 1644/5794 [00:24<01:03, 65.83it/s]
 28%|██▊       | 1651/5794 [00:24<01:02, 65.78it/s]
 29%|██▊       | 1658/5794 [00:24<01:03, 65.57it/s]
 29%|██▊       | 1665/5794 [00:24<01:02, 65.99it/s]
 29%|██▉       | 1672/5794 [00:25<01:02, 65.91it/s]
 29%|██▉       | 1679/5794 [00:25<01:02, 65.93it/s]
 29%|██▉       | 1686/5794 [00:25<01:02, 65.79it/s]
 29%|██▉       | 1693/5794 [00:25<01:02, 65.74it/s]
 29%|██▉       | 1700/5794 [00:25<01:02, 65.54it/s]
 29%|██▉       | 1707/5794 [00:25<01:02, 65.49it/s]
 30%|██▉       | 1714/5794 [00:25<01:02, 65.63it/s]
 30%|██▉       | 1721/5794 [00:25<01:02, 65.28it/s]
 30%|██▉       | 1728/5794 [00:26<01:14, 54.90it/s]
 30%|██▉       | 1736/5794 [00:26<01:08, 59.45it/s]
 30%|███       | 1743/5794 [00:26<01:05, 61.45it/s]
 30%|███       | 1750/5794 [00:26<01:04, 62.23it/s]
 30%|███       | 1757/5794 [00:26<01:03, 63.49it/s]
 30%|███       | 1764/5794 [00:26<01:02, 64.00it/s]
 31%|███       | 1771/5794 [00:26<01:02, 64.41it/s]
 31%|███       | 1778/5794 [00:26<01:01, 64.87it/s]
 31%|███       | 1785/5794 [00:26<01:02, 64.54it/s]
 31%|███       | 1792/5794 [00:26<01:01, 64.70it/s]
 31%|███       | 1799/5794 [00:27<01:01, 65.03it/s]
 31%|███       | 1806/5794 [00:27<01:01, 65.21it/s]
 31%|███▏      | 1813/5794 [00:27<01:01, 65.18it/s]
 31%|███▏      | 1820/5794 [00:27<01:01, 64.52it/s]
 32%|███▏      | 1827/5794 [00:27<01:01, 64.50it/s]
 32%|███▏      | 1834/5794 [00:27<01:01, 64.64it/s]
 32%|███▏      | 1841/5794 [00:27<01:01, 64.63it/s]
 32%|███▏      | 1848/5794 [00:27<01:01, 64.01it/s]
 32%|███▏      | 1855/5794 [00:27<01:01, 63.81it/s]
 32%|███▏      | 1862/5794 [00:28<01:01, 63.51it/s]
 32%|███▏      | 1869/5794 [00:28<01:00, 64.50it/s]
 32%|███▏      | 1876/5794 [00:28<01:00, 64.61it/s]
 32%|███▏      | 1883/5794 [00:28<01:01, 64.05it/s]
 33%|███▎      | 1890/5794 [00:28<00:59, 65.27it/s]
 33%|███▎      | 1897/5794 [00:28<00:58, 66.38it/s]
 33%|███▎      | 1905/5794 [00:28<00:56, 69.25it/s]
 33%|███▎      | 1913/5794 [00:28<00:54, 71.08it/s]
 33%|███▎      | 1921/5794 [00:28<00:54, 71.63it/s]
 33%|███▎      | 1929/5794 [00:29<00:54, 70.50it/s]
 33%|███▎      | 1937/5794 [00:29<00:55, 69.37it/s]
 34%|███▎      | 1944/5794 [00:29<00:56, 68.22it/s]
 34%|███▎      | 1951/5794 [00:29<00:57, 66.84it/s]
 34%|███▍      | 1958/5794 [00:29<00:57, 66.83it/s]
 34%|███▍      | 1965/5794 [00:29<00:57, 66.35it/s]
 34%|███▍      | 1972/5794 [00:29<00:57, 66.02it/s]
 34%|███▍      | 1979/5794 [00:29<00:58, 65.75it/s]
 34%|███▍      | 1986/5794 [00:29<00:58, 65.50it/s]
 34%|███▍      | 1993/5794 [00:30<00:58, 64.76it/s]
 35%|███▍      | 2000/5794 [00:30<00:57, 65.85it/s]
 35%|███▍      | 2007/5794 [00:30<00:57, 65.34it/s]
 35%|███▍      | 2014/5794 [00:30<00:57, 65.46it/s]
 35%|███▍      | 2021/5794 [00:30<00:57, 65.42it/s]
 35%|███▌      | 2028/5794 [00:30<00:57, 65.49it/s]
 35%|███▌      | 2035/5794 [00:30<00:57, 65.19it/s]
 35%|███▌      | 2042/5794 [00:30<00:57, 65.43it/s]
 35%|███▌      | 2049/5794 [00:30<00:57, 65.24it/s]
 35%|███▌      | 2056/5794 [00:30<00:57, 65.30it/s]
 36%|███▌      | 2063/5794 [00:31<00:57, 65.15it/s]
 36%|███▌      | 2070/5794 [00:31<00:57, 65.20it/s]
 36%|███▌      | 2077/5794 [00:31<00:57, 64.69it/s]
 36%|███▌      | 2084/5794 [00:31<00:56, 65.82it/s]
 36%|███▌      | 2092/5794 [00:31<00:55, 67.26it/s]
 36%|███▌      | 2100/5794 [00:31<00:53, 69.14it/s]
 36%|███▋      | 2108/5794 [00:31<00:52, 70.27it/s]
 37%|███▋      | 2116/5794 [00:31<00:51, 71.31it/s]
 37%|███▋      | 2124/5794 [00:31<00:51, 71.89it/s]
 37%|███▋      | 2132/5794 [00:32<00:51, 71.17it/s]
 37%|███▋      | 2140/5794 [00:32<00:50, 72.99it/s]
 37%|███▋      | 2148/5794 [00:32<00:49, 73.17it/s]
 37%|███▋      | 2156/5794 [00:32<00:49, 73.09it/s]
 37%|███▋      | 2164/5794 [00:32<00:49, 73.09it/s]
 37%|███▋      | 2172/5794 [00:32<00:49, 72.69it/s]
 38%|███▊      | 2180/5794 [00:32<00:49, 73.11it/s]
 38%|███▊      | 2188/5794 [00:32<00:49, 72.57it/s]
 38%|███▊      | 2196/5794 [00:32<00:49, 72.37it/s]
 38%|███▊      | 2204/5794 [00:33<00:49, 72.75it/s]
 38%|███▊      | 2212/5794 [00:33<00:49, 72.99it/s]
 38%|███▊      | 2220/5794 [00:33<00:49, 72.85it/s]
 38%|███▊      | 2228/5794 [00:33<00:50, 70.78it/s]
 39%|███▊      | 2236/5794 [00:33<00:51, 69.24it/s]
 39%|███▊      | 2243/5794 [00:33<00:51, 68.44it/s]
 39%|███▉      | 2250/5794 [00:33<00:52, 67.84it/s]
 39%|███▉      | 2257/5794 [00:33<00:52, 66.80it/s]
 39%|███▉      | 2264/5794 [00:33<00:53, 66.53it/s]
 39%|███▉      | 2271/5794 [00:34<00:53, 66.20it/s]
 39%|███▉      | 2278/5794 [00:34<00:53, 66.21it/s]
 39%|███▉      | 2285/5794 [00:34<00:53, 66.05it/s]
 40%|███▉      | 2292/5794 [00:34<00:52, 66.88it/s]
 40%|███▉      | 2299/5794 [00:34<00:52, 66.47it/s]
 40%|███▉      | 2306/5794 [00:34<00:52, 66.77it/s]
 40%|███▉      | 2313/5794 [00:34<00:52, 66.39it/s]
 40%|████      | 2320/5794 [00:34<00:52, 66.59it/s]
 40%|████      | 2327/5794 [00:34<00:52, 66.55it/s]
 40%|████      | 2334/5794 [00:34<00:52, 66.47it/s]
 40%|████      | 2341/5794 [00:35<00:52, 66.18it/s]
 41%|████      | 2348/5794 [00:35<00:52, 66.07it/s]
 41%|████      | 2355/5794 [00:35<00:52, 65.83it/s]
 41%|████      | 2362/5794 [00:35<00:52, 65.84it/s]
 41%|████      | 2369/5794 [00:35<00:52, 65.73it/s]
 41%|████      | 2376/5794 [00:35<00:51, 65.79it/s]
 41%|████      | 2383/5794 [00:35<00:51, 65.88it/s]
 41%|████      | 2390/5794 [00:35<00:51, 65.80it/s]
 41%|████▏     | 2397/5794 [00:35<00:51, 65.83it/s]
 41%|████▏     | 2404/5794 [00:36<00:51, 65.61it/s]
 42%|████▏     | 2411/5794 [00:36<00:51, 65.94it/s]
 42%|████▏     | 2418/5794 [00:36<00:51, 65.88it/s]
 42%|████▏     | 2425/5794 [00:36<00:51, 65.58it/s]
 42%|████▏     | 2432/5794 [00:36<00:50, 66.05it/s]
 42%|████▏     | 2439/5794 [00:36<00:50, 65.88it/s]
 42%|████▏     | 2446/5794 [00:36<00:50, 65.93it/s]
 42%|████▏     | 2453/5794 [00:36<00:50, 65.96it/s]
 42%|████▏     | 2460/5794 [00:36<00:50, 65.86it/s]
 43%|████▎     | 2467/5794 [00:37<00:50, 66.11it/s]
 43%|████▎     | 2474/5794 [00:37<00:50, 66.00it/s]
 43%|████▎     | 2481/5794 [00:37<00:50, 65.80it/s]
 43%|████▎     | 2488/5794 [00:37<00:50, 65.97it/s]
 43%|████▎     | 2495/5794 [00:37<00:49, 66.11it/s]
 43%|████▎     | 2502/5794 [00:37<00:49, 66.01it/s]
 43%|████▎     | 2509/5794 [00:37<00:50, 65.42it/s]
 43%|████▎     | 2516/5794 [00:37<00:50, 64.96it/s]
 44%|████▎     | 2523/5794 [00:37<00:50, 64.33it/s]
 44%|████▎     | 2530/5794 [00:37<00:51, 63.00it/s]
 44%|████▍     | 2537/5794 [00:38<00:51, 63.08it/s]
 44%|████▍     | 2544/5794 [00:38<00:51, 63.23it/s]
 44%|████▍     | 2551/5794 [00:38<00:51, 63.39it/s]
 44%|████▍     | 2558/5794 [00:38<00:51, 62.94it/s]
 44%|████▍     | 2565/5794 [00:38<00:50, 63.60it/s]
 44%|████▍     | 2572/5794 [00:38<01:07, 48.09it/s]
 45%|████▍     | 2579/5794 [00:38<01:00, 52.97it/s]
 45%|████▍     | 2586/5794 [00:38<00:56, 56.59it/s]
 45%|████▍     | 2593/5794 [00:39<00:54, 58.53it/s]
 45%|████▍     | 2600/5794 [00:39<00:53, 60.08it/s]
 45%|████▌     | 2608/5794 [00:39<00:49, 63.79it/s]
 45%|████▌     | 2616/5794 [00:39<00:47, 66.50it/s]
 45%|████▌     | 2624/5794 [00:39<00:46, 68.46it/s]
 45%|████▌     | 2632/5794 [00:39<00:45, 70.00it/s]
 46%|████▌     | 2640/5794 [00:39<00:44, 70.97it/s]
 46%|████▌     | 2648/5794 [00:39<00:44, 71.43it/s]
 46%|████▌     | 2656/5794 [00:39<00:44, 70.35it/s]
 46%|████▌     | 2664/5794 [00:40<00:45, 68.19it/s]
 46%|████▌     | 2671/5794 [00:40<00:47, 66.37it/s]
 46%|████▌     | 2678/5794 [00:40<00:46, 66.40it/s]
 46%|████▋     | 2685/5794 [00:40<00:47, 65.61it/s]
 46%|████▋     | 2692/5794 [00:40<00:47, 65.02it/s]
 47%|████▋     | 2699/5794 [00:40<00:47, 64.79it/s]
 47%|████▋     | 2706/5794 [00:40<00:47, 64.63it/s]
 47%|████▋     | 2713/5794 [00:40<00:47, 64.51it/s]
 47%|████▋     | 2720/5794 [00:40<00:47, 64.45it/s]
 47%|████▋     | 2727/5794 [00:41<00:47, 64.30it/s]
 47%|████▋     | 2734/5794 [00:41<00:47, 64.20it/s]
 47%|████▋     | 2741/5794 [00:41<00:47, 64.00it/s]
 47%|████▋     | 2748/5794 [00:41<00:47, 64.01it/s]
 48%|████▊     | 2755/5794 [00:41<00:47, 63.87it/s]
 48%|████▊     | 2762/5794 [00:41<00:47, 63.82it/s]
 48%|████▊     | 2769/5794 [00:41<00:47, 64.03it/s]
 48%|████▊     | 2776/5794 [00:41<00:46, 64.61it/s]
 48%|████▊     | 2783/5794 [00:41<00:46, 64.73it/s]
 48%|████▊     | 2790/5794 [00:42<00:46, 64.83it/s]
 48%|████▊     | 2798/5794 [00:42<00:44, 67.84it/s]
 48%|████▊     | 2806/5794 [00:42<00:42, 69.93it/s]
 49%|████▊     | 2814/5794 [00:42<00:42, 70.76it/s]
 49%|████▊     | 2822/5794 [00:42<00:41, 70.89it/s]
 49%|████▉     | 2830/5794 [00:42<00:40, 72.56it/s]
 49%|████▉     | 2838/5794 [00:42<00:40, 72.76it/s]
 49%|████▉     | 2846/5794 [00:42<00:40, 72.73it/s]
 49%|████▉     | 2854/5794 [00:42<00:40, 72.71it/s]
 49%|████▉     | 2862/5794 [00:43<00:40, 73.06it/s]
 50%|████▉     | 2870/5794 [00:43<00:39, 73.50it/s]
 50%|████▉     | 2878/5794 [00:43<00:39, 73.65it/s]
 50%|████▉     | 2886/5794 [00:43<00:39, 73.84it/s]
 50%|████▉     | 2894/5794 [00:43<00:39, 74.11it/s]
 50%|█████     | 2902/5794 [00:43<00:38, 74.31it/s]
 50%|█████     | 2910/5794 [00:43<00:38, 74.37it/s]
 50%|█████     | 2918/5794 [00:43<00:39, 73.58it/s]
 51%|█████     | 2926/5794 [00:43<00:40, 71.49it/s]
 51%|█████     | 2934/5794 [00:44<00:40, 69.87it/s]
 51%|█████     | 2942/5794 [00:44<00:41, 68.65it/s]
 51%|█████     | 2949/5794 [00:44<00:41, 68.05it/s]
 51%|█████     | 2956/5794 [00:44<00:44, 64.26it/s]
 51%|█████     | 2963/5794 [00:44<00:43, 65.42it/s]
 51%|█████▏    | 2970/5794 [00:44<00:43, 65.44it/s]
 51%|█████▏    | 2977/5794 [00:44<00:43, 65.49it/s]
 52%|█████▏    | 2984/5794 [00:44<00:42, 66.12it/s]
 52%|█████▏    | 2991/5794 [00:44<00:42, 65.81it/s]
 52%|█████▏    | 2998/5794 [00:45<00:42, 66.12it/s]
 52%|█████▏    | 3005/5794 [00:45<00:42, 65.94it/s]
 52%|█████▏    | 3012/5794 [00:45<00:42, 66.17it/s]
 52%|█████▏    | 3019/5794 [00:45<00:42, 65.84it/s]
 52%|█████▏    | 3026/5794 [00:45<00:41, 66.15it/s]
 52%|█████▏    | 3033/5794 [00:45<00:41, 66.01it/s]
 52%|█████▏    | 3040/5794 [00:45<00:41, 66.02it/s]
 53%|█████▎    | 3047/5794 [00:45<00:41, 66.05it/s]
 53%|█████▎    | 3054/5794 [00:45<00:41, 65.75it/s]
 53%|█████▎    | 3061/5794 [00:45<00:41, 66.09it/s]
 53%|█████▎    | 3069/5794 [00:46<00:40, 67.64it/s]
 53%|█████▎    | 3076/5794 [00:46<00:40, 67.84it/s]
 53%|█████▎    | 3083/5794 [00:46<00:40, 67.37it/s]
 53%|█████▎    | 3090/5794 [00:46<00:40, 67.00it/s]
 53%|█████▎    | 3097/5794 [00:46<00:40, 66.73it/s]
 54%|█████▎    | 3104/5794 [00:46<00:40, 66.42it/s]
 54%|█████▎    | 3111/5794 [00:46<00:40, 66.83it/s]
 54%|█████▍    | 3118/5794 [00:46<00:40, 66.65it/s]
 54%|█████▍    | 3125/5794 [00:46<00:40, 66.68it/s]
 54%|█████▍    | 3132/5794 [00:47<00:39, 66.57it/s]
 54%|█████▍    | 3139/5794 [00:47<00:39, 66.42it/s]
 54%|█████▍    | 3146/5794 [00:47<00:39, 66.26it/s]
 54%|█████▍    | 3153/5794 [00:47<00:39, 66.16it/s]
 55%|█████▍    | 3160/5794 [00:47<00:39, 66.91it/s]
 55%|█████▍    | 3167/5794 [00:47<00:39, 66.67it/s]
 55%|█████▍    | 3174/5794 [00:47<00:39, 66.07it/s]
 55%|█████▍    | 3181/5794 [00:47<00:39, 65.58it/s]
 55%|█████▌    | 3188/5794 [00:47<00:39, 65.49it/s]
 55%|█████▌    | 3195/5794 [00:47<00:39, 66.36it/s]
 55%|█████▌    | 3203/5794 [00:48<00:37, 69.43it/s]
 55%|█████▌    | 3211/5794 [00:48<00:37, 69.50it/s]
 56%|█████▌    | 3218/5794 [00:48<00:37, 68.35it/s]
 56%|█████▌    | 3225/5794 [00:48<00:37, 68.64it/s]
 56%|█████▌    | 3232/5794 [00:48<00:37, 67.77it/s]
 56%|█████▌    | 3239/5794 [00:48<00:38, 67.23it/s]
 56%|█████▌    | 3246/5794 [00:48<00:38, 66.88it/s]
 56%|█████▌    | 3253/5794 [00:48<00:38, 66.61it/s]
 56%|█████▋    | 3260/5794 [00:48<00:38, 66.66it/s]
 56%|█████▋    | 3267/5794 [00:49<00:38, 66.47it/s]
 57%|█████▋    | 3274/5794 [00:49<00:37, 66.44it/s]
 57%|█████▋    | 3281/5794 [00:49<00:37, 66.41it/s]
 57%|█████▋    | 3288/5794 [00:49<00:37, 66.31it/s]
 57%|█████▋    | 3295/5794 [00:49<00:37, 65.91it/s]
 57%|█████▋    | 3302/5794 [00:49<00:37, 66.20it/s]
 57%|█████▋    | 3309/5794 [00:49<00:37, 66.33it/s]
 57%|█████▋    | 3316/5794 [00:49<00:37, 66.24it/s]
 57%|█████▋    | 3323/5794 [00:49<00:37, 65.78it/s]
 57%|█████▋    | 3330/5794 [00:49<00:37, 65.95it/s]
 58%|█████▊    | 3337/5794 [00:50<00:37, 65.76it/s]
 58%|█████▊    | 3344/5794 [00:50<00:36, 66.34it/s]
 58%|█████▊    | 3352/5794 [00:50<00:35, 69.17it/s]
 58%|█████▊    | 3360/5794 [00:50<00:34, 71.31it/s]
 58%|█████▊    | 3368/5794 [00:50<00:33, 72.59it/s]
 58%|█████▊    | 3376/5794 [00:50<00:32, 73.83it/s]
 58%|█████▊    | 3384/5794 [00:50<00:33, 72.14it/s]
 59%|█████▊    | 3392/5794 [00:50<00:34, 70.11it/s]
 59%|█████▊    | 3400/5794 [00:50<00:34, 68.89it/s]
 59%|█████▉    | 3407/5794 [00:51<00:35, 67.71it/s]
 59%|█████▉    | 3414/5794 [00:51<00:35, 67.68it/s]
 59%|█████▉    | 3421/5794 [00:51<00:35, 66.88it/s]
 59%|█████▉    | 3428/5794 [00:51<00:35, 66.82it/s]
 59%|█████▉    | 3435/5794 [00:51<00:35, 66.66it/s]
 59%|█████▉    | 3442/5794 [00:51<00:35, 66.56it/s]
 60%|█████▉    | 3449/5794 [00:51<00:35, 66.61it/s]
 60%|█████▉    | 3456/5794 [00:51<00:35, 66.48it/s]
 60%|█████▉    | 3463/5794 [00:51<00:35, 66.27it/s]
 60%|█████▉    | 3470/5794 [00:52<00:35, 66.36it/s]
 60%|██████    | 3477/5794 [00:52<00:34, 66.34it/s]
 60%|██████    | 3484/5794 [00:52<00:34, 66.65it/s]
 60%|██████    | 3491/5794 [00:52<00:34, 66.69it/s]
 60%|██████    | 3498/5794 [00:52<00:34, 66.21it/s]
 60%|██████    | 3505/5794 [00:52<00:34, 66.17it/s]
 61%|██████    | 3512/5794 [00:52<00:34, 65.73it/s]
 61%|██████    | 3519/5794 [00:52<00:34, 66.15it/s]
 61%|██████    | 3526/5794 [00:52<00:34, 65.37it/s]
 61%|██████    | 3533/5794 [00:53<00:34, 65.28it/s]
 61%|██████    | 3540/5794 [00:53<00:34, 65.19it/s]
 61%|██████    | 3547/5794 [00:53<00:34, 64.31it/s]
 61%|██████▏   | 3554/5794 [00:53<00:34, 65.80it/s]
 61%|██████▏   | 3561/5794 [00:53<00:34, 65.19it/s]
 62%|██████▏   | 3568/5794 [00:53<00:33, 66.12it/s]
 62%|██████▏   | 3575/5794 [00:53<00:53, 41.79it/s]
 62%|██████▏   | 3583/5794 [00:53<00:45, 48.48it/s]
 62%|██████▏   | 3590/5794 [00:54<00:42, 52.42it/s]
 62%|██████▏   | 3597/5794 [00:54<00:39, 55.82it/s]
 62%|██████▏   | 3604/5794 [00:54<00:37, 58.51it/s]
 62%|██████▏   | 3611/5794 [00:54<00:36, 60.37it/s]
 62%|██████▏   | 3618/5794 [00:54<00:35, 61.49it/s]
 63%|██████▎   | 3625/5794 [00:54<00:34, 62.92it/s]
 63%|██████▎   | 3632/5794 [00:54<00:33, 63.91it/s]
 63%|██████▎   | 3639/5794 [00:54<00:33, 63.94it/s]
 63%|██████▎   | 3646/5794 [00:54<00:33, 64.41it/s]
 63%|██████▎   | 3653/5794 [00:55<00:33, 64.36it/s]
 63%|██████▎   | 3660/5794 [00:55<00:32, 64.93it/s]
 63%|██████▎   | 3667/5794 [00:55<00:32, 64.62it/s]
 63%|██████▎   | 3674/5794 [00:55<00:32, 65.09it/s]
 64%|██████▎   | 3681/5794 [00:55<00:32, 65.20it/s]
 64%|██████▎   | 3688/5794 [00:55<00:32, 65.23it/s]
 64%|██████▍   | 3695/5794 [00:55<00:32, 65.35it/s]
 64%|██████▍   | 3702/5794 [00:55<00:31, 65.51it/s]
 64%|██████▍   | 3709/5794 [00:55<00:31, 65.52it/s]
 64%|██████▍   | 3716/5794 [00:55<00:31, 65.67it/s]
 64%|██████▍   | 3723/5794 [00:56<00:31, 65.76it/s]
 64%|██████▍   | 3730/5794 [00:56<00:31, 65.77it/s]
 64%|██████▍   | 3737/5794 [00:56<00:31, 65.71it/s]
 65%|██████▍   | 3744/5794 [00:56<00:31, 65.66it/s]
 65%|██████▍   | 3751/5794 [00:56<00:31, 65.69it/s]
 65%|██████▍   | 3758/5794 [00:56<00:30, 65.68it/s]
 65%|██████▍   | 3765/5794 [00:56<00:30, 65.87it/s]
 65%|██████▌   | 3773/5794 [00:56<00:29, 68.74it/s]
 65%|██████▌   | 3781/5794 [00:56<00:28, 70.77it/s]
 65%|██████▌   | 3789/5794 [00:57<00:37, 54.03it/s]
 66%|██████▌   | 3797/5794 [00:57<00:34, 58.53it/s]
 66%|██████▌   | 3804/5794 [00:57<00:33, 60.28it/s]
 66%|██████▌   | 3811/5794 [00:57<00:32, 61.70it/s]
 66%|██████▌   | 3818/5794 [00:57<00:31, 62.71it/s]
 66%|██████▌   | 3825/5794 [00:57<00:31, 63.00it/s]
 66%|██████▌   | 3832/5794 [00:57<00:30, 63.44it/s]
 66%|██████▋   | 3839/5794 [00:57<00:30, 63.35it/s]
 66%|██████▋   | 3846/5794 [00:58<00:30, 64.06it/s]
 66%|██████▋   | 3853/5794 [00:58<00:30, 64.11it/s]
 67%|██████▋   | 3861/5794 [00:58<00:28, 66.82it/s]
 67%|██████▋   | 3869/5794 [00:58<00:27, 69.16it/s]
 67%|██████▋   | 3877/5794 [00:58<00:27, 70.87it/s]
 67%|██████▋   | 3885/5794 [00:58<00:26, 71.90it/s]
 67%|██████▋   | 3893/5794 [00:58<00:26, 72.79it/s]
 67%|██████▋   | 3901/5794 [00:58<00:25, 73.29it/s]
 67%|██████▋   | 3909/5794 [00:58<00:25, 73.24it/s]
 68%|██████▊   | 3917/5794 [00:59<00:25, 74.30it/s]
 68%|██████▊   | 3925/5794 [00:59<00:25, 74.59it/s]
 68%|██████▊   | 3933/5794 [00:59<00:25, 74.40it/s]
 68%|██████▊   | 3941/5794 [00:59<00:24, 74.72it/s]
 68%|██████▊   | 3949/5794 [00:59<00:24, 74.92it/s]
 68%|██████▊   | 3957/5794 [00:59<00:25, 72.35it/s]
 68%|██████▊   | 3965/5794 [00:59<00:26, 70.21it/s]
 69%|██████▊   | 3973/5794 [00:59<00:26, 68.82it/s]
 69%|██████▊   | 3980/5794 [00:59<00:26, 68.12it/s]
 69%|██████▉   | 3987/5794 [01:00<00:26, 67.64it/s]
 69%|██████▉   | 3994/5794 [01:00<00:27, 66.50it/s]
 69%|██████▉   | 4001/5794 [01:00<00:26, 67.02it/s]
 69%|██████▉   | 4008/5794 [01:00<00:26, 66.66it/s]
 69%|██████▉   | 4015/5794 [01:00<00:26, 66.16it/s]
 69%|██████▉   | 4022/5794 [01:00<00:26, 66.04it/s]
 70%|██████▉   | 4029/5794 [01:00<00:26, 65.99it/s]
 70%|██████▉   | 4036/5794 [01:00<00:26, 66.04it/s]
 70%|██████▉   | 4043/5794 [01:00<00:26, 65.49it/s]
 70%|██████▉   | 4050/5794 [01:00<00:26, 65.72it/s]
 70%|███████   | 4057/5794 [01:01<00:26, 65.67it/s]
 70%|███████   | 4064/5794 [01:01<00:26, 65.64it/s]
 70%|███████   | 4071/5794 [01:01<00:26, 65.15it/s]
 70%|███████   | 4078/5794 [01:01<00:26, 64.28it/s]
 71%|███████   | 4085/5794 [01:01<00:26, 64.57it/s]
 71%|███████   | 4092/5794 [01:01<00:26, 64.72it/s]
 71%|███████   | 4099/5794 [01:01<00:26, 64.90it/s]
 71%|███████   | 4106/5794 [01:01<00:25, 65.02it/s]
 71%|███████   | 4113/5794 [01:01<00:25, 64.72it/s]
 71%|███████   | 4120/5794 [01:02<00:25, 65.51it/s]
 71%|███████   | 4127/5794 [01:02<00:25, 64.98it/s]
 71%|███████▏  | 4134/5794 [01:02<00:25, 65.60it/s]
 71%|███████▏  | 4141/5794 [01:02<00:25, 65.45it/s]
 72%|███████▏  | 4148/5794 [01:02<00:25, 65.31it/s]
 72%|███████▏  | 4155/5794 [01:02<00:25, 64.99it/s]
 72%|███████▏  | 4162/5794 [01:02<00:25, 64.78it/s]
 72%|███████▏  | 4169/5794 [01:02<00:25, 64.42it/s]
 72%|███████▏  | 4176/5794 [01:02<00:25, 64.10it/s]
 72%|███████▏  | 4183/5794 [01:03<00:25, 64.18it/s]
 72%|███████▏  | 4190/5794 [01:03<00:24, 64.44it/s]
 72%|███████▏  | 4197/5794 [01:03<00:24, 64.53it/s]
 73%|███████▎  | 4204/5794 [01:03<00:24, 64.39it/s]
 73%|███████▎  | 4211/5794 [01:03<00:24, 64.87it/s]
 73%|███████▎  | 4218/5794 [01:03<00:24, 65.04it/s]
 73%|███████▎  | 4225/5794 [01:03<00:24, 65.03it/s]
 73%|███████▎  | 4232/5794 [01:03<00:24, 64.94it/s]
 73%|███████▎  | 4239/5794 [01:03<00:23, 65.14it/s]
 73%|███████▎  | 4246/5794 [01:03<00:24, 64.49it/s]
 73%|███████▎  | 4253/5794 [01:04<00:23, 65.34it/s]
 74%|███████▎  | 4260/5794 [01:04<00:23, 65.22it/s]
 74%|███████▎  | 4267/5794 [01:04<00:23, 65.14it/s]
 74%|███████▍  | 4274/5794 [01:04<00:23, 65.36it/s]
 74%|███████▍  | 4281/5794 [01:04<00:23, 65.13it/s]
 74%|███████▍  | 4288/5794 [01:04<00:23, 65.45it/s]
 74%|███████▍  | 4295/5794 [01:04<00:22, 65.85it/s]
 74%|███████▍  | 4302/5794 [01:04<00:22, 65.99it/s]
 74%|███████▍  | 4309/5794 [01:04<00:22, 65.84it/s]
 74%|███████▍  | 4316/5794 [01:05<00:22, 65.48it/s]
 75%|███████▍  | 4323/5794 [01:05<00:22, 66.04it/s]
 75%|███████▍  | 4330/5794 [01:05<00:22, 65.99it/s]
 75%|███████▍  | 4337/5794 [01:05<00:22, 66.08it/s]
 75%|███████▍  | 4344/5794 [01:05<00:21, 65.94it/s]
 75%|███████▌  | 4351/5794 [01:05<00:21, 65.92it/s]
 75%|███████▌  | 4358/5794 [01:05<00:21, 65.92it/s]
 75%|███████▌  | 4365/5794 [01:05<00:21, 65.94it/s]
 75%|███████▌  | 4372/5794 [01:05<00:21, 65.57it/s]
 76%|███████▌  | 4379/5794 [01:06<00:21, 65.96it/s]
 76%|███████▌  | 4386/5794 [01:06<00:21, 66.31it/s]
 76%|███████▌  | 4394/5794 [01:06<00:20, 67.84it/s]
 76%|███████▌  | 4402/5794 [01:06<00:20, 68.80it/s]
 76%|███████▌  | 4410/5794 [01:06<00:20, 69.19it/s]
 76%|███████▌  | 4417/5794 [01:06<00:20, 68.52it/s]
 76%|███████▋  | 4424/5794 [01:06<00:20, 68.08it/s]
 76%|███████▋  | 4431/5794 [01:06<00:20, 66.87it/s]
 77%|███████▋  | 4439/5794 [01:06<00:19, 68.55it/s]
 77%|███████▋  | 4446/5794 [01:06<00:19, 68.63it/s]
 77%|███████▋  | 4453/5794 [01:07<00:19, 67.38it/s]
 77%|███████▋  | 4460/5794 [01:07<00:19, 67.22it/s]
 77%|███████▋  | 4467/5794 [01:07<00:20, 66.07it/s]
 77%|███████▋  | 4475/5794 [01:07<00:19, 69.39it/s]
 77%|███████▋  | 4483/5794 [01:07<00:18, 71.12it/s]
 78%|███████▊  | 4491/5794 [01:07<00:18, 71.95it/s]
 78%|███████▊  | 4499/5794 [01:07<00:17, 71.98it/s]
 78%|███████▊  | 4507/5794 [01:07<00:17, 71.94it/s]
 78%|███████▊  | 4515/5794 [01:07<00:17, 71.81it/s]
 78%|███████▊  | 4523/5794 [01:08<00:17, 71.91it/s]
 78%|███████▊  | 4531/5794 [01:08<00:17, 71.83it/s]
 78%|███████▊  | 4539/5794 [01:08<00:17, 71.51it/s]
 78%|███████▊  | 4547/5794 [01:08<00:17, 71.59it/s]
 79%|███████▊  | 4555/5794 [01:08<00:17, 71.62it/s]
 79%|███████▉  | 4563/5794 [01:08<00:17, 71.37it/s]
 79%|███████▉  | 4571/5794 [01:08<00:17, 71.56it/s]
 79%|███████▉  | 4579/5794 [01:08<00:17, 70.69it/s]
 79%|███████▉  | 4587/5794 [01:08<00:17, 71.00it/s]
 79%|███████▉  | 4595/5794 [01:09<00:16, 71.14it/s]
 79%|███████▉  | 4603/5794 [01:09<00:16, 70.90it/s]
 80%|███████▉  | 4611/5794 [01:09<00:16, 71.59it/s]
 80%|███████▉  | 4619/5794 [01:09<00:16, 71.61it/s]
 80%|███████▉  | 4627/5794 [01:09<00:16, 71.71it/s]
 80%|███████▉  | 4635/5794 [01:09<00:16, 71.75it/s]
 80%|████████  | 4643/5794 [01:09<00:16, 71.83it/s]
 80%|████████  | 4651/5794 [01:09<00:15, 72.03it/s]
 80%|████████  | 4659/5794 [01:09<00:15, 72.09it/s]
 81%|████████  | 4667/5794 [01:10<00:15, 72.06it/s]
 81%|████████  | 4675/5794 [01:10<00:15, 71.47it/s]
 81%|████████  | 4683/5794 [01:10<00:15, 71.27it/s]
 81%|████████  | 4691/5794 [01:10<00:15, 72.62it/s]
 81%|████████  | 4699/5794 [01:10<00:15, 72.82it/s]
 81%|████████  | 4707/5794 [01:10<00:14, 72.71it/s]
 81%|████████▏ | 4715/5794 [01:10<00:14, 72.67it/s]
 82%|████████▏ | 4723/5794 [01:10<00:14, 72.09it/s]
 82%|████████▏ | 4731/5794 [01:10<00:14, 72.45it/s]
 82%|████████▏ | 4739/5794 [01:11<00:14, 72.30it/s]
 82%|████████▏ | 4747/5794 [01:11<00:14, 71.76it/s]
 82%|████████▏ | 4755/5794 [01:11<00:14, 70.85it/s]
 82%|████████▏ | 4763/5794 [01:11<00:14, 68.87it/s]
 82%|████████▏ | 4770/5794 [01:11<00:15, 67.48it/s]
 82%|████████▏ | 4777/5794 [01:11<00:15, 66.69it/s]
 83%|████████▎ | 4784/5794 [01:11<00:15, 65.80it/s]
 83%|████████▎ | 4791/5794 [01:11<00:15, 65.89it/s]
 83%|████████▎ | 4798/5794 [01:11<00:15, 66.05it/s]
 83%|████████▎ | 4805/5794 [01:12<00:15, 65.42it/s]
 83%|████████▎ | 4812/5794 [01:12<00:15, 65.25it/s]
 83%|████████▎ | 4819/5794 [01:12<00:15, 64.43it/s]
 83%|████████▎ | 4826/5794 [01:12<00:14, 64.93it/s]
 83%|████████▎ | 4833/5794 [01:12<00:14, 64.93it/s]
 84%|████████▎ | 4840/5794 [01:12<00:14, 64.75it/s]
 84%|████████▎ | 4847/5794 [01:12<00:14, 64.91it/s]
 84%|████████▍ | 4854/5794 [01:12<00:14, 64.39it/s]
 84%|████████▍ | 4861/5794 [01:13<00:20, 46.55it/s]
 84%|████████▍ | 4868/5794 [01:13<00:17, 51.68it/s]
 84%|████████▍ | 4875/5794 [01:13<00:16, 55.29it/s]
 84%|████████▍ | 4882/5794 [01:13<00:15, 57.73it/s]
 84%|████████▍ | 4889/5794 [01:13<00:15, 60.00it/s]
 85%|████████▍ | 4896/5794 [01:13<00:14, 61.96it/s]
 85%|████████▍ | 4903/5794 [01:13<00:14, 62.70it/s]
 85%|████████▍ | 4910/5794 [01:13<00:13, 64.02it/s]
 85%|████████▍ | 4917/5794 [01:13<00:13, 64.62it/s]
 85%|████████▍ | 4924/5794 [01:14<00:13, 65.00it/s]
 85%|████████▌ | 4931/5794 [01:14<00:13, 65.09it/s]
 85%|████████▌ | 4938/5794 [01:14<00:13, 64.95it/s]
 85%|████████▌ | 4945/5794 [01:14<00:12, 65.36it/s]
 85%|████████▌ | 4952/5794 [01:14<00:12, 65.32it/s]
 86%|████████▌ | 4959/5794 [01:14<00:12, 65.19it/s]
 86%|████████▌ | 4966/5794 [01:14<00:12, 64.59it/s]
 86%|████████▌ | 4973/5794 [01:14<00:12, 64.66it/s]
 86%|████████▌ | 4980/5794 [01:14<00:12, 65.00it/s]
 86%|████████▌ | 4987/5794 [01:15<00:12, 64.89it/s]
 86%|████████▌ | 4994/5794 [01:15<00:12, 65.14it/s]
 86%|████████▋ | 5001/5794 [01:15<00:12, 64.97it/s]
 86%|████████▋ | 5008/5794 [01:15<00:12, 64.81it/s]
 87%|████████▋ | 5015/5794 [01:23<04:48,  2.70it/s]
 87%|████████▋ | 5022/5794 [01:23<03:23,  3.80it/s]
 87%|████████▋ | 5029/5794 [01:23<02:24,  5.29it/s]
 87%|████████▋ | 5036/5794 [01:24<01:43,  7.30it/s]
 87%|████████▋ | 5043/5794 [01:24<01:15,  9.96it/s]
 87%|████████▋ | 5050/5794 [01:24<00:55, 13.34it/s]
 87%|████████▋ | 5057/5794 [01:24<00:42, 17.53it/s]
 87%|████████▋ | 5064/5794 [01:24<00:32, 22.44it/s]
 88%|████████▊ | 5071/5794 [01:24<00:25, 27.91it/s]
 88%|████████▊ | 5078/5794 [01:24<00:21, 33.72it/s]
 88%|████████▊ | 5085/5794 [01:24<00:18, 39.33it/s]
 88%|████████▊ | 5092/5794 [01:24<00:15, 44.01it/s]
 88%|████████▊ | 5099/5794 [01:25<00:14, 48.81it/s]
 88%|████████▊ | 5106/5794 [01:25<00:13, 52.76it/s]
 88%|████████▊ | 5113/5794 [01:25<00:12, 55.66it/s]
 88%|████████▊ | 5120/5794 [01:25<00:11, 58.06it/s]
 88%|████████▊ | 5127/5794 [01:25<00:11, 59.90it/s]
 89%|████████▊ | 5134/5794 [01:25<00:10, 61.33it/s]
 89%|████████▊ | 5141/5794 [01:25<00:10, 62.20it/s]
 89%|████████▉ | 5148/5794 [01:25<00:10, 62.68it/s]
 89%|████████▉ | 5155/5794 [01:25<00:10, 62.96it/s]
 89%|████████▉ | 5162/5794 [01:25<00:09, 64.00it/s]
 89%|████████▉ | 5169/5794 [01:26<00:09, 63.35it/s]
 89%|████████▉ | 5176/5794 [01:26<00:09, 64.22it/s]
 89%|████████▉ | 5183/5794 [01:26<00:09, 64.11it/s]
 90%|████████▉ | 5190/5794 [01:26<00:09, 64.82it/s]
 90%|████████▉ | 5197/5794 [01:26<00:09, 64.78it/s]
 90%|████████▉ | 5204/5794 [01:26<00:09, 64.97it/s]
 90%|████████▉ | 5211/5794 [01:26<00:08, 64.96it/s]
 90%|█████████ | 5218/5794 [01:26<00:08, 64.80it/s]
 90%|█████████ | 5225/5794 [01:26<00:08, 64.54it/s]
 90%|█████████ | 5232/5794 [01:27<00:08, 64.47it/s]
 90%|█████████ | 5239/5794 [01:27<00:08, 64.12it/s]
 91%|█████████ | 5246/5794 [01:27<00:08, 64.49it/s]
 91%|█████████ | 5253/5794 [01:27<00:08, 64.33it/s]
 91%|█████████ | 5260/5794 [01:27<00:08, 64.48it/s]
 91%|█████████ | 5267/5794 [01:27<00:08, 65.30it/s]
 91%|█████████ | 5274/5794 [01:27<00:08, 64.91it/s]
 91%|█████████ | 5281/5794 [01:27<00:07, 64.52it/s]
 91%|█████████▏| 5288/5794 [01:27<00:07, 64.10it/s]
 91%|█████████▏| 5295/5794 [01:28<00:07, 64.33it/s]
 92%|█████████▏| 5302/5794 [01:28<00:07, 63.83it/s]
 92%|█████████▏| 5309/5794 [01:28<00:07, 64.00it/s]
 92%|█████████▏| 5316/5794 [01:28<00:07, 64.76it/s]
 92%|█████████▏| 5323/5794 [01:28<00:07, 66.23it/s]
 92%|█████████▏| 5331/5794 [01:28<00:06, 69.11it/s]
 92%|█████████▏| 5339/5794 [01:28<00:06, 70.21it/s]
 92%|█████████▏| 5347/5794 [01:28<00:06, 68.87it/s]
 92%|█████████▏| 5354/5794 [01:28<00:06, 67.98it/s]
 93%|█████████▎| 5361/5794 [01:29<00:06, 66.93it/s]
 93%|█████████▎| 5368/5794 [01:29<00:06, 66.37it/s]
 93%|█████████▎| 5375/5794 [01:29<00:06, 65.90it/s]
 93%|█████████▎| 5382/5794 [01:29<00:06, 65.94it/s]
 93%|█████████▎| 5389/5794 [01:29<00:06, 65.85it/s]
 93%|█████████▎| 5396/5794 [01:29<00:06, 65.27it/s]
 93%|█████████▎| 5403/5794 [01:29<00:05, 65.39it/s]
 93%|█████████▎| 5410/5794 [01:29<00:05, 64.96it/s]
 93%|█████████▎| 5417/5794 [01:29<00:05, 64.65it/s]
 94%|█████████▎| 5424/5794 [01:29<00:05, 65.15it/s]
 94%|█████████▎| 5431/5794 [01:30<00:05, 65.05it/s]
 94%|█████████▍| 5438/5794 [01:30<00:05, 64.99it/s]
 94%|█████████▍| 5445/5794 [01:30<00:05, 65.05it/s]
 94%|█████████▍| 5452/5794 [01:30<00:05, 64.90it/s]
 94%|█████████▍| 5459/5794 [01:30<00:05, 64.56it/s]
 94%|█████████▍| 5466/5794 [01:30<00:05, 65.11it/s]
 94%|█████████▍| 5473/5794 [01:30<00:04, 64.83it/s]
 95%|█████████▍| 5480/5794 [01:30<00:04, 64.94it/s]
 95%|█████████▍| 5487/5794 [01:30<00:04, 64.77it/s]
 95%|█████████▍| 5494/5794 [01:31<00:04, 64.89it/s]
 95%|█████████▍| 5501/5794 [01:31<00:04, 65.35it/s]
 95%|█████████▌| 5508/5794 [01:31<00:04, 64.53it/s]
 95%|█████████▌| 5515/5794 [01:31<00:04, 64.61it/s]
 95%|█████████▌| 5522/5794 [01:31<00:04, 65.13it/s]
 95%|█████████▌| 5529/5794 [01:31<00:04, 65.29it/s]
 96%|█████████▌| 5536/5794 [01:31<00:03, 65.54it/s]
 96%|█████████▌| 5543/5794 [01:31<00:03, 65.23it/s]
 96%|█████████▌| 5550/5794 [01:31<00:03, 65.27it/s]
 96%|█████████▌| 5557/5794 [01:32<00:03, 65.14it/s]
 96%|█████████▌| 5564/5794 [01:32<00:03, 65.72it/s]
 96%|█████████▌| 5571/5794 [01:32<00:03, 65.73it/s]
 96%|█████████▋| 5578/5794 [01:32<00:03, 65.51it/s]
 96%|█████████▋| 5585/5794 [01:32<00:03, 65.48it/s]
 97%|█████████▋| 5592/5794 [01:32<00:03, 65.47it/s]
 97%|█████████▋| 5599/5794 [01:32<00:02, 65.77it/s]
 97%|█████████▋| 5606/5794 [01:32<00:02, 65.36it/s]
 97%|█████████▋| 5613/5794 [01:32<00:02, 64.82it/s]
 97%|█████████▋| 5620/5794 [01:32<00:02, 64.56it/s]
 97%|█████████▋| 5627/5794 [01:33<00:02, 64.89it/s]
 97%|█████████▋| 5634/5794 [01:33<00:02, 65.02it/s]
 97%|█████████▋| 5641/5794 [01:33<00:02, 64.63it/s]
 97%|█████████▋| 5648/5794 [01:33<00:02, 64.84it/s]
 98%|█████████▊| 5655/5794 [01:33<00:02, 65.14it/s]
 98%|█████████▊| 5662/5794 [01:33<00:02, 65.39it/s]
 98%|█████████▊| 5669/5794 [01:33<00:01, 65.07it/s]
 98%|█████████▊| 5676/5794 [01:33<00:01, 65.32it/s]
 98%|█████████▊| 5683/5794 [01:33<00:01, 65.56it/s]
 98%|█████████▊| 5690/5794 [01:34<00:01, 65.75it/s]
 98%|█████████▊| 5697/5794 [01:34<00:01, 65.66it/s]
 98%|█████████▊| 5704/5794 [01:34<00:01, 65.85it/s]
 99%|█████████▊| 5711/5794 [01:34<00:01, 65.32it/s]
 99%|█████████▊| 5718/5794 [01:34<00:01, 65.52it/s]
 99%|█████████▉| 5725/5794 [01:34<00:01, 65.86it/s]
 99%|█████████▉| 5732/5794 [01:34<00:00, 65.28it/s]
 99%|█████████▉| 5739/5794 [01:34<00:00, 66.13it/s]
 99%|█████████▉| 5746/5794 [01:34<00:00, 65.98it/s]
 99%|█████████▉| 5753/5794 [01:35<00:00, 65.92it/s]
 99%|█████████▉| 5760/5794 [01:35<00:00, 65.77it/s]
100%|█████████▉| 5767/5794 [01:35<00:00, 65.55it/s]
100%|█████████▉| 5774/5794 [01:35<00:00, 66.01it/s]
100%|█████████▉| 5781/5794 [01:35<00:00, 66.04it/s]
100%|█████████▉| 5788/5794 [01:35<00:00, 66.69it/s]
100%|██████████| 5794/5794 [01:35<00:00, 60.54it/s]
BALANCED ACCS CHECKED FOR TEST
TEST SET RESULTS FOR CHECKPOINT trained_weights/waterbirds/rrr_waterbird_1.0_forest2water2_21048936_trial_000/best_balanced_valacc_0.57_epoch_0.ckpt
test_acc: 0.6791508457024508
balanced_test_acc: 0.5590903910313529
Land_on_Land_test_acc: 0.9964523281596452
Land_on_Water_test_acc: 0.5529933481152993
Water_on_Land_test_acc: 0.018691588785046728
Water_on_Water_test_acc: 0.6682242990654206
test_acc_Waterbird: 0.34345794392523366
test_acc_Landbird: 0.7747228381374723
